Using device: cuda:0

#######################################################################
Please cite the following paper when using nnU-Net:
Isensee, F., Jaeger, P. F., Kohl, S. A., Petersen, J., & Maier-Hein, K. H. (2021). nnU-Net: a self-configuring method for deep learning-based biomedical image segmentation. Nature methods, 18(2), 203-211.
#######################################################################

2026-01-02 23:14:07.224646: Using torch.compile...
2026-01-02 23:14:12.981514: do_dummy_2d_data_aug: False
2026-01-02 23:14:12.985561: Using splits from existing split file: /hpf/projects/jquon/sumin/nnUNet_data/nnUNet_preprocessed/Dataset033_AVM_T1+C/splits_final.json
2026-01-02 23:14:12.988551: The split file contains 11 splits.
2026-01-02 23:14:12.990158: Desired fold for training: 4
2026-01-02 23:14:12.991608: This split has 470 training and 42 validation cases.
using pin_memory on device 0
using pin_memory on device 0

This is the configuration used by this training:
Configuration name: 3d_fullres
 {'data_identifier': 'nnUNetPlans_3d_fullres', 'preprocessor_name': 'DefaultPreprocessor', 'batch_size': 2, 'patch_size': [160, 224, 192], 'median_image_size_in_voxels': [344.0, 448.0, 429.0], 'spacing': [0.500000923871994, 0.4910714328289032, 0.4910714328289032], 'normalization_schemes': ['ZScoreNormalization'], 'use_mask_for_norm': [False], 'resampling_fn_data': 'resample_data_or_seg_to_shape', 'resampling_fn_seg': 'resample_data_or_seg_to_shape', 'resampling_fn_data_kwargs': {'is_seg': False, 'order': 3, 'order_z': 0, 'force_separate_z': None}, 'resampling_fn_seg_kwargs': {'is_seg': True, 'order': 1, 'order_z': 0, 'force_separate_z': None}, 'resampling_fn_probabilities': 'resample_data_or_seg_to_shape', 'resampling_fn_probabilities_kwargs': {'is_seg': False, 'order': 1, 'order_z': 0, 'force_separate_z': None}, 'architecture': {'network_class_name': 'dynamic_network_architectures.architectures.unet.ResidualEncoderUNet', 'arch_kwargs': {'n_stages': 6, 'features_per_stage': [32, 64, 128, 256, 320, 320], 'conv_op': 'torch.nn.modules.conv.Conv3d', 'kernel_sizes': [[3, 3, 3], [3, 3, 3], [3, 3, 3], [3, 3, 3], [3, 3, 3], [3, 3, 3]], 'strides': [[1, 1, 1], [2, 2, 2], [2, 2, 2], [2, 2, 2], [2, 2, 2], [2, 2, 2]], 'n_blocks_per_stage': [1, 3, 4, 6, 6, 6], 'n_conv_per_stage_decoder': [1, 1, 1, 1, 1], 'conv_bias': True, 'norm_op': 'torch.nn.modules.instancenorm.InstanceNorm3d', 'norm_op_kwargs': {'eps': 1e-05, 'affine': True}, 'dropout_op': None, 'dropout_op_kwargs': None, 'nonlin': 'torch.nn.LeakyReLU', 'nonlin_kwargs': {'inplace': True}}, '_kw_requires_import': ['conv_op', 'norm_op', 'dropout_op', 'nonlin']}, 'batch_dice': True} 

These are the global plan.json settings:
 {'dataset_name': 'Dataset033_AVM_T1+C', 'plans_name': 'nnUNetResEncUNetLPlans', 'original_median_spacing_after_transp': [0.500000923871994, 0.4910714328289032, 0.4910714328289032], 'original_median_shape_after_transp': [330, 448, 424], 'image_reader_writer': 'SimpleITKIO', 'transpose_forward': [0, 1, 2], 'transpose_backward': [0, 1, 2], 'experiment_planner_used': 'nnUNetPlannerResEncL', 'label_manager': 'LabelManager', 'foreground_intensity_properties_per_channel': {'0': {'max': 12113.0, 'mean': 449.843505859375, 'median': 311.0, 'min': 0.0, 'percentile_00_5': 34.0, 'percentile_99_5': 3202.0, 'std': 471.56329345703125}}} 

2026-01-02 23:14:15.168184: Unable to plot network architecture: nnUNet_compile is enabled!
2026-01-02 23:14:15.186465: 
2026-01-02 23:14:15.188708: Epoch 0
2026-01-02 23:14:15.190892: Current learning rate: 0.01
2026-01-02 23:15:22.877142: train_loss 1.675
2026-01-02 23:15:22.891986: val_loss 16.4983
2026-01-02 23:15:22.894350: val classification accuracy 0.5476
2026-01-02 23:15:22.896464: val auc 0.542
2026-01-02 23:15:22.898505: Epoch time: 67.69 s
2026-01-02 23:15:22.900346: Yayy! New best EMA pseudo Dice: 0.542
2026-01-02 23:15:23.608202: Yayy! New best classification accuracy: 0.5476
2026-01-02 23:15:25.067542: 
2026-01-02 23:15:25.069968: Epoch 1
2026-01-02 23:15:25.071705: Current learning rate: 0.00997
2026-01-02 23:16:02.707618: train_loss 3.3114
2026-01-02 23:16:02.710725: val_loss 64.5202
2026-01-02 23:16:02.713477: val classification accuracy 0.4286
2026-01-02 23:16:02.721078: val auc 0.3617
2026-01-02 23:16:02.724184: Epoch time: 37.64 s
2026-01-02 23:16:03.491729: 
2026-01-02 23:16:03.494617: Epoch 2
2026-01-02 23:16:03.496864: Current learning rate: 0.00994
2026-01-02 23:16:45.334975: train_loss 1.2126
2026-01-02 23:16:45.338931: val_loss 11.9748
2026-01-02 23:16:45.341187: val classification accuracy 0.3095
2026-01-02 23:16:45.343239: val auc 0.2914
2026-01-02 23:16:45.345280: Epoch time: 41.84 s
2026-01-02 23:16:46.112187: 
2026-01-02 23:16:46.114566: Epoch 3
2026-01-02 23:16:46.116151: Current learning rate: 0.00991
2026-01-02 23:17:26.771756: train_loss 0.8194
2026-01-02 23:17:26.774642: val_loss 1.1702
2026-01-02 23:17:26.776624: val classification accuracy 0.4524
2026-01-02 23:17:26.778548: val auc 0.5782
2026-01-02 23:17:26.780300: Epoch time: 40.66 s
2026-01-02 23:17:26.781974: Yayy! New best EMA pseudo Dice: 0.5782
2026-01-02 23:17:28.252307: 
2026-01-02 23:17:28.255327: Epoch 4
2026-01-02 23:17:28.257188: Current learning rate: 0.00988
2026-01-02 23:18:06.836483: train_loss 0.7212
2026-01-02 23:18:06.846824: val_loss 1.5984
2026-01-02 23:18:06.849999: val classification accuracy 0.4762
2026-01-02 23:18:06.852195: val auc 0.4762
2026-01-02 23:18:06.854004: Epoch time: 38.59 s
2026-01-02 23:18:07.617914: 
2026-01-02 23:18:07.620122: Epoch 5
2026-01-02 23:18:07.621804: Current learning rate: 0.00985
2026-01-02 23:18:46.535657: train_loss 0.7205
2026-01-02 23:18:46.538886: val_loss 0.6309
2026-01-02 23:18:46.541089: val classification accuracy 0.5952
2026-01-02 23:18:46.543187: val auc 0.7029
2026-01-02 23:18:46.545332: Epoch time: 38.92 s
2026-01-02 23:18:46.547091: Yayy! New best EMA pseudo Dice: 0.7029
2026-01-02 23:18:47.210736: Yayy! New best classification accuracy: 0.5952
2026-01-02 23:18:48.634176: 
2026-01-02 23:18:48.636998: Epoch 6
2026-01-02 23:18:48.638707: Current learning rate: 0.00982
2026-01-02 23:19:25.671864: train_loss 0.6997
2026-01-02 23:19:25.675988: val_loss 2.5497
2026-01-02 23:19:25.678366: val classification accuracy 0.2619
2026-01-02 23:19:25.680480: val auc 0.3288
2026-01-02 23:19:25.682748: Epoch time: 37.04 s
2026-01-02 23:19:26.412558: 
2026-01-02 23:19:26.417905: Epoch 7
2026-01-02 23:19:26.419962: Current learning rate: 0.00979
2026-01-02 23:20:05.349936: train_loss 0.6655
2026-01-02 23:20:05.353451: val_loss 1.1174
2026-01-02 23:20:05.355916: val classification accuracy 0.5952
2026-01-02 23:20:05.358165: val auc 0.585
2026-01-02 23:20:05.383477: Epoch time: 38.94 s
2026-01-02 23:20:06.124666: 
2026-01-02 23:20:06.127005: Epoch 8
2026-01-02 23:20:06.128632: Current learning rate: 0.00976
2026-01-02 23:20:42.658418: WARNING: NaNs or Infs in validation probabilities at epoch 8. Sanitizing with nan_to_num before metrics.
2026-01-02 23:20:42.679807: train_loss 0.6919
2026-01-02 23:20:42.682532: val_loss nan
2026-01-02 23:20:42.684685: val classification accuracy 0.4762
2026-01-02 23:20:42.686645: val auc 0.4535
2026-01-02 23:20:42.688596: Epoch time: 36.56 s
2026-01-02 23:20:43.408961: 
2026-01-02 23:20:43.411232: Epoch 9
2026-01-02 23:20:43.412938: Current learning rate: 0.00973
2026-01-02 23:21:22.919158: train_loss 0.6987
2026-01-02 23:21:22.924270: val_loss 2.5826
2026-01-02 23:21:22.926660: val classification accuracy 0.5476
2026-01-02 23:21:22.928752: val auc 0.5023
2026-01-02 23:21:22.931239: Epoch time: 39.51 s
2026-01-02 23:21:23.707656: 
2026-01-02 23:21:23.710329: Epoch 10
2026-01-02 23:21:23.712794: Current learning rate: 0.0097
2026-01-02 23:22:01.898373: train_loss 0.6756
2026-01-02 23:22:01.905382: val_loss 1.3015
2026-01-02 23:22:01.907742: val classification accuracy 0.5476
2026-01-02 23:22:01.909981: val auc 0.4626
2026-01-02 23:22:01.912146: Epoch time: 38.19 s
2026-01-02 23:22:02.646340: 
2026-01-02 23:22:02.649023: Epoch 11
2026-01-02 23:22:02.651071: Current learning rate: 0.00967
2026-01-02 23:22:44.729667: train_loss 0.6905
2026-01-02 23:22:44.736279: val_loss 0.6378
2026-01-02 23:22:44.739041: val classification accuracy 0.4762
2026-01-02 23:22:44.762673: val auc 0.6224
2026-01-02 23:22:44.765632: Epoch time: 42.08 s
2026-01-02 23:22:45.513339: 
2026-01-02 23:22:45.516922: Epoch 12
2026-01-02 23:22:45.519524: Current learning rate: 0.00964
2026-01-02 23:23:23.520157: train_loss 0.6704
2026-01-02 23:23:23.525057: val_loss 0.6321
2026-01-02 23:23:23.528582: val classification accuracy 0.6429
2026-01-02 23:23:23.531166: val auc 0.6735
2026-01-02 23:23:23.533582: Epoch time: 38.01 s
2026-01-02 23:23:23.535683: Yayy! New best classification accuracy: 0.6429
2026-01-02 23:23:25.027599: 
2026-01-02 23:23:25.030567: Epoch 13
2026-01-02 23:23:25.032645: Current learning rate: 0.00961
2026-01-02 23:24:04.773921: train_loss 0.6649
2026-01-02 23:24:04.778869: val_loss 0.7247
2026-01-02 23:24:04.782101: val classification accuracy 0.5
2026-01-02 23:24:04.784842: val auc 0.6054
2026-01-02 23:24:04.787593: Epoch time: 39.75 s
2026-01-02 23:24:05.526917: 
2026-01-02 23:24:05.530662: Epoch 14
2026-01-02 23:24:05.533121: Current learning rate: 0.00958
2026-01-02 23:24:42.543437: train_loss 0.7032
2026-01-02 23:24:42.560415: val_loss 0.6945
2026-01-02 23:24:42.563176: val classification accuracy 0.5238
2026-01-02 23:24:42.569759: val auc 0.5692
2026-01-02 23:24:42.575938: Epoch time: 37.02 s
2026-01-02 23:24:43.323349: 
2026-01-02 23:24:43.326762: Epoch 15
2026-01-02 23:24:43.329038: Current learning rate: 0.00955
2026-01-02 23:25:25.776291: train_loss 0.6777
2026-01-02 23:25:25.779940: val_loss 1.133
2026-01-02 23:25:25.803829: val classification accuracy 0.619
2026-01-02 23:25:25.806659: val auc 0.6259
2026-01-02 23:25:25.820815: Epoch time: 42.45 s
2026-01-02 23:25:26.612510: 
2026-01-02 23:25:26.615978: Epoch 16
2026-01-02 23:25:26.618460: Current learning rate: 0.00952
2026-01-02 23:26:07.018206: train_loss 0.7031
2026-01-02 23:26:07.023667: val_loss 1.0746
2026-01-02 23:26:07.026199: val classification accuracy 0.5
2026-01-02 23:26:07.028676: val auc 0.5578
2026-01-02 23:26:07.041184: Epoch time: 40.41 s
2026-01-02 23:26:07.761523: 
2026-01-02 23:26:07.764925: Epoch 17
2026-01-02 23:26:07.767318: Current learning rate: 0.00949
2026-01-02 23:26:46.560643: train_loss 0.6774
2026-01-02 23:26:46.564505: val_loss 4.7152
2026-01-02 23:26:46.567362: val classification accuracy 0.5714
2026-01-02 23:26:46.569949: val auc 0.5952
2026-01-02 23:26:46.572606: Epoch time: 38.8 s
2026-01-02 23:26:47.743444: 
2026-01-02 23:26:47.747148: Epoch 18
2026-01-02 23:26:47.749531: Current learning rate: 0.00946
2026-01-02 23:27:26.455971: train_loss 0.661
2026-01-02 23:27:26.460922: val_loss 1.9214
2026-01-02 23:27:26.463732: val classification accuracy 0.4286
2026-01-02 23:27:26.466158: val auc 0.381
2026-01-02 23:27:26.468684: Epoch time: 38.71 s
2026-01-02 23:27:27.202585: 
2026-01-02 23:27:27.205773: Epoch 19
2026-01-02 23:27:27.208017: Current learning rate: 0.00943
2026-01-02 23:28:06.595967: train_loss 0.6832
2026-01-02 23:28:06.607018: val_loss 0.6579
2026-01-02 23:28:06.609931: val classification accuracy 0.5476
2026-01-02 23:28:06.612966: val auc 0.6553
2026-01-02 23:28:06.616022: Epoch time: 39.4 s
2026-01-02 23:28:07.372686: Saved periodic checkpoint /hpf/projects/jquon/sumin/nnUNet_data/nnUNet_results/Dataset033_AVM_T1+C/DenseNetTrainer_ep300_NoMirroring_x2__nnUNetResEncUNetLPlans__3d_fullres/fold_4/checkpoint_every20_best_balacc.pth at epoch 19 with val_balanced_accuracy=0.5476
2026-01-02 23:28:08.167819: Saved periodic checkpoint /hpf/projects/jquon/sumin/nnUNet_data/nnUNet_results/Dataset033_AVM_T1+C/DenseNetTrainer_ep300_NoMirroring_x2__nnUNetResEncUNetLPlans__3d_fullres/fold_4/checkpoint_every20_best_auroc.pth at epoch 19 with val_auc=0.6553
2026-01-02 23:28:08.873197: 
2026-01-02 23:28:08.876286: Epoch 20
2026-01-02 23:28:08.878947: Current learning rate: 0.0094
2026-01-02 23:28:46.356846: train_loss 0.6925
2026-01-02 23:28:46.379434: val_loss 0.9299
2026-01-02 23:28:46.382688: val classification accuracy 0.5238
2026-01-02 23:28:46.385638: val auc 0.5896
2026-01-02 23:28:46.388399: Epoch time: 37.49 s
2026-01-02 23:28:47.115506: 
2026-01-02 23:28:47.118961: Epoch 21
2026-01-02 23:28:47.121351: Current learning rate: 0.00937
2026-01-02 23:29:25.864244: train_loss 0.658
2026-01-02 23:29:25.893935: val_loss 0.8918
2026-01-02 23:29:25.935966: val classification accuracy 0.3571
2026-01-02 23:29:25.944570: val auc 0.3912
2026-01-02 23:29:25.948103: Epoch time: 38.75 s
2026-01-02 23:29:26.695163: 
2026-01-02 23:29:26.698093: Epoch 22
2026-01-02 23:29:26.700331: Current learning rate: 0.00934
2026-01-02 23:30:05.661992: WARNING: NaNs or Infs in validation probabilities at epoch 22. Sanitizing with nan_to_num before metrics.
2026-01-02 23:30:05.682511: train_loss 0.6611
2026-01-02 23:30:05.685865: val_loss nan
2026-01-02 23:30:05.688699: val classification accuracy 0.4524
2026-01-02 23:30:05.691556: val auc 0.3968
2026-01-02 23:30:05.694331: Epoch time: 38.99 s
2026-01-02 23:30:06.982748: 
2026-01-02 23:30:06.986030: Epoch 23
2026-01-02 23:30:06.988360: Current learning rate: 0.00931
2026-01-02 23:30:43.174673: train_loss 0.6485
2026-01-02 23:30:43.178680: val_loss 1.0113
2026-01-02 23:30:43.181302: val classification accuracy 0.4762
2026-01-02 23:30:43.197851: val auc 0.4649
2026-01-02 23:30:43.205507: Epoch time: 36.19 s
2026-01-02 23:30:43.958691: 
2026-01-02 23:30:43.962060: Epoch 24
2026-01-02 23:30:43.964626: Current learning rate: 0.00928
2026-01-02 23:31:20.269910: train_loss 0.6722
2026-01-02 23:31:20.273782: val_loss 0.6413
2026-01-02 23:31:20.276204: val classification accuracy 0.7143
2026-01-02 23:31:20.278640: val auc 0.7075
2026-01-02 23:31:20.281049: Epoch time: 36.31 s
2026-01-02 23:31:20.283407: Yayy! New best EMA pseudo Dice: 0.7075
2026-01-02 23:31:20.982310: Yayy! New best classification accuracy: 0.7143
2026-01-02 23:31:22.449367: 
2026-01-02 23:31:22.452866: Epoch 25
2026-01-02 23:31:22.455216: Current learning rate: 0.00925
2026-01-02 23:31:59.790848: train_loss 0.67
2026-01-02 23:31:59.799396: val_loss 0.8261
2026-01-02 23:31:59.802127: val classification accuracy 0.5
2026-01-02 23:31:59.804966: val auc 0.4512
2026-01-02 23:31:59.807714: Epoch time: 37.34 s
2026-01-02 23:32:00.529594: 
2026-01-02 23:32:00.532908: Epoch 26
2026-01-02 23:32:00.535151: Current learning rate: 0.00922
2026-01-02 23:32:38.075796: train_loss 0.6879
2026-01-02 23:32:38.079656: val_loss 1.1496
2026-01-02 23:32:38.081914: val classification accuracy 0.4524
2026-01-02 23:32:38.084401: val auc 0.4694
2026-01-02 23:32:38.086608: Epoch time: 37.55 s
2026-01-02 23:32:38.842886: 
2026-01-02 23:32:38.845945: Epoch 27
2026-01-02 23:32:38.848284: Current learning rate: 0.00919
2026-01-02 23:33:16.638513: WARNING: NaNs or Infs in validation probabilities at epoch 27. Sanitizing with nan_to_num before metrics.
2026-01-02 23:33:16.654979: train_loss 0.6638
2026-01-02 23:33:16.660049: val_loss nan
2026-01-02 23:33:16.662528: val classification accuracy 0.5476
2026-01-02 23:33:16.665133: val auc 0.4649
2026-01-02 23:33:16.669630: Epoch time: 37.81 s
2026-01-02 23:33:17.430331: 
2026-01-02 23:33:17.433411: Epoch 28
2026-01-02 23:33:17.435696: Current learning rate: 0.00916
2026-01-02 23:33:55.089949: train_loss 0.6751
2026-01-02 23:33:55.100550: val_loss 0.7419
2026-01-02 23:33:55.106844: val classification accuracy 0.5238
2026-01-02 23:33:55.113006: val auc 0.5193
2026-01-02 23:33:55.132324: Epoch time: 37.66 s
2026-01-02 23:33:55.901868: 
2026-01-02 23:33:55.904809: Epoch 29
2026-01-02 23:33:55.907191: Current learning rate: 0.00913
2026-01-02 23:34:35.270348: train_loss 0.6234
2026-01-02 23:34:35.283591: val_loss 2.0155
2026-01-02 23:34:35.289094: val classification accuracy 0.5714
2026-01-02 23:34:35.291851: val auc 0.4694
2026-01-02 23:34:35.294546: Epoch time: 39.37 s
2026-01-02 23:34:36.020883: 
2026-01-02 23:34:36.024425: Epoch 30
2026-01-02 23:34:36.026914: Current learning rate: 0.0091
2026-01-02 23:35:14.720726: train_loss 0.6752
2026-01-02 23:35:14.738242: val_loss 0.8277
2026-01-02 23:35:14.747138: val classification accuracy 0.5476
2026-01-02 23:35:14.749768: val auc 0.7098
2026-01-02 23:35:14.752620: Epoch time: 38.7 s
2026-01-02 23:35:14.754964: Yayy! New best EMA pseudo Dice: 0.7098
2026-01-02 23:35:16.123922: 
2026-01-02 23:35:16.126987: Epoch 31
2026-01-02 23:35:16.129636: Current learning rate: 0.00907
2026-01-02 23:35:55.188380: train_loss 0.6839
2026-01-02 23:35:55.192387: val_loss 0.8029
2026-01-02 23:35:55.195105: val classification accuracy 0.4048
2026-01-02 23:35:55.208025: val auc 0.3991
2026-01-02 23:35:55.211001: Epoch time: 39.07 s
2026-01-02 23:35:56.013798: 
2026-01-02 23:35:56.017151: Epoch 32
2026-01-02 23:35:56.019513: Current learning rate: 0.00903
2026-01-02 23:36:37.080057: train_loss 0.6701
2026-01-02 23:36:37.085641: val_loss 0.8561
2026-01-02 23:36:37.088507: val classification accuracy 0.4762
2026-01-02 23:36:37.091712: val auc 0.4717
2026-01-02 23:36:37.094615: Epoch time: 41.07 s
2026-01-02 23:36:37.825484: 
2026-01-02 23:36:37.828702: Epoch 33
2026-01-02 23:36:37.831208: Current learning rate: 0.009
2026-01-02 23:37:15.980597: train_loss 0.6494
2026-01-02 23:37:15.999777: val_loss 1.1116
2026-01-02 23:37:16.002657: val classification accuracy 0.4286
2026-01-02 23:37:16.005468: val auc 0.3946
2026-01-02 23:37:16.008794: Epoch time: 38.16 s
2026-01-02 23:37:16.736180: 
2026-01-02 23:37:16.739711: Epoch 34
2026-01-02 23:37:16.741990: Current learning rate: 0.00897
2026-01-02 23:37:54.080726: WARNING: NaNs or Infs in validation probabilities at epoch 34. Sanitizing with nan_to_num before metrics.
2026-01-02 23:37:54.097539: train_loss 0.678
2026-01-02 23:37:54.121436: val_loss nan
2026-01-02 23:37:54.124069: val classification accuracy 0.5
2026-01-02 23:37:54.126920: val auc 0.4943
2026-01-02 23:37:54.129715: Epoch time: 37.36 s
2026-01-02 23:37:54.872796: 
2026-01-02 23:37:54.876015: Epoch 35
2026-01-02 23:37:54.878176: Current learning rate: 0.00894
2026-01-02 23:38:31.118288: train_loss 0.6911
2026-01-02 23:38:31.121975: val_loss 0.6823
2026-01-02 23:38:31.124684: val classification accuracy 0.619
2026-01-02 23:38:31.127187: val auc 0.6599
2026-01-02 23:38:31.129695: Epoch time: 36.25 s
2026-01-02 23:38:31.881266: 
2026-01-02 23:38:31.884421: Epoch 36
2026-01-02 23:38:31.886789: Current learning rate: 0.00891
2026-01-02 23:39:11.605669: train_loss 0.6798
2026-01-02 23:39:11.616108: val_loss 0.7024
2026-01-02 23:39:11.618916: val classification accuracy 0.5238
2026-01-02 23:39:11.630864: val auc 0.5601
2026-01-02 23:39:11.633653: Epoch time: 39.73 s
2026-01-02 23:39:12.853034: 
2026-01-02 23:39:12.856662: Epoch 37
2026-01-02 23:39:12.859059: Current learning rate: 0.00888
2026-01-02 23:39:47.114860: train_loss 0.6604
2026-01-02 23:39:47.136787: val_loss 2.8665
2026-01-02 23:39:47.152634: val classification accuracy 0.5
2026-01-02 23:39:47.155649: val auc 0.4218
2026-01-02 23:39:47.158605: Epoch time: 34.26 s
2026-01-02 23:39:47.898588: 
2026-01-02 23:39:47.902335: Epoch 38
2026-01-02 23:39:47.904940: Current learning rate: 0.00885
2026-01-02 23:40:26.590720: train_loss 0.6759
2026-01-02 23:40:26.646262: val_loss 2.0937
2026-01-02 23:40:26.702370: val classification accuracy 0.6667
2026-01-02 23:40:26.720693: val auc 0.6757
2026-01-02 23:40:26.750385: Epoch time: 38.69 s
2026-01-02 23:40:27.478336: 
2026-01-02 23:40:27.481249: Epoch 39
2026-01-02 23:40:27.483670: Current learning rate: 0.00882
2026-01-02 23:41:03.997766: train_loss 0.6634
2026-01-02 23:41:04.005108: val_loss 1.1077
2026-01-02 23:41:04.007731: val classification accuracy 0.4048
2026-01-02 23:41:04.010917: val auc 0.3379
2026-01-02 23:41:04.013444: Epoch time: 36.52 s
2026-01-02 23:41:04.754793: 
2026-01-02 23:41:04.758199: Epoch 40
2026-01-02 23:41:04.760706: Current learning rate: 0.00879
2026-01-02 23:41:42.741162: train_loss 0.6564
2026-01-02 23:41:42.746360: val_loss 2.0464
2026-01-02 23:41:42.749262: val classification accuracy 0.4524
2026-01-02 23:41:42.752085: val auc 0.4354
2026-01-02 23:41:42.755011: Epoch time: 37.99 s
2026-01-02 23:41:43.524213: 
2026-01-02 23:41:43.527339: Epoch 41
2026-01-02 23:41:43.529767: Current learning rate: 0.00876
2026-01-02 23:42:21.615891: train_loss 0.6637
2026-01-02 23:42:21.620247: val_loss 3.6189
2026-01-02 23:42:21.622787: val classification accuracy 0.4762
2026-01-02 23:42:21.625451: val auc 0.4535
2026-01-02 23:42:21.628110: Epoch time: 38.09 s
2026-01-02 23:42:22.930900: 
2026-01-02 23:42:22.934211: Epoch 42
2026-01-02 23:42:22.936388: Current learning rate: 0.00873
2026-01-02 23:43:00.619384: train_loss 0.6627
2026-01-02 23:43:00.626427: val_loss 1.6348
2026-01-02 23:43:00.670461: val classification accuracy 0.381
2026-01-02 23:43:00.694540: val auc 0.4059
2026-01-02 23:43:00.697435: Epoch time: 37.69 s
2026-01-02 23:43:01.411022: 
2026-01-02 23:43:01.414314: Epoch 43
2026-01-02 23:43:01.416897: Current learning rate: 0.0087
2026-01-02 23:43:40.308100: train_loss 0.6531
2026-01-02 23:43:40.311692: val_loss 1.86
2026-01-02 23:43:40.318791: val classification accuracy 0.5
2026-01-02 23:43:40.325698: val auc 0.4626
2026-01-02 23:43:40.329006: Epoch time: 38.9 s
2026-01-02 23:43:41.102963: 
2026-01-02 23:43:41.106173: Epoch 44
2026-01-02 23:43:41.108590: Current learning rate: 0.00867
2026-01-02 23:44:19.890023: train_loss 0.6605
2026-01-02 23:44:19.894538: val_loss 1.4526
2026-01-02 23:44:19.897062: val classification accuracy 0.4286
2026-01-02 23:44:19.899649: val auc 0.4297
2026-01-02 23:44:19.902388: Epoch time: 38.79 s
2026-01-02 23:44:20.740728: 
2026-01-02 23:44:20.744141: Epoch 45
2026-01-02 23:44:20.746448: Current learning rate: 0.00864
2026-01-02 23:45:00.966153: train_loss 0.651
2026-01-02 23:45:00.991045: val_loss 2.2442
2026-01-02 23:45:00.994121: val classification accuracy 0.4286
2026-01-02 23:45:00.996465: val auc 0.3061
2026-01-02 23:45:00.998804: Epoch time: 40.23 s
2026-01-02 23:45:01.747320: 
2026-01-02 23:45:01.750365: Epoch 46
2026-01-02 23:45:01.752697: Current learning rate: 0.00861
2026-01-02 23:45:40.603973: train_loss 0.6764
2026-01-02 23:45:40.609727: val_loss 0.7489
2026-01-02 23:45:40.627562: val classification accuracy 0.4762
2026-01-02 23:45:40.630695: val auc 0.4512
2026-01-02 23:45:40.634071: Epoch time: 38.86 s
2026-01-02 23:45:41.962903: 
2026-01-02 23:45:41.966193: Epoch 47
2026-01-02 23:45:41.968537: Current learning rate: 0.00858
2026-01-02 23:46:20.012986: train_loss 0.6735
2026-01-02 23:46:20.019257: val_loss 0.553
2026-01-02 23:46:20.021764: val classification accuracy 0.7619
2026-01-02 23:46:20.024234: val auc 0.8152
2026-01-02 23:46:20.027178: Epoch time: 38.05 s
2026-01-02 23:46:20.029886: Yayy! New best EMA pseudo Dice: 0.8152
2026-01-02 23:46:20.864566: Yayy! New best classification accuracy: 0.7619
2026-01-02 23:46:22.261321: 
2026-01-02 23:46:22.264359: Epoch 48
2026-01-02 23:46:22.266623: Current learning rate: 0.00855
2026-01-02 23:47:02.284459: train_loss 0.664
2026-01-02 23:47:02.290141: val_loss 6.2038
2026-01-02 23:47:02.295947: val classification accuracy 0.5238
2026-01-02 23:47:02.298788: val auc 0.5612
2026-01-02 23:47:02.301248: Epoch time: 40.02 s
2026-01-02 23:47:03.051349: 
2026-01-02 23:47:03.054736: Epoch 49
2026-01-02 23:47:03.057100: Current learning rate: 0.00852
2026-01-02 23:47:43.005617: train_loss 0.6786
2026-01-02 23:47:43.009902: val_loss 0.801
2026-01-02 23:47:43.012780: val classification accuracy 0.4762
2026-01-02 23:47:43.015437: val auc 0.441
2026-01-02 23:47:43.017906: Epoch time: 39.96 s
2026-01-02 23:47:43.749441: 
2026-01-02 23:47:43.752929: Epoch 50
2026-01-02 23:47:43.755395: Current learning rate: 0.00849
2026-01-02 23:48:21.160295: train_loss 0.6328
2026-01-02 23:48:21.165444: val_loss 0.8793
2026-01-02 23:48:21.168201: val classification accuracy 0.5238
2026-01-02 23:48:21.170974: val auc 0.5431
2026-01-02 23:48:21.186056: Epoch time: 37.41 s
2026-01-02 23:48:21.972064: 
2026-01-02 23:48:21.975682: Epoch 51
2026-01-02 23:48:21.978141: Current learning rate: 0.00846
2026-01-02 23:49:01.445577: WARNING: NaNs or Infs in validation probabilities at epoch 51. Sanitizing with nan_to_num before metrics.
2026-01-02 23:49:01.507724: train_loss 0.6534
2026-01-02 23:49:01.534479: val_loss nan
2026-01-02 23:49:01.542667: val classification accuracy 0.5
2026-01-02 23:49:01.545442: val auc 0.4467
2026-01-02 23:49:01.549050: Epoch time: 39.54 s
2026-01-02 23:49:02.273323: 
2026-01-02 23:49:02.276773: Epoch 52
2026-01-02 23:49:02.279243: Current learning rate: 0.00843
2026-01-02 23:49:39.871725: train_loss 0.6851
2026-01-02 23:49:39.882668: val_loss 7.0238
2026-01-02 23:49:39.885748: val classification accuracy 0.4286
2026-01-02 23:49:39.888792: val auc 0.3481
2026-01-02 23:49:39.891903: Epoch time: 37.6 s
2026-01-02 23:49:40.644410: 
2026-01-02 23:49:40.648183: Epoch 53
2026-01-02 23:49:40.650939: Current learning rate: 0.00839
2026-01-02 23:50:20.449421: WARNING: NaNs or Infs in validation probabilities at epoch 53. Sanitizing with nan_to_num before metrics.
2026-01-02 23:50:20.456938: train_loss 0.6839
2026-01-02 23:50:20.460147: val_loss nan
2026-01-02 23:50:20.462968: val classification accuracy 0.5238
2026-01-02 23:50:20.469233: val auc 0.5748
2026-01-02 23:50:20.472621: Epoch time: 39.81 s
2026-01-02 23:50:21.243893: 
2026-01-02 23:50:21.247905: Epoch 54
2026-01-02 23:50:21.250511: Current learning rate: 0.00836
2026-01-02 23:50:59.713158: WARNING: NaNs or Infs in validation probabilities at epoch 54. Sanitizing with nan_to_num before metrics.
2026-01-02 23:50:59.732116: train_loss 0.6602
2026-01-02 23:50:59.739276: val_loss nan
2026-01-02 23:50:59.766418: val classification accuracy 0.7143
2026-01-02 23:50:59.770343: val auc 0.6508
2026-01-02 23:50:59.772945: Epoch time: 38.49 s
2026-01-02 23:51:00.516328: 
2026-01-02 23:51:00.519482: Epoch 55
2026-01-02 23:51:00.521837: Current learning rate: 0.00833
2026-01-02 23:51:37.452697: train_loss 0.6712
2026-01-02 23:51:37.497960: val_loss 1.5889
2026-01-02 23:51:37.504770: val classification accuracy 0.5714
2026-01-02 23:51:37.532706: val auc 0.5079
2026-01-02 23:51:37.535317: Epoch time: 36.94 s
2026-01-02 23:51:38.252647: 
2026-01-02 23:51:38.256555: Epoch 56
2026-01-02 23:51:38.259135: Current learning rate: 0.0083
2026-01-02 23:52:17.294998: train_loss 0.6308
2026-01-02 23:52:17.301385: val_loss 1.8539
2026-01-02 23:52:17.304164: val classification accuracy 0.4524
2026-01-02 23:52:17.307395: val auc 0.5193
2026-01-02 23:52:17.309998: Epoch time: 39.04 s
2026-01-02 23:52:18.047783: 
2026-01-02 23:52:18.050930: Epoch 57
2026-01-02 23:52:18.053336: Current learning rate: 0.00827
2026-01-02 23:52:57.768423: train_loss 0.6993
2026-01-02 23:52:57.772490: val_loss 1.3777
2026-01-02 23:52:57.776680: val classification accuracy 0.2857
2026-01-02 23:52:57.779737: val auc 0.3107
2026-01-02 23:52:57.782257: Epoch time: 39.72 s
2026-01-02 23:52:58.484909: 
2026-01-02 23:52:58.488376: Epoch 58
2026-01-02 23:52:58.492150: Current learning rate: 0.00824
2026-01-02 23:53:36.619686: train_loss 0.6634
2026-01-02 23:53:36.638968: val_loss 1.6587
2026-01-02 23:53:36.644951: val classification accuracy 0.4048
2026-01-02 23:53:36.653046: val auc 0.3447
2026-01-02 23:53:36.655707: Epoch time: 38.14 s
2026-01-02 23:53:37.425898: 
2026-01-02 23:53:37.429613: Epoch 59
2026-01-02 23:53:37.432024: Current learning rate: 0.00821
2026-01-02 23:54:15.654811: train_loss 0.6624
2026-01-02 23:54:15.658518: val_loss 0.7274
2026-01-02 23:54:15.661649: val classification accuracy 0.5476
2026-01-02 23:54:15.664417: val auc 0.5601
2026-01-02 23:54:15.667184: Epoch time: 38.23 s
2026-01-02 23:54:16.378556: 
2026-01-02 23:54:16.381700: Epoch 60
2026-01-02 23:54:16.384154: Current learning rate: 0.00818
2026-01-02 23:54:56.622609: train_loss 0.6712
2026-01-02 23:54:56.626678: val_loss 0.7081
2026-01-02 23:54:56.629107: val classification accuracy 0.4762
2026-01-02 23:54:56.632369: val auc 0.5136
2026-01-02 23:54:56.635245: Epoch time: 40.25 s
2026-01-02 23:54:57.407118: 
2026-01-02 23:54:57.410390: Epoch 61
2026-01-02 23:54:57.413048: Current learning rate: 0.00815
2026-01-02 23:55:51.501300: train_loss 0.6528
2026-01-02 23:55:51.506383: val_loss 0.6447
2026-01-02 23:55:51.509695: val classification accuracy 0.5952
2026-01-02 23:55:51.512496: val auc 0.6905
2026-01-02 23:55:51.515423: Epoch time: 54.1 s
2026-01-02 23:55:52.265360: 
2026-01-02 23:55:52.268693: Epoch 62
2026-01-02 23:55:52.271235: Current learning rate: 0.00812
2026-01-02 23:56:31.547500: train_loss 0.6543
2026-01-02 23:56:31.551437: val_loss 0.8828
2026-01-02 23:56:31.553719: val classification accuracy 0.5238
2026-01-02 23:56:31.556136: val auc 0.4603
2026-01-02 23:56:31.558481: Epoch time: 39.28 s
2026-01-02 23:56:32.440140: 
2026-01-02 23:56:32.443129: Epoch 63
2026-01-02 23:56:32.445689: Current learning rate: 0.00809
2026-01-02 23:57:12.351077: train_loss 0.666
2026-01-02 23:57:12.354731: val_loss 0.8218
2026-01-02 23:57:12.357776: val classification accuracy 0.5
2026-01-02 23:57:12.360641: val auc 0.517
2026-01-02 23:57:12.363222: Epoch time: 39.91 s
2026-01-02 23:57:13.068234: 
2026-01-02 23:57:13.071406: Epoch 64
2026-01-02 23:57:13.073702: Current learning rate: 0.00806
2026-01-02 23:57:52.736464: train_loss 0.6749
2026-01-02 23:57:52.741068: val_loss 0.765
2026-01-02 23:57:52.743633: val classification accuracy 0.5
2026-01-02 23:57:52.745959: val auc 0.5544
2026-01-02 23:57:52.748425: Epoch time: 39.67 s
2026-01-02 23:57:53.450405: 
2026-01-02 23:57:53.453632: Epoch 65
2026-01-02 23:57:53.455812: Current learning rate: 0.00803
2026-01-02 23:58:34.202097: train_loss 0.6432
2026-01-02 23:58:34.206063: val_loss 0.6917
2026-01-02 23:58:34.208710: val classification accuracy 0.5476
2026-01-02 23:58:34.211296: val auc 0.678
2026-01-02 23:58:34.213724: Epoch time: 40.75 s
2026-01-02 23:58:34.925805: 
2026-01-02 23:58:34.929003: Epoch 66
2026-01-02 23:58:34.931391: Current learning rate: 0.008
2026-01-02 23:59:15.876153: train_loss 0.6753
2026-01-02 23:59:15.895574: val_loss 0.7298
2026-01-02 23:59:15.898658: val classification accuracy 0.4048
2026-01-02 23:59:15.901892: val auc 0.4853
2026-01-02 23:59:15.904712: Epoch time: 40.95 s
2026-01-02 23:59:16.641551: 
2026-01-02 23:59:16.644969: Epoch 67
2026-01-02 23:59:16.647576: Current learning rate: 0.00797
2026-01-02 23:59:56.873396: train_loss 0.6577
2026-01-02 23:59:56.877259: val_loss 1.1066
2026-01-02 23:59:56.879867: val classification accuracy 0.4762
2026-01-02 23:59:56.922372: val auc 0.4218
2026-01-02 23:59:56.930970: Epoch time: 40.23 s
2026-01-02 23:59:57.665616: 
2026-01-02 23:59:57.690907: Epoch 68
2026-01-02 23:59:57.693530: Current learning rate: 0.00793
2026-01-03 00:00:39.088162: train_loss 0.6263
2026-01-03 00:00:39.103291: val_loss 0.8803
2026-01-03 00:00:39.107632: val classification accuracy 0.5
2026-01-03 00:00:39.111507: val auc 0.5624
2026-01-03 00:00:39.115021: Epoch time: 41.42 s
2026-01-03 00:00:39.847041: 
2026-01-03 00:00:39.850622: Epoch 69
2026-01-03 00:00:39.853137: Current learning rate: 0.0079
2026-01-03 00:01:21.175128: train_loss 0.6519
2026-01-03 00:01:21.217249: val_loss 1.2175
2026-01-03 00:01:21.238312: val classification accuracy 0.5476
2026-01-03 00:01:21.243247: val auc 0.5624
2026-01-03 00:01:21.252107: Epoch time: 41.33 s
2026-01-03 00:01:21.972380: 
2026-01-03 00:01:21.977547: Epoch 70
2026-01-03 00:01:21.980186: Current learning rate: 0.00787
2026-01-03 00:02:00.770327: train_loss 0.6862
2026-01-03 00:02:00.774670: val_loss 2.2348
2026-01-03 00:02:00.776962: val classification accuracy 0.4286
2026-01-03 00:02:00.779328: val auc 0.398
2026-01-03 00:02:00.781714: Epoch time: 38.8 s
2026-01-03 00:02:01.555975: 
2026-01-03 00:02:01.559267: Epoch 71
2026-01-03 00:02:01.561956: Current learning rate: 0.00784
2026-01-03 00:02:42.463893: train_loss 0.625
2026-01-03 00:02:42.467735: val_loss 1.6209
2026-01-03 00:02:42.500376: val classification accuracy 0.5
2026-01-03 00:02:42.503628: val auc 0.5385
2026-01-03 00:02:42.506303: Epoch time: 40.91 s
2026-01-03 00:02:43.228076: 
2026-01-03 00:02:43.231169: Epoch 72
2026-01-03 00:02:43.233641: Current learning rate: 0.00781
2026-01-03 00:03:19.012932: train_loss 0.6543
2026-01-03 00:03:19.021502: val_loss 2.8228
2026-01-03 00:03:19.024604: val classification accuracy 0.6667
2026-01-03 00:03:19.027599: val auc 0.6587
2026-01-03 00:03:19.030265: Epoch time: 35.79 s
2026-01-03 00:03:19.780968: 
2026-01-03 00:03:19.784166: Epoch 73
2026-01-03 00:03:19.786572: Current learning rate: 0.00778
2026-01-03 00:04:02.058955: train_loss 0.6446
2026-01-03 00:04:02.063505: val_loss 0.9498
2026-01-03 00:04:02.066481: val classification accuracy 0.4524
2026-01-03 00:04:02.069420: val auc 0.4807
2026-01-03 00:04:02.087047: Epoch time: 42.28 s
2026-01-03 00:04:02.810120: 
2026-01-03 00:04:02.813312: Epoch 74
2026-01-03 00:04:02.815914: Current learning rate: 0.00775
2026-01-03 00:04:41.839705: train_loss 0.6252
2026-01-03 00:04:41.844133: val_loss 0.8146
2026-01-03 00:04:41.862631: val classification accuracy 0.5952
2026-01-03 00:04:41.866924: val auc 0.6463
2026-01-03 00:04:41.869592: Epoch time: 39.03 s
2026-01-03 00:04:42.608728: 
2026-01-03 00:04:42.612311: Epoch 75
2026-01-03 00:04:42.614946: Current learning rate: 0.00772
2026-01-03 00:05:18.427297: train_loss 0.6771
2026-01-03 00:05:18.431488: val_loss 0.7503
2026-01-03 00:05:18.434376: val classification accuracy 0.5
2026-01-03 00:05:18.437196: val auc 0.619
2026-01-03 00:05:18.439983: Epoch time: 35.82 s
2026-01-03 00:05:19.180137: 
2026-01-03 00:05:19.183567: Epoch 76
2026-01-03 00:05:19.185961: Current learning rate: 0.00769
2026-01-03 00:05:57.921268: train_loss 0.6398
2026-01-03 00:05:57.952460: val_loss 1.3342
2026-01-03 00:05:57.964246: val classification accuracy 0.5714
2026-01-03 00:05:57.980117: val auc 0.5941
2026-01-03 00:05:57.998559: Epoch time: 38.74 s
2026-01-03 00:05:58.716325: 
2026-01-03 00:05:58.719850: Epoch 77
2026-01-03 00:05:58.722225: Current learning rate: 0.00766
2026-01-03 00:06:38.501326: train_loss 0.667
2026-01-03 00:06:38.514551: val_loss 2.013
2026-01-03 00:06:38.530689: val classification accuracy 0.5714
2026-01-03 00:06:38.533866: val auc 0.5601
2026-01-03 00:06:38.536750: Epoch time: 39.79 s
2026-01-03 00:06:39.253217: 
2026-01-03 00:06:39.256723: Epoch 78
2026-01-03 00:06:39.259190: Current learning rate: 0.00763
2026-01-03 00:07:19.295381: train_loss 0.6329
2026-01-03 00:07:19.302534: val_loss 1.2844
2026-01-03 00:07:19.305496: val classification accuracy 0.5238
2026-01-03 00:07:19.309569: val auc 0.4671
2026-01-03 00:07:19.312613: Epoch time: 40.04 s
2026-01-03 00:07:20.080819: 
2026-01-03 00:07:20.083982: Epoch 79
2026-01-03 00:07:20.086417: Current learning rate: 0.0076
2026-01-03 00:08:00.424917: train_loss 0.6725
2026-01-03 00:08:00.430696: val_loss 1.3299
2026-01-03 00:08:00.434148: val classification accuracy 0.5238
2026-01-03 00:08:00.437054: val auc 0.5193
2026-01-03 00:08:00.446970: Epoch time: 40.35 s
2026-01-03 00:08:01.169094: 
2026-01-03 00:08:01.172187: Epoch 80
2026-01-03 00:08:01.174612: Current learning rate: 0.00756
2026-01-03 00:08:39.534288: train_loss 0.6364
2026-01-03 00:08:39.558550: val_loss 0.8229
2026-01-03 00:08:39.561223: val classification accuracy 0.6667
2026-01-03 00:08:39.564183: val auc 0.678
2026-01-03 00:08:39.567008: Epoch time: 38.37 s
2026-01-03 00:08:40.754592: 
2026-01-03 00:08:40.757830: Epoch 81
2026-01-03 00:08:40.760552: Current learning rate: 0.00753
2026-01-03 00:09:18.900772: train_loss 0.628
2026-01-03 00:09:18.921543: val_loss 0.9453
2026-01-03 00:09:18.924397: val classification accuracy 0.5476
2026-01-03 00:09:18.926902: val auc 0.6032
2026-01-03 00:09:18.929775: Epoch time: 38.15 s
2026-01-03 00:09:19.665070: 
2026-01-03 00:09:19.668264: Epoch 82
2026-01-03 00:09:19.670894: Current learning rate: 0.0075
2026-01-03 00:09:57.305791: train_loss 0.6514
2026-01-03 00:09:57.317906: val_loss 0.7611
2026-01-03 00:09:57.339217: val classification accuracy 0.5476
2026-01-03 00:09:57.342219: val auc 0.6009
2026-01-03 00:09:57.345135: Epoch time: 37.64 s
2026-01-03 00:09:58.071334: 
2026-01-03 00:09:58.074774: Epoch 83
2026-01-03 00:09:58.077686: Current learning rate: 0.00747
2026-01-03 00:10:39.675037: train_loss 0.6551
2026-01-03 00:10:39.679837: val_loss 1.0721
2026-01-03 00:10:39.683144: val classification accuracy 0.4286
2026-01-03 00:10:39.686102: val auc 0.4558
2026-01-03 00:10:39.688866: Epoch time: 41.61 s
2026-01-03 00:10:40.465024: 
2026-01-03 00:10:40.468620: Epoch 84
2026-01-03 00:10:40.471164: Current learning rate: 0.00744
2026-01-03 00:11:18.809525: train_loss 0.6154
2026-01-03 00:11:18.821560: val_loss 0.812
2026-01-03 00:11:18.847335: val classification accuracy 0.5
2026-01-03 00:11:18.852652: val auc 0.5147
2026-01-03 00:11:18.855235: Epoch time: 38.35 s
2026-01-03 00:11:19.557168: 
2026-01-03 00:11:19.560514: Epoch 85
2026-01-03 00:11:19.562834: Current learning rate: 0.00741
2026-01-03 00:11:57.120913: train_loss 0.6088
2026-01-03 00:11:57.124495: val_loss 0.8385
2026-01-03 00:11:57.126959: val classification accuracy 0.5
2026-01-03 00:11:57.129467: val auc 0.585
2026-01-03 00:11:57.132099: Epoch time: 37.57 s
2026-01-03 00:11:58.352597: 
2026-01-03 00:11:58.355586: Epoch 86
2026-01-03 00:11:58.358240: Current learning rate: 0.00738
2026-01-03 00:12:33.673451: train_loss 0.6512
2026-01-03 00:12:33.678715: val_loss 0.9445
2026-01-03 00:12:33.681958: val classification accuracy 0.4524
2026-01-03 00:12:33.685118: val auc 0.4444
2026-01-03 00:12:33.688098: Epoch time: 35.32 s
2026-01-03 00:12:34.443488: 
2026-01-03 00:12:34.446969: Epoch 87
2026-01-03 00:12:34.449430: Current learning rate: 0.00735
2026-01-03 00:13:12.523750: train_loss 0.6638
2026-01-03 00:13:12.539578: val_loss 0.7979
2026-01-03 00:13:12.542979: val classification accuracy 0.5
2026-01-03 00:13:12.545862: val auc 0.6576
2026-01-03 00:13:12.548658: Epoch time: 38.08 s
2026-01-03 00:13:13.280620: 
2026-01-03 00:13:13.283992: Epoch 88
2026-01-03 00:13:13.286501: Current learning rate: 0.00732
2026-01-03 00:13:48.788247: train_loss 0.6568
2026-01-03 00:13:48.796398: val_loss 0.8421
2026-01-03 00:13:48.799087: val classification accuracy 0.4048
2026-01-03 00:13:48.802713: val auc 0.4444
2026-01-03 00:13:48.805397: Epoch time: 35.51 s
2026-01-03 00:13:49.535867: 
2026-01-03 00:13:49.539329: Epoch 89
2026-01-03 00:13:49.541676: Current learning rate: 0.00729
2026-01-03 00:14:30.284564: train_loss 0.6504
2026-01-03 00:14:30.296047: val_loss 0.7096
2026-01-03 00:14:30.322693: val classification accuracy 0.5714
2026-01-03 00:14:30.325681: val auc 0.6236
2026-01-03 00:14:30.328140: Epoch time: 40.75 s
2026-01-03 00:14:31.042248: 
2026-01-03 00:14:31.045517: Epoch 90
2026-01-03 00:14:31.047902: Current learning rate: 0.00725
2026-01-03 00:15:09.261511: train_loss 0.6384
2026-01-03 00:15:09.283285: val_loss 0.7739
2026-01-03 00:15:09.286495: val classification accuracy 0.5238
2026-01-03 00:15:09.290251: val auc 0.4717
2026-01-03 00:15:09.293340: Epoch time: 38.22 s
2026-01-03 00:15:10.541301: 
2026-01-03 00:15:10.558563: Epoch 91
2026-01-03 00:15:10.561193: Current learning rate: 0.00722
2026-01-03 00:15:48.652439: train_loss 0.5991
2026-01-03 00:15:48.657831: val_loss 1.1725
2026-01-03 00:15:48.680202: val classification accuracy 0.4762
2026-01-03 00:15:48.692627: val auc 0.5068
2026-01-03 00:15:48.705142: Epoch time: 38.11 s
2026-01-03 00:15:49.454119: 
2026-01-03 00:15:49.457129: Epoch 92
2026-01-03 00:15:49.459489: Current learning rate: 0.00719
2026-01-03 00:16:27.340974: train_loss 0.6582
2026-01-03 00:16:27.349913: val_loss 0.7672
2026-01-03 00:16:27.356092: val classification accuracy 0.5
2026-01-03 00:16:27.358954: val auc 0.542
2026-01-03 00:16:27.362121: Epoch time: 37.89 s
2026-01-03 00:16:28.104114: 
2026-01-03 00:16:28.107249: Epoch 93
2026-01-03 00:16:28.109653: Current learning rate: 0.00716
2026-01-03 00:17:06.628227: train_loss 0.6062
2026-01-03 00:17:06.632150: val_loss 1.0592
2026-01-03 00:17:06.634690: val classification accuracy 0.5238
2026-01-03 00:17:06.637215: val auc 0.6077
2026-01-03 00:17:06.639910: Epoch time: 38.53 s
2026-01-03 00:17:07.382516: 
2026-01-03 00:17:07.385566: Epoch 94
2026-01-03 00:17:07.387840: Current learning rate: 0.00713
2026-01-03 00:17:44.248537: train_loss 0.6365
2026-01-03 00:17:44.264234: val_loss 0.708
2026-01-03 00:17:44.270439: val classification accuracy 0.5714
2026-01-03 00:17:44.273164: val auc 0.6689
2026-01-03 00:17:44.276185: Epoch time: 36.87 s
2026-01-03 00:17:45.031149: 
2026-01-03 00:17:45.061851: Epoch 95
2026-01-03 00:17:45.064288: Current learning rate: 0.0071
2026-01-03 00:18:23.559473: train_loss 0.639
2026-01-03 00:18:23.563755: val_loss 0.8418
2026-01-03 00:18:23.566322: val classification accuracy 0.5
2026-01-03 00:18:23.568773: val auc 0.5873
2026-01-03 00:18:23.571279: Epoch time: 38.53 s
2026-01-03 00:18:24.835346: 
2026-01-03 00:18:24.838594: Epoch 96
2026-01-03 00:18:24.840995: Current learning rate: 0.00707
2026-01-03 00:19:02.190990: train_loss 0.6703
2026-01-03 00:19:02.196546: val_loss 0.9088
2026-01-03 00:19:02.209740: val classification accuracy 0.5476
2026-01-03 00:19:02.212644: val auc 0.5556
2026-01-03 00:19:02.215235: Epoch time: 37.36 s
2026-01-03 00:19:02.912350: 
2026-01-03 00:19:02.915557: Epoch 97
2026-01-03 00:19:02.917994: Current learning rate: 0.00704
2026-01-03 00:19:41.716130: train_loss 0.6466
2026-01-03 00:19:41.719772: val_loss 0.6372
2026-01-03 00:19:41.722345: val classification accuracy 0.5952
2026-01-03 00:19:41.725079: val auc 0.7041
2026-01-03 00:19:41.727494: Epoch time: 38.81 s
2026-01-03 00:19:42.455068: 
2026-01-03 00:19:42.458315: Epoch 98
2026-01-03 00:19:42.460724: Current learning rate: 0.007
2026-01-03 00:20:23.705579: train_loss 0.6196
2026-01-03 00:20:23.710441: val_loss 0.9233
2026-01-03 00:20:23.713366: val classification accuracy 0.4524
2026-01-03 00:20:23.716270: val auc 0.4773
2026-01-03 00:20:23.719069: Epoch time: 41.25 s
2026-01-03 00:20:24.472373: 
2026-01-03 00:20:24.475682: Epoch 99
2026-01-03 00:20:24.478554: Current learning rate: 0.00697
2026-01-03 00:21:03.683576: train_loss 0.6859
2026-01-03 00:21:03.704281: val_loss 0.7682
2026-01-03 00:21:03.707525: val classification accuracy 0.5476
2026-01-03 00:21:03.710583: val auc 0.5181
2026-01-03 00:21:03.720019: Epoch time: 39.21 s
2026-01-03 00:21:04.447224: 
2026-01-03 00:21:04.450901: Epoch 100
2026-01-03 00:21:04.453478: Current learning rate: 0.00694
2026-01-03 00:21:42.941310: train_loss 0.6569
2026-01-03 00:21:42.945809: val_loss 1.2946
2026-01-03 00:21:42.948912: val classification accuracy 0.4524
2026-01-03 00:21:42.951905: val auc 0.3515
2026-01-03 00:21:42.954864: Epoch time: 38.5 s
2026-01-03 00:21:44.255750: 
2026-01-03 00:21:44.258937: Epoch 101
2026-01-03 00:21:44.261192: Current learning rate: 0.00691
2026-01-03 00:22:23.573799: train_loss 0.6587
2026-01-03 00:22:23.578599: val_loss 0.7899
2026-01-03 00:22:23.581312: val classification accuracy 0.4762
2026-01-03 00:22:23.583849: val auc 0.5125
2026-01-03 00:22:23.586449: Epoch time: 39.32 s
2026-01-03 00:22:24.313127: 
2026-01-03 00:22:24.316461: Epoch 102
2026-01-03 00:22:24.318693: Current learning rate: 0.00688
2026-01-03 00:23:05.083745: train_loss 0.6249
2026-01-03 00:23:05.098579: val_loss 0.7949
2026-01-03 00:23:05.101843: val classification accuracy 0.619
2026-01-03 00:23:05.104996: val auc 0.6236
2026-01-03 00:23:05.107893: Epoch time: 40.77 s
2026-01-03 00:23:05.887763: 
2026-01-03 00:23:05.891373: Epoch 103
2026-01-03 00:23:05.893983: Current learning rate: 0.00685
2026-01-03 00:23:45.256273: train_loss 0.6432
2026-01-03 00:23:45.263329: val_loss 0.7313
2026-01-03 00:23:45.269318: val classification accuracy 0.4762
2026-01-03 00:23:45.271954: val auc 0.6009
2026-01-03 00:23:45.275142: Epoch time: 39.37 s
2026-01-03 00:23:46.029800: 
2026-01-03 00:23:46.033243: Epoch 104
2026-01-03 00:23:46.035799: Current learning rate: 0.00682
2026-01-03 00:24:23.717927: train_loss 0.5918
2026-01-03 00:24:23.722116: val_loss 1.2041
2026-01-03 00:24:23.724868: val classification accuracy 0.381
2026-01-03 00:24:23.727501: val auc 0.4853
2026-01-03 00:24:23.730200: Epoch time: 37.69 s
2026-01-03 00:24:24.447385: 
2026-01-03 00:24:24.450497: Epoch 105
2026-01-03 00:24:24.452911: Current learning rate: 0.00679
2026-01-03 00:25:04.343079: train_loss 0.6503
2026-01-03 00:25:04.365940: val_loss 0.7906
2026-01-03 00:25:04.378603: val classification accuracy 0.4524
2026-01-03 00:25:04.390592: val auc 0.4354
2026-01-03 00:25:04.393818: Epoch time: 39.9 s
2026-01-03 00:25:05.128221: 
2026-01-03 00:25:05.153284: Epoch 106
2026-01-03 00:25:05.160792: Current learning rate: 0.00675
2026-01-03 00:25:42.947230: train_loss 0.6069
2026-01-03 00:25:42.971699: val_loss 1.3255
2026-01-03 00:25:42.982946: val classification accuracy 0.4524
2026-01-03 00:25:42.985649: val auc 0.4626
2026-01-03 00:25:43.002709: Epoch time: 37.82 s
2026-01-03 00:25:43.743406: 
2026-01-03 00:25:43.746728: Epoch 107
2026-01-03 00:25:43.749287: Current learning rate: 0.00672
2026-01-03 00:26:24.127505: train_loss 0.6393
2026-01-03 00:26:24.133070: val_loss 0.8575
2026-01-03 00:26:24.137319: val classification accuracy 0.4762
2026-01-03 00:26:24.140553: val auc 0.3934
2026-01-03 00:26:24.143823: Epoch time: 40.39 s
2026-01-03 00:26:24.896399: 
2026-01-03 00:26:24.900124: Epoch 108
2026-01-03 00:26:24.902802: Current learning rate: 0.00669
2026-01-03 00:27:02.705145: train_loss 0.6159
2026-01-03 00:27:02.710802: val_loss 1.1784
2026-01-03 00:27:02.713690: val classification accuracy 0.5714
2026-01-03 00:27:02.718976: val auc 0.5261
2026-01-03 00:27:02.730159: Epoch time: 37.81 s
2026-01-03 00:27:03.465047: 
2026-01-03 00:27:03.468182: Epoch 109
2026-01-03 00:27:03.470454: Current learning rate: 0.00666
2026-01-03 00:27:41.986160: train_loss 0.6417
2026-01-03 00:27:42.010522: val_loss 0.8276
2026-01-03 00:27:42.013577: val classification accuracy 0.5
2026-01-03 00:27:42.016283: val auc 0.4932
2026-01-03 00:27:42.018911: Epoch time: 38.52 s
2026-01-03 00:27:42.775790: 
2026-01-03 00:27:42.779009: Epoch 110
2026-01-03 00:27:42.781353: Current learning rate: 0.00663
2026-01-03 00:28:21.937633: train_loss 0.6359
2026-01-03 00:28:21.955814: val_loss 0.8221
2026-01-03 00:28:21.958704: val classification accuracy 0.5
2026-01-03 00:28:21.961498: val auc 0.5272
2026-01-03 00:28:21.964330: Epoch time: 39.16 s
2026-01-03 00:28:22.712083: 
2026-01-03 00:28:22.715653: Epoch 111
2026-01-03 00:28:22.718264: Current learning rate: 0.0066
2026-01-03 00:29:01.586106: train_loss 0.6117
2026-01-03 00:29:01.621454: val_loss 1.0007
2026-01-03 00:29:01.624309: val classification accuracy 0.5476
2026-01-03 00:29:01.626790: val auc 0.483
2026-01-03 00:29:01.643174: Epoch time: 38.88 s
2026-01-03 00:29:02.390615: 
2026-01-03 00:29:02.393864: Epoch 112
2026-01-03 00:29:02.396193: Current learning rate: 0.00657
2026-01-03 00:29:41.969306: train_loss 0.622
2026-01-03 00:29:41.974273: val_loss 1.5977
2026-01-03 00:29:41.977011: val classification accuracy 0.5476
2026-01-03 00:29:41.979828: val auc 0.4943
2026-01-03 00:29:41.984775: Epoch time: 39.58 s
2026-01-03 00:29:42.716974: 
2026-01-03 00:29:42.719907: Epoch 113
2026-01-03 00:29:42.722148: Current learning rate: 0.00654
2026-01-03 00:30:18.782434: train_loss 0.657
2026-01-03 00:30:18.795329: val_loss 0.7736
2026-01-03 00:30:18.798293: val classification accuracy 0.5476
2026-01-03 00:30:18.801136: val auc 0.542
2026-01-03 00:30:18.803901: Epoch time: 36.07 s
2026-01-03 00:30:19.516531: 
2026-01-03 00:30:19.519600: Epoch 114
2026-01-03 00:30:19.522024: Current learning rate: 0.0065
2026-01-03 00:30:57.158391: train_loss 0.659
2026-01-03 00:30:57.163740: val_loss 0.7606
2026-01-03 00:30:57.167503: val classification accuracy 0.5238
2026-01-03 00:30:57.191967: val auc 0.5238
2026-01-03 00:30:57.195004: Epoch time: 37.64 s
2026-01-03 00:30:57.949291: 
2026-01-03 00:30:57.952935: Epoch 115
2026-01-03 00:30:57.955970: Current learning rate: 0.00647
2026-01-03 00:31:36.241982: train_loss 0.6342
2026-01-03 00:31:36.251593: val_loss 0.743
2026-01-03 00:31:36.267256: val classification accuracy 0.5714
2026-01-03 00:31:36.271702: val auc 0.6202
2026-01-03 00:31:36.274454: Epoch time: 38.29 s
2026-01-03 00:31:37.010114: 
2026-01-03 00:31:37.013231: Epoch 116
2026-01-03 00:31:37.015583: Current learning rate: 0.00644
2026-01-03 00:32:14.021914: train_loss 0.5976
2026-01-03 00:32:14.029460: val_loss 0.7004
2026-01-03 00:32:14.032535: val classification accuracy 0.6667
2026-01-03 00:32:14.035963: val auc 0.6803
2026-01-03 00:32:14.039671: Epoch time: 37.01 s
2026-01-03 00:32:14.783306: 
2026-01-03 00:32:14.787091: Epoch 117
2026-01-03 00:32:14.789630: Current learning rate: 0.00641
2026-01-03 00:32:53.979278: train_loss 0.637
2026-01-03 00:32:53.990108: val_loss 0.8944
2026-01-03 00:32:54.010423: val classification accuracy 0.4524
2026-01-03 00:32:54.013757: val auc 0.466
2026-01-03 00:32:54.019732: Epoch time: 39.2 s
2026-01-03 00:32:54.770573: 
2026-01-03 00:32:54.774176: Epoch 118
2026-01-03 00:32:54.778633: Current learning rate: 0.00638
2026-01-03 00:33:31.458930: train_loss 0.5858
2026-01-03 00:33:31.464333: val_loss 1.3614
2026-01-03 00:33:31.483768: val classification accuracy 0.5
2026-01-03 00:33:31.486650: val auc 0.568
2026-01-03 00:33:31.489169: Epoch time: 36.69 s
2026-01-03 00:33:32.242379: 
2026-01-03 00:33:32.245721: Epoch 119
2026-01-03 00:33:32.248308: Current learning rate: 0.00635
2026-01-03 00:34:09.010219: train_loss 0.6375
2026-01-03 00:34:09.015136: val_loss 0.7466
2026-01-03 00:34:09.018258: val classification accuracy 0.5476
2026-01-03 00:34:09.021333: val auc 0.6213
2026-01-03 00:34:09.024474: Epoch time: 36.77 s
2026-01-03 00:34:09.760977: 
2026-01-03 00:34:09.764697: Epoch 120
2026-01-03 00:34:09.767667: Current learning rate: 0.00631
2026-01-03 00:34:48.139061: train_loss 0.632
2026-01-03 00:34:48.146140: val_loss 1.0614
2026-01-03 00:34:48.149484: val classification accuracy 0.5
2026-01-03 00:34:48.152442: val auc 0.458
2026-01-03 00:34:48.155452: Epoch time: 38.38 s
2026-01-03 00:34:48.900934: 
2026-01-03 00:34:48.904055: Epoch 121
2026-01-03 00:34:48.906469: Current learning rate: 0.00628
2026-01-03 00:35:25.604109: train_loss 0.6156
2026-01-03 00:35:25.608461: val_loss 0.9966
2026-01-03 00:35:25.612836: val classification accuracy 0.4048
2026-01-03 00:35:25.615823: val auc 0.449
2026-01-03 00:35:25.618789: Epoch time: 36.7 s
2026-01-03 00:35:26.424912: 
2026-01-03 00:35:26.428601: Epoch 122
2026-01-03 00:35:26.431384: Current learning rate: 0.00625
2026-01-03 00:36:03.670978: train_loss 0.6205
2026-01-03 00:36:03.675194: val_loss 0.9469
2026-01-03 00:36:03.677910: val classification accuracy 0.5476
2026-01-03 00:36:03.680370: val auc 0.4807
2026-01-03 00:36:03.682774: Epoch time: 37.25 s
2026-01-03 00:36:04.425407: 
2026-01-03 00:36:04.428770: Epoch 123
2026-01-03 00:36:04.431262: Current learning rate: 0.00622
2026-01-03 00:36:43.543065: train_loss 0.6129
2026-01-03 00:36:43.547850: val_loss 0.4728
2026-01-03 00:36:43.550998: val classification accuracy 0.8571
2026-01-03 00:36:43.554111: val auc 0.8934
2026-01-03 00:36:43.557101: Epoch time: 39.12 s
2026-01-03 00:36:43.559786: Yayy! New best EMA pseudo Dice: 0.8934
2026-01-03 00:36:44.284009: Yayy! New best classification accuracy: 0.8571
2026-01-03 00:36:45.716233: 
2026-01-03 00:36:45.719778: Epoch 124
2026-01-03 00:36:45.722517: Current learning rate: 0.00619
2026-01-03 00:37:23.573969: train_loss 0.5969
2026-01-03 00:37:23.578553: val_loss 1.3239
2026-01-03 00:37:23.581022: val classification accuracy 0.4762
2026-01-03 00:37:23.583540: val auc 0.4921
2026-01-03 00:37:23.586052: Epoch time: 37.86 s
2026-01-03 00:37:24.323729: 
2026-01-03 00:37:24.326749: Epoch 125
2026-01-03 00:37:24.329035: Current learning rate: 0.00616
2026-01-03 00:38:03.824391: train_loss 0.6044
2026-01-03 00:38:03.853895: val_loss 1.1163
2026-01-03 00:38:03.858227: val classification accuracy 0.381
2026-01-03 00:38:03.861159: val auc 0.3787
2026-01-03 00:38:03.864267: Epoch time: 39.5 s
2026-01-03 00:38:04.570059: 
2026-01-03 00:38:04.573657: Epoch 126
2026-01-03 00:38:04.576409: Current learning rate: 0.00612
2026-01-03 00:38:43.252604: train_loss 0.6253
2026-01-03 00:38:43.257077: val_loss 0.7278
2026-01-03 00:38:43.260115: val classification accuracy 0.619
2026-01-03 00:38:43.262782: val auc 0.6236
2026-01-03 00:38:43.265386: Epoch time: 38.68 s
2026-01-03 00:38:44.060337: 
2026-01-03 00:38:44.063771: Epoch 127
2026-01-03 00:38:44.066337: Current learning rate: 0.00609
2026-01-03 00:39:21.625343: train_loss 0.6414
2026-01-03 00:39:21.630427: val_loss 0.8726
2026-01-03 00:39:21.633616: val classification accuracy 0.5476
2026-01-03 00:39:21.636766: val auc 0.458
2026-01-03 00:39:21.646668: Epoch time: 37.57 s
2026-01-03 00:39:22.390757: 
2026-01-03 00:39:22.394415: Epoch 128
2026-01-03 00:39:22.396922: Current learning rate: 0.00606
2026-01-03 00:40:03.380249: train_loss 0.5647
2026-01-03 00:40:03.412351: val_loss 0.9103
2026-01-03 00:40:03.415378: val classification accuracy 0.5238
2026-01-03 00:40:03.418149: val auc 0.5737
2026-01-03 00:40:03.421107: Epoch time: 40.99 s
2026-01-03 00:40:04.163726: 
2026-01-03 00:40:04.166975: Epoch 129
2026-01-03 00:40:04.169597: Current learning rate: 0.00603
2026-01-03 00:40:40.462989: train_loss 0.5997
2026-01-03 00:40:40.466758: val_loss 0.9437
2026-01-03 00:40:40.469663: val classification accuracy 0.5476
2026-01-03 00:40:40.472261: val auc 0.5272
2026-01-03 00:40:40.474782: Epoch time: 36.3 s
2026-01-03 00:40:41.183657: 
2026-01-03 00:40:41.186885: Epoch 130
2026-01-03 00:40:41.189360: Current learning rate: 0.006
2026-01-03 00:41:22.122694: train_loss 0.599
2026-01-03 00:41:22.134136: val_loss 1.6441
2026-01-03 00:41:22.137351: val classification accuracy 0.4762
2026-01-03 00:41:22.140101: val auc 0.4036
2026-01-03 00:41:22.142870: Epoch time: 40.94 s
2026-01-03 00:41:22.878760: 
2026-01-03 00:41:22.882643: Epoch 131
2026-01-03 00:41:22.885311: Current learning rate: 0.00597
2026-01-03 00:41:59.319136: train_loss 0.6127
2026-01-03 00:41:59.322808: val_loss 1.2025
2026-01-03 00:41:59.325599: val classification accuracy 0.381
2026-01-03 00:41:59.328599: val auc 0.3764
2026-01-03 00:41:59.331480: Epoch time: 36.44 s
2026-01-03 00:42:00.045179: 
2026-01-03 00:42:00.048416: Epoch 132
2026-01-03 00:42:00.050928: Current learning rate: 0.00593
2026-01-03 00:42:37.011242: train_loss 0.666
2026-01-03 00:42:37.052721: val_loss 0.7686
2026-01-03 00:42:37.066087: val classification accuracy 0.5238
2026-01-03 00:42:37.068981: val auc 0.5556
2026-01-03 00:42:37.079415: Epoch time: 36.97 s
2026-01-03 00:42:37.839348: 
2026-01-03 00:42:37.842909: Epoch 133
2026-01-03 00:42:37.845577: Current learning rate: 0.0059
2026-01-03 00:43:16.138846: train_loss 0.597
2026-01-03 00:43:16.143247: val_loss 0.7354
2026-01-03 00:43:16.146241: val classification accuracy 0.5952
2026-01-03 00:43:16.149108: val auc 0.6803
2026-01-03 00:43:16.152148: Epoch time: 38.3 s
2026-01-03 00:43:16.899551: 
2026-01-03 00:43:16.902761: Epoch 134
2026-01-03 00:43:16.905243: Current learning rate: 0.00587
2026-01-03 00:43:55.021012: train_loss 0.6346
2026-01-03 00:43:55.025541: val_loss 0.8112
2026-01-03 00:43:55.028141: val classification accuracy 0.4762
2026-01-03 00:43:55.030587: val auc 0.6599
2026-01-03 00:43:55.033073: Epoch time: 38.12 s
2026-01-03 00:43:55.758059: 
2026-01-03 00:43:55.761168: Epoch 135
2026-01-03 00:43:55.763648: Current learning rate: 0.00584
2026-01-03 00:44:33.292408: train_loss 0.6198
2026-01-03 00:44:33.296604: val_loss 0.9882
2026-01-03 00:44:33.299625: val classification accuracy 0.4286
2026-01-03 00:44:33.302481: val auc 0.4671
2026-01-03 00:44:33.305286: Epoch time: 37.54 s
2026-01-03 00:44:34.115090: 
2026-01-03 00:44:34.118452: Epoch 136
2026-01-03 00:44:34.120979: Current learning rate: 0.00581
2026-01-03 00:45:13.802942: train_loss 0.6222
2026-01-03 00:45:13.809046: val_loss 0.8528
2026-01-03 00:45:13.819364: val classification accuracy 0.619
2026-01-03 00:45:13.832537: val auc 0.6168
2026-01-03 00:45:13.835143: Epoch time: 39.69 s
2026-01-03 00:45:14.610392: 
2026-01-03 00:45:14.614023: Epoch 137
2026-01-03 00:45:14.616484: Current learning rate: 0.00578
2026-01-03 00:45:54.482865: train_loss 0.6331
2026-01-03 00:45:54.500707: val_loss 0.6415
2026-01-03 00:45:54.522530: val classification accuracy 0.6429
2026-01-03 00:45:54.555914: val auc 0.7143
2026-01-03 00:45:54.563523: Epoch time: 39.87 s
2026-01-03 00:45:55.284837: 
2026-01-03 00:45:55.288196: Epoch 138
2026-01-03 00:45:55.290749: Current learning rate: 0.00574
2026-01-03 00:46:32.917247: train_loss 0.576
2026-01-03 00:46:32.939179: val_loss 0.8343
2026-01-03 00:46:32.941978: val classification accuracy 0.7143
2026-01-03 00:46:32.944961: val auc 0.7551
2026-01-03 00:46:32.948335: Epoch time: 37.63 s
2026-01-03 00:46:33.692213: 
2026-01-03 00:46:33.695431: Epoch 139
2026-01-03 00:46:33.698408: Current learning rate: 0.00571
2026-01-03 00:47:11.079070: train_loss 0.5593
2026-01-03 00:47:11.103702: val_loss 0.6972
2026-01-03 00:47:11.128474: val classification accuracy 0.5952
2026-01-03 00:47:11.131488: val auc 0.7211
2026-01-03 00:47:11.146399: Epoch time: 37.39 s
2026-01-03 00:47:11.889317: Saved periodic checkpoint /hpf/projects/jquon/sumin/nnUNet_data/nnUNet_results/Dataset033_AVM_T1+C/DenseNetTrainer_ep300_NoMirroring_x2__nnUNetResEncUNetLPlans__3d_fullres/fold_4/checkpoint_every20_best_balacc.pth at epoch 139 with val_balanced_accuracy=0.5952
2026-01-03 00:47:12.616317: Saved periodic checkpoint /hpf/projects/jquon/sumin/nnUNet_data/nnUNet_results/Dataset033_AVM_T1+C/DenseNetTrainer_ep300_NoMirroring_x2__nnUNetResEncUNetLPlans__3d_fullres/fold_4/checkpoint_every20_best_auroc.pth at epoch 139 with val_auc=0.7211
2026-01-03 00:47:13.776242: 
2026-01-03 00:47:13.779326: Epoch 140
2026-01-03 00:47:13.781820: Current learning rate: 0.00568
2026-01-03 00:47:52.866920: train_loss 0.6184
2026-01-03 00:47:52.871236: val_loss 0.8757
2026-01-03 00:47:52.873656: val classification accuracy 0.5
2026-01-03 00:47:52.876069: val auc 0.4739
2026-01-03 00:47:52.878794: Epoch time: 39.09 s
2026-01-03 00:47:53.684930: 
2026-01-03 00:47:53.688285: Epoch 141
2026-01-03 00:47:53.690893: Current learning rate: 0.00565
2026-01-03 00:48:33.730674: train_loss 0.5655
2026-01-03 00:48:33.739102: val_loss 2.1363
2026-01-03 00:48:33.759774: val classification accuracy 0.5952
2026-01-03 00:48:33.763832: val auc 0.6009
2026-01-03 00:48:33.767189: Epoch time: 40.05 s
2026-01-03 00:48:34.498235: 
2026-01-03 00:48:34.502008: Epoch 142
2026-01-03 00:48:34.504836: Current learning rate: 0.00562
2026-01-03 00:49:14.338458: train_loss 0.6538
2026-01-03 00:49:14.343127: val_loss 0.8988
2026-01-03 00:49:14.346030: val classification accuracy 0.5714
2026-01-03 00:49:14.348891: val auc 0.5624
2026-01-03 00:49:14.352616: Epoch time: 39.84 s
2026-01-03 00:49:15.077067: 
2026-01-03 00:49:15.080700: Epoch 143
2026-01-03 00:49:15.083493: Current learning rate: 0.00558
2026-01-03 00:49:54.203181: train_loss 0.5687
2026-01-03 00:49:54.211664: val_loss 0.7526
2026-01-03 00:49:54.214180: val classification accuracy 0.6429
2026-01-03 00:49:54.216617: val auc 0.6893
2026-01-03 00:49:54.219106: Epoch time: 39.13 s
2026-01-03 00:49:54.919894: 
2026-01-03 00:49:54.923147: Epoch 144
2026-01-03 00:49:54.927118: Current learning rate: 0.00555
2026-01-03 00:50:34.411992: train_loss 0.5652
2026-01-03 00:50:34.458751: val_loss 2.7763
2026-01-03 00:50:34.462159: val classification accuracy 0.4762
2026-01-03 00:50:34.465056: val auc 0.4807
2026-01-03 00:50:34.468208: Epoch time: 39.49 s
2026-01-03 00:50:35.734995: 
2026-01-03 00:50:35.738931: Epoch 145
2026-01-03 00:50:35.741581: Current learning rate: 0.00552
2026-01-03 00:51:14.052305: train_loss 0.5497
2026-01-03 00:51:14.058017: val_loss 1.3878
2026-01-03 00:51:14.060777: val classification accuracy 0.4524
2026-01-03 00:51:14.063583: val auc 0.458
2026-01-03 00:51:14.066097: Epoch time: 38.32 s
2026-01-03 00:51:14.839363: 
2026-01-03 00:51:14.842688: Epoch 146
2026-01-03 00:51:14.845063: Current learning rate: 0.00549
2026-01-03 00:51:52.317475: train_loss 0.5819
2026-01-03 00:51:52.322354: val_loss 1.2062
2026-01-03 00:51:52.325194: val classification accuracy 0.4048
2026-01-03 00:51:52.328209: val auc 0.3878
2026-01-03 00:51:52.331281: Epoch time: 37.48 s
2026-01-03 00:51:53.044892: 
2026-01-03 00:51:53.048525: Epoch 147
2026-01-03 00:51:53.051154: Current learning rate: 0.00546
2026-01-03 00:52:29.239396: train_loss 0.5714
2026-01-03 00:52:29.276764: val_loss 1.3907
2026-01-03 00:52:29.296133: val classification accuracy 0.5
2026-01-03 00:52:29.299338: val auc 0.5805
2026-01-03 00:52:29.302302: Epoch time: 36.2 s
2026-01-03 00:52:30.044376: 
2026-01-03 00:52:30.047915: Epoch 148
2026-01-03 00:52:30.050285: Current learning rate: 0.00542
2026-01-03 00:53:07.811444: train_loss 0.6026
2026-01-03 00:53:07.824357: val_loss 1.3839
2026-01-03 00:53:07.827584: val classification accuracy 0.5238
2026-01-03 00:53:07.850211: val auc 0.4807
2026-01-03 00:53:07.853157: Epoch time: 37.77 s
2026-01-03 00:53:08.604779: 
2026-01-03 00:53:08.613372: Epoch 149
2026-01-03 00:53:08.619402: Current learning rate: 0.00539
2026-01-03 00:53:42.763594: train_loss 0.5594
2026-01-03 00:53:42.770274: val_loss 0.9789
2026-01-03 00:53:42.773172: val classification accuracy 0.5476
2026-01-03 00:53:42.775942: val auc 0.6111
2026-01-03 00:53:42.778908: Epoch time: 34.16 s
2026-01-03 00:53:44.016474: 
2026-01-03 00:53:44.019772: Epoch 150
2026-01-03 00:53:44.022114: Current learning rate: 0.00536
2026-01-03 00:54:21.690849: train_loss 0.5919
2026-01-03 00:54:21.695958: val_loss 1.0213
2026-01-03 00:54:21.698665: val classification accuracy 0.4762
2026-01-03 00:54:21.701257: val auc 0.4864
2026-01-03 00:54:21.703970: Epoch time: 37.68 s
2026-01-03 00:54:22.437365: 
2026-01-03 00:54:22.440894: Epoch 151
2026-01-03 00:54:22.443428: Current learning rate: 0.00533
2026-01-03 00:55:01.457756: train_loss 0.5897
2026-01-03 00:55:01.492630: val_loss 2.6678
2026-01-03 00:55:01.516075: val classification accuracy 0.4762
2026-01-03 00:55:01.519208: val auc 0.4864
2026-01-03 00:55:01.522412: Epoch time: 39.02 s
2026-01-03 00:55:02.258559: 
2026-01-03 00:55:02.262050: Epoch 152
2026-01-03 00:55:02.264739: Current learning rate: 0.00529
2026-01-03 00:55:41.826740: train_loss 0.5899
2026-01-03 00:55:41.834378: val_loss 2.5734
2026-01-03 00:55:41.837255: val classification accuracy 0.5238
2026-01-03 00:55:41.840218: val auc 0.5329
2026-01-03 00:55:41.844207: Epoch time: 39.57 s
2026-01-03 00:55:42.579350: 
2026-01-03 00:55:42.583026: Epoch 153
2026-01-03 00:55:42.585689: Current learning rate: 0.00526
2026-01-03 00:56:21.713727: train_loss 0.5846
2026-01-03 00:56:21.723189: val_loss 2.679
2026-01-03 00:56:21.726635: val classification accuracy 0.5238
2026-01-03 00:56:21.730024: val auc 0.4512
2026-01-03 00:56:21.733252: Epoch time: 39.14 s
2026-01-03 00:56:22.462914: 
2026-01-03 00:56:22.466446: Epoch 154
2026-01-03 00:56:22.472138: Current learning rate: 0.00523
2026-01-03 00:56:59.124699: train_loss 0.6039
2026-01-03 00:56:59.132336: val_loss 1.0288
2026-01-03 00:56:59.135357: val classification accuracy 0.5714
2026-01-03 00:56:59.138339: val auc 0.6667
2026-01-03 00:56:59.141197: Epoch time: 36.66 s
2026-01-03 00:57:00.426730: 
2026-01-03 00:57:00.430202: Epoch 155
2026-01-03 00:57:00.432726: Current learning rate: 0.0052
2026-01-03 00:57:37.224728: train_loss 0.6186
2026-01-03 00:57:37.228909: val_loss 1.0433
2026-01-03 00:57:37.231887: val classification accuracy 0.5
2026-01-03 00:57:37.234657: val auc 0.5125
2026-01-03 00:57:37.242306: Epoch time: 36.8 s
2026-01-03 00:57:37.980369: 
2026-01-03 00:57:37.983806: Epoch 156
2026-01-03 00:57:37.986175: Current learning rate: 0.00517
2026-01-03 00:58:13.923849: train_loss 0.6112
2026-01-03 00:58:13.931733: val_loss 1.0561
2026-01-03 00:58:13.934732: val classification accuracy 0.5714
2026-01-03 00:58:13.937537: val auc 0.585
2026-01-03 00:58:13.940272: Epoch time: 35.95 s
2026-01-03 00:58:14.680184: 
2026-01-03 00:58:14.683916: Epoch 157
2026-01-03 00:58:14.686541: Current learning rate: 0.00513
2026-01-03 00:58:50.582926: train_loss 0.5591
2026-01-03 00:58:50.587111: val_loss 1.3517
2026-01-03 00:58:50.590088: val classification accuracy 0.5476
2026-01-03 00:58:50.593071: val auc 0.5714
2026-01-03 00:58:50.595979: Epoch time: 35.9 s
2026-01-03 00:58:51.382979: 
2026-01-03 00:58:51.386229: Epoch 158
2026-01-03 00:58:51.388858: Current learning rate: 0.0051
2026-01-03 00:59:28.631249: train_loss 0.6208
2026-01-03 00:59:28.636040: val_loss 1.0867
2026-01-03 00:59:28.639015: val classification accuracy 0.6429
2026-01-03 00:59:28.641845: val auc 0.771
2026-01-03 00:59:28.644799: Epoch time: 37.25 s
2026-01-03 00:59:29.437764: 
2026-01-03 00:59:29.441277: Epoch 159
2026-01-03 00:59:29.443844: Current learning rate: 0.00507
2026-01-03 01:00:07.259965: train_loss 0.535
2026-01-03 01:00:07.264863: val_loss 2.8852
2026-01-03 01:00:07.267746: val classification accuracy 0.5238
2026-01-03 01:00:07.270395: val auc 0.4501
2026-01-03 01:00:07.273220: Epoch time: 37.82 s
2026-01-03 01:00:08.549593: 
2026-01-03 01:00:08.553363: Epoch 160
2026-01-03 01:00:08.556266: Current learning rate: 0.00504
2026-01-03 01:00:46.601136: train_loss 0.5498
2026-01-03 01:00:46.606396: val_loss 2.1534
2026-01-03 01:00:46.609265: val classification accuracy 0.5714
2026-01-03 01:00:46.611763: val auc 0.5816
2026-01-03 01:00:46.614382: Epoch time: 38.05 s
2026-01-03 01:00:47.448029: 
2026-01-03 01:00:47.451563: Epoch 161
2026-01-03 01:00:47.454204: Current learning rate: 0.005
2026-01-03 01:01:26.132911: train_loss 0.63
2026-01-03 01:01:26.137352: val_loss 1.0128
2026-01-03 01:01:26.141762: val classification accuracy 0.5238
2026-01-03 01:01:26.159212: val auc 0.61
2026-01-03 01:01:26.162446: Epoch time: 38.69 s
2026-01-03 01:01:26.939060: 
2026-01-03 01:01:26.942286: Epoch 162
2026-01-03 01:01:26.944952: Current learning rate: 0.00497
2026-01-03 01:02:05.286389: train_loss 0.5963
2026-01-03 01:02:05.290581: val_loss 1.243
2026-01-03 01:02:05.293132: val classification accuracy 0.381
2026-01-03 01:02:05.295763: val auc 0.4036
2026-01-03 01:02:05.298525: Epoch time: 38.35 s
2026-01-03 01:02:06.052662: 
2026-01-03 01:02:06.055956: Epoch 163
2026-01-03 01:02:06.058414: Current learning rate: 0.00494
2026-01-03 01:02:43.692153: train_loss 0.5859
2026-01-03 01:02:43.698486: val_loss 1.174
2026-01-03 01:02:43.701399: val classification accuracy 0.5952
2026-01-03 01:02:43.704218: val auc 0.5488
2026-01-03 01:02:43.707463: Epoch time: 37.64 s
2026-01-03 01:02:44.454111: 
2026-01-03 01:02:44.457621: Epoch 164
2026-01-03 01:02:44.460446: Current learning rate: 0.00491
2026-01-03 01:03:22.947296: train_loss 0.6259
2026-01-03 01:03:22.986328: val_loss 0.9438
2026-01-03 01:03:22.989638: val classification accuracy 0.5
2026-01-03 01:03:22.992740: val auc 0.5397
2026-01-03 01:03:22.995741: Epoch time: 38.49 s
2026-01-03 01:03:24.252377: 
2026-01-03 01:03:24.256380: Epoch 165
2026-01-03 01:03:24.259140: Current learning rate: 0.00487
2026-01-03 01:04:01.556542: train_loss 0.5972
2026-01-03 01:04:01.560732: val_loss 1.0247
2026-01-03 01:04:01.563599: val classification accuracy 0.5476
2026-01-03 01:04:01.576169: val auc 0.5079
2026-01-03 01:04:01.599892: Epoch time: 37.31 s
2026-01-03 01:04:02.353883: 
2026-01-03 01:04:02.357545: Epoch 166
2026-01-03 01:04:02.360100: Current learning rate: 0.00484
2026-01-03 01:04:40.655740: train_loss 0.5731
2026-01-03 01:04:40.660477: val_loss 1.0389
2026-01-03 01:04:40.681139: val classification accuracy 0.4048
2026-01-03 01:04:40.684267: val auc 0.3844
2026-01-03 01:04:40.709090: Epoch time: 38.3 s
2026-01-03 01:04:41.462663: 
2026-01-03 01:04:41.466347: Epoch 167
2026-01-03 01:04:41.469082: Current learning rate: 0.00481
2026-01-03 01:05:19.909698: train_loss 0.6246
2026-01-03 01:05:19.914471: val_loss 1.1928
2026-01-03 01:05:19.917322: val classification accuracy 0.4286
2026-01-03 01:05:19.920190: val auc 0.4399
2026-01-03 01:05:19.922797: Epoch time: 38.45 s
2026-01-03 01:05:20.689766: 
2026-01-03 01:05:20.692884: Epoch 168
2026-01-03 01:05:20.695373: Current learning rate: 0.00478
2026-01-03 01:05:58.544170: train_loss 0.58
2026-01-03 01:05:58.548837: val_loss 0.9166
2026-01-03 01:05:58.551840: val classification accuracy 0.5476
2026-01-03 01:05:58.555314: val auc 0.6508
2026-01-03 01:05:58.558193: Epoch time: 37.86 s
2026-01-03 01:05:59.288076: 
2026-01-03 01:05:59.291790: Epoch 169
2026-01-03 01:05:59.294520: Current learning rate: 0.00474
2026-01-03 01:06:37.656759: train_loss 0.6039
2026-01-03 01:06:37.660606: val_loss 0.8842
2026-01-03 01:06:37.663213: val classification accuracy 0.5476
2026-01-03 01:06:37.666074: val auc 0.5782
2026-01-03 01:06:37.668617: Epoch time: 38.37 s
2026-01-03 01:06:38.400779: 
2026-01-03 01:06:38.404052: Epoch 170
2026-01-03 01:06:38.406478: Current learning rate: 0.00471
2026-01-03 01:07:17.691283: train_loss 0.598
2026-01-03 01:07:17.695776: val_loss 1.0568
2026-01-03 01:07:17.698762: val classification accuracy 0.4762
2026-01-03 01:07:17.701925: val auc 0.4807
2026-01-03 01:07:17.705233: Epoch time: 39.29 s
2026-01-03 01:07:18.444972: 
2026-01-03 01:07:18.448359: Epoch 171
2026-01-03 01:07:18.450941: Current learning rate: 0.00468
2026-01-03 01:07:55.829202: train_loss 0.5883
2026-01-03 01:07:55.833230: val_loss 0.9166
2026-01-03 01:07:55.835965: val classification accuracy 0.5714
2026-01-03 01:07:55.838717: val auc 0.5918
2026-01-03 01:07:55.841772: Epoch time: 37.39 s
2026-01-03 01:07:56.578935: 
2026-01-03 01:07:56.582174: Epoch 172
2026-01-03 01:07:56.584939: Current learning rate: 0.00465
2026-01-03 01:08:34.902940: train_loss 0.5786
2026-01-03 01:08:34.912408: val_loss 0.8897
2026-01-03 01:08:34.923882: val classification accuracy 0.5476
2026-01-03 01:08:34.926859: val auc 0.6259
2026-01-03 01:08:34.929865: Epoch time: 38.33 s
2026-01-03 01:08:35.684727: 
2026-01-03 01:08:35.688366: Epoch 173
2026-01-03 01:08:35.690918: Current learning rate: 0.00461
2026-01-03 01:09:14.426847: train_loss 0.5621
2026-01-03 01:09:14.430930: val_loss 1.9093
2026-01-03 01:09:14.433563: val classification accuracy 0.5
2026-01-03 01:09:14.436200: val auc 0.381
2026-01-03 01:09:14.439106: Epoch time: 38.74 s
2026-01-03 01:09:15.195658: 
2026-01-03 01:09:15.198972: Epoch 174
2026-01-03 01:09:15.201570: Current learning rate: 0.00458
2026-01-03 01:09:51.523770: train_loss 0.6205
2026-01-03 01:09:51.532512: val_loss 0.8279
2026-01-03 01:09:51.535329: val classification accuracy 0.6429
2026-01-03 01:09:51.538599: val auc 0.6349
2026-01-03 01:09:51.542430: Epoch time: 36.33 s
2026-01-03 01:09:52.270252: 
2026-01-03 01:09:52.274261: Epoch 175
2026-01-03 01:09:52.277023: Current learning rate: 0.00455
2026-01-03 01:10:30.783481: train_loss 0.5825
2026-01-03 01:10:30.787814: val_loss 1.9358
2026-01-03 01:10:30.790634: val classification accuracy 0.6429
2026-01-03 01:10:30.793365: val auc 0.559
2026-01-03 01:10:30.795830: Epoch time: 38.51 s
2026-01-03 01:10:31.537193: 
2026-01-03 01:10:31.540601: Epoch 176
2026-01-03 01:10:31.543082: Current learning rate: 0.00452
2026-01-03 01:11:10.173342: train_loss 0.5601
2026-01-03 01:11:10.185964: val_loss 0.8849
2026-01-03 01:11:10.195275: val classification accuracy 0.619
2026-01-03 01:11:10.198092: val auc 0.6168
2026-01-03 01:11:10.201090: Epoch time: 38.64 s
2026-01-03 01:11:10.952490: 
2026-01-03 01:11:10.956169: Epoch 177
2026-01-03 01:11:10.958894: Current learning rate: 0.00448
2026-01-03 01:11:48.461928: train_loss 0.6614
2026-01-03 01:11:48.498862: val_loss 0.6928
2026-01-03 01:11:48.502582: val classification accuracy 0.6905
2026-01-03 01:11:48.505732: val auc 0.6848
2026-01-03 01:11:48.509266: Epoch time: 37.51 s
2026-01-03 01:11:49.261258: 
2026-01-03 01:11:49.264613: Epoch 178
2026-01-03 01:11:49.267388: Current learning rate: 0.00445
2026-01-03 01:12:27.092072: train_loss 0.6273
2026-01-03 01:12:27.096581: val_loss 2.9309
2026-01-03 01:12:27.099294: val classification accuracy 0.4762
2026-01-03 01:12:27.102225: val auc 0.4694
2026-01-03 01:12:27.105259: Epoch time: 37.83 s
2026-01-03 01:12:27.827025: 
2026-01-03 01:12:27.830397: Epoch 179
2026-01-03 01:12:27.832769: Current learning rate: 0.00442
2026-01-03 01:13:08.098278: train_loss 0.5442
2026-01-03 01:13:08.102172: val_loss 1.5112
2026-01-03 01:13:08.105068: val classification accuracy 0.5238
2026-01-03 01:13:08.107634: val auc 0.3968
2026-01-03 01:13:08.110139: Epoch time: 40.27 s
2026-01-03 01:13:09.361260: 
2026-01-03 01:13:09.364819: Epoch 180
2026-01-03 01:13:09.367458: Current learning rate: 0.00438
2026-01-03 01:13:47.338262: train_loss 0.6277
2026-01-03 01:13:47.343223: val_loss 0.9633
2026-01-03 01:13:47.346453: val classification accuracy 0.4286
2026-01-03 01:13:47.350021: val auc 0.4036
2026-01-03 01:13:47.365450: Epoch time: 37.98 s
2026-01-03 01:13:48.106799: 
2026-01-03 01:13:48.110352: Epoch 181
2026-01-03 01:13:48.112988: Current learning rate: 0.00435
2026-01-03 01:14:28.508634: train_loss 0.5716
2026-01-03 01:14:28.512500: val_loss 0.7954
2026-01-03 01:14:28.514995: val classification accuracy 0.6429
2026-01-03 01:14:28.519035: val auc 0.6621
2026-01-03 01:14:28.521884: Epoch time: 40.4 s
2026-01-03 01:14:29.300774: 
2026-01-03 01:14:29.304468: Epoch 182
2026-01-03 01:14:29.307080: Current learning rate: 0.00432
2026-01-03 01:15:07.206255: train_loss 0.5682
2026-01-03 01:15:07.211215: val_loss 1.1355
2026-01-03 01:15:07.214094: val classification accuracy 0.5476
2026-01-03 01:15:07.234370: val auc 0.4932
2026-01-03 01:15:07.237322: Epoch time: 37.91 s
2026-01-03 01:15:07.978473: 
2026-01-03 01:15:07.984681: Epoch 183
2026-01-03 01:15:08.000475: Current learning rate: 0.00429
2026-01-03 01:15:50.137686: train_loss 0.6214
2026-01-03 01:15:50.150829: val_loss 1.1091
2026-01-03 01:15:50.153981: val classification accuracy 0.5952
2026-01-03 01:15:50.157100: val auc 0.644
2026-01-03 01:15:50.160195: Epoch time: 42.16 s
2026-01-03 01:15:50.883403: 
2026-01-03 01:15:50.887074: Epoch 184
2026-01-03 01:15:50.889583: Current learning rate: 0.00425
2026-01-03 01:16:33.518520: train_loss 0.5618
2026-01-03 01:16:33.523347: val_loss 0.8216
2026-01-03 01:16:33.527246: val classification accuracy 0.5714
2026-01-03 01:16:33.568670: val auc 0.6893
2026-01-03 01:16:33.571975: Epoch time: 42.64 s
2026-01-03 01:16:34.818170: 
2026-01-03 01:16:34.821620: Epoch 185
2026-01-03 01:16:34.824066: Current learning rate: 0.00422
2026-01-03 01:17:12.821235: train_loss 0.5726
2026-01-03 01:17:12.850393: val_loss 1.1261
2026-01-03 01:17:12.853935: val classification accuracy 0.4048
2026-01-03 01:17:12.857012: val auc 0.458
2026-01-03 01:17:12.876064: Epoch time: 38.0 s
2026-01-03 01:17:13.608713: 
2026-01-03 01:17:13.612019: Epoch 186
2026-01-03 01:17:13.614420: Current learning rate: 0.00419
2026-01-03 01:17:52.507375: train_loss 0.5674
2026-01-03 01:17:52.519199: val_loss 1.1091
2026-01-03 01:17:52.522319: val classification accuracy 0.5
2026-01-03 01:17:52.525155: val auc 0.5125
2026-01-03 01:17:52.527767: Epoch time: 38.9 s
2026-01-03 01:17:53.288839: 
2026-01-03 01:17:53.292361: Epoch 187
2026-01-03 01:17:53.295087: Current learning rate: 0.00415
2026-01-03 01:18:31.355862: train_loss 0.5461
2026-01-03 01:18:31.367254: val_loss 0.7627
2026-01-03 01:18:31.370431: val classification accuracy 0.619
2026-01-03 01:18:31.373311: val auc 0.6553
2026-01-03 01:18:31.376652: Epoch time: 38.07 s
2026-01-03 01:18:32.103747: 
2026-01-03 01:18:32.107348: Epoch 188
2026-01-03 01:18:32.110070: Current learning rate: 0.00412
2026-01-03 01:19:11.473723: train_loss 0.6184
2026-01-03 01:19:11.478475: val_loss 0.7478
2026-01-03 01:19:11.481020: val classification accuracy 0.6667
2026-01-03 01:19:11.483694: val auc 0.6735
2026-01-03 01:19:11.486306: Epoch time: 39.37 s
2026-01-03 01:19:12.236098: 
2026-01-03 01:19:12.239498: Epoch 189
2026-01-03 01:19:12.242182: Current learning rate: 0.00409
2026-01-03 01:19:50.612415: train_loss 0.5817
2026-01-03 01:19:50.625272: val_loss 1.1189
2026-01-03 01:19:50.628011: val classification accuracy 0.5476
2026-01-03 01:19:50.630910: val auc 0.5397
2026-01-03 01:19:50.633791: Epoch time: 38.38 s
2026-01-03 01:19:51.361345: 
2026-01-03 01:19:51.364712: Epoch 190
2026-01-03 01:19:51.367060: Current learning rate: 0.00405
2026-01-03 01:20:32.205103: train_loss 0.5329
2026-01-03 01:20:32.215436: val_loss 0.7737
2026-01-03 01:20:32.218507: val classification accuracy 0.619
2026-01-03 01:20:32.222169: val auc 0.6961
2026-01-03 01:20:32.225422: Epoch time: 40.85 s
2026-01-03 01:20:32.952134: 
2026-01-03 01:20:32.955578: Epoch 191
2026-01-03 01:20:32.958129: Current learning rate: 0.00402
2026-01-03 01:21:10.296912: train_loss 0.5702
2026-01-03 01:21:10.317571: val_loss 0.9767
2026-01-03 01:21:10.334406: val classification accuracy 0.619
2026-01-03 01:21:10.337507: val auc 0.6145
2026-01-03 01:21:10.340863: Epoch time: 37.35 s
2026-01-03 01:21:11.053830: 
2026-01-03 01:21:11.057336: Epoch 192
2026-01-03 01:21:11.060118: Current learning rate: 0.00399
2026-01-03 01:21:50.963339: train_loss 0.5302
2026-01-03 01:21:50.970422: val_loss 1.0518
2026-01-03 01:21:50.973663: val classification accuracy 0.5714
2026-01-03 01:21:50.976590: val auc 0.6281
2026-01-03 01:21:50.979595: Epoch time: 39.91 s
2026-01-03 01:21:51.719151: 
2026-01-03 01:21:51.722771: Epoch 193
2026-01-03 01:21:51.725494: Current learning rate: 0.00395
2026-01-03 01:22:30.930729: train_loss 0.6429
2026-01-03 01:22:30.987688: val_loss 0.876
2026-01-03 01:22:30.992433: val classification accuracy 0.5952
2026-01-03 01:22:30.995333: val auc 0.6576
2026-01-03 01:22:30.998285: Epoch time: 39.21 s
2026-01-03 01:22:31.708032: 
2026-01-03 01:22:31.711775: Epoch 194
2026-01-03 01:22:31.714423: Current learning rate: 0.00392
2026-01-03 01:23:12.137703: train_loss 0.6036
2026-01-03 01:23:12.146185: val_loss 1.0559
2026-01-03 01:23:12.148947: val classification accuracy 0.619
2026-01-03 01:23:12.151766: val auc 0.6236
2026-01-03 01:23:12.154480: Epoch time: 40.43 s
2026-01-03 01:23:12.869157: 
2026-01-03 01:23:12.872329: Epoch 195
2026-01-03 01:23:12.874613: Current learning rate: 0.00389
2026-01-03 01:23:49.575693: train_loss 0.5672
2026-01-03 01:23:49.579729: val_loss 1.8814
2026-01-03 01:23:49.582441: val classification accuracy 0.619
2026-01-03 01:23:49.585246: val auc 0.644
2026-01-03 01:23:49.588178: Epoch time: 36.71 s
2026-01-03 01:23:50.335251: 
2026-01-03 01:23:50.338585: Epoch 196
2026-01-03 01:23:50.341150: Current learning rate: 0.00385
2026-01-03 01:24:27.980809: train_loss 0.5563
2026-01-03 01:24:27.993744: val_loss 1.1772
2026-01-03 01:24:27.996842: val classification accuracy 0.5952
2026-01-03 01:24:28.018456: val auc 0.6077
2026-01-03 01:24:28.035066: Epoch time: 37.65 s
2026-01-03 01:24:28.796216: 
2026-01-03 01:24:28.799953: Epoch 197
2026-01-03 01:24:28.802835: Current learning rate: 0.00382
2026-01-03 01:25:05.630072: train_loss 0.5567
2026-01-03 01:25:05.667721: val_loss 1.1894
2026-01-03 01:25:05.670869: val classification accuracy 0.6429
2026-01-03 01:25:05.680306: val auc 0.5873
2026-01-03 01:25:05.683369: Epoch time: 36.84 s
2026-01-03 01:25:06.443466: 
2026-01-03 01:25:06.447320: Epoch 198
2026-01-03 01:25:06.450254: Current learning rate: 0.00379
2026-01-03 01:25:46.547318: train_loss 0.5863
2026-01-03 01:25:46.554403: val_loss 0.6769
2026-01-03 01:25:46.557632: val classification accuracy 0.6429
2026-01-03 01:25:46.560670: val auc 0.746
2026-01-03 01:25:46.563952: Epoch time: 40.11 s
2026-01-03 01:25:47.323182: 
2026-01-03 01:25:47.326468: Epoch 199
2026-01-03 01:25:47.329117: Current learning rate: 0.00375
2026-01-03 01:26:26.758031: train_loss 0.5871
2026-01-03 01:26:26.796408: val_loss 1.7729
2026-01-03 01:26:26.799650: val classification accuracy 0.5
2026-01-03 01:26:26.802776: val auc 0.4422
2026-01-03 01:26:26.805680: Epoch time: 39.44 s
2026-01-03 01:26:27.546387: 
2026-01-03 01:26:27.550207: Epoch 200
2026-01-03 01:26:27.552895: Current learning rate: 0.00372
2026-01-03 01:27:05.088392: train_loss 0.5598
2026-01-03 01:27:05.092912: val_loss 0.9955
2026-01-03 01:27:05.095987: val classification accuracy 0.4762
2026-01-03 01:27:05.098826: val auc 0.5624
2026-01-03 01:27:05.101662: Epoch time: 37.54 s
2026-01-03 01:27:05.831427: 
2026-01-03 01:27:05.834629: Epoch 201
2026-01-03 01:27:05.837140: Current learning rate: 0.00369
2026-01-03 01:27:42.559323: train_loss 0.6021
2026-01-03 01:27:42.563279: val_loss 1.2314
2026-01-03 01:27:42.566518: val classification accuracy 0.4762
2026-01-03 01:27:42.569513: val auc 0.4626
2026-01-03 01:27:42.572576: Epoch time: 36.73 s
2026-01-03 01:27:43.302710: 
2026-01-03 01:27:43.306072: Epoch 202
2026-01-03 01:27:43.308683: Current learning rate: 0.00365
2026-01-03 01:28:24.352011: train_loss 0.593
2026-01-03 01:28:24.357399: val_loss 1.528
2026-01-03 01:28:24.360543: val classification accuracy 0.5714
2026-01-03 01:28:24.363799: val auc 0.5714
2026-01-03 01:28:24.367027: Epoch time: 41.05 s
2026-01-03 01:28:25.117964: 
2026-01-03 01:28:25.121189: Epoch 203
2026-01-03 01:28:25.123821: Current learning rate: 0.00362
2026-01-03 01:29:03.384000: train_loss 0.5673
2026-01-03 01:29:03.388484: val_loss 1.0594
2026-01-03 01:29:03.391905: val classification accuracy 0.5952
2026-01-03 01:29:03.395088: val auc 0.6621
2026-01-03 01:29:03.398088: Epoch time: 38.27 s
2026-01-03 01:29:03.400637: Early stopping triggered at epoch 203. Best val_losses=0.4728
2026-01-03 01:29:04.170391: Stopping training early due to early stopping criterion.
2026-01-03 01:29:04.871589: Training done.
2026-01-03 01:29:04.883057: Skipping perform_actual_validation for classification trainer (segmentation-style sliding window is not applicable).
[1;34mwandb[0m: 
[1;34mwandb[0m:  View run [33mDenseNetTrainer_ep300_NoMirroring_x2_fold4[0m at: [34m[0m
[1;34mwandb[0m: Find logs at: [1;35m../../tmp/wandb/wandb/run-20260102_231412-ljxyx2r0/logs[0m
