Using device: cuda:0

#######################################################################
Please cite the following paper when using nnU-Net:
Isensee, F., Jaeger, P. F., Kohl, S. A., Petersen, J., & Maier-Hein, K. H. (2021). nnU-Net: a self-configuring method for deep learning-based biomedical image segmentation. Nature methods, 18(2), 203-211.
#######################################################################

2026-01-03 04:26:51.435818: Using torch.compile...
2026-01-03 04:26:57.139331: do_dummy_2d_data_aug: False
2026-01-03 04:26:57.143375: Using splits from existing split file: /hpf/projects/jquon/sumin/nnUNet_data/nnUNet_preprocessed/Dataset033_AVM_T1+C/splits_final.json
2026-01-03 04:26:57.147207: The split file contains 11 splits.
2026-01-03 04:26:57.149171: Desired fold for training: 7
2026-01-03 04:26:57.151303: This split has 464 training and 48 validation cases.
using pin_memory on device 0
using pin_memory on device 0

This is the configuration used by this training:
Configuration name: 3d_fullres
 {'data_identifier': 'nnUNetPlans_3d_fullres', 'preprocessor_name': 'DefaultPreprocessor', 'batch_size': 2, 'patch_size': [160, 224, 192], 'median_image_size_in_voxels': [344.0, 448.0, 429.0], 'spacing': [0.500000923871994, 0.4910714328289032, 0.4910714328289032], 'normalization_schemes': ['ZScoreNormalization'], 'use_mask_for_norm': [False], 'resampling_fn_data': 'resample_data_or_seg_to_shape', 'resampling_fn_seg': 'resample_data_or_seg_to_shape', 'resampling_fn_data_kwargs': {'is_seg': False, 'order': 3, 'order_z': 0, 'force_separate_z': None}, 'resampling_fn_seg_kwargs': {'is_seg': True, 'order': 1, 'order_z': 0, 'force_separate_z': None}, 'resampling_fn_probabilities': 'resample_data_or_seg_to_shape', 'resampling_fn_probabilities_kwargs': {'is_seg': False, 'order': 1, 'order_z': 0, 'force_separate_z': None}, 'architecture': {'network_class_name': 'dynamic_network_architectures.architectures.unet.ResidualEncoderUNet', 'arch_kwargs': {'n_stages': 6, 'features_per_stage': [32, 64, 128, 256, 320, 320], 'conv_op': 'torch.nn.modules.conv.Conv3d', 'kernel_sizes': [[3, 3, 3], [3, 3, 3], [3, 3, 3], [3, 3, 3], [3, 3, 3], [3, 3, 3]], 'strides': [[1, 1, 1], [2, 2, 2], [2, 2, 2], [2, 2, 2], [2, 2, 2], [2, 2, 2]], 'n_blocks_per_stage': [1, 3, 4, 6, 6, 6], 'n_conv_per_stage_decoder': [1, 1, 1, 1, 1], 'conv_bias': True, 'norm_op': 'torch.nn.modules.instancenorm.InstanceNorm3d', 'norm_op_kwargs': {'eps': 1e-05, 'affine': True}, 'dropout_op': None, 'dropout_op_kwargs': None, 'nonlin': 'torch.nn.LeakyReLU', 'nonlin_kwargs': {'inplace': True}}, '_kw_requires_import': ['conv_op', 'norm_op', 'dropout_op', 'nonlin']}, 'batch_dice': True} 

These are the global plan.json settings:
 {'dataset_name': 'Dataset033_AVM_T1+C', 'plans_name': 'nnUNetResEncUNetLPlans', 'original_median_spacing_after_transp': [0.500000923871994, 0.4910714328289032, 0.4910714328289032], 'original_median_shape_after_transp': [330, 448, 424], 'image_reader_writer': 'SimpleITKIO', 'transpose_forward': [0, 1, 2], 'transpose_backward': [0, 1, 2], 'experiment_planner_used': 'nnUNetPlannerResEncL', 'label_manager': 'LabelManager', 'foreground_intensity_properties_per_channel': {'0': {'max': 12113.0, 'mean': 449.843505859375, 'median': 311.0, 'min': 0.0, 'percentile_00_5': 34.0, 'percentile_99_5': 3202.0, 'std': 471.56329345703125}}} 

2026-01-03 04:26:59.399663: Unable to plot network architecture: nnUNet_compile is enabled!
2026-01-03 04:26:59.420090: 
2026-01-03 04:26:59.423861: Epoch 0
2026-01-03 04:26:59.425753: Current learning rate: 0.01
2026-01-03 04:28:13.178526: train_loss 1.6541
2026-01-03 04:28:13.182857: val_loss 18.582
2026-01-03 04:28:13.186190: val classification accuracy 0.6042
2026-01-03 04:28:13.188639: val auc 0.5677
2026-01-03 04:28:13.190881: Epoch time: 73.76 s
2026-01-03 04:28:13.192815: Yayy! New best EMA pseudo Dice: 0.5677
2026-01-03 04:28:13.880513: Yayy! New best classification accuracy: 0.6042
2026-01-03 04:28:15.364873: 
2026-01-03 04:28:15.367684: Epoch 1
2026-01-03 04:28:15.369789: Current learning rate: 0.00997
2026-01-03 04:28:56.404534: WARNING: NaNs or Infs in validation probabilities at epoch 1. Sanitizing with nan_to_num before metrics.
2026-01-03 04:28:56.427837: train_loss 2.3794
2026-01-03 04:28:56.430592: val_loss nan
2026-01-03 04:28:56.432765: val classification accuracy 0.25
2026-01-03 04:28:56.439295: val auc 0.2309
2026-01-03 04:28:56.485534: Epoch time: 41.06 s
2026-01-03 04:28:57.224707: 
2026-01-03 04:28:57.227319: Epoch 2
2026-01-03 04:28:57.229232: Current learning rate: 0.00994
2026-01-03 04:29:38.795005: train_loss 1.3882
2026-01-03 04:29:38.819035: val_loss 1.2099
2026-01-03 04:29:38.821321: val classification accuracy 0.5
2026-01-03 04:29:38.823517: val auc 0.6727
2026-01-03 04:29:38.825380: Epoch time: 41.57 s
2026-01-03 04:29:38.827160: Yayy! New best EMA pseudo Dice: 0.6727
2026-01-03 04:29:40.441663: 
2026-01-03 04:29:40.444181: Epoch 3
2026-01-03 04:29:40.445904: Current learning rate: 0.00991
2026-01-03 04:30:23.277153: train_loss 0.7901
2026-01-03 04:30:23.280324: val_loss 5.9501
2026-01-03 04:30:23.282248: val classification accuracy 0.5417
2026-01-03 04:30:23.284060: val auc 0.572
2026-01-03 04:30:23.285732: Epoch time: 42.84 s
2026-01-03 04:30:24.007062: 
2026-01-03 04:30:24.009646: Epoch 4
2026-01-03 04:30:24.011316: Current learning rate: 0.00988
2026-01-03 04:31:01.612809: train_loss 0.7811
2026-01-03 04:31:01.617185: val_loss 1.7302
2026-01-03 04:31:01.619237: val classification accuracy 0.6042
2026-01-03 04:31:01.621096: val auc 0.6085
2026-01-03 04:31:01.623507: Epoch time: 37.61 s
2026-01-03 04:31:02.415940: 
2026-01-03 04:31:02.419618: Epoch 5
2026-01-03 04:31:02.421463: Current learning rate: 0.00985
2026-01-03 04:31:43.889863: train_loss 0.7142
2026-01-03 04:31:43.893419: val_loss 0.9484
2026-01-03 04:31:43.895533: val classification accuracy 0.5208
2026-01-03 04:31:43.897636: val auc 0.5981
2026-01-03 04:31:43.899754: Epoch time: 41.48 s
2026-01-03 04:31:44.649802: 
2026-01-03 04:31:44.652705: Epoch 6
2026-01-03 04:31:44.654740: Current learning rate: 0.00982
2026-01-03 04:32:22.933161: train_loss 0.6718
2026-01-03 04:32:22.936834: val_loss 1.8325
2026-01-03 04:32:22.938843: val classification accuracy 0.5
2026-01-03 04:32:22.941040: val auc 0.5477
2026-01-03 04:32:22.943167: Epoch time: 38.28 s
2026-01-03 04:32:23.716781: 
2026-01-03 04:32:23.719418: Epoch 7
2026-01-03 04:32:23.720979: Current learning rate: 0.00979
2026-01-03 04:33:03.672775: train_loss 0.7135
2026-01-03 04:33:03.688121: val_loss 2.208
2026-01-03 04:33:03.692614: val classification accuracy 0.6042
2026-01-03 04:33:03.706317: val auc 0.6094
2026-01-03 04:33:03.708763: Epoch time: 39.96 s
2026-01-03 04:33:04.454893: 
2026-01-03 04:33:04.458071: Epoch 8
2026-01-03 04:33:04.460093: Current learning rate: 0.00976
2026-01-03 04:33:43.641235: train_loss 0.6703
2026-01-03 04:33:43.652236: val_loss 3.4915
2026-01-03 04:33:43.654688: val classification accuracy 0.4792
2026-01-03 04:33:43.657187: val auc 0.2509
2026-01-03 04:33:43.659485: Epoch time: 39.19 s
2026-01-03 04:33:44.389106: 
2026-01-03 04:33:44.392150: Epoch 9
2026-01-03 04:33:44.394173: Current learning rate: 0.00973
2026-01-03 04:34:22.961577: train_loss 0.6895
2026-01-03 04:34:22.964725: val_loss 17.046
2026-01-03 04:34:22.966771: val classification accuracy 0.3958
2026-01-03 04:34:22.968796: val auc 0.3663
2026-01-03 04:34:22.970790: Epoch time: 38.57 s
2026-01-03 04:34:23.732588: 
2026-01-03 04:34:23.735395: Epoch 10
2026-01-03 04:34:23.737211: Current learning rate: 0.0097
2026-01-03 04:35:03.740989: train_loss 0.6721
2026-01-03 04:35:03.747305: val_loss 0.8854
2026-01-03 04:35:03.750501: val classification accuracy 0.5208
2026-01-03 04:35:03.753550: val auc 0.4392
2026-01-03 04:35:03.755858: Epoch time: 40.01 s
2026-01-03 04:35:04.530027: 
2026-01-03 04:35:04.533148: Epoch 11
2026-01-03 04:35:04.535384: Current learning rate: 0.00967
2026-01-03 04:35:45.646704: WARNING: NaNs or Infs in validation probabilities at epoch 11. Sanitizing with nan_to_num before metrics.
2026-01-03 04:35:45.673664: train_loss 0.6795
2026-01-03 04:35:45.676376: val_loss nan
2026-01-03 04:35:45.678562: val classification accuracy 0.4375
2026-01-03 04:35:45.680939: val auc 0.4036
2026-01-03 04:35:45.683458: Epoch time: 41.15 s
2026-01-03 04:35:46.417905: 
2026-01-03 04:35:46.420969: Epoch 12
2026-01-03 04:35:46.423254: Current learning rate: 0.00964
2026-01-03 04:36:25.028526: train_loss 0.6765
2026-01-03 04:36:25.033219: val_loss 4.0677
2026-01-03 04:36:25.036216: val classification accuracy 0.4583
2026-01-03 04:36:25.038818: val auc 0.4436
2026-01-03 04:36:25.041239: Epoch time: 38.61 s
2026-01-03 04:36:25.765384: 
2026-01-03 04:36:25.768671: Epoch 13
2026-01-03 04:36:25.770959: Current learning rate: 0.00961
2026-01-03 04:37:04.305042: train_loss 0.6907
2026-01-03 04:37:04.352078: val_loss 3.8382
2026-01-03 04:37:04.380020: val classification accuracy 0.5208
2026-01-03 04:37:04.382587: val auc 0.5408
2026-01-03 04:37:04.384909: Epoch time: 38.54 s
2026-01-03 04:37:05.108082: 
2026-01-03 04:37:05.111377: Epoch 14
2026-01-03 04:37:05.113672: Current learning rate: 0.00958
2026-01-03 04:37:42.937262: train_loss 0.6887
2026-01-03 04:37:42.951065: val_loss 0.7429
2026-01-03 04:37:42.954037: val classification accuracy 0.5208
2026-01-03 04:37:42.957255: val auc 0.6285
2026-01-03 04:37:42.960006: Epoch time: 37.83 s
2026-01-03 04:37:43.692173: 
2026-01-03 04:37:43.696206: Epoch 15
2026-01-03 04:37:43.698913: Current learning rate: 0.00955
2026-01-03 04:38:22.756096: train_loss 0.6544
2026-01-03 04:38:22.772308: val_loss 6.2254
2026-01-03 04:38:22.774820: val classification accuracy 0.625
2026-01-03 04:38:22.778513: val auc 0.6372
2026-01-03 04:38:22.781198: Epoch time: 39.07 s
2026-01-03 04:38:22.783567: Yayy! New best classification accuracy: 0.625
2026-01-03 04:38:24.234359: 
2026-01-03 04:38:24.237515: Epoch 16
2026-01-03 04:38:24.239670: Current learning rate: 0.00952
2026-01-03 04:39:02.468143: train_loss 0.6715
2026-01-03 04:39:02.474913: val_loss 1.7523
2026-01-03 04:39:02.477812: val classification accuracy 0.6458
2026-01-03 04:39:02.480788: val auc 0.5608
2026-01-03 04:39:02.483618: Epoch time: 38.24 s
2026-01-03 04:39:02.486146: Yayy! New best classification accuracy: 0.6458
2026-01-03 04:39:03.921649: 
2026-01-03 04:39:03.924989: Epoch 17
2026-01-03 04:39:03.927243: Current learning rate: 0.00949
2026-01-03 04:39:41.133551: train_loss 0.6489
2026-01-03 04:39:41.137127: val_loss 4.7173
2026-01-03 04:39:41.139535: val classification accuracy 0.4792
2026-01-03 04:39:41.142167: val auc 0.5443
2026-01-03 04:39:41.144783: Epoch time: 37.21 s
2026-01-03 04:39:42.291597: 
2026-01-03 04:39:42.294797: Epoch 18
2026-01-03 04:39:42.296873: Current learning rate: 0.00946
2026-01-03 04:40:20.892526: train_loss 0.6501
2026-01-03 04:40:20.912658: val_loss 2.3049
2026-01-03 04:40:20.915462: val classification accuracy 0.3958
2026-01-03 04:40:20.918365: val auc 0.3281
2026-01-03 04:40:20.921229: Epoch time: 38.6 s
2026-01-03 04:40:21.663090: 
2026-01-03 04:40:21.666261: Epoch 19
2026-01-03 04:40:21.668524: Current learning rate: 0.00943
2026-01-03 04:41:01.932172: train_loss 0.6964
2026-01-03 04:41:01.951294: val_loss 0.7466
2026-01-03 04:41:01.980683: val classification accuracy 0.4375
2026-01-03 04:41:01.987522: val auc 0.5069
2026-01-03 04:41:01.990662: Epoch time: 40.27 s
2026-01-03 04:41:02.679197: Saved periodic checkpoint /hpf/projects/jquon/sumin/nnUNet_data/nnUNet_results/Dataset033_AVM_T1+C/DenseNetTrainer_ep300_NoMirroring_x2__nnUNetResEncUNetLPlans__3d_fullres/fold_7/checkpoint_every20_best_balacc.pth at epoch 19 with val_balanced_accuracy=0.4375
2026-01-03 04:41:03.441327: Saved periodic checkpoint /hpf/projects/jquon/sumin/nnUNet_data/nnUNet_results/Dataset033_AVM_T1+C/DenseNetTrainer_ep300_NoMirroring_x2__nnUNetResEncUNetLPlans__3d_fullres/fold_7/checkpoint_every20_best_auroc.pth at epoch 19 with val_auc=0.5069
2026-01-03 04:41:04.145960: 
2026-01-03 04:41:04.149331: Epoch 20
2026-01-03 04:41:04.151752: Current learning rate: 0.0094
2026-01-03 04:41:43.633803: train_loss 0.6629
2026-01-03 04:41:43.648932: val_loss 1.8511
2026-01-03 04:41:43.651849: val classification accuracy 0.4792
2026-01-03 04:41:43.664285: val auc 0.4184
2026-01-03 04:41:43.666856: Epoch time: 39.49 s
2026-01-03 04:41:44.430676: 
2026-01-03 04:41:44.433761: Epoch 21
2026-01-03 04:41:44.436320: Current learning rate: 0.00937
2026-01-03 04:42:21.917609: train_loss 0.6692
2026-01-03 04:42:21.925176: val_loss 1.2538
2026-01-03 04:42:21.928075: val classification accuracy 0.4167
2026-01-03 04:42:21.930957: val auc 0.4375
2026-01-03 04:42:21.933842: Epoch time: 37.49 s
2026-01-03 04:42:22.660380: 
2026-01-03 04:42:22.664627: Epoch 22
2026-01-03 04:42:22.667524: Current learning rate: 0.00934
2026-01-03 04:43:00.945978: train_loss 0.6544
2026-01-03 04:43:00.954211: val_loss 0.9986
2026-01-03 04:43:00.970456: val classification accuracy 0.6458
2026-01-03 04:43:00.973654: val auc 0.6753
2026-01-03 04:43:00.976039: Epoch time: 38.29 s
2026-01-03 04:43:00.978352: Yayy! New best EMA pseudo Dice: 0.6753
2026-01-03 04:43:02.903508: 
2026-01-03 04:43:02.906706: Epoch 23
2026-01-03 04:43:02.909294: Current learning rate: 0.00931
2026-01-03 04:43:39.533046: train_loss 0.6691
2026-01-03 04:43:39.575843: val_loss 2.1935
2026-01-03 04:43:39.579235: val classification accuracy 0.4583
2026-01-03 04:43:39.582047: val auc 0.3602
2026-01-03 04:43:39.584821: Epoch time: 36.63 s
2026-01-03 04:43:40.314576: 
2026-01-03 04:43:40.318026: Epoch 24
2026-01-03 04:43:40.320387: Current learning rate: 0.00928
2026-01-03 04:44:17.281120: WARNING: NaNs or Infs in validation probabilities at epoch 24. Sanitizing with nan_to_num before metrics.
2026-01-03 04:44:17.289761: train_loss 0.6814
2026-01-03 04:44:17.292570: val_loss nan
2026-01-03 04:44:17.296393: val classification accuracy 0.5417
2026-01-03 04:44:17.299224: val auc 0.4497
2026-01-03 04:44:17.301888: Epoch time: 36.98 s
2026-01-03 04:44:18.024694: 
2026-01-03 04:44:18.028222: Epoch 25
2026-01-03 04:44:18.030869: Current learning rate: 0.00925
2026-01-03 04:44:55.340600: train_loss 0.6612
2026-01-03 04:44:55.346977: val_loss 0.8812
2026-01-03 04:44:55.349542: val classification accuracy 0.5208
2026-01-03 04:44:55.352103: val auc 0.5486
2026-01-03 04:44:55.354711: Epoch time: 37.32 s
2026-01-03 04:44:56.130918: 
2026-01-03 04:44:56.133986: Epoch 26
2026-01-03 04:44:56.136326: Current learning rate: 0.00922
2026-01-03 04:45:33.969242: train_loss 0.6551
2026-01-03 04:45:33.973665: val_loss 0.9693
2026-01-03 04:45:33.976249: val classification accuracy 0.625
2026-01-03 04:45:33.978857: val auc 0.6215
2026-01-03 04:45:33.981222: Epoch time: 37.84 s
2026-01-03 04:45:34.709090: 
2026-01-03 04:45:34.712175: Epoch 27
2026-01-03 04:45:34.714661: Current learning rate: 0.00919
2026-01-03 04:46:12.883707: train_loss 0.636
2026-01-03 04:46:12.887522: val_loss 1.2176
2026-01-03 04:46:12.889951: val classification accuracy 0.5417
2026-01-03 04:46:12.892233: val auc 0.6024
2026-01-03 04:46:12.894726: Epoch time: 38.18 s
2026-01-03 04:46:13.602462: 
2026-01-03 04:46:13.605638: Epoch 28
2026-01-03 04:46:13.607808: Current learning rate: 0.00916
2026-01-03 04:46:49.340786: train_loss 0.6674
2026-01-03 04:46:49.347213: val_loss 0.7508
2026-01-03 04:46:49.354447: val classification accuracy 0.4375
2026-01-03 04:46:49.357294: val auc 0.4514
2026-01-03 04:46:49.359943: Epoch time: 35.74 s
2026-01-03 04:46:50.078969: 
2026-01-03 04:46:50.082658: Epoch 29
2026-01-03 04:46:50.085221: Current learning rate: 0.00913
2026-01-03 04:47:27.805403: train_loss 0.6648
2026-01-03 04:47:27.820301: val_loss 1.0475
2026-01-03 04:47:27.823112: val classification accuracy 0.4375
2026-01-03 04:47:27.825735: val auc 0.5556
2026-01-03 04:47:27.828220: Epoch time: 37.73 s
2026-01-03 04:47:28.549767: 
2026-01-03 04:47:28.552836: Epoch 30
2026-01-03 04:47:28.555160: Current learning rate: 0.0091
2026-01-03 04:48:06.542983: train_loss 0.6716
2026-01-03 04:48:06.561488: val_loss 0.733
2026-01-03 04:48:06.574575: val classification accuracy 0.3958
2026-01-03 04:48:06.577514: val auc 0.566
2026-01-03 04:48:06.580558: Epoch time: 37.99 s
2026-01-03 04:48:07.320740: 
2026-01-03 04:48:07.323696: Epoch 31
2026-01-03 04:48:07.326179: Current learning rate: 0.00907
2026-01-03 04:48:44.552119: train_loss 0.6716
2026-01-03 04:48:44.556268: val_loss 1.2527
2026-01-03 04:48:44.559158: val classification accuracy 0.5417
2026-01-03 04:48:44.561939: val auc 0.5677
2026-01-03 04:48:44.565033: Epoch time: 37.23 s
2026-01-03 04:48:45.303464: 
2026-01-03 04:48:45.306559: Epoch 32
2026-01-03 04:48:45.308883: Current learning rate: 0.00903
2026-01-03 04:49:22.792935: train_loss 0.67
2026-01-03 04:49:22.797221: val_loss 0.8791
2026-01-03 04:49:22.799501: val classification accuracy 0.4375
2026-01-03 04:49:22.802023: val auc 0.5521
2026-01-03 04:49:22.804478: Epoch time: 37.49 s
2026-01-03 04:49:23.583955: 
2026-01-03 04:49:23.587439: Epoch 33
2026-01-03 04:49:23.590138: Current learning rate: 0.009
2026-01-03 04:50:01.769993: train_loss 0.6561
2026-01-03 04:50:01.787800: val_loss 0.8785
2026-01-03 04:50:01.790930: val classification accuracy 0.5625
2026-01-03 04:50:01.797363: val auc 0.5399
2026-01-03 04:50:01.803296: Epoch time: 38.19 s
2026-01-03 04:50:02.540380: 
2026-01-03 04:50:02.544111: Epoch 34
2026-01-03 04:50:02.546752: Current learning rate: 0.00897
2026-01-03 04:50:39.789009: train_loss 0.6806
2026-01-03 04:50:39.816186: val_loss 0.9073
2026-01-03 04:50:39.819371: val classification accuracy 0.5417
2026-01-03 04:50:39.822737: val auc 0.526
2026-01-03 04:50:39.825498: Epoch time: 37.25 s
2026-01-03 04:50:40.578365: 
2026-01-03 04:50:40.582148: Epoch 35
2026-01-03 04:50:40.585050: Current learning rate: 0.00894
2026-01-03 04:51:19.286833: train_loss 0.6727
2026-01-03 04:51:19.294792: val_loss 0.9265
2026-01-03 04:51:19.297577: val classification accuracy 0.4167
2026-01-03 04:51:19.304236: val auc 0.434
2026-01-03 04:51:19.321722: Epoch time: 38.71 s
2026-01-03 04:51:20.061356: 
2026-01-03 04:51:20.064272: Epoch 36
2026-01-03 04:51:20.066492: Current learning rate: 0.00891
2026-01-03 04:51:58.754781: train_loss 0.6692
2026-01-03 04:51:58.788011: val_loss 1.2698
2026-01-03 04:51:58.791265: val classification accuracy 0.5
2026-01-03 04:51:58.808117: val auc 0.5191
2026-01-03 04:51:58.818681: Epoch time: 38.7 s
2026-01-03 04:51:59.566192: 
2026-01-03 04:51:59.569476: Epoch 37
2026-01-03 04:51:59.571910: Current learning rate: 0.00888
2026-01-03 04:52:39.428443: train_loss 0.6627
2026-01-03 04:52:39.449632: val_loss 0.9111
2026-01-03 04:52:39.452190: val classification accuracy 0.4792
2026-01-03 04:52:39.454748: val auc 0.526
2026-01-03 04:52:39.457031: Epoch time: 39.86 s
2026-01-03 04:52:40.210590: 
2026-01-03 04:52:40.226567: Epoch 38
2026-01-03 04:52:40.228920: Current learning rate: 0.00885
2026-01-03 04:53:18.793467: train_loss 0.6342
2026-01-03 04:53:18.798355: val_loss 2.1546
2026-01-03 04:53:18.801030: val classification accuracy 0.4792
2026-01-03 04:53:18.830449: val auc 0.3915
2026-01-03 04:53:18.854442: Epoch time: 38.58 s
2026-01-03 04:53:19.575218: 
2026-01-03 04:53:19.578784: Epoch 39
2026-01-03 04:53:19.581360: Current learning rate: 0.00882
2026-01-03 04:53:59.455457: train_loss 0.6505
2026-01-03 04:53:59.460065: val_loss 1.1701
2026-01-03 04:53:59.463163: val classification accuracy 0.4375
2026-01-03 04:53:59.466124: val auc 0.3177
2026-01-03 04:53:59.468760: Epoch time: 39.88 s
2026-01-03 04:54:00.189731: 
2026-01-03 04:54:00.193461: Epoch 40
2026-01-03 04:54:00.196007: Current learning rate: 0.00879
2026-01-03 04:54:39.998275: train_loss 0.6496
2026-01-03 04:54:40.028724: val_loss 0.8452
2026-01-03 04:54:40.031367: val classification accuracy 0.5625
2026-01-03 04:54:40.034134: val auc 0.5417
2026-01-03 04:54:40.037063: Epoch time: 39.81 s
2026-01-03 04:54:40.771974: 
2026-01-03 04:54:40.800992: Epoch 41
2026-01-03 04:54:40.803696: Current learning rate: 0.00876
2026-01-03 04:55:18.010176: train_loss 0.6667
2026-01-03 04:55:18.014349: val_loss 1.078
2026-01-03 04:55:18.017182: val classification accuracy 0.4167
2026-01-03 04:55:18.019749: val auc 0.4948
2026-01-03 04:55:18.025537: Epoch time: 37.24 s
2026-01-03 04:55:18.794857: 
2026-01-03 04:55:18.798219: Epoch 42
2026-01-03 04:55:18.800683: Current learning rate: 0.00873
2026-01-03 04:55:56.637248: train_loss 0.6661
2026-01-03 04:55:56.641932: val_loss 1.2229
2026-01-03 04:55:56.644706: val classification accuracy 0.4375
2026-01-03 04:55:56.647474: val auc 0.3811
2026-01-03 04:55:56.650194: Epoch time: 37.84 s
2026-01-03 04:55:57.400069: 
2026-01-03 04:55:57.403646: Epoch 43
2026-01-03 04:55:57.406138: Current learning rate: 0.0087
2026-01-03 04:56:36.648177: train_loss 0.6181
2026-01-03 04:56:36.652870: val_loss 1.5201
2026-01-03 04:56:36.661955: val classification accuracy 0.5417
2026-01-03 04:56:36.664761: val auc 0.5365
2026-01-03 04:56:36.691394: Epoch time: 39.25 s
2026-01-03 04:56:37.414311: 
2026-01-03 04:56:37.417552: Epoch 44
2026-01-03 04:56:37.420099: Current learning rate: 0.00867
2026-01-03 04:57:15.882782: train_loss 0.6703
2026-01-03 04:57:15.903729: val_loss 1.0288
2026-01-03 04:57:15.906692: val classification accuracy 0.5208
2026-01-03 04:57:15.932020: val auc 0.658
2026-01-03 04:57:15.934904: Epoch time: 38.47 s
2026-01-03 04:57:16.712227: 
2026-01-03 04:57:16.715403: Epoch 45
2026-01-03 04:57:16.718053: Current learning rate: 0.00864
2026-01-03 04:57:54.981066: train_loss 0.6648
2026-01-03 04:57:54.997167: val_loss 1.6332
2026-01-03 04:57:54.999624: val classification accuracy 0.625
2026-01-03 04:57:55.001791: val auc 0.5217
2026-01-03 04:57:55.004006: Epoch time: 38.27 s
2026-01-03 04:57:55.777866: 
2026-01-03 04:57:55.781272: Epoch 46
2026-01-03 04:57:55.783556: Current learning rate: 0.00861
2026-01-03 04:58:35.338990: train_loss 0.6305
2026-01-03 04:58:35.342904: val_loss 0.7543
2026-01-03 04:58:35.345962: val classification accuracy 0.6875
2026-01-03 04:58:35.348357: val auc 0.7326
2026-01-03 04:58:35.350773: Epoch time: 39.56 s
2026-01-03 04:58:35.352990: Yayy! New best EMA pseudo Dice: 0.7326
2026-01-03 04:58:36.023463: Yayy! New best classification accuracy: 0.6875
2026-01-03 04:58:37.502985: 
2026-01-03 04:58:37.506151: Epoch 47
2026-01-03 04:58:37.508393: Current learning rate: 0.00858
2026-01-03 04:59:15.354052: train_loss 0.673
2026-01-03 04:59:15.358120: val_loss 1.1908
2026-01-03 04:59:15.361048: val classification accuracy 0.5
2026-01-03 04:59:15.366070: val auc 0.4271
2026-01-03 04:59:15.370295: Epoch time: 37.85 s
2026-01-03 04:59:16.111452: 
2026-01-03 04:59:16.114939: Epoch 48
2026-01-03 04:59:16.117429: Current learning rate: 0.00855
2026-01-03 04:59:56.889999: train_loss 0.6494
2026-01-03 04:59:56.902762: val_loss 3.7289
2026-01-03 04:59:56.905833: val classification accuracy 0.4583
2026-01-03 04:59:56.908570: val auc 0.4905
2026-01-03 04:59:56.911336: Epoch time: 40.78 s
2026-01-03 04:59:57.667904: 
2026-01-03 04:59:57.671031: Epoch 49
2026-01-03 04:59:57.673670: Current learning rate: 0.00852
2026-01-03 05:00:38.309471: train_loss 0.6643
2026-01-03 05:00:38.313983: val_loss 1.8605
2026-01-03 05:00:38.316524: val classification accuracy 0.4583
2026-01-03 05:00:38.319040: val auc 0.5859
2026-01-03 05:00:38.321579: Epoch time: 40.64 s
2026-01-03 05:00:39.056454: 
2026-01-03 05:00:39.059882: Epoch 50
2026-01-03 05:00:39.062085: Current learning rate: 0.00849
2026-01-03 05:01:16.353235: train_loss 0.6848
2026-01-03 05:01:16.360236: val_loss 0.6514
2026-01-03 05:01:16.363243: val classification accuracy 0.625
2026-01-03 05:01:16.366811: val auc 0.6649
2026-01-03 05:01:16.383836: Epoch time: 37.3 s
2026-01-03 05:01:17.123915: 
2026-01-03 05:01:17.127532: Epoch 51
2026-01-03 05:01:17.130069: Current learning rate: 0.00846
2026-01-03 05:01:54.855299: train_loss 0.6914
2026-01-03 05:01:54.873275: val_loss 0.667
2026-01-03 05:01:54.876440: val classification accuracy 0.5625
2026-01-03 05:01:54.879527: val auc 0.6936
2026-01-03 05:01:54.882358: Epoch time: 37.73 s
2026-01-03 05:01:56.166515: 
2026-01-03 05:01:56.170010: Epoch 52
2026-01-03 05:01:56.172625: Current learning rate: 0.00843
2026-01-03 05:02:34.416221: train_loss 0.6259
2026-01-03 05:02:34.424333: val_loss 0.7866
2026-01-03 05:02:34.427182: val classification accuracy 0.5625
2026-01-03 05:02:34.430071: val auc 0.5851
2026-01-03 05:02:34.432770: Epoch time: 38.25 s
2026-01-03 05:02:35.165275: 
2026-01-03 05:02:35.168495: Epoch 53
2026-01-03 05:02:35.170859: Current learning rate: 0.00839
2026-01-03 05:03:11.642399: train_loss 0.7067
2026-01-03 05:03:11.647012: val_loss 0.9358
2026-01-03 05:03:11.650100: val classification accuracy 0.5417
2026-01-03 05:03:11.652969: val auc 0.5556
2026-01-03 05:03:11.664785: Epoch time: 36.48 s
2026-01-03 05:03:12.506059: 
2026-01-03 05:03:12.509341: Epoch 54
2026-01-03 05:03:12.511827: Current learning rate: 0.00836
2026-01-03 05:03:52.674055: train_loss 0.6681
2026-01-03 05:03:52.688123: val_loss 1.5281
2026-01-03 05:03:52.690863: val classification accuracy 0.4792
2026-01-03 05:03:52.693745: val auc 0.4939
2026-01-03 05:03:52.696599: Epoch time: 40.17 s
2026-01-03 05:03:53.434919: 
2026-01-03 05:03:53.438662: Epoch 55
2026-01-03 05:03:53.441166: Current learning rate: 0.00833
2026-01-03 05:04:32.222185: train_loss 0.6739
2026-01-03 05:04:32.232620: val_loss 0.716
2026-01-03 05:04:32.235657: val classification accuracy 0.6042
2026-01-03 05:04:32.238604: val auc 0.6424
2026-01-03 05:04:32.241362: Epoch time: 38.79 s
2026-01-03 05:04:32.981899: 
2026-01-03 05:04:32.985634: Epoch 56
2026-01-03 05:04:32.988365: Current learning rate: 0.0083
2026-01-03 05:05:10.386390: train_loss 0.6523
2026-01-03 05:05:10.393377: val_loss 0.8943
2026-01-03 05:05:10.396187: val classification accuracy 0.5833
2026-01-03 05:05:10.399633: val auc 0.5104
2026-01-03 05:05:10.402349: Epoch time: 37.41 s
2026-01-03 05:05:11.616854: 
2026-01-03 05:05:11.620227: Epoch 57
2026-01-03 05:05:11.622792: Current learning rate: 0.00827
2026-01-03 05:05:47.078398: WARNING: NaNs or Infs in validation probabilities at epoch 57. Sanitizing with nan_to_num before metrics.
2026-01-03 05:05:47.093669: train_loss 0.6959
2026-01-03 05:05:47.096630: val_loss nan
2026-01-03 05:05:47.099783: val classification accuracy 0.4583
2026-01-03 05:05:47.102265: val auc 0.4757
2026-01-03 05:05:47.104718: Epoch time: 35.48 s
2026-01-03 05:05:47.856747: 
2026-01-03 05:05:47.859980: Epoch 58
2026-01-03 05:05:47.862485: Current learning rate: 0.00824
2026-01-03 05:06:25.356817: train_loss 0.6651
2026-01-03 05:06:25.397051: val_loss 0.7413
2026-01-03 05:06:25.399779: val classification accuracy 0.5208
2026-01-03 05:06:25.403205: val auc 0.658
2026-01-03 05:06:25.406195: Epoch time: 37.5 s
2026-01-03 05:06:26.128508: 
2026-01-03 05:06:26.131763: Epoch 59
2026-01-03 05:06:26.134097: Current learning rate: 0.00821
2026-01-03 05:07:04.923505: train_loss 0.6545
2026-01-03 05:07:04.954198: val_loss 1.1405
2026-01-03 05:07:04.956923: val classification accuracy 0.5417
2026-01-03 05:07:04.959355: val auc 0.5165
2026-01-03 05:07:04.961694: Epoch time: 38.8 s
2026-01-03 05:07:05.671762: Saved periodic checkpoint /hpf/projects/jquon/sumin/nnUNet_data/nnUNet_results/Dataset033_AVM_T1+C/DenseNetTrainer_ep300_NoMirroring_x2__nnUNetResEncUNetLPlans__3d_fullres/fold_7/checkpoint_every20_best_balacc.pth at epoch 59 with val_balanced_accuracy=0.5417
2026-01-03 05:07:06.401210: Saved periodic checkpoint /hpf/projects/jquon/sumin/nnUNet_data/nnUNet_results/Dataset033_AVM_T1+C/DenseNetTrainer_ep300_NoMirroring_x2__nnUNetResEncUNetLPlans__3d_fullres/fold_7/checkpoint_every20_best_auroc.pth at epoch 59 with val_auc=0.5165
2026-01-03 05:07:07.091869: 
2026-01-03 05:07:07.095065: Epoch 60
2026-01-03 05:07:07.097336: Current learning rate: 0.00818
2026-01-03 05:07:44.071014: train_loss 0.627
2026-01-03 05:07:44.085091: val_loss 1.0327
2026-01-03 05:07:44.087917: val classification accuracy 0.5
2026-01-03 05:07:44.090817: val auc 0.4097
2026-01-03 05:07:44.095864: Epoch time: 36.98 s
2026-01-03 05:07:44.841323: 
2026-01-03 05:07:44.844630: Epoch 61
2026-01-03 05:07:44.847120: Current learning rate: 0.00815
2026-01-03 05:08:21.299712: train_loss 0.6956
2026-01-03 05:08:21.303971: val_loss 0.7837
2026-01-03 05:08:21.307159: val classification accuracy 0.5625
2026-01-03 05:08:21.309924: val auc 0.5955
2026-01-03 05:08:21.343803: Epoch time: 36.46 s
2026-01-03 05:08:22.130628: 
2026-01-03 05:08:22.133849: Epoch 62
2026-01-03 05:08:22.136453: Current learning rate: 0.00812
2026-01-03 05:09:02.643691: train_loss 0.6459
2026-01-03 05:09:02.648931: val_loss 2.7044
2026-01-03 05:09:02.651852: val classification accuracy 0.5833
2026-01-03 05:09:02.658446: val auc 0.6111
2026-01-03 05:09:02.662420: Epoch time: 40.51 s
2026-01-03 05:09:03.395272: 
2026-01-03 05:09:03.405582: Epoch 63
2026-01-03 05:09:03.407912: Current learning rate: 0.00809
2026-01-03 05:09:41.246132: train_loss 0.64
2026-01-03 05:09:41.250524: val_loss 1.4953
2026-01-03 05:09:41.253460: val classification accuracy 0.4167
2026-01-03 05:09:41.256346: val auc 0.4288
2026-01-03 05:09:41.260170: Epoch time: 37.85 s
2026-01-03 05:09:41.991369: 
2026-01-03 05:09:41.994542: Epoch 64
2026-01-03 05:09:41.996824: Current learning rate: 0.00806
2026-01-03 05:10:18.827417: train_loss 0.6497
2026-01-03 05:10:18.834135: val_loss 1.1968
2026-01-03 05:10:18.837338: val classification accuracy 0.4792
2026-01-03 05:10:18.840159: val auc 0.5052
2026-01-03 05:10:18.842999: Epoch time: 36.84 s
2026-01-03 05:10:19.575896: 
2026-01-03 05:10:19.579679: Epoch 65
2026-01-03 05:10:19.582364: Current learning rate: 0.00803
2026-01-03 05:10:59.269203: train_loss 0.6397
2026-01-03 05:10:59.278221: val_loss 2.1559
2026-01-03 05:10:59.280692: val classification accuracy 0.3542
2026-01-03 05:10:59.283271: val auc 0.3507
2026-01-03 05:10:59.285702: Epoch time: 39.69 s
2026-01-03 05:11:00.011625: 
2026-01-03 05:11:00.014969: Epoch 66
2026-01-03 05:11:00.017455: Current learning rate: 0.008
2026-01-03 05:11:39.035861: train_loss 0.6319
2026-01-03 05:11:39.042587: val_loss 0.8391
2026-01-03 05:11:39.045330: val classification accuracy 0.6042
2026-01-03 05:11:39.048193: val auc 0.7439
2026-01-03 05:11:39.050927: Epoch time: 39.03 s
2026-01-03 05:11:39.053383: Yayy! New best EMA pseudo Dice: 0.7439
2026-01-03 05:11:40.459002: 
2026-01-03 05:11:40.462198: Epoch 67
2026-01-03 05:11:40.464643: Current learning rate: 0.00797
2026-01-03 05:12:16.734047: train_loss 0.6475
2026-01-03 05:12:16.745268: val_loss 1.0415
2026-01-03 05:12:16.748293: val classification accuracy 0.5625
2026-01-03 05:12:16.751031: val auc 0.6615
2026-01-03 05:12:16.753777: Epoch time: 36.28 s
2026-01-03 05:12:17.532708: 
2026-01-03 05:12:17.535911: Epoch 68
2026-01-03 05:12:17.538330: Current learning rate: 0.00793
2026-01-03 05:12:54.587925: train_loss 0.6581
2026-01-03 05:12:54.594730: val_loss 0.6506
2026-01-03 05:12:54.599243: val classification accuracy 0.6667
2026-01-03 05:12:54.604127: val auc 0.7344
2026-01-03 05:12:54.608335: Epoch time: 37.06 s
2026-01-03 05:12:55.343488: 
2026-01-03 05:12:55.346713: Epoch 69
2026-01-03 05:12:55.349094: Current learning rate: 0.0079
2026-01-03 05:13:33.131331: train_loss 0.6347
2026-01-03 05:13:33.135328: val_loss 1.3168
2026-01-03 05:13:33.138235: val classification accuracy 0.4583
2026-01-03 05:13:33.141057: val auc 0.4236
2026-01-03 05:13:33.143829: Epoch time: 37.79 s
2026-01-03 05:13:33.927230: 
2026-01-03 05:13:33.930897: Epoch 70
2026-01-03 05:13:33.933430: Current learning rate: 0.00787
2026-01-03 05:14:11.122251: train_loss 0.6606
2026-01-03 05:14:11.139920: val_loss 1.2376
2026-01-03 05:14:11.160960: val classification accuracy 0.4583
2026-01-03 05:14:11.164207: val auc 0.4792
2026-01-03 05:14:11.166814: Epoch time: 37.2 s
2026-01-03 05:14:11.892760: 
2026-01-03 05:14:11.895807: Epoch 71
2026-01-03 05:14:11.898327: Current learning rate: 0.00784
2026-01-03 05:14:48.711005: train_loss 0.6471
2026-01-03 05:14:48.726851: val_loss 2.3636
2026-01-03 05:14:48.737327: val classification accuracy 0.5208
2026-01-03 05:14:48.743698: val auc 0.5139
2026-01-03 05:14:48.746620: Epoch time: 36.82 s
2026-01-03 05:14:49.477415: 
2026-01-03 05:14:49.480528: Epoch 72
2026-01-03 05:14:49.482846: Current learning rate: 0.00781
2026-01-03 05:15:27.054022: train_loss 0.6298
2026-01-03 05:15:27.073778: val_loss 1.7369
2026-01-03 05:15:27.076898: val classification accuracy 0.5625
2026-01-03 05:15:27.079499: val auc 0.5434
2026-01-03 05:15:27.105224: Epoch time: 37.58 s
2026-01-03 05:15:27.878974: 
2026-01-03 05:15:27.882149: Epoch 73
2026-01-03 05:15:27.884661: Current learning rate: 0.00778
2026-01-03 05:16:06.116245: train_loss 0.6556
2026-01-03 05:16:06.139665: val_loss 1.1669
2026-01-03 05:16:06.142699: val classification accuracy 0.4792
2026-01-03 05:16:06.146258: val auc 0.5885
2026-01-03 05:16:06.154399: Epoch time: 38.24 s
2026-01-03 05:16:06.922990: 
2026-01-03 05:16:06.926636: Epoch 74
2026-01-03 05:16:06.929167: Current learning rate: 0.00775
2026-01-03 05:16:47.692196: train_loss 0.6113
2026-01-03 05:16:47.696177: val_loss 0.9182
2026-01-03 05:16:47.699561: val classification accuracy 0.5625
2026-01-03 05:16:47.702298: val auc 0.6059
2026-01-03 05:16:47.715316: Epoch time: 40.77 s
2026-01-03 05:16:48.463752: 
2026-01-03 05:16:48.467067: Epoch 75
2026-01-03 05:16:48.469473: Current learning rate: 0.00772
2026-01-03 05:17:24.850559: train_loss 0.6059
2026-01-03 05:17:24.854184: val_loss 1.0747
2026-01-03 05:17:24.856708: val classification accuracy 0.5625
2026-01-03 05:17:24.859334: val auc 0.5
2026-01-03 05:17:24.871352: Epoch time: 36.39 s
2026-01-03 05:17:25.677809: 
2026-01-03 05:17:25.680930: Epoch 76
2026-01-03 05:17:25.683307: Current learning rate: 0.00769
2026-01-03 05:18:02.733783: train_loss 0.6289
2026-01-03 05:18:02.738185: val_loss 1.4537
2026-01-03 05:18:02.740783: val classification accuracy 0.625
2026-01-03 05:18:02.743363: val auc 0.6085
2026-01-03 05:18:02.745881: Epoch time: 37.06 s
2026-01-03 05:18:03.470568: 
2026-01-03 05:18:03.474258: Epoch 77
2026-01-03 05:18:03.476847: Current learning rate: 0.00766
2026-01-03 05:18:44.222405: train_loss 0.6719
2026-01-03 05:18:44.226456: val_loss 0.8731
2026-01-03 05:18:44.230672: val classification accuracy 0.4792
2026-01-03 05:18:44.233356: val auc 0.467
2026-01-03 05:18:44.270087: Epoch time: 40.75 s
2026-01-03 05:18:45.041974: 
2026-01-03 05:18:45.045273: Epoch 78
2026-01-03 05:18:45.047618: Current learning rate: 0.00763
2026-01-03 05:19:23.678417: train_loss 0.6401
2026-01-03 05:19:23.683335: val_loss 0.9985
2026-01-03 05:19:23.686423: val classification accuracy 0.6042
2026-01-03 05:19:23.689270: val auc 0.5885
2026-01-03 05:19:23.703447: Epoch time: 38.64 s
2026-01-03 05:19:24.443979: 
2026-01-03 05:19:24.446986: Epoch 79
2026-01-03 05:19:24.449274: Current learning rate: 0.0076
2026-01-03 05:19:59.453920: train_loss 0.6467
2026-01-03 05:19:59.490655: val_loss 1.3113
2026-01-03 05:19:59.493817: val classification accuracy 0.5
2026-01-03 05:19:59.496485: val auc 0.4974
2026-01-03 05:19:59.499192: Epoch time: 35.01 s
2026-01-03 05:20:00.202453: 
2026-01-03 05:20:00.205553: Epoch 80
2026-01-03 05:20:00.208035: Current learning rate: 0.00756
2026-01-03 05:20:35.757861: train_loss 0.6541
2026-01-03 05:20:35.802159: val_loss 1.1855
2026-01-03 05:20:35.805179: val classification accuracy 0.4583
2026-01-03 05:20:35.809768: val auc 0.4497
2026-01-03 05:20:35.812974: Epoch time: 35.56 s
2026-01-03 05:20:36.532920: 
2026-01-03 05:20:36.536098: Epoch 81
2026-01-03 05:20:36.538659: Current learning rate: 0.00753
2026-01-03 05:21:15.728192: train_loss 0.6827
2026-01-03 05:21:15.732865: val_loss 0.7637
2026-01-03 05:21:15.753404: val classification accuracy 0.4792
2026-01-03 05:21:15.756421: val auc 0.5946
2026-01-03 05:21:15.759855: Epoch time: 39.2 s
2026-01-03 05:21:16.513052: 
2026-01-03 05:21:16.516330: Epoch 82
2026-01-03 05:21:16.518983: Current learning rate: 0.0075
2026-01-03 05:21:57.186722: train_loss 0.6318
2026-01-03 05:21:57.194384: val_loss 0.8385
2026-01-03 05:21:57.196935: val classification accuracy 0.4792
2026-01-03 05:21:57.204799: val auc 0.5243
2026-01-03 05:21:57.207280: Epoch time: 40.68 s
2026-01-03 05:21:57.953909: 
2026-01-03 05:21:57.957080: Epoch 83
2026-01-03 05:21:57.959544: Current learning rate: 0.00747
2026-01-03 05:22:39.153559: train_loss 0.6497
2026-01-03 05:22:39.167869: val_loss 0.6096
2026-01-03 05:22:39.170584: val classification accuracy 0.625
2026-01-03 05:22:39.173399: val auc 0.7691
2026-01-03 05:22:39.175978: Epoch time: 41.2 s
2026-01-03 05:22:39.178299: Yayy! New best EMA pseudo Dice: 0.7691
2026-01-03 05:22:40.637898: 
2026-01-03 05:22:40.641101: Epoch 84
2026-01-03 05:22:40.643439: Current learning rate: 0.00744
2026-01-03 05:23:18.889538: train_loss 0.6384
2026-01-03 05:23:18.905351: val_loss 1.021
2026-01-03 05:23:18.908237: val classification accuracy 0.4792
2026-01-03 05:23:18.910926: val auc 0.6146
2026-01-03 05:23:18.913665: Epoch time: 38.25 s
2026-01-03 05:23:19.676732: 
2026-01-03 05:23:19.680289: Epoch 85
2026-01-03 05:23:19.682829: Current learning rate: 0.00741
2026-01-03 05:23:55.517163: train_loss 0.6577
2026-01-03 05:23:55.529709: val_loss 0.8094
2026-01-03 05:23:55.540156: val classification accuracy 0.5625
2026-01-03 05:23:55.542842: val auc 0.6615
2026-01-03 05:23:55.545600: Epoch time: 35.84 s
2026-01-03 05:23:56.756436: 
2026-01-03 05:23:56.759957: Epoch 86
2026-01-03 05:23:56.762559: Current learning rate: 0.00738
2026-01-03 05:24:34.958401: train_loss 0.6288
2026-01-03 05:24:34.962543: val_loss 1.0567
2026-01-03 05:24:34.981084: val classification accuracy 0.5208
2026-01-03 05:24:34.985240: val auc 0.4965
2026-01-03 05:24:34.988199: Epoch time: 38.2 s
2026-01-03 05:24:35.738722: 
2026-01-03 05:24:35.742702: Epoch 87
2026-01-03 05:24:35.745414: Current learning rate: 0.00735
2026-01-03 05:25:15.387240: train_loss 0.6392
2026-01-03 05:25:15.420038: val_loss 0.7494
2026-01-03 05:25:15.431974: val classification accuracy 0.5208
2026-01-03 05:25:15.434972: val auc 0.5252
2026-01-03 05:25:15.437958: Epoch time: 39.65 s
2026-01-03 05:25:16.194375: 
2026-01-03 05:25:16.197720: Epoch 88
2026-01-03 05:25:16.200049: Current learning rate: 0.00732
2026-01-03 05:25:54.994951: train_loss 0.606
2026-01-03 05:25:54.999829: val_loss 1.1606
2026-01-03 05:25:55.002464: val classification accuracy 0.375
2026-01-03 05:25:55.005000: val auc 0.441
2026-01-03 05:25:55.007522: Epoch time: 38.8 s
2026-01-03 05:25:55.765249: 
2026-01-03 05:25:55.768560: Epoch 89
2026-01-03 05:25:55.771906: Current learning rate: 0.00729
2026-01-03 05:26:33.560169: train_loss 0.6301
2026-01-03 05:26:33.565259: val_loss 1.1138
2026-01-03 05:26:33.568035: val classification accuracy 0.5417
2026-01-03 05:26:33.595778: val auc 0.6684
2026-01-03 05:26:33.599228: Epoch time: 37.8 s
2026-01-03 05:26:34.345896: 
2026-01-03 05:26:34.349209: Epoch 90
2026-01-03 05:26:34.351622: Current learning rate: 0.00725
2026-01-03 05:27:14.296124: train_loss 0.6321
2026-01-03 05:27:14.305403: val_loss 1.0674
2026-01-03 05:27:14.308379: val classification accuracy 0.5833
2026-01-03 05:27:14.311635: val auc 0.6424
2026-01-03 05:27:14.314319: Epoch time: 39.95 s
2026-01-03 05:27:15.690810: 
2026-01-03 05:27:15.694159: Epoch 91
2026-01-03 05:27:15.696510: Current learning rate: 0.00722
2026-01-03 05:27:52.660939: train_loss 0.5895
2026-01-03 05:27:52.692779: val_loss 1.9119
2026-01-03 05:27:52.713068: val classification accuracy 0.5208
2026-01-03 05:27:52.723820: val auc 0.5668
2026-01-03 05:27:52.726683: Epoch time: 36.97 s
2026-01-03 05:27:53.473131: 
2026-01-03 05:27:53.476369: Epoch 92
2026-01-03 05:27:53.478965: Current learning rate: 0.00719
2026-01-03 05:28:31.573820: train_loss 0.6236
2026-01-03 05:28:31.578069: val_loss 0.7407
2026-01-03 05:28:31.580780: val classification accuracy 0.5833
2026-01-03 05:28:31.583839: val auc 0.6233
2026-01-03 05:28:31.586804: Epoch time: 38.1 s
2026-01-03 05:28:32.321253: 
2026-01-03 05:28:32.324807: Epoch 93
2026-01-03 05:28:32.327328: Current learning rate: 0.00716
2026-01-03 05:29:09.338656: train_loss 0.6439
2026-01-03 05:29:09.400161: val_loss 0.8197
2026-01-03 05:29:09.416485: val classification accuracy 0.625
2026-01-03 05:29:09.419882: val auc 0.6146
2026-01-03 05:29:09.422618: Epoch time: 37.02 s
2026-01-03 05:29:10.175332: 
2026-01-03 05:29:10.178610: Epoch 94
2026-01-03 05:29:10.181029: Current learning rate: 0.00713
2026-01-03 05:29:49.208209: train_loss 0.6727
2026-01-03 05:29:49.233772: val_loss 0.7874
2026-01-03 05:29:49.236291: val classification accuracy 0.4375
2026-01-03 05:29:49.238648: val auc 0.4731
2026-01-03 05:29:49.241197: Epoch time: 39.03 s
2026-01-03 05:29:49.990408: 
2026-01-03 05:29:50.011033: Epoch 95
2026-01-03 05:29:50.025446: Current learning rate: 0.0071
2026-01-03 05:30:27.334993: train_loss 0.6111
2026-01-03 05:30:27.340026: val_loss 1.4169
2026-01-03 05:30:27.347567: val classification accuracy 0.4375
2026-01-03 05:30:27.350359: val auc 0.4132
2026-01-03 05:30:27.353171: Epoch time: 37.35 s
2026-01-03 05:30:28.672641: 
2026-01-03 05:30:28.676174: Epoch 96
2026-01-03 05:30:28.678899: Current learning rate: 0.00707
2026-01-03 05:31:06.787046: train_loss 0.65
2026-01-03 05:31:06.793761: val_loss 1.0793
2026-01-03 05:31:06.803489: val classification accuracy 0.5208
2026-01-03 05:31:06.806157: val auc 0.5538
2026-01-03 05:31:06.808845: Epoch time: 38.12 s
2026-01-03 05:31:07.571552: 
2026-01-03 05:31:07.575260: Epoch 97
2026-01-03 05:31:07.577868: Current learning rate: 0.00704
2026-01-03 05:31:46.670293: train_loss 0.5961
2026-01-03 05:31:46.680500: val_loss 1.2818
2026-01-03 05:31:46.683530: val classification accuracy 0.6042
2026-01-03 05:31:46.686435: val auc 0.5694
2026-01-03 05:31:46.689469: Epoch time: 39.1 s
2026-01-03 05:31:47.488137: 
2026-01-03 05:31:47.492185: Epoch 98
2026-01-03 05:31:47.495186: Current learning rate: 0.007
2026-01-03 05:32:26.118259: train_loss 0.6318
2026-01-03 05:32:26.122993: val_loss 2.3303
2026-01-03 05:32:26.141584: val classification accuracy 0.5
2026-01-03 05:32:26.144998: val auc 0.4245
2026-01-03 05:32:26.147917: Epoch time: 38.64 s
2026-01-03 05:32:26.891695: 
2026-01-03 05:32:26.896143: Epoch 99
2026-01-03 05:32:26.898840: Current learning rate: 0.00697
2026-01-03 05:33:07.681689: train_loss 0.6496
2026-01-03 05:33:07.685944: val_loss 0.7016
2026-01-03 05:33:07.689048: val classification accuracy 0.5833
2026-01-03 05:33:07.691901: val auc 0.684
2026-01-03 05:33:07.694719: Epoch time: 40.79 s
2026-01-03 05:33:08.505458: Saved periodic checkpoint /hpf/projects/jquon/sumin/nnUNet_data/nnUNet_results/Dataset033_AVM_T1+C/DenseNetTrainer_ep300_NoMirroring_x2__nnUNetResEncUNetLPlans__3d_fullres/fold_7/checkpoint_every20_best_balacc.pth at epoch 99 with val_balanced_accuracy=0.5833
2026-01-03 05:33:09.269421: Saved periodic checkpoint /hpf/projects/jquon/sumin/nnUNet_data/nnUNet_results/Dataset033_AVM_T1+C/DenseNetTrainer_ep300_NoMirroring_x2__nnUNetResEncUNetLPlans__3d_fullres/fold_7/checkpoint_every20_best_auroc.pth at epoch 99 with val_auc=0.6840
2026-01-03 05:33:09.962480: 
2026-01-03 05:33:09.965994: Epoch 100
2026-01-03 05:33:09.968484: Current learning rate: 0.00694
2026-01-03 05:33:49.379844: train_loss 0.6525
2026-01-03 05:33:49.402084: val_loss 0.9209
2026-01-03 05:33:49.405219: val classification accuracy 0.5625
2026-01-03 05:33:49.408457: val auc 0.6059
2026-01-03 05:33:49.411185: Epoch time: 39.42 s
2026-01-03 05:33:50.716017: 
2026-01-03 05:33:50.719501: Epoch 101
2026-01-03 05:33:50.722068: Current learning rate: 0.00691
2026-01-03 05:34:29.253804: train_loss 0.6256
2026-01-03 05:34:29.265752: val_loss 0.6788
2026-01-03 05:34:29.282406: val classification accuracy 0.6667
2026-01-03 05:34:29.292932: val auc 0.7257
2026-01-03 05:34:29.295809: Epoch time: 38.54 s
2026-01-03 05:34:30.037451: 
2026-01-03 05:34:30.040455: Epoch 102
2026-01-03 05:34:30.042905: Current learning rate: 0.00688
2026-01-03 05:35:08.052202: train_loss 0.5892
2026-01-03 05:35:08.079733: val_loss 1.0371
2026-01-03 05:35:08.082631: val classification accuracy 0.4375
2026-01-03 05:35:08.085515: val auc 0.5165
2026-01-03 05:35:08.089033: Epoch time: 38.02 s
2026-01-03 05:35:08.824944: 
2026-01-03 05:35:08.828335: Epoch 103
2026-01-03 05:35:08.830967: Current learning rate: 0.00685
2026-01-03 05:35:46.330311: train_loss 0.5999
2026-01-03 05:35:46.397272: val_loss 1.0868
2026-01-03 05:35:46.416504: val classification accuracy 0.5
2026-01-03 05:35:46.432796: val auc 0.5677
2026-01-03 05:35:46.435502: Epoch time: 37.51 s
2026-01-03 05:35:47.171290: 
2026-01-03 05:35:47.174730: Epoch 104
2026-01-03 05:35:47.177165: Current learning rate: 0.00682
2026-01-03 05:36:24.328703: train_loss 0.6222
2026-01-03 05:36:24.333244: val_loss 1.0099
2026-01-03 05:36:24.344136: val classification accuracy 0.5417
2026-01-03 05:36:24.361416: val auc 0.5122
2026-01-03 05:36:24.369102: Epoch time: 37.16 s
2026-01-03 05:36:25.101063: 
2026-01-03 05:36:25.104629: Epoch 105
2026-01-03 05:36:25.107211: Current learning rate: 0.00679
2026-01-03 05:37:03.089007: train_loss 0.6026
2026-01-03 05:37:03.092636: val_loss 0.8273
2026-01-03 05:37:03.095963: val classification accuracy 0.5625
2026-01-03 05:37:03.098744: val auc 0.5417
2026-01-03 05:37:03.101515: Epoch time: 37.99 s
2026-01-03 05:37:04.356130: 
2026-01-03 05:37:04.359321: Epoch 106
2026-01-03 05:37:04.361784: Current learning rate: 0.00675
2026-01-03 05:37:41.498917: train_loss 0.6521
2026-01-03 05:37:41.503295: val_loss 0.9517
2026-01-03 05:37:41.505988: val classification accuracy 0.5
2026-01-03 05:37:41.508905: val auc 0.5538
2026-01-03 05:37:41.511544: Epoch time: 37.14 s
2026-01-03 05:37:42.272494: 
2026-01-03 05:37:42.275862: Epoch 107
2026-01-03 05:37:42.278409: Current learning rate: 0.00672
2026-01-03 05:38:21.088069: train_loss 0.6046
2026-01-03 05:38:21.109457: val_loss 0.8233
2026-01-03 05:38:21.146389: val classification accuracy 0.5833
2026-01-03 05:38:21.150610: val auc 0.526
2026-01-03 05:38:21.154338: Epoch time: 38.82 s
2026-01-03 05:38:21.903845: 
2026-01-03 05:38:21.907105: Epoch 108
2026-01-03 05:38:21.909634: Current learning rate: 0.00669
2026-01-03 05:39:00.005960: train_loss 0.6328
2026-01-03 05:39:00.011312: val_loss 0.8392
2026-01-03 05:39:00.014419: val classification accuracy 0.5208
2026-01-03 05:39:00.017633: val auc 0.5677
2026-01-03 05:39:00.020766: Epoch time: 38.1 s
2026-01-03 05:39:00.746256: 
2026-01-03 05:39:00.767163: Epoch 109
2026-01-03 05:39:00.772962: Current learning rate: 0.00666
2026-01-03 05:39:38.204779: train_loss 0.6495
2026-01-03 05:39:38.220004: val_loss 1.0507
2026-01-03 05:39:38.223352: val classification accuracy 0.4375
2026-01-03 05:39:38.226304: val auc 0.3681
2026-01-03 05:39:38.229088: Epoch time: 37.46 s
2026-01-03 05:39:38.993665: 
2026-01-03 05:39:38.997717: Epoch 110
2026-01-03 05:39:39.000171: Current learning rate: 0.00663
2026-01-03 05:40:17.955838: train_loss 0.6419
2026-01-03 05:40:17.962959: val_loss 0.8018
2026-01-03 05:40:17.966115: val classification accuracy 0.6042
2026-01-03 05:40:17.968882: val auc 0.5738
2026-01-03 05:40:17.972328: Epoch time: 38.96 s
2026-01-03 05:40:19.269234: 
2026-01-03 05:40:19.272630: Epoch 111
2026-01-03 05:40:19.275123: Current learning rate: 0.0066
2026-01-03 05:40:58.326588: train_loss 0.6296
2026-01-03 05:40:58.350106: val_loss 0.6728
2026-01-03 05:40:58.353341: val classification accuracy 0.6458
2026-01-03 05:40:58.356435: val auc 0.6832
2026-01-03 05:40:58.359305: Epoch time: 39.06 s
2026-01-03 05:40:59.118060: 
2026-01-03 05:40:59.121320: Epoch 112
2026-01-03 05:40:59.123760: Current learning rate: 0.00657
2026-01-03 05:41:37.785601: train_loss 0.6115
2026-01-03 05:41:37.791135: val_loss 0.7391
2026-01-03 05:41:37.793900: val classification accuracy 0.6458
2026-01-03 05:41:37.796450: val auc 0.6771
2026-01-03 05:41:37.799041: Epoch time: 38.67 s
2026-01-03 05:41:38.561110: 
2026-01-03 05:41:38.564413: Epoch 113
2026-01-03 05:41:38.566821: Current learning rate: 0.00654
2026-01-03 05:42:16.225051: train_loss 0.6252
2026-01-03 05:42:16.229471: val_loss 1.0767
2026-01-03 05:42:16.232136: val classification accuracy 0.4167
2026-01-03 05:42:16.235429: val auc 0.5226
2026-01-03 05:42:16.268854: Epoch time: 37.67 s
2026-01-03 05:42:17.012383: 
2026-01-03 05:42:17.015812: Epoch 114
2026-01-03 05:42:17.018662: Current learning rate: 0.0065
2026-01-03 05:42:54.519821: train_loss 0.6211
2026-01-03 05:42:54.524371: val_loss 0.9131
2026-01-03 05:42:54.527706: val classification accuracy 0.4792
2026-01-03 05:42:54.530507: val auc 0.5017
2026-01-03 05:42:54.533022: Epoch time: 37.51 s
2026-01-03 05:42:55.266010: 
2026-01-03 05:42:55.269382: Epoch 115
2026-01-03 05:42:55.271938: Current learning rate: 0.00647
2026-01-03 05:43:32.822402: train_loss 0.6795
2026-01-03 05:43:32.826297: val_loss 0.7714
2026-01-03 05:43:32.828965: val classification accuracy 0.5
2026-01-03 05:43:32.839652: val auc 0.5399
2026-01-03 05:43:32.842685: Epoch time: 37.56 s
2026-01-03 05:43:33.576668: 
2026-01-03 05:43:33.580085: Epoch 116
2026-01-03 05:43:33.582700: Current learning rate: 0.00644
2026-01-03 05:44:10.535897: train_loss 0.6545
2026-01-03 05:44:10.550300: val_loss 0.762
2026-01-03 05:44:10.587407: val classification accuracy 0.5625
2026-01-03 05:44:10.602235: val auc 0.6198
2026-01-03 05:44:10.605114: Epoch time: 36.96 s
2026-01-03 05:44:11.364603: 
2026-01-03 05:44:11.367984: Epoch 117
2026-01-03 05:44:11.370515: Current learning rate: 0.00641
2026-01-03 05:44:48.993670: train_loss 0.6758
2026-01-03 05:44:48.997921: val_loss 0.6886
2026-01-03 05:44:49.000649: val classification accuracy 0.4792
2026-01-03 05:44:49.003525: val auc 0.5885
2026-01-03 05:44:49.006282: Epoch time: 37.63 s
2026-01-03 05:44:49.756969: 
2026-01-03 05:44:49.760451: Epoch 118
2026-01-03 05:44:49.763301: Current learning rate: 0.00638
2026-01-03 05:45:27.654403: train_loss 0.6501
2026-01-03 05:45:27.659408: val_loss 0.8156
2026-01-03 05:45:27.662210: val classification accuracy 0.5417
2026-01-03 05:45:27.675828: val auc 0.5017
2026-01-03 05:45:27.685061: Epoch time: 37.9 s
2026-01-03 05:45:28.431157: 
2026-01-03 05:45:28.434512: Epoch 119
2026-01-03 05:45:28.437087: Current learning rate: 0.00635
2026-01-03 05:46:06.855030: train_loss 0.6186
2026-01-03 05:46:06.866143: val_loss 0.6138
2026-01-03 05:46:06.869313: val classification accuracy 0.6875
2026-01-03 05:46:06.874446: val auc 0.7569
2026-01-03 05:46:06.877474: Epoch time: 38.43 s
2026-01-03 05:46:07.686923: Saved periodic checkpoint /hpf/projects/jquon/sumin/nnUNet_data/nnUNet_results/Dataset033_AVM_T1+C/DenseNetTrainer_ep300_NoMirroring_x2__nnUNetResEncUNetLPlans__3d_fullres/fold_7/checkpoint_every20_best_balacc.pth at epoch 119 with val_balanced_accuracy=0.6875
2026-01-03 05:46:08.483280: Saved periodic checkpoint /hpf/projects/jquon/sumin/nnUNet_data/nnUNet_results/Dataset033_AVM_T1+C/DenseNetTrainer_ep300_NoMirroring_x2__nnUNetResEncUNetLPlans__3d_fullres/fold_7/checkpoint_every20_best_auroc.pth at epoch 119 with val_auc=0.7569
2026-01-03 05:46:09.184886: 
2026-01-03 05:46:09.188422: Epoch 120
2026-01-03 05:46:09.190902: Current learning rate: 0.00631
2026-01-03 05:46:47.195160: train_loss 0.5931
2026-01-03 05:46:47.201504: val_loss 0.9539
2026-01-03 05:46:47.204365: val classification accuracy 0.6042
2026-01-03 05:46:47.207273: val auc 0.5417
2026-01-03 05:46:47.210115: Epoch time: 38.01 s
2026-01-03 05:46:47.958104: 
2026-01-03 05:46:47.961465: Epoch 121
2026-01-03 05:46:47.964069: Current learning rate: 0.00628
2026-01-03 05:47:26.518924: train_loss 0.6187
2026-01-03 05:47:26.523165: val_loss 0.8315
2026-01-03 05:47:26.549489: val classification accuracy 0.5833
2026-01-03 05:47:26.552409: val auc 0.625
2026-01-03 05:47:26.555280: Epoch time: 38.56 s
2026-01-03 05:47:27.271586: 
2026-01-03 05:47:27.275014: Epoch 122
2026-01-03 05:47:27.277469: Current learning rate: 0.00625
2026-01-03 05:48:07.965759: train_loss 0.6123
2026-01-03 05:48:07.970054: val_loss 1.0702
2026-01-03 05:48:07.973002: val classification accuracy 0.5625
2026-01-03 05:48:07.975570: val auc 0.6042
2026-01-03 05:48:07.978000: Epoch time: 40.7 s
2026-01-03 05:48:08.737339: 
2026-01-03 05:48:08.740824: Epoch 123
2026-01-03 05:48:08.743384: Current learning rate: 0.00622
2026-01-03 05:48:45.628253: train_loss 0.6126
2026-01-03 05:48:45.632398: val_loss 0.7596
2026-01-03 05:48:45.635299: val classification accuracy 0.625
2026-01-03 05:48:45.637968: val auc 0.6571
2026-01-03 05:48:45.640842: Epoch time: 36.89 s
2026-01-03 05:48:46.386038: 
2026-01-03 05:48:46.389475: Epoch 124
2026-01-03 05:48:46.391981: Current learning rate: 0.00619
2026-01-03 05:49:25.118281: train_loss 0.6228
2026-01-03 05:49:25.128171: val_loss 0.7556
2026-01-03 05:49:25.131040: val classification accuracy 0.5833
2026-01-03 05:49:25.133822: val auc 0.6641
2026-01-03 05:49:25.136648: Epoch time: 38.73 s
2026-01-03 05:49:25.897626: 
2026-01-03 05:49:25.901200: Epoch 125
2026-01-03 05:49:25.903911: Current learning rate: 0.00616
2026-01-03 05:50:04.167827: train_loss 0.6259
2026-01-03 05:50:04.174381: val_loss 0.9761
2026-01-03 05:50:04.177922: val classification accuracy 0.5
2026-01-03 05:50:04.184220: val auc 0.5295
2026-01-03 05:50:04.186773: Epoch time: 38.27 s
2026-01-03 05:50:04.942222: 
2026-01-03 05:50:04.945437: Epoch 126
2026-01-03 05:50:04.947809: Current learning rate: 0.00612
2026-01-03 05:50:41.992118: train_loss 0.6483
2026-01-03 05:50:41.997304: val_loss 0.7002
2026-01-03 05:50:42.000606: val classification accuracy 0.5625
2026-01-03 05:50:42.003394: val auc 0.7118
2026-01-03 05:50:42.006099: Epoch time: 37.05 s
2026-01-03 05:50:42.742061: 
2026-01-03 05:50:42.745528: Epoch 127
2026-01-03 05:50:42.748293: Current learning rate: 0.00609
2026-01-03 05:51:21.834973: train_loss 0.6439
2026-01-03 05:51:21.839422: val_loss 0.7773
2026-01-03 05:51:21.842138: val classification accuracy 0.6875
2026-01-03 05:51:21.844736: val auc 0.658
2026-01-03 05:51:21.847410: Epoch time: 39.09 s
2026-01-03 05:51:22.634687: 
2026-01-03 05:51:22.638444: Epoch 128
2026-01-03 05:51:22.641070: Current learning rate: 0.00606
2026-01-03 05:52:01.959692: train_loss 0.6479
2026-01-03 05:52:01.965131: val_loss 0.7471
2026-01-03 05:52:01.969570: val classification accuracy 0.5208
2026-01-03 05:52:01.972510: val auc 0.5833
2026-01-03 05:52:01.975488: Epoch time: 39.33 s
2026-01-03 05:52:02.716395: 
2026-01-03 05:52:02.720031: Epoch 129
2026-01-03 05:52:02.722623: Current learning rate: 0.00603
2026-01-03 05:52:39.530626: train_loss 0.5767
2026-01-03 05:52:39.534317: val_loss 0.9601
2026-01-03 05:52:39.536871: val classification accuracy 0.625
2026-01-03 05:52:39.539384: val auc 0.6146
2026-01-03 05:52:39.542340: Epoch time: 36.82 s
2026-01-03 05:52:40.288357: 
2026-01-03 05:52:40.292069: Epoch 130
2026-01-03 05:52:40.294597: Current learning rate: 0.006
2026-01-03 05:53:20.267624: train_loss 0.6093
2026-01-03 05:53:20.272554: val_loss 0.8717
2026-01-03 05:53:20.281508: val classification accuracy 0.4583
2026-01-03 05:53:20.284474: val auc 0.5122
2026-01-03 05:53:20.287460: Epoch time: 39.98 s
2026-01-03 05:53:21.031121: 
2026-01-03 05:53:21.034550: Epoch 131
2026-01-03 05:53:21.037031: Current learning rate: 0.00597
2026-01-03 05:54:01.313276: train_loss 0.6346
2026-01-03 05:54:01.343428: val_loss 0.8382
2026-01-03 05:54:01.354801: val classification accuracy 0.5625
2026-01-03 05:54:01.358474: val auc 0.6059
2026-01-03 05:54:01.361713: Epoch time: 40.28 s
2026-01-03 05:54:02.099690: 
2026-01-03 05:54:02.103425: Epoch 132
2026-01-03 05:54:02.106399: Current learning rate: 0.00593
2026-01-03 05:54:41.032925: train_loss 0.6198
2026-01-03 05:54:41.037475: val_loss 1.3437
2026-01-03 05:54:41.040326: val classification accuracy 0.4583
2026-01-03 05:54:41.042950: val auc 0.4531
2026-01-03 05:54:41.045701: Epoch time: 38.93 s
2026-01-03 05:54:41.795841: 
2026-01-03 05:54:41.799649: Epoch 133
2026-01-03 05:54:41.802627: Current learning rate: 0.0059
2026-01-03 05:55:20.859830: train_loss 0.6312
2026-01-03 05:55:20.866091: val_loss 0.7812
2026-01-03 05:55:20.869685: val classification accuracy 0.4792
2026-01-03 05:55:20.872928: val auc 0.52
2026-01-03 05:55:20.876518: Epoch time: 39.07 s
2026-01-03 05:55:21.608975: 
2026-01-03 05:55:21.612721: Epoch 134
2026-01-03 05:55:21.615452: Current learning rate: 0.00587
2026-01-03 05:56:00.497459: train_loss 0.6321
2026-01-03 05:56:00.502255: val_loss 0.7456
2026-01-03 05:56:00.504956: val classification accuracy 0.625
2026-01-03 05:56:00.507606: val auc 0.6337
2026-01-03 05:56:00.510584: Epoch time: 38.89 s
2026-01-03 05:56:01.245375: 
2026-01-03 05:56:01.248798: Epoch 135
2026-01-03 05:56:01.251346: Current learning rate: 0.00584
2026-01-03 05:56:39.203351: train_loss 0.5797
2026-01-03 05:56:39.207572: val_loss 3.0936
2026-01-03 05:56:39.210566: val classification accuracy 0.4583
2026-01-03 05:56:39.213280: val auc 0.3741
2026-01-03 05:56:39.215806: Epoch time: 37.96 s
2026-01-03 05:56:39.959538: 
2026-01-03 05:56:39.963016: Epoch 136
2026-01-03 05:56:39.965749: Current learning rate: 0.00581
2026-01-03 05:57:18.362511: train_loss 0.6463
2026-01-03 05:57:18.367204: val_loss 0.7873
2026-01-03 05:57:18.370206: val classification accuracy 0.4792
2026-01-03 05:57:18.373244: val auc 0.6094
2026-01-03 05:57:18.376033: Epoch time: 38.41 s
2026-01-03 05:57:19.104762: 
2026-01-03 05:57:19.108443: Epoch 137
2026-01-03 05:57:19.110978: Current learning rate: 0.00578
2026-01-03 05:57:56.793465: train_loss 0.6528
2026-01-03 05:57:56.797824: val_loss 0.7408
2026-01-03 05:57:56.800868: val classification accuracy 0.5417
2026-01-03 05:57:56.826372: val auc 0.6372
2026-01-03 05:57:56.829826: Epoch time: 37.69 s
2026-01-03 05:57:57.595423: 
2026-01-03 05:57:57.599159: Epoch 138
2026-01-03 05:57:57.601674: Current learning rate: 0.00574
2026-01-03 05:58:36.932625: train_loss 0.607
2026-01-03 05:58:36.942369: val_loss 1.0772
2026-01-03 05:58:36.946070: val classification accuracy 0.625
2026-01-03 05:58:36.948986: val auc 0.5972
2026-01-03 05:58:36.951998: Epoch time: 39.34 s
2026-01-03 05:58:37.671279: 
2026-01-03 05:58:37.674829: Epoch 139
2026-01-03 05:58:37.677529: Current learning rate: 0.00571
2026-01-03 05:59:13.909289: train_loss 0.6047
2026-01-03 05:59:13.913505: val_loss 1.6046
2026-01-03 05:59:13.916318: val classification accuracy 0.5208
2026-01-03 05:59:13.918753: val auc 0.4575
2026-01-03 05:59:13.921340: Epoch time: 36.24 s
2026-01-03 05:59:14.643315: 
2026-01-03 05:59:14.647111: Epoch 140
2026-01-03 05:59:14.649758: Current learning rate: 0.00568
2026-01-03 05:59:52.673568: train_loss 0.6178
2026-01-03 05:59:52.678617: val_loss 0.7036
2026-01-03 05:59:52.681727: val classification accuracy 0.6042
2026-01-03 05:59:52.685153: val auc 0.671
2026-01-03 05:59:52.688118: Epoch time: 38.03 s
2026-01-03 05:59:53.447071: 
2026-01-03 05:59:53.450708: Epoch 141
2026-01-03 05:59:53.453349: Current learning rate: 0.00565
2026-01-03 06:00:33.208848: train_loss 0.5639
2026-01-03 06:00:33.213118: val_loss 1.0234
2026-01-03 06:00:33.216296: val classification accuracy 0.5833
2026-01-03 06:00:33.219283: val auc 0.7378
2026-01-03 06:00:33.222329: Epoch time: 39.76 s
2026-01-03 06:00:33.965397: 
2026-01-03 06:00:33.969069: Epoch 142
2026-01-03 06:00:33.971853: Current learning rate: 0.00562
2026-01-03 06:01:13.900955: train_loss 0.604
2026-01-03 06:01:13.912269: val_loss 0.866
2026-01-03 06:01:13.916017: val classification accuracy 0.5417
2026-01-03 06:01:13.919221: val auc 0.6354
2026-01-03 06:01:13.927497: Epoch time: 39.94 s
2026-01-03 06:01:14.666181: 
2026-01-03 06:01:14.670067: Epoch 143
2026-01-03 06:01:14.672890: Current learning rate: 0.00558
2026-01-03 06:01:54.700889: train_loss 0.6149
2026-01-03 06:01:54.720979: val_loss 1.0527
2026-01-03 06:01:54.731224: val classification accuracy 0.5625
2026-01-03 06:01:54.736016: val auc 0.4549
2026-01-03 06:01:54.739301: Epoch time: 40.04 s
2026-01-03 06:01:55.488859: 
2026-01-03 06:01:55.492323: Epoch 144
2026-01-03 06:01:55.494811: Current learning rate: 0.00555
2026-01-03 06:02:31.279120: train_loss 0.609
2026-01-03 06:02:31.283517: val_loss 1.1584
2026-01-03 06:02:31.286268: val classification accuracy 0.5
2026-01-03 06:02:31.288863: val auc 0.5243
2026-01-03 06:02:31.291637: Epoch time: 35.79 s
2026-01-03 06:02:32.065764: 
2026-01-03 06:02:32.069227: Epoch 145
2026-01-03 06:02:32.071688: Current learning rate: 0.00552
2026-01-03 06:03:11.418548: train_loss 0.5752
2026-01-03 06:03:11.446170: val_loss 1.1236
2026-01-03 06:03:11.448901: val classification accuracy 0.6042
2026-01-03 06:03:11.451361: val auc 0.6111
2026-01-03 06:03:11.454226: Epoch time: 39.35 s
2026-01-03 06:03:12.200137: 
2026-01-03 06:03:12.203736: Epoch 146
2026-01-03 06:03:12.206629: Current learning rate: 0.00549
2026-01-03 06:03:52.078159: train_loss 0.5848
2026-01-03 06:03:52.082415: val_loss 0.9005
2026-01-03 06:03:52.085457: val classification accuracy 0.6458
2026-01-03 06:03:52.110792: val auc 0.684
2026-01-03 06:03:52.113947: Epoch time: 39.88 s
2026-01-03 06:03:52.845115: 
2026-01-03 06:03:52.848447: Epoch 147
2026-01-03 06:03:52.851089: Current learning rate: 0.00546
2026-01-03 06:04:27.263087: train_loss 0.6528
2026-01-03 06:04:27.267342: val_loss 0.7369
2026-01-03 06:04:27.270123: val classification accuracy 0.5208
2026-01-03 06:04:27.273451: val auc 0.5799
2026-01-03 06:04:27.277721: Epoch time: 34.42 s
2026-01-03 06:04:28.047928: 
2026-01-03 06:04:28.051570: Epoch 148
2026-01-03 06:04:28.054276: Current learning rate: 0.00542
2026-01-03 06:05:03.240730: train_loss 0.6227
2026-01-03 06:05:03.245558: val_loss 0.9306
2026-01-03 06:05:03.248813: val classification accuracy 0.5625
2026-01-03 06:05:03.251949: val auc 0.5712
2026-01-03 06:05:03.265419: Epoch time: 35.19 s
2026-01-03 06:05:04.046837: 
2026-01-03 06:05:04.060461: Epoch 149
2026-01-03 06:05:04.063283: Current learning rate: 0.00539
2026-01-03 06:05:43.365802: train_loss 0.5994
2026-01-03 06:05:43.385077: val_loss 0.9853
2026-01-03 06:05:43.388467: val classification accuracy 0.5208
2026-01-03 06:05:43.395127: val auc 0.5538
2026-01-03 06:05:43.398827: Epoch time: 39.32 s
2026-01-03 06:05:44.154041: 
2026-01-03 06:05:44.157793: Epoch 150
2026-01-03 06:05:44.160503: Current learning rate: 0.00536
2026-01-03 06:06:23.728128: train_loss 0.6234
2026-01-03 06:06:23.747031: val_loss 1.1187
2026-01-03 06:06:23.750414: val classification accuracy 0.5
2026-01-03 06:06:23.753275: val auc 0.4792
2026-01-03 06:06:23.756347: Epoch time: 39.58 s
2026-01-03 06:06:24.506908: 
2026-01-03 06:06:24.510162: Epoch 151
2026-01-03 06:06:24.512758: Current learning rate: 0.00533
2026-01-03 06:07:02.219797: train_loss 0.6577
2026-01-03 06:07:02.238049: val_loss 0.7236
2026-01-03 06:07:02.250999: val classification accuracy 0.5833
2026-01-03 06:07:02.267461: val auc 0.6354
2026-01-03 06:07:02.270735: Epoch time: 37.71 s
2026-01-03 06:07:03.002410: 
2026-01-03 06:07:03.005739: Epoch 152
2026-01-03 06:07:03.008235: Current learning rate: 0.00529
2026-01-03 06:07:43.192885: train_loss 0.651
2026-01-03 06:07:43.205152: val_loss 0.97
2026-01-03 06:07:43.217035: val classification accuracy 0.5417
2026-01-03 06:07:43.220344: val auc 0.5226
2026-01-03 06:07:43.223221: Epoch time: 40.19 s
2026-01-03 06:07:44.001619: 
2026-01-03 06:07:44.004731: Epoch 153
2026-01-03 06:07:44.007209: Current learning rate: 0.00526
2026-01-03 06:08:23.302338: train_loss 0.6033
2026-01-03 06:08:23.311205: val_loss 1.3183
2026-01-03 06:08:23.314288: val classification accuracy 0.4583
2026-01-03 06:08:23.317399: val auc 0.4219
2026-01-03 06:08:23.326027: Epoch time: 39.3 s
2026-01-03 06:08:24.094422: 
2026-01-03 06:08:24.097888: Epoch 154
2026-01-03 06:08:24.100412: Current learning rate: 0.00523
2026-01-03 06:09:01.210121: train_loss 0.6031
2026-01-03 06:09:01.219726: val_loss 0.7584
2026-01-03 06:09:01.222594: val classification accuracy 0.5833
2026-01-03 06:09:01.225396: val auc 0.6762
2026-01-03 06:09:01.227975: Epoch time: 37.12 s
2026-01-03 06:09:01.947192: 
2026-01-03 06:09:01.950380: Epoch 155
2026-01-03 06:09:01.953024: Current learning rate: 0.0052
2026-01-03 06:09:41.158695: train_loss 0.6253
2026-01-03 06:09:41.166819: val_loss 1.0949
2026-01-03 06:09:41.170115: val classification accuracy 0.5417
2026-01-03 06:09:41.173153: val auc 0.5382
2026-01-03 06:09:41.176255: Epoch time: 39.21 s
2026-01-03 06:09:41.912329: 
2026-01-03 06:09:41.915686: Epoch 156
2026-01-03 06:09:41.918393: Current learning rate: 0.00517
2026-01-03 06:10:20.419905: train_loss 0.5617
2026-01-03 06:10:20.430496: val_loss 0.9347
2026-01-03 06:10:20.433641: val classification accuracy 0.5833
2026-01-03 06:10:20.436881: val auc 0.6562
2026-01-03 06:10:20.439904: Epoch time: 38.51 s
2026-01-03 06:10:21.256545: 
2026-01-03 06:10:21.260362: Epoch 157
2026-01-03 06:10:21.263216: Current learning rate: 0.00513
2026-01-03 06:10:58.201669: train_loss 0.6051
2026-01-03 06:10:58.206072: val_loss 0.7997
2026-01-03 06:10:58.209096: val classification accuracy 0.5208
2026-01-03 06:10:58.211815: val auc 0.5556
2026-01-03 06:10:58.214540: Epoch time: 36.95 s
2026-01-03 06:10:59.003901: 
2026-01-03 06:10:59.007428: Epoch 158
2026-01-03 06:10:59.010471: Current learning rate: 0.0051
2026-01-03 06:11:37.999065: train_loss 0.6087
2026-01-03 06:11:38.051045: val_loss 0.9089
2026-01-03 06:11:38.053866: val classification accuracy 0.6458
2026-01-03 06:11:38.056575: val auc 0.6372
2026-01-03 06:11:38.059579: Epoch time: 39.0 s
2026-01-03 06:11:38.767657: 
2026-01-03 06:11:38.771118: Epoch 159
2026-01-03 06:11:38.773790: Current learning rate: 0.00507
2026-01-03 06:12:19.993356: train_loss 0.5937
2026-01-03 06:12:20.005785: val_loss 0.816
2026-01-03 06:12:20.037019: val classification accuracy 0.5625
2026-01-03 06:12:20.039983: val auc 0.6528
2026-01-03 06:12:20.042833: Epoch time: 41.23 s
2026-01-03 06:12:21.266304: 
2026-01-03 06:12:21.270108: Epoch 160
2026-01-03 06:12:21.272719: Current learning rate: 0.00504
2026-01-03 06:12:59.729544: train_loss 0.5723
2026-01-03 06:12:59.747899: val_loss 0.9501
2026-01-03 06:12:59.751283: val classification accuracy 0.5208
2026-01-03 06:12:59.754469: val auc 0.5486
2026-01-03 06:12:59.757598: Epoch time: 38.46 s
2026-01-03 06:13:00.559357: 
2026-01-03 06:13:00.562994: Epoch 161
2026-01-03 06:13:00.565708: Current learning rate: 0.005
2026-01-03 06:13:40.353771: train_loss 0.6403
2026-01-03 06:13:40.382618: val_loss 0.7937
2026-01-03 06:13:40.386084: val classification accuracy 0.4583
2026-01-03 06:13:40.389260: val auc 0.6302
2026-01-03 06:13:40.392374: Epoch time: 39.8 s
2026-01-03 06:13:41.149574: 
2026-01-03 06:13:41.152900: Epoch 162
2026-01-03 06:13:41.155617: Current learning rate: 0.00497
2026-01-03 06:14:21.653680: train_loss 0.5915
2026-01-03 06:14:21.664738: val_loss 1.1122
2026-01-03 06:14:21.670625: val classification accuracy 0.3958
2026-01-03 06:14:21.673865: val auc 0.3993
2026-01-03 06:14:21.676867: Epoch time: 40.51 s
2026-01-03 06:14:22.417415: 
2026-01-03 06:14:22.420933: Epoch 163
2026-01-03 06:14:22.423637: Current learning rate: 0.00494
2026-01-03 06:15:01.606719: train_loss 0.5649
2026-01-03 06:15:01.611246: val_loss 0.8824
2026-01-03 06:15:01.613969: val classification accuracy 0.5208
2026-01-03 06:15:01.616599: val auc 0.592
2026-01-03 06:15:01.656109: Epoch time: 39.19 s
2026-01-03 06:15:01.670232: Early stopping triggered at epoch 163. Best val_losses=0.6096
2026-01-03 06:15:02.416367: Stopping training early due to early stopping criterion.
2026-01-03 06:15:03.040684: Training done.
2026-01-03 06:15:03.044900: Skipping perform_actual_validation for classification trainer (segmentation-style sliding window is not applicable).
[1;34mwandb[0m: 
[1;34mwandb[0m:  View run [33mDenseNetTrainer_ep300_NoMirroring_x2_fold7[0m at: [34m[0m
[1;34mwandb[0m: Find logs at: [1;35m../../tmp/wandb/wandb/run-20260103_042656-lb1l2581/logs[0m
