Using device: cuda:0

#######################################################################
Please cite the following paper when using nnU-Net:
Isensee, F., Jaeger, P. F., Kohl, S. A., Petersen, J., & Maier-Hein, K. H. (2021). nnU-Net: a self-configuring method for deep learning-based biomedical image segmentation. Nature methods, 18(2), 203-211.
#######################################################################

2026-01-02 21:40:18.298644: Using torch.compile...
2026-01-02 21:40:23.827594: do_dummy_2d_data_aug: False
2026-01-02 21:40:23.831545: Using splits from existing split file: /hpf/projects/jquon/sumin/nnUNet_data/nnUNet_preprocessed/Dataset033_AVM_T1+C/splits_final.json
2026-01-02 21:40:23.834885: The split file contains 11 splits.
2026-01-02 21:40:23.836586: Desired fold for training: 3
2026-01-02 21:40:23.838196: This split has 464 training and 48 validation cases.
using pin_memory on device 0
using pin_memory on device 0

This is the configuration used by this training:
Configuration name: 3d_fullres
 {'data_identifier': 'nnUNetPlans_3d_fullres', 'preprocessor_name': 'DefaultPreprocessor', 'batch_size': 2, 'patch_size': [160, 224, 192], 'median_image_size_in_voxels': [344.0, 448.0, 429.0], 'spacing': [0.500000923871994, 0.4910714328289032, 0.4910714328289032], 'normalization_schemes': ['ZScoreNormalization'], 'use_mask_for_norm': [False], 'resampling_fn_data': 'resample_data_or_seg_to_shape', 'resampling_fn_seg': 'resample_data_or_seg_to_shape', 'resampling_fn_data_kwargs': {'is_seg': False, 'order': 3, 'order_z': 0, 'force_separate_z': None}, 'resampling_fn_seg_kwargs': {'is_seg': True, 'order': 1, 'order_z': 0, 'force_separate_z': None}, 'resampling_fn_probabilities': 'resample_data_or_seg_to_shape', 'resampling_fn_probabilities_kwargs': {'is_seg': False, 'order': 1, 'order_z': 0, 'force_separate_z': None}, 'architecture': {'network_class_name': 'dynamic_network_architectures.architectures.unet.ResidualEncoderUNet', 'arch_kwargs': {'n_stages': 6, 'features_per_stage': [32, 64, 128, 256, 320, 320], 'conv_op': 'torch.nn.modules.conv.Conv3d', 'kernel_sizes': [[3, 3, 3], [3, 3, 3], [3, 3, 3], [3, 3, 3], [3, 3, 3], [3, 3, 3]], 'strides': [[1, 1, 1], [2, 2, 2], [2, 2, 2], [2, 2, 2], [2, 2, 2], [2, 2, 2]], 'n_blocks_per_stage': [1, 3, 4, 6, 6, 6], 'n_conv_per_stage_decoder': [1, 1, 1, 1, 1], 'conv_bias': True, 'norm_op': 'torch.nn.modules.instancenorm.InstanceNorm3d', 'norm_op_kwargs': {'eps': 1e-05, 'affine': True}, 'dropout_op': None, 'dropout_op_kwargs': None, 'nonlin': 'torch.nn.LeakyReLU', 'nonlin_kwargs': {'inplace': True}}, '_kw_requires_import': ['conv_op', 'norm_op', 'dropout_op', 'nonlin']}, 'batch_dice': True} 

These are the global plan.json settings:
 {'dataset_name': 'Dataset033_AVM_T1+C', 'plans_name': 'nnUNetResEncUNetLPlans', 'original_median_spacing_after_transp': [0.500000923871994, 0.4910714328289032, 0.4910714328289032], 'original_median_shape_after_transp': [330, 448, 424], 'image_reader_writer': 'SimpleITKIO', 'transpose_forward': [0, 1, 2], 'transpose_backward': [0, 1, 2], 'experiment_planner_used': 'nnUNetPlannerResEncL', 'label_manager': 'LabelManager', 'foreground_intensity_properties_per_channel': {'0': {'max': 12113.0, 'mean': 449.843505859375, 'median': 311.0, 'min': 0.0, 'percentile_00_5': 34.0, 'percentile_99_5': 3202.0, 'std': 471.56329345703125}}} 

2026-01-02 21:40:34.690498: Unable to plot network architecture: nnUNet_compile is enabled!
2026-01-02 21:40:34.706972: 
2026-01-02 21:40:34.714404: Epoch 0
2026-01-02 21:40:34.716376: Current learning rate: 0.01
2026-01-02 21:41:38.482402: train_loss 1.3237
2026-01-02 21:41:38.485916: val_loss 70.0182
2026-01-02 21:41:38.487649: val classification accuracy 0.4167
2026-01-02 21:41:38.489538: val auc 0.4514
2026-01-02 21:41:38.491381: Epoch time: 63.78 s
2026-01-02 21:41:38.492998: Yayy! New best EMA pseudo Dice: 0.4514
2026-01-02 21:41:39.177271: Yayy! New best classification accuracy: 0.4167
2026-01-02 21:41:40.668872: 
2026-01-02 21:41:40.671416: Epoch 1
2026-01-02 21:41:40.673169: Current learning rate: 0.00997
2026-01-02 21:42:21.083556: train_loss 2.5553
2026-01-02 21:42:21.095469: val_loss 89.5064
2026-01-02 21:42:21.100132: val classification accuracy 0.6042
2026-01-02 21:42:21.101976: val auc 0.6554
2026-01-02 21:42:21.103832: Epoch time: 40.42 s
2026-01-02 21:42:21.105351: Yayy! New best EMA pseudo Dice: 0.6554
2026-01-02 21:42:21.867406: Yayy! New best classification accuracy: 0.6042
2026-01-02 21:42:23.287947: 
2026-01-02 21:42:23.290770: Epoch 2
2026-01-02 21:42:23.292694: Current learning rate: 0.00994
2026-01-02 21:43:00.085474: train_loss 1.5183
2026-01-02 21:43:00.089788: val_loss 3.7122
2026-01-02 21:43:00.115260: val classification accuracy 0.4792
2026-01-02 21:43:00.117332: val auc 0.513
2026-01-02 21:43:00.119807: Epoch time: 36.8 s
2026-01-02 21:43:00.858726: 
2026-01-02 21:43:00.861450: Epoch 3
2026-01-02 21:43:00.863189: Current learning rate: 0.00991
2026-01-02 21:43:37.725509: train_loss 0.9192
2026-01-02 21:43:37.728272: val_loss 1.8836
2026-01-02 21:43:37.730538: val classification accuracy 0.4583
2026-01-02 21:43:37.732341: val auc 0.5095
2026-01-02 21:43:37.734242: Epoch time: 36.87 s
2026-01-02 21:43:38.454725: 
2026-01-02 21:43:38.456896: Epoch 4
2026-01-02 21:43:38.458467: Current learning rate: 0.00988
2026-01-02 21:44:19.481409: train_loss 0.7655
2026-01-02 21:44:19.485917: val_loss 2.071
2026-01-02 21:44:19.487845: val classification accuracy 0.4792
2026-01-02 21:44:19.491915: val auc 0.5642
2026-01-02 21:44:19.494072: Epoch time: 41.03 s
2026-01-02 21:44:20.213734: 
2026-01-02 21:44:20.216417: Epoch 5
2026-01-02 21:44:20.218315: Current learning rate: 0.00985
2026-01-02 21:45:00.073896: train_loss 0.7016
2026-01-02 21:45:00.098516: val_loss 6.1873
2026-01-02 21:45:00.101599: val classification accuracy 0.3958
2026-01-02 21:45:00.103718: val auc 0.3819
2026-01-02 21:45:00.106058: Epoch time: 39.86 s
2026-01-02 21:45:00.847490: 
2026-01-02 21:45:00.849671: Epoch 6
2026-01-02 21:45:00.851403: Current learning rate: 0.00982
2026-01-02 21:45:40.075665: train_loss 0.7246
2026-01-02 21:45:40.106203: val_loss 4.1069
2026-01-02 21:45:40.108692: val classification accuracy 0.5
2026-01-02 21:45:40.110929: val auc 0.5174
2026-01-02 21:45:40.113136: Epoch time: 39.23 s
2026-01-02 21:45:40.851041: 
2026-01-02 21:45:40.853667: Epoch 7
2026-01-02 21:45:40.855467: Current learning rate: 0.00979
2026-01-02 21:46:19.706952: train_loss 0.7097
2026-01-02 21:46:19.734045: val_loss 9.3088
2026-01-02 21:46:19.751579: val classification accuracy 0.3958
2026-01-02 21:46:19.753898: val auc 0.2804
2026-01-02 21:46:19.756098: Epoch time: 38.86 s
2026-01-02 21:46:20.498657: 
2026-01-02 21:46:20.501507: Epoch 8
2026-01-02 21:46:20.503497: Current learning rate: 0.00976
2026-01-02 21:46:59.250796: train_loss 0.6978
2026-01-02 21:46:59.254820: val_loss 1.0461
2026-01-02 21:46:59.256915: val classification accuracy 0.6458
2026-01-02 21:46:59.275814: val auc 0.6892
2026-01-02 21:46:59.277803: Epoch time: 38.75 s
2026-01-02 21:46:59.279579: Yayy! New best EMA pseudo Dice: 0.6892
2026-01-02 21:46:59.925423: Yayy! New best classification accuracy: 0.6458
2026-01-02 21:47:01.378326: 
2026-01-02 21:47:01.381156: Epoch 9
2026-01-02 21:47:01.383074: Current learning rate: 0.00973
2026-01-02 21:47:41.335921: WARNING: NaNs or Infs in validation probabilities at epoch 9. Sanitizing with nan_to_num before metrics.
2026-01-02 21:47:41.377309: train_loss 0.6824
2026-01-02 21:47:41.379832: val_loss nan
2026-01-02 21:47:41.381588: val classification accuracy 0.6042
2026-01-02 21:47:41.383295: val auc 0.6337
2026-01-02 21:47:41.405268: Epoch time: 40.0 s
2026-01-02 21:47:42.152251: 
2026-01-02 21:47:42.156364: Epoch 10
2026-01-02 21:47:42.158801: Current learning rate: 0.0097
2026-01-02 21:48:20.293267: train_loss 0.6883
2026-01-02 21:48:20.297380: val_loss 1.2556
2026-01-02 21:48:20.299522: val classification accuracy 0.4583
2026-01-02 21:48:20.301789: val auc 0.3845
2026-01-02 21:48:20.303793: Epoch time: 38.14 s
2026-01-02 21:48:21.059049: 
2026-01-02 21:48:21.062097: Epoch 11
2026-01-02 21:48:21.064101: Current learning rate: 0.00967
2026-01-02 21:49:01.770898: train_loss 0.6876
2026-01-02 21:49:01.776618: val_loss 7.8001
2026-01-02 21:49:01.778912: val classification accuracy 0.5
2026-01-02 21:49:01.781514: val auc 0.4974
2026-01-02 21:49:01.783815: Epoch time: 40.71 s
2026-01-02 21:49:02.532116: 
2026-01-02 21:49:02.535161: Epoch 12
2026-01-02 21:49:02.537513: Current learning rate: 0.00964
2026-01-02 21:49:40.572782: train_loss 0.6842
2026-01-02 21:49:40.582645: val_loss 0.6259
2026-01-02 21:49:40.585439: val classification accuracy 0.6875
2026-01-02 21:49:40.588366: val auc 0.7726
2026-01-02 21:49:40.591171: Epoch time: 38.04 s
2026-01-02 21:49:40.596298: Yayy! New best EMA pseudo Dice: 0.7726
2026-01-02 21:49:41.376645: Yayy! New best classification accuracy: 0.6875
2026-01-02 21:49:43.436739: 
2026-01-02 21:49:43.439883: Epoch 13
2026-01-02 21:49:43.442304: Current learning rate: 0.00961
2026-01-02 21:50:22.022025: train_loss 0.6794
2026-01-02 21:50:22.026050: val_loss 5.6422
2026-01-02 21:50:22.028672: val classification accuracy 0.4167
2026-01-02 21:50:22.031770: val auc 0.3611
2026-01-02 21:50:22.046544: Epoch time: 38.59 s
2026-01-02 21:50:22.788324: 
2026-01-02 21:50:22.791746: Epoch 14
2026-01-02 21:50:22.794039: Current learning rate: 0.00958
2026-01-02 21:51:01.268768: train_loss 0.6815
2026-01-02 21:51:01.273196: val_loss 0.8193
2026-01-02 21:51:01.275597: val classification accuracy 0.5833
2026-01-02 21:51:01.278057: val auc 0.5955
2026-01-02 21:51:01.280522: Epoch time: 38.48 s
2026-01-02 21:51:02.049937: 
2026-01-02 21:51:02.053118: Epoch 15
2026-01-02 21:51:02.055682: Current learning rate: 0.00955
2026-01-02 21:51:42.750605: train_loss 0.6843
2026-01-02 21:51:42.754263: val_loss 2.0105
2026-01-02 21:51:42.765631: val classification accuracy 0.5417
2026-01-02 21:51:42.768480: val auc 0.5069
2026-01-02 21:51:42.770979: Epoch time: 40.7 s
2026-01-02 21:51:43.514184: 
2026-01-02 21:51:43.517188: Epoch 16
2026-01-02 21:51:43.519493: Current learning rate: 0.00952
2026-01-02 21:52:23.447116: train_loss 0.681
2026-01-02 21:52:23.451763: val_loss 0.7309
2026-01-02 21:52:23.454480: val classification accuracy 0.5833
2026-01-02 21:52:23.457030: val auc 0.6007
2026-01-02 21:52:23.459595: Epoch time: 39.93 s
2026-01-02 21:52:24.173933: 
2026-01-02 21:52:24.177032: Epoch 17
2026-01-02 21:52:24.179423: Current learning rate: 0.00949
2026-01-02 21:53:00.236466: train_loss 0.7017
2026-01-02 21:53:00.255702: val_loss 3.3438
2026-01-02 21:53:00.258704: val classification accuracy 0.3125
2026-01-02 21:53:00.265854: val auc 0.27
2026-01-02 21:53:00.268927: Epoch time: 36.06 s
2026-01-02 21:53:01.032432: 
2026-01-02 21:53:01.036170: Epoch 18
2026-01-02 21:53:01.038755: Current learning rate: 0.00946
2026-01-02 21:53:40.866040: train_loss 0.6939
2026-01-02 21:53:40.872082: val_loss 0.6149
2026-01-02 21:53:40.874397: val classification accuracy 0.6042
2026-01-02 21:53:40.876721: val auc 0.7569
2026-01-02 21:53:40.884573: Epoch time: 39.84 s
2026-01-02 21:53:41.626858: 
2026-01-02 21:53:41.630049: Epoch 19
2026-01-02 21:53:41.632396: Current learning rate: 0.00943
2026-01-02 21:54:21.166069: train_loss 0.6692
2026-01-02 21:54:21.169992: val_loss 1.2618
2026-01-02 21:54:21.172726: val classification accuracy 0.5417
2026-01-02 21:54:21.178224: val auc 0.4531
2026-01-02 21:54:21.191121: Epoch time: 39.54 s
2026-01-02 21:54:21.953114: Saved periodic checkpoint /hpf/projects/jquon/sumin/nnUNet_data/nnUNet_results/Dataset033_AVM_T1+C/DenseNetTrainer_ep300_NoMirroring_x2__nnUNetResEncUNetLPlans__3d_fullres/fold_3/checkpoint_every20_best_balacc.pth at epoch 19 with val_balanced_accuracy=0.5417
2026-01-02 21:54:22.655173: Saved periodic checkpoint /hpf/projects/jquon/sumin/nnUNet_data/nnUNet_results/Dataset033_AVM_T1+C/DenseNetTrainer_ep300_NoMirroring_x2__nnUNetResEncUNetLPlans__3d_fullres/fold_3/checkpoint_every20_best_auroc.pth at epoch 19 with val_auc=0.4531
2026-01-02 21:54:23.356139: 
2026-01-02 21:54:23.359804: Epoch 20
2026-01-02 21:54:23.362099: Current learning rate: 0.0094
2026-01-02 21:55:03.191145: train_loss 0.6963
2026-01-02 21:55:03.202019: val_loss 2.0966
2026-01-02 21:55:03.205321: val classification accuracy 0.5208
2026-01-02 21:55:03.209892: val auc 0.5417
2026-01-02 21:55:03.215371: Epoch time: 39.84 s
2026-01-02 21:55:04.002301: 
2026-01-02 21:55:04.005891: Epoch 21
2026-01-02 21:55:04.008192: Current learning rate: 0.00937
2026-01-02 21:55:43.227858: train_loss 0.688
2026-01-02 21:55:43.232062: val_loss 3.0613
2026-01-02 21:55:43.234792: val classification accuracy 0.5
2026-01-02 21:55:43.237841: val auc 0.3342
2026-01-02 21:55:43.240598: Epoch time: 39.23 s
2026-01-02 21:55:43.949974: 
2026-01-02 21:55:43.953146: Epoch 22
2026-01-02 21:55:43.955521: Current learning rate: 0.00934
2026-01-02 21:56:22.313341: train_loss 0.6714
2026-01-02 21:56:22.318496: val_loss 2.197
2026-01-02 21:56:22.331132: val classification accuracy 0.5
2026-01-02 21:56:22.359676: val auc 0.3533
2026-01-02 21:56:22.362635: Epoch time: 38.36 s
2026-01-02 21:56:23.092788: 
2026-01-02 21:56:23.096336: Epoch 23
2026-01-02 21:56:23.098859: Current learning rate: 0.00931
2026-01-02 21:57:02.249151: train_loss 0.7076
2026-01-02 21:57:02.253522: val_loss 0.7661
2026-01-02 21:57:02.256596: val classification accuracy 0.7083
2026-01-02 21:57:02.259320: val auc 0.7726
2026-01-02 21:57:02.262505: Epoch time: 39.16 s
2026-01-02 21:57:02.266268: Yayy! New best classification accuracy: 0.7083
2026-01-02 21:57:03.618633: 
2026-01-02 21:57:03.621948: Epoch 24
2026-01-02 21:57:03.624204: Current learning rate: 0.00928
2026-01-02 21:57:41.260466: train_loss 0.6748
2026-01-02 21:57:41.265836: val_loss 0.6372
2026-01-02 21:57:41.268600: val classification accuracy 0.6667
2026-01-02 21:57:41.271102: val auc 0.7465
2026-01-02 21:57:41.273599: Epoch time: 37.64 s
2026-01-02 21:57:42.009065: 
2026-01-02 21:57:42.012319: Epoch 25
2026-01-02 21:57:42.014669: Current learning rate: 0.00925
2026-01-02 21:58:20.059304: train_loss 0.6996
2026-01-02 21:58:20.063470: val_loss 1.2383
2026-01-02 21:58:20.069251: val classification accuracy 0.5833
2026-01-02 21:58:20.071770: val auc 0.6302
2026-01-02 21:58:20.074507: Epoch time: 38.05 s
2026-01-02 21:58:20.800321: 
2026-01-02 21:58:20.803438: Epoch 26
2026-01-02 21:58:20.805672: Current learning rate: 0.00922
2026-01-02 21:59:00.204553: train_loss 0.6862
2026-01-02 21:59:00.212010: val_loss 0.9725
2026-01-02 21:59:00.214838: val classification accuracy 0.5208
2026-01-02 21:59:00.217550: val auc 0.5208
2026-01-02 21:59:00.220161: Epoch time: 39.41 s
2026-01-02 21:59:00.962396: 
2026-01-02 21:59:00.965887: Epoch 27
2026-01-02 21:59:00.968353: Current learning rate: 0.00919
2026-01-02 21:59:40.183789: train_loss 0.6737
2026-01-02 21:59:40.221380: val_loss 0.7232
2026-01-02 21:59:40.224247: val classification accuracy 0.5625
2026-01-02 21:59:40.226823: val auc 0.6198
2026-01-02 21:59:40.232943: Epoch time: 39.22 s
2026-01-02 21:59:41.015626: 
2026-01-02 21:59:41.018755: Epoch 28
2026-01-02 21:59:41.021150: Current learning rate: 0.00916
2026-01-02 22:00:23.045501: train_loss 0.6803
2026-01-02 22:00:23.050124: val_loss 0.7343
2026-01-02 22:00:23.052744: val classification accuracy 0.5208
2026-01-02 22:00:23.055449: val auc 0.566
2026-01-02 22:00:23.058232: Epoch time: 42.03 s
2026-01-02 22:00:23.810339: 
2026-01-02 22:00:23.813828: Epoch 29
2026-01-02 22:00:23.816189: Current learning rate: 0.00913
2026-01-02 22:01:04.679417: train_loss 0.6782
2026-01-02 22:01:04.709111: val_loss 1.4067
2026-01-02 22:01:04.712303: val classification accuracy 0.4375
2026-01-02 22:01:04.715626: val auc 0.3967
2026-01-02 22:01:04.718414: Epoch time: 40.87 s
2026-01-02 22:01:05.451028: 
2026-01-02 22:01:05.458199: Epoch 30
2026-01-02 22:01:05.460793: Current learning rate: 0.0091
2026-01-02 22:01:47.902365: train_loss 0.6663
2026-01-02 22:01:47.914058: val_loss 0.7048
2026-01-02 22:01:47.917563: val classification accuracy 0.5625
2026-01-02 22:01:47.923472: val auc 0.6233
2026-01-02 22:01:47.926926: Epoch time: 42.45 s
2026-01-02 22:01:48.679389: 
2026-01-02 22:01:48.682688: Epoch 31
2026-01-02 22:01:48.685126: Current learning rate: 0.00907
2026-01-02 22:02:26.789714: train_loss 0.6609
2026-01-02 22:02:26.810822: val_loss 1.9137
2026-01-02 22:02:26.814164: val classification accuracy 0.4167
2026-01-02 22:02:26.816929: val auc 0.4358
2026-01-02 22:02:26.819716: Epoch time: 38.11 s
2026-01-02 22:02:28.074484: 
2026-01-02 22:02:28.077708: Epoch 32
2026-01-02 22:02:28.080123: Current learning rate: 0.00903
2026-01-02 22:03:03.391103: train_loss 0.6709
2026-01-02 22:03:03.395579: val_loss 2.615
2026-01-02 22:03:03.403090: val classification accuracy 0.4792
2026-01-02 22:03:03.406431: val auc 0.4497
2026-01-02 22:03:03.409299: Epoch time: 35.32 s
2026-01-02 22:03:04.161968: 
2026-01-02 22:03:04.165098: Epoch 33
2026-01-02 22:03:04.167513: Current learning rate: 0.009
2026-01-02 22:03:43.954427: train_loss 0.6657
2026-01-02 22:03:43.972378: val_loss 0.653
2026-01-02 22:03:43.975081: val classification accuracy 0.6042
2026-01-02 22:03:43.978247: val auc 0.658
2026-01-02 22:03:43.981165: Epoch time: 39.79 s
2026-01-02 22:03:44.707502: 
2026-01-02 22:03:44.722865: Epoch 34
2026-01-02 22:03:44.730314: Current learning rate: 0.00897
2026-01-02 22:04:25.906311: train_loss 0.6896
2026-01-02 22:04:25.911808: val_loss 0.857
2026-01-02 22:04:25.915245: val classification accuracy 0.75
2026-01-02 22:04:25.918017: val auc 0.6806
2026-01-02 22:04:25.920963: Epoch time: 41.2 s
2026-01-02 22:04:25.935037: Yayy! New best classification accuracy: 0.75
2026-01-02 22:04:27.369190: 
2026-01-02 22:04:27.372776: Epoch 35
2026-01-02 22:04:27.375103: Current learning rate: 0.00894
2026-01-02 22:05:03.689598: train_loss 0.6874
2026-01-02 22:05:03.694205: val_loss 1.1961
2026-01-02 22:05:03.697005: val classification accuracy 0.5625
2026-01-02 22:05:03.699943: val auc 0.4757
2026-01-02 22:05:03.702509: Epoch time: 36.32 s
2026-01-02 22:05:04.460027: 
2026-01-02 22:05:04.463187: Epoch 36
2026-01-02 22:05:04.465565: Current learning rate: 0.00891
2026-01-02 22:05:47.185846: train_loss 0.6785
2026-01-02 22:05:47.190617: val_loss 1.9749
2026-01-02 22:05:47.193296: val classification accuracy 0.4583
2026-01-02 22:05:47.195997: val auc 0.3594
2026-01-02 22:05:47.198676: Epoch time: 42.73 s
2026-01-02 22:05:48.416139: 
2026-01-02 22:05:48.419117: Epoch 37
2026-01-02 22:05:48.421503: Current learning rate: 0.00888
2026-01-02 22:06:24.430359: train_loss 0.6796
2026-01-02 22:06:24.433984: val_loss 1.6322
2026-01-02 22:06:24.438394: val classification accuracy 0.625
2026-01-02 22:06:24.440824: val auc 0.5
2026-01-02 22:06:24.443182: Epoch time: 36.02 s
2026-01-02 22:06:25.212039: 
2026-01-02 22:06:25.215660: Epoch 38
2026-01-02 22:06:25.218032: Current learning rate: 0.00885
2026-01-02 22:07:06.681438: train_loss 0.6643
2026-01-02 22:07:06.687698: val_loss 1.6111
2026-01-02 22:07:06.690622: val classification accuracy 0.5625
2026-01-02 22:07:06.693425: val auc 0.4028
2026-01-02 22:07:06.696160: Epoch time: 41.47 s
2026-01-02 22:07:07.435840: 
2026-01-02 22:07:07.439496: Epoch 39
2026-01-02 22:07:07.441889: Current learning rate: 0.00882
2026-01-02 22:07:46.446740: train_loss 0.6771
2026-01-02 22:07:46.480299: val_loss 0.7547
2026-01-02 22:07:46.483059: val classification accuracy 0.7083
2026-01-02 22:07:46.485804: val auc 0.6901
2026-01-02 22:07:46.488586: Epoch time: 39.01 s
2026-01-02 22:07:47.258861: Saved periodic checkpoint /hpf/projects/jquon/sumin/nnUNet_data/nnUNet_results/Dataset033_AVM_T1+C/DenseNetTrainer_ep300_NoMirroring_x2__nnUNetResEncUNetLPlans__3d_fullres/fold_3/checkpoint_every20_best_balacc.pth at epoch 39 with val_balanced_accuracy=0.7083
2026-01-02 22:07:48.002176: Saved periodic checkpoint /hpf/projects/jquon/sumin/nnUNet_data/nnUNet_results/Dataset033_AVM_T1+C/DenseNetTrainer_ep300_NoMirroring_x2__nnUNetResEncUNetLPlans__3d_fullres/fold_3/checkpoint_every20_best_auroc.pth at epoch 39 with val_auc=0.6901
2026-01-02 22:07:48.676251: 
2026-01-02 22:07:48.679388: Epoch 40
2026-01-02 22:07:48.681560: Current learning rate: 0.00879
2026-01-02 22:08:25.796440: train_loss 0.6816
2026-01-02 22:08:25.800956: val_loss 1.3732
2026-01-02 22:08:25.803814: val classification accuracy 0.625
2026-01-02 22:08:25.806514: val auc 0.6519
2026-01-02 22:08:25.809339: Epoch time: 37.12 s
2026-01-02 22:08:26.511139: 
2026-01-02 22:08:26.514456: Epoch 41
2026-01-02 22:08:26.516790: Current learning rate: 0.00876
2026-01-02 22:09:03.868734: train_loss 0.665
2026-01-02 22:09:03.872956: val_loss 0.6916
2026-01-02 22:09:03.876050: val classification accuracy 0.6042
2026-01-02 22:09:03.893206: val auc 0.6163
2026-01-02 22:09:03.935630: Epoch time: 37.36 s
2026-01-02 22:09:05.267362: 
2026-01-02 22:09:05.270810: Epoch 42
2026-01-02 22:09:05.273124: Current learning rate: 0.00873
2026-01-02 22:09:43.081770: train_loss 0.665
2026-01-02 22:09:43.104717: val_loss 1.0262
2026-01-02 22:09:43.107168: val classification accuracy 0.5417
2026-01-02 22:09:43.110198: val auc 0.4974
2026-01-02 22:09:43.113348: Epoch time: 37.82 s
2026-01-02 22:09:43.829185: 
2026-01-02 22:09:43.832465: Epoch 43
2026-01-02 22:09:43.835005: Current learning rate: 0.0087
2026-01-02 22:10:21.767751: train_loss 0.6824
2026-01-02 22:10:21.778147: val_loss 3.2261
2026-01-02 22:10:21.780666: val classification accuracy 0.2708
2026-01-02 22:10:21.783102: val auc 0.2153
2026-01-02 22:10:21.785471: Epoch time: 37.94 s
2026-01-02 22:10:22.509482: 
2026-01-02 22:10:22.512366: Epoch 44
2026-01-02 22:10:22.514657: Current learning rate: 0.00867
2026-01-02 22:11:02.221586: train_loss 0.6898
2026-01-02 22:11:02.241971: val_loss 1.1935
2026-01-02 22:11:02.244798: val classification accuracy 0.625
2026-01-02 22:11:02.247454: val auc 0.5677
2026-01-02 22:11:02.250110: Epoch time: 39.71 s
2026-01-02 22:11:03.023001: 
2026-01-02 22:11:03.026015: Epoch 45
2026-01-02 22:11:03.028274: Current learning rate: 0.00864
2026-01-02 22:11:42.267561: train_loss 0.6667
2026-01-02 22:11:42.271252: val_loss 2.3105
2026-01-02 22:11:42.273756: val classification accuracy 0.6458
2026-01-02 22:11:42.276260: val auc 0.645
2026-01-02 22:11:42.278570: Epoch time: 39.25 s
2026-01-02 22:11:43.028346: 
2026-01-02 22:11:43.031266: Epoch 46
2026-01-02 22:11:43.033199: Current learning rate: 0.00861
2026-01-02 22:12:20.755946: train_loss 0.6718
2026-01-02 22:12:20.760603: val_loss 0.9955
2026-01-02 22:12:20.763264: val classification accuracy 0.7083
2026-01-02 22:12:20.765910: val auc 0.7509
2026-01-02 22:12:20.769051: Epoch time: 37.73 s
2026-01-02 22:12:21.987957: 
2026-01-02 22:12:21.991220: Epoch 47
2026-01-02 22:12:21.993575: Current learning rate: 0.00858
2026-01-02 22:12:59.479099: train_loss 0.6408
2026-01-02 22:12:59.490892: val_loss 0.9191
2026-01-02 22:12:59.493582: val classification accuracy 0.4583
2026-01-02 22:12:59.496196: val auc 0.4366
2026-01-02 22:12:59.498943: Epoch time: 37.49 s
2026-01-02 22:13:00.218906: 
2026-01-02 22:13:00.222346: Epoch 48
2026-01-02 22:13:00.225032: Current learning rate: 0.00855
2026-01-02 22:13:41.117245: train_loss 0.6877
2026-01-02 22:13:41.121758: val_loss 0.5514
2026-01-02 22:13:41.125936: val classification accuracy 0.6667
2026-01-02 22:13:41.128852: val auc 0.7917
2026-01-02 22:13:41.131529: Epoch time: 40.9 s
2026-01-02 22:13:41.134104: Yayy! New best EMA pseudo Dice: 0.7917
2026-01-02 22:13:42.514109: 
2026-01-02 22:13:42.517171: Epoch 49
2026-01-02 22:13:42.519464: Current learning rate: 0.00852
2026-01-02 22:14:22.820924: train_loss 0.6932
2026-01-02 22:14:22.832871: val_loss 1.6198
2026-01-02 22:14:22.835914: val classification accuracy 0.5
2026-01-02 22:14:22.838634: val auc 0.5087
2026-01-02 22:14:22.841286: Epoch time: 40.31 s
2026-01-02 22:14:23.575099: 
2026-01-02 22:14:23.578461: Epoch 50
2026-01-02 22:14:23.580825: Current learning rate: 0.00849
2026-01-02 22:15:01.796937: train_loss 0.6918
2026-01-02 22:15:01.802637: val_loss 0.6527
2026-01-02 22:15:01.805534: val classification accuracy 0.625
2026-01-02 22:15:01.808353: val auc 0.6736
2026-01-02 22:15:01.811175: Epoch time: 38.22 s
2026-01-02 22:15:02.560186: 
2026-01-02 22:15:02.563688: Epoch 51
2026-01-02 22:15:02.565957: Current learning rate: 0.00846
2026-01-02 22:15:42.758193: train_loss 0.666
2026-01-02 22:15:42.765913: val_loss 0.5806
2026-01-02 22:15:42.779394: val classification accuracy 0.7292
2026-01-02 22:15:42.782487: val auc 0.8299
2026-01-02 22:15:42.785449: Epoch time: 40.2 s
2026-01-02 22:15:42.787854: Yayy! New best EMA pseudo Dice: 0.8299
2026-01-02 22:15:44.217476: 
2026-01-02 22:15:44.220622: Epoch 52
2026-01-02 22:15:44.223107: Current learning rate: 0.00843
2026-01-02 22:16:22.611085: train_loss 0.6428
2026-01-02 22:16:22.620702: val_loss 0.6162
2026-01-02 22:16:22.630115: val classification accuracy 0.6667
2026-01-02 22:16:22.632653: val auc 0.7813
2026-01-02 22:16:22.635096: Epoch time: 38.4 s
2026-01-02 22:16:23.365523: 
2026-01-02 22:16:23.368886: Epoch 53
2026-01-02 22:16:23.371088: Current learning rate: 0.00839
2026-01-02 22:16:59.765046: train_loss 0.6771
2026-01-02 22:16:59.769441: val_loss 2.8285
2026-01-02 22:16:59.772354: val classification accuracy 0.6458
2026-01-02 22:16:59.775101: val auc 0.7656
2026-01-02 22:16:59.777509: Epoch time: 36.4 s
2026-01-02 22:17:00.565735: 
2026-01-02 22:17:00.569115: Epoch 54
2026-01-02 22:17:00.571575: Current learning rate: 0.00836
2026-01-02 22:17:40.224865: train_loss 0.6685
2026-01-02 22:17:40.243626: val_loss 0.9047
2026-01-02 22:17:40.253126: val classification accuracy 0.625
2026-01-02 22:17:40.267233: val auc 0.6832
2026-01-02 22:17:40.293531: Epoch time: 39.66 s
2026-01-02 22:17:41.066412: 
2026-01-02 22:17:41.070102: Epoch 55
2026-01-02 22:17:41.072612: Current learning rate: 0.00833
2026-01-02 22:18:17.607747: train_loss 0.6402
2026-01-02 22:18:17.612113: val_loss 0.6063
2026-01-02 22:18:17.639124: val classification accuracy 0.7917
2026-01-02 22:18:17.644975: val auc 0.8429
2026-01-02 22:18:17.675643: Epoch time: 36.54 s
2026-01-02 22:18:17.691044: Yayy! New best EMA pseudo Dice: 0.8429
2026-01-02 22:18:18.444551: Yayy! New best classification accuracy: 0.7917
2026-01-02 22:18:19.917004: 
2026-01-02 22:18:19.920497: Epoch 56
2026-01-02 22:18:19.923058: Current learning rate: 0.0083
2026-01-02 22:18:56.687799: train_loss 0.6834
2026-01-02 22:18:56.692347: val_loss 0.9761
2026-01-02 22:18:56.694906: val classification accuracy 0.6875
2026-01-02 22:18:56.697654: val auc 0.6615
2026-01-02 22:18:56.700220: Epoch time: 36.77 s
2026-01-02 22:18:57.436647: 
2026-01-02 22:18:57.439783: Epoch 57
2026-01-02 22:18:57.442396: Current learning rate: 0.00827
2026-01-02 22:19:35.623393: train_loss 0.68
2026-01-02 22:19:35.628326: val_loss 1.2561
2026-01-02 22:19:35.631140: val classification accuracy 0.5
2026-01-02 22:19:35.633835: val auc 0.4583
2026-01-02 22:19:35.636617: Epoch time: 38.19 s
2026-01-02 22:19:36.379669: 
2026-01-02 22:19:36.383976: Epoch 58
2026-01-02 22:19:36.386631: Current learning rate: 0.00824
2026-01-02 22:20:16.074003: train_loss 0.6642
2026-01-02 22:20:16.078545: val_loss 1.6112
2026-01-02 22:20:16.081358: val classification accuracy 0.5833
2026-01-02 22:20:16.083895: val auc 0.4809
2026-01-02 22:20:16.086375: Epoch time: 39.7 s
2026-01-02 22:20:16.830607: 
2026-01-02 22:20:16.833713: Epoch 59
2026-01-02 22:20:16.836026: Current learning rate: 0.00821
2026-01-02 22:20:53.921275: train_loss 0.6526
2026-01-02 22:20:53.977035: val_loss 0.4531
2026-01-02 22:20:53.980167: val classification accuracy 0.7917
2026-01-02 22:20:53.983263: val auc 0.8611
2026-01-02 22:20:53.986139: Epoch time: 37.09 s
2026-01-02 22:20:54.813590: Saved periodic checkpoint /hpf/projects/jquon/sumin/nnUNet_data/nnUNet_results/Dataset033_AVM_T1+C/DenseNetTrainer_ep300_NoMirroring_x2__nnUNetResEncUNetLPlans__3d_fullres/fold_3/checkpoint_every20_best_balacc.pth at epoch 59 with val_balanced_accuracy=0.7917
2026-01-02 22:20:55.660684: Saved periodic checkpoint /hpf/projects/jquon/sumin/nnUNet_data/nnUNet_results/Dataset033_AVM_T1+C/DenseNetTrainer_ep300_NoMirroring_x2__nnUNetResEncUNetLPlans__3d_fullres/fold_3/checkpoint_every20_best_auroc.pth at epoch 59 with val_auc=0.8611
2026-01-02 22:20:55.668795: Yayy! New best EMA pseudo Dice: 0.8611
2026-01-02 22:20:57.133328: 
2026-01-02 22:20:57.136582: Epoch 60
2026-01-02 22:20:57.139045: Current learning rate: 0.00818
2026-01-02 22:21:37.725838: train_loss 0.6541
2026-01-02 22:21:37.730607: val_loss 2.3984
2026-01-02 22:21:37.733078: val classification accuracy 0.4792
2026-01-02 22:21:37.735582: val auc 0.4271
2026-01-02 22:21:37.738233: Epoch time: 40.59 s
2026-01-02 22:21:38.473480: 
2026-01-02 22:21:38.477030: Epoch 61
2026-01-02 22:21:38.479578: Current learning rate: 0.00815
2026-01-02 22:22:15.252671: train_loss 0.6812
2026-01-02 22:22:15.270924: val_loss 0.589
2026-01-02 22:22:15.273927: val classification accuracy 0.7292
2026-01-02 22:22:15.277293: val auc 0.7986
2026-01-02 22:22:15.280908: Epoch time: 36.78 s
2026-01-02 22:22:16.049353: 
2026-01-02 22:22:16.052939: Epoch 62
2026-01-02 22:22:16.055569: Current learning rate: 0.00812
2026-01-02 22:22:53.917439: train_loss 0.668
2026-01-02 22:22:53.924113: val_loss 0.5707
2026-01-02 22:22:53.926837: val classification accuracy 0.6667
2026-01-02 22:22:53.929486: val auc 0.7708
2026-01-02 22:22:53.931978: Epoch time: 37.87 s
2026-01-02 22:22:54.664470: 
2026-01-02 22:22:54.668123: Epoch 63
2026-01-02 22:22:54.670258: Current learning rate: 0.00809
2026-01-02 22:23:32.771905: train_loss 0.638
2026-01-02 22:23:32.823731: val_loss 2.0565
2026-01-02 22:23:32.826925: val classification accuracy 0.5625
2026-01-02 22:23:32.829767: val auc 0.4774
2026-01-02 22:23:32.832338: Epoch time: 38.11 s
2026-01-02 22:23:33.595043: 
2026-01-02 22:23:33.600117: Epoch 64
2026-01-02 22:23:33.602779: Current learning rate: 0.00806
2026-01-02 22:24:11.037655: train_loss 0.6572
2026-01-02 22:24:11.043044: val_loss 1.2174
2026-01-02 22:24:11.045521: val classification accuracy 0.5417
2026-01-02 22:24:11.048117: val auc 0.5642
2026-01-02 22:24:11.050580: Epoch time: 37.44 s
2026-01-02 22:24:11.765585: 
2026-01-02 22:24:11.768657: Epoch 65
2026-01-02 22:24:11.770991: Current learning rate: 0.00803
2026-01-02 22:24:51.898043: train_loss 0.6845
2026-01-02 22:24:51.902375: val_loss 0.7874
2026-01-02 22:24:51.905091: val classification accuracy 0.5625
2026-01-02 22:24:51.907697: val auc 0.4844
2026-01-02 22:24:51.910355: Epoch time: 40.13 s
2026-01-02 22:24:52.637650: 
2026-01-02 22:24:52.641146: Epoch 66
2026-01-02 22:24:52.643526: Current learning rate: 0.008
2026-01-02 22:25:28.985269: train_loss 0.6543
2026-01-02 22:25:29.014384: val_loss 0.6473
2026-01-02 22:25:29.017395: val classification accuracy 0.5833
2026-01-02 22:25:29.020181: val auc 0.7257
2026-01-02 22:25:29.022819: Epoch time: 36.35 s
2026-01-02 22:25:29.780061: 
2026-01-02 22:25:29.783339: Epoch 67
2026-01-02 22:25:29.785954: Current learning rate: 0.00797
2026-01-02 22:26:07.426957: train_loss 0.6586
2026-01-02 22:26:07.432392: val_loss 0.956
2026-01-02 22:26:07.435645: val classification accuracy 0.4583
2026-01-02 22:26:07.439010: val auc 0.4948
2026-01-02 22:26:07.455789: Epoch time: 37.65 s
2026-01-02 22:26:08.164332: 
2026-01-02 22:26:08.168351: Epoch 68
2026-01-02 22:26:08.171010: Current learning rate: 0.00793
2026-01-02 22:26:43.977988: train_loss 0.6322
2026-01-02 22:26:43.983091: val_loss 1.0348
2026-01-02 22:26:43.985926: val classification accuracy 0.5417
2026-01-02 22:26:44.028072: val auc 0.6042
2026-01-02 22:26:44.030641: Epoch time: 35.82 s
2026-01-02 22:26:44.728427: 
2026-01-02 22:26:44.750470: Epoch 69
2026-01-02 22:26:44.752918: Current learning rate: 0.0079
2026-01-02 22:27:25.060960: train_loss 0.6708
2026-01-02 22:27:25.064663: val_loss 2.4342
2026-01-02 22:27:25.067192: val classification accuracy 0.5
2026-01-02 22:27:25.069575: val auc 0.3594
2026-01-02 22:27:25.072634: Epoch time: 40.33 s
2026-01-02 22:27:25.816404: 
2026-01-02 22:27:25.819753: Epoch 70
2026-01-02 22:27:25.822146: Current learning rate: 0.00787
2026-01-02 22:28:04.006648: train_loss 0.6802
2026-01-02 22:28:04.018626: val_loss 1.4245
2026-01-02 22:28:04.022052: val classification accuracy 0.6875
2026-01-02 22:28:04.024822: val auc 0.7092
2026-01-02 22:28:04.029345: Epoch time: 38.19 s
2026-01-02 22:28:05.332427: 
2026-01-02 22:28:05.335582: Epoch 71
2026-01-02 22:28:05.338188: Current learning rate: 0.00784
2026-01-02 22:28:41.995179: train_loss 0.68
2026-01-02 22:28:42.031131: val_loss 1.4347
2026-01-02 22:28:42.047114: val classification accuracy 0.6042
2026-01-02 22:28:42.050104: val auc 0.5868
2026-01-02 22:28:42.053150: Epoch time: 36.66 s
2026-01-02 22:28:42.767234: 
2026-01-02 22:28:42.770786: Epoch 72
2026-01-02 22:28:42.773199: Current learning rate: 0.00781
2026-01-02 22:29:21.269847: train_loss 0.673
2026-01-02 22:29:21.274339: val_loss 0.8088
2026-01-02 22:29:21.312532: val classification accuracy 0.6458
2026-01-02 22:29:21.341818: val auc 0.6866
2026-01-02 22:29:21.344986: Epoch time: 38.5 s
2026-01-02 22:29:22.091361: 
2026-01-02 22:29:22.094611: Epoch 73
2026-01-02 22:29:22.097141: Current learning rate: 0.00778
2026-01-02 22:30:01.721023: train_loss 0.6472
2026-01-02 22:30:01.725115: val_loss 0.5831
2026-01-02 22:30:01.748882: val classification accuracy 0.7083
2026-01-02 22:30:01.784215: val auc 0.7917
2026-01-02 22:30:01.787497: Epoch time: 39.63 s
2026-01-02 22:30:02.514366: 
2026-01-02 22:30:02.517930: Epoch 74
2026-01-02 22:30:02.520398: Current learning rate: 0.00775
2026-01-02 22:30:42.554434: train_loss 0.626
2026-01-02 22:30:42.559743: val_loss 0.8094
2026-01-02 22:30:42.582152: val classification accuracy 0.625
2026-01-02 22:30:42.585455: val auc 0.7457
2026-01-02 22:30:42.588399: Epoch time: 40.04 s
2026-01-02 22:30:43.325900: 
2026-01-02 22:30:43.328890: Epoch 75
2026-01-02 22:30:43.331112: Current learning rate: 0.00772
2026-01-02 22:31:23.543430: train_loss 0.667
2026-01-02 22:31:23.555135: val_loss 2.1121
2026-01-02 22:31:23.561549: val classification accuracy 0.5208
2026-01-02 22:31:23.566497: val auc 0.4922
2026-01-02 22:31:23.569446: Epoch time: 40.22 s
2026-01-02 22:31:24.838406: 
2026-01-02 22:31:24.842241: Epoch 76
2026-01-02 22:31:24.844646: Current learning rate: 0.00769
2026-01-02 22:32:02.969891: train_loss 0.6539
2026-01-02 22:32:02.976375: val_loss 4.3809
2026-01-02 22:32:02.979763: val classification accuracy 0.5417
2026-01-02 22:32:02.982605: val auc 0.4497
2026-01-02 22:32:02.985353: Epoch time: 38.13 s
2026-01-02 22:32:03.739190: 
2026-01-02 22:32:03.742743: Epoch 77
2026-01-02 22:32:03.745178: Current learning rate: 0.00766
2026-01-02 22:32:41.888782: train_loss 0.6559
2026-01-02 22:32:41.938519: val_loss 0.9855
2026-01-02 22:32:41.967754: val classification accuracy 0.4792
2026-01-02 22:32:41.970867: val auc 0.5122
2026-01-02 22:32:41.974149: Epoch time: 38.15 s
2026-01-02 22:32:42.703807: 
2026-01-02 22:32:42.707218: Epoch 78
2026-01-02 22:32:42.709753: Current learning rate: 0.00763
2026-01-02 22:33:21.006217: train_loss 0.656
2026-01-02 22:33:21.012613: val_loss 0.8219
2026-01-02 22:33:21.015986: val classification accuracy 0.625
2026-01-02 22:33:21.019202: val auc 0.6806
2026-01-02 22:33:21.021788: Epoch time: 38.3 s
2026-01-02 22:33:21.799239: 
2026-01-02 22:33:21.803076: Epoch 79
2026-01-02 22:33:21.806007: Current learning rate: 0.0076
2026-01-02 22:33:59.935262: train_loss 0.6534
2026-01-02 22:33:59.939577: val_loss 0.954
2026-01-02 22:33:59.941844: val classification accuracy 0.4375
2026-01-02 22:33:59.953697: val auc 0.4045
2026-01-02 22:33:59.956468: Epoch time: 38.14 s
2026-01-02 22:34:00.715846: 
2026-01-02 22:34:00.719000: Epoch 80
2026-01-02 22:34:00.721476: Current learning rate: 0.00756
2026-01-02 22:34:41.624993: train_loss 0.6627
2026-01-02 22:34:41.634939: val_loss 0.8863
2026-01-02 22:34:41.637901: val classification accuracy 0.6458
2026-01-02 22:34:41.640887: val auc 0.6667
2026-01-02 22:34:41.643617: Epoch time: 40.91 s
2026-01-02 22:34:42.937393: 
2026-01-02 22:34:42.940933: Epoch 81
2026-01-02 22:34:42.943463: Current learning rate: 0.00753
2026-01-02 22:35:19.479370: train_loss 0.6521
2026-01-02 22:35:19.483396: val_loss 2.7005
2026-01-02 22:35:19.505603: val classification accuracy 0.5208
2026-01-02 22:35:19.508550: val auc 0.4253
2026-01-02 22:35:19.511266: Epoch time: 36.54 s
2026-01-02 22:35:20.255549: 
2026-01-02 22:35:20.258924: Epoch 82
2026-01-02 22:35:20.261433: Current learning rate: 0.0075
2026-01-02 22:35:56.506807: train_loss 0.6678
2026-01-02 22:35:56.511687: val_loss 0.6586
2026-01-02 22:35:56.514587: val classification accuracy 0.6042
2026-01-02 22:35:56.517315: val auc 0.6354
2026-01-02 22:35:56.520729: Epoch time: 36.25 s
2026-01-02 22:35:57.267745: 
2026-01-02 22:35:57.271310: Epoch 83
2026-01-02 22:35:57.273994: Current learning rate: 0.00747
2026-01-02 22:36:36.267927: train_loss 0.6497
2026-01-02 22:36:36.327793: val_loss 1.1368
2026-01-02 22:36:36.337368: val classification accuracy 0.625
2026-01-02 22:36:36.340395: val auc 0.6953
2026-01-02 22:36:36.343346: Epoch time: 39.0 s
2026-01-02 22:36:37.090340: 
2026-01-02 22:36:37.093853: Epoch 84
2026-01-02 22:36:37.096354: Current learning rate: 0.00744
2026-01-02 22:37:15.951678: train_loss 0.6541
2026-01-02 22:37:15.956169: val_loss 0.8996
2026-01-02 22:37:15.958788: val classification accuracy 0.5625
2026-01-02 22:37:15.961504: val auc 0.6102
2026-01-02 22:37:15.964228: Epoch time: 38.86 s
2026-01-02 22:37:16.764202: 
2026-01-02 22:37:16.767559: Epoch 85
2026-01-02 22:37:16.769960: Current learning rate: 0.00741
2026-01-02 22:37:56.473177: train_loss 0.6472
2026-01-02 22:37:56.477480: val_loss 1.1824
2026-01-02 22:37:56.494380: val classification accuracy 0.6042
2026-01-02 22:37:56.497355: val auc 0.5703
2026-01-02 22:37:56.500313: Epoch time: 39.71 s
2026-01-02 22:37:57.705890: 
2026-01-02 22:37:57.708835: Epoch 86
2026-01-02 22:37:57.711123: Current learning rate: 0.00738
2026-01-02 22:38:37.225550: train_loss 0.6504
2026-01-02 22:38:37.229943: val_loss 0.879
2026-01-02 22:38:37.232540: val classification accuracy 0.7083
2026-01-02 22:38:37.235032: val auc 0.7101
2026-01-02 22:38:37.237401: Epoch time: 39.52 s
2026-01-02 22:38:37.972229: 
2026-01-02 22:38:37.975604: Epoch 87
2026-01-02 22:38:37.977984: Current learning rate: 0.00735
2026-01-02 22:39:16.673519: train_loss 0.6874
2026-01-02 22:39:16.680492: val_loss 0.9418
2026-01-02 22:39:16.683452: val classification accuracy 0.5417
2026-01-02 22:39:16.686787: val auc 0.5486
2026-01-02 22:39:16.689954: Epoch time: 38.7 s
2026-01-02 22:39:17.422567: 
2026-01-02 22:39:17.426151: Epoch 88
2026-01-02 22:39:17.428758: Current learning rate: 0.00732
2026-01-02 22:39:57.897281: train_loss 0.6541
2026-01-02 22:39:57.907656: val_loss 1.0633
2026-01-02 22:39:57.910640: val classification accuracy 0.6875
2026-01-02 22:39:57.913408: val auc 0.7413
2026-01-02 22:39:57.921312: Epoch time: 40.48 s
2026-01-02 22:39:58.677311: 
2026-01-02 22:39:58.681072: Epoch 89
2026-01-02 22:39:58.683891: Current learning rate: 0.00729
2026-01-02 22:40:39.425103: train_loss 0.6638
2026-01-02 22:40:39.430110: val_loss 0.9119
2026-01-02 22:40:39.433074: val classification accuracy 0.5417
2026-01-02 22:40:39.436235: val auc 0.559
2026-01-02 22:40:39.439277: Epoch time: 40.75 s
2026-01-02 22:40:40.167921: 
2026-01-02 22:40:40.171359: Epoch 90
2026-01-02 22:40:40.174098: Current learning rate: 0.00725
2026-01-02 22:41:17.436986: train_loss 0.6753
2026-01-02 22:41:17.452781: val_loss 0.8709
2026-01-02 22:41:17.463889: val classification accuracy 0.5625
2026-01-02 22:41:17.466540: val auc 0.5104
2026-01-02 22:41:17.469017: Epoch time: 37.27 s
2026-01-02 22:41:18.675870: 
2026-01-02 22:41:18.679519: Epoch 91
2026-01-02 22:41:18.682094: Current learning rate: 0.00722
2026-01-02 22:41:56.964078: train_loss 0.6727
2026-01-02 22:41:56.968754: val_loss 1.0036
2026-01-02 22:41:56.972169: val classification accuracy 0.6042
2026-01-02 22:41:56.975195: val auc 0.559
2026-01-02 22:41:56.977839: Epoch time: 38.29 s
2026-01-02 22:41:57.734682: 
2026-01-02 22:41:57.738091: Epoch 92
2026-01-02 22:41:57.740442: Current learning rate: 0.00719
2026-01-02 22:42:37.796451: train_loss 0.6527
2026-01-02 22:42:37.801656: val_loss 2.0465
2026-01-02 22:42:37.822843: val classification accuracy 0.5625
2026-01-02 22:42:37.827212: val auc 0.4948
2026-01-02 22:42:37.829993: Epoch time: 40.06 s
2026-01-02 22:42:38.603178: 
2026-01-02 22:42:38.606650: Epoch 93
2026-01-02 22:42:38.609198: Current learning rate: 0.00716
2026-01-02 22:43:20.307067: train_loss 0.6813
2026-01-02 22:43:20.310985: val_loss 1.3993
2026-01-02 22:43:20.313433: val classification accuracy 0.5625
2026-01-02 22:43:20.316412: val auc 0.533
2026-01-02 22:43:20.318969: Epoch time: 41.71 s
2026-01-02 22:43:21.043634: 
2026-01-02 22:43:21.046752: Epoch 94
2026-01-02 22:43:21.049074: Current learning rate: 0.00713
2026-01-02 22:43:57.971904: train_loss 0.6531
2026-01-02 22:43:57.980654: val_loss 0.6684
2026-01-02 22:43:57.983655: val classification accuracy 0.6667
2026-01-02 22:43:58.024606: val auc 0.6736
2026-01-02 22:43:58.027244: Epoch time: 36.93 s
2026-01-02 22:43:58.758186: 
2026-01-02 22:43:58.761626: Epoch 95
2026-01-02 22:43:58.764087: Current learning rate: 0.0071
2026-01-02 22:44:38.221707: train_loss 0.6728
2026-01-02 22:44:38.225698: val_loss 1.1978
2026-01-02 22:44:38.228276: val classification accuracy 0.625
2026-01-02 22:44:38.230742: val auc 0.6406
2026-01-02 22:44:38.233156: Epoch time: 39.47 s
2026-01-02 22:44:39.469426: 
2026-01-02 22:44:39.472751: Epoch 96
2026-01-02 22:44:39.475257: Current learning rate: 0.00707
2026-01-02 22:45:16.046232: train_loss 0.6169
2026-01-02 22:45:16.051428: val_loss 1.5754
2026-01-02 22:45:16.054448: val classification accuracy 0.5208
2026-01-02 22:45:16.057599: val auc 0.4531
2026-01-02 22:45:16.060477: Epoch time: 36.58 s
2026-01-02 22:45:16.815247: 
2026-01-02 22:45:16.818888: Epoch 97
2026-01-02 22:45:16.821638: Current learning rate: 0.00704
2026-01-02 22:45:56.241198: train_loss 0.6087
2026-01-02 22:45:56.253679: val_loss 0.7548
2026-01-02 22:45:56.256803: val classification accuracy 0.625
2026-01-02 22:45:56.259623: val auc 0.6823
2026-01-02 22:45:56.262113: Epoch time: 39.43 s
2026-01-02 22:45:56.994883: 
2026-01-02 22:45:56.998164: Epoch 98
2026-01-02 22:45:57.000579: Current learning rate: 0.007
2026-01-02 22:46:35.372002: train_loss 0.6079
2026-01-02 22:46:35.376641: val_loss 0.6417
2026-01-02 22:46:35.379227: val classification accuracy 0.6875
2026-01-02 22:46:35.381752: val auc 0.7795
2026-01-02 22:46:35.384470: Epoch time: 38.38 s
2026-01-02 22:46:36.129178: 
2026-01-02 22:46:36.132263: Epoch 99
2026-01-02 22:46:36.134635: Current learning rate: 0.00697
2026-01-02 22:47:17.245083: train_loss 0.6373
2026-01-02 22:47:17.249998: val_loss 1.9058
2026-01-02 22:47:17.253499: val classification accuracy 0.625
2026-01-02 22:47:17.256853: val auc 0.6597
2026-01-02 22:47:17.259684: Epoch time: 41.12 s
2026-01-02 22:47:18.031170: 
2026-01-02 22:47:18.034292: Epoch 100
2026-01-02 22:47:18.036579: Current learning rate: 0.00694
2026-01-02 22:47:56.766465: train_loss 0.6531
2026-01-02 22:47:56.772672: val_loss 0.9186
2026-01-02 22:47:56.775489: val classification accuracy 0.5625
2026-01-02 22:47:56.778421: val auc 0.6589
2026-01-02 22:47:56.781288: Epoch time: 38.74 s
2026-01-02 22:47:58.058711: 
2026-01-02 22:47:58.062234: Epoch 101
2026-01-02 22:47:58.064822: Current learning rate: 0.00691
2026-01-02 22:48:36.613708: train_loss 0.6398
2026-01-02 22:48:36.618803: val_loss 1.4853
2026-01-02 22:48:36.621602: val classification accuracy 0.5625
2026-01-02 22:48:36.624753: val auc 0.6424
2026-01-02 22:48:36.627669: Epoch time: 38.56 s
2026-01-02 22:48:37.339604: 
2026-01-02 22:48:37.343145: Epoch 102
2026-01-02 22:48:37.345699: Current learning rate: 0.00688
2026-01-02 22:49:15.816440: train_loss 0.6653
2026-01-02 22:49:15.821015: val_loss 1.0171
2026-01-02 22:49:15.823923: val classification accuracy 0.6042
2026-01-02 22:49:15.831831: val auc 0.7474
2026-01-02 22:49:15.835216: Epoch time: 38.48 s
2026-01-02 22:49:16.556578: 
2026-01-02 22:49:16.559964: Epoch 103
2026-01-02 22:49:16.562482: Current learning rate: 0.00685
2026-01-02 22:49:54.406894: train_loss 0.6331
2026-01-02 22:49:54.418630: val_loss 0.6928
2026-01-02 22:49:54.421421: val classification accuracy 0.6042
2026-01-02 22:49:54.424097: val auc 0.6684
2026-01-02 22:49:54.426629: Epoch time: 37.85 s
2026-01-02 22:49:55.155265: 
2026-01-02 22:49:55.158700: Epoch 104
2026-01-02 22:49:55.160991: Current learning rate: 0.00682
2026-01-02 22:50:34.090786: train_loss 0.6646
2026-01-02 22:50:34.099567: val_loss 1.3555
2026-01-02 22:50:34.102320: val classification accuracy 0.5417
2026-01-02 22:50:34.104907: val auc 0.5035
2026-01-02 22:50:34.107534: Epoch time: 38.94 s
2026-01-02 22:50:34.841015: 
2026-01-02 22:50:34.844215: Epoch 105
2026-01-02 22:50:34.846446: Current learning rate: 0.00679
2026-01-02 22:51:14.641482: train_loss 0.6527
2026-01-02 22:51:14.648184: val_loss 1.1885
2026-01-02 22:51:14.651388: val classification accuracy 0.5625
2026-01-02 22:51:14.654371: val auc 0.6406
2026-01-02 22:51:14.657581: Epoch time: 39.8 s
2026-01-02 22:51:15.379055: 
2026-01-02 22:51:15.382723: Epoch 106
2026-01-02 22:51:15.385247: Current learning rate: 0.00675
2026-01-02 22:51:52.254203: train_loss 0.6495
2026-01-02 22:51:52.259525: val_loss 0.7444
2026-01-02 22:51:52.262818: val classification accuracy 0.625
2026-01-02 22:51:52.265931: val auc 0.6389
2026-01-02 22:51:52.269324: Epoch time: 36.88 s
2026-01-02 22:51:53.030973: 
2026-01-02 22:51:53.034740: Epoch 107
2026-01-02 22:51:53.037608: Current learning rate: 0.00672
2026-01-02 22:52:31.031703: train_loss 0.6411
2026-01-02 22:52:31.036043: val_loss 0.869
2026-01-02 22:52:31.039038: val classification accuracy 0.5417
2026-01-02 22:52:31.044881: val auc 0.5729
2026-01-02 22:52:31.051616: Epoch time: 38.0 s
2026-01-02 22:52:31.789860: 
2026-01-02 22:52:31.793642: Epoch 108
2026-01-02 22:52:31.796220: Current learning rate: 0.00669
2026-01-02 22:53:11.468042: train_loss 0.676
2026-01-02 22:53:11.472982: val_loss 0.9142
2026-01-02 22:53:11.476164: val classification accuracy 0.5208
2026-01-02 22:53:11.479250: val auc 0.6172
2026-01-02 22:53:11.482330: Epoch time: 39.68 s
2026-01-02 22:53:12.232091: 
2026-01-02 22:53:12.235519: Epoch 109
2026-01-02 22:53:12.237902: Current learning rate: 0.00666
2026-01-02 22:53:52.542657: train_loss 0.5897
2026-01-02 22:53:52.551219: val_loss 0.9632
2026-01-02 22:53:52.556909: val classification accuracy 0.6667
2026-01-02 22:53:52.559536: val auc 0.7457
2026-01-02 22:53:52.562166: Epoch time: 40.31 s
2026-01-02 22:53:53.314268: 
2026-01-02 22:53:53.317378: Epoch 110
2026-01-02 22:53:53.319690: Current learning rate: 0.00663
2026-01-02 22:54:31.934624: train_loss 0.6297
2026-01-02 22:54:31.953051: val_loss 0.9225
2026-01-02 22:54:31.961560: val classification accuracy 0.7292
2026-01-02 22:54:31.964179: val auc 0.8316
2026-01-02 22:54:31.966814: Epoch time: 38.62 s
2026-01-02 22:54:32.718897: 
2026-01-02 22:54:32.722039: Epoch 111
2026-01-02 22:54:32.724479: Current learning rate: 0.0066
2026-01-02 22:55:11.854341: train_loss 0.6511
2026-01-02 22:55:11.858908: val_loss 1.2089
2026-01-02 22:55:11.861790: val classification accuracy 0.6458
2026-01-02 22:55:11.864601: val auc 0.7639
2026-01-02 22:55:11.884993: Epoch time: 39.14 s
2026-01-02 22:55:12.660922: 
2026-01-02 22:55:12.665145: Epoch 112
2026-01-02 22:55:12.667896: Current learning rate: 0.00657
2026-01-02 22:55:50.954941: train_loss 0.6547
2026-01-02 22:55:50.971175: val_loss 0.9356
2026-01-02 22:55:50.974005: val classification accuracy 0.5833
2026-01-02 22:55:50.976820: val auc 0.5139
2026-01-02 22:55:50.979441: Epoch time: 38.3 s
2026-01-02 22:55:51.720346: 
2026-01-02 22:55:51.723997: Epoch 113
2026-01-02 22:55:51.726722: Current learning rate: 0.00654
2026-01-02 22:56:32.883667: train_loss 0.6169
2026-01-02 22:56:32.887897: val_loss 1.3802
2026-01-02 22:56:32.890901: val classification accuracy 0.5417
2026-01-02 22:56:32.893665: val auc 0.6363
2026-01-02 22:56:32.896829: Epoch time: 41.16 s
2026-01-02 22:56:33.632922: 
2026-01-02 22:56:33.636432: Epoch 114
2026-01-02 22:56:33.639053: Current learning rate: 0.0065
2026-01-02 22:57:13.260601: train_loss 0.6872
2026-01-02 22:57:13.270835: val_loss 1.3496
2026-01-02 22:57:13.274162: val classification accuracy 0.6042
2026-01-02 22:57:13.277417: val auc 0.5061
2026-01-02 22:57:13.284386: Epoch time: 39.63 s
2026-01-02 22:57:14.048132: 
2026-01-02 22:57:14.051497: Epoch 115
2026-01-02 22:57:14.054136: Current learning rate: 0.00647
2026-01-02 22:57:51.440852: train_loss 0.6465
2026-01-02 22:57:51.460061: val_loss 1.8711
2026-01-02 22:57:51.476193: val classification accuracy 0.5833
2026-01-02 22:57:51.479024: val auc 0.4948
2026-01-02 22:57:51.481865: Epoch time: 37.39 s
2026-01-02 22:57:52.225666: 
2026-01-02 22:57:52.229180: Epoch 116
2026-01-02 22:57:52.231622: Current learning rate: 0.00644
2026-01-02 22:58:29.360925: train_loss 0.6427
2026-01-02 22:58:29.369134: val_loss 0.751
2026-01-02 22:58:29.371987: val classification accuracy 0.5625
2026-01-02 22:58:29.374751: val auc 0.6424
2026-01-02 22:58:29.380532: Epoch time: 37.14 s
2026-01-02 22:58:30.118186: 
2026-01-02 22:58:30.121273: Epoch 117
2026-01-02 22:58:30.123571: Current learning rate: 0.00641
2026-01-02 22:59:09.607664: train_loss 0.6561
2026-01-02 22:59:09.612063: val_loss 6.6622
2026-01-02 22:59:09.615054: val classification accuracy 0.3542
2026-01-02 22:59:09.618022: val auc 0.2431
2026-01-02 22:59:09.620645: Epoch time: 39.49 s
2026-01-02 22:59:10.374656: 
2026-01-02 22:59:10.377723: Epoch 118
2026-01-02 22:59:10.380338: Current learning rate: 0.00638
2026-01-02 22:59:48.802861: train_loss 0.646
2026-01-02 22:59:48.808804: val_loss 1.1402
2026-01-02 22:59:48.811561: val classification accuracy 0.5625
2026-01-02 22:59:48.814354: val auc 0.6233
2026-01-02 22:59:48.816787: Epoch time: 38.43 s
2026-01-02 22:59:49.578146: 
2026-01-02 22:59:49.581515: Epoch 119
2026-01-02 22:59:49.584023: Current learning rate: 0.00635
2026-01-02 23:00:26.938008: train_loss 0.6388
2026-01-02 23:00:26.971627: val_loss 0.8437
2026-01-02 23:00:26.979335: val classification accuracy 0.6042
2026-01-02 23:00:26.984293: val auc 0.6675
2026-01-02 23:00:26.986849: Epoch time: 37.36 s
2026-01-02 23:00:27.710919: 
2026-01-02 23:00:27.714289: Epoch 120
2026-01-02 23:00:27.716743: Current learning rate: 0.00631
2026-01-02 23:01:06.081915: train_loss 0.6408
2026-01-02 23:01:06.130336: val_loss 1.4181
2026-01-02 23:01:06.136818: val classification accuracy 0.4792
2026-01-02 23:01:06.139705: val auc 0.4826
2026-01-02 23:01:06.142293: Epoch time: 38.37 s
2026-01-02 23:01:06.889326: 
2026-01-02 23:01:06.892630: Epoch 121
2026-01-02 23:01:06.895326: Current learning rate: 0.00628
2026-01-02 23:01:46.285849: train_loss 0.6543
2026-01-02 23:01:46.296151: val_loss 1.852
2026-01-02 23:01:46.298829: val classification accuracy 0.4375
2026-01-02 23:01:46.301538: val auc 0.4062
2026-01-02 23:01:46.304320: Epoch time: 39.4 s
2026-01-02 23:01:47.039981: 
2026-01-02 23:01:47.043180: Epoch 122
2026-01-02 23:01:47.045671: Current learning rate: 0.00625
2026-01-02 23:02:25.281720: train_loss 0.6348
2026-01-02 23:02:25.298763: val_loss 0.8164
2026-01-02 23:02:25.302221: val classification accuracy 0.5208
2026-01-02 23:02:25.304986: val auc 0.5365
2026-01-02 23:02:25.322162: Epoch time: 38.24 s
2026-01-02 23:02:26.048146: 
2026-01-02 23:02:26.051685: Epoch 123
2026-01-02 23:02:26.054175: Current learning rate: 0.00622
2026-01-02 23:03:05.412744: train_loss 0.6702
2026-01-02 23:03:05.425603: val_loss 0.9977
2026-01-02 23:03:05.428586: val classification accuracy 0.6042
2026-01-02 23:03:05.454179: val auc 0.6823
2026-01-02 23:03:05.457041: Epoch time: 39.37 s
2026-01-02 23:03:06.191410: 
2026-01-02 23:03:06.194554: Epoch 124
2026-01-02 23:03:06.196813: Current learning rate: 0.00619
2026-01-02 23:03:44.641966: train_loss 0.6424
2026-01-02 23:03:44.647432: val_loss 0.9826
2026-01-02 23:03:44.689800: val classification accuracy 0.625
2026-01-02 23:03:44.696508: val auc 0.6233
2026-01-02 23:03:44.699839: Epoch time: 38.45 s
2026-01-02 23:03:45.437782: 
2026-01-02 23:03:45.440957: Epoch 125
2026-01-02 23:03:45.443425: Current learning rate: 0.00616
2026-01-02 23:04:25.744331: train_loss 0.6431
2026-01-02 23:04:25.749057: val_loss 0.8271
2026-01-02 23:04:25.752201: val classification accuracy 0.6042
2026-01-02 23:04:25.755547: val auc 0.6979
2026-01-02 23:04:25.758317: Epoch time: 40.31 s
2026-01-02 23:04:26.484864: 
2026-01-02 23:04:26.488230: Epoch 126
2026-01-02 23:04:26.490737: Current learning rate: 0.00612
2026-01-02 23:05:05.659983: train_loss 0.6472
2026-01-02 23:05:05.695263: val_loss 1.049
2026-01-02 23:05:05.698242: val classification accuracy 0.625
2026-01-02 23:05:05.703162: val auc 0.7474
2026-01-02 23:05:05.718288: Epoch time: 39.18 s
2026-01-02 23:05:06.439134: 
2026-01-02 23:05:06.442904: Epoch 127
2026-01-02 23:05:06.451130: Current learning rate: 0.00609
2026-01-02 23:05:45.901207: train_loss 0.6388
2026-01-02 23:05:45.913384: val_loss 0.8496
2026-01-02 23:05:45.916359: val classification accuracy 0.6042
2026-01-02 23:05:45.918887: val auc 0.7205
2026-01-02 23:05:45.921424: Epoch time: 39.46 s
2026-01-02 23:05:46.662998: 
2026-01-02 23:05:46.666566: Epoch 128
2026-01-02 23:05:46.669227: Current learning rate: 0.00606
2026-01-02 23:06:24.868300: train_loss 0.6162
2026-01-02 23:06:24.924688: val_loss 0.8554
2026-01-02 23:06:24.931848: val classification accuracy 0.5625
2026-01-02 23:06:24.934911: val auc 0.5885
2026-01-02 23:06:24.943455: Epoch time: 38.21 s
2026-01-02 23:06:25.709782: 
2026-01-02 23:06:25.713506: Epoch 129
2026-01-02 23:06:25.716465: Current learning rate: 0.00603
2026-01-02 23:07:05.090726: train_loss 0.6812
2026-01-02 23:07:05.119418: val_loss 0.6856
2026-01-02 23:07:05.125999: val classification accuracy 0.6458
2026-01-02 23:07:05.128977: val auc 0.6962
2026-01-02 23:07:05.131867: Epoch time: 39.38 s
2026-01-02 23:07:05.845922: 
2026-01-02 23:07:05.849510: Epoch 130
2026-01-02 23:07:05.852151: Current learning rate: 0.006
2026-01-02 23:07:44.655864: train_loss 0.6633
2026-01-02 23:07:44.678050: val_loss 0.5127
2026-01-02 23:07:44.681029: val classification accuracy 0.75
2026-01-02 23:07:44.683642: val auc 0.8507
2026-01-02 23:07:44.686232: Epoch time: 38.81 s
2026-01-02 23:07:45.431153: 
2026-01-02 23:07:45.434826: Epoch 131
2026-01-02 23:07:45.437405: Current learning rate: 0.00597
2026-01-02 23:08:23.773577: train_loss 0.6369
2026-01-02 23:08:23.778154: val_loss 3.244
2026-01-02 23:08:23.781225: val classification accuracy 0.5208
2026-01-02 23:08:23.783939: val auc 0.4444
2026-01-02 23:08:23.786523: Epoch time: 38.34 s
2026-01-02 23:08:24.507823: 
2026-01-02 23:08:24.510961: Epoch 132
2026-01-02 23:08:24.513228: Current learning rate: 0.00593
2026-01-02 23:09:02.193905: train_loss 0.6251
2026-01-02 23:09:02.224410: val_loss 1.936
2026-01-02 23:09:02.227712: val classification accuracy 0.5417
2026-01-02 23:09:02.230733: val auc 0.4939
2026-01-02 23:09:02.234108: Epoch time: 37.69 s
2026-01-02 23:09:02.954343: 
2026-01-02 23:09:02.957892: Epoch 133
2026-01-02 23:09:02.960339: Current learning rate: 0.0059
2026-01-02 23:09:42.287738: train_loss 0.5829
2026-01-02 23:09:42.292619: val_loss 1.1496
2026-01-02 23:09:42.296080: val classification accuracy 0.5833
2026-01-02 23:09:42.309234: val auc 0.5799
2026-01-02 23:09:42.324043: Epoch time: 39.34 s
2026-01-02 23:09:43.094565: 
2026-01-02 23:09:43.097831: Epoch 134
2026-01-02 23:09:43.100287: Current learning rate: 0.00587
2026-01-02 23:10:20.783227: train_loss 0.6281
2026-01-02 23:10:20.799409: val_loss 0.7337
2026-01-02 23:10:20.802429: val classification accuracy 0.6042
2026-01-02 23:10:20.805807: val auc 0.7014
2026-01-02 23:10:20.818607: Epoch time: 37.69 s
2026-01-02 23:10:21.544599: 
2026-01-02 23:10:21.558775: Epoch 135
2026-01-02 23:10:21.564493: Current learning rate: 0.00584
2026-01-02 23:11:00.556980: train_loss 0.673
2026-01-02 23:11:00.560984: val_loss 1.283
2026-01-02 23:11:00.564019: val classification accuracy 0.4583
2026-01-02 23:11:00.566758: val auc 0.4809
2026-01-02 23:11:00.570071: Epoch time: 39.01 s
2026-01-02 23:11:01.340463: 
2026-01-02 23:11:01.343736: Epoch 136
2026-01-02 23:11:01.346330: Current learning rate: 0.00581
2026-01-02 23:11:41.564898: train_loss 0.647
2026-01-02 23:11:41.573198: val_loss 1.3281
2026-01-02 23:11:41.581591: val classification accuracy 0.5833
2026-01-02 23:11:41.584800: val auc 0.5642
2026-01-02 23:11:41.587893: Epoch time: 40.23 s
2026-01-02 23:11:42.355308: 
2026-01-02 23:11:42.358905: Epoch 137
2026-01-02 23:11:42.362032: Current learning rate: 0.00578
2026-01-02 23:12:22.494195: train_loss 0.6314
2026-01-02 23:12:22.514940: val_loss 0.8936
2026-01-02 23:12:22.517862: val classification accuracy 0.5833
2026-01-02 23:12:22.520447: val auc 0.6302
2026-01-02 23:12:22.523150: Epoch time: 40.14 s
2026-01-02 23:12:23.235488: 
2026-01-02 23:12:23.238814: Epoch 138
2026-01-02 23:12:23.241399: Current learning rate: 0.00574
2026-01-02 23:12:59.672626: train_loss 0.5942
2026-01-02 23:12:59.676970: val_loss 0.9798
2026-01-02 23:12:59.681556: val classification accuracy 0.5
2026-01-02 23:12:59.684061: val auc 0.625
2026-01-02 23:12:59.686709: Epoch time: 36.44 s
2026-01-02 23:13:00.411458: 
2026-01-02 23:13:00.414788: Epoch 139
2026-01-02 23:13:00.417161: Current learning rate: 0.00571
2026-01-02 23:13:39.222757: train_loss 0.6428
2026-01-02 23:13:39.245088: val_loss 0.6421
2026-01-02 23:13:39.274462: val classification accuracy 0.5833
2026-01-02 23:13:39.278000: val auc 0.809
2026-01-02 23:13:39.285829: Epoch time: 38.81 s
2026-01-02 23:13:39.291346: Early stopping triggered at epoch 139. Best val_losses=0.4531
2026-01-02 23:13:40.023821: Stopping training early due to early stopping criterion.
2026-01-02 23:13:41.213549: Training done.
2026-01-02 23:13:41.254062: Skipping perform_actual_validation for classification trainer (segmentation-style sliding window is not applicable).
[1;34mwandb[0m: 
[1;34mwandb[0m:  View run [33mDenseNetTrainer_ep300_NoMirroring_x2_fold3[0m at: [34m[0m
[1;34mwandb[0m: Find logs at: [1;35m../../tmp/wandb/wandb/run-20260102_214022-kjkjapjj/logs[0m
