Using device: cuda:0

#######################################################################
Please cite the following paper when using nnU-Net:
Isensee, F., Jaeger, P. F., Kohl, S. A., Petersen, J., & Maier-Hein, K. H. (2021). nnU-Net: a self-configuring method for deep learning-based biomedical image segmentation. Nature methods, 18(2), 203-211.
#######################################################################

2026-01-02 20:21:44.191960: Using torch.compile...
2026-01-02 20:21:49.841536: do_dummy_2d_data_aug: False
2026-01-02 20:21:49.844956: Using splits from existing split file: /hpf/projects/jquon/sumin/nnUNet_data/nnUNet_preprocessed/Dataset033_AVM_T1+C/splits_final.json
2026-01-02 20:21:49.848049: The split file contains 11 splits.
2026-01-02 20:21:49.849443: Desired fold for training: 2
2026-01-02 20:21:49.850924: This split has 465 training and 47 validation cases.
using pin_memory on device 0
using pin_memory on device 0

This is the configuration used by this training:
Configuration name: 3d_fullres
 {'data_identifier': 'nnUNetPlans_3d_fullres', 'preprocessor_name': 'DefaultPreprocessor', 'batch_size': 2, 'patch_size': [160, 224, 192], 'median_image_size_in_voxels': [344.0, 448.0, 429.0], 'spacing': [0.500000923871994, 0.4910714328289032, 0.4910714328289032], 'normalization_schemes': ['ZScoreNormalization'], 'use_mask_for_norm': [False], 'resampling_fn_data': 'resample_data_or_seg_to_shape', 'resampling_fn_seg': 'resample_data_or_seg_to_shape', 'resampling_fn_data_kwargs': {'is_seg': False, 'order': 3, 'order_z': 0, 'force_separate_z': None}, 'resampling_fn_seg_kwargs': {'is_seg': True, 'order': 1, 'order_z': 0, 'force_separate_z': None}, 'resampling_fn_probabilities': 'resample_data_or_seg_to_shape', 'resampling_fn_probabilities_kwargs': {'is_seg': False, 'order': 1, 'order_z': 0, 'force_separate_z': None}, 'architecture': {'network_class_name': 'dynamic_network_architectures.architectures.unet.ResidualEncoderUNet', 'arch_kwargs': {'n_stages': 6, 'features_per_stage': [32, 64, 128, 256, 320, 320], 'conv_op': 'torch.nn.modules.conv.Conv3d', 'kernel_sizes': [[3, 3, 3], [3, 3, 3], [3, 3, 3], [3, 3, 3], [3, 3, 3], [3, 3, 3]], 'strides': [[1, 1, 1], [2, 2, 2], [2, 2, 2], [2, 2, 2], [2, 2, 2], [2, 2, 2]], 'n_blocks_per_stage': [1, 3, 4, 6, 6, 6], 'n_conv_per_stage_decoder': [1, 1, 1, 1, 1], 'conv_bias': True, 'norm_op': 'torch.nn.modules.instancenorm.InstanceNorm3d', 'norm_op_kwargs': {'eps': 1e-05, 'affine': True}, 'dropout_op': None, 'dropout_op_kwargs': None, 'nonlin': 'torch.nn.LeakyReLU', 'nonlin_kwargs': {'inplace': True}}, '_kw_requires_import': ['conv_op', 'norm_op', 'dropout_op', 'nonlin']}, 'batch_dice': True} 

These are the global plan.json settings:
 {'dataset_name': 'Dataset033_AVM_T1+C', 'plans_name': 'nnUNetResEncUNetLPlans', 'original_median_spacing_after_transp': [0.500000923871994, 0.4910714328289032, 0.4910714328289032], 'original_median_shape_after_transp': [330, 448, 424], 'image_reader_writer': 'SimpleITKIO', 'transpose_forward': [0, 1, 2], 'transpose_backward': [0, 1, 2], 'experiment_planner_used': 'nnUNetPlannerResEncL', 'label_manager': 'LabelManager', 'foreground_intensity_properties_per_channel': {'0': {'max': 12113.0, 'mean': 449.843505859375, 'median': 311.0, 'min': 0.0, 'percentile_00_5': 34.0, 'percentile_99_5': 3202.0, 'std': 471.56329345703125}}} 

2026-01-02 20:22:00.973181: Unable to plot network architecture: nnUNet_compile is enabled!
2026-01-02 20:22:00.996714: 
2026-01-02 20:22:00.999238: Epoch 0
2026-01-02 20:22:01.001139: Current learning rate: 0.01
2026-01-02 20:23:06.523103: train_loss 1.2731
2026-01-02 20:23:06.528986: val_loss 119.4124
2026-01-02 20:23:06.530943: val classification accuracy 0.5
2026-01-02 20:23:06.533384: val auc 0.5822
2026-01-02 20:23:06.535312: Epoch time: 65.53 s
2026-01-02 20:23:06.536881: Yayy! New best EMA pseudo Dice: 0.5822
2026-01-02 20:23:07.213516: Yayy! New best classification accuracy: 0.5
2026-01-02 20:23:08.766870: 
2026-01-02 20:23:08.769221: Epoch 1
2026-01-02 20:23:08.771002: Current learning rate: 0.00997
2026-01-02 20:23:42.962221: train_loss 2.2603
2026-01-02 20:23:42.965547: val_loss 8.0652
2026-01-02 20:23:42.967730: val classification accuracy 0.3696
2026-01-02 20:23:43.013756: val auc 0.3781
2026-01-02 20:23:43.019361: Epoch time: 34.2 s
2026-01-02 20:23:43.764330: 
2026-01-02 20:23:43.767324: Epoch 2
2026-01-02 20:23:43.769254: Current learning rate: 0.00994
2026-01-02 20:24:21.544012: train_loss 1.3644
2026-01-02 20:24:21.548161: val_loss 1.2153
2026-01-02 20:24:21.558238: val classification accuracy 0.4783
2026-01-02 20:24:21.594428: val auc 0.5662
2026-01-02 20:24:21.596506: Epoch time: 37.78 s
2026-01-02 20:24:22.335717: 
2026-01-02 20:24:22.338445: Epoch 3
2026-01-02 20:24:22.340075: Current learning rate: 0.00991
2026-01-02 20:25:03.520177: train_loss 0.9696
2026-01-02 20:25:03.523628: val_loss 0.9355
2026-01-02 20:25:03.525950: val classification accuracy 0.5
2026-01-02 20:25:03.528105: val auc 0.6578
2026-01-02 20:25:03.543703: Epoch time: 41.19 s
2026-01-02 20:25:03.545791: Yayy! New best EMA pseudo Dice: 0.6578
2026-01-02 20:25:05.034936: 
2026-01-02 20:25:05.036991: Epoch 4
2026-01-02 20:25:05.038614: Current learning rate: 0.00988
2026-01-02 20:25:42.499871: train_loss 0.8483
2026-01-02 20:25:42.512285: val_loss 3.0148
2026-01-02 20:25:42.517837: val classification accuracy 0.4348
2026-01-02 20:25:42.520282: val auc 0.5265
2026-01-02 20:25:42.522352: Epoch time: 37.47 s
2026-01-02 20:25:43.241656: 
2026-01-02 20:25:43.254048: Epoch 5
2026-01-02 20:25:43.255995: Current learning rate: 0.00985
2026-01-02 20:26:23.135867: train_loss 0.7338
2026-01-02 20:26:23.139918: val_loss 2.5466
2026-01-02 20:26:23.141957: val classification accuracy 0.4565
2026-01-02 20:26:23.144297: val auc 0.5425
2026-01-02 20:26:23.146496: Epoch time: 39.9 s
2026-01-02 20:26:23.922746: 
2026-01-02 20:26:23.925563: Epoch 6
2026-01-02 20:26:23.927276: Current learning rate: 0.00982
2026-01-02 20:27:03.443147: train_loss 0.723
2026-01-02 20:27:03.501706: val_loss 2.6485
2026-01-02 20:27:03.514985: val classification accuracy 0.3913
2026-01-02 20:27:03.537126: val auc 0.3837
2026-01-02 20:27:03.540957: Epoch time: 39.52 s
2026-01-02 20:27:04.293644: 
2026-01-02 20:27:04.296545: Epoch 7
2026-01-02 20:27:04.298319: Current learning rate: 0.00979
2026-01-02 20:27:44.241915: train_loss 0.6883
2026-01-02 20:27:44.256143: val_loss 0.9609
2026-01-02 20:27:44.258542: val classification accuracy 0.4348
2026-01-02 20:27:44.261107: val auc 0.4527
2026-01-02 20:27:44.263576: Epoch time: 39.95 s
2026-01-02 20:27:45.079183: 
2026-01-02 20:27:45.081477: Epoch 8
2026-01-02 20:27:45.083482: Current learning rate: 0.00976
2026-01-02 20:28:25.769749: train_loss 0.6722
2026-01-02 20:28:25.774132: val_loss 1.2918
2026-01-02 20:28:25.776345: val classification accuracy 0.5217
2026-01-02 20:28:25.784830: val auc 0.6456
2026-01-02 20:28:25.787664: Epoch time: 40.69 s
2026-01-02 20:28:25.789732: Yayy! New best classification accuracy: 0.5217
2026-01-02 20:28:27.221044: 
2026-01-02 20:28:27.223909: Epoch 9
2026-01-02 20:28:27.225683: Current learning rate: 0.00973
2026-01-02 20:29:06.455600: train_loss 0.6917
2026-01-02 20:29:06.459006: val_loss 1.3511
2026-01-02 20:29:06.489127: val classification accuracy 0.5
2026-01-02 20:29:06.495070: val auc 0.4726
2026-01-02 20:29:06.499723: Epoch time: 39.24 s
2026-01-02 20:29:07.237378: 
2026-01-02 20:29:07.239890: Epoch 10
2026-01-02 20:29:07.241514: Current learning rate: 0.0097
2026-01-02 20:29:45.325286: train_loss 0.689
2026-01-02 20:29:45.329954: val_loss 1.731
2026-01-02 20:29:45.332168: val classification accuracy 0.5435
2026-01-02 20:29:45.336323: val auc 0.5066
2026-01-02 20:29:45.339725: Epoch time: 38.09 s
2026-01-02 20:29:45.343351: Yayy! New best classification accuracy: 0.5435
2026-01-02 20:29:46.713944: 
2026-01-02 20:29:46.717137: Epoch 11
2026-01-02 20:29:46.719287: Current learning rate: 0.00967
2026-01-02 20:30:26.124928: train_loss 0.6882
2026-01-02 20:30:26.132547: val_loss 1.2004
2026-01-02 20:30:26.163384: val classification accuracy 0.5435
2026-01-02 20:30:26.167319: val auc 0.5955
2026-01-02 20:30:26.180530: Epoch time: 39.41 s
2026-01-02 20:30:26.929365: 
2026-01-02 20:30:26.932452: Epoch 12
2026-01-02 20:30:26.934661: Current learning rate: 0.00964
2026-01-02 20:31:06.452370: train_loss 0.6842
2026-01-02 20:31:06.477340: val_loss 0.836
2026-01-02 20:31:06.480339: val classification accuracy 0.413
2026-01-02 20:31:06.483080: val auc 0.3289
2026-01-02 20:31:06.485800: Epoch time: 39.52 s
2026-01-02 20:31:07.212520: 
2026-01-02 20:31:07.216098: Epoch 13
2026-01-02 20:31:07.218630: Current learning rate: 0.00961
2026-01-02 20:31:46.370462: train_loss 0.6797
2026-01-02 20:31:46.374318: val_loss 1.4234
2026-01-02 20:31:46.376747: val classification accuracy 0.3478
2026-01-02 20:31:46.379076: val auc 0.3875
2026-01-02 20:31:46.381831: Epoch time: 39.16 s
2026-01-02 20:31:47.119897: 
2026-01-02 20:31:47.123184: Epoch 14
2026-01-02 20:31:47.125502: Current learning rate: 0.00958
2026-01-02 20:32:23.372010: train_loss 0.6691
2026-01-02 20:32:23.378794: val_loss 2.0361
2026-01-02 20:32:23.381496: val classification accuracy 0.3696
2026-01-02 20:32:23.384748: val auc 0.3327
2026-01-02 20:32:23.387222: Epoch time: 36.25 s
2026-01-02 20:32:24.149656: 
2026-01-02 20:32:24.152884: Epoch 15
2026-01-02 20:32:24.155183: Current learning rate: 0.00955
2026-01-02 20:33:02.135851: train_loss 0.68
2026-01-02 20:33:02.140482: val_loss 1.981
2026-01-02 20:33:02.146633: val classification accuracy 0.4783
2026-01-02 20:33:02.149088: val auc 0.4849
2026-01-02 20:33:02.151778: Epoch time: 37.99 s
2026-01-02 20:33:02.873833: 
2026-01-02 20:33:02.877179: Epoch 16
2026-01-02 20:33:02.879483: Current learning rate: 0.00952
2026-01-02 20:33:44.877447: train_loss 0.6599
2026-01-02 20:33:44.884976: val_loss 0.9461
2026-01-02 20:33:44.887569: val classification accuracy 0.4783
2026-01-02 20:33:44.890392: val auc 0.482
2026-01-02 20:33:44.893016: Epoch time: 42.01 s
2026-01-02 20:33:45.648055: 
2026-01-02 20:33:45.651802: Epoch 17
2026-01-02 20:33:45.654464: Current learning rate: 0.00949
2026-01-02 20:34:25.035178: train_loss 0.677
2026-01-02 20:34:25.074532: val_loss 1.2734
2026-01-02 20:34:25.077007: val classification accuracy 0.4565
2026-01-02 20:34:25.079240: val auc 0.5388
2026-01-02 20:34:25.081493: Epoch time: 39.39 s
2026-01-02 20:34:26.347500: 
2026-01-02 20:34:26.350555: Epoch 18
2026-01-02 20:34:26.352812: Current learning rate: 0.00946
2026-01-02 20:35:02.514259: train_loss 0.6645
2026-01-02 20:35:02.549455: val_loss 1.1677
2026-01-02 20:35:02.552255: val classification accuracy 0.4783
2026-01-02 20:35:02.555373: val auc 0.5425
2026-01-02 20:35:02.558922: Epoch time: 36.17 s
2026-01-02 20:35:03.308925: 
2026-01-02 20:35:03.312499: Epoch 19
2026-01-02 20:35:03.314806: Current learning rate: 0.00943
2026-01-02 20:35:40.574027: WARNING: NaNs or Infs in validation probabilities at epoch 19. Sanitizing with nan_to_num before metrics.
2026-01-02 20:35:40.583202: train_loss 0.6761
2026-01-02 20:35:40.590913: val_loss nan
2026-01-02 20:35:40.594070: val classification accuracy 0.587
2026-01-02 20:35:40.597258: val auc 0.587
2026-01-02 20:35:40.600322: Epoch time: 37.28 s
2026-01-02 20:35:41.314235: Saved periodic checkpoint /hpf/projects/jquon/sumin/nnUNet_data/nnUNet_results/Dataset033_AVM_T1+C/DenseNetTrainer_ep300_NoMirroring_x2__nnUNetResEncUNetLPlans__3d_fullres/fold_2/checkpoint_every20_best_balacc.pth at epoch 19 with val_balanced_accuracy=0.5870
2026-01-02 20:35:42.058756: Saved periodic checkpoint /hpf/projects/jquon/sumin/nnUNet_data/nnUNet_results/Dataset033_AVM_T1+C/DenseNetTrainer_ep300_NoMirroring_x2__nnUNetResEncUNetLPlans__3d_fullres/fold_2/checkpoint_every20_best_auroc.pth at epoch 19 with val_auc=0.5870
2026-01-02 20:35:42.062537: Yayy! New best classification accuracy: 0.587
2026-01-02 20:35:43.457286: 
2026-01-02 20:35:43.460349: Epoch 20
2026-01-02 20:35:43.462671: Current learning rate: 0.0094
2026-01-02 20:36:21.243228: train_loss 0.6874
2026-01-02 20:36:21.255774: val_loss 0.8519
2026-01-02 20:36:21.258810: val classification accuracy 0.6087
2026-01-02 20:36:21.264752: val auc 0.6635
2026-01-02 20:36:21.267864: Epoch time: 37.79 s
2026-01-02 20:36:21.270601: Yayy! New best EMA pseudo Dice: 0.6635
2026-01-02 20:36:21.985112: Yayy! New best classification accuracy: 0.6087
2026-01-02 20:36:23.515385: 
2026-01-02 20:36:23.519189: Epoch 21
2026-01-02 20:36:23.521862: Current learning rate: 0.00937
2026-01-02 20:37:00.829458: train_loss 0.6941
2026-01-02 20:37:00.838057: val_loss 1.6996
2026-01-02 20:37:00.840942: val classification accuracy 0.4348
2026-01-02 20:37:00.843752: val auc 0.5132
2026-01-02 20:37:00.846506: Epoch time: 37.32 s
2026-01-02 20:37:01.567178: 
2026-01-02 20:37:01.570287: Epoch 22
2026-01-02 20:37:01.572740: Current learning rate: 0.00934
2026-01-02 20:37:42.470032: train_loss 0.6784
2026-01-02 20:37:42.477751: val_loss 1.0123
2026-01-02 20:37:42.480160: val classification accuracy 0.3478
2026-01-02 20:37:42.482453: val auc 0.4093
2026-01-02 20:37:42.484612: Epoch time: 40.9 s
2026-01-02 20:37:43.240546: 
2026-01-02 20:37:43.243697: Epoch 23
2026-01-02 20:37:43.245826: Current learning rate: 0.00931
2026-01-02 20:38:19.917274: train_loss 0.6667
2026-01-02 20:38:19.922613: val_loss 2.0603
2026-01-02 20:38:19.925631: val classification accuracy 0.3478
2026-01-02 20:38:19.928461: val auc 0.4026
2026-01-02 20:38:19.931757: Epoch time: 36.68 s
2026-01-02 20:38:20.681515: 
2026-01-02 20:38:20.687307: Epoch 24
2026-01-02 20:38:20.690134: Current learning rate: 0.00928
2026-01-02 20:39:00.815327: train_loss 0.6602
2026-01-02 20:39:00.846292: val_loss 0.7322
2026-01-02 20:39:00.850163: val classification accuracy 0.6087
2026-01-02 20:39:00.853307: val auc 0.5917
2026-01-02 20:39:00.857398: Epoch time: 40.14 s
2026-01-02 20:39:01.591604: 
2026-01-02 20:39:01.594696: Epoch 25
2026-01-02 20:39:01.596823: Current learning rate: 0.00925
2026-01-02 20:39:39.946934: train_loss 0.6376
2026-01-02 20:39:39.968340: val_loss 1.0503
2026-01-02 20:39:39.971581: val classification accuracy 0.6304
2026-01-02 20:39:39.980771: val auc 0.6522
2026-01-02 20:39:39.983687: Epoch time: 38.36 s
2026-01-02 20:39:39.985900: Yayy! New best classification accuracy: 0.6304
2026-01-02 20:39:41.436620: 
2026-01-02 20:39:41.440177: Epoch 26
2026-01-02 20:39:41.442699: Current learning rate: 0.00922
2026-01-02 20:40:17.697723: train_loss 0.6581
2026-01-02 20:40:17.737774: val_loss 0.9119
2026-01-02 20:40:17.740785: val classification accuracy 0.4348
2026-01-02 20:40:17.743590: val auc 0.3998
2026-01-02 20:40:17.746240: Epoch time: 36.26 s
2026-01-02 20:40:18.481740: 
2026-01-02 20:40:18.484823: Epoch 27
2026-01-02 20:40:18.487706: Current learning rate: 0.00919
2026-01-02 20:40:57.926348: train_loss 0.6735
2026-01-02 20:40:57.942840: val_loss 0.8354
2026-01-02 20:40:57.947854: val classification accuracy 0.4565
2026-01-02 20:40:57.955379: val auc 0.4773
2026-01-02 20:40:57.958024: Epoch time: 39.45 s
2026-01-02 20:40:58.715586: 
2026-01-02 20:40:58.719068: Epoch 28
2026-01-02 20:40:58.721443: Current learning rate: 0.00916
2026-01-02 20:41:39.960213: train_loss 0.6583
2026-01-02 20:41:40.018734: val_loss 0.8967
2026-01-02 20:41:40.021713: val classification accuracy 0.587
2026-01-02 20:41:40.024230: val auc 0.5784
2026-01-02 20:41:40.026850: Epoch time: 41.25 s
2026-01-02 20:41:40.757170: 
2026-01-02 20:41:40.760203: Epoch 29
2026-01-02 20:41:40.762582: Current learning rate: 0.00913
2026-01-02 20:42:18.549965: train_loss 0.6263
2026-01-02 20:42:18.575212: val_loss 2.3385
2026-01-02 20:42:18.577646: val classification accuracy 0.5217
2026-01-02 20:42:18.580082: val auc 0.5671
2026-01-02 20:42:18.582415: Epoch time: 37.79 s
2026-01-02 20:42:19.358613: 
2026-01-02 20:42:19.361854: Epoch 30
2026-01-02 20:42:19.364170: Current learning rate: 0.0091
2026-01-02 20:42:56.812903: train_loss 0.7036
2026-01-02 20:42:56.819335: val_loss 0.8337
2026-01-02 20:42:56.822002: val classification accuracy 0.4783
2026-01-02 20:42:56.824440: val auc 0.5567
2026-01-02 20:42:56.846519: Epoch time: 37.46 s
2026-01-02 20:42:57.589604: 
2026-01-02 20:42:57.592952: Epoch 31
2026-01-02 20:42:57.595030: Current learning rate: 0.00907
2026-01-02 20:43:36.800431: train_loss 0.6785
2026-01-02 20:43:36.804039: val_loss 2.3301
2026-01-02 20:43:36.806459: val classification accuracy 0.587
2026-01-02 20:43:36.809023: val auc 0.5435
2026-01-02 20:43:36.811350: Epoch time: 39.21 s
2026-01-02 20:43:37.539763: 
2026-01-02 20:43:37.543125: Epoch 32
2026-01-02 20:43:37.545836: Current learning rate: 0.00903
2026-01-02 20:44:15.318207: train_loss 0.6277
2026-01-02 20:44:15.323156: val_loss 2.3694
2026-01-02 20:44:15.325984: val classification accuracy 0.5217
2026-01-02 20:44:15.328840: val auc 0.5822
2026-01-02 20:44:15.332198: Epoch time: 37.78 s
2026-01-02 20:44:16.101047: 
2026-01-02 20:44:16.103973: Epoch 33
2026-01-02 20:44:16.106306: Current learning rate: 0.009
2026-01-02 20:44:54.924235: train_loss 0.665
2026-01-02 20:44:54.948212: val_loss 0.7477
2026-01-02 20:44:54.951162: val classification accuracy 0.5435
2026-01-02 20:44:54.953799: val auc 0.6229
2026-01-02 20:44:54.956452: Epoch time: 38.82 s
2026-01-02 20:44:55.715743: 
2026-01-02 20:44:55.719618: Epoch 34
2026-01-02 20:44:55.722037: Current learning rate: 0.00897
2026-01-02 20:45:36.636849: train_loss 0.6614
2026-01-02 20:45:36.646465: val_loss 1.0635
2026-01-02 20:45:36.649316: val classification accuracy 0.4783
2026-01-02 20:45:36.652123: val auc 0.4575
2026-01-02 20:45:36.654974: Epoch time: 40.92 s
2026-01-02 20:45:37.455624: 
2026-01-02 20:45:37.458830: Epoch 35
2026-01-02 20:45:37.461184: Current learning rate: 0.00894
2026-01-02 20:46:16.860088: train_loss 0.6631
2026-01-02 20:46:16.870079: val_loss 1.0026
2026-01-02 20:46:16.912267: val classification accuracy 0.4565
2026-01-02 20:46:16.916071: val auc 0.3951
2026-01-02 20:46:16.922036: Epoch time: 39.41 s
2026-01-02 20:46:17.673206: 
2026-01-02 20:46:17.676780: Epoch 36
2026-01-02 20:46:17.679560: Current learning rate: 0.00891
2026-01-02 20:46:56.524571: train_loss 0.6738
2026-01-02 20:46:56.539738: val_loss 0.5897
2026-01-02 20:46:56.555845: val classification accuracy 0.6522
2026-01-02 20:46:56.558415: val auc 0.8185
2026-01-02 20:46:56.560998: Epoch time: 38.85 s
2026-01-02 20:46:56.563110: Yayy! New best EMA pseudo Dice: 0.8185
2026-01-02 20:46:57.340683: Yayy! New best classification accuracy: 0.6522
2026-01-02 20:46:59.319466: 
2026-01-02 20:46:59.322223: Epoch 37
2026-01-02 20:46:59.324250: Current learning rate: 0.00888
2026-01-02 20:47:38.896030: train_loss 0.6748
2026-01-02 20:47:38.899931: val_loss 0.9361
2026-01-02 20:47:38.902858: val classification accuracy 0.4348
2026-01-02 20:47:38.905350: val auc 0.4631
2026-01-02 20:47:38.907895: Epoch time: 39.58 s
2026-01-02 20:47:39.633301: 
2026-01-02 20:47:39.636537: Epoch 38
2026-01-02 20:47:39.638639: Current learning rate: 0.00885
2026-01-02 20:48:20.158696: train_loss 0.6714
2026-01-02 20:48:20.164994: val_loss 1.8809
2026-01-02 20:48:20.167771: val classification accuracy 0.4565
2026-01-02 20:48:20.170368: val auc 0.5
2026-01-02 20:48:20.173249: Epoch time: 40.53 s
2026-01-02 20:48:20.903522: 
2026-01-02 20:48:20.906868: Epoch 39
2026-01-02 20:48:20.909467: Current learning rate: 0.00882
2026-01-02 20:49:01.493995: train_loss 0.633
2026-01-02 20:49:01.497754: val_loss 1.065
2026-01-02 20:49:01.500310: val classification accuracy 0.4783
2026-01-02 20:49:01.502798: val auc 0.5151
2026-01-02 20:49:01.506428: Epoch time: 40.59 s
2026-01-02 20:49:02.245832: 
2026-01-02 20:49:02.249199: Epoch 40
2026-01-02 20:49:02.251782: Current learning rate: 0.00879
2026-01-02 20:49:40.543410: train_loss 0.6633
2026-01-02 20:49:40.558781: val_loss 1.7716
2026-01-02 20:49:40.561709: val classification accuracy 0.3478
2026-01-02 20:49:40.564391: val auc 0.2628
2026-01-02 20:49:40.568109: Epoch time: 38.3 s
2026-01-02 20:49:41.282813: 
2026-01-02 20:49:41.285986: Epoch 41
2026-01-02 20:49:41.288476: Current learning rate: 0.00876
2026-01-02 20:50:21.016895: train_loss 0.645
2026-01-02 20:50:21.053739: val_loss 1.0812
2026-01-02 20:50:21.056631: val classification accuracy 0.5
2026-01-02 20:50:21.059236: val auc 0.5643
2026-01-02 20:50:21.062043: Epoch time: 39.74 s
2026-01-02 20:50:21.824939: 
2026-01-02 20:50:21.828132: Epoch 42
2026-01-02 20:50:21.830429: Current learning rate: 0.00873
2026-01-02 20:51:00.029884: train_loss 0.6657
2026-01-02 20:51:00.042376: val_loss 0.966
2026-01-02 20:51:00.046312: val classification accuracy 0.413
2026-01-02 20:51:00.049833: val auc 0.4461
2026-01-02 20:51:00.052699: Epoch time: 38.21 s
2026-01-02 20:51:00.806475: 
2026-01-02 20:51:00.809913: Epoch 43
2026-01-02 20:51:00.812242: Current learning rate: 0.0087
2026-01-02 20:51:39.817112: train_loss 0.6043
2026-01-02 20:51:39.821402: val_loss 1.4916
2026-01-02 20:51:39.824263: val classification accuracy 0.413
2026-01-02 20:51:39.826934: val auc 0.5444
2026-01-02 20:51:39.838168: Epoch time: 39.01 s
2026-01-02 20:51:40.593167: 
2026-01-02 20:51:40.596600: Epoch 44
2026-01-02 20:51:40.599130: Current learning rate: 0.00867
2026-01-02 20:52:18.198176: train_loss 0.6648
2026-01-02 20:52:18.202459: val_loss 0.7708
2026-01-02 20:52:18.205618: val classification accuracy 0.6087
2026-01-02 20:52:18.251420: val auc 0.6087
2026-01-02 20:52:18.254559: Epoch time: 37.61 s
2026-01-02 20:52:18.996583: 
2026-01-02 20:52:18.999939: Epoch 45
2026-01-02 20:52:19.002280: Current learning rate: 0.00864
2026-01-02 20:52:58.404764: train_loss 0.6344
2026-01-02 20:52:58.409665: val_loss 2.0422
2026-01-02 20:52:58.412391: val classification accuracy 0.413
2026-01-02 20:52:58.415048: val auc 0.3856
2026-01-02 20:52:58.417949: Epoch time: 39.41 s
2026-01-02 20:52:59.145324: 
2026-01-02 20:52:59.148901: Epoch 46
2026-01-02 20:52:59.151397: Current learning rate: 0.00861
2026-01-02 20:53:36.453412: train_loss 0.6845
2026-01-02 20:53:36.457695: val_loss 1.7482
2026-01-02 20:53:36.460077: val classification accuracy 0.3696
2026-01-02 20:53:36.462418: val auc 0.3875
2026-01-02 20:53:36.465347: Epoch time: 37.31 s
2026-01-02 20:53:37.188729: 
2026-01-02 20:53:37.191947: Epoch 47
2026-01-02 20:53:37.193962: Current learning rate: 0.00858
2026-01-02 20:54:17.983512: train_loss 0.6671
2026-01-02 20:54:17.989156: val_loss 1.2732
2026-01-02 20:54:17.992193: val classification accuracy 0.413
2026-01-02 20:54:17.994741: val auc 0.4102
2026-01-02 20:54:18.002018: Epoch time: 40.8 s
2026-01-02 20:54:18.736838: 
2026-01-02 20:54:18.740090: Epoch 48
2026-01-02 20:54:18.742263: Current learning rate: 0.00855
2026-01-02 20:54:56.540108: train_loss 0.6551
2026-01-02 20:54:56.544510: val_loss 1.1795
2026-01-02 20:54:56.546903: val classification accuracy 0.6087
2026-01-02 20:54:56.549227: val auc 0.6408
2026-01-02 20:54:56.551764: Epoch time: 37.8 s
2026-01-02 20:54:57.285919: 
2026-01-02 20:54:57.289113: Epoch 49
2026-01-02 20:54:57.291556: Current learning rate: 0.00852
2026-01-02 20:55:35.551791: train_loss 0.6448
2026-01-02 20:55:35.564764: val_loss 1.2326
2026-01-02 20:55:35.568975: val classification accuracy 0.3696
2026-01-02 20:55:35.571463: val auc 0.3346
2026-01-02 20:55:35.574257: Epoch time: 38.27 s
2026-01-02 20:55:36.284552: 
2026-01-02 20:55:36.288460: Epoch 50
2026-01-02 20:55:36.291254: Current learning rate: 0.00849
2026-01-02 20:56:13.662773: train_loss 0.6209
2026-01-02 20:56:13.673501: val_loss 1.3536
2026-01-02 20:56:13.676349: val classification accuracy 0.4565
2026-01-02 20:56:13.679566: val auc 0.5151
2026-01-02 20:56:13.683206: Epoch time: 37.38 s
2026-01-02 20:56:14.406638: 
2026-01-02 20:56:14.410006: Epoch 51
2026-01-02 20:56:14.412328: Current learning rate: 0.00846
2026-01-02 20:56:50.696533: train_loss 0.6635
2026-01-02 20:56:50.700457: val_loss 1.057
2026-01-02 20:56:50.706867: val classification accuracy 0.587
2026-01-02 20:56:50.709706: val auc 0.6106
2026-01-02 20:56:50.712537: Epoch time: 36.29 s
2026-01-02 20:56:51.470764: 
2026-01-02 20:56:51.473967: Epoch 52
2026-01-02 20:56:51.476222: Current learning rate: 0.00843
2026-01-02 20:57:32.463803: train_loss 0.6392
2026-01-02 20:57:32.485222: val_loss 1.7144
2026-01-02 20:57:32.488015: val classification accuracy 0.4348
2026-01-02 20:57:32.490432: val auc 0.4216
2026-01-02 20:57:32.492919: Epoch time: 40.99 s
2026-01-02 20:57:33.255641: 
2026-01-02 20:57:33.259066: Epoch 53
2026-01-02 20:57:33.261666: Current learning rate: 0.00839
2026-01-02 20:58:11.840513: train_loss 0.6447
2026-01-02 20:58:11.871767: val_loss 0.984
2026-01-02 20:58:11.874783: val classification accuracy 0.5
2026-01-02 20:58:11.877321: val auc 0.6078
2026-01-02 20:58:11.879862: Epoch time: 38.59 s
2026-01-02 20:58:12.636915: 
2026-01-02 20:58:12.640146: Epoch 54
2026-01-02 20:58:12.642512: Current learning rate: 0.00836
2026-01-02 20:58:50.760533: train_loss 0.6804
2026-01-02 20:58:50.770888: val_loss 0.8778
2026-01-02 20:58:50.773657: val classification accuracy 0.5217
2026-01-02 20:58:50.776341: val auc 0.5066
2026-01-02 20:58:50.778852: Epoch time: 38.13 s
2026-01-02 20:58:51.525029: 
2026-01-02 20:58:51.528488: Epoch 55
2026-01-02 20:58:51.530608: Current learning rate: 0.00833
2026-01-02 20:59:30.230001: train_loss 0.6503
2026-01-02 20:59:30.241002: val_loss 0.9187
2026-01-02 20:59:30.254352: val classification accuracy 0.5435
2026-01-02 20:59:30.256791: val auc 0.5501
2026-01-02 20:59:30.259085: Epoch time: 38.71 s
2026-01-02 20:59:30.997021: 
2026-01-02 20:59:31.000218: Epoch 56
2026-01-02 20:59:31.002311: Current learning rate: 0.0083
2026-01-02 21:00:09.322050: train_loss 0.6415
2026-01-02 21:00:09.326504: val_loss 0.8765
2026-01-02 21:00:09.340287: val classification accuracy 0.5435
2026-01-02 21:00:09.343084: val auc 0.5926
2026-01-02 21:00:09.345535: Epoch time: 38.33 s
2026-01-02 21:00:10.064126: 
2026-01-02 21:00:10.067143: Epoch 57
2026-01-02 21:00:10.069355: Current learning rate: 0.00827
2026-01-02 21:00:48.861894: train_loss 0.626
2026-01-02 21:00:48.872341: val_loss 2.7606
2026-01-02 21:00:48.875610: val classification accuracy 0.3913
2026-01-02 21:00:48.878618: val auc 0.4159
2026-01-02 21:00:48.881731: Epoch time: 38.8 s
2026-01-02 21:00:49.613959: 
2026-01-02 21:00:49.617359: Epoch 58
2026-01-02 21:00:49.619764: Current learning rate: 0.00824
2026-01-02 21:01:27.473964: train_loss 0.6698
2026-01-02 21:01:27.483537: val_loss 2.3998
2026-01-02 21:01:27.486326: val classification accuracy 0.4348
2026-01-02 21:01:27.488919: val auc 0.5095
2026-01-02 21:01:27.491561: Epoch time: 37.86 s
2026-01-02 21:01:28.243823: 
2026-01-02 21:01:28.246939: Epoch 59
2026-01-02 21:01:28.249232: Current learning rate: 0.00821
2026-01-02 21:02:05.964143: train_loss 0.6725
2026-01-02 21:02:05.968616: val_loss 0.7684
2026-01-02 21:02:05.973741: val classification accuracy 0.5217
2026-01-02 21:02:06.004349: val auc 0.5558
2026-01-02 21:02:06.009762: Epoch time: 37.72 s
2026-01-02 21:02:06.744053: 
2026-01-02 21:02:06.747262: Epoch 60
2026-01-02 21:02:06.749779: Current learning rate: 0.00818
2026-01-02 21:02:47.920690: train_loss 0.6216
2026-01-02 21:02:47.925302: val_loss 0.8397
2026-01-02 21:02:47.928076: val classification accuracy 0.4783
2026-01-02 21:02:47.930819: val auc 0.5425
2026-01-02 21:02:47.933453: Epoch time: 41.18 s
2026-01-02 21:02:48.692092: 
2026-01-02 21:02:48.695610: Epoch 61
2026-01-02 21:02:48.697924: Current learning rate: 0.00815
2026-01-02 21:03:27.692099: train_loss 0.6199
2026-01-02 21:03:27.697073: val_loss 1.6353
2026-01-02 21:03:27.706716: val classification accuracy 0.5
2026-01-02 21:03:27.709688: val auc 0.5388
2026-01-02 21:03:27.736385: Epoch time: 39.0 s
2026-01-02 21:03:28.496992: 
2026-01-02 21:03:28.500243: Epoch 62
2026-01-02 21:03:28.502721: Current learning rate: 0.00812
2026-01-02 21:04:07.486884: train_loss 0.6259
2026-01-02 21:04:07.491971: val_loss 3.5377
2026-01-02 21:04:07.494817: val classification accuracy 0.5
2026-01-02 21:04:07.525672: val auc 0.4423
2026-01-02 21:04:07.535129: Epoch time: 38.99 s
2026-01-02 21:04:08.258628: 
2026-01-02 21:04:08.261782: Epoch 63
2026-01-02 21:04:08.264138: Current learning rate: 0.00809
2026-01-02 21:04:47.851867: train_loss 0.6325
2026-01-02 21:04:47.868385: val_loss 2.0054
2026-01-02 21:04:47.871375: val classification accuracy 0.5
2026-01-02 21:04:47.876946: val auc 0.431
2026-01-02 21:04:47.880078: Epoch time: 39.59 s
2026-01-02 21:04:48.595916: 
2026-01-02 21:04:48.599751: Epoch 64
2026-01-02 21:04:48.602249: Current learning rate: 0.00806
2026-01-02 21:05:24.291505: train_loss 0.6582
2026-01-02 21:05:24.295886: val_loss 0.9126
2026-01-02 21:05:24.298400: val classification accuracy 0.4783
2026-01-02 21:05:24.301908: val auc 0.413
2026-01-02 21:05:24.304544: Epoch time: 35.7 s
2026-01-02 21:05:25.047543: 
2026-01-02 21:05:25.050814: Epoch 65
2026-01-02 21:05:25.053305: Current learning rate: 0.00803
2026-01-02 21:06:06.942746: train_loss 0.6623
2026-01-02 21:06:06.947007: val_loss 1.6252
2026-01-02 21:06:06.949747: val classification accuracy 0.4783
2026-01-02 21:06:06.952508: val auc 0.4216
2026-01-02 21:06:06.955232: Epoch time: 41.9 s
2026-01-02 21:06:08.195247: 
2026-01-02 21:06:08.198393: Epoch 66
2026-01-02 21:06:08.200547: Current learning rate: 0.008
2026-01-02 21:06:45.987861: train_loss 0.6298
2026-01-02 21:06:45.993124: val_loss 1.3107
2026-01-02 21:06:45.996355: val classification accuracy 0.5435
2026-01-02 21:06:46.005512: val auc 0.5841
2026-01-02 21:06:46.008872: Epoch time: 37.79 s
2026-01-02 21:06:46.757196: 
2026-01-02 21:06:46.762290: Epoch 67
2026-01-02 21:06:46.765758: Current learning rate: 0.00797
2026-01-02 21:07:26.040231: train_loss 0.6704
2026-01-02 21:07:26.069417: val_loss 0.7255
2026-01-02 21:07:26.072597: val classification accuracy 0.4565
2026-01-02 21:07:26.076753: val auc 0.5955
2026-01-02 21:07:26.082099: Epoch time: 39.28 s
2026-01-02 21:07:26.828907: 
2026-01-02 21:07:26.831992: Epoch 68
2026-01-02 21:07:26.834183: Current learning rate: 0.00793
2026-01-02 21:08:07.458708: train_loss 0.6731
2026-01-02 21:08:07.466828: val_loss 0.7463
2026-01-02 21:08:07.471381: val classification accuracy 0.5
2026-01-02 21:08:07.474079: val auc 0.4509
2026-01-02 21:08:07.476547: Epoch time: 40.63 s
2026-01-02 21:08:08.243242: 
2026-01-02 21:08:08.246617: Epoch 69
2026-01-02 21:08:08.248954: Current learning rate: 0.0079
2026-01-02 21:08:45.647530: train_loss 0.6433
2026-01-02 21:08:45.652503: val_loss 1.1961
2026-01-02 21:08:45.655314: val classification accuracy 0.4565
2026-01-02 21:08:45.659254: val auc 0.5038
2026-01-02 21:08:45.666447: Epoch time: 37.41 s
2026-01-02 21:08:46.414688: 
2026-01-02 21:08:46.418100: Epoch 70
2026-01-02 21:08:46.420598: Current learning rate: 0.00787
2026-01-02 21:09:24.532691: train_loss 0.6399
2026-01-02 21:09:24.540603: val_loss 1.2766
2026-01-02 21:09:24.543460: val classification accuracy 0.5
2026-01-02 21:09:24.546117: val auc 0.5501
2026-01-02 21:09:24.548796: Epoch time: 38.12 s
2026-01-02 21:09:25.824454: 
2026-01-02 21:09:25.827929: Epoch 71
2026-01-02 21:09:25.830612: Current learning rate: 0.00784
2026-01-02 21:10:05.478692: train_loss 0.6577
2026-01-02 21:10:05.483125: val_loss 1.2183
2026-01-02 21:10:05.491143: val classification accuracy 0.5
2026-01-02 21:10:05.494082: val auc 0.4594
2026-01-02 21:10:05.496682: Epoch time: 39.66 s
2026-01-02 21:10:06.232568: 
2026-01-02 21:10:06.236029: Epoch 72
2026-01-02 21:10:06.238513: Current learning rate: 0.00781
2026-01-02 21:10:47.420128: train_loss 0.6226
2026-01-02 21:10:47.448302: val_loss 3.0514
2026-01-02 21:10:47.454224: val classification accuracy 0.6957
2026-01-02 21:10:47.456810: val auc 0.6815
2026-01-02 21:10:47.459334: Epoch time: 41.19 s
2026-01-02 21:10:47.461511: Yayy! New best classification accuracy: 0.6957
2026-01-02 21:10:48.819998: 
2026-01-02 21:10:48.823130: Epoch 73
2026-01-02 21:10:48.825392: Current learning rate: 0.00778
2026-01-02 21:11:28.194962: train_loss 0.6347
2026-01-02 21:11:28.199731: val_loss 0.8045
2026-01-02 21:11:28.203038: val classification accuracy 0.4783
2026-01-02 21:11:28.205951: val auc 0.5425
2026-01-02 21:11:28.209147: Epoch time: 39.38 s
2026-01-02 21:11:28.962632: 
2026-01-02 21:11:28.965946: Epoch 74
2026-01-02 21:11:28.968327: Current learning rate: 0.00775
2026-01-02 21:12:04.834018: train_loss 0.6355
2026-01-02 21:12:04.838702: val_loss 1.3216
2026-01-02 21:12:04.841772: val classification accuracy 0.3696
2026-01-02 21:12:04.844508: val auc 0.4669
2026-01-02 21:12:04.852587: Epoch time: 35.87 s
2026-01-02 21:12:05.574986: 
2026-01-02 21:12:05.578339: Epoch 75
2026-01-02 21:12:05.580796: Current learning rate: 0.00772
2026-01-02 21:12:41.611948: train_loss 0.6757
2026-01-02 21:12:41.616520: val_loss 0.9336
2026-01-02 21:12:41.618942: val classification accuracy 0.4565
2026-01-02 21:12:41.621273: val auc 0.5217
2026-01-02 21:12:41.623811: Epoch time: 36.04 s
2026-01-02 21:12:42.901782: 
2026-01-02 21:12:42.904970: Epoch 76
2026-01-02 21:12:42.907456: Current learning rate: 0.00769
2026-01-02 21:13:20.997225: train_loss 0.6685
2026-01-02 21:13:21.021926: val_loss 0.7969
2026-01-02 21:13:21.025026: val classification accuracy 0.5217
2026-01-02 21:13:21.027443: val auc 0.6295
2026-01-02 21:13:21.030094: Epoch time: 38.1 s
2026-01-02 21:13:21.769836: 
2026-01-02 21:13:21.773211: Epoch 77
2026-01-02 21:13:21.775641: Current learning rate: 0.00766
2026-01-02 21:14:00.047505: train_loss 0.6239
2026-01-02 21:14:00.086299: val_loss 0.7771
2026-01-02 21:14:00.089576: val classification accuracy 0.6957
2026-01-02 21:14:00.092422: val auc 0.7164
2026-01-02 21:14:00.095326: Epoch time: 38.28 s
2026-01-02 21:14:00.822583: 
2026-01-02 21:14:00.825462: Epoch 78
2026-01-02 21:14:00.827776: Current learning rate: 0.00763
2026-01-02 21:14:37.674213: train_loss 0.6569
2026-01-02 21:14:37.685572: val_loss 1.3441
2026-01-02 21:14:37.688954: val classification accuracy 0.5217
2026-01-02 21:14:37.692249: val auc 0.4159
2026-01-02 21:14:37.704513: Epoch time: 36.85 s
2026-01-02 21:14:38.461277: 
2026-01-02 21:14:38.464491: Epoch 79
2026-01-02 21:14:38.468953: Current learning rate: 0.0076
2026-01-02 21:15:17.237389: train_loss 0.6316
2026-01-02 21:15:17.256947: val_loss 1.168
2026-01-02 21:15:17.259542: val classification accuracy 0.587
2026-01-02 21:15:17.262147: val auc 0.5784
2026-01-02 21:15:17.264602: Epoch time: 38.78 s
2026-01-02 21:15:18.222134: 
2026-01-02 21:15:18.259258: Epoch 80
2026-01-02 21:15:18.306549: Current learning rate: 0.00756
2026-01-02 21:15:57.650750: train_loss 0.6647
2026-01-02 21:15:57.655382: val_loss 1.5276
2026-01-02 21:15:57.658459: val classification accuracy 0.4348
2026-01-02 21:15:57.661223: val auc 0.4442
2026-01-02 21:15:57.663791: Epoch time: 39.43 s
2026-01-02 21:15:58.917293: 
2026-01-02 21:15:58.920726: Epoch 81
2026-01-02 21:15:58.923322: Current learning rate: 0.00753
2026-01-02 21:16:36.790594: train_loss 0.6442
2026-01-02 21:16:36.806621: val_loss 1.7615
2026-01-02 21:16:36.809985: val classification accuracy 0.5
2026-01-02 21:16:36.812822: val auc 0.4726
2026-01-02 21:16:36.825701: Epoch time: 37.87 s
2026-01-02 21:16:37.577975: 
2026-01-02 21:16:37.581532: Epoch 82
2026-01-02 21:16:37.583997: Current learning rate: 0.0075
2026-01-02 21:17:18.055529: train_loss 0.6357
2026-01-02 21:17:18.059850: val_loss 1.3204
2026-01-02 21:17:18.062429: val classification accuracy 0.5
2026-01-02 21:17:18.065127: val auc 0.5113
2026-01-02 21:17:18.067940: Epoch time: 40.48 s
2026-01-02 21:17:18.809010: 
2026-01-02 21:17:18.812349: Epoch 83
2026-01-02 21:17:18.814894: Current learning rate: 0.00747
2026-01-02 21:17:58.774414: train_loss 0.6005
2026-01-02 21:17:58.810631: val_loss 3.3909
2026-01-02 21:17:58.813657: val classification accuracy 0.4783
2026-01-02 21:17:58.816552: val auc 0.4877
2026-01-02 21:17:58.819192: Epoch time: 39.97 s
2026-01-02 21:17:59.556076: 
2026-01-02 21:17:59.559292: Epoch 84
2026-01-02 21:17:59.561741: Current learning rate: 0.00744
2026-01-02 21:18:36.653802: train_loss 0.6743
2026-01-02 21:18:36.681648: val_loss 1.2917
2026-01-02 21:18:36.700001: val classification accuracy 0.5217
2026-01-02 21:18:36.703183: val auc 0.4972
2026-01-02 21:18:36.706228: Epoch time: 37.1 s
2026-01-02 21:18:37.436808: 
2026-01-02 21:18:37.440230: Epoch 85
2026-01-02 21:18:37.442657: Current learning rate: 0.00741
2026-01-02 21:19:16.394926: train_loss 0.6428
2026-01-02 21:19:16.402008: val_loss 1.1378
2026-01-02 21:19:16.405371: val classification accuracy 0.5217
2026-01-02 21:19:16.408308: val auc 0.4669
2026-01-02 21:19:16.411216: Epoch time: 38.96 s
2026-01-02 21:19:17.647968: 
2026-01-02 21:19:17.651242: Epoch 86
2026-01-02 21:19:17.653569: Current learning rate: 0.00738
2026-01-02 21:19:54.728281: train_loss 0.6244
2026-01-02 21:19:54.781682: val_loss 0.8981
2026-01-02 21:19:54.792236: val classification accuracy 0.4348
2026-01-02 21:19:54.794825: val auc 0.5009
2026-01-02 21:19:54.797522: Epoch time: 37.08 s
2026-01-02 21:19:55.550955: 
2026-01-02 21:19:55.554836: Epoch 87
2026-01-02 21:19:55.557179: Current learning rate: 0.00735
2026-01-02 21:20:32.974306: train_loss 0.6121
2026-01-02 21:20:32.978456: val_loss 0.965
2026-01-02 21:20:32.985708: val classification accuracy 0.4783
2026-01-02 21:20:32.988394: val auc 0.5274
2026-01-02 21:20:32.991295: Epoch time: 37.43 s
2026-01-02 21:20:33.715844: 
2026-01-02 21:20:33.719059: Epoch 88
2026-01-02 21:20:33.721500: Current learning rate: 0.00732
2026-01-02 21:21:12.536656: train_loss 0.6549
2026-01-02 21:21:12.540758: val_loss 0.9001
2026-01-02 21:21:12.543260: val classification accuracy 0.587
2026-01-02 21:21:12.545825: val auc 0.5539
2026-01-02 21:21:12.548259: Epoch time: 38.82 s
2026-01-02 21:21:13.278485: 
2026-01-02 21:21:13.281710: Epoch 89
2026-01-02 21:21:13.284071: Current learning rate: 0.00729
2026-01-02 21:21:51.917823: train_loss 0.6452
2026-01-02 21:21:51.921901: val_loss 0.8736
2026-01-02 21:21:51.924280: val classification accuracy 0.4348
2026-01-02 21:21:51.926780: val auc 0.4962
2026-01-02 21:21:51.929257: Epoch time: 38.64 s
2026-01-02 21:21:52.654089: 
2026-01-02 21:21:52.657093: Epoch 90
2026-01-02 21:21:52.659465: Current learning rate: 0.00725
2026-01-02 21:22:31.442775: train_loss 0.6529
2026-01-02 21:22:31.490821: val_loss 1.8889
2026-01-02 21:22:31.494828: val classification accuracy 0.4565
2026-01-02 21:22:31.497725: val auc 0.4234
2026-01-02 21:22:31.500222: Epoch time: 38.79 s
2026-01-02 21:22:32.236776: 
2026-01-02 21:22:32.240215: Epoch 91
2026-01-02 21:22:32.242452: Current learning rate: 0.00722
2026-01-02 21:23:10.596920: train_loss 0.6284
2026-01-02 21:23:10.600823: val_loss 0.6982
2026-01-02 21:23:10.603292: val classification accuracy 0.5652
2026-01-02 21:23:10.605761: val auc 0.6219
2026-01-02 21:23:10.608544: Epoch time: 38.36 s
2026-01-02 21:23:11.325386: 
2026-01-02 21:23:11.328744: Epoch 92
2026-01-02 21:23:11.331194: Current learning rate: 0.00719
2026-01-02 21:23:48.797669: train_loss 0.6495
2026-01-02 21:23:48.806956: val_loss 1.2326
2026-01-02 21:23:48.810150: val classification accuracy 0.5217
2026-01-02 21:23:48.813061: val auc 0.5482
2026-01-02 21:23:48.815893: Epoch time: 37.47 s
2026-01-02 21:23:49.535619: 
2026-01-02 21:23:49.538867: Epoch 93
2026-01-02 21:23:49.541353: Current learning rate: 0.00716
2026-01-02 21:24:29.392789: train_loss 0.6165
2026-01-02 21:24:29.397256: val_loss 1.5206
2026-01-02 21:24:29.400390: val classification accuracy 0.4348
2026-01-02 21:24:29.403331: val auc 0.5331
2026-01-02 21:24:29.406279: Epoch time: 39.86 s
2026-01-02 21:24:30.145693: 
2026-01-02 21:24:30.150296: Epoch 94
2026-01-02 21:24:30.153188: Current learning rate: 0.00713
2026-01-02 21:25:09.784390: train_loss 0.6358
2026-01-02 21:25:09.801784: val_loss 0.8226
2026-01-02 21:25:09.804360: val classification accuracy 0.3478
2026-01-02 21:25:09.806869: val auc 0.3648
2026-01-02 21:25:09.809700: Epoch time: 39.64 s
2026-01-02 21:25:10.512472: 
2026-01-02 21:25:10.515791: Epoch 95
2026-01-02 21:25:10.518369: Current learning rate: 0.0071
2026-01-02 21:25:52.865568: train_loss 0.6512
2026-01-02 21:25:52.870900: val_loss 0.972
2026-01-02 21:25:52.873859: val classification accuracy 0.413
2026-01-02 21:25:52.877392: val auc 0.3989
2026-01-02 21:25:52.881107: Epoch time: 42.35 s
2026-01-02 21:25:53.603745: 
2026-01-02 21:25:53.607067: Epoch 96
2026-01-02 21:25:53.609538: Current learning rate: 0.00707
2026-01-02 21:26:34.258795: train_loss 0.5928
2026-01-02 21:26:34.266120: val_loss 0.9624
2026-01-02 21:26:34.272856: val classification accuracy 0.3696
2026-01-02 21:26:34.275493: val auc 0.448
2026-01-02 21:26:34.305252: Epoch time: 40.66 s
2026-01-02 21:26:35.029636: 
2026-01-02 21:26:35.032841: Epoch 97
2026-01-02 21:26:35.035202: Current learning rate: 0.00704
2026-01-02 21:27:14.708039: train_loss 0.6354
2026-01-02 21:27:14.718089: val_loss 0.9848
2026-01-02 21:27:14.720872: val classification accuracy 0.4348
2026-01-02 21:27:14.723580: val auc 0.4499
2026-01-02 21:27:14.726382: Epoch time: 39.68 s
2026-01-02 21:27:15.492941: 
2026-01-02 21:27:15.496259: Epoch 98
2026-01-02 21:27:15.498635: Current learning rate: 0.007
2026-01-02 21:27:53.396185: train_loss 0.6337
2026-01-02 21:27:53.401809: val_loss 0.7942
2026-01-02 21:27:53.406909: val classification accuracy 0.5435
2026-01-02 21:27:53.409829: val auc 0.535
2026-01-02 21:27:53.412663: Epoch time: 37.9 s
2026-01-02 21:27:54.159945: 
2026-01-02 21:27:54.163635: Epoch 99
2026-01-02 21:27:54.166286: Current learning rate: 0.00697
2026-01-02 21:28:34.142927: train_loss 0.651
2026-01-02 21:28:34.155142: val_loss 0.9606
2026-01-02 21:28:34.158147: val classification accuracy 0.3696
2026-01-02 21:28:34.172487: val auc 0.3195
2026-01-02 21:28:34.175370: Epoch time: 39.98 s
2026-01-02 21:28:34.915519: 
2026-01-02 21:28:34.918779: Epoch 100
2026-01-02 21:28:34.921263: Current learning rate: 0.00694
2026-01-02 21:29:14.398371: train_loss 0.6085
2026-01-02 21:29:14.402808: val_loss 1.0972
2026-01-02 21:29:14.405370: val classification accuracy 0.5217
2026-01-02 21:29:14.407804: val auc 0.5151
2026-01-02 21:29:14.410187: Epoch time: 39.48 s
2026-01-02 21:29:15.155536: 
2026-01-02 21:29:15.159245: Epoch 101
2026-01-02 21:29:15.161936: Current learning rate: 0.00691
2026-01-02 21:29:54.034037: train_loss 0.6105
2026-01-02 21:29:54.038561: val_loss 1.1375
2026-01-02 21:29:54.041566: val classification accuracy 0.3913
2026-01-02 21:29:54.044422: val auc 0.4329
2026-01-02 21:29:54.047211: Epoch time: 38.88 s
2026-01-02 21:29:54.752206: 
2026-01-02 21:29:54.755528: Epoch 102
2026-01-02 21:29:54.758060: Current learning rate: 0.00688
2026-01-02 21:30:34.654528: train_loss 0.6218
2026-01-02 21:30:34.659771: val_loss 1.1374
2026-01-02 21:30:34.662997: val classification accuracy 0.5652
2026-01-02 21:30:34.675470: val auc 0.5529
2026-01-02 21:30:34.688374: Epoch time: 39.9 s
2026-01-02 21:30:35.416497: 
2026-01-02 21:30:35.419827: Epoch 103
2026-01-02 21:30:35.422250: Current learning rate: 0.00685
2026-01-02 21:31:13.003792: train_loss 0.5939
2026-01-02 21:31:13.024011: val_loss 3.5825
2026-01-02 21:31:13.031297: val classification accuracy 0.5
2026-01-02 21:31:13.063929: val auc 0.4178
2026-01-02 21:31:13.067446: Epoch time: 37.59 s
2026-01-02 21:31:13.827441: 
2026-01-02 21:31:13.830616: Epoch 104
2026-01-02 21:31:13.832828: Current learning rate: 0.00682
2026-01-02 21:31:53.976581: train_loss 0.5986
2026-01-02 21:31:53.985546: val_loss 1.6946
2026-01-02 21:31:53.988705: val classification accuracy 0.4783
2026-01-02 21:31:53.991672: val auc 0.5113
2026-01-02 21:31:53.994765: Epoch time: 40.15 s
2026-01-02 21:31:54.752444: 
2026-01-02 21:31:54.755805: Epoch 105
2026-01-02 21:31:54.758336: Current learning rate: 0.00679
2026-01-02 21:32:34.455433: train_loss 0.6209
2026-01-02 21:32:34.459200: val_loss 1.2611
2026-01-02 21:32:34.461627: val classification accuracy 0.5435
2026-01-02 21:32:34.464148: val auc 0.4953
2026-01-02 21:32:34.467022: Epoch time: 39.7 s
2026-01-02 21:32:35.244229: 
2026-01-02 21:32:35.247517: Epoch 106
2026-01-02 21:32:35.250190: Current learning rate: 0.00675
2026-01-02 21:33:14.124303: train_loss 0.5992
2026-01-02 21:33:14.129111: val_loss 2.3676
2026-01-02 21:33:14.131888: val classification accuracy 0.4348
2026-01-02 21:33:14.134544: val auc 0.465
2026-01-02 21:33:14.137050: Epoch time: 38.88 s
2026-01-02 21:33:14.888007: 
2026-01-02 21:33:14.891342: Epoch 107
2026-01-02 21:33:14.893772: Current learning rate: 0.00672
2026-01-02 21:33:52.178622: train_loss 0.6156
2026-01-02 21:33:52.200497: val_loss 0.9224
2026-01-02 21:33:52.203468: val classification accuracy 0.6957
2026-01-02 21:33:52.205969: val auc 0.6985
2026-01-02 21:33:52.208605: Epoch time: 37.29 s
2026-01-02 21:33:52.939159: 
2026-01-02 21:33:52.942277: Epoch 108
2026-01-02 21:33:52.944666: Current learning rate: 0.00669
2026-01-02 21:34:31.744236: train_loss 0.5679
2026-01-02 21:34:31.755109: val_loss 1.6477
2026-01-02 21:34:31.759990: val classification accuracy 0.5
2026-01-02 21:34:31.762720: val auc 0.4537
2026-01-02 21:34:31.765571: Epoch time: 38.81 s
2026-01-02 21:34:32.484129: 
2026-01-02 21:34:32.487465: Epoch 109
2026-01-02 21:34:32.489946: Current learning rate: 0.00666
2026-01-02 21:35:10.222822: train_loss 0.6241
2026-01-02 21:35:10.227305: val_loss 2.0425
2026-01-02 21:35:10.238049: val classification accuracy 0.4348
2026-01-02 21:35:10.249498: val auc 0.3592
2026-01-02 21:35:10.253292: Epoch time: 37.74 s
2026-01-02 21:35:10.993923: 
2026-01-02 21:35:10.997601: Epoch 110
2026-01-02 21:35:11.000360: Current learning rate: 0.00663
2026-01-02 21:35:49.985252: train_loss 0.59
2026-01-02 21:35:50.009245: val_loss 2.5661
2026-01-02 21:35:50.012578: val classification accuracy 0.4565
2026-01-02 21:35:50.015714: val auc 0.4197
2026-01-02 21:35:50.018830: Epoch time: 38.99 s
2026-01-02 21:35:50.814986: 
2026-01-02 21:35:50.818032: Epoch 111
2026-01-02 21:35:50.820302: Current learning rate: 0.0066
2026-01-02 21:36:30.801423: train_loss 0.5794
2026-01-02 21:36:30.805571: val_loss 4.6768
2026-01-02 21:36:30.808653: val classification accuracy 0.3261
2026-01-02 21:36:30.811437: val auc 0.3412
2026-01-02 21:36:30.821428: Epoch time: 39.99 s
2026-01-02 21:36:31.586128: 
2026-01-02 21:36:31.589552: Epoch 112
2026-01-02 21:36:31.592073: Current learning rate: 0.00657
2026-01-02 21:37:09.783000: train_loss 0.6217
2026-01-02 21:37:09.787337: val_loss 0.8825
2026-01-02 21:37:09.789756: val classification accuracy 0.4565
2026-01-02 21:37:09.792491: val auc 0.4253
2026-01-02 21:37:09.796746: Epoch time: 38.2 s
2026-01-02 21:37:10.562213: 
2026-01-02 21:37:10.565476: Epoch 113
2026-01-02 21:37:10.568080: Current learning rate: 0.00654
2026-01-02 21:37:48.676800: train_loss 0.6334
2026-01-02 21:37:48.680581: val_loss 1.1179
2026-01-02 21:37:48.683095: val classification accuracy 0.3696
2026-01-02 21:37:48.685903: val auc 0.2703
2026-01-02 21:37:48.688708: Epoch time: 38.12 s
2026-01-02 21:37:49.413137: 
2026-01-02 21:37:49.416435: Epoch 114
2026-01-02 21:37:49.418795: Current learning rate: 0.0065
2026-01-02 21:38:29.204909: train_loss 0.6035
2026-01-02 21:38:29.211339: val_loss 1.5646
2026-01-02 21:38:29.214245: val classification accuracy 0.4348
2026-01-02 21:38:29.217246: val auc 0.4064
2026-01-02 21:38:29.220358: Epoch time: 39.79 s
2026-01-02 21:38:29.963463: 
2026-01-02 21:38:29.966809: Epoch 115
2026-01-02 21:38:29.969251: Current learning rate: 0.00647
2026-01-02 21:39:09.671789: train_loss 0.5767
2026-01-02 21:39:09.676345: val_loss 2.0819
2026-01-02 21:39:09.679280: val classification accuracy 0.3478
2026-01-02 21:39:09.682272: val auc 0.3365
2026-01-02 21:39:09.685077: Epoch time: 39.71 s
2026-01-02 21:39:10.409593: 
2026-01-02 21:39:10.412935: Epoch 116
2026-01-02 21:39:10.415504: Current learning rate: 0.00644
2026-01-02 21:39:50.206351: train_loss 0.6202
2026-01-02 21:39:50.210981: val_loss 0.7907
2026-01-02 21:39:50.213856: val classification accuracy 0.5435
2026-01-02 21:39:50.217065: val auc 0.5284
2026-01-02 21:39:50.219601: Epoch time: 39.8 s
2026-01-02 21:39:50.222066: Early stopping triggered at epoch 116. Best val_losses=0.5897
2026-01-02 21:39:50.971520: Stopping training early due to early stopping criterion.
2026-01-02 21:39:51.674579: Training done.
2026-01-02 21:39:51.680407: Skipping perform_actual_validation for classification trainer (segmentation-style sliding window is not applicable).
[1;34mwandb[0m: 
[1;34mwandb[0m: 🚀 View run [33mDenseNetTrainer_ep300_NoMirroring_x2_fold2[0m at: [34m[0m
[1;34mwandb[0m: Find logs at: [1;35m../../tmp/wandb/wandb/run-20260102_202148-wxvqdepf/logs[0m
