Using device: cuda:0

#######################################################################
Please cite the following paper when using nnU-Net:
Isensee, F., Jaeger, P. F., Kohl, S. A., Petersen, J., & Maier-Hein, K. H. (2021). nnU-Net: a self-configuring method for deep learning-based biomedical image segmentation. Nature methods, 18(2), 203-211.
#######################################################################

2026-01-03 03:16:38.328961: Using torch.compile...
2026-01-03 03:16:43.795220: do_dummy_2d_data_aug: False
2026-01-03 03:16:43.798794: Using splits from existing split file: /hpf/projects/jquon/sumin/nnUNet_data/nnUNet_preprocessed/Dataset033_AVM_T1+C/splits_final.json
2026-01-03 03:16:43.801693: The split file contains 11 splits.
2026-01-03 03:16:43.803245: Desired fold for training: 6
2026-01-03 03:16:43.804680: This split has 464 training and 48 validation cases.
using pin_memory on device 0
using pin_memory on device 0

This is the configuration used by this training:
Configuration name: 3d_fullres
 {'data_identifier': 'nnUNetPlans_3d_fullres', 'preprocessor_name': 'DefaultPreprocessor', 'batch_size': 2, 'patch_size': [160, 224, 192], 'median_image_size_in_voxels': [344.0, 448.0, 429.0], 'spacing': [0.500000923871994, 0.4910714328289032, 0.4910714328289032], 'normalization_schemes': ['ZScoreNormalization'], 'use_mask_for_norm': [False], 'resampling_fn_data': 'resample_data_or_seg_to_shape', 'resampling_fn_seg': 'resample_data_or_seg_to_shape', 'resampling_fn_data_kwargs': {'is_seg': False, 'order': 3, 'order_z': 0, 'force_separate_z': None}, 'resampling_fn_seg_kwargs': {'is_seg': True, 'order': 1, 'order_z': 0, 'force_separate_z': None}, 'resampling_fn_probabilities': 'resample_data_or_seg_to_shape', 'resampling_fn_probabilities_kwargs': {'is_seg': False, 'order': 1, 'order_z': 0, 'force_separate_z': None}, 'architecture': {'network_class_name': 'dynamic_network_architectures.architectures.unet.ResidualEncoderUNet', 'arch_kwargs': {'n_stages': 6, 'features_per_stage': [32, 64, 128, 256, 320, 320], 'conv_op': 'torch.nn.modules.conv.Conv3d', 'kernel_sizes': [[3, 3, 3], [3, 3, 3], [3, 3, 3], [3, 3, 3], [3, 3, 3], [3, 3, 3]], 'strides': [[1, 1, 1], [2, 2, 2], [2, 2, 2], [2, 2, 2], [2, 2, 2], [2, 2, 2]], 'n_blocks_per_stage': [1, 3, 4, 6, 6, 6], 'n_conv_per_stage_decoder': [1, 1, 1, 1, 1], 'conv_bias': True, 'norm_op': 'torch.nn.modules.instancenorm.InstanceNorm3d', 'norm_op_kwargs': {'eps': 1e-05, 'affine': True}, 'dropout_op': None, 'dropout_op_kwargs': None, 'nonlin': 'torch.nn.LeakyReLU', 'nonlin_kwargs': {'inplace': True}}, '_kw_requires_import': ['conv_op', 'norm_op', 'dropout_op', 'nonlin']}, 'batch_dice': True} 

These are the global plan.json settings:
 {'dataset_name': 'Dataset033_AVM_T1+C', 'plans_name': 'nnUNetResEncUNetLPlans', 'original_median_spacing_after_transp': [0.500000923871994, 0.4910714328289032, 0.4910714328289032], 'original_median_shape_after_transp': [330, 448, 424], 'image_reader_writer': 'SimpleITKIO', 'transpose_forward': [0, 1, 2], 'transpose_backward': [0, 1, 2], 'experiment_planner_used': 'nnUNetPlannerResEncL', 'label_manager': 'LabelManager', 'foreground_intensity_properties_per_channel': {'0': {'max': 12113.0, 'mean': 449.843505859375, 'median': 311.0, 'min': 0.0, 'percentile_00_5': 34.0, 'percentile_99_5': 3202.0, 'std': 471.56329345703125}}} 

2026-01-03 03:16:45.780558: Unable to plot network architecture: nnUNet_compile is enabled!
2026-01-03 03:16:45.800518: 
2026-01-03 03:16:45.802840: Epoch 0
2026-01-03 03:16:45.804601: Current learning rate: 0.01
2026-01-03 03:18:00.396543: train_loss 1.5586
2026-01-03 03:18:00.401241: val_loss 12.8525
2026-01-03 03:18:00.403422: val classification accuracy 0.5
2026-01-03 03:18:00.405470: val auc 0.4158
2026-01-03 03:18:00.407643: Epoch time: 74.6 s
2026-01-03 03:18:00.409349: Yayy! New best EMA pseudo Dice: 0.4158
2026-01-03 03:18:01.182015: Yayy! New best classification accuracy: 0.5
2026-01-03 03:18:02.656359: 
2026-01-03 03:18:02.658955: Epoch 1
2026-01-03 03:18:02.660594: Current learning rate: 0.00997
2026-01-03 03:18:42.710026: train_loss 1.7634
2026-01-03 03:18:42.713196: val_loss 50.6332
2026-01-03 03:18:42.715173: val classification accuracy 0.3333
2026-01-03 03:18:42.716972: val auc 0.2977
2026-01-03 03:18:42.718946: Epoch time: 40.06 s
2026-01-03 03:18:43.455027: 
2026-01-03 03:18:43.457756: Epoch 2
2026-01-03 03:18:43.459465: Current learning rate: 0.00994
2026-01-03 03:19:25.425355: train_loss 1.1981
2026-01-03 03:19:25.430162: val_loss 7.1677
2026-01-03 03:19:25.455621: val classification accuracy 0.4792
2026-01-03 03:19:25.458043: val auc 0.4852
2026-01-03 03:19:25.461152: Epoch time: 41.97 s
2026-01-03 03:19:25.464228: Yayy! New best EMA pseudo Dice: 0.4852
2026-01-03 03:19:26.959292: 
2026-01-03 03:19:26.961913: Epoch 3
2026-01-03 03:19:26.963525: Current learning rate: 0.00991
2026-01-03 03:20:06.208009: train_loss 0.8739
2026-01-03 03:20:06.211185: val_loss 0.821
2026-01-03 03:20:06.213413: val classification accuracy 0.5
2026-01-03 03:20:06.215461: val auc 0.5929
2026-01-03 03:20:06.217686: Epoch time: 39.25 s
2026-01-03 03:20:06.219457: Yayy! New best EMA pseudo Dice: 0.5929
2026-01-03 03:20:07.631191: 
2026-01-03 03:20:07.634134: Epoch 4
2026-01-03 03:20:07.636254: Current learning rate: 0.00988
2026-01-03 03:20:48.267857: train_loss 0.7738
2026-01-03 03:20:48.273809: val_loss 0.7444
2026-01-03 03:20:48.276152: val classification accuracy 0.5833
2026-01-03 03:20:48.278027: val auc 0.6823
2026-01-03 03:20:48.285786: Epoch time: 40.64 s
2026-01-03 03:20:48.287561: Yayy! New best EMA pseudo Dice: 0.6823
2026-01-03 03:20:48.968569: Yayy! New best classification accuracy: 0.5833
2026-01-03 03:20:50.457636: 
2026-01-03 03:20:50.460115: Epoch 5
2026-01-03 03:20:50.461886: Current learning rate: 0.00985
2026-01-03 03:21:30.249894: train_loss 0.7393
2026-01-03 03:21:30.293232: val_loss 1.0585
2026-01-03 03:21:30.313579: val classification accuracy 0.4792
2026-01-03 03:21:30.315921: val auc 0.5833
2026-01-03 03:21:30.321435: Epoch time: 39.79 s
2026-01-03 03:21:31.064644: 
2026-01-03 03:21:31.067421: Epoch 6
2026-01-03 03:21:31.069244: Current learning rate: 0.00982
2026-01-03 03:22:08.165252: train_loss 0.713
2026-01-03 03:22:08.169318: val_loss 0.9272
2026-01-03 03:22:08.171524: val classification accuracy 0.5417
2026-01-03 03:22:08.173708: val auc 0.605
2026-01-03 03:22:08.175987: Epoch time: 37.1 s
2026-01-03 03:22:08.915113: 
2026-01-03 03:22:08.918070: Epoch 7
2026-01-03 03:22:08.919851: Current learning rate: 0.00979
2026-01-03 03:22:46.930741: train_loss 0.7312
2026-01-03 03:22:46.947035: val_loss 0.7694
2026-01-03 03:22:46.949068: val classification accuracy 0.5208
2026-01-03 03:22:46.957657: val auc 0.625
2026-01-03 03:22:46.960158: Epoch time: 38.02 s
2026-01-03 03:22:47.674258: 
2026-01-03 03:22:47.677018: Epoch 8
2026-01-03 03:22:47.679172: Current learning rate: 0.00976
2026-01-03 03:23:25.809049: train_loss 0.7013
2026-01-03 03:23:25.813612: val_loss 2.9089
2026-01-03 03:23:25.815620: val classification accuracy 0.625
2026-01-03 03:23:25.817437: val auc 0.5625
2026-01-03 03:23:25.819221: Epoch time: 38.14 s
2026-01-03 03:23:25.820998: Yayy! New best classification accuracy: 0.625
2026-01-03 03:23:27.299451: 
2026-01-03 03:23:27.301818: Epoch 9
2026-01-03 03:23:27.303526: Current learning rate: 0.00973
2026-01-03 03:24:06.470774: train_loss 0.7192
2026-01-03 03:24:06.475459: val_loss 0.8196
2026-01-03 03:24:06.493193: val classification accuracy 0.5833
2026-01-03 03:24:06.495528: val auc 0.6337
2026-01-03 03:24:06.497818: Epoch time: 39.17 s
2026-01-03 03:24:07.262586: 
2026-01-03 03:24:07.264986: Epoch 10
2026-01-03 03:24:07.267524: Current learning rate: 0.0097
2026-01-03 03:24:46.347983: train_loss 0.6933
2026-01-03 03:24:46.353028: val_loss 1.9704
2026-01-03 03:24:46.355183: val classification accuracy 0.4583
2026-01-03 03:24:46.357496: val auc 0.4115
2026-01-03 03:24:46.359731: Epoch time: 39.09 s
2026-01-03 03:24:47.118533: 
2026-01-03 03:24:47.121477: Epoch 11
2026-01-03 03:24:47.123389: Current learning rate: 0.00967
2026-01-03 03:25:24.308108: train_loss 0.6707
2026-01-03 03:25:24.311363: val_loss 1.0092
2026-01-03 03:25:24.313812: val classification accuracy 0.4792
2026-01-03 03:25:24.316473: val auc 0.4349
2026-01-03 03:25:24.319302: Epoch time: 37.19 s
2026-01-03 03:25:25.067480: 
2026-01-03 03:25:25.070761: Epoch 12
2026-01-03 03:25:25.073193: Current learning rate: 0.00964
2026-01-03 03:26:03.396291: train_loss 0.7014
2026-01-03 03:26:03.411663: val_loss 0.698
2026-01-03 03:26:03.414250: val classification accuracy 0.4792
2026-01-03 03:26:03.461265: val auc 0.6285
2026-01-03 03:26:03.475785: Epoch time: 38.33 s
2026-01-03 03:26:04.244377: 
2026-01-03 03:26:04.246967: Epoch 13
2026-01-03 03:26:04.249316: Current learning rate: 0.00961
2026-01-03 03:26:42.566042: train_loss 0.6885
2026-01-03 03:26:42.574000: val_loss 0.7592
2026-01-03 03:26:42.584589: val classification accuracy 0.5625
2026-01-03 03:26:42.587012: val auc 0.6441
2026-01-03 03:26:42.589438: Epoch time: 38.32 s
2026-01-03 03:26:43.329786: 
2026-01-03 03:26:43.333195: Epoch 14
2026-01-03 03:26:43.335693: Current learning rate: 0.00958
2026-01-03 03:27:22.584222: train_loss 0.689
2026-01-03 03:27:22.609308: val_loss 0.6623
2026-01-03 03:27:22.611768: val classification accuracy 0.5833
2026-01-03 03:27:22.614080: val auc 0.6736
2026-01-03 03:27:22.616298: Epoch time: 39.26 s
2026-01-03 03:27:23.341082: 
2026-01-03 03:27:23.343908: Epoch 15
2026-01-03 03:27:23.346316: Current learning rate: 0.00955
2026-01-03 03:28:03.804844: train_loss 0.6814
2026-01-03 03:28:03.809080: val_loss 1.8546
2026-01-03 03:28:03.811816: val classification accuracy 0.4792
2026-01-03 03:28:03.814503: val auc 0.4288
2026-01-03 03:28:03.845921: Epoch time: 40.47 s
2026-01-03 03:28:04.610942: 
2026-01-03 03:28:04.613739: Epoch 16
2026-01-03 03:28:04.616210: Current learning rate: 0.00952
2026-01-03 03:28:43.979388: train_loss 0.6934
2026-01-03 03:28:44.005206: val_loss 0.7577
2026-01-03 03:28:44.018926: val classification accuracy 0.5625
2026-01-03 03:28:44.023956: val auc 0.7396
2026-01-03 03:28:44.027038: Epoch time: 39.37 s
2026-01-03 03:28:44.029922: Yayy! New best EMA pseudo Dice: 0.7396
2026-01-03 03:28:45.500774: 
2026-01-03 03:28:45.504104: Epoch 17
2026-01-03 03:28:45.506469: Current learning rate: 0.00949
2026-01-03 03:29:24.451666: train_loss 0.6733
2026-01-03 03:29:24.455296: val_loss 0.8047
2026-01-03 03:29:24.458091: val classification accuracy 0.5417
2026-01-03 03:29:24.460660: val auc 0.6571
2026-01-03 03:29:24.472421: Epoch time: 38.95 s
2026-01-03 03:29:25.707126: 
2026-01-03 03:29:25.711971: Epoch 18
2026-01-03 03:29:25.715372: Current learning rate: 0.00946
2026-01-03 03:30:04.042724: train_loss 0.6735
2026-01-03 03:30:04.047071: val_loss 1.3255
2026-01-03 03:30:04.050380: val classification accuracy 0.4375
2026-01-03 03:30:04.077496: val auc 0.3741
2026-01-03 03:30:04.080396: Epoch time: 38.34 s
2026-01-03 03:30:04.829161: 
2026-01-03 03:30:04.832471: Epoch 19
2026-01-03 03:30:04.834982: Current learning rate: 0.00943
2026-01-03 03:30:43.516344: train_loss 0.687
2026-01-03 03:30:43.520435: val_loss 0.7078
2026-01-03 03:30:43.522837: val classification accuracy 0.5208
2026-01-03 03:30:43.525421: val auc 0.6372
2026-01-03 03:30:43.527984: Epoch time: 38.69 s
2026-01-03 03:30:44.331907: Saved periodic checkpoint /hpf/projects/jquon/sumin/nnUNet_data/nnUNet_results/Dataset033_AVM_T1+C/DenseNetTrainer_ep300_NoMirroring_x2__nnUNetResEncUNetLPlans__3d_fullres/fold_6/checkpoint_every20_best_balacc.pth at epoch 19 with val_balanced_accuracy=0.5208
2026-01-03 03:30:45.165612: Saved periodic checkpoint /hpf/projects/jquon/sumin/nnUNet_data/nnUNet_results/Dataset033_AVM_T1+C/DenseNetTrainer_ep300_NoMirroring_x2__nnUNetResEncUNetLPlans__3d_fullres/fold_6/checkpoint_every20_best_auroc.pth at epoch 19 with val_auc=0.6372
2026-01-03 03:30:45.855785: 
2026-01-03 03:30:45.858851: Epoch 20
2026-01-03 03:30:45.860992: Current learning rate: 0.0094
2026-01-03 03:31:23.635578: train_loss 0.6791
2026-01-03 03:31:23.640559: val_loss 0.805
2026-01-03 03:31:23.643583: val classification accuracy 0.5625
2026-01-03 03:31:23.646192: val auc 0.6441
2026-01-03 03:31:23.648807: Epoch time: 37.78 s
2026-01-03 03:31:24.402300: 
2026-01-03 03:31:24.405573: Epoch 21
2026-01-03 03:31:24.407936: Current learning rate: 0.00937
2026-01-03 03:32:01.609220: train_loss 0.6731
2026-01-03 03:32:01.615794: val_loss 1.018
2026-01-03 03:32:01.618514: val classification accuracy 0.5
2026-01-03 03:32:01.620719: val auc 0.5451
2026-01-03 03:32:01.623170: Epoch time: 37.21 s
2026-01-03 03:32:02.371452: 
2026-01-03 03:32:02.374833: Epoch 22
2026-01-03 03:32:02.377223: Current learning rate: 0.00934
2026-01-03 03:32:37.738268: train_loss 0.6327
2026-01-03 03:32:37.742048: val_loss 1.2035
2026-01-03 03:32:37.744232: val classification accuracy 0.5208
2026-01-03 03:32:37.764909: val auc 0.4844
2026-01-03 03:32:37.767962: Epoch time: 35.37 s
2026-01-03 03:32:38.488347: 
2026-01-03 03:32:38.491746: Epoch 23
2026-01-03 03:32:38.494010: Current learning rate: 0.00931
2026-01-03 03:33:14.991735: train_loss 0.6719
2026-01-03 03:33:15.002556: val_loss 0.9135
2026-01-03 03:33:15.005691: val classification accuracy 0.5208
2026-01-03 03:33:15.008126: val auc 0.5009
2026-01-03 03:33:15.010692: Epoch time: 36.51 s
2026-01-03 03:33:15.759015: 
2026-01-03 03:33:15.762000: Epoch 24
2026-01-03 03:33:15.764355: Current learning rate: 0.00928
2026-01-03 03:33:50.817750: train_loss 0.6719
2026-01-03 03:33:50.821690: val_loss 0.6615
2026-01-03 03:33:50.823993: val classification accuracy 0.5625
2026-01-03 03:33:50.826147: val auc 0.6979
2026-01-03 03:33:50.828824: Epoch time: 35.06 s
2026-01-03 03:33:51.580023: 
2026-01-03 03:33:51.583198: Epoch 25
2026-01-03 03:33:51.585796: Current learning rate: 0.00925
2026-01-03 03:34:30.098165: train_loss 0.689
2026-01-03 03:34:30.102645: val_loss 0.7852
2026-01-03 03:34:30.105471: val classification accuracy 0.3542
2026-01-03 03:34:30.108225: val auc 0.4583
2026-01-03 03:34:30.111031: Epoch time: 38.52 s
2026-01-03 03:34:30.845647: 
2026-01-03 03:34:30.848907: Epoch 26
2026-01-03 03:34:30.851267: Current learning rate: 0.00922
2026-01-03 03:35:13.063152: train_loss 0.675
2026-01-03 03:35:13.070125: val_loss 1.1984
2026-01-03 03:35:13.086493: val classification accuracy 0.5
2026-01-03 03:35:13.108230: val auc 0.4688
2026-01-03 03:35:13.110895: Epoch time: 42.22 s
2026-01-03 03:35:13.898996: 
2026-01-03 03:35:13.902466: Epoch 27
2026-01-03 03:35:13.904760: Current learning rate: 0.00919
2026-01-03 03:35:49.853419: train_loss 0.6417
2026-01-03 03:35:49.857153: val_loss 1.2493
2026-01-03 03:35:49.859513: val classification accuracy 0.3958
2026-01-03 03:35:49.861858: val auc 0.4158
2026-01-03 03:35:49.864743: Epoch time: 35.96 s
2026-01-03 03:35:50.653215: 
2026-01-03 03:35:50.656555: Epoch 28
2026-01-03 03:35:50.661181: Current learning rate: 0.00916
2026-01-03 03:36:28.809005: train_loss 0.6627
2026-01-03 03:36:28.813365: val_loss 0.9276
2026-01-03 03:36:28.816308: val classification accuracy 0.3958
2026-01-03 03:36:28.818990: val auc 0.3819
2026-01-03 03:36:28.821540: Epoch time: 38.16 s
2026-01-03 03:36:29.560199: 
2026-01-03 03:36:29.563176: Epoch 29
2026-01-03 03:36:29.565473: Current learning rate: 0.00913
2026-01-03 03:37:07.561521: train_loss 0.6611
2026-01-03 03:37:07.565727: val_loss 0.9344
2026-01-03 03:37:07.568477: val classification accuracy 0.5417
2026-01-03 03:37:07.600064: val auc 0.5816
2026-01-03 03:37:07.602883: Epoch time: 38.0 s
2026-01-03 03:37:08.304328: 
2026-01-03 03:37:08.307686: Epoch 30
2026-01-03 03:37:08.309937: Current learning rate: 0.0091
2026-01-03 03:37:46.160151: train_loss 0.6503
2026-01-03 03:37:46.175400: val_loss 1.0168
2026-01-03 03:37:46.184344: val classification accuracy 0.4792
2026-01-03 03:37:46.187302: val auc 0.5573
2026-01-03 03:37:46.190246: Epoch time: 37.86 s
2026-01-03 03:37:46.966955: 
2026-01-03 03:37:46.970234: Epoch 31
2026-01-03 03:37:46.972749: Current learning rate: 0.00907
2026-01-03 03:38:24.449159: train_loss 0.6687
2026-01-03 03:38:24.454690: val_loss 0.8978
2026-01-03 03:38:24.457455: val classification accuracy 0.5208
2026-01-03 03:38:24.460419: val auc 0.4505
2026-01-03 03:38:24.462986: Epoch time: 37.48 s
2026-01-03 03:38:25.187567: 
2026-01-03 03:38:25.190947: Epoch 32
2026-01-03 03:38:25.193452: Current learning rate: 0.00903
2026-01-03 03:39:04.602932: train_loss 0.6793
2026-01-03 03:39:04.625282: val_loss 0.7912
2026-01-03 03:39:04.628361: val classification accuracy 0.5625
2026-01-03 03:39:04.631258: val auc 0.6892
2026-01-03 03:39:04.634401: Epoch time: 39.42 s
2026-01-03 03:39:05.354596: 
2026-01-03 03:39:05.358033: Epoch 33
2026-01-03 03:39:05.360640: Current learning rate: 0.009
2026-01-03 03:39:44.746099: train_loss 0.6541
2026-01-03 03:39:44.749410: val_loss 0.7164
2026-01-03 03:39:44.751771: val classification accuracy 0.5208
2026-01-03 03:39:44.754767: val auc 0.6285
2026-01-03 03:39:44.757303: Epoch time: 39.39 s
2026-01-03 03:39:45.521105: 
2026-01-03 03:39:45.524197: Epoch 34
2026-01-03 03:39:45.526468: Current learning rate: 0.00897
2026-01-03 03:40:25.428427: train_loss 0.6417
2026-01-03 03:40:25.432882: val_loss 0.8666
2026-01-03 03:40:25.435606: val classification accuracy 0.5417
2026-01-03 03:40:25.438633: val auc 0.533
2026-01-03 03:40:25.441688: Epoch time: 39.91 s
2026-01-03 03:40:26.179045: 
2026-01-03 03:40:26.182441: Epoch 35
2026-01-03 03:40:26.184990: Current learning rate: 0.00894
2026-01-03 03:41:05.476012: train_loss 0.6623
2026-01-03 03:41:05.482334: val_loss 0.8045
2026-01-03 03:41:05.485389: val classification accuracy 0.5
2026-01-03 03:41:05.488373: val auc 0.5729
2026-01-03 03:41:05.491372: Epoch time: 39.3 s
2026-01-03 03:41:06.269595: 
2026-01-03 03:41:06.273251: Epoch 36
2026-01-03 03:41:06.276049: Current learning rate: 0.00891
2026-01-03 03:41:46.167653: train_loss 0.6736
2026-01-03 03:41:46.181015: val_loss 1.4634
2026-01-03 03:41:46.194973: val classification accuracy 0.5417
2026-01-03 03:41:46.197764: val auc 0.5382
2026-01-03 03:41:46.209442: Epoch time: 39.9 s
2026-01-03 03:41:46.917987: 
2026-01-03 03:41:46.921619: Epoch 37
2026-01-03 03:41:46.924096: Current learning rate: 0.00888
2026-01-03 03:42:26.235460: train_loss 0.696
2026-01-03 03:42:26.239883: val_loss 1.1966
2026-01-03 03:42:26.243212: val classification accuracy 0.4792
2026-01-03 03:42:26.246031: val auc 0.4236
2026-01-03 03:42:26.248731: Epoch time: 39.32 s
2026-01-03 03:42:26.962753: 
2026-01-03 03:42:26.965777: Epoch 38
2026-01-03 03:42:26.968116: Current learning rate: 0.00885
2026-01-03 03:43:08.669253: train_loss 0.6783
2026-01-03 03:43:08.684787: val_loss 0.7623
2026-01-03 03:43:08.687738: val classification accuracy 0.5208
2026-01-03 03:43:08.700334: val auc 0.5911
2026-01-03 03:43:08.703295: Epoch time: 41.71 s
2026-01-03 03:43:09.452619: 
2026-01-03 03:43:09.455693: Epoch 39
2026-01-03 03:43:09.457992: Current learning rate: 0.00882
2026-01-03 03:43:48.560863: train_loss 0.6622
2026-01-03 03:43:48.567853: val_loss 1.0094
2026-01-03 03:43:48.571019: val classification accuracy 0.5833
2026-01-03 03:43:48.573901: val auc 0.684
2026-01-03 03:43:48.576886: Epoch time: 39.11 s
2026-01-03 03:43:49.255520: Saved periodic checkpoint /hpf/projects/jquon/sumin/nnUNet_data/nnUNet_results/Dataset033_AVM_T1+C/DenseNetTrainer_ep300_NoMirroring_x2__nnUNetResEncUNetLPlans__3d_fullres/fold_6/checkpoint_every20_best_balacc.pth at epoch 39 with val_balanced_accuracy=0.5833
2026-01-03 03:43:50.064174: Saved periodic checkpoint /hpf/projects/jquon/sumin/nnUNet_data/nnUNet_results/Dataset033_AVM_T1+C/DenseNetTrainer_ep300_NoMirroring_x2__nnUNetResEncUNetLPlans__3d_fullres/fold_6/checkpoint_every20_best_auroc.pth at epoch 39 with val_auc=0.6840
2026-01-03 03:43:50.750535: 
2026-01-03 03:43:50.753767: Epoch 40
2026-01-03 03:43:50.756084: Current learning rate: 0.00879
2026-01-03 03:44:27.630927: train_loss 0.6708
2026-01-03 03:44:27.634979: val_loss 0.7332
2026-01-03 03:44:27.637241: val classification accuracy 0.5208
2026-01-03 03:44:27.641235: val auc 0.6128
2026-01-03 03:44:27.658098: Epoch time: 36.88 s
2026-01-03 03:44:28.416204: 
2026-01-03 03:44:28.419663: Epoch 41
2026-01-03 03:44:28.422032: Current learning rate: 0.00876
2026-01-03 03:45:05.937050: train_loss 0.6375
2026-01-03 03:45:05.943419: val_loss 1.9297
2026-01-03 03:45:05.946502: val classification accuracy 0.5208
2026-01-03 03:45:05.949260: val auc 0.5122
2026-01-03 03:45:05.952272: Epoch time: 37.52 s
2026-01-03 03:45:07.188205: 
2026-01-03 03:45:07.191671: Epoch 42
2026-01-03 03:45:07.194165: Current learning rate: 0.00873
2026-01-03 03:45:42.884475: train_loss 0.6233
2026-01-03 03:45:42.888801: val_loss 0.9845
2026-01-03 03:45:42.891256: val classification accuracy 0.4375
2026-01-03 03:45:42.893648: val auc 0.4453
2026-01-03 03:45:42.895945: Epoch time: 35.7 s
2026-01-03 03:45:43.614980: 
2026-01-03 03:45:43.618237: Epoch 43
2026-01-03 03:45:43.620748: Current learning rate: 0.0087
2026-01-03 03:46:19.482117: train_loss 0.6514
2026-01-03 03:46:19.531621: val_loss 0.8405
2026-01-03 03:46:19.538419: val classification accuracy 0.5208
2026-01-03 03:46:19.541011: val auc 0.5295
2026-01-03 03:46:19.543768: Epoch time: 35.87 s
2026-01-03 03:46:20.287139: 
2026-01-03 03:46:20.290274: Epoch 44
2026-01-03 03:46:20.292592: Current learning rate: 0.00867
2026-01-03 03:46:59.545864: train_loss 0.6753
2026-01-03 03:46:59.564033: val_loss 0.9001
2026-01-03 03:46:59.575550: val classification accuracy 0.4792
2026-01-03 03:46:59.593021: val auc 0.4245
2026-01-03 03:46:59.596349: Epoch time: 39.26 s
2026-01-03 03:47:00.362715: 
2026-01-03 03:47:00.366050: Epoch 45
2026-01-03 03:47:00.368552: Current learning rate: 0.00864
2026-01-03 03:47:40.655329: train_loss 0.6584
2026-01-03 03:47:40.669443: val_loss 0.8937
2026-01-03 03:47:40.673179: val classification accuracy 0.4583
2026-01-03 03:47:40.677641: val auc 0.5347
2026-01-03 03:47:40.680180: Epoch time: 40.29 s
2026-01-03 03:47:41.426079: 
2026-01-03 03:47:41.429587: Epoch 46
2026-01-03 03:47:41.432118: Current learning rate: 0.00861
2026-01-03 03:48:19.766137: train_loss 0.6574
2026-01-03 03:48:19.770108: val_loss 0.7662
2026-01-03 03:48:19.772482: val classification accuracy 0.6042
2026-01-03 03:48:19.776033: val auc 0.5929
2026-01-03 03:48:19.778533: Epoch time: 38.34 s
2026-01-03 03:48:21.060893: 
2026-01-03 03:48:21.064214: Epoch 47
2026-01-03 03:48:21.066768: Current learning rate: 0.00858
2026-01-03 03:49:00.301208: train_loss 0.6298
2026-01-03 03:49:00.308365: val_loss 1.2146
2026-01-03 03:49:00.332467: val classification accuracy 0.4792
2026-01-03 03:49:00.337872: val auc 0.5174
2026-01-03 03:49:00.350252: Epoch time: 39.24 s
2026-01-03 03:49:01.070560: 
2026-01-03 03:49:01.073792: Epoch 48
2026-01-03 03:49:01.076234: Current learning rate: 0.00855
2026-01-03 03:49:38.756532: train_loss 0.6458
2026-01-03 03:49:38.761202: val_loss 0.9673
2026-01-03 03:49:38.763776: val classification accuracy 0.4792
2026-01-03 03:49:38.766557: val auc 0.4931
2026-01-03 03:49:38.769157: Epoch time: 37.69 s
2026-01-03 03:49:39.496414: 
2026-01-03 03:49:39.500066: Epoch 49
2026-01-03 03:49:39.502562: Current learning rate: 0.00852
2026-01-03 03:50:18.117854: train_loss 0.6456
2026-01-03 03:50:18.123165: val_loss 1.5049
2026-01-03 03:50:18.126098: val classification accuracy 0.4792
2026-01-03 03:50:18.128657: val auc 0.4757
2026-01-03 03:50:18.131310: Epoch time: 38.62 s
2026-01-03 03:50:18.881158: 
2026-01-03 03:50:18.884557: Epoch 50
2026-01-03 03:50:18.887167: Current learning rate: 0.00849
2026-01-03 03:50:57.642599: train_loss 0.6387
2026-01-03 03:50:57.654145: val_loss 0.9172
2026-01-03 03:50:57.656931: val classification accuracy 0.4375
2026-01-03 03:50:57.659657: val auc 0.4688
2026-01-03 03:50:57.662379: Epoch time: 38.76 s
2026-01-03 03:50:58.413841: 
2026-01-03 03:50:58.417243: Epoch 51
2026-01-03 03:50:58.419670: Current learning rate: 0.00846
2026-01-03 03:51:38.097607: train_loss 0.6534
2026-01-03 03:51:38.101290: val_loss 0.9492
2026-01-03 03:51:38.103622: val classification accuracy 0.5208
2026-01-03 03:51:38.105954: val auc 0.6424
2026-01-03 03:51:38.108255: Epoch time: 39.69 s
2026-01-03 03:51:38.850697: 
2026-01-03 03:51:38.854065: Epoch 52
2026-01-03 03:51:38.856663: Current learning rate: 0.00843
2026-01-03 03:52:14.808400: train_loss 0.6436
2026-01-03 03:52:14.822771: val_loss 0.9746
2026-01-03 03:52:14.831894: val classification accuracy 0.6458
2026-01-03 03:52:14.834598: val auc 0.6155
2026-01-03 03:52:14.845033: Epoch time: 35.96 s
2026-01-03 03:52:14.847446: Yayy! New best classification accuracy: 0.6458
2026-01-03 03:52:16.230441: 
2026-01-03 03:52:16.233866: Epoch 53
2026-01-03 03:52:16.236084: Current learning rate: 0.00839
2026-01-03 03:52:55.437355: train_loss 0.6614
2026-01-03 03:52:55.441756: val_loss 0.7727
2026-01-03 03:52:55.444106: val classification accuracy 0.5417
2026-01-03 03:52:55.446388: val auc 0.625
2026-01-03 03:52:55.448614: Epoch time: 39.21 s
2026-01-03 03:52:56.187987: 
2026-01-03 03:52:56.191306: Epoch 54
2026-01-03 03:52:56.193685: Current learning rate: 0.00836
2026-01-03 03:53:35.615421: train_loss 0.6768
2026-01-03 03:53:35.659830: val_loss 1.0052
2026-01-03 03:53:35.663052: val classification accuracy 0.3958
2026-01-03 03:53:35.665503: val auc 0.4757
2026-01-03 03:53:35.667844: Epoch time: 39.43 s
2026-01-03 03:53:36.410372: 
2026-01-03 03:53:36.439866: Epoch 55
2026-01-03 03:53:36.446985: Current learning rate: 0.00833
2026-01-03 03:54:19.048927: train_loss 0.6364
2026-01-03 03:54:19.060158: val_loss 1.0342
2026-01-03 03:54:19.068277: val classification accuracy 0.5625
2026-01-03 03:54:19.078547: val auc 0.559
2026-01-03 03:54:19.094110: Epoch time: 42.64 s
2026-01-03 03:54:19.818742: 
2026-01-03 03:54:19.822278: Epoch 56
2026-01-03 03:54:19.824666: Current learning rate: 0.0083
2026-01-03 03:54:58.129184: train_loss 0.6505
2026-01-03 03:54:58.139924: val_loss 0.9651
2026-01-03 03:54:58.142497: val classification accuracy 0.5625
2026-01-03 03:54:58.144823: val auc 0.5938
2026-01-03 03:54:58.147294: Epoch time: 38.31 s
2026-01-03 03:54:58.898707: 
2026-01-03 03:54:58.901946: Epoch 57
2026-01-03 03:54:58.904101: Current learning rate: 0.00827
2026-01-03 03:55:35.674446: train_loss 0.6683
2026-01-03 03:55:35.679311: val_loss 0.7656
2026-01-03 03:55:35.682117: val classification accuracy 0.5417
2026-01-03 03:55:35.685575: val auc 0.6528
2026-01-03 03:55:35.688237: Epoch time: 36.78 s
2026-01-03 03:55:36.430209: 
2026-01-03 03:55:36.434186: Epoch 58
2026-01-03 03:55:36.436696: Current learning rate: 0.00824
2026-01-03 03:56:16.691484: train_loss 0.6465
2026-01-03 03:56:16.697742: val_loss 1.0876
2026-01-03 03:56:16.712643: val classification accuracy 0.4583
2026-01-03 03:56:16.715511: val auc 0.5347
2026-01-03 03:56:16.718319: Epoch time: 40.26 s
2026-01-03 03:56:17.474506: 
2026-01-03 03:56:17.477905: Epoch 59
2026-01-03 03:56:17.480276: Current learning rate: 0.00821
2026-01-03 03:56:57.018901: train_loss 0.6654
2026-01-03 03:56:57.028152: val_loss 0.8777
2026-01-03 03:56:57.031176: val classification accuracy 0.4167
2026-01-03 03:56:57.033697: val auc 0.4983
2026-01-03 03:56:57.055552: Epoch time: 39.55 s
2026-01-03 03:56:57.803104: 
2026-01-03 03:56:57.806321: Epoch 60
2026-01-03 03:56:57.808768: Current learning rate: 0.00818
2026-01-03 03:57:35.243301: train_loss 0.6519
2026-01-03 03:57:35.248648: val_loss 0.7554
2026-01-03 03:57:35.251733: val classification accuracy 0.625
2026-01-03 03:57:35.254573: val auc 0.638
2026-01-03 03:57:35.257951: Epoch time: 37.44 s
2026-01-03 03:57:36.022699: 
2026-01-03 03:57:36.026096: Epoch 61
2026-01-03 03:57:36.028522: Current learning rate: 0.00815
2026-01-03 03:58:14.138961: train_loss 0.6497
2026-01-03 03:58:14.142637: val_loss 1.1507
2026-01-03 03:58:14.145123: val classification accuracy 0.3333
2026-01-03 03:58:14.147532: val auc 0.4253
2026-01-03 03:58:14.168431: Epoch time: 38.12 s
2026-01-03 03:58:14.935689: 
2026-01-03 03:58:14.939217: Epoch 62
2026-01-03 03:58:14.941813: Current learning rate: 0.00812
2026-01-03 03:58:55.414253: train_loss 0.6423
2026-01-03 03:58:55.420434: val_loss 0.9259
2026-01-03 03:58:55.423234: val classification accuracy 0.5417
2026-01-03 03:58:55.425765: val auc 0.526
2026-01-03 03:58:55.428553: Epoch time: 40.48 s
2026-01-03 03:58:56.160620: 
2026-01-03 03:58:56.163861: Epoch 63
2026-01-03 03:58:56.166318: Current learning rate: 0.00809
2026-01-03 03:59:34.107633: train_loss 0.6055
2026-01-03 03:59:34.111658: val_loss 1.4878
2026-01-03 03:59:34.114388: val classification accuracy 0.5
2026-01-03 03:59:34.116949: val auc 0.5069
2026-01-03 03:59:34.119538: Epoch time: 37.95 s
2026-01-03 03:59:34.872607: 
2026-01-03 03:59:34.875756: Epoch 64
2026-01-03 03:59:34.878316: Current learning rate: 0.00806
2026-01-03 04:00:13.664777: train_loss 0.695
2026-01-03 04:00:13.669297: val_loss 0.8675
2026-01-03 04:00:13.671803: val classification accuracy 0.4583
2026-01-03 04:00:13.674076: val auc 0.3924
2026-01-03 04:00:13.676568: Epoch time: 38.79 s
2026-01-03 04:00:14.433664: 
2026-01-03 04:00:14.442055: Epoch 65
2026-01-03 04:00:14.444852: Current learning rate: 0.00803
2026-01-03 04:00:54.671434: train_loss 0.668
2026-01-03 04:00:54.675864: val_loss 0.8217
2026-01-03 04:00:54.679248: val classification accuracy 0.4167
2026-01-03 04:00:54.682424: val auc 0.4818
2026-01-03 04:00:54.685472: Epoch time: 40.24 s
2026-01-03 04:00:55.494661: 
2026-01-03 04:00:55.497788: Epoch 66
2026-01-03 04:00:55.500163: Current learning rate: 0.008
2026-01-03 04:01:34.709871: train_loss 0.6537
2026-01-03 04:01:34.740563: val_loss 0.8234
2026-01-03 04:01:34.762401: val classification accuracy 0.5
2026-01-03 04:01:34.770206: val auc 0.5
2026-01-03 04:01:34.786915: Epoch time: 39.22 s
2026-01-03 04:01:35.525529: 
2026-01-03 04:01:35.529148: Epoch 67
2026-01-03 04:01:35.531816: Current learning rate: 0.00797
2026-01-03 04:02:13.274421: train_loss 0.6265
2026-01-03 04:02:13.278697: val_loss 1.0871
2026-01-03 04:02:13.281638: val classification accuracy 0.4375
2026-01-03 04:02:13.284468: val auc 0.4219
2026-01-03 04:02:13.287529: Epoch time: 37.75 s
2026-01-03 04:02:14.061377: 
2026-01-03 04:02:14.065029: Epoch 68
2026-01-03 04:02:14.067714: Current learning rate: 0.00793
2026-01-03 04:02:54.394360: train_loss 0.6717
2026-01-03 04:02:54.406867: val_loss 0.8299
2026-01-03 04:02:54.438189: val classification accuracy 0.5208
2026-01-03 04:02:54.441266: val auc 0.5035
2026-01-03 04:02:54.444159: Epoch time: 40.33 s
2026-01-03 04:02:55.178602: 
2026-01-03 04:02:55.181930: Epoch 69
2026-01-03 04:02:55.184226: Current learning rate: 0.0079
2026-01-03 04:03:30.873753: train_loss 0.6468
2026-01-03 04:03:30.886456: val_loss 1.1228
2026-01-03 04:03:30.889402: val classification accuracy 0.3958
2026-01-03 04:03:30.892262: val auc 0.3212
2026-01-03 04:03:30.895103: Epoch time: 35.7 s
2026-01-03 04:03:31.640604: 
2026-01-03 04:03:31.644256: Epoch 70
2026-01-03 04:03:31.646670: Current learning rate: 0.00787
2026-01-03 04:04:10.070146: train_loss 0.6679
2026-01-03 04:04:10.104923: val_loss 0.6734
2026-01-03 04:04:10.126816: val classification accuracy 0.6042
2026-01-03 04:04:10.130630: val auc 0.5573
2026-01-03 04:04:10.133869: Epoch time: 38.43 s
2026-01-03 04:04:10.872025: 
2026-01-03 04:04:10.875412: Epoch 71
2026-01-03 04:04:10.877991: Current learning rate: 0.00784
2026-01-03 04:04:50.797683: train_loss 0.6243
2026-01-03 04:04:50.801863: val_loss 1.0379
2026-01-03 04:04:50.805218: val classification accuracy 0.5
2026-01-03 04:04:50.808142: val auc 0.5174
2026-01-03 04:04:50.810860: Epoch time: 39.93 s
2026-01-03 04:04:51.537073: 
2026-01-03 04:04:51.540571: Epoch 72
2026-01-03 04:04:51.543177: Current learning rate: 0.00781
2026-01-03 04:05:30.152710: train_loss 0.6428
2026-01-03 04:05:30.173032: val_loss 1.5717
2026-01-03 04:05:30.176349: val classification accuracy 0.5208
2026-01-03 04:05:30.191458: val auc 0.5
2026-01-03 04:05:30.202811: Epoch time: 38.62 s
2026-01-03 04:05:30.982069: 
2026-01-03 04:05:30.985957: Epoch 73
2026-01-03 04:05:30.988530: Current learning rate: 0.00778
2026-01-03 04:06:10.325435: train_loss 0.6687
2026-01-03 04:06:10.330389: val_loss 0.7252
2026-01-03 04:06:10.333375: val classification accuracy 0.5208
2026-01-03 04:06:10.337019: val auc 0.5816
2026-01-03 04:06:10.381313: Epoch time: 39.35 s
2026-01-03 04:06:11.135780: 
2026-01-03 04:06:11.139065: Epoch 74
2026-01-03 04:06:11.141671: Current learning rate: 0.00775
2026-01-03 04:06:49.838909: train_loss 0.6491
2026-01-03 04:06:49.843786: val_loss 1.4152
2026-01-03 04:06:49.847125: val classification accuracy 0.5625
2026-01-03 04:06:49.850276: val auc 0.5955
2026-01-03 04:06:49.853698: Epoch time: 38.7 s
2026-01-03 04:06:50.594872: 
2026-01-03 04:06:50.598521: Epoch 75
2026-01-03 04:06:50.601050: Current learning rate: 0.00772
2026-01-03 04:07:29.057764: train_loss 0.6122
2026-01-03 04:07:29.075601: val_loss 1.219
2026-01-03 04:07:29.079133: val classification accuracy 0.4583
2026-01-03 04:07:29.082428: val auc 0.4878
2026-01-03 04:07:29.085529: Epoch time: 38.46 s
2026-01-03 04:07:30.423338: 
2026-01-03 04:07:30.426503: Epoch 76
2026-01-03 04:07:30.429070: Current learning rate: 0.00769
2026-01-03 04:08:08.277684: train_loss 0.692
2026-01-03 04:08:08.282047: val_loss 0.7331
2026-01-03 04:08:08.284742: val classification accuracy 0.5625
2026-01-03 04:08:08.287184: val auc 0.6215
2026-01-03 04:08:08.289590: Epoch time: 37.86 s
2026-01-03 04:08:09.031820: 
2026-01-03 04:08:09.034921: Epoch 77
2026-01-03 04:08:09.037321: Current learning rate: 0.00766
2026-01-03 04:08:47.373419: train_loss 0.6344
2026-01-03 04:08:47.394526: val_loss 1.3026
2026-01-03 04:08:47.398518: val classification accuracy 0.4792
2026-01-03 04:08:47.401294: val auc 0.3941
2026-01-03 04:08:47.403964: Epoch time: 38.34 s
2026-01-03 04:08:48.138141: 
2026-01-03 04:08:48.141507: Epoch 78
2026-01-03 04:08:48.143988: Current learning rate: 0.00763
2026-01-03 04:09:28.871270: train_loss 0.6394
2026-01-03 04:09:28.876058: val_loss 1.4042
2026-01-03 04:09:28.879544: val classification accuracy 0.5208
2026-01-03 04:09:28.882355: val auc 0.5026
2026-01-03 04:09:28.885266: Epoch time: 40.73 s
2026-01-03 04:09:29.637005: 
2026-01-03 04:09:29.640143: Epoch 79
2026-01-03 04:09:29.642486: Current learning rate: 0.0076
2026-01-03 04:10:07.974544: train_loss 0.658
2026-01-03 04:10:07.978796: val_loss 0.8092
2026-01-03 04:10:07.981555: val classification accuracy 0.5417
2026-01-03 04:10:07.984457: val auc 0.5625
2026-01-03 04:10:07.987307: Epoch time: 38.34 s
2026-01-03 04:10:08.726028: 
2026-01-03 04:10:08.729107: Epoch 80
2026-01-03 04:10:08.732066: Current learning rate: 0.00756
2026-01-03 04:10:46.340179: train_loss 0.617
2026-01-03 04:10:46.345322: val_loss 1.2428
2026-01-03 04:10:46.348861: val classification accuracy 0.5
2026-01-03 04:10:46.351397: val auc 0.5399
2026-01-03 04:10:46.354137: Epoch time: 37.62 s
2026-01-03 04:10:47.562342: 
2026-01-03 04:10:47.566313: Epoch 81
2026-01-03 04:10:47.569087: Current learning rate: 0.00753
2026-01-03 04:11:26.698444: train_loss 0.5701
2026-01-03 04:11:26.703453: val_loss 1.33
2026-01-03 04:11:26.706663: val classification accuracy 0.4375
2026-01-03 04:11:26.709533: val auc 0.3663
2026-01-03 04:11:26.713714: Epoch time: 39.14 s
2026-01-03 04:11:27.445820: 
2026-01-03 04:11:27.449284: Epoch 82
2026-01-03 04:11:27.451652: Current learning rate: 0.0075
2026-01-03 04:12:07.979943: train_loss 0.5969
2026-01-03 04:12:08.013267: val_loss 0.8367
2026-01-03 04:12:08.035382: val classification accuracy 0.6042
2026-01-03 04:12:08.038527: val auc 0.658
2026-01-03 04:12:08.041718: Epoch time: 40.54 s
2026-01-03 04:12:08.792458: 
2026-01-03 04:12:08.796133: Epoch 83
2026-01-03 04:12:08.798656: Current learning rate: 0.00747
2026-01-03 04:12:46.005224: train_loss 0.6539
2026-01-03 04:12:46.008958: val_loss 1.0366
2026-01-03 04:12:46.011605: val classification accuracy 0.5625
2026-01-03 04:12:46.013945: val auc 0.5608
2026-01-03 04:12:46.016904: Epoch time: 37.21 s
2026-01-03 04:12:46.743376: 
2026-01-03 04:12:46.746576: Epoch 84
2026-01-03 04:12:46.749027: Current learning rate: 0.00744
2026-01-03 04:13:26.316757: train_loss 0.6614
2026-01-03 04:13:26.334619: val_loss 0.9352
2026-01-03 04:13:26.345279: val classification accuracy 0.3958
2026-01-03 04:13:26.348377: val auc 0.4288
2026-01-03 04:13:26.351450: Epoch time: 39.58 s
2026-01-03 04:13:27.072762: 
2026-01-03 04:13:27.076128: Epoch 85
2026-01-03 04:13:27.078607: Current learning rate: 0.00741
2026-01-03 04:14:05.263698: train_loss 0.644
2026-01-03 04:14:05.281666: val_loss 0.9069
2026-01-03 04:14:05.284632: val classification accuracy 0.5
2026-01-03 04:14:05.298533: val auc 0.5139
2026-01-03 04:14:05.315279: Epoch time: 38.19 s
2026-01-03 04:14:06.523288: 
2026-01-03 04:14:06.526654: Epoch 86
2026-01-03 04:14:06.529263: Current learning rate: 0.00738
2026-01-03 04:14:44.646027: train_loss 0.6331
2026-01-03 04:14:44.650027: val_loss 1.0585
2026-01-03 04:14:44.652368: val classification accuracy 0.4375
2026-01-03 04:14:44.654861: val auc 0.434
2026-01-03 04:14:44.661174: Epoch time: 38.12 s
2026-01-03 04:14:45.452640: 
2026-01-03 04:14:45.469444: Epoch 87
2026-01-03 04:14:45.476689: Current learning rate: 0.00735
2026-01-03 04:15:24.089627: train_loss 0.6482
2026-01-03 04:15:24.093840: val_loss 0.8489
2026-01-03 04:15:24.096570: val classification accuracy 0.4792
2026-01-03 04:15:24.099047: val auc 0.5208
2026-01-03 04:15:24.101721: Epoch time: 38.64 s
2026-01-03 04:15:24.833368: 
2026-01-03 04:15:24.836829: Epoch 88
2026-01-03 04:15:24.839353: Current learning rate: 0.00732
2026-01-03 04:16:00.349042: train_loss 0.6476
2026-01-03 04:16:00.359380: val_loss 1.6255
2026-01-03 04:16:00.366182: val classification accuracy 0.3958
2026-01-03 04:16:00.369936: val auc 0.3915
2026-01-03 04:16:00.373219: Epoch time: 35.52 s
2026-01-03 04:16:01.102968: 
2026-01-03 04:16:01.117737: Epoch 89
2026-01-03 04:16:01.121223: Current learning rate: 0.00729
2026-01-03 04:16:39.193428: train_loss 0.5863
2026-01-03 04:16:39.228235: val_loss 1.8992
2026-01-03 04:16:39.231404: val classification accuracy 0.4167
2026-01-03 04:16:39.234179: val auc 0.3802
2026-01-03 04:16:39.252361: Epoch time: 38.09 s
2026-01-03 04:16:39.984653: 
2026-01-03 04:16:39.987911: Epoch 90
2026-01-03 04:16:39.990289: Current learning rate: 0.00725
2026-01-03 04:17:17.254225: train_loss 0.5931
2026-01-03 04:17:17.259057: val_loss 1.2717
2026-01-03 04:17:17.261961: val classification accuracy 0.3958
2026-01-03 04:17:17.264416: val auc 0.3316
2026-01-03 04:17:17.267032: Epoch time: 37.27 s
2026-01-03 04:17:18.460866: 
2026-01-03 04:17:18.464285: Epoch 91
2026-01-03 04:17:18.468319: Current learning rate: 0.00722
2026-01-03 04:17:56.598304: train_loss 0.6161
2026-01-03 04:17:56.603534: val_loss 1.2567
2026-01-03 04:17:56.613535: val classification accuracy 0.4583
2026-01-03 04:17:56.619429: val auc 0.5729
2026-01-03 04:17:56.622173: Epoch time: 38.14 s
2026-01-03 04:17:57.415485: 
2026-01-03 04:17:57.418702: Epoch 92
2026-01-03 04:17:57.421322: Current learning rate: 0.00719
2026-01-03 04:18:35.292296: train_loss 0.6131
2026-01-03 04:18:35.296643: val_loss 1.1907
2026-01-03 04:18:35.299134: val classification accuracy 0.4583
2026-01-03 04:18:35.301717: val auc 0.5668
2026-01-03 04:18:35.304483: Epoch time: 37.88 s
2026-01-03 04:18:36.035152: 
2026-01-03 04:18:36.038417: Epoch 93
2026-01-03 04:18:36.040741: Current learning rate: 0.00716
2026-01-03 04:19:14.082126: train_loss 0.62
2026-01-03 04:19:14.099468: val_loss 0.9419
2026-01-03 04:19:14.102850: val classification accuracy 0.4792
2026-01-03 04:19:14.105826: val auc 0.4583
2026-01-03 04:19:14.108772: Epoch time: 38.05 s
2026-01-03 04:19:14.825550: 
2026-01-03 04:19:14.829199: Epoch 94
2026-01-03 04:19:14.831824: Current learning rate: 0.00713
2026-01-03 04:19:51.456066: train_loss 0.5989
2026-01-03 04:19:51.482578: val_loss 2.2167
2026-01-03 04:19:51.485889: val classification accuracy 0.3542
2026-01-03 04:19:51.488967: val auc 0.3403
2026-01-03 04:19:51.491975: Epoch time: 36.63 s
2026-01-03 04:19:52.215407: 
2026-01-03 04:19:52.218995: Epoch 95
2026-01-03 04:19:52.223099: Current learning rate: 0.0071
2026-01-03 04:20:29.791201: train_loss 0.5681
2026-01-03 04:20:29.796334: val_loss 1.5078
2026-01-03 04:20:29.798720: val classification accuracy 0.625
2026-01-03 04:20:29.800999: val auc 0.6059
2026-01-03 04:20:29.803463: Epoch time: 37.58 s
2026-01-03 04:20:31.012179: 
2026-01-03 04:20:31.015552: Epoch 96
2026-01-03 04:20:31.017905: Current learning rate: 0.00707
2026-01-03 04:21:10.148175: train_loss 0.648
2026-01-03 04:21:10.164214: val_loss 0.8598
2026-01-03 04:21:10.167576: val classification accuracy 0.5625
2026-01-03 04:21:10.170549: val auc 0.6042
2026-01-03 04:21:10.173641: Epoch time: 39.14 s
2026-01-03 04:21:10.915315: 
2026-01-03 04:21:10.918873: Epoch 97
2026-01-03 04:21:10.921436: Current learning rate: 0.00704
2026-01-03 04:21:47.893353: train_loss 0.6139
2026-01-03 04:21:47.898246: val_loss 1.3384
2026-01-03 04:21:47.901346: val classification accuracy 0.4792
2026-01-03 04:21:47.904138: val auc 0.3941
2026-01-03 04:21:47.906898: Epoch time: 36.98 s
2026-01-03 04:21:48.680285: 
2026-01-03 04:21:48.683842: Epoch 98
2026-01-03 04:21:48.686389: Current learning rate: 0.007
2026-01-03 04:22:29.472425: train_loss 0.6023
2026-01-03 04:22:29.496707: val_loss 1.2529
2026-01-03 04:22:29.504680: val classification accuracy 0.5208
2026-01-03 04:22:29.507681: val auc 0.4132
2026-01-03 04:22:29.510797: Epoch time: 40.79 s
2026-01-03 04:22:30.282489: 
2026-01-03 04:22:30.286105: Epoch 99
2026-01-03 04:22:30.289440: Current learning rate: 0.00697
2026-01-03 04:23:08.339916: train_loss 0.5982
2026-01-03 04:23:08.344100: val_loss 1.1803
2026-01-03 04:23:08.346748: val classification accuracy 0.5208
2026-01-03 04:23:08.349481: val auc 0.408
2026-01-03 04:23:08.352215: Epoch time: 38.06 s
2026-01-03 04:23:09.089594: 
2026-01-03 04:23:09.092762: Epoch 100
2026-01-03 04:23:09.095186: Current learning rate: 0.00694
2026-01-03 04:23:46.004364: train_loss 0.5877
2026-01-03 04:23:46.021107: val_loss 1.2884
2026-01-03 04:23:46.024169: val classification accuracy 0.4167
2026-01-03 04:23:46.026862: val auc 0.5017
2026-01-03 04:23:46.029619: Epoch time: 36.92 s
2026-01-03 04:23:47.233192: 
2026-01-03 04:23:47.236451: Epoch 101
2026-01-03 04:23:47.238842: Current learning rate: 0.00691
2026-01-03 04:24:29.338509: train_loss 0.6108
2026-01-03 04:24:29.342672: val_loss 1.0617
2026-01-03 04:24:29.345320: val classification accuracy 0.4375
2026-01-03 04:24:29.348320: val auc 0.3785
2026-01-03 04:24:29.350820: Epoch time: 42.11 s
2026-01-03 04:24:30.091949: 
2026-01-03 04:24:30.095434: Epoch 102
2026-01-03 04:24:30.097835: Current learning rate: 0.00688
2026-01-03 04:25:06.148914: train_loss 0.6684
2026-01-03 04:25:06.153572: val_loss 0.8287
2026-01-03 04:25:06.181444: val classification accuracy 0.5208
2026-01-03 04:25:06.185225: val auc 0.4983
2026-01-03 04:25:06.188148: Epoch time: 36.06 s
2026-01-03 04:25:06.918476: 
2026-01-03 04:25:06.921872: Epoch 103
2026-01-03 04:25:06.924400: Current learning rate: 0.00685
2026-01-03 04:25:45.918720: train_loss 0.6324
2026-01-03 04:25:45.926749: val_loss 1.6148
2026-01-03 04:25:45.930015: val classification accuracy 0.5
2026-01-03 04:25:45.934809: val auc 0.3906
2026-01-03 04:25:45.937641: Epoch time: 39.0 s
2026-01-03 04:25:46.693927: 
2026-01-03 04:25:46.697206: Epoch 104
2026-01-03 04:25:46.699691: Current learning rate: 0.00682
2026-01-03 04:26:23.723430: train_loss 0.6412
2026-01-03 04:26:23.736107: val_loss 1.0149
2026-01-03 04:26:23.739537: val classification accuracy 0.4583
2026-01-03 04:26:23.742572: val auc 0.4931
2026-01-03 04:26:23.745629: Epoch time: 37.03 s
2026-01-03 04:26:23.748486: Early stopping triggered at epoch 104. Best val_losses=0.6615
2026-01-03 04:26:24.504363: Stopping training early due to early stopping criterion.
2026-01-03 04:26:25.212317: Training done.
2026-01-03 04:26:25.226579: Skipping perform_actual_validation for classification trainer (segmentation-style sliding window is not applicable).
[1;34mwandb[0m: 
[1;34mwandb[0m: 🚀 View run [33mDenseNetTrainer_ep300_NoMirroring_x2_fold6[0m at: [34m[0m
[1;34mwandb[0m: Find logs at: [1;35m../../tmp/wandb/wandb/run-20260103_031642-j5t3ghcv/logs[0m
