Using device: cuda:0

#######################################################################
Please cite the following paper when using nnU-Net:
Isensee, F., Jaeger, P. F., Kohl, S. A., Petersen, J., & Maier-Hein, K. H. (2021). nnU-Net: a self-configuring method for deep learning-based biomedical image segmentation. Nature methods, 18(2), 203-211.
#######################################################################

2026-01-03 10:09:56.776915: Using torch.compile...
2026-01-03 10:10:02.374604: do_dummy_2d_data_aug: False
2026-01-03 10:10:02.378345: Using splits from existing split file: /hpf/projects/jquon/sumin/nnUNet_data/nnUNet_preprocessed/Dataset033_AVM_T1+C/splits_final.json
2026-01-03 10:10:02.381701: The split file contains 11 splits.
2026-01-03 10:10:02.383397: Desired fold for training: 10
2026-01-03 10:10:02.384988: This split has 472 training and 40 validation cases.
using pin_memory on device 0
using pin_memory on device 0

This is the configuration used by this training:
Configuration name: 3d_fullres
 {'data_identifier': 'nnUNetPlans_3d_fullres', 'preprocessor_name': 'DefaultPreprocessor', 'batch_size': 2, 'patch_size': [160, 224, 192], 'median_image_size_in_voxels': [344.0, 448.0, 429.0], 'spacing': [0.500000923871994, 0.4910714328289032, 0.4910714328289032], 'normalization_schemes': ['ZScoreNormalization'], 'use_mask_for_norm': [False], 'resampling_fn_data': 'resample_data_or_seg_to_shape', 'resampling_fn_seg': 'resample_data_or_seg_to_shape', 'resampling_fn_data_kwargs': {'is_seg': False, 'order': 3, 'order_z': 0, 'force_separate_z': None}, 'resampling_fn_seg_kwargs': {'is_seg': True, 'order': 1, 'order_z': 0, 'force_separate_z': None}, 'resampling_fn_probabilities': 'resample_data_or_seg_to_shape', 'resampling_fn_probabilities_kwargs': {'is_seg': False, 'order': 1, 'order_z': 0, 'force_separate_z': None}, 'architecture': {'network_class_name': 'dynamic_network_architectures.architectures.unet.ResidualEncoderUNet', 'arch_kwargs': {'n_stages': 6, 'features_per_stage': [32, 64, 128, 256, 320, 320], 'conv_op': 'torch.nn.modules.conv.Conv3d', 'kernel_sizes': [[3, 3, 3], [3, 3, 3], [3, 3, 3], [3, 3, 3], [3, 3, 3], [3, 3, 3]], 'strides': [[1, 1, 1], [2, 2, 2], [2, 2, 2], [2, 2, 2], [2, 2, 2], [2, 2, 2]], 'n_blocks_per_stage': [1, 3, 4, 6, 6, 6], 'n_conv_per_stage_decoder': [1, 1, 1, 1, 1], 'conv_bias': True, 'norm_op': 'torch.nn.modules.instancenorm.InstanceNorm3d', 'norm_op_kwargs': {'eps': 1e-05, 'affine': True}, 'dropout_op': None, 'dropout_op_kwargs': None, 'nonlin': 'torch.nn.LeakyReLU', 'nonlin_kwargs': {'inplace': True}}, '_kw_requires_import': ['conv_op', 'norm_op', 'dropout_op', 'nonlin']}, 'batch_dice': True} 

These are the global plan.json settings:
 {'dataset_name': 'Dataset033_AVM_T1+C', 'plans_name': 'nnUNetResEncUNetLPlans', 'original_median_spacing_after_transp': [0.500000923871994, 0.4910714328289032, 0.4910714328289032], 'original_median_shape_after_transp': [330, 448, 424], 'image_reader_writer': 'SimpleITKIO', 'transpose_forward': [0, 1, 2], 'transpose_backward': [0, 1, 2], 'experiment_planner_used': 'nnUNetPlannerResEncL', 'label_manager': 'LabelManager', 'foreground_intensity_properties_per_channel': {'0': {'max': 12113.0, 'mean': 449.843505859375, 'median': 311.0, 'min': 0.0, 'percentile_00_5': 34.0, 'percentile_99_5': 3202.0, 'std': 471.56329345703125}}} 

2026-01-03 10:10:04.506124: Unable to plot network architecture: nnUNet_compile is enabled!
2026-01-03 10:10:04.521495: 
2026-01-03 10:10:04.553612: Epoch 0
2026-01-03 10:10:04.556559: Current learning rate: 0.01
2026-01-03 10:11:15.637002: train_loss 1.8207
2026-01-03 10:11:15.640799: val_loss 46.1437
2026-01-03 10:11:15.642787: val classification accuracy 0.425
2026-01-03 10:11:15.645597: val auc 0.4338
2026-01-03 10:11:15.647727: Epoch time: 71.12 s
2026-01-03 10:11:15.649468: Yayy! New best EMA pseudo Dice: 0.4338
2026-01-03 10:11:16.373160: Yayy! New best classification accuracy: 0.425
2026-01-03 10:11:17.864366: 
2026-01-03 10:11:17.866893: Epoch 1
2026-01-03 10:11:17.868854: Current learning rate: 0.00997
2026-01-03 10:11:57.495571: train_loss 2.1678
2026-01-03 10:11:57.498771: val_loss 22.3861
2026-01-03 10:11:57.500792: val classification accuracy 0.375
2026-01-03 10:11:57.502883: val auc 0.42
2026-01-03 10:11:57.504856: Epoch time: 39.63 s
2026-01-03 10:11:58.237945: 
2026-01-03 10:11:58.240332: Epoch 2
2026-01-03 10:11:58.242056: Current learning rate: 0.00994
2026-01-03 10:12:37.224168: train_loss 1.6624
2026-01-03 10:12:37.228487: val_loss 5.6002
2026-01-03 10:12:37.230422: val classification accuracy 0.45
2026-01-03 10:12:37.232276: val auc 0.5825
2026-01-03 10:12:37.234189: Epoch time: 38.99 s
2026-01-03 10:12:37.235755: Yayy! New best EMA pseudo Dice: 0.5825
2026-01-03 10:12:37.899743: Yayy! New best classification accuracy: 0.45
2026-01-03 10:12:39.534888: 
2026-01-03 10:12:39.537057: Epoch 3
2026-01-03 10:12:39.538730: Current learning rate: 0.00991
2026-01-03 10:13:16.912658: train_loss 0.8836
2026-01-03 10:13:16.916781: val_loss 2.0715
2026-01-03 10:13:16.918968: val classification accuracy 0.55
2026-01-03 10:13:16.920950: val auc 0.5825
2026-01-03 10:13:16.922866: Epoch time: 37.38 s
2026-01-03 10:13:16.924558: Yayy! New best classification accuracy: 0.55
2026-01-03 10:13:18.436185: 
2026-01-03 10:13:18.439152: Epoch 4
2026-01-03 10:13:18.441357: Current learning rate: 0.00988
2026-01-03 10:13:57.674964: train_loss 0.7765
2026-01-03 10:13:57.686377: val_loss 1.3388
2026-01-03 10:13:57.689052: val classification accuracy 0.5
2026-01-03 10:13:57.691344: val auc 0.41
2026-01-03 10:13:57.703976: Epoch time: 39.24 s
2026-01-03 10:13:58.473047: 
2026-01-03 10:13:58.476332: Epoch 5
2026-01-03 10:13:58.478622: Current learning rate: 0.00985
2026-01-03 10:14:39.359412: train_loss 0.7109
2026-01-03 10:14:39.362994: val_loss 2.59
2026-01-03 10:14:39.364792: val classification accuracy 0.6
2026-01-03 10:14:39.366613: val auc 0.5975
2026-01-03 10:14:39.368546: Epoch time: 40.89 s
2026-01-03 10:14:39.370217: Yayy! New best EMA pseudo Dice: 0.5975
2026-01-03 10:14:40.096639: Yayy! New best classification accuracy: 0.6
2026-01-03 10:14:41.551787: 
2026-01-03 10:14:41.557230: Epoch 6
2026-01-03 10:14:41.559351: Current learning rate: 0.00982
2026-01-03 10:15:17.008782: train_loss 0.7042
2026-01-03 10:15:17.014526: val_loss 13.2244
2026-01-03 10:15:17.017154: val classification accuracy 0.475
2026-01-03 10:15:17.035619: val auc 0.315
2026-01-03 10:15:17.037944: Epoch time: 35.46 s
2026-01-03 10:15:17.785509: 
2026-01-03 10:15:17.787865: Epoch 7
2026-01-03 10:15:17.789737: Current learning rate: 0.00979
2026-01-03 10:15:58.210977: train_loss 0.7081
2026-01-03 10:15:58.230796: val_loss 1.1137
2026-01-03 10:15:58.233733: val classification accuracy 0.475
2026-01-03 10:15:58.236225: val auc 0.3713
2026-01-03 10:15:58.238264: Epoch time: 40.43 s
2026-01-03 10:15:58.990980: 
2026-01-03 10:15:58.993657: Epoch 8
2026-01-03 10:15:58.995823: Current learning rate: 0.00976
2026-01-03 10:16:36.570990: train_loss 0.6991
2026-01-03 10:16:36.576542: val_loss 2.344
2026-01-03 10:16:36.578791: val classification accuracy 0.425
2026-01-03 10:16:36.581017: val auc 0.3588
2026-01-03 10:16:36.583146: Epoch time: 37.58 s
2026-01-03 10:16:37.320760: 
2026-01-03 10:16:37.323686: Epoch 9
2026-01-03 10:16:37.326002: Current learning rate: 0.00973
2026-01-03 10:17:16.193047: train_loss 0.6935
2026-01-03 10:17:16.198260: val_loss 4.5817
2026-01-03 10:17:16.207975: val classification accuracy 0.45
2026-01-03 10:17:16.210094: val auc 0.395
2026-01-03 10:17:16.212543: Epoch time: 38.87 s
2026-01-03 10:17:16.969066: 
2026-01-03 10:17:16.971635: Epoch 10
2026-01-03 10:17:16.973546: Current learning rate: 0.0097
2026-01-03 10:17:53.493074: train_loss 0.6847
2026-01-03 10:17:53.507086: val_loss 1.4403
2026-01-03 10:17:53.509615: val classification accuracy 0.425
2026-01-03 10:17:53.512016: val auc 0.275
2026-01-03 10:17:53.514390: Epoch time: 36.53 s
2026-01-03 10:17:54.258062: 
2026-01-03 10:17:54.261729: Epoch 11
2026-01-03 10:17:54.264081: Current learning rate: 0.00967
2026-01-03 10:18:32.347618: train_loss 0.6719
2026-01-03 10:18:32.351480: val_loss 1.8875
2026-01-03 10:18:32.354188: val classification accuracy 0.475
2026-01-03 10:18:32.356954: val auc 0.5362
2026-01-03 10:18:32.359543: Epoch time: 38.09 s
2026-01-03 10:18:33.083872: 
2026-01-03 10:18:33.086810: Epoch 12
2026-01-03 10:18:33.092979: Current learning rate: 0.00964
2026-01-03 10:19:12.040333: train_loss 0.6929
2026-01-03 10:19:12.051865: val_loss 1.2187
2026-01-03 10:19:12.054607: val classification accuracy 0.525
2026-01-03 10:19:12.089136: val auc 0.3575
2026-01-03 10:19:12.099386: Epoch time: 38.96 s
2026-01-03 10:19:12.872457: 
2026-01-03 10:19:12.875430: Epoch 13
2026-01-03 10:19:12.877773: Current learning rate: 0.00961
2026-01-03 10:19:51.057645: train_loss 0.6762
2026-01-03 10:19:51.072167: val_loss 1.0454
2026-01-03 10:19:51.074594: val classification accuracy 0.525
2026-01-03 10:19:51.076844: val auc 0.4013
2026-01-03 10:19:51.079225: Epoch time: 38.19 s
2026-01-03 10:19:51.846563: 
2026-01-03 10:19:51.849604: Epoch 14
2026-01-03 10:19:51.852020: Current learning rate: 0.00958
2026-01-03 10:20:28.769784: train_loss 0.6866
2026-01-03 10:20:28.812079: val_loss 2.7532
2026-01-03 10:20:28.817110: val classification accuracy 0.375
2026-01-03 10:20:28.820212: val auc 0.3513
2026-01-03 10:20:28.855169: Epoch time: 36.92 s
2026-01-03 10:20:29.584383: 
2026-01-03 10:20:29.587805: Epoch 15
2026-01-03 10:20:29.590185: Current learning rate: 0.00955
2026-01-03 10:21:07.090708: train_loss 0.6807
2026-01-03 10:21:07.120617: val_loss 1.2588
2026-01-03 10:21:07.127139: val classification accuracy 0.5
2026-01-03 10:21:07.129463: val auc 0.4925
2026-01-03 10:21:07.132278: Epoch time: 37.51 s
2026-01-03 10:21:07.866227: 
2026-01-03 10:21:07.869327: Epoch 16
2026-01-03 10:21:07.871802: Current learning rate: 0.00952
2026-01-03 10:21:48.749652: train_loss 0.6927
2026-01-03 10:21:48.754946: val_loss 3.8137
2026-01-03 10:21:48.758402: val classification accuracy 0.525
2026-01-03 10:21:48.761213: val auc 0.4475
2026-01-03 10:21:48.764526: Epoch time: 40.89 s
2026-01-03 10:21:49.535779: 
2026-01-03 10:21:49.538621: Epoch 17
2026-01-03 10:21:49.540815: Current learning rate: 0.00949
2026-01-03 10:22:30.944624: train_loss 0.6791
2026-01-03 10:22:30.949602: val_loss 2.635
2026-01-03 10:22:30.952621: val classification accuracy 0.5
2026-01-03 10:22:30.955259: val auc 0.4038
2026-01-03 10:22:30.957720: Epoch time: 41.41 s
2026-01-03 10:22:31.711765: 
2026-01-03 10:22:31.715022: Epoch 18
2026-01-03 10:22:31.717312: Current learning rate: 0.00946
2026-01-03 10:23:10.148929: train_loss 0.6952
2026-01-03 10:23:10.160151: val_loss 1.1644
2026-01-03 10:23:10.163436: val classification accuracy 0.55
2026-01-03 10:23:10.175787: val auc 0.415
2026-01-03 10:23:10.184140: Epoch time: 38.44 s
2026-01-03 10:23:10.936148: 
2026-01-03 10:23:10.939231: Epoch 19
2026-01-03 10:23:10.941533: Current learning rate: 0.00943
2026-01-03 10:23:48.937087: train_loss 0.6829
2026-01-03 10:23:48.961092: val_loss 1.8707
2026-01-03 10:23:48.963801: val classification accuracy 0.525
2026-01-03 10:23:48.968786: val auc 0.4812
2026-01-03 10:23:48.971640: Epoch time: 38.0 s
2026-01-03 10:23:49.739263: Saved periodic checkpoint /hpf/projects/jquon/sumin/nnUNet_data/nnUNet_results/Dataset033_AVM_T1+C/DenseNetTrainer_ep300_NoMirroring_x2__nnUNetResEncUNetLPlans__3d_fullres/fold_10/checkpoint_every20_best_balacc.pth at epoch 19 with val_balanced_accuracy=0.5250
2026-01-03 10:23:50.437931: Saved periodic checkpoint /hpf/projects/jquon/sumin/nnUNet_data/nnUNet_results/Dataset033_AVM_T1+C/DenseNetTrainer_ep300_NoMirroring_x2__nnUNetResEncUNetLPlans__3d_fullres/fold_10/checkpoint_every20_best_auroc.pth at epoch 19 with val_auc=0.4812
2026-01-03 10:23:51.136558: 
2026-01-03 10:23:51.139615: Epoch 20
2026-01-03 10:23:51.142034: Current learning rate: 0.0094
2026-01-03 10:24:30.128731: train_loss 0.6933
2026-01-03 10:24:30.134179: val_loss 0.8673
2026-01-03 10:24:30.137286: val classification accuracy 0.5
2026-01-03 10:24:30.140261: val auc 0.5075
2026-01-03 10:24:30.143109: Epoch time: 38.99 s
2026-01-03 10:24:30.919917: 
2026-01-03 10:24:30.923077: Epoch 21
2026-01-03 10:24:30.925292: Current learning rate: 0.00937
2026-01-03 10:25:10.382815: train_loss 0.682
2026-01-03 10:25:10.388727: val_loss 3.0125
2026-01-03 10:25:10.391250: val classification accuracy 0.45
2026-01-03 10:25:10.393888: val auc 0.295
2026-01-03 10:25:10.396404: Epoch time: 39.46 s
2026-01-03 10:25:11.123955: 
2026-01-03 10:25:11.127205: Epoch 22
2026-01-03 10:25:11.129422: Current learning rate: 0.00934
2026-01-03 10:25:48.229401: train_loss 0.6752
2026-01-03 10:25:48.284914: val_loss 1.6598
2026-01-03 10:25:48.296581: val classification accuracy 0.475
2026-01-03 10:25:48.300655: val auc 0.4075
2026-01-03 10:25:48.334661: Epoch time: 37.11 s
2026-01-03 10:25:49.606189: 
2026-01-03 10:25:49.609629: Epoch 23
2026-01-03 10:25:49.612052: Current learning rate: 0.00931
2026-01-03 10:26:30.523778: train_loss 0.6806
2026-01-03 10:26:30.530167: val_loss 0.8157
2026-01-03 10:26:30.533543: val classification accuracy 0.5
2026-01-03 10:26:30.540084: val auc 0.4362
2026-01-03 10:26:30.542922: Epoch time: 40.92 s
2026-01-03 10:26:31.292755: 
2026-01-03 10:26:31.296219: Epoch 24
2026-01-03 10:26:31.298671: Current learning rate: 0.00928
2026-01-03 10:27:10.539791: train_loss 0.7029
2026-01-03 10:27:10.547441: val_loss 2.0447
2026-01-03 10:27:10.550291: val classification accuracy 0.45
2026-01-03 10:27:10.552894: val auc 0.4475
2026-01-03 10:27:10.555308: Epoch time: 39.25 s
2026-01-03 10:27:11.348908: 
2026-01-03 10:27:11.352594: Epoch 25
2026-01-03 10:27:11.355084: Current learning rate: 0.00925
2026-01-03 10:27:46.828653: train_loss 0.693
2026-01-03 10:27:46.834947: val_loss 0.9689
2026-01-03 10:27:46.837889: val classification accuracy 0.45
2026-01-03 10:27:46.840623: val auc 0.265
2026-01-03 10:27:46.843476: Epoch time: 35.48 s
2026-01-03 10:27:47.579038: 
2026-01-03 10:27:47.582724: Epoch 26
2026-01-03 10:27:47.585447: Current learning rate: 0.00922
2026-01-03 10:28:29.224948: train_loss 0.6696
2026-01-03 10:28:29.230846: val_loss 1.7199
2026-01-03 10:28:29.233843: val classification accuracy 0.525
2026-01-03 10:28:29.236780: val auc 0.3025
2026-01-03 10:28:29.239469: Epoch time: 41.65 s
2026-01-03 10:28:30.003489: 
2026-01-03 10:28:30.006494: Epoch 27
2026-01-03 10:28:30.008519: Current learning rate: 0.00919
2026-01-03 10:29:09.262191: train_loss 0.6973
2026-01-03 10:29:09.280962: val_loss 2.0205
2026-01-03 10:29:09.284189: val classification accuracy 0.45
2026-01-03 10:29:09.286943: val auc 0.4225
2026-01-03 10:29:09.289912: Epoch time: 39.26 s
2026-01-03 10:29:10.068437: 
2026-01-03 10:29:10.071376: Epoch 28
2026-01-03 10:29:10.073756: Current learning rate: 0.00916
2026-01-03 10:29:45.426309: train_loss 0.6859
2026-01-03 10:29:45.436144: val_loss 3.4246
2026-01-03 10:29:45.439435: val classification accuracy 0.35
2026-01-03 10:29:45.442531: val auc 0.3588
2026-01-03 10:29:45.445268: Epoch time: 35.36 s
2026-01-03 10:29:46.221020: 
2026-01-03 10:29:46.224898: Epoch 29
2026-01-03 10:29:46.227435: Current learning rate: 0.00913
2026-01-03 10:30:25.222063: train_loss 0.7035
2026-01-03 10:30:25.230837: val_loss 1.54
2026-01-03 10:30:25.233674: val classification accuracy 0.425
2026-01-03 10:30:25.236495: val auc 0.1788
2026-01-03 10:30:25.239191: Epoch time: 39.0 s
2026-01-03 10:30:25.986590: 
2026-01-03 10:30:25.990011: Epoch 30
2026-01-03 10:30:25.992520: Current learning rate: 0.0091
2026-01-03 10:31:04.021858: train_loss 0.6835
2026-01-03 10:31:04.027967: val_loss 1.6661
2026-01-03 10:31:04.030798: val classification accuracy 0.45
2026-01-03 10:31:04.033588: val auc 0.305
2026-01-03 10:31:04.036516: Epoch time: 38.04 s
2026-01-03 10:31:04.793397: 
2026-01-03 10:31:04.796577: Epoch 31
2026-01-03 10:31:04.799076: Current learning rate: 0.00907
2026-01-03 10:31:44.192608: train_loss 0.6669
2026-01-03 10:31:44.198101: val_loss 1.2369
2026-01-03 10:31:44.201352: val classification accuracy 0.475
2026-01-03 10:31:44.204413: val auc 0.37
2026-01-03 10:31:44.207165: Epoch time: 39.4 s
2026-01-03 10:31:44.949675: 
2026-01-03 10:31:44.953609: Epoch 32
2026-01-03 10:31:44.956210: Current learning rate: 0.00903
2026-01-03 10:32:25.374937: train_loss 0.6894
2026-01-03 10:32:25.385516: val_loss 2.194
2026-01-03 10:32:25.388425: val classification accuracy 0.5
2026-01-03 10:32:25.394920: val auc 0.365
2026-01-03 10:32:25.398256: Epoch time: 40.43 s
2026-01-03 10:32:26.148693: 
2026-01-03 10:32:26.152135: Epoch 33
2026-01-03 10:32:26.154428: Current learning rate: 0.009
2026-01-03 10:33:06.853116: train_loss 0.6767
2026-01-03 10:33:06.857169: val_loss 2.8493
2026-01-03 10:33:06.859718: val classification accuracy 0.5
2026-01-03 10:33:06.899591: val auc 0.4625
2026-01-03 10:33:06.902742: Epoch time: 40.71 s
2026-01-03 10:33:07.645432: 
2026-01-03 10:33:07.648715: Epoch 34
2026-01-03 10:33:07.651401: Current learning rate: 0.00897
2026-01-03 10:33:46.218663: train_loss 0.6817
2026-01-03 10:33:46.223666: val_loss 1.4603
2026-01-03 10:33:46.226535: val classification accuracy 0.475
2026-01-03 10:33:46.229761: val auc 0.2975
2026-01-03 10:33:46.232454: Epoch time: 38.57 s
2026-01-03 10:33:46.948776: 
2026-01-03 10:33:46.952184: Epoch 35
2026-01-03 10:33:46.954818: Current learning rate: 0.00894
2026-01-03 10:34:24.033866: train_loss 0.6705
2026-01-03 10:34:24.038847: val_loss 4.1707
2026-01-03 10:34:24.041805: val classification accuracy 0.35
2026-01-03 10:34:24.046130: val auc 0.3062
2026-01-03 10:34:24.048892: Epoch time: 37.09 s
2026-01-03 10:34:24.772593: 
2026-01-03 10:34:24.775768: Epoch 36
2026-01-03 10:34:24.778612: Current learning rate: 0.00891
2026-01-03 10:35:01.746096: train_loss 0.6656
2026-01-03 10:35:01.787641: val_loss 2.1002
2026-01-03 10:35:01.812777: val classification accuracy 0.475
2026-01-03 10:35:01.823434: val auc 0.4462
2026-01-03 10:35:01.827684: Epoch time: 36.98 s
2026-01-03 10:35:02.579229: 
2026-01-03 10:35:02.582550: Epoch 37
2026-01-03 10:35:02.585181: Current learning rate: 0.00888
2026-01-03 10:35:40.309217: train_loss 0.6916
2026-01-03 10:35:40.313591: val_loss 1.5239
2026-01-03 10:35:40.316579: val classification accuracy 0.625
2026-01-03 10:35:40.319252: val auc 0.5738
2026-01-03 10:35:40.321726: Epoch time: 37.73 s
2026-01-03 10:35:40.360147: Yayy! New best classification accuracy: 0.625
2026-01-03 10:35:41.780215: 
2026-01-03 10:35:41.783907: Epoch 38
2026-01-03 10:35:41.786353: Current learning rate: 0.00885
2026-01-03 10:36:20.832901: train_loss 0.6918
2026-01-03 10:36:20.837652: val_loss 0.9699
2026-01-03 10:36:20.839966: val classification accuracy 0.575
2026-01-03 10:36:20.842257: val auc 0.3025
2026-01-03 10:36:20.844991: Epoch time: 39.05 s
2026-01-03 10:36:21.591038: 
2026-01-03 10:36:21.594183: Epoch 39
2026-01-03 10:36:21.596642: Current learning rate: 0.00882
2026-01-03 10:37:00.721494: train_loss 0.6777
2026-01-03 10:37:00.726087: val_loss 0.8362
2026-01-03 10:37:00.737399: val classification accuracy 0.4
2026-01-03 10:37:00.740299: val auc 0.235
2026-01-03 10:37:00.742819: Epoch time: 39.13 s
2026-01-03 10:37:01.536930: 
2026-01-03 10:37:01.540336: Epoch 40
2026-01-03 10:37:01.542866: Current learning rate: 0.00879
2026-01-03 10:37:39.254715: train_loss 0.67
2026-01-03 10:37:39.268789: val_loss 1.1541
2026-01-03 10:37:39.271528: val classification accuracy 0.6
2026-01-03 10:37:39.275223: val auc 0.3725
2026-01-03 10:37:39.280494: Epoch time: 37.72 s
2026-01-03 10:37:40.005375: 
2026-01-03 10:37:40.008317: Epoch 41
2026-01-03 10:37:40.010758: Current learning rate: 0.00876
2026-01-03 10:38:18.604799: train_loss 0.6721
2026-01-03 10:38:18.623894: val_loss 0.867
2026-01-03 10:38:18.626722: val classification accuracy 0.6
2026-01-03 10:38:18.629432: val auc 0.4625
2026-01-03 10:38:18.632290: Epoch time: 38.6 s
2026-01-03 10:38:19.362287: 
2026-01-03 10:38:19.365356: Epoch 42
2026-01-03 10:38:19.367545: Current learning rate: 0.00873
2026-01-03 10:38:59.195012: train_loss 0.6365
2026-01-03 10:38:59.203593: val_loss 1.4282
2026-01-03 10:38:59.206200: val classification accuracy 0.55
2026-01-03 10:38:59.208527: val auc 0.39
2026-01-03 10:38:59.211732: Epoch time: 39.83 s
2026-01-03 10:38:59.959230: 
2026-01-03 10:38:59.962702: Epoch 43
2026-01-03 10:38:59.965249: Current learning rate: 0.0087
2026-01-03 10:39:37.188008: train_loss 0.6496
2026-01-03 10:39:37.192501: val_loss 1.0515
2026-01-03 10:39:37.195040: val classification accuracy 0.65
2026-01-03 10:39:37.206625: val auc 0.5425
2026-01-03 10:39:37.232598: Epoch time: 37.23 s
2026-01-03 10:39:37.235461: Yayy! New best classification accuracy: 0.65
2026-01-03 10:39:38.623248: 
2026-01-03 10:39:38.626286: Epoch 44
2026-01-03 10:39:38.628681: Current learning rate: 0.00867
2026-01-03 10:40:17.385912: train_loss 0.6975
2026-01-03 10:40:17.390481: val_loss 0.7259
2026-01-03 10:40:17.393041: val classification accuracy 0.5
2026-01-03 10:40:17.395762: val auc 0.505
2026-01-03 10:40:17.398111: Epoch time: 38.76 s
2026-01-03 10:40:18.220832: 
2026-01-03 10:40:18.223925: Epoch 45
2026-01-03 10:40:18.226523: Current learning rate: 0.00864
2026-01-03 10:40:56.424502: train_loss 0.6673
2026-01-03 10:40:56.448014: val_loss 0.9881
2026-01-03 10:40:56.474668: val classification accuracy 0.45
2026-01-03 10:40:56.477789: val auc 0.345
2026-01-03 10:40:56.510673: Epoch time: 38.21 s
2026-01-03 10:40:57.239741: 
2026-01-03 10:40:57.243258: Epoch 46
2026-01-03 10:40:57.245712: Current learning rate: 0.00861
2026-01-03 10:41:35.383981: train_loss 0.6676
2026-01-03 10:41:35.397520: val_loss 1.9685
2026-01-03 10:41:35.412985: val classification accuracy 0.5
2026-01-03 10:41:35.415668: val auc 0.4162
2026-01-03 10:41:35.418313: Epoch time: 38.15 s
2026-01-03 10:41:36.704088: 
2026-01-03 10:41:36.707490: Epoch 47
2026-01-03 10:41:36.709669: Current learning rate: 0.00858
2026-01-03 10:42:15.395940: train_loss 0.662
2026-01-03 10:42:15.401226: val_loss 1.7238
2026-01-03 10:42:15.406122: val classification accuracy 0.475
2026-01-03 10:42:15.408841: val auc 0.4262
2026-01-03 10:42:15.411547: Epoch time: 38.69 s
2026-01-03 10:42:16.219975: 
2026-01-03 10:42:16.224164: Epoch 48
2026-01-03 10:42:16.226778: Current learning rate: 0.00855
2026-01-03 10:42:52.292894: train_loss 0.6781
2026-01-03 10:42:52.304931: val_loss 3.6312
2026-01-03 10:42:52.308070: val classification accuracy 0.55
2026-01-03 10:42:52.311017: val auc 0.45
2026-01-03 10:42:52.313821: Epoch time: 36.07 s
2026-01-03 10:42:53.061122: 
2026-01-03 10:42:53.064509: Epoch 49
2026-01-03 10:42:53.066933: Current learning rate: 0.00852
2026-01-03 10:43:32.670593: train_loss 0.6706
2026-01-03 10:43:32.674910: val_loss 3.2994
2026-01-03 10:43:32.677686: val classification accuracy 0.45
2026-01-03 10:43:32.681722: val auc 0.3875
2026-01-03 10:43:32.693989: Epoch time: 39.61 s
2026-01-03 10:43:33.464305: 
2026-01-03 10:43:33.467405: Epoch 50
2026-01-03 10:43:33.470029: Current learning rate: 0.00849
2026-01-03 10:44:11.584901: train_loss 0.6518
2026-01-03 10:44:11.595565: val_loss 1.6472
2026-01-03 10:44:11.598760: val classification accuracy 0.475
2026-01-03 10:44:11.601480: val auc 0.3775
2026-01-03 10:44:11.604197: Epoch time: 38.12 s
2026-01-03 10:44:12.360738: 
2026-01-03 10:44:12.363899: Epoch 51
2026-01-03 10:44:12.366230: Current learning rate: 0.00846
2026-01-03 10:44:50.491345: train_loss 0.6535
2026-01-03 10:44:50.496031: val_loss 1.3798
2026-01-03 10:44:50.508561: val classification accuracy 0.5
2026-01-03 10:44:50.511439: val auc 0.3687
2026-01-03 10:44:50.514186: Epoch time: 38.13 s
2026-01-03 10:44:51.833598: 
2026-01-03 10:44:51.837055: Epoch 52
2026-01-03 10:44:51.839305: Current learning rate: 0.00843
2026-01-03 10:45:28.899936: train_loss 0.6624
2026-01-03 10:45:28.909017: val_loss 1.1183
2026-01-03 10:45:28.911657: val classification accuracy 0.45
2026-01-03 10:45:28.914407: val auc 0.3112
2026-01-03 10:45:28.917307: Epoch time: 37.07 s
2026-01-03 10:45:29.663132: 
2026-01-03 10:45:29.666263: Epoch 53
2026-01-03 10:45:29.668587: Current learning rate: 0.00839
2026-01-03 10:46:10.675820: train_loss 0.679
2026-01-03 10:46:10.685285: val_loss 2.0821
2026-01-03 10:46:10.695446: val classification accuracy 0.45
2026-01-03 10:46:10.698555: val auc 0.2075
2026-01-03 10:46:10.702496: Epoch time: 41.01 s
2026-01-03 10:46:11.455184: 
2026-01-03 10:46:11.459002: Epoch 54
2026-01-03 10:46:11.461565: Current learning rate: 0.00836
2026-01-03 10:46:49.508855: train_loss 0.6639
2026-01-03 10:46:49.513289: val_loss 1.4181
2026-01-03 10:46:49.530303: val classification accuracy 0.4
2026-01-03 10:46:49.532828: val auc 0.17
2026-01-03 10:46:49.535677: Epoch time: 38.06 s
2026-01-03 10:46:50.256223: 
2026-01-03 10:46:50.259537: Epoch 55
2026-01-03 10:46:50.262145: Current learning rate: 0.00833
2026-01-03 10:47:28.733272: train_loss 0.6756
2026-01-03 10:47:28.738174: val_loss 1.3365
2026-01-03 10:47:28.782073: val classification accuracy 0.425
2026-01-03 10:47:28.784784: val auc 0.4025
2026-01-03 10:47:28.787145: Epoch time: 38.48 s
2026-01-03 10:47:29.502071: 
2026-01-03 10:47:29.505413: Epoch 56
2026-01-03 10:47:29.508012: Current learning rate: 0.0083
2026-01-03 10:48:07.522521: train_loss 0.6735
2026-01-03 10:48:07.527376: val_loss 1.7964
2026-01-03 10:48:07.555508: val classification accuracy 0.55
2026-01-03 10:48:07.558755: val auc 0.42
2026-01-03 10:48:07.561378: Epoch time: 38.02 s
2026-01-03 10:48:08.753991: 
2026-01-03 10:48:08.757035: Epoch 57
2026-01-03 10:48:08.759326: Current learning rate: 0.00827
2026-01-03 10:48:46.353225: train_loss 0.6145
2026-01-03 10:48:46.406443: val_loss 0.8916
2026-01-03 10:48:46.410128: val classification accuracy 0.55
2026-01-03 10:48:46.418378: val auc 0.57
2026-01-03 10:48:46.430209: Epoch time: 37.6 s
2026-01-03 10:48:47.147624: 
2026-01-03 10:48:47.150964: Epoch 58
2026-01-03 10:48:47.153382: Current learning rate: 0.00824
2026-01-03 10:49:26.296966: train_loss 0.6523
2026-01-03 10:49:26.319133: val_loss 1.4984
2026-01-03 10:49:26.321610: val classification accuracy 0.55
2026-01-03 10:49:26.324178: val auc 0.41
2026-01-03 10:49:26.329305: Epoch time: 39.15 s
2026-01-03 10:49:27.079966: 
2026-01-03 10:49:27.083061: Epoch 59
2026-01-03 10:49:27.085706: Current learning rate: 0.00821
2026-01-03 10:50:06.603227: train_loss 0.6465
2026-01-03 10:50:06.607168: val_loss 7.1692
2026-01-03 10:50:06.610536: val classification accuracy 0.475
2026-01-03 10:50:06.613214: val auc 0.2937
2026-01-03 10:50:06.616034: Epoch time: 39.53 s
2026-01-03 10:50:07.336816: 
2026-01-03 10:50:07.339988: Epoch 60
2026-01-03 10:50:07.342168: Current learning rate: 0.00818
2026-01-03 10:50:45.653007: train_loss 0.6465
2026-01-03 10:50:45.669041: val_loss 1.4798
2026-01-03 10:50:45.677992: val classification accuracy 0.5
2026-01-03 10:50:45.680820: val auc 0.465
2026-01-03 10:50:45.683501: Epoch time: 38.32 s
2026-01-03 10:50:46.415112: 
2026-01-03 10:50:46.418303: Epoch 61
2026-01-03 10:50:46.420789: Current learning rate: 0.00815
2026-01-03 10:51:25.507988: train_loss 0.6284
2026-01-03 10:51:25.512752: val_loss 1.6851
2026-01-03 10:51:25.515567: val classification accuracy 0.5
2026-01-03 10:51:25.518223: val auc 0.5488
2026-01-03 10:51:25.520888: Epoch time: 39.09 s
2026-01-03 10:51:26.835087: 
2026-01-03 10:51:26.839599: Epoch 62
2026-01-03 10:51:26.842436: Current learning rate: 0.00812
2026-01-03 10:52:05.448155: train_loss 0.6377
2026-01-03 10:52:05.454595: val_loss 1.9612
2026-01-03 10:52:05.457892: val classification accuracy 0.45
2026-01-03 10:52:05.460827: val auc 0.275
2026-01-03 10:52:05.480489: Epoch time: 38.62 s
2026-01-03 10:52:06.217571: 
2026-01-03 10:52:06.220706: Epoch 63
2026-01-03 10:52:06.223020: Current learning rate: 0.00809
2026-01-03 10:52:46.567091: train_loss 0.663
2026-01-03 10:52:46.627806: val_loss 0.7894
2026-01-03 10:52:46.631366: val classification accuracy 0.625
2026-01-03 10:52:46.634170: val auc 0.685
2026-01-03 10:52:46.638055: Epoch time: 40.35 s
2026-01-03 10:52:46.658679: Yayy! New best EMA pseudo Dice: 0.685
2026-01-03 10:52:48.121100: 
2026-01-03 10:52:48.124418: Epoch 64
2026-01-03 10:52:48.126850: Current learning rate: 0.00806
2026-01-03 10:53:28.315712: train_loss 0.6637
2026-01-03 10:53:28.320136: val_loss 1.1986
2026-01-03 10:53:28.323331: val classification accuracy 0.5
2026-01-03 10:53:28.342121: val auc 0.56
2026-01-03 10:53:28.369730: Epoch time: 40.2 s
2026-01-03 10:53:29.134791: 
2026-01-03 10:53:29.138242: Epoch 65
2026-01-03 10:53:29.140597: Current learning rate: 0.00803
2026-01-03 10:54:12.969333: train_loss 0.7026
2026-01-03 10:54:12.975016: val_loss 0.8935
2026-01-03 10:54:12.979078: val classification accuracy 0.45
2026-01-03 10:54:12.981803: val auc 0.34
2026-01-03 10:54:12.989449: Epoch time: 43.84 s
2026-01-03 10:54:13.722940: 
2026-01-03 10:54:13.726863: Epoch 66
2026-01-03 10:54:13.729450: Current learning rate: 0.008
2026-01-03 10:54:54.140943: train_loss 0.6525
2026-01-03 10:54:54.180920: val_loss 2.9944
2026-01-03 10:54:54.183632: val classification accuracy 0.325
2026-01-03 10:54:54.186095: val auc 0.2725
2026-01-03 10:54:54.191730: Epoch time: 40.42 s
2026-01-03 10:54:54.932304: 
2026-01-03 10:54:54.935588: Epoch 67
2026-01-03 10:54:54.937847: Current learning rate: 0.00797
2026-01-03 10:55:35.495188: train_loss 0.6315
2026-01-03 10:55:35.499415: val_loss 1.4299
2026-01-03 10:55:35.502084: val classification accuracy 0.45
2026-01-03 10:55:35.513743: val auc 0.36
2026-01-03 10:55:35.517224: Epoch time: 40.56 s
2026-01-03 10:55:36.287229: 
2026-01-03 10:55:36.290268: Epoch 68
2026-01-03 10:55:36.292740: Current learning rate: 0.00793
2026-01-03 10:56:14.909907: train_loss 0.6568
2026-01-03 10:56:14.927636: val_loss 1.6307
2026-01-03 10:56:14.934808: val classification accuracy 0.35
2026-01-03 10:56:14.937317: val auc 0.3288
2026-01-03 10:56:14.939582: Epoch time: 38.62 s
2026-01-03 10:56:15.676615: 
2026-01-03 10:56:15.679848: Epoch 69
2026-01-03 10:56:15.682202: Current learning rate: 0.0079
2026-01-03 10:56:53.296159: train_loss 0.6461
2026-01-03 10:56:53.320464: val_loss 0.9834
2026-01-03 10:56:53.323120: val classification accuracy 0.55
2026-01-03 10:56:53.325643: val auc 0.45
2026-01-03 10:56:53.328405: Epoch time: 37.62 s
2026-01-03 10:56:54.043613: 
2026-01-03 10:56:54.047066: Epoch 70
2026-01-03 10:56:54.049445: Current learning rate: 0.00787
2026-01-03 10:57:31.929816: train_loss 0.6695
2026-01-03 10:57:31.934213: val_loss 1.4746
2026-01-03 10:57:31.937388: val classification accuracy 0.5
2026-01-03 10:57:31.940011: val auc 0.39
2026-01-03 10:57:31.951470: Epoch time: 37.89 s
2026-01-03 10:57:32.687326: 
2026-01-03 10:57:32.707317: Epoch 71
2026-01-03 10:57:32.723124: Current learning rate: 0.00784
2026-01-03 10:58:12.226963: train_loss 0.6268
2026-01-03 10:58:12.235186: val_loss 1.4563
2026-01-03 10:58:12.238222: val classification accuracy 0.5
2026-01-03 10:58:12.240889: val auc 0.4075
2026-01-03 10:58:12.243646: Epoch time: 39.54 s
2026-01-03 10:58:13.049425: 
2026-01-03 10:58:13.053112: Epoch 72
2026-01-03 10:58:13.055988: Current learning rate: 0.00781
2026-01-03 10:58:53.931551: train_loss 0.6666
2026-01-03 10:58:53.944257: val_loss 0.7437
2026-01-03 10:58:53.947034: val classification accuracy 0.625
2026-01-03 10:58:53.949520: val auc 0.6038
2026-01-03 10:58:53.952347: Epoch time: 40.88 s
2026-01-03 10:58:54.697898: 
2026-01-03 10:58:54.701141: Epoch 73
2026-01-03 10:58:54.703584: Current learning rate: 0.00778
2026-01-03 10:59:35.356441: train_loss 0.6408
2026-01-03 10:59:35.372121: val_loss 1.0816
2026-01-03 10:59:35.375271: val classification accuracy 0.4
2026-01-03 10:59:35.378133: val auc 0.42
2026-01-03 10:59:35.413052: Epoch time: 40.66 s
2026-01-03 10:59:36.174230: 
2026-01-03 10:59:36.178086: Epoch 74
2026-01-03 10:59:36.180812: Current learning rate: 0.00775
2026-01-03 11:00:16.735700: train_loss 0.6356
2026-01-03 11:00:16.755167: val_loss 0.9197
2026-01-03 11:00:16.773209: val classification accuracy 0.55
2026-01-03 11:00:16.776429: val auc 0.5425
2026-01-03 11:00:16.783832: Epoch time: 40.56 s
2026-01-03 11:00:17.533859: 
2026-01-03 11:00:17.537257: Epoch 75
2026-01-03 11:00:17.540009: Current learning rate: 0.00772
2026-01-03 11:00:58.399680: train_loss 0.6723
2026-01-03 11:00:58.403585: val_loss 0.8207
2026-01-03 11:00:58.406295: val classification accuracy 0.575
2026-01-03 11:00:58.409063: val auc 0.5325
2026-01-03 11:00:58.411631: Epoch time: 40.87 s
2026-01-03 11:00:59.147911: 
2026-01-03 11:00:59.152056: Epoch 76
2026-01-03 11:00:59.154640: Current learning rate: 0.00769
2026-01-03 11:01:36.243112: train_loss 0.6606
2026-01-03 11:01:36.248181: val_loss 1.4225
2026-01-03 11:01:36.265898: val classification accuracy 0.45
2026-01-03 11:01:36.269134: val auc 0.28
2026-01-03 11:01:36.272135: Epoch time: 37.1 s
2026-01-03 11:01:37.012081: 
2026-01-03 11:01:37.015531: Epoch 77
2026-01-03 11:01:37.018123: Current learning rate: 0.00766
2026-01-03 11:02:14.279971: train_loss 0.6268
2026-01-03 11:02:14.293630: val_loss 1.6316
2026-01-03 11:02:14.298709: val classification accuracy 0.4
2026-01-03 11:02:14.301805: val auc 0.3725
2026-01-03 11:02:14.304603: Epoch time: 37.27 s
2026-01-03 11:02:15.049600: 
2026-01-03 11:02:15.058660: Epoch 78
2026-01-03 11:02:15.061085: Current learning rate: 0.00763
2026-01-03 11:02:53.850262: train_loss 0.6321
2026-01-03 11:02:53.862397: val_loss 1.405
2026-01-03 11:02:53.865562: val classification accuracy 0.5
2026-01-03 11:02:53.894938: val auc 0.35
2026-01-03 11:02:53.897599: Epoch time: 38.8 s
2026-01-03 11:02:54.674440: 
2026-01-03 11:02:54.677658: Epoch 79
2026-01-03 11:02:54.680151: Current learning rate: 0.0076
2026-01-03 11:03:32.493636: train_loss 0.6525
2026-01-03 11:03:32.497973: val_loss 1.1899
2026-01-03 11:03:32.516705: val classification accuracy 0.425
2026-01-03 11:03:32.519435: val auc 0.4425
2026-01-03 11:03:32.521987: Epoch time: 37.82 s
2026-01-03 11:03:33.286616: 
2026-01-03 11:03:33.289681: Epoch 80
2026-01-03 11:03:33.292143: Current learning rate: 0.00756
2026-01-03 11:04:09.511925: train_loss 0.6257
2026-01-03 11:04:09.516692: val_loss 1.2318
2026-01-03 11:04:09.519649: val classification accuracy 0.475
2026-01-03 11:04:09.522184: val auc 0.4525
2026-01-03 11:04:09.524929: Epoch time: 36.23 s
2026-01-03 11:04:10.232275: 
2026-01-03 11:04:10.235633: Epoch 81
2026-01-03 11:04:10.238167: Current learning rate: 0.00753
2026-01-03 11:04:53.168559: train_loss 0.591
2026-01-03 11:04:53.174279: val_loss 1.1269
2026-01-03 11:04:53.176824: val classification accuracy 0.45
2026-01-03 11:04:53.179550: val auc 0.5125
2026-01-03 11:04:53.182047: Epoch time: 42.94 s
2026-01-03 11:04:53.916723: 
2026-01-03 11:04:53.919739: Epoch 82
2026-01-03 11:04:53.922234: Current learning rate: 0.0075
2026-01-03 11:05:34.703141: train_loss 0.6585
2026-01-03 11:05:34.716117: val_loss 0.9853
2026-01-03 11:05:34.719251: val classification accuracy 0.575
2026-01-03 11:05:34.725031: val auc 0.48
2026-01-03 11:05:34.728160: Epoch time: 40.79 s
2026-01-03 11:05:35.502077: 
2026-01-03 11:05:35.505427: Epoch 83
2026-01-03 11:05:35.507899: Current learning rate: 0.00747
2026-01-03 11:06:13.655008: train_loss 0.6602
2026-01-03 11:06:13.667190: val_loss 0.8972
2026-01-03 11:06:13.670187: val classification accuracy 0.45
2026-01-03 11:06:13.673589: val auc 0.4175
2026-01-03 11:06:13.676727: Epoch time: 38.15 s
2026-01-03 11:06:14.455119: 
2026-01-03 11:06:14.458249: Epoch 84
2026-01-03 11:06:14.460708: Current learning rate: 0.00744
2026-01-03 11:06:52.371327: train_loss 0.6283
2026-01-03 11:06:52.379993: val_loss 1.2666
2026-01-03 11:06:52.382669: val classification accuracy 0.55
2026-01-03 11:06:52.385296: val auc 0.3575
2026-01-03 11:06:52.388093: Epoch time: 37.92 s
2026-01-03 11:06:53.132066: 
2026-01-03 11:06:53.135179: Epoch 85
2026-01-03 11:06:53.137686: Current learning rate: 0.00741
2026-01-03 11:07:29.658966: train_loss 0.6532
2026-01-03 11:07:29.675496: val_loss 1.0793
2026-01-03 11:07:29.678317: val classification accuracy 0.475
2026-01-03 11:07:29.681020: val auc 0.38
2026-01-03 11:07:29.683677: Epoch time: 36.53 s
2026-01-03 11:07:30.401740: 
2026-01-03 11:07:30.405422: Epoch 86
2026-01-03 11:07:30.407833: Current learning rate: 0.00738
2026-01-03 11:08:07.257957: train_loss 0.6395
2026-01-03 11:08:07.264258: val_loss 1.3011
2026-01-03 11:08:07.270330: val classification accuracy 0.325
2026-01-03 11:08:07.273139: val auc 0.3275
2026-01-03 11:08:07.276159: Epoch time: 36.86 s
2026-01-03 11:08:08.012635: 
2026-01-03 11:08:08.016387: Epoch 87
2026-01-03 11:08:08.019052: Current learning rate: 0.00735
2026-01-03 11:08:45.673989: train_loss 0.668
2026-01-03 11:08:45.680653: val_loss 1.3641
2026-01-03 11:08:45.707074: val classification accuracy 0.425
2026-01-03 11:08:45.713121: val auc 0.265
2026-01-03 11:08:45.742225: Epoch time: 37.66 s
2026-01-03 11:08:46.495948: 
2026-01-03 11:08:46.512416: Epoch 88
2026-01-03 11:08:46.515010: Current learning rate: 0.00732
2026-01-03 11:09:26.617903: train_loss 0.6485
2026-01-03 11:09:26.642862: val_loss 1.1355
2026-01-03 11:09:26.645636: val classification accuracy 0.525
2026-01-03 11:09:26.648933: val auc 0.46
2026-01-03 11:09:26.669990: Epoch time: 40.12 s
2026-01-03 11:09:27.392625: 
2026-01-03 11:09:27.395928: Epoch 89
2026-01-03 11:09:27.398128: Current learning rate: 0.00729
2026-01-03 11:10:06.785515: train_loss 0.6481
2026-01-03 11:10:06.800446: val_loss 1.1255
2026-01-03 11:10:06.827728: val classification accuracy 0.45
2026-01-03 11:10:06.835222: val auc 0.3
2026-01-03 11:10:06.838133: Epoch time: 39.39 s
2026-01-03 11:10:07.584753: 
2026-01-03 11:10:07.588045: Epoch 90
2026-01-03 11:10:07.590516: Current learning rate: 0.00725
2026-01-03 11:10:45.780010: train_loss 0.6611
2026-01-03 11:10:45.785573: val_loss 1.7967
2026-01-03 11:10:45.788686: val classification accuracy 0.425
2026-01-03 11:10:45.791653: val auc 0.3275
2026-01-03 11:10:45.794437: Epoch time: 38.2 s
2026-01-03 11:10:46.574611: 
2026-01-03 11:10:46.578017: Epoch 91
2026-01-03 11:10:46.580424: Current learning rate: 0.00722
2026-01-03 11:11:25.685787: train_loss 0.6104
2026-01-03 11:11:25.690236: val_loss 2.2958
2026-01-03 11:11:25.693027: val classification accuracy 0.55
2026-01-03 11:11:25.695846: val auc 0.24
2026-01-03 11:11:25.698386: Epoch time: 39.11 s
2026-01-03 11:11:26.454508: 
2026-01-03 11:11:26.457850: Epoch 92
2026-01-03 11:11:26.460382: Current learning rate: 0.00719
2026-01-03 11:12:04.311068: train_loss 0.634
2026-01-03 11:12:04.315042: val_loss 1.637
2026-01-03 11:12:04.317655: val classification accuracy 0.4
2026-01-03 11:12:04.320434: val auc 0.3075
2026-01-03 11:12:04.323070: Epoch time: 37.86 s
2026-01-03 11:12:05.058981: 
2026-01-03 11:12:05.062230: Epoch 93
2026-01-03 11:12:05.064617: Current learning rate: 0.00716
2026-01-03 11:12:43.811713: train_loss 0.6401
2026-01-03 11:12:43.816025: val_loss 0.9344
2026-01-03 11:12:43.818731: val classification accuracy 0.625
2026-01-03 11:12:43.821917: val auc 0.565
2026-01-03 11:12:43.824898: Epoch time: 38.75 s
2026-01-03 11:12:44.543542: 
2026-01-03 11:12:44.547394: Epoch 94
2026-01-03 11:12:44.549852: Current learning rate: 0.00713
2026-01-03 11:13:24.653299: train_loss 0.6324
2026-01-03 11:13:24.697123: val_loss 1.0944
2026-01-03 11:13:24.700637: val classification accuracy 0.5
2026-01-03 11:13:24.703574: val auc 0.4475
2026-01-03 11:13:24.706524: Epoch time: 40.11 s
2026-01-03 11:13:25.450523: 
2026-01-03 11:13:25.454028: Epoch 95
2026-01-03 11:13:25.456498: Current learning rate: 0.0071
2026-01-03 11:14:07.152005: train_loss 0.6218
2026-01-03 11:14:07.172633: val_loss 1.4312
2026-01-03 11:14:07.194193: val classification accuracy 0.5
2026-01-03 11:14:07.215697: val auc 0.37
2026-01-03 11:14:07.233430: Epoch time: 41.7 s
2026-01-03 11:14:07.992287: 
2026-01-03 11:14:07.995979: Epoch 96
2026-01-03 11:14:07.998736: Current learning rate: 0.00707
2026-01-03 11:14:45.994939: train_loss 0.6425
2026-01-03 11:14:46.020286: val_loss 1.2322
2026-01-03 11:14:46.029707: val classification accuracy 0.375
2026-01-03 11:14:46.033147: val auc 0.4025
2026-01-03 11:14:46.036204: Epoch time: 38.0 s
2026-01-03 11:14:46.778362: 
2026-01-03 11:14:46.783960: Epoch 97
2026-01-03 11:14:46.786490: Current learning rate: 0.00704
2026-01-03 11:15:24.932956: train_loss 0.6252
2026-01-03 11:15:24.995379: val_loss 1.0901
2026-01-03 11:15:25.001784: val classification accuracy 0.55
2026-01-03 11:15:25.005238: val auc 0.505
2026-01-03 11:15:25.008287: Epoch time: 38.16 s
2026-01-03 11:15:25.725062: 
2026-01-03 11:15:25.728700: Epoch 98
2026-01-03 11:15:25.731170: Current learning rate: 0.007
2026-01-03 11:16:05.608081: train_loss 0.6325
2026-01-03 11:16:05.617232: val_loss 1.2894
2026-01-03 11:16:05.620114: val classification accuracy 0.475
2026-01-03 11:16:05.623067: val auc 0.3975
2026-01-03 11:16:05.629934: Epoch time: 39.88 s
2026-01-03 11:16:06.418881: 
2026-01-03 11:16:06.422214: Epoch 99
2026-01-03 11:16:06.424723: Current learning rate: 0.00697
2026-01-03 11:16:44.350836: train_loss 0.6586
2026-01-03 11:16:44.355277: val_loss 1.1661
2026-01-03 11:16:44.357858: val classification accuracy 0.5
2026-01-03 11:16:44.387596: val auc 0.42
2026-01-03 11:16:44.391140: Epoch time: 37.93 s
2026-01-03 11:16:45.132055: 
2026-01-03 11:16:45.135453: Epoch 100
2026-01-03 11:16:45.138137: Current learning rate: 0.00694
2026-01-03 11:17:22.989471: train_loss 0.6255
2026-01-03 11:17:22.994458: val_loss 1.0836
2026-01-03 11:17:22.997585: val classification accuracy 0.45
2026-01-03 11:17:23.000167: val auc 0.4275
2026-01-03 11:17:23.002740: Epoch time: 37.86 s
2026-01-03 11:17:24.225787: 
2026-01-03 11:17:24.229206: Epoch 101
2026-01-03 11:17:24.231685: Current learning rate: 0.00691
2026-01-03 11:18:05.652075: train_loss 0.6607
2026-01-03 11:18:05.667772: val_loss 0.9916
2026-01-03 11:18:05.670822: val classification accuracy 0.5
2026-01-03 11:18:05.673730: val auc 0.5125
2026-01-03 11:18:05.676737: Epoch time: 41.43 s
2026-01-03 11:18:06.437374: 
2026-01-03 11:18:06.440702: Epoch 102
2026-01-03 11:18:06.443261: Current learning rate: 0.00688
2026-01-03 11:18:44.114653: train_loss 0.658
2026-01-03 11:18:44.119914: val_loss 0.862
2026-01-03 11:18:44.122952: val classification accuracy 0.575
2026-01-03 11:18:44.125728: val auc 0.5275
2026-01-03 11:18:44.129131: Epoch time: 37.68 s
2026-01-03 11:18:44.906407: 
2026-01-03 11:18:44.910179: Epoch 103
2026-01-03 11:18:44.912783: Current learning rate: 0.00685
2026-01-03 11:19:21.824782: train_loss 0.6185
2026-01-03 11:19:21.829306: val_loss 1.171
2026-01-03 11:19:21.865667: val classification accuracy 0.6
2026-01-03 11:19:21.869055: val auc 0.5462
2026-01-03 11:19:21.872056: Epoch time: 36.92 s
2026-01-03 11:19:22.608761: 
2026-01-03 11:19:22.612530: Epoch 104
2026-01-03 11:19:22.615365: Current learning rate: 0.00682
2026-01-03 11:20:01.460031: train_loss 0.6469
2026-01-03 11:20:01.470086: val_loss 1.0752
2026-01-03 11:20:01.473007: val classification accuracy 0.5
2026-01-03 11:20:01.479393: val auc 0.3425
2026-01-03 11:20:01.482343: Epoch time: 38.85 s
2026-01-03 11:20:02.205215: 
2026-01-03 11:20:02.208802: Epoch 105
2026-01-03 11:20:02.211406: Current learning rate: 0.00679
2026-01-03 11:20:39.825794: train_loss 0.644
2026-01-03 11:20:39.829593: val_loss 0.9356
2026-01-03 11:20:39.832440: val classification accuracy 0.55
2026-01-03 11:20:39.834937: val auc 0.525
2026-01-03 11:20:39.837433: Epoch time: 37.62 s
2026-01-03 11:20:41.116881: 
2026-01-03 11:20:41.119915: Epoch 106
2026-01-03 11:20:41.122516: Current learning rate: 0.00675
2026-01-03 11:21:15.634975: train_loss 0.6061
2026-01-03 11:21:15.647136: val_loss 1.2653
2026-01-03 11:21:15.655083: val classification accuracy 0.525
2026-01-03 11:21:15.658254: val auc 0.4625
2026-01-03 11:21:15.668929: Epoch time: 34.52 s
2026-01-03 11:21:16.411120: 
2026-01-03 11:21:16.414609: Epoch 107
2026-01-03 11:21:16.417113: Current learning rate: 0.00672
2026-01-03 11:21:52.074350: train_loss 0.6421
2026-01-03 11:21:52.079774: val_loss 1.313
2026-01-03 11:21:52.083516: val classification accuracy 0.475
2026-01-03 11:21:52.086280: val auc 0.415
2026-01-03 11:21:52.088960: Epoch time: 35.66 s
2026-01-03 11:21:52.849948: 
2026-01-03 11:21:52.853551: Epoch 108
2026-01-03 11:21:52.856233: Current learning rate: 0.00669
2026-01-03 11:22:33.624738: train_loss 0.6074
2026-01-03 11:22:33.630864: val_loss 0.7979
2026-01-03 11:22:33.633826: val classification accuracy 0.65
2026-01-03 11:22:33.636680: val auc 0.7075
2026-01-03 11:22:33.639727: Epoch time: 40.78 s
2026-01-03 11:22:33.642525: Yayy! New best EMA pseudo Dice: 0.7075
2026-01-03 11:22:35.145954: 
2026-01-03 11:22:35.149998: Epoch 109
2026-01-03 11:22:35.152760: Current learning rate: 0.00666
2026-01-03 11:23:12.785348: train_loss 0.6671
2026-01-03 11:23:12.789568: val_loss 2.0783
2026-01-03 11:23:12.792286: val classification accuracy 0.575
2026-01-03 11:23:12.794885: val auc 0.4838
2026-01-03 11:23:12.797670: Epoch time: 37.64 s
2026-01-03 11:23:13.513379: 
2026-01-03 11:23:13.516694: Epoch 110
2026-01-03 11:23:13.519198: Current learning rate: 0.00663
2026-01-03 11:23:52.936378: train_loss 0.6602
2026-01-03 11:23:52.947776: val_loss 1.3967
2026-01-03 11:23:52.994666: val classification accuracy 0.45
2026-01-03 11:23:52.998273: val auc 0.425
2026-01-03 11:23:53.011182: Epoch time: 39.42 s
2026-01-03 11:23:54.214346: 
2026-01-03 11:23:54.217803: Epoch 111
2026-01-03 11:23:54.220350: Current learning rate: 0.0066
2026-01-03 11:24:32.418258: train_loss 0.6364
2026-01-03 11:24:32.422241: val_loss 1.2127
2026-01-03 11:24:32.450438: val classification accuracy 0.525
2026-01-03 11:24:32.461992: val auc 0.3975
2026-01-03 11:24:32.464924: Epoch time: 38.21 s
2026-01-03 11:24:33.207194: 
2026-01-03 11:24:33.210657: Epoch 112
2026-01-03 11:24:33.213567: Current learning rate: 0.00657
2026-01-03 11:25:13.841172: train_loss 0.6554
2026-01-03 11:25:13.845930: val_loss 0.9761
2026-01-03 11:25:13.848637: val classification accuracy 0.5
2026-01-03 11:25:13.851335: val auc 0.335
2026-01-03 11:25:13.854089: Epoch time: 40.64 s
2026-01-03 11:25:14.609905: 
2026-01-03 11:25:14.613031: Epoch 113
2026-01-03 11:25:14.615224: Current learning rate: 0.00654
2026-01-03 11:25:52.081125: train_loss 0.6113
2026-01-03 11:25:52.085618: val_loss 1.2752
2026-01-03 11:25:52.088421: val classification accuracy 0.55
2026-01-03 11:25:52.091084: val auc 0.465
2026-01-03 11:25:52.093703: Epoch time: 37.47 s
2026-01-03 11:25:52.855006: 
2026-01-03 11:25:52.872388: Epoch 114
2026-01-03 11:25:52.875076: Current learning rate: 0.0065
2026-01-03 11:26:34.652325: train_loss 0.673
2026-01-03 11:26:34.665382: val_loss 1.4099
2026-01-03 11:26:34.670639: val classification accuracy 0.45
2026-01-03 11:26:34.673748: val auc 0.3725
2026-01-03 11:26:34.677289: Epoch time: 41.8 s
2026-01-03 11:26:35.417963: 
2026-01-03 11:26:35.421721: Epoch 115
2026-01-03 11:26:35.424211: Current learning rate: 0.00647
2026-01-03 11:27:13.037352: train_loss 0.6279
2026-01-03 11:27:13.043527: val_loss 2.2677
2026-01-03 11:27:13.046497: val classification accuracy 0.45
2026-01-03 11:27:13.049559: val auc 0.2925
2026-01-03 11:27:13.053913: Epoch time: 37.62 s
2026-01-03 11:27:14.379127: 
2026-01-03 11:27:14.382672: Epoch 116
2026-01-03 11:27:14.384949: Current learning rate: 0.00644
2026-01-03 11:27:53.126010: train_loss 0.6307
2026-01-03 11:27:53.130211: val_loss 1.0162
2026-01-03 11:27:53.132704: val classification accuracy 0.55
2026-01-03 11:27:53.135298: val auc 0.3025
2026-01-03 11:27:53.138434: Epoch time: 38.75 s
2026-01-03 11:27:53.879750: 
2026-01-03 11:27:53.882863: Epoch 117
2026-01-03 11:27:53.885258: Current learning rate: 0.00641
2026-01-03 11:28:30.560733: train_loss 0.6303
2026-01-03 11:28:30.613388: val_loss 2.0732
2026-01-03 11:28:30.616558: val classification accuracy 0.475
2026-01-03 11:28:30.631566: val auc 0.2325
2026-01-03 11:28:30.634362: Epoch time: 36.68 s
2026-01-03 11:28:31.355419: 
2026-01-03 11:28:31.358753: Epoch 118
2026-01-03 11:28:31.361374: Current learning rate: 0.00638
2026-01-03 11:29:09.409017: train_loss 0.6262
2026-01-03 11:29:09.426471: val_loss 1.1055
2026-01-03 11:29:09.462958: val classification accuracy 0.5
2026-01-03 11:29:09.512643: val auc 0.4225
2026-01-03 11:29:09.533299: Epoch time: 38.06 s
2026-01-03 11:29:10.254640: 
2026-01-03 11:29:10.258286: Epoch 119
2026-01-03 11:29:10.260993: Current learning rate: 0.00635
2026-01-03 11:29:51.260109: train_loss 0.6398
2026-01-03 11:29:51.290435: val_loss 1.6755
2026-01-03 11:29:51.294173: val classification accuracy 0.45
2026-01-03 11:29:51.297305: val auc 0.255
2026-01-03 11:29:51.300155: Epoch time: 41.01 s
2026-01-03 11:29:52.028355: 
2026-01-03 11:29:52.031801: Epoch 120
2026-01-03 11:29:52.034773: Current learning rate: 0.00631
2026-01-03 11:30:31.831481: train_loss 0.6348
2026-01-03 11:30:31.839250: val_loss 1.0699
2026-01-03 11:30:31.843131: val classification accuracy 0.625
2026-01-03 11:30:31.845649: val auc 0.445
2026-01-03 11:30:31.848299: Epoch time: 39.8 s
2026-01-03 11:30:33.049995: 
2026-01-03 11:30:33.053006: Epoch 121
2026-01-03 11:30:33.055441: Current learning rate: 0.00628
2026-01-03 11:31:11.413080: train_loss 0.6434
2026-01-03 11:31:11.417353: val_loss 1.1153
2026-01-03 11:31:11.420168: val classification accuracy 0.475
2026-01-03 11:31:11.422944: val auc 0.45
2026-01-03 11:31:11.425905: Epoch time: 38.36 s
2026-01-03 11:31:12.181903: 
2026-01-03 11:31:12.185458: Epoch 122
2026-01-03 11:31:12.187903: Current learning rate: 0.00625
2026-01-03 11:31:51.968916: train_loss 0.6468
2026-01-03 11:31:51.973245: val_loss 1.2107
2026-01-03 11:31:51.975684: val classification accuracy 0.5
2026-01-03 11:31:51.977979: val auc 0.53
2026-01-03 11:31:51.980362: Epoch time: 39.79 s
2026-01-03 11:31:52.725256: 
2026-01-03 11:31:52.728422: Epoch 123
2026-01-03 11:31:52.730821: Current learning rate: 0.00622
2026-01-03 11:32:30.373565: train_loss 0.6501
2026-01-03 11:32:30.378620: val_loss 1.7388
2026-01-03 11:32:30.383766: val classification accuracy 0.525
2026-01-03 11:32:30.386608: val auc 0.4025
2026-01-03 11:32:30.392939: Epoch time: 37.65 s
2026-01-03 11:32:31.157413: 
2026-01-03 11:32:31.161058: Epoch 124
2026-01-03 11:32:31.163687: Current learning rate: 0.00619
2026-01-03 11:33:10.809541: train_loss 0.5636
2026-01-03 11:33:10.816660: val_loss 3.0724
2026-01-03 11:33:10.819896: val classification accuracy 0.525
2026-01-03 11:33:10.822890: val auc 0.3025
2026-01-03 11:33:10.825712: Epoch time: 39.65 s
2026-01-03 11:33:10.828206: Early stopping triggered at epoch 124. Best val_losses=0.7259
2026-01-03 11:33:11.565243: Stopping training early due to early stopping criterion.
2026-01-03 11:33:12.265712: Training done.
2026-01-03 11:33:12.314043: Skipping perform_actual_validation for classification trainer (segmentation-style sliding window is not applicable).
[1;34mwandb[0m: 
[1;34mwandb[0m:  View run [33mDenseNetTrainer_ep300_NoMirroring_x2_fold10[0m at: [34m[0m
[1;34mwandb[0m: Find logs at: [1;35m../../tmp/wandb/wandb/run-20260103_101001-jashjizm/logs[0m
