Using device: cuda:0

#######################################################################
Please cite the following paper when using nnU-Net:
Isensee, F., Jaeger, P. F., Kohl, S. A., Petersen, J., & Maier-Hein, K. H. (2021). nnU-Net: a self-configuring method for deep learning-based biomedical image segmentation. Nature methods, 18(2), 203-211.
#######################################################################

2026-01-03 08:45:38.853351: Using torch.compile...
2026-01-03 08:45:44.646780: do_dummy_2d_data_aug: False
2026-01-03 08:45:44.650759: Using splits from existing split file: /hpf/projects/jquon/sumin/nnUNet_data/nnUNet_preprocessed/Dataset033_AVM_T1+C/splits_final.json
2026-01-03 08:45:44.653704: The split file contains 11 splits.
2026-01-03 08:45:44.655323: Desired fold for training: 9
2026-01-03 08:45:44.656842: This split has 458 training and 54 validation cases.
using pin_memory on device 0
using pin_memory on device 0

This is the configuration used by this training:
Configuration name: 3d_fullres
 {'data_identifier': 'nnUNetPlans_3d_fullres', 'preprocessor_name': 'DefaultPreprocessor', 'batch_size': 2, 'patch_size': [160, 224, 192], 'median_image_size_in_voxels': [344.0, 448.0, 429.0], 'spacing': [0.500000923871994, 0.4910714328289032, 0.4910714328289032], 'normalization_schemes': ['ZScoreNormalization'], 'use_mask_for_norm': [False], 'resampling_fn_data': 'resample_data_or_seg_to_shape', 'resampling_fn_seg': 'resample_data_or_seg_to_shape', 'resampling_fn_data_kwargs': {'is_seg': False, 'order': 3, 'order_z': 0, 'force_separate_z': None}, 'resampling_fn_seg_kwargs': {'is_seg': True, 'order': 1, 'order_z': 0, 'force_separate_z': None}, 'resampling_fn_probabilities': 'resample_data_or_seg_to_shape', 'resampling_fn_probabilities_kwargs': {'is_seg': False, 'order': 1, 'order_z': 0, 'force_separate_z': None}, 'architecture': {'network_class_name': 'dynamic_network_architectures.architectures.unet.ResidualEncoderUNet', 'arch_kwargs': {'n_stages': 6, 'features_per_stage': [32, 64, 128, 256, 320, 320], 'conv_op': 'torch.nn.modules.conv.Conv3d', 'kernel_sizes': [[3, 3, 3], [3, 3, 3], [3, 3, 3], [3, 3, 3], [3, 3, 3], [3, 3, 3]], 'strides': [[1, 1, 1], [2, 2, 2], [2, 2, 2], [2, 2, 2], [2, 2, 2], [2, 2, 2]], 'n_blocks_per_stage': [1, 3, 4, 6, 6, 6], 'n_conv_per_stage_decoder': [1, 1, 1, 1, 1], 'conv_bias': True, 'norm_op': 'torch.nn.modules.instancenorm.InstanceNorm3d', 'norm_op_kwargs': {'eps': 1e-05, 'affine': True}, 'dropout_op': None, 'dropout_op_kwargs': None, 'nonlin': 'torch.nn.LeakyReLU', 'nonlin_kwargs': {'inplace': True}}, '_kw_requires_import': ['conv_op', 'norm_op', 'dropout_op', 'nonlin']}, 'batch_dice': True} 

These are the global plan.json settings:
 {'dataset_name': 'Dataset033_AVM_T1+C', 'plans_name': 'nnUNetResEncUNetLPlans', 'original_median_spacing_after_transp': [0.500000923871994, 0.4910714328289032, 0.4910714328289032], 'original_median_shape_after_transp': [330, 448, 424], 'image_reader_writer': 'SimpleITKIO', 'transpose_forward': [0, 1, 2], 'transpose_backward': [0, 1, 2], 'experiment_planner_used': 'nnUNetPlannerResEncL', 'label_manager': 'LabelManager', 'foreground_intensity_properties_per_channel': {'0': {'max': 12113.0, 'mean': 449.843505859375, 'median': 311.0, 'min': 0.0, 'percentile_00_5': 34.0, 'percentile_99_5': 3202.0, 'std': 471.56329345703125}}} 

2026-01-03 08:45:55.744751: Unable to plot network architecture: nnUNet_compile is enabled!
2026-01-03 08:45:55.805382: 
2026-01-03 08:45:55.815553: Epoch 0
2026-01-03 08:45:55.817827: Current learning rate: 0.01
2026-01-03 08:47:03.882102: train_loss 1.5596
2026-01-03 08:47:03.909034: val_loss 41.1259
2026-01-03 08:47:03.914816: val classification accuracy 0.2778
2026-01-03 08:47:03.916801: val auc 0.2606
2026-01-03 08:47:03.918558: Epoch time: 68.08 s
2026-01-03 08:47:03.920266: Yayy! New best EMA pseudo Dice: 0.2606
2026-01-03 08:47:04.694194: Yayy! New best classification accuracy: 0.2778
2026-01-03 08:47:06.184580: 
2026-01-03 08:47:06.187105: Epoch 1
2026-01-03 08:47:06.188808: Current learning rate: 0.00997
2026-01-03 08:47:48.711738: train_loss 2.0593
2026-01-03 08:47:48.715111: val_loss 9.6754
2026-01-03 08:47:48.717264: val classification accuracy 0.463
2026-01-03 08:47:48.719291: val auc 0.3374
2026-01-03 08:47:48.727271: Epoch time: 42.53 s
2026-01-03 08:47:48.729451: Yayy! New best EMA pseudo Dice: 0.3374
2026-01-03 08:47:49.379970: Yayy! New best classification accuracy: 0.463
2026-01-03 08:47:50.786661: 
2026-01-03 08:47:50.789491: Epoch 2
2026-01-03 08:47:50.791496: Current learning rate: 0.00994
2026-01-03 08:48:29.182399: train_loss 1.4189
2026-01-03 08:48:29.196980: val_loss 12.931
2026-01-03 08:48:29.199845: val classification accuracy 0.3333
2026-01-03 08:48:29.212723: val auc 0.3244
2026-01-03 08:48:29.217990: Epoch time: 38.4 s
2026-01-03 08:48:29.971051: 
2026-01-03 08:48:29.973835: Epoch 3
2026-01-03 08:48:29.975608: Current learning rate: 0.00991
2026-01-03 08:49:09.738644: WARNING: NaNs or Infs in validation probabilities at epoch 3. Sanitizing with nan_to_num before metrics.
2026-01-03 08:49:09.747274: train_loss 0.79
2026-01-03 08:49:09.767447: val_loss nan
2026-01-03 08:49:09.770022: val classification accuracy 0.5185
2026-01-03 08:49:09.772520: val auc 0.5652
2026-01-03 08:49:09.780782: Epoch time: 39.78 s
2026-01-03 08:49:09.782840: Yayy! New best EMA pseudo Dice: 0.5652
2026-01-03 08:49:10.483683: Yayy! New best classification accuracy: 0.5185
2026-01-03 08:49:11.958515: 
2026-01-03 08:49:11.960809: Epoch 4
2026-01-03 08:49:11.962416: Current learning rate: 0.00988
2026-01-03 08:49:48.525276: WARNING: NaNs or Infs in validation probabilities at epoch 4. Sanitizing with nan_to_num before metrics.
2026-01-03 08:49:48.541100: train_loss 0.7792
2026-01-03 08:49:48.563662: val_loss nan
2026-01-03 08:49:48.566259: val classification accuracy 0.5741
2026-01-03 08:49:48.568731: val auc 0.583
2026-01-03 08:49:48.581712: Epoch time: 36.58 s
2026-01-03 08:49:48.602850: Yayy! New best EMA pseudo Dice: 0.583
2026-01-03 08:49:49.247065: Yayy! New best classification accuracy: 0.5741
2026-01-03 08:49:50.652130: 
2026-01-03 08:49:50.655737: Epoch 5
2026-01-03 08:49:50.659510: Current learning rate: 0.00985
2026-01-03 08:50:29.971859: WARNING: NaNs or Infs in validation probabilities at epoch 5. Sanitizing with nan_to_num before metrics.
2026-01-03 08:50:29.986002: train_loss 0.7239
2026-01-03 08:50:29.991006: val_loss nan
2026-01-03 08:50:29.993384: val classification accuracy 0.5556
2026-01-03 08:50:29.995622: val auc 0.6392
2026-01-03 08:50:29.997939: Epoch time: 39.34 s
2026-01-03 08:50:29.999853: Yayy! New best EMA pseudo Dice: 0.6392
2026-01-03 08:50:31.472131: 
2026-01-03 08:50:31.474948: Epoch 6
2026-01-03 08:50:31.477250: Current learning rate: 0.00982
2026-01-03 08:51:08.106202: train_loss 0.725
2026-01-03 08:51:08.130555: val_loss 3.0804
2026-01-03 08:51:08.133054: val classification accuracy 0.5741
2026-01-03 08:51:08.135946: val auc 0.6399
2026-01-03 08:51:08.138142: Epoch time: 36.64 s
2026-01-03 08:51:08.140047: Yayy! New best EMA pseudo Dice: 0.6399
2026-01-03 08:51:09.495263: 
2026-01-03 08:51:09.498082: Epoch 7
2026-01-03 08:51:09.499895: Current learning rate: 0.00979
2026-01-03 08:51:47.694338: train_loss 0.7052
2026-01-03 08:51:47.774066: val_loss 3.0874
2026-01-03 08:51:47.790560: val classification accuracy 0.3148
2026-01-03 08:51:47.800151: val auc 0.3141
2026-01-03 08:51:47.820929: Epoch time: 38.2 s
2026-01-03 08:51:49.044300: 
2026-01-03 08:51:49.046881: Epoch 8
2026-01-03 08:51:49.048507: Current learning rate: 0.00976
2026-01-03 08:52:25.944270: train_loss 0.7222
2026-01-03 08:52:25.975199: val_loss 3.5021
2026-01-03 08:52:25.977952: val classification accuracy 0.3519
2026-01-03 08:52:25.980982: val auc 0.3601
2026-01-03 08:52:25.983739: Epoch time: 36.9 s
2026-01-03 08:52:26.721337: 
2026-01-03 08:52:26.724586: Epoch 9
2026-01-03 08:52:26.726846: Current learning rate: 0.00973
2026-01-03 08:53:04.379494: train_loss 0.7045
2026-01-03 08:53:04.383305: val_loss 3.6597
2026-01-03 08:53:04.386107: val classification accuracy 0.5556
2026-01-03 08:53:04.388650: val auc 0.4883
2026-01-03 08:53:04.391132: Epoch time: 37.66 s
2026-01-03 08:53:05.157468: 
2026-01-03 08:53:05.181575: Epoch 10
2026-01-03 08:53:05.192731: Current learning rate: 0.0097
2026-01-03 08:53:46.968944: train_loss 0.6979
2026-01-03 08:53:46.986952: val_loss 0.689
2026-01-03 08:53:46.989864: val classification accuracy 0.7407
2026-01-03 08:53:46.992771: val auc 0.7997
2026-01-03 08:53:46.995435: Epoch time: 41.81 s
2026-01-03 08:53:46.997835: Yayy! New best EMA pseudo Dice: 0.7997
2026-01-03 08:53:47.609945: Yayy! New best classification accuracy: 0.7407
2026-01-03 08:53:49.015584: 
2026-01-03 08:53:49.018783: Epoch 11
2026-01-03 08:53:49.021219: Current learning rate: 0.00967
2026-01-03 08:54:24.746536: train_loss 0.682
2026-01-03 08:54:24.752329: val_loss 1.7099
2026-01-03 08:54:24.754850: val classification accuracy 0.5
2026-01-03 08:54:24.757411: val auc 0.4883
2026-01-03 08:54:24.759982: Epoch time: 35.73 s
2026-01-03 08:54:25.552101: 
2026-01-03 08:54:25.555285: Epoch 12
2026-01-03 08:54:25.557937: Current learning rate: 0.00964
2026-01-03 08:55:04.893888: train_loss 0.6916
2026-01-03 08:55:04.902768: val_loss 0.9911
2026-01-03 08:55:04.905452: val classification accuracy 0.6111
2026-01-03 08:55:04.907927: val auc 0.6139
2026-01-03 08:55:04.910429: Epoch time: 39.34 s
2026-01-03 08:55:05.641543: 
2026-01-03 08:55:05.645159: Epoch 13
2026-01-03 08:55:05.647580: Current learning rate: 0.00961
2026-01-03 08:55:44.520409: train_loss 0.6942
2026-01-03 08:55:44.537161: val_loss 1.2065
2026-01-03 08:55:44.553087: val classification accuracy 0.3519
2026-01-03 08:55:44.565298: val auc 0.3813
2026-01-03 08:55:44.568345: Epoch time: 38.88 s
2026-01-03 08:55:45.374019: 
2026-01-03 08:55:45.377347: Epoch 14
2026-01-03 08:55:45.379709: Current learning rate: 0.00958
2026-01-03 08:56:25.849596: train_loss 0.694
2026-01-03 08:56:25.855924: val_loss 1.7024
2026-01-03 08:56:25.873511: val classification accuracy 0.5185
2026-01-03 08:56:25.879549: val auc 0.4307
2026-01-03 08:56:25.882350: Epoch time: 40.48 s
2026-01-03 08:56:26.611441: 
2026-01-03 08:56:26.614905: Epoch 15
2026-01-03 08:56:26.617374: Current learning rate: 0.00955
2026-01-03 08:57:05.276216: train_loss 0.6844
2026-01-03 08:57:05.280051: val_loss 2.2619
2026-01-03 08:57:05.282703: val classification accuracy 0.5556
2026-01-03 08:57:05.285258: val auc 0.4952
2026-01-03 08:57:05.315852: Epoch time: 38.67 s
2026-01-03 08:57:06.093286: 
2026-01-03 08:57:06.096454: Epoch 16
2026-01-03 08:57:06.098789: Current learning rate: 0.00952
2026-01-03 08:57:44.605895: train_loss 0.6699
2026-01-03 08:57:44.633424: val_loss 2.7684
2026-01-03 08:57:44.639001: val classification accuracy 0.4074
2026-01-03 08:57:44.642728: val auc 0.4259
2026-01-03 08:57:44.646085: Epoch time: 38.51 s
2026-01-03 08:57:45.364026: 
2026-01-03 08:57:45.367410: Epoch 17
2026-01-03 08:57:45.369975: Current learning rate: 0.00949
2026-01-03 08:58:24.498298: train_loss 0.717
2026-01-03 08:58:24.502506: val_loss 0.6396
2026-01-03 08:58:24.505369: val classification accuracy 0.6852
2026-01-03 08:58:24.508276: val auc 0.7016
2026-01-03 08:58:24.511018: Epoch time: 39.14 s
2026-01-03 08:58:25.259944: 
2026-01-03 08:58:25.263151: Epoch 18
2026-01-03 08:58:25.265514: Current learning rate: 0.00946
2026-01-03 08:59:03.811358: train_loss 0.6846
2026-01-03 08:59:03.824601: val_loss 0.7016
2026-01-03 08:59:03.832917: val classification accuracy 0.5741
2026-01-03 08:59:03.838788: val auc 0.6337
2026-01-03 08:59:03.861260: Epoch time: 38.55 s
2026-01-03 08:59:04.607542: 
2026-01-03 08:59:04.611118: Epoch 19
2026-01-03 08:59:04.613679: Current learning rate: 0.00943
2026-01-03 08:59:42.918011: train_loss 0.6821
2026-01-03 08:59:42.938565: val_loss 1.8196
2026-01-03 08:59:42.945048: val classification accuracy 0.6481
2026-01-03 08:59:42.947832: val auc 0.5542
2026-01-03 08:59:42.950700: Epoch time: 38.31 s
2026-01-03 08:59:43.646165: Saved periodic checkpoint /hpf/projects/jquon/sumin/nnUNet_data/nnUNet_results/Dataset033_AVM_T1+C/DenseNetTrainer_ep300_NoMirroring_x2__nnUNetResEncUNetLPlans__3d_fullres/fold_9/checkpoint_every20_best_balacc.pth at epoch 19 with val_balanced_accuracy=0.6481
2026-01-03 08:59:44.426661: Saved periodic checkpoint /hpf/projects/jquon/sumin/nnUNet_data/nnUNet_results/Dataset033_AVM_T1+C/DenseNetTrainer_ep300_NoMirroring_x2__nnUNetResEncUNetLPlans__3d_fullres/fold_9/checkpoint_every20_best_auroc.pth at epoch 19 with val_auc=0.5542
2026-01-03 08:59:45.120573: 
2026-01-03 08:59:45.123341: Epoch 20
2026-01-03 08:59:45.125604: Current learning rate: 0.0094
2026-01-03 09:00:22.738243: train_loss 0.6982
2026-01-03 09:00:22.752416: val_loss 0.7244
2026-01-03 09:00:22.755865: val classification accuracy 0.4815
2026-01-03 09:00:22.759213: val auc 0.4527
2026-01-03 09:00:22.762178: Epoch time: 37.62 s
2026-01-03 09:00:23.542722: 
2026-01-03 09:00:23.546391: Epoch 21
2026-01-03 09:00:23.548936: Current learning rate: 0.00937
2026-01-03 09:01:00.236236: train_loss 0.6838
2026-01-03 09:01:00.240676: val_loss 1.2675
2026-01-03 09:01:00.243893: val classification accuracy 0.537
2026-01-03 09:01:00.247926: val auc 0.4835
2026-01-03 09:01:00.251087: Epoch time: 36.7 s
2026-01-03 09:01:00.998780: 
2026-01-03 09:01:01.001966: Epoch 22
2026-01-03 09:01:01.004266: Current learning rate: 0.00934
2026-01-03 09:01:39.357743: train_loss 0.6516
2026-01-03 09:01:39.366942: val_loss 0.8057
2026-01-03 09:01:39.369535: val classification accuracy 0.5741
2026-01-03 09:01:39.372032: val auc 0.5871
2026-01-03 09:01:39.374416: Epoch time: 38.36 s
2026-01-03 09:01:40.082691: 
2026-01-03 09:01:40.086098: Epoch 23
2026-01-03 09:01:40.088208: Current learning rate: 0.00931
2026-01-03 09:02:17.433363: train_loss 0.6796
2026-01-03 09:02:17.441781: val_loss 0.9388
2026-01-03 09:02:17.444572: val classification accuracy 0.4815
2026-01-03 09:02:17.447396: val auc 0.3642
2026-01-03 09:02:17.449998: Epoch time: 37.35 s
2026-01-03 09:02:18.167184: 
2026-01-03 09:02:18.170236: Epoch 24
2026-01-03 09:02:18.172369: Current learning rate: 0.00928
2026-01-03 09:02:57.898107: train_loss 0.6687
2026-01-03 09:02:57.909695: val_loss 3.878
2026-01-03 09:02:57.912633: val classification accuracy 0.3889
2026-01-03 09:02:57.915543: val auc 0.3841
2026-01-03 09:02:57.918517: Epoch time: 39.73 s
2026-01-03 09:02:58.675415: 
2026-01-03 09:02:58.679051: Epoch 25
2026-01-03 09:02:58.681630: Current learning rate: 0.00925
2026-01-03 09:03:36.176870: train_loss 0.6748
2026-01-03 09:03:36.187400: val_loss 2.7759
2026-01-03 09:03:36.190007: val classification accuracy 0.5
2026-01-03 09:03:36.193750: val auc 0.4808
2026-01-03 09:03:36.196388: Epoch time: 37.5 s
2026-01-03 09:03:36.947772: 
2026-01-03 09:03:36.951240: Epoch 26
2026-01-03 09:03:36.953761: Current learning rate: 0.00922
2026-01-03 09:04:15.434199: train_loss 0.665
2026-01-03 09:04:15.463894: val_loss 3.4605
2026-01-03 09:04:15.467962: val classification accuracy 0.3333
2026-01-03 09:04:15.471590: val auc 0.3436
2026-01-03 09:04:15.474973: Epoch time: 38.49 s
2026-01-03 09:04:16.668966: 
2026-01-03 09:04:16.672420: Epoch 27
2026-01-03 09:04:16.674891: Current learning rate: 0.00919
2026-01-03 09:04:55.423062: train_loss 0.6538
2026-01-03 09:04:55.444352: val_loss 0.8491
2026-01-03 09:04:55.446905: val classification accuracy 0.463
2026-01-03 09:04:55.449405: val auc 0.4266
2026-01-03 09:04:55.451627: Epoch time: 38.76 s
2026-01-03 09:04:56.176467: 
2026-01-03 09:04:56.179540: Epoch 28
2026-01-03 09:04:56.181783: Current learning rate: 0.00916
2026-01-03 09:05:34.677819: train_loss 0.6687
2026-01-03 09:05:34.682066: val_loss 2.3373
2026-01-03 09:05:34.684861: val classification accuracy 0.3333
2026-01-03 09:05:34.687435: val auc 0.2894
2026-01-03 09:05:34.689865: Epoch time: 38.5 s
2026-01-03 09:05:35.417147: 
2026-01-03 09:05:35.420603: Epoch 29
2026-01-03 09:05:35.423295: Current learning rate: 0.00913
2026-01-03 09:06:11.452697: train_loss 0.6767
2026-01-03 09:06:11.457498: val_loss 1.1752
2026-01-03 09:06:11.460169: val classification accuracy 0.4074
2026-01-03 09:06:11.462721: val auc 0.439
2026-01-03 09:06:11.465427: Epoch time: 36.04 s
2026-01-03 09:06:12.192070: 
2026-01-03 09:06:12.195543: Epoch 30
2026-01-03 09:06:12.198081: Current learning rate: 0.0091
2026-01-03 09:06:48.865908: train_loss 0.6713
2026-01-03 09:06:48.870125: val_loss 1.8566
2026-01-03 09:06:48.872477: val classification accuracy 0.4259
2026-01-03 09:06:48.874779: val auc 0.3505
2026-01-03 09:06:48.877098: Epoch time: 36.68 s
2026-01-03 09:06:49.628016: 
2026-01-03 09:06:49.631103: Epoch 31
2026-01-03 09:06:49.633391: Current learning rate: 0.00907
2026-01-03 09:07:25.852552: train_loss 0.7048
2026-01-03 09:07:25.867193: val_loss 0.7908
2026-01-03 09:07:25.870207: val classification accuracy 0.5926
2026-01-03 09:07:25.873308: val auc 0.6447
2026-01-03 09:07:25.876453: Epoch time: 36.23 s
2026-01-03 09:07:27.159398: 
2026-01-03 09:07:27.162652: Epoch 32
2026-01-03 09:07:27.164931: Current learning rate: 0.00903
2026-01-03 09:08:06.393745: train_loss 0.6823
2026-01-03 09:08:06.402726: val_loss 0.8999
2026-01-03 09:08:06.405654: val classification accuracy 0.4074
2026-01-03 09:08:06.408346: val auc 0.3663
2026-01-03 09:08:06.413095: Epoch time: 39.24 s
2026-01-03 09:08:07.176426: 
2026-01-03 09:08:07.189902: Epoch 33
2026-01-03 09:08:07.192236: Current learning rate: 0.009
2026-01-03 09:08:43.669335: train_loss 0.6904
2026-01-03 09:08:43.673469: val_loss 0.9184
2026-01-03 09:08:43.676013: val classification accuracy 0.3889
2026-01-03 09:08:43.678342: val auc 0.321
2026-01-03 09:08:43.680605: Epoch time: 36.49 s
2026-01-03 09:08:44.393402: 
2026-01-03 09:08:44.396498: Epoch 34
2026-01-03 09:08:44.398882: Current learning rate: 0.00897
2026-01-03 09:09:22.296697: train_loss 0.6669
2026-01-03 09:09:22.306293: val_loss 0.8833
2026-01-03 09:09:22.309761: val classification accuracy 0.5185
2026-01-03 09:09:22.313187: val auc 0.5556
2026-01-03 09:09:22.316155: Epoch time: 37.9 s
2026-01-03 09:09:23.076658: 
2026-01-03 09:09:23.102767: Epoch 35
2026-01-03 09:09:23.105543: Current learning rate: 0.00894
2026-01-03 09:10:01.734388: train_loss 0.67
2026-01-03 09:10:01.738363: val_loss 0.7979
2026-01-03 09:10:01.741157: val classification accuracy 0.5
2026-01-03 09:10:01.743571: val auc 0.535
2026-01-03 09:10:01.745935: Epoch time: 38.66 s
2026-01-03 09:10:02.501057: 
2026-01-03 09:10:02.504572: Epoch 36
2026-01-03 09:10:02.507115: Current learning rate: 0.00891
2026-01-03 09:10:41.451243: train_loss 0.6589
2026-01-03 09:10:41.455732: val_loss 1.1881
2026-01-03 09:10:41.458223: val classification accuracy 0.3519
2026-01-03 09:10:41.493407: val auc 0.2668
2026-01-03 09:10:41.496484: Epoch time: 38.95 s
2026-01-03 09:10:42.697819: 
2026-01-03 09:10:42.701286: Epoch 37
2026-01-03 09:10:42.703729: Current learning rate: 0.00888
2026-01-03 09:11:19.481122: train_loss 0.6756
2026-01-03 09:11:19.507102: val_loss 0.7767
2026-01-03 09:11:19.510208: val classification accuracy 0.5185
2026-01-03 09:11:19.513600: val auc 0.5219
2026-01-03 09:11:19.528178: Epoch time: 36.78 s
2026-01-03 09:11:20.250375: 
2026-01-03 09:11:20.253658: Epoch 38
2026-01-03 09:11:20.255869: Current learning rate: 0.00885
2026-01-03 09:11:59.397390: train_loss 0.673
2026-01-03 09:11:59.410237: val_loss 0.7371
2026-01-03 09:11:59.413288: val classification accuracy 0.6111
2026-01-03 09:11:59.416020: val auc 0.6406
2026-01-03 09:11:59.418858: Epoch time: 39.15 s
2026-01-03 09:12:00.172328: 
2026-01-03 09:12:00.187962: Epoch 39
2026-01-03 09:12:00.190388: Current learning rate: 0.00882
2026-01-03 09:12:39.769325: train_loss 0.6489
2026-01-03 09:12:39.773607: val_loss 0.9167
2026-01-03 09:12:39.776457: val classification accuracy 0.5556
2026-01-03 09:12:39.779281: val auc 0.6523
2026-01-03 09:12:39.781938: Epoch time: 39.6 s
2026-01-03 09:12:40.483210: Saved periodic checkpoint /hpf/projects/jquon/sumin/nnUNet_data/nnUNet_results/Dataset033_AVM_T1+C/DenseNetTrainer_ep300_NoMirroring_x2__nnUNetResEncUNetLPlans__3d_fullres/fold_9/checkpoint_every20_best_auroc.pth at epoch 39 with val_auc=0.6523
2026-01-03 09:12:41.174777: 
2026-01-03 09:12:41.177784: Epoch 40
2026-01-03 09:12:41.180184: Current learning rate: 0.00879
2026-01-03 09:13:19.841922: train_loss 0.681
2026-01-03 09:13:19.846934: val_loss 2.5243
2026-01-03 09:13:19.871565: val classification accuracy 0.4259
2026-01-03 09:13:19.897979: val auc 0.4088
2026-01-03 09:13:19.900862: Epoch time: 38.67 s
2026-01-03 09:13:20.626409: 
2026-01-03 09:13:20.629841: Epoch 41
2026-01-03 09:13:20.632309: Current learning rate: 0.00876
2026-01-03 09:13:59.594784: train_loss 0.7005
2026-01-03 09:13:59.598709: val_loss 1.5793
2026-01-03 09:13:59.602747: val classification accuracy 0.4444
2026-01-03 09:13:59.605527: val auc 0.3416
2026-01-03 09:13:59.608352: Epoch time: 38.97 s
2026-01-03 09:14:00.839047: 
2026-01-03 09:14:00.842294: Epoch 42
2026-01-03 09:14:00.844596: Current learning rate: 0.00873
2026-01-03 09:14:40.345087: train_loss 0.6286
2026-01-03 09:14:40.352530: val_loss 1.4436
2026-01-03 09:14:40.355228: val classification accuracy 0.6667
2026-01-03 09:14:40.357802: val auc 0.6859
2026-01-03 09:14:40.360540: Epoch time: 39.51 s
2026-01-03 09:14:41.127595: 
2026-01-03 09:14:41.130970: Epoch 43
2026-01-03 09:14:41.133485: Current learning rate: 0.0087
2026-01-03 09:15:21.443056: train_loss 0.6896
2026-01-03 09:15:21.454507: val_loss 2.0775
2026-01-03 09:15:21.462977: val classification accuracy 0.3889
2026-01-03 09:15:21.471640: val auc 0.3155
2026-01-03 09:15:21.474840: Epoch time: 40.32 s
2026-01-03 09:15:22.214630: 
2026-01-03 09:15:22.218059: Epoch 44
2026-01-03 09:15:22.220682: Current learning rate: 0.00867
2026-01-03 09:16:00.845812: train_loss 0.6754
2026-01-03 09:16:00.877612: val_loss 0.6238
2026-01-03 09:16:00.911514: val classification accuracy 0.537
2026-01-03 09:16:00.914213: val auc 0.7476
2026-01-03 09:16:00.944164: Epoch time: 38.63 s
2026-01-03 09:16:01.680521: 
2026-01-03 09:16:01.683935: Epoch 45
2026-01-03 09:16:01.686363: Current learning rate: 0.00864
2026-01-03 09:16:38.803820: train_loss 0.6687
2026-01-03 09:16:38.807379: val_loss 0.6174
2026-01-03 09:16:38.810436: val classification accuracy 0.6481
2026-01-03 09:16:38.813067: val auc 0.7298
2026-01-03 09:16:38.815297: Epoch time: 37.12 s
2026-01-03 09:16:39.545994: 
2026-01-03 09:16:39.549380: Epoch 46
2026-01-03 09:16:39.551754: Current learning rate: 0.00861
2026-01-03 09:17:19.750334: train_loss 0.6711
2026-01-03 09:17:19.755007: val_loss 0.7963
2026-01-03 09:17:19.757806: val classification accuracy 0.4815
2026-01-03 09:17:19.764105: val auc 0.5267
2026-01-03 09:17:19.767151: Epoch time: 40.21 s
2026-01-03 09:17:20.984010: 
2026-01-03 09:17:20.987474: Epoch 47
2026-01-03 09:17:20.989938: Current learning rate: 0.00858
2026-01-03 09:17:58.395146: train_loss 0.6593
2026-01-03 09:17:58.403778: val_loss 0.7503
2026-01-03 09:17:58.406536: val classification accuracy 0.5926
2026-01-03 09:17:58.409298: val auc 0.6454
2026-01-03 09:17:58.411760: Epoch time: 37.41 s
2026-01-03 09:17:59.164064: 
2026-01-03 09:17:59.167038: Epoch 48
2026-01-03 09:17:59.169381: Current learning rate: 0.00855
2026-01-03 09:18:40.163341: train_loss 0.659
2026-01-03 09:18:40.167969: val_loss 0.6735
2026-01-03 09:18:40.170737: val classification accuracy 0.5926
2026-01-03 09:18:40.173291: val auc 0.642
2026-01-03 09:18:40.175670: Epoch time: 41.0 s
2026-01-03 09:18:40.912211: 
2026-01-03 09:18:40.915565: Epoch 49
2026-01-03 09:18:40.918002: Current learning rate: 0.00852
2026-01-03 09:19:20.431726: train_loss 0.6768
2026-01-03 09:19:20.466112: val_loss 0.7087
2026-01-03 09:19:20.481486: val classification accuracy 0.6111
2026-01-03 09:19:20.484231: val auc 0.6516
2026-01-03 09:19:20.486948: Epoch time: 39.52 s
2026-01-03 09:19:21.211525: 
2026-01-03 09:19:21.214559: Epoch 50
2026-01-03 09:19:21.217089: Current learning rate: 0.00849
2026-01-03 09:20:03.083872: train_loss 0.6508
2026-01-03 09:20:03.104030: val_loss 0.8213
2026-01-03 09:20:03.110200: val classification accuracy 0.5185
2026-01-03 09:20:03.113078: val auc 0.5638
2026-01-03 09:20:03.116352: Epoch time: 41.87 s
2026-01-03 09:20:03.894321: 
2026-01-03 09:20:03.897439: Epoch 51
2026-01-03 09:20:03.899627: Current learning rate: 0.00846
2026-01-03 09:20:42.151083: train_loss 0.6738
2026-01-03 09:20:42.154852: val_loss 0.6791
2026-01-03 09:20:42.194424: val classification accuracy 0.5926
2026-01-03 09:20:42.197416: val auc 0.6255
2026-01-03 09:20:42.200242: Epoch time: 38.26 s
2026-01-03 09:20:42.924792: 
2026-01-03 09:20:42.928325: Epoch 52
2026-01-03 09:20:42.930992: Current learning rate: 0.00843
2026-01-03 09:21:21.261858: train_loss 0.6544
2026-01-03 09:21:21.267078: val_loss 0.9121
2026-01-03 09:21:21.270244: val classification accuracy 0.4259
2026-01-03 09:21:21.273193: val auc 0.4616
2026-01-03 09:21:21.275895: Epoch time: 38.34 s
2026-01-03 09:21:22.029991: 
2026-01-03 09:21:22.033376: Epoch 53
2026-01-03 09:21:22.035706: Current learning rate: 0.00839
2026-01-03 09:22:01.550099: train_loss 0.6689
2026-01-03 09:22:01.554927: val_loss 0.804
2026-01-03 09:22:01.558117: val classification accuracy 0.463
2026-01-03 09:22:01.569052: val auc 0.4842
2026-01-03 09:22:01.571600: Epoch time: 39.52 s
2026-01-03 09:22:02.335927: 
2026-01-03 09:22:02.339500: Epoch 54
2026-01-03 09:22:02.341919: Current learning rate: 0.00836
2026-01-03 09:22:41.700678: train_loss 0.6561
2026-01-03 09:22:41.727125: val_loss 0.7408
2026-01-03 09:22:41.730032: val classification accuracy 0.5556
2026-01-03 09:22:41.734389: val auc 0.5857
2026-01-03 09:22:41.737547: Epoch time: 39.37 s
2026-01-03 09:22:42.458311: 
2026-01-03 09:22:42.461598: Epoch 55
2026-01-03 09:22:42.464208: Current learning rate: 0.00833
2026-01-03 09:23:20.882718: train_loss 0.6472
2026-01-03 09:23:20.888551: val_loss 1.0873
2026-01-03 09:23:20.894393: val classification accuracy 0.4259
2026-01-03 09:23:20.920983: val auc 0.3937
2026-01-03 09:23:20.923912: Epoch time: 38.43 s
2026-01-03 09:23:21.682094: 
2026-01-03 09:23:21.685285: Epoch 56
2026-01-03 09:23:21.687717: Current learning rate: 0.0083
2026-01-03 09:24:00.341786: train_loss 0.6611
2026-01-03 09:24:00.356145: val_loss 0.9743
2026-01-03 09:24:00.383648: val classification accuracy 0.537
2026-01-03 09:24:00.391781: val auc 0.5508
2026-01-03 09:24:00.394572: Epoch time: 38.66 s
2026-01-03 09:24:01.145078: 
2026-01-03 09:24:01.148482: Epoch 57
2026-01-03 09:24:01.150939: Current learning rate: 0.00827
2026-01-03 09:24:38.593524: train_loss 0.6604
2026-01-03 09:24:38.597928: val_loss 0.9408
2026-01-03 09:24:38.600458: val classification accuracy 0.5185
2026-01-03 09:24:38.602813: val auc 0.4945
2026-01-03 09:24:38.605114: Epoch time: 37.45 s
2026-01-03 09:24:39.345937: 
2026-01-03 09:24:39.349061: Epoch 58
2026-01-03 09:24:39.351456: Current learning rate: 0.00824
2026-01-03 09:25:17.942222: train_loss 0.6368
2026-01-03 09:25:17.946743: val_loss 0.9583
2026-01-03 09:25:17.950627: val classification accuracy 0.5926
2026-01-03 09:25:17.953502: val auc 0.5048
2026-01-03 09:25:17.968001: Epoch time: 38.6 s
2026-01-03 09:25:18.732495: 
2026-01-03 09:25:18.735704: Epoch 59
2026-01-03 09:25:18.738097: Current learning rate: 0.00821
2026-01-03 09:25:59.607612: train_loss 0.6663
2026-01-03 09:25:59.624167: val_loss 1.0419
2026-01-03 09:25:59.627407: val classification accuracy 0.3889
2026-01-03 09:25:59.630134: val auc 0.4294
2026-01-03 09:25:59.632765: Epoch time: 40.88 s
2026-01-03 09:26:00.352896: 
2026-01-03 09:26:00.356156: Epoch 60
2026-01-03 09:26:00.358704: Current learning rate: 0.00818
2026-01-03 09:26:39.908402: train_loss 0.654
2026-01-03 09:26:39.920706: val_loss 1.6574
2026-01-03 09:26:39.923779: val classification accuracy 0.3889
2026-01-03 09:26:39.926667: val auc 0.299
2026-01-03 09:26:39.929559: Epoch time: 39.56 s
2026-01-03 09:26:40.688491: 
2026-01-03 09:26:40.692051: Epoch 61
2026-01-03 09:26:40.694395: Current learning rate: 0.00815
2026-01-03 09:27:21.958529: train_loss 0.6611
2026-01-03 09:27:21.962558: val_loss 0.7582
2026-01-03 09:27:21.970345: val classification accuracy 0.5556
2026-01-03 09:27:21.975312: val auc 0.6351
2026-01-03 09:27:21.979063: Epoch time: 41.27 s
2026-01-03 09:27:22.788440: 
2026-01-03 09:27:22.792362: Epoch 62
2026-01-03 09:27:22.794904: Current learning rate: 0.00812
2026-01-03 09:28:00.725826: train_loss 0.6344
2026-01-03 09:28:00.730648: val_loss 1.0067
2026-01-03 09:28:00.733437: val classification accuracy 0.4259
2026-01-03 09:28:00.736109: val auc 0.4479
2026-01-03 09:28:00.738604: Epoch time: 37.94 s
2026-01-03 09:28:01.464671: 
2026-01-03 09:28:01.468030: Epoch 63
2026-01-03 09:28:01.470460: Current learning rate: 0.00809
2026-01-03 09:28:38.841697: train_loss 0.6502
2026-01-03 09:28:38.853393: val_loss 0.7642
2026-01-03 09:28:38.856911: val classification accuracy 0.5556
2026-01-03 09:28:38.860033: val auc 0.5364
2026-01-03 09:28:38.862838: Epoch time: 37.38 s
2026-01-03 09:28:39.570304: 
2026-01-03 09:28:39.573277: Epoch 64
2026-01-03 09:28:39.575644: Current learning rate: 0.00806
2026-01-03 09:29:17.292041: train_loss 0.6521
2026-01-03 09:29:17.296852: val_loss 1.0886
2026-01-03 09:29:17.299815: val classification accuracy 0.537
2026-01-03 09:29:17.302528: val auc 0.5309
2026-01-03 09:29:17.305204: Epoch time: 37.72 s
2026-01-03 09:29:18.021865: 
2026-01-03 09:29:18.025387: Epoch 65
2026-01-03 09:29:18.027806: Current learning rate: 0.00803
2026-01-03 09:29:53.478063: train_loss 0.6564
2026-01-03 09:29:53.485497: val_loss 1.2277
2026-01-03 09:29:53.488543: val classification accuracy 0.4444
2026-01-03 09:29:53.491313: val auc 0.3724
2026-01-03 09:29:53.494410: Epoch time: 35.46 s
2026-01-03 09:29:54.227213: 
2026-01-03 09:29:54.230617: Epoch 66
2026-01-03 09:29:54.232853: Current learning rate: 0.008
2026-01-03 09:30:32.433813: train_loss 0.6549
2026-01-03 09:30:32.438607: val_loss 1.2363
2026-01-03 09:30:32.441391: val classification accuracy 0.4815
2026-01-03 09:30:32.471787: val auc 0.4842
2026-01-03 09:30:32.475015: Epoch time: 38.21 s
2026-01-03 09:30:33.239623: 
2026-01-03 09:30:33.243189: Epoch 67
2026-01-03 09:30:33.245776: Current learning rate: 0.00797
2026-01-03 09:31:10.429065: train_loss 0.6673
2026-01-03 09:31:10.437521: val_loss 1.2031
2026-01-03 09:31:10.442569: val classification accuracy 0.5
2026-01-03 09:31:10.448749: val auc 0.4733
2026-01-03 09:31:10.451720: Epoch time: 37.19 s
2026-01-03 09:31:11.174569: 
2026-01-03 09:31:11.177767: Epoch 68
2026-01-03 09:31:11.180241: Current learning rate: 0.00793
2026-01-03 09:31:47.822220: train_loss 0.6462
2026-01-03 09:31:47.828929: val_loss 1.0006
2026-01-03 09:31:47.832029: val classification accuracy 0.6667
2026-01-03 09:31:47.835469: val auc 0.7325
2026-01-03 09:31:47.838368: Epoch time: 36.65 s
2026-01-03 09:31:48.580954: 
2026-01-03 09:31:48.584091: Epoch 69
2026-01-03 09:31:48.586454: Current learning rate: 0.0079
2026-01-03 09:32:27.615418: train_loss 0.6874
2026-01-03 09:32:27.650661: val_loss 0.7974
2026-01-03 09:32:27.653595: val classification accuracy 0.463
2026-01-03 09:32:27.656307: val auc 0.4753
2026-01-03 09:32:27.658932: Epoch time: 39.04 s
2026-01-03 09:32:28.382068: 
2026-01-03 09:32:28.385144: Epoch 70
2026-01-03 09:32:28.387785: Current learning rate: 0.00787
2026-01-03 09:33:09.193092: train_loss 0.6616
2026-01-03 09:33:09.199821: val_loss 0.7293
2026-01-03 09:33:09.202861: val classification accuracy 0.6852
2026-01-03 09:33:09.205496: val auc 0.6509
2026-01-03 09:33:09.244820: Epoch time: 40.81 s
2026-01-03 09:33:09.958338: 
2026-01-03 09:33:09.962215: Epoch 71
2026-01-03 09:33:09.964789: Current learning rate: 0.00784
2026-01-03 09:33:51.084342: train_loss 0.6548
2026-01-03 09:33:51.095832: val_loss 0.9277
2026-01-03 09:33:51.099005: val classification accuracy 0.5
2026-01-03 09:33:51.102031: val auc 0.5199
2026-01-03 09:33:51.104726: Epoch time: 41.13 s
2026-01-03 09:33:51.862435: 
2026-01-03 09:33:51.865659: Epoch 72
2026-01-03 09:33:51.868212: Current learning rate: 0.00781
2026-01-03 09:34:29.173103: train_loss 0.6622
2026-01-03 09:34:29.177773: val_loss 0.6901
2026-01-03 09:34:29.180480: val classification accuracy 0.6111
2026-01-03 09:34:29.183146: val auc 0.6433
2026-01-03 09:34:29.186169: Epoch time: 37.31 s
2026-01-03 09:34:29.940307: 
2026-01-03 09:34:29.943743: Epoch 73
2026-01-03 09:34:29.946281: Current learning rate: 0.00778
2026-01-03 09:35:08.474824: train_loss 0.6713
2026-01-03 09:35:08.497529: val_loss 0.7887
2026-01-03 09:35:08.500438: val classification accuracy 0.537
2026-01-03 09:35:08.503983: val auc 0.5652
2026-01-03 09:35:08.507324: Epoch time: 38.54 s
2026-01-03 09:35:09.241317: 
2026-01-03 09:35:09.244487: Epoch 74
2026-01-03 09:35:09.246970: Current learning rate: 0.00775
2026-01-03 09:35:48.498679: train_loss 0.6632
2026-01-03 09:35:48.503730: val_loss 0.7114
2026-01-03 09:35:48.506983: val classification accuracy 0.5741
2026-01-03 09:35:48.509997: val auc 0.6015
2026-01-03 09:35:48.512926: Epoch time: 39.26 s
2026-01-03 09:35:49.222989: 
2026-01-03 09:35:49.226480: Epoch 75
2026-01-03 09:35:49.228955: Current learning rate: 0.00772
2026-01-03 09:36:26.592088: train_loss 0.6218
2026-01-03 09:36:26.596773: val_loss 0.8715
2026-01-03 09:36:26.600158: val classification accuracy 0.5185
2026-01-03 09:36:26.603067: val auc 0.5748
2026-01-03 09:36:26.606092: Epoch time: 37.37 s
2026-01-03 09:36:27.332756: 
2026-01-03 09:36:27.336387: Epoch 76
2026-01-03 09:36:27.339069: Current learning rate: 0.00769
2026-01-03 09:37:07.784461: train_loss 0.6458
2026-01-03 09:37:07.795227: val_loss 1.9713
2026-01-03 09:37:07.798082: val classification accuracy 0.4444
2026-01-03 09:37:07.801017: val auc 0.4335
2026-01-03 09:37:07.803734: Epoch time: 40.45 s
2026-01-03 09:37:08.519582: 
2026-01-03 09:37:08.523171: Epoch 77
2026-01-03 09:37:08.525636: Current learning rate: 0.00766
2026-01-03 09:37:48.069121: train_loss 0.6525
2026-01-03 09:37:48.073654: val_loss 1.1418
2026-01-03 09:37:48.081226: val classification accuracy 0.4259
2026-01-03 09:37:48.086094: val auc 0.4005
2026-01-03 09:37:48.090634: Epoch time: 39.55 s
2026-01-03 09:37:48.830594: 
2026-01-03 09:37:48.834196: Epoch 78
2026-01-03 09:37:48.836751: Current learning rate: 0.00763
2026-01-03 09:38:29.897721: train_loss 0.6576
2026-01-03 09:38:29.926292: val_loss 0.7231
2026-01-03 09:38:29.946998: val classification accuracy 0.5
2026-01-03 09:38:29.950622: val auc 0.5885
2026-01-03 09:38:29.969230: Epoch time: 41.07 s
2026-01-03 09:38:30.729019: 
2026-01-03 09:38:30.732068: Epoch 79
2026-01-03 09:38:30.734385: Current learning rate: 0.0076
2026-01-03 09:39:09.697139: train_loss 0.6825
2026-01-03 09:39:09.701593: val_loss 0.9117
2026-01-03 09:39:09.704544: val classification accuracy 0.5
2026-01-03 09:39:09.734208: val auc 0.5089
2026-01-03 09:39:09.741986: Epoch time: 38.97 s
2026-01-03 09:39:10.499436: 
2026-01-03 09:39:10.502535: Epoch 80
2026-01-03 09:39:10.505372: Current learning rate: 0.00756
2026-01-03 09:39:49.048100: train_loss 0.6849
2026-01-03 09:39:49.061278: val_loss 3.8196
2026-01-03 09:39:49.064249: val classification accuracy 0.463
2026-01-03 09:39:49.067925: val auc 0.406
2026-01-03 09:39:49.087814: Epoch time: 38.55 s
2026-01-03 09:39:50.324233: 
2026-01-03 09:39:50.327873: Epoch 81
2026-01-03 09:39:50.330730: Current learning rate: 0.00753
2026-01-03 09:40:29.510074: train_loss 0.6662
2026-01-03 09:40:29.514615: val_loss 1.3723
2026-01-03 09:40:29.517710: val classification accuracy 0.4444
2026-01-03 09:40:29.520571: val auc 0.4458
2026-01-03 09:40:29.523969: Epoch time: 39.19 s
2026-01-03 09:40:30.336039: 
2026-01-03 09:40:30.339568: Epoch 82
2026-01-03 09:40:30.342144: Current learning rate: 0.0075
2026-01-03 09:41:08.881732: train_loss 0.6415
2026-01-03 09:41:08.891536: val_loss 1.2374
2026-01-03 09:41:08.918353: val classification accuracy 0.3889
2026-01-03 09:41:08.921770: val auc 0.3875
2026-01-03 09:41:08.925009: Epoch time: 38.55 s
2026-01-03 09:41:09.675546: 
2026-01-03 09:41:09.679431: Epoch 83
2026-01-03 09:41:09.682079: Current learning rate: 0.00747
2026-01-03 09:41:47.699054: train_loss 0.6373
2026-01-03 09:41:47.703243: val_loss 4.6036
2026-01-03 09:41:47.706077: val classification accuracy 0.3333
2026-01-03 09:41:47.708706: val auc 0.2305
2026-01-03 09:41:47.711402: Epoch time: 38.03 s
2026-01-03 09:41:48.469557: 
2026-01-03 09:41:48.472837: Epoch 84
2026-01-03 09:41:48.475409: Current learning rate: 0.00744
2026-01-03 09:42:28.860439: train_loss 0.6343
2026-01-03 09:42:28.881919: val_loss 1.2842
2026-01-03 09:42:28.890389: val classification accuracy 0.5
2026-01-03 09:42:28.894529: val auc 0.5171
2026-01-03 09:42:28.897758: Epoch time: 40.39 s
2026-01-03 09:42:29.643595: 
2026-01-03 09:42:29.647040: Epoch 85
2026-01-03 09:42:29.649494: Current learning rate: 0.00741
2026-01-03 09:43:09.111094: train_loss 0.6848
2026-01-03 09:43:09.115384: val_loss 1.134
2026-01-03 09:43:09.118259: val classification accuracy 0.5741
2026-01-03 09:43:09.120850: val auc 0.5679
2026-01-03 09:43:09.123703: Epoch time: 39.47 s
2026-01-03 09:43:10.409028: 
2026-01-03 09:43:10.412431: Epoch 86
2026-01-03 09:43:10.414941: Current learning rate: 0.00738
2026-01-03 09:43:48.573044: train_loss 0.6546
2026-01-03 09:43:48.584289: val_loss 0.9446
2026-01-03 09:43:48.587309: val classification accuracy 0.4259
2026-01-03 09:43:48.590403: val auc 0.4492
2026-01-03 09:43:48.593381: Epoch time: 38.17 s
2026-01-03 09:43:49.311762: 
2026-01-03 09:43:49.315212: Epoch 87
2026-01-03 09:43:49.317742: Current learning rate: 0.00735
2026-01-03 09:44:26.855929: train_loss 0.6372
2026-01-03 09:44:26.896041: val_loss 0.9476
2026-01-03 09:44:26.899443: val classification accuracy 0.5926
2026-01-03 09:44:26.902970: val auc 0.5816
2026-01-03 09:44:26.906017: Epoch time: 37.55 s
2026-01-03 09:44:27.649759: 
2026-01-03 09:44:27.652947: Epoch 88
2026-01-03 09:44:27.655339: Current learning rate: 0.00732
2026-01-03 09:45:05.644481: train_loss 0.6548
2026-01-03 09:45:05.649497: val_loss 0.7159
2026-01-03 09:45:05.652523: val classification accuracy 0.5556
2026-01-03 09:45:05.655724: val auc 0.6008
2026-01-03 09:45:05.659833: Epoch time: 38.0 s
2026-01-03 09:45:06.398789: 
2026-01-03 09:45:06.402313: Epoch 89
2026-01-03 09:45:06.404972: Current learning rate: 0.00729
2026-01-03 09:45:45.908728: train_loss 0.6584
2026-01-03 09:45:45.928001: val_loss 0.7777
2026-01-03 09:45:45.953133: val classification accuracy 0.6111
2026-01-03 09:45:45.956494: val auc 0.6337
2026-01-03 09:45:45.959392: Epoch time: 39.51 s
2026-01-03 09:45:46.699111: 
2026-01-03 09:45:46.702756: Epoch 90
2026-01-03 09:45:46.705240: Current learning rate: 0.00725
2026-01-03 09:46:23.117590: train_loss 0.6557
2026-01-03 09:46:23.122325: val_loss 2.7298
2026-01-03 09:46:23.125319: val classification accuracy 0.4259
2026-01-03 09:46:23.128264: val auc 0.3786
2026-01-03 09:46:23.131128: Epoch time: 36.42 s
2026-01-03 09:46:24.344947: 
2026-01-03 09:46:24.348035: Epoch 91
2026-01-03 09:46:24.350393: Current learning rate: 0.00722
2026-01-03 09:47:03.240268: train_loss 0.6221
2026-01-03 09:47:03.247024: val_loss 6.0141
2026-01-03 09:47:03.250116: val classification accuracy 0.4259
2026-01-03 09:47:03.257925: val auc 0.3443
2026-01-03 09:47:03.260888: Epoch time: 38.9 s
2026-01-03 09:47:04.037295: 
2026-01-03 09:47:04.041020: Epoch 92
2026-01-03 09:47:04.043917: Current learning rate: 0.00719
2026-01-03 09:47:40.752665: train_loss 0.6259
2026-01-03 09:47:40.757984: val_loss 1.6539
2026-01-03 09:47:40.761243: val classification accuracy 0.537
2026-01-03 09:47:40.764166: val auc 0.5405
2026-01-03 09:47:40.767025: Epoch time: 36.72 s
2026-01-03 09:47:41.515985: 
2026-01-03 09:47:41.519753: Epoch 93
2026-01-03 09:47:41.522446: Current learning rate: 0.00716
2026-01-03 09:48:19.983716: train_loss 0.6375
2026-01-03 09:48:19.988027: val_loss 0.8998
2026-01-03 09:48:19.990936: val classification accuracy 0.5926
2026-01-03 09:48:19.994980: val auc 0.6269
2026-01-03 09:48:19.997650: Epoch time: 38.47 s
2026-01-03 09:48:20.717352: 
2026-01-03 09:48:20.720727: Epoch 94
2026-01-03 09:48:20.723225: Current learning rate: 0.00713
2026-01-03 09:48:59.019191: train_loss 0.6241
2026-01-03 09:48:59.033360: val_loss 0.7518
2026-01-03 09:48:59.036350: val classification accuracy 0.6667
2026-01-03 09:48:59.058209: val auc 0.6914
2026-01-03 09:48:59.061027: Epoch time: 38.3 s
2026-01-03 09:48:59.802650: 
2026-01-03 09:48:59.806100: Epoch 95
2026-01-03 09:48:59.808594: Current learning rate: 0.0071
2026-01-03 09:49:35.189516: train_loss 0.6164
2026-01-03 09:49:35.193526: val_loss 1.0843
2026-01-03 09:49:35.196135: val classification accuracy 0.5
2026-01-03 09:49:35.198797: val auc 0.5267
2026-01-03 09:49:35.201513: Epoch time: 35.39 s
2026-01-03 09:49:36.465974: 
2026-01-03 09:49:36.469465: Epoch 96
2026-01-03 09:49:36.471992: Current learning rate: 0.00707
2026-01-03 09:50:15.016835: train_loss 0.6358
2026-01-03 09:50:15.031057: val_loss 1.1951
2026-01-03 09:50:15.037123: val classification accuracy 0.5185
2026-01-03 09:50:15.039848: val auc 0.5103
2026-01-03 09:50:15.042443: Epoch time: 38.55 s
2026-01-03 09:50:15.796671: 
2026-01-03 09:50:15.800151: Epoch 97
2026-01-03 09:50:15.802603: Current learning rate: 0.00704
2026-01-03 09:50:53.946265: train_loss 0.6562
2026-01-03 09:50:53.950412: val_loss 0.795
2026-01-03 09:50:53.953132: val classification accuracy 0.5185
2026-01-03 09:50:53.955679: val auc 0.5267
2026-01-03 09:50:53.958439: Epoch time: 38.15 s
2026-01-03 09:50:54.694966: 
2026-01-03 09:50:54.698369: Epoch 98
2026-01-03 09:50:54.701036: Current learning rate: 0.007
2026-01-03 09:51:32.926694: train_loss 0.625
2026-01-03 09:51:32.931368: val_loss 1.4338
2026-01-03 09:51:32.934101: val classification accuracy 0.5
2026-01-03 09:51:32.936924: val auc 0.4993
2026-01-03 09:51:32.939601: Epoch time: 38.23 s
2026-01-03 09:51:33.704586: 
2026-01-03 09:51:33.707922: Epoch 99
2026-01-03 09:51:33.710562: Current learning rate: 0.00697
2026-01-03 09:52:14.696008: train_loss 0.6363
2026-01-03 09:52:14.726188: val_loss 1.6505
2026-01-03 09:52:14.729510: val classification accuracy 0.6296
2026-01-03 09:52:14.732605: val auc 0.5912
2026-01-03 09:52:14.736417: Epoch time: 40.99 s
2026-01-03 09:52:15.502170: 
2026-01-03 09:52:15.505654: Epoch 100
2026-01-03 09:52:15.508574: Current learning rate: 0.00694
2026-01-03 09:52:52.625951: train_loss 0.6355
2026-01-03 09:52:52.632538: val_loss 1.2608
2026-01-03 09:52:52.635891: val classification accuracy 0.6111
2026-01-03 09:52:52.639373: val auc 0.5912
2026-01-03 09:52:52.642479: Epoch time: 37.13 s
2026-01-03 09:52:53.406758: 
2026-01-03 09:52:53.410313: Epoch 101
2026-01-03 09:52:53.412904: Current learning rate: 0.00691
2026-01-03 09:53:32.209836: train_loss 0.5969
2026-01-03 09:53:32.215314: val_loss 1.6095
2026-01-03 09:53:32.225253: val classification accuracy 0.5
2026-01-03 09:53:32.228520: val auc 0.5117
2026-01-03 09:53:32.231307: Epoch time: 38.8 s
2026-01-03 09:53:32.988923: 
2026-01-03 09:53:32.993013: Epoch 102
2026-01-03 09:53:32.996208: Current learning rate: 0.00688
2026-01-03 09:54:12.675165: train_loss 0.6062
2026-01-03 09:54:12.683334: val_loss 1.0547
2026-01-03 09:54:12.686705: val classification accuracy 0.5185
2026-01-03 09:54:12.689874: val auc 0.4829
2026-01-03 09:54:12.693139: Epoch time: 39.69 s
2026-01-03 09:54:13.450887: 
2026-01-03 09:54:13.454406: Epoch 103
2026-01-03 09:54:13.457234: Current learning rate: 0.00685
2026-01-03 09:54:51.061889: train_loss 0.5968
2026-01-03 09:54:51.068481: val_loss 1.2082
2026-01-03 09:54:51.071835: val classification accuracy 0.4815
2026-01-03 09:54:51.075061: val auc 0.4678
2026-01-03 09:54:51.078131: Epoch time: 37.61 s
2026-01-03 09:54:51.822120: 
2026-01-03 09:54:51.825696: Epoch 104
2026-01-03 09:54:51.828101: Current learning rate: 0.00682
2026-01-03 09:55:32.359922: train_loss 0.6239
2026-01-03 09:55:32.365831: val_loss 0.805
2026-01-03 09:55:32.368872: val classification accuracy 0.537
2026-01-03 09:55:32.396345: val auc 0.6776
2026-01-03 09:55:32.402365: Epoch time: 40.54 s
2026-01-03 09:55:33.135571: 
2026-01-03 09:55:33.139334: Epoch 105
2026-01-03 09:55:33.141915: Current learning rate: 0.00679
2026-01-03 09:56:08.753231: train_loss 0.6634
2026-01-03 09:56:08.764225: val_loss 1.135
2026-01-03 09:56:08.774940: val classification accuracy 0.5741
2026-01-03 09:56:08.778530: val auc 0.6097
2026-01-03 09:56:08.781749: Epoch time: 35.62 s
2026-01-03 09:56:09.536146: 
2026-01-03 09:56:09.539734: Epoch 106
2026-01-03 09:56:09.542292: Current learning rate: 0.00675
2026-01-03 09:56:47.416808: train_loss 0.6424
2026-01-03 09:56:47.442479: val_loss 1.8588
2026-01-03 09:56:47.445457: val classification accuracy 0.5556
2026-01-03 09:56:47.450628: val auc 0.5075
2026-01-03 09:56:47.453245: Epoch time: 37.88 s
2026-01-03 09:56:48.187579: 
2026-01-03 09:56:48.190724: Epoch 107
2026-01-03 09:56:48.193174: Current learning rate: 0.00672
2026-01-03 09:57:26.972608: train_loss 0.6064
2026-01-03 09:57:26.977531: val_loss 0.8361
2026-01-03 09:57:26.980812: val classification accuracy 0.5185
2026-01-03 09:57:26.983982: val auc 0.6324
2026-01-03 09:57:26.987092: Epoch time: 38.79 s
2026-01-03 09:57:27.766980: 
2026-01-03 09:57:27.770459: Epoch 108
2026-01-03 09:57:27.772981: Current learning rate: 0.00669
2026-01-03 09:58:06.176305: train_loss 0.645
2026-01-03 09:58:06.195045: val_loss 1.3708
2026-01-03 09:58:06.198093: val classification accuracy 0.4815
2026-01-03 09:58:06.214767: val auc 0.4856
2026-01-03 09:58:06.217598: Epoch time: 38.41 s
2026-01-03 09:58:06.971208: 
2026-01-03 09:58:06.974429: Epoch 109
2026-01-03 09:58:06.977049: Current learning rate: 0.00666
2026-01-03 09:58:48.537292: train_loss 0.6575
2026-01-03 09:58:48.543506: val_loss 1.402
2026-01-03 09:58:48.546307: val classification accuracy 0.4259
2026-01-03 09:58:48.549903: val auc 0.439
2026-01-03 09:58:48.552968: Epoch time: 41.57 s
2026-01-03 09:58:49.292747: 
2026-01-03 09:58:49.296139: Epoch 110
2026-01-03 09:58:49.298815: Current learning rate: 0.00663
2026-01-03 09:59:26.454454: train_loss 0.6346
2026-01-03 09:59:26.460119: val_loss 1.1363
2026-01-03 09:59:26.463493: val classification accuracy 0.4815
2026-01-03 09:59:26.466374: val auc 0.4403
2026-01-03 09:59:26.469136: Epoch time: 37.16 s
2026-01-03 09:59:27.263952: 
2026-01-03 09:59:27.267346: Epoch 111
2026-01-03 09:59:27.269751: Current learning rate: 0.0066
2026-01-03 10:00:06.679782: train_loss 0.6281
2026-01-03 10:00:06.686359: val_loss 1.2922
2026-01-03 10:00:06.689229: val classification accuracy 0.5185
2026-01-03 10:00:06.692039: val auc 0.6187
2026-01-03 10:00:06.694703: Epoch time: 39.42 s
2026-01-03 10:00:07.449135: 
2026-01-03 10:00:07.452397: Epoch 112
2026-01-03 10:00:07.454943: Current learning rate: 0.00657
2026-01-03 10:00:46.516019: train_loss 0.6297
2026-01-03 10:00:46.521238: val_loss 1.4325
2026-01-03 10:00:46.524176: val classification accuracy 0.5185
2026-01-03 10:00:46.526847: val auc 0.4911
2026-01-03 10:00:46.529454: Epoch time: 39.07 s
2026-01-03 10:00:47.275593: 
2026-01-03 10:00:47.278800: Epoch 113
2026-01-03 10:00:47.281247: Current learning rate: 0.00654
2026-01-03 10:01:27.147958: train_loss 0.6213
2026-01-03 10:01:27.154214: val_loss 1.3615
2026-01-03 10:01:27.157086: val classification accuracy 0.5926
2026-01-03 10:01:27.160133: val auc 0.5288
2026-01-03 10:01:27.164078: Epoch time: 39.87 s
2026-01-03 10:01:27.913009: 
2026-01-03 10:01:27.916710: Epoch 114
2026-01-03 10:01:27.919294: Current learning rate: 0.0065
2026-01-03 10:02:06.205760: train_loss 0.6652
2026-01-03 10:02:06.230161: val_loss 0.6485
2026-01-03 10:02:06.234432: val classification accuracy 0.537
2026-01-03 10:02:06.237330: val auc 0.6626
2026-01-03 10:02:06.240183: Epoch time: 38.29 s
2026-01-03 10:02:06.966332: 
2026-01-03 10:02:06.969914: Epoch 115
2026-01-03 10:02:06.972607: Current learning rate: 0.00647
2026-01-03 10:02:45.291291: train_loss 0.6231
2026-01-03 10:02:45.296710: val_loss 1.6676
2026-01-03 10:02:45.306237: val classification accuracy 0.463
2026-01-03 10:02:45.309130: val auc 0.4156
2026-01-03 10:02:45.311806: Epoch time: 38.33 s
2026-01-03 10:02:46.033637: 
2026-01-03 10:02:46.037030: Epoch 116
2026-01-03 10:02:46.039514: Current learning rate: 0.00644
2026-01-03 10:03:25.175860: train_loss 0.5938
2026-01-03 10:03:25.217430: val_loss 1.034
2026-01-03 10:03:25.220301: val classification accuracy 0.5
2026-01-03 10:03:25.234910: val auc 0.4691
2026-01-03 10:03:25.241555: Epoch time: 39.14 s
2026-01-03 10:03:25.994112: 
2026-01-03 10:03:25.997564: Epoch 117
2026-01-03 10:03:26.000230: Current learning rate: 0.00641
2026-01-03 10:04:05.431334: train_loss 0.6135
2026-01-03 10:04:05.450321: val_loss 1.324
2026-01-03 10:04:05.453258: val classification accuracy 0.4815
2026-01-03 10:04:05.455980: val auc 0.4527
2026-01-03 10:04:05.460000: Epoch time: 39.44 s
2026-01-03 10:04:06.207939: 
2026-01-03 10:04:06.211113: Epoch 118
2026-01-03 10:04:06.213831: Current learning rate: 0.00638
2026-01-03 10:04:48.299313: train_loss 0.5761
2026-01-03 10:04:48.338193: val_loss 1.4879
2026-01-03 10:04:48.345148: val classification accuracy 0.463
2026-01-03 10:04:48.348140: val auc 0.5213
2026-01-03 10:04:48.350940: Epoch time: 42.09 s
2026-01-03 10:04:49.110142: 
2026-01-03 10:04:49.113742: Epoch 119
2026-01-03 10:04:49.116489: Current learning rate: 0.00635
2026-01-03 10:05:29.011607: train_loss 0.6489
2026-01-03 10:05:29.025932: val_loss 1.3033
2026-01-03 10:05:29.029640: val classification accuracy 0.5
2026-01-03 10:05:29.043352: val auc 0.5247
2026-01-03 10:05:29.047240: Epoch time: 39.9 s
2026-01-03 10:05:29.768921: 
2026-01-03 10:05:29.772238: Epoch 120
2026-01-03 10:05:29.774734: Current learning rate: 0.00631
2026-01-03 10:06:08.694502: train_loss 0.5597
2026-01-03 10:06:08.714615: val_loss 1.8153
2026-01-03 10:06:08.717654: val classification accuracy 0.3519
2026-01-03 10:06:08.734275: val auc 0.3567
2026-01-03 10:06:08.740713: Epoch time: 38.93 s
2026-01-03 10:06:09.489647: 
2026-01-03 10:06:09.492944: Epoch 121
2026-01-03 10:06:09.495469: Current learning rate: 0.00628
2026-01-03 10:06:47.293369: train_loss 0.6032
2026-01-03 10:06:47.319487: val_loss 1.4442
2026-01-03 10:06:47.333604: val classification accuracy 0.5
2026-01-03 10:06:47.336689: val auc 0.5329
2026-01-03 10:06:47.339397: Epoch time: 37.81 s
2026-01-03 10:06:48.088926: 
2026-01-03 10:06:48.092605: Epoch 122
2026-01-03 10:06:48.095192: Current learning rate: 0.00625
2026-01-03 10:07:26.431238: train_loss 0.6218
2026-01-03 10:07:26.444906: val_loss 1.2103
2026-01-03 10:07:26.448200: val classification accuracy 0.4815
2026-01-03 10:07:26.460547: val auc 0.5418
2026-01-03 10:07:26.463707: Epoch time: 38.34 s
2026-01-03 10:07:27.212564: 
2026-01-03 10:07:27.216161: Epoch 123
2026-01-03 10:07:27.218746: Current learning rate: 0.00622
2026-01-03 10:08:07.831750: train_loss 0.6645
2026-01-03 10:08:07.835818: val_loss 2.4679
2026-01-03 10:08:07.838631: val classification accuracy 0.3519
2026-01-03 10:08:07.841519: val auc 0.3361
2026-01-03 10:08:07.844318: Epoch time: 40.62 s
2026-01-03 10:08:08.553442: 
2026-01-03 10:08:08.556635: Epoch 124
2026-01-03 10:08:08.559100: Current learning rate: 0.00619
2026-01-03 10:08:49.739555: train_loss 0.6186
2026-01-03 10:08:49.744587: val_loss 1.7994
2026-01-03 10:08:49.747466: val classification accuracy 0.4444
2026-01-03 10:08:49.750186: val auc 0.406
2026-01-03 10:08:49.752833: Epoch time: 41.19 s
2026-01-03 10:08:50.526323: 
2026-01-03 10:08:50.529601: Epoch 125
2026-01-03 10:08:50.532203: Current learning rate: 0.00616
2026-01-03 10:09:29.161191: train_loss 0.6597
2026-01-03 10:09:29.194456: val_loss 3.5505
2026-01-03 10:09:29.197664: val classification accuracy 0.5
2026-01-03 10:09:29.200399: val auc 0.5267
2026-01-03 10:09:29.204207: Epoch time: 38.64 s
2026-01-03 10:09:29.207644: Early stopping triggered at epoch 125. Best val_losses=0.6174
2026-01-03 10:09:29.926008: Stopping training early due to early stopping criterion.
2026-01-03 10:09:30.793547: Training done.
2026-01-03 10:09:30.854805: Skipping perform_actual_validation for classification trainer (segmentation-style sliding window is not applicable).
[1;34mwandb[0m: 
[1;34mwandb[0m:  View run [33mDenseNetTrainer_ep300_NoMirroring_x2_fold9[0m at: [34m[0m
[1;34mwandb[0m: Find logs at: [1;35m../../tmp/wandb/wandb/run-20260103_084543-i1y9lz2v/logs[0m
