Using device: cuda:0

#######################################################################
Please cite the following paper when using nnU-Net:
Isensee, F., Jaeger, P. F., Kohl, S. A., Petersen, J., & Maier-Hein, K. H. (2021). nnU-Net: a self-configuring method for deep learning-based biomedical image segmentation. Nature methods, 18(2), 203-211.
#######################################################################

2026-01-03 06:15:29.540268: Using torch.compile...
2026-01-03 06:15:35.116801: do_dummy_2d_data_aug: False
2026-01-03 06:15:35.120477: Using splits from existing split file: /hpf/projects/jquon/sumin/nnUNet_data/nnUNet_preprocessed/Dataset033_AVM_T1+C/splits_final.json
2026-01-03 06:15:35.123556: The split file contains 11 splits.
2026-01-03 06:15:35.125165: Desired fold for training: 8
2026-01-03 06:15:35.126722: This split has 464 training and 48 validation cases.
using pin_memory on device 0
using pin_memory on device 0

This is the configuration used by this training:
Configuration name: 3d_fullres
 {'data_identifier': 'nnUNetPlans_3d_fullres', 'preprocessor_name': 'DefaultPreprocessor', 'batch_size': 2, 'patch_size': [160, 224, 192], 'median_image_size_in_voxels': [344.0, 448.0, 429.0], 'spacing': [0.500000923871994, 0.4910714328289032, 0.4910714328289032], 'normalization_schemes': ['ZScoreNormalization'], 'use_mask_for_norm': [False], 'resampling_fn_data': 'resample_data_or_seg_to_shape', 'resampling_fn_seg': 'resample_data_or_seg_to_shape', 'resampling_fn_data_kwargs': {'is_seg': False, 'order': 3, 'order_z': 0, 'force_separate_z': None}, 'resampling_fn_seg_kwargs': {'is_seg': True, 'order': 1, 'order_z': 0, 'force_separate_z': None}, 'resampling_fn_probabilities': 'resample_data_or_seg_to_shape', 'resampling_fn_probabilities_kwargs': {'is_seg': False, 'order': 1, 'order_z': 0, 'force_separate_z': None}, 'architecture': {'network_class_name': 'dynamic_network_architectures.architectures.unet.ResidualEncoderUNet', 'arch_kwargs': {'n_stages': 6, 'features_per_stage': [32, 64, 128, 256, 320, 320], 'conv_op': 'torch.nn.modules.conv.Conv3d', 'kernel_sizes': [[3, 3, 3], [3, 3, 3], [3, 3, 3], [3, 3, 3], [3, 3, 3], [3, 3, 3]], 'strides': [[1, 1, 1], [2, 2, 2], [2, 2, 2], [2, 2, 2], [2, 2, 2], [2, 2, 2]], 'n_blocks_per_stage': [1, 3, 4, 6, 6, 6], 'n_conv_per_stage_decoder': [1, 1, 1, 1, 1], 'conv_bias': True, 'norm_op': 'torch.nn.modules.instancenorm.InstanceNorm3d', 'norm_op_kwargs': {'eps': 1e-05, 'affine': True}, 'dropout_op': None, 'dropout_op_kwargs': None, 'nonlin': 'torch.nn.LeakyReLU', 'nonlin_kwargs': {'inplace': True}}, '_kw_requires_import': ['conv_op', 'norm_op', 'dropout_op', 'nonlin']}, 'batch_dice': True} 

These are the global plan.json settings:
 {'dataset_name': 'Dataset033_AVM_T1+C', 'plans_name': 'nnUNetResEncUNetLPlans', 'original_median_spacing_after_transp': [0.500000923871994, 0.4910714328289032, 0.4910714328289032], 'original_median_shape_after_transp': [330, 448, 424], 'image_reader_writer': 'SimpleITKIO', 'transpose_forward': [0, 1, 2], 'transpose_backward': [0, 1, 2], 'experiment_planner_used': 'nnUNetPlannerResEncL', 'label_manager': 'LabelManager', 'foreground_intensity_properties_per_channel': {'0': {'max': 12113.0, 'mean': 449.843505859375, 'median': 311.0, 'min': 0.0, 'percentile_00_5': 34.0, 'percentile_99_5': 3202.0, 'std': 471.56329345703125}}} 

2026-01-03 06:15:46.343072: Unable to plot network architecture: nnUNet_compile is enabled!
2026-01-03 06:15:46.384445: 
2026-01-03 06:15:46.387418: Epoch 0
2026-01-03 06:15:46.393110: Current learning rate: 0.01
2026-01-03 06:16:54.660434: train_loss 1.8706
2026-01-03 06:16:54.665514: val_loss 221.341
2026-01-03 06:16:54.667916: val classification accuracy 0.3333
2026-01-03 06:16:54.670337: val auc 0.3351
2026-01-03 06:16:54.672946: Epoch time: 68.28 s
2026-01-03 06:16:54.675039: Yayy! New best EMA pseudo Dice: 0.3351
2026-01-03 06:16:55.438227: Yayy! New best classification accuracy: 0.3333
2026-01-03 06:16:56.836923: 
2026-01-03 06:16:56.839677: Epoch 1
2026-01-03 06:16:56.841564: Current learning rate: 0.00997
2026-01-03 06:17:37.203118: train_loss 1.9794
2026-01-03 06:17:37.237386: val_loss 33.5564
2026-01-03 06:17:37.239359: val classification accuracy 0.6042
2026-01-03 06:17:37.241163: val auc 0.645
2026-01-03 06:17:37.251791: Epoch time: 40.37 s
2026-01-03 06:17:37.253954: Yayy! New best EMA pseudo Dice: 0.645
2026-01-03 06:17:37.938610: Yayy! New best classification accuracy: 0.6042
2026-01-03 06:17:39.462732: 
2026-01-03 06:17:39.465159: Epoch 2
2026-01-03 06:17:39.466957: Current learning rate: 0.00994
2026-01-03 06:18:14.934900: train_loss 1.6575
2026-01-03 06:18:14.938623: val_loss 1.9454
2026-01-03 06:18:14.940794: val classification accuracy 0.4792
2026-01-03 06:18:14.942673: val auc 0.5226
2026-01-03 06:18:14.944684: Epoch time: 35.47 s
2026-01-03 06:18:15.733646: 
2026-01-03 06:18:15.736373: Epoch 3
2026-01-03 06:18:15.738128: Current learning rate: 0.00991
2026-01-03 06:18:57.479810: train_loss 0.913
2026-01-03 06:18:57.484477: val_loss 7.3122
2026-01-03 06:18:57.521985: val classification accuracy 0.4792
2026-01-03 06:18:57.537589: val auc 0.3715
2026-01-03 06:18:57.540574: Epoch time: 41.75 s
2026-01-03 06:18:58.291027: 
2026-01-03 06:18:58.293374: Epoch 4
2026-01-03 06:18:58.295325: Current learning rate: 0.00988
2026-01-03 06:19:37.234666: train_loss 0.6957
2026-01-03 06:19:37.239997: val_loss 6.9731
2026-01-03 06:19:37.242452: val classification accuracy 0.4792
2026-01-03 06:19:37.244783: val auc 0.5009
2026-01-03 06:19:37.246578: Epoch time: 38.95 s
2026-01-03 06:19:38.025623: 
2026-01-03 06:19:38.027828: Epoch 5
2026-01-03 06:19:38.029658: Current learning rate: 0.00985
2026-01-03 06:20:14.183382: train_loss 0.7361
2026-01-03 06:20:14.192826: val_loss 0.6819
2026-01-03 06:20:14.200310: val classification accuracy 0.625
2026-01-03 06:20:14.203495: val auc 0.684
2026-01-03 06:20:14.205760: Epoch time: 36.16 s
2026-01-03 06:20:14.207664: Yayy! New best EMA pseudo Dice: 0.684
2026-01-03 06:20:14.843997: Yayy! New best classification accuracy: 0.625
2026-01-03 06:20:16.343955: 
2026-01-03 06:20:16.346769: Epoch 6
2026-01-03 06:20:16.348626: Current learning rate: 0.00982
2026-01-03 06:20:54.332688: train_loss 0.6996
2026-01-03 06:20:54.372061: val_loss 1.0434
2026-01-03 06:20:54.374668: val classification accuracy 0.4167
2026-01-03 06:20:54.380793: val auc 0.4097
2026-01-03 06:20:54.383452: Epoch time: 37.99 s
2026-01-03 06:20:55.101737: 
2026-01-03 06:20:55.104712: Epoch 7
2026-01-03 06:20:55.106537: Current learning rate: 0.00979
2026-01-03 06:21:32.971924: train_loss 0.6937
2026-01-03 06:21:32.975069: val_loss 5.4915
2026-01-03 06:21:32.979468: val classification accuracy 0.4375
2026-01-03 06:21:32.981451: val auc 0.3238
2026-01-03 06:21:32.983494: Epoch time: 37.87 s
2026-01-03 06:21:34.146278: 
2026-01-03 06:21:34.149058: Epoch 8
2026-01-03 06:21:34.150825: Current learning rate: 0.00976
2026-01-03 06:22:11.998375: train_loss 0.6781
2026-01-03 06:22:12.002636: val_loss 3.9078
2026-01-03 06:22:12.005186: val classification accuracy 0.3958
2026-01-03 06:22:12.007074: val auc 0.3941
2026-01-03 06:22:12.008926: Epoch time: 37.85 s
2026-01-03 06:22:12.741170: 
2026-01-03 06:22:12.743795: Epoch 9
2026-01-03 06:22:12.745909: Current learning rate: 0.00973
2026-01-03 06:22:48.051385: train_loss 0.6814
2026-01-03 06:22:48.097569: val_loss 2.6314
2026-01-03 06:22:48.104747: val classification accuracy 0.4583
2026-01-03 06:22:48.128663: val auc 0.4878
2026-01-03 06:22:48.131114: Epoch time: 35.31 s
2026-01-03 06:22:48.846990: 
2026-01-03 06:22:48.849833: Epoch 10
2026-01-03 06:22:48.852066: Current learning rate: 0.0097
2026-01-03 06:23:29.417971: train_loss 0.6764
2026-01-03 06:23:29.423248: val_loss 1.1807
2026-01-03 06:23:29.425734: val classification accuracy 0.5
2026-01-03 06:23:29.428469: val auc 0.5417
2026-01-03 06:23:29.431094: Epoch time: 40.57 s
2026-01-03 06:23:30.166401: 
2026-01-03 06:23:30.169620: Epoch 11
2026-01-03 06:23:30.172096: Current learning rate: 0.00967
2026-01-03 06:24:09.434259: train_loss 0.6952
2026-01-03 06:24:09.439696: val_loss 1.0796
2026-01-03 06:24:09.442818: val classification accuracy 0.5625
2026-01-03 06:24:09.445859: val auc 0.6042
2026-01-03 06:24:09.449633: Epoch time: 39.27 s
2026-01-03 06:24:10.190823: 
2026-01-03 06:24:10.194704: Epoch 12
2026-01-03 06:24:10.197387: Current learning rate: 0.00964
2026-01-03 06:24:48.703645: train_loss 0.6921
2026-01-03 06:24:48.731299: val_loss 3.7487
2026-01-03 06:24:48.734492: val classification accuracy 0.4583
2026-01-03 06:24:48.737272: val auc 0.4115
2026-01-03 06:24:48.741714: Epoch time: 38.51 s
2026-01-03 06:24:49.952570: 
2026-01-03 06:24:49.956041: Epoch 13
2026-01-03 06:24:49.958323: Current learning rate: 0.00961
2026-01-03 06:25:28.132159: train_loss 0.6822
2026-01-03 06:25:28.136423: val_loss 3.148
2026-01-03 06:25:28.139113: val classification accuracy 0.5
2026-01-03 06:25:28.141622: val auc 0.5625
2026-01-03 06:25:28.151437: Epoch time: 38.18 s
2026-01-03 06:25:28.908500: 
2026-01-03 06:25:28.911773: Epoch 14
2026-01-03 06:25:28.914172: Current learning rate: 0.00958
2026-01-03 06:26:04.992041: train_loss 0.6801
2026-01-03 06:26:05.005295: val_loss 0.8694
2026-01-03 06:26:05.014323: val classification accuracy 0.5625
2026-01-03 06:26:05.017317: val auc 0.5833
2026-01-03 06:26:05.020638: Epoch time: 36.09 s
2026-01-03 06:26:05.780731: 
2026-01-03 06:26:05.783964: Epoch 15
2026-01-03 06:26:05.789896: Current learning rate: 0.00955
2026-01-03 06:26:45.948008: train_loss 0.6804
2026-01-03 06:26:45.961971: val_loss 0.8457
2026-01-03 06:26:45.964718: val classification accuracy 0.5833
2026-01-03 06:26:45.967556: val auc 0.6285
2026-01-03 06:26:45.970227: Epoch time: 40.17 s
2026-01-03 06:26:46.710577: 
2026-01-03 06:26:46.713740: Epoch 16
2026-01-03 06:26:46.716223: Current learning rate: 0.00952
2026-01-03 06:27:25.526909: train_loss 0.6812
2026-01-03 06:27:25.537943: val_loss 0.8021
2026-01-03 06:27:25.541152: val classification accuracy 0.5625
2026-01-03 06:27:25.548004: val auc 0.6493
2026-01-03 06:27:25.550720: Epoch time: 38.82 s
2026-01-03 06:27:26.294493: 
2026-01-03 06:27:26.299418: Epoch 17
2026-01-03 06:27:26.302812: Current learning rate: 0.00949
2026-01-03 06:28:05.789551: train_loss 0.6897
2026-01-03 06:28:05.793477: val_loss 0.7932
2026-01-03 06:28:05.796299: val classification accuracy 0.5
2026-01-03 06:28:05.798998: val auc 0.6632
2026-01-03 06:28:05.801609: Epoch time: 39.5 s
2026-01-03 06:28:07.018579: 
2026-01-03 06:28:07.022013: Epoch 18
2026-01-03 06:28:07.024474: Current learning rate: 0.00946
2026-01-03 06:28:44.193511: train_loss 0.6809
2026-01-03 06:28:44.207596: val_loss 1.4899
2026-01-03 06:28:44.210154: val classification accuracy 0.4583
2026-01-03 06:28:44.212409: val auc 0.3924
2026-01-03 06:28:44.214944: Epoch time: 37.18 s
2026-01-03 06:28:44.982450: 
2026-01-03 06:28:44.985630: Epoch 19
2026-01-03 06:28:44.987960: Current learning rate: 0.00943
2026-01-03 06:29:25.309717: train_loss 0.6708
2026-01-03 06:29:25.314391: val_loss 1.6738
2026-01-03 06:29:25.327000: val classification accuracy 0.5625
2026-01-03 06:29:25.330018: val auc 0.5885
2026-01-03 06:29:25.332811: Epoch time: 40.33 s
2026-01-03 06:29:26.018135: Saved periodic checkpoint /hpf/projects/jquon/sumin/nnUNet_data/nnUNet_results/Dataset033_AVM_T1+C/DenseNetTrainer_ep300_NoMirroring_x2__nnUNetResEncUNetLPlans__3d_fullres/fold_8/checkpoint_every20_best_balacc.pth at epoch 19 with val_balanced_accuracy=0.5625
2026-01-03 06:29:26.775127: Saved periodic checkpoint /hpf/projects/jquon/sumin/nnUNet_data/nnUNet_results/Dataset033_AVM_T1+C/DenseNetTrainer_ep300_NoMirroring_x2__nnUNetResEncUNetLPlans__3d_fullres/fold_8/checkpoint_every20_best_auroc.pth at epoch 19 with val_auc=0.5885
2026-01-03 06:29:27.486061: 
2026-01-03 06:29:27.488987: Epoch 20
2026-01-03 06:29:27.491306: Current learning rate: 0.0094
2026-01-03 06:30:05.453971: train_loss 0.6569
2026-01-03 06:30:05.460195: val_loss 2.7351
2026-01-03 06:30:05.465703: val classification accuracy 0.5
2026-01-03 06:30:05.527300: val auc 0.5885
2026-01-03 06:30:05.530550: Epoch time: 37.97 s
2026-01-03 06:30:06.286362: 
2026-01-03 06:30:06.289301: Epoch 21
2026-01-03 06:30:06.291685: Current learning rate: 0.00937
2026-01-03 06:30:46.968930: train_loss 0.6779
2026-01-03 06:30:47.030810: val_loss 1.1405
2026-01-03 06:30:47.044411: val classification accuracy 0.5625
2026-01-03 06:30:47.047277: val auc 0.6094
2026-01-03 06:30:47.049832: Epoch time: 40.68 s
2026-01-03 06:30:47.781008: 
2026-01-03 06:30:47.784377: Epoch 22
2026-01-03 06:30:47.787155: Current learning rate: 0.00934
2026-01-03 06:31:23.690337: train_loss 0.6885
2026-01-03 06:31:23.694625: val_loss 0.8095
2026-01-03 06:31:23.714652: val classification accuracy 0.4375
2026-01-03 06:31:23.717835: val auc 0.5312
2026-01-03 06:31:23.744804: Epoch time: 35.91 s
2026-01-03 06:31:24.466072: 
2026-01-03 06:31:24.469185: Epoch 23
2026-01-03 06:31:24.471523: Current learning rate: 0.00931
2026-01-03 06:32:03.650738: train_loss 0.6822
2026-01-03 06:32:03.694393: val_loss 1.0836
2026-01-03 06:32:03.697417: val classification accuracy 0.5
2026-01-03 06:32:03.699950: val auc 0.5191
2026-01-03 06:32:03.702347: Epoch time: 39.19 s
2026-01-03 06:32:04.431937: 
2026-01-03 06:32:04.434965: Epoch 24
2026-01-03 06:32:04.437465: Current learning rate: 0.00928
2026-01-03 06:32:44.875591: train_loss 0.6587
2026-01-03 06:32:44.904166: val_loss 1.1209
2026-01-03 06:32:44.907194: val classification accuracy 0.4792
2026-01-03 06:32:44.909804: val auc 0.5156
2026-01-03 06:32:44.912371: Epoch time: 40.45 s
2026-01-03 06:32:45.647010: 
2026-01-03 06:32:45.651931: Epoch 25
2026-01-03 06:32:45.654338: Current learning rate: 0.00925
2026-01-03 06:33:24.093298: train_loss 0.6743
2026-01-03 06:33:24.112791: val_loss 0.8077
2026-01-03 06:33:24.126610: val classification accuracy 0.5625
2026-01-03 06:33:24.129365: val auc 0.5764
2026-01-03 06:33:24.132780: Epoch time: 38.45 s
2026-01-03 06:33:24.887269: 
2026-01-03 06:33:24.890563: Epoch 26
2026-01-03 06:33:24.892999: Current learning rate: 0.00922
2026-01-03 06:34:02.016416: train_loss 0.6798
2026-01-03 06:34:02.020845: val_loss 3.1277
2026-01-03 06:34:02.041217: val classification accuracy 0.5208
2026-01-03 06:34:02.044052: val auc 0.4913
2026-01-03 06:34:02.047526: Epoch time: 37.13 s
2026-01-03 06:34:02.780055: 
2026-01-03 06:34:02.783251: Epoch 27
2026-01-03 06:34:02.785595: Current learning rate: 0.00919
2026-01-03 06:34:41.296891: train_loss 0.6805
2026-01-03 06:34:41.304173: val_loss 0.6107
2026-01-03 06:34:41.307453: val classification accuracy 0.6667
2026-01-03 06:34:41.310275: val auc 0.7188
2026-01-03 06:34:41.313266: Epoch time: 38.52 s
2026-01-03 06:34:41.318395: Yayy! New best EMA pseudo Dice: 0.7188
2026-01-03 06:34:42.011974: Yayy! New best classification accuracy: 0.6667
2026-01-03 06:34:43.498296: 
2026-01-03 06:34:43.501607: Epoch 28
2026-01-03 06:34:43.505596: Current learning rate: 0.00916
2026-01-03 06:35:23.040438: train_loss 0.6967
2026-01-03 06:35:23.049304: val_loss 0.9756
2026-01-03 06:35:23.054368: val classification accuracy 0.4375
2026-01-03 06:35:23.057261: val auc 0.4792
2026-01-03 06:35:23.060104: Epoch time: 39.54 s
2026-01-03 06:35:23.837375: 
2026-01-03 06:35:23.841035: Epoch 29
2026-01-03 06:35:23.843487: Current learning rate: 0.00913
2026-01-03 06:36:00.320097: train_loss 0.6846
2026-01-03 06:36:00.328664: val_loss 1.4349
2026-01-03 06:36:00.331698: val classification accuracy 0.6042
2026-01-03 06:36:00.334519: val auc 0.6311
2026-01-03 06:36:00.337275: Epoch time: 36.49 s
2026-01-03 06:36:01.068448: 
2026-01-03 06:36:01.072145: Epoch 30
2026-01-03 06:36:01.074395: Current learning rate: 0.0091
2026-01-03 06:36:40.401952: train_loss 0.6599
2026-01-03 06:36:40.417930: val_loss 0.8254
2026-01-03 06:36:40.421837: val classification accuracy 0.6667
2026-01-03 06:36:40.424613: val auc 0.5938
2026-01-03 06:36:40.427441: Epoch time: 39.34 s
2026-01-03 06:36:41.188232: 
2026-01-03 06:36:41.191594: Epoch 31
2026-01-03 06:36:41.193941: Current learning rate: 0.00907
2026-01-03 06:37:19.719682: train_loss 0.6897
2026-01-03 06:37:19.734123: val_loss 0.709
2026-01-03 06:37:19.736643: val classification accuracy 0.5417
2026-01-03 06:37:19.739239: val auc 0.5599
2026-01-03 06:37:19.741709: Epoch time: 38.53 s
2026-01-03 06:37:20.496375: 
2026-01-03 06:37:20.513258: Epoch 32
2026-01-03 06:37:20.521080: Current learning rate: 0.00903
2026-01-03 06:37:59.860635: train_loss 0.6752
2026-01-03 06:37:59.869274: val_loss 0.7632
2026-01-03 06:37:59.873201: val classification accuracy 0.4792
2026-01-03 06:37:59.876623: val auc 0.4965
2026-01-03 06:37:59.879506: Epoch time: 39.37 s
2026-01-03 06:38:00.623467: 
2026-01-03 06:38:00.626480: Epoch 33
2026-01-03 06:38:00.628771: Current learning rate: 0.009
2026-01-03 06:38:38.852420: train_loss 0.6498
2026-01-03 06:38:38.859385: val_loss 0.8932
2026-01-03 06:38:38.862339: val classification accuracy 0.5625
2026-01-03 06:38:38.865016: val auc 0.6319
2026-01-03 06:38:38.867529: Epoch time: 38.23 s
2026-01-03 06:38:39.610497: 
2026-01-03 06:38:39.613531: Epoch 34
2026-01-03 06:38:39.615888: Current learning rate: 0.00897
2026-01-03 06:39:17.421143: train_loss 0.6562
2026-01-03 06:39:17.433319: val_loss 2.1313
2026-01-03 06:39:17.450601: val classification accuracy 0.5417
2026-01-03 06:39:17.454314: val auc 0.5781
2026-01-03 06:39:17.457146: Epoch time: 37.81 s
2026-01-03 06:39:18.181331: 
2026-01-03 06:39:18.184943: Epoch 35
2026-01-03 06:39:18.187415: Current learning rate: 0.00894
2026-01-03 06:39:55.907733: train_loss 0.6672
2026-01-03 06:39:55.912685: val_loss 0.7789
2026-01-03 06:39:55.915247: val classification accuracy 0.5208
2026-01-03 06:39:55.917710: val auc 0.5964
2026-01-03 06:39:55.919915: Epoch time: 37.73 s
2026-01-03 06:39:56.652900: 
2026-01-03 06:39:56.656062: Epoch 36
2026-01-03 06:39:56.658552: Current learning rate: 0.00891
2026-01-03 06:40:33.683807: train_loss 0.6797
2026-01-03 06:40:33.688886: val_loss 0.782
2026-01-03 06:40:33.691531: val classification accuracy 0.4792
2026-01-03 06:40:33.694125: val auc 0.4844
2026-01-03 06:40:33.696883: Epoch time: 37.03 s
2026-01-03 06:40:34.850444: 
2026-01-03 06:40:34.854109: Epoch 37
2026-01-03 06:40:34.856661: Current learning rate: 0.00888
2026-01-03 06:41:11.537840: train_loss 0.6583
2026-01-03 06:41:11.554973: val_loss 1.1661
2026-01-03 06:41:11.582069: val classification accuracy 0.5417
2026-01-03 06:41:11.585485: val auc 0.6649
2026-01-03 06:41:11.588623: Epoch time: 36.69 s
2026-01-03 06:41:12.347193: 
2026-01-03 06:41:12.350740: Epoch 38
2026-01-03 06:41:12.353533: Current learning rate: 0.00885
2026-01-03 06:41:48.800204: train_loss 0.6854
2026-01-03 06:41:48.835533: val_loss 0.9343
2026-01-03 06:41:48.842658: val classification accuracy 0.4792
2026-01-03 06:41:48.845644: val auc 0.4323
2026-01-03 06:41:48.848327: Epoch time: 36.45 s
2026-01-03 06:41:49.578919: 
2026-01-03 06:41:49.582184: Epoch 39
2026-01-03 06:41:49.584724: Current learning rate: 0.00882
2026-01-03 06:42:30.167068: train_loss 0.7026
2026-01-03 06:42:30.171145: val_loss 1.5545
2026-01-03 06:42:30.173765: val classification accuracy 0.4583
2026-01-03 06:42:30.176369: val auc 0.5165
2026-01-03 06:42:30.178830: Epoch time: 40.59 s
2026-01-03 06:42:30.962101: 
2026-01-03 06:42:30.965372: Epoch 40
2026-01-03 06:42:30.967846: Current learning rate: 0.00879
2026-01-03 06:43:10.232693: train_loss 0.6904
2026-01-03 06:43:10.237470: val_loss 0.7794
2026-01-03 06:43:10.240424: val classification accuracy 0.5625
2026-01-03 06:43:10.243516: val auc 0.5217
2026-01-03 06:43:10.246714: Epoch time: 39.27 s
2026-01-03 06:43:10.970123: 
2026-01-03 06:43:10.973545: Epoch 41
2026-01-03 06:43:10.975929: Current learning rate: 0.00876
2026-01-03 06:43:50.399888: train_loss 0.6647
2026-01-03 06:43:50.405539: val_loss 1.3162
2026-01-03 06:43:50.408416: val classification accuracy 0.5417
2026-01-03 06:43:50.410989: val auc 0.6363
2026-01-03 06:43:50.413564: Epoch time: 39.43 s
2026-01-03 06:43:51.735820: 
2026-01-03 06:43:51.739079: Epoch 42
2026-01-03 06:43:51.741433: Current learning rate: 0.00873
2026-01-03 06:44:29.250748: train_loss 0.6856
2026-01-03 06:44:29.255754: val_loss 1.6601
2026-01-03 06:44:29.258430: val classification accuracy 0.5833
2026-01-03 06:44:29.260836: val auc 0.6389
2026-01-03 06:44:29.263269: Epoch time: 37.52 s
2026-01-03 06:44:30.021955: 
2026-01-03 06:44:30.025211: Epoch 43
2026-01-03 06:44:30.027544: Current learning rate: 0.0087
2026-01-03 06:45:08.204036: train_loss 0.6642
2026-01-03 06:45:08.208860: val_loss 1.3952
2026-01-03 06:45:08.211905: val classification accuracy 0.5208
2026-01-03 06:45:08.215647: val auc 0.5764
2026-01-03 06:45:08.239621: Epoch time: 38.18 s
2026-01-03 06:45:08.976912: 
2026-01-03 06:45:08.980225: Epoch 44
2026-01-03 06:45:08.982911: Current learning rate: 0.00867
2026-01-03 06:45:48.326674: WARNING: NaNs or Infs in validation probabilities at epoch 44. Sanitizing with nan_to_num before metrics.
2026-01-03 06:45:48.345542: train_loss 0.6653
2026-01-03 06:45:48.348482: val_loss nan
2026-01-03 06:45:48.351426: val classification accuracy 0.5
2026-01-03 06:45:48.354837: val auc 0.428
2026-01-03 06:45:48.357798: Epoch time: 39.37 s
2026-01-03 06:45:49.093548: 
2026-01-03 06:45:49.096635: Epoch 45
2026-01-03 06:45:49.099190: Current learning rate: 0.00864
2026-01-03 06:46:27.747893: train_loss 0.6571
2026-01-03 06:46:27.760279: val_loss 1.1311
2026-01-03 06:46:27.769455: val classification accuracy 0.5
2026-01-03 06:46:27.778289: val auc 0.4688
2026-01-03 06:46:27.783820: Epoch time: 38.66 s
2026-01-03 06:46:28.529403: 
2026-01-03 06:46:28.532490: Epoch 46
2026-01-03 06:46:28.534679: Current learning rate: 0.00861
2026-01-03 06:47:08.952404: WARNING: NaNs or Infs in validation probabilities at epoch 46. Sanitizing with nan_to_num before metrics.
2026-01-03 06:47:08.962363: train_loss 0.6891
2026-01-03 06:47:08.966079: val_loss nan
2026-01-03 06:47:08.969980: val classification accuracy 0.4792
2026-01-03 06:47:08.972948: val auc 0.447
2026-01-03 06:47:08.975677: Epoch time: 40.43 s
2026-01-03 06:47:10.220817: 
2026-01-03 06:47:10.224035: Epoch 47
2026-01-03 06:47:10.226460: Current learning rate: 0.00858
2026-01-03 06:47:47.969444: WARNING: NaNs or Infs in validation probabilities at epoch 47. Sanitizing with nan_to_num before metrics.
2026-01-03 06:47:48.018331: train_loss 0.6481
2026-01-03 06:47:48.021250: val_loss nan
2026-01-03 06:47:48.023741: val classification accuracy 0.5625
2026-01-03 06:47:48.026540: val auc 0.5347
2026-01-03 06:47:48.036515: Epoch time: 37.8 s
2026-01-03 06:47:48.771025: 
2026-01-03 06:47:48.774281: Epoch 48
2026-01-03 06:47:48.776572: Current learning rate: 0.00855
2026-01-03 06:48:26.617197: WARNING: NaNs or Infs in validation probabilities at epoch 48. Sanitizing with nan_to_num before metrics.
2026-01-03 06:48:26.626817: train_loss 0.668
2026-01-03 06:48:26.629961: val_loss nan
2026-01-03 06:48:26.633373: val classification accuracy 0.5208
2026-01-03 06:48:26.636330: val auc 0.5278
2026-01-03 06:48:26.639031: Epoch time: 37.86 s
2026-01-03 06:48:27.410641: 
2026-01-03 06:48:27.414238: Epoch 49
2026-01-03 06:48:27.416606: Current learning rate: 0.00852
2026-01-03 06:49:04.927038: train_loss 0.6513
2026-01-03 06:49:04.931718: val_loss 0.7174
2026-01-03 06:49:04.935232: val classification accuracy 0.6042
2026-01-03 06:49:04.938147: val auc 0.6562
2026-01-03 06:49:04.941427: Epoch time: 37.52 s
2026-01-03 06:49:05.693031: 
2026-01-03 06:49:05.696176: Epoch 50
2026-01-03 06:49:05.698365: Current learning rate: 0.00849
2026-01-03 06:49:41.498914: train_loss 0.6974
2026-01-03 06:49:41.513893: val_loss 1.029
2026-01-03 06:49:41.516617: val classification accuracy 0.4375
2026-01-03 06:49:41.519224: val auc 0.4479
2026-01-03 06:49:41.521702: Epoch time: 35.81 s
2026-01-03 06:49:42.268331: 
2026-01-03 06:49:42.271790: Epoch 51
2026-01-03 06:49:42.274159: Current learning rate: 0.00846
2026-01-03 06:50:22.444014: train_loss 0.6347
2026-01-03 06:50:22.447704: val_loss 1.7751
2026-01-03 06:50:22.450372: val classification accuracy 0.5
2026-01-03 06:50:22.453071: val auc 0.408
2026-01-03 06:50:22.455856: Epoch time: 40.18 s
2026-01-03 06:50:23.740010: 
2026-01-03 06:50:23.743487: Epoch 52
2026-01-03 06:50:23.745764: Current learning rate: 0.00843
2026-01-03 06:51:00.514468: WARNING: NaNs or Infs in validation probabilities at epoch 52. Sanitizing with nan_to_num before metrics.
2026-01-03 06:51:00.543438: train_loss 0.6906
2026-01-03 06:51:00.547349: val_loss nan
2026-01-03 06:51:00.551064: val classification accuracy 0.4792
2026-01-03 06:51:00.554099: val auc 0.4201
2026-01-03 06:51:00.557038: Epoch time: 36.81 s
2026-01-03 06:51:01.321366: 
2026-01-03 06:51:01.324856: Epoch 53
2026-01-03 06:51:01.327406: Current learning rate: 0.00839
2026-01-03 06:51:39.375241: train_loss 0.6795
2026-01-03 06:51:39.381255: val_loss 1.2184
2026-01-03 06:51:39.384293: val classification accuracy 0.6042
2026-01-03 06:51:39.396376: val auc 0.572
2026-01-03 06:51:39.400538: Epoch time: 38.06 s
2026-01-03 06:51:40.124537: 
2026-01-03 06:51:40.127997: Epoch 54
2026-01-03 06:51:40.130561: Current learning rate: 0.00836
2026-01-03 06:52:20.094903: train_loss 0.6852
2026-01-03 06:52:20.102945: val_loss 1.1142
2026-01-03 06:52:20.106737: val classification accuracy 0.5208
2026-01-03 06:52:20.109821: val auc 0.4627
2026-01-03 06:52:20.112922: Epoch time: 39.97 s
2026-01-03 06:52:20.838000: 
2026-01-03 06:52:20.841811: Epoch 55
2026-01-03 06:52:20.844427: Current learning rate: 0.00833
2026-01-03 06:52:59.443209: train_loss 0.6578
2026-01-03 06:52:59.453347: val_loss 0.5986
2026-01-03 06:52:59.456253: val classification accuracy 0.6042
2026-01-03 06:52:59.458980: val auc 0.7135
2026-01-03 06:52:59.469194: Epoch time: 38.61 s
2026-01-03 06:53:00.195054: 
2026-01-03 06:53:00.198736: Epoch 56
2026-01-03 06:53:00.201300: Current learning rate: 0.0083
2026-01-03 06:53:37.985619: train_loss 0.6744
2026-01-03 06:53:37.990004: val_loss 1.7512
2026-01-03 06:53:37.992538: val classification accuracy 0.5833
2026-01-03 06:53:38.016256: val auc 0.5833
2026-01-03 06:53:38.018968: Epoch time: 37.79 s
2026-01-03 06:53:38.771774: 
2026-01-03 06:53:38.775286: Epoch 57
2026-01-03 06:53:38.777740: Current learning rate: 0.00827
2026-01-03 06:54:18.385103: WARNING: NaNs or Infs in validation probabilities at epoch 57. Sanitizing with nan_to_num before metrics.
2026-01-03 06:54:18.402261: train_loss 0.6701
2026-01-03 06:54:18.405163: val_loss nan
2026-01-03 06:54:18.407626: val classification accuracy 0.6875
2026-01-03 06:54:18.410068: val auc 0.7153
2026-01-03 06:54:18.412605: Epoch time: 39.63 s
2026-01-03 06:54:18.415010: Yayy! New best classification accuracy: 0.6875
2026-01-03 06:54:19.764125: 
2026-01-03 06:54:19.767598: Epoch 58
2026-01-03 06:54:19.770051: Current learning rate: 0.00824
2026-01-03 06:54:57.605559: WARNING: NaNs or Infs in validation probabilities at epoch 58. Sanitizing with nan_to_num before metrics.
2026-01-03 06:54:57.623675: train_loss 0.6673
2026-01-03 06:54:57.626428: val_loss nan
2026-01-03 06:54:57.629596: val classification accuracy 0.4792
2026-01-03 06:54:57.638368: val auc 0.4219
2026-01-03 06:54:57.641024: Epoch time: 37.86 s
2026-01-03 06:54:58.420398: 
2026-01-03 06:54:58.423610: Epoch 59
2026-01-03 06:54:58.426022: Current learning rate: 0.00821
2026-01-03 06:55:37.237019: train_loss 0.6463
2026-01-03 06:55:37.240890: val_loss 0.9248
2026-01-03 06:55:37.274985: val classification accuracy 0.5208
2026-01-03 06:55:37.291064: val auc 0.4809
2026-01-03 06:55:37.294379: Epoch time: 38.82 s
2026-01-03 06:55:38.044343: 
2026-01-03 06:55:38.048023: Epoch 60
2026-01-03 06:55:38.050464: Current learning rate: 0.00818
2026-01-03 06:56:17.891705: train_loss 0.6615
2026-01-03 06:56:17.906178: val_loss 0.9209
2026-01-03 06:56:17.909008: val classification accuracy 0.5
2026-01-03 06:56:17.911625: val auc 0.5009
2026-01-03 06:56:17.920753: Epoch time: 39.85 s
2026-01-03 06:56:18.651666: 
2026-01-03 06:56:18.654763: Epoch 61
2026-01-03 06:56:18.657194: Current learning rate: 0.00815
2026-01-03 06:56:57.744020: train_loss 0.6655
2026-01-03 06:56:57.749307: val_loss 0.8135
2026-01-03 06:56:57.752685: val classification accuracy 0.5833
2026-01-03 06:56:57.762020: val auc 0.5816
2026-01-03 06:56:57.764917: Epoch time: 39.09 s
2026-01-03 06:56:58.497199: 
2026-01-03 06:56:58.500969: Epoch 62
2026-01-03 06:56:58.503538: Current learning rate: 0.00812
2026-01-03 06:57:39.366476: train_loss 0.6723
2026-01-03 06:57:39.370964: val_loss 0.8766
2026-01-03 06:57:39.373414: val classification accuracy 0.4375
2026-01-03 06:57:39.375791: val auc 0.4201
2026-01-03 06:57:39.393933: Epoch time: 40.87 s
2026-01-03 06:57:40.293040: 
2026-01-03 06:57:40.296202: Epoch 63
2026-01-03 06:57:40.298423: Current learning rate: 0.00809
2026-01-03 06:58:20.173339: WARNING: NaNs or Infs in validation probabilities at epoch 63. Sanitizing with nan_to_num before metrics.
2026-01-03 06:58:20.188174: train_loss 0.6679
2026-01-03 06:58:20.214411: val_loss nan
2026-01-03 06:58:20.221606: val classification accuracy 0.625
2026-01-03 06:58:20.228544: val auc 0.5391
2026-01-03 06:58:20.231217: Epoch time: 39.9 s
2026-01-03 06:58:20.986454: 
2026-01-03 06:58:20.989848: Epoch 64
2026-01-03 06:58:20.992261: Current learning rate: 0.00806
2026-01-03 06:59:00.533351: train_loss 0.6656
2026-01-03 06:59:00.541578: val_loss 1.3131
2026-01-03 06:59:00.544112: val classification accuracy 0.5625
2026-01-03 06:59:00.546757: val auc 0.4401
2026-01-03 06:59:00.549547: Epoch time: 39.55 s
2026-01-03 06:59:01.399805: 
2026-01-03 06:59:01.403180: Epoch 65
2026-01-03 06:59:01.405661: Current learning rate: 0.00803
2026-01-03 06:59:39.547317: train_loss 0.6737
2026-01-03 06:59:39.551657: val_loss 0.6756
2026-01-03 06:59:39.554522: val classification accuracy 0.625
2026-01-03 06:59:39.558193: val auc 0.6319
2026-01-03 06:59:39.561241: Epoch time: 38.15 s
2026-01-03 06:59:40.282123: 
2026-01-03 06:59:40.285599: Epoch 66
2026-01-03 06:59:40.288083: Current learning rate: 0.008
2026-01-03 07:00:20.055086: train_loss 0.6881
2026-01-03 07:00:20.063375: val_loss 0.6089
2026-01-03 07:00:20.070004: val classification accuracy 0.6458
2026-01-03 07:00:20.074693: val auc 0.7431
2026-01-03 07:00:20.077399: Epoch time: 39.77 s
2026-01-03 07:00:20.079856: Yayy! New best EMA pseudo Dice: 0.7431
2026-01-03 07:00:21.513252: 
2026-01-03 07:00:21.516392: Epoch 67
2026-01-03 07:00:21.518713: Current learning rate: 0.00797
2026-01-03 07:00:59.401296: train_loss 0.6695
2026-01-03 07:00:59.418859: val_loss 1.467
2026-01-03 07:00:59.421966: val classification accuracy 0.5208
2026-01-03 07:00:59.424765: val auc 0.4019
2026-01-03 07:00:59.427570: Epoch time: 37.89 s
2026-01-03 07:01:00.155836: 
2026-01-03 07:01:00.159233: Epoch 68
2026-01-03 07:01:00.161890: Current learning rate: 0.00793
2026-01-03 07:01:42.274528: train_loss 0.635
2026-01-03 07:01:42.279112: val_loss 0.6371
2026-01-03 07:01:42.286205: val classification accuracy 0.5833
2026-01-03 07:01:42.288672: val auc 0.7066
2026-01-03 07:01:42.291196: Epoch time: 42.12 s
2026-01-03 07:01:43.003634: 
2026-01-03 07:01:43.006500: Epoch 69
2026-01-03 07:01:43.008913: Current learning rate: 0.0079
2026-01-03 07:02:23.887861: train_loss 0.6513
2026-01-03 07:02:23.924199: val_loss 0.7833
2026-01-03 07:02:23.949685: val classification accuracy 0.4167
2026-01-03 07:02:23.952499: val auc 0.4479
2026-01-03 07:02:23.955276: Epoch time: 40.89 s
2026-01-03 07:02:24.662338: 
2026-01-03 07:02:24.665615: Epoch 70
2026-01-03 07:02:24.667836: Current learning rate: 0.00787
2026-01-03 07:03:05.332117: train_loss 0.6572
2026-01-03 07:03:05.337038: val_loss 0.8442
2026-01-03 07:03:05.339887: val classification accuracy 0.6458
2026-01-03 07:03:05.342642: val auc 0.6806
2026-01-03 07:03:05.345327: Epoch time: 40.67 s
2026-01-03 07:03:06.093493: 
2026-01-03 07:03:06.099068: Epoch 71
2026-01-03 07:03:06.102201: Current learning rate: 0.00784
2026-01-03 07:03:43.590946: train_loss 0.6468
2026-01-03 07:03:43.594957: val_loss 0.9145
2026-01-03 07:03:43.597482: val classification accuracy 0.5625
2026-01-03 07:03:43.600014: val auc 0.4896
2026-01-03 07:03:43.602777: Epoch time: 37.5 s
2026-01-03 07:03:44.325585: 
2026-01-03 07:03:44.328694: Epoch 72
2026-01-03 07:03:44.330872: Current learning rate: 0.00781
2026-01-03 07:04:24.929509: train_loss 0.6221
2026-01-03 07:04:24.934268: val_loss 1.9208
2026-01-03 07:04:24.937009: val classification accuracy 0.5625
2026-01-03 07:04:24.939433: val auc 0.4861
2026-01-03 07:04:24.942091: Epoch time: 40.61 s
2026-01-03 07:04:25.673020: 
2026-01-03 07:04:25.676076: Epoch 73
2026-01-03 07:04:25.678542: Current learning rate: 0.00778
2026-01-03 07:05:04.990961: train_loss 0.6734
2026-01-03 07:05:04.997541: val_loss 1.9633
2026-01-03 07:05:05.000344: val classification accuracy 0.5833
2026-01-03 07:05:05.003404: val auc 0.4931
2026-01-03 07:05:05.014619: Epoch time: 39.32 s
2026-01-03 07:05:05.764472: 
2026-01-03 07:05:05.767988: Epoch 74
2026-01-03 07:05:05.770552: Current learning rate: 0.00775
2026-01-03 07:05:42.839171: train_loss 0.6578
2026-01-03 07:05:42.843664: val_loss 1.4839
2026-01-03 07:05:42.846157: val classification accuracy 0.4792
2026-01-03 07:05:42.848786: val auc 0.3212
2026-01-03 07:05:42.851460: Epoch time: 37.08 s
2026-01-03 07:05:43.565544: 
2026-01-03 07:05:43.568695: Epoch 75
2026-01-03 07:05:43.571269: Current learning rate: 0.00772
2026-01-03 07:06:21.848978: train_loss 0.672
2026-01-03 07:06:21.866676: val_loss 1.957
2026-01-03 07:06:21.870090: val classification accuracy 0.6042
2026-01-03 07:06:21.872934: val auc 0.4783
2026-01-03 07:06:21.877478: Epoch time: 38.28 s
2026-01-03 07:06:23.078588: 
2026-01-03 07:06:23.082103: Epoch 76
2026-01-03 07:06:23.084589: Current learning rate: 0.00769
2026-01-03 07:07:00.795052: train_loss 0.6626
2026-01-03 07:07:00.799655: val_loss 2.1767
2026-01-03 07:07:00.802662: val classification accuracy 0.5208
2026-01-03 07:07:00.829095: val auc 0.5286
2026-01-03 07:07:00.844621: Epoch time: 37.72 s
2026-01-03 07:07:01.585539: 
2026-01-03 07:07:01.588688: Epoch 77
2026-01-03 07:07:01.591192: Current learning rate: 0.00766
2026-01-03 07:07:40.861534: train_loss 0.6407
2026-01-03 07:07:40.866589: val_loss 6.0169
2026-01-03 07:07:40.869430: val classification accuracy 0.4792
2026-01-03 07:07:40.872265: val auc 0.3438
2026-01-03 07:07:40.894773: Epoch time: 39.28 s
2026-01-03 07:07:41.643357: 
2026-01-03 07:07:41.646756: Epoch 78
2026-01-03 07:07:41.649042: Current learning rate: 0.00763
2026-01-03 07:08:19.574795: train_loss 0.6408
2026-01-03 07:08:19.579506: val_loss 1.0985
2026-01-03 07:08:19.582329: val classification accuracy 0.5833
2026-01-03 07:08:19.593107: val auc 0.5417
2026-01-03 07:08:19.604561: Epoch time: 37.93 s
2026-01-03 07:08:20.352926: 
2026-01-03 07:08:20.356235: Epoch 79
2026-01-03 07:08:20.359033: Current learning rate: 0.0076
2026-01-03 07:08:58.577384: train_loss 0.6439
2026-01-03 07:08:58.581198: val_loss 2.0194
2026-01-03 07:08:58.583612: val classification accuracy 0.5
2026-01-03 07:08:58.585962: val auc 0.4028
2026-01-03 07:08:58.588169: Epoch time: 38.23 s
2026-01-03 07:08:59.310997: 
2026-01-03 07:08:59.314300: Epoch 80
2026-01-03 07:08:59.316907: Current learning rate: 0.00756
2026-01-03 07:09:36.747988: train_loss 0.668
2026-01-03 07:09:36.759558: val_loss 0.6936
2026-01-03 07:09:36.762780: val classification accuracy 0.5625
2026-01-03 07:09:36.765885: val auc 0.6233
2026-01-03 07:09:36.768760: Epoch time: 37.44 s
2026-01-03 07:09:37.953913: 
2026-01-03 07:09:37.956958: Epoch 81
2026-01-03 07:09:37.959369: Current learning rate: 0.00753
2026-01-03 07:10:17.019441: train_loss 0.6502
2026-01-03 07:10:17.029176: val_loss 0.7947
2026-01-03 07:10:17.032125: val classification accuracy 0.5417
2026-01-03 07:10:17.035380: val auc 0.4531
2026-01-03 07:10:17.038153: Epoch time: 39.07 s
2026-01-03 07:10:17.740741: 
2026-01-03 07:10:17.743994: Epoch 82
2026-01-03 07:10:17.746469: Current learning rate: 0.0075
2026-01-03 07:10:58.368368: train_loss 0.6541
2026-01-03 07:10:58.372813: val_loss 0.8743
2026-01-03 07:10:58.375299: val classification accuracy 0.4792
2026-01-03 07:10:58.378377: val auc 0.5573
2026-01-03 07:10:58.380924: Epoch time: 40.63 s
2026-01-03 07:10:59.108612: 
2026-01-03 07:10:59.112579: Epoch 83
2026-01-03 07:10:59.115068: Current learning rate: 0.00747
2026-01-03 07:11:38.831036: train_loss 0.6558
2026-01-03 07:11:38.835760: val_loss 1.2538
2026-01-03 07:11:38.838631: val classification accuracy 0.6458
2026-01-03 07:11:38.841540: val auc 0.6007
2026-01-03 07:11:38.851531: Epoch time: 39.72 s
2026-01-03 07:11:39.600909: 
2026-01-03 07:11:39.604130: Epoch 84
2026-01-03 07:11:39.606618: Current learning rate: 0.00744
2026-01-03 07:12:18.514025: train_loss 0.6695
2026-01-03 07:12:18.518934: val_loss 1.2019
2026-01-03 07:12:18.521886: val classification accuracy 0.5
2026-01-03 07:12:18.524837: val auc 0.3212
2026-01-03 07:12:18.527899: Epoch time: 38.91 s
2026-01-03 07:12:19.265544: 
2026-01-03 07:12:19.269077: Epoch 85
2026-01-03 07:12:19.271562: Current learning rate: 0.00741
2026-01-03 07:12:55.869101: train_loss 0.6534
2026-01-03 07:12:55.876847: val_loss 1.5819
2026-01-03 07:12:55.879465: val classification accuracy 0.5833
2026-01-03 07:12:55.882168: val auc 0.5356
2026-01-03 07:12:55.884768: Epoch time: 36.61 s
2026-01-03 07:12:57.093609: 
2026-01-03 07:12:57.097016: Epoch 86
2026-01-03 07:12:57.099526: Current learning rate: 0.00738
2026-01-03 07:13:36.067364: train_loss 0.6392
2026-01-03 07:13:36.071614: val_loss 1.2033
2026-01-03 07:13:36.074032: val classification accuracy 0.5417
2026-01-03 07:13:36.076556: val auc 0.5694
2026-01-03 07:13:36.079210: Epoch time: 38.98 s
2026-01-03 07:13:36.823580: 
2026-01-03 07:13:36.826765: Epoch 87
2026-01-03 07:13:36.829176: Current learning rate: 0.00735
2026-01-03 07:14:16.654126: train_loss 0.6515
2026-01-03 07:14:16.690130: val_loss 3.2975
2026-01-03 07:14:16.693243: val classification accuracy 0.5417
2026-01-03 07:14:16.696169: val auc 0.3715
2026-01-03 07:14:16.699044: Epoch time: 39.83 s
2026-01-03 07:14:17.418422: 
2026-01-03 07:14:17.421779: Epoch 88
2026-01-03 07:14:17.424348: Current learning rate: 0.00732
2026-01-03 07:14:55.234082: train_loss 0.6479
2026-01-03 07:14:55.238383: val_loss 2.2088
2026-01-03 07:14:55.240943: val classification accuracy 0.5
2026-01-03 07:14:55.245275: val auc 0.3472
2026-01-03 07:14:55.248183: Epoch time: 37.82 s
2026-01-03 07:14:55.976948: 
2026-01-03 07:14:55.980085: Epoch 89
2026-01-03 07:14:55.982629: Current learning rate: 0.00729
2026-01-03 07:15:34.676548: train_loss 0.5982
2026-01-03 07:15:34.723848: val_loss 2.5996
2026-01-03 07:15:34.726768: val classification accuracy 0.4583
2026-01-03 07:15:34.729571: val auc 0.4957
2026-01-03 07:15:34.732492: Epoch time: 38.7 s
2026-01-03 07:15:35.465325: 
2026-01-03 07:15:35.468838: Epoch 90
2026-01-03 07:15:35.471179: Current learning rate: 0.00725
2026-01-03 07:16:13.725784: train_loss 0.6225
2026-01-03 07:16:13.736352: val_loss 0.7903
2026-01-03 07:16:13.739096: val classification accuracy 0.625
2026-01-03 07:16:13.741741: val auc 0.6094
2026-01-03 07:16:13.744281: Epoch time: 38.26 s
2026-01-03 07:16:14.983219: 
2026-01-03 07:16:14.986321: Epoch 91
2026-01-03 07:16:14.988652: Current learning rate: 0.00722
2026-01-03 07:16:54.723165: train_loss 0.6369
2026-01-03 07:16:54.730758: val_loss 1.0751
2026-01-03 07:16:54.733883: val classification accuracy 0.5625
2026-01-03 07:16:54.736936: val auc 0.4271
2026-01-03 07:16:54.740022: Epoch time: 39.74 s
2026-01-03 07:16:55.433445: 
2026-01-03 07:16:55.436726: Epoch 92
2026-01-03 07:16:55.439193: Current learning rate: 0.00719
2026-01-03 07:17:33.531417: train_loss 0.6445
2026-01-03 07:17:33.536551: val_loss 1.7552
2026-01-03 07:17:33.554158: val classification accuracy 0.4792
2026-01-03 07:17:33.557127: val auc 0.4583
2026-01-03 07:17:33.559710: Epoch time: 38.1 s
2026-01-03 07:17:34.275444: 
2026-01-03 07:17:34.278615: Epoch 93
2026-01-03 07:17:34.281394: Current learning rate: 0.00716
2026-01-03 07:18:13.553928: train_loss 0.6207
2026-01-03 07:18:13.563262: val_loss 1.4149
2026-01-03 07:18:13.565870: val classification accuracy 0.5208
2026-01-03 07:18:13.568577: val auc 0.533
2026-01-03 07:18:13.601471: Epoch time: 39.28 s
2026-01-03 07:18:14.326111: 
2026-01-03 07:18:14.329815: Epoch 94
2026-01-03 07:18:14.332462: Current learning rate: 0.00713
2026-01-03 07:18:53.919817: train_loss 0.6256
2026-01-03 07:18:53.944705: val_loss 0.9917
2026-01-03 07:18:53.947819: val classification accuracy 0.6042
2026-01-03 07:18:53.950635: val auc 0.6224
2026-01-03 07:18:53.965412: Epoch time: 39.6 s
2026-01-03 07:18:54.713074: 
2026-01-03 07:18:54.716717: Epoch 95
2026-01-03 07:18:54.719053: Current learning rate: 0.0071
2026-01-03 07:19:32.703263: train_loss 0.6693
2026-01-03 07:19:32.707523: val_loss 0.8671
2026-01-03 07:19:32.713353: val classification accuracy 0.4792
2026-01-03 07:19:32.716681: val auc 0.3021
2026-01-03 07:19:32.720068: Epoch time: 37.99 s
2026-01-03 07:19:33.963459: 
2026-01-03 07:19:33.966894: Epoch 96
2026-01-03 07:19:33.969207: Current learning rate: 0.00707
2026-01-03 07:20:14.730011: train_loss 0.6524
2026-01-03 07:20:14.747625: val_loss 0.7522
2026-01-03 07:20:14.751015: val classification accuracy 0.5833
2026-01-03 07:20:14.754592: val auc 0.5686
2026-01-03 07:20:14.757798: Epoch time: 40.77 s
2026-01-03 07:20:15.492782: 
2026-01-03 07:20:15.496372: Epoch 97
2026-01-03 07:20:15.498959: Current learning rate: 0.00704
2026-01-03 07:20:55.950000: train_loss 0.622
2026-01-03 07:20:55.963030: val_loss 1.1171
2026-01-03 07:20:55.966087: val classification accuracy 0.5208
2026-01-03 07:20:55.969623: val auc 0.3819
2026-01-03 07:20:55.972662: Epoch time: 40.46 s
2026-01-03 07:20:56.692095: 
2026-01-03 07:20:56.695548: Epoch 98
2026-01-03 07:20:56.697980: Current learning rate: 0.007
2026-01-03 07:21:36.327960: train_loss 0.6423
2026-01-03 07:21:36.332397: val_loss 0.5689
2026-01-03 07:21:36.335118: val classification accuracy 0.7083
2026-01-03 07:21:36.337444: val auc 0.7969
2026-01-03 07:21:36.339933: Epoch time: 39.64 s
2026-01-03 07:21:36.342200: Yayy! New best EMA pseudo Dice: 0.7969
2026-01-03 07:21:37.114686: Yayy! New best classification accuracy: 0.7083
2026-01-03 07:21:38.704658: 
2026-01-03 07:21:38.707566: Epoch 99
2026-01-03 07:21:38.709765: Current learning rate: 0.00697
2026-01-03 07:22:13.902188: train_loss 0.6167
2026-01-03 07:22:13.906926: val_loss 0.9826
2026-01-03 07:22:13.915133: val classification accuracy 0.5417
2026-01-03 07:22:13.947303: val auc 0.4115
2026-01-03 07:22:13.966432: Epoch time: 35.2 s
2026-01-03 07:22:14.683766: 
2026-01-03 07:22:14.687559: Epoch 100
2026-01-03 07:22:14.690118: Current learning rate: 0.00694
2026-01-03 07:22:55.459054: train_loss 0.6716
2026-01-03 07:22:55.467707: val_loss 0.8037
2026-01-03 07:22:55.470740: val classification accuracy 0.4167
2026-01-03 07:22:55.473588: val auc 0.4358
2026-01-03 07:22:55.476358: Epoch time: 40.78 s
2026-01-03 07:22:56.218319: 
2026-01-03 07:22:56.221761: Epoch 101
2026-01-03 07:22:56.224588: Current learning rate: 0.00691
2026-01-03 07:23:36.046511: train_loss 0.63
2026-01-03 07:23:36.050702: val_loss 0.7491
2026-01-03 07:23:36.053302: val classification accuracy 0.5208
2026-01-03 07:23:36.064577: val auc 0.5417
2026-01-03 07:23:36.073837: Epoch time: 39.83 s
2026-01-03 07:23:36.822165: 
2026-01-03 07:23:36.825752: Epoch 102
2026-01-03 07:23:36.828178: Current learning rate: 0.00688
2026-01-03 07:24:15.379472: train_loss 0.6497
2026-01-03 07:24:15.391181: val_loss 1.0381
2026-01-03 07:24:15.394142: val classification accuracy 0.5208
2026-01-03 07:24:15.397094: val auc 0.3212
2026-01-03 07:24:15.400974: Epoch time: 38.56 s
2026-01-03 07:24:16.159660: 
2026-01-03 07:24:16.163115: Epoch 103
2026-01-03 07:24:16.165572: Current learning rate: 0.00685
2026-01-03 07:24:53.489887: train_loss 0.6336
2026-01-03 07:24:53.510409: val_loss 0.8518
2026-01-03 07:24:53.514180: val classification accuracy 0.5833
2026-01-03 07:24:53.522894: val auc 0.5443
2026-01-03 07:24:53.527156: Epoch time: 37.33 s
2026-01-03 07:24:54.267218: 
2026-01-03 07:24:54.271135: Epoch 104
2026-01-03 07:24:54.273760: Current learning rate: 0.00682
2026-01-03 07:25:31.680957: train_loss 0.6094
2026-01-03 07:25:31.697510: val_loss 0.816
2026-01-03 07:25:31.700761: val classification accuracy 0.5208
2026-01-03 07:25:31.703908: val auc 0.5625
2026-01-03 07:25:31.707122: Epoch time: 37.42 s
2026-01-03 07:25:32.428721: 
2026-01-03 07:25:32.432409: Epoch 105
2026-01-03 07:25:32.435029: Current learning rate: 0.00679
2026-01-03 07:26:10.447872: train_loss 0.6594
2026-01-03 07:26:10.459208: val_loss 0.7318
2026-01-03 07:26:10.462111: val classification accuracy 0.625
2026-01-03 07:26:10.484872: val auc 0.5616
2026-01-03 07:26:10.488378: Epoch time: 38.02 s
2026-01-03 07:26:11.294081: 
2026-01-03 07:26:11.324624: Epoch 106
2026-01-03 07:26:11.328759: Current learning rate: 0.00675
2026-01-03 07:26:51.086568: train_loss 0.6298
2026-01-03 07:26:51.125612: val_loss 0.7855
2026-01-03 07:26:51.131208: val classification accuracy 0.6458
2026-01-03 07:26:51.150906: val auc 0.6424
2026-01-03 07:26:51.157246: Epoch time: 39.79 s
2026-01-03 07:26:51.904467: 
2026-01-03 07:26:51.908243: Epoch 107
2026-01-03 07:26:51.910803: Current learning rate: 0.00672
2026-01-03 07:27:30.541137: train_loss 0.6509
2026-01-03 07:27:30.545592: val_loss 0.6222
2026-01-03 07:27:30.548592: val classification accuracy 0.7083
2026-01-03 07:27:30.551336: val auc 0.7031
2026-01-03 07:27:30.553960: Epoch time: 38.64 s
2026-01-03 07:27:31.280064: 
2026-01-03 07:27:31.283693: Epoch 108
2026-01-03 07:27:31.286249: Current learning rate: 0.00669
2026-01-03 07:28:10.254959: train_loss 0.6181
2026-01-03 07:28:10.259499: val_loss 0.8406
2026-01-03 07:28:10.262344: val classification accuracy 0.5833
2026-01-03 07:28:10.265441: val auc 0.5799
2026-01-03 07:28:10.268000: Epoch time: 38.98 s
2026-01-03 07:28:10.973693: 
2026-01-03 07:28:10.976912: Epoch 109
2026-01-03 07:28:10.979445: Current learning rate: 0.00666
2026-01-03 07:28:51.751702: train_loss 0.6705
2026-01-03 07:28:51.756077: val_loss 0.7257
2026-01-03 07:28:51.758737: val classification accuracy 0.5417
2026-01-03 07:28:51.761353: val auc 0.5885
2026-01-03 07:28:51.763722: Epoch time: 40.78 s
2026-01-03 07:28:52.505604: 
2026-01-03 07:28:52.508784: Epoch 110
2026-01-03 07:28:52.511156: Current learning rate: 0.00663
2026-01-03 07:29:30.036871: train_loss 0.5858
2026-01-03 07:29:30.041187: val_loss 0.897
2026-01-03 07:29:30.043895: val classification accuracy 0.6042
2026-01-03 07:29:30.060846: val auc 0.5885
2026-01-03 07:29:30.063826: Epoch time: 37.53 s
2026-01-03 07:29:30.775992: 
2026-01-03 07:29:30.779176: Epoch 111
2026-01-03 07:29:30.781529: Current learning rate: 0.0066
2026-01-03 07:30:07.084828: train_loss 0.624
2026-01-03 07:30:07.090669: val_loss 0.7383
2026-01-03 07:30:07.094562: val classification accuracy 0.5417
2026-01-03 07:30:07.109356: val auc 0.566
2026-01-03 07:30:07.112854: Epoch time: 36.31 s
2026-01-03 07:30:07.876613: 
2026-01-03 07:30:07.879952: Epoch 112
2026-01-03 07:30:07.882485: Current learning rate: 0.00657
2026-01-03 07:30:47.464082: train_loss 0.6155
2026-01-03 07:30:47.470641: val_loss 0.7908
2026-01-03 07:30:47.473217: val classification accuracy 0.5833
2026-01-03 07:30:47.475995: val auc 0.546
2026-01-03 07:30:47.478503: Epoch time: 39.59 s
2026-01-03 07:30:48.249888: 
2026-01-03 07:30:48.253383: Epoch 113
2026-01-03 07:30:48.255546: Current learning rate: 0.00654
2026-01-03 07:31:28.414462: train_loss 0.6688
2026-01-03 07:31:28.428484: val_loss 0.7502
2026-01-03 07:31:28.431518: val classification accuracy 0.5
2026-01-03 07:31:28.449832: val auc 0.4878
2026-01-03 07:31:28.463081: Epoch time: 40.17 s
2026-01-03 07:31:29.206791: 
2026-01-03 07:31:29.210223: Epoch 114
2026-01-03 07:31:29.212762: Current learning rate: 0.0065
2026-01-03 07:32:07.013209: train_loss 0.6528
2026-01-03 07:32:07.017612: val_loss 0.8148
2026-01-03 07:32:07.020144: val classification accuracy 0.5417
2026-01-03 07:32:07.023292: val auc 0.5122
2026-01-03 07:32:07.026083: Epoch time: 37.81 s
2026-01-03 07:32:07.733252: 
2026-01-03 07:32:07.736695: Epoch 115
2026-01-03 07:32:07.739470: Current learning rate: 0.00647
2026-01-03 07:32:44.276662: train_loss 0.6319
2026-01-03 07:32:44.281484: val_loss 0.7182
2026-01-03 07:32:44.284065: val classification accuracy 0.6042
2026-01-03 07:32:44.286594: val auc 0.6615
2026-01-03 07:32:44.289602: Epoch time: 36.54 s
2026-01-03 07:32:45.043870: 
2026-01-03 07:32:45.047473: Epoch 116
2026-01-03 07:32:45.049964: Current learning rate: 0.00644
2026-01-03 07:33:23.931007: train_loss 0.6246
2026-01-03 07:33:23.936068: val_loss 0.7343
2026-01-03 07:33:23.939067: val classification accuracy 0.6042
2026-01-03 07:33:23.941804: val auc 0.5634
2026-01-03 07:33:23.949082: Epoch time: 38.89 s
2026-01-03 07:33:24.704658: 
2026-01-03 07:33:24.708171: Epoch 117
2026-01-03 07:33:24.710820: Current learning rate: 0.00641
2026-01-03 07:34:02.360358: train_loss 0.5981
2026-01-03 07:34:02.366588: val_loss 0.637
2026-01-03 07:34:02.369771: val classification accuracy 0.6042
2026-01-03 07:34:02.372615: val auc 0.697
2026-01-03 07:34:02.375485: Epoch time: 37.66 s
2026-01-03 07:34:03.098223: 
2026-01-03 07:34:03.101563: Epoch 118
2026-01-03 07:34:03.104044: Current learning rate: 0.00638
2026-01-03 07:34:41.688354: train_loss 0.6611
2026-01-03 07:34:41.694243: val_loss 0.9294
2026-01-03 07:34:41.697150: val classification accuracy 0.4375
2026-01-03 07:34:41.699906: val auc 0.375
2026-01-03 07:34:41.702790: Epoch time: 38.59 s
2026-01-03 07:34:42.437150: 
2026-01-03 07:34:42.440782: Epoch 119
2026-01-03 07:34:42.443554: Current learning rate: 0.00635
2026-01-03 07:35:24.441966: train_loss 0.6633
2026-01-03 07:35:24.450670: val_loss 0.6965
2026-01-03 07:35:24.453695: val classification accuracy 0.5208
2026-01-03 07:35:24.456381: val auc 0.6076
2026-01-03 07:35:24.459808: Epoch time: 42.01 s
2026-01-03 07:35:25.173330: Saved periodic checkpoint /hpf/projects/jquon/sumin/nnUNet_data/nnUNet_results/Dataset033_AVM_T1+C/DenseNetTrainer_ep300_NoMirroring_x2__nnUNetResEncUNetLPlans__3d_fullres/fold_8/checkpoint_every20_best_auroc.pth at epoch 119 with val_auc=0.6076
2026-01-03 07:35:25.926244: 
2026-01-03 07:35:25.931056: Epoch 120
2026-01-03 07:35:25.933419: Current learning rate: 0.00631
2026-01-03 07:36:03.041000: train_loss 0.6244
2026-01-03 07:36:03.045872: val_loss 0.8662
2026-01-03 07:36:03.048981: val classification accuracy 0.5208
2026-01-03 07:36:03.051622: val auc 0.4939
2026-01-03 07:36:03.054241: Epoch time: 37.12 s
2026-01-03 07:36:03.784544: 
2026-01-03 07:36:03.787885: Epoch 121
2026-01-03 07:36:03.790429: Current learning rate: 0.00628
2026-01-03 07:36:43.884509: train_loss 0.6501
2026-01-03 07:36:43.888514: val_loss 0.7966
2026-01-03 07:36:43.891140: val classification accuracy 0.5625
2026-01-03 07:36:43.893551: val auc 0.5226
2026-01-03 07:36:43.896688: Epoch time: 40.1 s
2026-01-03 07:36:44.624939: 
2026-01-03 07:36:44.628412: Epoch 122
2026-01-03 07:36:44.630844: Current learning rate: 0.00625
2026-01-03 07:37:23.289959: train_loss 0.6412
2026-01-03 07:37:23.317812: val_loss 0.7508
2026-01-03 07:37:23.320667: val classification accuracy 0.5
2026-01-03 07:37:23.323111: val auc 0.5764
2026-01-03 07:37:23.325613: Epoch time: 38.67 s
2026-01-03 07:37:24.069631: 
2026-01-03 07:37:24.072898: Epoch 123
2026-01-03 07:37:24.075383: Current learning rate: 0.00622
2026-01-03 07:38:04.259625: train_loss 0.6009
2026-01-03 07:38:04.265039: val_loss 0.7488
2026-01-03 07:38:04.267726: val classification accuracy 0.5833
2026-01-03 07:38:04.270339: val auc 0.6337
2026-01-03 07:38:04.272953: Epoch time: 40.19 s
2026-01-03 07:38:05.022912: 
2026-01-03 07:38:05.026240: Epoch 124
2026-01-03 07:38:05.028624: Current learning rate: 0.00619
2026-01-03 07:38:43.720218: train_loss 0.6139
2026-01-03 07:38:43.771942: val_loss 0.8134
2026-01-03 07:38:43.784793: val classification accuracy 0.4792
2026-01-03 07:38:43.787660: val auc 0.5104
2026-01-03 07:38:43.812869: Epoch time: 38.7 s
2026-01-03 07:38:44.520987: 
2026-01-03 07:38:44.524524: Epoch 125
2026-01-03 07:38:44.526936: Current learning rate: 0.00616
2026-01-03 07:39:24.352630: train_loss 0.5881
2026-01-03 07:39:24.356906: val_loss 0.6916
2026-01-03 07:39:24.360207: val classification accuracy 0.5833
2026-01-03 07:39:24.363185: val auc 0.6476
2026-01-03 07:39:24.366094: Epoch time: 39.83 s
2026-01-03 07:39:25.096573: 
2026-01-03 07:39:25.099982: Epoch 126
2026-01-03 07:39:25.102426: Current learning rate: 0.00612
2026-01-03 07:40:03.426853: train_loss 0.6478
2026-01-03 07:40:03.434798: val_loss 0.7414
2026-01-03 07:40:03.450489: val classification accuracy 0.625
2026-01-03 07:40:03.453466: val auc 0.6111
2026-01-03 07:40:03.456263: Epoch time: 38.33 s
2026-01-03 07:40:04.183092: 
2026-01-03 07:40:04.186332: Epoch 127
2026-01-03 07:40:04.188800: Current learning rate: 0.00609
2026-01-03 07:40:42.192896: train_loss 0.6219
2026-01-03 07:40:42.197175: val_loss 0.7632
2026-01-03 07:40:42.213335: val classification accuracy 0.5625
2026-01-03 07:40:42.217402: val auc 0.526
2026-01-03 07:40:42.221371: Epoch time: 38.01 s
2026-01-03 07:40:42.954570: 
2026-01-03 07:40:42.958047: Epoch 128
2026-01-03 07:40:42.960675: Current learning rate: 0.00606
2026-01-03 07:41:22.539286: train_loss 0.6507
2026-01-03 07:41:22.654887: val_loss 0.8445
2026-01-03 07:41:22.658257: val classification accuracy 0.6042
2026-01-03 07:41:22.661116: val auc 0.5417
2026-01-03 07:41:22.664012: Epoch time: 39.59 s
2026-01-03 07:41:23.356036: 
2026-01-03 07:41:23.359399: Epoch 129
2026-01-03 07:41:23.361766: Current learning rate: 0.00603
2026-01-03 07:42:00.179852: train_loss 0.6517
2026-01-03 07:42:00.184735: val_loss 0.8298
2026-01-03 07:42:00.188148: val classification accuracy 0.4583
2026-01-03 07:42:00.197807: val auc 0.5069
2026-01-03 07:42:00.200705: Epoch time: 36.83 s
2026-01-03 07:42:01.399538: 
2026-01-03 07:42:01.402465: Epoch 130
2026-01-03 07:42:01.404863: Current learning rate: 0.006
2026-01-03 07:42:39.776759: train_loss 0.6547
2026-01-03 07:42:39.782066: val_loss 0.7984
2026-01-03 07:42:39.786503: val classification accuracy 0.625
2026-01-03 07:42:39.789527: val auc 0.6111
2026-01-03 07:42:39.799268: Epoch time: 38.38 s
2026-01-03 07:42:40.519132: 
2026-01-03 07:42:40.522547: Epoch 131
2026-01-03 07:42:40.525011: Current learning rate: 0.00597
2026-01-03 07:43:21.899055: train_loss 0.6351
2026-01-03 07:43:21.909519: val_loss 0.7694
2026-01-03 07:43:21.912782: val classification accuracy 0.5208
2026-01-03 07:43:21.915826: val auc 0.5694
2026-01-03 07:43:21.918755: Epoch time: 41.38 s
2026-01-03 07:43:22.645454: 
2026-01-03 07:43:22.648945: Epoch 132
2026-01-03 07:43:22.651649: Current learning rate: 0.00593
2026-01-03 07:44:01.287993: train_loss 0.6371
2026-01-03 07:44:01.294832: val_loss 1.0088
2026-01-03 07:44:01.297937: val classification accuracy 0.6042
2026-01-03 07:44:01.300708: val auc 0.6493
2026-01-03 07:44:01.303416: Epoch time: 38.64 s
2026-01-03 07:44:02.070347: 
2026-01-03 07:44:02.073713: Epoch 133
2026-01-03 07:44:02.076395: Current learning rate: 0.0059
2026-01-03 07:44:42.572352: train_loss 0.6439
2026-01-03 07:44:42.576072: val_loss 0.6738
2026-01-03 07:44:42.579165: val classification accuracy 0.6458
2026-01-03 07:44:42.582408: val auc 0.6302
2026-01-03 07:44:42.585123: Epoch time: 40.5 s
2026-01-03 07:44:43.335009: 
2026-01-03 07:44:43.338634: Epoch 134
2026-01-03 07:44:43.341124: Current learning rate: 0.00587
2026-01-03 07:45:23.403103: train_loss 0.6397
2026-01-03 07:45:23.407322: val_loss 0.9007
2026-01-03 07:45:23.410215: val classification accuracy 0.5
2026-01-03 07:45:23.413093: val auc 0.4583
2026-01-03 07:45:23.415747: Epoch time: 40.07 s
2026-01-03 07:45:24.642177: 
2026-01-03 07:45:24.645380: Epoch 135
2026-01-03 07:45:24.647843: Current learning rate: 0.00584
2026-01-03 07:46:04.702199: train_loss 0.6287
2026-01-03 07:46:04.710273: val_loss 0.8823
2026-01-03 07:46:04.713277: val classification accuracy 0.5417
2026-01-03 07:46:04.716061: val auc 0.4497
2026-01-03 07:46:04.718932: Epoch time: 40.06 s
2026-01-03 07:46:05.439348: 
2026-01-03 07:46:05.442835: Epoch 136
2026-01-03 07:46:05.445210: Current learning rate: 0.00581
2026-01-03 07:46:44.325464: train_loss 0.5978
2026-01-03 07:46:44.329744: val_loss 0.7149
2026-01-03 07:46:44.332525: val classification accuracy 0.5625
2026-01-03 07:46:44.335234: val auc 0.6562
2026-01-03 07:46:44.337988: Epoch time: 38.89 s
2026-01-03 07:46:45.101801: 
2026-01-03 07:46:45.105081: Epoch 137
2026-01-03 07:46:45.107730: Current learning rate: 0.00578
2026-01-03 07:47:23.148790: train_loss 0.6183
2026-01-03 07:47:23.165040: val_loss 0.7395
2026-01-03 07:47:23.167893: val classification accuracy 0.5
2026-01-03 07:47:23.171268: val auc 0.6354
2026-01-03 07:47:23.174165: Epoch time: 38.05 s
2026-01-03 07:47:23.917401: 
2026-01-03 07:47:23.920477: Epoch 138
2026-01-03 07:47:23.923133: Current learning rate: 0.00574
2026-01-03 07:48:02.120324: train_loss 0.6586
2026-01-03 07:48:02.125516: val_loss 0.8887
2026-01-03 07:48:02.128597: val classification accuracy 0.6042
2026-01-03 07:48:02.131217: val auc 0.4115
2026-01-03 07:48:02.133913: Epoch time: 38.2 s
2026-01-03 07:48:02.876177: 
2026-01-03 07:48:02.879442: Epoch 139
2026-01-03 07:48:02.882306: Current learning rate: 0.00571
2026-01-03 07:48:43.446072: train_loss 0.6129
2026-01-03 07:48:43.456153: val_loss 0.8106
2026-01-03 07:48:43.459859: val classification accuracy 0.5625
2026-01-03 07:48:43.463138: val auc 0.5781
2026-01-03 07:48:43.466426: Epoch time: 40.57 s
2026-01-03 07:48:44.679914: 
2026-01-03 07:48:44.682984: Epoch 140
2026-01-03 07:48:44.685301: Current learning rate: 0.00568
2026-01-03 07:49:21.882743: train_loss 0.639
2026-01-03 07:49:21.925098: val_loss 0.8112
2026-01-03 07:49:21.928271: val classification accuracy 0.6042
2026-01-03 07:49:21.931480: val auc 0.5642
2026-01-03 07:49:21.934722: Epoch time: 37.2 s
2026-01-03 07:49:22.651572: 
2026-01-03 07:49:22.655203: Epoch 141
2026-01-03 07:49:22.657813: Current learning rate: 0.00565
2026-01-03 07:50:04.560993: train_loss 0.6672
2026-01-03 07:50:04.565029: val_loss 0.7673
2026-01-03 07:50:04.577424: val classification accuracy 0.4375
2026-01-03 07:50:04.580273: val auc 0.4097
2026-01-03 07:50:04.583444: Epoch time: 41.91 s
2026-01-03 07:50:05.319077: 
2026-01-03 07:50:05.322377: Epoch 142
2026-01-03 07:50:05.324922: Current learning rate: 0.00562
2026-01-03 07:50:44.680805: train_loss 0.6544
2026-01-03 07:50:44.688931: val_loss 0.7585
2026-01-03 07:50:44.693026: val classification accuracy 0.4792
2026-01-03 07:50:44.712189: val auc 0.4878
2026-01-03 07:50:44.719486: Epoch time: 39.36 s
2026-01-03 07:50:45.440987: 
2026-01-03 07:50:45.444129: Epoch 143
2026-01-03 07:50:45.446654: Current learning rate: 0.00558
2026-01-03 07:51:23.611549: train_loss 0.6314
2026-01-03 07:51:23.654621: val_loss 0.6474
2026-01-03 07:51:23.663085: val classification accuracy 0.6875
2026-01-03 07:51:23.677912: val auc 0.6562
2026-01-03 07:51:23.684317: Epoch time: 38.17 s
2026-01-03 07:51:24.430036: 
2026-01-03 07:51:24.433750: Epoch 144
2026-01-03 07:51:24.436371: Current learning rate: 0.00555
2026-01-03 07:52:05.482202: train_loss 0.6241
2026-01-03 07:52:05.487298: val_loss 0.5657
2026-01-03 07:52:05.490419: val classification accuracy 0.6875
2026-01-03 07:52:05.493446: val auc 0.75
2026-01-03 07:52:05.504166: Epoch time: 41.05 s
2026-01-03 07:52:06.724817: 
2026-01-03 07:52:06.727961: Epoch 145
2026-01-03 07:52:06.730570: Current learning rate: 0.00552
2026-01-03 07:52:45.906252: train_loss 0.5935
2026-01-03 07:52:45.911716: val_loss 0.952
2026-01-03 07:52:45.936064: val classification accuracy 0.5208
2026-01-03 07:52:45.938846: val auc 0.5139
2026-01-03 07:52:45.943759: Epoch time: 39.18 s
2026-01-03 07:52:46.670213: 
2026-01-03 07:52:46.673922: Epoch 146
2026-01-03 07:52:46.676767: Current learning rate: 0.00549
2026-01-03 07:53:25.025425: train_loss 0.6393
2026-01-03 07:53:25.046119: val_loss 0.7091
2026-01-03 07:53:25.054367: val classification accuracy 0.5625
2026-01-03 07:53:25.069695: val auc 0.6372
2026-01-03 07:53:25.073030: Epoch time: 38.36 s
2026-01-03 07:53:25.863287: 
2026-01-03 07:53:25.866861: Epoch 147
2026-01-03 07:53:25.869485: Current learning rate: 0.00546
2026-01-03 07:54:04.239704: train_loss 0.6113
2026-01-03 07:54:04.244509: val_loss 0.7853
2026-01-03 07:54:04.247915: val classification accuracy 0.5417
2026-01-03 07:54:04.256233: val auc 0.5703
2026-01-03 07:54:04.259854: Epoch time: 38.38 s
2026-01-03 07:54:05.006805: 
2026-01-03 07:54:05.010169: Epoch 148
2026-01-03 07:54:05.012918: Current learning rate: 0.00542
2026-01-03 07:54:44.190216: train_loss 0.5695
2026-01-03 07:54:44.205633: val_loss 0.8517
2026-01-03 07:54:44.208582: val classification accuracy 0.6875
2026-01-03 07:54:44.211772: val auc 0.6649
2026-01-03 07:54:44.214856: Epoch time: 39.19 s
2026-01-03 07:54:44.958924: 
2026-01-03 07:54:44.962132: Epoch 149
2026-01-03 07:54:44.964531: Current learning rate: 0.00539
2026-01-03 07:55:24.837140: train_loss 0.6372
2026-01-03 07:55:24.852324: val_loss 0.9197
2026-01-03 07:55:24.855554: val classification accuracy 0.5833
2026-01-03 07:55:24.858610: val auc 0.6085
2026-01-03 07:55:24.861465: Epoch time: 39.88 s
2026-01-03 07:55:26.074670: 
2026-01-03 07:55:26.077976: Epoch 150
2026-01-03 07:55:26.080528: Current learning rate: 0.00536
2026-01-03 07:56:04.324811: train_loss 0.6477
2026-01-03 07:56:04.329349: val_loss 0.7229
2026-01-03 07:56:04.332310: val classification accuracy 0.6042
2026-01-03 07:56:04.335275: val auc 0.6354
2026-01-03 07:56:04.339907: Epoch time: 38.25 s
2026-01-03 07:56:05.134728: 
2026-01-03 07:56:05.137932: Epoch 151
2026-01-03 07:56:05.140394: Current learning rate: 0.00533
2026-01-03 07:56:46.428988: train_loss 0.6217
2026-01-03 07:56:46.433388: val_loss 0.7776
2026-01-03 07:56:46.438736: val classification accuracy 0.5208
2026-01-03 07:56:46.441785: val auc 0.4931
2026-01-03 07:56:46.444621: Epoch time: 41.3 s
2026-01-03 07:56:47.191459: 
2026-01-03 07:56:47.194751: Epoch 152
2026-01-03 07:56:47.197142: Current learning rate: 0.00529
2026-01-03 07:57:24.373089: train_loss 0.688
2026-01-03 07:57:24.398956: val_loss 0.7281
2026-01-03 07:57:24.402311: val classification accuracy 0.5208
2026-01-03 07:57:24.405235: val auc 0.4514
2026-01-03 07:57:24.411957: Epoch time: 37.18 s
2026-01-03 07:57:25.148865: 
2026-01-03 07:57:25.152252: Epoch 153
2026-01-03 07:57:25.154857: Current learning rate: 0.00526
2026-01-03 07:58:03.581547: train_loss 0.6434
2026-01-03 07:58:03.590748: val_loss 0.6359
2026-01-03 07:58:03.593830: val classification accuracy 0.625
2026-01-03 07:58:03.603764: val auc 0.6719
2026-01-03 07:58:03.606508: Epoch time: 38.43 s
2026-01-03 07:58:04.316165: 
2026-01-03 07:58:04.319325: Epoch 154
2026-01-03 07:58:04.321705: Current learning rate: 0.00523
2026-01-03 07:58:43.305201: train_loss 0.6512
2026-01-03 07:58:43.309594: val_loss 0.7111
2026-01-03 07:58:43.312615: val classification accuracy 0.625
2026-01-03 07:58:43.315253: val auc 0.6042
2026-01-03 07:58:43.317837: Epoch time: 38.99 s
2026-01-03 07:58:44.596354: 
2026-01-03 07:58:44.599865: Epoch 155
2026-01-03 07:58:44.603025: Current learning rate: 0.0052
2026-01-03 07:59:23.420724: train_loss 0.6034
2026-01-03 07:59:23.434184: val_loss 0.8344
2026-01-03 07:59:23.437362: val classification accuracy 0.5417
2026-01-03 07:59:23.440252: val auc 0.5156
2026-01-03 07:59:23.442979: Epoch time: 38.83 s
2026-01-03 07:59:24.187151: 
2026-01-03 07:59:24.190502: Epoch 156
2026-01-03 07:59:24.193192: Current learning rate: 0.00517
2026-01-03 08:00:04.238014: train_loss 0.6228
2026-01-03 08:00:04.274354: val_loss 0.8099
2026-01-03 08:00:04.277744: val classification accuracy 0.5417
2026-01-03 08:00:04.281001: val auc 0.5651
2026-01-03 08:00:04.284361: Epoch time: 40.05 s
2026-01-03 08:00:05.109020: 
2026-01-03 08:00:05.112832: Epoch 157
2026-01-03 08:00:05.115826: Current learning rate: 0.00513
2026-01-03 08:00:43.590292: train_loss 0.6207
2026-01-03 08:00:43.596399: val_loss 0.8984
2026-01-03 08:00:43.599139: val classification accuracy 0.4167
2026-01-03 08:00:43.601979: val auc 0.4957
2026-01-03 08:00:43.604816: Epoch time: 38.48 s
2026-01-03 08:00:44.344444: 
2026-01-03 08:00:44.347756: Epoch 158
2026-01-03 08:00:44.350265: Current learning rate: 0.0051
2026-01-03 08:01:22.062695: train_loss 0.6127
2026-01-03 08:01:22.100922: val_loss 1.1381
2026-01-03 08:01:22.104258: val classification accuracy 0.5
2026-01-03 08:01:22.107338: val auc 0.4635
2026-01-03 08:01:22.110259: Epoch time: 37.72 s
2026-01-03 08:01:22.821621: 
2026-01-03 08:01:22.825110: Epoch 159
2026-01-03 08:01:22.827944: Current learning rate: 0.00507
2026-01-03 08:02:00.405159: train_loss 0.667
2026-01-03 08:02:00.410966: val_loss 0.7225
2026-01-03 08:02:00.414071: val classification accuracy 0.4792
2026-01-03 08:02:00.417268: val auc 0.5556
2026-01-03 08:02:00.420366: Epoch time: 37.59 s
2026-01-03 08:02:01.167292: 
2026-01-03 08:02:01.170830: Epoch 160
2026-01-03 08:02:01.173424: Current learning rate: 0.00504
2026-01-03 08:02:42.247207: train_loss 0.5832
2026-01-03 08:02:42.252335: val_loss 1.2067
2026-01-03 08:02:42.255560: val classification accuracy 0.5417
2026-01-03 08:02:42.258617: val auc 0.4826
2026-01-03 08:02:42.261936: Epoch time: 41.08 s
2026-01-03 08:02:42.984419: 
2026-01-03 08:02:42.988173: Epoch 161
2026-01-03 08:02:42.991246: Current learning rate: 0.005
2026-01-03 08:03:22.189846: train_loss 0.5832
2026-01-03 08:03:22.219884: val_loss 0.7301
2026-01-03 08:03:22.222911: val classification accuracy 0.625
2026-01-03 08:03:22.225658: val auc 0.6111
2026-01-03 08:03:22.228728: Epoch time: 39.21 s
2026-01-03 08:03:22.938433: 
2026-01-03 08:03:22.941667: Epoch 162
2026-01-03 08:03:22.944232: Current learning rate: 0.00497
2026-01-03 08:04:02.262777: train_loss 0.579
2026-01-03 08:04:02.268036: val_loss 0.9972
2026-01-03 08:04:02.274030: val classification accuracy 0.4583
2026-01-03 08:04:02.276920: val auc 0.4184
2026-01-03 08:04:02.279664: Epoch time: 39.33 s
2026-01-03 08:04:02.988626: 
2026-01-03 08:04:02.991927: Epoch 163
2026-01-03 08:04:02.994549: Current learning rate: 0.00494
2026-01-03 08:04:40.829832: train_loss 0.6441
2026-01-03 08:04:40.841979: val_loss 0.8336
2026-01-03 08:04:40.845149: val classification accuracy 0.5625
2026-01-03 08:04:40.848485: val auc 0.6658
2026-01-03 08:04:40.851363: Epoch time: 37.84 s
2026-01-03 08:04:41.560054: 
2026-01-03 08:04:41.566676: Epoch 164
2026-01-03 08:04:41.569560: Current learning rate: 0.00491
2026-01-03 08:05:20.323916: train_loss 0.6021
2026-01-03 08:05:20.349702: val_loss 1.0442
2026-01-03 08:05:20.385542: val classification accuracy 0.5417
2026-01-03 08:05:20.390635: val auc 0.4635
2026-01-03 08:05:20.393326: Epoch time: 38.77 s
2026-01-03 08:05:21.085482: 
2026-01-03 08:05:21.088843: Epoch 165
2026-01-03 08:05:21.091253: Current learning rate: 0.00487
2026-01-03 08:05:59.822287: train_loss 0.6589
2026-01-03 08:05:59.826521: val_loss 0.7622
2026-01-03 08:05:59.829162: val classification accuracy 0.5417
2026-01-03 08:05:59.831790: val auc 0.599
2026-01-03 08:05:59.834368: Epoch time: 38.74 s
2026-01-03 08:06:00.546319: 
2026-01-03 08:06:00.549476: Epoch 166
2026-01-03 08:06:00.552013: Current learning rate: 0.00484
2026-01-03 08:06:37.911326: train_loss 0.6397
2026-01-03 08:06:37.999085: val_loss 0.77
2026-01-03 08:06:38.014194: val classification accuracy 0.5417
2026-01-03 08:06:38.018747: val auc 0.7023
2026-01-03 08:06:38.021648: Epoch time: 37.37 s
2026-01-03 08:06:38.736845: 
2026-01-03 08:06:38.740816: Epoch 167
2026-01-03 08:06:38.743515: Current learning rate: 0.00481
2026-01-03 08:07:16.228263: train_loss 0.6294
2026-01-03 08:07:16.232420: val_loss 0.6309
2026-01-03 08:07:16.235383: val classification accuracy 0.5625
2026-01-03 08:07:16.238157: val auc 0.7188
2026-01-03 08:07:16.240865: Epoch time: 37.49 s
2026-01-03 08:07:16.964742: 
2026-01-03 08:07:16.968131: Epoch 168
2026-01-03 08:07:16.970548: Current learning rate: 0.00478
2026-01-03 08:07:58.080472: train_loss 0.6465
2026-01-03 08:07:58.085946: val_loss 0.6775
2026-01-03 08:07:58.089054: val classification accuracy 0.5625
2026-01-03 08:07:58.092041: val auc 0.6389
2026-01-03 08:07:58.096226: Epoch time: 41.12 s
2026-01-03 08:07:58.821757: 
2026-01-03 08:07:58.825297: Epoch 169
2026-01-03 08:07:58.827948: Current learning rate: 0.00474
2026-01-03 08:08:37.217929: train_loss 0.6277
2026-01-03 08:08:37.225446: val_loss 0.7301
2026-01-03 08:08:37.228902: val classification accuracy 0.5625
2026-01-03 08:08:37.232060: val auc 0.6233
2026-01-03 08:08:37.256050: Epoch time: 38.4 s
2026-01-03 08:08:37.985572: 
2026-01-03 08:08:37.997283: Epoch 170
2026-01-03 08:08:38.000130: Current learning rate: 0.00471
2026-01-03 08:09:18.673025: train_loss 0.6316
2026-01-03 08:09:18.677942: val_loss 0.8641
2026-01-03 08:09:18.680962: val classification accuracy 0.5625
2026-01-03 08:09:18.683993: val auc 0.6146
2026-01-03 08:09:18.686833: Epoch time: 40.69 s
2026-01-03 08:09:19.450479: 
2026-01-03 08:09:19.454018: Epoch 171
2026-01-03 08:09:19.456580: Current learning rate: 0.00468
2026-01-03 08:09:57.989046: train_loss 0.6075
2026-01-03 08:09:57.993601: val_loss 0.8409
2026-01-03 08:09:58.006001: val classification accuracy 0.5417
2026-01-03 08:09:58.009108: val auc 0.5573
2026-01-03 08:09:58.012350: Epoch time: 38.54 s
2026-01-03 08:09:58.715110: 
2026-01-03 08:09:58.721074: Epoch 172
2026-01-03 08:09:58.723804: Current learning rate: 0.00465
2026-01-03 08:10:39.952695: train_loss 0.6242
2026-01-03 08:10:39.982023: val_loss 0.7757
2026-01-03 08:10:39.985378: val classification accuracy 0.5417
2026-01-03 08:10:39.988344: val auc 0.5434
2026-01-03 08:10:39.991176: Epoch time: 41.24 s
2026-01-03 08:10:40.721033: 
2026-01-03 08:10:40.724659: Epoch 173
2026-01-03 08:10:40.727393: Current learning rate: 0.00461
2026-01-03 08:11:19.046623: train_loss 0.6068
2026-01-03 08:11:19.102471: val_loss 0.7466
2026-01-03 08:11:19.105852: val classification accuracy 0.5625
2026-01-03 08:11:19.108948: val auc 0.6215
2026-01-03 08:11:19.112083: Epoch time: 38.33 s
2026-01-03 08:11:19.818259: 
2026-01-03 08:11:19.821963: Epoch 174
2026-01-03 08:11:19.824590: Current learning rate: 0.00458
2026-01-03 08:11:58.571659: train_loss 0.6046
2026-01-03 08:11:58.577635: val_loss 0.8332
2026-01-03 08:11:58.580725: val classification accuracy 0.5
2026-01-03 08:11:58.583867: val auc 0.6146
2026-01-03 08:11:58.587137: Epoch time: 38.75 s
2026-01-03 08:11:59.339918: 
2026-01-03 08:11:59.343448: Epoch 175
2026-01-03 08:11:59.346085: Current learning rate: 0.00455
2026-01-03 08:12:37.637848: train_loss 0.6532
2026-01-03 08:12:37.648592: val_loss 1.0503
2026-01-03 08:12:37.674343: val classification accuracy 0.3125
2026-01-03 08:12:37.677404: val auc 0.3576
2026-01-03 08:12:37.680402: Epoch time: 38.3 s
2026-01-03 08:12:38.406974: 
2026-01-03 08:12:38.410350: Epoch 176
2026-01-03 08:12:38.412988: Current learning rate: 0.00452
2026-01-03 08:13:16.196101: train_loss 0.5898
2026-01-03 08:13:16.200362: val_loss 0.827
2026-01-03 08:13:16.203074: val classification accuracy 0.5625
2026-01-03 08:13:16.205900: val auc 0.6007
2026-01-03 08:13:16.208812: Epoch time: 37.79 s
2026-01-03 08:13:16.962667: 
2026-01-03 08:13:16.966170: Epoch 177
2026-01-03 08:13:16.969260: Current learning rate: 0.00448
2026-01-03 08:13:58.034967: train_loss 0.6233
2026-01-03 08:13:58.039124: val_loss 1.0352
2026-01-03 08:13:58.042473: val classification accuracy 0.4583
2026-01-03 08:13:58.045369: val auc 0.5269
2026-01-03 08:13:58.048327: Epoch time: 41.07 s
2026-01-03 08:13:58.785131: 
2026-01-03 08:13:58.788631: Epoch 178
2026-01-03 08:13:58.791126: Current learning rate: 0.00445
2026-01-03 08:14:32.907249: train_loss 0.5928
2026-01-03 08:14:32.912177: val_loss 0.9381
2026-01-03 08:14:32.915838: val classification accuracy 0.6042
2026-01-03 08:14:32.919212: val auc 0.5208
2026-01-03 08:14:32.946275: Epoch time: 34.12 s
2026-01-03 08:14:33.686099: 
2026-01-03 08:14:33.689872: Epoch 179
2026-01-03 08:14:33.692505: Current learning rate: 0.00442
2026-01-03 08:15:14.067398: train_loss 0.6177
2026-01-03 08:15:14.079767: val_loss 0.964
2026-01-03 08:15:14.082921: val classification accuracy 0.5833
2026-01-03 08:15:14.085934: val auc 0.5547
2026-01-03 08:15:14.088869: Epoch time: 40.38 s
2026-01-03 08:15:14.816231: Saved periodic checkpoint /hpf/projects/jquon/sumin/nnUNet_data/nnUNet_results/Dataset033_AVM_T1+C/DenseNetTrainer_ep300_NoMirroring_x2__nnUNetResEncUNetLPlans__3d_fullres/fold_8/checkpoint_every20_best_balacc.pth at epoch 179 with val_balanced_accuracy=0.5833
2026-01-03 08:15:15.507081: 
2026-01-03 08:15:15.510352: Epoch 180
2026-01-03 08:15:15.513144: Current learning rate: 0.00438
2026-01-03 08:15:53.555403: train_loss 0.599
2026-01-03 08:15:53.611821: val_loss 0.7877
2026-01-03 08:15:53.622272: val classification accuracy 0.6042
2026-01-03 08:15:53.625672: val auc 0.5747
2026-01-03 08:15:53.628476: Epoch time: 38.05 s
2026-01-03 08:15:54.372874: 
2026-01-03 08:15:54.376465: Epoch 181
2026-01-03 08:15:54.379064: Current learning rate: 0.00435
2026-01-03 08:16:32.573096: train_loss 0.6432
2026-01-03 08:16:32.577247: val_loss 0.7704
2026-01-03 08:16:32.596219: val classification accuracy 0.5208
2026-01-03 08:16:32.601074: val auc 0.5868
2026-01-03 08:16:32.603783: Epoch time: 38.2 s
2026-01-03 08:16:33.321305: 
2026-01-03 08:16:33.324768: Epoch 182
2026-01-03 08:16:33.327848: Current learning rate: 0.00432
2026-01-03 08:17:12.924277: train_loss 0.6345
2026-01-03 08:17:12.928698: val_loss 0.8096
2026-01-03 08:17:12.931423: val classification accuracy 0.5208
2026-01-03 08:17:12.934155: val auc 0.5486
2026-01-03 08:17:12.936679: Epoch time: 39.6 s
2026-01-03 08:17:13.682356: 
2026-01-03 08:17:13.685641: Epoch 183
2026-01-03 08:17:13.688289: Current learning rate: 0.00429
2026-01-03 08:17:54.285641: train_loss 0.6177
2026-01-03 08:17:54.310042: val_loss 0.8823
2026-01-03 08:17:54.313030: val classification accuracy 0.6042
2026-01-03 08:17:54.329139: val auc 0.5625
2026-01-03 08:17:54.332133: Epoch time: 40.6 s
2026-01-03 08:17:55.041665: 
2026-01-03 08:17:55.045533: Epoch 184
2026-01-03 08:17:55.048152: Current learning rate: 0.00425
2026-01-03 08:18:32.189155: train_loss 0.6165
2026-01-03 08:18:32.195117: val_loss 0.7472
2026-01-03 08:18:32.200627: val classification accuracy 0.6042
2026-01-03 08:18:32.211527: val auc 0.6181
2026-01-03 08:18:32.214708: Epoch time: 37.15 s
2026-01-03 08:18:32.961348: 
2026-01-03 08:18:32.964687: Epoch 185
2026-01-03 08:18:32.967438: Current learning rate: 0.00422
2026-01-03 08:19:13.655405: train_loss 0.6106
2026-01-03 08:19:13.659768: val_loss 0.7036
2026-01-03 08:19:13.709008: val classification accuracy 0.6458
2026-01-03 08:19:13.712254: val auc 0.6684
2026-01-03 08:19:13.715349: Epoch time: 40.7 s
2026-01-03 08:19:14.427980: 
2026-01-03 08:19:14.431339: Epoch 186
2026-01-03 08:19:14.433914: Current learning rate: 0.00419
2026-01-03 08:19:54.484861: train_loss 0.6306
2026-01-03 08:19:54.492443: val_loss 0.767
2026-01-03 08:19:54.508896: val classification accuracy 0.6667
2026-01-03 08:19:54.512077: val auc 0.5903
2026-01-03 08:19:54.514894: Epoch time: 40.06 s
2026-01-03 08:19:55.267444: 
2026-01-03 08:19:55.271083: Epoch 187
2026-01-03 08:19:55.273809: Current learning rate: 0.00415
2026-01-03 08:20:34.682833: train_loss 0.6227
2026-01-03 08:20:34.691029: val_loss 0.9404
2026-01-03 08:20:34.693916: val classification accuracy 0.4792
2026-01-03 08:20:34.696687: val auc 0.4601
2026-01-03 08:20:34.699187: Epoch time: 39.42 s
2026-01-03 08:20:35.422779: 
2026-01-03 08:20:35.426362: Epoch 188
2026-01-03 08:20:35.429152: Current learning rate: 0.00412
2026-01-03 08:21:13.017538: train_loss 0.5904
2026-01-03 08:21:13.022495: val_loss 1.1091
2026-01-03 08:21:13.025555: val classification accuracy 0.3958
2026-01-03 08:21:13.046236: val auc 0.4149
2026-01-03 08:21:13.049101: Epoch time: 37.6 s
2026-01-03 08:21:14.234536: 
2026-01-03 08:21:14.237928: Epoch 189
2026-01-03 08:21:14.240828: Current learning rate: 0.00409
2026-01-03 08:21:50.888749: train_loss 0.606
2026-01-03 08:21:50.905170: val_loss 0.8884
2026-01-03 08:21:50.908098: val classification accuracy 0.6042
2026-01-03 08:21:50.910988: val auc 0.6007
2026-01-03 08:21:50.914101: Epoch time: 36.66 s
2026-01-03 08:21:51.630704: 
2026-01-03 08:21:51.634011: Epoch 190
2026-01-03 08:21:51.636931: Current learning rate: 0.00405
2026-01-03 08:22:33.292407: train_loss 0.6066
2026-01-03 08:22:33.301435: val_loss 0.6689
2026-01-03 08:22:33.305068: val classification accuracy 0.6875
2026-01-03 08:22:33.322054: val auc 0.684
2026-01-03 08:22:33.325092: Epoch time: 41.66 s
2026-01-03 08:22:34.049601: 
2026-01-03 08:22:34.052822: Epoch 191
2026-01-03 08:22:34.055315: Current learning rate: 0.00402
2026-01-03 08:23:13.302521: train_loss 0.6215
2026-01-03 08:23:13.307106: val_loss 0.8001
2026-01-03 08:23:13.310338: val classification accuracy 0.5833
2026-01-03 08:23:13.313560: val auc 0.5191
2026-01-03 08:23:13.316902: Epoch time: 39.25 s
2026-01-03 08:23:14.060999: 
2026-01-03 08:23:14.064752: Epoch 192
2026-01-03 08:23:14.067397: Current learning rate: 0.00399
2026-01-03 08:23:54.368828: train_loss 0.5946
2026-01-03 08:23:54.373725: val_loss 0.9768
2026-01-03 08:23:54.376709: val classification accuracy 0.4792
2026-01-03 08:23:54.379652: val auc 0.5104
2026-01-03 08:23:54.393245: Epoch time: 40.31 s
2026-01-03 08:23:55.122936: 
2026-01-03 08:23:55.126571: Epoch 193
2026-01-03 08:23:55.129245: Current learning rate: 0.00395
2026-01-03 08:24:32.895921: train_loss 0.6492
2026-01-03 08:24:32.907536: val_loss 0.8142
2026-01-03 08:24:32.912426: val classification accuracy 0.5208
2026-01-03 08:24:32.925401: val auc 0.5174
2026-01-03 08:24:32.930588: Epoch time: 37.77 s
2026-01-03 08:24:34.151492: 
2026-01-03 08:24:34.154674: Epoch 194
2026-01-03 08:24:34.157213: Current learning rate: 0.00392
2026-01-03 08:25:11.504773: train_loss 0.6194
2026-01-03 08:25:11.510054: val_loss 0.6228
2026-01-03 08:25:11.513616: val classification accuracy 0.6875
2026-01-03 08:25:11.523401: val auc 0.7257
2026-01-03 08:25:11.545857: Epoch time: 37.35 s
2026-01-03 08:25:12.273202: 
2026-01-03 08:25:12.276723: Epoch 195
2026-01-03 08:25:12.279256: Current learning rate: 0.00389
2026-01-03 08:25:49.439069: train_loss 0.6098
2026-01-03 08:25:49.474450: val_loss 0.8674
2026-01-03 08:25:49.477436: val classification accuracy 0.5625
2026-01-03 08:25:49.480264: val auc 0.6215
2026-01-03 08:25:49.483134: Epoch time: 37.17 s
2026-01-03 08:25:50.197744: 
2026-01-03 08:25:50.201154: Epoch 196
2026-01-03 08:25:50.203493: Current learning rate: 0.00385
2026-01-03 08:26:31.597586: train_loss 0.5558
2026-01-03 08:26:31.616494: val_loss 1.2871
2026-01-03 08:26:31.619827: val classification accuracy 0.4792
2026-01-03 08:26:31.622853: val auc 0.4965
2026-01-03 08:26:31.625976: Epoch time: 41.4 s
2026-01-03 08:26:32.343913: 
2026-01-03 08:26:32.347298: Epoch 197
2026-01-03 08:26:32.350245: Current learning rate: 0.00382
2026-01-03 08:27:12.369109: train_loss 0.5374
2026-01-03 08:27:12.373946: val_loss 0.8575
2026-01-03 08:27:12.377504: val classification accuracy 0.625
2026-01-03 08:27:12.380815: val auc 0.6302
2026-01-03 08:27:12.383888: Epoch time: 40.03 s
2026-01-03 08:27:13.123143: 
2026-01-03 08:27:13.126922: Epoch 198
2026-01-03 08:27:13.129656: Current learning rate: 0.00379
2026-01-03 08:27:50.500076: train_loss 0.6258
2026-01-03 08:27:50.533768: val_loss 0.9765
2026-01-03 08:27:50.537174: val classification accuracy 0.4583
2026-01-03 08:27:50.552816: val auc 0.4288
2026-01-03 08:27:50.556179: Epoch time: 37.38 s
2026-01-03 08:27:51.767153: 
2026-01-03 08:27:51.770423: Epoch 199
2026-01-03 08:27:51.773072: Current learning rate: 0.00375
2026-01-03 08:28:30.397602: train_loss 0.5933
2026-01-03 08:28:30.458938: val_loss 0.8074
2026-01-03 08:28:30.485041: val classification accuracy 0.5833
2026-01-03 08:28:30.488502: val auc 0.6128
2026-01-03 08:28:30.507915: Epoch time: 38.63 s
2026-01-03 08:28:31.183886: Saved periodic checkpoint /hpf/projects/jquon/sumin/nnUNet_data/nnUNet_results/Dataset033_AVM_T1+C/DenseNetTrainer_ep300_NoMirroring_x2__nnUNetResEncUNetLPlans__3d_fullres/fold_8/checkpoint_every20_best_auroc.pth at epoch 199 with val_auc=0.6128
2026-01-03 08:28:31.877207: 
2026-01-03 08:28:31.880579: Epoch 200
2026-01-03 08:28:31.883087: Current learning rate: 0.00372
2026-01-03 08:29:09.822713: train_loss 0.6446
2026-01-03 08:29:09.842401: val_loss 1.0374
2026-01-03 08:29:09.845834: val classification accuracy 0.5
2026-01-03 08:29:09.849024: val auc 0.5139
2026-01-03 08:29:09.865623: Epoch time: 37.95 s
2026-01-03 08:29:10.586778: 
2026-01-03 08:29:10.590182: Epoch 201
2026-01-03 08:29:10.592802: Current learning rate: 0.00369
2026-01-03 08:29:52.516272: train_loss 0.5325
2026-01-03 08:29:52.521300: val_loss 0.9455
2026-01-03 08:29:52.525550: val classification accuracy 0.6042
2026-01-03 08:29:52.529127: val auc 0.6233
2026-01-03 08:29:52.535557: Epoch time: 41.93 s
2026-01-03 08:29:53.271596: 
2026-01-03 08:29:53.275057: Epoch 202
2026-01-03 08:29:53.289039: Current learning rate: 0.00365
2026-01-03 08:30:30.986238: train_loss 0.6117
2026-01-03 08:30:30.992061: val_loss 0.8717
2026-01-03 08:30:30.995374: val classification accuracy 0.5625
2026-01-03 08:30:30.998445: val auc 0.5052
2026-01-03 08:30:31.001219: Epoch time: 37.72 s
2026-01-03 08:30:31.753962: 
2026-01-03 08:30:31.757712: Epoch 203
2026-01-03 08:30:31.760931: Current learning rate: 0.00362
2026-01-03 08:31:09.528826: train_loss 0.6211
2026-01-03 08:31:09.549490: val_loss 1.2229
2026-01-03 08:31:09.565609: val classification accuracy 0.4792
2026-01-03 08:31:09.593121: val auc 0.5625
2026-01-03 08:31:09.597195: Epoch time: 37.78 s
2026-01-03 08:31:10.790060: 
2026-01-03 08:31:10.793562: Epoch 204
2026-01-03 08:31:10.796312: Current learning rate: 0.00359
2026-01-03 08:31:48.477633: train_loss 0.601
2026-01-03 08:31:48.484968: val_loss 0.6675
2026-01-03 08:31:48.488365: val classification accuracy 0.6458
2026-01-03 08:31:48.491253: val auc 0.6875
2026-01-03 08:31:48.494350: Epoch time: 37.69 s
2026-01-03 08:31:49.229124: 
2026-01-03 08:31:49.232723: Epoch 205
2026-01-03 08:31:49.235547: Current learning rate: 0.00355
2026-01-03 08:32:28.008108: train_loss 0.6005
2026-01-03 08:32:28.020414: val_loss 0.9248
2026-01-03 08:32:28.044005: val classification accuracy 0.5208
2026-01-03 08:32:28.047024: val auc 0.5833
2026-01-03 08:32:28.050147: Epoch time: 38.78 s
2026-01-03 08:32:28.822323: 
2026-01-03 08:32:28.825716: Epoch 206
2026-01-03 08:32:28.828490: Current learning rate: 0.00352
2026-01-03 08:33:06.238512: train_loss 0.6267
2026-01-03 08:33:06.260432: val_loss 0.9101
2026-01-03 08:33:06.266624: val classification accuracy 0.5417
2026-01-03 08:33:06.283892: val auc 0.651
2026-01-03 08:33:06.287139: Epoch time: 37.42 s
2026-01-03 08:33:07.042318: 
2026-01-03 08:33:07.045551: Epoch 207
2026-01-03 08:33:07.048075: Current learning rate: 0.00349
2026-01-03 08:33:44.739950: train_loss 0.6083
2026-01-03 08:33:44.758558: val_loss 0.7705
2026-01-03 08:33:44.767079: val classification accuracy 0.75
2026-01-03 08:33:44.803586: val auc 0.6797
2026-01-03 08:33:44.806892: Epoch time: 37.7 s
2026-01-03 08:33:44.809614: Yayy! New best classification accuracy: 0.75
2026-01-03 08:33:46.221697: 
2026-01-03 08:33:46.224862: Epoch 208
2026-01-03 08:33:46.227361: Current learning rate: 0.00345
2026-01-03 08:34:24.656352: train_loss 0.6046
2026-01-03 08:34:24.670464: val_loss 0.7195
2026-01-03 08:34:24.684511: val classification accuracy 0.6042
2026-01-03 08:34:24.687396: val auc 0.6458
2026-01-03 08:34:24.690118: Epoch time: 38.44 s
2026-01-03 08:34:25.872965: 
2026-01-03 08:34:25.876090: Epoch 209
2026-01-03 08:34:25.878784: Current learning rate: 0.00342
2026-01-03 08:35:08.292202: train_loss 0.6248
2026-01-03 08:35:08.306663: val_loss 0.7944
2026-01-03 08:35:08.309900: val classification accuracy 0.5625
2026-01-03 08:35:08.312640: val auc 0.5399
2026-01-03 08:35:08.315269: Epoch time: 42.42 s
2026-01-03 08:35:09.066918: 
2026-01-03 08:35:09.070307: Epoch 210
2026-01-03 08:35:09.072865: Current learning rate: 0.00338
2026-01-03 08:35:46.742751: train_loss 0.5737
2026-01-03 08:35:46.747257: val_loss 0.6465
2026-01-03 08:35:46.750185: val classification accuracy 0.625
2026-01-03 08:35:46.753195: val auc 0.7153
2026-01-03 08:35:46.756099: Epoch time: 37.68 s
2026-01-03 08:35:47.464653: 
2026-01-03 08:35:47.468137: Epoch 211
2026-01-03 08:35:47.470856: Current learning rate: 0.00335
2026-01-03 08:36:25.855854: train_loss 0.5937
2026-01-03 08:36:25.885155: val_loss 1.1283
2026-01-03 08:36:25.888580: val classification accuracy 0.5417
2026-01-03 08:36:25.892016: val auc 0.6163
2026-01-03 08:36:25.895519: Epoch time: 38.39 s
2026-01-03 08:36:26.603322: 
2026-01-03 08:36:26.606645: Epoch 212
2026-01-03 08:36:26.609361: Current learning rate: 0.00332
2026-01-03 08:37:08.555873: train_loss 0.615
2026-01-03 08:37:08.572525: val_loss 0.9935
2026-01-03 08:37:08.575473: val classification accuracy 0.5625
2026-01-03 08:37:08.579141: val auc 0.5382
2026-01-03 08:37:08.581801: Epoch time: 41.95 s
2026-01-03 08:37:09.297800: 
2026-01-03 08:37:09.301211: Epoch 213
2026-01-03 08:37:09.303866: Current learning rate: 0.00328
2026-01-03 08:37:48.954443: train_loss 0.6
2026-01-03 08:37:48.958629: val_loss 0.8262
2026-01-03 08:37:48.963079: val classification accuracy 0.5
2026-01-03 08:37:48.966165: val auc 0.5642
2026-01-03 08:37:48.969277: Epoch time: 39.66 s
2026-01-03 08:37:50.283678: 
2026-01-03 08:37:50.287345: Epoch 214
2026-01-03 08:37:50.290071: Current learning rate: 0.00325
2026-01-03 08:38:26.770974: train_loss 0.5969
2026-01-03 08:38:26.776526: val_loss 1.197
2026-01-03 08:38:26.779423: val classification accuracy 0.5833
2026-01-03 08:38:26.782614: val auc 0.572
2026-01-03 08:38:26.786408: Epoch time: 36.49 s
2026-01-03 08:38:27.506603: 
2026-01-03 08:38:27.510249: Epoch 215
2026-01-03 08:38:27.513212: Current learning rate: 0.00321
2026-01-03 08:39:07.540666: train_loss 0.5955
2026-01-03 08:39:07.566432: val_loss 0.9523
2026-01-03 08:39:07.569519: val classification accuracy 0.5625
2026-01-03 08:39:07.573599: val auc 0.5608
2026-01-03 08:39:07.576362: Epoch time: 40.04 s
2026-01-03 08:39:08.307741: 
2026-01-03 08:39:08.310973: Epoch 216
2026-01-03 08:39:08.313807: Current learning rate: 0.00318
2026-01-03 08:39:48.314849: train_loss 0.6085
2026-01-03 08:39:48.319538: val_loss 0.7844
2026-01-03 08:39:48.322457: val classification accuracy 0.6042
2026-01-03 08:39:48.325412: val auc 0.5799
2026-01-03 08:39:48.328261: Epoch time: 40.01 s
2026-01-03 08:39:49.096088: 
2026-01-03 08:39:49.099692: Epoch 217
2026-01-03 08:39:49.102515: Current learning rate: 0.00315
2026-01-03 08:40:24.883039: train_loss 0.5895
2026-01-03 08:40:24.936365: val_loss 0.6122
2026-01-03 08:40:24.966965: val classification accuracy 0.625
2026-01-03 08:40:24.973932: val auc 0.7569
2026-01-03 08:40:24.977047: Epoch time: 35.79 s
2026-01-03 08:40:25.731155: 
2026-01-03 08:40:25.734668: Epoch 218
2026-01-03 08:40:25.737376: Current learning rate: 0.00311
2026-01-03 08:41:04.510043: train_loss 0.5834
2026-01-03 08:41:04.524483: val_loss 0.6689
2026-01-03 08:41:04.527894: val classification accuracy 0.7292
2026-01-03 08:41:04.531196: val auc 0.7309
2026-01-03 08:41:04.542917: Epoch time: 38.78 s
2026-01-03 08:41:05.262986: 
2026-01-03 08:41:05.266598: Epoch 219
2026-01-03 08:41:05.269535: Current learning rate: 0.00308
2026-01-03 08:41:46.956791: train_loss 0.5719
2026-01-03 08:41:46.962637: val_loss 1.0818
2026-01-03 08:41:46.976194: val classification accuracy 0.375
2026-01-03 08:41:47.001185: val auc 0.4913
2026-01-03 08:41:47.004478: Epoch time: 41.7 s
2026-01-03 08:41:47.754860: 
2026-01-03 08:41:47.757962: Epoch 220
2026-01-03 08:41:47.760597: Current learning rate: 0.00304
2026-01-03 08:42:27.866313: train_loss 0.5345
2026-01-03 08:42:27.874903: val_loss 0.859
2026-01-03 08:42:27.878071: val classification accuracy 0.625
2026-01-03 08:42:27.881579: val auc 0.6354
2026-01-03 08:42:27.884609: Epoch time: 40.11 s
2026-01-03 08:42:28.604413: 
2026-01-03 08:42:28.607678: Epoch 221
2026-01-03 08:42:28.610286: Current learning rate: 0.00301
2026-01-03 08:43:09.016465: train_loss 0.5927
2026-01-03 08:43:09.020930: val_loss 0.9356
2026-01-03 08:43:09.023808: val classification accuracy 0.6042
2026-01-03 08:43:09.026729: val auc 0.5833
2026-01-03 08:43:09.033914: Epoch time: 40.41 s
2026-01-03 08:43:09.777313: 
2026-01-03 08:43:09.780592: Epoch 222
2026-01-03 08:43:09.783296: Current learning rate: 0.00297
2026-01-03 08:43:49.152766: train_loss 0.5994
2026-01-03 08:43:49.157329: val_loss 0.7128
2026-01-03 08:43:49.160081: val classification accuracy 0.7083
2026-01-03 08:43:49.162719: val auc 0.7422
2026-01-03 08:43:49.165834: Epoch time: 39.38 s
2026-01-03 08:43:49.886998: 
2026-01-03 08:43:49.890514: Epoch 223
2026-01-03 08:43:49.893146: Current learning rate: 0.00294
2026-01-03 08:44:29.802789: train_loss 0.5801
2026-01-03 08:44:29.807651: val_loss 1.0937
2026-01-03 08:44:29.810588: val classification accuracy 0.4792
2026-01-03 08:44:29.815259: val auc 0.4497
2026-01-03 08:44:29.818351: Epoch time: 39.92 s
2026-01-03 08:44:31.070701: 
2026-01-03 08:44:31.074270: Epoch 224
2026-01-03 08:44:31.077053: Current learning rate: 0.00291
2026-01-03 08:45:11.521886: train_loss 0.581
2026-01-03 08:45:11.531564: val_loss 1.1869
2026-01-03 08:45:11.535264: val classification accuracy 0.5417
2026-01-03 08:45:11.538454: val auc 0.5799
2026-01-03 08:45:11.541817: Epoch time: 40.45 s
2026-01-03 08:45:11.544749: Early stopping triggered at epoch 224. Best val_losses=0.5657
2026-01-03 08:45:12.268567: Stopping training early due to early stopping criterion.
2026-01-03 08:45:12.985605: Training done.
2026-01-03 08:45:13.003675: Skipping perform_actual_validation for classification trainer (segmentation-style sliding window is not applicable).
[1;34mwandb[0m: 
[1;34mwandb[0m:  View run [33mDenseNetTrainer_ep300_NoMirroring_x2_fold8[0m at: [34m[0m
[1;34mwandb[0m: Find logs at: [1;35m../../tmp/wandb/wandb/run-20260103_061534-cargcz38/logs[0m
