Using device: cuda:0

#######################################################################
Please cite the following paper when using nnU-Net:
Isensee, F., Jaeger, P. F., Kohl, S. A., Petersen, J., & Maier-Hein, K. H. (2021). nnU-Net: a self-configuring method for deep learning-based biomedical image segmentation. Nature methods, 18(2), 203-211.
#######################################################################

2026-01-03 01:29:30.814403: Using torch.compile...
2026-01-03 01:29:36.335549: do_dummy_2d_data_aug: False
2026-01-03 01:29:36.339001: Using splits from existing split file: /hpf/projects/jquon/sumin/nnUNet_data/nnUNet_preprocessed/Dataset033_AVM_T1+C/splits_final.json
2026-01-03 01:29:36.341935: The split file contains 11 splits.
2026-01-03 01:29:36.343493: Desired fold for training: 5
2026-01-03 01:29:36.344915: This split has 465 training and 47 validation cases.
using pin_memory on device 0
using pin_memory on device 0

This is the configuration used by this training:
Configuration name: 3d_fullres
 {'data_identifier': 'nnUNetPlans_3d_fullres', 'preprocessor_name': 'DefaultPreprocessor', 'batch_size': 2, 'patch_size': [160, 224, 192], 'median_image_size_in_voxels': [344.0, 448.0, 429.0], 'spacing': [0.500000923871994, 0.4910714328289032, 0.4910714328289032], 'normalization_schemes': ['ZScoreNormalization'], 'use_mask_for_norm': [False], 'resampling_fn_data': 'resample_data_or_seg_to_shape', 'resampling_fn_seg': 'resample_data_or_seg_to_shape', 'resampling_fn_data_kwargs': {'is_seg': False, 'order': 3, 'order_z': 0, 'force_separate_z': None}, 'resampling_fn_seg_kwargs': {'is_seg': True, 'order': 1, 'order_z': 0, 'force_separate_z': None}, 'resampling_fn_probabilities': 'resample_data_or_seg_to_shape', 'resampling_fn_probabilities_kwargs': {'is_seg': False, 'order': 1, 'order_z': 0, 'force_separate_z': None}, 'architecture': {'network_class_name': 'dynamic_network_architectures.architectures.unet.ResidualEncoderUNet', 'arch_kwargs': {'n_stages': 6, 'features_per_stage': [32, 64, 128, 256, 320, 320], 'conv_op': 'torch.nn.modules.conv.Conv3d', 'kernel_sizes': [[3, 3, 3], [3, 3, 3], [3, 3, 3], [3, 3, 3], [3, 3, 3], [3, 3, 3]], 'strides': [[1, 1, 1], [2, 2, 2], [2, 2, 2], [2, 2, 2], [2, 2, 2], [2, 2, 2]], 'n_blocks_per_stage': [1, 3, 4, 6, 6, 6], 'n_conv_per_stage_decoder': [1, 1, 1, 1, 1], 'conv_bias': True, 'norm_op': 'torch.nn.modules.instancenorm.InstanceNorm3d', 'norm_op_kwargs': {'eps': 1e-05, 'affine': True}, 'dropout_op': None, 'dropout_op_kwargs': None, 'nonlin': 'torch.nn.LeakyReLU', 'nonlin_kwargs': {'inplace': True}}, '_kw_requires_import': ['conv_op', 'norm_op', 'dropout_op', 'nonlin']}, 'batch_dice': True} 

These are the global plan.json settings:
 {'dataset_name': 'Dataset033_AVM_T1+C', 'plans_name': 'nnUNetResEncUNetLPlans', 'original_median_spacing_after_transp': [0.500000923871994, 0.4910714328289032, 0.4910714328289032], 'original_median_shape_after_transp': [330, 448, 424], 'image_reader_writer': 'SimpleITKIO', 'transpose_forward': [0, 1, 2], 'transpose_backward': [0, 1, 2], 'experiment_planner_used': 'nnUNetPlannerResEncL', 'label_manager': 'LabelManager', 'foreground_intensity_properties_per_channel': {'0': {'max': 12113.0, 'mean': 449.843505859375, 'median': 311.0, 'min': 0.0, 'percentile_00_5': 34.0, 'percentile_99_5': 3202.0, 'std': 471.56329345703125}}} 

2026-01-03 01:29:38.319699: Unable to plot network architecture: nnUNet_compile is enabled!
2026-01-03 01:29:38.346336: 
2026-01-03 01:29:38.348577: Epoch 0
2026-01-03 01:29:38.353167: Current learning rate: 0.01
2026-01-03 01:30:47.656397: train_loss 1.5122
2026-01-03 01:30:47.661359: val_loss 62.5962
2026-01-03 01:30:47.663266: val classification accuracy 0.2609
2026-01-03 01:30:47.665093: val auc 0.2533
2026-01-03 01:30:47.666918: Epoch time: 69.31 s
2026-01-03 01:30:47.668537: Yayy! New best EMA pseudo Dice: 0.2533
2026-01-03 01:30:48.339009: Yayy! New best classification accuracy: 0.2609
2026-01-03 01:30:49.751525: 
2026-01-03 01:30:49.753965: Epoch 1
2026-01-03 01:30:49.755674: Current learning rate: 0.00997
2026-01-03 01:31:31.971699: train_loss 1.9762
2026-01-03 01:31:32.021340: val_loss 45.2032
2026-01-03 01:31:32.023627: val classification accuracy 0.4348
2026-01-03 01:31:32.025594: val auc 0.5331
2026-01-03 01:31:32.027713: Epoch time: 42.22 s
2026-01-03 01:31:32.029443: Yayy! New best EMA pseudo Dice: 0.5331
2026-01-03 01:31:32.679698: Yayy! New best classification accuracy: 0.4348
2026-01-03 01:31:34.127205: 
2026-01-03 01:31:34.129486: Epoch 2
2026-01-03 01:31:34.131088: Current learning rate: 0.00994
2026-01-03 01:32:12.244134: WARNING: NaNs or Infs in validation probabilities at epoch 2. Sanitizing with nan_to_num before metrics.
2026-01-03 01:32:12.271035: train_loss 1.227
2026-01-03 01:32:12.274225: val_loss nan
2026-01-03 01:32:12.276831: val classification accuracy 0.4783
2026-01-03 01:32:12.279946: val auc 0.327
2026-01-03 01:32:12.282359: Epoch time: 38.15 s
2026-01-03 01:32:12.330581: Yayy! New best classification accuracy: 0.4783
2026-01-03 01:32:13.727707: 
2026-01-03 01:32:13.730484: Epoch 3
2026-01-03 01:32:13.732412: Current learning rate: 0.00991
2026-01-03 01:32:50.860727: WARNING: NaNs or Infs in validation probabilities at epoch 3. Sanitizing with nan_to_num before metrics.
2026-01-03 01:32:50.867836: train_loss 0.7991
2026-01-03 01:32:50.870014: val_loss nan
2026-01-03 01:32:50.877417: val classification accuracy 0.5
2026-01-03 01:32:50.879440: val auc 0.5085
2026-01-03 01:32:50.885108: Epoch time: 37.14 s
2026-01-03 01:32:50.886829: Yayy! New best classification accuracy: 0.5
2026-01-03 01:32:52.294665: 
2026-01-03 01:32:52.297375: Epoch 4
2026-01-03 01:32:52.299143: Current learning rate: 0.00988
2026-01-03 01:33:29.239964: train_loss 0.7038
2026-01-03 01:33:29.264107: val_loss 8.5946
2026-01-03 01:33:29.266287: val classification accuracy 0.4783
2026-01-03 01:33:29.268100: val auc 0.4707
2026-01-03 01:33:29.270125: Epoch time: 36.95 s
2026-01-03 01:33:29.980846: 
2026-01-03 01:33:29.983762: Epoch 5
2026-01-03 01:33:29.985301: Current learning rate: 0.00985
2026-01-03 01:34:07.419048: train_loss 0.7321
2026-01-03 01:34:07.432022: val_loss 4.5428
2026-01-03 01:34:07.469526: val classification accuracy 0.5217
2026-01-03 01:34:07.471391: val auc 0.6465
2026-01-03 01:34:07.473459: Epoch time: 37.44 s
2026-01-03 01:34:07.475154: Yayy! New best EMA pseudo Dice: 0.6465
2026-01-03 01:34:08.154234: Yayy! New best classification accuracy: 0.5217
2026-01-03 01:34:09.730612: 
2026-01-03 01:34:09.733488: Epoch 6
2026-01-03 01:34:09.735062: Current learning rate: 0.00982
2026-01-03 01:34:47.865163: train_loss 0.6715
2026-01-03 01:34:47.947495: val_loss 1.75
2026-01-03 01:34:47.950638: val classification accuracy 0.5
2026-01-03 01:34:47.952933: val auc 0.5161
2026-01-03 01:34:47.968276: Epoch time: 38.14 s
2026-01-03 01:34:48.684803: 
2026-01-03 01:34:48.687344: Epoch 7
2026-01-03 01:34:48.688905: Current learning rate: 0.00979
2026-01-03 01:35:28.438753: train_loss 0.7
2026-01-03 01:35:28.442256: val_loss 0.8729
2026-01-03 01:35:28.480709: val classification accuracy 0.587
2026-01-03 01:35:28.486783: val auc 0.7609
2026-01-03 01:35:28.491761: Epoch time: 39.76 s
2026-01-03 01:35:28.493626: Yayy! New best EMA pseudo Dice: 0.7609
2026-01-03 01:35:29.100349: Yayy! New best classification accuracy: 0.587
2026-01-03 01:35:31.023447: 
2026-01-03 01:35:31.025752: Epoch 8
2026-01-03 01:35:31.027375: Current learning rate: 0.00976
2026-01-03 01:36:07.343757: train_loss 0.6851
2026-01-03 01:36:07.355188: val_loss 5.4892
2026-01-03 01:36:07.363507: val classification accuracy 0.5652
2026-01-03 01:36:07.368196: val auc 0.6295
2026-01-03 01:36:07.371723: Epoch time: 36.32 s
2026-01-03 01:36:08.093369: 
2026-01-03 01:36:08.096193: Epoch 9
2026-01-03 01:36:08.098164: Current learning rate: 0.00973
2026-01-03 01:36:45.847810: train_loss 0.7031
2026-01-03 01:36:45.852520: val_loss 1.2659
2026-01-03 01:36:45.855379: val classification accuracy 0.5217
2026-01-03 01:36:45.857948: val auc 0.4253
2026-01-03 01:36:45.860384: Epoch time: 37.76 s
2026-01-03 01:36:46.608121: 
2026-01-03 01:36:46.610967: Epoch 10
2026-01-03 01:36:46.613234: Current learning rate: 0.0097
2026-01-03 01:37:22.833556: train_loss 0.6887
2026-01-03 01:37:22.859064: val_loss 0.9691
2026-01-03 01:37:22.871810: val classification accuracy 0.6087
2026-01-03 01:37:22.874464: val auc 0.7164
2026-01-03 01:37:22.876753: Epoch time: 36.23 s
2026-01-03 01:37:22.878835: Yayy! New best classification accuracy: 0.6087
2026-01-03 01:37:24.327356: 
2026-01-03 01:37:24.330360: Epoch 11
2026-01-03 01:37:24.332773: Current learning rate: 0.00967
2026-01-03 01:38:02.544346: train_loss 0.7051
2026-01-03 01:38:02.548457: val_loss 2.1933
2026-01-03 01:38:02.551173: val classification accuracy 0.5435
2026-01-03 01:38:02.554712: val auc 0.5302
2026-01-03 01:38:02.574974: Epoch time: 38.22 s
2026-01-03 01:38:03.340300: 
2026-01-03 01:38:03.343533: Epoch 12
2026-01-03 01:38:03.346009: Current learning rate: 0.00964
2026-01-03 01:38:45.348604: train_loss 0.6768
2026-01-03 01:38:45.354067: val_loss 2.385
2026-01-03 01:38:45.356611: val classification accuracy 0.6087
2026-01-03 01:38:45.359280: val auc 0.6049
2026-01-03 01:38:45.361756: Epoch time: 42.01 s
2026-01-03 01:38:46.586515: 
2026-01-03 01:38:46.589326: Epoch 13
2026-01-03 01:38:46.591637: Current learning rate: 0.00961
2026-01-03 01:39:24.087523: WARNING: NaNs or Infs in validation probabilities at epoch 13. Sanitizing with nan_to_num before metrics.
2026-01-03 01:39:24.113798: train_loss 0.6887
2026-01-03 01:39:24.117745: val_loss nan
2026-01-03 01:39:24.120509: val classification accuracy 0.6957
2026-01-03 01:39:24.124121: val auc 0.7694
2026-01-03 01:39:24.127102: Epoch time: 37.53 s
2026-01-03 01:39:24.140993: Yayy! New best EMA pseudo Dice: 0.7694
2026-01-03 01:39:24.896145: Yayy! New best classification accuracy: 0.6957
2026-01-03 01:39:26.422581: 
2026-01-03 01:39:26.425403: Epoch 14
2026-01-03 01:39:26.427816: Current learning rate: 0.00958
2026-01-03 01:40:03.616395: train_loss 0.6795
2026-01-03 01:40:03.620710: val_loss 0.7529
2026-01-03 01:40:03.623057: val classification accuracy 0.5435
2026-01-03 01:40:03.625364: val auc 0.5652
2026-01-03 01:40:03.627561: Epoch time: 37.2 s
2026-01-03 01:40:04.357026: 
2026-01-03 01:40:04.360234: Epoch 15
2026-01-03 01:40:04.362399: Current learning rate: 0.00955
2026-01-03 01:40:40.797453: train_loss 0.6793
2026-01-03 01:40:40.801336: val_loss 0.6931
2026-01-03 01:40:40.803667: val classification accuracy 0.6957
2026-01-03 01:40:40.806006: val auc 0.794
2026-01-03 01:40:40.809138: Epoch time: 36.44 s
2026-01-03 01:40:40.811835: Yayy! New best EMA pseudo Dice: 0.794
2026-01-03 01:40:42.221671: 
2026-01-03 01:40:42.225045: Epoch 16
2026-01-03 01:40:42.227526: Current learning rate: 0.00952
2026-01-03 01:41:22.028052: train_loss 0.6891
2026-01-03 01:41:22.033778: val_loss 5.5749
2026-01-03 01:41:22.042493: val classification accuracy 0.3261
2026-01-03 01:41:22.062122: val auc 0.3516
2026-01-03 01:41:22.080120: Epoch time: 39.81 s
2026-01-03 01:41:22.892907: 
2026-01-03 01:41:22.897095: Epoch 17
2026-01-03 01:41:22.900361: Current learning rate: 0.00949
2026-01-03 01:42:00.634649: train_loss 0.6678
2026-01-03 01:42:00.664069: val_loss 0.7287
2026-01-03 01:42:00.666567: val classification accuracy 0.5652
2026-01-03 01:42:00.668895: val auc 0.6522
2026-01-03 01:42:00.671276: Epoch time: 37.75 s
2026-01-03 01:42:01.408121: 
2026-01-03 01:42:01.411047: Epoch 18
2026-01-03 01:42:01.413212: Current learning rate: 0.00946
2026-01-03 01:42:41.508116: train_loss 0.661
2026-01-03 01:42:41.513532: val_loss 2.0258
2026-01-03 01:42:41.516325: val classification accuracy 0.6304
2026-01-03 01:42:41.518756: val auc 0.5898
2026-01-03 01:42:41.521257: Epoch time: 40.1 s
2026-01-03 01:42:42.248784: 
2026-01-03 01:42:42.252148: Epoch 19
2026-01-03 01:42:42.254208: Current learning rate: 0.00943
2026-01-03 01:43:23.779500: train_loss 0.6568
2026-01-03 01:43:23.782943: val_loss 1.83
2026-01-03 01:43:23.785504: val classification accuracy 0.5652
2026-01-03 01:43:23.788016: val auc 0.5794
2026-01-03 01:43:23.790392: Epoch time: 41.53 s
2026-01-03 01:43:24.427897: Saved periodic checkpoint /hpf/projects/jquon/sumin/nnUNet_data/nnUNet_results/Dataset033_AVM_T1+C/DenseNetTrainer_ep300_NoMirroring_x2__nnUNetResEncUNetLPlans__3d_fullres/fold_5/checkpoint_every20_best_balacc.pth at epoch 19 with val_balanced_accuracy=0.5652
2026-01-03 01:43:25.244886: Saved periodic checkpoint /hpf/projects/jquon/sumin/nnUNet_data/nnUNet_results/Dataset033_AVM_T1+C/DenseNetTrainer_ep300_NoMirroring_x2__nnUNetResEncUNetLPlans__3d_fullres/fold_5/checkpoint_every20_best_auroc.pth at epoch 19 with val_auc=0.5794
2026-01-03 01:43:25.933986: 
2026-01-03 01:43:25.936989: Epoch 20
2026-01-03 01:43:25.939438: Current learning rate: 0.0094
2026-01-03 01:44:03.640451: train_loss 0.6823
2026-01-03 01:44:03.644650: val_loss 2.5811
2026-01-03 01:44:03.648412: val classification accuracy 0.6304
2026-01-03 01:44:03.651000: val auc 0.5794
2026-01-03 01:44:03.653169: Epoch time: 37.71 s
2026-01-03 01:44:04.390456: 
2026-01-03 01:44:04.393453: Epoch 21
2026-01-03 01:44:04.395483: Current learning rate: 0.00937
2026-01-03 01:44:42.822541: train_loss 0.6631
2026-01-03 01:44:42.832949: val_loss 0.8631
2026-01-03 01:44:42.835599: val classification accuracy 0.5435
2026-01-03 01:44:42.838198: val auc 0.689
2026-01-03 01:44:42.842384: Epoch time: 38.43 s
2026-01-03 01:44:43.571908: 
2026-01-03 01:44:43.574919: Epoch 22
2026-01-03 01:44:43.577375: Current learning rate: 0.00934
2026-01-03 01:45:19.316796: train_loss 0.6659
2026-01-03 01:45:19.321789: val_loss 0.8811
2026-01-03 01:45:19.327649: val classification accuracy 0.4565
2026-01-03 01:45:19.330718: val auc 0.6758
2026-01-03 01:45:19.333781: Epoch time: 35.75 s
2026-01-03 01:45:20.321136: 
2026-01-03 01:45:20.324609: Epoch 23
2026-01-03 01:45:20.326941: Current learning rate: 0.00931
2026-01-03 01:45:58.775316: train_loss 0.6544
2026-01-03 01:45:58.779980: val_loss 0.8833
2026-01-03 01:45:58.788777: val classification accuracy 0.7609
2026-01-03 01:45:58.791851: val auc 0.7013
2026-01-03 01:45:58.794729: Epoch time: 38.46 s
2026-01-03 01:45:58.797158: Yayy! New best classification accuracy: 0.7609
2026-01-03 01:46:00.203373: 
2026-01-03 01:46:00.206778: Epoch 24
2026-01-03 01:46:00.209096: Current learning rate: 0.00928
2026-01-03 01:46:37.797846: train_loss 0.6644
2026-01-03 01:46:37.802652: val_loss 2.5626
2026-01-03 01:46:37.805320: val classification accuracy 0.3913
2026-01-03 01:46:37.808245: val auc 0.4584
2026-01-03 01:46:37.810708: Epoch time: 37.6 s
2026-01-03 01:46:38.538247: 
2026-01-03 01:46:38.541769: Epoch 25
2026-01-03 01:46:38.544229: Current learning rate: 0.00925
2026-01-03 01:47:18.440103: train_loss 0.6657
2026-01-03 01:47:18.451447: val_loss 1.2102
2026-01-03 01:47:18.454681: val classification accuracy 0.5217
2026-01-03 01:47:18.457709: val auc 0.5567
2026-01-03 01:47:18.468777: Epoch time: 39.9 s
2026-01-03 01:47:19.201970: 
2026-01-03 01:47:19.205448: Epoch 26
2026-01-03 01:47:19.207965: Current learning rate: 0.00922
2026-01-03 01:47:58.155680: WARNING: NaNs or Infs in validation probabilities at epoch 26. Sanitizing with nan_to_num before metrics.
2026-01-03 01:47:58.177849: train_loss 0.6799
2026-01-03 01:47:58.180488: val_loss nan
2026-01-03 01:47:58.182886: val classification accuracy 0.587
2026-01-03 01:47:58.185461: val auc 0.655
2026-01-03 01:47:58.188259: Epoch time: 38.98 s
2026-01-03 01:47:58.944461: 
2026-01-03 01:47:58.947432: Epoch 27
2026-01-03 01:47:58.949816: Current learning rate: 0.00919
2026-01-03 01:48:41.178535: train_loss 0.6643
2026-01-03 01:48:41.183255: val_loss 0.8552
2026-01-03 01:48:41.185961: val classification accuracy 0.5652
2026-01-03 01:48:41.188473: val auc 0.6994
2026-01-03 01:48:41.190942: Epoch time: 42.24 s
2026-01-03 01:48:41.941187: 
2026-01-03 01:48:41.944042: Epoch 28
2026-01-03 01:48:41.946053: Current learning rate: 0.00916
2026-01-03 01:49:18.428613: train_loss 0.6679
2026-01-03 01:49:18.452569: val_loss 0.8018
2026-01-03 01:49:18.455092: val classification accuracy 0.4783
2026-01-03 01:49:18.457945: val auc 0.5236
2026-01-03 01:49:18.460164: Epoch time: 36.49 s
2026-01-03 01:49:19.230270: 
2026-01-03 01:49:19.233079: Epoch 29
2026-01-03 01:49:19.235511: Current learning rate: 0.00913
2026-01-03 01:49:55.300678: train_loss 0.6802
2026-01-03 01:49:55.304984: val_loss 4.7578
2026-01-03 01:49:55.308196: val classification accuracy 0.5435
2026-01-03 01:49:55.311310: val auc 0.6087
2026-01-03 01:49:55.314135: Epoch time: 36.07 s
2026-01-03 01:49:56.072027: 
2026-01-03 01:49:56.075538: Epoch 30
2026-01-03 01:49:56.077988: Current learning rate: 0.0091
2026-01-03 01:50:34.810727: train_loss 0.6504
2026-01-03 01:50:34.815116: val_loss 0.6954
2026-01-03 01:50:34.825009: val classification accuracy 0.7174
2026-01-03 01:50:34.827518: val auc 0.6938
2026-01-03 01:50:34.830092: Epoch time: 38.74 s
2026-01-03 01:50:35.545258: 
2026-01-03 01:50:35.548210: Epoch 31
2026-01-03 01:50:35.550473: Current learning rate: 0.00907
2026-01-03 01:51:14.745614: train_loss 0.6756
2026-01-03 01:51:14.751091: val_loss 0.6746
2026-01-03 01:51:14.753915: val classification accuracy 0.5652
2026-01-03 01:51:14.756448: val auc 0.7089
2026-01-03 01:51:14.759078: Epoch time: 39.2 s
2026-01-03 01:51:16.004539: 
2026-01-03 01:51:16.007492: Epoch 32
2026-01-03 01:51:16.009841: Current learning rate: 0.00903
2026-01-03 01:51:53.372116: train_loss 0.6593
2026-01-03 01:51:53.377069: val_loss 1.2306
2026-01-03 01:51:53.379589: val classification accuracy 0.6522
2026-01-03 01:51:53.381919: val auc 0.6616
2026-01-03 01:51:53.384413: Epoch time: 37.37 s
2026-01-03 01:51:54.126549: 
2026-01-03 01:51:54.129813: Epoch 33
2026-01-03 01:51:54.131930: Current learning rate: 0.009
2026-01-03 01:52:35.049069: train_loss 0.6187
2026-01-03 01:52:35.053884: val_loss 2.1119
2026-01-03 01:52:35.063527: val classification accuracy 0.5217
2026-01-03 01:52:35.066354: val auc 0.6049
2026-01-03 01:52:35.069236: Epoch time: 40.92 s
2026-01-03 01:52:35.804543: 
2026-01-03 01:52:35.807789: Epoch 34
2026-01-03 01:52:35.810048: Current learning rate: 0.00897
2026-01-03 01:53:16.672349: train_loss 0.6727
2026-01-03 01:53:16.684742: val_loss 1.1982
2026-01-03 01:53:16.687716: val classification accuracy 0.587
2026-01-03 01:53:16.690131: val auc 0.6389
2026-01-03 01:53:16.692530: Epoch time: 40.87 s
2026-01-03 01:53:17.436814: 
2026-01-03 01:53:17.440270: Epoch 35
2026-01-03 01:53:17.442630: Current learning rate: 0.00894
2026-01-03 01:53:56.199145: train_loss 0.6511
2026-01-03 01:53:56.222960: val_loss 6.0402
2026-01-03 01:53:56.235089: val classification accuracy 0.5435
2026-01-03 01:53:56.238157: val auc 0.4962
2026-01-03 01:53:56.245770: Epoch time: 38.76 s
2026-01-03 01:53:57.081797: 
2026-01-03 01:53:57.085284: Epoch 36
2026-01-03 01:53:57.087729: Current learning rate: 0.00891
2026-01-03 01:54:38.442910: train_loss 0.6665
2026-01-03 01:54:38.449574: val_loss 0.8333
2026-01-03 01:54:38.452251: val classification accuracy 0.5652
2026-01-03 01:54:38.455265: val auc 0.6957
2026-01-03 01:54:38.458042: Epoch time: 41.36 s
2026-01-03 01:54:39.807388: 
2026-01-03 01:54:39.810490: Epoch 37
2026-01-03 01:54:39.812801: Current learning rate: 0.00888
2026-01-03 01:55:19.819991: train_loss 0.678
2026-01-03 01:55:19.825203: val_loss 1.7393
2026-01-03 01:55:19.853744: val classification accuracy 0.5435
2026-01-03 01:55:19.856909: val auc 0.6011
2026-01-03 01:55:19.859827: Epoch time: 40.01 s
2026-01-03 01:55:20.631955: 
2026-01-03 01:55:20.635638: Epoch 38
2026-01-03 01:55:20.638221: Current learning rate: 0.00885
2026-01-03 01:55:59.666126: train_loss 0.6689
2026-01-03 01:55:59.670132: val_loss 0.841
2026-01-03 01:55:59.672568: val classification accuracy 0.4348
2026-01-03 01:55:59.674835: val auc 0.5709
2026-01-03 01:55:59.677091: Epoch time: 39.04 s
2026-01-03 01:56:00.408044: 
2026-01-03 01:56:00.410936: Epoch 39
2026-01-03 01:56:00.413226: Current learning rate: 0.00882
2026-01-03 01:56:40.558753: train_loss 0.6707
2026-01-03 01:56:40.588309: val_loss 0.8184
2026-01-03 01:56:40.591247: val classification accuracy 0.4783
2026-01-03 01:56:40.593918: val auc 0.5028
2026-01-03 01:56:40.596599: Epoch time: 40.15 s
2026-01-03 01:56:41.340974: 
2026-01-03 01:56:41.344167: Epoch 40
2026-01-03 01:56:41.346532: Current learning rate: 0.00879
2026-01-03 01:57:20.740729: train_loss 0.6424
2026-01-03 01:57:20.745305: val_loss 1.0686
2026-01-03 01:57:20.748222: val classification accuracy 0.413
2026-01-03 01:57:20.751178: val auc 0.4565
2026-01-03 01:57:20.772985: Epoch time: 39.4 s
2026-01-03 01:57:21.520788: 
2026-01-03 01:57:21.524053: Epoch 41
2026-01-03 01:57:21.526472: Current learning rate: 0.00876
2026-01-03 01:58:00.672731: train_loss 0.6544
2026-01-03 01:58:00.676872: val_loss 1.4074
2026-01-03 01:58:00.679786: val classification accuracy 0.6087
2026-01-03 01:58:00.682391: val auc 0.5766
2026-01-03 01:58:00.685196: Epoch time: 39.15 s
2026-01-03 01:58:01.876652: 
2026-01-03 01:58:01.880004: Epoch 42
2026-01-03 01:58:01.882699: Current learning rate: 0.00873
2026-01-03 01:58:41.801391: train_loss 0.6548
2026-01-03 01:58:41.806115: val_loss 2.5024
2026-01-03 01:58:41.808979: val classification accuracy 0.6739
2026-01-03 01:58:41.811630: val auc 0.6692
2026-01-03 01:58:41.814312: Epoch time: 39.93 s
2026-01-03 01:58:42.543613: 
2026-01-03 01:58:42.546704: Epoch 43
2026-01-03 01:58:42.549038: Current learning rate: 0.0087
2026-01-03 01:59:22.418318: train_loss 0.6825
2026-01-03 01:59:22.422114: val_loss 2.8528
2026-01-03 01:59:22.424901: val classification accuracy 0.5217
2026-01-03 01:59:22.428656: val auc 0.518
2026-01-03 01:59:22.431704: Epoch time: 39.88 s
2026-01-03 01:59:23.157418: 
2026-01-03 01:59:23.160526: Epoch 44
2026-01-03 01:59:23.162799: Current learning rate: 0.00867
2026-01-03 02:00:01.622586: train_loss 0.685
2026-01-03 02:00:01.651781: val_loss 1.2923
2026-01-03 02:00:01.655158: val classification accuracy 0.6957
2026-01-03 02:00:01.657683: val auc 0.7599
2026-01-03 02:00:01.660733: Epoch time: 38.47 s
2026-01-03 02:00:02.420648: 
2026-01-03 02:00:02.423434: Epoch 45
2026-01-03 02:00:02.425914: Current learning rate: 0.00864
2026-01-03 02:00:41.491292: train_loss 0.6682
2026-01-03 02:00:41.495367: val_loss 0.6839
2026-01-03 02:00:41.498323: val classification accuracy 0.5652
2026-01-03 02:00:41.500664: val auc 0.7713
2026-01-03 02:00:41.502893: Epoch time: 39.07 s
2026-01-03 02:00:42.207043: 
2026-01-03 02:00:42.210175: Epoch 46
2026-01-03 02:00:42.212519: Current learning rate: 0.00861
2026-01-03 02:01:21.410721: train_loss 0.6491
2026-01-03 02:01:21.414647: val_loss 0.8436
2026-01-03 02:01:21.416848: val classification accuracy 0.4783
2026-01-03 02:01:21.419219: val auc 0.5539
2026-01-03 02:01:21.421671: Epoch time: 39.21 s
2026-01-03 02:01:22.612208: 
2026-01-03 02:01:22.621998: Epoch 47
2026-01-03 02:01:22.624527: Current learning rate: 0.00858
2026-01-03 02:02:01.932022: train_loss 0.6753
2026-01-03 02:02:01.940221: val_loss 1.5673
2026-01-03 02:02:01.943008: val classification accuracy 0.6087
2026-01-03 02:02:01.945645: val auc 0.6607
2026-01-03 02:02:01.975152: Epoch time: 39.32 s
2026-01-03 02:02:02.774810: 
2026-01-03 02:02:02.778273: Epoch 48
2026-01-03 02:02:02.780808: Current learning rate: 0.00855
2026-01-03 02:02:45.084434: train_loss 0.6428
2026-01-03 02:02:45.088829: val_loss 1.0432
2026-01-03 02:02:45.091251: val classification accuracy 0.5652
2026-01-03 02:02:45.093610: val auc 0.6408
2026-01-03 02:02:45.095793: Epoch time: 42.31 s
2026-01-03 02:02:45.883519: 
2026-01-03 02:02:45.886845: Epoch 49
2026-01-03 02:02:45.889372: Current learning rate: 0.00852
2026-01-03 02:03:26.309807: train_loss 0.6647
2026-01-03 02:03:26.313788: val_loss 2.1066
2026-01-03 02:03:26.318154: val classification accuracy 0.6739
2026-01-03 02:03:26.321695: val auc 0.6767
2026-01-03 02:03:26.324184: Epoch time: 40.43 s
2026-01-03 02:03:27.070836: 
2026-01-03 02:03:27.074616: Epoch 50
2026-01-03 02:03:27.077245: Current learning rate: 0.00849
2026-01-03 02:04:07.290116: train_loss 0.6719
2026-01-03 02:04:07.294918: val_loss 1.2896
2026-01-03 02:04:07.309000: val classification accuracy 0.4565
2026-01-03 02:04:07.311938: val auc 0.4745
2026-01-03 02:04:07.314401: Epoch time: 40.22 s
2026-01-03 02:04:08.035493: 
2026-01-03 02:04:08.038668: Epoch 51
2026-01-03 02:04:08.041286: Current learning rate: 0.00846
2026-01-03 02:04:49.514279: train_loss 0.6848
2026-01-03 02:04:49.548627: val_loss 0.9579
2026-01-03 02:04:49.551350: val classification accuracy 0.6522
2026-01-03 02:04:49.553707: val auc 0.6786
2026-01-03 02:04:49.556621: Epoch time: 41.48 s
2026-01-03 02:04:50.834295: 
2026-01-03 02:04:50.838012: Epoch 52
2026-01-03 02:04:50.840721: Current learning rate: 0.00843
2026-01-03 02:05:29.264036: train_loss 0.6451
2026-01-03 02:05:29.271528: val_loss 1.1586
2026-01-03 02:05:29.274590: val classification accuracy 0.587
2026-01-03 02:05:29.277571: val auc 0.6049
2026-01-03 02:05:29.280713: Epoch time: 38.43 s
2026-01-03 02:05:30.017854: 
2026-01-03 02:05:30.021692: Epoch 53
2026-01-03 02:05:30.024214: Current learning rate: 0.00839
2026-01-03 02:06:08.343711: train_loss 0.6689
2026-01-03 02:06:08.379103: val_loss 4.0562
2026-01-03 02:06:08.382408: val classification accuracy 0.6087
2026-01-03 02:06:08.385696: val auc 0.5633
2026-01-03 02:06:08.388658: Epoch time: 38.33 s
2026-01-03 02:06:09.110900: 
2026-01-03 02:06:09.113767: Epoch 54
2026-01-03 02:06:09.116282: Current learning rate: 0.00836
2026-01-03 02:06:48.885906: train_loss 0.6738
2026-01-03 02:06:48.890314: val_loss 0.6322
2026-01-03 02:06:48.892997: val classification accuracy 0.7174
2026-01-03 02:06:48.895762: val auc 0.8166
2026-01-03 02:06:48.898442: Epoch time: 39.78 s
2026-01-03 02:06:48.900790: Yayy! New best EMA pseudo Dice: 0.8166
2026-01-03 02:06:50.368079: 
2026-01-03 02:06:50.371099: Epoch 55
2026-01-03 02:06:50.373453: Current learning rate: 0.00833
2026-01-03 02:07:27.726500: train_loss 0.6534
2026-01-03 02:07:27.732249: val_loss 0.9975
2026-01-03 02:07:27.739524: val classification accuracy 0.6087
2026-01-03 02:07:27.742658: val auc 0.7098
2026-01-03 02:07:27.745500: Epoch time: 37.36 s
2026-01-03 02:07:28.498337: 
2026-01-03 02:07:28.501575: Epoch 56
2026-01-03 02:07:28.503910: Current learning rate: 0.0083
2026-01-03 02:08:08.553188: train_loss 0.6664
2026-01-03 02:08:08.558150: val_loss 0.6135
2026-01-03 02:08:08.560985: val classification accuracy 0.6304
2026-01-03 02:08:08.563648: val auc 0.7212
2026-01-03 02:08:08.579602: Epoch time: 40.06 s
2026-01-03 02:08:09.318233: 
2026-01-03 02:08:09.321431: Epoch 57
2026-01-03 02:08:09.323756: Current learning rate: 0.00827
2026-01-03 02:08:48.539495: train_loss 0.6315
2026-01-03 02:08:48.544160: val_loss 0.6776
2026-01-03 02:08:48.547672: val classification accuracy 0.6304
2026-01-03 02:08:48.550899: val auc 0.6786
2026-01-03 02:08:48.557170: Epoch time: 39.22 s
2026-01-03 02:08:49.312405: 
2026-01-03 02:08:49.315424: Epoch 58
2026-01-03 02:08:49.317843: Current learning rate: 0.00824
2026-01-03 02:09:27.488117: train_loss 0.6329
2026-01-03 02:09:27.494572: val_loss 0.6656
2026-01-03 02:09:27.513167: val classification accuracy 0.7391
2026-01-03 02:09:27.517817: val auc 0.7297
2026-01-03 02:09:27.520847: Epoch time: 38.18 s
2026-01-03 02:09:28.322024: 
2026-01-03 02:09:28.325679: Epoch 59
2026-01-03 02:09:28.328103: Current learning rate: 0.00821
2026-01-03 02:10:10.416175: train_loss 0.6771
2026-01-03 02:10:10.420537: val_loss 0.84
2026-01-03 02:10:10.423321: val classification accuracy 0.5217
2026-01-03 02:10:10.452080: val auc 0.6664
2026-01-03 02:10:10.476452: Epoch time: 42.1 s
2026-01-03 02:10:11.222718: Saved periodic checkpoint /hpf/projects/jquon/sumin/nnUNet_data/nnUNet_results/Dataset033_AVM_T1+C/DenseNetTrainer_ep300_NoMirroring_x2__nnUNetResEncUNetLPlans__3d_fullres/fold_5/checkpoint_every20_best_auroc.pth at epoch 59 with val_auc=0.6664
2026-01-03 02:10:11.918791: 
2026-01-03 02:10:11.921984: Epoch 60
2026-01-03 02:10:11.924678: Current learning rate: 0.00818
2026-01-03 02:10:50.348489: train_loss 0.6385
2026-01-03 02:10:50.352751: val_loss 0.865
2026-01-03 02:10:50.355675: val classification accuracy 0.7174
2026-01-03 02:10:50.358540: val auc 0.7164
2026-01-03 02:10:50.361658: Epoch time: 38.43 s
2026-01-03 02:10:51.097157: 
2026-01-03 02:10:51.100643: Epoch 61
2026-01-03 02:10:51.103533: Current learning rate: 0.00815
2026-01-03 02:11:30.263820: train_loss 0.6059
2026-01-03 02:11:30.268434: val_loss 1.3873
2026-01-03 02:11:30.271337: val classification accuracy 0.5435
2026-01-03 02:11:30.276961: val auc 0.5747
2026-01-03 02:11:30.295305: Epoch time: 39.17 s
2026-01-03 02:11:31.021759: 
2026-01-03 02:11:31.025109: Epoch 62
2026-01-03 02:11:31.027501: Current learning rate: 0.00812
2026-01-03 02:12:10.869968: train_loss 0.6146
2026-01-03 02:12:10.875521: val_loss 0.6754
2026-01-03 02:12:10.884856: val classification accuracy 0.6957
2026-01-03 02:12:10.887983: val auc 0.7637
2026-01-03 02:12:10.894156: Epoch time: 39.85 s
2026-01-03 02:12:11.646978: 
2026-01-03 02:12:11.650277: Epoch 63
2026-01-03 02:12:11.652652: Current learning rate: 0.00809
2026-01-03 02:12:53.964590: train_loss 0.6333
2026-01-03 02:12:53.973117: val_loss 1.0348
2026-01-03 02:12:53.975974: val classification accuracy 0.5652
2026-01-03 02:12:53.978907: val auc 0.6238
2026-01-03 02:12:53.982231: Epoch time: 42.32 s
2026-01-03 02:12:54.700294: 
2026-01-03 02:12:54.703767: Epoch 64
2026-01-03 02:12:54.706503: Current learning rate: 0.00806
2026-01-03 02:13:33.526759: train_loss 0.6636
2026-01-03 02:13:33.531477: val_loss 0.7871
2026-01-03 02:13:33.534169: val classification accuracy 0.5217
2026-01-03 02:13:33.551852: val auc 0.6777
2026-01-03 02:13:33.555201: Epoch time: 38.83 s
2026-01-03 02:13:34.325477: 
2026-01-03 02:13:34.328797: Epoch 65
2026-01-03 02:13:34.330985: Current learning rate: 0.00803
2026-01-03 02:14:12.195927: train_loss 0.6665
2026-01-03 02:14:12.200715: val_loss 1.0112
2026-01-03 02:14:12.203558: val classification accuracy 0.7609
2026-01-03 02:14:12.206490: val auc 0.775
2026-01-03 02:14:12.210826: Epoch time: 37.87 s
2026-01-03 02:14:12.930371: 
2026-01-03 02:14:12.933935: Epoch 66
2026-01-03 02:14:12.936302: Current learning rate: 0.008
2026-01-03 02:14:51.503051: train_loss 0.6638
2026-01-03 02:14:51.524510: val_loss 0.6416
2026-01-03 02:14:51.527720: val classification accuracy 0.6739
2026-01-03 02:14:51.530585: val auc 0.7524
2026-01-03 02:14:51.534262: Epoch time: 38.57 s
2026-01-03 02:14:52.306867: 
2026-01-03 02:14:52.311573: Epoch 67
2026-01-03 02:14:52.313985: Current learning rate: 0.00797
2026-01-03 02:15:30.422161: train_loss 0.68
2026-01-03 02:15:30.463541: val_loss 0.815
2026-01-03 02:15:30.466544: val classification accuracy 0.4565
2026-01-03 02:15:30.469363: val auc 0.5595
2026-01-03 02:15:30.475446: Epoch time: 38.12 s
2026-01-03 02:15:31.244390: 
2026-01-03 02:15:31.247661: Epoch 68
2026-01-03 02:15:31.249957: Current learning rate: 0.00793
2026-01-03 02:16:10.574013: train_loss 0.6589
2026-01-03 02:16:10.578446: val_loss 1.2122
2026-01-03 02:16:10.581413: val classification accuracy 0.6522
2026-01-03 02:16:10.599108: val auc 0.604
2026-01-03 02:16:10.601834: Epoch time: 39.33 s
2026-01-03 02:16:11.357476: 
2026-01-03 02:16:11.360997: Epoch 69
2026-01-03 02:16:11.363917: Current learning rate: 0.0079
2026-01-03 02:16:50.901809: train_loss 0.6589
2026-01-03 02:16:50.908446: val_loss 0.7227
2026-01-03 02:16:50.911583: val classification accuracy 0.6087
2026-01-03 02:16:50.914351: val auc 0.6333
2026-01-03 02:16:50.917122: Epoch time: 39.55 s
2026-01-03 02:16:51.666669: 
2026-01-03 02:16:51.669989: Epoch 70
2026-01-03 02:16:51.672544: Current learning rate: 0.00787
2026-01-03 02:17:29.787478: train_loss 0.6434
2026-01-03 02:17:29.792613: val_loss 0.7425
2026-01-03 02:17:29.795370: val classification accuracy 0.6087
2026-01-03 02:17:29.798406: val auc 0.7902
2026-01-03 02:17:29.803478: Epoch time: 38.12 s
2026-01-03 02:17:30.538535: 
2026-01-03 02:17:30.542101: Epoch 71
2026-01-03 02:17:30.544762: Current learning rate: 0.00784
2026-01-03 02:18:09.021390: train_loss 0.6561
2026-01-03 02:18:09.027425: val_loss 0.6447
2026-01-03 02:18:09.030308: val classification accuracy 0.587
2026-01-03 02:18:09.033019: val auc 0.6994
2026-01-03 02:18:09.035784: Epoch time: 38.48 s
2026-01-03 02:18:09.750684: 
2026-01-03 02:18:09.773550: Epoch 72
2026-01-03 02:18:09.779809: Current learning rate: 0.00781
2026-01-03 02:18:50.719791: train_loss 0.67
2026-01-03 02:18:50.726866: val_loss 0.7428
2026-01-03 02:18:50.734921: val classification accuracy 0.6087
2026-01-03 02:18:50.738104: val auc 0.6711
2026-01-03 02:18:50.745902: Epoch time: 40.97 s
2026-01-03 02:18:51.474493: 
2026-01-03 02:18:51.477927: Epoch 73
2026-01-03 02:18:51.480269: Current learning rate: 0.00778
2026-01-03 02:19:31.454793: train_loss 0.644
2026-01-03 02:19:31.461969: val_loss 0.8859
2026-01-03 02:19:31.464784: val classification accuracy 0.5652
2026-01-03 02:19:31.498489: val auc 0.5463
2026-01-03 02:19:31.501490: Epoch time: 39.98 s
2026-01-03 02:19:32.218823: 
2026-01-03 02:19:32.222796: Epoch 74
2026-01-03 02:19:32.225437: Current learning rate: 0.00775
2026-01-03 02:20:11.670325: train_loss 0.6527
2026-01-03 02:20:11.674762: val_loss 1.0394
2026-01-03 02:20:11.677615: val classification accuracy 0.5652
2026-01-03 02:20:11.698887: val auc 0.6616
2026-01-03 02:20:11.732661: Epoch time: 39.45 s
2026-01-03 02:20:12.469218: 
2026-01-03 02:20:12.472839: Epoch 75
2026-01-03 02:20:12.475375: Current learning rate: 0.00772
2026-01-03 02:20:52.484186: train_loss 0.655
2026-01-03 02:20:52.488081: val_loss 0.7236
2026-01-03 02:20:52.491174: val classification accuracy 0.7174
2026-01-03 02:20:52.493935: val auc 0.6938
2026-01-03 02:20:52.496548: Epoch time: 40.02 s
2026-01-03 02:20:53.237187: 
2026-01-03 02:20:53.240532: Epoch 76
2026-01-03 02:20:53.243013: Current learning rate: 0.00769
2026-01-03 02:21:29.780279: train_loss 0.652
2026-01-03 02:21:29.789731: val_loss 1.1099
2026-01-03 02:21:29.792830: val classification accuracy 0.6522
2026-01-03 02:21:29.799170: val auc 0.7136
2026-01-03 02:21:29.801849: Epoch time: 36.54 s
2026-01-03 02:21:30.529900: 
2026-01-03 02:21:30.533071: Epoch 77
2026-01-03 02:21:30.535214: Current learning rate: 0.00766
2026-01-03 02:22:09.295748: train_loss 0.6428
2026-01-03 02:22:09.299898: val_loss 0.8175
2026-01-03 02:22:09.302436: val classification accuracy 0.587
2026-01-03 02:22:09.304941: val auc 0.6446
2026-01-03 02:22:09.307423: Epoch time: 38.77 s
2026-01-03 02:22:10.027123: 
2026-01-03 02:22:10.030615: Epoch 78
2026-01-03 02:22:10.033138: Current learning rate: 0.00763
2026-01-03 02:22:48.475727: train_loss 0.6285
2026-01-03 02:22:48.491001: val_loss 0.8007
2026-01-03 02:22:48.509035: val classification accuracy 0.6087
2026-01-03 02:22:48.512122: val auc 0.6484
2026-01-03 02:22:48.514957: Epoch time: 38.45 s
2026-01-03 02:22:49.273116: 
2026-01-03 02:22:49.276345: Epoch 79
2026-01-03 02:22:49.278842: Current learning rate: 0.0076
2026-01-03 02:23:26.110381: train_loss 0.6548
2026-01-03 02:23:26.118810: val_loss 0.4996
2026-01-03 02:23:26.121999: val classification accuracy 0.7391
2026-01-03 02:23:26.124928: val auc 0.8355
2026-01-03 02:23:26.128016: Epoch time: 36.84 s
2026-01-03 02:23:26.878838: Saved periodic checkpoint /hpf/projects/jquon/sumin/nnUNet_data/nnUNet_results/Dataset033_AVM_T1+C/DenseNetTrainer_ep300_NoMirroring_x2__nnUNetResEncUNetLPlans__3d_fullres/fold_5/checkpoint_every20_best_balacc.pth at epoch 79 with val_balanced_accuracy=0.7391
2026-01-03 02:23:27.643518: Saved periodic checkpoint /hpf/projects/jquon/sumin/nnUNet_data/nnUNet_results/Dataset033_AVM_T1+C/DenseNetTrainer_ep300_NoMirroring_x2__nnUNetResEncUNetLPlans__3d_fullres/fold_5/checkpoint_every20_best_auroc.pth at epoch 79 with val_auc=0.8355
2026-01-03 02:23:27.647736: Yayy! New best EMA pseudo Dice: 0.8355
2026-01-03 02:23:29.009854: 
2026-01-03 02:23:29.013086: Epoch 80
2026-01-03 02:23:29.015373: Current learning rate: 0.00756
2026-01-03 02:24:06.000896: train_loss 0.6095
2026-01-03 02:24:06.020171: val_loss 1.2336
2026-01-03 02:24:06.023576: val classification accuracy 0.6304
2026-01-03 02:24:06.026232: val auc 0.6323
2026-01-03 02:24:06.028719: Epoch time: 36.99 s
2026-01-03 02:24:07.271512: 
2026-01-03 02:24:07.274526: Epoch 81
2026-01-03 02:24:07.276803: Current learning rate: 0.00753
2026-01-03 02:24:49.825098: train_loss 0.6188
2026-01-03 02:24:49.829236: val_loss 1.1364
2026-01-03 02:24:49.831947: val classification accuracy 0.5217
2026-01-03 02:24:49.838408: val auc 0.552
2026-01-03 02:24:49.878508: Epoch time: 42.56 s
2026-01-03 02:24:50.578233: 
2026-01-03 02:24:50.581281: Epoch 82
2026-01-03 02:24:50.583603: Current learning rate: 0.0075
2026-01-03 02:25:30.993132: train_loss 0.6803
2026-01-03 02:25:30.997635: val_loss 0.8372
2026-01-03 02:25:31.000010: val classification accuracy 0.4783
2026-01-03 02:25:31.002653: val auc 0.4537
2026-01-03 02:25:31.005069: Epoch time: 40.42 s
2026-01-03 02:25:31.757936: 
2026-01-03 02:25:31.761253: Epoch 83
2026-01-03 02:25:31.763975: Current learning rate: 0.00747
2026-01-03 02:26:07.945570: train_loss 0.6554
2026-01-03 02:26:07.950289: val_loss 0.7886
2026-01-03 02:26:07.954211: val classification accuracy 0.6087
2026-01-03 02:26:07.968220: val auc 0.6333
2026-01-03 02:26:07.970822: Epoch time: 36.19 s
2026-01-03 02:26:08.676712: 
2026-01-03 02:26:08.679570: Epoch 84
2026-01-03 02:26:08.681719: Current learning rate: 0.00744
2026-01-03 02:26:48.313136: train_loss 0.6684
2026-01-03 02:26:48.324073: val_loss 0.7863
2026-01-03 02:26:48.326818: val classification accuracy 0.6739
2026-01-03 02:26:48.329350: val auc 0.6616
2026-01-03 02:26:48.331778: Epoch time: 39.64 s
2026-01-03 02:26:49.049080: 
2026-01-03 02:26:49.052374: Epoch 85
2026-01-03 02:26:49.054991: Current learning rate: 0.00741
2026-01-03 02:27:29.033792: train_loss 0.6539
2026-01-03 02:27:29.040514: val_loss 0.7246
2026-01-03 02:27:29.043505: val classification accuracy 0.6522
2026-01-03 02:27:29.046459: val auc 0.7297
2026-01-03 02:27:29.049422: Epoch time: 39.99 s
2026-01-03 02:27:30.293848: 
2026-01-03 02:27:30.297345: Epoch 86
2026-01-03 02:27:30.299783: Current learning rate: 0.00738
2026-01-03 02:28:09.019999: train_loss 0.6424
2026-01-03 02:28:09.024950: val_loss 0.6734
2026-01-03 02:28:09.027841: val classification accuracy 0.587
2026-01-03 02:28:09.037168: val auc 0.7391
2026-01-03 02:28:09.039606: Epoch time: 38.73 s
2026-01-03 02:28:09.748168: 
2026-01-03 02:28:09.751353: Epoch 87
2026-01-03 02:28:09.753782: Current learning rate: 0.00735
2026-01-03 02:28:49.437354: train_loss 0.6399
2026-01-03 02:28:49.442160: val_loss 0.9032
2026-01-03 02:28:49.445051: val classification accuracy 0.5435
2026-01-03 02:28:49.447704: val auc 0.7316
2026-01-03 02:28:49.450374: Epoch time: 39.69 s
2026-01-03 02:28:50.171260: 
2026-01-03 02:28:50.174685: Epoch 88
2026-01-03 02:28:50.177109: Current learning rate: 0.00732
2026-01-03 02:29:25.840862: train_loss 0.6589
2026-01-03 02:29:25.844830: val_loss 1.7762
2026-01-03 02:29:25.847527: val classification accuracy 0.5217
2026-01-03 02:29:25.850067: val auc 0.4839
2026-01-03 02:29:25.852500: Epoch time: 35.67 s
2026-01-03 02:29:26.623213: 
2026-01-03 02:29:26.626504: Epoch 89
2026-01-03 02:29:26.628803: Current learning rate: 0.00729
2026-01-03 02:30:06.927058: train_loss 0.6482
2026-01-03 02:30:06.936325: val_loss 0.8217
2026-01-03 02:30:06.939219: val classification accuracy 0.4565
2026-01-03 02:30:06.942314: val auc 0.5784
2026-01-03 02:30:06.945262: Epoch time: 40.31 s
2026-01-03 02:30:07.719181: 
2026-01-03 02:30:07.722840: Epoch 90
2026-01-03 02:30:07.725424: Current learning rate: 0.00725
2026-01-03 02:30:45.865270: train_loss 0.6457
2026-01-03 02:30:45.869931: val_loss 0.974
2026-01-03 02:30:45.872560: val classification accuracy 0.5652
2026-01-03 02:30:45.891941: val auc 0.5397
2026-01-03 02:30:45.894836: Epoch time: 38.15 s
2026-01-03 02:30:47.127238: 
2026-01-03 02:30:47.130404: Epoch 91
2026-01-03 02:30:47.133088: Current learning rate: 0.00722
2026-01-03 02:31:25.551658: train_loss 0.6282
2026-01-03 02:31:25.577745: val_loss 0.7141
2026-01-03 02:31:25.594736: val classification accuracy 0.6957
2026-01-03 02:31:25.597981: val auc 0.7042
2026-01-03 02:31:25.600685: Epoch time: 38.43 s
2026-01-03 02:31:26.333542: 
2026-01-03 02:31:26.336570: Epoch 92
2026-01-03 02:31:26.338937: Current learning rate: 0.00719
2026-01-03 02:32:06.405167: train_loss 0.6364
2026-01-03 02:32:06.409392: val_loss 0.9997
2026-01-03 02:32:06.412081: val classification accuracy 0.6304
2026-01-03 02:32:06.414521: val auc 0.6163
2026-01-03 02:32:06.416934: Epoch time: 40.07 s
2026-01-03 02:32:07.117189: 
2026-01-03 02:32:07.133545: Epoch 93
2026-01-03 02:32:07.135952: Current learning rate: 0.00716
2026-01-03 02:32:42.063161: train_loss 0.6662
2026-01-03 02:32:42.143710: val_loss 0.7136
2026-01-03 02:32:42.147585: val classification accuracy 0.7391
2026-01-03 02:32:42.156481: val auc 0.8062
2026-01-03 02:32:42.159197: Epoch time: 34.95 s
2026-01-03 02:32:42.855655: 
2026-01-03 02:32:42.858958: Epoch 94
2026-01-03 02:32:42.861383: Current learning rate: 0.00713
2026-01-03 02:33:23.795939: train_loss 0.6302
2026-01-03 02:33:23.800271: val_loss 1.2164
2026-01-03 02:33:23.802831: val classification accuracy 0.4783
2026-01-03 02:33:23.805568: val auc 0.4905
2026-01-03 02:33:23.808280: Epoch time: 40.94 s
2026-01-03 02:33:24.541696: 
2026-01-03 02:33:24.544825: Epoch 95
2026-01-03 02:33:24.547207: Current learning rate: 0.0071
2026-01-03 02:34:00.477567: train_loss 0.6542
2026-01-03 02:34:00.492676: val_loss 1.0038
2026-01-03 02:34:00.495574: val classification accuracy 0.5652
2026-01-03 02:34:00.498472: val auc 0.5794
2026-01-03 02:34:00.501232: Epoch time: 35.94 s
2026-01-03 02:34:01.650398: 
2026-01-03 02:34:01.653534: Epoch 96
2026-01-03 02:34:01.655942: Current learning rate: 0.00707
2026-01-03 02:34:41.875561: train_loss 0.6375
2026-01-03 02:34:41.880170: val_loss 0.5367
2026-01-03 02:34:41.882797: val classification accuracy 0.7609
2026-01-03 02:34:41.885258: val auc 0.8393
2026-01-03 02:34:41.887736: Epoch time: 40.23 s
2026-01-03 02:34:41.890152: Yayy! New best EMA pseudo Dice: 0.8393
2026-01-03 02:34:43.266723: 
2026-01-03 02:34:43.269863: Epoch 97
2026-01-03 02:34:43.272485: Current learning rate: 0.00704
2026-01-03 02:35:22.591991: train_loss 0.6154
2026-01-03 02:35:22.613756: val_loss 0.7158
2026-01-03 02:35:22.627024: val classification accuracy 0.6739
2026-01-03 02:35:22.654226: val auc 0.7618
2026-01-03 02:35:22.657337: Epoch time: 39.33 s
2026-01-03 02:35:23.355996: 
2026-01-03 02:35:23.359417: Epoch 98
2026-01-03 02:35:23.362062: Current learning rate: 0.007
2026-01-03 02:36:01.028904: train_loss 0.6395
2026-01-03 02:36:01.099451: val_loss 0.6448
2026-01-03 02:36:01.104358: val classification accuracy 0.587
2026-01-03 02:36:01.106984: val auc 0.7353
2026-01-03 02:36:01.109517: Epoch time: 37.67 s
2026-01-03 02:36:01.876456: 
2026-01-03 02:36:01.879445: Epoch 99
2026-01-03 02:36:01.881850: Current learning rate: 0.00697
2026-01-03 02:36:41.503478: train_loss 0.6611
2026-01-03 02:36:41.507701: val_loss 0.7766
2026-01-03 02:36:41.510634: val classification accuracy 0.5217
2026-01-03 02:36:41.513625: val auc 0.5936
2026-01-03 02:36:41.516444: Epoch time: 39.63 s
2026-01-03 02:36:42.231145: 
2026-01-03 02:36:42.234401: Epoch 100
2026-01-03 02:36:42.236843: Current learning rate: 0.00694
2026-01-03 02:37:19.275664: train_loss 0.645
2026-01-03 02:37:19.280533: val_loss 0.7306
2026-01-03 02:37:19.283147: val classification accuracy 0.5652
2026-01-03 02:37:19.285724: val auc 0.6115
2026-01-03 02:37:19.288472: Epoch time: 37.05 s
2026-01-03 02:37:20.009071: 
2026-01-03 02:37:20.012378: Epoch 101
2026-01-03 02:37:20.014965: Current learning rate: 0.00691
2026-01-03 02:38:00.910578: train_loss 0.6745
2026-01-03 02:38:00.914739: val_loss 0.9254
2026-01-03 02:38:00.917493: val classification accuracy 0.587
2026-01-03 02:38:00.920553: val auc 0.6786
2026-01-03 02:38:00.923180: Epoch time: 40.9 s
2026-01-03 02:38:01.652338: 
2026-01-03 02:38:01.655719: Epoch 102
2026-01-03 02:38:01.658081: Current learning rate: 0.00688
2026-01-03 02:38:38.373731: train_loss 0.6295
2026-01-03 02:38:38.378377: val_loss 1.5752
2026-01-03 02:38:38.381299: val classification accuracy 0.587
2026-01-03 02:38:38.384198: val auc 0.552
2026-01-03 02:38:38.386998: Epoch time: 36.72 s
2026-01-03 02:38:39.110956: 
2026-01-03 02:38:39.113933: Epoch 103
2026-01-03 02:38:39.116454: Current learning rate: 0.00685
2026-01-03 02:39:17.357829: train_loss 0.609
2026-01-03 02:39:17.369175: val_loss 0.7319
2026-01-03 02:39:17.392230: val classification accuracy 0.6522
2026-01-03 02:39:17.403890: val auc 0.7051
2026-01-03 02:39:17.406613: Epoch time: 38.25 s
2026-01-03 02:39:18.128392: 
2026-01-03 02:39:18.131856: Epoch 104
2026-01-03 02:39:18.134388: Current learning rate: 0.00682
2026-01-03 02:39:57.412045: train_loss 0.637
2026-01-03 02:39:57.416909: val_loss 1.0468
2026-01-03 02:39:57.419427: val classification accuracy 0.4565
2026-01-03 02:39:57.421974: val auc 0.4423
2026-01-03 02:39:57.425452: Epoch time: 39.29 s
2026-01-03 02:39:58.131862: 
2026-01-03 02:39:58.135209: Epoch 105
2026-01-03 02:39:58.137790: Current learning rate: 0.00679
2026-01-03 02:40:37.030067: train_loss 0.6429
2026-01-03 02:40:37.034759: val_loss 0.7438
2026-01-03 02:40:37.037814: val classification accuracy 0.5652
2026-01-03 02:40:37.040823: val auc 0.6427
2026-01-03 02:40:37.043702: Epoch time: 38.9 s
2026-01-03 02:40:37.758633: 
2026-01-03 02:40:37.761977: Epoch 106
2026-01-03 02:40:37.764503: Current learning rate: 0.00675
2026-01-03 02:41:15.696127: train_loss 0.6579
2026-01-03 02:41:15.719790: val_loss 0.5749
2026-01-03 02:41:15.722813: val classification accuracy 0.7174
2026-01-03 02:41:15.725773: val auc 0.828
2026-01-03 02:41:15.728533: Epoch time: 37.94 s
2026-01-03 02:41:16.434586: 
2026-01-03 02:41:16.438162: Epoch 107
2026-01-03 02:41:16.440699: Current learning rate: 0.00672
2026-01-03 02:41:56.224754: train_loss 0.6458
2026-01-03 02:41:56.244746: val_loss 0.8349
2026-01-03 02:41:56.247514: val classification accuracy 0.5435
2026-01-03 02:41:56.250178: val auc 0.5709
2026-01-03 02:41:56.260234: Epoch time: 39.79 s
2026-01-03 02:41:56.992694: 
2026-01-03 02:41:56.996224: Epoch 108
2026-01-03 02:41:56.998616: Current learning rate: 0.00669
2026-01-03 02:42:35.352661: train_loss 0.6363
2026-01-03 02:42:35.369674: val_loss 0.9139
2026-01-03 02:42:35.385772: val classification accuracy 0.4783
2026-01-03 02:42:35.389093: val auc 0.5633
2026-01-03 02:42:35.392455: Epoch time: 38.36 s
2026-01-03 02:42:36.112598: 
2026-01-03 02:42:36.115868: Epoch 109
2026-01-03 02:42:36.118570: Current learning rate: 0.00666
2026-01-03 02:43:11.690506: train_loss 0.6335
2026-01-03 02:43:11.694164: val_loss 0.854
2026-01-03 02:43:11.696645: val classification accuracy 0.4565
2026-01-03 02:43:11.700482: val auc 0.5463
2026-01-03 02:43:11.703199: Epoch time: 35.58 s
2026-01-03 02:43:12.467173: 
2026-01-03 02:43:12.470697: Epoch 110
2026-01-03 02:43:12.473376: Current learning rate: 0.00663
2026-01-03 02:43:49.106057: train_loss 0.5992
2026-01-03 02:43:49.112752: val_loss 0.7309
2026-01-03 02:43:49.115456: val classification accuracy 0.6304
2026-01-03 02:43:49.117889: val auc 0.7051
2026-01-03 02:43:49.145859: Epoch time: 36.64 s
2026-01-03 02:43:49.852715: 
2026-01-03 02:43:49.856142: Epoch 111
2026-01-03 02:43:49.858857: Current learning rate: 0.0066
2026-01-03 02:44:30.144649: train_loss 0.6538
2026-01-03 02:44:30.183136: val_loss 0.6028
2026-01-03 02:44:30.186093: val classification accuracy 0.6739
2026-01-03 02:44:30.211322: val auc 0.7656
2026-01-03 02:44:30.214246: Epoch time: 40.29 s
2026-01-03 02:44:30.933095: 
2026-01-03 02:44:30.936527: Epoch 112
2026-01-03 02:44:30.938959: Current learning rate: 0.00657
2026-01-03 02:45:12.198271: train_loss 0.6247
2026-01-03 02:45:12.231568: val_loss 1.1191
2026-01-03 02:45:12.234535: val classification accuracy 0.4783
2026-01-03 02:45:12.237489: val auc 0.5624
2026-01-03 02:45:12.240340: Epoch time: 41.27 s
2026-01-03 02:45:13.004672: 
2026-01-03 02:45:13.007978: Epoch 113
2026-01-03 02:45:13.010756: Current learning rate: 0.00654
2026-01-03 02:45:50.928670: train_loss 0.6382
2026-01-03 02:45:50.936233: val_loss 0.7541
2026-01-03 02:45:50.939285: val classification accuracy 0.6087
2026-01-03 02:45:50.944637: val auc 0.6219
2026-01-03 02:45:50.947621: Epoch time: 37.93 s
2026-01-03 02:45:51.685148: 
2026-01-03 02:45:51.690317: Epoch 114
2026-01-03 02:45:51.693186: Current learning rate: 0.0065
2026-01-03 02:46:31.201796: train_loss 0.6583
2026-01-03 02:46:31.235615: val_loss 1.0016
2026-01-03 02:46:31.238232: val classification accuracy 0.6304
2026-01-03 02:46:31.240586: val auc 0.7146
2026-01-03 02:46:31.243137: Epoch time: 39.52 s
2026-01-03 02:46:31.971318: 
2026-01-03 02:46:31.974581: Epoch 115
2026-01-03 02:46:31.976828: Current learning rate: 0.00647
2026-01-03 02:47:10.052666: train_loss 0.5783
2026-01-03 02:47:10.060391: val_loss 0.8517
2026-01-03 02:47:10.062890: val classification accuracy 0.5435
2026-01-03 02:47:10.065502: val auc 0.6597
2026-01-03 02:47:10.068169: Epoch time: 38.08 s
2026-01-03 02:47:10.783442: 
2026-01-03 02:47:10.786695: Epoch 116
2026-01-03 02:47:10.789124: Current learning rate: 0.00644
2026-01-03 02:47:49.807383: train_loss 0.6214
2026-01-03 02:47:49.812253: val_loss 0.5733
2026-01-03 02:47:49.815986: val classification accuracy 0.6739
2026-01-03 02:47:49.818720: val auc 0.7713
2026-01-03 02:47:49.821477: Epoch time: 39.03 s
2026-01-03 02:47:50.660110: 
2026-01-03 02:47:50.663219: Epoch 117
2026-01-03 02:47:50.665624: Current learning rate: 0.00641
2026-01-03 02:48:27.916791: train_loss 0.624
2026-01-03 02:48:27.920931: val_loss 0.7029
2026-01-03 02:48:27.923676: val classification accuracy 0.6739
2026-01-03 02:48:27.926496: val auc 0.7013
2026-01-03 02:48:27.947933: Epoch time: 37.26 s
2026-01-03 02:48:28.648596: 
2026-01-03 02:48:28.652149: Epoch 118
2026-01-03 02:48:28.654723: Current learning rate: 0.00638
2026-01-03 02:49:06.897132: train_loss 0.6536
2026-01-03 02:49:06.901601: val_loss 0.7017
2026-01-03 02:49:06.904394: val classification accuracy 0.6087
2026-01-03 02:49:06.907065: val auc 0.6002
2026-01-03 02:49:06.911061: Epoch time: 38.25 s
2026-01-03 02:49:07.664787: 
2026-01-03 02:49:07.668721: Epoch 119
2026-01-03 02:49:07.671398: Current learning rate: 0.00635
2026-01-03 02:49:47.259277: train_loss 0.6257
2026-01-03 02:49:47.281857: val_loss 1.0295
2026-01-03 02:49:47.284707: val classification accuracy 0.5217
2026-01-03 02:49:47.287535: val auc 0.5142
2026-01-03 02:49:47.307686: Epoch time: 39.6 s
2026-01-03 02:49:48.026241: 
2026-01-03 02:49:48.029734: Epoch 120
2026-01-03 02:49:48.032140: Current learning rate: 0.00631
2026-01-03 02:50:25.459465: train_loss 0.6275
2026-01-03 02:50:25.487389: val_loss 0.5663
2026-01-03 02:50:25.489993: val classification accuracy 0.6957
2026-01-03 02:50:25.492605: val auc 0.7618
2026-01-03 02:50:25.495289: Epoch time: 37.44 s
2026-01-03 02:50:26.225943: 
2026-01-03 02:50:26.229170: Epoch 121
2026-01-03 02:50:26.231670: Current learning rate: 0.00628
2026-01-03 02:51:04.964433: train_loss 0.6101
2026-01-03 02:51:04.968580: val_loss 0.7255
2026-01-03 02:51:04.971338: val classification accuracy 0.6304
2026-01-03 02:51:04.973785: val auc 0.6512
2026-01-03 02:51:04.976157: Epoch time: 38.74 s
2026-01-03 02:51:05.702241: 
2026-01-03 02:51:05.705801: Epoch 122
2026-01-03 02:51:05.708435: Current learning rate: 0.00625
2026-01-03 02:51:44.841507: train_loss 0.6061
2026-01-03 02:51:44.847239: val_loss 0.8144
2026-01-03 02:51:44.850767: val classification accuracy 0.5435
2026-01-03 02:51:44.873590: val auc 0.5974
2026-01-03 02:51:44.876675: Epoch time: 39.14 s
2026-01-03 02:51:45.632128: 
2026-01-03 02:51:45.635297: Epoch 123
2026-01-03 02:51:45.637731: Current learning rate: 0.00622
2026-01-03 02:52:23.951527: train_loss 0.6243
2026-01-03 02:52:23.956122: val_loss 0.6773
2026-01-03 02:52:23.959049: val classification accuracy 0.5652
2026-01-03 02:52:23.961713: val auc 0.6957
2026-01-03 02:52:23.964421: Epoch time: 38.32 s
2026-01-03 02:52:24.754661: 
2026-01-03 02:52:24.757789: Epoch 124
2026-01-03 02:52:24.760338: Current learning rate: 0.00619
2026-01-03 02:53:03.696956: train_loss 0.5913
2026-01-03 02:53:03.725780: val_loss 0.7981
2026-01-03 02:53:03.729141: val classification accuracy 0.6087
2026-01-03 02:53:03.732063: val auc 0.6626
2026-01-03 02:53:03.740369: Epoch time: 38.94 s
2026-01-03 02:53:04.456204: 
2026-01-03 02:53:04.459414: Epoch 125
2026-01-03 02:53:04.461886: Current learning rate: 0.00616
2026-01-03 02:53:45.103447: train_loss 0.6012
2026-01-03 02:53:45.131132: val_loss 1.0487
2026-01-03 02:53:45.142057: val classification accuracy 0.6304
2026-01-03 02:53:45.150114: val auc 0.69
2026-01-03 02:53:45.152802: Epoch time: 40.65 s
2026-01-03 02:53:45.884134: 
2026-01-03 02:53:45.887637: Epoch 126
2026-01-03 02:53:45.890300: Current learning rate: 0.00612
2026-01-03 02:54:25.773893: train_loss 0.6181
2026-01-03 02:54:25.778270: val_loss 0.7238
2026-01-03 02:54:25.780911: val classification accuracy 0.6304
2026-01-03 02:54:25.787592: val auc 0.656
2026-01-03 02:54:25.798159: Epoch time: 39.89 s
2026-01-03 02:54:26.532167: 
2026-01-03 02:54:26.535345: Epoch 127
2026-01-03 02:54:26.537717: Current learning rate: 0.00609
2026-01-03 02:55:04.216196: train_loss 0.5968
2026-01-03 02:55:04.220907: val_loss 0.6563
2026-01-03 02:55:04.223984: val classification accuracy 0.6739
2026-01-03 02:55:04.227162: val auc 0.7486
2026-01-03 02:55:04.240477: Epoch time: 37.69 s
2026-01-03 02:55:05.499347: 
2026-01-03 02:55:05.503128: Epoch 128
2026-01-03 02:55:05.506394: Current learning rate: 0.00606
2026-01-03 02:55:44.738728: train_loss 0.6206
2026-01-03 02:55:44.748831: val_loss 0.8709
2026-01-03 02:55:44.752108: val classification accuracy 0.7174
2026-01-03 02:55:44.755157: val auc 0.707
2026-01-03 02:55:44.758483: Epoch time: 39.24 s
2026-01-03 02:55:45.502835: 
2026-01-03 02:55:45.506196: Epoch 129
2026-01-03 02:55:45.508487: Current learning rate: 0.00603
2026-01-03 02:56:24.112243: train_loss 0.6167
2026-01-03 02:56:24.116692: val_loss 0.6766
2026-01-03 02:56:24.119732: val classification accuracy 0.5652
2026-01-03 02:56:24.122978: val auc 0.7146
2026-01-03 02:56:24.133621: Epoch time: 38.61 s
2026-01-03 02:56:25.363301: 
2026-01-03 02:56:25.366857: Epoch 130
2026-01-03 02:56:25.369338: Current learning rate: 0.006
2026-01-03 02:57:05.760381: train_loss 0.6438
2026-01-03 02:57:05.764487: val_loss 0.7862
2026-01-03 02:57:05.767166: val classification accuracy 0.587
2026-01-03 02:57:05.769615: val auc 0.6333
2026-01-03 02:57:05.772255: Epoch time: 40.4 s
2026-01-03 02:57:06.475829: 
2026-01-03 02:57:06.479317: Epoch 131
2026-01-03 02:57:06.481965: Current learning rate: 0.00597
2026-01-03 02:57:46.017430: train_loss 0.6469
2026-01-03 02:57:46.042181: val_loss 0.5396
2026-01-03 02:57:46.044819: val classification accuracy 0.7826
2026-01-03 02:57:46.047626: val auc 0.8459
2026-01-03 02:57:46.056091: Epoch time: 39.54 s
2026-01-03 02:57:46.059011: Yayy! New best EMA pseudo Dice: 0.8459
2026-01-03 02:57:46.730077: Yayy! New best classification accuracy: 0.7826
2026-01-03 02:57:48.156206: 
2026-01-03 02:57:48.159290: Epoch 132
2026-01-03 02:57:48.161673: Current learning rate: 0.00593
2026-01-03 02:58:26.906981: train_loss 0.6135
2026-01-03 02:58:26.921748: val_loss 1.1867
2026-01-03 02:58:26.934798: val classification accuracy 0.5652
2026-01-03 02:58:26.937622: val auc 0.5255
2026-01-03 02:58:26.940792: Epoch time: 38.75 s
2026-01-03 02:58:27.650533: 
2026-01-03 02:58:27.653977: Epoch 133
2026-01-03 02:58:27.656602: Current learning rate: 0.0059
2026-01-03 02:59:06.512396: train_loss 0.6805
2026-01-03 02:59:06.516727: val_loss 1.0178
2026-01-03 02:59:06.521628: val classification accuracy 0.4348
2026-01-03 02:59:06.524284: val auc 0.38
2026-01-03 02:59:06.526922: Epoch time: 38.86 s
2026-01-03 02:59:07.244951: 
2026-01-03 02:59:07.248347: Epoch 134
2026-01-03 02:59:07.251099: Current learning rate: 0.00587
2026-01-03 02:59:44.330619: train_loss 0.6572
2026-01-03 02:59:44.354461: val_loss 0.8326
2026-01-03 02:59:44.357730: val classification accuracy 0.587
2026-01-03 02:59:44.360814: val auc 0.6276
2026-01-03 02:59:44.364272: Epoch time: 37.09 s
2026-01-03 02:59:45.523916: 
2026-01-03 02:59:45.527159: Epoch 135
2026-01-03 02:59:45.529725: Current learning rate: 0.00584
2026-01-03 03:00:24.011537: train_loss 0.6418
2026-01-03 03:00:24.016201: val_loss 1.1162
2026-01-03 03:00:24.019848: val classification accuracy 0.6087
2026-01-03 03:00:24.023138: val auc 0.621
2026-01-03 03:00:24.029199: Epoch time: 38.49 s
2026-01-03 03:00:24.770977: 
2026-01-03 03:00:24.774331: Epoch 136
2026-01-03 03:00:24.776977: Current learning rate: 0.00581
2026-01-03 03:01:03.906834: train_loss 0.6209
2026-01-03 03:01:03.911445: val_loss 0.7458
2026-01-03 03:01:03.914563: val classification accuracy 0.5
2026-01-03 03:01:03.917627: val auc 0.5766
2026-01-03 03:01:03.920584: Epoch time: 39.14 s
2026-01-03 03:01:04.638628: 
2026-01-03 03:01:04.642515: Epoch 137
2026-01-03 03:01:04.645104: Current learning rate: 0.00578
2026-01-03 03:01:41.046631: train_loss 0.6346
2026-01-03 03:01:41.050465: val_loss 0.9078
2026-01-03 03:01:41.053170: val classification accuracy 0.5435
2026-01-03 03:01:41.055959: val auc 0.5577
2026-01-03 03:01:41.058630: Epoch time: 36.41 s
2026-01-03 03:01:41.766845: 
2026-01-03 03:01:41.770276: Epoch 138
2026-01-03 03:01:41.772699: Current learning rate: 0.00574
2026-01-03 03:02:20.198149: train_loss 0.6722
2026-01-03 03:02:20.203046: val_loss 0.8209
2026-01-03 03:02:20.206087: val classification accuracy 0.413
2026-01-03 03:02:20.209117: val auc 0.4991
2026-01-03 03:02:20.217631: Epoch time: 38.43 s
2026-01-03 03:02:20.944907: 
2026-01-03 03:02:20.948287: Epoch 139
2026-01-03 03:02:20.950978: Current learning rate: 0.00571
2026-01-03 03:02:58.898265: train_loss 0.6459
2026-01-03 03:02:58.902616: val_loss 0.6766
2026-01-03 03:02:58.905551: val classification accuracy 0.5652
2026-01-03 03:02:58.908254: val auc 0.6333
2026-01-03 03:02:58.915677: Epoch time: 37.95 s
2026-01-03 03:02:59.692976: 
2026-01-03 03:02:59.696178: Epoch 140
2026-01-03 03:02:59.698654: Current learning rate: 0.00568
2026-01-03 03:03:37.947722: train_loss 0.6088
2026-01-03 03:03:37.961694: val_loss 0.6865
2026-01-03 03:03:37.964475: val classification accuracy 0.5435
2026-01-03 03:03:37.967296: val auc 0.6711
2026-01-03 03:03:37.970055: Epoch time: 38.26 s
2026-01-03 03:03:38.716033: 
2026-01-03 03:03:38.720397: Epoch 141
2026-01-03 03:03:38.723554: Current learning rate: 0.00565
2026-01-03 03:04:18.390581: train_loss 0.607
2026-01-03 03:04:18.394725: val_loss 0.7968
2026-01-03 03:04:18.397599: val classification accuracy 0.6522
2026-01-03 03:04:18.400417: val auc 0.6522
2026-01-03 03:04:18.426998: Epoch time: 39.68 s
2026-01-03 03:04:19.149886: 
2026-01-03 03:04:19.153192: Epoch 142
2026-01-03 03:04:19.155942: Current learning rate: 0.00562
2026-01-03 03:04:58.687748: train_loss 0.6058
2026-01-03 03:04:58.710610: val_loss 0.671
2026-01-03 03:04:58.713734: val classification accuracy 0.5435
2026-01-03 03:04:58.716546: val auc 0.6626
2026-01-03 03:04:58.719501: Epoch time: 39.54 s
2026-01-03 03:04:59.430269: 
2026-01-03 03:04:59.433492: Epoch 143
2026-01-03 03:04:59.436097: Current learning rate: 0.00558
2026-01-03 03:05:41.637311: train_loss 0.6168
2026-01-03 03:05:41.652896: val_loss 0.8354
2026-01-03 03:05:41.655985: val classification accuracy 0.5435
2026-01-03 03:05:41.658789: val auc 0.5624
2026-01-03 03:05:41.661466: Epoch time: 42.21 s
2026-01-03 03:05:42.408361: 
2026-01-03 03:05:42.411555: Epoch 144
2026-01-03 03:05:42.413948: Current learning rate: 0.00555
2026-01-03 03:06:20.079481: train_loss 0.5809
2026-01-03 03:06:20.086654: val_loss 0.989
2026-01-03 03:06:20.091324: val classification accuracy 0.587
2026-01-03 03:06:20.100741: val auc 0.6049
2026-01-03 03:06:20.104338: Epoch time: 37.67 s
2026-01-03 03:06:20.834080: 
2026-01-03 03:06:20.841755: Epoch 145
2026-01-03 03:06:20.844502: Current learning rate: 0.00552
2026-01-03 03:07:00.448974: train_loss 0.6672
2026-01-03 03:07:00.468011: val_loss 0.7179
2026-01-03 03:07:00.473915: val classification accuracy 0.5652
2026-01-03 03:07:00.477015: val auc 0.5822
2026-01-03 03:07:00.479946: Epoch time: 39.62 s
2026-01-03 03:07:01.206888: 
2026-01-03 03:07:01.210416: Epoch 146
2026-01-03 03:07:01.213177: Current learning rate: 0.00549
2026-01-03 03:07:41.182135: train_loss 0.6412
2026-01-03 03:07:41.186226: val_loss 0.648
2026-01-03 03:07:41.189104: val classification accuracy 0.6522
2026-01-03 03:07:41.191797: val auc 0.7845
2026-01-03 03:07:41.194346: Epoch time: 39.98 s
2026-01-03 03:07:41.917439: 
2026-01-03 03:07:41.920788: Epoch 147
2026-01-03 03:07:41.923458: Current learning rate: 0.00546
2026-01-03 03:08:20.895255: train_loss 0.6294
2026-01-03 03:08:20.900464: val_loss 0.6839
2026-01-03 03:08:20.903916: val classification accuracy 0.5652
2026-01-03 03:08:20.907047: val auc 0.6371
2026-01-03 03:08:20.910250: Epoch time: 38.98 s
2026-01-03 03:08:21.632944: 
2026-01-03 03:08:21.636305: Epoch 148
2026-01-03 03:08:21.638811: Current learning rate: 0.00542
2026-01-03 03:08:59.356838: train_loss 0.5675
2026-01-03 03:08:59.361311: val_loss 0.845
2026-01-03 03:08:59.364449: val classification accuracy 0.587
2026-01-03 03:08:59.367163: val auc 0.6408
2026-01-03 03:08:59.369824: Epoch time: 37.73 s
2026-01-03 03:09:00.119165: 
2026-01-03 03:09:00.122316: Epoch 149
2026-01-03 03:09:00.124703: Current learning rate: 0.00539
2026-01-03 03:09:39.770050: train_loss 0.632
2026-01-03 03:09:39.775282: val_loss 0.7637
2026-01-03 03:09:39.777866: val classification accuracy 0.587
2026-01-03 03:09:39.780520: val auc 0.6664
2026-01-03 03:09:39.783039: Epoch time: 39.65 s
2026-01-03 03:09:40.506711: 
2026-01-03 03:09:40.510248: Epoch 150
2026-01-03 03:09:40.512893: Current learning rate: 0.00536
2026-01-03 03:10:18.136283: train_loss 0.63
2026-01-03 03:10:18.145010: val_loss 0.7785
2026-01-03 03:10:18.147942: val classification accuracy 0.6739
2026-01-03 03:10:18.150839: val auc 0.6824
2026-01-03 03:10:18.153581: Epoch time: 37.63 s
2026-01-03 03:10:18.907924: 
2026-01-03 03:10:18.911253: Epoch 151
2026-01-03 03:10:18.913710: Current learning rate: 0.00533
2026-01-03 03:10:58.433387: train_loss 0.6331
2026-01-03 03:10:58.457387: val_loss 1.1715
2026-01-03 03:10:58.460114: val classification accuracy 0.4783
2026-01-03 03:10:58.463238: val auc 0.5057
2026-01-03 03:10:58.482405: Epoch time: 39.53 s
2026-01-03 03:10:59.240309: 
2026-01-03 03:10:59.243636: Epoch 152
2026-01-03 03:10:59.246183: Current learning rate: 0.00529
2026-01-03 03:11:37.821322: train_loss 0.6256
2026-01-03 03:11:37.827515: val_loss 0.9899
2026-01-03 03:11:37.830663: val classification accuracy 0.6087
2026-01-03 03:11:37.837163: val auc 0.5558
2026-01-03 03:11:37.840244: Epoch time: 38.58 s
2026-01-03 03:11:38.557651: 
2026-01-03 03:11:38.561137: Epoch 153
2026-01-03 03:11:38.563831: Current learning rate: 0.00526
2026-01-03 03:12:18.471202: train_loss 0.6046
2026-01-03 03:12:18.475234: val_loss 0.8711
2026-01-03 03:12:18.480705: val classification accuracy 0.5435
2026-01-03 03:12:18.483756: val auc 0.5917
2026-01-03 03:12:18.486415: Epoch time: 39.92 s
2026-01-03 03:12:19.206117: 
2026-01-03 03:12:19.209823: Epoch 154
2026-01-03 03:12:19.212545: Current learning rate: 0.00523
2026-01-03 03:12:56.890815: train_loss 0.6083
2026-01-03 03:12:56.896456: val_loss 0.6859
2026-01-03 03:12:56.903521: val classification accuracy 0.6739
2026-01-03 03:12:56.906596: val auc 0.6805
2026-01-03 03:12:56.939568: Epoch time: 37.69 s
2026-01-03 03:12:57.657347: 
2026-01-03 03:12:57.660381: Epoch 155
2026-01-03 03:12:57.662848: Current learning rate: 0.0052
2026-01-03 03:13:35.644089: train_loss 0.6176
2026-01-03 03:13:35.667428: val_loss 0.8406
2026-01-03 03:13:35.670739: val classification accuracy 0.5217
2026-01-03 03:13:35.673441: val auc 0.5198
2026-01-03 03:13:35.676136: Epoch time: 37.99 s
2026-01-03 03:13:36.488443: 
2026-01-03 03:13:36.491678: Epoch 156
2026-01-03 03:13:36.494056: Current learning rate: 0.00517
2026-01-03 03:14:14.499464: train_loss 0.5904
2026-01-03 03:14:14.503785: val_loss 0.8783
2026-01-03 03:14:14.507182: val classification accuracy 0.6522
2026-01-03 03:14:14.510352: val auc 0.6578
2026-01-03 03:14:14.513332: Epoch time: 38.01 s
2026-01-03 03:14:15.256909: 
2026-01-03 03:14:15.262948: Epoch 157
2026-01-03 03:14:15.265805: Current learning rate: 0.00513
2026-01-03 03:14:53.980682: train_loss 0.6295
2026-01-03 03:14:53.997508: val_loss 0.9537
2026-01-03 03:14:54.000622: val classification accuracy 0.5435
2026-01-03 03:14:54.003627: val auc 0.5633
2026-01-03 03:14:54.006546: Epoch time: 38.73 s
2026-01-03 03:14:54.717186: 
2026-01-03 03:14:54.720772: Epoch 158
2026-01-03 03:14:54.723437: Current learning rate: 0.0051
2026-01-03 03:15:30.871454: train_loss 0.5982
2026-01-03 03:15:30.876775: val_loss 0.7931
2026-01-03 03:15:30.879439: val classification accuracy 0.5652
2026-01-03 03:15:30.882413: val auc 0.6692
2026-01-03 03:15:30.885691: Epoch time: 36.16 s
2026-01-03 03:15:31.629503: 
2026-01-03 03:15:31.632722: Epoch 159
2026-01-03 03:15:31.635593: Current learning rate: 0.00507
2026-01-03 03:16:11.074406: train_loss 0.5981
2026-01-03 03:16:11.105855: val_loss 0.6228
2026-01-03 03:16:11.116808: val classification accuracy 0.6522
2026-01-03 03:16:11.120139: val auc 0.7372
2026-01-03 03:16:11.123108: Epoch time: 39.45 s
2026-01-03 03:16:11.129530: Early stopping triggered at epoch 159. Best val_losses=0.4996
2026-01-03 03:16:11.853731: Stopping training early due to early stopping criterion.
2026-01-03 03:16:12.564739: Training done.
2026-01-03 03:16:12.602361: Skipping perform_actual_validation for classification trainer (segmentation-style sliding window is not applicable).
[1;34mwandb[0m: 
[1;34mwandb[0m:  View run [33mDenseNetTrainer_ep300_NoMirroring_x2_fold5[0m at: [34m[0m
[1;34mwandb[0m: Find logs at: [1;35m../../tmp/wandb/wandb/run-20260103_012935-tto72vb3/logs[0m
