Using device: cuda:0

#######################################################################
Please cite the following paper when using nnU-Net:
Isensee, F., Jaeger, P. F., Kohl, S. A., Petersen, J., & Maier-Hein, K. H. (2021). nnU-Net: a self-configuring method for deep learning-based biomedical image segmentation. Nature methods, 18(2), 203-211.
#######################################################################

2026-01-03 16:03:40.375303: Using torch.compile...
2026-01-03 16:03:45.279112: do_dummy_2d_data_aug: False
2026-01-03 16:03:45.282704: Using splits from existing split file: /hpf/projects/jquon/sumin/nnUNet_data/nnUNet_preprocessed/Dataset033_AVM_T1+C/splits_final.json
2026-01-03 16:03:45.286080: The split file contains 11 splits.
2026-01-03 16:03:45.288025: Desired fold for training: 3
2026-01-03 16:03:45.289708: This split has 464 training and 48 validation cases.
using pin_memory on device 0
using pin_memory on device 0

This is the configuration used by this training:
Configuration name: 3d_fullres
 {'data_identifier': 'nnUNetPlans_3d_fullres', 'preprocessor_name': 'DefaultPreprocessor', 'batch_size': 2, 'patch_size': [160, 224, 192], 'median_image_size_in_voxels': [344.0, 448.0, 429.0], 'spacing': [0.500000923871994, 0.4910714328289032, 0.4910714328289032], 'normalization_schemes': ['ZScoreNormalization'], 'use_mask_for_norm': [False], 'resampling_fn_data': 'resample_data_or_seg_to_shape', 'resampling_fn_seg': 'resample_data_or_seg_to_shape', 'resampling_fn_data_kwargs': {'is_seg': False, 'order': 3, 'order_z': 0, 'force_separate_z': None}, 'resampling_fn_seg_kwargs': {'is_seg': True, 'order': 1, 'order_z': 0, 'force_separate_z': None}, 'resampling_fn_probabilities': 'resample_data_or_seg_to_shape', 'resampling_fn_probabilities_kwargs': {'is_seg': False, 'order': 1, 'order_z': 0, 'force_separate_z': None}, 'architecture': {'network_class_name': 'dynamic_network_architectures.architectures.unet.ResidualEncoderUNet', 'arch_kwargs': {'n_stages': 6, 'features_per_stage': [32, 64, 128, 256, 320, 320], 'conv_op': 'torch.nn.modules.conv.Conv3d', 'kernel_sizes': [[3, 3, 3], [3, 3, 3], [3, 3, 3], [3, 3, 3], [3, 3, 3], [3, 3, 3]], 'strides': [[1, 1, 1], [2, 2, 2], [2, 2, 2], [2, 2, 2], [2, 2, 2], [2, 2, 2]], 'n_blocks_per_stage': [1, 3, 4, 6, 6, 6], 'n_conv_per_stage_decoder': [1, 1, 1, 1, 1], 'conv_bias': True, 'norm_op': 'torch.nn.modules.instancenorm.InstanceNorm3d', 'norm_op_kwargs': {'eps': 1e-05, 'affine': True}, 'dropout_op': None, 'dropout_op_kwargs': None, 'nonlin': 'torch.nn.LeakyReLU', 'nonlin_kwargs': {'inplace': True}}, '_kw_requires_import': ['conv_op', 'norm_op', 'dropout_op', 'nonlin']}, 'batch_dice': True} 

These are the global plan.json settings:
 {'dataset_name': 'Dataset033_AVM_T1+C', 'plans_name': 'nnUNetResEncUNetLPlans', 'original_median_spacing_after_transp': [0.500000923871994, 0.4910714328289032, 0.4910714328289032], 'original_median_shape_after_transp': [330, 448, 424], 'image_reader_writer': 'SimpleITKIO', 'transpose_forward': [0, 1, 2], 'transpose_backward': [0, 1, 2], 'experiment_planner_used': 'nnUNetPlannerResEncL', 'label_manager': 'LabelManager', 'foreground_intensity_properties_per_channel': {'0': {'max': 12113.0, 'mean': 449.843505859375, 'median': 311.0, 'min': 0.0, 'percentile_00_5': 34.0, 'percentile_99_5': 3202.0, 'std': 471.56329345703125}}} 

2026-01-03 16:03:48.099582: Unable to plot network architecture: nnUNet_compile is enabled!
2026-01-03 16:03:48.118896: 
2026-01-03 16:03:48.121433: Epoch 0
2026-01-03 16:03:48.123604: Current learning rate: 0.01
2026-01-03 16:05:10.564549: train_loss 1.37
2026-01-03 16:05:10.569230: val_loss 2.9323
2026-01-03 16:05:10.571783: val classification accuracy 0.5
2026-01-03 16:05:10.574065: val auc 0.3281
2026-01-03 16:05:10.576595: Epoch time: 82.45 s
2026-01-03 16:05:10.578608: Yayy! New best EMA pseudo Dice: 0.3281
2026-01-03 16:05:13.323416: Yayy! New best classification accuracy: 0.5
2026-01-03 16:05:16.137115: 
2026-01-03 16:05:16.140623: Epoch 1
2026-01-03 16:05:16.143263: Current learning rate: 0.00997
2026-01-03 16:06:07.065542: train_loss 0.9485
2026-01-03 16:06:07.076782: val_loss 5.7404
2026-01-03 16:06:07.079880: val classification accuracy 0.3542
2026-01-03 16:06:07.082726: val auc 0.3056
2026-01-03 16:06:07.085494: Epoch time: 50.93 s
2026-01-03 16:06:07.933842: 
2026-01-03 16:06:07.936745: Epoch 2
2026-01-03 16:06:07.938720: Current learning rate: 0.00994
2026-01-03 16:07:01.874336: train_loss 0.8158
2026-01-03 16:07:01.880806: val_loss 0.9072
2026-01-03 16:07:01.883010: val classification accuracy 0.5
2026-01-03 16:07:01.884915: val auc 0.4479
2026-01-03 16:07:01.886684: Epoch time: 53.94 s
2026-01-03 16:07:01.888277: Yayy! New best EMA pseudo Dice: 0.4479
2026-01-03 16:07:05.793106: 
2026-01-03 16:07:05.796472: Epoch 3
2026-01-03 16:07:05.798791: Current learning rate: 0.00991
2026-01-03 16:07:54.549654: train_loss 0.7137
2026-01-03 16:07:54.553933: val_loss 0.97
2026-01-03 16:07:54.556526: val classification accuracy 0.5417
2026-01-03 16:07:54.559045: val auc 0.5347
2026-01-03 16:07:54.561930: Epoch time: 48.76 s
2026-01-03 16:07:54.564249: Yayy! New best EMA pseudo Dice: 0.5347
2026-01-03 16:07:57.346944: Yayy! New best classification accuracy: 0.5417
2026-01-03 16:08:00.097712: 
2026-01-03 16:08:00.100893: Epoch 4
2026-01-03 16:08:00.103224: Current learning rate: 0.00988
2026-01-03 16:08:54.341755: train_loss 0.7074
2026-01-03 16:08:54.351403: val_loss 0.7273
2026-01-03 16:08:54.354338: val classification accuracy 0.4792
2026-01-03 16:08:54.356833: val auc 0.5321
2026-01-03 16:08:54.359155: Epoch time: 54.25 s
2026-01-03 16:08:55.263116: 
2026-01-03 16:08:55.266454: Epoch 5
2026-01-03 16:08:55.268756: Current learning rate: 0.00985
2026-01-03 16:09:49.102956: train_loss 0.6991
2026-01-03 16:09:49.112422: val_loss 0.6943
2026-01-03 16:09:49.115104: val classification accuracy 0.5625
2026-01-03 16:09:49.117450: val auc 0.6424
2026-01-03 16:09:49.119859: Epoch time: 53.84 s
2026-01-03 16:09:49.121896: Yayy! New best EMA pseudo Dice: 0.6424
2026-01-03 16:09:52.017514: Yayy! New best classification accuracy: 0.5625
2026-01-03 16:09:55.025500: 
2026-01-03 16:09:55.028699: Epoch 6
2026-01-03 16:09:55.030804: Current learning rate: 0.00982
2026-01-03 16:10:50.823180: train_loss 0.6863
2026-01-03 16:10:50.839185: val_loss 0.6556
2026-01-03 16:10:50.842252: val classification accuracy 0.6042
2026-01-03 16:10:50.845749: val auc 0.6241
2026-01-03 16:10:50.860594: Epoch time: 55.8 s
2026-01-03 16:10:50.862508: Yayy! New best classification accuracy: 0.6042
2026-01-03 16:10:54.394743: 
2026-01-03 16:10:54.397860: Epoch 7
2026-01-03 16:10:54.399801: Current learning rate: 0.00979
2026-01-03 16:11:49.323094: train_loss 0.6957
2026-01-03 16:11:49.327203: val_loss 0.6078
2026-01-03 16:11:49.330632: val classification accuracy 0.625
2026-01-03 16:11:49.332798: val auc 0.7075
2026-01-03 16:11:49.335630: Epoch time: 54.93 s
2026-01-03 16:11:49.337415: Yayy! New best EMA pseudo Dice: 0.7075
2026-01-03 16:11:51.950354: Yayy! New best classification accuracy: 0.625
2026-01-03 16:11:55.464111: 
2026-01-03 16:11:55.466771: Epoch 8
2026-01-03 16:11:55.468449: Current learning rate: 0.00976
2026-01-03 16:12:48.282436: train_loss 0.692
2026-01-03 16:12:48.336299: val_loss 0.7486
2026-01-03 16:12:48.338964: val classification accuracy 0.6042
2026-01-03 16:12:48.341080: val auc 0.6788
2026-01-03 16:12:48.343285: Epoch time: 52.82 s
2026-01-03 16:12:49.268080: 
2026-01-03 16:12:49.271336: Epoch 9
2026-01-03 16:12:49.273762: Current learning rate: 0.00973
2026-01-03 16:13:45.670760: train_loss 0.6962
2026-01-03 16:13:45.674690: val_loss 0.6479
2026-01-03 16:13:45.677579: val classification accuracy 0.5833
2026-01-03 16:13:45.680989: val auc 0.6597
2026-01-03 16:13:45.684253: Epoch time: 56.4 s
2026-01-03 16:13:46.614663: 
2026-01-03 16:13:46.618196: Epoch 10
2026-01-03 16:13:46.620620: Current learning rate: 0.0097
2026-01-03 16:14:41.969819: train_loss 0.6752
2026-01-03 16:14:41.980765: val_loss 0.723
2026-01-03 16:14:41.997365: val classification accuracy 0.5833
2026-01-03 16:14:42.045400: val auc 0.6311
2026-01-03 16:14:42.056157: Epoch time: 55.36 s
2026-01-03 16:14:42.893797: 
2026-01-03 16:14:42.897896: Epoch 11
2026-01-03 16:14:42.900941: Current learning rate: 0.00967
2026-01-03 16:15:38.513317: train_loss 0.6948
2026-01-03 16:15:38.522829: val_loss 5.0598
2026-01-03 16:15:38.525681: val classification accuracy 0.5417
2026-01-03 16:15:38.528381: val auc 0.6398
2026-01-03 16:15:38.531141: Epoch time: 55.62 s
2026-01-03 16:15:39.449265: 
2026-01-03 16:15:39.452580: Epoch 12
2026-01-03 16:15:39.454930: Current learning rate: 0.00964
2026-01-03 16:16:38.951270: train_loss 0.7091
2026-01-03 16:16:38.966609: val_loss 0.9494
2026-01-03 16:16:38.970124: val classification accuracy 0.5
2026-01-03 16:16:38.973138: val auc 0.6042
2026-01-03 16:16:38.975954: Epoch time: 59.5 s
2026-01-03 16:16:39.896328: 
2026-01-03 16:16:39.900425: Epoch 13
2026-01-03 16:16:39.903755: Current learning rate: 0.00961
2026-01-03 16:17:36.679019: train_loss 0.7095
2026-01-03 16:17:36.689423: val_loss 1.1359
2026-01-03 16:17:36.693372: val classification accuracy 0.625
2026-01-03 16:17:36.696902: val auc 0.691
2026-01-03 16:17:36.699763: Epoch time: 56.78 s
2026-01-03 16:17:37.487918: 
2026-01-03 16:17:37.510844: Epoch 14
2026-01-03 16:17:37.516578: Current learning rate: 0.00958
2026-01-03 16:18:32.098146: train_loss 0.7044
2026-01-03 16:18:32.103024: val_loss 0.8619
2026-01-03 16:18:32.106295: val classification accuracy 0.625
2026-01-03 16:18:32.109152: val auc 0.6102
2026-01-03 16:18:32.111954: Epoch time: 54.61 s
2026-01-03 16:18:33.047576: 
2026-01-03 16:18:33.051885: Epoch 15
2026-01-03 16:18:33.054522: Current learning rate: 0.00955
2026-01-03 16:19:33.053271: train_loss 0.6942
2026-01-03 16:19:33.079092: val_loss 0.8987
2026-01-03 16:19:33.082629: val classification accuracy 0.5625
2026-01-03 16:19:33.086133: val auc 0.6545
2026-01-03 16:19:33.089596: Epoch time: 60.01 s
2026-01-03 16:19:33.949660: 
2026-01-03 16:19:33.953216: Epoch 16
2026-01-03 16:19:33.955711: Current learning rate: 0.00952
2026-01-03 16:20:27.568557: train_loss 0.713
2026-01-03 16:20:27.573200: val_loss 0.7175
2026-01-03 16:20:27.575776: val classification accuracy 0.6667
2026-01-03 16:20:27.578412: val auc 0.6944
2026-01-03 16:20:27.583251: Epoch time: 53.62 s
2026-01-03 16:20:27.586305: Yayy! New best classification accuracy: 0.6667
2026-01-03 16:20:31.087109: 
2026-01-03 16:20:31.090306: Epoch 17
2026-01-03 16:20:31.092735: Current learning rate: 0.00949
2026-01-03 16:21:27.428165: train_loss 0.6843
2026-01-03 16:21:27.441067: val_loss 1.3982
2026-01-03 16:21:27.444116: val classification accuracy 0.5
2026-01-03 16:21:27.446782: val auc 0.6155
2026-01-03 16:21:27.449474: Epoch time: 56.34 s
2026-01-03 16:21:28.349579: 
2026-01-03 16:21:28.353740: Epoch 18
2026-01-03 16:21:28.356536: Current learning rate: 0.00946
2026-01-03 16:22:23.814097: train_loss 0.667
2026-01-03 16:22:23.842159: val_loss 0.6406
2026-01-03 16:22:23.847412: val classification accuracy 0.6042
2026-01-03 16:22:23.852534: val auc 0.6562
2026-01-03 16:22:23.856193: Epoch time: 55.47 s
2026-01-03 16:22:24.802183: 
2026-01-03 16:22:24.806211: Epoch 19
2026-01-03 16:22:24.809194: Current learning rate: 0.00943
2026-01-03 16:23:21.962809: train_loss 0.7024
2026-01-03 16:23:21.968471: val_loss 0.9856
2026-01-03 16:23:21.971586: val classification accuracy 0.3958
2026-01-03 16:23:21.975688: val auc 0.3681
2026-01-03 16:23:21.980271: Epoch time: 57.16 s
2026-01-03 16:23:24.775408: Saved periodic checkpoint /hpf/projects/jquon/sumin/nnUNet_data/nnUNet_results/Dataset033_AVM_T1+C/SEResNetTrainer_ep300_NoMirroring_x2__nnUNetResEncUNetLPlans__3d_fullres/fold_3/checkpoint_every20_best_balacc.pth at epoch 19 with val_balanced_accuracy=0.3958
2026-01-03 16:23:26.873920: Saved periodic checkpoint /hpf/projects/jquon/sumin/nnUNet_data/nnUNet_results/Dataset033_AVM_T1+C/SEResNetTrainer_ep300_NoMirroring_x2__nnUNetResEncUNetLPlans__3d_fullres/fold_3/checkpoint_every20_best_auroc.pth at epoch 19 with val_auc=0.3681
2026-01-03 16:23:27.724962: 
2026-01-03 16:23:27.728563: Epoch 20
2026-01-03 16:23:27.731386: Current learning rate: 0.0094
2026-01-03 16:24:20.932244: train_loss 0.6894
2026-01-03 16:24:20.936640: val_loss 0.608
2026-01-03 16:24:20.939998: val classification accuracy 0.6042
2026-01-03 16:24:20.943739: val auc 0.6858
2026-01-03 16:24:20.947604: Epoch time: 53.21 s
2026-01-03 16:24:22.564387: 
2026-01-03 16:24:22.568135: Epoch 21
2026-01-03 16:24:22.570784: Current learning rate: 0.00937
2026-01-03 16:25:14.781199: train_loss 0.669
2026-01-03 16:25:14.793016: val_loss 0.9258
2026-01-03 16:25:14.795864: val classification accuracy 0.625
2026-01-03 16:25:14.799338: val auc 0.5833
2026-01-03 16:25:14.802394: Epoch time: 52.22 s
2026-01-03 16:25:15.631263: 
2026-01-03 16:25:15.635180: Epoch 22
2026-01-03 16:25:15.638155: Current learning rate: 0.00934
2026-01-03 16:26:05.681127: train_loss 0.6927
2026-01-03 16:26:05.686425: val_loss 0.6346
2026-01-03 16:26:05.689261: val classification accuracy 0.625
2026-01-03 16:26:05.691841: val auc 0.717
2026-01-03 16:26:05.694395: Epoch time: 50.05 s
2026-01-03 16:26:05.697953: Yayy! New best EMA pseudo Dice: 0.717
2026-01-03 16:26:09.351943: 
2026-01-03 16:26:09.355351: Epoch 23
2026-01-03 16:26:09.357717: Current learning rate: 0.00931
2026-01-03 16:27:01.308017: train_loss 0.6722
2026-01-03 16:27:01.313207: val_loss 0.6528
2026-01-03 16:27:01.316520: val classification accuracy 0.6458
2026-01-03 16:27:01.319808: val auc 0.7188
2026-01-03 16:27:01.323301: Epoch time: 51.96 s
2026-01-03 16:27:01.327154: Yayy! New best EMA pseudo Dice: 0.7188
2026-01-03 16:27:05.019397: 
2026-01-03 16:27:05.022916: Epoch 24
2026-01-03 16:27:05.026271: Current learning rate: 0.00928
2026-01-03 16:27:57.343803: train_loss 0.6816
2026-01-03 16:27:57.360384: val_loss 0.6826
2026-01-03 16:27:57.366002: val classification accuracy 0.625
2026-01-03 16:27:57.369294: val auc 0.6823
2026-01-03 16:27:57.372283: Epoch time: 52.33 s
2026-01-03 16:27:58.266791: 
2026-01-03 16:27:58.270190: Epoch 25
2026-01-03 16:27:58.272604: Current learning rate: 0.00925
2026-01-03 16:28:52.990180: train_loss 0.6666
2026-01-03 16:28:52.997500: val_loss 0.7346
2026-01-03 16:28:53.000372: val classification accuracy 0.5208
2026-01-03 16:28:53.003717: val auc 0.572
2026-01-03 16:28:53.006516: Epoch time: 54.72 s
2026-01-03 16:28:53.868685: 
2026-01-03 16:28:53.872259: Epoch 26
2026-01-03 16:28:53.875359: Current learning rate: 0.00922
2026-01-03 16:29:46.321066: train_loss 0.6628
2026-01-03 16:29:46.391468: val_loss 0.6247
2026-01-03 16:29:46.394964: val classification accuracy 0.6042
2026-01-03 16:29:46.397699: val auc 0.6979
2026-01-03 16:29:46.411837: Epoch time: 52.45 s
2026-01-03 16:29:47.232003: 
2026-01-03 16:29:47.235691: Epoch 27
2026-01-03 16:29:47.238374: Current learning rate: 0.00919
2026-01-03 16:30:39.446101: train_loss 0.6614
2026-01-03 16:30:39.463891: val_loss 0.5896
2026-01-03 16:30:39.468023: val classification accuracy 0.6875
2026-01-03 16:30:39.471408: val auc 0.7604
2026-01-03 16:30:39.474545: Epoch time: 52.22 s
2026-01-03 16:30:39.477180: Yayy! New best EMA pseudo Dice: 0.7604
2026-01-03 16:30:42.228595: Yayy! New best classification accuracy: 0.6875
2026-01-03 16:30:44.893743: 
2026-01-03 16:30:44.896978: Epoch 28
2026-01-03 16:30:44.899428: Current learning rate: 0.00916
2026-01-03 16:31:32.634703: train_loss 0.6605
2026-01-03 16:31:32.640570: val_loss 0.6951
2026-01-03 16:31:32.643833: val classification accuracy 0.7083
2026-01-03 16:31:32.647478: val auc 0.6962
2026-01-03 16:31:32.651856: Epoch time: 47.74 s
2026-01-03 16:31:32.655196: Yayy! New best classification accuracy: 0.7083
2026-01-03 16:31:35.998504: 
2026-01-03 16:31:36.001928: Epoch 29
2026-01-03 16:31:36.004385: Current learning rate: 0.00913
2026-01-03 16:32:29.502297: train_loss 0.6693
2026-01-03 16:32:29.527297: val_loss 0.6457
2026-01-03 16:32:29.536948: val classification accuracy 0.5625
2026-01-03 16:32:29.547418: val auc 0.7361
2026-01-03 16:32:29.577203: Epoch time: 53.51 s
2026-01-03 16:32:30.483783: 
2026-01-03 16:32:30.487410: Epoch 30
2026-01-03 16:32:30.490127: Current learning rate: 0.0091
2026-01-03 16:33:27.414715: train_loss 0.657
2026-01-03 16:33:27.419273: val_loss 0.9043
2026-01-03 16:33:27.440242: val classification accuracy 0.5833
2026-01-03 16:33:27.473121: val auc 0.5347
2026-01-03 16:33:27.493101: Epoch time: 56.93 s
2026-01-03 16:33:28.356930: 
2026-01-03 16:33:28.360692: Epoch 31
2026-01-03 16:33:28.363407: Current learning rate: 0.00907
2026-01-03 16:34:23.312491: train_loss 0.6666
2026-01-03 16:34:23.337291: val_loss 0.874
2026-01-03 16:34:23.374561: val classification accuracy 0.5
2026-01-03 16:34:23.380776: val auc 0.5104
2026-01-03 16:34:23.384164: Epoch time: 54.96 s
2026-01-03 16:34:24.245644: 
2026-01-03 16:34:24.249428: Epoch 32
2026-01-03 16:34:24.251917: Current learning rate: 0.00903
2026-01-03 16:35:22.536138: train_loss 0.6703
2026-01-03 16:35:22.544800: val_loss 0.9466
2026-01-03 16:35:22.548079: val classification accuracy 0.625
2026-01-03 16:35:22.552951: val auc 0.6519
2026-01-03 16:35:22.555905: Epoch time: 58.29 s
2026-01-03 16:35:23.382689: 
2026-01-03 16:35:23.386967: Epoch 33
2026-01-03 16:35:23.390009: Current learning rate: 0.009
2026-01-03 16:36:20.071919: train_loss 0.6638
2026-01-03 16:36:20.077974: val_loss 0.6551
2026-01-03 16:36:20.080965: val classification accuracy 0.7292
2026-01-03 16:36:20.083694: val auc 0.7448
2026-01-03 16:36:20.086278: Epoch time: 56.69 s
2026-01-03 16:36:20.088646: Yayy! New best classification accuracy: 0.7292
2026-01-03 16:36:24.342591: 
2026-01-03 16:36:24.347066: Epoch 34
2026-01-03 16:36:24.350165: Current learning rate: 0.00897
2026-01-03 16:37:17.843584: train_loss 0.6959
2026-01-03 16:37:17.848684: val_loss 0.6801
2026-01-03 16:37:17.851897: val classification accuracy 0.5625
2026-01-03 16:37:17.863857: val auc 0.6059
2026-01-03 16:37:17.870317: Epoch time: 53.5 s
2026-01-03 16:37:18.705633: 
2026-01-03 16:37:18.708956: Epoch 35
2026-01-03 16:37:18.711471: Current learning rate: 0.00894
2026-01-03 16:38:14.316543: train_loss 0.6685
2026-01-03 16:38:14.321309: val_loss 0.7428
2026-01-03 16:38:14.324091: val classification accuracy 0.5417
2026-01-03 16:38:14.326530: val auc 0.5486
2026-01-03 16:38:14.328931: Epoch time: 55.61 s
2026-01-03 16:38:15.218301: 
2026-01-03 16:38:15.222021: Epoch 36
2026-01-03 16:38:15.224805: Current learning rate: 0.00891
2026-01-03 16:39:11.148022: train_loss 0.6116
2026-01-03 16:39:11.152723: val_loss 0.6644
2026-01-03 16:39:11.155669: val classification accuracy 0.5625
2026-01-03 16:39:11.158436: val auc 0.6944
2026-01-03 16:39:11.161115: Epoch time: 55.93 s
2026-01-03 16:39:12.064615: 
2026-01-03 16:39:12.068211: Epoch 37
2026-01-03 16:39:12.070660: Current learning rate: 0.00888
2026-01-03 16:40:06.414579: train_loss 0.7057
2026-01-03 16:40:06.475539: val_loss 0.7215
2026-01-03 16:40:06.481162: val classification accuracy 0.625
2026-01-03 16:40:06.486016: val auc 0.6189
2026-01-03 16:40:06.490110: Epoch time: 54.35 s
2026-01-03 16:40:07.337750: 
2026-01-03 16:40:07.341789: Epoch 38
2026-01-03 16:40:07.344672: Current learning rate: 0.00885
2026-01-03 16:41:01.692519: train_loss 0.6861
2026-01-03 16:41:01.697846: val_loss 0.871
2026-01-03 16:41:01.700628: val classification accuracy 0.4792
2026-01-03 16:41:01.703348: val auc 0.6233
2026-01-03 16:41:01.706342: Epoch time: 54.36 s
2026-01-03 16:41:02.663184: 
2026-01-03 16:41:02.666485: Epoch 39
2026-01-03 16:41:02.668714: Current learning rate: 0.00882
2026-01-03 16:41:56.074053: train_loss 0.6942
2026-01-03 16:41:56.081417: val_loss 0.6867
2026-01-03 16:41:56.085151: val classification accuracy 0.625
2026-01-03 16:41:56.111163: val auc 0.6181
2026-01-03 16:41:56.118460: Epoch time: 53.41 s
2026-01-03 16:41:58.898093: Saved periodic checkpoint /hpf/projects/jquon/sumin/nnUNet_data/nnUNet_results/Dataset033_AVM_T1+C/SEResNetTrainer_ep300_NoMirroring_x2__nnUNetResEncUNetLPlans__3d_fullres/fold_3/checkpoint_every20_best_balacc.pth at epoch 39 with val_balanced_accuracy=0.6250
2026-01-03 16:42:00.880214: Saved periodic checkpoint /hpf/projects/jquon/sumin/nnUNet_data/nnUNet_results/Dataset033_AVM_T1+C/SEResNetTrainer_ep300_NoMirroring_x2__nnUNetResEncUNetLPlans__3d_fullres/fold_3/checkpoint_every20_best_auroc.pth at epoch 39 with val_auc=0.6181
2026-01-03 16:42:01.656240: 
2026-01-03 16:42:01.659395: Epoch 40
2026-01-03 16:42:01.662006: Current learning rate: 0.00879
2026-01-03 16:42:50.262617: train_loss 0.6678
2026-01-03 16:42:50.270015: val_loss 0.6582
2026-01-03 16:42:50.274246: val classification accuracy 0.6042
2026-01-03 16:42:50.284744: val auc 0.724
2026-01-03 16:42:50.288156: Epoch time: 48.61 s
2026-01-03 16:42:51.071691: 
2026-01-03 16:42:51.075056: Epoch 41
2026-01-03 16:42:51.077506: Current learning rate: 0.00876
2026-01-03 16:43:34.421610: train_loss 0.6805
2026-01-03 16:43:34.436774: val_loss 0.7572
2026-01-03 16:43:34.443381: val classification accuracy 0.5833
2026-01-03 16:43:34.446931: val auc 0.6615
2026-01-03 16:43:34.450080: Epoch time: 43.35 s
2026-01-03 16:43:35.273097: 
2026-01-03 16:43:35.276751: Epoch 42
2026-01-03 16:43:35.279632: Current learning rate: 0.00873
2026-01-03 16:44:33.908468: train_loss 0.6562
2026-01-03 16:44:33.913077: val_loss 0.8873
2026-01-03 16:44:33.918563: val classification accuracy 0.5
2026-01-03 16:44:33.921799: val auc 0.5938
2026-01-03 16:44:33.925853: Epoch time: 58.64 s
2026-01-03 16:44:34.745512: 
2026-01-03 16:44:34.749423: Epoch 43
2026-01-03 16:44:34.751987: Current learning rate: 0.0087
2026-01-03 16:45:31.229104: train_loss 0.6732
2026-01-03 16:45:31.235431: val_loss 1.0017
2026-01-03 16:45:31.240308: val classification accuracy 0.5833
2026-01-03 16:45:31.244220: val auc 0.6727
2026-01-03 16:45:31.247896: Epoch time: 56.48 s
2026-01-03 16:45:32.107410: 
2026-01-03 16:45:32.110750: Epoch 44
2026-01-03 16:45:32.113240: Current learning rate: 0.00867
2026-01-03 16:46:24.791366: train_loss 0.648
2026-01-03 16:46:24.804203: val_loss 0.7519
2026-01-03 16:46:24.808181: val classification accuracy 0.4792
2026-01-03 16:46:24.811620: val auc 0.6615
2026-01-03 16:46:24.814731: Epoch time: 52.69 s
2026-01-03 16:46:25.665324: 
2026-01-03 16:46:25.669513: Epoch 45
2026-01-03 16:46:25.673725: Current learning rate: 0.00864
2026-01-03 16:47:20.972226: train_loss 0.652
2026-01-03 16:47:21.003607: val_loss 1.3996
2026-01-03 16:47:21.007742: val classification accuracy 0.5625
2026-01-03 16:47:21.011227: val auc 0.6033
2026-01-03 16:47:21.014447: Epoch time: 55.31 s
2026-01-03 16:47:21.905931: 
2026-01-03 16:47:21.909524: Epoch 46
2026-01-03 16:47:21.912302: Current learning rate: 0.00861
2026-01-03 16:48:19.374079: train_loss 0.6252
2026-01-03 16:48:19.378818: val_loss 0.6959
2026-01-03 16:48:19.382085: val classification accuracy 0.625
2026-01-03 16:48:19.385309: val auc 0.6918
2026-01-03 16:48:19.388546: Epoch time: 57.47 s
2026-01-03 16:48:20.229668: 
2026-01-03 16:48:20.233704: Epoch 47
2026-01-03 16:48:20.236161: Current learning rate: 0.00858
2026-01-03 16:49:15.600696: train_loss 0.6317
2026-01-03 16:49:15.605237: val_loss 0.8897
2026-01-03 16:49:15.608916: val classification accuracy 0.5208
2026-01-03 16:49:15.612414: val auc 0.6007
2026-01-03 16:49:15.615369: Epoch time: 55.37 s
2026-01-03 16:49:17.310678: 
2026-01-03 16:49:17.314896: Epoch 48
2026-01-03 16:49:17.317791: Current learning rate: 0.00855
2026-01-03 16:50:14.022391: train_loss 0.6926
2026-01-03 16:50:14.027119: val_loss 0.6768
2026-01-03 16:50:14.030152: val classification accuracy 0.5417
2026-01-03 16:50:14.032988: val auc 0.6858
2026-01-03 16:50:14.035745: Epoch time: 56.71 s
2026-01-03 16:50:14.903240: 
2026-01-03 16:50:14.907360: Epoch 49
2026-01-03 16:50:14.910023: Current learning rate: 0.00852
2026-01-03 16:51:10.752607: train_loss 0.6653
2026-01-03 16:51:10.757051: val_loss 1.2493
2026-01-03 16:51:10.760023: val classification accuracy 0.5833
2026-01-03 16:51:10.762717: val auc 0.6155
2026-01-03 16:51:10.765335: Epoch time: 55.85 s
2026-01-03 16:51:11.716745: 
2026-01-03 16:51:11.720768: Epoch 50
2026-01-03 16:51:11.724735: Current learning rate: 0.00849
2026-01-03 16:52:06.785136: train_loss 0.6572
2026-01-03 16:52:06.790049: val_loss 0.6747
2026-01-03 16:52:06.797997: val classification accuracy 0.6458
2026-01-03 16:52:06.801353: val auc 0.6979
2026-01-03 16:52:06.804621: Epoch time: 55.07 s
2026-01-03 16:52:07.635274: 
2026-01-03 16:52:07.639752: Epoch 51
2026-01-03 16:52:07.642392: Current learning rate: 0.00846
2026-01-03 16:53:02.636028: train_loss 0.6491
2026-01-03 16:53:02.654547: val_loss 0.5796
2026-01-03 16:53:02.659152: val classification accuracy 0.6667
2026-01-03 16:53:02.663237: val auc 0.8099
2026-01-03 16:53:02.666996: Epoch time: 55.0 s
2026-01-03 16:53:02.669850: Yayy! New best EMA pseudo Dice: 0.8099
2026-01-03 16:53:06.245275: 
2026-01-03 16:53:06.249235: Epoch 52
2026-01-03 16:53:06.252333: Current learning rate: 0.00843
2026-01-03 16:54:01.117745: train_loss 0.6678
2026-01-03 16:54:01.125076: val_loss 0.6303
2026-01-03 16:54:01.137847: val classification accuracy 0.6667
2026-01-03 16:54:01.140831: val auc 0.7474
2026-01-03 16:54:01.153576: Epoch time: 54.87 s
2026-01-03 16:54:02.037216: 
2026-01-03 16:54:02.041304: Epoch 53
2026-01-03 16:54:02.044150: Current learning rate: 0.00839
2026-01-03 16:54:57.096350: train_loss 0.6652
2026-01-03 16:54:57.106155: val_loss 0.6258
2026-01-03 16:54:57.109606: val classification accuracy 0.6875
2026-01-03 16:54:57.112907: val auc 0.7656
2026-01-03 16:54:57.116092: Epoch time: 55.06 s
2026-01-03 16:54:58.022664: 
2026-01-03 16:54:58.026720: Epoch 54
2026-01-03 16:54:58.029891: Current learning rate: 0.00836
2026-01-03 16:55:56.218162: train_loss 0.6733
2026-01-03 16:55:56.225692: val_loss 0.8324
2026-01-03 16:55:56.234331: val classification accuracy 0.7083
2026-01-03 16:55:56.237567: val auc 0.6849
2026-01-03 16:55:56.240544: Epoch time: 58.2 s
2026-01-03 16:55:57.214210: 
2026-01-03 16:55:57.217969: Epoch 55
2026-01-03 16:55:57.220680: Current learning rate: 0.00833
2026-01-03 16:56:48.914342: train_loss 0.6686
2026-01-03 16:56:48.920009: val_loss 0.5929
2026-01-03 16:56:48.925490: val classification accuracy 0.6875
2026-01-03 16:56:48.930386: val auc 0.7812
2026-01-03 16:56:48.934346: Epoch time: 51.7 s
2026-01-03 16:56:49.780793: 
2026-01-03 16:56:49.784724: Epoch 56
2026-01-03 16:56:49.787324: Current learning rate: 0.0083
2026-01-03 16:57:43.426602: train_loss 0.6237
2026-01-03 16:57:43.453714: val_loss 0.6805
2026-01-03 16:57:43.468833: val classification accuracy 0.5625
2026-01-03 16:57:43.472342: val auc 0.6432
2026-01-03 16:57:43.481233: Epoch time: 53.65 s
2026-01-03 16:57:44.320291: 
2026-01-03 16:57:44.324128: Epoch 57
2026-01-03 16:57:44.326835: Current learning rate: 0.00827
2026-01-03 16:58:36.950385: train_loss 0.6826
2026-01-03 16:58:36.955361: val_loss 0.6308
2026-01-03 16:58:36.958864: val classification accuracy 0.6458
2026-01-03 16:58:36.962115: val auc 0.7014
2026-01-03 16:58:36.966021: Epoch time: 52.63 s
2026-01-03 16:58:37.842206: 
2026-01-03 16:58:37.846120: Epoch 58
2026-01-03 16:58:37.848668: Current learning rate: 0.00824
2026-01-03 16:59:30.247752: train_loss 0.6552
2026-01-03 16:59:30.252432: val_loss 0.9475
2026-01-03 16:59:30.255392: val classification accuracy 0.5417
2026-01-03 16:59:30.258060: val auc 0.5842
2026-01-03 16:59:30.260689: Epoch time: 52.41 s
2026-01-03 16:59:31.183641: 
2026-01-03 16:59:31.187999: Epoch 59
2026-01-03 16:59:31.190927: Current learning rate: 0.00821
2026-01-03 17:00:27.434071: train_loss 0.6316
2026-01-03 17:00:27.440613: val_loss 0.5857
2026-01-03 17:00:27.444295: val classification accuracy 0.6875
2026-01-03 17:00:27.448045: val auc 0.7517
2026-01-03 17:00:27.471402: Epoch time: 56.25 s
2026-01-03 17:00:30.144029: Saved periodic checkpoint /hpf/projects/jquon/sumin/nnUNet_data/nnUNet_results/Dataset033_AVM_T1+C/SEResNetTrainer_ep300_NoMirroring_x2__nnUNetResEncUNetLPlans__3d_fullres/fold_3/checkpoint_every20_best_balacc.pth at epoch 59 with val_balanced_accuracy=0.6875
2026-01-03 17:00:32.103040: Saved periodic checkpoint /hpf/projects/jquon/sumin/nnUNet_data/nnUNet_results/Dataset033_AVM_T1+C/SEResNetTrainer_ep300_NoMirroring_x2__nnUNetResEncUNetLPlans__3d_fullres/fold_3/checkpoint_every20_best_auroc.pth at epoch 59 with val_auc=0.7517
2026-01-03 17:00:32.883448: 
2026-01-03 17:00:32.886606: Epoch 60
2026-01-03 17:00:32.889030: Current learning rate: 0.00818
2026-01-03 17:01:31.968043: train_loss 0.6394
2026-01-03 17:01:31.973351: val_loss 0.6195
2026-01-03 17:01:31.976834: val classification accuracy 0.6042
2026-01-03 17:01:31.981858: val auc 0.7292
2026-01-03 17:01:31.985009: Epoch time: 59.09 s
2026-01-03 17:01:32.984000: 
2026-01-03 17:01:32.987839: Epoch 61
2026-01-03 17:01:32.990677: Current learning rate: 0.00815
2026-01-03 17:02:28.209220: train_loss 0.6431
2026-01-03 17:02:28.217470: val_loss 1.1737
2026-01-03 17:02:28.220707: val classification accuracy 0.6042
2026-01-03 17:02:28.224765: val auc 0.6363
2026-01-03 17:02:28.228097: Epoch time: 55.23 s
2026-01-03 17:02:29.917887: 
2026-01-03 17:02:29.921781: Epoch 62
2026-01-03 17:02:29.924742: Current learning rate: 0.00812
2026-01-03 17:03:24.560544: train_loss 0.6355
2026-01-03 17:03:24.566244: val_loss 0.8789
2026-01-03 17:03:24.569266: val classification accuracy 0.5417
2026-01-03 17:03:24.571881: val auc 0.5399
2026-01-03 17:03:24.574510: Epoch time: 54.64 s
2026-01-03 17:03:25.482379: 
2026-01-03 17:03:25.485809: Epoch 63
2026-01-03 17:03:25.488645: Current learning rate: 0.00809
2026-01-03 17:04:19.058953: train_loss 0.6404
2026-01-03 17:04:19.071241: val_loss 0.7531
2026-01-03 17:04:19.074225: val classification accuracy 0.5625
2026-01-03 17:04:19.076766: val auc 0.6302
2026-01-03 17:04:19.079369: Epoch time: 53.58 s
2026-01-03 17:04:19.958750: 
2026-01-03 17:04:19.965524: Epoch 64
2026-01-03 17:04:19.970095: Current learning rate: 0.00806
2026-01-03 17:05:19.331154: train_loss 0.6269
2026-01-03 17:05:19.354024: val_loss 0.8478
2026-01-03 17:05:19.357939: val classification accuracy 0.5
2026-01-03 17:05:19.361176: val auc 0.5677
2026-01-03 17:05:19.364305: Epoch time: 59.37 s
2026-01-03 17:05:20.246016: 
2026-01-03 17:05:20.249437: Epoch 65
2026-01-03 17:05:20.251997: Current learning rate: 0.00803
2026-01-03 17:06:13.198424: train_loss 0.6251
2026-01-03 17:06:13.211145: val_loss 0.6742
2026-01-03 17:06:13.234650: val classification accuracy 0.5833
2026-01-03 17:06:13.256158: val auc 0.6753
2026-01-03 17:06:13.259331: Epoch time: 52.95 s
2026-01-03 17:06:14.126408: 
2026-01-03 17:06:14.130746: Epoch 66
2026-01-03 17:06:14.133578: Current learning rate: 0.008
2026-01-03 17:07:09.729808: train_loss 0.6194
2026-01-03 17:07:09.745898: val_loss 0.8199
2026-01-03 17:07:09.749932: val classification accuracy 0.5625
2026-01-03 17:07:09.756068: val auc 0.6806
2026-01-03 17:07:09.763728: Epoch time: 55.6 s
2026-01-03 17:07:10.694474: 
2026-01-03 17:07:10.698156: Epoch 67
2026-01-03 17:07:10.700970: Current learning rate: 0.00797
2026-01-03 17:08:07.132715: train_loss 0.6014
2026-01-03 17:08:07.137223: val_loss 0.6869
2026-01-03 17:08:07.158474: val classification accuracy 0.6042
2026-01-03 17:08:07.162127: val auc 0.684
2026-01-03 17:08:07.164934: Epoch time: 56.44 s
2026-01-03 17:08:08.085702: 
2026-01-03 17:08:08.089204: Epoch 68
2026-01-03 17:08:08.091775: Current learning rate: 0.00793
2026-01-03 17:09:00.635240: train_loss 0.6143
2026-01-03 17:09:00.661826: val_loss 0.9052
2026-01-03 17:09:00.666053: val classification accuracy 0.4792
2026-01-03 17:09:00.669662: val auc 0.5087
2026-01-03 17:09:00.673123: Epoch time: 52.55 s
2026-01-03 17:09:01.515106: 
2026-01-03 17:09:01.518705: Epoch 69
2026-01-03 17:09:01.521247: Current learning rate: 0.0079
2026-01-03 17:09:57.289245: train_loss 0.6292
2026-01-03 17:09:57.306294: val_loss 0.9433
2026-01-03 17:09:57.311632: val classification accuracy 0.5417
2026-01-03 17:09:57.322807: val auc 0.592
2026-01-03 17:09:57.326494: Epoch time: 55.78 s
2026-01-03 17:09:58.133375: 
2026-01-03 17:09:58.137158: Epoch 70
2026-01-03 17:09:58.140007: Current learning rate: 0.00787
2026-01-03 17:10:52.320800: train_loss 0.6078
2026-01-03 17:10:52.328396: val_loss 0.6479
2026-01-03 17:10:52.332284: val classification accuracy 0.5417
2026-01-03 17:10:52.335588: val auc 0.625
2026-01-03 17:10:52.338722: Epoch time: 54.19 s
2026-01-03 17:10:53.217599: 
2026-01-03 17:10:53.230988: Epoch 71
2026-01-03 17:10:53.240558: Current learning rate: 0.00784
2026-01-03 17:11:48.741604: train_loss 0.6544
2026-01-03 17:11:48.750451: val_loss 0.8792
2026-01-03 17:11:48.753769: val classification accuracy 0.4792
2026-01-03 17:11:48.756674: val auc 0.5243
2026-01-03 17:11:48.759692: Epoch time: 55.53 s
2026-01-03 17:11:49.663542: 
2026-01-03 17:11:49.667206: Epoch 72
2026-01-03 17:11:49.669738: Current learning rate: 0.00781
2026-01-03 17:12:43.780188: train_loss 0.6483
2026-01-03 17:12:43.787060: val_loss 0.8192
2026-01-03 17:12:43.793603: val classification accuracy 0.6458
2026-01-03 17:12:43.797355: val auc 0.6476
2026-01-03 17:12:43.800463: Epoch time: 54.12 s
2026-01-03 17:12:44.618734: 
2026-01-03 17:12:44.622127: Epoch 73
2026-01-03 17:12:44.624720: Current learning rate: 0.00778
2026-01-03 17:13:37.801597: train_loss 0.5828
2026-01-03 17:13:37.850266: val_loss 0.7779
2026-01-03 17:13:37.854506: val classification accuracy 0.6042
2026-01-03 17:13:37.858138: val auc 0.6458
2026-01-03 17:13:37.861059: Epoch time: 53.18 s
2026-01-03 17:13:38.674833: 
2026-01-03 17:13:38.679428: Epoch 74
2026-01-03 17:13:38.684039: Current learning rate: 0.00775
2026-01-03 17:14:35.607007: train_loss 0.5965
2026-01-03 17:14:35.613051: val_loss 0.6324
2026-01-03 17:14:35.616635: val classification accuracy 0.7083
2026-01-03 17:14:35.619951: val auc 0.7326
2026-01-03 17:14:35.624262: Epoch time: 56.93 s
2026-01-03 17:14:36.500313: 
2026-01-03 17:14:36.504118: Epoch 75
2026-01-03 17:14:36.506720: Current learning rate: 0.00772
2026-01-03 17:15:31.669931: train_loss 0.6122
2026-01-03 17:15:31.678369: val_loss 0.5861
2026-01-03 17:15:31.681780: val classification accuracy 0.6875
2026-01-03 17:15:31.685123: val auc 0.7569
2026-01-03 17:15:31.688947: Epoch time: 55.17 s
2026-01-03 17:15:32.529412: 
2026-01-03 17:15:32.532838: Epoch 76
2026-01-03 17:15:32.535454: Current learning rate: 0.00769
2026-01-03 17:16:24.223408: train_loss 0.6516
2026-01-03 17:16:24.228086: val_loss 0.7023
2026-01-03 17:16:24.230868: val classification accuracy 0.5625
2026-01-03 17:16:24.233565: val auc 0.6059
2026-01-03 17:16:24.240216: Epoch time: 51.7 s
2026-01-03 17:16:25.107220: 
2026-01-03 17:16:25.111296: Epoch 77
2026-01-03 17:16:25.113830: Current learning rate: 0.00766
2026-01-03 17:17:24.417073: train_loss 0.5783
2026-01-03 17:17:24.430311: val_loss 0.9338
2026-01-03 17:17:24.434086: val classification accuracy 0.5
2026-01-03 17:17:24.439893: val auc 0.6111
2026-01-03 17:17:24.443405: Epoch time: 59.31 s
2026-01-03 17:17:25.330943: 
2026-01-03 17:17:25.346883: Epoch 78
2026-01-03 17:17:25.350093: Current learning rate: 0.00763
2026-01-03 17:18:18.535322: train_loss 0.6404
2026-01-03 17:18:18.553782: val_loss 0.5668
2026-01-03 17:18:18.557428: val classification accuracy 0.6458
2026-01-03 17:18:18.564244: val auc 0.7804
2026-01-03 17:18:18.568245: Epoch time: 53.21 s
2026-01-03 17:18:19.385934: 
2026-01-03 17:18:19.389426: Epoch 79
2026-01-03 17:18:19.392220: Current learning rate: 0.0076
2026-01-03 17:19:09.258581: train_loss 0.6492
2026-01-03 17:19:09.265742: val_loss 0.6408
2026-01-03 17:19:09.269441: val classification accuracy 0.625
2026-01-03 17:19:09.272768: val auc 0.7196
2026-01-03 17:19:09.275903: Epoch time: 49.87 s
2026-01-03 17:19:10.122991: 
2026-01-03 17:19:10.126578: Epoch 80
2026-01-03 17:19:10.129424: Current learning rate: 0.00756
2026-01-03 17:20:05.635756: train_loss 0.6128
2026-01-03 17:20:05.683758: val_loss 0.8708
2026-01-03 17:20:05.698124: val classification accuracy 0.6458
2026-01-03 17:20:05.701967: val auc 0.7465
2026-01-03 17:20:05.704752: Epoch time: 55.51 s
2026-01-03 17:20:06.580294: 
2026-01-03 17:20:06.583853: Epoch 81
2026-01-03 17:20:06.586235: Current learning rate: 0.00753
2026-01-03 17:20:59.545164: train_loss 0.666
2026-01-03 17:20:59.552151: val_loss 0.7142
2026-01-03 17:20:59.555590: val classification accuracy 0.5625
2026-01-03 17:20:59.558544: val auc 0.6042
2026-01-03 17:20:59.570548: Epoch time: 52.97 s
2026-01-03 17:21:00.501684: 
2026-01-03 17:21:00.505523: Epoch 82
2026-01-03 17:21:00.508703: Current learning rate: 0.0075
2026-01-03 17:21:58.047067: train_loss 0.6019
2026-01-03 17:21:58.067951: val_loss 0.913
2026-01-03 17:21:58.075781: val classification accuracy 0.6042
2026-01-03 17:21:58.085004: val auc 0.6519
2026-01-03 17:21:58.088274: Epoch time: 57.55 s
2026-01-03 17:21:58.913142: 
2026-01-03 17:21:58.919452: Epoch 83
2026-01-03 17:21:58.924330: Current learning rate: 0.00747
2026-01-03 17:22:51.894472: train_loss 0.6053
2026-01-03 17:22:51.922050: val_loss 0.7164
2026-01-03 17:22:51.925553: val classification accuracy 0.6667
2026-01-03 17:22:51.969203: val auc 0.6884
2026-01-03 17:22:51.972928: Epoch time: 52.99 s
2026-01-03 17:22:52.883004: 
2026-01-03 17:22:52.886554: Epoch 84
2026-01-03 17:22:52.889197: Current learning rate: 0.00744
2026-01-03 17:23:45.757573: train_loss 0.6279
2026-01-03 17:23:45.763606: val_loss 0.6553
2026-01-03 17:23:45.767114: val classification accuracy 0.6042
2026-01-03 17:23:45.778264: val auc 0.6944
2026-01-03 17:23:45.781019: Epoch time: 52.88 s
2026-01-03 17:23:46.621165: 
2026-01-03 17:23:46.626509: Epoch 85
2026-01-03 17:23:46.633244: Current learning rate: 0.00741
2026-01-03 17:24:41.452182: train_loss 0.5873
2026-01-03 17:24:41.458191: val_loss 0.8158
2026-01-03 17:24:41.461377: val classification accuracy 0.5833
2026-01-03 17:24:41.464087: val auc 0.6024
2026-01-03 17:24:41.466995: Epoch time: 54.83 s
2026-01-03 17:24:42.318890: 
2026-01-03 17:24:42.322569: Epoch 86
2026-01-03 17:24:42.325164: Current learning rate: 0.00738
2026-01-03 17:25:37.569529: train_loss 0.6559
2026-01-03 17:25:37.574081: val_loss 0.6444
2026-01-03 17:25:37.576986: val classification accuracy 0.5208
2026-01-03 17:25:37.579804: val auc 0.6545
2026-01-03 17:25:37.582638: Epoch time: 55.25 s
2026-01-03 17:25:38.501766: 
2026-01-03 17:25:38.505300: Epoch 87
2026-01-03 17:25:38.507962: Current learning rate: 0.00735
2026-01-03 17:26:30.726343: train_loss 0.6225
2026-01-03 17:26:30.746610: val_loss 0.649
2026-01-03 17:26:30.761117: val classification accuracy 0.625
2026-01-03 17:26:30.809611: val auc 0.724
2026-01-03 17:26:30.832354: Epoch time: 52.23 s
2026-01-03 17:26:31.695339: 
2026-01-03 17:26:31.699346: Epoch 88
2026-01-03 17:26:31.702069: Current learning rate: 0.00732
2026-01-03 17:27:26.297654: train_loss 0.6478
2026-01-03 17:27:26.306427: val_loss 0.8189
2026-01-03 17:27:26.310324: val classification accuracy 0.5208
2026-01-03 17:27:26.314027: val auc 0.467
2026-01-03 17:27:26.317865: Epoch time: 54.6 s
2026-01-03 17:27:27.976871: 
2026-01-03 17:27:27.980520: Epoch 89
2026-01-03 17:27:27.983083: Current learning rate: 0.00729
2026-01-03 17:28:23.886932: train_loss 0.6173
2026-01-03 17:28:23.958260: val_loss 0.593
2026-01-03 17:28:24.044223: val classification accuracy 0.6875
2026-01-03 17:28:24.055794: val auc 0.7483
2026-01-03 17:28:24.076251: Epoch time: 55.91 s
2026-01-03 17:28:24.873491: 
2026-01-03 17:28:24.876993: Epoch 90
2026-01-03 17:28:24.879633: Current learning rate: 0.00725
2026-01-03 17:29:20.980187: train_loss 0.6253
2026-01-03 17:29:20.991869: val_loss 0.6932
2026-01-03 17:29:20.995122: val classification accuracy 0.5833
2026-01-03 17:29:20.998102: val auc 0.6597
2026-01-03 17:29:21.001158: Epoch time: 56.11 s
2026-01-03 17:29:21.820044: 
2026-01-03 17:29:21.824557: Epoch 91
2026-01-03 17:29:21.827909: Current learning rate: 0.00722
2026-01-03 17:30:15.951344: train_loss 0.6126
2026-01-03 17:30:15.973048: val_loss 0.6518
2026-01-03 17:30:15.976420: val classification accuracy 0.625
2026-01-03 17:30:15.979507: val auc 0.6806
2026-01-03 17:30:15.982846: Epoch time: 54.13 s
2026-01-03 17:30:16.741718: 
2026-01-03 17:30:16.745148: Epoch 92
2026-01-03 17:30:16.747776: Current learning rate: 0.00719
2026-01-03 17:31:10.890411: train_loss 0.6272
2026-01-03 17:31:10.894573: val_loss 0.5381
2026-01-03 17:31:10.897344: val classification accuracy 0.75
2026-01-03 17:31:10.911494: val auc 0.8047
2026-01-03 17:31:10.917162: Epoch time: 54.15 s
2026-01-03 17:31:10.924009: Yayy! New best classification accuracy: 0.75
2026-01-03 17:31:14.621868: 
2026-01-03 17:31:14.625567: Epoch 93
2026-01-03 17:31:14.628145: Current learning rate: 0.00716
2026-01-03 17:32:08.183683: train_loss 0.5932
2026-01-03 17:32:08.189177: val_loss 0.6595
2026-01-03 17:32:08.192491: val classification accuracy 0.6458
2026-01-03 17:32:08.195553: val auc 0.684
2026-01-03 17:32:08.199191: Epoch time: 53.56 s
2026-01-03 17:32:09.030261: 
2026-01-03 17:32:09.034645: Epoch 94
2026-01-03 17:32:09.037768: Current learning rate: 0.00713
2026-01-03 17:33:06.912394: train_loss 0.6006
2026-01-03 17:33:06.916743: val_loss 0.7383
2026-01-03 17:33:06.919766: val classification accuracy 0.6042
2026-01-03 17:33:06.937929: val auc 0.6944
2026-01-03 17:33:06.941070: Epoch time: 57.88 s
2026-01-03 17:33:07.802433: 
2026-01-03 17:33:07.806580: Epoch 95
2026-01-03 17:33:07.809987: Current learning rate: 0.0071
2026-01-03 17:34:06.233995: train_loss 0.623
2026-01-03 17:34:06.282776: val_loss 0.6948
2026-01-03 17:34:06.286490: val classification accuracy 0.5417
2026-01-03 17:34:06.289500: val auc 0.6198
2026-01-03 17:34:06.313819: Epoch time: 58.43 s
2026-01-03 17:34:07.119460: 
2026-01-03 17:34:07.123799: Epoch 96
2026-01-03 17:34:07.127169: Current learning rate: 0.00707
2026-01-03 17:35:04.065449: train_loss 0.5739
2026-01-03 17:35:04.114364: val_loss 0.8725
2026-01-03 17:35:04.122949: val classification accuracy 0.5208
2026-01-03 17:35:04.126940: val auc 0.5599
2026-01-03 17:35:04.130831: Epoch time: 56.95 s
2026-01-03 17:35:05.025939: 
2026-01-03 17:35:05.029849: Epoch 97
2026-01-03 17:35:05.032790: Current learning rate: 0.00704
2026-01-03 17:36:00.161866: train_loss 0.606
2026-01-03 17:36:00.183715: val_loss 0.6304
2026-01-03 17:36:00.187275: val classification accuracy 0.6042
2026-01-03 17:36:00.204777: val auc 0.6866
2026-01-03 17:36:00.209179: Epoch time: 55.14 s
2026-01-03 17:36:01.063947: 
2026-01-03 17:36:01.067811: Epoch 98
2026-01-03 17:36:01.070708: Current learning rate: 0.007
2026-01-03 17:36:56.304865: train_loss 0.623
2026-01-03 17:36:56.325592: val_loss 0.6828
2026-01-03 17:36:56.408108: val classification accuracy 0.6667
2026-01-03 17:36:56.423037: val auc 0.6892
2026-01-03 17:36:56.427191: Epoch time: 55.24 s
2026-01-03 17:36:57.383779: 
2026-01-03 17:36:57.387459: Epoch 99
2026-01-03 17:36:57.390124: Current learning rate: 0.00697
2026-01-03 17:37:50.033115: train_loss 0.5952
2026-01-03 17:37:50.038591: val_loss 0.7897
2026-01-03 17:37:50.041935: val classification accuracy 0.5625
2026-01-03 17:37:50.044807: val auc 0.6128
2026-01-03 17:37:50.048080: Epoch time: 52.65 s
2026-01-03 17:37:51.013883: 
2026-01-03 17:37:51.017668: Epoch 100
2026-01-03 17:37:51.020398: Current learning rate: 0.00694
2026-01-03 17:38:43.958832: train_loss 0.5836
2026-01-03 17:38:43.993437: val_loss 0.6817
2026-01-03 17:38:43.998050: val classification accuracy 0.6042
2026-01-03 17:38:44.031234: val auc 0.6441
2026-01-03 17:38:44.037194: Epoch time: 52.95 s
2026-01-03 17:38:44.862426: 
2026-01-03 17:38:44.866384: Epoch 101
2026-01-03 17:38:44.869372: Current learning rate: 0.00691
2026-01-03 17:39:35.340193: train_loss 0.5424
2026-01-03 17:39:35.355421: val_loss 0.8098
2026-01-03 17:39:35.383573: val classification accuracy 0.5417
2026-01-03 17:39:35.387097: val auc 0.651
2026-01-03 17:39:35.390633: Epoch time: 50.48 s
2026-01-03 17:39:37.038993: 
2026-01-03 17:39:37.043085: Epoch 102
2026-01-03 17:39:37.046316: Current learning rate: 0.00688
2026-01-03 17:40:30.047648: train_loss 0.6133
2026-01-03 17:40:30.052161: val_loss 0.6235
2026-01-03 17:40:30.072923: val classification accuracy 0.7083
2026-01-03 17:40:30.077322: val auc 0.7413
2026-01-03 17:40:30.083166: Epoch time: 53.01 s
2026-01-03 17:40:30.952010: 
2026-01-03 17:40:30.956033: Epoch 103
2026-01-03 17:40:30.959502: Current learning rate: 0.00685
2026-01-03 17:41:27.090125: train_loss 0.5862
2026-01-03 17:41:27.120659: val_loss 0.6679
2026-01-03 17:41:27.125247: val classification accuracy 0.6458
2026-01-03 17:41:27.128123: val auc 0.6597
2026-01-03 17:41:27.131002: Epoch time: 56.14 s
2026-01-03 17:41:28.123600: 
2026-01-03 17:41:28.127852: Epoch 104
2026-01-03 17:41:28.131523: Current learning rate: 0.00682
2026-01-03 17:42:23.821043: train_loss 0.6079
2026-01-03 17:42:23.826376: val_loss 0.844
2026-01-03 17:42:23.829718: val classification accuracy 0.5
2026-01-03 17:42:23.833039: val auc 0.5009
2026-01-03 17:42:23.836146: Epoch time: 55.7 s
2026-01-03 17:42:24.685539: 
2026-01-03 17:42:24.693541: Epoch 105
2026-01-03 17:42:24.696187: Current learning rate: 0.00679
2026-01-03 17:43:16.784256: train_loss 0.5924
2026-01-03 17:43:16.791071: val_loss 0.7004
2026-01-03 17:43:16.797292: val classification accuracy 0.6667
2026-01-03 17:43:16.800815: val auc 0.6458
2026-01-03 17:43:16.804371: Epoch time: 52.1 s
2026-01-03 17:43:17.649867: 
2026-01-03 17:43:17.654372: Epoch 106
2026-01-03 17:43:17.658043: Current learning rate: 0.00675
2026-01-03 17:44:12.916166: train_loss 0.6182
2026-01-03 17:44:12.949603: val_loss 0.8626
2026-01-03 17:44:12.953424: val classification accuracy 0.3542
2026-01-03 17:44:12.956571: val auc 0.4444
2026-01-03 17:44:12.959423: Epoch time: 55.27 s
2026-01-03 17:44:13.835903: 
2026-01-03 17:44:13.839538: Epoch 107
2026-01-03 17:44:13.842182: Current learning rate: 0.00672
2026-01-03 17:45:07.811026: train_loss 0.6121
2026-01-03 17:45:07.819324: val_loss 0.6208
2026-01-03 17:45:07.828109: val classification accuracy 0.6875
2026-01-03 17:45:07.831836: val auc 0.7361
2026-01-03 17:45:07.835129: Epoch time: 53.98 s
2026-01-03 17:45:08.695190: 
2026-01-03 17:45:08.699318: Epoch 108
2026-01-03 17:45:08.702283: Current learning rate: 0.00669
2026-01-03 17:45:59.070451: train_loss 0.6151
2026-01-03 17:45:59.078031: val_loss 0.7359
2026-01-03 17:45:59.081340: val classification accuracy 0.6667
2026-01-03 17:45:59.085447: val auc 0.6042
2026-01-03 17:45:59.120347: Epoch time: 50.38 s
2026-01-03 17:45:59.929698: 
2026-01-03 17:45:59.933277: Epoch 109
2026-01-03 17:45:59.935833: Current learning rate: 0.00666
2026-01-03 17:46:57.107857: train_loss 0.5245
2026-01-03 17:46:57.120680: val_loss 0.6625
2026-01-03 17:46:57.124124: val classification accuracy 0.7083
2026-01-03 17:46:57.133114: val auc 0.7708
2026-01-03 17:46:57.136890: Epoch time: 57.18 s
2026-01-03 17:46:58.027047: 
2026-01-03 17:46:58.031176: Epoch 110
2026-01-03 17:46:58.035065: Current learning rate: 0.00663
2026-01-03 17:47:49.930013: train_loss 0.5921
2026-01-03 17:47:49.941738: val_loss 0.7751
2026-01-03 17:47:49.944726: val classification accuracy 0.6458
2026-01-03 17:47:49.990098: val auc 0.6753
2026-01-03 17:47:49.997449: Epoch time: 51.9 s
2026-01-03 17:47:50.812867: 
2026-01-03 17:47:50.816530: Epoch 111
2026-01-03 17:47:50.819274: Current learning rate: 0.0066
2026-01-03 17:48:47.513063: train_loss 0.6063
2026-01-03 17:48:47.518886: val_loss 0.8813
2026-01-03 17:48:47.522289: val classification accuracy 0.5417
2026-01-03 17:48:47.525116: val auc 0.5642
2026-01-03 17:48:47.527920: Epoch time: 56.7 s
2026-01-03 17:48:48.405975: 
2026-01-03 17:48:48.410165: Epoch 112
2026-01-03 17:48:48.413047: Current learning rate: 0.00657
2026-01-03 17:49:42.187900: train_loss 0.5419
2026-01-03 17:49:42.192602: val_loss 0.6678
2026-01-03 17:49:42.196112: val classification accuracy 0.7083
2026-01-03 17:49:42.199759: val auc 0.7075
2026-01-03 17:49:42.203051: Epoch time: 53.78 s
2026-01-03 17:49:43.021105: 
2026-01-03 17:49:43.025092: Epoch 113
2026-01-03 17:49:43.028607: Current learning rate: 0.00654
2026-01-03 17:50:38.035232: train_loss 0.519
2026-01-03 17:50:38.039793: val_loss 0.6351
2026-01-03 17:50:38.042782: val classification accuracy 0.7292
2026-01-03 17:50:38.061267: val auc 0.7639
2026-01-03 17:50:38.102045: Epoch time: 55.02 s
2026-01-03 17:50:38.942184: 
2026-01-03 17:50:38.945706: Epoch 114
2026-01-03 17:50:38.948415: Current learning rate: 0.0065
2026-01-03 17:51:32.540220: train_loss 0.612
2026-01-03 17:51:32.550087: val_loss 0.6555
2026-01-03 17:51:32.553704: val classification accuracy 0.6667
2026-01-03 17:51:32.557157: val auc 0.7066
2026-01-03 17:51:32.560771: Epoch time: 53.6 s
2026-01-03 17:51:33.428998: 
2026-01-03 17:51:33.433283: Epoch 115
2026-01-03 17:51:33.435985: Current learning rate: 0.00647
2026-01-03 17:52:25.923915: train_loss 0.5585
2026-01-03 17:52:25.929964: val_loss 0.6799
2026-01-03 17:52:25.933602: val classification accuracy 0.6458
2026-01-03 17:52:25.943029: val auc 0.7257
2026-01-03 17:52:25.949953: Epoch time: 52.5 s
2026-01-03 17:52:27.571565: 
2026-01-03 17:52:27.575568: Epoch 116
2026-01-03 17:52:27.578567: Current learning rate: 0.00644
2026-01-03 17:53:19.310670: train_loss 0.6011
2026-01-03 17:53:19.330712: val_loss 0.7111
2026-01-03 17:53:19.334456: val classification accuracy 0.5833
2026-01-03 17:53:19.360260: val auc 0.6207
2026-01-03 17:53:19.394594: Epoch time: 51.74 s
2026-01-03 17:53:20.286977: 
2026-01-03 17:53:20.296487: Epoch 117
2026-01-03 17:53:20.309702: Current learning rate: 0.00641
2026-01-03 17:54:14.912503: train_loss 0.5934
2026-01-03 17:54:14.916818: val_loss 0.6147
2026-01-03 17:54:14.919622: val classification accuracy 0.5833
2026-01-03 17:54:14.922383: val auc 0.6997
2026-01-03 17:54:14.925250: Epoch time: 54.63 s
2026-01-03 17:54:15.803819: 
2026-01-03 17:54:15.808341: Epoch 118
2026-01-03 17:54:15.811916: Current learning rate: 0.00638
2026-01-03 17:55:10.808975: train_loss 0.6358
2026-01-03 17:55:10.817811: val_loss 0.7141
2026-01-03 17:55:10.821522: val classification accuracy 0.6042
2026-01-03 17:55:10.825244: val auc 0.6042
2026-01-03 17:55:10.828512: Epoch time: 55.01 s
2026-01-03 17:55:11.752110: 
2026-01-03 17:55:11.756225: Epoch 119
2026-01-03 17:55:11.759299: Current learning rate: 0.00635
2026-01-03 17:56:09.578148: train_loss 0.5716
2026-01-03 17:56:09.592288: val_loss 0.8004
2026-01-03 17:56:09.595557: val classification accuracy 0.4792
2026-01-03 17:56:09.598597: val auc 0.5434
2026-01-03 17:56:09.601577: Epoch time: 57.83 s
2026-01-03 17:56:10.428225: 
2026-01-03 17:56:10.432475: Epoch 120
2026-01-03 17:56:10.436022: Current learning rate: 0.00631
2026-01-03 17:57:06.275658: train_loss 0.5598
2026-01-03 17:57:06.293010: val_loss 0.8514
2026-01-03 17:57:06.304578: val classification accuracy 0.6042
2026-01-03 17:57:06.311801: val auc 0.6111
2026-01-03 17:57:06.315114: Epoch time: 55.85 s
2026-01-03 17:57:07.212955: 
2026-01-03 17:57:07.216884: Epoch 121
2026-01-03 17:57:07.219698: Current learning rate: 0.00628
2026-01-03 17:58:00.592101: train_loss 0.531
2026-01-03 17:58:00.598049: val_loss 0.8888
2026-01-03 17:58:00.600840: val classification accuracy 0.5417
2026-01-03 17:58:00.603783: val auc 0.5608
2026-01-03 17:58:00.606719: Epoch time: 53.38 s
2026-01-03 17:58:01.477339: 
2026-01-03 17:58:01.481332: Epoch 122
2026-01-03 17:58:01.484537: Current learning rate: 0.00625
2026-01-03 17:58:54.834938: train_loss 0.5469
2026-01-03 17:58:54.876545: val_loss 0.7684
2026-01-03 17:58:54.879745: val classification accuracy 0.625
2026-01-03 17:58:54.882642: val auc 0.6024
2026-01-03 17:58:54.885430: Epoch time: 53.36 s
2026-01-03 17:58:55.777669: 
2026-01-03 17:58:55.782045: Epoch 123
2026-01-03 17:58:55.785631: Current learning rate: 0.00622
2026-01-03 17:59:48.993908: train_loss 0.5398
2026-01-03 17:59:49.030271: val_loss 0.699
2026-01-03 17:59:49.034663: val classification accuracy 0.5625
2026-01-03 17:59:49.039145: val auc 0.6146
2026-01-03 17:59:49.042641: Epoch time: 53.22 s
2026-01-03 17:59:49.931776: 
2026-01-03 17:59:49.936016: Epoch 124
2026-01-03 17:59:49.938865: Current learning rate: 0.00619
2026-01-03 18:00:46.843199: train_loss 0.6109
2026-01-03 18:00:46.848374: val_loss 0.7268
2026-01-03 18:00:46.851621: val classification accuracy 0.5417
2026-01-03 18:00:46.854385: val auc 0.5686
2026-01-03 18:00:46.857069: Epoch time: 56.91 s
2026-01-03 18:00:47.781806: 
2026-01-03 18:00:47.786015: Epoch 125
2026-01-03 18:00:47.789108: Current learning rate: 0.00616
2026-01-03 18:01:42.174250: train_loss 0.5561
2026-01-03 18:01:42.190277: val_loss 0.7144
2026-01-03 18:01:42.193551: val classification accuracy 0.625
2026-01-03 18:01:42.197099: val auc 0.6155
2026-01-03 18:01:42.200093: Epoch time: 54.39 s
2026-01-03 18:01:43.096497: 
2026-01-03 18:01:43.100133: Epoch 126
2026-01-03 18:01:43.103163: Current learning rate: 0.00612
2026-01-03 18:02:36.500306: train_loss 0.5977
2026-01-03 18:02:36.505440: val_loss 0.7138
2026-01-03 18:02:36.513911: val classification accuracy 0.6042
2026-01-03 18:02:36.517559: val auc 0.5799
2026-01-03 18:02:36.525124: Epoch time: 53.41 s
2026-01-03 18:02:37.456002: 
2026-01-03 18:02:37.460988: Epoch 127
2026-01-03 18:02:37.464242: Current learning rate: 0.00609
2026-01-03 18:03:32.716490: train_loss 0.5821
2026-01-03 18:03:32.741236: val_loss 0.7524
2026-01-03 18:03:32.745068: val classification accuracy 0.5208
2026-01-03 18:03:32.748622: val auc 0.5729
2026-01-03 18:03:32.753473: Epoch time: 55.26 s
2026-01-03 18:03:33.614642: 
2026-01-03 18:03:33.618432: Epoch 128
2026-01-03 18:03:33.621507: Current learning rate: 0.00606
2026-01-03 18:04:29.376501: train_loss 0.5595
2026-01-03 18:04:29.388136: val_loss 0.8028
2026-01-03 18:04:29.391846: val classification accuracy 0.5417
2026-01-03 18:04:29.395444: val auc 0.6128
2026-01-03 18:04:29.399232: Epoch time: 55.76 s
2026-01-03 18:04:30.308983: 
2026-01-03 18:04:30.313281: Epoch 129
2026-01-03 18:04:30.316246: Current learning rate: 0.00603
2026-01-03 18:05:26.150643: train_loss 0.5293
2026-01-03 18:05:26.157779: val_loss 1.0637
2026-01-03 18:05:26.162181: val classification accuracy 0.5417
2026-01-03 18:05:26.180211: val auc 0.5009
2026-01-03 18:05:26.185718: Epoch time: 55.84 s
2026-01-03 18:05:27.903967: 
2026-01-03 18:05:27.908747: Epoch 130
2026-01-03 18:05:27.912099: Current learning rate: 0.006
2026-01-03 18:06:20.747069: train_loss 0.5715
2026-01-03 18:06:20.753223: val_loss 0.9091
2026-01-03 18:06:20.757063: val classification accuracy 0.5417
2026-01-03 18:06:20.760688: val auc 0.5365
2026-01-03 18:06:20.770465: Epoch time: 52.84 s
2026-01-03 18:06:21.697683: 
2026-01-03 18:06:21.701102: Epoch 131
2026-01-03 18:06:21.703748: Current learning rate: 0.00597
2026-01-03 18:07:15.217178: train_loss 0.581
2026-01-03 18:07:15.276949: val_loss 1.0366
2026-01-03 18:07:15.288492: val classification accuracy 0.4167
2026-01-03 18:07:15.292340: val auc 0.5156
2026-01-03 18:07:15.296111: Epoch time: 53.52 s
2026-01-03 18:07:16.125647: 
2026-01-03 18:07:16.129517: Epoch 132
2026-01-03 18:07:16.132558: Current learning rate: 0.00593
2026-01-03 18:08:13.246897: train_loss 0.5321
2026-01-03 18:08:13.323427: val_loss 0.8157
2026-01-03 18:08:13.363782: val classification accuracy 0.6042
2026-01-03 18:08:13.394901: val auc 0.6545
2026-01-03 18:08:13.422566: Epoch time: 57.12 s
2026-01-03 18:08:14.369923: 
2026-01-03 18:08:14.374108: Epoch 133
2026-01-03 18:08:14.377145: Current learning rate: 0.0059
2026-01-03 18:09:10.171568: train_loss 0.5663
2026-01-03 18:09:10.185081: val_loss 0.7213
2026-01-03 18:09:10.192920: val classification accuracy 0.5417
2026-01-03 18:09:10.202157: val auc 0.6059
2026-01-03 18:09:10.233869: Epoch time: 55.8 s
2026-01-03 18:09:11.100956: 
2026-01-03 18:09:11.105003: Epoch 134
2026-01-03 18:09:11.108379: Current learning rate: 0.00587
2026-01-03 18:10:04.847431: train_loss 0.5773
2026-01-03 18:10:04.858952: val_loss 0.6007
2026-01-03 18:10:04.905169: val classification accuracy 0.6875
2026-01-03 18:10:04.908568: val auc 0.7795
2026-01-03 18:10:04.911562: Epoch time: 53.75 s
2026-01-03 18:10:05.771813: 
2026-01-03 18:10:05.775331: Epoch 135
2026-01-03 18:10:05.778284: Current learning rate: 0.00584
2026-01-03 18:11:01.368258: train_loss 0.5502
2026-01-03 18:11:01.373726: val_loss 0.853
2026-01-03 18:11:01.377090: val classification accuracy 0.4583
2026-01-03 18:11:01.380342: val auc 0.5122
2026-01-03 18:11:01.383408: Epoch time: 55.6 s
2026-01-03 18:11:02.193792: 
2026-01-03 18:11:02.197549: Epoch 136
2026-01-03 18:11:02.200835: Current learning rate: 0.00581
2026-01-03 18:11:49.288145: train_loss 0.5108
2026-01-03 18:11:49.297327: val_loss 0.953
2026-01-03 18:11:49.301998: val classification accuracy 0.5833
2026-01-03 18:11:49.306346: val auc 0.5764
2026-01-03 18:11:49.310852: Epoch time: 47.1 s
2026-01-03 18:11:50.148701: 
2026-01-03 18:11:50.152315: Epoch 137
2026-01-03 18:11:50.155000: Current learning rate: 0.00578
2026-01-03 18:12:48.357153: train_loss 0.6086
2026-01-03 18:12:48.362564: val_loss 0.694
2026-01-03 18:12:48.365759: val classification accuracy 0.6042
2026-01-03 18:12:48.369773: val auc 0.625
2026-01-03 18:12:48.405771: Epoch time: 58.21 s
2026-01-03 18:12:49.219909: 
2026-01-03 18:12:49.224579: Epoch 138
2026-01-03 18:12:49.227616: Current learning rate: 0.00574
2026-01-03 18:13:44.410250: train_loss 0.5369
2026-01-03 18:13:44.420443: val_loss 0.7888
2026-01-03 18:13:44.424477: val classification accuracy 0.625
2026-01-03 18:13:44.428950: val auc 0.6632
2026-01-03 18:13:44.432403: Epoch time: 55.19 s
2026-01-03 18:13:45.358213: 
2026-01-03 18:13:45.362078: Epoch 139
2026-01-03 18:13:45.366729: Current learning rate: 0.00571
2026-01-03 18:14:43.379370: train_loss 0.5528
2026-01-03 18:14:43.385418: val_loss 0.6729
2026-01-03 18:14:43.390054: val classification accuracy 0.6667
2026-01-03 18:14:43.398275: val auc 0.7951
2026-01-03 18:14:43.401795: Epoch time: 58.02 s
2026-01-03 18:14:46.262460: Saved periodic checkpoint /hpf/projects/jquon/sumin/nnUNet_data/nnUNet_results/Dataset033_AVM_T1+C/SEResNetTrainer_ep300_NoMirroring_x2__nnUNetResEncUNetLPlans__3d_fullres/fold_3/checkpoint_every20_best_auroc.pth at epoch 139 with val_auc=0.7951
2026-01-03 18:14:47.013045: 
2026-01-03 18:14:47.016376: Epoch 140
2026-01-03 18:14:47.019017: Current learning rate: 0.00568
2026-01-03 18:15:40.818284: train_loss 0.575
2026-01-03 18:15:40.828132: val_loss 1.2251
2026-01-03 18:15:40.832153: val classification accuracy 0.3958
2026-01-03 18:15:40.835468: val auc 0.3941
2026-01-03 18:15:40.838999: Epoch time: 53.81 s
2026-01-03 18:15:41.659568: 
2026-01-03 18:15:41.663149: Epoch 141
2026-01-03 18:15:41.665943: Current learning rate: 0.00565
2026-01-03 18:16:34.160212: train_loss 0.6073
2026-01-03 18:16:34.183166: val_loss 0.8672
2026-01-03 18:16:34.187063: val classification accuracy 0.4792
2026-01-03 18:16:34.190602: val auc 0.5451
2026-01-03 18:16:34.194651: Epoch time: 52.5 s
2026-01-03 18:16:35.108824: 
2026-01-03 18:16:35.112679: Epoch 142
2026-01-03 18:16:35.115511: Current learning rate: 0.00562
2026-01-03 18:17:27.430569: train_loss 0.5724
2026-01-03 18:17:27.455293: val_loss 0.7816
2026-01-03 18:17:27.483786: val classification accuracy 0.5625
2026-01-03 18:17:27.488774: val auc 0.5972
2026-01-03 18:17:27.494030: Epoch time: 52.32 s
2026-01-03 18:17:28.317152: 
2026-01-03 18:17:28.320601: Epoch 143
2026-01-03 18:17:28.323278: Current learning rate: 0.00558
2026-01-03 18:18:22.397508: train_loss 0.5736
2026-01-03 18:18:22.411919: val_loss 0.6697
2026-01-03 18:18:22.415447: val classification accuracy 0.6875
2026-01-03 18:18:22.418744: val auc 0.6858
2026-01-03 18:18:22.421836: Epoch time: 54.08 s
2026-01-03 18:18:24.088658: 
2026-01-03 18:18:24.092921: Epoch 144
2026-01-03 18:18:24.096233: Current learning rate: 0.00555
2026-01-03 18:19:21.258376: train_loss 0.5739
2026-01-03 18:19:21.263253: val_loss 0.6726
2026-01-03 18:19:21.267501: val classification accuracy 0.6042
2026-01-03 18:19:21.271115: val auc 0.6658
2026-01-03 18:19:21.274325: Epoch time: 57.17 s
2026-01-03 18:19:22.138418: 
2026-01-03 18:19:22.143185: Epoch 145
2026-01-03 18:19:22.146347: Current learning rate: 0.00552
2026-01-03 18:20:16.246350: train_loss 0.5847
2026-01-03 18:20:16.256545: val_loss 0.8682
2026-01-03 18:20:16.276531: val classification accuracy 0.4583
2026-01-03 18:20:16.279584: val auc 0.5026
2026-01-03 18:20:16.282421: Epoch time: 54.11 s
2026-01-03 18:20:17.115114: 
2026-01-03 18:20:17.118776: Epoch 146
2026-01-03 18:20:17.121511: Current learning rate: 0.00549
2026-01-03 18:21:13.289796: train_loss 0.5051
2026-01-03 18:21:13.295090: val_loss 0.9386
2026-01-03 18:21:13.298614: val classification accuracy 0.5417
2026-01-03 18:21:13.301870: val auc 0.5694
2026-01-03 18:21:13.317630: Epoch time: 56.18 s
2026-01-03 18:21:14.345351: 
2026-01-03 18:21:14.349514: Epoch 147
2026-01-03 18:21:14.352817: Current learning rate: 0.00546
2026-01-03 18:22:08.329449: train_loss 0.6085
2026-01-03 18:22:08.363546: val_loss 0.6136
2026-01-03 18:22:08.368274: val classification accuracy 0.5417
2026-01-03 18:22:08.397047: val auc 0.724
2026-01-03 18:22:08.402521: Epoch time: 53.99 s
2026-01-03 18:22:09.259128: 
2026-01-03 18:22:09.263090: Epoch 148
2026-01-03 18:22:09.266151: Current learning rate: 0.00542
2026-01-03 18:23:03.114284: train_loss 0.517
2026-01-03 18:23:03.118272: val_loss 0.8991
2026-01-03 18:23:03.121233: val classification accuracy 0.625
2026-01-03 18:23:03.123985: val auc 0.5885
2026-01-03 18:23:03.126720: Epoch time: 53.86 s
2026-01-03 18:23:03.950641: 
2026-01-03 18:23:03.954435: Epoch 149
2026-01-03 18:23:03.957533: Current learning rate: 0.00539
2026-01-03 18:23:56.128356: train_loss 0.5579
2026-01-03 18:23:56.132702: val_loss 0.6272
2026-01-03 18:23:56.135901: val classification accuracy 0.7292
2026-01-03 18:23:56.139528: val auc 0.7222
2026-01-03 18:23:56.142434: Epoch time: 52.18 s
2026-01-03 18:23:56.977271: 
2026-01-03 18:23:56.980995: Epoch 150
2026-01-03 18:23:56.983735: Current learning rate: 0.00536
2026-01-03 18:24:52.412914: train_loss 0.5558
2026-01-03 18:24:52.417696: val_loss 0.8126
2026-01-03 18:24:52.421872: val classification accuracy 0.5833
2026-01-03 18:24:52.428598: val auc 0.5972
2026-01-03 18:24:52.431658: Epoch time: 55.44 s
2026-01-03 18:24:53.284937: 
2026-01-03 18:24:53.288454: Epoch 151
2026-01-03 18:24:53.291147: Current learning rate: 0.00533
2026-01-03 18:25:48.169219: train_loss 0.4945
2026-01-03 18:25:48.176541: val_loss 0.879
2026-01-03 18:25:48.181277: val classification accuracy 0.5625
2026-01-03 18:25:48.185014: val auc 0.625
2026-01-03 18:25:48.188391: Epoch time: 54.89 s
2026-01-03 18:25:49.140234: 
2026-01-03 18:25:49.144341: Epoch 152
2026-01-03 18:25:49.148440: Current learning rate: 0.00529
2026-01-03 18:26:44.972105: train_loss 0.5017
2026-01-03 18:26:44.977559: val_loss 0.7404
2026-01-03 18:26:44.980529: val classification accuracy 0.5833
2026-01-03 18:26:44.983680: val auc 0.6997
2026-01-03 18:26:44.986749: Epoch time: 55.83 s
2026-01-03 18:26:45.877135: 
2026-01-03 18:26:45.880586: Epoch 153
2026-01-03 18:26:45.883185: Current learning rate: 0.00526
2026-01-03 18:27:41.783430: train_loss 0.5076
2026-01-03 18:27:41.787832: val_loss 0.5769
2026-01-03 18:27:41.790928: val classification accuracy 0.6875
2026-01-03 18:27:41.793841: val auc 0.7691
2026-01-03 18:27:41.796710: Epoch time: 55.91 s
2026-01-03 18:27:42.623968: 
2026-01-03 18:27:42.627439: Epoch 154
2026-01-03 18:27:42.629932: Current learning rate: 0.00523
2026-01-03 18:28:37.000171: train_loss 0.5691
2026-01-03 18:28:37.015123: val_loss 0.8946
2026-01-03 18:28:37.018650: val classification accuracy 0.5625
2026-01-03 18:28:37.021804: val auc 0.6406
2026-01-03 18:28:37.025151: Epoch time: 54.38 s
2026-01-03 18:28:37.885713: 
2026-01-03 18:28:37.890151: Epoch 155
2026-01-03 18:28:37.893101: Current learning rate: 0.0052
2026-01-03 18:29:31.463943: train_loss 0.5495
2026-01-03 18:29:31.471652: val_loss 0.7442
2026-01-03 18:29:31.475055: val classification accuracy 0.5208
2026-01-03 18:29:31.478324: val auc 0.6285
2026-01-03 18:29:31.481543: Epoch time: 53.58 s
2026-01-03 18:29:32.299422: 
2026-01-03 18:29:32.303737: Epoch 156
2026-01-03 18:29:32.306977: Current learning rate: 0.00517
2026-01-03 18:30:27.914728: train_loss 0.5372
2026-01-03 18:30:27.925766: val_loss 0.6152
2026-01-03 18:30:27.934276: val classification accuracy 0.625
2026-01-03 18:30:27.937584: val auc 0.7413
2026-01-03 18:30:27.940697: Epoch time: 55.62 s
2026-01-03 18:30:28.974675: 
2026-01-03 18:30:28.978862: Epoch 157
2026-01-03 18:30:28.981989: Current learning rate: 0.00513
2026-01-03 18:31:26.558573: train_loss 0.4875
2026-01-03 18:31:26.566590: val_loss 0.9693
2026-01-03 18:31:26.600091: val classification accuracy 0.5417
2026-01-03 18:31:26.604357: val auc 0.5972
2026-01-03 18:31:26.609647: Epoch time: 57.59 s
2026-01-03 18:31:28.218418: 
2026-01-03 18:31:28.223080: Epoch 158
2026-01-03 18:31:28.226149: Current learning rate: 0.0051
2026-01-03 18:32:23.444098: train_loss 0.5885
2026-01-03 18:32:23.448964: val_loss 0.9635
2026-01-03 18:32:23.452599: val classification accuracy 0.5208
2026-01-03 18:32:23.456276: val auc 0.5625
2026-01-03 18:32:23.460116: Epoch time: 55.23 s
2026-01-03 18:32:24.303251: 
2026-01-03 18:32:24.307508: Epoch 159
2026-01-03 18:32:24.310665: Current learning rate: 0.00507
2026-01-03 18:33:19.794993: train_loss 0.5614
2026-01-03 18:33:19.830632: val_loss 0.7702
2026-01-03 18:33:19.839430: val classification accuracy 0.5833
2026-01-03 18:33:19.842849: val auc 0.6979
2026-01-03 18:33:19.845834: Epoch time: 55.49 s
2026-01-03 18:33:20.651405: 
2026-01-03 18:33:20.655266: Epoch 160
2026-01-03 18:33:20.658376: Current learning rate: 0.00504
2026-01-03 18:34:17.110732: train_loss 0.5268
2026-01-03 18:34:17.116592: val_loss 0.8336
2026-01-03 18:34:17.120163: val classification accuracy 0.5417
2026-01-03 18:34:17.123424: val auc 0.5226
2026-01-03 18:34:17.126945: Epoch time: 56.46 s
2026-01-03 18:34:17.992532: 
2026-01-03 18:34:17.996409: Epoch 161
2026-01-03 18:34:17.999323: Current learning rate: 0.005
2026-01-03 18:35:13.497858: train_loss 0.5539
2026-01-03 18:35:13.505604: val_loss 0.8268
2026-01-03 18:35:13.510228: val classification accuracy 0.4375
2026-01-03 18:35:13.514059: val auc 0.5
2026-01-03 18:35:13.517538: Epoch time: 55.51 s
2026-01-03 18:35:14.518410: 
2026-01-03 18:35:14.522544: Epoch 162
2026-01-03 18:35:14.525943: Current learning rate: 0.00497
2026-01-03 18:36:08.951312: train_loss 0.5234
2026-01-03 18:36:08.967212: val_loss 0.8302
2026-01-03 18:36:09.019663: val classification accuracy 0.5417
2026-01-03 18:36:09.040547: val auc 0.5538
2026-01-03 18:36:09.044651: Epoch time: 54.43 s
2026-01-03 18:36:09.898573: 
2026-01-03 18:36:09.902845: Epoch 163
2026-01-03 18:36:09.906012: Current learning rate: 0.00494
2026-01-03 18:37:05.427262: train_loss 0.5189
2026-01-03 18:37:05.434108: val_loss 1.0504
2026-01-03 18:37:05.437630: val classification accuracy 0.5417
2026-01-03 18:37:05.441011: val auc 0.5295
2026-01-03 18:37:05.444365: Epoch time: 55.53 s
2026-01-03 18:37:06.281251: 
2026-01-03 18:37:06.285352: Epoch 164
2026-01-03 18:37:06.288456: Current learning rate: 0.00491
2026-01-03 18:37:59.072933: train_loss 0.5775
2026-01-03 18:37:59.077380: val_loss 0.8303
2026-01-03 18:37:59.080693: val classification accuracy 0.5
2026-01-03 18:37:59.083912: val auc 0.5668
2026-01-03 18:37:59.087186: Epoch time: 52.79 s
2026-01-03 18:37:59.907855: 
2026-01-03 18:37:59.912001: Epoch 165
2026-01-03 18:37:59.914927: Current learning rate: 0.00487
2026-01-03 18:38:52.548469: train_loss 0.5337
2026-01-03 18:38:52.585337: val_loss 0.756
2026-01-03 18:38:52.589132: val classification accuracy 0.5
2026-01-03 18:38:52.592644: val auc 0.6389
2026-01-03 18:38:52.595828: Epoch time: 52.64 s
2026-01-03 18:38:53.486656: 
2026-01-03 18:38:53.490241: Epoch 166
2026-01-03 18:38:53.492868: Current learning rate: 0.00484
2026-01-03 18:39:46.181775: train_loss 0.4456
2026-01-03 18:39:46.261242: val_loss 0.9126
2026-01-03 18:39:46.265322: val classification accuracy 0.6667
2026-01-03 18:39:46.268624: val auc 0.6858
2026-01-03 18:39:46.272347: Epoch time: 52.7 s
2026-01-03 18:39:47.101370: 
2026-01-03 18:39:47.105519: Epoch 167
2026-01-03 18:39:47.108551: Current learning rate: 0.00481
2026-01-03 18:40:40.875325: train_loss 0.4536
2026-01-03 18:40:40.932304: val_loss 0.8712
2026-01-03 18:40:40.936531: val classification accuracy 0.6042
2026-01-03 18:40:40.940422: val auc 0.5868
2026-01-03 18:40:40.943837: Epoch time: 53.78 s
2026-01-03 18:40:41.813163: 
2026-01-03 18:40:41.817450: Epoch 168
2026-01-03 18:40:41.820693: Current learning rate: 0.00478
2026-01-03 18:41:33.476008: train_loss 0.4795
2026-01-03 18:41:33.493850: val_loss 0.7055
2026-01-03 18:41:33.497405: val classification accuracy 0.6458
2026-01-03 18:41:33.500419: val auc 0.7031
2026-01-03 18:41:33.503332: Epoch time: 51.66 s
2026-01-03 18:41:34.415737: 
2026-01-03 18:41:34.419446: Epoch 169
2026-01-03 18:41:34.422187: Current learning rate: 0.00474
2026-01-03 18:42:31.751466: train_loss 0.5233
2026-01-03 18:42:31.758193: val_loss 0.6847
2026-01-03 18:42:31.763422: val classification accuracy 0.6458
2026-01-03 18:42:31.773516: val auc 0.7031
2026-01-03 18:42:31.776662: Epoch time: 57.34 s
2026-01-03 18:42:32.699590: 
2026-01-03 18:42:32.703267: Epoch 170
2026-01-03 18:42:32.706185: Current learning rate: 0.00471
2026-01-03 18:43:26.745047: train_loss 0.4509
2026-01-03 18:43:26.783869: val_loss 1.3034
2026-01-03 18:43:26.787575: val classification accuracy 0.625
2026-01-03 18:43:26.812438: val auc 0.5807
2026-01-03 18:43:26.816748: Epoch time: 54.05 s
2026-01-03 18:43:27.614922: 
2026-01-03 18:43:27.631521: Epoch 171
2026-01-03 18:43:27.634632: Current learning rate: 0.00468
2026-01-03 18:44:22.940555: train_loss 0.5369
2026-01-03 18:44:22.990522: val_loss 0.7902
2026-01-03 18:44:23.001352: val classification accuracy 0.6875
2026-01-03 18:44:23.005273: val auc 0.6667
2026-01-03 18:44:23.008950: Epoch time: 55.33 s
2026-01-03 18:44:24.659492: 
2026-01-03 18:44:24.663106: Epoch 172
2026-01-03 18:44:24.665773: Current learning rate: 0.00465
2026-01-03 18:45:15.863029: train_loss 0.4862
2026-01-03 18:45:15.894197: val_loss 1.048
2026-01-03 18:45:15.898703: val classification accuracy 0.5625
2026-01-03 18:45:15.902505: val auc 0.5365
2026-01-03 18:45:15.909020: Epoch time: 51.2 s
2026-01-03 18:45:15.912423: Early stopping triggered at epoch 172. Best val_losses=0.5381
2026-01-03 18:45:16.862807: Stopping training early due to early stopping criterion.
2026-01-03 18:45:19.409309: Training done.
2026-01-03 18:45:19.452987: Skipping perform_actual_validation for classification trainer (segmentation-style sliding window is not applicable).
[1;34mwandb[0m: 
[1;34mwandb[0m:  View run [33mSEResNetTrainer_ep300_NoMirroring_x2_fold3[0m at: [34m[0m
[1;34mwandb[0m: Find logs at: [1;35m../../tmp/wandb/wandb/run-20260103_160344-xbg0vxz2/logs[0m
