Using device: cuda:0

#######################################################################
Please cite the following paper when using nnU-Net:
Isensee, F., Jaeger, P. F., Kohl, S. A., Petersen, J., & Maier-Hein, K. H. (2021). nnU-Net: a self-configuring method for deep learning-based biomedical image segmentation. Nature methods, 18(2), 203-211.
#######################################################################

2026-01-03 11:33:38.658365: Using torch.compile...
2026-01-03 11:33:44.191059: do_dummy_2d_data_aug: False
2026-01-03 11:33:44.194577: Using splits from existing split file: /hpf/projects/jquon/sumin/nnUNet_data/nnUNet_preprocessed/Dataset033_AVM_T1+C/splits_final.json
2026-01-03 11:33:44.197492: The split file contains 11 splits.
2026-01-03 11:33:44.199034: Desired fold for training: 0
2026-01-03 11:33:44.200488: This split has 462 training and 50 validation cases.
using pin_memory on device 0
using pin_memory on device 0

This is the configuration used by this training:
Configuration name: 3d_fullres
 {'data_identifier': 'nnUNetPlans_3d_fullres', 'preprocessor_name': 'DefaultPreprocessor', 'batch_size': 2, 'patch_size': [160, 224, 192], 'median_image_size_in_voxels': [344.0, 448.0, 429.0], 'spacing': [0.500000923871994, 0.4910714328289032, 0.4910714328289032], 'normalization_schemes': ['ZScoreNormalization'], 'use_mask_for_norm': [False], 'resampling_fn_data': 'resample_data_or_seg_to_shape', 'resampling_fn_seg': 'resample_data_or_seg_to_shape', 'resampling_fn_data_kwargs': {'is_seg': False, 'order': 3, 'order_z': 0, 'force_separate_z': None}, 'resampling_fn_seg_kwargs': {'is_seg': True, 'order': 1, 'order_z': 0, 'force_separate_z': None}, 'resampling_fn_probabilities': 'resample_data_or_seg_to_shape', 'resampling_fn_probabilities_kwargs': {'is_seg': False, 'order': 1, 'order_z': 0, 'force_separate_z': None}, 'architecture': {'network_class_name': 'dynamic_network_architectures.architectures.unet.ResidualEncoderUNet', 'arch_kwargs': {'n_stages': 6, 'features_per_stage': [32, 64, 128, 256, 320, 320], 'conv_op': 'torch.nn.modules.conv.Conv3d', 'kernel_sizes': [[3, 3, 3], [3, 3, 3], [3, 3, 3], [3, 3, 3], [3, 3, 3], [3, 3, 3]], 'strides': [[1, 1, 1], [2, 2, 2], [2, 2, 2], [2, 2, 2], [2, 2, 2], [2, 2, 2]], 'n_blocks_per_stage': [1, 3, 4, 6, 6, 6], 'n_conv_per_stage_decoder': [1, 1, 1, 1, 1], 'conv_bias': True, 'norm_op': 'torch.nn.modules.instancenorm.InstanceNorm3d', 'norm_op_kwargs': {'eps': 1e-05, 'affine': True}, 'dropout_op': None, 'dropout_op_kwargs': None, 'nonlin': 'torch.nn.LeakyReLU', 'nonlin_kwargs': {'inplace': True}}, '_kw_requires_import': ['conv_op', 'norm_op', 'dropout_op', 'nonlin']}, 'batch_dice': True} 

These are the global plan.json settings:
 {'dataset_name': 'Dataset033_AVM_T1+C', 'plans_name': 'nnUNetResEncUNetLPlans', 'original_median_spacing_after_transp': [0.500000923871994, 0.4910714328289032, 0.4910714328289032], 'original_median_shape_after_transp': [330, 448, 424], 'image_reader_writer': 'SimpleITKIO', 'transpose_forward': [0, 1, 2], 'transpose_backward': [0, 1, 2], 'experiment_planner_used': 'nnUNetPlannerResEncL', 'label_manager': 'LabelManager', 'foreground_intensity_properties_per_channel': {'0': {'max': 12113.0, 'mean': 449.843505859375, 'median': 311.0, 'min': 0.0, 'percentile_00_5': 34.0, 'percentile_99_5': 3202.0, 'std': 471.56329345703125}}} 

2026-01-03 11:33:46.467063: Unable to plot network architecture: nnUNet_compile is enabled!
2026-01-03 11:33:46.499642: 
2026-01-03 11:33:46.522093: Epoch 0
2026-01-03 11:33:46.524203: Current learning rate: 0.01
2026-01-03 11:34:48.042331: train_loss 1.2566
2026-01-03 11:34:48.046036: val_loss 1.1035
2026-01-03 11:34:48.048116: val classification accuracy 0.52
2026-01-03 11:34:48.050223: val auc 0.5744
2026-01-03 11:34:48.052510: Epoch time: 61.55 s
2026-01-03 11:34:48.054070: Yayy! New best EMA pseudo Dice: 0.5744
2026-01-03 11:34:50.669027: Yayy! New best classification accuracy: 0.52
2026-01-03 11:34:53.292729: 
2026-01-03 11:34:53.295365: Epoch 1
2026-01-03 11:34:53.297091: Current learning rate: 0.00997
2026-01-03 11:35:37.610897: train_loss 0.8356
2026-01-03 11:35:37.614628: val_loss 0.7524
2026-01-03 11:35:37.617130: val classification accuracy 0.54
2026-01-03 11:35:37.619467: val auc 0.4928
2026-01-03 11:35:37.621784: Epoch time: 44.32 s
2026-01-03 11:35:37.623760: Yayy! New best classification accuracy: 0.54
2026-01-03 11:35:40.820925: 
2026-01-03 11:35:40.823409: Epoch 2
2026-01-03 11:35:40.825266: Current learning rate: 0.00994
2026-01-03 11:36:17.499343: train_loss 0.7788
2026-01-03 11:36:17.508236: val_loss 0.9006
2026-01-03 11:36:17.512390: val classification accuracy 0.5
2026-01-03 11:36:17.549385: val auc 0.4128
2026-01-03 11:36:17.551496: Epoch time: 36.68 s
2026-01-03 11:36:18.326087: 
2026-01-03 11:36:18.329001: Epoch 3
2026-01-03 11:36:18.331152: Current learning rate: 0.00991
2026-01-03 11:36:57.990973: train_loss 0.7972
2026-01-03 11:36:58.017567: val_loss 0.7141
2026-01-03 11:36:58.019922: val classification accuracy 0.5
2026-01-03 11:36:58.022145: val auc 0.596
2026-01-03 11:36:58.024492: Epoch time: 39.67 s
2026-01-03 11:36:58.027245: Yayy! New best EMA pseudo Dice: 0.596
2026-01-03 11:37:01.303188: 
2026-01-03 11:37:01.305566: Epoch 4
2026-01-03 11:37:01.307203: Current learning rate: 0.00988
2026-01-03 11:37:40.443747: train_loss 0.6986
2026-01-03 11:37:40.473563: val_loss 0.7267
2026-01-03 11:37:40.475871: val classification accuracy 0.42
2026-01-03 11:37:40.478347: val auc 0.3576
2026-01-03 11:37:40.480596: Epoch time: 39.14 s
2026-01-03 11:37:41.228481: 
2026-01-03 11:37:41.230646: Epoch 5
2026-01-03 11:37:41.232248: Current learning rate: 0.00985
2026-01-03 11:38:21.460636: train_loss 0.6967
2026-01-03 11:38:21.464779: val_loss 0.7168
2026-01-03 11:38:21.467214: val classification accuracy 0.38
2026-01-03 11:38:21.469354: val auc 0.3888
2026-01-03 11:38:21.471519: Epoch time: 40.23 s
2026-01-03 11:38:22.215585: 
2026-01-03 11:38:22.218826: Epoch 6
2026-01-03 11:38:22.220701: Current learning rate: 0.00982
2026-01-03 11:39:01.257567: train_loss 0.6744
2026-01-03 11:39:01.275115: val_loss 0.7115
2026-01-03 11:39:01.296228: val classification accuracy 0.6
2026-01-03 11:39:01.318979: val auc 0.5352
2026-01-03 11:39:01.341432: Epoch time: 39.04 s
2026-01-03 11:39:01.343855: Yayy! New best classification accuracy: 0.6
2026-01-03 11:39:04.484340: 
2026-01-03 11:39:04.487041: Epoch 7
2026-01-03 11:39:04.488734: Current learning rate: 0.00979
2026-01-03 11:39:40.832923: train_loss 0.6792
2026-01-03 11:39:40.838641: val_loss 0.9217
2026-01-03 11:39:40.841831: val classification accuracy 0.46
2026-01-03 11:39:40.844077: val auc 0.4592
2026-01-03 11:39:40.846206: Epoch time: 36.35 s
2026-01-03 11:39:42.041136: 
2026-01-03 11:39:42.044046: Epoch 8
2026-01-03 11:39:42.046066: Current learning rate: 0.00976
2026-01-03 11:40:20.920403: train_loss 0.6636
2026-01-03 11:40:20.924363: val_loss 0.7331
2026-01-03 11:40:20.926611: val classification accuracy 0.52
2026-01-03 11:40:20.928637: val auc 0.52
2026-01-03 11:40:20.930437: Epoch time: 38.88 s
2026-01-03 11:40:21.654468: 
2026-01-03 11:40:21.656848: Epoch 9
2026-01-03 11:40:21.660882: Current learning rate: 0.00973
2026-01-03 11:41:03.043771: train_loss 0.6801
2026-01-03 11:41:03.056031: val_loss 0.8019
2026-01-03 11:41:03.058361: val classification accuracy 0.46
2026-01-03 11:41:03.060901: val auc 0.4344
2026-01-03 11:41:03.063109: Epoch time: 41.39 s
2026-01-03 11:41:03.784472: 
2026-01-03 11:41:03.787146: Epoch 10
2026-01-03 11:41:03.789013: Current learning rate: 0.0097
2026-01-03 11:41:42.760785: train_loss 0.6945
2026-01-03 11:41:42.778254: val_loss 1.3742
2026-01-03 11:41:42.780782: val classification accuracy 0.44
2026-01-03 11:41:42.783471: val auc 0.3512
2026-01-03 11:41:42.786495: Epoch time: 38.98 s
2026-01-03 11:41:43.523486: 
2026-01-03 11:41:43.526757: Epoch 11
2026-01-03 11:41:43.529028: Current learning rate: 0.00967
2026-01-03 11:42:20.470744: train_loss 0.6908
2026-01-03 11:42:20.477144: val_loss 0.9817
2026-01-03 11:42:20.479725: val classification accuracy 0.4
2026-01-03 11:42:20.482348: val auc 0.4368
2026-01-03 11:42:20.484951: Epoch time: 36.95 s
2026-01-03 11:42:21.229428: 
2026-01-03 11:42:21.232767: Epoch 12
2026-01-03 11:42:21.247430: Current learning rate: 0.00964
2026-01-03 11:43:01.797861: train_loss 0.6834
2026-01-03 11:43:01.802665: val_loss 1.0192
2026-01-03 11:43:01.805299: val classification accuracy 0.62
2026-01-03 11:43:01.808091: val auc 0.5504
2026-01-03 11:43:01.810473: Epoch time: 40.57 s
2026-01-03 11:43:01.812633: Yayy! New best classification accuracy: 0.62
2026-01-03 11:43:05.257491: 
2026-01-03 11:43:05.260400: Epoch 13
2026-01-03 11:43:05.262743: Current learning rate: 0.00961
2026-01-03 11:43:44.133300: train_loss 0.6947
2026-01-03 11:43:44.145463: val_loss 0.7623
2026-01-03 11:43:44.179726: val classification accuracy 0.48
2026-01-03 11:43:44.182517: val auc 0.3832
2026-01-03 11:43:44.185091: Epoch time: 38.88 s
2026-01-03 11:43:44.972508: 
2026-01-03 11:43:44.976189: Epoch 14
2026-01-03 11:43:44.978485: Current learning rate: 0.00958
2026-01-03 11:44:21.475651: train_loss 0.709
2026-01-03 11:44:21.480564: val_loss 1.4409
2026-01-03 11:44:21.488726: val classification accuracy 0.5
2026-01-03 11:44:21.491079: val auc 0.4768
2026-01-03 11:44:21.493354: Epoch time: 36.5 s
2026-01-03 11:44:22.222151: 
2026-01-03 11:44:22.225035: Epoch 15
2026-01-03 11:44:22.227393: Current learning rate: 0.00955
2026-01-03 11:45:05.008370: train_loss 0.715
2026-01-03 11:45:05.012566: val_loss 1.4506
2026-01-03 11:45:05.015406: val classification accuracy 0.42
2026-01-03 11:45:05.017846: val auc 0.4336
2026-01-03 11:45:05.020188: Epoch time: 42.79 s
2026-01-03 11:45:05.734105: 
2026-01-03 11:45:05.737191: Epoch 16
2026-01-03 11:45:05.739427: Current learning rate: 0.00952
2026-01-03 11:45:46.708742: train_loss 0.648
2026-01-03 11:45:46.736764: val_loss 1.8342
2026-01-03 11:45:46.739480: val classification accuracy 0.56
2026-01-03 11:45:46.742361: val auc 0.5168
2026-01-03 11:45:46.744999: Epoch time: 40.98 s
2026-01-03 11:45:47.484726: 
2026-01-03 11:45:47.487943: Epoch 17
2026-01-03 11:45:47.490341: Current learning rate: 0.00949
2026-01-03 11:46:26.255369: train_loss 0.6801
2026-01-03 11:46:26.260894: val_loss 1.3981
2026-01-03 11:46:26.263496: val classification accuracy 0.44
2026-01-03 11:46:26.265956: val auc 0.3568
2026-01-03 11:46:26.269262: Epoch time: 38.77 s
2026-01-03 11:46:27.024542: 
2026-01-03 11:46:27.029381: Epoch 18
2026-01-03 11:46:27.031851: Current learning rate: 0.00946
2026-01-03 11:47:07.355224: train_loss 0.6761
2026-01-03 11:47:07.372313: val_loss 0.6952
2026-01-03 11:47:07.374902: val classification accuracy 0.54
2026-01-03 11:47:07.377208: val auc 0.5576
2026-01-03 11:47:07.379549: Epoch time: 40.33 s
2026-01-03 11:47:08.117775: 
2026-01-03 11:47:08.121184: Epoch 19
2026-01-03 11:47:08.123573: Current learning rate: 0.00943
2026-01-03 11:47:46.637873: train_loss 0.6946
2026-01-03 11:47:46.641484: val_loss 0.6829
2026-01-03 11:47:46.645798: val classification accuracy 0.5
2026-01-03 11:47:46.648244: val auc 0.4016
2026-01-03 11:47:46.650789: Epoch time: 38.52 s
2026-01-03 11:47:48.981043: Saved periodic checkpoint /hpf/projects/jquon/sumin/nnUNet_data/nnUNet_results/Dataset033_AVM_T1+C/SEResNetTrainer_ep300_NoMirroring_x2__nnUNetResEncUNetLPlans__3d_fullres/fold_0/checkpoint_every20_best_balacc.pth at epoch 19 with val_balanced_accuracy=0.5000
2026-01-03 11:47:50.815386: Saved periodic checkpoint /hpf/projects/jquon/sumin/nnUNet_data/nnUNet_results/Dataset033_AVM_T1+C/SEResNetTrainer_ep300_NoMirroring_x2__nnUNetResEncUNetLPlans__3d_fullres/fold_0/checkpoint_every20_best_auroc.pth at epoch 19 with val_auc=0.4016
2026-01-03 11:47:51.489817: 
2026-01-03 11:47:51.493252: Epoch 20
2026-01-03 11:47:51.495589: Current learning rate: 0.0094
2026-01-03 11:48:29.597922: train_loss 0.6957
2026-01-03 11:48:29.602195: val_loss 0.7302
2026-01-03 11:48:29.604754: val classification accuracy 0.42
2026-01-03 11:48:29.607396: val auc 0.38
2026-01-03 11:48:29.609991: Epoch time: 38.11 s
2026-01-03 11:48:30.341797: 
2026-01-03 11:48:30.345061: Epoch 21
2026-01-03 11:48:30.347377: Current learning rate: 0.00937
2026-01-03 11:49:08.245063: train_loss 0.675
2026-01-03 11:49:08.248901: val_loss 0.9083
2026-01-03 11:49:08.251796: val classification accuracy 0.4
2026-01-03 11:49:08.254299: val auc 0.3856
2026-01-03 11:49:08.256594: Epoch time: 37.9 s
2026-01-03 11:49:09.581697: 
2026-01-03 11:49:09.585046: Epoch 22
2026-01-03 11:49:09.587420: Current learning rate: 0.00934
2026-01-03 11:49:47.824545: train_loss 0.6645
2026-01-03 11:49:47.828892: val_loss 0.8577
2026-01-03 11:49:47.831744: val classification accuracy 0.44
2026-01-03 11:49:47.834183: val auc 0.4248
2026-01-03 11:49:47.836653: Epoch time: 38.24 s
2026-01-03 11:49:48.582093: 
2026-01-03 11:49:48.585001: Epoch 23
2026-01-03 11:49:48.587258: Current learning rate: 0.00931
2026-01-03 11:50:28.165409: train_loss 0.679
2026-01-03 11:50:28.169515: val_loss 0.7797
2026-01-03 11:50:28.172060: val classification accuracy 0.5
2026-01-03 11:50:28.174604: val auc 0.54
2026-01-03 11:50:28.176952: Epoch time: 39.58 s
2026-01-03 11:50:28.962449: 
2026-01-03 11:50:28.974413: Epoch 24
2026-01-03 11:50:28.976970: Current learning rate: 0.00928
2026-01-03 11:51:09.211996: train_loss 0.6817
2026-01-03 11:51:09.220731: val_loss 0.9055
2026-01-03 11:51:09.223467: val classification accuracy 0.4
2026-01-03 11:51:09.233658: val auc 0.3424
2026-01-03 11:51:09.236431: Epoch time: 40.25 s
2026-01-03 11:51:09.974207: 
2026-01-03 11:51:09.977368: Epoch 25
2026-01-03 11:51:09.979712: Current learning rate: 0.00925
2026-01-03 11:51:49.124653: train_loss 0.6708
2026-01-03 11:51:49.131742: val_loss 0.6757
2026-01-03 11:51:49.134578: val classification accuracy 0.58
2026-01-03 11:51:49.137340: val auc 0.624
2026-01-03 11:51:49.140598: Epoch time: 39.15 s
2026-01-03 11:51:49.147062: Yayy! New best EMA pseudo Dice: 0.624
2026-01-03 11:51:52.725031: 
2026-01-03 11:51:52.727933: Epoch 26
2026-01-03 11:51:52.730152: Current learning rate: 0.00922
2026-01-03 11:52:30.257322: train_loss 0.684
2026-01-03 11:52:30.263268: val_loss 0.7669
2026-01-03 11:52:30.306688: val classification accuracy 0.46
2026-01-03 11:52:30.310109: val auc 0.436
2026-01-03 11:52:30.313172: Epoch time: 37.53 s
2026-01-03 11:52:31.026910: 
2026-01-03 11:52:31.030134: Epoch 27
2026-01-03 11:52:31.032615: Current learning rate: 0.00919
2026-01-03 11:53:09.971115: train_loss 0.6503
2026-01-03 11:53:09.982008: val_loss 0.8725
2026-01-03 11:53:10.013778: val classification accuracy 0.54
2026-01-03 11:53:10.033515: val auc 0.52
2026-01-03 11:53:10.045619: Epoch time: 38.95 s
2026-01-03 11:53:10.762089: 
2026-01-03 11:53:10.765174: Epoch 28
2026-01-03 11:53:10.770057: Current learning rate: 0.00916
2026-01-03 11:53:47.090106: train_loss 0.6658
2026-01-03 11:53:47.097815: val_loss 0.8948
2026-01-03 11:53:47.100409: val classification accuracy 0.46
2026-01-03 11:53:47.102990: val auc 0.4528
2026-01-03 11:53:47.105499: Epoch time: 36.33 s
2026-01-03 11:53:47.853974: 
2026-01-03 11:53:47.857271: Epoch 29
2026-01-03 11:53:47.859793: Current learning rate: 0.00913
2026-01-03 11:54:26.194103: train_loss 0.6503
2026-01-03 11:54:26.198420: val_loss 0.8641
2026-01-03 11:54:26.201688: val classification accuracy 0.4
2026-01-03 11:54:26.204218: val auc 0.4144
2026-01-03 11:54:26.206789: Epoch time: 38.34 s
2026-01-03 11:54:26.927786: 
2026-01-03 11:54:26.931360: Epoch 30
2026-01-03 11:54:26.933748: Current learning rate: 0.0091
2026-01-03 11:55:07.607215: train_loss 0.6442
2026-01-03 11:55:07.622153: val_loss 1.0639
2026-01-03 11:55:07.624705: val classification accuracy 0.52
2026-01-03 11:55:07.627282: val auc 0.5312
2026-01-03 11:55:07.629822: Epoch time: 40.68 s
2026-01-03 11:55:08.377284: 
2026-01-03 11:55:08.380705: Epoch 31
2026-01-03 11:55:08.383080: Current learning rate: 0.00907
2026-01-03 11:55:50.145101: train_loss 0.6629
2026-01-03 11:55:50.154697: val_loss 0.9648
2026-01-03 11:55:50.158389: val classification accuracy 0.38
2026-01-03 11:55:50.161476: val auc 0.3712
2026-01-03 11:55:50.164526: Epoch time: 41.77 s
2026-01-03 11:55:50.873609: 
2026-01-03 11:55:50.877050: Epoch 32
2026-01-03 11:55:50.879580: Current learning rate: 0.00903
2026-01-03 11:56:31.214107: train_loss 0.6663
2026-01-03 11:56:31.219184: val_loss 0.7574
2026-01-03 11:56:31.240904: val classification accuracy 0.36
2026-01-03 11:56:31.257157: val auc 0.3688
2026-01-03 11:56:31.260582: Epoch time: 40.34 s
2026-01-03 11:56:32.008950: 
2026-01-03 11:56:32.012688: Epoch 33
2026-01-03 11:56:32.015017: Current learning rate: 0.009
2026-01-03 11:57:09.072984: train_loss 0.6781
2026-01-03 11:57:09.080494: val_loss 0.813
2026-01-03 11:57:09.083601: val classification accuracy 0.44
2026-01-03 11:57:09.086484: val auc 0.46
2026-01-03 11:57:09.089539: Epoch time: 37.07 s
2026-01-03 11:57:09.804205: 
2026-01-03 11:57:09.808040: Epoch 34
2026-01-03 11:57:09.810636: Current learning rate: 0.00897
2026-01-03 11:57:50.380617: train_loss 0.6969
2026-01-03 11:57:50.385277: val_loss 0.717
2026-01-03 11:57:50.388161: val classification accuracy 0.48
2026-01-03 11:57:50.391143: val auc 0.4328
2026-01-03 11:57:50.393999: Epoch time: 40.58 s
2026-01-03 11:57:51.121652: 
2026-01-03 11:57:51.125411: Epoch 35
2026-01-03 11:57:51.127972: Current learning rate: 0.00894
2026-01-03 11:58:29.776367: train_loss 0.6584
2026-01-03 11:58:29.780558: val_loss 0.8693
2026-01-03 11:58:29.783091: val classification accuracy 0.42
2026-01-03 11:58:29.785716: val auc 0.312
2026-01-03 11:58:29.788174: Epoch time: 38.66 s
2026-01-03 11:58:31.112144: 
2026-01-03 11:58:31.115205: Epoch 36
2026-01-03 11:58:31.117651: Current learning rate: 0.00891
2026-01-03 11:59:07.575622: train_loss 0.6785
2026-01-03 11:59:07.580463: val_loss 0.7426
2026-01-03 11:59:07.583042: val classification accuracy 0.42
2026-01-03 11:59:07.604303: val auc 0.4336
2026-01-03 11:59:07.607093: Epoch time: 36.46 s
2026-01-03 11:59:08.339083: 
2026-01-03 11:59:08.342333: Epoch 37
2026-01-03 11:59:08.344872: Current learning rate: 0.00888
2026-01-03 11:59:46.432923: train_loss 0.6703
2026-01-03 11:59:46.438580: val_loss 0.9257
2026-01-03 11:59:46.441687: val classification accuracy 0.42
2026-01-03 11:59:46.444207: val auc 0.2688
2026-01-03 11:59:46.447084: Epoch time: 38.1 s
2026-01-03 11:59:47.223192: 
2026-01-03 11:59:47.226601: Epoch 38
2026-01-03 11:59:47.229204: Current learning rate: 0.00885
2026-01-03 12:00:24.718060: train_loss 0.6568
2026-01-03 12:00:24.744815: val_loss 0.9281
2026-01-03 12:00:24.747838: val classification accuracy 0.4
2026-01-03 12:00:24.750453: val auc 0.36
2026-01-03 12:00:24.753034: Epoch time: 37.5 s
2026-01-03 12:00:25.483157: 
2026-01-03 12:00:25.488029: Epoch 39
2026-01-03 12:00:25.491339: Current learning rate: 0.00882
2026-01-03 12:01:03.123969: train_loss 0.6463
2026-01-03 12:01:03.146679: val_loss 0.7228
2026-01-03 12:01:03.153648: val classification accuracy 0.62
2026-01-03 12:01:03.156642: val auc 0.5984
2026-01-03 12:01:03.159370: Epoch time: 37.65 s
2026-01-03 12:01:05.611926: Saved periodic checkpoint /hpf/projects/jquon/sumin/nnUNet_data/nnUNet_results/Dataset033_AVM_T1+C/SEResNetTrainer_ep300_NoMirroring_x2__nnUNetResEncUNetLPlans__3d_fullres/fold_0/checkpoint_every20_best_balacc.pth at epoch 39 with val_balanced_accuracy=0.6200
2026-01-03 12:01:07.518040: Saved periodic checkpoint /hpf/projects/jquon/sumin/nnUNet_data/nnUNet_results/Dataset033_AVM_T1+C/SEResNetTrainer_ep300_NoMirroring_x2__nnUNetResEncUNetLPlans__3d_fullres/fold_0/checkpoint_every20_best_auroc.pth at epoch 39 with val_auc=0.5984
2026-01-03 12:01:08.200269: 
2026-01-03 12:01:08.203486: Epoch 40
2026-01-03 12:01:08.205842: Current learning rate: 0.00879
2026-01-03 12:01:44.277555: train_loss 0.6303
2026-01-03 12:01:44.282902: val_loss 0.8165
2026-01-03 12:01:44.285674: val classification accuracy 0.54
2026-01-03 12:01:44.288292: val auc 0.5192
2026-01-03 12:01:44.291193: Epoch time: 36.08 s
2026-01-03 12:01:45.079912: 
2026-01-03 12:01:45.083503: Epoch 41
2026-01-03 12:01:45.085953: Current learning rate: 0.00876
2026-01-03 12:02:24.331628: train_loss 0.6511
2026-01-03 12:02:24.335575: val_loss 0.8679
2026-01-03 12:02:24.338217: val classification accuracy 0.44
2026-01-03 12:02:24.340899: val auc 0.3968
2026-01-03 12:02:24.343518: Epoch time: 39.25 s
2026-01-03 12:02:25.105133: 
2026-01-03 12:02:25.108572: Epoch 42
2026-01-03 12:02:25.111109: Current learning rate: 0.00873
2026-01-03 12:03:02.116897: train_loss 0.6433
2026-01-03 12:03:02.122768: val_loss 1.2329
2026-01-03 12:03:02.125420: val classification accuracy 0.4
2026-01-03 12:03:02.128043: val auc 0.448
2026-01-03 12:03:02.130579: Epoch time: 37.01 s
2026-01-03 12:03:02.874508: 
2026-01-03 12:03:02.877726: Epoch 43
2026-01-03 12:03:02.880457: Current learning rate: 0.0087
2026-01-03 12:03:39.988377: train_loss 0.6922
2026-01-03 12:03:39.992216: val_loss 0.7599
2026-01-03 12:03:39.995675: val classification accuracy 0.4
2026-01-03 12:03:39.998513: val auc 0.4184
2026-01-03 12:03:40.001087: Epoch time: 37.12 s
2026-01-03 12:03:40.767196: 
2026-01-03 12:03:40.770282: Epoch 44
2026-01-03 12:03:40.772708: Current learning rate: 0.00867
2026-01-03 12:04:19.466915: train_loss 0.6492
2026-01-03 12:04:19.475172: val_loss 1.3244
2026-01-03 12:04:19.497451: val classification accuracy 0.44
2026-01-03 12:04:19.500824: val auc 0.4408
2026-01-03 12:04:19.503858: Epoch time: 38.7 s
2026-01-03 12:04:20.236560: 
2026-01-03 12:04:20.240126: Epoch 45
2026-01-03 12:04:20.242629: Current learning rate: 0.00864
2026-01-03 12:04:59.536465: train_loss 0.6604
2026-01-03 12:04:59.541365: val_loss 0.9251
2026-01-03 12:04:59.544161: val classification accuracy 0.42
2026-01-03 12:04:59.547268: val auc 0.448
2026-01-03 12:04:59.549968: Epoch time: 39.3 s
2026-01-03 12:05:00.304950: 
2026-01-03 12:05:00.309610: Epoch 46
2026-01-03 12:05:00.311959: Current learning rate: 0.00861
2026-01-03 12:05:38.232383: train_loss 0.6602
2026-01-03 12:05:38.240530: val_loss 0.8249
2026-01-03 12:05:38.243198: val classification accuracy 0.42
2026-01-03 12:05:38.245852: val auc 0.4128
2026-01-03 12:05:38.248333: Epoch time: 37.93 s
2026-01-03 12:05:39.013375: 
2026-01-03 12:05:39.016534: Epoch 47
2026-01-03 12:05:39.018953: Current learning rate: 0.00858
2026-01-03 12:06:18.848707: train_loss 0.631
2026-01-03 12:06:18.867920: val_loss 0.8578
2026-01-03 12:06:18.883619: val classification accuracy 0.42
2026-01-03 12:06:18.886455: val auc 0.4328
2026-01-03 12:06:18.895184: Epoch time: 39.84 s
2026-01-03 12:06:19.600297: 
2026-01-03 12:06:19.603692: Epoch 48
2026-01-03 12:06:19.606216: Current learning rate: 0.00855
2026-01-03 12:07:00.723837: train_loss 0.6323
2026-01-03 12:07:00.730116: val_loss 0.6676
2026-01-03 12:07:00.750902: val classification accuracy 0.58
2026-01-03 12:07:00.757414: val auc 0.624
2026-01-03 12:07:00.760367: Epoch time: 41.12 s
2026-01-03 12:07:01.613979: 
2026-01-03 12:07:01.617224: Epoch 49
2026-01-03 12:07:01.619760: Current learning rate: 0.00852
2026-01-03 12:07:39.238241: train_loss 0.6062
2026-01-03 12:07:39.242764: val_loss 1.0108
2026-01-03 12:07:39.245815: val classification accuracy 0.42
2026-01-03 12:07:39.248420: val auc 0.376
2026-01-03 12:07:39.251249: Epoch time: 37.63 s
2026-01-03 12:07:40.004870: 
2026-01-03 12:07:40.008256: Epoch 50
2026-01-03 12:07:40.010842: Current learning rate: 0.00849
2026-01-03 12:08:17.671643: train_loss 0.6275
2026-01-03 12:08:17.678718: val_loss 1.7371
2026-01-03 12:08:17.681396: val classification accuracy 0.5
2026-01-03 12:08:17.684002: val auc 0.5224
2026-01-03 12:08:17.686625: Epoch time: 37.67 s
2026-01-03 12:08:18.425192: 
2026-01-03 12:08:18.428528: Epoch 51
2026-01-03 12:08:18.431058: Current learning rate: 0.00846
2026-01-03 12:08:59.087682: train_loss 0.6467
2026-01-03 12:08:59.091666: val_loss 0.8446
2026-01-03 12:08:59.094628: val classification accuracy 0.52
2026-01-03 12:08:59.097135: val auc 0.5152
2026-01-03 12:08:59.099609: Epoch time: 40.66 s
2026-01-03 12:08:59.809080: 
2026-01-03 12:08:59.812097: Epoch 52
2026-01-03 12:08:59.814461: Current learning rate: 0.00843
2026-01-03 12:09:38.540160: train_loss 0.6228
2026-01-03 12:09:38.544506: val_loss 1.1199
2026-01-03 12:09:38.547074: val classification accuracy 0.38
2026-01-03 12:09:38.549509: val auc 0.4568
2026-01-03 12:09:38.552217: Epoch time: 38.73 s
2026-01-03 12:09:39.291682: 
2026-01-03 12:09:39.294746: Epoch 53
2026-01-03 12:09:39.296976: Current learning rate: 0.00839
2026-01-03 12:10:18.423590: train_loss 0.6852
2026-01-03 12:10:18.427671: val_loss 0.7917
2026-01-03 12:10:18.430430: val classification accuracy 0.4
2026-01-03 12:10:18.452350: val auc 0.4184
2026-01-03 12:10:18.465926: Epoch time: 39.13 s
2026-01-03 12:10:19.173620: 
2026-01-03 12:10:19.177094: Epoch 54
2026-01-03 12:10:19.179677: Current learning rate: 0.00836
2026-01-03 12:10:55.880020: train_loss 0.6649
2026-01-03 12:10:55.891951: val_loss 0.9644
2026-01-03 12:10:55.901687: val classification accuracy 0.48
2026-01-03 12:10:55.904335: val auc 0.4288
2026-01-03 12:10:55.928041: Epoch time: 36.71 s
2026-01-03 12:10:56.687451: 
2026-01-03 12:10:56.690591: Epoch 55
2026-01-03 12:10:56.693178: Current learning rate: 0.00833
2026-01-03 12:11:32.268196: train_loss 0.6631
2026-01-03 12:11:32.273921: val_loss 0.7662
2026-01-03 12:11:32.277942: val classification accuracy 0.56
2026-01-03 12:11:32.280730: val auc 0.5648
2026-01-03 12:11:32.283446: Epoch time: 35.58 s
2026-01-03 12:11:33.061257: 
2026-01-03 12:11:33.064563: Epoch 56
2026-01-03 12:11:33.066751: Current learning rate: 0.0083
2026-01-03 12:12:10.555976: train_loss 0.6598
2026-01-03 12:12:10.561082: val_loss 0.8392
2026-01-03 12:12:10.563958: val classification accuracy 0.48
2026-01-03 12:12:10.566770: val auc 0.5344
2026-01-03 12:12:10.569331: Epoch time: 37.5 s
2026-01-03 12:12:11.291826: 
2026-01-03 12:12:11.295639: Epoch 57
2026-01-03 12:12:11.298386: Current learning rate: 0.00827
2026-01-03 12:12:51.138351: train_loss 0.6394
2026-01-03 12:12:51.142951: val_loss 1.0838
2026-01-03 12:12:51.146078: val classification accuracy 0.54
2026-01-03 12:12:51.149165: val auc 0.5792
2026-01-03 12:12:51.160452: Epoch time: 39.85 s
2026-01-03 12:12:51.963615: 
2026-01-03 12:12:51.967000: Epoch 58
2026-01-03 12:12:51.969445: Current learning rate: 0.00824
2026-01-03 12:13:32.484003: train_loss 0.6255
2026-01-03 12:13:32.495531: val_loss 1.2361
2026-01-03 12:13:32.501285: val classification accuracy 0.5
2026-01-03 12:13:32.504119: val auc 0.4448
2026-01-03 12:13:32.506648: Epoch time: 40.52 s
2026-01-03 12:13:33.266553: 
2026-01-03 12:13:33.269787: Epoch 59
2026-01-03 12:13:33.272352: Current learning rate: 0.00821
2026-01-03 12:14:09.521950: train_loss 0.634
2026-01-03 12:14:09.552930: val_loss 0.9108
2026-01-03 12:14:09.557163: val classification accuracy 0.5
2026-01-03 12:14:09.559575: val auc 0.484
2026-01-03 12:14:09.562377: Epoch time: 36.26 s
2026-01-03 12:14:10.295107: 
2026-01-03 12:14:10.298370: Epoch 60
2026-01-03 12:14:10.300499: Current learning rate: 0.00818
2026-01-03 12:14:48.231251: train_loss 0.6477
2026-01-03 12:14:48.267899: val_loss 0.9058
2026-01-03 12:14:48.275889: val classification accuracy 0.36
2026-01-03 12:14:48.279790: val auc 0.304
2026-01-03 12:14:48.283179: Epoch time: 37.94 s
2026-01-03 12:14:49.013071: 
2026-01-03 12:14:49.016504: Epoch 61
2026-01-03 12:14:49.018855: Current learning rate: 0.00815
2026-01-03 12:15:27.324446: train_loss 0.6393
2026-01-03 12:15:27.341976: val_loss 0.838
2026-01-03 12:15:27.345030: val classification accuracy 0.48
2026-01-03 12:15:27.347760: val auc 0.4784
2026-01-03 12:15:27.350391: Epoch time: 38.31 s
2026-01-03 12:15:28.064487: 
2026-01-03 12:15:28.067436: Epoch 62
2026-01-03 12:15:28.069944: Current learning rate: 0.00812
2026-01-03 12:16:07.237113: train_loss 0.6581
2026-01-03 12:16:07.243902: val_loss 0.7809
2026-01-03 12:16:07.254155: val classification accuracy 0.54
2026-01-03 12:16:07.256920: val auc 0.5536
2026-01-03 12:16:07.259623: Epoch time: 39.17 s
2026-01-03 12:16:08.581251: 
2026-01-03 12:16:08.584914: Epoch 63
2026-01-03 12:16:08.587317: Current learning rate: 0.00809
2026-01-03 12:16:43.771944: train_loss 0.648
2026-01-03 12:16:43.795252: val_loss 0.7679
2026-01-03 12:16:43.798140: val classification accuracy 0.48
2026-01-03 12:16:43.800729: val auc 0.5432
2026-01-03 12:16:43.803527: Epoch time: 35.19 s
2026-01-03 12:16:44.557834: 
2026-01-03 12:16:44.561030: Epoch 64
2026-01-03 12:16:44.563466: Current learning rate: 0.00806
2026-01-03 12:17:23.574711: train_loss 0.5881
2026-01-03 12:17:23.582011: val_loss 1.1159
2026-01-03 12:17:23.584650: val classification accuracy 0.44
2026-01-03 12:17:23.587345: val auc 0.4464
2026-01-03 12:17:23.589862: Epoch time: 39.02 s
2026-01-03 12:17:24.313616: 
2026-01-03 12:17:24.316788: Epoch 65
2026-01-03 12:17:24.320749: Current learning rate: 0.00803
2026-01-03 12:18:03.453708: train_loss 0.6596
2026-01-03 12:18:03.458885: val_loss 0.6563
2026-01-03 12:18:03.461532: val classification accuracy 0.66
2026-01-03 12:18:03.464500: val auc 0.6736
2026-01-03 12:18:03.467284: Epoch time: 39.14 s
2026-01-03 12:18:03.469732: Yayy! New best EMA pseudo Dice: 0.6736
2026-01-03 12:18:06.026918: Yayy! New best classification accuracy: 0.66
2026-01-03 12:18:08.753618: 
2026-01-03 12:18:08.756672: Epoch 66
2026-01-03 12:18:08.759094: Current learning rate: 0.008
2026-01-03 12:18:46.792824: train_loss 0.6055
2026-01-03 12:18:46.820824: val_loss 1.1987
2026-01-03 12:18:46.823995: val classification accuracy 0.4
2026-01-03 12:18:46.832720: val auc 0.3776
2026-01-03 12:18:46.840961: Epoch time: 38.04 s
2026-01-03 12:18:47.546409: 
2026-01-03 12:18:47.549546: Epoch 67
2026-01-03 12:18:47.551925: Current learning rate: 0.00797
2026-01-03 12:19:27.473041: train_loss 0.6652
2026-01-03 12:19:27.478702: val_loss 0.9028
2026-01-03 12:19:27.482092: val classification accuracy 0.32
2026-01-03 12:19:27.485074: val auc 0.2672
2026-01-03 12:19:27.487857: Epoch time: 39.93 s
2026-01-03 12:19:28.247459: 
2026-01-03 12:19:28.251160: Epoch 68
2026-01-03 12:19:28.253577: Current learning rate: 0.00793
2026-01-03 12:20:08.120173: train_loss 0.6349
2026-01-03 12:20:08.124820: val_loss 0.7831
2026-01-03 12:20:08.127839: val classification accuracy 0.58
2026-01-03 12:20:08.130652: val auc 0.5824
2026-01-03 12:20:08.133409: Epoch time: 39.87 s
2026-01-03 12:20:08.878831: 
2026-01-03 12:20:08.882246: Epoch 69
2026-01-03 12:20:08.884979: Current learning rate: 0.0079
2026-01-03 12:20:48.349158: train_loss 0.6238
2026-01-03 12:20:48.353266: val_loss 0.8089
2026-01-03 12:20:48.356135: val classification accuracy 0.5
2026-01-03 12:20:48.359131: val auc 0.436
2026-01-03 12:20:48.361936: Epoch time: 39.47 s
2026-01-03 12:20:49.097618: 
2026-01-03 12:20:49.101121: Epoch 70
2026-01-03 12:20:49.103628: Current learning rate: 0.00787
2026-01-03 12:21:28.611521: train_loss 0.6187
2026-01-03 12:21:28.618891: val_loss 1.0185
2026-01-03 12:21:28.621827: val classification accuracy 0.52
2026-01-03 12:21:28.656018: val auc 0.588
2026-01-03 12:21:28.659513: Epoch time: 39.52 s
2026-01-03 12:21:29.395127: 
2026-01-03 12:21:29.398702: Epoch 71
2026-01-03 12:21:29.401258: Current learning rate: 0.00784
2026-01-03 12:22:10.093738: train_loss 0.6537
2026-01-03 12:22:10.123240: val_loss 0.7533
2026-01-03 12:22:10.127130: val classification accuracy 0.5
2026-01-03 12:22:10.130181: val auc 0.4856
2026-01-03 12:22:10.133025: Epoch time: 40.7 s
2026-01-03 12:22:10.864626: 
2026-01-03 12:22:10.868279: Epoch 72
2026-01-03 12:22:10.870900: Current learning rate: 0.00781
2026-01-03 12:22:46.766714: train_loss 0.6747
2026-01-03 12:22:46.785308: val_loss 0.7262
2026-01-03 12:22:46.788419: val classification accuracy 0.42
2026-01-03 12:22:46.791503: val auc 0.5864
2026-01-03 12:22:46.794518: Epoch time: 35.9 s
2026-01-03 12:22:47.494261: 
2026-01-03 12:22:47.497585: Epoch 73
2026-01-03 12:22:47.500024: Current learning rate: 0.00778
2026-01-03 12:23:26.155651: train_loss 0.6638
2026-01-03 12:23:26.181554: val_loss 0.6597
2026-01-03 12:23:26.184917: val classification accuracy 0.6
2026-01-03 12:23:26.187849: val auc 0.6416
2026-01-03 12:23:26.194849: Epoch time: 38.66 s
2026-01-03 12:23:26.994057: 
2026-01-03 12:23:26.997250: Epoch 74
2026-01-03 12:23:26.999768: Current learning rate: 0.00775
2026-01-03 12:24:03.884143: train_loss 0.6267
2026-01-03 12:24:03.889409: val_loss 0.8046
2026-01-03 12:24:03.892647: val classification accuracy 0.52
2026-01-03 12:24:03.895494: val auc 0.5856
2026-01-03 12:24:03.898310: Epoch time: 36.89 s
2026-01-03 12:24:04.619632: 
2026-01-03 12:24:04.623394: Epoch 75
2026-01-03 12:24:04.626075: Current learning rate: 0.00772
2026-01-03 12:24:45.695381: train_loss 0.655
2026-01-03 12:24:45.710139: val_loss 0.7036
2026-01-03 12:24:45.713259: val classification accuracy 0.58
2026-01-03 12:24:45.715809: val auc 0.6976
2026-01-03 12:24:45.718351: Epoch time: 41.08 s
2026-01-03 12:24:45.720701: Yayy! New best EMA pseudo Dice: 0.6976
2026-01-03 12:24:49.042322: 
2026-01-03 12:24:49.045280: Epoch 76
2026-01-03 12:24:49.048075: Current learning rate: 0.00769
2026-01-03 12:25:27.367526: train_loss 0.638
2026-01-03 12:25:27.374530: val_loss 0.8134
2026-01-03 12:25:27.377599: val classification accuracy 0.48
2026-01-03 12:25:27.380251: val auc 0.568
2026-01-03 12:25:27.382686: Epoch time: 38.33 s
2026-01-03 12:25:28.576969: 
2026-01-03 12:25:28.580090: Epoch 77
2026-01-03 12:25:28.582345: Current learning rate: 0.00766
2026-01-03 12:26:06.234028: train_loss 0.6277
2026-01-03 12:26:06.239046: val_loss 1.074
2026-01-03 12:26:06.241755: val classification accuracy 0.46
2026-01-03 12:26:06.244553: val auc 0.4072
2026-01-03 12:26:06.247222: Epoch time: 37.66 s
2026-01-03 12:26:06.989884: 
2026-01-03 12:26:06.993495: Epoch 78
2026-01-03 12:26:06.996046: Current learning rate: 0.00763
2026-01-03 12:26:44.757304: train_loss 0.6259
2026-01-03 12:26:44.761902: val_loss 0.8433
2026-01-03 12:26:44.764670: val classification accuracy 0.44
2026-01-03 12:26:44.767588: val auc 0.4608
2026-01-03 12:26:44.770553: Epoch time: 37.77 s
2026-01-03 12:26:45.500737: 
2026-01-03 12:26:45.504174: Epoch 79
2026-01-03 12:26:45.506820: Current learning rate: 0.0076
2026-01-03 12:27:23.263210: train_loss 0.5896
2026-01-03 12:27:23.267392: val_loss 0.8963
2026-01-03 12:27:23.270242: val classification accuracy 0.52
2026-01-03 12:27:23.272761: val auc 0.5664
2026-01-03 12:27:23.275235: Epoch time: 37.76 s
2026-01-03 12:27:24.044779: 
2026-01-03 12:27:24.048046: Epoch 80
2026-01-03 12:27:24.050533: Current learning rate: 0.00756
2026-01-03 12:28:01.413778: train_loss 0.6077
2026-01-03 12:28:01.436792: val_loss 0.9131
2026-01-03 12:28:01.439543: val classification accuracy 0.46
2026-01-03 12:28:01.444130: val auc 0.4848
2026-01-03 12:28:01.446872: Epoch time: 37.37 s
2026-01-03 12:28:02.184545: 
2026-01-03 12:28:02.188101: Epoch 81
2026-01-03 12:28:02.190622: Current learning rate: 0.00753
2026-01-03 12:28:40.761665: train_loss 0.604
2026-01-03 12:28:40.767308: val_loss 0.8311
2026-01-03 12:28:40.769942: val classification accuracy 0.5
2026-01-03 12:28:40.772689: val auc 0.5696
2026-01-03 12:28:40.791449: Epoch time: 38.58 s
2026-01-03 12:28:41.525557: 
2026-01-03 12:28:41.528958: Epoch 82
2026-01-03 12:28:41.531344: Current learning rate: 0.0075
2026-01-03 12:29:19.111216: train_loss 0.6161
2026-01-03 12:29:19.134583: val_loss 0.7543
2026-01-03 12:29:19.137429: val classification accuracy 0.54
2026-01-03 12:29:19.139897: val auc 0.5592
2026-01-03 12:29:19.142154: Epoch time: 37.59 s
2026-01-03 12:29:19.897173: 
2026-01-03 12:29:19.900526: Epoch 83
2026-01-03 12:29:19.903036: Current learning rate: 0.00747
2026-01-03 12:29:59.897276: train_loss 0.6307
2026-01-03 12:29:59.901771: val_loss 0.8559
2026-01-03 12:29:59.904997: val classification accuracy 0.48
2026-01-03 12:29:59.908006: val auc 0.576
2026-01-03 12:29:59.911116: Epoch time: 40.0 s
2026-01-03 12:30:00.641129: 
2026-01-03 12:30:00.644762: Epoch 84
2026-01-03 12:30:00.647271: Current learning rate: 0.00744
2026-01-03 12:30:39.827861: train_loss 0.6368
2026-01-03 12:30:39.832323: val_loss 0.7396
2026-01-03 12:30:39.834854: val classification accuracy 0.5
2026-01-03 12:30:39.837810: val auc 0.668
2026-01-03 12:30:39.840463: Epoch time: 39.19 s
2026-01-03 12:30:40.572393: 
2026-01-03 12:30:40.575497: Epoch 85
2026-01-03 12:30:40.577938: Current learning rate: 0.00741
2026-01-03 12:31:19.469414: train_loss 0.6291
2026-01-03 12:31:19.474082: val_loss 0.9636
2026-01-03 12:31:19.476815: val classification accuracy 0.48
2026-01-03 12:31:19.479796: val auc 0.6264
2026-01-03 12:31:19.482564: Epoch time: 38.9 s
2026-01-03 12:31:20.202801: 
2026-01-03 12:31:20.206689: Epoch 86
2026-01-03 12:31:20.209280: Current learning rate: 0.00738
2026-01-03 12:32:00.591939: train_loss 0.5788
2026-01-03 12:32:00.607311: val_loss 0.8911
2026-01-03 12:32:00.631592: val classification accuracy 0.52
2026-01-03 12:32:00.634677: val auc 0.5216
2026-01-03 12:32:00.637405: Epoch time: 40.39 s
2026-01-03 12:32:01.353968: 
2026-01-03 12:32:01.357147: Epoch 87
2026-01-03 12:32:01.359566: Current learning rate: 0.00735
2026-01-03 12:32:41.188305: train_loss 0.6513
2026-01-03 12:32:41.203527: val_loss 0.7144
2026-01-03 12:32:41.207433: val classification accuracy 0.52
2026-01-03 12:32:41.212295: val auc 0.56
2026-01-03 12:32:41.215247: Epoch time: 39.84 s
2026-01-03 12:32:41.937801: 
2026-01-03 12:32:41.941527: Epoch 88
2026-01-03 12:32:41.944066: Current learning rate: 0.00732
2026-01-03 12:33:19.849436: train_loss 0.6135
2026-01-03 12:33:19.855681: val_loss 1.408
2026-01-03 12:33:19.859228: val classification accuracy 0.36
2026-01-03 12:33:19.864052: val auc 0.4328
2026-01-03 12:33:19.867158: Epoch time: 37.91 s
2026-01-03 12:33:20.652359: 
2026-01-03 12:33:20.655782: Epoch 89
2026-01-03 12:33:20.658334: Current learning rate: 0.00729
2026-01-03 12:33:56.488819: train_loss 0.6168
2026-01-03 12:33:56.506447: val_loss 0.7449
2026-01-03 12:33:56.514141: val classification accuracy 0.52
2026-01-03 12:33:56.517413: val auc 0.6072
2026-01-03 12:33:56.520465: Epoch time: 35.84 s
2026-01-03 12:33:57.258617: 
2026-01-03 12:33:57.261757: Epoch 90
2026-01-03 12:33:57.264083: Current learning rate: 0.00725
2026-01-03 12:34:35.028831: train_loss 0.6273
2026-01-03 12:34:35.033782: val_loss 0.7759
2026-01-03 12:34:35.037167: val classification accuracy 0.56
2026-01-03 12:34:35.040207: val auc 0.56
2026-01-03 12:34:35.048505: Epoch time: 37.77 s
2026-01-03 12:34:36.428624: 
2026-01-03 12:34:36.432157: Epoch 91
2026-01-03 12:34:36.434570: Current learning rate: 0.00722
2026-01-03 12:35:12.393708: train_loss 0.6274
2026-01-03 12:35:12.399134: val_loss 0.977
2026-01-03 12:35:12.402080: val classification accuracy 0.44
2026-01-03 12:35:12.405150: val auc 0.4736
2026-01-03 12:35:12.408267: Epoch time: 35.97 s
2026-01-03 12:35:13.153283: 
2026-01-03 12:35:13.156754: Epoch 92
2026-01-03 12:35:13.159219: Current learning rate: 0.00719
2026-01-03 12:35:51.189391: train_loss 0.5848
2026-01-03 12:35:51.223351: val_loss 0.9614
2026-01-03 12:35:51.226390: val classification accuracy 0.58
2026-01-03 12:35:51.230037: val auc 0.596
2026-01-03 12:35:51.232675: Epoch time: 38.04 s
2026-01-03 12:35:51.986034: 
2026-01-03 12:35:51.989587: Epoch 93
2026-01-03 12:35:51.992260: Current learning rate: 0.00716
2026-01-03 12:36:31.416977: train_loss 0.6754
2026-01-03 12:36:31.421916: val_loss 0.7376
2026-01-03 12:36:31.425361: val classification accuracy 0.46
2026-01-03 12:36:31.428156: val auc 0.5096
2026-01-03 12:36:31.430948: Epoch time: 39.43 s
2026-01-03 12:36:32.160789: 
2026-01-03 12:36:32.166354: Epoch 94
2026-01-03 12:36:32.168976: Current learning rate: 0.00713
2026-01-03 12:37:08.700776: train_loss 0.6351
2026-01-03 12:37:08.706274: val_loss 1.0706
2026-01-03 12:37:08.708991: val classification accuracy 0.48
2026-01-03 12:37:08.711465: val auc 0.4096
2026-01-03 12:37:08.713930: Epoch time: 36.54 s
2026-01-03 12:37:09.413406: 
2026-01-03 12:37:09.416421: Epoch 95
2026-01-03 12:37:09.418805: Current learning rate: 0.0071
2026-01-03 12:37:52.238297: train_loss 0.5968
2026-01-03 12:37:52.242333: val_loss 0.9819
2026-01-03 12:37:52.245139: val classification accuracy 0.56
2026-01-03 12:37:52.248489: val auc 0.5488
2026-01-03 12:37:52.251155: Epoch time: 42.83 s
2026-01-03 12:37:52.968810: 
2026-01-03 12:37:52.972364: Epoch 96
2026-01-03 12:37:52.974738: Current learning rate: 0.00707
2026-01-03 12:38:31.354754: train_loss 0.5928
2026-01-03 12:38:31.372300: val_loss 0.6521
2026-01-03 12:38:31.376137: val classification accuracy 0.66
2026-01-03 12:38:31.378864: val auc 0.7504
2026-01-03 12:38:31.381625: Epoch time: 38.39 s
2026-01-03 12:38:31.384235: Yayy! New best EMA pseudo Dice: 0.7504
2026-01-03 12:38:34.740650: 
2026-01-03 12:38:34.744076: Epoch 97
2026-01-03 12:38:34.746810: Current learning rate: 0.00704
2026-01-03 12:39:12.106334: train_loss 0.5969
2026-01-03 12:39:12.121279: val_loss 0.7722
2026-01-03 12:39:12.158145: val classification accuracy 0.48
2026-01-03 12:39:12.161125: val auc 0.5912
2026-01-03 12:39:12.164170: Epoch time: 37.37 s
2026-01-03 12:39:12.883175: 
2026-01-03 12:39:12.886322: Epoch 98
2026-01-03 12:39:12.888651: Current learning rate: 0.007
2026-01-03 12:39:53.049160: train_loss 0.6168
2026-01-03 12:39:53.054352: val_loss 0.8283
2026-01-03 12:39:53.057163: val classification accuracy 0.54
2026-01-03 12:39:53.059954: val auc 0.5032
2026-01-03 12:39:53.062675: Epoch time: 40.17 s
2026-01-03 12:39:53.820275: 
2026-01-03 12:39:53.823672: Epoch 99
2026-01-03 12:39:53.826208: Current learning rate: 0.00697
2026-01-03 12:40:33.547329: train_loss 0.6102
2026-01-03 12:40:33.551338: val_loss 1.2358
2026-01-03 12:40:33.555030: val classification accuracy 0.46
2026-01-03 12:40:33.557415: val auc 0.4848
2026-01-03 12:40:33.560490: Epoch time: 39.73 s
2026-01-03 12:40:34.318921: 
2026-01-03 12:40:34.322235: Epoch 100
2026-01-03 12:40:34.324659: Current learning rate: 0.00694
2026-01-03 12:41:11.445959: train_loss 0.6054
2026-01-03 12:41:11.458201: val_loss 0.8325
2026-01-03 12:41:11.461197: val classification accuracy 0.44
2026-01-03 12:41:11.464128: val auc 0.5056
2026-01-03 12:41:11.466933: Epoch time: 37.13 s
2026-01-03 12:41:12.202842: 
2026-01-03 12:41:12.205970: Epoch 101
2026-01-03 12:41:12.208376: Current learning rate: 0.00691
2026-01-03 12:41:50.782438: train_loss 0.5957
2026-01-03 12:41:50.787726: val_loss 1.0463
2026-01-03 12:41:50.815145: val classification accuracy 0.4
2026-01-03 12:41:50.817796: val auc 0.3392
2026-01-03 12:41:50.820662: Epoch time: 38.58 s
2026-01-03 12:41:51.580477: 
2026-01-03 12:41:51.584027: Epoch 102
2026-01-03 12:41:51.586407: Current learning rate: 0.00688
2026-01-03 12:42:28.790607: train_loss 0.6313
2026-01-03 12:42:28.794776: val_loss 0.5745
2026-01-03 12:42:28.797979: val classification accuracy 0.72
2026-01-03 12:42:28.800790: val auc 0.7632
2026-01-03 12:42:28.803451: Epoch time: 37.21 s
2026-01-03 12:42:28.805828: Yayy! New best EMA pseudo Dice: 0.7632
2026-01-03 12:42:31.511224: Yayy! New best classification accuracy: 0.72
2026-01-03 12:42:33.962029: 
2026-01-03 12:42:33.965374: Epoch 103
2026-01-03 12:42:33.967811: Current learning rate: 0.00685
2026-01-03 12:43:12.727943: train_loss 0.6028
2026-01-03 12:43:12.736861: val_loss 1.1137
2026-01-03 12:43:12.739797: val classification accuracy 0.38
2026-01-03 12:43:12.742323: val auc 0.5
2026-01-03 12:43:12.745188: Epoch time: 38.77 s
2026-01-03 12:43:13.456552: 
2026-01-03 12:43:13.459863: Epoch 104
2026-01-03 12:43:13.462292: Current learning rate: 0.00682
2026-01-03 12:43:54.028167: train_loss 0.5662
2026-01-03 12:43:54.036173: val_loss 0.9427
2026-01-03 12:43:54.054945: val classification accuracy 0.48
2026-01-03 12:43:54.072194: val auc 0.4456
2026-01-03 12:43:54.104697: Epoch time: 40.57 s
2026-01-03 12:43:54.809153: 
2026-01-03 12:43:54.812338: Epoch 105
2026-01-03 12:43:54.814838: Current learning rate: 0.00679
2026-01-03 12:44:32.315545: train_loss 0.6288
2026-01-03 12:44:32.319945: val_loss 0.8207
2026-01-03 12:44:32.322750: val classification accuracy 0.58
2026-01-03 12:44:32.347239: val auc 0.5776
2026-01-03 12:44:32.351093: Epoch time: 37.51 s
2026-01-03 12:44:33.112103: 
2026-01-03 12:44:33.115811: Epoch 106
2026-01-03 12:44:33.118454: Current learning rate: 0.00675
2026-01-03 12:45:14.903781: train_loss 0.5943
2026-01-03 12:45:14.915915: val_loss 0.9902
2026-01-03 12:45:14.918757: val classification accuracy 0.44
2026-01-03 12:45:14.933509: val auc 0.4648
2026-01-03 12:45:14.937136: Epoch time: 41.79 s
2026-01-03 12:45:15.696740: 
2026-01-03 12:45:15.700008: Epoch 107
2026-01-03 12:45:15.702520: Current learning rate: 0.00672
2026-01-03 12:45:54.630458: train_loss 0.5604
2026-01-03 12:45:54.635161: val_loss 1.1716
2026-01-03 12:45:54.638124: val classification accuracy 0.52
2026-01-03 12:45:54.641172: val auc 0.528
2026-01-03 12:45:54.644132: Epoch time: 38.94 s
2026-01-03 12:45:55.431087: 
2026-01-03 12:45:55.434767: Epoch 108
2026-01-03 12:45:55.437224: Current learning rate: 0.00669
2026-01-03 12:46:32.130057: train_loss 0.5919
2026-01-03 12:46:32.134406: val_loss 0.9554
2026-01-03 12:46:32.137114: val classification accuracy 0.52
2026-01-03 12:46:32.139858: val auc 0.48
2026-01-03 12:46:32.142543: Epoch time: 36.7 s
2026-01-03 12:46:32.915095: 
2026-01-03 12:46:32.918570: Epoch 109
2026-01-03 12:46:32.921304: Current learning rate: 0.00666
2026-01-03 12:47:10.541708: train_loss 0.5986
2026-01-03 12:47:10.551723: val_loss 1.2423
2026-01-03 12:47:10.571862: val classification accuracy 0.42
2026-01-03 12:47:10.584304: val auc 0.4288
2026-01-03 12:47:10.587184: Epoch time: 37.63 s
2026-01-03 12:47:11.320638: 
2026-01-03 12:47:11.323995: Epoch 110
2026-01-03 12:47:11.326507: Current learning rate: 0.00663
2026-01-03 12:47:48.860949: train_loss 0.5758
2026-01-03 12:47:48.870174: val_loss 1.0909
2026-01-03 12:47:48.872940: val classification accuracy 0.44
2026-01-03 12:47:48.875399: val auc 0.4136
2026-01-03 12:47:48.877963: Epoch time: 37.54 s
2026-01-03 12:47:49.602834: 
2026-01-03 12:47:49.605824: Epoch 111
2026-01-03 12:47:49.608053: Current learning rate: 0.0066
2026-01-03 12:48:26.318553: train_loss 0.6298
2026-01-03 12:48:26.324296: val_loss 0.7983
2026-01-03 12:48:26.326897: val classification accuracy 0.5
2026-01-03 12:48:26.329564: val auc 0.5168
2026-01-03 12:48:26.332230: Epoch time: 36.72 s
2026-01-03 12:48:27.076168: 
2026-01-03 12:48:27.079564: Epoch 112
2026-01-03 12:48:27.082071: Current learning rate: 0.00657
2026-01-03 12:49:08.683897: train_loss 0.5466
2026-01-03 12:49:08.688432: val_loss 0.8618
2026-01-03 12:49:08.691062: val classification accuracy 0.6
2026-01-03 12:49:08.693473: val auc 0.6048
2026-01-03 12:49:08.696034: Epoch time: 41.61 s
2026-01-03 12:49:09.409003: 
2026-01-03 12:49:09.416898: Epoch 113
2026-01-03 12:49:09.419260: Current learning rate: 0.00654
2026-01-03 12:49:48.562167: train_loss 0.5801
2026-01-03 12:49:48.566640: val_loss 0.7504
2026-01-03 12:49:48.569654: val classification accuracy 0.56
2026-01-03 12:49:48.573611: val auc 0.6608
2026-01-03 12:49:48.577082: Epoch time: 39.15 s
2026-01-03 12:49:49.323051: 
2026-01-03 12:49:49.326486: Epoch 114
2026-01-03 12:49:49.329022: Current learning rate: 0.0065
2026-01-03 12:50:26.147003: train_loss 0.6094
2026-01-03 12:50:26.172729: val_loss 0.7569
2026-01-03 12:50:26.175686: val classification accuracy 0.46
2026-01-03 12:50:26.189793: val auc 0.5712
2026-01-03 12:50:26.192926: Epoch time: 36.83 s
2026-01-03 12:50:26.934690: 
2026-01-03 12:50:26.938096: Epoch 115
2026-01-03 12:50:26.940562: Current learning rate: 0.00647
2026-01-03 12:51:06.065843: train_loss 0.6004
2026-01-03 12:51:06.082864: val_loss 1.0376
2026-01-03 12:51:06.086298: val classification accuracy 0.44
2026-01-03 12:51:06.089328: val auc 0.464
2026-01-03 12:51:06.092297: Epoch time: 39.13 s
2026-01-03 12:51:06.866932: 
2026-01-03 12:51:06.870526: Epoch 116
2026-01-03 12:51:06.873392: Current learning rate: 0.00644
2026-01-03 12:51:44.375054: train_loss 0.5962
2026-01-03 12:51:44.387623: val_loss 1.1146
2026-01-03 12:51:44.391047: val classification accuracy 0.44
2026-01-03 12:51:44.394382: val auc 0.4064
2026-01-03 12:51:44.397232: Epoch time: 37.51 s
2026-01-03 12:51:45.122219: 
2026-01-03 12:51:45.126143: Epoch 117
2026-01-03 12:51:45.128841: Current learning rate: 0.00641
2026-01-03 12:52:22.477386: train_loss 0.6089
2026-01-03 12:52:22.498046: val_loss 0.8015
2026-01-03 12:52:22.500799: val classification accuracy 0.52
2026-01-03 12:52:22.503426: val auc 0.504
2026-01-03 12:52:22.506699: Epoch time: 37.36 s
2026-01-03 12:52:23.755174: 
2026-01-03 12:52:23.758476: Epoch 118
2026-01-03 12:52:23.761023: Current learning rate: 0.00638
2026-01-03 12:53:04.356184: train_loss 0.6172
2026-01-03 12:53:04.392240: val_loss 1.1853
2026-01-03 12:53:04.395476: val classification accuracy 0.56
2026-01-03 12:53:04.398537: val auc 0.5072
2026-01-03 12:53:04.401516: Epoch time: 40.6 s
2026-01-03 12:53:05.116943: 
2026-01-03 12:53:05.121102: Epoch 119
2026-01-03 12:53:05.123708: Current learning rate: 0.00635
2026-01-03 12:53:43.424486: train_loss 0.6353
2026-01-03 12:53:43.438018: val_loss 0.857
2026-01-03 12:53:43.452465: val classification accuracy 0.44
2026-01-03 12:53:43.460970: val auc 0.4464
2026-01-03 12:53:43.463954: Epoch time: 38.31 s
2026-01-03 12:53:44.226804: 
2026-01-03 12:53:44.230518: Epoch 120
2026-01-03 12:53:44.233146: Current learning rate: 0.00631
2026-01-03 12:54:21.827616: train_loss 0.5603
2026-01-03 12:54:21.843176: val_loss 1.4341
2026-01-03 12:54:21.845753: val classification accuracy 0.38
2026-01-03 12:54:21.848241: val auc 0.2984
2026-01-03 12:54:21.850945: Epoch time: 37.6 s
2026-01-03 12:54:22.573708: 
2026-01-03 12:54:22.577301: Epoch 121
2026-01-03 12:54:22.579790: Current learning rate: 0.00628
2026-01-03 12:55:01.276487: train_loss 0.5395
2026-01-03 12:55:01.300867: val_loss 1.0711
2026-01-03 12:55:01.310389: val classification accuracy 0.46
2026-01-03 12:55:01.313719: val auc 0.5152
2026-01-03 12:55:01.316352: Epoch time: 38.7 s
2026-01-03 12:55:02.057720: 
2026-01-03 12:55:02.060965: Epoch 122
2026-01-03 12:55:02.063239: Current learning rate: 0.00625
2026-01-03 12:55:40.262767: train_loss 0.5415
2026-01-03 12:55:40.331810: val_loss 1.0672
2026-01-03 12:55:40.349430: val classification accuracy 0.6
2026-01-03 12:55:40.352223: val auc 0.6288
2026-01-03 12:55:40.355091: Epoch time: 38.21 s
2026-01-03 12:55:41.066586: 
2026-01-03 12:55:41.070096: Epoch 123
2026-01-03 12:55:41.072639: Current learning rate: 0.00622
2026-01-03 12:56:19.258974: train_loss 0.5617
2026-01-03 12:56:19.263419: val_loss 0.9635
2026-01-03 12:56:19.266525: val classification accuracy 0.54
2026-01-03 12:56:19.269344: val auc 0.5328
2026-01-03 12:56:19.272004: Epoch time: 38.19 s
2026-01-03 12:56:20.030525: 
2026-01-03 12:56:20.034060: Epoch 124
2026-01-03 12:56:20.036623: Current learning rate: 0.00619
2026-01-03 12:56:58.279636: train_loss 0.5882
2026-01-03 12:56:58.286882: val_loss 0.9284
2026-01-03 12:56:58.306168: val classification accuracy 0.46
2026-01-03 12:56:58.311335: val auc 0.4328
2026-01-03 12:56:58.314392: Epoch time: 38.25 s
2026-01-03 12:56:59.056932: 
2026-01-03 12:56:59.060305: Epoch 125
2026-01-03 12:56:59.062757: Current learning rate: 0.00616
2026-01-03 12:57:34.717587: train_loss 0.5232
2026-01-03 12:57:34.730536: val_loss 1.9133
2026-01-03 12:57:34.733711: val classification accuracy 0.4
2026-01-03 12:57:34.761311: val auc 0.3632
2026-01-03 12:57:34.767401: Epoch time: 35.66 s
2026-01-03 12:57:35.500222: 
2026-01-03 12:57:35.503475: Epoch 126
2026-01-03 12:57:35.506197: Current learning rate: 0.00612
2026-01-03 12:58:11.532637: train_loss 0.637
2026-01-03 12:58:11.551370: val_loss 0.8449
2026-01-03 12:58:11.554680: val classification accuracy 0.42
2026-01-03 12:58:11.557689: val auc 0.4552
2026-01-03 12:58:11.560526: Epoch time: 36.03 s
2026-01-03 12:58:12.302717: 
2026-01-03 12:58:12.306221: Epoch 127
2026-01-03 12:58:12.308920: Current learning rate: 0.00609
2026-01-03 12:58:51.178713: train_loss 0.5763
2026-01-03 12:58:51.186094: val_loss 1.0171
2026-01-03 12:58:51.189527: val classification accuracy 0.54
2026-01-03 12:58:51.192364: val auc 0.5856
2026-01-03 12:58:51.197386: Epoch time: 38.88 s
2026-01-03 12:58:51.937016: 
2026-01-03 12:58:51.940562: Epoch 128
2026-01-03 12:58:51.943074: Current learning rate: 0.00606
2026-01-03 12:59:29.752952: train_loss 0.5924
2026-01-03 12:59:29.758062: val_loss 0.9168
2026-01-03 12:59:29.761306: val classification accuracy 0.62
2026-01-03 12:59:29.764016: val auc 0.5496
2026-01-03 12:59:29.766839: Epoch time: 37.82 s
2026-01-03 12:59:30.527110: 
2026-01-03 12:59:30.530606: Epoch 129
2026-01-03 12:59:30.533258: Current learning rate: 0.00603
2026-01-03 13:00:08.298825: train_loss 0.5884
2026-01-03 13:00:08.312198: val_loss 1.0449
2026-01-03 13:00:08.315450: val classification accuracy 0.48
2026-01-03 13:00:08.329351: val auc 0.5424
2026-01-03 13:00:08.357153: Epoch time: 37.77 s
2026-01-03 13:00:09.094990: 
2026-01-03 13:00:09.098826: Epoch 130
2026-01-03 13:00:09.101341: Current learning rate: 0.006
2026-01-03 13:00:45.210926: train_loss 0.6089
2026-01-03 13:00:45.219079: val_loss 0.8514
2026-01-03 13:00:45.222532: val classification accuracy 0.58
2026-01-03 13:00:45.225626: val auc 0.588
2026-01-03 13:00:45.228809: Epoch time: 36.12 s
2026-01-03 13:00:45.985538: 
2026-01-03 13:00:45.989179: Epoch 131
2026-01-03 13:00:45.991631: Current learning rate: 0.00597
2026-01-03 13:01:25.299426: train_loss 0.6267
2026-01-03 13:01:25.305634: val_loss 0.7484
2026-01-03 13:01:25.308391: val classification accuracy 0.52
2026-01-03 13:01:25.311675: val auc 0.5616
2026-01-03 13:01:25.314785: Epoch time: 39.32 s
2026-01-03 13:01:26.682548: 
2026-01-03 13:01:26.685681: Epoch 132
2026-01-03 13:01:26.688086: Current learning rate: 0.00593
2026-01-03 13:02:05.557660: train_loss 0.5623
2026-01-03 13:02:05.563013: val_loss 0.9386
2026-01-03 13:02:05.566178: val classification accuracy 0.52
2026-01-03 13:02:05.569398: val auc 0.6424
2026-01-03 13:02:05.596314: Epoch time: 38.88 s
2026-01-03 13:02:06.320598: 
2026-01-03 13:02:06.325033: Epoch 133
2026-01-03 13:02:06.327682: Current learning rate: 0.0059
2026-01-03 13:02:44.741961: train_loss 0.5015
2026-01-03 13:02:44.767272: val_loss 1.0994
2026-01-03 13:02:44.770539: val classification accuracy 0.6
2026-01-03 13:02:44.773761: val auc 0.5816
2026-01-03 13:02:44.777260: Epoch time: 38.42 s
2026-01-03 13:02:45.508555: 
2026-01-03 13:02:45.512184: Epoch 134
2026-01-03 13:02:45.514700: Current learning rate: 0.00587
2026-01-03 13:03:24.064927: train_loss 0.5978
2026-01-03 13:03:24.074306: val_loss 0.7746
2026-01-03 13:03:24.077673: val classification accuracy 0.44
2026-01-03 13:03:24.080545: val auc 0.472
2026-01-03 13:03:24.083228: Epoch time: 38.56 s
2026-01-03 13:03:24.824954: 
2026-01-03 13:03:24.828678: Epoch 135
2026-01-03 13:03:24.831357: Current learning rate: 0.00584
2026-01-03 13:04:05.863537: train_loss 0.5438
2026-01-03 13:04:05.869868: val_loss 1.0861
2026-01-03 13:04:05.882735: val classification accuracy 0.5
2026-01-03 13:04:05.885846: val auc 0.5776
2026-01-03 13:04:05.888581: Epoch time: 41.04 s
2026-01-03 13:04:06.654540: 
2026-01-03 13:04:06.657943: Epoch 136
2026-01-03 13:04:06.660175: Current learning rate: 0.00581
2026-01-03 13:04:44.607609: train_loss 0.5279
2026-01-03 13:04:44.613340: val_loss 1.1072
2026-01-03 13:04:44.620642: val classification accuracy 0.56
2026-01-03 13:04:44.641832: val auc 0.5808
2026-01-03 13:04:44.645384: Epoch time: 37.95 s
2026-01-03 13:04:45.357788: 
2026-01-03 13:04:45.361759: Epoch 137
2026-01-03 13:04:45.364422: Current learning rate: 0.00578
2026-01-03 13:05:23.848264: train_loss 0.5452
2026-01-03 13:05:23.885846: val_loss 1.001
2026-01-03 13:05:23.900630: val classification accuracy 0.52
2026-01-03 13:05:23.907049: val auc 0.5864
2026-01-03 13:05:23.909806: Epoch time: 38.49 s
2026-01-03 13:05:24.647281: 
2026-01-03 13:05:24.650572: Epoch 138
2026-01-03 13:05:24.653106: Current learning rate: 0.00574
2026-01-03 13:06:04.661110: train_loss 0.5671
2026-01-03 13:06:04.665624: val_loss 0.9409
2026-01-03 13:06:04.668172: val classification accuracy 0.54
2026-01-03 13:06:04.670732: val auc 0.5776
2026-01-03 13:06:04.673456: Epoch time: 40.02 s
2026-01-03 13:06:05.384165: 
2026-01-03 13:06:05.387532: Epoch 139
2026-01-03 13:06:05.389845: Current learning rate: 0.00571
2026-01-03 13:06:42.821594: train_loss 0.5694
2026-01-03 13:06:42.826229: val_loss 0.8917
2026-01-03 13:06:42.829412: val classification accuracy 0.44
2026-01-03 13:06:42.832224: val auc 0.472
2026-01-03 13:06:42.835078: Epoch time: 37.44 s
2026-01-03 13:06:43.565997: 
2026-01-03 13:06:43.569152: Epoch 140
2026-01-03 13:06:43.571718: Current learning rate: 0.00568
2026-01-03 13:07:21.311987: train_loss 0.5873
2026-01-03 13:07:21.317478: val_loss 1.2426
2026-01-03 13:07:21.326890: val classification accuracy 0.46
2026-01-03 13:07:21.330173: val auc 0.3568
2026-01-03 13:07:21.333192: Epoch time: 37.75 s
2026-01-03 13:07:22.071742: 
2026-01-03 13:07:22.075068: Epoch 141
2026-01-03 13:07:22.077555: Current learning rate: 0.00565
2026-01-03 13:08:00.724529: train_loss 0.5499
2026-01-03 13:08:00.730625: val_loss 1.0874
2026-01-03 13:08:00.733350: val classification accuracy 0.5
2026-01-03 13:08:00.736261: val auc 0.488
2026-01-03 13:08:00.739079: Epoch time: 38.65 s
2026-01-03 13:08:01.469943: 
2026-01-03 13:08:01.473658: Epoch 142
2026-01-03 13:08:01.476274: Current learning rate: 0.00562
2026-01-03 13:08:39.361634: train_loss 0.5604
2026-01-03 13:08:39.375079: val_loss 0.868
2026-01-03 13:08:39.432446: val classification accuracy 0.56
2026-01-03 13:08:39.435446: val auc 0.6096
2026-01-03 13:08:39.438409: Epoch time: 37.89 s
2026-01-03 13:08:40.175659: 
2026-01-03 13:08:40.179252: Epoch 143
2026-01-03 13:08:40.182041: Current learning rate: 0.00558
2026-01-03 13:09:19.852226: train_loss 0.5716
2026-01-03 13:09:19.857497: val_loss 0.9448
2026-01-03 13:09:19.860467: val classification accuracy 0.5
2026-01-03 13:09:19.863257: val auc 0.5648
2026-01-03 13:09:19.865939: Epoch time: 39.68 s
2026-01-03 13:09:20.643184: 
2026-01-03 13:09:20.646869: Epoch 144
2026-01-03 13:09:20.649663: Current learning rate: 0.00555
2026-01-03 13:10:00.981936: train_loss 0.5688
2026-01-03 13:10:00.987129: val_loss 0.8953
2026-01-03 13:10:00.990102: val classification accuracy 0.48
2026-01-03 13:10:00.999408: val auc 0.5088
2026-01-03 13:10:01.020138: Epoch time: 40.34 s
2026-01-03 13:10:01.766420: 
2026-01-03 13:10:01.769721: Epoch 145
2026-01-03 13:10:01.772384: Current learning rate: 0.00552
2026-01-03 13:10:43.140589: train_loss 0.5722
2026-01-03 13:10:43.148607: val_loss 1.0434
2026-01-03 13:10:43.152379: val classification accuracy 0.46
2026-01-03 13:10:43.155402: val auc 0.4816
2026-01-03 13:10:43.158503: Epoch time: 41.38 s
2026-01-03 13:10:43.915592: 
2026-01-03 13:10:43.919132: Epoch 146
2026-01-03 13:10:43.921845: Current learning rate: 0.00549
2026-01-03 13:11:21.764325: train_loss 0.5608
2026-01-03 13:11:21.777195: val_loss 1.1385
2026-01-03 13:11:21.786572: val classification accuracy 0.38
2026-01-03 13:11:21.790887: val auc 0.3496
2026-01-03 13:11:21.793916: Epoch time: 37.85 s
2026-01-03 13:11:22.547888: 
2026-01-03 13:11:22.551339: Epoch 147
2026-01-03 13:11:22.553834: Current learning rate: 0.00546
2026-01-03 13:12:03.241121: train_loss 0.5683
2026-01-03 13:12:03.259497: val_loss 0.921
2026-01-03 13:12:03.293924: val classification accuracy 0.52
2026-01-03 13:12:03.297398: val auc 0.6064
2026-01-03 13:12:03.300369: Epoch time: 40.69 s
2026-01-03 13:12:04.051017: 
2026-01-03 13:12:04.054331: Epoch 148
2026-01-03 13:12:04.056628: Current learning rate: 0.00542
2026-01-03 13:12:43.255503: train_loss 0.5675
2026-01-03 13:12:43.261307: val_loss 1.0344
2026-01-03 13:12:43.264779: val classification accuracy 0.46
2026-01-03 13:12:43.267924: val auc 0.4912
2026-01-03 13:12:43.271141: Epoch time: 39.21 s
2026-01-03 13:12:44.014918: 
2026-01-03 13:12:44.018211: Epoch 149
2026-01-03 13:12:44.020756: Current learning rate: 0.00539
2026-01-03 13:13:21.954356: train_loss 0.6089
2026-01-03 13:13:21.959588: val_loss 0.7585
2026-01-03 13:13:22.008641: val classification accuracy 0.56
2026-01-03 13:13:22.012046: val auc 0.5496
2026-01-03 13:13:22.015131: Epoch time: 37.94 s
2026-01-03 13:13:22.753932: 
2026-01-03 13:13:22.757284: Epoch 150
2026-01-03 13:13:22.759915: Current learning rate: 0.00536
2026-01-03 13:13:59.597956: train_loss 0.5693
2026-01-03 13:13:59.638750: val_loss 1.0208
2026-01-03 13:13:59.654163: val classification accuracy 0.48
2026-01-03 13:13:59.657430: val auc 0.456
2026-01-03 13:13:59.666056: Epoch time: 36.85 s
2026-01-03 13:14:00.408166: 
2026-01-03 13:14:00.411538: Epoch 151
2026-01-03 13:14:00.414045: Current learning rate: 0.00533
2026-01-03 13:14:38.729475: train_loss 0.5045
2026-01-03 13:14:38.762679: val_loss 1.4607
2026-01-03 13:14:38.766284: val classification accuracy 0.44
2026-01-03 13:14:38.773369: val auc 0.4528
2026-01-03 13:14:38.776207: Epoch time: 38.32 s
2026-01-03 13:14:39.524978: 
2026-01-03 13:14:39.528300: Epoch 152
2026-01-03 13:14:39.530634: Current learning rate: 0.00529
2026-01-03 13:15:16.820958: train_loss 0.4948
2026-01-03 13:15:16.837732: val_loss 1.2746
2026-01-03 13:15:16.841042: val classification accuracy 0.34
2026-01-03 13:15:16.845088: val auc 0.3584
2026-01-03 13:15:16.848006: Epoch time: 37.3 s
2026-01-03 13:15:17.627624: 
2026-01-03 13:15:17.631353: Epoch 153
2026-01-03 13:15:17.633988: Current learning rate: 0.00526
2026-01-03 13:15:53.784753: train_loss 0.5669
2026-01-03 13:15:53.789670: val_loss 0.9621
2026-01-03 13:15:53.795934: val classification accuracy 0.46
2026-01-03 13:15:53.807849: val auc 0.5344
2026-01-03 13:15:53.817184: Epoch time: 36.16 s
2026-01-03 13:15:54.527121: 
2026-01-03 13:15:54.530780: Epoch 154
2026-01-03 13:15:54.533359: Current learning rate: 0.00523
2026-01-03 13:16:29.982416: train_loss 0.5066
2026-01-03 13:16:30.003763: val_loss 1.1717
2026-01-03 13:16:30.007395: val classification accuracy 0.5
2026-01-03 13:16:30.010474: val auc 0.472
2026-01-03 13:16:30.013549: Epoch time: 35.46 s
2026-01-03 13:16:30.749546: 
2026-01-03 13:16:30.753523: Epoch 155
2026-01-03 13:16:30.756770: Current learning rate: 0.0052
2026-01-03 13:17:07.316186: train_loss 0.5053
2026-01-03 13:17:07.323863: val_loss 0.8311
2026-01-03 13:17:07.326558: val classification accuracy 0.58
2026-01-03 13:17:07.329130: val auc 0.5712
2026-01-03 13:17:07.331654: Epoch time: 36.57 s
2026-01-03 13:17:08.060642: 
2026-01-03 13:17:08.064246: Epoch 156
2026-01-03 13:17:08.066891: Current learning rate: 0.00517
2026-01-03 13:17:45.761735: train_loss 0.5297
2026-01-03 13:17:45.767577: val_loss 1.0408
2026-01-03 13:17:45.770479: val classification accuracy 0.54
2026-01-03 13:17:45.773803: val auc 0.5344
2026-01-03 13:17:45.777139: Epoch time: 37.7 s
2026-01-03 13:17:46.503544: 
2026-01-03 13:17:46.507045: Epoch 157
2026-01-03 13:17:46.509650: Current learning rate: 0.00513
2026-01-03 13:18:25.152273: train_loss 0.5437
2026-01-03 13:18:25.157377: val_loss 0.9038
2026-01-03 13:18:25.160454: val classification accuracy 0.54
2026-01-03 13:18:25.163655: val auc 0.6088
2026-01-03 13:18:25.166615: Epoch time: 38.65 s
2026-01-03 13:18:25.917419: 
2026-01-03 13:18:25.921101: Epoch 158
2026-01-03 13:18:25.923771: Current learning rate: 0.0051
2026-01-03 13:19:03.347300: train_loss 0.5421
2026-01-03 13:19:03.354628: val_loss 0.8399
2026-01-03 13:19:03.358499: val classification accuracy 0.6
2026-01-03 13:19:03.383728: val auc 0.6112
2026-01-03 13:19:03.408981: Epoch time: 37.43 s
2026-01-03 13:19:04.825792: 
2026-01-03 13:19:04.829588: Epoch 159
2026-01-03 13:19:04.832170: Current learning rate: 0.00507
2026-01-03 13:19:45.895939: train_loss 0.588
2026-01-03 13:19:45.900386: val_loss 0.9165
2026-01-03 13:19:45.903811: val classification accuracy 0.42
2026-01-03 13:19:45.906641: val auc 0.4752
2026-01-03 13:19:45.919325: Epoch time: 41.07 s
2026-01-03 13:19:46.665846: 
2026-01-03 13:19:46.669188: Epoch 160
2026-01-03 13:19:46.672006: Current learning rate: 0.00504
2026-01-03 13:20:24.844765: train_loss 0.5271
2026-01-03 13:20:24.849750: val_loss 0.9427
2026-01-03 13:20:24.852984: val classification accuracy 0.5
2026-01-03 13:20:24.856108: val auc 0.6392
2026-01-03 13:20:24.859068: Epoch time: 38.18 s
2026-01-03 13:20:25.591494: 
2026-01-03 13:20:25.594754: Epoch 161
2026-01-03 13:20:25.597475: Current learning rate: 0.005
2026-01-03 13:21:04.318805: train_loss 0.5386
2026-01-03 13:21:04.323072: val_loss 1.0607
2026-01-03 13:21:04.326515: val classification accuracy 0.52
2026-01-03 13:21:04.334839: val auc 0.6352
2026-01-03 13:21:04.337726: Epoch time: 38.73 s
2026-01-03 13:21:05.074037: 
2026-01-03 13:21:05.077701: Epoch 162
2026-01-03 13:21:05.080262: Current learning rate: 0.00497
2026-01-03 13:21:42.182814: train_loss 0.5315
2026-01-03 13:21:42.219696: val_loss 1.3506
2026-01-03 13:21:42.223555: val classification accuracy 0.36
2026-01-03 13:21:42.226303: val auc 0.3216
2026-01-03 13:21:42.229020: Epoch time: 37.11 s
2026-01-03 13:21:42.950335: 
2026-01-03 13:21:42.953790: Epoch 163
2026-01-03 13:21:42.956454: Current learning rate: 0.00494
2026-01-03 13:22:21.895535: train_loss 0.5851
2026-01-03 13:22:21.905645: val_loss 1.0453
2026-01-03 13:22:21.909087: val classification accuracy 0.5
2026-01-03 13:22:21.912092: val auc 0.4864
2026-01-03 13:22:21.915063: Epoch time: 38.95 s
2026-01-03 13:22:22.684844: 
2026-01-03 13:22:22.688281: Epoch 164
2026-01-03 13:22:22.690952: Current learning rate: 0.00491
2026-01-03 13:22:59.832600: train_loss 0.5667
2026-01-03 13:22:59.837276: val_loss 0.9065
2026-01-03 13:22:59.842586: val classification accuracy 0.48
2026-01-03 13:22:59.845765: val auc 0.5
2026-01-03 13:22:59.848866: Epoch time: 37.15 s
2026-01-03 13:23:00.590954: 
2026-01-03 13:23:00.598535: Epoch 165
2026-01-03 13:23:00.602277: Current learning rate: 0.00487
2026-01-03 13:23:41.566079: train_loss 0.4721
2026-01-03 13:23:41.570375: val_loss 1.5214
2026-01-03 13:23:41.573156: val classification accuracy 0.34
2026-01-03 13:23:41.575884: val auc 0.372
2026-01-03 13:23:41.578922: Epoch time: 40.98 s
2026-01-03 13:23:42.309732: 
2026-01-03 13:23:42.313193: Epoch 166
2026-01-03 13:23:42.315853: Current learning rate: 0.00484
2026-01-03 13:24:22.246657: train_loss 0.514
2026-01-03 13:24:22.254244: val_loss 0.8628
2026-01-03 13:24:22.257274: val classification accuracy 0.56
2026-01-03 13:24:22.259912: val auc 0.5848
2026-01-03 13:24:22.284130: Epoch time: 39.94 s
2026-01-03 13:24:22.994195: 
2026-01-03 13:24:22.997961: Epoch 167
2026-01-03 13:24:23.000733: Current learning rate: 0.00481
2026-01-03 13:24:59.963907: train_loss 0.5593
2026-01-03 13:24:59.968186: val_loss 1.2365
2026-01-03 13:24:59.971154: val classification accuracy 0.46
2026-01-03 13:24:59.973826: val auc 0.4872
2026-01-03 13:24:59.976422: Epoch time: 36.97 s
2026-01-03 13:25:00.739539: 
2026-01-03 13:25:00.742973: Epoch 168
2026-01-03 13:25:00.745663: Current learning rate: 0.00478
2026-01-03 13:25:39.525178: train_loss 0.5244
2026-01-03 13:25:39.530586: val_loss 1.1994
2026-01-03 13:25:39.568932: val classification accuracy 0.46
2026-01-03 13:25:39.577197: val auc 0.5776
2026-01-03 13:25:39.579887: Epoch time: 38.79 s
2026-01-03 13:25:40.280370: 
2026-01-03 13:25:40.283748: Epoch 169
2026-01-03 13:25:40.286377: Current learning rate: 0.00474
2026-01-03 13:26:20.719916: train_loss 0.5739
2026-01-03 13:26:20.731603: val_loss 1.0254
2026-01-03 13:26:20.734869: val classification accuracy 0.48
2026-01-03 13:26:20.738361: val auc 0.5256
2026-01-03 13:26:20.742198: Epoch time: 40.44 s
2026-01-03 13:26:21.504585: 
2026-01-03 13:26:21.508214: Epoch 170
2026-01-03 13:26:21.510816: Current learning rate: 0.00471
2026-01-03 13:26:57.792764: train_loss 0.5488
2026-01-03 13:26:57.805466: val_loss 1.0223
2026-01-03 13:26:57.817200: val classification accuracy 0.54
2026-01-03 13:26:57.820583: val auc 0.5104
2026-01-03 13:26:57.823698: Epoch time: 36.29 s
2026-01-03 13:26:58.593111: 
2026-01-03 13:26:58.596547: Epoch 171
2026-01-03 13:26:58.599182: Current learning rate: 0.00468
2026-01-03 13:27:37.196008: train_loss 0.5032
2026-01-03 13:27:37.208846: val_loss 0.935
2026-01-03 13:27:37.212028: val classification accuracy 0.5
2026-01-03 13:27:37.215023: val auc 0.5408
2026-01-03 13:27:37.219521: Epoch time: 38.6 s
2026-01-03 13:27:37.971005: 
2026-01-03 13:27:37.974927: Epoch 172
2026-01-03 13:27:37.977836: Current learning rate: 0.00465
2026-01-03 13:28:18.149854: train_loss 0.5293
2026-01-03 13:28:18.165147: val_loss 0.9197
2026-01-03 13:28:18.168542: val classification accuracy 0.56
2026-01-03 13:28:18.171644: val auc 0.6096
2026-01-03 13:28:18.174634: Epoch time: 40.18 s
2026-01-03 13:28:19.558629: 
2026-01-03 13:28:19.562165: Epoch 173
2026-01-03 13:28:19.564853: Current learning rate: 0.00461
2026-01-03 13:28:56.918808: train_loss 0.5396
2026-01-03 13:28:56.923502: val_loss 1.0183
2026-01-03 13:28:56.926482: val classification accuracy 0.54
2026-01-03 13:28:56.929071: val auc 0.5088
2026-01-03 13:28:56.931990: Epoch time: 37.36 s
2026-01-03 13:28:57.644227: 
2026-01-03 13:28:57.647525: Epoch 174
2026-01-03 13:28:57.650248: Current learning rate: 0.00458
2026-01-03 13:29:36.147202: train_loss 0.4891
2026-01-03 13:29:36.151897: val_loss 1.3682
2026-01-03 13:29:36.154675: val classification accuracy 0.54
2026-01-03 13:29:36.157637: val auc 0.5072
2026-01-03 13:29:36.160485: Epoch time: 38.5 s
2026-01-03 13:29:36.938418: 
2026-01-03 13:29:36.941980: Epoch 175
2026-01-03 13:29:36.944691: Current learning rate: 0.00455
2026-01-03 13:30:15.035598: train_loss 0.5509
2026-01-03 13:30:15.093391: val_loss 0.7868
2026-01-03 13:30:15.103138: val classification accuracy 0.58
2026-01-03 13:30:15.107646: val auc 0.6112
2026-01-03 13:30:15.110739: Epoch time: 38.1 s
2026-01-03 13:30:15.827594: 
2026-01-03 13:30:15.830967: Epoch 176
2026-01-03 13:30:15.833679: Current learning rate: 0.00452
2026-01-03 13:30:56.900584: train_loss 0.517
2026-01-03 13:30:56.906006: val_loss 1.1649
2026-01-03 13:30:56.908740: val classification accuracy 0.44
2026-01-03 13:30:56.911467: val auc 0.4784
2026-01-03 13:30:56.914068: Epoch time: 41.07 s
2026-01-03 13:30:57.624537: 
2026-01-03 13:30:57.629629: Epoch 177
2026-01-03 13:30:57.632375: Current learning rate: 0.00448
2026-01-03 13:31:36.520576: train_loss 0.5207
2026-01-03 13:31:36.525576: val_loss 1.1128
2026-01-03 13:31:36.551708: val classification accuracy 0.42
2026-01-03 13:31:36.581391: val auc 0.4944
2026-01-03 13:31:36.584307: Epoch time: 38.9 s
2026-01-03 13:31:37.343608: 
2026-01-03 13:31:37.346992: Epoch 178
2026-01-03 13:31:37.349678: Current learning rate: 0.00445
2026-01-03 13:32:16.302360: train_loss 0.5441
2026-01-03 13:32:16.307193: val_loss 1.2419
2026-01-03 13:32:16.310141: val classification accuracy 0.38
2026-01-03 13:32:16.313398: val auc 0.3536
2026-01-03 13:32:16.316848: Epoch time: 38.96 s
2026-01-03 13:32:17.031346: 
2026-01-03 13:32:17.034793: Epoch 179
2026-01-03 13:32:17.037384: Current learning rate: 0.00442
2026-01-03 13:32:52.792683: train_loss 0.5081
2026-01-03 13:32:52.798210: val_loss 0.6626
2026-01-03 13:32:52.801308: val classification accuracy 0.62
2026-01-03 13:32:52.804383: val auc 0.7152
2026-01-03 13:32:52.807609: Epoch time: 35.76 s
2026-01-03 13:32:55.501797: Saved periodic checkpoint /hpf/projects/jquon/sumin/nnUNet_data/nnUNet_results/Dataset033_AVM_T1+C/SEResNetTrainer_ep300_NoMirroring_x2__nnUNetResEncUNetLPlans__3d_fullres/fold_0/checkpoint_every20_best_balacc.pth at epoch 179 with val_balanced_accuracy=0.6200
2026-01-03 13:32:58.239625: Saved periodic checkpoint /hpf/projects/jquon/sumin/nnUNet_data/nnUNet_results/Dataset033_AVM_T1+C/SEResNetTrainer_ep300_NoMirroring_x2__nnUNetResEncUNetLPlans__3d_fullres/fold_0/checkpoint_every20_best_auroc.pth at epoch 179 with val_auc=0.7152
2026-01-03 13:32:58.914403: 
2026-01-03 13:32:58.918010: Epoch 180
2026-01-03 13:32:58.920847: Current learning rate: 0.00438
2026-01-03 13:33:38.141207: train_loss 0.5165
2026-01-03 13:33:38.146671: val_loss 0.9896
2026-01-03 13:33:38.151302: val classification accuracy 0.48
2026-01-03 13:33:38.154941: val auc 0.5728
2026-01-03 13:33:38.158119: Epoch time: 39.23 s
2026-01-03 13:33:38.881006: 
2026-01-03 13:33:38.884520: Epoch 181
2026-01-03 13:33:38.889337: Current learning rate: 0.00435
2026-01-03 13:34:18.074704: train_loss 0.5324
2026-01-03 13:34:18.082773: val_loss 1.0446
2026-01-03 13:34:18.085951: val classification accuracy 0.46
2026-01-03 13:34:18.090243: val auc 0.4656
2026-01-03 13:34:18.093419: Epoch time: 39.19 s
2026-01-03 13:34:18.852794: 
2026-01-03 13:34:18.856234: Epoch 182
2026-01-03 13:34:18.858700: Current learning rate: 0.00432
2026-01-03 13:34:57.589826: train_loss 0.5108
2026-01-03 13:34:57.627868: val_loss 1.2919
2026-01-03 13:34:57.631306: val classification accuracy 0.42
2026-01-03 13:34:57.634572: val auc 0.524
2026-01-03 13:34:57.637866: Epoch time: 38.74 s
2026-01-03 13:34:57.640639: Early stopping triggered at epoch 182. Best val_losses=0.5745
2026-01-03 13:34:58.368371: Stopping training early due to early stopping criterion.
2026-01-03 13:35:00.883320: Training done.
2026-01-03 13:35:00.931485: Skipping perform_actual_validation for classification trainer (segmentation-style sliding window is not applicable).
[1;34mwandb[0m: 
[1;34mwandb[0m:  View run [33mSEResNetTrainer_ep300_NoMirroring_x2_fold0[0m at: [34m[0m
[1;34mwandb[0m: Find logs at: [1;35m../../tmp/wandb/wandb/run-20260103_113343-lclyowz0/logs[0m
