Using device: cuda:0

#######################################################################
Please cite the following paper when using nnU-Net:
Isensee, F., Jaeger, P. F., Kohl, S. A., Petersen, J., & Maier-Hein, K. H. (2021). nnU-Net: a self-configuring method for deep learning-based biomedical image segmentation. Nature methods, 18(2), 203-211.
#######################################################################

2026-01-03 19:11:17.976603: Using torch.compile...
2026-01-03 19:11:23.070133: do_dummy_2d_data_aug: False
2026-01-03 19:11:23.073836: Using splits from existing split file: /hpf/projects/jquon/sumin/nnUNet_data/nnUNet_preprocessed/Dataset033_AVM_T1+C/splits_final.json
2026-01-03 19:11:23.077388: The split file contains 11 splits.
2026-01-03 19:11:23.079211: Desired fold for training: 8
2026-01-03 19:11:23.080832: This split has 464 training and 48 validation cases.
using pin_memory on device 0
using pin_memory on device 0

This is the configuration used by this training:
Configuration name: 3d_fullres
 {'data_identifier': 'nnUNetPlans_3d_fullres', 'preprocessor_name': 'DefaultPreprocessor', 'batch_size': 2, 'patch_size': [160, 224, 192], 'median_image_size_in_voxels': [344.0, 448.0, 429.0], 'spacing': [0.500000923871994, 0.4910714328289032, 0.4910714328289032], 'normalization_schemes': ['ZScoreNormalization'], 'use_mask_for_norm': [False], 'resampling_fn_data': 'resample_data_or_seg_to_shape', 'resampling_fn_seg': 'resample_data_or_seg_to_shape', 'resampling_fn_data_kwargs': {'is_seg': False, 'order': 3, 'order_z': 0, 'force_separate_z': None}, 'resampling_fn_seg_kwargs': {'is_seg': True, 'order': 1, 'order_z': 0, 'force_separate_z': None}, 'resampling_fn_probabilities': 'resample_data_or_seg_to_shape', 'resampling_fn_probabilities_kwargs': {'is_seg': False, 'order': 1, 'order_z': 0, 'force_separate_z': None}, 'architecture': {'network_class_name': 'dynamic_network_architectures.architectures.unet.ResidualEncoderUNet', 'arch_kwargs': {'n_stages': 6, 'features_per_stage': [32, 64, 128, 256, 320, 320], 'conv_op': 'torch.nn.modules.conv.Conv3d', 'kernel_sizes': [[3, 3, 3], [3, 3, 3], [3, 3, 3], [3, 3, 3], [3, 3, 3], [3, 3, 3]], 'strides': [[1, 1, 1], [2, 2, 2], [2, 2, 2], [2, 2, 2], [2, 2, 2], [2, 2, 2]], 'n_blocks_per_stage': [1, 3, 4, 6, 6, 6], 'n_conv_per_stage_decoder': [1, 1, 1, 1, 1], 'conv_bias': True, 'norm_op': 'torch.nn.modules.instancenorm.InstanceNorm3d', 'norm_op_kwargs': {'eps': 1e-05, 'affine': True}, 'dropout_op': None, 'dropout_op_kwargs': None, 'nonlin': 'torch.nn.LeakyReLU', 'nonlin_kwargs': {'inplace': True}}, '_kw_requires_import': ['conv_op', 'norm_op', 'dropout_op', 'nonlin']}, 'batch_dice': True} 

These are the global plan.json settings:
 {'dataset_name': 'Dataset033_AVM_T1+C', 'plans_name': 'nnUNetResEncUNetLPlans', 'original_median_spacing_after_transp': [0.500000923871994, 0.4910714328289032, 0.4910714328289032], 'original_median_shape_after_transp': [330, 448, 424], 'image_reader_writer': 'SimpleITKIO', 'transpose_forward': [0, 1, 2], 'transpose_backward': [0, 1, 2], 'experiment_planner_used': 'nnUNetPlannerResEncL', 'label_manager': 'LabelManager', 'foreground_intensity_properties_per_channel': {'0': {'max': 12113.0, 'mean': 449.843505859375, 'median': 311.0, 'min': 0.0, 'percentile_00_5': 34.0, 'percentile_99_5': 3202.0, 'std': 471.56329345703125}}} 

2026-01-03 19:11:26.286798: Unable to plot network architecture: nnUNet_compile is enabled!
2026-01-03 19:11:26.315162: 
2026-01-03 19:11:26.318417: Epoch 0
2026-01-03 19:11:26.321579: Current learning rate: 0.01
2026-01-03 19:12:59.448641: train_loss 1.3762
2026-01-03 19:12:59.452664: val_loss 2.144
2026-01-03 19:12:59.454927: val classification accuracy 0.3958
2026-01-03 19:12:59.457308: val auc 0.3351
2026-01-03 19:12:59.459550: Epoch time: 93.14 s
2026-01-03 19:12:59.461503: Yayy! New best EMA pseudo Dice: 0.3351
2026-01-03 19:13:01.642622: Yayy! New best classification accuracy: 0.3958
2026-01-03 19:13:04.285737: 
2026-01-03 19:13:04.288635: Epoch 1
2026-01-03 19:13:04.290706: Current learning rate: 0.00997
2026-01-03 19:14:01.320427: train_loss 0.9404
2026-01-03 19:14:01.356200: val_loss 0.629
2026-01-03 19:14:01.364726: val classification accuracy 0.5417
2026-01-03 19:14:01.383367: val auc 0.6589
2026-01-03 19:14:01.389297: Epoch time: 57.04 s
2026-01-03 19:14:01.391498: Yayy! New best EMA pseudo Dice: 0.6589
2026-01-03 19:14:04.062656: Yayy! New best classification accuracy: 0.5417
2026-01-03 19:14:07.052650: 
2026-01-03 19:14:07.055545: Epoch 2
2026-01-03 19:14:07.057708: Current learning rate: 0.00994
2026-01-03 19:14:59.038624: train_loss 0.7655
2026-01-03 19:14:59.048061: val_loss 0.7323
2026-01-03 19:14:59.051013: val classification accuracy 0.4792
2026-01-03 19:14:59.053885: val auc 0.3767
2026-01-03 19:14:59.058054: Epoch time: 51.99 s
2026-01-03 19:15:00.075687: 
2026-01-03 19:15:00.079127: Epoch 3
2026-01-03 19:15:00.081788: Current learning rate: 0.00991
2026-01-03 19:15:57.771233: train_loss 0.7114
2026-01-03 19:15:57.775180: val_loss 3.2655
2026-01-03 19:15:57.777797: val classification accuracy 0.4583
2026-01-03 19:15:57.780147: val auc 0.3715
2026-01-03 19:15:57.782637: Epoch time: 57.7 s
2026-01-03 19:15:58.614216: 
2026-01-03 19:15:58.617134: Epoch 4
2026-01-03 19:15:58.619047: Current learning rate: 0.00988
2026-01-03 19:16:59.021443: train_loss 0.6953
2026-01-03 19:16:59.030628: val_loss 1.0552
2026-01-03 19:16:59.034048: val classification accuracy 0.5833
2026-01-03 19:16:59.037487: val auc 0.5642
2026-01-03 19:16:59.073680: Epoch time: 60.41 s
2026-01-03 19:16:59.076392: Yayy! New best classification accuracy: 0.5833
2026-01-03 19:17:02.528019: 
2026-01-03 19:17:02.531139: Epoch 5
2026-01-03 19:17:02.533583: Current learning rate: 0.00985
2026-01-03 19:18:00.350959: train_loss 0.7001
2026-01-03 19:18:00.368639: val_loss 0.7732
2026-01-03 19:18:00.371334: val classification accuracy 0.5417
2026-01-03 19:18:00.373478: val auc 0.4236
2026-01-03 19:18:00.375676: Epoch time: 57.82 s
2026-01-03 19:18:01.238918: 
2026-01-03 19:18:01.241492: Epoch 6
2026-01-03 19:18:01.243279: Current learning rate: 0.00982
2026-01-03 19:18:57.176018: train_loss 0.6971
2026-01-03 19:18:57.197353: val_loss 2.2138
2026-01-03 19:18:57.200165: val classification accuracy 0.5625
2026-01-03 19:18:57.202591: val auc 0.5556
2026-01-03 19:18:57.205209: Epoch time: 55.94 s
2026-01-03 19:18:58.159725: 
2026-01-03 19:18:58.163143: Epoch 7
2026-01-03 19:18:58.165024: Current learning rate: 0.00979
2026-01-03 19:19:49.543749: train_loss 0.6835
2026-01-03 19:19:49.547929: val_loss 0.9052
2026-01-03 19:19:49.550710: val classification accuracy 0.6458
2026-01-03 19:19:49.553152: val auc 0.6927
2026-01-03 19:19:49.555427: Epoch time: 51.39 s
2026-01-03 19:19:49.557469: Yayy! New best EMA pseudo Dice: 0.6927
2026-01-03 19:19:52.512181: Yayy! New best classification accuracy: 0.6458
2026-01-03 19:19:55.272467: 
2026-01-03 19:19:55.274988: Epoch 8
2026-01-03 19:19:55.276855: Current learning rate: 0.00976
2026-01-03 19:20:50.025600: train_loss 0.6988
2026-01-03 19:20:50.029768: val_loss 1.2791
2026-01-03 19:20:50.032386: val classification accuracy 0.4375
2026-01-03 19:20:50.035287: val auc 0.4592
2026-01-03 19:20:50.037894: Epoch time: 54.75 s
2026-01-03 19:20:50.885252: 
2026-01-03 19:20:50.889114: Epoch 9
2026-01-03 19:20:50.891213: Current learning rate: 0.00973
2026-01-03 19:21:43.041309: train_loss 0.6926
2026-01-03 19:21:43.046834: val_loss 0.6268
2026-01-03 19:21:43.050519: val classification accuracy 0.5833
2026-01-03 19:21:43.053310: val auc 0.6076
2026-01-03 19:21:43.056506: Epoch time: 52.16 s
2026-01-03 19:21:44.066369: 
2026-01-03 19:21:44.070346: Epoch 10
2026-01-03 19:21:44.073183: Current learning rate: 0.0097
2026-01-03 19:22:36.152125: train_loss 0.6889
2026-01-03 19:22:36.193025: val_loss 2.2204
2026-01-03 19:22:36.196669: val classification accuracy 0.4792
2026-01-03 19:22:36.199949: val auc 0.4375
2026-01-03 19:22:36.204661: Epoch time: 52.09 s
2026-01-03 19:22:37.064215: 
2026-01-03 19:22:37.067204: Epoch 11
2026-01-03 19:22:37.069797: Current learning rate: 0.00967
2026-01-03 19:23:31.178194: WARNING: NaNs or Infs in validation probabilities at epoch 11. Sanitizing with nan_to_num before metrics.
2026-01-03 19:23:31.211432: train_loss 0.6716
2026-01-03 19:23:31.220372: val_loss nan
2026-01-03 19:23:31.224280: val classification accuracy 0.5208
2026-01-03 19:23:31.229478: val auc 0.4792
2026-01-03 19:23:31.232697: Epoch time: 54.15 s
2026-01-03 19:23:32.221393: 
2026-01-03 19:23:32.225159: Epoch 12
2026-01-03 19:23:32.227808: Current learning rate: 0.00964
2026-01-03 19:24:24.523739: train_loss 0.6875
2026-01-03 19:24:24.529315: val_loss 2.6383
2026-01-03 19:24:24.532082: val classification accuracy 0.5833
2026-01-03 19:24:24.535177: val auc 0.6606
2026-01-03 19:24:24.538211: Epoch time: 52.3 s
2026-01-03 19:24:25.425551: 
2026-01-03 19:24:25.429523: Epoch 13
2026-01-03 19:24:25.432488: Current learning rate: 0.00961
2026-01-03 19:25:19.441515: train_loss 0.6887
2026-01-03 19:25:19.453286: val_loss 0.999
2026-01-03 19:25:19.456462: val classification accuracy 0.5417
2026-01-03 19:25:19.485974: val auc 0.5148
2026-01-03 19:25:19.489355: Epoch time: 54.02 s
2026-01-03 19:25:20.399066: 
2026-01-03 19:25:20.403625: Epoch 14
2026-01-03 19:25:20.406841: Current learning rate: 0.00958
2026-01-03 19:26:11.462534: train_loss 0.6909
2026-01-03 19:26:11.494272: val_loss 0.8837
2026-01-03 19:26:11.498452: val classification accuracy 0.4792
2026-01-03 19:26:11.501948: val auc 0.4965
2026-01-03 19:26:11.505567: Epoch time: 51.06 s
2026-01-03 19:26:12.466968: 
2026-01-03 19:26:12.471187: Epoch 15
2026-01-03 19:26:12.474253: Current learning rate: 0.00955
2026-01-03 19:27:07.193579: train_loss 0.6893
2026-01-03 19:27:07.225282: val_loss 0.5504
2026-01-03 19:27:07.246462: val classification accuracy 0.6667
2026-01-03 19:27:07.250137: val auc 0.7726
2026-01-03 19:27:07.253185: Epoch time: 54.73 s
2026-01-03 19:27:07.256147: Yayy! New best EMA pseudo Dice: 0.7726
2026-01-03 19:27:09.868819: Yayy! New best classification accuracy: 0.6667
2026-01-03 19:27:12.560660: 
2026-01-03 19:27:12.563957: Epoch 16
2026-01-03 19:27:12.566134: Current learning rate: 0.00952
2026-01-03 19:28:05.145558: train_loss 0.6919
2026-01-03 19:28:05.171024: val_loss 0.6695
2026-01-03 19:28:05.175333: val classification accuracy 0.5833
2026-01-03 19:28:05.178063: val auc 0.6354
2026-01-03 19:28:05.181144: Epoch time: 52.59 s
2026-01-03 19:28:06.029823: 
2026-01-03 19:28:06.033239: Epoch 17
2026-01-03 19:28:06.035577: Current learning rate: 0.00949
2026-01-03 19:28:58.166773: train_loss 0.671
2026-01-03 19:28:58.172518: val_loss 0.8767
2026-01-03 19:28:58.176439: val classification accuracy 0.4167
2026-01-03 19:28:58.181816: val auc 0.4236
2026-01-03 19:28:58.231622: Epoch time: 52.14 s
2026-01-03 19:28:59.039588: 
2026-01-03 19:28:59.042896: Epoch 18
2026-01-03 19:28:59.045203: Current learning rate: 0.00946
2026-01-03 19:29:51.425094: train_loss 0.6894
2026-01-03 19:29:51.429761: val_loss 1.243
2026-01-03 19:29:51.432858: val classification accuracy 0.5833
2026-01-03 19:29:51.435815: val auc 0.5061
2026-01-03 19:29:51.438548: Epoch time: 52.39 s
2026-01-03 19:29:52.250036: 
2026-01-03 19:29:52.253774: Epoch 19
2026-01-03 19:29:52.256433: Current learning rate: 0.00943
2026-01-03 19:30:48.212454: train_loss 0.6875
2026-01-03 19:30:48.217343: val_loss 0.729
2026-01-03 19:30:48.220664: val classification accuracy 0.5625
2026-01-03 19:30:48.223490: val auc 0.4939
2026-01-03 19:30:48.226664: Epoch time: 55.96 s
2026-01-03 19:30:50.842304: Saved periodic checkpoint /hpf/projects/jquon/sumin/nnUNet_data/nnUNet_results/Dataset033_AVM_T1+C/SEResNetTrainer_ep300_NoMirroring_x2__nnUNetResEncUNetLPlans__3d_fullres/fold_8/checkpoint_every20_best_balacc.pth at epoch 19 with val_balanced_accuracy=0.5625
2026-01-03 19:30:52.916954: Saved periodic checkpoint /hpf/projects/jquon/sumin/nnUNet_data/nnUNet_results/Dataset033_AVM_T1+C/SEResNetTrainer_ep300_NoMirroring_x2__nnUNetResEncUNetLPlans__3d_fullres/fold_8/checkpoint_every20_best_auroc.pth at epoch 19 with val_auc=0.4939
2026-01-03 19:30:53.693161: 
2026-01-03 19:30:53.696896: Epoch 20
2026-01-03 19:30:53.699302: Current learning rate: 0.0094
2026-01-03 19:31:49.894446: train_loss 0.6862
2026-01-03 19:31:49.898755: val_loss 1.0631
2026-01-03 19:31:49.905392: val classification accuracy 0.5417
2026-01-03 19:31:49.908823: val auc 0.5477
2026-01-03 19:31:49.911921: Epoch time: 56.2 s
2026-01-03 19:31:50.744437: 
2026-01-03 19:31:50.748222: Epoch 21
2026-01-03 19:31:50.750846: Current learning rate: 0.00937
2026-01-03 19:32:44.062918: train_loss 0.6874
2026-01-03 19:32:44.074650: val_loss 0.682
2026-01-03 19:32:44.078156: val classification accuracy 0.625
2026-01-03 19:32:44.081408: val auc 0.6259
2026-01-03 19:32:44.084893: Epoch time: 53.32 s
2026-01-03 19:32:45.640561: 
2026-01-03 19:32:45.644299: Epoch 22
2026-01-03 19:32:45.646810: Current learning rate: 0.00934
2026-01-03 19:33:41.049007: train_loss 0.6865
2026-01-03 19:33:41.053252: val_loss 0.7392
2026-01-03 19:33:41.056340: val classification accuracy 0.5833
2026-01-03 19:33:41.059319: val auc 0.4297
2026-01-03 19:33:41.062123: Epoch time: 55.41 s
2026-01-03 19:33:41.986647: 
2026-01-03 19:33:41.990791: Epoch 23
2026-01-03 19:33:41.993762: Current learning rate: 0.00931
2026-01-03 19:34:38.881205: train_loss 0.6909
2026-01-03 19:34:38.896374: val_loss 0.6482
2026-01-03 19:34:38.899702: val classification accuracy 0.6458
2026-01-03 19:34:38.902438: val auc 0.6736
2026-01-03 19:34:38.905357: Epoch time: 56.9 s
2026-01-03 19:34:39.762551: 
2026-01-03 19:34:39.766114: Epoch 24
2026-01-03 19:34:39.768907: Current learning rate: 0.00928
2026-01-03 19:35:31.350211: train_loss 0.6876
2026-01-03 19:35:31.354845: val_loss 0.6341
2026-01-03 19:35:31.358104: val classification accuracy 0.625
2026-01-03 19:35:31.361050: val auc 0.6806
2026-01-03 19:35:31.364020: Epoch time: 51.59 s
2026-01-03 19:35:32.193746: 
2026-01-03 19:35:32.198509: Epoch 25
2026-01-03 19:35:32.201368: Current learning rate: 0.00925
2026-01-03 19:36:22.027065: train_loss 0.6867
2026-01-03 19:36:22.055544: val_loss 0.7052
2026-01-03 19:36:22.058518: val classification accuracy 0.5417
2026-01-03 19:36:22.061493: val auc 0.5295
2026-01-03 19:36:22.066977: Epoch time: 49.83 s
2026-01-03 19:36:22.909078: 
2026-01-03 19:36:22.912707: Epoch 26
2026-01-03 19:36:22.915328: Current learning rate: 0.00922
2026-01-03 19:37:16.142586: train_loss 0.6577
2026-01-03 19:37:16.147408: val_loss 0.7544
2026-01-03 19:37:16.151148: val classification accuracy 0.5417
2026-01-03 19:37:16.155034: val auc 0.5243
2026-01-03 19:37:16.158510: Epoch time: 53.23 s
2026-01-03 19:37:17.098419: 
2026-01-03 19:37:17.102554: Epoch 27
2026-01-03 19:37:17.106061: Current learning rate: 0.00919
2026-01-03 19:38:12.127316: train_loss 0.693
2026-01-03 19:38:12.135164: val_loss 0.7007
2026-01-03 19:38:12.138109: val classification accuracy 0.5
2026-01-03 19:38:12.140902: val auc 0.4783
2026-01-03 19:38:12.157062: Epoch time: 55.03 s
2026-01-03 19:38:12.998378: 
2026-01-03 19:38:13.002552: Epoch 28
2026-01-03 19:38:13.005366: Current learning rate: 0.00916
2026-01-03 19:39:07.151249: train_loss 0.695
2026-01-03 19:39:07.155404: val_loss 0.6817
2026-01-03 19:39:07.158430: val classification accuracy 0.5833
2026-01-03 19:39:07.161053: val auc 0.5547
2026-01-03 19:39:07.163927: Epoch time: 54.15 s
2026-01-03 19:39:08.049156: 
2026-01-03 19:39:08.052952: Epoch 29
2026-01-03 19:39:08.055361: Current learning rate: 0.00913
2026-01-03 19:40:04.364004: train_loss 0.6842
2026-01-03 19:40:04.391529: val_loss 0.7571
2026-01-03 19:40:04.395277: val classification accuracy 0.5417
2026-01-03 19:40:04.399174: val auc 0.5486
2026-01-03 19:40:04.447752: Epoch time: 56.32 s
2026-01-03 19:40:05.336174: 
2026-01-03 19:40:05.340210: Epoch 30
2026-01-03 19:40:05.342861: Current learning rate: 0.0091
2026-01-03 19:40:58.502822: train_loss 0.6814
2026-01-03 19:40:58.507234: val_loss 1.4936
2026-01-03 19:40:58.511273: val classification accuracy 0.5625
2026-01-03 19:40:58.514211: val auc 0.5964
2026-01-03 19:40:58.516931: Epoch time: 53.17 s
2026-01-03 19:40:59.368303: 
2026-01-03 19:40:59.371858: Epoch 31
2026-01-03 19:40:59.374240: Current learning rate: 0.00907
2026-01-03 19:41:56.194662: train_loss 0.6585
2026-01-03 19:41:56.205200: val_loss 0.8486
2026-01-03 19:41:56.207988: val classification accuracy 0.4583
2026-01-03 19:41:56.210502: val auc 0.4167
2026-01-03 19:41:56.213129: Epoch time: 56.83 s
2026-01-03 19:41:57.084360: 
2026-01-03 19:41:57.088107: Epoch 32
2026-01-03 19:41:57.090596: Current learning rate: 0.00903
2026-01-03 19:42:46.919818: train_loss 0.6235
2026-01-03 19:42:46.930809: val_loss 0.9325
2026-01-03 19:42:46.934283: val classification accuracy 0.4792
2026-01-03 19:42:46.937563: val auc 0.4618
2026-01-03 19:42:46.940432: Epoch time: 49.84 s
2026-01-03 19:42:47.814862: 
2026-01-03 19:42:47.818671: Epoch 33
2026-01-03 19:42:47.821270: Current learning rate: 0.009
2026-01-03 19:43:39.969954: train_loss 0.6733
2026-01-03 19:43:39.975490: val_loss 0.6801
2026-01-03 19:43:39.978805: val classification accuracy 0.625
2026-01-03 19:43:39.982032: val auc 0.6328
2026-01-03 19:43:39.985173: Epoch time: 52.16 s
2026-01-03 19:43:40.869102: 
2026-01-03 19:43:40.873065: Epoch 34
2026-01-03 19:43:40.876154: Current learning rate: 0.00897
2026-01-03 19:44:35.897102: train_loss 0.678
2026-01-03 19:44:35.901741: val_loss 0.7994
2026-01-03 19:44:35.904550: val classification accuracy 0.625
2026-01-03 19:44:35.921407: val auc 0.5955
2026-01-03 19:44:35.946648: Epoch time: 55.03 s
2026-01-03 19:44:36.871716: 
2026-01-03 19:44:36.875634: Epoch 35
2026-01-03 19:44:36.878259: Current learning rate: 0.00894
2026-01-03 19:45:32.339196: train_loss 0.66
2026-01-03 19:45:32.345172: val_loss 0.7215
2026-01-03 19:45:32.348258: val classification accuracy 0.5208
2026-01-03 19:45:32.351575: val auc 0.6076
2026-01-03 19:45:32.354693: Epoch time: 55.47 s
2026-01-03 19:45:33.206068: 
2026-01-03 19:45:33.209666: Epoch 36
2026-01-03 19:45:33.212288: Current learning rate: 0.00891
2026-01-03 19:46:28.790564: train_loss 0.6814
2026-01-03 19:46:28.794702: val_loss 0.653
2026-01-03 19:46:28.798267: val classification accuracy 0.625
2026-01-03 19:46:28.801207: val auc 0.658
2026-01-03 19:46:28.839592: Epoch time: 55.59 s
2026-01-03 19:46:29.726742: 
2026-01-03 19:46:29.730222: Epoch 37
2026-01-03 19:46:29.732731: Current learning rate: 0.00888
2026-01-03 19:47:22.090826: train_loss 0.6441
2026-01-03 19:47:22.098625: val_loss 0.6798
2026-01-03 19:47:22.101959: val classification accuracy 0.625
2026-01-03 19:47:22.104917: val auc 0.6753
2026-01-03 19:47:22.107859: Epoch time: 52.37 s
2026-01-03 19:47:23.074530: 
2026-01-03 19:47:23.079702: Epoch 38
2026-01-03 19:47:23.083485: Current learning rate: 0.00885
2026-01-03 19:48:15.480167: train_loss 0.6591
2026-01-03 19:48:15.534490: val_loss 0.7653
2026-01-03 19:48:15.538364: val classification accuracy 0.4792
2026-01-03 19:48:15.541826: val auc 0.4132
2026-01-03 19:48:15.545552: Epoch time: 52.41 s
2026-01-03 19:48:16.455574: 
2026-01-03 19:48:16.458738: Epoch 39
2026-01-03 19:48:16.461199: Current learning rate: 0.00882
2026-01-03 19:49:11.785755: train_loss 0.6725
2026-01-03 19:49:11.791456: val_loss 0.6924
2026-01-03 19:49:11.794583: val classification accuracy 0.5833
2026-01-03 19:49:11.797508: val auc 0.6415
2026-01-03 19:49:11.800298: Epoch time: 55.33 s
2026-01-03 19:49:14.562407: Saved periodic checkpoint /hpf/projects/jquon/sumin/nnUNet_data/nnUNet_results/Dataset033_AVM_T1+C/SEResNetTrainer_ep300_NoMirroring_x2__nnUNetResEncUNetLPlans__3d_fullres/fold_8/checkpoint_every20_best_balacc.pth at epoch 39 with val_balanced_accuracy=0.5833
2026-01-03 19:49:16.506392: Saved periodic checkpoint /hpf/projects/jquon/sumin/nnUNet_data/nnUNet_results/Dataset033_AVM_T1+C/SEResNetTrainer_ep300_NoMirroring_x2__nnUNetResEncUNetLPlans__3d_fullres/fold_8/checkpoint_every20_best_auroc.pth at epoch 39 with val_auc=0.6415
2026-01-03 19:49:17.248204: 
2026-01-03 19:49:17.251638: Epoch 40
2026-01-03 19:49:17.254173: Current learning rate: 0.00879
2026-01-03 19:50:11.785919: train_loss 0.6745
2026-01-03 19:50:11.811769: val_loss 0.7001
2026-01-03 19:50:11.816053: val classification accuracy 0.6875
2026-01-03 19:50:11.819823: val auc 0.6441
2026-01-03 19:50:11.823647: Epoch time: 54.54 s
2026-01-03 19:50:11.827063: Yayy! New best classification accuracy: 0.6875
2026-01-03 19:50:15.187716: 
2026-01-03 19:50:15.191194: Epoch 41
2026-01-03 19:50:15.193853: Current learning rate: 0.00876
2026-01-03 19:51:08.148813: train_loss 0.6332
2026-01-03 19:51:08.152893: val_loss 0.817
2026-01-03 19:51:08.155921: val classification accuracy 0.5833
2026-01-03 19:51:08.158894: val auc 0.6997
2026-01-03 19:51:08.161572: Epoch time: 52.96 s
2026-01-03 19:51:08.943501: 
2026-01-03 19:51:08.947194: Epoch 42
2026-01-03 19:51:08.949838: Current learning rate: 0.00873
2026-01-03 19:51:57.192325: train_loss 0.7316
2026-01-03 19:51:57.197282: val_loss 0.6901
2026-01-03 19:51:57.200493: val classification accuracy 0.5
2026-01-03 19:51:57.203272: val auc 0.7144
2026-01-03 19:51:57.206043: Epoch time: 48.25 s
2026-01-03 19:51:58.049399: 
2026-01-03 19:51:58.053171: Epoch 43
2026-01-03 19:51:58.055955: Current learning rate: 0.0087
2026-01-03 19:52:52.006693: train_loss 0.688
2026-01-03 19:52:52.019610: val_loss 0.6604
2026-01-03 19:52:52.023496: val classification accuracy 0.5625
2026-01-03 19:52:52.028647: val auc 0.6493
2026-01-03 19:52:52.031325: Epoch time: 53.96 s
2026-01-03 19:52:52.941190: 
2026-01-03 19:52:52.944677: Epoch 44
2026-01-03 19:52:52.947177: Current learning rate: 0.00867
2026-01-03 19:53:44.743056: train_loss 0.6809
2026-01-03 19:53:44.748096: val_loss 0.6888
2026-01-03 19:53:44.751158: val classification accuracy 0.4792
2026-01-03 19:53:44.754134: val auc 0.5885
2026-01-03 19:53:44.757818: Epoch time: 51.8 s
2026-01-03 19:53:45.635675: 
2026-01-03 19:53:45.639721: Epoch 45
2026-01-03 19:53:45.642652: Current learning rate: 0.00864
2026-01-03 19:54:40.074606: train_loss 0.6664
2026-01-03 19:54:40.078967: val_loss 0.7394
2026-01-03 19:54:40.082404: val classification accuracy 0.4792
2026-01-03 19:54:40.106470: val auc 0.6146
2026-01-03 19:54:40.109838: Epoch time: 54.44 s
2026-01-03 19:54:40.958891: 
2026-01-03 19:54:40.962200: Epoch 46
2026-01-03 19:54:40.964645: Current learning rate: 0.00861
2026-01-03 19:55:34.279419: train_loss 0.6722
2026-01-03 19:55:34.320390: val_loss 0.7077
2026-01-03 19:55:34.357817: val classification accuracy 0.6042
2026-01-03 19:55:34.364472: val auc 0.6597
2026-01-03 19:55:34.368227: Epoch time: 53.32 s
2026-01-03 19:55:35.191782: 
2026-01-03 19:55:35.196381: Epoch 47
2026-01-03 19:55:35.199560: Current learning rate: 0.00858
2026-01-03 19:56:26.590412: train_loss 0.6795
2026-01-03 19:56:26.595670: val_loss 1.0808
2026-01-03 19:56:26.599581: val classification accuracy 0.4792
2026-01-03 19:56:26.602835: val auc 0.4878
2026-01-03 19:56:26.605524: Epoch time: 51.4 s
2026-01-03 19:56:27.475561: 
2026-01-03 19:56:27.479262: Epoch 48
2026-01-03 19:56:27.482140: Current learning rate: 0.00855
2026-01-03 19:57:24.218634: train_loss 0.6589
2026-01-03 19:57:24.223941: val_loss 1.505
2026-01-03 19:57:24.226589: val classification accuracy 0.4583
2026-01-03 19:57:24.235166: val auc 0.3802
2026-01-03 19:57:24.243106: Epoch time: 56.74 s
2026-01-03 19:57:25.966459: 
2026-01-03 19:57:25.970298: Epoch 49
2026-01-03 19:57:25.973001: Current learning rate: 0.00852
2026-01-03 19:58:23.573575: train_loss 0.624
2026-01-03 19:58:23.577987: val_loss 0.7446
2026-01-03 19:58:23.580991: val classification accuracy 0.5833
2026-01-03 19:58:23.583531: val auc 0.5833
2026-01-03 19:58:23.587253: Epoch time: 57.61 s
2026-01-03 19:58:24.568723: 
2026-01-03 19:58:24.572916: Epoch 50
2026-01-03 19:58:24.575443: Current learning rate: 0.00849
2026-01-03 19:59:18.582555: train_loss 0.6566
2026-01-03 19:59:18.587815: val_loss 0.7172
2026-01-03 19:59:18.592208: val classification accuracy 0.5
2026-01-03 19:59:18.598381: val auc 0.5955
2026-01-03 19:59:18.601893: Epoch time: 54.02 s
2026-01-03 19:59:19.456045: 
2026-01-03 19:59:19.460446: Epoch 51
2026-01-03 19:59:19.463437: Current learning rate: 0.00846
2026-01-03 20:00:12.965916: train_loss 0.6354
2026-01-03 20:00:12.995236: val_loss 0.7447
2026-01-03 20:00:12.998313: val classification accuracy 0.5208
2026-01-03 20:00:13.001042: val auc 0.6024
2026-01-03 20:00:13.003516: Epoch time: 53.51 s
2026-01-03 20:00:14.001497: 
2026-01-03 20:00:14.004873: Epoch 52
2026-01-03 20:00:14.007115: Current learning rate: 0.00843
2026-01-03 20:01:03.811252: train_loss 0.6381
2026-01-03 20:01:03.822626: val_loss 0.7095
2026-01-03 20:01:03.825801: val classification accuracy 0.5833
2026-01-03 20:01:03.828647: val auc 0.6441
2026-01-03 20:01:03.831684: Epoch time: 49.81 s
2026-01-03 20:01:04.641682: 
2026-01-03 20:01:04.645452: Epoch 53
2026-01-03 20:01:04.648161: Current learning rate: 0.00839
2026-01-03 20:01:57.557900: train_loss 0.6615
2026-01-03 20:01:57.562948: val_loss 0.6778
2026-01-03 20:01:57.566262: val classification accuracy 0.625
2026-01-03 20:01:57.569711: val auc 0.5885
2026-01-03 20:01:57.572734: Epoch time: 52.92 s
2026-01-03 20:01:58.435475: 
2026-01-03 20:01:58.439259: Epoch 54
2026-01-03 20:01:58.442265: Current learning rate: 0.00836
2026-01-03 20:02:54.035424: train_loss 0.6689
2026-01-03 20:02:54.042113: val_loss 0.737
2026-01-03 20:02:54.045244: val classification accuracy 0.4792
2026-01-03 20:02:54.062345: val auc 0.4913
2026-01-03 20:02:54.065219: Epoch time: 55.6 s
2026-01-03 20:02:54.870120: 
2026-01-03 20:02:54.875035: Epoch 55
2026-01-03 20:02:54.878481: Current learning rate: 0.00833
2026-01-03 20:03:52.051299: train_loss 0.6393
2026-01-03 20:03:52.128509: val_loss 0.6127
2026-01-03 20:03:52.132589: val classification accuracy 0.6875
2026-01-03 20:03:52.141283: val auc 0.7361
2026-01-03 20:03:52.144258: Epoch time: 57.18 s
2026-01-03 20:03:52.921284: 
2026-01-03 20:03:52.925521: Epoch 56
2026-01-03 20:03:52.928102: Current learning rate: 0.0083
2026-01-03 20:04:46.147742: train_loss 0.643
2026-01-03 20:04:46.152898: val_loss 0.7401
2026-01-03 20:04:46.155823: val classification accuracy 0.625
2026-01-03 20:04:46.158824: val auc 0.6441
2026-01-03 20:04:46.161798: Epoch time: 53.23 s
2026-01-03 20:04:47.002781: 
2026-01-03 20:04:47.007203: Epoch 57
2026-01-03 20:04:47.010467: Current learning rate: 0.00827
2026-01-03 20:05:39.765040: train_loss 0.6203
2026-01-03 20:05:39.789838: val_loss 0.9371
2026-01-03 20:05:39.793386: val classification accuracy 0.375
2026-01-03 20:05:39.796735: val auc 0.3689
2026-01-03 20:05:39.800304: Epoch time: 52.76 s
2026-01-03 20:05:40.780039: 
2026-01-03 20:05:40.794843: Epoch 58
2026-01-03 20:05:40.798333: Current learning rate: 0.00824
2026-01-03 20:06:35.698766: train_loss 0.6629
2026-01-03 20:06:35.704013: val_loss 0.7149
2026-01-03 20:06:35.707409: val classification accuracy 0.5417
2026-01-03 20:06:35.711058: val auc 0.5686
2026-01-03 20:06:35.714807: Epoch time: 54.92 s
2026-01-03 20:06:36.607138: 
2026-01-03 20:06:36.610757: Epoch 59
2026-01-03 20:06:36.613486: Current learning rate: 0.00821
2026-01-03 20:07:31.735199: train_loss 0.6433
2026-01-03 20:07:31.741583: val_loss 0.8566
2026-01-03 20:07:31.744503: val classification accuracy 0.5625
2026-01-03 20:07:31.747521: val auc 0.5451
2026-01-03 20:07:31.750429: Epoch time: 55.13 s
2026-01-03 20:07:32.592468: 
2026-01-03 20:07:32.596714: Epoch 60
2026-01-03 20:07:32.599711: Current learning rate: 0.00818
2026-01-03 20:08:29.647952: train_loss 0.6659
2026-01-03 20:08:29.655031: val_loss 0.761
2026-01-03 20:08:29.688144: val classification accuracy 0.5625
2026-01-03 20:08:29.715214: val auc 0.5938
2026-01-03 20:08:29.719296: Epoch time: 57.06 s
2026-01-03 20:08:30.583123: 
2026-01-03 20:08:30.586948: Epoch 61
2026-01-03 20:08:30.590079: Current learning rate: 0.00815
2026-01-03 20:09:28.174039: train_loss 0.6339
2026-01-03 20:09:28.199120: val_loss 0.6865
2026-01-03 20:09:28.202884: val classification accuracy 0.6875
2026-01-03 20:09:28.206129: val auc 0.6458
2026-01-03 20:09:28.208817: Epoch time: 57.59 s
2026-01-03 20:09:29.089836: 
2026-01-03 20:09:29.093368: Epoch 62
2026-01-03 20:09:29.095936: Current learning rate: 0.00812
2026-01-03 20:10:27.124812: train_loss 0.5699
2026-01-03 20:10:27.137106: val_loss 0.7875
2026-01-03 20:10:27.142036: val classification accuracy 0.6042
2026-01-03 20:10:27.175183: val auc 0.6858
2026-01-03 20:10:27.180098: Epoch time: 58.04 s
2026-01-03 20:10:28.827788: 
2026-01-03 20:10:28.831487: Epoch 63
2026-01-03 20:10:28.834045: Current learning rate: 0.00809
2026-01-03 20:11:23.618099: train_loss 0.6362
2026-01-03 20:11:23.623135: val_loss 0.7514
2026-01-03 20:11:23.626507: val classification accuracy 0.5417
2026-01-03 20:11:23.648424: val auc 0.5104
2026-01-03 20:11:23.651858: Epoch time: 54.79 s
2026-01-03 20:11:24.508401: 
2026-01-03 20:11:24.512103: Epoch 64
2026-01-03 20:11:24.514503: Current learning rate: 0.00806
2026-01-03 20:12:22.466802: train_loss 0.5653
2026-01-03 20:12:22.472605: val_loss 0.7153
2026-01-03 20:12:22.477222: val classification accuracy 0.6458
2026-01-03 20:12:22.481115: val auc 0.6337
2026-01-03 20:12:22.489753: Epoch time: 57.96 s
2026-01-03 20:12:23.342169: 
2026-01-03 20:12:23.345829: Epoch 65
2026-01-03 20:12:23.348477: Current learning rate: 0.00803
2026-01-03 20:13:16.975132: train_loss 0.5839
2026-01-03 20:13:17.016796: val_loss 0.8087
2026-01-03 20:13:17.020019: val classification accuracy 0.5
2026-01-03 20:13:17.022848: val auc 0.5642
2026-01-03 20:13:17.025604: Epoch time: 53.63 s
2026-01-03 20:13:17.903721: 
2026-01-03 20:13:17.908057: Epoch 66
2026-01-03 20:13:17.910707: Current learning rate: 0.008
2026-01-03 20:14:12.796295: train_loss 0.6661
2026-01-03 20:14:12.801082: val_loss 0.6427
2026-01-03 20:14:12.808560: val classification accuracy 0.7083
2026-01-03 20:14:12.813368: val auc 0.6771
2026-01-03 20:14:12.816523: Epoch time: 54.89 s
2026-01-03 20:14:12.819416: Yayy! New best classification accuracy: 0.7083
2026-01-03 20:14:16.483105: 
2026-01-03 20:14:16.486681: Epoch 67
2026-01-03 20:14:16.489325: Current learning rate: 0.00797
2026-01-03 20:15:10.953547: train_loss 0.6718
2026-01-03 20:15:10.960650: val_loss 0.6212
2026-01-03 20:15:10.990119: val classification accuracy 0.7083
2026-01-03 20:15:10.994241: val auc 0.7552
2026-01-03 20:15:10.997573: Epoch time: 54.47 s
2026-01-03 20:15:11.892290: 
2026-01-03 20:15:11.896801: Epoch 68
2026-01-03 20:15:11.899975: Current learning rate: 0.00793
2026-01-03 20:16:07.543941: train_loss 0.6392
2026-01-03 20:16:07.548868: val_loss 0.6636
2026-01-03 20:16:07.552536: val classification accuracy 0.6042
2026-01-03 20:16:07.555275: val auc 0.6441
2026-01-03 20:16:07.558053: Epoch time: 55.65 s
2026-01-03 20:16:08.413190: 
2026-01-03 20:16:08.416824: Epoch 69
2026-01-03 20:16:08.419261: Current learning rate: 0.0079
2026-01-03 20:17:03.544200: train_loss 0.6039
2026-01-03 20:17:03.549769: val_loss 0.7767
2026-01-03 20:17:03.552979: val classification accuracy 0.625
2026-01-03 20:17:03.556074: val auc 0.6406
2026-01-03 20:17:03.559502: Epoch time: 55.13 s
2026-01-03 20:17:04.434816: 
2026-01-03 20:17:04.439025: Epoch 70
2026-01-03 20:17:04.441804: Current learning rate: 0.00787
2026-01-03 20:17:57.816613: train_loss 0.6156
2026-01-03 20:17:57.833613: val_loss 0.7485
2026-01-03 20:17:57.850155: val classification accuracy 0.625
2026-01-03 20:17:57.853573: val auc 0.6146
2026-01-03 20:17:57.856682: Epoch time: 53.38 s
2026-01-03 20:17:58.689815: 
2026-01-03 20:17:58.693553: Epoch 71
2026-01-03 20:17:58.696059: Current learning rate: 0.00784
2026-01-03 20:18:56.641418: train_loss 0.631
2026-01-03 20:18:56.669770: val_loss 0.6046
2026-01-03 20:18:56.692784: val classification accuracy 0.7083
2026-01-03 20:18:56.699120: val auc 0.7795
2026-01-03 20:18:56.702167: Epoch time: 57.95 s
2026-01-03 20:18:56.704409: Yayy! New best EMA pseudo Dice: 0.7795
2026-01-03 20:19:00.249307: 
2026-01-03 20:19:00.253336: Epoch 72
2026-01-03 20:19:00.256356: Current learning rate: 0.00781
2026-01-03 20:19:51.835134: train_loss 0.6334
2026-01-03 20:19:51.873774: val_loss 0.704
2026-01-03 20:19:51.876915: val classification accuracy 0.6875
2026-01-03 20:19:51.879631: val auc 0.6944
2026-01-03 20:19:51.882315: Epoch time: 51.59 s
2026-01-03 20:19:52.711783: 
2026-01-03 20:19:52.715403: Epoch 73
2026-01-03 20:19:52.717915: Current learning rate: 0.00778
2026-01-03 20:20:44.772052: train_loss 0.5967
2026-01-03 20:20:44.796812: val_loss 0.5347
2026-01-03 20:20:44.800940: val classification accuracy 0.75
2026-01-03 20:20:44.804039: val auc 0.816
2026-01-03 20:20:44.806891: Epoch time: 52.06 s
2026-01-03 20:20:44.809579: Yayy! New best EMA pseudo Dice: 0.816
2026-01-03 20:20:47.354362: Yayy! New best classification accuracy: 0.75
2026-01-03 20:20:50.227957: 
2026-01-03 20:20:50.231734: Epoch 74
2026-01-03 20:20:50.234712: Current learning rate: 0.00775
2026-01-03 20:21:43.358506: train_loss 0.6558
2026-01-03 20:21:43.364269: val_loss 0.6799
2026-01-03 20:21:43.388782: val classification accuracy 0.5833
2026-01-03 20:21:43.394243: val auc 0.6337
2026-01-03 20:21:43.397815: Epoch time: 53.13 s
2026-01-03 20:21:44.254864: 
2026-01-03 20:21:44.258579: Epoch 75
2026-01-03 20:21:44.261520: Current learning rate: 0.00772
2026-01-03 20:22:39.885783: train_loss 0.6434
2026-01-03 20:22:39.891816: val_loss 0.7263
2026-01-03 20:22:39.895134: val classification accuracy 0.5417
2026-01-03 20:22:39.906350: val auc 0.526
2026-01-03 20:22:39.909155: Epoch time: 55.63 s
2026-01-03 20:22:41.489830: 
2026-01-03 20:22:41.493464: Epoch 76
2026-01-03 20:22:41.496269: Current learning rate: 0.00769
2026-01-03 20:23:36.060362: train_loss 0.6529
2026-01-03 20:23:36.065893: val_loss 0.7609
2026-01-03 20:23:36.069381: val classification accuracy 0.4792
2026-01-03 20:23:36.072682: val auc 0.553
2026-01-03 20:23:36.076192: Epoch time: 54.57 s
2026-01-03 20:23:36.960632: 
2026-01-03 20:23:36.968021: Epoch 77
2026-01-03 20:23:36.972540: Current learning rate: 0.00766
2026-01-03 20:24:32.123575: train_loss 0.6683
2026-01-03 20:24:32.127892: val_loss 0.6046
2026-01-03 20:24:32.130643: val classification accuracy 0.7083
2026-01-03 20:24:32.133295: val auc 0.75
2026-01-03 20:24:32.135931: Epoch time: 55.16 s
2026-01-03 20:24:32.965397: 
2026-01-03 20:24:32.969337: Epoch 78
2026-01-03 20:24:32.972228: Current learning rate: 0.00763
2026-01-03 20:25:26.593656: train_loss 0.6378
2026-01-03 20:25:26.599458: val_loss 0.7298
2026-01-03 20:25:26.602780: val classification accuracy 0.5208
2026-01-03 20:25:26.606130: val auc 0.4974
2026-01-03 20:25:26.609297: Epoch time: 53.63 s
2026-01-03 20:25:27.466257: 
2026-01-03 20:25:27.470158: Epoch 79
2026-01-03 20:25:27.474703: Current learning rate: 0.0076
2026-01-03 20:26:20.851051: train_loss 0.6349
2026-01-03 20:26:20.856320: val_loss 0.7271
2026-01-03 20:26:20.859260: val classification accuracy 0.5833
2026-01-03 20:26:20.861915: val auc 0.5964
2026-01-03 20:26:20.865407: Epoch time: 53.39 s
2026-01-03 20:26:21.716008: 
2026-01-03 20:26:21.719432: Epoch 80
2026-01-03 20:26:21.721822: Current learning rate: 0.00756
2026-01-03 20:27:15.991011: train_loss 0.64
2026-01-03 20:27:16.000446: val_loss 0.6217
2026-01-03 20:27:16.007126: val classification accuracy 0.5833
2026-01-03 20:27:16.010232: val auc 0.6632
2026-01-03 20:27:16.014096: Epoch time: 54.28 s
2026-01-03 20:27:16.868079: 
2026-01-03 20:27:16.871995: Epoch 81
2026-01-03 20:27:16.875196: Current learning rate: 0.00753
2026-01-03 20:28:12.599517: train_loss 0.6136
2026-01-03 20:28:12.604507: val_loss 0.651
2026-01-03 20:28:12.607915: val classification accuracy 0.6458
2026-01-03 20:28:12.615623: val auc 0.6389
2026-01-03 20:28:12.618697: Epoch time: 55.73 s
2026-01-03 20:28:13.523394: 
2026-01-03 20:28:13.527783: Epoch 82
2026-01-03 20:28:13.530463: Current learning rate: 0.0075
2026-01-03 20:29:12.684375: train_loss 0.5679
2026-01-03 20:29:12.704947: val_loss 0.6597
2026-01-03 20:29:12.707888: val classification accuracy 0.6667
2026-01-03 20:29:12.710795: val auc 0.6944
2026-01-03 20:29:12.713966: Epoch time: 59.16 s
2026-01-03 20:29:13.607240: 
2026-01-03 20:29:13.611024: Epoch 83
2026-01-03 20:29:13.613609: Current learning rate: 0.00747
2026-01-03 20:30:08.512136: train_loss 0.6234
2026-01-03 20:30:08.525100: val_loss 0.5565
2026-01-03 20:30:08.528905: val classification accuracy 0.6667
2026-01-03 20:30:08.542903: val auc 0.8403
2026-01-03 20:30:08.566867: Epoch time: 54.91 s
2026-01-03 20:30:08.577626: Yayy! New best EMA pseudo Dice: 0.8403
2026-01-03 20:30:12.379788: 
2026-01-03 20:30:12.383539: Epoch 84
2026-01-03 20:30:12.386213: Current learning rate: 0.00744
2026-01-03 20:31:03.579993: train_loss 0.5923
2026-01-03 20:31:03.587932: val_loss 0.6476
2026-01-03 20:31:03.591289: val classification accuracy 0.5625
2026-01-03 20:31:03.595131: val auc 0.6806
2026-01-03 20:31:03.635617: Epoch time: 51.2 s
2026-01-03 20:31:04.552052: 
2026-01-03 20:31:04.555604: Epoch 85
2026-01-03 20:31:04.558270: Current learning rate: 0.00741
2026-01-03 20:32:01.130933: train_loss 0.5839
2026-01-03 20:32:01.183376: val_loss 0.7522
2026-01-03 20:32:01.194970: val classification accuracy 0.625
2026-01-03 20:32:01.198029: val auc 0.6285
2026-01-03 20:32:01.214343: Epoch time: 56.58 s
2026-01-03 20:32:02.068389: 
2026-01-03 20:32:02.072100: Epoch 86
2026-01-03 20:32:02.074964: Current learning rate: 0.00738
2026-01-03 20:32:54.559289: train_loss 0.585
2026-01-03 20:32:54.579255: val_loss 0.6258
2026-01-03 20:32:54.583501: val classification accuracy 0.6458
2026-01-03 20:32:54.588024: val auc 0.7075
2026-01-03 20:32:54.640100: Epoch time: 52.49 s
2026-01-03 20:32:55.435730: 
2026-01-03 20:32:55.439333: Epoch 87
2026-01-03 20:32:55.441933: Current learning rate: 0.00735
2026-01-03 20:33:51.725459: train_loss 0.6158
2026-01-03 20:33:51.733360: val_loss 0.737
2026-01-03 20:33:51.737049: val classification accuracy 0.6042
2026-01-03 20:33:51.740240: val auc 0.592
2026-01-03 20:33:51.743850: Epoch time: 56.29 s
2026-01-03 20:33:52.612420: 
2026-01-03 20:33:52.616278: Epoch 88
2026-01-03 20:33:52.618895: Current learning rate: 0.00732
2026-01-03 20:34:44.971315: train_loss 0.6059
2026-01-03 20:34:44.989183: val_loss 0.8055
2026-01-03 20:34:44.993466: val classification accuracy 0.5625
2026-01-03 20:34:44.997069: val auc 0.5642
2026-01-03 20:34:45.000888: Epoch time: 52.36 s
2026-01-03 20:34:45.876054: 
2026-01-03 20:34:45.879503: Epoch 89
2026-01-03 20:34:45.881995: Current learning rate: 0.00729
2026-01-03 20:35:41.403202: train_loss 0.5783
2026-01-03 20:35:41.417053: val_loss 0.7494
2026-01-03 20:35:41.420651: val classification accuracy 0.625
2026-01-03 20:35:41.423454: val auc 0.5712
2026-01-03 20:35:41.426726: Epoch time: 55.53 s
2026-01-03 20:35:43.070477: 
2026-01-03 20:35:43.074013: Epoch 90
2026-01-03 20:35:43.076823: Current learning rate: 0.00725
2026-01-03 20:36:39.006618: train_loss 0.5662
2026-01-03 20:36:39.015801: val_loss 0.6976
2026-01-03 20:36:39.019074: val classification accuracy 0.625
2026-01-03 20:36:39.023237: val auc 0.7118
2026-01-03 20:36:39.026470: Epoch time: 55.94 s
2026-01-03 20:36:39.880952: 
2026-01-03 20:36:39.884587: Epoch 91
2026-01-03 20:36:39.887219: Current learning rate: 0.00722
2026-01-03 20:37:33.007354: train_loss 0.649
2026-01-03 20:37:33.029114: val_loss 0.6427
2026-01-03 20:37:33.032560: val classification accuracy 0.6042
2026-01-03 20:37:33.035765: val auc 0.7049
2026-01-03 20:37:33.038673: Epoch time: 53.13 s
2026-01-03 20:37:33.916092: 
2026-01-03 20:37:33.919681: Epoch 92
2026-01-03 20:37:33.922303: Current learning rate: 0.00719
2026-01-03 20:38:27.187474: train_loss 0.6664
2026-01-03 20:38:27.213193: val_loss 0.673
2026-01-03 20:38:27.216809: val classification accuracy 0.6042
2026-01-03 20:38:27.220093: val auc 0.6372
2026-01-03 20:38:27.223328: Epoch time: 53.27 s
2026-01-03 20:38:28.168322: 
2026-01-03 20:38:28.172870: Epoch 93
2026-01-03 20:38:28.176123: Current learning rate: 0.00716
2026-01-03 20:39:27.969227: train_loss 0.6192
2026-01-03 20:39:27.974144: val_loss 0.616
2026-01-03 20:39:27.977017: val classification accuracy 0.6667
2026-01-03 20:39:27.980531: val auc 0.7335
2026-01-03 20:39:27.983449: Epoch time: 59.8 s
2026-01-03 20:39:28.812511: 
2026-01-03 20:39:28.816380: Epoch 94
2026-01-03 20:39:28.819314: Current learning rate: 0.00713
2026-01-03 20:40:20.355642: train_loss 0.6827
2026-01-03 20:40:20.360568: val_loss 0.7089
2026-01-03 20:40:20.425854: val classification accuracy 0.5625
2026-01-03 20:40:20.429963: val auc 0.5226
2026-01-03 20:40:20.433601: Epoch time: 51.54 s
2026-01-03 20:40:21.344940: 
2026-01-03 20:40:21.357140: Epoch 95
2026-01-03 20:40:21.370635: Current learning rate: 0.0071
2026-01-03 20:41:10.131907: train_loss 0.6152
2026-01-03 20:41:10.152061: val_loss 0.6725
2026-01-03 20:41:10.158967: val classification accuracy 0.6458
2026-01-03 20:41:10.167861: val auc 0.6701
2026-01-03 20:41:10.171139: Epoch time: 48.79 s
2026-01-03 20:41:11.047367: 
2026-01-03 20:41:11.050956: Epoch 96
2026-01-03 20:41:11.054318: Current learning rate: 0.00707
2026-01-03 20:42:05.489278: train_loss 0.6165
2026-01-03 20:42:05.497071: val_loss 0.763
2026-01-03 20:42:05.500612: val classification accuracy 0.5
2026-01-03 20:42:05.503906: val auc 0.5642
2026-01-03 20:42:05.507515: Epoch time: 54.44 s
2026-01-03 20:42:06.337906: 
2026-01-03 20:42:06.341835: Epoch 97
2026-01-03 20:42:06.344902: Current learning rate: 0.00704
2026-01-03 20:43:00.029401: train_loss 0.629
2026-01-03 20:43:00.058659: val_loss 0.6913
2026-01-03 20:43:00.063002: val classification accuracy 0.6667
2026-01-03 20:43:00.066444: val auc 0.6701
2026-01-03 20:43:00.069493: Epoch time: 53.69 s
2026-01-03 20:43:00.914817: 
2026-01-03 20:43:00.918430: Epoch 98
2026-01-03 20:43:00.921154: Current learning rate: 0.007
2026-01-03 20:43:55.001892: train_loss 0.6031
2026-01-03 20:43:55.007838: val_loss 0.5881
2026-01-03 20:43:55.011622: val classification accuracy 0.6458
2026-01-03 20:43:55.014970: val auc 0.7439
2026-01-03 20:43:55.018580: Epoch time: 54.09 s
2026-01-03 20:43:55.910233: 
2026-01-03 20:43:55.913832: Epoch 99
2026-01-03 20:43:55.916635: Current learning rate: 0.00697
2026-01-03 20:44:51.732677: train_loss 0.6119
2026-01-03 20:44:51.745714: val_loss 0.765
2026-01-03 20:44:51.748850: val classification accuracy 0.5208
2026-01-03 20:44:51.752280: val auc 0.5139
2026-01-03 20:44:51.755335: Epoch time: 55.82 s
2026-01-03 20:44:52.604168: 
2026-01-03 20:44:52.607823: Epoch 100
2026-01-03 20:44:52.610619: Current learning rate: 0.00694
2026-01-03 20:45:43.466840: train_loss 0.6195
2026-01-03 20:45:43.478825: val_loss 0.7147
2026-01-03 20:45:43.482379: val classification accuracy 0.5208
2026-01-03 20:45:43.485608: val auc 0.6302
2026-01-03 20:45:43.488712: Epoch time: 50.86 s
2026-01-03 20:45:44.347710: 
2026-01-03 20:45:44.351187: Epoch 101
2026-01-03 20:45:44.353846: Current learning rate: 0.00691
2026-01-03 20:46:35.581035: train_loss 0.6051
2026-01-03 20:46:35.586616: val_loss 0.767
2026-01-03 20:46:35.590168: val classification accuracy 0.6042
2026-01-03 20:46:35.593459: val auc 0.6215
2026-01-03 20:46:35.596569: Epoch time: 51.23 s
2026-01-03 20:46:36.519860: 
2026-01-03 20:46:36.524333: Epoch 102
2026-01-03 20:46:36.527531: Current learning rate: 0.00688
2026-01-03 20:47:30.641229: train_loss 0.5779
2026-01-03 20:47:30.661566: val_loss 1.014
2026-01-03 20:47:30.665431: val classification accuracy 0.4375
2026-01-03 20:47:30.668928: val auc 0.5312
2026-01-03 20:47:30.672430: Epoch time: 54.12 s
2026-01-03 20:47:31.508247: 
2026-01-03 20:47:31.511657: Epoch 103
2026-01-03 20:47:31.514112: Current learning rate: 0.00685
2026-01-03 20:48:26.348310: train_loss 0.5936
2026-01-03 20:48:26.360745: val_loss 0.6316
2026-01-03 20:48:26.364109: val classification accuracy 0.625
2026-01-03 20:48:26.367442: val auc 0.6927
2026-01-03 20:48:26.370925: Epoch time: 54.84 s
2026-01-03 20:48:27.272314: 
2026-01-03 20:48:27.276337: Epoch 104
2026-01-03 20:48:27.279420: Current learning rate: 0.00682
2026-01-03 20:49:21.656066: train_loss 0.6325
2026-01-03 20:49:21.662908: val_loss 0.5722
2026-01-03 20:49:21.666565: val classification accuracy 0.7083
2026-01-03 20:49:21.691690: val auc 0.7951
2026-01-03 20:49:21.695227: Epoch time: 54.39 s
2026-01-03 20:49:22.512200: 
2026-01-03 20:49:22.515795: Epoch 105
2026-01-03 20:49:22.518593: Current learning rate: 0.00679
2026-01-03 20:50:15.531038: train_loss 0.638
2026-01-03 20:50:15.562781: val_loss 0.6911
2026-01-03 20:50:15.567609: val classification accuracy 0.6042
2026-01-03 20:50:15.571668: val auc 0.651
2026-01-03 20:50:15.586536: Epoch time: 53.02 s
2026-01-03 20:50:16.465048: 
2026-01-03 20:50:16.469264: Epoch 106
2026-01-03 20:50:16.472217: Current learning rate: 0.00675
2026-01-03 20:51:06.179945: train_loss 0.5984
2026-01-03 20:51:06.185934: val_loss 0.7189
2026-01-03 20:51:06.192600: val classification accuracy 0.6667
2026-01-03 20:51:06.197771: val auc 0.7014
2026-01-03 20:51:06.203174: Epoch time: 49.72 s
2026-01-03 20:51:07.147828: 
2026-01-03 20:51:07.151499: Epoch 107
2026-01-03 20:51:07.154320: Current learning rate: 0.00672
2026-01-03 20:52:03.361544: train_loss 0.6201
2026-01-03 20:52:03.370594: val_loss 0.6852
2026-01-03 20:52:03.399237: val classification accuracy 0.5833
2026-01-03 20:52:03.406912: val auc 0.6649
2026-01-03 20:52:03.411135: Epoch time: 56.22 s
2026-01-03 20:52:04.351969: 
2026-01-03 20:52:04.355711: Epoch 108
2026-01-03 20:52:04.359003: Current learning rate: 0.00669
2026-01-03 20:53:01.618201: train_loss 0.6463
2026-01-03 20:53:01.627193: val_loss 0.712
2026-01-03 20:53:01.637711: val classification accuracy 0.5625
2026-01-03 20:53:01.669551: val auc 0.6172
2026-01-03 20:53:01.695563: Epoch time: 57.27 s
2026-01-03 20:53:02.548528: 
2026-01-03 20:53:02.552128: Epoch 109
2026-01-03 20:53:02.554682: Current learning rate: 0.00666
2026-01-03 20:53:54.686296: train_loss 0.579
2026-01-03 20:53:54.696665: val_loss 0.553
2026-01-03 20:53:54.700066: val classification accuracy 0.7083
2026-01-03 20:53:54.703338: val auc 0.7865
2026-01-03 20:53:54.706722: Epoch time: 52.14 s
2026-01-03 20:53:55.584410: 
2026-01-03 20:53:55.588453: Epoch 110
2026-01-03 20:53:55.591076: Current learning rate: 0.00663
2026-01-03 20:54:53.655027: train_loss 0.5888
2026-01-03 20:54:53.659733: val_loss 0.7948
2026-01-03 20:54:53.662686: val classification accuracy 0.5833
2026-01-03 20:54:53.666562: val auc 0.5972
2026-01-03 20:54:53.672689: Epoch time: 58.07 s
2026-01-03 20:54:54.495124: 
2026-01-03 20:54:54.498858: Epoch 111
2026-01-03 20:54:54.501490: Current learning rate: 0.0066
2026-01-03 20:55:50.656087: train_loss 0.5901
2026-01-03 20:55:50.660491: val_loss 0.8775
2026-01-03 20:55:50.664347: val classification accuracy 0.5
2026-01-03 20:55:50.682082: val auc 0.4826
2026-01-03 20:55:50.695849: Epoch time: 56.16 s
2026-01-03 20:55:51.539036: 
2026-01-03 20:55:51.542270: Epoch 112
2026-01-03 20:55:51.544869: Current learning rate: 0.00657
2026-01-03 20:56:43.152490: train_loss 0.6188
2026-01-03 20:56:43.157238: val_loss 0.7719
2026-01-03 20:56:43.160980: val classification accuracy 0.6042
2026-01-03 20:56:43.164745: val auc 0.6224
2026-01-03 20:56:43.167854: Epoch time: 51.61 s
2026-01-03 20:56:44.029489: 
2026-01-03 20:56:44.033326: Epoch 113
2026-01-03 20:56:44.035897: Current learning rate: 0.00654
2026-01-03 20:57:40.651642: train_loss 0.5789
2026-01-03 20:57:40.656150: val_loss 0.6592
2026-01-03 20:57:40.680899: val classification accuracy 0.625
2026-01-03 20:57:40.685206: val auc 0.7083
2026-01-03 20:57:40.688316: Epoch time: 56.62 s
2026-01-03 20:57:41.708628: 
2026-01-03 20:57:41.713150: Epoch 114
2026-01-03 20:57:41.716524: Current learning rate: 0.0065
2026-01-03 20:58:39.828809: train_loss 0.5681
2026-01-03 20:58:39.834554: val_loss 0.696
2026-01-03 20:58:39.845963: val classification accuracy 0.5833
2026-01-03 20:58:39.849365: val auc 0.651
2026-01-03 20:58:39.852152: Epoch time: 58.12 s
2026-01-03 20:58:40.706134: 
2026-01-03 20:58:40.710265: Epoch 115
2026-01-03 20:58:40.713207: Current learning rate: 0.00647
2026-01-03 20:59:38.548655: train_loss 0.619
2026-01-03 20:59:38.553918: val_loss 0.684
2026-01-03 20:59:38.562668: val classification accuracy 0.6667
2026-01-03 20:59:38.565952: val auc 0.6753
2026-01-03 20:59:38.568901: Epoch time: 57.84 s
2026-01-03 20:59:39.414225: 
2026-01-03 20:59:39.418344: Epoch 116
2026-01-03 20:59:39.421519: Current learning rate: 0.00644
2026-01-03 21:00:31.048649: train_loss 0.5954
2026-01-03 21:00:31.071977: val_loss 0.6734
2026-01-03 21:00:31.075441: val classification accuracy 0.625
2026-01-03 21:00:31.078578: val auc 0.684
2026-01-03 21:00:31.081942: Epoch time: 51.64 s
2026-01-03 21:00:32.809469: 
2026-01-03 21:00:32.813331: Epoch 117
2026-01-03 21:00:32.816145: Current learning rate: 0.00641
2026-01-03 21:01:25.517759: train_loss 0.5389
2026-01-03 21:01:25.522597: val_loss 0.8767
2026-01-03 21:01:25.526229: val classification accuracy 0.5
2026-01-03 21:01:25.534863: val auc 0.5399
2026-01-03 21:01:25.537782: Epoch time: 52.71 s
2026-01-03 21:01:26.395555: 
2026-01-03 21:01:26.399331: Epoch 118
2026-01-03 21:01:26.402354: Current learning rate: 0.00638
2026-01-03 21:02:18.651304: train_loss 0.6259
2026-01-03 21:02:18.687857: val_loss 0.8933
2026-01-03 21:02:18.691713: val classification accuracy 0.5
2026-01-03 21:02:18.695068: val auc 0.533
2026-01-03 21:02:18.698294: Epoch time: 52.26 s
2026-01-03 21:02:19.527918: 
2026-01-03 21:02:19.531381: Epoch 119
2026-01-03 21:02:19.533936: Current learning rate: 0.00635
2026-01-03 21:03:10.312789: train_loss 0.5929
2026-01-03 21:03:10.324778: val_loss 0.739
2026-01-03 21:03:10.328113: val classification accuracy 0.5833
2026-01-03 21:03:10.331942: val auc 0.6267
2026-01-03 21:03:10.335230: Epoch time: 50.79 s
2026-01-03 21:03:11.381074: 
2026-01-03 21:03:11.384724: Epoch 120
2026-01-03 21:03:11.387382: Current learning rate: 0.00631
2026-01-03 21:04:09.283620: train_loss 0.5786
2026-01-03 21:04:09.344225: val_loss 0.6707
2026-01-03 21:04:09.365884: val classification accuracy 0.5625
2026-01-03 21:04:09.370909: val auc 0.6684
2026-01-03 21:04:09.378938: Epoch time: 57.9 s
2026-01-03 21:04:10.223804: 
2026-01-03 21:04:10.227392: Epoch 121
2026-01-03 21:04:10.230359: Current learning rate: 0.00628
2026-01-03 21:05:03.926045: train_loss 0.5952
2026-01-03 21:05:03.951831: val_loss 0.8522
2026-01-03 21:05:03.955361: val classification accuracy 0.5208
2026-01-03 21:05:03.958624: val auc 0.4922
2026-01-03 21:05:03.961646: Epoch time: 53.7 s
2026-01-03 21:05:04.843807: 
2026-01-03 21:05:04.847496: Epoch 122
2026-01-03 21:05:04.850632: Current learning rate: 0.00625
2026-01-03 21:05:58.312362: train_loss 0.5984
2026-01-03 21:05:58.326549: val_loss 0.7974
2026-01-03 21:05:58.330068: val classification accuracy 0.5833
2026-01-03 21:05:58.334421: val auc 0.533
2026-01-03 21:05:58.340312: Epoch time: 53.47 s
2026-01-03 21:05:59.223055: 
2026-01-03 21:05:59.226673: Epoch 123
2026-01-03 21:05:59.229404: Current learning rate: 0.00622
2026-01-03 21:06:58.341461: train_loss 0.5566
2026-01-03 21:06:58.360324: val_loss 0.7942
2026-01-03 21:06:58.364351: val classification accuracy 0.6875
2026-01-03 21:06:58.368050: val auc 0.5938
2026-01-03 21:06:58.371418: Epoch time: 59.12 s
2026-01-03 21:06:59.317062: 
2026-01-03 21:06:59.320601: Epoch 124
2026-01-03 21:06:59.323280: Current learning rate: 0.00619
2026-01-03 21:07:53.766799: train_loss 0.5821
2026-01-03 21:07:53.771820: val_loss 0.6967
2026-01-03 21:07:53.775050: val classification accuracy 0.625
2026-01-03 21:07:53.777802: val auc 0.6562
2026-01-03 21:07:53.781273: Epoch time: 54.45 s
2026-01-03 21:07:54.666108: 
2026-01-03 21:07:54.669660: Epoch 125
2026-01-03 21:07:54.672186: Current learning rate: 0.00616
2026-01-03 21:08:51.780143: train_loss 0.5437
2026-01-03 21:08:51.837919: val_loss 0.7423
2026-01-03 21:08:51.844776: val classification accuracy 0.6458
2026-01-03 21:08:51.882270: val auc 0.7031
2026-01-03 21:08:51.886533: Epoch time: 57.12 s
2026-01-03 21:08:52.744513: 
2026-01-03 21:08:52.748091: Epoch 126
2026-01-03 21:08:52.750917: Current learning rate: 0.00612
2026-01-03 21:09:44.679721: train_loss 0.5873
2026-01-03 21:09:44.684544: val_loss 0.7947
2026-01-03 21:09:44.687471: val classification accuracy 0.5833
2026-01-03 21:09:44.690144: val auc 0.6372
2026-01-03 21:09:44.692991: Epoch time: 51.94 s
2026-01-03 21:09:45.647601: 
2026-01-03 21:09:45.651572: Epoch 127
2026-01-03 21:09:45.654988: Current learning rate: 0.00609
2026-01-03 21:10:39.147008: train_loss 0.5767
2026-01-03 21:10:39.158186: val_loss 0.8884
2026-01-03 21:10:39.161671: val classification accuracy 0.5417
2026-01-03 21:10:39.165204: val auc 0.5434
2026-01-03 21:10:39.169040: Epoch time: 53.5 s
2026-01-03 21:10:40.057648: 
2026-01-03 21:10:40.061545: Epoch 128
2026-01-03 21:10:40.064491: Current learning rate: 0.00606
2026-01-03 21:11:36.416104: train_loss 0.5317
2026-01-03 21:11:36.442635: val_loss 0.9342
2026-01-03 21:11:36.485514: val classification accuracy 0.5833
2026-01-03 21:11:36.504670: val auc 0.6823
2026-01-03 21:11:36.519018: Epoch time: 56.36 s
2026-01-03 21:11:37.337218: 
2026-01-03 21:11:37.340922: Epoch 129
2026-01-03 21:11:37.343708: Current learning rate: 0.00603
2026-01-03 21:12:29.831908: train_loss 0.5485
2026-01-03 21:12:29.836900: val_loss 0.6924
2026-01-03 21:12:29.846526: val classification accuracy 0.625
2026-01-03 21:12:29.850061: val auc 0.7014
2026-01-03 21:12:29.853804: Epoch time: 52.5 s
2026-01-03 21:12:30.698989: 
2026-01-03 21:12:30.703061: Epoch 130
2026-01-03 21:12:30.706267: Current learning rate: 0.006
2026-01-03 21:13:24.359113: train_loss 0.5691
2026-01-03 21:13:24.376479: val_loss 0.7068
2026-01-03 21:13:24.420124: val classification accuracy 0.6667
2026-01-03 21:13:24.428525: val auc 0.6736
2026-01-03 21:13:24.431965: Epoch time: 53.66 s
2026-01-03 21:13:26.011917: 
2026-01-03 21:13:26.015823: Epoch 131
2026-01-03 21:13:26.019318: Current learning rate: 0.00597
2026-01-03 21:14:25.567339: train_loss 0.5931
2026-01-03 21:14:25.617205: val_loss 0.7305
2026-01-03 21:14:25.620704: val classification accuracy 0.6042
2026-01-03 21:14:25.628496: val auc 0.6215
2026-01-03 21:14:25.632081: Epoch time: 59.56 s
2026-01-03 21:14:26.517367: 
2026-01-03 21:14:26.521286: Epoch 132
2026-01-03 21:14:26.524529: Current learning rate: 0.00593
2026-01-03 21:15:16.999126: train_loss 0.5881
2026-01-03 21:15:17.021865: val_loss 0.6287
2026-01-03 21:15:17.030994: val classification accuracy 0.6458
2026-01-03 21:15:17.035144: val auc 0.7535
2026-01-03 21:15:17.038558: Epoch time: 50.48 s
2026-01-03 21:15:17.889354: 
2026-01-03 21:15:17.892948: Epoch 133
2026-01-03 21:15:17.895804: Current learning rate: 0.0059
2026-01-03 21:16:16.722480: train_loss 0.5958
2026-01-03 21:16:16.729095: val_loss 0.8454
2026-01-03 21:16:16.732773: val classification accuracy 0.5208
2026-01-03 21:16:16.736349: val auc 0.592
2026-01-03 21:16:16.740765: Epoch time: 58.83 s
2026-01-03 21:16:17.730799: 
2026-01-03 21:16:17.735276: Epoch 134
2026-01-03 21:16:17.738811: Current learning rate: 0.00587
2026-01-03 21:17:16.113623: train_loss 0.6314
2026-01-03 21:17:16.118607: val_loss 0.6268
2026-01-03 21:17:16.122239: val classification accuracy 0.625
2026-01-03 21:17:16.125869: val auc 0.7335
2026-01-03 21:17:16.129274: Epoch time: 58.38 s
2026-01-03 21:17:16.977546: 
2026-01-03 21:17:16.982251: Epoch 135
2026-01-03 21:17:16.985203: Current learning rate: 0.00584
2026-01-03 21:18:14.656608: train_loss 0.5545
2026-01-03 21:18:14.662635: val_loss 1.0679
2026-01-03 21:18:14.666618: val classification accuracy 0.4792
2026-01-03 21:18:14.670887: val auc 0.5486
2026-01-03 21:18:14.675069: Epoch time: 57.68 s
2026-01-03 21:18:15.512639: 
2026-01-03 21:18:15.516619: Epoch 136
2026-01-03 21:18:15.520137: Current learning rate: 0.00581
2026-01-03 21:19:11.775982: train_loss 0.5788
2026-01-03 21:19:11.781995: val_loss 0.8037
2026-01-03 21:19:11.786011: val classification accuracy 0.5417
2026-01-03 21:19:11.789170: val auc 0.6441
2026-01-03 21:19:11.792225: Epoch time: 56.26 s
2026-01-03 21:19:12.693834: 
2026-01-03 21:19:12.697436: Epoch 137
2026-01-03 21:19:12.700273: Current learning rate: 0.00578
2026-01-03 21:20:07.103186: train_loss 0.6642
2026-01-03 21:20:07.109034: val_loss 0.6105
2026-01-03 21:20:07.114322: val classification accuracy 0.625
2026-01-03 21:20:07.124676: val auc 0.7483
2026-01-03 21:20:07.129289: Epoch time: 54.41 s
2026-01-03 21:20:08.037916: 
2026-01-03 21:20:08.041266: Epoch 138
2026-01-03 21:20:08.044147: Current learning rate: 0.00574
2026-01-03 21:21:06.761115: train_loss 0.5568
2026-01-03 21:21:06.798748: val_loss 0.9044
2026-01-03 21:21:06.802084: val classification accuracy 0.5833
2026-01-03 21:21:06.805864: val auc 0.6163
2026-01-03 21:21:06.809666: Epoch time: 58.72 s
2026-01-03 21:21:07.659267: 
2026-01-03 21:21:07.662643: Epoch 139
2026-01-03 21:21:07.665564: Current learning rate: 0.00571
2026-01-03 21:22:05.534247: train_loss 0.5859
2026-01-03 21:22:05.539218: val_loss 0.6795
2026-01-03 21:22:05.542390: val classification accuracy 0.5417
2026-01-03 21:22:05.559991: val auc 0.6632
2026-01-03 21:22:05.576290: Epoch time: 57.88 s
2026-01-03 21:22:08.402819: Saved periodic checkpoint /hpf/projects/jquon/sumin/nnUNet_data/nnUNet_results/Dataset033_AVM_T1+C/SEResNetTrainer_ep300_NoMirroring_x2__nnUNetResEncUNetLPlans__3d_fullres/fold_8/checkpoint_every20_best_auroc.pth at epoch 139 with val_auc=0.6632
2026-01-03 21:22:09.140417: 
2026-01-03 21:22:09.144001: Epoch 140
2026-01-03 21:22:09.146747: Current learning rate: 0.00568
2026-01-03 21:23:02.953870: train_loss 0.5046
2026-01-03 21:23:02.960094: val_loss 0.934
2026-01-03 21:23:02.962938: val classification accuracy 0.6042
2026-01-03 21:23:02.965715: val auc 0.6267
2026-01-03 21:23:02.968771: Epoch time: 53.81 s
2026-01-03 21:23:03.787153: 
2026-01-03 21:23:03.790763: Epoch 141
2026-01-03 21:23:03.793545: Current learning rate: 0.00565
2026-01-03 21:23:59.279771: train_loss 0.5707
2026-01-03 21:23:59.298300: val_loss 0.7329
2026-01-03 21:23:59.302625: val classification accuracy 0.5833
2026-01-03 21:23:59.306954: val auc 0.6111
2026-01-03 21:23:59.314747: Epoch time: 55.49 s
2026-01-03 21:24:00.259341: 
2026-01-03 21:24:00.263432: Epoch 142
2026-01-03 21:24:00.266777: Current learning rate: 0.00562
2026-01-03 21:24:55.800626: train_loss 0.5365
2026-01-03 21:24:55.857280: val_loss 0.6731
2026-01-03 21:24:55.873376: val classification accuracy 0.6875
2026-01-03 21:24:55.876908: val auc 0.73
2026-01-03 21:24:55.880462: Epoch time: 55.54 s
2026-01-03 21:24:56.735978: 
2026-01-03 21:24:56.740437: Epoch 143
2026-01-03 21:24:56.743556: Current learning rate: 0.00558
2026-01-03 21:25:49.825605: train_loss 0.5188
2026-01-03 21:25:49.833697: val_loss 0.698
2026-01-03 21:25:49.859095: val classification accuracy 0.625
2026-01-03 21:25:49.872512: val auc 0.6736
2026-01-03 21:25:49.887959: Epoch time: 53.09 s
2026-01-03 21:25:50.707046: 
2026-01-03 21:25:50.710929: Epoch 144
2026-01-03 21:25:50.714015: Current learning rate: 0.00555
2026-01-03 21:26:49.001955: train_loss 0.5713
2026-01-03 21:26:49.006616: val_loss 0.9116
2026-01-03 21:26:49.009985: val classification accuracy 0.5417
2026-01-03 21:26:49.012914: val auc 0.5174
2026-01-03 21:26:49.015782: Epoch time: 58.3 s
2026-01-03 21:26:50.689362: 
2026-01-03 21:26:50.692918: Epoch 145
2026-01-03 21:26:50.695466: Current learning rate: 0.00552
2026-01-03 21:27:44.091156: train_loss 0.5852
2026-01-03 21:27:44.151635: val_loss 0.8444
2026-01-03 21:27:44.155202: val classification accuracy 0.4375
2026-01-03 21:27:44.158730: val auc 0.5104
2026-01-03 21:27:44.185554: Epoch time: 53.4 s
2026-01-03 21:27:45.018040: 
2026-01-03 21:27:45.022495: Epoch 146
2026-01-03 21:27:45.026842: Current learning rate: 0.00549
2026-01-03 21:28:41.824313: train_loss 0.5586
2026-01-03 21:28:41.828975: val_loss 0.8728
2026-01-03 21:28:41.832316: val classification accuracy 0.5625
2026-01-03 21:28:41.867651: val auc 0.5868
2026-01-03 21:28:41.873291: Epoch time: 56.81 s
2026-01-03 21:28:42.838191: 
2026-01-03 21:28:42.842090: Epoch 147
2026-01-03 21:28:42.845015: Current learning rate: 0.00546
2026-01-03 21:29:38.781274: train_loss 0.5828
2026-01-03 21:29:38.801760: val_loss 0.8397
2026-01-03 21:29:38.805625: val classification accuracy 0.5
2026-01-03 21:29:38.810060: val auc 0.5946
2026-01-03 21:29:38.816074: Epoch time: 55.94 s
2026-01-03 21:29:39.677148: 
2026-01-03 21:29:39.681030: Epoch 148
2026-01-03 21:29:39.684226: Current learning rate: 0.00542
2026-01-03 21:30:31.646674: train_loss 0.602
2026-01-03 21:30:31.749752: val_loss 0.7031
2026-01-03 21:30:31.753767: val classification accuracy 0.5417
2026-01-03 21:30:31.757401: val auc 0.7257
2026-01-03 21:30:31.775805: Epoch time: 51.97 s
2026-01-03 21:30:32.586725: 
2026-01-03 21:30:32.590606: Epoch 149
2026-01-03 21:30:32.593584: Current learning rate: 0.00539
2026-01-03 21:31:28.167307: train_loss 0.5445
2026-01-03 21:31:28.211856: val_loss 0.6581
2026-01-03 21:31:28.215407: val classification accuracy 0.7292
2026-01-03 21:31:28.218757: val auc 0.7743
2026-01-03 21:31:28.222388: Epoch time: 55.58 s
2026-01-03 21:31:29.096893: 
2026-01-03 21:31:29.101015: Epoch 150
2026-01-03 21:31:29.104285: Current learning rate: 0.00536
2026-01-03 21:32:25.530383: train_loss 0.5508
2026-01-03 21:32:25.535255: val_loss 0.6286
2026-01-03 21:32:25.538522: val classification accuracy 0.6667
2026-01-03 21:32:25.541714: val auc 0.7726
2026-01-03 21:32:25.544701: Epoch time: 56.43 s
2026-01-03 21:32:26.411709: 
2026-01-03 21:32:26.416055: Epoch 151
2026-01-03 21:32:26.419672: Current learning rate: 0.00533
2026-01-03 21:33:17.318703: train_loss 0.6039
2026-01-03 21:33:17.326342: val_loss 0.7328
2026-01-03 21:33:17.329862: val classification accuracy 0.7292
2026-01-03 21:33:17.333450: val auc 0.691
2026-01-03 21:33:17.337153: Epoch time: 50.91 s
2026-01-03 21:33:18.231584: 
2026-01-03 21:33:18.235271: Epoch 152
2026-01-03 21:33:18.238706: Current learning rate: 0.00529
2026-01-03 21:34:16.197100: train_loss 0.5335
2026-01-03 21:34:16.236405: val_loss 0.6521
2026-01-03 21:34:16.250778: val classification accuracy 0.6042
2026-01-03 21:34:16.254777: val auc 0.7049
2026-01-03 21:34:16.258080: Epoch time: 57.97 s
2026-01-03 21:34:17.089662: 
2026-01-03 21:34:17.093848: Epoch 153
2026-01-03 21:34:17.097340: Current learning rate: 0.00526
2026-01-03 21:35:12.884623: train_loss 0.5876
2026-01-03 21:35:12.897705: val_loss 0.7443
2026-01-03 21:35:12.901695: val classification accuracy 0.6042
2026-01-03 21:35:12.906119: val auc 0.6076
2026-01-03 21:35:12.909542: Epoch time: 55.8 s
2026-01-03 21:35:12.912848: Early stopping triggered at epoch 153. Best val_losses=0.5347
2026-01-03 21:35:13.842737: Stopping training early due to early stopping criterion.
2026-01-03 21:35:16.518361: Training done.
2026-01-03 21:35:16.560710: Skipping perform_actual_validation for classification trainer (segmentation-style sliding window is not applicable).
[1;34mwandb[0m: 
[1;34mwandb[0m:  View run [33mSEResNetTrainer_ep300_NoMirroring_x2_fold8[0m at: [34m[0m
[1;34mwandb[0m: Find logs at: [1;35m../../tmp/wandb/wandb/run-20260103_191122-zrtolzba/logs[0m
