Using device: cuda:0

#######################################################################
Please cite the following paper when using nnU-Net:
Isensee, F., Jaeger, P. F., Kohl, S. A., Petersen, J., & Maier-Hein, K. H. (2021). nnU-Net: a self-configuring method for deep learning-based biomedical image segmentation. Nature methods, 18(2), 203-211.
#######################################################################

2026-01-03 20:40:53.778941: Using torch.compile...
2026-01-03 20:40:59.913432: do_dummy_2d_data_aug: False
2026-01-03 20:40:59.917750: Using splits from existing split file: /hpf/projects/jquon/sumin/nnUNet_data/nnUNet_preprocessed/Dataset033_AVM_T1+C/splits_final.json
2026-01-03 20:40:59.921387: The split file contains 11 splits.
2026-01-03 20:40:59.923216: Desired fold for training: 9
2026-01-03 20:40:59.924756: This split has 458 training and 54 validation cases.
using pin_memory on device 0
using pin_memory on device 0

This is the configuration used by this training:
Configuration name: 3d_fullres
 {'data_identifier': 'nnUNetPlans_3d_fullres', 'preprocessor_name': 'DefaultPreprocessor', 'batch_size': 2, 'patch_size': [160, 224, 192], 'median_image_size_in_voxels': [344.0, 448.0, 429.0], 'spacing': [0.500000923871994, 0.4910714328289032, 0.4910714328289032], 'normalization_schemes': ['ZScoreNormalization'], 'use_mask_for_norm': [False], 'resampling_fn_data': 'resample_data_or_seg_to_shape', 'resampling_fn_seg': 'resample_data_or_seg_to_shape', 'resampling_fn_data_kwargs': {'is_seg': False, 'order': 3, 'order_z': 0, 'force_separate_z': None}, 'resampling_fn_seg_kwargs': {'is_seg': True, 'order': 1, 'order_z': 0, 'force_separate_z': None}, 'resampling_fn_probabilities': 'resample_data_or_seg_to_shape', 'resampling_fn_probabilities_kwargs': {'is_seg': False, 'order': 1, 'order_z': 0, 'force_separate_z': None}, 'architecture': {'network_class_name': 'dynamic_network_architectures.architectures.unet.ResidualEncoderUNet', 'arch_kwargs': {'n_stages': 6, 'features_per_stage': [32, 64, 128, 256, 320, 320], 'conv_op': 'torch.nn.modules.conv.Conv3d', 'kernel_sizes': [[3, 3, 3], [3, 3, 3], [3, 3, 3], [3, 3, 3], [3, 3, 3], [3, 3, 3]], 'strides': [[1, 1, 1], [2, 2, 2], [2, 2, 2], [2, 2, 2], [2, 2, 2], [2, 2, 2]], 'n_blocks_per_stage': [1, 3, 4, 6, 6, 6], 'n_conv_per_stage_decoder': [1, 1, 1, 1, 1], 'conv_bias': True, 'norm_op': 'torch.nn.modules.instancenorm.InstanceNorm3d', 'norm_op_kwargs': {'eps': 1e-05, 'affine': True}, 'dropout_op': None, 'dropout_op_kwargs': None, 'nonlin': 'torch.nn.LeakyReLU', 'nonlin_kwargs': {'inplace': True}}, '_kw_requires_import': ['conv_op', 'norm_op', 'dropout_op', 'nonlin']}, 'batch_dice': True} 

These are the global plan.json settings:
 {'dataset_name': 'Dataset033_AVM_T1+C', 'plans_name': 'nnUNetResEncUNetLPlans', 'original_median_spacing_after_transp': [0.500000923871994, 0.4910714328289032, 0.4910714328289032], 'original_median_shape_after_transp': [330, 448, 424], 'image_reader_writer': 'SimpleITKIO', 'transpose_forward': [0, 1, 2], 'transpose_backward': [0, 1, 2], 'experiment_planner_used': 'nnUNetPlannerResEncL', 'label_manager': 'LabelManager', 'foreground_intensity_properties_per_channel': {'0': {'max': 12113.0, 'mean': 449.843505859375, 'median': 311.0, 'min': 0.0, 'percentile_00_5': 34.0, 'percentile_99_5': 3202.0, 'std': 471.56329345703125}}} 

2026-01-03 20:41:02.616481: Unable to plot network architecture: nnUNet_compile is enabled!
2026-01-03 20:41:02.658765: 
2026-01-03 20:41:02.662025: Epoch 0
2026-01-03 20:41:02.664391: Current learning rate: 0.01
2026-01-03 20:42:28.710856: train_loss 1.368
2026-01-03 20:42:28.715493: val_loss 23.2291
2026-01-03 20:42:28.718067: val classification accuracy 0.5556
2026-01-03 20:42:28.720376: val auc 0.4671
2026-01-03 20:42:28.723199: Epoch time: 86.06 s
2026-01-03 20:42:28.725367: Yayy! New best EMA pseudo Dice: 0.4671
2026-01-03 20:42:31.261983: Yayy! New best classification accuracy: 0.5556
2026-01-03 20:42:34.001779: 
2026-01-03 20:42:34.005281: Epoch 1
2026-01-03 20:42:34.007594: Current learning rate: 0.00997
2026-01-03 20:43:29.956108: train_loss 0.9397
2026-01-03 20:43:29.992365: val_loss 1.0375
2026-01-03 20:43:29.994889: val classification accuracy 0.5
2026-01-03 20:43:29.997204: val auc 0.6385
2026-01-03 20:43:29.999674: Epoch time: 55.96 s
2026-01-03 20:43:30.001558: Yayy! New best EMA pseudo Dice: 0.6385
2026-01-03 20:43:33.649554: 
2026-01-03 20:43:33.653281: Epoch 2
2026-01-03 20:43:33.655650: Current learning rate: 0.00994
2026-01-03 20:44:31.094216: WARNING: NaNs or Infs in validation probabilities at epoch 2. Sanitizing with nan_to_num before metrics.
2026-01-03 20:44:31.103979: train_loss 0.8181
2026-01-03 20:44:31.106521: val_loss nan
2026-01-03 20:44:31.108589: val classification accuracy 0.5
2026-01-03 20:44:31.110462: val auc 0.4774
2026-01-03 20:44:31.112301: Epoch time: 57.46 s
2026-01-03 20:44:31.954313: 
2026-01-03 20:44:31.957124: Epoch 3
2026-01-03 20:44:31.958900: Current learning rate: 0.00991
2026-01-03 20:45:25.356531: train_loss 0.6989
2026-01-03 20:45:25.374237: val_loss 0.6963
2026-01-03 20:45:25.386153: val classification accuracy 0.5
2026-01-03 20:45:25.389090: val auc 0.6111
2026-01-03 20:45:25.392030: Epoch time: 53.4 s
2026-01-03 20:45:26.325882: 
2026-01-03 20:45:26.328844: Epoch 4
2026-01-03 20:45:26.331026: Current learning rate: 0.00988
2026-01-03 20:46:19.816965: train_loss 0.6979
2026-01-03 20:46:19.821405: val_loss 0.6926
2026-01-03 20:46:19.823995: val classification accuracy 0.537
2026-01-03 20:46:19.826571: val auc 0.5844
2026-01-03 20:46:19.829109: Epoch time: 53.49 s
2026-01-03 20:46:20.790379: 
2026-01-03 20:46:20.793859: Epoch 5
2026-01-03 20:46:20.796309: Current learning rate: 0.00985
2026-01-03 20:47:13.764531: train_loss 0.6907
2026-01-03 20:47:13.769814: val_loss 1.1962
2026-01-03 20:47:13.793849: val classification accuracy 0.4815
2026-01-03 20:47:13.797412: val auc 0.6269
2026-01-03 20:47:13.800362: Epoch time: 52.98 s
2026-01-03 20:47:14.684483: 
2026-01-03 20:47:14.687996: Epoch 6
2026-01-03 20:47:14.690343: Current learning rate: 0.00982
2026-01-03 20:48:05.740391: train_loss 0.6923
2026-01-03 20:48:05.755037: val_loss 0.7558
2026-01-03 20:48:05.759484: val classification accuracy 0.5
2026-01-03 20:48:05.797171: val auc 0.4047
2026-01-03 20:48:05.807530: Epoch time: 51.06 s
2026-01-03 20:48:06.627070: 
2026-01-03 20:48:06.630090: Epoch 7
2026-01-03 20:48:06.631937: Current learning rate: 0.00979
2026-01-03 20:49:01.818110: train_loss 0.6942
2026-01-03 20:49:01.835529: val_loss 1.0527
2026-01-03 20:49:01.838582: val classification accuracy 0.5556
2026-01-03 20:49:01.844768: val auc 0.5823
2026-01-03 20:49:01.847711: Epoch time: 55.19 s
2026-01-03 20:49:02.741611: 
2026-01-03 20:49:02.744888: Epoch 8
2026-01-03 20:49:02.747188: Current learning rate: 0.00976
2026-01-03 20:49:58.071932: train_loss 0.6961
2026-01-03 20:49:58.076386: val_loss 0.9652
2026-01-03 20:49:58.078938: val classification accuracy 0.5
2026-01-03 20:49:58.081267: val auc 0.5007
2026-01-03 20:49:58.083669: Epoch time: 55.33 s
2026-01-03 20:49:59.583004: 
2026-01-03 20:49:59.585894: Epoch 9
2026-01-03 20:49:59.587893: Current learning rate: 0.00973
2026-01-03 20:50:56.415311: train_loss 0.7003
2026-01-03 20:50:56.421677: val_loss 2.4278
2026-01-03 20:50:56.424254: val classification accuracy 0.6111
2026-01-03 20:50:56.426905: val auc 0.607
2026-01-03 20:50:56.429774: Epoch time: 56.83 s
2026-01-03 20:50:56.438371: Yayy! New best classification accuracy: 0.6111
2026-01-03 20:51:00.113891: 
2026-01-03 20:51:00.117442: Epoch 10
2026-01-03 20:51:00.119688: Current learning rate: 0.0097
2026-01-03 20:51:51.169390: train_loss 0.6954
2026-01-03 20:51:51.181389: val_loss 1.0746
2026-01-03 20:51:51.191256: val classification accuracy 0.5
2026-01-03 20:51:51.193891: val auc 0.6385
2026-01-03 20:51:51.196232: Epoch time: 51.06 s
2026-01-03 20:51:51.997705: 
2026-01-03 20:51:52.001175: Epoch 11
2026-01-03 20:51:52.003598: Current learning rate: 0.00967
2026-01-03 20:52:47.869169: train_loss 0.6919
2026-01-03 20:52:47.894779: val_loss 1.1835
2026-01-03 20:52:47.914795: val classification accuracy 0.5741
2026-01-03 20:52:47.919783: val auc 0.6475
2026-01-03 20:52:47.922450: Epoch time: 55.87 s
2026-01-03 20:52:47.930140: Yayy! New best EMA pseudo Dice: 0.6475
2026-01-03 20:52:51.382903: 
2026-01-03 20:52:51.386540: Epoch 12
2026-01-03 20:52:51.388900: Current learning rate: 0.00964
2026-01-03 20:53:43.477765: train_loss 0.6893
2026-01-03 20:53:43.482684: val_loss 0.8739
2026-01-03 20:53:43.485841: val classification accuracy 0.6111
2026-01-03 20:53:43.489183: val auc 0.6228
2026-01-03 20:53:43.492431: Epoch time: 52.1 s
2026-01-03 20:53:44.319487: 
2026-01-03 20:53:44.322915: Epoch 13
2026-01-03 20:53:44.325759: Current learning rate: 0.00961
2026-01-03 20:54:38.450421: train_loss 0.6933
2026-01-03 20:54:38.497791: val_loss 1.0599
2026-01-03 20:54:38.511144: val classification accuracy 0.4444
2026-01-03 20:54:38.514465: val auc 0.5096
2026-01-03 20:54:38.517213: Epoch time: 54.13 s
2026-01-03 20:54:39.338069: 
2026-01-03 20:54:39.341210: Epoch 14
2026-01-03 20:54:39.343830: Current learning rate: 0.00958
2026-01-03 20:55:34.252134: train_loss 0.6987
2026-01-03 20:55:34.256902: val_loss 1.2473
2026-01-03 20:55:34.260041: val classification accuracy 0.4815
2026-01-03 20:55:34.263039: val auc 0.4314
2026-01-03 20:55:34.266103: Epoch time: 54.92 s
2026-01-03 20:55:35.120235: 
2026-01-03 20:55:35.124367: Epoch 15
2026-01-03 20:55:35.127454: Current learning rate: 0.00955
2026-01-03 20:56:29.577756: train_loss 0.7124
2026-01-03 20:56:29.583038: val_loss 0.7178
2026-01-03 20:56:29.586002: val classification accuracy 0.463
2026-01-03 20:56:29.589040: val auc 0.5638
2026-01-03 20:56:29.591942: Epoch time: 54.46 s
2026-01-03 20:56:30.444862: 
2026-01-03 20:56:30.448460: Epoch 16
2026-01-03 20:56:30.451175: Current learning rate: 0.00952
2026-01-03 20:57:24.520269: train_loss 0.686
2026-01-03 20:57:24.533882: val_loss 1.2595
2026-01-03 20:57:24.542649: val classification accuracy 0.5
2026-01-03 20:57:24.546699: val auc 0.4794
2026-01-03 20:57:24.549779: Epoch time: 54.08 s
2026-01-03 20:57:25.363960: 
2026-01-03 20:57:25.368008: Epoch 17
2026-01-03 20:57:25.370596: Current learning rate: 0.00949
2026-01-03 20:58:19.355307: train_loss 0.6963
2026-01-03 20:58:19.362133: val_loss 0.6845
2026-01-03 20:58:19.365167: val classification accuracy 0.5556
2026-01-03 20:58:19.367614: val auc 0.6104
2026-01-03 20:58:19.369937: Epoch time: 53.99 s
2026-01-03 20:58:20.258346: 
2026-01-03 20:58:20.261859: Epoch 18
2026-01-03 20:58:20.264527: Current learning rate: 0.00946
2026-01-03 20:59:12.949127: train_loss 0.6986
2026-01-03 20:59:12.957239: val_loss 0.6993
2026-01-03 20:59:12.960823: val classification accuracy 0.4815
2026-01-03 20:59:12.964058: val auc 0.5487
2026-01-03 20:59:12.973832: Epoch time: 52.69 s
2026-01-03 20:59:13.802618: 
2026-01-03 20:59:13.806758: Epoch 19
2026-01-03 20:59:13.809377: Current learning rate: 0.00943
2026-01-03 21:00:05.720575: train_loss 0.692
2026-01-03 21:00:05.728947: val_loss 0.7687
2026-01-03 21:00:05.732251: val classification accuracy 0.537
2026-01-03 21:00:05.734767: val auc 0.5398
2026-01-03 21:00:05.737506: Epoch time: 51.92 s
2026-01-03 21:00:08.542071: Saved periodic checkpoint /hpf/projects/jquon/sumin/nnUNet_data/nnUNet_results/Dataset033_AVM_T1+C/SEResNetTrainer_ep300_NoMirroring_x2__nnUNetResEncUNetLPlans__3d_fullres/fold_9/checkpoint_every20_best_balacc.pth at epoch 19 with val_balanced_accuracy=0.5370
2026-01-03 21:00:10.651414: Saved periodic checkpoint /hpf/projects/jquon/sumin/nnUNet_data/nnUNet_results/Dataset033_AVM_T1+C/SEResNetTrainer_ep300_NoMirroring_x2__nnUNetResEncUNetLPlans__3d_fullres/fold_9/checkpoint_every20_best_auroc.pth at epoch 19 with val_auc=0.5398
2026-01-03 21:00:11.385846: 
2026-01-03 21:00:11.389463: Epoch 20
2026-01-03 21:00:11.392009: Current learning rate: 0.0094
2026-01-03 21:01:07.881175: train_loss 0.6926
2026-01-03 21:01:07.925968: val_loss 0.6807
2026-01-03 21:01:07.929845: val classification accuracy 0.537
2026-01-03 21:01:07.933028: val auc 0.5048
2026-01-03 21:01:07.936455: Epoch time: 56.5 s
2026-01-03 21:01:08.789486: 
2026-01-03 21:01:08.793624: Epoch 21
2026-01-03 21:01:08.796260: Current learning rate: 0.00937
2026-01-03 21:01:58.767162: train_loss 0.6889
2026-01-03 21:01:58.771725: val_loss 0.7423
2026-01-03 21:01:58.774616: val classification accuracy 0.537
2026-01-03 21:01:58.777721: val auc 0.5398
2026-01-03 21:01:58.780644: Epoch time: 49.98 s
2026-01-03 21:02:00.452199: 
2026-01-03 21:02:00.457064: Epoch 22
2026-01-03 21:02:00.460174: Current learning rate: 0.00934
2026-01-03 21:02:58.096087: train_loss 0.6896
2026-01-03 21:02:58.100513: val_loss 0.7794
2026-01-03 21:02:58.103416: val classification accuracy 0.4444
2026-01-03 21:02:58.106057: val auc 0.3896
2026-01-03 21:02:58.108625: Epoch time: 57.65 s
2026-01-03 21:02:58.976574: 
2026-01-03 21:02:58.979718: Epoch 23
2026-01-03 21:02:58.982025: Current learning rate: 0.00931
2026-01-03 21:03:53.479372: train_loss 0.6899
2026-01-03 21:03:53.501200: val_loss 0.6334
2026-01-03 21:03:53.504380: val classification accuracy 0.6481
2026-01-03 21:03:53.507686: val auc 0.7078
2026-01-03 21:03:53.511143: Epoch time: 54.5 s
2026-01-03 21:03:53.518302: Yayy! New best EMA pseudo Dice: 0.7078
2026-01-03 21:03:56.206905: Yayy! New best classification accuracy: 0.6481
2026-01-03 21:03:58.799343: 
2026-01-03 21:03:58.802478: Epoch 24
2026-01-03 21:03:58.804925: Current learning rate: 0.00928
2026-01-03 21:04:51.292188: train_loss 0.684
2026-01-03 21:04:51.297745: val_loss 0.6465
2026-01-03 21:04:51.301046: val classification accuracy 0.6111
2026-01-03 21:04:51.317206: val auc 0.6996
2026-01-03 21:04:51.327266: Epoch time: 52.49 s
2026-01-03 21:04:52.359335: 
2026-01-03 21:04:52.363073: Epoch 25
2026-01-03 21:04:52.365907: Current learning rate: 0.00925
2026-01-03 21:05:45.727305: train_loss 0.6757
2026-01-03 21:05:45.731870: val_loss 0.6815
2026-01-03 21:05:45.734735: val classification accuracy 0.5741
2026-01-03 21:05:45.737475: val auc 0.6022
2026-01-03 21:05:45.740769: Epoch time: 53.37 s
2026-01-03 21:05:46.565398: 
2026-01-03 21:05:46.571640: Epoch 26
2026-01-03 21:05:46.575125: Current learning rate: 0.00922
2026-01-03 21:06:43.723098: train_loss 0.6638
2026-01-03 21:06:43.746651: val_loss 0.7153
2026-01-03 21:06:43.753182: val classification accuracy 0.5741
2026-01-03 21:06:43.756942: val auc 0.5439
2026-01-03 21:06:43.760162: Epoch time: 57.16 s
2026-01-03 21:06:44.678841: 
2026-01-03 21:06:44.683760: Epoch 27
2026-01-03 21:06:44.686819: Current learning rate: 0.00919
2026-01-03 21:07:39.349121: train_loss 0.6783
2026-01-03 21:07:39.354370: val_loss 0.7122
2026-01-03 21:07:39.358003: val classification accuracy 0.537
2026-01-03 21:07:39.361447: val auc 0.5267
2026-01-03 21:07:39.365258: Epoch time: 54.67 s
2026-01-03 21:07:40.327910: 
2026-01-03 21:07:40.331919: Epoch 28
2026-01-03 21:07:40.334534: Current learning rate: 0.00916
2026-01-03 21:08:36.071743: train_loss 0.681
2026-01-03 21:08:36.076640: val_loss 0.6786
2026-01-03 21:08:36.079739: val classification accuracy 0.5926
2026-01-03 21:08:36.082661: val auc 0.6413
2026-01-03 21:08:36.131116: Epoch time: 55.75 s
2026-01-03 21:08:37.021382: 
2026-01-03 21:08:37.025083: Epoch 29
2026-01-03 21:08:37.027617: Current learning rate: 0.00913
2026-01-03 21:09:32.236887: train_loss 0.666
2026-01-03 21:09:32.246943: val_loss 0.7439
2026-01-03 21:09:32.250792: val classification accuracy 0.4444
2026-01-03 21:09:32.254552: val auc 0.4945
2026-01-03 21:09:32.257850: Epoch time: 55.22 s
2026-01-03 21:09:33.083349: 
2026-01-03 21:09:33.086648: Epoch 30
2026-01-03 21:09:33.089608: Current learning rate: 0.0091
2026-01-03 21:10:32.003299: train_loss 0.6619
2026-01-03 21:10:32.007780: val_loss 0.8481
2026-01-03 21:10:32.010984: val classification accuracy 0.5
2026-01-03 21:10:32.014304: val auc 0.4733
2026-01-03 21:10:32.030469: Epoch time: 58.92 s
2026-01-03 21:10:32.957952: 
2026-01-03 21:10:32.961690: Epoch 31
2026-01-03 21:10:32.964358: Current learning rate: 0.00907
2026-01-03 21:11:25.292753: train_loss 0.6533
2026-01-03 21:11:25.302565: val_loss 0.7221
2026-01-03 21:11:25.354497: val classification accuracy 0.5741
2026-01-03 21:11:25.368420: val auc 0.5995
2026-01-03 21:11:25.375175: Epoch time: 52.34 s
2026-01-03 21:11:26.210579: 
2026-01-03 21:11:26.213996: Epoch 32
2026-01-03 21:11:26.216389: Current learning rate: 0.00903
2026-01-03 21:12:19.167784: train_loss 0.6851
2026-01-03 21:12:19.174158: val_loss 0.8483
2026-01-03 21:12:19.178537: val classification accuracy 0.5185
2026-01-03 21:12:19.182623: val auc 0.4499
2026-01-03 21:12:19.185742: Epoch time: 52.96 s
2026-01-03 21:12:20.041480: 
2026-01-03 21:12:20.045274: Epoch 33
2026-01-03 21:12:20.048054: Current learning rate: 0.009
2026-01-03 21:13:17.425021: train_loss 0.6817
2026-01-03 21:13:17.429785: val_loss 0.711
2026-01-03 21:13:17.432824: val classification accuracy 0.5
2026-01-03 21:13:17.436216: val auc 0.5453
2026-01-03 21:13:17.438857: Epoch time: 57.38 s
2026-01-03 21:13:18.267867: 
2026-01-03 21:13:18.271689: Epoch 34
2026-01-03 21:13:18.274683: Current learning rate: 0.00897
2026-01-03 21:14:11.980187: train_loss 0.6637
2026-01-03 21:14:11.985750: val_loss 0.6531
2026-01-03 21:14:11.988656: val classification accuracy 0.5926
2026-01-03 21:14:11.991317: val auc 0.6941
2026-01-03 21:14:11.994031: Epoch time: 53.71 s
2026-01-03 21:14:12.856788: 
2026-01-03 21:14:12.860914: Epoch 35
2026-01-03 21:14:12.864164: Current learning rate: 0.00894
2026-01-03 21:15:08.170115: train_loss 0.6782
2026-01-03 21:15:08.189532: val_loss 0.5667
2026-01-03 21:15:08.194230: val classification accuracy 0.7222
2026-01-03 21:15:08.199107: val auc 0.7853
2026-01-03 21:15:08.203282: Epoch time: 55.31 s
2026-01-03 21:15:08.213341: Yayy! New best EMA pseudo Dice: 0.7853
2026-01-03 21:15:10.913890: Yayy! New best classification accuracy: 0.7222
2026-01-03 21:15:13.858028: 
2026-01-03 21:15:13.861698: Epoch 36
2026-01-03 21:15:13.864299: Current learning rate: 0.00891
2026-01-03 21:16:07.591928: train_loss 0.6446
2026-01-03 21:16:07.599058: val_loss 1.1795
2026-01-03 21:16:07.602540: val classification accuracy 0.6296
2026-01-03 21:16:07.609379: val auc 0.6584
2026-01-03 21:16:07.612663: Epoch time: 53.74 s
2026-01-03 21:16:08.488315: 
2026-01-03 21:16:08.492264: Epoch 37
2026-01-03 21:16:08.494971: Current learning rate: 0.00888
2026-01-03 21:17:03.310043: train_loss 0.678
2026-01-03 21:17:03.326734: val_loss 0.7315
2026-01-03 21:17:03.335544: val classification accuracy 0.4815
2026-01-03 21:17:03.338863: val auc 0.5604
2026-01-03 21:17:03.346548: Epoch time: 54.82 s
2026-01-03 21:17:04.306567: 
2026-01-03 21:17:04.310835: Epoch 38
2026-01-03 21:17:04.313653: Current learning rate: 0.00885
2026-01-03 21:17:57.956275: train_loss 0.6481
2026-01-03 21:17:57.973163: val_loss 0.7392
2026-01-03 21:17:57.983069: val classification accuracy 0.5741
2026-01-03 21:17:57.986357: val auc 0.6091
2026-01-03 21:17:57.989599: Epoch time: 53.65 s
2026-01-03 21:17:58.820339: 
2026-01-03 21:17:58.824461: Epoch 39
2026-01-03 21:17:58.827458: Current learning rate: 0.00882
2026-01-03 21:18:53.005211: train_loss 0.6563
2026-01-03 21:18:53.010667: val_loss 0.7453
2026-01-03 21:18:53.014047: val classification accuracy 0.6296
2026-01-03 21:18:53.017049: val auc 0.6687
2026-01-03 21:18:53.020111: Epoch time: 54.19 s
2026-01-03 21:18:55.854065: Saved periodic checkpoint /hpf/projects/jquon/sumin/nnUNet_data/nnUNet_results/Dataset033_AVM_T1+C/SEResNetTrainer_ep300_NoMirroring_x2__nnUNetResEncUNetLPlans__3d_fullres/fold_9/checkpoint_every20_best_balacc.pth at epoch 39 with val_balanced_accuracy=0.6296
2026-01-03 21:18:57.906633: Saved periodic checkpoint /hpf/projects/jquon/sumin/nnUNet_data/nnUNet_results/Dataset033_AVM_T1+C/SEResNetTrainer_ep300_NoMirroring_x2__nnUNetResEncUNetLPlans__3d_fullres/fold_9/checkpoint_every20_best_auroc.pth at epoch 39 with val_auc=0.6687
2026-01-03 21:18:58.724580: 
2026-01-03 21:18:58.728223: Epoch 40
2026-01-03 21:18:58.730810: Current learning rate: 0.00879
2026-01-03 21:19:54.707319: train_loss 0.6764
2026-01-03 21:19:54.750355: val_loss 0.8375
2026-01-03 21:19:54.753772: val classification accuracy 0.5
2026-01-03 21:19:54.761868: val auc 0.5192
2026-01-03 21:19:54.771827: Epoch time: 55.98 s
2026-01-03 21:19:55.716328: 
2026-01-03 21:19:55.720035: Epoch 41
2026-01-03 21:19:55.722652: Current learning rate: 0.00876
2026-01-03 21:20:54.012679: train_loss 0.6789
2026-01-03 21:20:54.018679: val_loss 0.7232
2026-01-03 21:20:54.023592: val classification accuracy 0.537
2026-01-03 21:20:54.027659: val auc 0.5432
2026-01-03 21:20:54.031948: Epoch time: 58.3 s
2026-01-03 21:20:54.904342: 
2026-01-03 21:20:54.909778: Epoch 42
2026-01-03 21:20:54.913170: Current learning rate: 0.00873
2026-01-03 21:21:53.641629: train_loss 0.6921
2026-01-03 21:21:53.648827: val_loss 0.6751
2026-01-03 21:21:53.652042: val classification accuracy 0.5556
2026-01-03 21:21:53.655353: val auc 0.5995
2026-01-03 21:21:53.658518: Epoch time: 58.74 s
2026-01-03 21:21:54.492766: 
2026-01-03 21:21:54.498532: Epoch 43
2026-01-03 21:21:54.501466: Current learning rate: 0.0087
2026-01-03 21:22:54.942674: train_loss 0.636
2026-01-03 21:22:54.957020: val_loss 0.661
2026-01-03 21:22:54.960330: val classification accuracy 0.5741
2026-01-03 21:22:54.963336: val auc 0.6543
2026-01-03 21:22:54.966239: Epoch time: 60.45 s
2026-01-03 21:22:55.809006: 
2026-01-03 21:22:55.812503: Epoch 44
2026-01-03 21:22:55.814976: Current learning rate: 0.00867
2026-01-03 21:23:48.684251: train_loss 0.6473
2026-01-03 21:23:48.689056: val_loss 0.5451
2026-01-03 21:23:48.692286: val classification accuracy 0.7963
2026-01-03 21:23:48.695433: val auc 0.8505
2026-01-03 21:23:48.698368: Epoch time: 52.88 s
2026-01-03 21:23:48.700982: Yayy! New best EMA pseudo Dice: 0.8505
2026-01-03 21:23:51.575490: Yayy! New best classification accuracy: 0.7963
2026-01-03 21:23:54.652837: 
2026-01-03 21:23:54.656257: Epoch 45
2026-01-03 21:23:54.658842: Current learning rate: 0.00864
2026-01-03 21:24:47.359222: train_loss 0.6387
2026-01-03 21:24:47.372574: val_loss 0.9511
2026-01-03 21:24:47.376068: val classification accuracy 0.537
2026-01-03 21:24:47.379058: val auc 0.5494
2026-01-03 21:24:47.381993: Epoch time: 52.71 s
2026-01-03 21:24:48.244143: 
2026-01-03 21:24:48.247933: Epoch 46
2026-01-03 21:24:48.250409: Current learning rate: 0.00861
2026-01-03 21:25:42.469029: train_loss 0.6914
2026-01-03 21:25:42.482204: val_loss 0.6669
2026-01-03 21:25:42.485975: val classification accuracy 0.537
2026-01-03 21:25:42.505791: val auc 0.6187
2026-01-03 21:25:42.509495: Epoch time: 54.23 s
2026-01-03 21:25:43.356843: 
2026-01-03 21:25:43.360204: Epoch 47
2026-01-03 21:25:43.362702: Current learning rate: 0.00858
2026-01-03 21:26:37.894570: train_loss 0.6479
2026-01-03 21:26:37.913458: val_loss 0.7446
2026-01-03 21:26:37.917323: val classification accuracy 0.6667
2026-01-03 21:26:37.965050: val auc 0.6598
2026-01-03 21:26:37.980215: Epoch time: 54.54 s
2026-01-03 21:26:38.865988: 
2026-01-03 21:26:38.870409: Epoch 48
2026-01-03 21:26:38.873673: Current learning rate: 0.00855
2026-01-03 21:27:33.076702: train_loss 0.6294
2026-01-03 21:27:33.082332: val_loss 0.7232
2026-01-03 21:27:33.086150: val classification accuracy 0.5741
2026-01-03 21:27:33.090281: val auc 0.6653
2026-01-03 21:27:33.094112: Epoch time: 54.21 s
2026-01-03 21:27:33.991741: 
2026-01-03 21:27:33.995937: Epoch 49
2026-01-03 21:27:33.999866: Current learning rate: 0.00852
2026-01-03 21:28:28.824125: train_loss 0.6634
2026-01-03 21:28:28.845202: val_loss 0.6633
2026-01-03 21:28:28.847728: val classification accuracy 0.537
2026-01-03 21:28:28.850519: val auc 0.6804
2026-01-03 21:28:28.853377: Epoch time: 54.83 s
2026-01-03 21:28:29.731737: 
2026-01-03 21:28:29.735086: Epoch 50
2026-01-03 21:28:29.737527: Current learning rate: 0.00849
2026-01-03 21:29:24.250711: train_loss 0.6732
2026-01-03 21:29:24.273632: val_loss 0.705
2026-01-03 21:29:24.285748: val classification accuracy 0.537
2026-01-03 21:29:24.288563: val auc 0.5034
2026-01-03 21:29:24.306546: Epoch time: 54.52 s
2026-01-03 21:29:25.178286: 
2026-01-03 21:29:25.181927: Epoch 51
2026-01-03 21:29:25.184325: Current learning rate: 0.00846
2026-01-03 21:30:20.513648: train_loss 0.6733
2026-01-03 21:30:20.519090: val_loss 0.6967
2026-01-03 21:30:20.528940: val classification accuracy 0.5926
2026-01-03 21:30:20.532303: val auc 0.5727
2026-01-03 21:30:20.537286: Epoch time: 55.34 s
2026-01-03 21:30:21.472321: 
2026-01-03 21:30:21.475718: Epoch 52
2026-01-03 21:30:21.478187: Current learning rate: 0.00843
2026-01-03 21:31:16.263484: train_loss 0.6554
2026-01-03 21:31:16.268479: val_loss 0.736
2026-01-03 21:31:16.272034: val classification accuracy 0.5556
2026-01-03 21:31:16.274935: val auc 0.6228
2026-01-03 21:31:16.277625: Epoch time: 54.79 s
2026-01-03 21:31:17.147393: 
2026-01-03 21:31:17.151280: Epoch 53
2026-01-03 21:31:17.154005: Current learning rate: 0.00839
2026-01-03 21:32:10.524137: train_loss 0.6239
2026-01-03 21:32:10.550528: val_loss 0.646
2026-01-03 21:32:10.587114: val classification accuracy 0.6852
2026-01-03 21:32:10.599190: val auc 0.7298
2026-01-03 21:32:10.627935: Epoch time: 53.38 s
2026-01-03 21:32:11.568492: 
2026-01-03 21:32:11.572809: Epoch 54
2026-01-03 21:32:11.575955: Current learning rate: 0.00836
2026-01-03 21:33:03.882092: train_loss 0.6687
2026-01-03 21:33:03.886947: val_loss 0.8164
2026-01-03 21:33:03.889938: val classification accuracy 0.4815
2026-01-03 21:33:03.893029: val auc 0.5062
2026-01-03 21:33:03.895776: Epoch time: 52.32 s
2026-01-03 21:33:04.762575: 
2026-01-03 21:33:04.766663: Epoch 55
2026-01-03 21:33:04.769350: Current learning rate: 0.00833
2026-01-03 21:34:03.453245: train_loss 0.656
2026-01-03 21:34:03.459712: val_loss 0.5981
2026-01-03 21:34:03.484901: val classification accuracy 0.7037
2026-01-03 21:34:03.489303: val auc 0.7531
2026-01-03 21:34:03.493087: Epoch time: 58.69 s
2026-01-03 21:34:04.458786: 
2026-01-03 21:34:04.471456: Epoch 56
2026-01-03 21:34:04.474922: Current learning rate: 0.0083
2026-01-03 21:35:00.527215: train_loss 0.6243
2026-01-03 21:35:00.536556: val_loss 0.5989
2026-01-03 21:35:00.542613: val classification accuracy 0.7037
2026-01-03 21:35:00.546148: val auc 0.7675
2026-01-03 21:35:00.549308: Epoch time: 56.07 s
2026-01-03 21:35:01.482508: 
2026-01-03 21:35:01.485829: Epoch 57
2026-01-03 21:35:01.488349: Current learning rate: 0.00827
2026-01-03 21:35:48.161225: train_loss 0.6735
2026-01-03 21:35:48.168582: val_loss 0.7682
2026-01-03 21:35:48.183362: val classification accuracy 0.5556
2026-01-03 21:35:48.200719: val auc 0.4774
2026-01-03 21:35:48.218658: Epoch time: 46.68 s
2026-01-03 21:35:49.146827: 
2026-01-03 21:35:49.150420: Epoch 58
2026-01-03 21:35:49.153034: Current learning rate: 0.00824
2026-01-03 21:36:42.723460: train_loss 0.6602
2026-01-03 21:36:42.740883: val_loss 0.6843
2026-01-03 21:36:42.744538: val classification accuracy 0.6296
2026-01-03 21:36:42.748051: val auc 0.7051
2026-01-03 21:36:42.751365: Epoch time: 53.58 s
2026-01-03 21:36:43.677458: 
2026-01-03 21:36:43.681195: Epoch 59
2026-01-03 21:36:43.683963: Current learning rate: 0.00821
2026-01-03 21:37:39.369729: train_loss 0.6362
2026-01-03 21:37:39.400409: val_loss 0.5882
2026-01-03 21:37:39.403890: val classification accuracy 0.7037
2026-01-03 21:37:39.407377: val auc 0.7641
2026-01-03 21:37:39.415732: Epoch time: 55.69 s
2026-01-03 21:37:42.205449: Saved periodic checkpoint /hpf/projects/jquon/sumin/nnUNet_data/nnUNet_results/Dataset033_AVM_T1+C/SEResNetTrainer_ep300_NoMirroring_x2__nnUNetResEncUNetLPlans__3d_fullres/fold_9/checkpoint_every20_best_balacc.pth at epoch 59 with val_balanced_accuracy=0.7037
2026-01-03 21:37:44.487894: Saved periodic checkpoint /hpf/projects/jquon/sumin/nnUNet_data/nnUNet_results/Dataset033_AVM_T1+C/SEResNetTrainer_ep300_NoMirroring_x2__nnUNetResEncUNetLPlans__3d_fullres/fold_9/checkpoint_every20_best_auroc.pth at epoch 59 with val_auc=0.7641
2026-01-03 21:37:45.243027: 
2026-01-03 21:37:45.246714: Epoch 60
2026-01-03 21:37:45.249451: Current learning rate: 0.00818
2026-01-03 21:38:35.807160: train_loss 0.6321
2026-01-03 21:38:35.813593: val_loss 0.5726
2026-01-03 21:38:35.817764: val classification accuracy 0.7593
2026-01-03 21:38:35.821768: val auc 0.7709
2026-01-03 21:38:35.825049: Epoch time: 50.57 s
2026-01-03 21:38:36.657427: 
2026-01-03 21:38:36.661545: Epoch 61
2026-01-03 21:38:36.665001: Current learning rate: 0.00815
2026-01-03 21:39:32.389210: train_loss 0.639
2026-01-03 21:39:32.394895: val_loss 0.7011
2026-01-03 21:39:32.398228: val classification accuracy 0.6296
2026-01-03 21:39:32.401795: val auc 0.6283
2026-01-03 21:39:32.404946: Epoch time: 55.73 s
2026-01-03 21:39:34.180420: 
2026-01-03 21:39:34.184616: Epoch 62
2026-01-03 21:39:34.187696: Current learning rate: 0.00812
2026-01-03 21:40:32.225180: train_loss 0.6473
2026-01-03 21:40:32.244264: val_loss 0.6986
2026-01-03 21:40:32.247761: val classification accuracy 0.6296
2026-01-03 21:40:32.250727: val auc 0.6241
2026-01-03 21:40:32.255095: Epoch time: 58.05 s
2026-01-03 21:40:33.203742: 
2026-01-03 21:40:33.207417: Epoch 63
2026-01-03 21:40:33.210210: Current learning rate: 0.00809
2026-01-03 21:41:28.950124: train_loss 0.6472
2026-01-03 21:41:28.991530: val_loss 0.7575
2026-01-03 21:41:28.995505: val classification accuracy 0.4074
2026-01-03 21:41:29.030543: val auc 0.4719
2026-01-03 21:41:29.048516: Epoch time: 55.75 s
2026-01-03 21:41:29.864164: 
2026-01-03 21:41:29.868536: Epoch 64
2026-01-03 21:41:29.871836: Current learning rate: 0.00806
2026-01-03 21:42:22.143728: train_loss 0.6566
2026-01-03 21:42:22.149421: val_loss 0.5811
2026-01-03 21:42:22.154209: val classification accuracy 0.6667
2026-01-03 21:42:22.200955: val auc 0.7675
2026-01-03 21:42:22.216891: Epoch time: 52.28 s
2026-01-03 21:42:23.072931: 
2026-01-03 21:42:23.076743: Epoch 65
2026-01-03 21:42:23.079205: Current learning rate: 0.00803
2026-01-03 21:43:20.899855: train_loss 0.6415
2026-01-03 21:43:20.934030: val_loss 0.6308
2026-01-03 21:43:20.937617: val classification accuracy 0.6481
2026-01-03 21:43:20.940671: val auc 0.7202
2026-01-03 21:43:20.943600: Epoch time: 57.83 s
2026-01-03 21:43:21.748923: 
2026-01-03 21:43:21.752407: Epoch 66
2026-01-03 21:43:21.754977: Current learning rate: 0.008
2026-01-03 21:44:16.411645: train_loss 0.6397
2026-01-03 21:44:16.422657: val_loss 0.8526
2026-01-03 21:44:16.443921: val classification accuracy 0.5556
2026-01-03 21:44:16.450768: val auc 0.4925
2026-01-03 21:44:16.454568: Epoch time: 54.66 s
2026-01-03 21:44:17.303347: 
2026-01-03 21:44:17.306912: Epoch 67
2026-01-03 21:44:17.309628: Current learning rate: 0.00797
2026-01-03 21:45:09.005836: train_loss 0.6417
2026-01-03 21:45:09.012784: val_loss 0.5972
2026-01-03 21:45:09.017276: val classification accuracy 0.6296
2026-01-03 21:45:09.021188: val auc 0.762
2026-01-03 21:45:09.030336: Epoch time: 51.7 s
2026-01-03 21:45:09.880542: 
2026-01-03 21:45:09.883976: Epoch 68
2026-01-03 21:45:09.886624: Current learning rate: 0.00793
2026-01-03 21:46:02.855714: train_loss 0.6201
2026-01-03 21:46:02.861958: val_loss 0.5688
2026-01-03 21:46:02.865257: val classification accuracy 0.7222
2026-01-03 21:46:02.869068: val auc 0.773
2026-01-03 21:46:02.877473: Epoch time: 52.98 s
2026-01-03 21:46:03.802619: 
2026-01-03 21:46:03.807067: Epoch 69
2026-01-03 21:46:03.810468: Current learning rate: 0.0079
2026-01-03 21:47:01.839238: train_loss 0.6458
2026-01-03 21:47:01.854598: val_loss 0.7617
2026-01-03 21:47:01.864819: val classification accuracy 0.5741
2026-01-03 21:47:01.868730: val auc 0.6248
2026-01-03 21:47:01.872211: Epoch time: 58.04 s
2026-01-03 21:47:02.733063: 
2026-01-03 21:47:02.736914: Epoch 70
2026-01-03 21:47:02.740127: Current learning rate: 0.00787
2026-01-03 21:47:59.069282: train_loss 0.6775
2026-01-03 21:47:59.074837: val_loss 0.6557
2026-01-03 21:47:59.078048: val classification accuracy 0.5926
2026-01-03 21:47:59.081223: val auc 0.666
2026-01-03 21:47:59.085347: Epoch time: 56.34 s
2026-01-03 21:47:59.961055: 
2026-01-03 21:47:59.964437: Epoch 71
2026-01-03 21:47:59.966933: Current learning rate: 0.00784
2026-01-03 21:48:56.432317: train_loss 0.6609
2026-01-03 21:48:56.455979: val_loss 0.7289
2026-01-03 21:48:56.481063: val classification accuracy 0.5556
2026-01-03 21:48:56.484636: val auc 0.5878
2026-01-03 21:48:56.487785: Epoch time: 56.47 s
2026-01-03 21:48:57.314934: 
2026-01-03 21:48:57.318499: Epoch 72
2026-01-03 21:48:57.321128: Current learning rate: 0.00781
2026-01-03 21:49:50.319196: train_loss 0.6316
2026-01-03 21:49:50.323944: val_loss 0.7906
2026-01-03 21:49:50.327608: val classification accuracy 0.5185
2026-01-03 21:49:50.331643: val auc 0.5796
2026-01-03 21:49:50.335454: Epoch time: 53.01 s
2026-01-03 21:49:51.177715: 
2026-01-03 21:49:51.181533: Epoch 73
2026-01-03 21:49:51.184733: Current learning rate: 0.00778
2026-01-03 21:50:49.428197: train_loss 0.6452
2026-01-03 21:50:49.433465: val_loss 0.8063
2026-01-03 21:50:49.437324: val classification accuracy 0.5926
2026-01-03 21:50:49.441064: val auc 0.6749
2026-01-03 21:50:49.445791: Epoch time: 58.25 s
2026-01-03 21:50:50.352451: 
2026-01-03 21:50:50.358811: Epoch 74
2026-01-03 21:50:50.363280: Current learning rate: 0.00775
2026-01-03 21:51:46.332575: train_loss 0.6397
2026-01-03 21:51:46.362510: val_loss 0.6834
2026-01-03 21:51:46.366421: val classification accuracy 0.5926
2026-01-03 21:51:46.374141: val auc 0.6152
2026-01-03 21:51:46.378526: Epoch time: 55.98 s
2026-01-03 21:51:47.207696: 
2026-01-03 21:51:47.211300: Epoch 75
2026-01-03 21:51:47.215068: Current learning rate: 0.00772
2026-01-03 21:52:40.837459: train_loss 0.6173
2026-01-03 21:52:40.842606: val_loss 1.037
2026-01-03 21:52:40.845942: val classification accuracy 0.5185
2026-01-03 21:52:40.877959: val auc 0.546
2026-01-03 21:52:40.881622: Epoch time: 53.63 s
2026-01-03 21:52:41.795087: 
2026-01-03 21:52:41.799108: Epoch 76
2026-01-03 21:52:41.802663: Current learning rate: 0.00769
2026-01-03 21:53:37.119036: train_loss 0.6037
2026-01-03 21:53:37.126737: val_loss 0.8602
2026-01-03 21:53:37.130845: val classification accuracy 0.4444
2026-01-03 21:53:37.135700: val auc 0.4883
2026-01-03 21:53:37.139158: Epoch time: 55.33 s
2026-01-03 21:53:37.975520: 
2026-01-03 21:53:37.979385: Epoch 77
2026-01-03 21:53:37.982805: Current learning rate: 0.00766
2026-01-03 21:54:34.048289: train_loss 0.5913
2026-01-03 21:54:34.088084: val_loss 0.8257
2026-01-03 21:54:34.116978: val classification accuracy 0.5741
2026-01-03 21:54:34.120658: val auc 0.6296
2026-01-03 21:54:34.124397: Epoch time: 56.07 s
2026-01-03 21:54:35.001393: 
2026-01-03 21:54:35.005251: Epoch 78
2026-01-03 21:54:35.008820: Current learning rate: 0.00763
2026-01-03 21:55:33.023727: train_loss 0.6667
2026-01-03 21:55:33.049342: val_loss 0.6763
2026-01-03 21:55:33.053098: val classification accuracy 0.5741
2026-01-03 21:55:33.056133: val auc 0.6543
2026-01-03 21:55:33.059166: Epoch time: 58.02 s
2026-01-03 21:55:33.891146: 
2026-01-03 21:55:33.896168: Epoch 79
2026-01-03 21:55:33.899420: Current learning rate: 0.0076
2026-01-03 21:56:26.431804: train_loss 0.6691
2026-01-03 21:56:26.437792: val_loss 0.6858
2026-01-03 21:56:26.441489: val classification accuracy 0.5556
2026-01-03 21:56:26.444745: val auc 0.642
2026-01-03 21:56:26.448052: Epoch time: 52.54 s
2026-01-03 21:56:27.310584: 
2026-01-03 21:56:27.315383: Epoch 80
2026-01-03 21:56:27.319480: Current learning rate: 0.00756
2026-01-03 21:57:21.056745: train_loss 0.6072
2026-01-03 21:57:21.061854: val_loss 0.689
2026-01-03 21:57:21.065546: val classification accuracy 0.6296
2026-01-03 21:57:21.068836: val auc 0.6941
2026-01-03 21:57:21.072025: Epoch time: 53.75 s
2026-01-03 21:57:22.010962: 
2026-01-03 21:57:22.014984: Epoch 81
2026-01-03 21:57:22.018569: Current learning rate: 0.00753
2026-01-03 21:58:18.494987: train_loss 0.5824
2026-01-03 21:58:18.499870: val_loss 0.8318
2026-01-03 21:58:18.503011: val classification accuracy 0.6296
2026-01-03 21:58:18.505887: val auc 0.6049
2026-01-03 21:58:18.508931: Epoch time: 56.49 s
2026-01-03 21:58:19.361637: 
2026-01-03 21:58:19.365799: Epoch 82
2026-01-03 21:58:19.369263: Current learning rate: 0.0075
2026-01-03 21:59:15.375214: train_loss 0.5876
2026-01-03 21:59:15.394731: val_loss 0.6934
2026-01-03 21:59:15.399045: val classification accuracy 0.6296
2026-01-03 21:59:15.402962: val auc 0.6708
2026-01-03 21:59:15.407288: Epoch time: 56.01 s
2026-01-03 21:59:16.301982: 
2026-01-03 21:59:16.306001: Epoch 83
2026-01-03 21:59:16.309916: Current learning rate: 0.00747
2026-01-03 22:00:14.333012: train_loss 0.6851
2026-01-03 22:00:14.337666: val_loss 0.7176
2026-01-03 22:00:14.340633: val classification accuracy 0.5
2026-01-03 22:00:14.343547: val auc 0.5412
2026-01-03 22:00:14.346509: Epoch time: 58.03 s
2026-01-03 22:00:15.192533: 
2026-01-03 22:00:15.197108: Epoch 84
2026-01-03 22:00:15.200168: Current learning rate: 0.00744
2026-01-03 22:01:12.021068: train_loss 0.636
2026-01-03 22:01:12.041996: val_loss 0.814
2026-01-03 22:01:12.054343: val classification accuracy 0.5
2026-01-03 22:01:12.059155: val auc 0.5995
2026-01-03 22:01:12.070604: Epoch time: 56.83 s
2026-01-03 22:01:12.924531: 
2026-01-03 22:01:12.928309: Epoch 85
2026-01-03 22:01:12.931087: Current learning rate: 0.00741
2026-01-03 22:02:06.046217: train_loss 0.5876
2026-01-03 22:02:06.059845: val_loss 0.8142
2026-01-03 22:02:06.080193: val classification accuracy 0.4815
2026-01-03 22:02:06.084084: val auc 0.5412
2026-01-03 22:02:06.095263: Epoch time: 53.12 s
2026-01-03 22:02:06.909885: 
2026-01-03 22:02:06.914063: Epoch 86
2026-01-03 22:02:06.917441: Current learning rate: 0.00738
2026-01-03 22:03:01.654793: train_loss 0.6271
2026-01-03 22:03:01.659616: val_loss 0.7424
2026-01-03 22:03:01.664005: val classification accuracy 0.6481
2026-01-03 22:03:01.695572: val auc 0.6605
2026-01-03 22:03:01.699168: Epoch time: 54.75 s
2026-01-03 22:03:02.590533: 
2026-01-03 22:03:02.594124: Epoch 87
2026-01-03 22:03:02.597094: Current learning rate: 0.00735
2026-01-03 22:03:56.837584: train_loss 0.6327
2026-01-03 22:03:56.843131: val_loss 0.824
2026-01-03 22:03:56.846294: val classification accuracy 0.5185
2026-01-03 22:03:56.849026: val auc 0.548
2026-01-03 22:03:56.851635: Epoch time: 54.25 s
2026-01-03 22:03:57.733798: 
2026-01-03 22:03:57.737385: Epoch 88
2026-01-03 22:03:57.740341: Current learning rate: 0.00732
2026-01-03 22:04:49.145849: train_loss 0.6222
2026-01-03 22:04:49.151639: val_loss 0.7533
2026-01-03 22:04:49.155123: val classification accuracy 0.6111
2026-01-03 22:04:49.158206: val auc 0.6447
2026-01-03 22:04:49.161599: Epoch time: 51.41 s
2026-01-03 22:04:50.808001: 
2026-01-03 22:04:50.811698: Epoch 89
2026-01-03 22:04:50.814412: Current learning rate: 0.00729
2026-01-03 22:05:42.980360: train_loss 0.6194
2026-01-03 22:05:42.985639: val_loss 0.5722
2026-01-03 22:05:42.988906: val classification accuracy 0.7037
2026-01-03 22:05:42.992317: val auc 0.8086
2026-01-03 22:05:42.995276: Epoch time: 52.17 s
2026-01-03 22:05:43.906011: 
2026-01-03 22:05:43.909434: Epoch 90
2026-01-03 22:05:43.911733: Current learning rate: 0.00725
2026-01-03 22:06:38.035216: train_loss 0.5685
2026-01-03 22:06:38.041093: val_loss 0.5766
2026-01-03 22:06:38.044238: val classification accuracy 0.7407
2026-01-03 22:06:38.047693: val auc 0.808
2026-01-03 22:06:38.050412: Epoch time: 54.13 s
2026-01-03 22:06:38.960478: 
2026-01-03 22:06:38.975051: Epoch 91
2026-01-03 22:06:38.980958: Current learning rate: 0.00722
2026-01-03 22:07:37.191598: train_loss 0.5877
2026-01-03 22:07:37.214419: val_loss 0.6644
2026-01-03 22:07:37.224962: val classification accuracy 0.6481
2026-01-03 22:07:37.228553: val auc 0.6653
2026-01-03 22:07:37.241787: Epoch time: 58.23 s
2026-01-03 22:07:38.147724: 
2026-01-03 22:07:38.151301: Epoch 92
2026-01-03 22:07:38.154073: Current learning rate: 0.00719
2026-01-03 22:08:34.968683: train_loss 0.5977
2026-01-03 22:08:35.012635: val_loss 0.622
2026-01-03 22:08:35.017111: val classification accuracy 0.6852
2026-01-03 22:08:35.021384: val auc 0.7188
2026-01-03 22:08:35.025117: Epoch time: 56.82 s
2026-01-03 22:08:35.972052: 
2026-01-03 22:08:35.976431: Epoch 93
2026-01-03 22:08:35.979615: Current learning rate: 0.00716
2026-01-03 22:09:28.332203: train_loss 0.608
2026-01-03 22:09:28.380982: val_loss 0.6481
2026-01-03 22:09:28.384904: val classification accuracy 0.7037
2026-01-03 22:09:28.388478: val auc 0.7586
2026-01-03 22:09:28.393115: Epoch time: 52.36 s
2026-01-03 22:09:29.314304: 
2026-01-03 22:09:29.318920: Epoch 94
2026-01-03 22:09:29.322064: Current learning rate: 0.00713
2026-01-03 22:10:26.063676: train_loss 0.611
2026-01-03 22:10:26.096557: val_loss 0.6477
2026-01-03 22:10:26.106038: val classification accuracy 0.6481
2026-01-03 22:10:26.110154: val auc 0.6989
2026-01-03 22:10:26.113439: Epoch time: 56.75 s
2026-01-03 22:10:26.987685: 
2026-01-03 22:10:26.992516: Epoch 95
2026-01-03 22:10:26.995806: Current learning rate: 0.0071
2026-01-03 22:11:20.264609: train_loss 0.5997
2026-01-03 22:11:20.270580: val_loss 0.5838
2026-01-03 22:11:20.273538: val classification accuracy 0.6667
2026-01-03 22:11:20.276535: val auc 0.775
2026-01-03 22:11:20.279592: Epoch time: 53.28 s
2026-01-03 22:11:21.129907: 
2026-01-03 22:11:21.133444: Epoch 96
2026-01-03 22:11:21.136008: Current learning rate: 0.00707
2026-01-03 22:12:16.717891: train_loss 0.5677
2026-01-03 22:12:16.738940: val_loss 0.6777
2026-01-03 22:12:16.741922: val classification accuracy 0.7222
2026-01-03 22:12:16.744832: val auc 0.7599
2026-01-03 22:12:16.748304: Epoch time: 55.59 s
2026-01-03 22:12:17.654256: 
2026-01-03 22:12:17.658260: Epoch 97
2026-01-03 22:12:17.661062: Current learning rate: 0.00704
2026-01-03 22:13:08.402022: train_loss 0.6181
2026-01-03 22:13:08.406984: val_loss 0.6579
2026-01-03 22:13:08.409686: val classification accuracy 0.5926
2026-01-03 22:13:08.413359: val auc 0.7112
2026-01-03 22:13:08.416239: Epoch time: 50.75 s
2026-01-03 22:13:09.317080: 
2026-01-03 22:13:09.320504: Epoch 98
2026-01-03 22:13:09.323126: Current learning rate: 0.007
2026-01-03 22:14:04.162022: train_loss 0.6186
2026-01-03 22:14:04.178345: val_loss 0.5258
2026-01-03 22:14:04.181795: val classification accuracy 0.6481
2026-01-03 22:14:04.202806: val auc 0.8107
2026-01-03 22:14:04.210375: Epoch time: 54.85 s
2026-01-03 22:14:05.054893: 
2026-01-03 22:14:05.058316: Epoch 99
2026-01-03 22:14:05.061019: Current learning rate: 0.00697
2026-01-03 22:14:55.593726: train_loss 0.5625
2026-01-03 22:14:55.603097: val_loss 1.0038
2026-01-03 22:14:55.606988: val classification accuracy 0.5926
2026-01-03 22:14:55.610607: val auc 0.6022
2026-01-03 22:14:55.613839: Epoch time: 50.54 s
2026-01-03 22:14:56.566536: 
2026-01-03 22:14:56.570727: Epoch 100
2026-01-03 22:14:56.574256: Current learning rate: 0.00694
2026-01-03 22:15:51.541291: train_loss 0.6475
2026-01-03 22:15:51.546617: val_loss 0.686
2026-01-03 22:15:51.573963: val classification accuracy 0.5741
2026-01-03 22:15:51.577533: val auc 0.6433
2026-01-03 22:15:51.584669: Epoch time: 54.98 s
2026-01-03 22:15:52.562857: 
2026-01-03 22:15:52.567227: Epoch 101
2026-01-03 22:15:52.570443: Current learning rate: 0.00691
2026-01-03 22:16:43.189222: train_loss 0.6272
2026-01-03 22:16:43.248609: val_loss 0.9116
2026-01-03 22:16:43.252640: val classification accuracy 0.463
2026-01-03 22:16:43.256850: val auc 0.6516
2026-01-03 22:16:43.260394: Epoch time: 50.63 s
2026-01-03 22:16:44.079613: 
2026-01-03 22:16:44.083058: Epoch 102
2026-01-03 22:16:44.085898: Current learning rate: 0.00688
2026-01-03 22:17:37.059946: train_loss 0.5977
2026-01-03 22:17:37.068538: val_loss 0.6457
2026-01-03 22:17:37.072014: val classification accuracy 0.6852
2026-01-03 22:17:37.075164: val auc 0.7545
2026-01-03 22:17:37.108364: Epoch time: 52.98 s
2026-01-03 22:17:38.856411: 
2026-01-03 22:17:38.860032: Epoch 103
2026-01-03 22:17:38.862757: Current learning rate: 0.00685
2026-01-03 22:18:33.879626: train_loss 0.6314
2026-01-03 22:18:33.884940: val_loss 0.7603
2026-01-03 22:18:33.888269: val classification accuracy 0.537
2026-01-03 22:18:33.891852: val auc 0.6516
2026-01-03 22:18:33.895189: Epoch time: 55.02 s
2026-01-03 22:18:34.781443: 
2026-01-03 22:18:34.785440: Epoch 104
2026-01-03 22:18:34.788207: Current learning rate: 0.00682
2026-01-03 22:19:31.946333: train_loss 0.5713
2026-01-03 22:19:31.950908: val_loss 0.8111
2026-01-03 22:19:31.960240: val classification accuracy 0.537
2026-01-03 22:19:31.974293: val auc 0.6584
2026-01-03 22:19:31.987767: Epoch time: 57.17 s
2026-01-03 22:19:32.827505: 
2026-01-03 22:19:32.831374: Epoch 105
2026-01-03 22:19:32.834656: Current learning rate: 0.00679
2026-01-03 22:20:29.199399: train_loss 0.5884
2026-01-03 22:20:29.214685: val_loss 0.7686
2026-01-03 22:20:29.218613: val classification accuracy 0.5926
2026-01-03 22:20:29.222194: val auc 0.6104
2026-01-03 22:20:29.225655: Epoch time: 56.37 s
2026-01-03 22:20:30.024970: 
2026-01-03 22:20:30.028730: Epoch 106
2026-01-03 22:20:30.031383: Current learning rate: 0.00675
2026-01-03 22:21:24.813107: train_loss 0.6753
2026-01-03 22:21:24.819506: val_loss 0.6898
2026-01-03 22:21:24.822789: val classification accuracy 0.5185
2026-01-03 22:21:24.825912: val auc 0.5857
2026-01-03 22:21:24.829062: Epoch time: 54.79 s
2026-01-03 22:21:25.701129: 
2026-01-03 22:21:25.704836: Epoch 107
2026-01-03 22:21:25.708039: Current learning rate: 0.00672
2026-01-03 22:22:18.561689: train_loss 0.6297
2026-01-03 22:22:18.567003: val_loss 1.0887
2026-01-03 22:22:18.570514: val classification accuracy 0.4444
2026-01-03 22:22:18.573996: val auc 0.4307
2026-01-03 22:22:18.577341: Epoch time: 52.86 s
2026-01-03 22:22:19.418231: 
2026-01-03 22:22:19.444956: Epoch 108
2026-01-03 22:22:19.448063: Current learning rate: 0.00669
2026-01-03 22:23:15.215691: train_loss 0.6334
2026-01-03 22:23:15.232615: val_loss 0.7594
2026-01-03 22:23:15.238641: val classification accuracy 0.4815
2026-01-03 22:23:15.249102: val auc 0.5796
2026-01-03 22:23:15.253387: Epoch time: 55.8 s
2026-01-03 22:23:16.116572: 
2026-01-03 22:23:16.120257: Epoch 109
2026-01-03 22:23:16.123034: Current learning rate: 0.00666
2026-01-03 22:24:07.556638: train_loss 0.6306
2026-01-03 22:24:07.562644: val_loss 0.6659
2026-01-03 22:24:07.565747: val classification accuracy 0.6111
2026-01-03 22:24:07.568552: val auc 0.69
2026-01-03 22:24:07.571536: Epoch time: 51.44 s
2026-01-03 22:24:08.401104: 
2026-01-03 22:24:08.404697: Epoch 110
2026-01-03 22:24:08.407455: Current learning rate: 0.00663
2026-01-03 22:25:03.095221: train_loss 0.6014
2026-01-03 22:25:03.120994: val_loss 0.5967
2026-01-03 22:25:03.125088: val classification accuracy 0.6667
2026-01-03 22:25:03.128945: val auc 0.749
2026-01-03 22:25:03.135370: Epoch time: 54.7 s
2026-01-03 22:25:04.003078: 
2026-01-03 22:25:04.007897: Epoch 111
2026-01-03 22:25:04.011501: Current learning rate: 0.0066
2026-01-03 22:25:57.313714: train_loss 0.6145
2026-01-03 22:25:57.327248: val_loss 0.7011
2026-01-03 22:25:57.330869: val classification accuracy 0.6111
2026-01-03 22:25:57.339746: val auc 0.7174
2026-01-03 22:25:57.342655: Epoch time: 53.31 s
2026-01-03 22:25:58.262749: 
2026-01-03 22:25:58.267055: Epoch 112
2026-01-03 22:25:58.270514: Current learning rate: 0.00657
2026-01-03 22:26:52.826682: train_loss 0.6294
2026-01-03 22:26:52.832315: val_loss 0.8661
2026-01-03 22:26:52.837873: val classification accuracy 0.463
2026-01-03 22:26:52.841589: val auc 0.4664
2026-01-03 22:26:52.844832: Epoch time: 54.57 s
2026-01-03 22:26:53.622312: 
2026-01-03 22:26:53.626012: Epoch 113
2026-01-03 22:26:53.629412: Current learning rate: 0.00654
2026-01-03 22:27:48.921723: train_loss 0.5767
2026-01-03 22:27:48.927314: val_loss 0.7187
2026-01-03 22:27:48.930767: val classification accuracy 0.5556
2026-01-03 22:27:48.933901: val auc 0.6118
2026-01-03 22:27:48.937488: Epoch time: 55.3 s
2026-01-03 22:27:49.900580: 
2026-01-03 22:27:49.905459: Epoch 114
2026-01-03 22:27:49.908726: Current learning rate: 0.0065
2026-01-03 22:28:46.497350: train_loss 0.606
2026-01-03 22:28:46.534792: val_loss 0.858
2026-01-03 22:28:46.561170: val classification accuracy 0.4815
2026-01-03 22:28:46.564371: val auc 0.5158
2026-01-03 22:28:46.567761: Epoch time: 56.6 s
2026-01-03 22:28:47.388645: 
2026-01-03 22:28:47.392746: Epoch 115
2026-01-03 22:28:47.395589: Current learning rate: 0.00647
2026-01-03 22:29:44.897605: train_loss 0.6438
2026-01-03 22:29:44.906582: val_loss 0.9992
2026-01-03 22:29:44.910974: val classification accuracy 0.5185
2026-01-03 22:29:44.917668: val auc 0.3964
2026-01-03 22:29:44.921016: Epoch time: 57.51 s
2026-01-03 22:29:45.791434: 
2026-01-03 22:29:45.795410: Epoch 116
2026-01-03 22:29:45.798341: Current learning rate: 0.00644
2026-01-03 22:30:40.717238: train_loss 0.588
2026-01-03 22:30:40.724283: val_loss 1.044
2026-01-03 22:30:40.727711: val classification accuracy 0.7037
2026-01-03 22:30:40.731276: val auc 0.6776
2026-01-03 22:30:40.734882: Epoch time: 54.93 s
2026-01-03 22:30:41.566024: 
2026-01-03 22:30:41.569661: Epoch 117
2026-01-03 22:30:41.572495: Current learning rate: 0.00641
2026-01-03 22:31:38.456423: train_loss 0.6172
2026-01-03 22:31:38.486084: val_loss 0.6994
2026-01-03 22:31:38.519213: val classification accuracy 0.5926
2026-01-03 22:31:38.522312: val auc 0.7599
2026-01-03 22:31:38.525586: Epoch time: 56.89 s
2026-01-03 22:31:39.432512: 
2026-01-03 22:31:39.437168: Epoch 118
2026-01-03 22:31:39.440374: Current learning rate: 0.00638
2026-01-03 22:32:37.469819: train_loss 0.6104
2026-01-03 22:32:37.475299: val_loss 0.9313
2026-01-03 22:32:37.479226: val classification accuracy 0.5741
2026-01-03 22:32:37.483211: val auc 0.5418
2026-01-03 22:32:37.487089: Epoch time: 58.04 s
2026-01-03 22:32:38.321826: 
2026-01-03 22:32:38.326020: Epoch 119
2026-01-03 22:32:38.329311: Current learning rate: 0.00635
2026-01-03 22:33:36.008704: train_loss 0.5512
2026-01-03 22:33:36.014447: val_loss 0.6997
2026-01-03 22:33:36.017948: val classification accuracy 0.6667
2026-01-03 22:33:36.021367: val auc 0.679
2026-01-03 22:33:36.024799: Epoch time: 57.69 s
2026-01-03 22:33:36.895381: 
2026-01-03 22:33:36.899115: Epoch 120
2026-01-03 22:33:36.902174: Current learning rate: 0.00631
2026-01-03 22:34:30.395509: train_loss 0.6048
2026-01-03 22:34:30.420366: val_loss 0.7272
2026-01-03 22:34:30.424583: val classification accuracy 0.5741
2026-01-03 22:34:30.456264: val auc 0.6612
2026-01-03 22:34:30.460292: Epoch time: 53.5 s
2026-01-03 22:34:31.276062: 
2026-01-03 22:34:31.280171: Epoch 121
2026-01-03 22:34:31.283313: Current learning rate: 0.00628
2026-01-03 22:35:24.208494: train_loss 0.6083
2026-01-03 22:35:24.213955: val_loss 0.7758
2026-01-03 22:35:24.216908: val classification accuracy 0.6111
2026-01-03 22:35:24.220062: val auc 0.6694
2026-01-03 22:35:24.223274: Epoch time: 52.93 s
2026-01-03 22:35:25.082745: 
2026-01-03 22:35:25.086567: Epoch 122
2026-01-03 22:35:25.090003: Current learning rate: 0.00625
2026-01-03 22:36:18.051594: train_loss 0.5943
2026-01-03 22:36:18.082788: val_loss 0.677
2026-01-03 22:36:18.087293: val classification accuracy 0.6111
2026-01-03 22:36:18.095920: val auc 0.6818
2026-01-03 22:36:18.099332: Epoch time: 52.97 s
2026-01-03 22:36:18.932019: 
2026-01-03 22:36:18.947598: Epoch 123
2026-01-03 22:36:18.951032: Current learning rate: 0.00622
2026-01-03 22:37:15.703481: train_loss 0.5877
2026-01-03 22:37:15.736531: val_loss 0.726
2026-01-03 22:37:15.742364: val classification accuracy 0.6667
2026-01-03 22:37:15.746982: val auc 0.7154
2026-01-03 22:37:15.750496: Epoch time: 56.77 s
2026-01-03 22:37:16.578783: 
2026-01-03 22:37:16.593757: Epoch 124
2026-01-03 22:37:16.596827: Current learning rate: 0.00619
2026-01-03 22:38:11.827027: train_loss 0.6061
2026-01-03 22:38:11.836095: val_loss 0.7261
2026-01-03 22:38:11.840641: val classification accuracy 0.6667
2026-01-03 22:38:11.844862: val auc 0.6831
2026-01-03 22:38:11.848717: Epoch time: 55.25 s
2026-01-03 22:38:12.686588: 
2026-01-03 22:38:12.691282: Epoch 125
2026-01-03 22:38:12.694526: Current learning rate: 0.00616
2026-01-03 22:39:07.603734: train_loss 0.5878
2026-01-03 22:39:07.622391: val_loss 0.903
2026-01-03 22:39:07.626236: val classification accuracy 0.5556
2026-01-03 22:39:07.629586: val auc 0.5981
2026-01-03 22:39:07.633102: Epoch time: 54.92 s
2026-01-03 22:39:08.470212: 
2026-01-03 22:39:08.474541: Epoch 126
2026-01-03 22:39:08.477932: Current learning rate: 0.00612
2026-01-03 22:40:03.062215: train_loss 0.562
2026-01-03 22:40:03.067919: val_loss 1.0592
2026-01-03 22:40:03.071534: val classification accuracy 0.5556
2026-01-03 22:40:03.117241: val auc 0.5062
2026-01-03 22:40:03.174204: Epoch time: 54.59 s
2026-01-03 22:40:04.122701: 
2026-01-03 22:40:04.126969: Epoch 127
2026-01-03 22:40:04.130445: Current learning rate: 0.00609
2026-01-03 22:41:02.464394: train_loss 0.6342
2026-01-03 22:41:02.475039: val_loss 0.6799
2026-01-03 22:41:02.483401: val classification accuracy 0.6852
2026-01-03 22:41:02.487562: val auc 0.7202
2026-01-03 22:41:02.490989: Epoch time: 58.34 s
2026-01-03 22:41:03.373552: 
2026-01-03 22:41:03.377141: Epoch 128
2026-01-03 22:41:03.380533: Current learning rate: 0.00606
2026-01-03 22:42:02.338084: train_loss 0.5808
2026-01-03 22:42:02.347898: val_loss 0.8997
2026-01-03 22:42:02.351821: val classification accuracy 0.463
2026-01-03 22:42:02.359645: val auc 0.5947
2026-01-03 22:42:02.363257: Epoch time: 58.97 s
2026-01-03 22:42:03.202031: 
2026-01-03 22:42:03.206352: Epoch 129
2026-01-03 22:42:03.209696: Current learning rate: 0.00603
2026-01-03 22:43:02.899090: train_loss 0.5377
2026-01-03 22:43:02.905754: val_loss 2.0642
2026-01-03 22:43:02.909688: val classification accuracy 0.5
2026-01-03 22:43:02.913159: val auc 0.4925
2026-01-03 22:43:02.916948: Epoch time: 59.7 s
2026-01-03 22:43:04.500736: 
2026-01-03 22:43:04.504372: Epoch 130
2026-01-03 22:43:04.507551: Current learning rate: 0.006
2026-01-03 22:43:57.038472: train_loss 0.5567
2026-01-03 22:43:57.043581: val_loss 1.0099
2026-01-03 22:43:57.048120: val classification accuracy 0.4444
2026-01-03 22:43:57.052999: val auc 0.5254
2026-01-03 22:43:57.058433: Epoch time: 52.54 s
2026-01-03 22:43:57.934575: 
2026-01-03 22:43:57.939616: Epoch 131
2026-01-03 22:43:57.944019: Current learning rate: 0.00597
2026-01-03 22:44:50.897549: train_loss 0.591
2026-01-03 22:44:50.922482: val_loss 0.9496
2026-01-03 22:44:50.926760: val classification accuracy 0.4444
2026-01-03 22:44:50.939651: val auc 0.4746
2026-01-03 22:44:50.943758: Epoch time: 52.96 s
2026-01-03 22:44:51.807847: 
2026-01-03 22:44:51.811238: Epoch 132
2026-01-03 22:44:51.813918: Current learning rate: 0.00593
2026-01-03 22:45:41.731055: train_loss 0.5969
2026-01-03 22:45:41.778260: val_loss 0.6772
2026-01-03 22:45:41.790726: val classification accuracy 0.5926
2026-01-03 22:45:41.794165: val auc 0.6886
2026-01-03 22:45:41.807340: Epoch time: 49.92 s
2026-01-03 22:45:42.640210: 
2026-01-03 22:45:42.643535: Epoch 133
2026-01-03 22:45:42.646238: Current learning rate: 0.0059
2026-01-03 22:46:28.016316: train_loss 0.5328
2026-01-03 22:46:28.021421: val_loss 0.5746
2026-01-03 22:46:28.024448: val classification accuracy 0.7222
2026-01-03 22:46:28.027581: val auc 0.8224
2026-01-03 22:46:28.030699: Epoch time: 45.38 s
2026-01-03 22:46:28.846795: 
2026-01-03 22:46:28.850688: Epoch 134
2026-01-03 22:46:28.853967: Current learning rate: 0.00587
2026-01-03 22:47:24.219472: train_loss 0.561
2026-01-03 22:47:24.226939: val_loss 1.0364
2026-01-03 22:47:24.236753: val classification accuracy 0.5185
2026-01-03 22:47:24.241174: val auc 0.5034
2026-01-03 22:47:24.245510: Epoch time: 55.37 s
2026-01-03 22:47:25.148843: 
2026-01-03 22:47:25.153837: Epoch 135
2026-01-03 22:47:25.157234: Current learning rate: 0.00584
2026-01-03 22:48:12.626652: train_loss 0.644
2026-01-03 22:48:12.688636: val_loss 0.7904
2026-01-03 22:48:12.700715: val classification accuracy 0.463
2026-01-03 22:48:12.704358: val auc 0.4691
2026-01-03 22:48:12.708016: Epoch time: 47.48 s
2026-01-03 22:48:13.649742: 
2026-01-03 22:48:13.653404: Epoch 136
2026-01-03 22:48:13.656599: Current learning rate: 0.00581
2026-01-03 22:49:09.006605: train_loss 0.6041
2026-01-03 22:49:09.027755: val_loss 0.7782
2026-01-03 22:49:09.031572: val classification accuracy 0.5185
2026-01-03 22:49:09.035037: val auc 0.572
2026-01-03 22:49:09.038933: Epoch time: 55.36 s
2026-01-03 22:49:09.905893: 
2026-01-03 22:49:09.926198: Epoch 137
2026-01-03 22:49:09.934189: Current learning rate: 0.00578
2026-01-03 22:50:03.043111: train_loss 0.5565
2026-01-03 22:50:03.047838: val_loss 1.1824
2026-01-03 22:50:03.051565: val classification accuracy 0.4815
2026-01-03 22:50:03.055146: val auc 0.4925
2026-01-03 22:50:03.089450: Epoch time: 53.14 s
2026-01-03 22:50:03.925887: 
2026-01-03 22:50:03.930838: Epoch 138
2026-01-03 22:50:03.934282: Current learning rate: 0.00574
2026-01-03 22:51:00.609659: train_loss 0.5714
2026-01-03 22:51:00.614058: val_loss 1.0214
2026-01-03 22:51:00.616982: val classification accuracy 0.537
2026-01-03 22:51:00.631791: val auc 0.5144
2026-01-03 22:51:00.634511: Epoch time: 56.69 s
2026-01-03 22:51:01.506942: 
2026-01-03 22:51:01.510535: Epoch 139
2026-01-03 22:51:01.513468: Current learning rate: 0.00571
2026-01-03 22:51:54.308134: train_loss 0.5746
2026-01-03 22:51:54.318095: val_loss 0.9556
2026-01-03 22:51:54.322231: val classification accuracy 0.4259
2026-01-03 22:51:54.326651: val auc 0.4719
2026-01-03 22:51:54.330143: Epoch time: 52.8 s
2026-01-03 22:51:55.204019: 
2026-01-03 22:51:55.209008: Epoch 140
2026-01-03 22:51:55.211986: Current learning rate: 0.00568
2026-01-03 22:52:48.049096: train_loss 0.5715
2026-01-03 22:52:48.053678: val_loss 1.2529
2026-01-03 22:52:48.057329: val classification accuracy 0.537
2026-01-03 22:52:48.060788: val auc 0.4815
2026-01-03 22:52:48.063993: Epoch time: 52.85 s
2026-01-03 22:52:48.909411: 
2026-01-03 22:52:48.913498: Epoch 141
2026-01-03 22:52:48.917017: Current learning rate: 0.00565
2026-01-03 22:53:42.819054: train_loss 0.5972
2026-01-03 22:53:42.826252: val_loss 0.5796
2026-01-03 22:53:42.829837: val classification accuracy 0.7222
2026-01-03 22:53:42.833665: val auc 0.7634
2026-01-03 22:53:42.839396: Epoch time: 53.91 s
2026-01-03 22:53:43.696651: 
2026-01-03 22:53:43.700615: Epoch 142
2026-01-03 22:53:43.729321: Current learning rate: 0.00562
2026-01-03 22:54:28.356031: train_loss 0.5687
2026-01-03 22:54:28.367021: val_loss 0.9104
2026-01-03 22:54:28.371478: val classification accuracy 0.5185
2026-01-03 22:54:28.375444: val auc 0.5871
2026-01-03 22:54:28.397007: Epoch time: 44.66 s
2026-01-03 22:54:29.261773: 
2026-01-03 22:54:29.265765: Epoch 143
2026-01-03 22:54:29.269288: Current learning rate: 0.00558
2026-01-03 22:55:18.204200: train_loss 0.529
2026-01-03 22:55:18.247124: val_loss 1.3258
2026-01-03 22:55:18.252713: val classification accuracy 0.4444
2026-01-03 22:55:18.257226: val auc 0.4623
2026-01-03 22:55:18.261467: Epoch time: 48.94 s
2026-01-03 22:55:19.267775: 
2026-01-03 22:55:19.272598: Epoch 144
2026-01-03 22:55:19.276504: Current learning rate: 0.00555
2026-01-03 22:56:18.048734: train_loss 0.6577
2026-01-03 22:56:18.060416: val_loss 0.638
2026-01-03 22:56:18.068754: val classification accuracy 0.6667
2026-01-03 22:56:18.072699: val auc 0.6962
2026-01-03 22:56:18.075996: Epoch time: 58.78 s
2026-01-03 22:56:18.954537: 
2026-01-03 22:56:18.958115: Epoch 145
2026-01-03 22:56:18.961817: Current learning rate: 0.00552
2026-01-03 22:57:07.092129: train_loss 0.6166
2026-01-03 22:57:07.118410: val_loss 0.8555
2026-01-03 22:57:07.122196: val classification accuracy 0.537
2026-01-03 22:57:07.138362: val auc 0.5432
2026-01-03 22:57:07.142108: Epoch time: 48.14 s
2026-01-03 22:57:07.932677: 
2026-01-03 22:57:07.936632: Epoch 146
2026-01-03 22:57:07.940245: Current learning rate: 0.00549
2026-01-03 22:57:58.229131: train_loss 0.6133
2026-01-03 22:57:58.239139: val_loss 1.0371
2026-01-03 22:57:58.256074: val classification accuracy 0.6296
2026-01-03 22:57:58.260726: val auc 0.6145
2026-01-03 22:57:58.264653: Epoch time: 50.3 s
2026-01-03 22:57:59.112571: 
2026-01-03 22:57:59.116213: Epoch 147
2026-01-03 22:57:59.119376: Current learning rate: 0.00546
2026-01-03 22:58:52.758917: train_loss 0.6213
2026-01-03 22:58:52.764127: val_loss 0.6934
2026-01-03 22:58:52.767499: val classification accuracy 0.7407
2026-01-03 22:58:52.770616: val auc 0.7119
2026-01-03 22:58:52.773794: Epoch time: 53.65 s
2026-01-03 22:58:53.536139: 
2026-01-03 22:58:53.539679: Epoch 148
2026-01-03 22:58:53.542676: Current learning rate: 0.00542
2026-01-03 22:59:44.260593: train_loss 0.5338
2026-01-03 22:59:44.270348: val_loss 5.4742
2026-01-03 22:59:44.273622: val classification accuracy 0.5
2026-01-03 22:59:44.276917: val auc 0.57
2026-01-03 22:59:44.280399: Epoch time: 50.73 s
2026-01-03 22:59:45.130573: 
2026-01-03 22:59:45.134605: Epoch 149
2026-01-03 22:59:45.137712: Current learning rate: 0.00539
2026-01-03 23:00:34.076116: train_loss 0.5739
2026-01-03 23:00:34.100675: val_loss 1.0407
2026-01-03 23:00:34.105019: val classification accuracy 0.4444
2026-01-03 23:00:34.128677: val auc 0.4396
2026-01-03 23:00:34.134198: Epoch time: 48.95 s
2026-01-03 23:00:35.023441: 
2026-01-03 23:00:35.027065: Epoch 150
2026-01-03 23:00:35.029981: Current learning rate: 0.00536
2026-01-03 23:01:24.251595: train_loss 0.5712
2026-01-03 23:01:24.285276: val_loss 0.6205
2026-01-03 23:01:24.293968: val classification accuracy 0.7037
2026-01-03 23:01:24.301091: val auc 0.749
2026-01-03 23:01:24.305160: Epoch time: 49.23 s
2026-01-03 23:01:25.156863: 
2026-01-03 23:01:25.160460: Epoch 151
2026-01-03 23:01:25.163709: Current learning rate: 0.00533
2026-01-03 23:02:18.246807: train_loss 0.4658
2026-01-03 23:02:18.295257: val_loss 1.0748
2026-01-03 23:02:18.299494: val classification accuracy 0.5741
2026-01-03 23:02:18.303020: val auc 0.6578
2026-01-03 23:02:18.306620: Epoch time: 53.09 s
2026-01-03 23:02:19.129009: 
2026-01-03 23:02:19.132866: Epoch 152
2026-01-03 23:02:19.136417: Current learning rate: 0.00529
2026-01-03 23:03:08.072236: train_loss 0.5262
2026-01-03 23:03:08.078387: val_loss 0.9217
2026-01-03 23:03:08.082292: val classification accuracy 0.6481
2026-01-03 23:03:08.085671: val auc 0.6872
2026-01-03 23:03:08.090255: Epoch time: 48.94 s
2026-01-03 23:03:08.869937: 
2026-01-03 23:03:08.874002: Epoch 153
2026-01-03 23:03:08.877676: Current learning rate: 0.00526
2026-01-03 23:03:59.879317: train_loss 0.5504
2026-01-03 23:03:59.902764: val_loss 0.8697
2026-01-03 23:03:59.908739: val classification accuracy 0.5185
2026-01-03 23:03:59.911906: val auc 0.5734
2026-01-03 23:03:59.915414: Epoch time: 51.01 s
2026-01-03 23:04:00.741433: 
2026-01-03 23:04:00.745064: Epoch 154
2026-01-03 23:04:00.747984: Current learning rate: 0.00523
2026-01-03 23:04:55.772960: train_loss 0.5458
2026-01-03 23:04:55.799090: val_loss 1.0194
2026-01-03 23:04:55.803033: val classification accuracy 0.5
2026-01-03 23:04:55.806625: val auc 0.5638
2026-01-03 23:04:55.810223: Epoch time: 55.03 s
2026-01-03 23:04:56.682865: 
2026-01-03 23:04:56.687073: Epoch 155
2026-01-03 23:04:56.690635: Current learning rate: 0.0052
2026-01-03 23:05:52.482139: train_loss 0.5261
2026-01-03 23:05:52.492325: val_loss 1.0885
2026-01-03 23:05:52.496577: val classification accuracy 0.5
2026-01-03 23:05:52.500329: val auc 0.5226
2026-01-03 23:05:52.504104: Epoch time: 55.8 s
2026-01-03 23:05:53.328715: 
2026-01-03 23:05:53.332448: Epoch 156
2026-01-03 23:05:53.335700: Current learning rate: 0.00517
2026-01-03 23:06:45.187348: train_loss 0.5466
2026-01-03 23:06:45.229191: val_loss 0.8498
2026-01-03 23:06:45.233836: val classification accuracy 0.5556
2026-01-03 23:06:45.237623: val auc 0.6118
2026-01-03 23:06:45.241368: Epoch time: 51.86 s
2026-01-03 23:06:46.799012: 
2026-01-03 23:06:46.803202: Epoch 157
2026-01-03 23:06:46.806486: Current learning rate: 0.00513
2026-01-03 23:07:35.688901: train_loss 0.5113
2026-01-03 23:07:35.740169: val_loss 1.1722
2026-01-03 23:07:35.744367: val classification accuracy 0.5
2026-01-03 23:07:35.752095: val auc 0.4931
2026-01-03 23:07:35.755414: Epoch time: 48.89 s
2026-01-03 23:07:36.534009: 
2026-01-03 23:07:36.537677: Epoch 158
2026-01-03 23:07:36.540993: Current learning rate: 0.0051
2026-01-03 23:08:25.826823: train_loss 0.5569
2026-01-03 23:08:25.853610: val_loss 1.1577
2026-01-03 23:08:25.856778: val classification accuracy 0.5185
2026-01-03 23:08:25.859855: val auc 0.5007
2026-01-03 23:08:25.862852: Epoch time: 49.29 s
2026-01-03 23:08:26.642223: 
2026-01-03 23:08:26.645718: Epoch 159
2026-01-03 23:08:26.648912: Current learning rate: 0.00507
2026-01-03 23:09:16.023250: train_loss 0.5407
2026-01-03 23:09:16.028459: val_loss 0.78
2026-01-03 23:09:16.032768: val classification accuracy 0.5926
2026-01-03 23:09:16.036860: val auc 0.6433
2026-01-03 23:09:16.041017: Epoch time: 49.38 s
2026-01-03 23:09:16.898742: 
2026-01-03 23:09:16.902633: Epoch 160
2026-01-03 23:09:16.906119: Current learning rate: 0.00504
2026-01-03 23:10:05.594316: train_loss 0.5477
2026-01-03 23:10:05.600540: val_loss 0.9136
2026-01-03 23:10:05.604438: val classification accuracy 0.4074
2026-01-03 23:10:05.609104: val auc 0.4623
2026-01-03 23:10:05.620901: Epoch time: 48.7 s
2026-01-03 23:10:06.453485: 
2026-01-03 23:10:06.457959: Epoch 161
2026-01-03 23:10:06.462166: Current learning rate: 0.005
2026-01-03 23:10:57.605366: train_loss 0.5051
2026-01-03 23:10:57.610506: val_loss 1.6983
2026-01-03 23:10:57.613910: val classification accuracy 0.5556
2026-01-03 23:10:57.628390: val auc 0.4925
2026-01-03 23:10:57.634011: Epoch time: 51.15 s
2026-01-03 23:10:58.406981: 
2026-01-03 23:10:58.410412: Epoch 162
2026-01-03 23:10:58.413018: Current learning rate: 0.00497
2026-01-03 23:11:45.958058: train_loss 0.5865
2026-01-03 23:11:45.969777: val_loss 0.702
2026-01-03 23:11:45.973864: val classification accuracy 0.6296
2026-01-03 23:11:45.991672: val auc 0.7202
2026-01-03 23:11:45.995238: Epoch time: 47.55 s
2026-01-03 23:11:46.797051: 
2026-01-03 23:11:46.800582: Epoch 163
2026-01-03 23:11:46.803544: Current learning rate: 0.00494
2026-01-03 23:12:37.522606: train_loss 0.4955
2026-01-03 23:12:37.528484: val_loss 0.7785
2026-01-03 23:12:37.568680: val classification accuracy 0.6852
2026-01-03 23:12:37.572247: val auc 0.7414
2026-01-03 23:12:37.575859: Epoch time: 50.73 s
2026-01-03 23:12:38.442706: 
2026-01-03 23:12:38.446912: Epoch 164
2026-01-03 23:12:38.450136: Current learning rate: 0.00491
2026-01-03 23:13:27.448833: train_loss 0.5827
2026-01-03 23:13:27.455345: val_loss 1.029
2026-01-03 23:13:27.459714: val classification accuracy 0.5
2026-01-03 23:13:27.472868: val auc 0.4918
2026-01-03 23:13:27.478195: Epoch time: 49.01 s
2026-01-03 23:13:28.357748: 
2026-01-03 23:13:28.362012: Epoch 165
2026-01-03 23:13:28.365396: Current learning rate: 0.00487
2026-01-03 23:14:19.430428: train_loss 0.5388
2026-01-03 23:14:19.438509: val_loss 1.281
2026-01-03 23:14:19.442743: val classification accuracy 0.5185
2026-01-03 23:14:19.446543: val auc 0.5569
2026-01-03 23:14:19.450097: Epoch time: 51.07 s
2026-01-03 23:14:20.231706: 
2026-01-03 23:14:20.236853: Epoch 166
2026-01-03 23:14:20.240109: Current learning rate: 0.00484
2026-01-03 23:15:12.266171: train_loss 0.5337
2026-01-03 23:15:12.281374: val_loss 0.9779
2026-01-03 23:15:12.284522: val classification accuracy 0.5556
2026-01-03 23:15:12.287637: val auc 0.5967
2026-01-03 23:15:12.290663: Epoch time: 52.04 s
2026-01-03 23:15:13.166529: 
2026-01-03 23:15:13.169961: Epoch 167
2026-01-03 23:15:13.172922: Current learning rate: 0.00481
2026-01-03 23:16:05.526550: train_loss 0.5391
2026-01-03 23:16:05.535914: val_loss 1.3847
2026-01-03 23:16:05.551658: val classification accuracy 0.5
2026-01-03 23:16:05.555701: val auc 0.4472
2026-01-03 23:16:05.559845: Epoch time: 52.36 s
2026-01-03 23:16:06.363548: 
2026-01-03 23:16:06.367675: Epoch 168
2026-01-03 23:16:06.371084: Current learning rate: 0.00478
2026-01-03 23:16:57.438559: train_loss 0.5411
2026-01-03 23:16:57.464844: val_loss 1.0906
2026-01-03 23:16:57.473866: val classification accuracy 0.537
2026-01-03 23:16:57.477961: val auc 0.5569
2026-01-03 23:16:57.481416: Epoch time: 51.08 s
2026-01-03 23:16:58.226427: 
2026-01-03 23:16:58.230069: Epoch 169
2026-01-03 23:16:58.232965: Current learning rate: 0.00474
2026-01-03 23:17:46.069642: train_loss 0.5756
2026-01-03 23:17:46.075464: val_loss 0.933
2026-01-03 23:17:46.079207: val classification accuracy 0.5741
2026-01-03 23:17:46.089555: val auc 0.6091
2026-01-03 23:17:46.093325: Epoch time: 47.84 s
2026-01-03 23:17:46.889182: 
2026-01-03 23:17:46.892817: Epoch 170
2026-01-03 23:17:46.896126: Current learning rate: 0.00471
2026-01-03 23:18:39.729822: train_loss 0.5068
2026-01-03 23:18:39.740385: val_loss 1.0472
2026-01-03 23:18:39.744685: val classification accuracy 0.5741
2026-01-03 23:18:39.748745: val auc 0.5823
2026-01-03 23:18:39.796536: Epoch time: 52.84 s
2026-01-03 23:18:41.598744: 
2026-01-03 23:18:41.602799: Epoch 171
2026-01-03 23:18:41.606144: Current learning rate: 0.00468
2026-01-03 23:19:31.809028: train_loss 0.5035
2026-01-03 23:19:31.839197: val_loss 0.9432
2026-01-03 23:19:31.844188: val classification accuracy 0.6481
2026-01-03 23:19:31.847932: val auc 0.6324
2026-01-03 23:19:31.851777: Epoch time: 50.21 s
2026-01-03 23:19:32.655213: 
2026-01-03 23:19:32.658808: Epoch 172
2026-01-03 23:19:32.661673: Current learning rate: 0.00465
2026-01-03 23:20:21.496819: train_loss 0.4928
2026-01-03 23:20:21.502277: val_loss 0.6791
2026-01-03 23:20:21.506686: val classification accuracy 0.7222
2026-01-03 23:20:21.511508: val auc 0.7586
2026-01-03 23:20:21.568987: Epoch time: 48.84 s
2026-01-03 23:20:22.396829: 
2026-01-03 23:20:22.401469: Epoch 173
2026-01-03 23:20:22.404960: Current learning rate: 0.00461
2026-01-03 23:21:13.809949: train_loss 0.5458
2026-01-03 23:21:13.815916: val_loss 1.0431
2026-01-03 23:21:13.820621: val classification accuracy 0.5
2026-01-03 23:21:13.824161: val auc 0.546
2026-01-03 23:21:13.827853: Epoch time: 51.41 s
2026-01-03 23:21:14.706547: 
2026-01-03 23:21:14.710245: Epoch 174
2026-01-03 23:21:14.713095: Current learning rate: 0.00458
2026-01-03 23:22:06.738125: train_loss 0.5171
2026-01-03 23:22:06.744316: val_loss 1.1705
2026-01-03 23:22:06.748698: val classification accuracy 0.5185
2026-01-03 23:22:06.753299: val auc 0.5665
2026-01-03 23:22:06.757587: Epoch time: 52.03 s
2026-01-03 23:22:07.550546: 
2026-01-03 23:22:07.554198: Epoch 175
2026-01-03 23:22:07.557702: Current learning rate: 0.00455
2026-01-03 23:23:04.903308: train_loss 0.4968
2026-01-03 23:23:04.908756: val_loss 0.7818
2026-01-03 23:23:04.912864: val classification accuracy 0.6296
2026-01-03 23:23:04.916539: val auc 0.7037
2026-01-03 23:23:04.920171: Epoch time: 57.35 s
2026-01-03 23:23:05.829889: 
2026-01-03 23:23:05.833653: Epoch 176
2026-01-03 23:23:05.837126: Current learning rate: 0.00452
2026-01-03 23:23:57.609217: train_loss 0.4769
2026-01-03 23:23:57.614828: val_loss 1.0101
2026-01-03 23:23:57.618209: val classification accuracy 0.6667
2026-01-03 23:23:57.621334: val auc 0.6722
2026-01-03 23:23:57.625859: Epoch time: 51.78 s
2026-01-03 23:23:58.544899: 
2026-01-03 23:23:58.548886: Epoch 177
2026-01-03 23:23:58.552294: Current learning rate: 0.00448
2026-01-03 23:24:51.513916: train_loss 0.4799
2026-01-03 23:24:51.519055: val_loss 1.0984
2026-01-03 23:24:51.522630: val classification accuracy 0.5556
2026-01-03 23:24:51.525804: val auc 0.583
2026-01-03 23:24:51.529119: Epoch time: 52.97 s
2026-01-03 23:24:52.293497: 
2026-01-03 23:24:52.297331: Epoch 178
2026-01-03 23:24:52.300310: Current learning rate: 0.00445
2026-01-03 23:25:39.921174: train_loss 0.5048
2026-01-03 23:25:39.927056: val_loss 1.1877
2026-01-03 23:25:39.939266: val classification accuracy 0.4444
2026-01-03 23:25:39.942767: val auc 0.4787
2026-01-03 23:25:39.945791: Epoch time: 47.63 s
2026-01-03 23:25:39.948539: Early stopping triggered at epoch 178. Best val_losses=0.5258
2026-01-03 23:25:40.748439: Stopping training early due to early stopping criterion.
2026-01-03 23:25:44.051797: Training done.
2026-01-03 23:25:44.099754: Skipping perform_actual_validation for classification trainer (segmentation-style sliding window is not applicable).
[1;34mwandb[0m: 
[1;34mwandb[0m:  View run [33mSEResNetTrainer_ep300_NoMirroring_x2_fold9[0m at: [34m[0m
[1;34mwandb[0m: Find logs at: [1;35m../../tmp/wandb/wandb/run-20260103_204058-lwdqd6el/logs[0m
