Using device: cuda:0

#######################################################################
Please cite the following paper when using nnU-Net:
Isensee, F., Jaeger, P. F., Kohl, S. A., Petersen, J., & Maier-Hein, K. H. (2021). nnU-Net: a self-configuring method for deep learning-based biomedical image segmentation. Nature methods, 18(2), 203-211.
#######################################################################

2026-01-03 16:43:09.512802: Using torch.compile...
2026-01-03 16:43:14.633825: do_dummy_2d_data_aug: False
2026-01-03 16:43:14.637835: Using splits from existing split file: /hpf/projects/jquon/sumin/nnUNet_data/nnUNet_preprocessed/Dataset033_AVM_T1+C/splits_final.json
2026-01-03 16:43:14.641619: The split file contains 11 splits.
2026-01-03 16:43:14.643636: Desired fold for training: 5
2026-01-03 16:43:14.645576: This split has 465 training and 47 validation cases.
using pin_memory on device 0
using pin_memory on device 0

This is the configuration used by this training:
Configuration name: 3d_fullres
 {'data_identifier': 'nnUNetPlans_3d_fullres', 'preprocessor_name': 'DefaultPreprocessor', 'batch_size': 2, 'patch_size': [160, 224, 192], 'median_image_size_in_voxels': [344.0, 448.0, 429.0], 'spacing': [0.500000923871994, 0.4910714328289032, 0.4910714328289032], 'normalization_schemes': ['ZScoreNormalization'], 'use_mask_for_norm': [False], 'resampling_fn_data': 'resample_data_or_seg_to_shape', 'resampling_fn_seg': 'resample_data_or_seg_to_shape', 'resampling_fn_data_kwargs': {'is_seg': False, 'order': 3, 'order_z': 0, 'force_separate_z': None}, 'resampling_fn_seg_kwargs': {'is_seg': True, 'order': 1, 'order_z': 0, 'force_separate_z': None}, 'resampling_fn_probabilities': 'resample_data_or_seg_to_shape', 'resampling_fn_probabilities_kwargs': {'is_seg': False, 'order': 1, 'order_z': 0, 'force_separate_z': None}, 'architecture': {'network_class_name': 'dynamic_network_architectures.architectures.unet.ResidualEncoderUNet', 'arch_kwargs': {'n_stages': 6, 'features_per_stage': [32, 64, 128, 256, 320, 320], 'conv_op': 'torch.nn.modules.conv.Conv3d', 'kernel_sizes': [[3, 3, 3], [3, 3, 3], [3, 3, 3], [3, 3, 3], [3, 3, 3], [3, 3, 3]], 'strides': [[1, 1, 1], [2, 2, 2], [2, 2, 2], [2, 2, 2], [2, 2, 2], [2, 2, 2]], 'n_blocks_per_stage': [1, 3, 4, 6, 6, 6], 'n_conv_per_stage_decoder': [1, 1, 1, 1, 1], 'conv_bias': True, 'norm_op': 'torch.nn.modules.instancenorm.InstanceNorm3d', 'norm_op_kwargs': {'eps': 1e-05, 'affine': True}, 'dropout_op': None, 'dropout_op_kwargs': None, 'nonlin': 'torch.nn.LeakyReLU', 'nonlin_kwargs': {'inplace': True}}, '_kw_requires_import': ['conv_op', 'norm_op', 'dropout_op', 'nonlin']}, 'batch_dice': True} 

These are the global plan.json settings:
 {'dataset_name': 'Dataset033_AVM_T1+C', 'plans_name': 'nnUNetResEncUNetLPlans', 'original_median_spacing_after_transp': [0.500000923871994, 0.4910714328289032, 0.4910714328289032], 'original_median_shape_after_transp': [330, 448, 424], 'image_reader_writer': 'SimpleITKIO', 'transpose_forward': [0, 1, 2], 'transpose_backward': [0, 1, 2], 'experiment_planner_used': 'nnUNetPlannerResEncL', 'label_manager': 'LabelManager', 'foreground_intensity_properties_per_channel': {'0': {'max': 12113.0, 'mean': 449.843505859375, 'median': 311.0, 'min': 0.0, 'percentile_00_5': 34.0, 'percentile_99_5': 3202.0, 'std': 471.56329345703125}}} 

2026-01-03 16:43:17.576545: Unable to plot network architecture: nnUNet_compile is enabled!
2026-01-03 16:43:17.597563: 
2026-01-03 16:43:17.600940: Epoch 0
2026-01-03 16:43:17.607284: Current learning rate: 0.01
2026-01-03 16:44:45.855588: train_loss 1.2324
2026-01-03 16:44:45.869714: val_loss 10.2478
2026-01-03 16:44:45.871740: val classification accuracy 0.4783
2026-01-03 16:44:45.873812: val auc 0.4471
2026-01-03 16:44:45.876017: Epoch time: 88.26 s
2026-01-03 16:44:45.878129: Yayy! New best EMA pseudo Dice: 0.4471
2026-01-03 16:44:48.510952: Yayy! New best classification accuracy: 0.4783
2026-01-03 16:44:51.259475: 
2026-01-03 16:44:51.262197: Epoch 1
2026-01-03 16:44:51.263980: Current learning rate: 0.00997
2026-01-03 16:45:44.366213: train_loss 0.9125
2026-01-03 16:45:44.378253: val_loss 0.8415
2026-01-03 16:45:44.380717: val classification accuracy 0.5652
2026-01-03 16:45:44.383268: val auc 0.483
2026-01-03 16:45:44.385797: Epoch time: 53.11 s
2026-01-03 16:45:44.388001: Yayy! New best EMA pseudo Dice: 0.483
2026-01-03 16:45:47.060550: Yayy! New best classification accuracy: 0.5652
2026-01-03 16:45:49.844280: 
2026-01-03 16:45:49.847314: Epoch 2
2026-01-03 16:45:49.849463: Current learning rate: 0.00994
2026-01-03 16:46:42.897022: train_loss 0.7619
2026-01-03 16:46:42.907376: val_loss 1.4878
2026-01-03 16:46:42.910725: val classification accuracy 0.5
2026-01-03 16:46:42.914107: val auc 0.569
2026-01-03 16:46:42.916616: Epoch time: 53.05 s
2026-01-03 16:46:42.918526: Yayy! New best EMA pseudo Dice: 0.569
2026-01-03 16:46:46.436097: 
2026-01-03 16:46:46.439524: Epoch 3
2026-01-03 16:46:46.441797: Current learning rate: 0.00991
2026-01-03 16:47:42.570201: train_loss 0.7728
2026-01-03 16:47:42.574566: val_loss 3.6584
2026-01-03 16:47:42.576890: val classification accuracy 0.4565
2026-01-03 16:47:42.578913: val auc 0.5284
2026-01-03 16:47:42.580853: Epoch time: 56.14 s
2026-01-03 16:47:43.425951: 
2026-01-03 16:47:43.429094: Epoch 4
2026-01-03 16:47:43.431444: Current learning rate: 0.00988
2026-01-03 16:48:38.094117: train_loss 0.7176
2026-01-03 16:48:38.119232: val_loss 0.991
2026-01-03 16:48:38.122053: val classification accuracy 0.4565
2026-01-03 16:48:38.124555: val auc 0.4064
2026-01-03 16:48:38.127067: Epoch time: 54.67 s
2026-01-03 16:48:38.945602: 
2026-01-03 16:48:38.948573: Epoch 5
2026-01-03 16:48:38.950344: Current learning rate: 0.00985
2026-01-03 16:49:31.631055: train_loss 0.7177
2026-01-03 16:49:31.635136: val_loss 0.7109
2026-01-03 16:49:31.637305: val classification accuracy 0.5652
2026-01-03 16:49:31.639336: val auc 0.5983
2026-01-03 16:49:31.641432: Epoch time: 52.69 s
2026-01-03 16:49:31.643187: Yayy! New best EMA pseudo Dice: 0.5983
2026-01-03 16:49:35.037796: 
2026-01-03 16:49:35.040517: Epoch 6
2026-01-03 16:49:35.042329: Current learning rate: 0.00982
2026-01-03 16:50:25.815482: train_loss 0.6926
2026-01-03 16:50:25.820973: val_loss 0.6291
2026-01-03 16:50:25.824265: val classification accuracy 0.6304
2026-01-03 16:50:25.827224: val auc 0.6957
2026-01-03 16:50:25.839818: Epoch time: 50.78 s
2026-01-03 16:50:25.855245: Yayy! New best EMA pseudo Dice: 0.6957
2026-01-03 16:50:28.493672: Yayy! New best classification accuracy: 0.6304
2026-01-03 16:50:31.086497: 
2026-01-03 16:50:31.088992: Epoch 7
2026-01-03 16:50:31.090867: Current learning rate: 0.00979
2026-01-03 16:51:22.091241: train_loss 0.691
2026-01-03 16:51:22.119002: val_loss 0.9495
2026-01-03 16:51:22.136651: val classification accuracy 0.4348
2026-01-03 16:51:22.139034: val auc 0.3497
2026-01-03 16:51:22.141199: Epoch time: 51.01 s
2026-01-03 16:51:23.056813: 
2026-01-03 16:51:23.059954: Epoch 8
2026-01-03 16:51:23.062399: Current learning rate: 0.00976
2026-01-03 16:52:19.287979: train_loss 0.6931
2026-01-03 16:52:19.291512: val_loss 0.657
2026-01-03 16:52:19.294709: val classification accuracy 0.5652
2026-01-03 16:52:19.298005: val auc 0.7004
2026-01-03 16:52:19.300254: Epoch time: 56.23 s
2026-01-03 16:52:19.302071: Yayy! New best EMA pseudo Dice: 0.7004
2026-01-03 16:52:22.808346: 
2026-01-03 16:52:22.811027: Epoch 9
2026-01-03 16:52:22.812819: Current learning rate: 0.00973
2026-01-03 16:53:15.305098: train_loss 0.6924
2026-01-03 16:53:15.308449: val_loss 0.6742
2026-01-03 16:53:15.310397: val classification accuracy 0.5217
2026-01-03 16:53:15.312742: val auc 0.6068
2026-01-03 16:53:15.315384: Epoch time: 52.5 s
2026-01-03 16:53:16.251670: 
2026-01-03 16:53:16.255367: Epoch 10
2026-01-03 16:53:16.257847: Current learning rate: 0.0097
2026-01-03 16:54:08.541336: train_loss 0.6729
2026-01-03 16:54:08.547035: val_loss 1.3044
2026-01-03 16:54:08.550265: val classification accuracy 0.5
2026-01-03 16:54:08.560692: val auc 0.5482
2026-01-03 16:54:08.563664: Epoch time: 52.29 s
2026-01-03 16:54:09.459182: 
2026-01-03 16:54:09.475611: Epoch 11
2026-01-03 16:54:09.478342: Current learning rate: 0.00967
2026-01-03 16:55:03.259858: train_loss 0.6943
2026-01-03 16:55:03.264858: val_loss 1.5795
2026-01-03 16:55:03.276789: val classification accuracy 0.4565
2026-01-03 16:55:03.280711: val auc 0.4471
2026-01-03 16:55:03.284417: Epoch time: 53.8 s
2026-01-03 16:55:04.299319: 
2026-01-03 16:55:04.302935: Epoch 12
2026-01-03 16:55:04.305363: Current learning rate: 0.00964
2026-01-03 16:56:00.767096: train_loss 0.6957
2026-01-03 16:56:00.797114: val_loss 0.6958
2026-01-03 16:56:00.800670: val classification accuracy 0.587
2026-01-03 16:56:00.804049: val auc 0.6153
2026-01-03 16:56:00.806979: Epoch time: 56.47 s
2026-01-03 16:56:01.617368: 
2026-01-03 16:56:01.625860: Epoch 13
2026-01-03 16:56:01.633745: Current learning rate: 0.00961
2026-01-03 16:56:58.927032: train_loss 0.69
2026-01-03 16:56:58.933472: val_loss 0.6543
2026-01-03 16:56:58.936770: val classification accuracy 0.6087
2026-01-03 16:56:58.940153: val auc 0.7023
2026-01-03 16:56:58.942901: Epoch time: 57.31 s
2026-01-03 16:56:58.945496: Yayy! New best EMA pseudo Dice: 0.7023
2026-01-03 16:57:02.479455: 
2026-01-03 16:57:02.482999: Epoch 14
2026-01-03 16:57:02.485418: Current learning rate: 0.00958
2026-01-03 16:57:53.968301: train_loss 0.6778
2026-01-03 16:57:53.982912: val_loss 0.7014
2026-01-03 16:57:53.986212: val classification accuracy 0.5217
2026-01-03 16:57:53.990504: val auc 0.621
2026-01-03 16:57:54.001260: Epoch time: 51.49 s
2026-01-03 16:57:54.811229: 
2026-01-03 16:57:54.814433: Epoch 15
2026-01-03 16:57:54.817268: Current learning rate: 0.00955
2026-01-03 16:58:48.705129: train_loss 0.6764
2026-01-03 16:58:48.731496: val_loss 1.1734
2026-01-03 16:58:48.735547: val classification accuracy 0.3261
2026-01-03 16:58:48.739455: val auc 0.2476
2026-01-03 16:58:48.747559: Epoch time: 53.9 s
2026-01-03 16:58:49.599899: 
2026-01-03 16:58:49.603355: Epoch 16
2026-01-03 16:58:49.606284: Current learning rate: 0.00952
2026-01-03 16:59:49.726970: train_loss 0.6868
2026-01-03 16:59:49.737767: val_loss 0.7695
2026-01-03 16:59:49.740737: val classification accuracy 0.5
2026-01-03 16:59:49.791206: val auc 0.3743
2026-01-03 16:59:49.800627: Epoch time: 60.13 s
2026-01-03 16:59:50.746497: 
2026-01-03 16:59:50.766744: Epoch 17
2026-01-03 16:59:50.781202: Current learning rate: 0.00949
2026-01-03 17:00:45.494846: train_loss 0.6753
2026-01-03 17:00:45.498729: val_loss 0.7618
2026-01-03 17:00:45.502383: val classification accuracy 0.5
2026-01-03 17:00:45.505302: val auc 0.6011
2026-01-03 17:00:45.507919: Epoch time: 54.75 s
2026-01-03 17:00:46.400863: 
2026-01-03 17:00:46.404456: Epoch 18
2026-01-03 17:00:46.406914: Current learning rate: 0.00946
2026-01-03 17:01:40.130334: train_loss 0.6638
2026-01-03 17:01:40.145596: val_loss 0.8582
2026-01-03 17:01:40.148959: val classification accuracy 0.3913
2026-01-03 17:01:40.152346: val auc 0.4282
2026-01-03 17:01:40.155715: Epoch time: 53.73 s
2026-01-03 17:01:41.001079: 
2026-01-03 17:01:41.004505: Epoch 19
2026-01-03 17:01:41.007148: Current learning rate: 0.00943
2026-01-03 17:02:39.555130: train_loss 0.6283
2026-01-03 17:02:39.560363: val_loss 0.8649
2026-01-03 17:02:39.563195: val classification accuracy 0.4565
2026-01-03 17:02:39.565911: val auc 0.4594
2026-01-03 17:02:39.569148: Epoch time: 58.56 s
2026-01-03 17:02:42.244232: Saved periodic checkpoint /hpf/projects/jquon/sumin/nnUNet_data/nnUNet_results/Dataset033_AVM_T1+C/SEResNetTrainer_ep300_NoMirroring_x2__nnUNetResEncUNetLPlans__3d_fullres/fold_5/checkpoint_every20_best_balacc.pth at epoch 19 with val_balanced_accuracy=0.4565
2026-01-03 17:02:44.243818: Saved periodic checkpoint /hpf/projects/jquon/sumin/nnUNet_data/nnUNet_results/Dataset033_AVM_T1+C/SEResNetTrainer_ep300_NoMirroring_x2__nnUNetResEncUNetLPlans__3d_fullres/fold_5/checkpoint_every20_best_auroc.pth at epoch 19 with val_auc=0.4594
2026-01-03 17:02:44.988228: 
2026-01-03 17:02:44.991805: Epoch 20
2026-01-03 17:02:44.994174: Current learning rate: 0.0094
2026-01-03 17:03:39.228040: train_loss 0.6663
2026-01-03 17:03:39.234545: val_loss 1.7589
2026-01-03 17:03:39.237049: val classification accuracy 0.587
2026-01-03 17:03:39.239736: val auc 0.6153
2026-01-03 17:03:39.242323: Epoch time: 54.24 s
2026-01-03 17:03:40.055289: 
2026-01-03 17:03:40.058903: Epoch 21
2026-01-03 17:03:40.061214: Current learning rate: 0.00937
2026-01-03 17:04:38.805619: train_loss 0.6758
2026-01-03 17:04:38.810204: val_loss 0.7166
2026-01-03 17:04:38.813291: val classification accuracy 0.587
2026-01-03 17:04:38.836630: val auc 0.5586
2026-01-03 17:04:38.841271: Epoch time: 58.75 s
2026-01-03 17:04:40.470509: 
2026-01-03 17:04:40.474083: Epoch 22
2026-01-03 17:04:40.476638: Current learning rate: 0.00934
2026-01-03 17:05:37.387910: train_loss 0.6571
2026-01-03 17:05:37.404906: val_loss 0.9059
2026-01-03 17:05:37.407916: val classification accuracy 0.6304
2026-01-03 17:05:37.414458: val auc 0.5198
2026-01-03 17:05:37.417994: Epoch time: 56.92 s
2026-01-03 17:05:38.262950: 
2026-01-03 17:05:38.266479: Epoch 23
2026-01-03 17:05:38.269199: Current learning rate: 0.00931
2026-01-03 17:06:35.727562: train_loss 0.6893
2026-01-03 17:06:35.734517: val_loss 0.7054
2026-01-03 17:06:35.737889: val classification accuracy 0.5217
2026-01-03 17:06:35.741188: val auc 0.4877
2026-01-03 17:06:35.744526: Epoch time: 57.47 s
2026-01-03 17:06:36.592077: 
2026-01-03 17:06:36.595969: Epoch 24
2026-01-03 17:06:36.599344: Current learning rate: 0.00928
2026-01-03 17:07:30.593789: train_loss 0.6685
2026-01-03 17:07:30.645497: val_loss 0.8815
2026-01-03 17:07:30.666496: val classification accuracy 0.5435
2026-01-03 17:07:30.686398: val auc 0.4953
2026-01-03 17:07:30.689931: Epoch time: 54.0 s
2026-01-03 17:07:31.537101: 
2026-01-03 17:07:31.540781: Epoch 25
2026-01-03 17:07:31.543559: Current learning rate: 0.00925
2026-01-03 17:08:27.354733: train_loss 0.6409
2026-01-03 17:08:27.415791: val_loss 0.6702
2026-01-03 17:08:27.419232: val classification accuracy 0.587
2026-01-03 17:08:27.426282: val auc 0.6692
2026-01-03 17:08:27.429885: Epoch time: 55.82 s
2026-01-03 17:08:28.321703: 
2026-01-03 17:08:28.325610: Epoch 26
2026-01-03 17:08:28.328199: Current learning rate: 0.00922
2026-01-03 17:09:21.547804: train_loss 0.6564
2026-01-03 17:09:21.573735: val_loss 0.7241
2026-01-03 17:09:21.592764: val classification accuracy 0.587
2026-01-03 17:09:21.596660: val auc 0.5709
2026-01-03 17:09:21.600358: Epoch time: 53.23 s
2026-01-03 17:09:22.475004: 
2026-01-03 17:09:22.478831: Epoch 27
2026-01-03 17:09:22.481496: Current learning rate: 0.00919
2026-01-03 17:10:18.627158: train_loss 0.637
2026-01-03 17:10:18.633872: val_loss 0.7558
2026-01-03 17:10:18.636895: val classification accuracy 0.6087
2026-01-03 17:10:18.639572: val auc 0.6446
2026-01-03 17:10:18.642199: Epoch time: 56.15 s
2026-01-03 17:10:19.495354: 
2026-01-03 17:10:19.498785: Epoch 28
2026-01-03 17:10:19.501184: Current learning rate: 0.00916
2026-01-03 17:11:14.677960: train_loss 0.6781
2026-01-03 17:11:14.691595: val_loss 0.753
2026-01-03 17:11:14.695364: val classification accuracy 0.587
2026-01-03 17:11:14.702294: val auc 0.5784
2026-01-03 17:11:14.705816: Epoch time: 55.18 s
2026-01-03 17:11:15.577930: 
2026-01-03 17:11:15.581545: Epoch 29
2026-01-03 17:11:15.584145: Current learning rate: 0.00913
2026-01-03 17:12:10.017421: train_loss 0.6371
2026-01-03 17:12:10.070906: val_loss 1.2483
2026-01-03 17:12:10.084584: val classification accuracy 0.4783
2026-01-03 17:12:10.144060: val auc 0.4064
2026-01-03 17:12:10.148044: Epoch time: 54.44 s
2026-01-03 17:12:10.987532: 
2026-01-03 17:12:10.991446: Epoch 30
2026-01-03 17:12:10.994474: Current learning rate: 0.0091
2026-01-03 17:13:04.896954: train_loss 0.6509
2026-01-03 17:13:04.925618: val_loss 0.7335
2026-01-03 17:13:04.944991: val classification accuracy 0.5435
2026-01-03 17:13:04.961538: val auc 0.5577
2026-01-03 17:13:04.965565: Epoch time: 53.91 s
2026-01-03 17:13:05.795789: 
2026-01-03 17:13:05.799437: Epoch 31
2026-01-03 17:13:05.802137: Current learning rate: 0.00907
2026-01-03 17:14:06.019241: train_loss 0.6527
2026-01-03 17:14:06.029250: val_loss 0.6627
2026-01-03 17:14:06.089671: val classification accuracy 0.587
2026-01-03 17:14:06.099441: val auc 0.6664
2026-01-03 17:14:06.103563: Epoch time: 60.22 s
2026-01-03 17:14:06.977234: 
2026-01-03 17:14:06.980746: Epoch 32
2026-01-03 17:14:06.983032: Current learning rate: 0.00903
2026-01-03 17:15:02.540651: train_loss 0.649
2026-01-03 17:15:02.545806: val_loss 0.7809
2026-01-03 17:15:02.551481: val classification accuracy 0.5435
2026-01-03 17:15:02.563773: val auc 0.6399
2026-01-03 17:15:02.567083: Epoch time: 55.56 s
2026-01-03 17:15:03.454907: 
2026-01-03 17:15:03.458776: Epoch 33
2026-01-03 17:15:03.461476: Current learning rate: 0.009
2026-01-03 17:15:58.068056: train_loss 0.6756
2026-01-03 17:15:58.073835: val_loss 0.6991
2026-01-03 17:15:58.078732: val classification accuracy 0.5217
2026-01-03 17:15:58.083145: val auc 0.5539
2026-01-03 17:15:58.086169: Epoch time: 54.61 s
2026-01-03 17:15:58.961648: 
2026-01-03 17:15:58.965396: Epoch 34
2026-01-03 17:15:58.968343: Current learning rate: 0.00897
2026-01-03 17:16:51.651420: train_loss 0.6354
2026-01-03 17:16:51.655793: val_loss 0.7786
2026-01-03 17:16:51.658695: val classification accuracy 0.5435
2026-01-03 17:16:51.661833: val auc 0.7202
2026-01-03 17:16:51.664726: Epoch time: 52.69 s
2026-01-03 17:16:51.667418: Yayy! New best EMA pseudo Dice: 0.7202
2026-01-03 17:16:55.081955: 
2026-01-03 17:16:55.085839: Epoch 35
2026-01-03 17:16:55.088834: Current learning rate: 0.00894
2026-01-03 17:17:48.893313: train_loss 0.6408
2026-01-03 17:17:48.908604: val_loss 0.8657
2026-01-03 17:17:48.912242: val classification accuracy 0.3913
2026-01-03 17:17:48.915081: val auc 0.4234
2026-01-03 17:17:48.917745: Epoch time: 53.81 s
2026-01-03 17:17:49.783814: 
2026-01-03 17:17:49.788316: Epoch 36
2026-01-03 17:17:49.800962: Current learning rate: 0.00891
2026-01-03 17:18:45.217174: train_loss 0.6641
2026-01-03 17:18:45.222413: val_loss 0.7237
2026-01-03 17:18:45.225277: val classification accuracy 0.413
2026-01-03 17:18:45.228050: val auc 0.5784
2026-01-03 17:18:45.261214: Epoch time: 55.43 s
2026-01-03 17:18:46.093791: 
2026-01-03 17:18:46.097340: Epoch 37
2026-01-03 17:18:46.099811: Current learning rate: 0.00888
2026-01-03 17:19:42.018853: train_loss 0.6452
2026-01-03 17:19:42.030342: val_loss 0.8406
2026-01-03 17:19:42.033989: val classification accuracy 0.5217
2026-01-03 17:19:42.041789: val auc 0.5388
2026-01-03 17:19:42.045085: Epoch time: 55.93 s
2026-01-03 17:19:42.893460: 
2026-01-03 17:19:42.897504: Epoch 38
2026-01-03 17:19:42.900634: Current learning rate: 0.00885
2026-01-03 17:20:34.503756: train_loss 0.6048
2026-01-03 17:20:34.532956: val_loss 1.1107
2026-01-03 17:20:34.537510: val classification accuracy 0.4783
2026-01-03 17:20:34.542003: val auc 0.5388
2026-01-03 17:20:34.546305: Epoch time: 51.61 s
2026-01-03 17:20:35.427670: 
2026-01-03 17:20:35.431461: Epoch 39
2026-01-03 17:20:35.434217: Current learning rate: 0.00882
2026-01-03 17:21:30.272327: train_loss 0.6538
2026-01-03 17:21:30.278323: val_loss 0.8015
2026-01-03 17:21:30.281095: val classification accuracy 0.4783
2026-01-03 17:21:30.283795: val auc 0.448
2026-01-03 17:21:30.286381: Epoch time: 54.85 s
2026-01-03 17:21:32.804148: Saved periodic checkpoint /hpf/projects/jquon/sumin/nnUNet_data/nnUNet_results/Dataset033_AVM_T1+C/SEResNetTrainer_ep300_NoMirroring_x2__nnUNetResEncUNetLPlans__3d_fullres/fold_5/checkpoint_every20_best_balacc.pth at epoch 39 with val_balanced_accuracy=0.4783
2026-01-03 17:21:33.591414: 
2026-01-03 17:21:33.595026: Epoch 40
2026-01-03 17:21:33.597529: Current learning rate: 0.00879
2026-01-03 17:22:29.262994: train_loss 0.6443
2026-01-03 17:22:29.324407: val_loss 0.7625
2026-01-03 17:22:29.329227: val classification accuracy 0.4783
2026-01-03 17:22:29.338495: val auc 0.4008
2026-01-03 17:22:29.343122: Epoch time: 55.67 s
2026-01-03 17:22:30.260726: 
2026-01-03 17:22:30.264489: Epoch 41
2026-01-03 17:22:30.267617: Current learning rate: 0.00876
2026-01-03 17:23:27.069407: train_loss 0.6463
2026-01-03 17:23:27.074362: val_loss 1.214
2026-01-03 17:23:27.080269: val classification accuracy 0.4565
2026-01-03 17:23:27.117183: val auc 0.569
2026-01-03 17:23:27.128611: Epoch time: 56.81 s
2026-01-03 17:23:28.046710: 
2026-01-03 17:23:28.050334: Epoch 42
2026-01-03 17:23:28.052845: Current learning rate: 0.00873
2026-01-03 17:24:24.559833: train_loss 0.654
2026-01-03 17:24:24.565770: val_loss 0.773
2026-01-03 17:24:24.603912: val classification accuracy 0.5435
2026-01-03 17:24:24.609752: val auc 0.518
2026-01-03 17:24:24.614308: Epoch time: 56.51 s
2026-01-03 17:24:25.457136: 
2026-01-03 17:24:25.461003: Epoch 43
2026-01-03 17:24:25.463765: Current learning rate: 0.0087
2026-01-03 17:25:22.561050: train_loss 0.6473
2026-01-03 17:25:22.566280: val_loss 0.7808
2026-01-03 17:25:22.570151: val classification accuracy 0.6087
2026-01-03 17:25:22.573056: val auc 0.5879
2026-01-03 17:25:22.575803: Epoch time: 57.11 s
2026-01-03 17:25:23.437793: 
2026-01-03 17:25:23.442175: Epoch 44
2026-01-03 17:25:23.444937: Current learning rate: 0.00867
2026-01-03 17:26:19.932545: train_loss 0.6043
2026-01-03 17:26:19.946903: val_loss 1.0524
2026-01-03 17:26:19.950655: val classification accuracy 0.4783
2026-01-03 17:26:19.954167: val auc 0.4499
2026-01-03 17:26:19.957160: Epoch time: 56.5 s
2026-01-03 17:26:20.852511: 
2026-01-03 17:26:20.859044: Epoch 45
2026-01-03 17:26:20.863557: Current learning rate: 0.00864
2026-01-03 17:27:17.955613: train_loss 0.6084
2026-01-03 17:27:17.963236: val_loss 0.9755
2026-01-03 17:27:17.967318: val classification accuracy 0.5
2026-01-03 17:27:17.971602: val auc 0.4972
2026-01-03 17:27:17.975062: Epoch time: 57.1 s
2026-01-03 17:27:18.922500: 
2026-01-03 17:27:18.926152: Epoch 46
2026-01-03 17:27:18.929010: Current learning rate: 0.00861
2026-01-03 17:28:17.861416: train_loss 0.6209
2026-01-03 17:28:17.871368: val_loss 0.7214
2026-01-03 17:28:17.875104: val classification accuracy 0.5652
2026-01-03 17:28:17.878212: val auc 0.6616
2026-01-03 17:28:17.881778: Epoch time: 58.94 s
2026-01-03 17:28:18.707464: 
2026-01-03 17:28:18.711189: Epoch 47
2026-01-03 17:28:18.713687: Current learning rate: 0.00858
2026-01-03 17:29:15.423069: train_loss 0.6094
2026-01-03 17:29:15.447006: val_loss 0.855
2026-01-03 17:29:15.450283: val classification accuracy 0.5217
2026-01-03 17:29:15.452980: val auc 0.5378
2026-01-03 17:29:15.456037: Epoch time: 56.72 s
2026-01-03 17:29:16.284808: 
2026-01-03 17:29:16.288540: Epoch 48
2026-01-03 17:29:16.291052: Current learning rate: 0.00855
2026-01-03 17:30:13.897973: train_loss 0.596
2026-01-03 17:30:13.903101: val_loss 0.6781
2026-01-03 17:30:13.905765: val classification accuracy 0.6304
2026-01-03 17:30:13.909148: val auc 0.7353
2026-01-03 17:30:13.912354: Epoch time: 57.61 s
2026-01-03 17:30:13.915335: Yayy! New best EMA pseudo Dice: 0.7353
2026-01-03 17:30:18.342433: 
2026-01-03 17:30:18.346081: Epoch 49
2026-01-03 17:30:18.348623: Current learning rate: 0.00852
2026-01-03 17:31:13.543765: train_loss 0.6642
2026-01-03 17:31:13.548262: val_loss 0.6822
2026-01-03 17:31:13.551207: val classification accuracy 0.5217
2026-01-03 17:31:13.554005: val auc 0.655
2026-01-03 17:31:13.557000: Epoch time: 55.2 s
2026-01-03 17:31:14.322999: 
2026-01-03 17:31:14.326627: Epoch 50
2026-01-03 17:31:14.329370: Current learning rate: 0.00849
2026-01-03 17:32:12.174450: train_loss 0.6458
2026-01-03 17:32:12.181175: val_loss 0.791
2026-01-03 17:32:12.184747: val classification accuracy 0.4783
2026-01-03 17:32:12.187696: val auc 0.535
2026-01-03 17:32:12.202630: Epoch time: 57.85 s
2026-01-03 17:32:13.074654: 
2026-01-03 17:32:13.078689: Epoch 51
2026-01-03 17:32:13.081808: Current learning rate: 0.00846
2026-01-03 17:33:05.744292: train_loss 0.6048
2026-01-03 17:33:05.751020: val_loss 0.8336
2026-01-03 17:33:05.755137: val classification accuracy 0.5217
2026-01-03 17:33:05.759946: val auc 0.5822
2026-01-03 17:33:05.777490: Epoch time: 52.67 s
2026-01-03 17:33:06.699261: 
2026-01-03 17:33:06.703348: Epoch 52
2026-01-03 17:33:06.706353: Current learning rate: 0.00843
2026-01-03 17:34:00.327209: train_loss 0.6436
2026-01-03 17:34:00.343136: val_loss 0.8701
2026-01-03 17:34:00.366645: val classification accuracy 0.5
2026-01-03 17:34:00.380192: val auc 0.4537
2026-01-03 17:34:00.385322: Epoch time: 53.63 s
2026-01-03 17:34:01.219371: 
2026-01-03 17:34:01.223389: Epoch 53
2026-01-03 17:34:01.226159: Current learning rate: 0.00839
2026-01-03 17:34:53.056573: train_loss 0.6063
2026-01-03 17:34:53.070392: val_loss 0.6744
2026-01-03 17:34:53.081130: val classification accuracy 0.6087
2026-01-03 17:34:53.098269: val auc 0.6276
2026-01-03 17:34:53.106925: Epoch time: 51.84 s
2026-01-03 17:34:53.923187: 
2026-01-03 17:34:53.927209: Epoch 54
2026-01-03 17:34:53.929888: Current learning rate: 0.00836
2026-01-03 17:35:50.380447: train_loss 0.629
2026-01-03 17:35:50.437424: val_loss 0.7058
2026-01-03 17:35:50.440630: val classification accuracy 0.5652
2026-01-03 17:35:50.443691: val auc 0.6238
2026-01-03 17:35:50.446344: Epoch time: 56.46 s
2026-01-03 17:35:51.317852: 
2026-01-03 17:35:51.321680: Epoch 55
2026-01-03 17:35:51.324512: Current learning rate: 0.00833
2026-01-03 17:36:47.186746: train_loss 0.576
2026-01-03 17:36:47.192122: val_loss 0.7906
2026-01-03 17:36:47.195507: val classification accuracy 0.6957
2026-01-03 17:36:47.198539: val auc 0.7032
2026-01-03 17:36:47.202169: Epoch time: 55.87 s
2026-01-03 17:36:47.205039: Yayy! New best classification accuracy: 0.6957
2026-01-03 17:36:50.658170: 
2026-01-03 17:36:50.661754: Epoch 56
2026-01-03 17:36:50.664276: Current learning rate: 0.0083
2026-01-03 17:37:45.027901: train_loss 0.6484
2026-01-03 17:37:45.033577: val_loss 0.6719
2026-01-03 17:37:45.063950: val classification accuracy 0.5435
2026-01-03 17:37:45.074597: val auc 0.7136
2026-01-03 17:37:45.083579: Epoch time: 54.37 s
2026-01-03 17:37:45.902422: 
2026-01-03 17:37:45.906037: Epoch 57
2026-01-03 17:37:45.908681: Current learning rate: 0.00827
2026-01-03 17:38:44.356308: train_loss 0.6395
2026-01-03 17:38:44.378354: val_loss 0.7029
2026-01-03 17:38:44.393410: val classification accuracy 0.5
2026-01-03 17:38:44.397135: val auc 0.5539
2026-01-03 17:38:44.405569: Epoch time: 58.46 s
2026-01-03 17:38:45.297744: 
2026-01-03 17:38:45.301728: Epoch 58
2026-01-03 17:38:45.304294: Current learning rate: 0.00824
2026-01-03 17:39:42.515037: train_loss 0.6032
2026-01-03 17:39:42.520509: val_loss 1.0331
2026-01-03 17:39:42.523976: val classification accuracy 0.5435
2026-01-03 17:39:42.539690: val auc 0.4972
2026-01-03 17:39:42.561044: Epoch time: 57.22 s
2026-01-03 17:39:43.447286: 
2026-01-03 17:39:43.451017: Epoch 59
2026-01-03 17:39:43.453664: Current learning rate: 0.00821
2026-01-03 17:40:38.179379: train_loss 0.5704
2026-01-03 17:40:38.184982: val_loss 1.1214
2026-01-03 17:40:38.187600: val classification accuracy 0.4348
2026-01-03 17:40:38.190239: val auc 0.4442
2026-01-03 17:40:38.196110: Epoch time: 54.73 s
2026-01-03 17:40:39.032439: 
2026-01-03 17:40:39.036242: Epoch 60
2026-01-03 17:40:39.038920: Current learning rate: 0.00818
2026-01-03 17:41:35.031365: train_loss 0.6005
2026-01-03 17:41:35.036847: val_loss 0.9017
2026-01-03 17:41:35.040253: val classification accuracy 0.413
2026-01-03 17:41:35.043868: val auc 0.5009
2026-01-03 17:41:35.047848: Epoch time: 56.0 s
2026-01-03 17:41:35.889493: 
2026-01-03 17:41:35.896518: Epoch 61
2026-01-03 17:41:35.901174: Current learning rate: 0.00815
2026-01-03 17:42:28.023922: train_loss 0.5583
2026-01-03 17:42:28.099782: val_loss 1.3609
2026-01-03 17:42:28.103629: val classification accuracy 0.587
2026-01-03 17:42:28.110518: val auc 0.5416
2026-01-03 17:42:28.113721: Epoch time: 52.15 s
2026-01-03 17:42:28.945308: 
2026-01-03 17:42:28.948830: Epoch 62
2026-01-03 17:42:28.951602: Current learning rate: 0.00812
2026-01-03 17:43:22.867132: train_loss 0.6099
2026-01-03 17:43:22.874685: val_loss 0.8156
2026-01-03 17:43:22.878424: val classification accuracy 0.5
2026-01-03 17:43:22.881869: val auc 0.5879
2026-01-03 17:43:22.885320: Epoch time: 53.92 s
2026-01-03 17:43:24.522351: 
2026-01-03 17:43:24.526477: Epoch 63
2026-01-03 17:43:24.529678: Current learning rate: 0.00809
2026-01-03 17:44:19.652079: train_loss 0.6053
2026-01-03 17:44:19.659289: val_loss 0.792
2026-01-03 17:44:19.662264: val classification accuracy 0.587
2026-01-03 17:44:19.665167: val auc 0.5331
2026-01-03 17:44:19.667836: Epoch time: 55.13 s
2026-01-03 17:44:20.540578: 
2026-01-03 17:44:20.544178: Epoch 64
2026-01-03 17:44:20.546954: Current learning rate: 0.00806
2026-01-03 17:45:16.661686: train_loss 0.5632
2026-01-03 17:45:16.670780: val_loss 0.8565
2026-01-03 17:45:16.674605: val classification accuracy 0.6304
2026-01-03 17:45:16.678777: val auc 0.5633
2026-01-03 17:45:16.685128: Epoch time: 56.12 s
2026-01-03 17:45:17.524264: 
2026-01-03 17:45:17.528206: Epoch 65
2026-01-03 17:45:17.531195: Current learning rate: 0.00803
2026-01-03 17:46:14.336375: train_loss 0.6093
2026-01-03 17:46:14.342590: val_loss 0.8228
2026-01-03 17:46:14.360660: val classification accuracy 0.587
2026-01-03 17:46:14.368088: val auc 0.603
2026-01-03 17:46:14.372001: Epoch time: 56.81 s
2026-01-03 17:46:15.306326: 
2026-01-03 17:46:15.310478: Epoch 66
2026-01-03 17:46:15.313702: Current learning rate: 0.008
2026-01-03 17:47:11.061381: train_loss 0.5478
2026-01-03 17:47:11.074723: val_loss 1.4385
2026-01-03 17:47:11.077968: val classification accuracy 0.5435
2026-01-03 17:47:11.081094: val auc 0.482
2026-01-03 17:47:11.083850: Epoch time: 55.76 s
2026-01-03 17:47:11.969543: 
2026-01-03 17:47:11.973154: Epoch 67
2026-01-03 17:47:11.975929: Current learning rate: 0.00797
2026-01-03 17:48:09.027603: train_loss 0.553
2026-01-03 17:48:09.032684: val_loss 0.9071
2026-01-03 17:48:09.035792: val classification accuracy 0.5217
2026-01-03 17:48:09.039011: val auc 0.5756
2026-01-03 17:48:09.042430: Epoch time: 57.06 s
2026-01-03 17:48:09.924641: 
2026-01-03 17:48:09.927885: Epoch 68
2026-01-03 17:48:09.930322: Current learning rate: 0.00793
2026-01-03 17:49:06.894232: train_loss 0.6356
2026-01-03 17:49:06.990530: val_loss 0.7931
2026-01-03 17:49:07.014769: val classification accuracy 0.4348
2026-01-03 17:49:07.018843: val auc 0.3733
2026-01-03 17:49:07.024959: Epoch time: 56.97 s
2026-01-03 17:49:07.840030: 
2026-01-03 17:49:07.843303: Epoch 69
2026-01-03 17:49:07.845900: Current learning rate: 0.0079
2026-01-03 17:50:02.112281: train_loss 0.585
2026-01-03 17:50:02.123888: val_loss 1.0311
2026-01-03 17:50:02.127753: val classification accuracy 0.5217
2026-01-03 17:50:02.131511: val auc 0.5775
2026-01-03 17:50:02.135002: Epoch time: 54.27 s
2026-01-03 17:50:02.968454: 
2026-01-03 17:50:02.971837: Epoch 70
2026-01-03 17:50:02.974378: Current learning rate: 0.00787
2026-01-03 17:50:55.989547: train_loss 0.5853
2026-01-03 17:50:55.993890: val_loss 1.0272
2026-01-03 17:50:55.996731: val classification accuracy 0.3913
2026-01-03 17:50:56.003703: val auc 0.3554
2026-01-03 17:50:56.007096: Epoch time: 53.02 s
2026-01-03 17:50:56.841585: 
2026-01-03 17:50:56.844843: Epoch 71
2026-01-03 17:50:56.847545: Current learning rate: 0.00784
2026-01-03 17:51:50.833677: train_loss 0.595
2026-01-03 17:51:50.877056: val_loss 1.0629
2026-01-03 17:51:50.881715: val classification accuracy 0.4565
2026-01-03 17:51:50.886428: val auc 0.448
2026-01-03 17:51:50.916476: Epoch time: 53.99 s
2026-01-03 17:51:51.745341: 
2026-01-03 17:51:51.749330: Epoch 72
2026-01-03 17:51:51.752884: Current learning rate: 0.00781
2026-01-03 17:52:44.081820: train_loss 0.6381
2026-01-03 17:52:44.087766: val_loss 0.858
2026-01-03 17:52:44.091088: val classification accuracy 0.5217
2026-01-03 17:52:44.094392: val auc 0.5766
2026-01-03 17:52:44.106841: Epoch time: 52.34 s
2026-01-03 17:52:45.071974: 
2026-01-03 17:52:45.076169: Epoch 73
2026-01-03 17:52:45.079059: Current learning rate: 0.00778
2026-01-03 17:53:38.833271: train_loss 0.5867
2026-01-03 17:53:38.842629: val_loss 1.1074
2026-01-03 17:53:38.845776: val classification accuracy 0.5
2026-01-03 17:53:38.848538: val auc 0.4518
2026-01-03 17:53:38.851387: Epoch time: 53.76 s
2026-01-03 17:53:39.722177: 
2026-01-03 17:53:39.726300: Epoch 74
2026-01-03 17:53:39.728829: Current learning rate: 0.00775
2026-01-03 17:54:33.923073: train_loss 0.6005
2026-01-03 17:54:33.971567: val_loss 1.1298
2026-01-03 17:54:34.012022: val classification accuracy 0.5652
2026-01-03 17:54:34.015936: val auc 0.5444
2026-01-03 17:54:34.019743: Epoch time: 54.2 s
2026-01-03 17:54:34.931339: 
2026-01-03 17:54:34.935111: Epoch 75
2026-01-03 17:54:34.938180: Current learning rate: 0.00772
2026-01-03 17:55:33.608748: train_loss 0.6177
2026-01-03 17:55:33.630751: val_loss 0.6331
2026-01-03 17:55:33.638550: val classification accuracy 0.6087
2026-01-03 17:55:33.644845: val auc 0.7127
2026-01-03 17:55:33.652726: Epoch time: 58.68 s
2026-01-03 17:55:34.491891: 
2026-01-03 17:55:34.496264: Epoch 76
2026-01-03 17:55:34.499090: Current learning rate: 0.00769
2026-01-03 17:56:30.310548: train_loss 0.58
2026-01-03 17:56:30.317924: val_loss 0.5817
2026-01-03 17:56:30.349645: val classification accuracy 0.7391
2026-01-03 17:56:30.362125: val auc 0.7845
2026-01-03 17:56:30.365870: Epoch time: 55.82 s
2026-01-03 17:56:30.368960: Yayy! New best EMA pseudo Dice: 0.7845
2026-01-03 17:56:33.956286: Yayy! New best classification accuracy: 0.7391
2026-01-03 17:56:36.848302: 
2026-01-03 17:56:36.852067: Epoch 77
2026-01-03 17:56:36.854627: Current learning rate: 0.00766
2026-01-03 17:57:31.392530: train_loss 0.5722
2026-01-03 17:57:31.401346: val_loss 1.004
2026-01-03 17:57:31.404463: val classification accuracy 0.413
2026-01-03 17:57:31.407174: val auc 0.4253
2026-01-03 17:57:31.409689: Epoch time: 54.55 s
2026-01-03 17:57:32.236001: 
2026-01-03 17:57:32.239752: Epoch 78
2026-01-03 17:57:32.242171: Current learning rate: 0.00763
2026-01-03 17:58:27.623499: train_loss 0.5517
2026-01-03 17:58:27.635218: val_loss 0.9558
2026-01-03 17:58:27.639272: val classification accuracy 0.5
2026-01-03 17:58:27.642944: val auc 0.5312
2026-01-03 17:58:27.646370: Epoch time: 55.39 s
2026-01-03 17:58:28.507275: 
2026-01-03 17:58:28.511413: Epoch 79
2026-01-03 17:58:28.514511: Current learning rate: 0.0076
2026-01-03 17:59:23.789148: train_loss 0.5906
2026-01-03 17:59:23.795095: val_loss 0.7558
2026-01-03 17:59:23.799008: val classification accuracy 0.5652
2026-01-03 17:59:23.802778: val auc 0.725
2026-01-03 17:59:23.806417: Epoch time: 55.28 s
2026-01-03 17:59:26.434774: Saved periodic checkpoint /hpf/projects/jquon/sumin/nnUNet_data/nnUNet_results/Dataset033_AVM_T1+C/SEResNetTrainer_ep300_NoMirroring_x2__nnUNetResEncUNetLPlans__3d_fullres/fold_5/checkpoint_every20_best_balacc.pth at epoch 79 with val_balanced_accuracy=0.5652
2026-01-03 17:59:28.535896: Saved periodic checkpoint /hpf/projects/jquon/sumin/nnUNet_data/nnUNet_results/Dataset033_AVM_T1+C/SEResNetTrainer_ep300_NoMirroring_x2__nnUNetResEncUNetLPlans__3d_fullres/fold_5/checkpoint_every20_best_auroc.pth at epoch 79 with val_auc=0.7250
2026-01-03 17:59:29.284781: 
2026-01-03 17:59:29.288301: Epoch 80
2026-01-03 17:59:29.290917: Current learning rate: 0.00756
2026-01-03 18:00:20.767899: train_loss 0.5627
2026-01-03 18:00:20.783925: val_loss 0.9201
2026-01-03 18:00:20.787790: val classification accuracy 0.587
2026-01-03 18:00:20.802213: val auc 0.5463
2026-01-03 18:00:20.811924: Epoch time: 51.48 s
2026-01-03 18:00:21.692842: 
2026-01-03 18:00:21.696718: Epoch 81
2026-01-03 18:00:21.700131: Current learning rate: 0.00753
2026-01-03 18:01:17.635072: train_loss 0.5613
2026-01-03 18:01:17.646891: val_loss 0.7527
2026-01-03 18:01:17.650210: val classification accuracy 0.6739
2026-01-03 18:01:17.653460: val auc 0.6446
2026-01-03 18:01:17.656599: Epoch time: 55.94 s
2026-01-03 18:01:18.499466: 
2026-01-03 18:01:18.503033: Epoch 82
2026-01-03 18:01:18.505681: Current learning rate: 0.0075
2026-01-03 18:02:14.301096: train_loss 0.5667
2026-01-03 18:02:14.313027: val_loss 1.2322
2026-01-03 18:02:14.323362: val classification accuracy 0.5217
2026-01-03 18:02:14.332542: val auc 0.3894
2026-01-03 18:02:14.335995: Epoch time: 55.8 s
2026-01-03 18:02:15.170662: 
2026-01-03 18:02:15.174760: Epoch 83
2026-01-03 18:02:15.177803: Current learning rate: 0.00747
2026-01-03 18:03:13.594254: train_loss 0.6242
2026-01-03 18:03:13.618970: val_loss 0.7784
2026-01-03 18:03:13.622659: val classification accuracy 0.6304
2026-01-03 18:03:13.626002: val auc 0.6144
2026-01-03 18:03:13.629434: Epoch time: 58.43 s
2026-01-03 18:03:14.462332: 
2026-01-03 18:03:14.465985: Epoch 84
2026-01-03 18:03:14.468890: Current learning rate: 0.00744
2026-01-03 18:04:08.770177: train_loss 0.6126
2026-01-03 18:04:08.775782: val_loss 0.7606
2026-01-03 18:04:08.779330: val classification accuracy 0.5652
2026-01-03 18:04:08.782491: val auc 0.6125
2026-01-03 18:04:08.785441: Epoch time: 54.31 s
2026-01-03 18:04:09.738259: 
2026-01-03 18:04:09.742368: Epoch 85
2026-01-03 18:04:09.745275: Current learning rate: 0.00741
2026-01-03 18:05:03.052871: train_loss 0.5224
2026-01-03 18:05:03.084865: val_loss 1.9604
2026-01-03 18:05:03.088758: val classification accuracy 0.4565
2026-01-03 18:05:03.091749: val auc 0.4367
2026-01-03 18:05:03.095000: Epoch time: 53.32 s
2026-01-03 18:05:03.945927: 
2026-01-03 18:05:03.950161: Epoch 86
2026-01-03 18:05:03.953300: Current learning rate: 0.00738
2026-01-03 18:05:54.685141: train_loss 0.5784
2026-01-03 18:05:54.694402: val_loss 0.8954
2026-01-03 18:05:54.699005: val classification accuracy 0.6522
2026-01-03 18:05:54.702457: val auc 0.5558
2026-01-03 18:05:54.717847: Epoch time: 50.74 s
2026-01-03 18:05:55.589777: 
2026-01-03 18:05:55.593686: Epoch 87
2026-01-03 18:05:55.596707: Current learning rate: 0.00735
2026-01-03 18:06:52.994551: train_loss 0.6002
2026-01-03 18:06:53.008989: val_loss 0.9344
2026-01-03 18:06:53.012320: val classification accuracy 0.5
2026-01-03 18:06:53.015470: val auc 0.4915
2026-01-03 18:06:53.018332: Epoch time: 57.41 s
2026-01-03 18:06:53.854056: 
2026-01-03 18:06:53.857926: Epoch 88
2026-01-03 18:06:53.861022: Current learning rate: 0.00732
2026-01-03 18:07:47.306137: train_loss 0.603
2026-01-03 18:07:47.312293: val_loss 0.9955
2026-01-03 18:07:47.315553: val classification accuracy 0.5
2026-01-03 18:07:47.327195: val auc 0.5718
2026-01-03 18:07:47.331740: Epoch time: 53.45 s
2026-01-03 18:07:48.201387: 
2026-01-03 18:07:48.205275: Epoch 89
2026-01-03 18:07:48.208216: Current learning rate: 0.00729
2026-01-03 18:08:44.084654: train_loss 0.5555
2026-01-03 18:08:44.091694: val_loss 0.672
2026-01-03 18:08:44.099338: val classification accuracy 0.5652
2026-01-03 18:08:44.102642: val auc 0.6909
2026-01-03 18:08:44.105592: Epoch time: 55.88 s
2026-01-03 18:08:45.724624: 
2026-01-03 18:08:45.728093: Epoch 90
2026-01-03 18:08:45.730695: Current learning rate: 0.00725
2026-01-03 18:09:42.364084: train_loss 0.5791
2026-01-03 18:09:42.369197: val_loss 1.0197
2026-01-03 18:09:42.388407: val classification accuracy 0.5217
2026-01-03 18:09:42.397012: val auc 0.5104
2026-01-03 18:09:42.404505: Epoch time: 56.64 s
2026-01-03 18:09:43.228503: 
2026-01-03 18:09:43.232123: Epoch 91
2026-01-03 18:09:43.234823: Current learning rate: 0.00722
2026-01-03 18:10:37.795916: train_loss 0.5442
2026-01-03 18:10:37.800582: val_loss 1.1955
2026-01-03 18:10:37.803884: val classification accuracy 0.5652
2026-01-03 18:10:37.814445: val auc 0.5161
2026-01-03 18:10:37.817401: Epoch time: 54.57 s
2026-01-03 18:10:38.620712: 
2026-01-03 18:10:38.624035: Epoch 92
2026-01-03 18:10:38.626312: Current learning rate: 0.00719
2026-01-03 18:11:26.111413: train_loss 0.5194
2026-01-03 18:11:26.132312: val_loss 1.2357
2026-01-03 18:11:26.150216: val classification accuracy 0.4783
2026-01-03 18:11:26.154098: val auc 0.4726
2026-01-03 18:11:26.157326: Epoch time: 47.49 s
2026-01-03 18:11:26.940141: 
2026-01-03 18:11:26.943969: Epoch 93
2026-01-03 18:11:26.946833: Current learning rate: 0.00716
2026-01-03 18:12:18.773780: train_loss 0.5466
2026-01-03 18:12:18.778505: val_loss 0.9621
2026-01-03 18:12:18.841789: val classification accuracy 0.587
2026-01-03 18:12:18.845358: val auc 0.6484
2026-01-03 18:12:18.848632: Epoch time: 51.83 s
2026-01-03 18:12:19.716567: 
2026-01-03 18:12:19.720707: Epoch 94
2026-01-03 18:12:19.723356: Current learning rate: 0.00713
2026-01-03 18:13:12.151637: train_loss 0.5463
2026-01-03 18:13:12.156127: val_loss 1.1118
2026-01-03 18:13:12.159523: val classification accuracy 0.4783
2026-01-03 18:13:12.162810: val auc 0.4253
2026-01-03 18:13:12.165652: Epoch time: 52.44 s
2026-01-03 18:13:13.046109: 
2026-01-03 18:13:13.049694: Epoch 95
2026-01-03 18:13:13.052801: Current learning rate: 0.0071
2026-01-03 18:14:08.023544: train_loss 0.5509
2026-01-03 18:14:08.028670: val_loss 0.7231
2026-01-03 18:14:08.032093: val classification accuracy 0.6522
2026-01-03 18:14:08.035628: val auc 0.6541
2026-01-03 18:14:08.038733: Epoch time: 54.98 s
2026-01-03 18:14:08.861179: 
2026-01-03 18:14:08.865207: Epoch 96
2026-01-03 18:14:08.868013: Current learning rate: 0.00707
2026-01-03 18:15:05.164452: train_loss 0.5586
2026-01-03 18:15:05.176686: val_loss 0.9564
2026-01-03 18:15:05.194658: val classification accuracy 0.5
2026-01-03 18:15:05.203301: val auc 0.5161
2026-01-03 18:15:05.207372: Epoch time: 56.3 s
2026-01-03 18:15:06.016774: 
2026-01-03 18:15:06.020891: Epoch 97
2026-01-03 18:15:06.023616: Current learning rate: 0.00704
2026-01-03 18:16:02.484584: train_loss 0.571
2026-01-03 18:16:02.505648: val_loss 1.422
2026-01-03 18:16:02.509519: val classification accuracy 0.587
2026-01-03 18:16:02.513259: val auc 0.4764
2026-01-03 18:16:02.517045: Epoch time: 56.47 s
2026-01-03 18:16:03.387631: 
2026-01-03 18:16:03.391593: Epoch 98
2026-01-03 18:16:03.394447: Current learning rate: 0.007
2026-01-03 18:17:00.178308: train_loss 0.5599
2026-01-03 18:17:00.217137: val_loss 0.9596
2026-01-03 18:17:00.251521: val classification accuracy 0.5
2026-01-03 18:17:00.255336: val auc 0.5028
2026-01-03 18:17:00.258786: Epoch time: 56.79 s
2026-01-03 18:17:01.108145: 
2026-01-03 18:17:01.116103: Epoch 99
2026-01-03 18:17:01.121507: Current learning rate: 0.00697
2026-01-03 18:17:54.792290: train_loss 0.5649
2026-01-03 18:17:54.852044: val_loss 0.9243
2026-01-03 18:17:54.856333: val classification accuracy 0.6087
2026-01-03 18:17:54.860077: val auc 0.569
2026-01-03 18:17:54.863700: Epoch time: 53.69 s
2026-01-03 18:17:57.888417: Saved periodic checkpoint /hpf/projects/jquon/sumin/nnUNet_data/nnUNet_results/Dataset033_AVM_T1+C/SEResNetTrainer_ep300_NoMirroring_x2__nnUNetResEncUNetLPlans__3d_fullres/fold_5/checkpoint_every20_best_balacc.pth at epoch 99 with val_balanced_accuracy=0.6087
2026-01-03 18:17:58.716753: 
2026-01-03 18:17:58.720667: Epoch 100
2026-01-03 18:17:58.723615: Current learning rate: 0.00694
2026-01-03 18:18:52.522889: train_loss 0.5307
2026-01-03 18:18:52.527545: val_loss 1.143
2026-01-03 18:18:52.530958: val classification accuracy 0.587
2026-01-03 18:18:52.533964: val auc 0.5066
2026-01-03 18:18:52.536971: Epoch time: 53.81 s
2026-01-03 18:18:53.401007: 
2026-01-03 18:18:53.405897: Epoch 101
2026-01-03 18:18:53.409021: Current learning rate: 0.00691
2026-01-03 18:19:51.512251: train_loss 0.6063
2026-01-03 18:19:51.523326: val_loss 1.0618
2026-01-03 18:19:51.535774: val classification accuracy 0.413
2026-01-03 18:19:51.539423: val auc 0.4121
2026-01-03 18:19:51.550514: Epoch time: 58.11 s
2026-01-03 18:19:52.380506: 
2026-01-03 18:19:52.384302: Epoch 102
2026-01-03 18:19:52.387169: Current learning rate: 0.00688
2026-01-03 18:20:44.446108: train_loss 0.5605
2026-01-03 18:20:44.476851: val_loss 1.1013
2026-01-03 18:20:44.481120: val classification accuracy 0.5
2026-01-03 18:20:44.484735: val auc 0.4386
2026-01-03 18:20:44.488531: Epoch time: 52.07 s
2026-01-03 18:20:45.375190: 
2026-01-03 18:20:45.378836: Epoch 103
2026-01-03 18:20:45.381588: Current learning rate: 0.00685
2026-01-03 18:21:39.775938: train_loss 0.5461
2026-01-03 18:21:39.780946: val_loss 0.7664
2026-01-03 18:21:39.784377: val classification accuracy 0.587
2026-01-03 18:21:39.792899: val auc 0.6314
2026-01-03 18:21:39.806065: Epoch time: 54.4 s
2026-01-03 18:21:40.669693: 
2026-01-03 18:21:40.673404: Epoch 104
2026-01-03 18:21:40.675958: Current learning rate: 0.00682
2026-01-03 18:22:34.056441: train_loss 0.5162
2026-01-03 18:22:34.060941: val_loss 1.2145
2026-01-03 18:22:34.065269: val classification accuracy 0.3913
2026-01-03 18:22:34.072540: val auc 0.4291
2026-01-03 18:22:34.076507: Epoch time: 53.39 s
2026-01-03 18:22:34.932599: 
2026-01-03 18:22:34.936364: Epoch 105
2026-01-03 18:22:34.939438: Current learning rate: 0.00679
2026-01-03 18:23:31.237594: train_loss 0.505
2026-01-03 18:23:31.242347: val_loss 1.6443
2026-01-03 18:23:31.245246: val classification accuracy 0.5435
2026-01-03 18:23:31.248272: val auc 0.4688
2026-01-03 18:23:31.252423: Epoch time: 56.31 s
2026-01-03 18:23:32.111066: 
2026-01-03 18:23:32.114460: Epoch 106
2026-01-03 18:23:32.116937: Current learning rate: 0.00675
2026-01-03 18:24:25.225096: train_loss 0.4592
2026-01-03 18:24:25.233901: val_loss 1.2735
2026-01-03 18:24:25.237622: val classification accuracy 0.5217
2026-01-03 18:24:25.242716: val auc 0.5246
2026-01-03 18:24:25.247116: Epoch time: 53.12 s
2026-01-03 18:24:26.206984: 
2026-01-03 18:24:26.211176: Epoch 107
2026-01-03 18:24:26.214422: Current learning rate: 0.00672
2026-01-03 18:25:18.487069: train_loss 0.5221
2026-01-03 18:25:18.500870: val_loss 0.7886
2026-01-03 18:25:18.504864: val classification accuracy 0.6304
2026-01-03 18:25:18.511437: val auc 0.6862
2026-01-03 18:25:18.515249: Epoch time: 52.28 s
2026-01-03 18:25:19.375631: 
2026-01-03 18:25:19.379586: Epoch 108
2026-01-03 18:25:19.382595: Current learning rate: 0.00669
2026-01-03 18:26:14.202348: train_loss 0.5778
2026-01-03 18:26:14.226256: val_loss 0.9258
2026-01-03 18:26:14.230216: val classification accuracy 0.587
2026-01-03 18:26:14.233837: val auc 0.6068
2026-01-03 18:26:14.237512: Epoch time: 54.83 s
2026-01-03 18:26:15.041105: 
2026-01-03 18:26:15.044594: Epoch 109
2026-01-03 18:26:15.047062: Current learning rate: 0.00666
2026-01-03 18:27:11.126966: train_loss 0.5349
2026-01-03 18:27:11.131620: val_loss 0.9285
2026-01-03 18:27:11.134624: val classification accuracy 0.5217
2026-01-03 18:27:11.137514: val auc 0.5406
2026-01-03 18:27:11.140287: Epoch time: 56.09 s
2026-01-03 18:27:11.976883: 
2026-01-03 18:27:11.980417: Epoch 110
2026-01-03 18:27:11.983050: Current learning rate: 0.00663
2026-01-03 18:28:05.757488: train_loss 0.4918
2026-01-03 18:28:05.765055: val_loss 1.9035
2026-01-03 18:28:05.769743: val classification accuracy 0.5435
2026-01-03 18:28:05.813974: val auc 0.5198
2026-01-03 18:28:05.833165: Epoch time: 53.78 s
2026-01-03 18:28:06.699762: 
2026-01-03 18:28:06.703697: Epoch 111
2026-01-03 18:28:06.706915: Current learning rate: 0.0066
2026-01-03 18:29:02.508065: train_loss 0.5161
2026-01-03 18:29:02.517767: val_loss 1.0521
2026-01-03 18:29:02.521379: val classification accuracy 0.413
2026-01-03 18:29:02.532626: val auc 0.4858
2026-01-03 18:29:02.536165: Epoch time: 55.81 s
2026-01-03 18:29:03.395735: 
2026-01-03 18:29:03.400199: Epoch 112
2026-01-03 18:29:03.403234: Current learning rate: 0.00657
2026-01-03 18:29:56.267235: train_loss 0.459
2026-01-03 18:29:56.311196: val_loss 1.4087
2026-01-03 18:29:56.330131: val classification accuracy 0.4348
2026-01-03 18:29:56.383557: val auc 0.3913
2026-01-03 18:29:56.397155: Epoch time: 52.87 s
2026-01-03 18:29:57.259190: 
2026-01-03 18:29:57.263088: Epoch 113
2026-01-03 18:29:57.266123: Current learning rate: 0.00654
2026-01-03 18:30:53.624154: train_loss 0.5432
2026-01-03 18:30:53.636711: val_loss 1.019
2026-01-03 18:30:53.639700: val classification accuracy 0.5435
2026-01-03 18:30:53.642721: val auc 0.4594
2026-01-03 18:30:53.645691: Epoch time: 56.37 s
2026-01-03 18:30:54.564064: 
2026-01-03 18:30:54.567633: Epoch 114
2026-01-03 18:30:54.570371: Current learning rate: 0.0065
2026-01-03 18:31:47.341803: train_loss 0.4835
2026-01-03 18:31:47.353211: val_loss 1.6247
2026-01-03 18:31:47.356821: val classification accuracy 0.4348
2026-01-03 18:31:47.360509: val auc 0.3365
2026-01-03 18:31:47.364613: Epoch time: 52.78 s
2026-01-03 18:31:48.196822: 
2026-01-03 18:31:48.200428: Epoch 115
2026-01-03 18:31:48.203059: Current learning rate: 0.00647
2026-01-03 18:32:41.984354: train_loss 0.4862
2026-01-03 18:32:41.990251: val_loss 1.1916
2026-01-03 18:32:41.993586: val classification accuracy 0.4565
2026-01-03 18:32:41.996620: val auc 0.5066
2026-01-03 18:32:41.999817: Epoch time: 53.79 s
2026-01-03 18:32:42.850024: 
2026-01-03 18:32:42.853910: Epoch 116
2026-01-03 18:32:42.856854: Current learning rate: 0.00644
2026-01-03 18:33:35.053841: train_loss 0.5129
2026-01-03 18:33:35.060812: val_loss 1.0551
2026-01-03 18:33:35.064365: val classification accuracy 0.5217
2026-01-03 18:33:35.067977: val auc 0.6333
2026-01-03 18:33:35.071163: Epoch time: 52.21 s
2026-01-03 18:33:36.718929: 
2026-01-03 18:33:36.722663: Epoch 117
2026-01-03 18:33:36.725687: Current learning rate: 0.00641
2026-01-03 18:34:27.436310: train_loss 0.5326
2026-01-03 18:34:27.441586: val_loss 1.4901
2026-01-03 18:34:27.457128: val classification accuracy 0.4348
2026-01-03 18:34:27.466706: val auc 0.2628
2026-01-03 18:34:27.478754: Epoch time: 50.72 s
2026-01-03 18:34:28.322768: 
2026-01-03 18:34:28.326564: Epoch 118
2026-01-03 18:34:28.329401: Current learning rate: 0.00638
2026-01-03 18:35:20.800239: train_loss 0.4877
2026-01-03 18:35:20.818579: val_loss 1.5136
2026-01-03 18:35:20.823317: val classification accuracy 0.5
2026-01-03 18:35:20.828249: val auc 0.5728
2026-01-03 18:35:20.832143: Epoch time: 52.48 s
2026-01-03 18:35:21.689313: 
2026-01-03 18:35:21.694262: Epoch 119
2026-01-03 18:35:21.697560: Current learning rate: 0.00635
2026-01-03 18:36:14.793145: train_loss 0.4636
2026-01-03 18:36:14.816530: val_loss 1.3565
2026-01-03 18:36:14.820650: val classification accuracy 0.3696
2026-01-03 18:36:14.824239: val auc 0.3951
2026-01-03 18:36:14.827994: Epoch time: 53.11 s
2026-01-03 18:36:15.682384: 
2026-01-03 18:36:15.686846: Epoch 120
2026-01-03 18:36:15.690110: Current learning rate: 0.00631
2026-01-03 18:37:10.762367: train_loss 0.5311
2026-01-03 18:37:10.766752: val_loss 1.0801
2026-01-03 18:37:10.771432: val classification accuracy 0.3913
2026-01-03 18:37:10.774573: val auc 0.3554
2026-01-03 18:37:10.778385: Epoch time: 55.08 s
2026-01-03 18:37:11.611705: 
2026-01-03 18:37:11.615502: Epoch 121
2026-01-03 18:37:11.618273: Current learning rate: 0.00628
2026-01-03 18:38:07.786399: train_loss 0.5071
2026-01-03 18:38:07.815754: val_loss 1.4829
2026-01-03 18:38:07.827789: val classification accuracy 0.3913
2026-01-03 18:38:07.830933: val auc 0.4121
2026-01-03 18:38:07.833488: Epoch time: 56.18 s
2026-01-03 18:38:08.696787: 
2026-01-03 18:38:08.700800: Epoch 122
2026-01-03 18:38:08.704024: Current learning rate: 0.00625
2026-01-03 18:39:02.440973: train_loss 0.4797
2026-01-03 18:39:02.447148: val_loss 1.1883
2026-01-03 18:39:02.450709: val classification accuracy 0.4783
2026-01-03 18:39:02.505708: val auc 0.5104
2026-01-03 18:39:02.520223: Epoch time: 53.75 s
2026-01-03 18:39:03.429276: 
2026-01-03 18:39:03.432691: Epoch 123
2026-01-03 18:39:03.435286: Current learning rate: 0.00622
2026-01-03 18:39:54.586719: train_loss 0.5436
2026-01-03 18:39:54.620103: val_loss 1.0229
2026-01-03 18:39:54.641925: val classification accuracy 0.4565
2026-01-03 18:39:54.645934: val auc 0.4216
2026-01-03 18:39:54.649687: Epoch time: 51.16 s
2026-01-03 18:39:55.583640: 
2026-01-03 18:39:55.587762: Epoch 124
2026-01-03 18:39:55.590673: Current learning rate: 0.00619
2026-01-03 18:40:52.812303: train_loss 0.5447
2026-01-03 18:40:52.823373: val_loss 1.0667
2026-01-03 18:40:52.827047: val classification accuracy 0.4783
2026-01-03 18:40:52.830532: val auc 0.5444
2026-01-03 18:40:52.834083: Epoch time: 57.23 s
2026-01-03 18:40:53.776963: 
2026-01-03 18:40:53.781212: Epoch 125
2026-01-03 18:40:53.784195: Current learning rate: 0.00616
2026-01-03 18:41:51.022401: train_loss 0.467
2026-01-03 18:41:51.027272: val_loss 1.4094
2026-01-03 18:41:51.030304: val classification accuracy 0.6304
2026-01-03 18:41:51.033093: val auc 0.6314
2026-01-03 18:41:51.036032: Epoch time: 57.25 s
2026-01-03 18:41:51.879006: 
2026-01-03 18:41:51.882823: Epoch 126
2026-01-03 18:41:51.885870: Current learning rate: 0.00612
2026-01-03 18:42:48.451535: train_loss 0.4684
2026-01-03 18:42:48.470126: val_loss 1.3268
2026-01-03 18:42:48.505497: val classification accuracy 0.5
2026-01-03 18:42:48.510957: val auc 0.5974
2026-01-03 18:42:48.537004: Epoch time: 56.57 s
2026-01-03 18:42:49.495791: 
2026-01-03 18:42:49.500039: Epoch 127
2026-01-03 18:42:49.503105: Current learning rate: 0.00609
2026-01-03 18:43:45.850102: train_loss 0.5723
2026-01-03 18:43:45.891522: val_loss 0.8091
2026-01-03 18:43:45.896823: val classification accuracy 0.5217
2026-01-03 18:43:45.900703: val auc 0.5123
2026-01-03 18:43:45.904382: Epoch time: 56.36 s
2026-01-03 18:43:46.754795: 
2026-01-03 18:43:46.758532: Epoch 128
2026-01-03 18:43:46.761285: Current learning rate: 0.00606
2026-01-03 18:44:44.023815: train_loss 0.4964
2026-01-03 18:44:44.028172: val_loss 1.2316
2026-01-03 18:44:44.031339: val classification accuracy 0.5
2026-01-03 18:44:44.034384: val auc 0.5227
2026-01-03 18:44:44.037220: Epoch time: 57.27 s
2026-01-03 18:44:44.893420: 
2026-01-03 18:44:44.897429: Epoch 129
2026-01-03 18:44:44.900427: Current learning rate: 0.00603
2026-01-03 18:45:38.258819: train_loss 0.5761
2026-01-03 18:45:38.289507: val_loss 1.0096
2026-01-03 18:45:38.292755: val classification accuracy 0.4348
2026-01-03 18:45:38.296007: val auc 0.4688
2026-01-03 18:45:38.299330: Epoch time: 53.37 s
2026-01-03 18:45:39.111978: 
2026-01-03 18:45:39.115679: Epoch 130
2026-01-03 18:45:39.118703: Current learning rate: 0.006
2026-01-03 18:46:31.152274: train_loss 0.4498
2026-01-03 18:46:31.156167: val_loss 1.9378
2026-01-03 18:46:31.158859: val classification accuracy 0.4783
2026-01-03 18:46:31.161635: val auc 0.5123
2026-01-03 18:46:31.165143: Epoch time: 52.04 s
2026-01-03 18:46:32.741519: 
2026-01-03 18:46:32.745031: Epoch 131
2026-01-03 18:46:32.747574: Current learning rate: 0.00597
2026-01-03 18:47:29.011471: train_loss 0.4929
2026-01-03 18:47:29.016626: val_loss 1.0741
2026-01-03 18:47:29.019518: val classification accuracy 0.4783
2026-01-03 18:47:29.039870: val auc 0.5217
2026-01-03 18:47:29.043409: Epoch time: 56.27 s
2026-01-03 18:47:29.899008: 
2026-01-03 18:47:29.903324: Epoch 132
2026-01-03 18:47:29.906649: Current learning rate: 0.00593
2026-01-03 18:48:24.086309: train_loss 0.4961
2026-01-03 18:48:24.092434: val_loss 1.4439
2026-01-03 18:48:24.095614: val classification accuracy 0.5
2026-01-03 18:48:24.098491: val auc 0.4234
2026-01-03 18:48:24.101616: Epoch time: 54.19 s
2026-01-03 18:48:25.020233: 
2026-01-03 18:48:25.023892: Epoch 133
2026-01-03 18:48:25.027062: Current learning rate: 0.0059
2026-01-03 18:49:20.702550: train_loss 0.5641
2026-01-03 18:49:20.723811: val_loss 0.9361
2026-01-03 18:49:20.757540: val classification accuracy 0.587
2026-01-03 18:49:20.763044: val auc 0.5737
2026-01-03 18:49:20.766565: Epoch time: 55.68 s
2026-01-03 18:49:21.644807: 
2026-01-03 18:49:21.648717: Epoch 134
2026-01-03 18:49:21.651862: Current learning rate: 0.00587
2026-01-03 18:50:18.264659: train_loss 0.4536
2026-01-03 18:50:18.321587: val_loss 1.5229
2026-01-03 18:50:18.335862: val classification accuracy 0.4783
2026-01-03 18:50:18.339821: val auc 0.5123
2026-01-03 18:50:18.379936: Epoch time: 56.62 s
2026-01-03 18:50:19.227000: 
2026-01-03 18:50:19.231050: Epoch 135
2026-01-03 18:50:19.234334: Current learning rate: 0.00584
2026-01-03 18:51:14.314768: train_loss 0.4752
2026-01-03 18:51:14.319941: val_loss 0.9083
2026-01-03 18:51:14.324361: val classification accuracy 0.5
2026-01-03 18:51:14.327841: val auc 0.5926
2026-01-03 18:51:14.330907: Epoch time: 55.09 s
2026-01-03 18:51:15.208403: 
2026-01-03 18:51:15.212637: Epoch 136
2026-01-03 18:51:15.215918: Current learning rate: 0.00581
2026-01-03 18:52:07.380047: train_loss 0.4826
2026-01-03 18:52:07.384944: val_loss 0.8105
2026-01-03 18:52:07.388080: val classification accuracy 0.6304
2026-01-03 18:52:07.406423: val auc 0.6975
2026-01-03 18:52:07.422733: Epoch time: 52.17 s
2026-01-03 18:52:08.292154: 
2026-01-03 18:52:08.296055: Epoch 137
2026-01-03 18:52:08.299211: Current learning rate: 0.00578
2026-01-03 18:53:04.571957: train_loss 0.5385
2026-01-03 18:53:04.592393: val_loss 1.02
2026-01-03 18:53:04.595566: val classification accuracy 0.587
2026-01-03 18:53:04.598490: val auc 0.5539
2026-01-03 18:53:04.601421: Epoch time: 56.28 s
2026-01-03 18:53:05.444133: 
2026-01-03 18:53:05.448014: Epoch 138
2026-01-03 18:53:05.451285: Current learning rate: 0.00574
2026-01-03 18:53:55.270333: train_loss 0.4693
2026-01-03 18:53:55.275060: val_loss 1.2962
2026-01-03 18:53:55.278479: val classification accuracy 0.6087
2026-01-03 18:53:55.281542: val auc 0.5784
2026-01-03 18:53:55.287842: Epoch time: 49.83 s
2026-01-03 18:53:56.192286: 
2026-01-03 18:53:56.196670: Epoch 139
2026-01-03 18:53:56.200124: Current learning rate: 0.00571
2026-01-03 18:54:46.427773: train_loss 0.4331
2026-01-03 18:54:46.434592: val_loss 1.3759
2026-01-03 18:54:46.438934: val classification accuracy 0.4783
2026-01-03 18:54:46.442306: val auc 0.5066
2026-01-03 18:54:46.479497: Epoch time: 50.24 s
2026-01-03 18:54:47.303847: 
2026-01-03 18:54:47.308566: Epoch 140
2026-01-03 18:54:47.312168: Current learning rate: 0.00568
2026-01-03 18:55:42.884575: train_loss 0.436
2026-01-03 18:55:42.919250: val_loss 1.2069
2026-01-03 18:55:42.952209: val classification accuracy 0.5
2026-01-03 18:55:42.978469: val auc 0.5142
2026-01-03 18:55:42.986846: Epoch time: 55.58 s
2026-01-03 18:55:43.857376: 
2026-01-03 18:55:43.861661: Epoch 141
2026-01-03 18:55:43.865068: Current learning rate: 0.00565
2026-01-03 18:56:40.780246: train_loss 0.5419
2026-01-03 18:56:40.786240: val_loss 0.9602
2026-01-03 18:56:40.789848: val classification accuracy 0.5
2026-01-03 18:56:40.793519: val auc 0.5028
2026-01-03 18:56:40.796941: Epoch time: 56.92 s
2026-01-03 18:56:41.706522: 
2026-01-03 18:56:41.710319: Epoch 142
2026-01-03 18:56:41.715044: Current learning rate: 0.00562
2026-01-03 18:57:36.303460: train_loss 0.4686
2026-01-03 18:57:36.308577: val_loss 1.3897
2026-01-03 18:57:36.311919: val classification accuracy 0.4565
2026-01-03 18:57:36.314857: val auc 0.4877
2026-01-03 18:57:36.317816: Epoch time: 54.6 s
2026-01-03 18:57:37.162379: 
2026-01-03 18:57:37.166151: Epoch 143
2026-01-03 18:57:37.169165: Current learning rate: 0.00558
2026-01-03 18:58:34.520585: train_loss 0.5152
2026-01-03 18:58:34.556221: val_loss 1.0302
2026-01-03 18:58:34.560706: val classification accuracy 0.5
2026-01-03 18:58:34.574100: val auc 0.5217
2026-01-03 18:58:34.585454: Epoch time: 57.36 s
2026-01-03 18:58:35.467584: 
2026-01-03 18:58:35.471359: Epoch 144
2026-01-03 18:58:35.474785: Current learning rate: 0.00555
2026-01-03 18:59:28.571498: train_loss 0.4978
2026-01-03 18:59:28.579381: val_loss 1.2612
2026-01-03 18:59:28.583107: val classification accuracy 0.4348
2026-01-03 18:59:28.586244: val auc 0.414
2026-01-03 18:59:28.589584: Epoch time: 53.11 s
2026-01-03 18:59:29.487588: 
2026-01-03 18:59:29.496336: Epoch 145
2026-01-03 18:59:29.499509: Current learning rate: 0.00552
2026-01-03 19:00:24.199354: train_loss 0.5049
2026-01-03 19:00:24.204576: val_loss 1.5069
2026-01-03 19:00:24.209329: val classification accuracy 0.4783
2026-01-03 19:00:24.212748: val auc 0.4556
2026-01-03 19:00:24.237570: Epoch time: 54.71 s
2026-01-03 19:00:25.155001: 
2026-01-03 19:00:25.159165: Epoch 146
2026-01-03 19:00:25.162667: Current learning rate: 0.00549
2026-01-03 19:01:18.887079: train_loss 0.4486
2026-01-03 19:01:18.899668: val_loss 2.162
2026-01-03 19:01:18.916389: val classification accuracy 0.4565
2026-01-03 19:01:18.919894: val auc 0.293
2026-01-03 19:01:18.923099: Epoch time: 53.73 s
2026-01-03 19:01:19.837283: 
2026-01-03 19:01:19.841335: Epoch 147
2026-01-03 19:01:19.844235: Current learning rate: 0.00546
2026-01-03 19:02:20.154321: train_loss 0.4282
2026-01-03 19:02:20.163699: val_loss 1.5495
2026-01-03 19:02:20.167612: val classification accuracy 0.5217
2026-01-03 19:02:20.179601: val auc 0.5123
2026-01-03 19:02:20.183014: Epoch time: 60.32 s
2026-01-03 19:02:21.094999: 
2026-01-03 19:02:21.098672: Epoch 148
2026-01-03 19:02:21.102027: Current learning rate: 0.00542
2026-01-03 19:03:17.588289: train_loss 0.3385
2026-01-03 19:03:17.593230: val_loss 2.3145
2026-01-03 19:03:17.596692: val classification accuracy 0.413
2026-01-03 19:03:17.600195: val auc 0.4405
2026-01-03 19:03:17.603445: Epoch time: 56.49 s
2026-01-03 19:03:18.448420: 
2026-01-03 19:03:18.452444: Epoch 149
2026-01-03 19:03:18.455380: Current learning rate: 0.00539
2026-01-03 19:04:15.762028: train_loss 0.4605
2026-01-03 19:04:15.782114: val_loss 1.1535
2026-01-03 19:04:15.786053: val classification accuracy 0.5
2026-01-03 19:04:15.790895: val auc 0.465
2026-01-03 19:04:15.794415: Epoch time: 57.32 s
2026-01-03 19:04:16.658129: 
2026-01-03 19:04:16.661702: Epoch 150
2026-01-03 19:04:16.664640: Current learning rate: 0.00536
2026-01-03 19:05:09.605174: train_loss 0.4108
2026-01-03 19:05:09.610278: val_loss 1.1922
2026-01-03 19:05:09.613314: val classification accuracy 0.5652
2026-01-03 19:05:09.616838: val auc 0.5898
2026-01-03 19:05:09.620108: Epoch time: 52.95 s
2026-01-03 19:05:10.452085: 
2026-01-03 19:05:10.455554: Epoch 151
2026-01-03 19:05:10.458183: Current learning rate: 0.00533
2026-01-03 19:06:05.814979: train_loss 0.4968
2026-01-03 19:06:05.823817: val_loss 0.931
2026-01-03 19:06:05.828403: val classification accuracy 0.5
2026-01-03 19:06:05.832550: val auc 0.4745
2026-01-03 19:06:05.836443: Epoch time: 55.36 s
2026-01-03 19:06:06.717159: 
2026-01-03 19:06:06.721026: Epoch 152
2026-01-03 19:06:06.723899: Current learning rate: 0.00529
2026-01-03 19:07:04.611062: train_loss 0.4336
2026-01-03 19:07:04.617782: val_loss 1.7561
2026-01-03 19:07:04.621337: val classification accuracy 0.4783
2026-01-03 19:07:04.625418: val auc 0.4575
2026-01-03 19:07:04.630084: Epoch time: 57.9 s
2026-01-03 19:07:05.493418: 
2026-01-03 19:07:05.500546: Epoch 153
2026-01-03 19:07:05.503479: Current learning rate: 0.00526
2026-01-03 19:07:59.924217: train_loss 0.4739
2026-01-03 19:07:59.929184: val_loss 1.3095
2026-01-03 19:07:59.937376: val classification accuracy 0.5652
2026-01-03 19:07:59.978850: val auc 0.6106
2026-01-03 19:07:59.983283: Epoch time: 54.43 s
2026-01-03 19:08:00.894165: 
2026-01-03 19:08:00.898048: Epoch 154
2026-01-03 19:08:00.901508: Current learning rate: 0.00523
2026-01-03 19:08:56.985850: train_loss 0.4179
2026-01-03 19:08:57.016068: val_loss 1.4554
2026-01-03 19:08:57.038756: val classification accuracy 0.6087
2026-01-03 19:08:57.045232: val auc 0.6427
2026-01-03 19:08:57.051978: Epoch time: 56.09 s
2026-01-03 19:08:57.880677: 
2026-01-03 19:08:57.884489: Epoch 155
2026-01-03 19:08:57.887522: Current learning rate: 0.0052
2026-01-03 19:09:53.333610: train_loss 0.4964
2026-01-03 19:09:53.414295: val_loss 1.4301
2026-01-03 19:09:53.418323: val classification accuracy 0.4348
2026-01-03 19:09:53.421692: val auc 0.465
2026-01-03 19:09:53.425100: Epoch time: 55.45 s
2026-01-03 19:09:54.336617: 
2026-01-03 19:09:54.340582: Epoch 156
2026-01-03 19:09:54.343592: Current learning rate: 0.00517
2026-01-03 19:10:49.819664: train_loss 0.4305
2026-01-03 19:10:49.829557: val_loss 1.35
2026-01-03 19:10:49.841405: val classification accuracy 0.5217
2026-01-03 19:10:49.844913: val auc 0.431
2026-01-03 19:10:49.853018: Epoch time: 55.48 s
2026-01-03 19:10:49.856243: Early stopping triggered at epoch 156. Best val_losses=0.5817
2026-01-03 19:10:50.673053: Stopping training early due to early stopping criterion.
2026-01-03 19:10:53.419287: Training done.
2026-01-03 19:10:53.457407: Skipping perform_actual_validation for classification trainer (segmentation-style sliding window is not applicable).
[1;34mwandb[0m: 
[1;34mwandb[0m:  View run [33mSEResNetTrainer_ep300_NoMirroring_x2_fold5[0m at: [34m[0m
[1;34mwandb[0m: Find logs at: [1;35m../../tmp/wandb/wandb/run-20260103_164313-teizc28q/logs[0m
