Using device: cuda:0

#######################################################################
Please cite the following paper when using nnU-Net:
Isensee, F., Jaeger, P. F., Kohl, S. A., Petersen, J., & Maier-Hein, K. H. (2021). nnU-Net: a self-configuring method for deep learning-based biomedical image segmentation. Nature methods, 18(2), 203-211.
#######################################################################

2026-01-03 15:27:30.250241: Using torch.compile...
2026-01-03 15:27:35.856735: do_dummy_2d_data_aug: False
2026-01-03 15:27:35.860357: Using splits from existing split file: /hpf/projects/jquon/sumin/nnUNet_data/nnUNet_preprocessed/Dataset033_AVM_T1+C/splits_final.json
2026-01-03 15:27:35.863505: The split file contains 11 splits.
2026-01-03 15:27:35.865259: Desired fold for training: 2
2026-01-03 15:27:35.866789: This split has 465 training and 47 validation cases.
using pin_memory on device 0
using pin_memory on device 0

This is the configuration used by this training:
Configuration name: 3d_fullres
 {'data_identifier': 'nnUNetPlans_3d_fullres', 'preprocessor_name': 'DefaultPreprocessor', 'batch_size': 2, 'patch_size': [160, 224, 192], 'median_image_size_in_voxels': [344.0, 448.0, 429.0], 'spacing': [0.500000923871994, 0.4910714328289032, 0.4910714328289032], 'normalization_schemes': ['ZScoreNormalization'], 'use_mask_for_norm': [False], 'resampling_fn_data': 'resample_data_or_seg_to_shape', 'resampling_fn_seg': 'resample_data_or_seg_to_shape', 'resampling_fn_data_kwargs': {'is_seg': False, 'order': 3, 'order_z': 0, 'force_separate_z': None}, 'resampling_fn_seg_kwargs': {'is_seg': True, 'order': 1, 'order_z': 0, 'force_separate_z': None}, 'resampling_fn_probabilities': 'resample_data_or_seg_to_shape', 'resampling_fn_probabilities_kwargs': {'is_seg': False, 'order': 1, 'order_z': 0, 'force_separate_z': None}, 'architecture': {'network_class_name': 'dynamic_network_architectures.architectures.unet.ResidualEncoderUNet', 'arch_kwargs': {'n_stages': 6, 'features_per_stage': [32, 64, 128, 256, 320, 320], 'conv_op': 'torch.nn.modules.conv.Conv3d', 'kernel_sizes': [[3, 3, 3], [3, 3, 3], [3, 3, 3], [3, 3, 3], [3, 3, 3], [3, 3, 3]], 'strides': [[1, 1, 1], [2, 2, 2], [2, 2, 2], [2, 2, 2], [2, 2, 2], [2, 2, 2]], 'n_blocks_per_stage': [1, 3, 4, 6, 6, 6], 'n_conv_per_stage_decoder': [1, 1, 1, 1, 1], 'conv_bias': True, 'norm_op': 'torch.nn.modules.instancenorm.InstanceNorm3d', 'norm_op_kwargs': {'eps': 1e-05, 'affine': True}, 'dropout_op': None, 'dropout_op_kwargs': None, 'nonlin': 'torch.nn.LeakyReLU', 'nonlin_kwargs': {'inplace': True}}, '_kw_requires_import': ['conv_op', 'norm_op', 'dropout_op', 'nonlin']}, 'batch_dice': True} 

These are the global plan.json settings:
 {'dataset_name': 'Dataset033_AVM_T1+C', 'plans_name': 'nnUNetResEncUNetLPlans', 'original_median_spacing_after_transp': [0.500000923871994, 0.4910714328289032, 0.4910714328289032], 'original_median_shape_after_transp': [330, 448, 424], 'image_reader_writer': 'SimpleITKIO', 'transpose_forward': [0, 1, 2], 'transpose_backward': [0, 1, 2], 'experiment_planner_used': 'nnUNetPlannerResEncL', 'label_manager': 'LabelManager', 'foreground_intensity_properties_per_channel': {'0': {'max': 12113.0, 'mean': 449.843505859375, 'median': 311.0, 'min': 0.0, 'percentile_00_5': 34.0, 'percentile_99_5': 3202.0, 'std': 471.56329345703125}}} 

2026-01-03 15:27:38.300465: Unable to plot network architecture: nnUNet_compile is enabled!
2026-01-03 15:27:38.345445: 
2026-01-03 15:27:38.348484: Epoch 0
2026-01-03 15:27:38.350816: Current learning rate: 0.01
2026-01-03 15:28:44.431897: train_loss 1.2811
2026-01-03 15:28:44.435853: val_loss 1.4752
2026-01-03 15:28:44.438011: val classification accuracy 0.5
2026-01-03 15:28:44.441181: val auc 0.4924
2026-01-03 15:28:44.443368: Epoch time: 66.09 s
2026-01-03 15:28:44.445049: Yayy! New best EMA pseudo Dice: 0.4924
2026-01-03 15:28:47.075027: Yayy! New best classification accuracy: 0.5
2026-01-03 15:28:49.680019: 
2026-01-03 15:28:49.682604: Epoch 1
2026-01-03 15:28:49.684365: Current learning rate: 0.00997
2026-01-03 15:29:30.900753: train_loss 1.0059
2026-01-03 15:29:30.903615: val_loss 7.4834
2026-01-03 15:29:30.905424: val classification accuracy 0.3478
2026-01-03 15:29:30.907444: val auc 0.3346
2026-01-03 15:29:30.909611: Epoch time: 41.22 s
2026-01-03 15:29:31.661611: 
2026-01-03 15:29:31.663849: Epoch 2
2026-01-03 15:29:31.665546: Current learning rate: 0.00994
2026-01-03 15:30:11.483246: train_loss 0.7578
2026-01-03 15:30:11.487778: val_loss 1.1269
2026-01-03 15:30:11.490357: val classification accuracy 0.5
2026-01-03 15:30:11.492709: val auc 0.4802
2026-01-03 15:30:11.494953: Epoch time: 39.82 s
2026-01-03 15:30:12.233405: 
2026-01-03 15:30:12.236020: Epoch 3
2026-01-03 15:30:12.238049: Current learning rate: 0.00991
2026-01-03 15:30:53.329575: train_loss 0.7071
2026-01-03 15:30:53.368361: val_loss 0.6904
2026-01-03 15:30:53.372853: val classification accuracy 0.5
2026-01-03 15:30:53.374884: val auc 0.5321
2026-01-03 15:30:53.376731: Epoch time: 41.1 s
2026-01-03 15:30:53.378468: Yayy! New best EMA pseudo Dice: 0.5321
2026-01-03 15:30:56.581042: 
2026-01-03 15:30:56.583692: Epoch 4
2026-01-03 15:30:56.585297: Current learning rate: 0.00988
2026-01-03 15:31:33.142481: train_loss 0.6896
2026-01-03 15:31:33.161707: val_loss 2.0045
2026-01-03 15:31:33.164155: val classification accuracy 0.4565
2026-01-03 15:31:33.166212: val auc 0.4263
2026-01-03 15:31:33.168005: Epoch time: 36.56 s
2026-01-03 15:31:33.889868: 
2026-01-03 15:31:33.892092: Epoch 5
2026-01-03 15:31:33.893807: Current learning rate: 0.00985
2026-01-03 15:32:13.538122: train_loss 0.6905
2026-01-03 15:32:13.541863: val_loss 0.7568
2026-01-03 15:32:13.545530: val classification accuracy 0.5
2026-01-03 15:32:13.548398: val auc 0.5
2026-01-03 15:32:13.550584: Epoch time: 39.65 s
2026-01-03 15:32:14.306851: 
2026-01-03 15:32:14.308997: Epoch 6
2026-01-03 15:32:14.310688: Current learning rate: 0.00982
2026-01-03 15:32:52.777261: train_loss 0.6844
2026-01-03 15:32:52.810380: val_loss 0.894
2026-01-03 15:32:52.828265: val classification accuracy 0.4783
2026-01-03 15:32:52.830512: val auc 0.4707
2026-01-03 15:32:52.832497: Epoch time: 38.47 s
2026-01-03 15:32:53.562308: 
2026-01-03 15:32:53.564996: Epoch 7
2026-01-03 15:32:53.566902: Current learning rate: 0.00979
2026-01-03 15:33:33.966009: train_loss 0.6805
2026-01-03 15:33:33.974242: val_loss 2.8123
2026-01-03 15:33:33.976415: val classification accuracy 0.5217
2026-01-03 15:33:33.978146: val auc 0.448
2026-01-03 15:33:33.979865: Epoch time: 40.4 s
2026-01-03 15:33:33.981372: Yayy! New best classification accuracy: 0.5217
2026-01-03 15:33:37.367366: 
2026-01-03 15:33:37.369836: Epoch 8
2026-01-03 15:33:37.371639: Current learning rate: 0.00976
2026-01-03 15:34:16.319919: train_loss 0.6724
2026-01-03 15:34:16.324363: val_loss 0.762
2026-01-03 15:34:16.327057: val classification accuracy 0.6304
2026-01-03 15:34:16.329299: val auc 0.6767
2026-01-03 15:34:16.342296: Epoch time: 38.95 s
2026-01-03 15:34:16.344389: Yayy! New best EMA pseudo Dice: 0.6767
2026-01-03 15:34:19.007272: Yayy! New best classification accuracy: 0.6304
2026-01-03 15:34:21.596556: 
2026-01-03 15:34:21.599347: Epoch 9
2026-01-03 15:34:21.601208: Current learning rate: 0.00973
2026-01-03 15:34:58.535031: train_loss 0.6829
2026-01-03 15:34:58.541969: val_loss 1.2564
2026-01-03 15:34:58.544228: val classification accuracy 0.413
2026-01-03 15:34:58.546300: val auc 0.3856
2026-01-03 15:34:58.548460: Epoch time: 36.94 s
2026-01-03 15:34:59.263126: 
2026-01-03 15:34:59.265489: Epoch 10
2026-01-03 15:34:59.267338: Current learning rate: 0.0097
2026-01-03 15:35:36.698250: train_loss 0.681
2026-01-03 15:35:36.728017: val_loss 0.8876
2026-01-03 15:35:36.730571: val classification accuracy 0.4565
2026-01-03 15:35:36.732630: val auc 0.4206
2026-01-03 15:35:36.752632: Epoch time: 37.44 s
2026-01-03 15:35:37.489755: 
2026-01-03 15:35:37.492629: Epoch 11
2026-01-03 15:35:37.494931: Current learning rate: 0.00967
2026-01-03 15:36:17.133115: train_loss 0.6827
2026-01-03 15:36:17.136991: val_loss 0.7916
2026-01-03 15:36:17.140271: val classification accuracy 0.4565
2026-01-03 15:36:17.142846: val auc 0.4915
2026-01-03 15:36:17.145123: Epoch time: 39.64 s
2026-01-03 15:36:17.920009: 
2026-01-03 15:36:17.923512: Epoch 12
2026-01-03 15:36:17.925982: Current learning rate: 0.00964
2026-01-03 15:36:56.380727: train_loss 0.6636
2026-01-03 15:36:56.384863: val_loss 0.8548
2026-01-03 15:36:56.388130: val classification accuracy 0.3913
2026-01-03 15:36:56.390897: val auc 0.3516
2026-01-03 15:36:56.393548: Epoch time: 38.46 s
2026-01-03 15:36:57.134777: 
2026-01-03 15:36:57.138375: Epoch 13
2026-01-03 15:36:57.140836: Current learning rate: 0.00961
2026-01-03 15:37:35.586455: train_loss 0.6598
2026-01-03 15:37:35.591368: val_loss 0.755
2026-01-03 15:37:35.593931: val classification accuracy 0.4348
2026-01-03 15:37:35.596592: val auc 0.4527
2026-01-03 15:37:35.608612: Epoch time: 38.45 s
2026-01-03 15:37:36.379012: 
2026-01-03 15:37:36.382187: Epoch 14
2026-01-03 15:37:36.384583: Current learning rate: 0.00958
2026-01-03 15:38:15.404250: train_loss 0.6689
2026-01-03 15:38:15.408718: val_loss 0.9186
2026-01-03 15:38:15.411256: val classification accuracy 0.413
2026-01-03 15:38:15.413861: val auc 0.3629
2026-01-03 15:38:15.416309: Epoch time: 39.03 s
2026-01-03 15:38:16.188181: 
2026-01-03 15:38:16.191357: Epoch 15
2026-01-03 15:38:16.193871: Current learning rate: 0.00955
2026-01-03 15:38:54.500221: train_loss 0.6497
2026-01-03 15:38:54.516376: val_loss 0.6788
2026-01-03 15:38:54.519704: val classification accuracy 0.587
2026-01-03 15:38:54.522543: val auc 0.6484
2026-01-03 15:38:54.525178: Epoch time: 38.31 s
2026-01-03 15:38:55.248531: 
2026-01-03 15:38:55.251648: Epoch 16
2026-01-03 15:38:55.254097: Current learning rate: 0.00952
2026-01-03 15:39:31.883398: train_loss 0.6244
2026-01-03 15:39:31.887799: val_loss 1.1636
2026-01-03 15:39:31.890642: val classification accuracy 0.5435
2026-01-03 15:39:31.893269: val auc 0.5775
2026-01-03 15:39:31.895984: Epoch time: 36.64 s
2026-01-03 15:39:32.616902: 
2026-01-03 15:39:32.619957: Epoch 17
2026-01-03 15:39:32.622383: Current learning rate: 0.00949
2026-01-03 15:40:12.667163: train_loss 0.6246
2026-01-03 15:40:12.670551: val_loss 2.8527
2026-01-03 15:40:12.672957: val classification accuracy 0.5435
2026-01-03 15:40:12.675674: val auc 0.4253
2026-01-03 15:40:12.677984: Epoch time: 40.05 s
2026-01-03 15:40:13.543613: 
2026-01-03 15:40:13.546776: Epoch 18
2026-01-03 15:40:13.549059: Current learning rate: 0.00946
2026-01-03 15:40:50.245954: train_loss 0.6718
2026-01-03 15:40:50.256157: val_loss 1.0851
2026-01-03 15:40:50.261149: val classification accuracy 0.413
2026-01-03 15:40:50.263790: val auc 0.4112
2026-01-03 15:40:50.266144: Epoch time: 36.7 s
2026-01-03 15:40:51.027594: 
2026-01-03 15:40:51.030699: Epoch 19
2026-01-03 15:40:51.032856: Current learning rate: 0.00943
2026-01-03 15:41:31.907499: train_loss 0.6649
2026-01-03 15:41:31.924186: val_loss 0.7577
2026-01-03 15:41:31.937901: val classification accuracy 0.4348
2026-01-03 15:41:31.940594: val auc 0.4594
2026-01-03 15:41:31.943439: Epoch time: 40.88 s
2026-01-03 15:41:34.690620: Saved periodic checkpoint /hpf/projects/jquon/sumin/nnUNet_data/nnUNet_results/Dataset033_AVM_T1+C/SEResNetTrainer_ep300_NoMirroring_x2__nnUNetResEncUNetLPlans__3d_fullres/fold_2/checkpoint_every20_best_balacc.pth at epoch 19 with val_balanced_accuracy=0.4348
2026-01-03 15:41:36.703811: Saved periodic checkpoint /hpf/projects/jquon/sumin/nnUNet_data/nnUNet_results/Dataset033_AVM_T1+C/SEResNetTrainer_ep300_NoMirroring_x2__nnUNetResEncUNetLPlans__3d_fullres/fold_2/checkpoint_every20_best_auroc.pth at epoch 19 with val_auc=0.4594
2026-01-03 15:41:37.389663: 
2026-01-03 15:41:37.392704: Epoch 20
2026-01-03 15:41:37.395133: Current learning rate: 0.0094
2026-01-03 15:42:17.038569: train_loss 0.6348
2026-01-03 15:42:17.043037: val_loss 2.5454
2026-01-03 15:42:17.045465: val classification accuracy 0.413
2026-01-03 15:42:17.048080: val auc 0.3629
2026-01-03 15:42:17.050628: Epoch time: 39.65 s
2026-01-03 15:42:17.805099: 
2026-01-03 15:42:17.808447: Epoch 21
2026-01-03 15:42:17.810892: Current learning rate: 0.00937
2026-01-03 15:42:56.918696: train_loss 0.658
2026-01-03 15:42:56.925910: val_loss 1.0808
2026-01-03 15:42:56.929027: val classification accuracy 0.3478
2026-01-03 15:42:56.931836: val auc 0.3686
2026-01-03 15:42:56.935882: Epoch time: 39.11 s
2026-01-03 15:42:58.187739: 
2026-01-03 15:42:58.191021: Epoch 22
2026-01-03 15:42:58.193390: Current learning rate: 0.00934
2026-01-03 15:43:37.148956: train_loss 0.6692
2026-01-03 15:43:37.154257: val_loss 0.713
2026-01-03 15:43:37.156949: val classification accuracy 0.5217
2026-01-03 15:43:37.159710: val auc 0.569
2026-01-03 15:43:37.162474: Epoch time: 38.96 s
2026-01-03 15:43:37.916436: 
2026-01-03 15:43:37.919747: Epoch 23
2026-01-03 15:43:37.922197: Current learning rate: 0.00931
2026-01-03 15:44:16.037789: train_loss 0.6697
2026-01-03 15:44:16.041768: val_loss 0.7183
2026-01-03 15:44:16.044160: val classification accuracy 0.4348
2026-01-03 15:44:16.046633: val auc 0.4225
2026-01-03 15:44:16.048961: Epoch time: 38.12 s
2026-01-03 15:44:16.833948: 
2026-01-03 15:44:16.837123: Epoch 24
2026-01-03 15:44:16.839527: Current learning rate: 0.00928
2026-01-03 15:44:56.684970: train_loss 0.6767
2026-01-03 15:44:56.689480: val_loss 0.732
2026-01-03 15:44:56.692371: val classification accuracy 0.4565
2026-01-03 15:44:56.695220: val auc 0.4764
2026-01-03 15:44:56.698119: Epoch time: 39.85 s
2026-01-03 15:44:57.458084: 
2026-01-03 15:44:57.461401: Epoch 25
2026-01-03 15:44:57.463833: Current learning rate: 0.00925
2026-01-03 15:45:37.933615: train_loss 0.6857
2026-01-03 15:45:37.938328: val_loss 0.7359
2026-01-03 15:45:37.941106: val classification accuracy 0.3261
2026-01-03 15:45:37.943803: val auc 0.2769
2026-01-03 15:45:37.946458: Epoch time: 40.48 s
2026-01-03 15:45:38.685100: 
2026-01-03 15:45:38.688278: Epoch 26
2026-01-03 15:45:38.690497: Current learning rate: 0.00922
2026-01-03 15:46:17.822051: train_loss 0.6461
2026-01-03 15:46:17.859248: val_loss 1.3554
2026-01-03 15:46:17.862275: val classification accuracy 0.5435
2026-01-03 15:46:17.864946: val auc 0.4839
2026-01-03 15:46:17.888021: Epoch time: 39.14 s
2026-01-03 15:46:18.645500: 
2026-01-03 15:46:18.649257: Epoch 27
2026-01-03 15:46:18.651793: Current learning rate: 0.00919
2026-01-03 15:46:58.847710: train_loss 0.6497
2026-01-03 15:46:58.856522: val_loss 0.7525
2026-01-03 15:46:58.866278: val classification accuracy 0.5435
2026-01-03 15:46:58.869275: val auc 0.5548
2026-01-03 15:46:58.880362: Epoch time: 40.2 s
2026-01-03 15:46:59.663781: 
2026-01-03 15:46:59.667243: Epoch 28
2026-01-03 15:46:59.669584: Current learning rate: 0.00916
2026-01-03 15:47:38.977966: train_loss 0.6463
2026-01-03 15:47:38.989840: val_loss 1.0645
2026-01-03 15:47:39.024517: val classification accuracy 0.2826
2026-01-03 15:47:39.027522: val auc 0.2599
2026-01-03 15:47:39.030338: Epoch time: 39.32 s
2026-01-03 15:47:39.749650: 
2026-01-03 15:47:39.753315: Epoch 29
2026-01-03 15:47:39.755642: Current learning rate: 0.00913
2026-01-03 15:48:19.792345: train_loss 0.6562
2026-01-03 15:48:19.796429: val_loss 0.6987
2026-01-03 15:48:19.799455: val classification accuracy 0.587
2026-01-03 15:48:19.802076: val auc 0.6134
2026-01-03 15:48:19.804798: Epoch time: 40.04 s
2026-01-03 15:48:20.547046: 
2026-01-03 15:48:20.553221: Epoch 30
2026-01-03 15:48:20.565611: Current learning rate: 0.0091
2026-01-03 15:49:00.605044: train_loss 0.6572
2026-01-03 15:49:00.611106: val_loss 0.7965
2026-01-03 15:49:00.613611: val classification accuracy 0.4565
2026-01-03 15:49:00.616240: val auc 0.2845
2026-01-03 15:49:00.618819: Epoch time: 40.06 s
2026-01-03 15:49:01.353783: 
2026-01-03 15:49:01.357014: Epoch 31
2026-01-03 15:49:01.359312: Current learning rate: 0.00907
2026-01-03 15:49:40.215552: train_loss 0.6769
2026-01-03 15:49:40.219604: val_loss 0.848
2026-01-03 15:49:40.222538: val classification accuracy 0.3696
2026-01-03 15:49:40.225378: val auc 0.3724
2026-01-03 15:49:40.228141: Epoch time: 38.86 s
2026-01-03 15:49:40.995751: 
2026-01-03 15:49:40.999281: Epoch 32
2026-01-03 15:49:41.001714: Current learning rate: 0.00903
2026-01-03 15:50:18.401658: train_loss 0.6682
2026-01-03 15:50:18.412201: val_loss 0.9248
2026-01-03 15:50:18.414920: val classification accuracy 0.3913
2026-01-03 15:50:18.417702: val auc 0.3138
2026-01-03 15:50:18.420346: Epoch time: 37.41 s
2026-01-03 15:50:19.150221: 
2026-01-03 15:50:19.153315: Epoch 33
2026-01-03 15:50:19.155603: Current learning rate: 0.009
2026-01-03 15:50:59.962990: train_loss 0.6424
2026-01-03 15:50:59.982993: val_loss 1.2023
2026-01-03 15:50:59.985560: val classification accuracy 0.3913
2026-01-03 15:50:59.987849: val auc 0.3951
2026-01-03 15:50:59.990093: Epoch time: 40.81 s
2026-01-03 15:51:00.756385: 
2026-01-03 15:51:00.759528: Epoch 34
2026-01-03 15:51:00.761964: Current learning rate: 0.00897
2026-01-03 15:51:40.814180: train_loss 0.6596
2026-01-03 15:51:40.818693: val_loss 0.9005
2026-01-03 15:51:40.821236: val classification accuracy 0.5
2026-01-03 15:51:40.823521: val auc 0.5558
2026-01-03 15:51:40.825651: Epoch time: 40.06 s
2026-01-03 15:51:41.569102: 
2026-01-03 15:51:41.572481: Epoch 35
2026-01-03 15:51:41.575017: Current learning rate: 0.00894
2026-01-03 15:52:18.063740: train_loss 0.6408
2026-01-03 15:52:18.081166: val_loss 0.82
2026-01-03 15:52:18.098287: val classification accuracy 0.3478
2026-01-03 15:52:18.110226: val auc 0.2836
2026-01-03 15:52:18.114760: Epoch time: 36.5 s
2026-01-03 15:52:19.361118: 
2026-01-03 15:52:19.364827: Epoch 36
2026-01-03 15:52:19.367310: Current learning rate: 0.00891
2026-01-03 15:52:58.098690: train_loss 0.6573
2026-01-03 15:52:58.102954: val_loss 0.8571
2026-01-03 15:52:58.105371: val classification accuracy 0.4565
2026-01-03 15:52:58.107710: val auc 0.465
2026-01-03 15:52:58.109979: Epoch time: 38.74 s
2026-01-03 15:52:58.852385: 
2026-01-03 15:52:58.855488: Epoch 37
2026-01-03 15:52:58.857977: Current learning rate: 0.00888
2026-01-03 15:53:36.243595: train_loss 0.6724
2026-01-03 15:53:36.264087: val_loss 0.8702
2026-01-03 15:53:36.267024: val classification accuracy 0.4348
2026-01-03 15:53:36.269560: val auc 0.3885
2026-01-03 15:53:36.271870: Epoch time: 37.39 s
2026-01-03 15:53:37.007312: 
2026-01-03 15:53:37.010822: Epoch 38
2026-01-03 15:53:37.013234: Current learning rate: 0.00885
2026-01-03 15:54:18.696664: train_loss 0.6375
2026-01-03 15:54:18.732829: val_loss 0.7836
2026-01-03 15:54:18.735888: val classification accuracy 0.3261
2026-01-03 15:54:18.738495: val auc 0.2514
2026-01-03 15:54:18.741466: Epoch time: 41.69 s
2026-01-03 15:54:19.466315: 
2026-01-03 15:54:19.469622: Epoch 39
2026-01-03 15:54:19.472005: Current learning rate: 0.00882
2026-01-03 15:55:00.111392: train_loss 0.6408
2026-01-03 15:55:00.116156: val_loss 1.4972
2026-01-03 15:55:00.119835: val classification accuracy 0.3043
2026-01-03 15:55:00.123373: val auc 0.2231
2026-01-03 15:55:00.126415: Epoch time: 40.65 s
2026-01-03 15:55:00.921838: 
2026-01-03 15:55:00.925404: Epoch 40
2026-01-03 15:55:00.928051: Current learning rate: 0.00879
2026-01-03 15:55:43.521281: train_loss 0.6357
2026-01-03 15:55:43.528104: val_loss 0.8946
2026-01-03 15:55:43.532588: val classification accuracy 0.4783
2026-01-03 15:55:43.535548: val auc 0.4282
2026-01-03 15:55:43.549539: Epoch time: 42.6 s
2026-01-03 15:55:44.374335: 
2026-01-03 15:55:44.377486: Epoch 41
2026-01-03 15:55:44.379627: Current learning rate: 0.00876
2026-01-03 15:56:21.572936: train_loss 0.661
2026-01-03 15:56:21.580652: val_loss 0.8311
2026-01-03 15:56:21.583721: val classification accuracy 0.3913
2026-01-03 15:56:21.586506: val auc 0.2873
2026-01-03 15:56:21.589328: Epoch time: 37.2 s
2026-01-03 15:56:22.360747: 
2026-01-03 15:56:22.364026: Epoch 42
2026-01-03 15:56:22.366688: Current learning rate: 0.00873
2026-01-03 15:57:03.365310: train_loss 0.6762
2026-01-03 15:57:03.369979: val_loss 0.9129
2026-01-03 15:57:03.372576: val classification accuracy 0.3696
2026-01-03 15:57:03.375507: val auc 0.3856
2026-01-03 15:57:03.378251: Epoch time: 41.01 s
2026-01-03 15:57:04.108896: 
2026-01-03 15:57:04.112454: Epoch 43
2026-01-03 15:57:04.114923: Current learning rate: 0.0087
2026-01-03 15:57:42.842865: train_loss 0.5894
2026-01-03 15:57:42.850323: val_loss 1.0278
2026-01-03 15:57:42.853302: val classification accuracy 0.3913
2026-01-03 15:57:42.856064: val auc 0.4896
2026-01-03 15:57:42.858955: Epoch time: 38.74 s
2026-01-03 15:57:43.568561: 
2026-01-03 15:57:43.571683: Epoch 44
2026-01-03 15:57:43.574265: Current learning rate: 0.00867
2026-01-03 15:58:19.561255: train_loss 0.6955
2026-01-03 15:58:19.571907: val_loss 0.8932
2026-01-03 15:58:19.574501: val classification accuracy 0.413
2026-01-03 15:58:19.577098: val auc 0.3951
2026-01-03 15:58:19.581156: Epoch time: 35.99 s
2026-01-03 15:58:20.324260: 
2026-01-03 15:58:20.327577: Epoch 45
2026-01-03 15:58:20.330127: Current learning rate: 0.00864
2026-01-03 15:58:57.644163: train_loss 0.6561
2026-01-03 15:58:57.651898: val_loss 0.7087
2026-01-03 15:58:57.654543: val classification accuracy 0.587
2026-01-03 15:58:57.659349: val auc 0.5766
2026-01-03 15:58:57.662128: Epoch time: 37.32 s
2026-01-03 15:58:58.401695: 
2026-01-03 15:58:58.421781: Epoch 46
2026-01-03 15:58:58.424721: Current learning rate: 0.00861
2026-01-03 15:59:37.517171: train_loss 0.6378
2026-01-03 15:59:37.522261: val_loss 0.8249
2026-01-03 15:59:37.525208: val classification accuracy 0.413
2026-01-03 15:59:37.528058: val auc 0.3611
2026-01-03 15:59:37.549407: Epoch time: 39.12 s
2026-01-03 15:59:38.292480: 
2026-01-03 15:59:38.295837: Epoch 47
2026-01-03 15:59:38.298133: Current learning rate: 0.00858
2026-01-03 16:00:16.540955: train_loss 0.6359
2026-01-03 16:00:16.546045: val_loss 0.8119
2026-01-03 16:00:16.560754: val classification accuracy 0.5217
2026-01-03 16:00:16.563779: val auc 0.4991
2026-01-03 16:00:16.566669: Epoch time: 38.25 s
2026-01-03 16:00:17.317577: 
2026-01-03 16:00:17.321001: Epoch 48
2026-01-03 16:00:17.323686: Current learning rate: 0.00855
2026-01-03 16:00:57.351028: train_loss 0.6285
2026-01-03 16:00:57.371967: val_loss 0.8337
2026-01-03 16:00:57.374789: val classification accuracy 0.3043
2026-01-03 16:00:57.377346: val auc 0.3648
2026-01-03 16:00:57.379699: Epoch time: 40.03 s
2026-01-03 16:00:58.626849: 
2026-01-03 16:00:58.630045: Epoch 49
2026-01-03 16:00:58.632489: Current learning rate: 0.00852
2026-01-03 16:01:35.954194: train_loss 0.6635
2026-01-03 16:01:35.976279: val_loss 0.8513
2026-01-03 16:01:36.003146: val classification accuracy 0.3696
2026-01-03 16:01:36.024905: val auc 0.3384
2026-01-03 16:01:36.029390: Epoch time: 37.33 s
2026-01-03 16:01:36.753910: 
2026-01-03 16:01:36.757213: Epoch 50
2026-01-03 16:01:36.759456: Current learning rate: 0.00849
2026-01-03 16:02:17.645365: train_loss 0.623
2026-01-03 16:02:17.654820: val_loss 0.9909
2026-01-03 16:02:17.657507: val classification accuracy 0.4348
2026-01-03 16:02:17.660155: val auc 0.3497
2026-01-03 16:02:17.662762: Epoch time: 40.89 s
2026-01-03 16:02:18.424246: 
2026-01-03 16:02:18.427461: Epoch 51
2026-01-03 16:02:18.429605: Current learning rate: 0.00846
2026-01-03 16:02:57.344008: train_loss 0.6333
2026-01-03 16:02:57.392081: val_loss 0.8152
2026-01-03 16:02:57.400369: val classification accuracy 0.2391
2026-01-03 16:02:57.403334: val auc 0.2552
2026-01-03 16:02:57.406209: Epoch time: 38.92 s
2026-01-03 16:02:58.127783: 
2026-01-03 16:02:58.131213: Epoch 52
2026-01-03 16:02:58.133738: Current learning rate: 0.00843
2026-01-03 16:03:37.955232: train_loss 0.643
2026-01-03 16:03:37.969790: val_loss 0.9538
2026-01-03 16:03:37.972705: val classification accuracy 0.3913
2026-01-03 16:03:37.975484: val auc 0.3478
2026-01-03 16:03:37.978148: Epoch time: 39.83 s
2026-01-03 16:03:38.735757: 
2026-01-03 16:03:38.738869: Epoch 53
2026-01-03 16:03:38.741385: Current learning rate: 0.00839
2026-01-03 16:04:25.308546: train_loss 0.6582
2026-01-03 16:04:25.353615: val_loss 0.8144
2026-01-03 16:04:25.368293: val classification accuracy 0.413
2026-01-03 16:04:25.374789: val auc 0.345
2026-01-03 16:04:25.378984: Epoch time: 46.57 s
2026-01-03 16:04:26.182303: 
2026-01-03 16:04:26.186670: Epoch 54
2026-01-03 16:04:26.189863: Current learning rate: 0.00836
2026-01-03 16:05:22.216628: train_loss 0.6368
2026-01-03 16:05:22.222607: val_loss 1.1638
2026-01-03 16:05:22.226052: val classification accuracy 0.2609
2026-01-03 16:05:22.229020: val auc 0.2306
2026-01-03 16:05:22.232288: Epoch time: 56.04 s
2026-01-03 16:05:23.105328: 
2026-01-03 16:05:23.109684: Epoch 55
2026-01-03 16:05:23.112780: Current learning rate: 0.00833
2026-01-03 16:06:16.381428: train_loss 0.6027
2026-01-03 16:06:16.396814: val_loss 1.0585
2026-01-03 16:06:16.400068: val classification accuracy 0.3696
2026-01-03 16:06:16.403290: val auc 0.3648
2026-01-03 16:06:16.406505: Epoch time: 53.28 s
2026-01-03 16:06:17.337971: 
2026-01-03 16:06:17.342213: Epoch 56
2026-01-03 16:06:17.345499: Current learning rate: 0.0083
2026-01-03 16:07:08.820248: train_loss 0.6289
2026-01-03 16:07:08.838163: val_loss 0.8437
2026-01-03 16:07:08.886588: val classification accuracy 0.3696
2026-01-03 16:07:08.891445: val auc 0.3308
2026-01-03 16:07:08.895350: Epoch time: 51.48 s
2026-01-03 16:07:09.802142: 
2026-01-03 16:07:09.806713: Epoch 57
2026-01-03 16:07:09.810090: Current learning rate: 0.00827
2026-01-03 16:08:05.530796: train_loss 0.6265
2026-01-03 16:08:05.547917: val_loss 0.9679
2026-01-03 16:08:05.551480: val classification accuracy 0.5
2026-01-03 16:08:05.554728: val auc 0.5019
2026-01-03 16:08:05.568585: Epoch time: 55.73 s
2026-01-03 16:08:06.530229: 
2026-01-03 16:08:06.534199: Epoch 58
2026-01-03 16:08:06.537014: Current learning rate: 0.00824
2026-01-03 16:09:02.147410: train_loss 0.6174
2026-01-03 16:09:02.164660: val_loss 0.8279
2026-01-03 16:09:02.167592: val classification accuracy 0.413
2026-01-03 16:09:02.170378: val auc 0.3497
2026-01-03 16:09:02.173071: Epoch time: 55.62 s
2026-01-03 16:09:02.984379: 
2026-01-03 16:09:02.987973: Epoch 59
2026-01-03 16:09:02.990582: Current learning rate: 0.00821
2026-01-03 16:09:54.702647: train_loss 0.6114
2026-01-03 16:09:54.707052: val_loss 1.0912
2026-01-03 16:09:54.709728: val classification accuracy 0.3261
2026-01-03 16:09:54.712336: val auc 0.2807
2026-01-03 16:09:54.719254: Epoch time: 51.72 s
2026-01-03 16:09:55.513370: 
2026-01-03 16:09:55.516553: Epoch 60
2026-01-03 16:09:55.518924: Current learning rate: 0.00818
2026-01-03 16:10:45.911520: train_loss 0.6052
2026-01-03 16:10:45.916264: val_loss 0.917
2026-01-03 16:10:45.919905: val classification accuracy 0.5
2026-01-03 16:10:45.922841: val auc 0.5009
2026-01-03 16:10:45.925982: Epoch time: 50.4 s
2026-01-03 16:10:46.874586: 
2026-01-03 16:10:46.878327: Epoch 61
2026-01-03 16:10:46.880932: Current learning rate: 0.00815
2026-01-03 16:11:41.189526: train_loss 0.6279
2026-01-03 16:11:41.252203: val_loss 0.8983
2026-01-03 16:11:41.270200: val classification accuracy 0.3261
2026-01-03 16:11:41.274046: val auc 0.2703
2026-01-03 16:11:41.277534: Epoch time: 54.32 s
2026-01-03 16:11:42.104112: 
2026-01-03 16:11:42.112690: Epoch 62
2026-01-03 16:11:42.117498: Current learning rate: 0.00812
2026-01-03 16:12:30.875669: train_loss 0.5835
2026-01-03 16:12:30.880210: val_loss 1.071
2026-01-03 16:12:30.882957: val classification accuracy 0.3913
2026-01-03 16:12:30.885487: val auc 0.3629
2026-01-03 16:12:30.888247: Epoch time: 48.77 s
2026-01-03 16:12:32.503205: 
2026-01-03 16:12:32.506991: Epoch 63
2026-01-03 16:12:32.509637: Current learning rate: 0.00809
2026-01-03 16:13:24.654097: train_loss 0.6299
2026-01-03 16:13:24.676159: val_loss 1.1827
2026-01-03 16:13:24.679391: val classification accuracy 0.3478
2026-01-03 16:13:24.683032: val auc 0.2684
2026-01-03 16:13:24.686625: Epoch time: 52.15 s
2026-01-03 16:13:25.506653: 
2026-01-03 16:13:25.510005: Epoch 64
2026-01-03 16:13:25.512387: Current learning rate: 0.00806
2026-01-03 16:14:19.312184: train_loss 0.6256
2026-01-03 16:14:19.317916: val_loss 0.814
2026-01-03 16:14:19.322309: val classification accuracy 0.4783
2026-01-03 16:14:19.325453: val auc 0.4764
2026-01-03 16:14:19.328078: Epoch time: 53.81 s
2026-01-03 16:14:20.159433: 
2026-01-03 16:14:20.162970: Epoch 65
2026-01-03 16:14:20.165332: Current learning rate: 0.00803
2026-01-03 16:15:12.755684: train_loss 0.581
2026-01-03 16:15:12.783338: val_loss 0.8694
2026-01-03 16:15:12.791584: val classification accuracy 0.3913
2026-01-03 16:15:12.823452: val auc 0.4253
2026-01-03 16:15:12.827456: Epoch time: 52.6 s
2026-01-03 16:15:13.713769: 
2026-01-03 16:15:13.718112: Epoch 66
2026-01-03 16:15:13.721550: Current learning rate: 0.008
2026-01-03 16:16:08.322121: train_loss 0.6755
2026-01-03 16:16:08.327464: val_loss 0.8607
2026-01-03 16:16:08.330209: val classification accuracy 0.3913
2026-01-03 16:16:08.332836: val auc 0.2448
2026-01-03 16:16:08.335514: Epoch time: 54.61 s
2026-01-03 16:16:09.254299: 
2026-01-03 16:16:09.257396: Epoch 67
2026-01-03 16:16:09.259911: Current learning rate: 0.00797
2026-01-03 16:17:02.326401: train_loss 0.5841
2026-01-03 16:17:02.331607: val_loss 1.4596
2026-01-03 16:17:02.334956: val classification accuracy 0.3913
2026-01-03 16:17:02.338163: val auc 0.3214
2026-01-03 16:17:02.341343: Epoch time: 53.07 s
2026-01-03 16:17:03.245820: 
2026-01-03 16:17:03.249812: Epoch 68
2026-01-03 16:17:03.252745: Current learning rate: 0.00793
2026-01-03 16:17:56.133513: train_loss 0.6678
2026-01-03 16:17:56.170409: val_loss 0.7206
2026-01-03 16:17:56.174633: val classification accuracy 0.4565
2026-01-03 16:17:56.186404: val auc 0.4338
2026-01-03 16:17:56.196289: Epoch time: 52.89 s
2026-01-03 16:17:57.021288: 
2026-01-03 16:17:57.024772: Epoch 69
2026-01-03 16:17:57.027449: Current learning rate: 0.0079
2026-01-03 16:18:51.427559: train_loss 0.6083
2026-01-03 16:18:51.436745: val_loss 1.2019
2026-01-03 16:18:51.445050: val classification accuracy 0.3043
2026-01-03 16:18:51.449736: val auc 0.2079
2026-01-03 16:18:51.453166: Epoch time: 54.41 s
2026-01-03 16:18:52.364488: 
2026-01-03 16:18:52.369414: Epoch 70
2026-01-03 16:18:52.372830: Current learning rate: 0.00787
2026-01-03 16:19:45.864522: train_loss 0.6461
2026-01-03 16:19:45.870183: val_loss 0.9061
2026-01-03 16:19:45.875857: val classification accuracy 0.5
2026-01-03 16:19:45.880003: val auc 0.413
2026-01-03 16:19:45.975914: Epoch time: 53.5 s
2026-01-03 16:19:46.907796: 
2026-01-03 16:19:46.921433: Epoch 71
2026-01-03 16:19:46.925618: Current learning rate: 0.00784
2026-01-03 16:20:45.184864: train_loss 0.6209
2026-01-03 16:20:45.220911: val_loss 1.2309
2026-01-03 16:20:45.224315: val classification accuracy 0.3261
2026-01-03 16:20:45.227759: val auc 0.2514
2026-01-03 16:20:45.231050: Epoch time: 58.28 s
2026-01-03 16:20:46.172073: 
2026-01-03 16:20:46.176564: Epoch 72
2026-01-03 16:20:46.179572: Current learning rate: 0.00781
2026-01-03 16:21:43.489746: train_loss 0.6147
2026-01-03 16:21:43.494908: val_loss 0.9275
2026-01-03 16:21:43.498296: val classification accuracy 0.3478
2026-01-03 16:21:43.501319: val auc 0.3667
2026-01-03 16:21:43.504772: Epoch time: 57.32 s
2026-01-03 16:21:44.367719: 
2026-01-03 16:21:44.371532: Epoch 73
2026-01-03 16:21:44.383263: Current learning rate: 0.00778
2026-01-03 16:22:39.535326: train_loss 0.5794
2026-01-03 16:22:39.557620: val_loss 1.0029
2026-01-03 16:22:39.561521: val classification accuracy 0.3478
2026-01-03 16:22:39.578030: val auc 0.327
2026-01-03 16:22:39.625988: Epoch time: 55.17 s
2026-01-03 16:22:40.596957: 
2026-01-03 16:22:40.600727: Epoch 74
2026-01-03 16:22:40.603564: Current learning rate: 0.00775
2026-01-03 16:23:34.547662: train_loss 0.6134
2026-01-03 16:23:34.552847: val_loss 0.8615
2026-01-03 16:23:34.582312: val classification accuracy 0.3696
2026-01-03 16:23:34.585946: val auc 0.3951
2026-01-03 16:23:34.589601: Epoch time: 53.95 s
2026-01-03 16:23:35.411200: 
2026-01-03 16:23:35.414748: Epoch 75
2026-01-03 16:23:35.417307: Current learning rate: 0.00772
2026-01-03 16:24:27.886523: train_loss 0.6287
2026-01-03 16:24:27.894240: val_loss 0.8238
2026-01-03 16:24:27.897843: val classification accuracy 0.3696
2026-01-03 16:24:27.901758: val auc 0.3459
2026-01-03 16:24:27.905846: Epoch time: 52.48 s
2026-01-03 16:24:28.758346: 
2026-01-03 16:24:28.761870: Epoch 76
2026-01-03 16:24:28.764528: Current learning rate: 0.00769
2026-01-03 16:25:24.254672: train_loss 0.6786
2026-01-03 16:25:24.295664: val_loss 0.9302
2026-01-03 16:25:24.299842: val classification accuracy 0.3913
2026-01-03 16:25:24.303566: val auc 0.3422
2026-01-03 16:25:24.343146: Epoch time: 55.5 s
2026-01-03 16:25:25.148950: 
2026-01-03 16:25:25.152784: Epoch 77
2026-01-03 16:25:25.155542: Current learning rate: 0.00766
2026-01-03 16:26:20.199227: train_loss 0.6416
2026-01-03 16:26:20.211286: val_loss 0.7974
2026-01-03 16:26:20.214347: val classification accuracy 0.5
2026-01-03 16:26:20.217157: val auc 0.4896
2026-01-03 16:26:20.220370: Epoch time: 55.05 s
2026-01-03 16:26:21.028067: 
2026-01-03 16:26:21.031842: Epoch 78
2026-01-03 16:26:21.034456: Current learning rate: 0.00763
2026-01-03 16:27:13.126314: train_loss 0.645
2026-01-03 16:27:13.147610: val_loss 1.0305
2026-01-03 16:27:13.151649: val classification accuracy 0.3478
2026-01-03 16:27:13.164108: val auc 0.3043
2026-01-03 16:27:13.168078: Epoch time: 52.1 s
2026-01-03 16:27:14.075392: 
2026-01-03 16:27:14.079291: Epoch 79
2026-01-03 16:27:14.082334: Current learning rate: 0.0076
2026-01-03 16:28:06.641329: train_loss 0.6613
2026-01-03 16:28:06.662892: val_loss 0.7629
2026-01-03 16:28:06.666243: val classification accuracy 0.5
2026-01-03 16:28:06.669467: val auc 0.4282
2026-01-03 16:28:06.672882: Epoch time: 52.57 s
2026-01-03 16:28:09.448023: Saved periodic checkpoint /hpf/projects/jquon/sumin/nnUNet_data/nnUNet_results/Dataset033_AVM_T1+C/SEResNetTrainer_ep300_NoMirroring_x2__nnUNetResEncUNetLPlans__3d_fullres/fold_2/checkpoint_every20_best_balacc.pth at epoch 79 with val_balanced_accuracy=0.5000
2026-01-03 16:28:10.221284: 
2026-01-03 16:28:10.224868: Epoch 80
2026-01-03 16:28:10.227451: Current learning rate: 0.00756
2026-01-03 16:29:00.328715: train_loss 0.6296
2026-01-03 16:29:00.356533: val_loss 1.0239
2026-01-03 16:29:00.361657: val classification accuracy 0.3043
2026-01-03 16:29:00.365695: val auc 0.2524
2026-01-03 16:29:00.369031: Epoch time: 50.11 s
2026-01-03 16:29:01.270431: 
2026-01-03 16:29:01.274271: Epoch 81
2026-01-03 16:29:01.276762: Current learning rate: 0.00753
2026-01-03 16:29:55.652899: train_loss 0.6328
2026-01-03 16:29:55.658669: val_loss 0.8271
2026-01-03 16:29:55.661962: val classification accuracy 0.4783
2026-01-03 16:29:55.665170: val auc 0.4367
2026-01-03 16:29:55.668749: Epoch time: 54.38 s
2026-01-03 16:29:56.550629: 
2026-01-03 16:29:56.554094: Epoch 82
2026-01-03 16:29:56.556733: Current learning rate: 0.0075
2026-01-03 16:30:46.839200: train_loss 0.6126
2026-01-03 16:30:46.856670: val_loss 1.0942
2026-01-03 16:30:46.859661: val classification accuracy 0.413
2026-01-03 16:30:46.862405: val auc 0.3573
2026-01-03 16:30:46.865084: Epoch time: 50.29 s
2026-01-03 16:30:47.792199: 
2026-01-03 16:30:47.796185: Epoch 83
2026-01-03 16:30:47.799225: Current learning rate: 0.00747
2026-01-03 16:31:41.365626: train_loss 0.6175
2026-01-03 16:31:41.381013: val_loss 1.0034
2026-01-03 16:31:41.384691: val classification accuracy 0.2609
2026-01-03 16:31:41.388268: val auc 0.1928
2026-01-03 16:31:41.391552: Epoch time: 53.57 s
2026-01-03 16:31:42.289152: 
2026-01-03 16:31:42.292867: Epoch 84
2026-01-03 16:31:42.295723: Current learning rate: 0.00744
2026-01-03 16:32:37.746114: train_loss 0.6066
2026-01-03 16:32:37.752381: val_loss 1.2829
2026-01-03 16:32:37.757119: val classification accuracy 0.2391
2026-01-03 16:32:37.760862: val auc 0.242
2026-01-03 16:32:37.764256: Epoch time: 55.46 s
2026-01-03 16:32:38.764385: 
2026-01-03 16:32:38.768473: Epoch 85
2026-01-03 16:32:38.771396: Current learning rate: 0.00741
2026-01-03 16:33:31.660599: train_loss 0.5347
2026-01-03 16:33:31.666787: val_loss 1.0626
2026-01-03 16:33:31.670526: val classification accuracy 0.3696
2026-01-03 16:33:31.673662: val auc 0.1985
2026-01-03 16:33:31.676504: Epoch time: 52.9 s
2026-01-03 16:33:32.565220: 
2026-01-03 16:33:32.568709: Epoch 86
2026-01-03 16:33:32.571480: Current learning rate: 0.00738
2026-01-03 16:34:24.144073: train_loss 0.6145
2026-01-03 16:34:24.154126: val_loss 1.1909
2026-01-03 16:34:24.157999: val classification accuracy 0.1957
2026-01-03 16:34:24.161343: val auc 0.172
2026-01-03 16:34:24.165678: Epoch time: 51.58 s
2026-01-03 16:34:24.957084: 
2026-01-03 16:34:24.962481: Epoch 87
2026-01-03 16:34:24.965780: Current learning rate: 0.00735
2026-01-03 16:35:19.427004: train_loss 0.5991
2026-01-03 16:35:19.432172: val_loss 1.547
2026-01-03 16:35:19.435442: val classification accuracy 0.3696
2026-01-03 16:35:19.438676: val auc 0.2817
2026-01-03 16:35:19.441619: Epoch time: 54.47 s
2026-01-03 16:35:20.296247: 
2026-01-03 16:35:20.308580: Epoch 88
2026-01-03 16:35:20.311907: Current learning rate: 0.00732
2026-01-03 16:36:14.325430: train_loss 0.5694
2026-01-03 16:36:14.329918: val_loss 0.9428
2026-01-03 16:36:14.334067: val classification accuracy 0.413
2026-01-03 16:36:14.337378: val auc 0.3147
2026-01-03 16:36:14.340826: Epoch time: 54.03 s
2026-01-03 16:36:15.203689: 
2026-01-03 16:36:15.207511: Epoch 89
2026-01-03 16:36:15.210066: Current learning rate: 0.00729
2026-01-03 16:37:10.746896: train_loss 0.5713
2026-01-03 16:37:10.752241: val_loss 1.1366
2026-01-03 16:37:10.756161: val classification accuracy 0.4565
2026-01-03 16:37:10.777334: val auc 0.3875
2026-01-03 16:37:10.780305: Epoch time: 55.54 s
2026-01-03 16:37:12.366522: 
2026-01-03 16:37:12.369978: Epoch 90
2026-01-03 16:37:12.372396: Current learning rate: 0.00725
2026-01-03 16:38:03.453406: train_loss 0.5736
2026-01-03 16:38:03.471911: val_loss 1.1749
2026-01-03 16:38:03.481320: val classification accuracy 0.3478
2026-01-03 16:38:03.488955: val auc 0.3346
2026-01-03 16:38:03.494698: Epoch time: 51.09 s
2026-01-03 16:38:04.303638: 
2026-01-03 16:38:04.307566: Epoch 91
2026-01-03 16:38:04.310297: Current learning rate: 0.00722
2026-01-03 16:38:55.203337: train_loss 0.5821
2026-01-03 16:38:55.235455: val_loss 1.3915
2026-01-03 16:38:55.238647: val classification accuracy 0.2826
2026-01-03 16:38:55.242253: val auc 0.3251
2026-01-03 16:38:55.278120: Epoch time: 50.9 s
2026-01-03 16:38:56.104634: 
2026-01-03 16:38:56.108246: Epoch 92
2026-01-03 16:38:56.110989: Current learning rate: 0.00719
2026-01-03 16:39:48.236872: train_loss 0.6163
2026-01-03 16:39:48.242941: val_loss 0.8782
2026-01-03 16:39:48.246213: val classification accuracy 0.3913
2026-01-03 16:39:48.249583: val auc 0.3336
2026-01-03 16:39:48.252663: Epoch time: 52.13 s
2026-01-03 16:39:49.105359: 
2026-01-03 16:39:49.108909: Epoch 93
2026-01-03 16:39:49.111482: Current learning rate: 0.00716
2026-01-03 16:40:45.097386: train_loss 0.6019
2026-01-03 16:40:45.129664: val_loss 1.1939
2026-01-03 16:40:45.132819: val classification accuracy 0.3043
2026-01-03 16:40:45.136642: val auc 0.3856
2026-01-03 16:40:45.146691: Epoch time: 55.99 s
2026-01-03 16:40:46.015135: 
2026-01-03 16:40:46.018920: Epoch 94
2026-01-03 16:40:46.021727: Current learning rate: 0.00713
2026-01-03 16:41:44.330078: train_loss 0.5714
2026-01-03 16:41:44.350250: val_loss 1.0422
2026-01-03 16:41:44.353749: val classification accuracy 0.3696
2026-01-03 16:41:44.356545: val auc 0.2495
2026-01-03 16:41:44.359424: Epoch time: 58.32 s
2026-01-03 16:41:45.207700: 
2026-01-03 16:41:45.221230: Epoch 95
2026-01-03 16:41:45.223956: Current learning rate: 0.0071
2026-01-03 16:42:39.738153: train_loss 0.6164
2026-01-03 16:42:39.743743: val_loss 1.0502
2026-01-03 16:42:39.747128: val classification accuracy 0.3913
2026-01-03 16:42:39.750216: val auc 0.3507
2026-01-03 16:42:39.753106: Epoch time: 54.53 s
2026-01-03 16:42:39.755841: Early stopping triggered at epoch 95. Best val_losses=0.6788
2026-01-03 16:42:40.660370: Stopping training early due to early stopping criterion.
2026-01-03 16:42:43.140683: Training done.
2026-01-03 16:42:43.196309: Skipping perform_actual_validation for classification trainer (segmentation-style sliding window is not applicable).
[1;34mwandb[0m: 
[1;34mwandb[0m: 🚀 View run [33mSEResNetTrainer_ep300_NoMirroring_x2_fold2[0m at: [34m[0m
[1;34mwandb[0m: Find logs at: [1;35m../../tmp/wandb/wandb/run-20260103_152734-jl4e0gjt/logs[0m
