Using device: cuda:0

#######################################################################
Please cite the following paper when using nnU-Net:
Isensee, F., Jaeger, P. F., Kohl, S. A., Petersen, J., & Maier-Hein, K. H. (2021). nnU-Net: a self-configuring method for deep learning-based biomedical image segmentation. Nature methods, 18(2), 203-211.
#######################################################################

2026-01-03 13:35:26.598361: Using torch.compile...
2026-01-03 13:35:32.106578: do_dummy_2d_data_aug: False
2026-01-03 13:35:32.110215: Using splits from existing split file: /hpf/projects/jquon/sumin/nnUNet_data/nnUNet_preprocessed/Dataset033_AVM_T1+C/splits_final.json
2026-01-03 13:35:32.113337: The split file contains 11 splits.
2026-01-03 13:35:32.115017: Desired fold for training: 1
2026-01-03 13:35:32.116623: This split has 472 training and 40 validation cases.
using pin_memory on device 0
using pin_memory on device 0

This is the configuration used by this training:
Configuration name: 3d_fullres
 {'data_identifier': 'nnUNetPlans_3d_fullres', 'preprocessor_name': 'DefaultPreprocessor', 'batch_size': 2, 'patch_size': [160, 224, 192], 'median_image_size_in_voxels': [344.0, 448.0, 429.0], 'spacing': [0.500000923871994, 0.4910714328289032, 0.4910714328289032], 'normalization_schemes': ['ZScoreNormalization'], 'use_mask_for_norm': [False], 'resampling_fn_data': 'resample_data_or_seg_to_shape', 'resampling_fn_seg': 'resample_data_or_seg_to_shape', 'resampling_fn_data_kwargs': {'is_seg': False, 'order': 3, 'order_z': 0, 'force_separate_z': None}, 'resampling_fn_seg_kwargs': {'is_seg': True, 'order': 1, 'order_z': 0, 'force_separate_z': None}, 'resampling_fn_probabilities': 'resample_data_or_seg_to_shape', 'resampling_fn_probabilities_kwargs': {'is_seg': False, 'order': 1, 'order_z': 0, 'force_separate_z': None}, 'architecture': {'network_class_name': 'dynamic_network_architectures.architectures.unet.ResidualEncoderUNet', 'arch_kwargs': {'n_stages': 6, 'features_per_stage': [32, 64, 128, 256, 320, 320], 'conv_op': 'torch.nn.modules.conv.Conv3d', 'kernel_sizes': [[3, 3, 3], [3, 3, 3], [3, 3, 3], [3, 3, 3], [3, 3, 3], [3, 3, 3]], 'strides': [[1, 1, 1], [2, 2, 2], [2, 2, 2], [2, 2, 2], [2, 2, 2], [2, 2, 2]], 'n_blocks_per_stage': [1, 3, 4, 6, 6, 6], 'n_conv_per_stage_decoder': [1, 1, 1, 1, 1], 'conv_bias': True, 'norm_op': 'torch.nn.modules.instancenorm.InstanceNorm3d', 'norm_op_kwargs': {'eps': 1e-05, 'affine': True}, 'dropout_op': None, 'dropout_op_kwargs': None, 'nonlin': 'torch.nn.LeakyReLU', 'nonlin_kwargs': {'inplace': True}}, '_kw_requires_import': ['conv_op', 'norm_op', 'dropout_op', 'nonlin']}, 'batch_dice': True} 

These are the global plan.json settings:
 {'dataset_name': 'Dataset033_AVM_T1+C', 'plans_name': 'nnUNetResEncUNetLPlans', 'original_median_spacing_after_transp': [0.500000923871994, 0.4910714328289032, 0.4910714328289032], 'original_median_shape_after_transp': [330, 448, 424], 'image_reader_writer': 'SimpleITKIO', 'transpose_forward': [0, 1, 2], 'transpose_backward': [0, 1, 2], 'experiment_planner_used': 'nnUNetPlannerResEncL', 'label_manager': 'LabelManager', 'foreground_intensity_properties_per_channel': {'0': {'max': 12113.0, 'mean': 449.843505859375, 'median': 311.0, 'min': 0.0, 'percentile_00_5': 34.0, 'percentile_99_5': 3202.0, 'std': 471.56329345703125}}} 

2026-01-03 13:35:34.392310: Unable to plot network architecture: nnUNet_compile is enabled!
2026-01-03 13:35:34.409064: 
2026-01-03 13:35:34.411854: Epoch 0
2026-01-03 13:35:34.413832: Current learning rate: 0.01
2026-01-03 13:36:35.298970: train_loss 2.5147
2026-01-03 13:36:35.302883: val_loss 6.8053
2026-01-03 13:36:35.305188: val classification accuracy 0.575
2026-01-03 13:36:35.307672: val auc 0.5363
2026-01-03 13:36:35.310111: Epoch time: 60.89 s
2026-01-03 13:36:35.311830: Yayy! New best EMA pseudo Dice: 0.5363
2026-01-03 13:36:37.882344: Yayy! New best classification accuracy: 0.575
2026-01-03 13:36:40.327619: 
2026-01-03 13:36:40.330407: Epoch 1
2026-01-03 13:36:40.332422: Current learning rate: 0.00997
2026-01-03 13:37:20.480259: train_loss 1.2913
2026-01-03 13:37:20.517072: val_loss 5.4601
2026-01-03 13:37:20.519331: val classification accuracy 0.45
2026-01-03 13:37:20.521292: val auc 0.4212
2026-01-03 13:37:20.523532: Epoch time: 40.15 s
2026-01-03 13:37:21.240952: 
2026-01-03 13:37:21.243554: Epoch 2
2026-01-03 13:37:21.245185: Current learning rate: 0.00994
2026-01-03 13:38:02.014140: train_loss 0.859
2026-01-03 13:38:02.018097: val_loss 1.7294
2026-01-03 13:38:02.020311: val classification accuracy 0.6
2026-01-03 13:38:02.022351: val auc 0.6788
2026-01-03 13:38:02.032530: Epoch time: 40.77 s
2026-01-03 13:38:02.034393: Yayy! New best EMA pseudo Dice: 0.6788
2026-01-03 13:38:04.743131: Yayy! New best classification accuracy: 0.6
2026-01-03 13:38:07.171646: 
2026-01-03 13:38:07.174339: Epoch 3
2026-01-03 13:38:07.175997: Current learning rate: 0.00991
2026-01-03 13:38:43.650864: train_loss 0.7485
2026-01-03 13:38:43.654707: val_loss 0.7216
2026-01-03 13:38:43.656935: val classification accuracy 0.6
2026-01-03 13:38:43.658855: val auc 0.5775
2026-01-03 13:38:43.661003: Epoch time: 36.48 s
2026-01-03 13:38:44.399173: 
2026-01-03 13:38:44.401635: Epoch 4
2026-01-03 13:38:44.403441: Current learning rate: 0.00988
2026-01-03 13:39:24.283150: train_loss 0.707
2026-01-03 13:39:24.287743: val_loss 0.866
2026-01-03 13:39:24.289962: val classification accuracy 0.6
2026-01-03 13:39:24.292082: val auc 0.59
2026-01-03 13:39:24.294188: Epoch time: 39.89 s
2026-01-03 13:39:25.036913: 
2026-01-03 13:39:25.039519: Epoch 5
2026-01-03 13:39:25.041420: Current learning rate: 0.00985
2026-01-03 13:40:04.147035: train_loss 0.7164
2026-01-03 13:40:04.156255: val_loss 1.7668
2026-01-03 13:40:04.161395: val classification accuracy 0.475
2026-01-03 13:40:04.163514: val auc 0.5075
2026-01-03 13:40:04.165775: Epoch time: 39.11 s
2026-01-03 13:40:04.891906: 
2026-01-03 13:40:04.894507: Epoch 6
2026-01-03 13:40:04.896373: Current learning rate: 0.00982
2026-01-03 13:40:42.847726: train_loss 0.6992
2026-01-03 13:40:42.872311: val_loss 0.6884
2026-01-03 13:40:42.874311: val classification accuracy 0.55
2026-01-03 13:40:42.876290: val auc 0.6125
2026-01-03 13:40:42.878281: Epoch time: 37.96 s
2026-01-03 13:40:43.606910: 
2026-01-03 13:40:43.609378: Epoch 7
2026-01-03 13:40:43.611078: Current learning rate: 0.00979
2026-01-03 13:41:23.222923: train_loss 0.6874
2026-01-03 13:41:23.256450: val_loss 0.6064
2026-01-03 13:41:23.259085: val classification accuracy 0.725
2026-01-03 13:41:23.267253: val auc 0.735
2026-01-03 13:41:23.269456: Epoch time: 39.62 s
2026-01-03 13:41:23.271276: Yayy! New best EMA pseudo Dice: 0.735
2026-01-03 13:41:25.952326: Yayy! New best classification accuracy: 0.725
2026-01-03 13:41:28.784545: 
2026-01-03 13:41:28.786813: Epoch 8
2026-01-03 13:41:28.788437: Current learning rate: 0.00976
2026-01-03 13:42:06.459870: train_loss 0.6765
2026-01-03 13:42:06.491357: val_loss 0.6951
2026-01-03 13:42:06.493902: val classification accuracy 0.55
2026-01-03 13:42:06.495835: val auc 0.5825
2026-01-03 13:42:06.497903: Epoch time: 37.68 s
2026-01-03 13:42:07.233617: 
2026-01-03 13:42:07.235929: Epoch 9
2026-01-03 13:42:07.237634: Current learning rate: 0.00973
2026-01-03 13:42:46.877523: train_loss 0.6635
2026-01-03 13:42:46.897141: val_loss 0.7417
2026-01-03 13:42:46.899248: val classification accuracy 0.475
2026-01-03 13:42:46.901087: val auc 0.4338
2026-01-03 13:42:46.902924: Epoch time: 39.65 s
2026-01-03 13:42:47.646576: 
2026-01-03 13:42:47.649462: Epoch 10
2026-01-03 13:42:47.651583: Current learning rate: 0.0097
2026-01-03 13:43:24.441757: train_loss 0.6805
2026-01-03 13:43:24.447319: val_loss 0.7188
2026-01-03 13:43:24.449858: val classification accuracy 0.525
2026-01-03 13:43:24.452478: val auc 0.625
2026-01-03 13:43:24.454769: Epoch time: 36.8 s
2026-01-03 13:43:25.200767: 
2026-01-03 13:43:25.203843: Epoch 11
2026-01-03 13:43:25.206225: Current learning rate: 0.00967
2026-01-03 13:44:03.281748: train_loss 0.6729
2026-01-03 13:44:03.287109: val_loss 0.9966
2026-01-03 13:44:03.289723: val classification accuracy 0.5
2026-01-03 13:44:03.292070: val auc 0.5938
2026-01-03 13:44:03.294462: Epoch time: 38.08 s
2026-01-03 13:44:04.031288: 
2026-01-03 13:44:04.034735: Epoch 12
2026-01-03 13:44:04.037241: Current learning rate: 0.00964
2026-01-03 13:44:42.888215: train_loss 0.6877
2026-01-03 13:44:42.894283: val_loss 0.6552
2026-01-03 13:44:42.898039: val classification accuracy 0.6
2026-01-03 13:44:42.905444: val auc 0.62
2026-01-03 13:44:42.908108: Epoch time: 38.86 s
2026-01-03 13:44:43.630223: 
2026-01-03 13:44:43.633185: Epoch 13
2026-01-03 13:44:43.635493: Current learning rate: 0.00961
2026-01-03 13:45:24.091244: train_loss 0.684
2026-01-03 13:45:24.103151: val_loss 0.7751
2026-01-03 13:45:24.105954: val classification accuracy 0.525
2026-01-03 13:45:24.117991: val auc 0.63
2026-01-03 13:45:24.120858: Epoch time: 40.46 s
2026-01-03 13:45:24.887393: 
2026-01-03 13:45:24.890776: Epoch 14
2026-01-03 13:45:24.893173: Current learning rate: 0.00958
2026-01-03 13:46:05.253548: train_loss 0.6614
2026-01-03 13:46:05.258818: val_loss 0.7152
2026-01-03 13:46:05.261477: val classification accuracy 0.625
2026-01-03 13:46:05.264127: val auc 0.6525
2026-01-03 13:46:05.266786: Epoch time: 40.37 s
2026-01-03 13:46:05.980117: 
2026-01-03 13:46:05.983366: Epoch 15
2026-01-03 13:46:05.985715: Current learning rate: 0.00955
2026-01-03 13:46:45.022075: train_loss 0.6823
2026-01-03 13:46:45.036040: val_loss 0.7749
2026-01-03 13:46:45.056703: val classification accuracy 0.425
2026-01-03 13:46:45.072727: val auc 0.4112
2026-01-03 13:46:45.075827: Epoch time: 39.04 s
2026-01-03 13:46:45.814193: 
2026-01-03 13:46:45.817508: Epoch 16
2026-01-03 13:46:45.820312: Current learning rate: 0.00952
2026-01-03 13:47:25.305007: train_loss 0.6725
2026-01-03 13:47:25.310982: val_loss 0.6748
2026-01-03 13:47:25.313348: val classification accuracy 0.5
2026-01-03 13:47:25.315902: val auc 0.7225
2026-01-03 13:47:25.318375: Epoch time: 39.49 s
2026-01-03 13:47:26.058006: 
2026-01-03 13:47:26.060888: Epoch 17
2026-01-03 13:47:26.063430: Current learning rate: 0.00949
2026-01-03 13:48:04.659901: train_loss 0.6738
2026-01-03 13:48:04.663938: val_loss 0.7178
2026-01-03 13:48:04.666487: val classification accuracy 0.675
2026-01-03 13:48:04.669338: val auc 0.6625
2026-01-03 13:48:04.672178: Epoch time: 38.6 s
2026-01-03 13:48:05.393943: 
2026-01-03 13:48:05.397170: Epoch 18
2026-01-03 13:48:05.399441: Current learning rate: 0.00946
2026-01-03 13:48:44.074692: train_loss 0.6235
2026-01-03 13:48:44.079739: val_loss 0.6545
2026-01-03 13:48:44.083002: val classification accuracy 0.55
2026-01-03 13:48:44.086302: val auc 0.6875
2026-01-03 13:48:44.089595: Epoch time: 38.68 s
2026-01-03 13:48:44.815190: 
2026-01-03 13:48:44.818351: Epoch 19
2026-01-03 13:48:44.820607: Current learning rate: 0.00943
2026-01-03 13:49:24.741277: train_loss 0.6897
2026-01-03 13:49:24.756411: val_loss 0.9332
2026-01-03 13:49:24.764213: val classification accuracy 0.575
2026-01-03 13:49:24.768360: val auc 0.42
2026-01-03 13:49:24.771125: Epoch time: 39.93 s
2026-01-03 13:49:27.324668: Saved periodic checkpoint /hpf/projects/jquon/sumin/nnUNet_data/nnUNet_results/Dataset033_AVM_T1+C/SEResNetTrainer_ep300_NoMirroring_x2__nnUNetResEncUNetLPlans__3d_fullres/fold_1/checkpoint_every20_best_balacc.pth at epoch 19 with val_balanced_accuracy=0.5750
2026-01-03 13:49:29.053076: Saved periodic checkpoint /hpf/projects/jquon/sumin/nnUNet_data/nnUNet_results/Dataset033_AVM_T1+C/SEResNetTrainer_ep300_NoMirroring_x2__nnUNetResEncUNetLPlans__3d_fullres/fold_1/checkpoint_every20_best_auroc.pth at epoch 19 with val_auc=0.4200
2026-01-03 13:49:29.732569: 
2026-01-03 13:49:29.735459: Epoch 20
2026-01-03 13:49:29.737927: Current learning rate: 0.0094
2026-01-03 13:50:07.339373: train_loss 0.6653
2026-01-03 13:50:07.346023: val_loss 0.7403
2026-01-03 13:50:07.350600: val classification accuracy 0.625
2026-01-03 13:50:07.353815: val auc 0.5625
2026-01-03 13:50:07.356686: Epoch time: 37.61 s
2026-01-03 13:50:08.079790: 
2026-01-03 13:50:08.083065: Epoch 21
2026-01-03 13:50:08.085412: Current learning rate: 0.00937
2026-01-03 13:50:47.037695: train_loss 0.6539
2026-01-03 13:50:47.046685: val_loss 0.5784
2026-01-03 13:50:47.049588: val classification accuracy 0.65
2026-01-03 13:50:47.063463: val auc 0.7425
2026-01-03 13:50:47.066480: Epoch time: 38.96 s
2026-01-03 13:50:47.069049: Yayy! New best EMA pseudo Dice: 0.7425
2026-01-03 13:50:50.869722: 
2026-01-03 13:50:50.872826: Epoch 22
2026-01-03 13:50:50.875417: Current learning rate: 0.00934
2026-01-03 13:51:29.810964: train_loss 0.642
2026-01-03 13:51:29.858211: val_loss 0.5923
2026-01-03 13:51:29.861240: val classification accuracy 0.675
2026-01-03 13:51:29.863792: val auc 0.7575
2026-01-03 13:51:29.866457: Epoch time: 38.94 s
2026-01-03 13:51:29.868922: Yayy! New best EMA pseudo Dice: 0.7575
2026-01-03 13:51:32.985992: 
2026-01-03 13:51:32.988991: Epoch 23
2026-01-03 13:51:32.991304: Current learning rate: 0.00931
2026-01-03 13:52:11.014212: train_loss 0.6604
2026-01-03 13:52:11.022192: val_loss 0.7771
2026-01-03 13:52:11.026834: val classification accuracy 0.5
2026-01-03 13:52:11.029625: val auc 0.5025
2026-01-03 13:52:11.032482: Epoch time: 38.03 s
2026-01-03 13:52:11.764049: 
2026-01-03 13:52:11.767325: Epoch 24
2026-01-03 13:52:11.769955: Current learning rate: 0.00928
2026-01-03 13:52:49.287597: train_loss 0.6563
2026-01-03 13:52:49.292190: val_loss 0.6831
2026-01-03 13:52:49.303086: val classification accuracy 0.625
2026-01-03 13:52:49.305670: val auc 0.6775
2026-01-03 13:52:49.308136: Epoch time: 37.52 s
2026-01-03 13:52:50.054905: 
2026-01-03 13:52:50.057894: Epoch 25
2026-01-03 13:52:50.060292: Current learning rate: 0.00925
2026-01-03 13:53:28.930695: train_loss 0.6221
2026-01-03 13:53:28.951566: val_loss 0.7039
2026-01-03 13:53:28.959863: val classification accuracy 0.575
2026-01-03 13:53:28.962489: val auc 0.66
2026-01-03 13:53:28.964861: Epoch time: 38.88 s
2026-01-03 13:53:29.710589: 
2026-01-03 13:53:29.713583: Epoch 26
2026-01-03 13:53:29.715824: Current learning rate: 0.00922
2026-01-03 13:54:09.167776: train_loss 0.6289
2026-01-03 13:54:09.190052: val_loss 0.8501
2026-01-03 13:54:09.192652: val classification accuracy 0.575
2026-01-03 13:54:09.195665: val auc 0.6025
2026-01-03 13:54:09.222994: Epoch time: 39.46 s
2026-01-03 13:54:09.992646: 
2026-01-03 13:54:09.995657: Epoch 27
2026-01-03 13:54:09.997915: Current learning rate: 0.00919
2026-01-03 13:54:48.024666: train_loss 0.6696
2026-01-03 13:54:48.037647: val_loss 0.6899
2026-01-03 13:54:48.050661: val classification accuracy 0.675
2026-01-03 13:54:48.066848: val auc 0.63
2026-01-03 13:54:48.069752: Epoch time: 38.03 s
2026-01-03 13:54:48.801152: 
2026-01-03 13:54:48.806455: Epoch 28
2026-01-03 13:54:48.809137: Current learning rate: 0.00916
2026-01-03 13:55:28.443455: train_loss 0.6217
2026-01-03 13:55:28.447995: val_loss 0.7937
2026-01-03 13:55:28.450426: val classification accuracy 0.6
2026-01-03 13:55:28.456387: val auc 0.6013
2026-01-03 13:55:28.459113: Epoch time: 39.64 s
2026-01-03 13:55:29.204753: 
2026-01-03 13:55:29.208014: Epoch 29
2026-01-03 13:55:29.210480: Current learning rate: 0.00913
2026-01-03 13:56:06.569829: train_loss 0.6331
2026-01-03 13:56:06.598645: val_loss 0.7635
2026-01-03 13:56:06.601796: val classification accuracy 0.625
2026-01-03 13:56:06.604783: val auc 0.7
2026-01-03 13:56:06.607493: Epoch time: 37.37 s
2026-01-03 13:56:07.332687: 
2026-01-03 13:56:07.335844: Epoch 30
2026-01-03 13:56:07.338325: Current learning rate: 0.0091
2026-01-03 13:56:46.803573: train_loss 0.6676
2026-01-03 13:56:46.808144: val_loss 0.7254
2026-01-03 13:56:46.810767: val classification accuracy 0.625
2026-01-03 13:56:46.813374: val auc 0.7375
2026-01-03 13:56:46.816296: Epoch time: 39.47 s
2026-01-03 13:56:47.562290: 
2026-01-03 13:56:47.565310: Epoch 31
2026-01-03 13:56:47.567837: Current learning rate: 0.00907
2026-01-03 13:57:27.065512: train_loss 0.6187
2026-01-03 13:57:27.082791: val_loss 0.4558
2026-01-03 13:57:27.085347: val classification accuracy 0.75
2026-01-03 13:57:27.118504: val auc 0.89
2026-01-03 13:57:27.121778: Epoch time: 39.5 s
2026-01-03 13:57:27.127479: Yayy! New best EMA pseudo Dice: 0.89
2026-01-03 13:57:29.909459: Yayy! New best classification accuracy: 0.75
2026-01-03 13:57:32.499644: 
2026-01-03 13:57:32.502395: Epoch 32
2026-01-03 13:57:32.504829: Current learning rate: 0.00903
2026-01-03 13:58:12.806082: train_loss 0.61
2026-01-03 13:58:12.810654: val_loss 0.5876
2026-01-03 13:58:12.813049: val classification accuracy 0.625
2026-01-03 13:58:12.816030: val auc 0.7525
2026-01-03 13:58:12.818672: Epoch time: 40.31 s
2026-01-03 13:58:13.522929: 
2026-01-03 13:58:13.526190: Epoch 33
2026-01-03 13:58:13.528513: Current learning rate: 0.009
2026-01-03 13:58:51.831543: train_loss 0.6432
2026-01-03 13:58:51.835890: val_loss 0.709
2026-01-03 13:58:51.838368: val classification accuracy 0.525
2026-01-03 13:58:51.840750: val auc 0.6587
2026-01-03 13:58:51.843287: Epoch time: 38.31 s
2026-01-03 13:58:52.613316: 
2026-01-03 13:58:52.616613: Epoch 34
2026-01-03 13:58:52.618735: Current learning rate: 0.00897
2026-01-03 13:59:31.492617: train_loss 0.6971
2026-01-03 13:59:31.498129: val_loss 0.6092
2026-01-03 13:59:31.501155: val classification accuracy 0.75
2026-01-03 13:59:31.503923: val auc 0.7875
2026-01-03 13:59:31.506439: Epoch time: 38.88 s
2026-01-03 13:59:32.287591: 
2026-01-03 13:59:32.290653: Epoch 35
2026-01-03 13:59:32.292903: Current learning rate: 0.00894
2026-01-03 14:00:11.554840: train_loss 0.6686
2026-01-03 14:00:11.558449: val_loss 0.6107
2026-01-03 14:00:11.560984: val classification accuracy 0.625
2026-01-03 14:00:11.563500: val auc 0.7625
2026-01-03 14:00:11.565824: Epoch time: 39.27 s
2026-01-03 14:00:12.273346: 
2026-01-03 14:00:12.276526: Epoch 36
2026-01-03 14:00:12.278813: Current learning rate: 0.00891
2026-01-03 14:00:51.926957: train_loss 0.6469
2026-01-03 14:00:51.943668: val_loss 0.7187
2026-01-03 14:00:51.946445: val classification accuracy 0.525
2026-01-03 14:00:51.948930: val auc 0.7
2026-01-03 14:00:51.951819: Epoch time: 39.65 s
2026-01-03 14:00:52.689411: 
2026-01-03 14:00:52.692603: Epoch 37
2026-01-03 14:00:52.695063: Current learning rate: 0.00888
2026-01-03 14:01:31.134984: train_loss 0.6572
2026-01-03 14:01:31.139260: val_loss 0.7681
2026-01-03 14:01:31.142067: val classification accuracy 0.625
2026-01-03 14:01:31.144983: val auc 0.7175
2026-01-03 14:01:31.147367: Epoch time: 38.45 s
2026-01-03 14:01:31.875616: 
2026-01-03 14:01:31.878833: Epoch 38
2026-01-03 14:01:31.881120: Current learning rate: 0.00885
2026-01-03 14:02:10.609000: train_loss 0.627
2026-01-03 14:02:10.613947: val_loss 0.5924
2026-01-03 14:02:10.620974: val classification accuracy 0.7
2026-01-03 14:02:10.624188: val auc 0.79
2026-01-03 14:02:10.669650: Epoch time: 38.73 s
2026-01-03 14:02:11.403796: 
2026-01-03 14:02:11.407099: Epoch 39
2026-01-03 14:02:11.409568: Current learning rate: 0.00882
2026-01-03 14:02:48.827424: train_loss 0.6142
2026-01-03 14:02:48.831850: val_loss 0.5718
2026-01-03 14:02:48.834960: val classification accuracy 0.675
2026-01-03 14:02:48.837758: val auc 0.8138
2026-01-03 14:02:48.840554: Epoch time: 37.42 s
2026-01-03 14:02:51.479860: Saved periodic checkpoint /hpf/projects/jquon/sumin/nnUNet_data/nnUNet_results/Dataset033_AVM_T1+C/SEResNetTrainer_ep300_NoMirroring_x2__nnUNetResEncUNetLPlans__3d_fullres/fold_1/checkpoint_every20_best_balacc.pth at epoch 39 with val_balanced_accuracy=0.6750
2026-01-03 14:02:53.439235: Saved periodic checkpoint /hpf/projects/jquon/sumin/nnUNet_data/nnUNet_results/Dataset033_AVM_T1+C/SEResNetTrainer_ep300_NoMirroring_x2__nnUNetResEncUNetLPlans__3d_fullres/fold_1/checkpoint_every20_best_auroc.pth at epoch 39 with val_auc=0.8137
2026-01-03 14:02:54.114823: 
2026-01-03 14:02:54.117661: Epoch 40
2026-01-03 14:02:54.119788: Current learning rate: 0.00879
2026-01-03 14:03:29.991889: train_loss 0.599
2026-01-03 14:03:30.021780: val_loss 0.7122
2026-01-03 14:03:30.024326: val classification accuracy 0.675
2026-01-03 14:03:30.026838: val auc 0.7325
2026-01-03 14:03:30.029475: Epoch time: 35.88 s
2026-01-03 14:03:30.775772: 
2026-01-03 14:03:30.778973: Epoch 41
2026-01-03 14:03:30.781366: Current learning rate: 0.00876
2026-01-03 14:04:06.451761: train_loss 0.6273
2026-01-03 14:04:06.474576: val_loss 0.6754
2026-01-03 14:04:06.477341: val classification accuracy 0.65
2026-01-03 14:04:06.479705: val auc 0.7525
2026-01-03 14:04:06.482306: Epoch time: 35.68 s
2026-01-03 14:04:07.224885: 
2026-01-03 14:04:07.227911: Epoch 42
2026-01-03 14:04:07.230168: Current learning rate: 0.00873
2026-01-03 14:04:47.981598: train_loss 0.6574
2026-01-03 14:04:47.996763: val_loss 0.6633
2026-01-03 14:04:48.008290: val classification accuracy 0.575
2026-01-03 14:04:48.011076: val auc 0.6788
2026-01-03 14:04:48.013819: Epoch time: 40.76 s
2026-01-03 14:04:48.758673: 
2026-01-03 14:04:48.761825: Epoch 43
2026-01-03 14:04:48.764069: Current learning rate: 0.0087
2026-01-03 14:05:28.079173: train_loss 0.6486
2026-01-03 14:05:28.090019: val_loss 0.5875
2026-01-03 14:05:28.093652: val classification accuracy 0.725
2026-01-03 14:05:28.096605: val auc 0.7975
2026-01-03 14:05:28.099822: Epoch time: 39.32 s
2026-01-03 14:05:28.897874: 
2026-01-03 14:05:28.901117: Epoch 44
2026-01-03 14:05:28.903437: Current learning rate: 0.00867
2026-01-03 14:06:07.684812: train_loss 0.6315
2026-01-03 14:06:07.697790: val_loss 0.6201
2026-01-03 14:06:07.704328: val classification accuracy 0.7
2026-01-03 14:06:07.707715: val auc 0.7475
2026-01-03 14:06:07.710630: Epoch time: 38.79 s
2026-01-03 14:06:08.535757: 
2026-01-03 14:06:08.539027: Epoch 45
2026-01-03 14:06:08.541412: Current learning rate: 0.00864
2026-01-03 14:06:49.678137: train_loss 0.635
2026-01-03 14:06:49.687802: val_loss 0.7155
2026-01-03 14:06:49.690550: val classification accuracy 0.65
2026-01-03 14:06:49.709723: val auc 0.69
2026-01-03 14:06:49.712787: Epoch time: 41.14 s
2026-01-03 14:06:50.459015: 
2026-01-03 14:06:50.462594: Epoch 46
2026-01-03 14:06:50.464971: Current learning rate: 0.00861
2026-01-03 14:07:29.969124: train_loss 0.6535
2026-01-03 14:07:29.974118: val_loss 0.5885
2026-01-03 14:07:29.977034: val classification accuracy 0.675
2026-01-03 14:07:29.993590: val auc 0.7825
2026-01-03 14:07:29.997456: Epoch time: 39.51 s
2026-01-03 14:07:30.717382: 
2026-01-03 14:07:30.720728: Epoch 47
2026-01-03 14:07:30.723081: Current learning rate: 0.00858
2026-01-03 14:08:07.606014: train_loss 0.5994
2026-01-03 14:08:07.610693: val_loss 0.7759
2026-01-03 14:08:07.613469: val classification accuracy 0.525
2026-01-03 14:08:07.617822: val auc 0.6925
2026-01-03 14:08:07.620284: Epoch time: 36.89 s
2026-01-03 14:08:08.376259: 
2026-01-03 14:08:08.379242: Epoch 48
2026-01-03 14:08:08.381699: Current learning rate: 0.00855
2026-01-03 14:08:47.096559: train_loss 0.614
2026-01-03 14:08:47.100861: val_loss 0.6202
2026-01-03 14:08:47.103672: val classification accuracy 0.6
2026-01-03 14:08:47.106351: val auc 0.725
2026-01-03 14:08:47.108901: Epoch time: 38.72 s
2026-01-03 14:08:48.371300: 
2026-01-03 14:08:48.374426: Epoch 49
2026-01-03 14:08:48.376802: Current learning rate: 0.00852
2026-01-03 14:09:28.147275: train_loss 0.6081
2026-01-03 14:09:28.155225: val_loss 0.5559
2026-01-03 14:09:28.161995: val classification accuracy 0.725
2026-01-03 14:09:28.164771: val auc 0.7925
2026-01-03 14:09:28.167765: Epoch time: 39.78 s
2026-01-03 14:09:28.897827: 
2026-01-03 14:09:28.902266: Epoch 50
2026-01-03 14:09:28.905257: Current learning rate: 0.00849
2026-01-03 14:10:06.184865: train_loss 0.5895
2026-01-03 14:10:06.212662: val_loss 0.7698
2026-01-03 14:10:06.215628: val classification accuracy 0.7
2026-01-03 14:10:06.218245: val auc 0.7025
2026-01-03 14:10:06.220852: Epoch time: 37.29 s
2026-01-03 14:10:06.941438: 
2026-01-03 14:10:06.944373: Epoch 51
2026-01-03 14:10:06.947110: Current learning rate: 0.00846
2026-01-03 14:10:44.562813: train_loss 0.6356
2026-01-03 14:10:44.582960: val_loss 0.5992
2026-01-03 14:10:44.600100: val classification accuracy 0.625
2026-01-03 14:10:44.606314: val auc 0.7475
2026-01-03 14:10:44.619445: Epoch time: 37.62 s
2026-01-03 14:10:45.366981: 
2026-01-03 14:10:45.370270: Epoch 52
2026-01-03 14:10:45.372808: Current learning rate: 0.00843
2026-01-03 14:11:26.781051: train_loss 0.631
2026-01-03 14:11:26.786518: val_loss 0.6585
2026-01-03 14:11:26.789186: val classification accuracy 0.675
2026-01-03 14:11:26.791837: val auc 0.755
2026-01-03 14:11:26.794726: Epoch time: 41.42 s
2026-01-03 14:11:27.570041: 
2026-01-03 14:11:27.573165: Epoch 53
2026-01-03 14:11:27.575593: Current learning rate: 0.00839
2026-01-03 14:12:07.618819: train_loss 0.6238
2026-01-03 14:12:07.625335: val_loss 0.741
2026-01-03 14:12:07.628809: val classification accuracy 0.575
2026-01-03 14:12:07.631270: val auc 0.6875
2026-01-03 14:12:07.633684: Epoch time: 40.05 s
2026-01-03 14:12:08.382629: 
2026-01-03 14:12:08.386219: Epoch 54
2026-01-03 14:12:08.388639: Current learning rate: 0.00836
2026-01-03 14:12:46.864037: train_loss 0.6121
2026-01-03 14:12:46.868370: val_loss 0.7593
2026-01-03 14:12:46.871509: val classification accuracy 0.675
2026-01-03 14:12:46.874551: val auc 0.7762
2026-01-03 14:12:46.877332: Epoch time: 38.48 s
2026-01-03 14:12:47.629277: 
2026-01-03 14:12:47.632624: Epoch 55
2026-01-03 14:12:47.635430: Current learning rate: 0.00833
2026-01-03 14:13:26.205121: train_loss 0.6531
2026-01-03 14:13:26.227824: val_loss 0.5542
2026-01-03 14:13:26.251562: val classification accuracy 0.725
2026-01-03 14:13:26.256421: val auc 0.86
2026-01-03 14:13:26.264170: Epoch time: 38.58 s
2026-01-03 14:13:26.984908: 
2026-01-03 14:13:26.987903: Epoch 56
2026-01-03 14:13:26.990393: Current learning rate: 0.0083
2026-01-03 14:14:02.902110: train_loss 0.6354
2026-01-03 14:14:02.906361: val_loss 0.5253
2026-01-03 14:14:02.908910: val classification accuracy 0.75
2026-01-03 14:14:02.911489: val auc 0.8475
2026-01-03 14:14:02.914051: Epoch time: 35.92 s
2026-01-03 14:14:03.669753: 
2026-01-03 14:14:03.681052: Epoch 57
2026-01-03 14:14:03.683621: Current learning rate: 0.00827
2026-01-03 14:14:43.716082: train_loss 0.6291
2026-01-03 14:14:43.720317: val_loss 0.6554
2026-01-03 14:14:43.723091: val classification accuracy 0.55
2026-01-03 14:14:43.725857: val auc 0.7125
2026-01-03 14:14:43.728425: Epoch time: 40.05 s
2026-01-03 14:14:44.458304: 
2026-01-03 14:14:44.461369: Epoch 58
2026-01-03 14:14:44.463707: Current learning rate: 0.00824
2026-01-03 14:15:23.673854: train_loss 0.6411
2026-01-03 14:15:23.678212: val_loss 0.5367
2026-01-03 14:15:23.681161: val classification accuracy 0.775
2026-01-03 14:15:23.685899: val auc 0.86
2026-01-03 14:15:23.689658: Epoch time: 39.22 s
2026-01-03 14:15:23.692497: Yayy! New best classification accuracy: 0.775
2026-01-03 14:15:26.938011: 
2026-01-03 14:15:26.941241: Epoch 59
2026-01-03 14:15:26.943588: Current learning rate: 0.00821
2026-01-03 14:16:09.018855: train_loss 0.5879
2026-01-03 14:16:09.023068: val_loss 0.4258
2026-01-03 14:16:09.025840: val classification accuracy 0.8
2026-01-03 14:16:09.028751: val auc 0.9025
2026-01-03 14:16:09.031591: Epoch time: 42.08 s
2026-01-03 14:16:11.658519: Saved periodic checkpoint /hpf/projects/jquon/sumin/nnUNet_data/nnUNet_results/Dataset033_AVM_T1+C/SEResNetTrainer_ep300_NoMirroring_x2__nnUNetResEncUNetLPlans__3d_fullres/fold_1/checkpoint_every20_best_balacc.pth at epoch 59 with val_balanced_accuracy=0.8000
2026-01-03 14:16:13.510307: Saved periodic checkpoint /hpf/projects/jquon/sumin/nnUNet_data/nnUNet_results/Dataset033_AVM_T1+C/SEResNetTrainer_ep300_NoMirroring_x2__nnUNetResEncUNetLPlans__3d_fullres/fold_1/checkpoint_every20_best_auroc.pth at epoch 59 with val_auc=0.9025
2026-01-03 14:16:13.513939: Yayy! New best EMA pseudo Dice: 0.9025
2026-01-03 14:16:15.980560: Yayy! New best classification accuracy: 0.8
2026-01-03 14:16:18.299747: 
2026-01-03 14:16:18.303674: Epoch 60
2026-01-03 14:16:18.306630: Current learning rate: 0.00818
2026-01-03 14:16:57.905079: train_loss 0.5715
2026-01-03 14:16:57.909383: val_loss 0.633
2026-01-03 14:16:57.912238: val classification accuracy 0.75
2026-01-03 14:16:57.914855: val auc 0.8025
2026-01-03 14:16:57.917688: Epoch time: 39.61 s
2026-01-03 14:16:58.652295: 
2026-01-03 14:16:58.658171: Epoch 61
2026-01-03 14:16:58.660654: Current learning rate: 0.00815
2026-01-03 14:17:37.971447: train_loss 0.6172
2026-01-03 14:17:37.975455: val_loss 0.6269
2026-01-03 14:17:37.978142: val classification accuracy 0.8
2026-01-03 14:17:37.985821: val auc 0.8075
2026-01-03 14:17:37.988603: Epoch time: 39.32 s
2026-01-03 14:17:38.714607: 
2026-01-03 14:17:38.717869: Epoch 62
2026-01-03 14:17:38.720163: Current learning rate: 0.00812
2026-01-03 14:18:18.041079: train_loss 0.5864
2026-01-03 14:18:18.046318: val_loss 0.5664
2026-01-03 14:18:18.049124: val classification accuracy 0.625
2026-01-03 14:18:18.052095: val auc 0.7775
2026-01-03 14:18:18.054990: Epoch time: 39.33 s
2026-01-03 14:18:19.410720: 
2026-01-03 14:18:19.414443: Epoch 63
2026-01-03 14:18:19.416883: Current learning rate: 0.00809
2026-01-03 14:18:58.380322: train_loss 0.6433
2026-01-03 14:18:58.384722: val_loss 0.8567
2026-01-03 14:18:58.387640: val classification accuracy 0.65
2026-01-03 14:18:58.389978: val auc 0.645
2026-01-03 14:18:58.392741: Epoch time: 38.97 s
2026-01-03 14:18:59.167459: 
2026-01-03 14:18:59.170849: Epoch 64
2026-01-03 14:18:59.173301: Current learning rate: 0.00806
2026-01-03 14:19:38.646653: train_loss 0.6142
2026-01-03 14:19:38.652253: val_loss 0.8591
2026-01-03 14:19:38.655624: val classification accuracy 0.625
2026-01-03 14:19:38.658129: val auc 0.6625
2026-01-03 14:19:38.660603: Epoch time: 39.48 s
2026-01-03 14:19:39.407470: 
2026-01-03 14:19:39.411288: Epoch 65
2026-01-03 14:19:39.413723: Current learning rate: 0.00803
2026-01-03 14:20:17.136479: train_loss 0.6119
2026-01-03 14:20:17.143965: val_loss 0.7954
2026-01-03 14:20:17.147074: val classification accuracy 0.675
2026-01-03 14:20:17.150601: val auc 0.72
2026-01-03 14:20:17.153639: Epoch time: 37.73 s
2026-01-03 14:20:17.880975: 
2026-01-03 14:20:17.884235: Epoch 66
2026-01-03 14:20:17.886864: Current learning rate: 0.008
2026-01-03 14:20:58.230228: train_loss 0.6329
2026-01-03 14:20:58.237013: val_loss 0.4897
2026-01-03 14:20:58.241770: val classification accuracy 0.825
2026-01-03 14:20:58.254488: val auc 0.8625
2026-01-03 14:20:58.257233: Epoch time: 40.35 s
2026-01-03 14:20:58.263814: Yayy! New best classification accuracy: 0.825
2026-01-03 14:21:01.598608: 
2026-01-03 14:21:01.601852: Epoch 67
2026-01-03 14:21:01.604220: Current learning rate: 0.00797
2026-01-03 14:21:39.087972: train_loss 0.6245
2026-01-03 14:21:39.108851: val_loss 0.6615
2026-01-03 14:21:39.112369: val classification accuracy 0.625
2026-01-03 14:21:39.123374: val auc 0.6788
2026-01-03 14:21:39.127963: Epoch time: 37.49 s
2026-01-03 14:21:39.896369: 
2026-01-03 14:21:39.904312: Epoch 68
2026-01-03 14:21:39.907006: Current learning rate: 0.00793
2026-01-03 14:22:18.562843: train_loss 0.6047
2026-01-03 14:22:18.567559: val_loss 0.419
2026-01-03 14:22:18.570287: val classification accuracy 0.8
2026-01-03 14:22:18.572920: val auc 0.9025
2026-01-03 14:22:18.575598: Epoch time: 38.67 s
2026-01-03 14:22:18.577933: Yayy! New best EMA pseudo Dice: 0.9025
2026-01-03 14:22:21.741171: 
2026-01-03 14:22:21.744780: Epoch 69
2026-01-03 14:22:21.747236: Current learning rate: 0.0079
2026-01-03 14:22:58.670810: train_loss 0.6105
2026-01-03 14:22:58.743997: val_loss 0.5548
2026-01-03 14:22:58.774666: val classification accuracy 0.725
2026-01-03 14:22:58.777728: val auc 0.87
2026-01-03 14:22:58.783071: Epoch time: 36.93 s
2026-01-03 14:22:59.493928: 
2026-01-03 14:22:59.497498: Epoch 70
2026-01-03 14:22:59.499958: Current learning rate: 0.00787
2026-01-03 14:23:38.572042: train_loss 0.6171
2026-01-03 14:23:38.576882: val_loss 0.5059
2026-01-03 14:23:38.581258: val classification accuracy 0.65
2026-01-03 14:23:38.584043: val auc 0.8675
2026-01-03 14:23:38.586742: Epoch time: 39.08 s
2026-01-03 14:23:39.342514: 
2026-01-03 14:23:39.345973: Epoch 71
2026-01-03 14:23:39.348610: Current learning rate: 0.00784
2026-01-03 14:24:21.304027: train_loss 0.6122
2026-01-03 14:24:21.348913: val_loss 0.8517
2026-01-03 14:24:21.353041: val classification accuracy 0.675
2026-01-03 14:24:21.357260: val auc 0.665
2026-01-03 14:24:21.360379: Epoch time: 41.96 s
2026-01-03 14:24:22.092094: 
2026-01-03 14:24:22.095696: Epoch 72
2026-01-03 14:24:22.098162: Current learning rate: 0.00781
2026-01-03 14:25:02.889745: train_loss 0.584
2026-01-03 14:25:02.953248: val_loss 0.5737
2026-01-03 14:25:02.956592: val classification accuracy 0.7
2026-01-03 14:25:02.959753: val auc 0.8075
2026-01-03 14:25:02.963337: Epoch time: 40.8 s
2026-01-03 14:25:03.720213: 
2026-01-03 14:25:03.723857: Epoch 73
2026-01-03 14:25:03.726739: Current learning rate: 0.00778
2026-01-03 14:25:45.280009: train_loss 0.6105
2026-01-03 14:25:45.285085: val_loss 0.705
2026-01-03 14:25:45.288166: val classification accuracy 0.625
2026-01-03 14:25:45.291033: val auc 0.6775
2026-01-03 14:25:45.293905: Epoch time: 41.56 s
2026-01-03 14:25:46.034055: 
2026-01-03 14:25:46.037606: Epoch 74
2026-01-03 14:25:46.040078: Current learning rate: 0.00775
2026-01-03 14:26:24.442864: train_loss 0.6014
2026-01-03 14:26:24.449396: val_loss 0.6236
2026-01-03 14:26:24.452305: val classification accuracy 0.725
2026-01-03 14:26:24.472255: val auc 0.765
2026-01-03 14:26:24.489947: Epoch time: 38.41 s
2026-01-03 14:26:25.188087: 
2026-01-03 14:26:25.192022: Epoch 75
2026-01-03 14:26:25.194796: Current learning rate: 0.00772
2026-01-03 14:27:06.145100: train_loss 0.6335
2026-01-03 14:27:06.161319: val_loss 0.6132
2026-01-03 14:27:06.164156: val classification accuracy 0.625
2026-01-03 14:27:06.191266: val auc 0.7537
2026-01-03 14:27:06.194319: Epoch time: 40.96 s
2026-01-03 14:27:07.541372: 
2026-01-03 14:27:07.545161: Epoch 76
2026-01-03 14:27:07.547835: Current learning rate: 0.00769
2026-01-03 14:27:44.046613: train_loss 0.6027
2026-01-03 14:27:44.051678: val_loss 0.7851
2026-01-03 14:27:44.054434: val classification accuracy 0.55
2026-01-03 14:27:44.057318: val auc 0.625
2026-01-03 14:27:44.060035: Epoch time: 36.51 s
2026-01-03 14:27:44.786448: 
2026-01-03 14:27:44.790191: Epoch 77
2026-01-03 14:27:44.792748: Current learning rate: 0.00766
2026-01-03 14:28:24.828733: train_loss 0.5653
2026-01-03 14:28:24.842300: val_loss 0.6481
2026-01-03 14:28:24.844838: val classification accuracy 0.775
2026-01-03 14:28:24.848070: val auc 0.7575
2026-01-03 14:28:24.851069: Epoch time: 40.04 s
2026-01-03 14:28:25.575854: 
2026-01-03 14:28:25.579565: Epoch 78
2026-01-03 14:28:25.582106: Current learning rate: 0.00763
2026-01-03 14:29:06.167841: train_loss 0.613
2026-01-03 14:29:06.186958: val_loss 0.8207
2026-01-03 14:29:06.200566: val classification accuracy 0.575
2026-01-03 14:29:06.203616: val auc 0.575
2026-01-03 14:29:06.206290: Epoch time: 40.59 s
2026-01-03 14:29:06.951278: 
2026-01-03 14:29:06.954316: Epoch 79
2026-01-03 14:29:06.956938: Current learning rate: 0.0076
2026-01-03 14:29:45.358381: train_loss 0.5708
2026-01-03 14:29:45.362481: val_loss 0.5788
2026-01-03 14:29:45.366285: val classification accuracy 0.675
2026-01-03 14:29:45.380234: val auc 0.8
2026-01-03 14:29:45.382801: Epoch time: 38.41 s
2026-01-03 14:29:46.119101: 
2026-01-03 14:29:46.122326: Epoch 80
2026-01-03 14:29:46.124594: Current learning rate: 0.00756
2026-01-03 14:30:25.702892: train_loss 0.5958
2026-01-03 14:30:25.736953: val_loss 0.5373
2026-01-03 14:30:25.739799: val classification accuracy 0.7
2026-01-03 14:30:25.742719: val auc 0.845
2026-01-03 14:30:25.745649: Epoch time: 39.59 s
2026-01-03 14:30:26.522362: 
2026-01-03 14:30:26.525679: Epoch 81
2026-01-03 14:30:26.528051: Current learning rate: 0.00753
2026-01-03 14:31:07.793018: train_loss 0.5962
2026-01-03 14:31:07.798548: val_loss 0.6143
2026-01-03 14:31:07.801302: val classification accuracy 0.7
2026-01-03 14:31:07.804001: val auc 0.785
2026-01-03 14:31:07.824191: Epoch time: 41.27 s
2026-01-03 14:31:08.569904: 
2026-01-03 14:31:08.573102: Epoch 82
2026-01-03 14:31:08.575616: Current learning rate: 0.0075
2026-01-03 14:31:49.888947: train_loss 0.597
2026-01-03 14:31:49.894924: val_loss 0.5454
2026-01-03 14:31:49.897741: val classification accuracy 0.7
2026-01-03 14:31:49.900471: val auc 0.8125
2026-01-03 14:31:49.903701: Epoch time: 41.32 s
2026-01-03 14:31:50.657179: 
2026-01-03 14:31:50.660614: Epoch 83
2026-01-03 14:31:50.663085: Current learning rate: 0.00747
2026-01-03 14:32:31.592507: train_loss 0.5953
2026-01-03 14:32:31.596971: val_loss 0.6763
2026-01-03 14:32:31.599587: val classification accuracy 0.675
2026-01-03 14:32:31.602431: val auc 0.7663
2026-01-03 14:32:31.605294: Epoch time: 40.94 s
2026-01-03 14:32:32.389313: 
2026-01-03 14:32:32.392561: Epoch 84
2026-01-03 14:32:32.394902: Current learning rate: 0.00744
2026-01-03 14:33:12.756022: train_loss 0.5478
2026-01-03 14:33:12.761446: val_loss 0.4009
2026-01-03 14:33:12.777625: val classification accuracy 0.825
2026-01-03 14:33:12.780559: val auc 0.89
2026-01-03 14:33:12.782933: Epoch time: 40.37 s
2026-01-03 14:33:13.515440: 
2026-01-03 14:33:13.518413: Epoch 85
2026-01-03 14:33:13.520982: Current learning rate: 0.00741
2026-01-03 14:33:52.747654: train_loss 0.632
2026-01-03 14:33:52.764125: val_loss 0.5552
2026-01-03 14:33:52.766728: val classification accuracy 0.7
2026-01-03 14:33:52.769552: val auc 0.86
2026-01-03 14:33:52.772645: Epoch time: 39.23 s
2026-01-03 14:33:53.538445: 
2026-01-03 14:33:53.541608: Epoch 86
2026-01-03 14:33:53.543893: Current learning rate: 0.00738
2026-01-03 14:34:32.345283: train_loss 0.5777
2026-01-03 14:34:32.350178: val_loss 0.7414
2026-01-03 14:34:32.353004: val classification accuracy 0.65
2026-01-03 14:34:32.355774: val auc 0.715
2026-01-03 14:34:32.359034: Epoch time: 38.81 s
2026-01-03 14:34:33.089102: 
2026-01-03 14:34:33.092528: Epoch 87
2026-01-03 14:34:33.095137: Current learning rate: 0.00735
2026-01-03 14:35:12.458687: train_loss 0.6233
2026-01-03 14:35:12.463246: val_loss 0.522
2026-01-03 14:35:12.466257: val classification accuracy 0.775
2026-01-03 14:35:12.468822: val auc 0.8538
2026-01-03 14:35:12.471430: Epoch time: 39.37 s
2026-01-03 14:35:13.188976: 
2026-01-03 14:35:13.192213: Epoch 88
2026-01-03 14:35:13.194752: Current learning rate: 0.00732
2026-01-03 14:35:53.266932: train_loss 0.5584
2026-01-03 14:35:53.271757: val_loss 0.739
2026-01-03 14:35:53.274227: val classification accuracy 0.8
2026-01-03 14:35:53.277077: val auc 0.8762
2026-01-03 14:35:53.279694: Epoch time: 40.08 s
2026-01-03 14:35:54.027057: 
2026-01-03 14:35:54.030320: Epoch 89
2026-01-03 14:35:54.032802: Current learning rate: 0.00729
2026-01-03 14:36:32.368951: train_loss 0.5893
2026-01-03 14:36:32.373028: val_loss 0.5498
2026-01-03 14:36:32.375525: val classification accuracy 0.725
2026-01-03 14:36:32.378061: val auc 0.8288
2026-01-03 14:36:32.381127: Epoch time: 38.34 s
2026-01-03 14:36:33.692481: 
2026-01-03 14:36:33.695899: Epoch 90
2026-01-03 14:36:33.698533: Current learning rate: 0.00725
2026-01-03 14:37:12.005370: train_loss 0.6173
2026-01-03 14:37:12.010315: val_loss 0.5396
2026-01-03 14:37:12.013179: val classification accuracy 0.825
2026-01-03 14:37:12.019299: val auc 0.85
2026-01-03 14:37:12.022752: Epoch time: 38.31 s
2026-01-03 14:37:12.734917: 
2026-01-03 14:37:12.738400: Epoch 91
2026-01-03 14:37:12.740774: Current learning rate: 0.00722
2026-01-03 14:37:50.773925: train_loss 0.6262
2026-01-03 14:37:50.779250: val_loss 0.5904
2026-01-03 14:37:50.782062: val classification accuracy 0.7
2026-01-03 14:37:50.784614: val auc 0.79
2026-01-03 14:37:50.787010: Epoch time: 38.04 s
2026-01-03 14:37:51.540007: 
2026-01-03 14:37:51.543416: Epoch 92
2026-01-03 14:37:51.546038: Current learning rate: 0.00719
2026-01-03 14:38:29.640065: train_loss 0.5558
2026-01-03 14:38:29.652704: val_loss 0.6619
2026-01-03 14:38:29.684395: val classification accuracy 0.725
2026-01-03 14:38:29.688005: val auc 0.7975
2026-01-03 14:38:29.691198: Epoch time: 38.1 s
2026-01-03 14:38:30.421573: 
2026-01-03 14:38:30.425091: Epoch 93
2026-01-03 14:38:30.427436: Current learning rate: 0.00716
2026-01-03 14:39:08.956628: train_loss 0.5818
2026-01-03 14:39:08.998808: val_loss 0.5795
2026-01-03 14:39:09.002051: val classification accuracy 0.675
2026-01-03 14:39:09.005405: val auc 0.7875
2026-01-03 14:39:09.008353: Epoch time: 38.54 s
2026-01-03 14:39:09.755863: 
2026-01-03 14:39:09.759308: Epoch 94
2026-01-03 14:39:09.761857: Current learning rate: 0.00713
2026-01-03 14:39:47.582018: train_loss 0.6122
2026-01-03 14:39:47.586592: val_loss 0.4863
2026-01-03 14:39:47.589509: val classification accuracy 0.825
2026-01-03 14:39:47.592153: val auc 0.91
2026-01-03 14:39:47.594890: Epoch time: 37.83 s
2026-01-03 14:39:47.597321: Yayy! New best EMA pseudo Dice: 0.91
2026-01-03 14:39:50.900185: 
2026-01-03 14:39:50.903394: Epoch 95
2026-01-03 14:39:50.906140: Current learning rate: 0.0071
2026-01-03 14:40:30.331459: train_loss 0.5356
2026-01-03 14:40:30.336197: val_loss 0.6913
2026-01-03 14:40:30.339295: val classification accuracy 0.725
2026-01-03 14:40:30.342446: val auc 0.805
2026-01-03 14:40:30.345321: Epoch time: 39.43 s
2026-01-03 14:40:31.076535: 
2026-01-03 14:40:31.079914: Epoch 96
2026-01-03 14:40:31.082498: Current learning rate: 0.00707
2026-01-03 14:41:06.100809: train_loss 0.5775
2026-01-03 14:41:06.105695: val_loss 0.591
2026-01-03 14:41:06.108601: val classification accuracy 0.55
2026-01-03 14:41:06.111219: val auc 0.835
2026-01-03 14:41:06.113686: Epoch time: 35.03 s
2026-01-03 14:41:06.931981: 
2026-01-03 14:41:06.935157: Epoch 97
2026-01-03 14:41:06.937769: Current learning rate: 0.00704
2026-01-03 14:41:46.585970: train_loss 0.5793
2026-01-03 14:41:46.589918: val_loss 0.5186
2026-01-03 14:41:46.592522: val classification accuracy 0.775
2026-01-03 14:41:46.595160: val auc 0.8588
2026-01-03 14:41:46.597717: Epoch time: 39.66 s
2026-01-03 14:41:47.301286: 
2026-01-03 14:41:47.304502: Epoch 98
2026-01-03 14:41:47.307136: Current learning rate: 0.007
2026-01-03 14:42:27.354759: train_loss 0.5758
2026-01-03 14:42:27.359725: val_loss 0.4435
2026-01-03 14:42:27.362305: val classification accuracy 0.775
2026-01-03 14:42:27.364862: val auc 0.88
2026-01-03 14:42:27.367863: Epoch time: 40.05 s
2026-01-03 14:42:28.139851: 
2026-01-03 14:42:28.143085: Epoch 99
2026-01-03 14:42:28.145380: Current learning rate: 0.00697
2026-01-03 14:43:08.238122: train_loss 0.5845
2026-01-03 14:43:08.245244: val_loss 0.4408
2026-01-03 14:43:08.248065: val classification accuracy 0.825
2026-01-03 14:43:08.251617: val auc 0.9175
2026-01-03 14:43:08.254573: Epoch time: 40.1 s
2026-01-03 14:43:10.716628: Saved periodic checkpoint /hpf/projects/jquon/sumin/nnUNet_data/nnUNet_results/Dataset033_AVM_T1+C/SEResNetTrainer_ep300_NoMirroring_x2__nnUNetResEncUNetLPlans__3d_fullres/fold_1/checkpoint_every20_best_balacc.pth at epoch 99 with val_balanced_accuracy=0.8250
2026-01-03 14:43:12.615412: Saved periodic checkpoint /hpf/projects/jquon/sumin/nnUNet_data/nnUNet_results/Dataset033_AVM_T1+C/SEResNetTrainer_ep300_NoMirroring_x2__nnUNetResEncUNetLPlans__3d_fullres/fold_1/checkpoint_every20_best_auroc.pth at epoch 99 with val_auc=0.9175
2026-01-03 14:43:12.619063: Yayy! New best EMA pseudo Dice: 0.9175
2026-01-03 14:43:15.707064: 
2026-01-03 14:43:15.710137: Epoch 100
2026-01-03 14:43:15.712521: Current learning rate: 0.00694
2026-01-03 14:43:54.086335: train_loss 0.6076
2026-01-03 14:43:54.090788: val_loss 0.7504
2026-01-03 14:43:54.094147: val classification accuracy 0.7
2026-01-03 14:43:54.097055: val auc 0.7025
2026-01-03 14:43:54.100303: Epoch time: 38.38 s
2026-01-03 14:43:54.849456: 
2026-01-03 14:43:54.866675: Epoch 101
2026-01-03 14:43:54.869462: Current learning rate: 0.00691
2026-01-03 14:44:36.698299: train_loss 0.6029
2026-01-03 14:44:36.722503: val_loss 0.4122
2026-01-03 14:44:36.725459: val classification accuracy 0.825
2026-01-03 14:44:36.731699: val auc 0.9125
2026-01-03 14:44:36.734681: Epoch time: 41.85 s
2026-01-03 14:44:37.518932: 
2026-01-03 14:44:37.522136: Epoch 102
2026-01-03 14:44:37.524462: Current learning rate: 0.00688
2026-01-03 14:45:21.048153: train_loss 0.57
2026-01-03 14:45:21.054105: val_loss 0.7872
2026-01-03 14:45:21.056840: val classification accuracy 0.575
2026-01-03 14:45:21.060192: val auc 0.6075
2026-01-03 14:45:21.065559: Epoch time: 43.53 s
2026-01-03 14:45:21.836768: 
2026-01-03 14:45:21.840077: Epoch 103
2026-01-03 14:45:21.842444: Current learning rate: 0.00685
2026-01-03 14:46:01.005036: train_loss 0.6427
2026-01-03 14:46:01.019454: val_loss 0.5928
2026-01-03 14:46:01.022528: val classification accuracy 0.625
2026-01-03 14:46:01.025496: val auc 0.7562
2026-01-03 14:46:01.028346: Epoch time: 39.17 s
2026-01-03 14:46:01.763949: 
2026-01-03 14:46:01.767233: Epoch 104
2026-01-03 14:46:01.769885: Current learning rate: 0.00682
2026-01-03 14:46:40.666013: train_loss 0.6248
2026-01-03 14:46:40.675542: val_loss 0.5487
2026-01-03 14:46:40.678392: val classification accuracy 0.725
2026-01-03 14:46:40.681318: val auc 0.8375
2026-01-03 14:46:40.683846: Epoch time: 38.9 s
2026-01-03 14:46:41.446948: 
2026-01-03 14:46:41.450257: Epoch 105
2026-01-03 14:46:41.452782: Current learning rate: 0.00679
2026-01-03 14:47:22.344216: train_loss 0.5845
2026-01-03 14:47:22.383166: val_loss 0.6098
2026-01-03 14:47:22.391571: val classification accuracy 0.725
2026-01-03 14:47:22.451048: val auc 0.7625
2026-01-03 14:47:22.456978: Epoch time: 40.9 s
2026-01-03 14:47:23.246538: 
2026-01-03 14:47:23.249901: Epoch 106
2026-01-03 14:47:23.252629: Current learning rate: 0.00675
2026-01-03 14:48:05.186803: train_loss 0.5888
2026-01-03 14:48:05.190900: val_loss 0.4514
2026-01-03 14:48:05.193418: val classification accuracy 0.875
2026-01-03 14:48:05.196147: val auc 0.9
2026-01-03 14:48:05.215030: Epoch time: 41.94 s
2026-01-03 14:48:05.217974: Yayy! New best classification accuracy: 0.875
2026-01-03 14:48:08.619941: 
2026-01-03 14:48:08.623261: Epoch 107
2026-01-03 14:48:08.625761: Current learning rate: 0.00672
2026-01-03 14:48:44.959680: train_loss 0.5615
2026-01-03 14:48:44.963649: val_loss 0.6138
2026-01-03 14:48:44.966258: val classification accuracy 0.8
2026-01-03 14:48:44.968816: val auc 0.8175
2026-01-03 14:48:44.971165: Epoch time: 36.34 s
2026-01-03 14:48:45.738827: 
2026-01-03 14:48:45.741955: Epoch 108
2026-01-03 14:48:45.744340: Current learning rate: 0.00669
2026-01-03 14:49:23.710133: train_loss 0.5706
2026-01-03 14:49:23.715264: val_loss 0.6062
2026-01-03 14:49:23.718381: val classification accuracy 0.75
2026-01-03 14:49:23.723419: val auc 0.8125
2026-01-03 14:49:23.726999: Epoch time: 37.97 s
2026-01-03 14:49:24.478562: 
2026-01-03 14:49:24.481987: Epoch 109
2026-01-03 14:49:24.484421: Current learning rate: 0.00666
2026-01-03 14:50:04.810231: train_loss 0.5725
2026-01-03 14:50:04.823799: val_loss 0.5841
2026-01-03 14:50:04.837093: val classification accuracy 0.7
2026-01-03 14:50:04.855180: val auc 0.7812
2026-01-03 14:50:04.858253: Epoch time: 40.33 s
2026-01-03 14:50:05.601942: 
2026-01-03 14:50:05.605288: Epoch 110
2026-01-03 14:50:05.608049: Current learning rate: 0.00663
2026-01-03 14:50:45.681437: train_loss 0.57
2026-01-03 14:50:45.696637: val_loss 0.6219
2026-01-03 14:50:45.699917: val classification accuracy 0.8
2026-01-03 14:50:45.704579: val auc 0.7575
2026-01-03 14:50:45.716949: Epoch time: 40.08 s
2026-01-03 14:50:46.434026: 
2026-01-03 14:50:46.437580: Epoch 111
2026-01-03 14:50:46.440238: Current learning rate: 0.0066
2026-01-03 14:51:24.888171: train_loss 0.6116
2026-01-03 14:51:24.924293: val_loss 0.5531
2026-01-03 14:51:24.927410: val classification accuracy 0.725
2026-01-03 14:51:24.930488: val auc 0.8388
2026-01-03 14:51:24.933433: Epoch time: 38.46 s
2026-01-03 14:51:25.702882: 
2026-01-03 14:51:25.706361: Epoch 112
2026-01-03 14:51:25.708867: Current learning rate: 0.00657
2026-01-03 14:52:02.700155: train_loss 0.55
2026-01-03 14:52:02.704894: val_loss 0.5543
2026-01-03 14:52:02.707750: val classification accuracy 0.65
2026-01-03 14:52:02.710489: val auc 0.8125
2026-01-03 14:52:02.713305: Epoch time: 37.0 s
2026-01-03 14:52:03.442503: 
2026-01-03 14:52:03.445864: Epoch 113
2026-01-03 14:52:03.448474: Current learning rate: 0.00654
2026-01-03 14:52:43.916253: train_loss 0.6309
2026-01-03 14:52:43.920308: val_loss 0.5929
2026-01-03 14:52:43.923045: val classification accuracy 0.7
2026-01-03 14:52:43.925668: val auc 0.7675
2026-01-03 14:52:43.928434: Epoch time: 40.48 s
2026-01-03 14:52:44.653032: 
2026-01-03 14:52:44.656409: Epoch 114
2026-01-03 14:52:44.658944: Current learning rate: 0.0065
2026-01-03 14:53:25.586619: train_loss 0.5366
2026-01-03 14:53:25.599564: val_loss 0.7033
2026-01-03 14:53:25.602900: val classification accuracy 0.625
2026-01-03 14:53:25.606334: val auc 0.735
2026-01-03 14:53:25.629214: Epoch time: 40.93 s
2026-01-03 14:53:26.347507: 
2026-01-03 14:53:26.351156: Epoch 115
2026-01-03 14:53:26.353768: Current learning rate: 0.00647
2026-01-03 14:54:06.497834: train_loss 0.5777
2026-01-03 14:54:06.509905: val_loss 0.7092
2026-01-03 14:54:06.563614: val classification accuracy 0.5
2026-01-03 14:54:06.566939: val auc 0.625
2026-01-03 14:54:06.569914: Epoch time: 40.15 s
2026-01-03 14:54:07.292727: 
2026-01-03 14:54:07.296137: Epoch 116
2026-01-03 14:54:07.298578: Current learning rate: 0.00644
2026-01-03 14:54:48.650092: train_loss 0.5756
2026-01-03 14:54:48.674359: val_loss 0.6371
2026-01-03 14:54:48.677209: val classification accuracy 0.775
2026-01-03 14:54:48.679804: val auc 0.7837
2026-01-03 14:54:48.682442: Epoch time: 41.36 s
2026-01-03 14:54:49.987575: 
2026-01-03 14:54:49.991021: Epoch 117
2026-01-03 14:54:49.993506: Current learning rate: 0.00641
2026-01-03 14:55:30.052935: train_loss 0.6326
2026-01-03 14:55:30.073107: val_loss 0.6084
2026-01-03 14:55:30.079303: val classification accuracy 0.75
2026-01-03 14:55:30.082357: val auc 0.8075
2026-01-03 14:55:30.084961: Epoch time: 40.07 s
2026-01-03 14:55:30.810354: 
2026-01-03 14:55:30.813900: Epoch 118
2026-01-03 14:55:30.816425: Current learning rate: 0.00638
2026-01-03 14:56:10.242150: train_loss 0.6093
2026-01-03 14:56:10.247150: val_loss 0.7882
2026-01-03 14:56:10.260226: val classification accuracy 0.675
2026-01-03 14:56:10.265666: val auc 0.705
2026-01-03 14:56:10.268478: Epoch time: 39.43 s
2026-01-03 14:56:11.017832: 
2026-01-03 14:56:11.021378: Epoch 119
2026-01-03 14:56:11.023916: Current learning rate: 0.00635
2026-01-03 14:56:50.165524: train_loss 0.5872
2026-01-03 14:56:50.169416: val_loss 0.5204
2026-01-03 14:56:50.172164: val classification accuracy 0.725
2026-01-03 14:56:50.174989: val auc 0.8275
2026-01-03 14:56:50.177641: Epoch time: 39.15 s
2026-01-03 14:56:50.919520: 
2026-01-03 14:56:50.922840: Epoch 120
2026-01-03 14:56:50.925312: Current learning rate: 0.00631
2026-01-03 14:57:32.084894: train_loss 0.5568
2026-01-03 14:57:32.089994: val_loss 0.6523
2026-01-03 14:57:32.093068: val classification accuracy 0.725
2026-01-03 14:57:32.100770: val auc 0.8275
2026-01-03 14:57:32.104207: Epoch time: 41.17 s
2026-01-03 14:57:32.857814: 
2026-01-03 14:57:32.862021: Epoch 121
2026-01-03 14:57:32.864819: Current learning rate: 0.00628
2026-01-03 14:58:08.904892: train_loss 0.5332
2026-01-03 14:58:08.926125: val_loss 0.5027
2026-01-03 14:58:08.929626: val classification accuracy 0.725
2026-01-03 14:58:08.932515: val auc 0.8375
2026-01-03 14:58:08.949579: Epoch time: 36.05 s
2026-01-03 14:58:09.682699: 
2026-01-03 14:58:09.685603: Epoch 122
2026-01-03 14:58:09.687943: Current learning rate: 0.00625
2026-01-03 14:58:48.779253: train_loss 0.5845
2026-01-03 14:58:48.822586: val_loss 0.5361
2026-01-03 14:58:48.828375: val classification accuracy 0.725
2026-01-03 14:58:48.831670: val auc 0.87
2026-01-03 14:58:48.834638: Epoch time: 39.1 s
2026-01-03 14:58:49.574800: 
2026-01-03 14:58:49.578017: Epoch 123
2026-01-03 14:58:49.580568: Current learning rate: 0.00622
2026-01-03 14:59:29.234011: train_loss 0.5835
2026-01-03 14:59:29.253272: val_loss 0.5825
2026-01-03 14:59:29.256521: val classification accuracy 0.725
2026-01-03 14:59:29.259236: val auc 0.77
2026-01-03 14:59:29.261778: Epoch time: 39.66 s
2026-01-03 14:59:30.016602: 
2026-01-03 14:59:30.019743: Epoch 124
2026-01-03 14:59:30.022226: Current learning rate: 0.00619
2026-01-03 15:00:08.435001: train_loss 0.5362
2026-01-03 15:00:08.459485: val_loss 1.1297
2026-01-03 15:00:08.463094: val classification accuracy 0.775
2026-01-03 15:00:08.468983: val auc 0.7188
2026-01-03 15:00:08.471684: Epoch time: 38.42 s
2026-01-03 15:00:09.216757: 
2026-01-03 15:00:09.220046: Epoch 125
2026-01-03 15:00:09.222463: Current learning rate: 0.00616
2026-01-03 15:00:49.188471: train_loss 0.5349
2026-01-03 15:00:49.193410: val_loss 0.8214
2026-01-03 15:00:49.196689: val classification accuracy 0.625
2026-01-03 15:00:49.199616: val auc 0.6625
2026-01-03 15:00:49.202766: Epoch time: 39.97 s
2026-01-03 15:00:49.946145: 
2026-01-03 15:00:49.949297: Epoch 126
2026-01-03 15:00:49.951919: Current learning rate: 0.00612
2026-01-03 15:01:30.244219: train_loss 0.5467
2026-01-03 15:01:30.249320: val_loss 0.5996
2026-01-03 15:01:30.266921: val classification accuracy 0.7
2026-01-03 15:01:30.285345: val auc 0.7625
2026-01-03 15:01:30.288227: Epoch time: 40.3 s
2026-01-03 15:01:30.995849: 
2026-01-03 15:01:30.999222: Epoch 127
2026-01-03 15:01:31.001806: Current learning rate: 0.00609
2026-01-03 15:02:11.177475: train_loss 0.6025
2026-01-03 15:02:11.181598: val_loss 0.5222
2026-01-03 15:02:11.184635: val classification accuracy 0.7
2026-01-03 15:02:11.187415: val auc 0.9425
2026-01-03 15:02:11.190116: Epoch time: 40.18 s
2026-01-03 15:02:11.192850: Yayy! New best EMA pseudo Dice: 0.9425
2026-01-03 15:02:14.086736: 
2026-01-03 15:02:14.089815: Epoch 128
2026-01-03 15:02:14.092297: Current learning rate: 0.00606
2026-01-03 15:02:54.459034: train_loss 0.5277
2026-01-03 15:02:54.463378: val_loss 0.4165
2026-01-03 15:02:54.466121: val classification accuracy 0.85
2026-01-03 15:02:54.468574: val auc 0.9088
2026-01-03 15:02:54.471371: Epoch time: 40.37 s
2026-01-03 15:02:55.199772: 
2026-01-03 15:02:55.202865: Epoch 129
2026-01-03 15:02:55.205382: Current learning rate: 0.00603
2026-01-03 15:03:35.056688: train_loss 0.5822
2026-01-03 15:03:35.063084: val_loss 0.5533
2026-01-03 15:03:35.066394: val classification accuracy 0.675
2026-01-03 15:03:35.086030: val auc 0.855
2026-01-03 15:03:35.091931: Epoch time: 39.86 s
2026-01-03 15:03:35.827422: 
2026-01-03 15:03:35.830939: Epoch 130
2026-01-03 15:03:35.833362: Current learning rate: 0.006
2026-01-03 15:04:15.272664: train_loss 0.5178
2026-01-03 15:04:15.277504: val_loss 0.7458
2026-01-03 15:04:15.295720: val classification accuracy 0.65
2026-01-03 15:04:15.298791: val auc 0.81
2026-01-03 15:04:15.301789: Epoch time: 39.45 s
2026-01-03 15:04:16.680537: 
2026-01-03 15:04:16.683797: Epoch 131
2026-01-03 15:04:16.686335: Current learning rate: 0.00597
2026-01-03 15:04:56.514911: train_loss 0.5454
2026-01-03 15:04:56.530500: val_loss 0.5333
2026-01-03 15:04:56.533814: val classification accuracy 0.725
2026-01-03 15:04:56.536783: val auc 0.815
2026-01-03 15:04:56.539572: Epoch time: 39.84 s
2026-01-03 15:04:57.298939: 
2026-01-03 15:04:57.302239: Epoch 132
2026-01-03 15:04:57.304786: Current learning rate: 0.00593
2026-01-03 15:05:35.201457: train_loss 0.5291
2026-01-03 15:05:35.212605: val_loss 0.6874
2026-01-03 15:05:35.216040: val classification accuracy 0.75
2026-01-03 15:05:35.219220: val auc 0.765
2026-01-03 15:05:35.253547: Epoch time: 37.9 s
2026-01-03 15:05:36.010793: 
2026-01-03 15:05:36.014091: Epoch 133
2026-01-03 15:05:36.016719: Current learning rate: 0.0059
2026-01-03 15:06:17.202659: train_loss 0.4708
2026-01-03 15:06:17.227324: val_loss 0.6509
2026-01-03 15:06:17.238114: val classification accuracy 0.65
2026-01-03 15:06:17.259020: val auc 0.7575
2026-01-03 15:06:17.262088: Epoch time: 41.19 s
2026-01-03 15:06:17.992866: 
2026-01-03 15:06:17.995989: Epoch 134
2026-01-03 15:06:17.998576: Current learning rate: 0.00587
2026-01-03 15:06:57.069780: train_loss 0.6058
2026-01-03 15:06:57.075097: val_loss 0.5633
2026-01-03 15:06:57.079532: val classification accuracy 0.7
2026-01-03 15:06:57.082420: val auc 0.8
2026-01-03 15:06:57.085180: Epoch time: 39.08 s
2026-01-03 15:06:57.800680: 
2026-01-03 15:06:57.804099: Epoch 135
2026-01-03 15:06:57.806478: Current learning rate: 0.00584
2026-01-03 15:07:37.283776: train_loss 0.5804
2026-01-03 15:07:37.342041: val_loss 0.6368
2026-01-03 15:07:37.345443: val classification accuracy 0.625
2026-01-03 15:07:37.352785: val auc 0.67
2026-01-03 15:07:37.355777: Epoch time: 39.48 s
2026-01-03 15:07:38.115813: 
2026-01-03 15:07:38.119167: Epoch 136
2026-01-03 15:07:38.121714: Current learning rate: 0.00581
2026-01-03 15:08:19.520799: train_loss 0.5253
2026-01-03 15:08:19.527031: val_loss 0.6214
2026-01-03 15:08:19.530775: val classification accuracy 0.6
2026-01-03 15:08:19.533648: val auc 0.7625
2026-01-03 15:08:19.536469: Epoch time: 41.41 s
2026-01-03 15:08:20.306682: 
2026-01-03 15:08:20.310334: Epoch 137
2026-01-03 15:08:20.312909: Current learning rate: 0.00578
2026-01-03 15:08:59.453900: train_loss 0.557
2026-01-03 15:08:59.459455: val_loss 0.5255
2026-01-03 15:08:59.462117: val classification accuracy 0.725
2026-01-03 15:08:59.465127: val auc 0.905
2026-01-03 15:08:59.467951: Epoch time: 39.15 s
2026-01-03 15:09:00.213575: 
2026-01-03 15:09:00.216787: Epoch 138
2026-01-03 15:09:00.219313: Current learning rate: 0.00574
2026-01-03 15:09:38.202966: train_loss 0.6152
2026-01-03 15:09:38.207930: val_loss 0.968
2026-01-03 15:09:38.215055: val classification accuracy 0.575
2026-01-03 15:09:38.223185: val auc 0.7687
2026-01-03 15:09:38.226003: Epoch time: 37.99 s
2026-01-03 15:09:38.939080: 
2026-01-03 15:09:38.942748: Epoch 139
2026-01-03 15:09:38.945245: Current learning rate: 0.00571
2026-01-03 15:10:18.167952: train_loss 0.5009
2026-01-03 15:10:18.172827: val_loss 0.4994
2026-01-03 15:10:18.175927: val classification accuracy 0.75
2026-01-03 15:10:18.178699: val auc 0.92
2026-01-03 15:10:18.181405: Epoch time: 39.23 s
2026-01-03 15:10:20.698118: Saved periodic checkpoint /hpf/projects/jquon/sumin/nnUNet_data/nnUNet_results/Dataset033_AVM_T1+C/SEResNetTrainer_ep300_NoMirroring_x2__nnUNetResEncUNetLPlans__3d_fullres/fold_1/checkpoint_every20_best_auroc.pth at epoch 139 with val_auc=0.9200
2026-01-03 15:10:21.373899: 
2026-01-03 15:10:21.377230: Epoch 140
2026-01-03 15:10:21.379843: Current learning rate: 0.00568
2026-01-03 15:10:59.888032: train_loss 0.5815
2026-01-03 15:10:59.908186: val_loss 0.6028
2026-01-03 15:10:59.914959: val classification accuracy 0.65
2026-01-03 15:10:59.919778: val auc 0.74
2026-01-03 15:10:59.931391: Epoch time: 38.52 s
2026-01-03 15:11:00.673814: 
2026-01-03 15:11:00.677014: Epoch 141
2026-01-03 15:11:00.679566: Current learning rate: 0.00565
2026-01-03 15:11:41.258545: train_loss 0.5767
2026-01-03 15:11:41.268339: val_loss 0.6485
2026-01-03 15:11:41.271378: val classification accuracy 0.65
2026-01-03 15:11:41.274065: val auc 0.75
2026-01-03 15:11:41.276895: Epoch time: 40.59 s
2026-01-03 15:11:42.007502: 
2026-01-03 15:11:42.011211: Epoch 142
2026-01-03 15:11:42.013767: Current learning rate: 0.00562
2026-01-03 15:12:24.066199: train_loss 0.5461
2026-01-03 15:12:24.080208: val_loss 0.513
2026-01-03 15:12:24.083322: val classification accuracy 0.8
2026-01-03 15:12:24.086467: val auc 0.8475
2026-01-03 15:12:24.089798: Epoch time: 42.06 s
2026-01-03 15:12:24.835986: 
2026-01-03 15:12:24.839250: Epoch 143
2026-01-03 15:12:24.841641: Current learning rate: 0.00558
2026-01-03 15:13:04.728319: train_loss 0.5562
2026-01-03 15:13:04.741564: val_loss 0.6071
2026-01-03 15:13:04.744683: val classification accuracy 0.7
2026-01-03 15:13:04.747776: val auc 0.775
2026-01-03 15:13:04.753551: Epoch time: 39.89 s
2026-01-03 15:13:05.506117: 
2026-01-03 15:13:05.510035: Epoch 144
2026-01-03 15:13:05.518056: Current learning rate: 0.00555
2026-01-03 15:13:43.822739: train_loss 0.5903
2026-01-03 15:13:43.827667: val_loss 0.5597
2026-01-03 15:13:43.830571: val classification accuracy 0.775
2026-01-03 15:13:43.836235: val auc 0.8175
2026-01-03 15:13:43.839097: Epoch time: 38.32 s
2026-01-03 15:13:45.162642: 
2026-01-03 15:13:45.165807: Epoch 145
2026-01-03 15:13:45.168306: Current learning rate: 0.00552
2026-01-03 15:14:23.226470: train_loss 0.567
2026-01-03 15:14:23.232032: val_loss 0.5762
2026-01-03 15:14:23.235200: val classification accuracy 0.725
2026-01-03 15:14:23.238080: val auc 0.8075
2026-01-03 15:14:23.241244: Epoch time: 38.07 s
2026-01-03 15:14:23.977685: 
2026-01-03 15:14:23.981407: Epoch 146
2026-01-03 15:14:23.984084: Current learning rate: 0.00549
2026-01-03 15:15:04.589842: train_loss 0.5394
2026-01-03 15:15:04.596170: val_loss 0.7301
2026-01-03 15:15:04.600400: val classification accuracy 0.65
2026-01-03 15:15:04.608856: val auc 0.7425
2026-01-03 15:15:04.615829: Epoch time: 40.61 s
2026-01-03 15:15:05.371833: 
2026-01-03 15:15:05.374955: Epoch 147
2026-01-03 15:15:05.377488: Current learning rate: 0.00546
2026-01-03 15:15:44.012238: train_loss 0.5698
2026-01-03 15:15:44.016615: val_loss 0.5126
2026-01-03 15:15:44.019730: val classification accuracy 0.8
2026-01-03 15:15:44.022850: val auc 0.84
2026-01-03 15:15:44.026095: Epoch time: 38.64 s
2026-01-03 15:15:44.790757: 
2026-01-03 15:15:44.794240: Epoch 148
2026-01-03 15:15:44.796986: Current learning rate: 0.00542
2026-01-03 15:16:24.653089: train_loss 0.5207
2026-01-03 15:16:24.661627: val_loss 0.6493
2026-01-03 15:16:24.664617: val classification accuracy 0.6
2026-01-03 15:16:24.667294: val auc 0.7163
2026-01-03 15:16:24.670127: Epoch time: 39.86 s
2026-01-03 15:16:25.413519: 
2026-01-03 15:16:25.418813: Epoch 149
2026-01-03 15:16:25.421384: Current learning rate: 0.00539
2026-01-03 15:17:04.419462: train_loss 0.5866
2026-01-03 15:17:04.435591: val_loss 0.4505
2026-01-03 15:17:04.438596: val classification accuracy 0.8
2026-01-03 15:17:04.441542: val auc 0.9075
2026-01-03 15:17:04.444326: Epoch time: 39.01 s
2026-01-03 15:17:05.174529: 
2026-01-03 15:17:05.178015: Epoch 150
2026-01-03 15:17:05.180477: Current learning rate: 0.00536
2026-01-03 15:17:45.361326: train_loss 0.5609
2026-01-03 15:17:45.366384: val_loss 0.5007
2026-01-03 15:17:45.369272: val classification accuracy 0.775
2026-01-03 15:17:45.372218: val auc 0.825
2026-01-03 15:17:45.375304: Epoch time: 40.19 s
2026-01-03 15:17:46.141488: 
2026-01-03 15:17:46.145052: Epoch 151
2026-01-03 15:17:46.147724: Current learning rate: 0.00533
2026-01-03 15:18:25.012321: train_loss 0.5176
2026-01-03 15:18:25.016791: val_loss 0.794
2026-01-03 15:18:25.020379: val classification accuracy 0.65
2026-01-03 15:18:25.023631: val auc 0.72
2026-01-03 15:18:25.026894: Epoch time: 38.87 s
2026-01-03 15:18:25.781586: 
2026-01-03 15:18:25.785090: Epoch 152
2026-01-03 15:18:25.787589: Current learning rate: 0.00529
2026-01-03 15:19:06.889781: train_loss 0.5494
2026-01-03 15:19:06.909262: val_loss 1.0029
2026-01-03 15:19:06.912186: val classification accuracy 0.45
2026-01-03 15:19:06.915099: val auc 0.445
2026-01-03 15:19:06.917599: Epoch time: 41.11 s
2026-01-03 15:19:07.698385: 
2026-01-03 15:19:07.701835: Epoch 153
2026-01-03 15:19:07.704650: Current learning rate: 0.00526
2026-01-03 15:19:44.242905: train_loss 0.5203
2026-01-03 15:19:44.259059: val_loss 0.5778
2026-01-03 15:19:44.261865: val classification accuracy 0.725
2026-01-03 15:19:44.264751: val auc 0.8125
2026-01-03 15:19:44.267346: Epoch time: 36.55 s
2026-01-03 15:19:44.997074: 
2026-01-03 15:19:45.000833: Epoch 154
2026-01-03 15:19:45.003376: Current learning rate: 0.00523
2026-01-03 15:20:24.179022: train_loss 0.5608
2026-01-03 15:20:24.192842: val_loss 0.7766
2026-01-03 15:20:24.195966: val classification accuracy 0.65
2026-01-03 15:20:24.199628: val auc 0.6762
2026-01-03 15:20:24.203099: Epoch time: 39.18 s
2026-01-03 15:20:24.922659: 
2026-01-03 15:20:24.926115: Epoch 155
2026-01-03 15:20:24.928833: Current learning rate: 0.0052
2026-01-03 15:21:04.712358: train_loss 0.5656
2026-01-03 15:21:04.722088: val_loss 0.4831
2026-01-03 15:21:04.725144: val classification accuracy 0.8
2026-01-03 15:21:04.728228: val auc 0.905
2026-01-03 15:21:04.731262: Epoch time: 39.79 s
2026-01-03 15:21:05.452359: 
2026-01-03 15:21:05.455593: Epoch 156
2026-01-03 15:21:05.458272: Current learning rate: 0.00517
2026-01-03 15:21:44.152441: train_loss 0.5368
2026-01-03 15:21:44.159058: val_loss 0.8143
2026-01-03 15:21:44.162368: val classification accuracy 0.575
2026-01-03 15:21:44.166986: val auc 0.8025
2026-01-03 15:21:44.170424: Epoch time: 38.7 s
2026-01-03 15:21:44.914377: 
2026-01-03 15:21:44.917599: Epoch 157
2026-01-03 15:21:44.920438: Current learning rate: 0.00513
2026-01-03 15:22:25.444922: train_loss 0.5481
2026-01-03 15:22:25.469950: val_loss 0.4054
2026-01-03 15:22:25.474986: val classification accuracy 0.85
2026-01-03 15:22:25.477853: val auc 0.8925
2026-01-03 15:22:25.482013: Epoch time: 40.53 s
2026-01-03 15:22:26.208311: 
2026-01-03 15:22:26.211506: Epoch 158
2026-01-03 15:22:26.213989: Current learning rate: 0.0051
2026-01-03 15:23:05.615093: train_loss 0.5491
2026-01-03 15:23:05.627220: val_loss 0.5737
2026-01-03 15:23:05.630199: val classification accuracy 0.7
2026-01-03 15:23:05.633167: val auc 0.795
2026-01-03 15:23:05.635916: Epoch time: 39.41 s
2026-01-03 15:23:06.370934: 
2026-01-03 15:23:06.374341: Epoch 159
2026-01-03 15:23:06.377102: Current learning rate: 0.00507
2026-01-03 15:23:45.114170: train_loss 0.5339
2026-01-03 15:23:45.119270: val_loss 0.5321
2026-01-03 15:23:45.122597: val classification accuracy 0.7
2026-01-03 15:23:45.126333: val auc 0.825
2026-01-03 15:23:45.130672: Epoch time: 38.74 s
2026-01-03 15:23:45.877664: 
2026-01-03 15:23:45.880980: Epoch 160
2026-01-03 15:23:45.883715: Current learning rate: 0.00504
2026-01-03 15:24:25.294716: train_loss 0.4943
2026-01-03 15:24:25.300723: val_loss 0.5423
2026-01-03 15:24:25.303409: val classification accuracy 0.75
2026-01-03 15:24:25.306054: val auc 0.8175
2026-01-03 15:24:25.308646: Epoch time: 39.42 s
2026-01-03 15:24:26.069792: 
2026-01-03 15:24:26.073039: Epoch 161
2026-01-03 15:24:26.075435: Current learning rate: 0.005
2026-01-03 15:25:05.001709: train_loss 0.5267
2026-01-03 15:25:05.029642: val_loss 0.8335
2026-01-03 15:25:05.033412: val classification accuracy 0.525
2026-01-03 15:25:05.036250: val auc 0.5775
2026-01-03 15:25:05.038928: Epoch time: 38.93 s
2026-01-03 15:25:05.800653: 
2026-01-03 15:25:05.810050: Epoch 162
2026-01-03 15:25:05.812634: Current learning rate: 0.00497
2026-01-03 15:25:43.185470: train_loss 0.5156
2026-01-03 15:25:43.190309: val_loss 0.8454
2026-01-03 15:25:43.195202: val classification accuracy 0.55
2026-01-03 15:25:43.198238: val auc 0.5675
2026-01-03 15:25:43.200802: Epoch time: 37.39 s
2026-01-03 15:25:43.956294: 
2026-01-03 15:25:43.959779: Epoch 163
2026-01-03 15:25:43.962385: Current learning rate: 0.00494
2026-01-03 15:26:20.936736: train_loss 0.6004
2026-01-03 15:26:20.945482: val_loss 0.4695
2026-01-03 15:26:20.948550: val classification accuracy 0.775
2026-01-03 15:26:20.951696: val auc 0.855
2026-01-03 15:26:20.954678: Epoch time: 36.98 s
2026-01-03 15:26:21.682009: 
2026-01-03 15:26:21.685307: Epoch 164
2026-01-03 15:26:21.688025: Current learning rate: 0.00491
2026-01-03 15:27:00.586959: train_loss 0.5295
2026-01-03 15:27:00.592119: val_loss 0.6169
2026-01-03 15:27:00.595728: val classification accuracy 0.65
2026-01-03 15:27:00.598473: val auc 0.7212
2026-01-03 15:27:00.601173: Epoch time: 38.91 s
2026-01-03 15:27:00.603565: Early stopping triggered at epoch 164. Best val_losses=0.4009
2026-01-03 15:27:01.343360: Stopping training early due to early stopping criterion.
2026-01-03 15:27:03.980248: Training done.
2026-01-03 15:27:04.028473: Skipping perform_actual_validation for classification trainer (segmentation-style sliding window is not applicable).
[1;34mwandb[0m: 
[1;34mwandb[0m:  View run [33mSEResNetTrainer_ep300_NoMirroring_x2_fold1[0m at: [34m[0m
[1;34mwandb[0m: Find logs at: [1;35m../../tmp/wandb/wandb/run-20260103_133531-xpn604np/logs[0m
