Using device: cuda:0

#######################################################################
Please cite the following paper when using nnU-Net:
Isensee, F., Jaeger, P. F., Kohl, S. A., Petersen, J., & Maier-Hein, K. H. (2021). nnU-Net: a self-configuring method for deep learning-based biomedical image segmentation. Nature methods, 18(2), 203-211.
#######################################################################

2026-01-03 18:45:43.644694: Using torch.compile...
2026-01-03 18:45:48.598050: do_dummy_2d_data_aug: False
2026-01-03 18:45:48.601594: Using splits from existing split file: /hpf/projects/jquon/sumin/nnUNet_data/nnUNet_preprocessed/Dataset033_AVM_T1+C/splits_final.json
2026-01-03 18:45:48.605181: The split file contains 11 splits.
2026-01-03 18:45:48.607080: Desired fold for training: 7
2026-01-03 18:45:48.608889: This split has 464 training and 48 validation cases.
using pin_memory on device 0
using pin_memory on device 0

This is the configuration used by this training:
Configuration name: 3d_fullres
 {'data_identifier': 'nnUNetPlans_3d_fullres', 'preprocessor_name': 'DefaultPreprocessor', 'batch_size': 2, 'patch_size': [160, 224, 192], 'median_image_size_in_voxels': [344.0, 448.0, 429.0], 'spacing': [0.500000923871994, 0.4910714328289032, 0.4910714328289032], 'normalization_schemes': ['ZScoreNormalization'], 'use_mask_for_norm': [False], 'resampling_fn_data': 'resample_data_or_seg_to_shape', 'resampling_fn_seg': 'resample_data_or_seg_to_shape', 'resampling_fn_data_kwargs': {'is_seg': False, 'order': 3, 'order_z': 0, 'force_separate_z': None}, 'resampling_fn_seg_kwargs': {'is_seg': True, 'order': 1, 'order_z': 0, 'force_separate_z': None}, 'resampling_fn_probabilities': 'resample_data_or_seg_to_shape', 'resampling_fn_probabilities_kwargs': {'is_seg': False, 'order': 1, 'order_z': 0, 'force_separate_z': None}, 'architecture': {'network_class_name': 'dynamic_network_architectures.architectures.unet.ResidualEncoderUNet', 'arch_kwargs': {'n_stages': 6, 'features_per_stage': [32, 64, 128, 256, 320, 320], 'conv_op': 'torch.nn.modules.conv.Conv3d', 'kernel_sizes': [[3, 3, 3], [3, 3, 3], [3, 3, 3], [3, 3, 3], [3, 3, 3], [3, 3, 3]], 'strides': [[1, 1, 1], [2, 2, 2], [2, 2, 2], [2, 2, 2], [2, 2, 2], [2, 2, 2]], 'n_blocks_per_stage': [1, 3, 4, 6, 6, 6], 'n_conv_per_stage_decoder': [1, 1, 1, 1, 1], 'conv_bias': True, 'norm_op': 'torch.nn.modules.instancenorm.InstanceNorm3d', 'norm_op_kwargs': {'eps': 1e-05, 'affine': True}, 'dropout_op': None, 'dropout_op_kwargs': None, 'nonlin': 'torch.nn.LeakyReLU', 'nonlin_kwargs': {'inplace': True}}, '_kw_requires_import': ['conv_op', 'norm_op', 'dropout_op', 'nonlin']}, 'batch_dice': True} 

These are the global plan.json settings:
 {'dataset_name': 'Dataset033_AVM_T1+C', 'plans_name': 'nnUNetResEncUNetLPlans', 'original_median_spacing_after_transp': [0.500000923871994, 0.4910714328289032, 0.4910714328289032], 'original_median_shape_after_transp': [330, 448, 424], 'image_reader_writer': 'SimpleITKIO', 'transpose_forward': [0, 1, 2], 'transpose_backward': [0, 1, 2], 'experiment_planner_used': 'nnUNetPlannerResEncL', 'label_manager': 'LabelManager', 'foreground_intensity_properties_per_channel': {'0': {'max': 12113.0, 'mean': 449.843505859375, 'median': 311.0, 'min': 0.0, 'percentile_00_5': 34.0, 'percentile_99_5': 3202.0, 'std': 471.56329345703125}}} 

2026-01-03 18:45:51.637269: Unable to plot network architecture: nnUNet_compile is enabled!
2026-01-03 18:45:51.678586: 
2026-01-03 18:45:51.739928: Epoch 0
2026-01-03 18:45:51.743825: Current learning rate: 0.01
2026-01-03 18:47:14.755766: train_loss 1.8279
2026-01-03 18:47:14.762533: val_loss 2.8368
2026-01-03 18:47:14.764737: val classification accuracy 0.5833
2026-01-03 18:47:14.766917: val auc 0.6285
2026-01-03 18:47:14.768626: Epoch time: 83.08 s
2026-01-03 18:47:14.770224: Yayy! New best EMA pseudo Dice: 0.6285
2026-01-03 18:47:17.664263: Yayy! New best classification accuracy: 0.5833
2026-01-03 18:47:20.279162: 
2026-01-03 18:47:20.282148: Epoch 1
2026-01-03 18:47:20.284201: Current learning rate: 0.00997
2026-01-03 18:48:20.117953: train_loss 1.4485
2026-01-03 18:48:20.122397: val_loss 0.8617
2026-01-03 18:48:20.124720: val classification accuracy 0.5833
2026-01-03 18:48:20.126829: val auc 0.6198
2026-01-03 18:48:20.128894: Epoch time: 59.84 s
2026-01-03 18:48:20.976691: 
2026-01-03 18:48:20.980729: Epoch 2
2026-01-03 18:48:20.983106: Current learning rate: 0.00994
2026-01-03 18:49:12.191889: train_loss 0.8637
2026-01-03 18:49:12.228907: val_loss 0.8791
2026-01-03 18:49:12.231550: val classification accuracy 0.375
2026-01-03 18:49:12.234217: val auc 0.4644
2026-01-03 18:49:12.237251: Epoch time: 51.22 s
2026-01-03 18:49:13.103348: 
2026-01-03 18:49:13.106637: Epoch 3
2026-01-03 18:49:13.108990: Current learning rate: 0.00991
2026-01-03 18:50:08.483894: train_loss 0.8591
2026-01-03 18:50:08.488261: val_loss 0.8738
2026-01-03 18:50:08.490468: val classification accuracy 0.4792
2026-01-03 18:50:08.494801: val auc 0.5139
2026-01-03 18:50:08.497091: Epoch time: 55.38 s
2026-01-03 18:50:09.342956: 
2026-01-03 18:50:09.345778: Epoch 4
2026-01-03 18:50:09.347631: Current learning rate: 0.00988
2026-01-03 18:51:06.315958: train_loss 0.7516
2026-01-03 18:51:06.324181: val_loss 0.6956
2026-01-03 18:51:06.327682: val classification accuracy 0.5208
2026-01-03 18:51:06.352552: val auc 0.5139
2026-01-03 18:51:06.355094: Epoch time: 56.97 s
2026-01-03 18:51:07.199664: 
2026-01-03 18:51:07.204174: Epoch 5
2026-01-03 18:51:07.206585: Current learning rate: 0.00985
2026-01-03 18:52:02.295732: train_loss 0.7113
2026-01-03 18:52:02.300576: val_loss 0.8985
2026-01-03 18:52:02.303246: val classification accuracy 0.5417
2026-01-03 18:52:02.305779: val auc 0.5017
2026-01-03 18:52:02.308205: Epoch time: 55.1 s
2026-01-03 18:52:03.256156: 
2026-01-03 18:52:03.259155: Epoch 6
2026-01-03 18:52:03.261188: Current learning rate: 0.00982
2026-01-03 18:52:59.175422: train_loss 0.7076
2026-01-03 18:52:59.215002: val_loss 0.8822
2026-01-03 18:52:59.218095: val classification accuracy 0.5625
2026-01-03 18:52:59.220934: val auc 0.5599
2026-01-03 18:52:59.223596: Epoch time: 55.92 s
2026-01-03 18:53:00.035696: 
2026-01-03 18:53:00.038510: Epoch 7
2026-01-03 18:53:00.040772: Current learning rate: 0.00979
2026-01-03 18:53:56.817476: train_loss 0.7035
2026-01-03 18:53:56.821546: val_loss 0.7599
2026-01-03 18:53:56.823792: val classification accuracy 0.5625
2026-01-03 18:53:56.826042: val auc 0.566
2026-01-03 18:53:56.828240: Epoch time: 56.78 s
2026-01-03 18:53:57.754441: 
2026-01-03 18:53:57.757622: Epoch 8
2026-01-03 18:53:57.759808: Current learning rate: 0.00976
2026-01-03 18:54:51.162334: train_loss 0.6824
2026-01-03 18:54:51.175786: val_loss 1.1489
2026-01-03 18:54:51.181365: val classification accuracy 0.6042
2026-01-03 18:54:51.186278: val auc 0.6632
2026-01-03 18:54:51.190440: Epoch time: 53.41 s
2026-01-03 18:54:51.193612: Yayy! New best EMA pseudo Dice: 0.6632
2026-01-03 18:54:53.638484: Yayy! New best classification accuracy: 0.6042
2026-01-03 18:54:56.380829: 
2026-01-03 18:54:56.383595: Epoch 9
2026-01-03 18:54:56.385443: Current learning rate: 0.00973
2026-01-03 18:55:47.367354: train_loss 0.7017
2026-01-03 18:55:47.376071: val_loss 0.8004
2026-01-03 18:55:47.395009: val classification accuracy 0.625
2026-01-03 18:55:47.397452: val auc 0.599
2026-01-03 18:55:47.399746: Epoch time: 50.99 s
2026-01-03 18:55:47.401751: Yayy! New best classification accuracy: 0.625
2026-01-03 18:55:50.704046: 
2026-01-03 18:55:50.707006: Epoch 10
2026-01-03 18:55:50.709137: Current learning rate: 0.0097
2026-01-03 18:56:43.978975: train_loss 0.6829
2026-01-03 18:56:43.987117: val_loss 1.3057
2026-01-03 18:56:43.990706: val classification accuracy 0.4167
2026-01-03 18:56:43.993735: val auc 0.474
2026-01-03 18:56:43.996696: Epoch time: 53.28 s
2026-01-03 18:56:44.917423: 
2026-01-03 18:56:44.921295: Epoch 11
2026-01-03 18:56:44.923836: Current learning rate: 0.00967
2026-01-03 18:57:40.300995: train_loss 0.6808
2026-01-03 18:57:40.344378: val_loss 0.8221
2026-01-03 18:57:40.382810: val classification accuracy 0.4583
2026-01-03 18:57:40.385653: val auc 0.4167
2026-01-03 18:57:40.390396: Epoch time: 55.38 s
2026-01-03 18:57:41.225220: 
2026-01-03 18:57:41.229003: Epoch 12
2026-01-03 18:57:41.231694: Current learning rate: 0.00964
2026-01-03 18:58:34.707049: train_loss 0.6956
2026-01-03 18:58:34.711522: val_loss 0.6987
2026-01-03 18:58:34.714701: val classification accuracy 0.5833
2026-01-03 18:58:34.718421: val auc 0.5365
2026-01-03 18:58:34.722576: Epoch time: 53.48 s
2026-01-03 18:58:35.617631: 
2026-01-03 18:58:35.622501: Epoch 13
2026-01-03 18:58:35.625866: Current learning rate: 0.00961
2026-01-03 18:59:30.407350: train_loss 0.699
2026-01-03 18:59:30.411716: val_loss 0.7661
2026-01-03 18:59:30.414411: val classification accuracy 0.4167
2026-01-03 18:59:30.416960: val auc 0.3828
2026-01-03 18:59:30.419904: Epoch time: 54.79 s
2026-01-03 18:59:31.324457: 
2026-01-03 18:59:31.328512: Epoch 14
2026-01-03 18:59:31.331495: Current learning rate: 0.00958
2026-01-03 19:00:25.899333: train_loss 0.6986
2026-01-03 19:00:25.905960: val_loss 0.6759
2026-01-03 19:00:25.909404: val classification accuracy 0.6458
2026-01-03 19:00:25.918015: val auc 0.6337
2026-01-03 19:00:25.921393: Epoch time: 54.58 s
2026-01-03 19:00:25.924470: Yayy! New best classification accuracy: 0.6458
2026-01-03 19:00:29.414921: 
2026-01-03 19:00:29.418939: Epoch 15
2026-01-03 19:00:29.421526: Current learning rate: 0.00955
2026-01-03 19:01:21.808345: train_loss 0.6802
2026-01-03 19:01:21.816197: val_loss 0.7299
2026-01-03 19:01:21.819375: val classification accuracy 0.5625
2026-01-03 19:01:21.822719: val auc 0.5451
2026-01-03 19:01:21.825894: Epoch time: 52.39 s
2026-01-03 19:01:22.640264: 
2026-01-03 19:01:22.644132: Epoch 16
2026-01-03 19:01:22.646966: Current learning rate: 0.00952
2026-01-03 19:02:17.536945: train_loss 0.6762
2026-01-03 19:02:17.547081: val_loss 0.7363
2026-01-03 19:02:17.550086: val classification accuracy 0.5833
2026-01-03 19:02:17.552960: val auc 0.5677
2026-01-03 19:02:17.556169: Epoch time: 54.9 s
2026-01-03 19:02:18.449969: 
2026-01-03 19:02:18.453861: Epoch 17
2026-01-03 19:02:18.456550: Current learning rate: 0.00949
2026-01-03 19:03:10.299671: train_loss 0.6765
2026-01-03 19:03:10.326226: val_loss 0.9528
2026-01-03 19:03:10.339413: val classification accuracy 0.4792
2026-01-03 19:03:10.373702: val auc 0.4948
2026-01-03 19:03:10.382653: Epoch time: 51.85 s
2026-01-03 19:03:11.269009: 
2026-01-03 19:03:11.273156: Epoch 18
2026-01-03 19:03:11.276111: Current learning rate: 0.00946
2026-01-03 19:04:03.577166: train_loss 0.678
2026-01-03 19:04:03.581648: val_loss 0.8393
2026-01-03 19:04:03.584917: val classification accuracy 0.5208
2026-01-03 19:04:03.587736: val auc 0.4349
2026-01-03 19:04:03.603357: Epoch time: 52.31 s
2026-01-03 19:04:04.482262: 
2026-01-03 19:04:04.487211: Epoch 19
2026-01-03 19:04:04.490387: Current learning rate: 0.00943
2026-01-03 19:04:58.974016: train_loss 0.6708
2026-01-03 19:04:58.991726: val_loss 0.851
2026-01-03 19:04:58.994741: val classification accuracy 0.4167
2026-01-03 19:04:58.997765: val auc 0.4253
2026-01-03 19:04:59.001206: Epoch time: 54.49 s
2026-01-03 19:05:01.580035: Saved periodic checkpoint /hpf/projects/jquon/sumin/nnUNet_data/nnUNet_results/Dataset033_AVM_T1+C/SEResNetTrainer_ep300_NoMirroring_x2__nnUNetResEncUNetLPlans__3d_fullres/fold_7/checkpoint_every20_best_balacc.pth at epoch 19 with val_balanced_accuracy=0.4167
2026-01-03 19:05:03.700014: Saved periodic checkpoint /hpf/projects/jquon/sumin/nnUNet_data/nnUNet_results/Dataset033_AVM_T1+C/SEResNetTrainer_ep300_NoMirroring_x2__nnUNetResEncUNetLPlans__3d_fullres/fold_7/checkpoint_every20_best_auroc.pth at epoch 19 with val_auc=0.4253
2026-01-03 19:05:04.427667: 
2026-01-03 19:05:04.431197: Epoch 20
2026-01-03 19:05:04.433713: Current learning rate: 0.0094
2026-01-03 19:05:59.430939: train_loss 0.694
2026-01-03 19:05:59.446187: val_loss 0.7023
2026-01-03 19:05:59.463635: val classification accuracy 0.4792
2026-01-03 19:05:59.504589: val auc 0.4644
2026-01-03 19:05:59.508191: Epoch time: 55.0 s
2026-01-03 19:06:00.359724: 
2026-01-03 19:06:00.363322: Epoch 21
2026-01-03 19:06:00.366236: Current learning rate: 0.00937
2026-01-03 19:06:59.763724: train_loss 0.6568
2026-01-03 19:06:59.779974: val_loss 0.9833
2026-01-03 19:06:59.784085: val classification accuracy 0.4375
2026-01-03 19:06:59.802050: val auc 0.4852
2026-01-03 19:06:59.815464: Epoch time: 59.41 s
2026-01-03 19:07:00.691228: 
2026-01-03 19:07:00.695003: Epoch 22
2026-01-03 19:07:00.697702: Current learning rate: 0.00934
2026-01-03 19:07:53.799790: train_loss 0.6715
2026-01-03 19:07:53.806573: val_loss 0.7968
2026-01-03 19:07:53.812257: val classification accuracy 0.6042
2026-01-03 19:07:53.815502: val auc 0.7049
2026-01-03 19:07:53.818817: Epoch time: 53.11 s
2026-01-03 19:07:53.821524: Yayy! New best EMA pseudo Dice: 0.7049
2026-01-03 19:07:57.386888: 
2026-01-03 19:07:57.390687: Epoch 23
2026-01-03 19:07:57.393666: Current learning rate: 0.00931
2026-01-03 19:08:50.559227: train_loss 0.6962
2026-01-03 19:08:50.589032: val_loss 0.7909
2026-01-03 19:08:50.611204: val classification accuracy 0.5417
2026-01-03 19:08:50.615417: val auc 0.5278
2026-01-03 19:08:50.638202: Epoch time: 53.17 s
2026-01-03 19:08:51.602446: 
2026-01-03 19:08:51.606762: Epoch 24
2026-01-03 19:08:51.610351: Current learning rate: 0.00928
2026-01-03 19:09:46.712944: train_loss 0.6639
2026-01-03 19:09:46.717902: val_loss 0.8035
2026-01-03 19:09:46.720699: val classification accuracy 0.6042
2026-01-03 19:09:46.723559: val auc 0.6458
2026-01-03 19:09:46.726374: Epoch time: 55.11 s
2026-01-03 19:09:47.596632: 
2026-01-03 19:09:47.600022: Epoch 25
2026-01-03 19:09:47.602690: Current learning rate: 0.00925
2026-01-03 19:10:42.876767: train_loss 0.6799
2026-01-03 19:10:42.904515: val_loss 0.6965
2026-01-03 19:10:42.907676: val classification accuracy 0.5833
2026-01-03 19:10:42.911025: val auc 0.5816
2026-01-03 19:10:42.914191: Epoch time: 55.28 s
2026-01-03 19:10:43.757882: 
2026-01-03 19:10:43.761480: Epoch 26
2026-01-03 19:10:43.766032: Current learning rate: 0.00922
2026-01-03 19:11:31.952591: train_loss 0.6385
2026-01-03 19:11:31.965994: val_loss 0.7928
2026-01-03 19:11:31.970675: val classification accuracy 0.5208
2026-01-03 19:11:31.973676: val auc 0.4722
2026-01-03 19:11:31.977147: Epoch time: 48.2 s
2026-01-03 19:11:32.871095: 
2026-01-03 19:11:32.874550: Epoch 27
2026-01-03 19:11:32.877031: Current learning rate: 0.00919
2026-01-03 19:12:26.815557: train_loss 0.6744
2026-01-03 19:12:26.868853: val_loss 0.7135
2026-01-03 19:12:26.872291: val classification accuracy 0.5
2026-01-03 19:12:26.874928: val auc 0.5304
2026-01-03 19:12:26.877565: Epoch time: 53.95 s
2026-01-03 19:12:27.789996: 
2026-01-03 19:12:27.794107: Epoch 28
2026-01-03 19:12:27.796814: Current learning rate: 0.00916
2026-01-03 19:13:21.700045: train_loss 0.6705
2026-01-03 19:13:21.718144: val_loss 0.7924
2026-01-03 19:13:21.721464: val classification accuracy 0.5208
2026-01-03 19:13:21.724414: val auc 0.4549
2026-01-03 19:13:21.727399: Epoch time: 53.91 s
2026-01-03 19:13:22.593558: 
2026-01-03 19:13:22.597597: Epoch 29
2026-01-03 19:13:22.600390: Current learning rate: 0.00913
2026-01-03 19:14:10.188293: train_loss 0.6551
2026-01-03 19:14:10.193559: val_loss 0.9074
2026-01-03 19:14:10.196671: val classification accuracy 0.4583
2026-01-03 19:14:10.199936: val auc 0.3516
2026-01-03 19:14:10.203014: Epoch time: 47.6 s
2026-01-03 19:14:11.069886: 
2026-01-03 19:14:11.073129: Epoch 30
2026-01-03 19:14:11.075808: Current learning rate: 0.0091
2026-01-03 19:15:06.258296: train_loss 0.6938
2026-01-03 19:15:06.271095: val_loss 0.7448
2026-01-03 19:15:06.304221: val classification accuracy 0.4583
2026-01-03 19:15:06.312770: val auc 0.4983
2026-01-03 19:15:06.316605: Epoch time: 55.19 s
2026-01-03 19:15:07.119086: 
2026-01-03 19:15:07.123958: Epoch 31
2026-01-03 19:15:07.127026: Current learning rate: 0.00907
2026-01-03 19:16:02.161803: train_loss 0.6527
2026-01-03 19:16:02.166474: val_loss 0.9205
2026-01-03 19:16:02.169386: val classification accuracy 0.4375
2026-01-03 19:16:02.172050: val auc 0.4757
2026-01-03 19:16:02.174472: Epoch time: 55.04 s
2026-01-03 19:16:02.968005: 
2026-01-03 19:16:02.971485: Epoch 32
2026-01-03 19:16:02.974101: Current learning rate: 0.00903
2026-01-03 19:16:59.535911: train_loss 0.6441
2026-01-03 19:16:59.548411: val_loss 0.7514
2026-01-03 19:16:59.551636: val classification accuracy 0.5833
2026-01-03 19:16:59.554514: val auc 0.566
2026-01-03 19:16:59.595531: Epoch time: 56.57 s
2026-01-03 19:17:00.464930: 
2026-01-03 19:17:00.469077: Epoch 33
2026-01-03 19:17:00.472324: Current learning rate: 0.009
2026-01-03 19:17:57.079337: train_loss 0.6621
2026-01-03 19:17:57.084169: val_loss 0.6504
2026-01-03 19:17:57.087359: val classification accuracy 0.6875
2026-01-03 19:17:57.090488: val auc 0.7057
2026-01-03 19:17:57.093097: Epoch time: 56.62 s
2026-01-03 19:17:57.095516: Yayy! New best EMA pseudo Dice: 0.7057
2026-01-03 19:17:59.846100: Yayy! New best classification accuracy: 0.6875
2026-01-03 19:18:02.757028: 
2026-01-03 19:18:02.760379: Epoch 34
2026-01-03 19:18:02.763006: Current learning rate: 0.00897
2026-01-03 19:18:52.787105: train_loss 0.6218
2026-01-03 19:18:52.806190: val_loss 0.8461
2026-01-03 19:18:52.810071: val classification accuracy 0.5
2026-01-03 19:18:52.814040: val auc 0.5556
2026-01-03 19:18:52.817098: Epoch time: 50.03 s
2026-01-03 19:18:54.446790: 
2026-01-03 19:18:54.450507: Epoch 35
2026-01-03 19:18:54.453048: Current learning rate: 0.00894
2026-01-03 19:19:48.984270: train_loss 0.6383
2026-01-03 19:19:48.988954: val_loss 0.6986
2026-01-03 19:19:48.991758: val classification accuracy 0.5417
2026-01-03 19:19:48.994313: val auc 0.5773
2026-01-03 19:19:48.996989: Epoch time: 54.54 s
2026-01-03 19:19:49.878622: 
2026-01-03 19:19:49.883460: Epoch 36
2026-01-03 19:19:49.886511: Current learning rate: 0.00891
2026-01-03 19:20:44.807525: train_loss 0.6292
2026-01-03 19:20:44.824723: val_loss 0.7614
2026-01-03 19:20:44.828074: val classification accuracy 0.5
2026-01-03 19:20:44.831241: val auc 0.5538
2026-01-03 19:20:44.834729: Epoch time: 54.93 s
2026-01-03 19:20:45.677283: 
2026-01-03 19:20:45.694975: Epoch 37
2026-01-03 19:20:45.698024: Current learning rate: 0.00888
2026-01-03 19:21:43.857051: train_loss 0.6402
2026-01-03 19:21:43.861870: val_loss 0.6295
2026-01-03 19:21:43.864928: val classification accuracy 0.5625
2026-01-03 19:21:43.868114: val auc 0.691
2026-01-03 19:21:43.871039: Epoch time: 58.18 s
2026-01-03 19:21:44.742626: 
2026-01-03 19:21:44.746153: Epoch 38
2026-01-03 19:21:44.748692: Current learning rate: 0.00885
2026-01-03 19:22:39.243201: train_loss 0.6441
2026-01-03 19:22:39.249461: val_loss 0.8183
2026-01-03 19:22:39.252619: val classification accuracy 0.5208
2026-01-03 19:22:39.255757: val auc 0.408
2026-01-03 19:22:39.259056: Epoch time: 54.5 s
2026-01-03 19:22:40.090000: 
2026-01-03 19:22:40.094475: Epoch 39
2026-01-03 19:22:40.097562: Current learning rate: 0.00882
2026-01-03 19:23:33.218374: train_loss 0.6487
2026-01-03 19:23:33.225743: val_loss 0.7449
2026-01-03 19:23:33.229911: val classification accuracy 0.5208
2026-01-03 19:23:33.233599: val auc 0.5425
2026-01-03 19:23:33.237203: Epoch time: 53.13 s
2026-01-03 19:23:36.347031: Saved periodic checkpoint /hpf/projects/jquon/sumin/nnUNet_data/nnUNet_results/Dataset033_AVM_T1+C/SEResNetTrainer_ep300_NoMirroring_x2__nnUNetResEncUNetLPlans__3d_fullres/fold_7/checkpoint_every20_best_balacc.pth at epoch 39 with val_balanced_accuracy=0.5208
2026-01-03 19:23:38.881222: Saved periodic checkpoint /hpf/projects/jquon/sumin/nnUNet_data/nnUNet_results/Dataset033_AVM_T1+C/SEResNetTrainer_ep300_NoMirroring_x2__nnUNetResEncUNetLPlans__3d_fullres/fold_7/checkpoint_every20_best_auroc.pth at epoch 39 with val_auc=0.5425
2026-01-03 19:23:39.624901: 
2026-01-03 19:23:39.628645: Epoch 40
2026-01-03 19:23:39.632142: Current learning rate: 0.00879
2026-01-03 19:24:35.213651: train_loss 0.6305
2026-01-03 19:24:35.231304: val_loss 0.6028
2026-01-03 19:24:35.234831: val classification accuracy 0.6667
2026-01-03 19:24:35.250775: val auc 0.7613
2026-01-03 19:24:35.254293: Epoch time: 55.59 s
2026-01-03 19:24:35.257025: Yayy! New best EMA pseudo Dice: 0.7613
2026-01-03 19:24:39.039924: 
2026-01-03 19:24:39.043575: Epoch 41
2026-01-03 19:24:39.046245: Current learning rate: 0.00876
2026-01-03 19:25:31.376617: train_loss 0.6325
2026-01-03 19:25:31.391808: val_loss 0.6564
2026-01-03 19:25:31.395343: val classification accuracy 0.5625
2026-01-03 19:25:31.398609: val auc 0.6719
2026-01-03 19:25:31.401849: Epoch time: 52.34 s
2026-01-03 19:25:32.293926: 
2026-01-03 19:25:32.307426: Epoch 42
2026-01-03 19:25:32.319864: Current learning rate: 0.00873
2026-01-03 19:26:25.222296: train_loss 0.6613
2026-01-03 19:26:25.227562: val_loss 0.5981
2026-01-03 19:26:25.230575: val classification accuracy 0.5833
2026-01-03 19:26:25.233488: val auc 0.7161
2026-01-03 19:26:25.236301: Epoch time: 52.93 s
2026-01-03 19:26:26.033007: 
2026-01-03 19:26:26.036770: Epoch 43
2026-01-03 19:26:26.039408: Current learning rate: 0.0087
2026-01-03 19:27:18.510447: train_loss 0.6001
2026-01-03 19:27:18.519833: val_loss 0.8804
2026-01-03 19:27:18.525298: val classification accuracy 0.5625
2026-01-03 19:27:18.530318: val auc 0.5148
2026-01-03 19:27:18.533418: Epoch time: 52.48 s
2026-01-03 19:27:19.406758: 
2026-01-03 19:27:19.410069: Epoch 44
2026-01-03 19:27:19.412950: Current learning rate: 0.00867
2026-01-03 19:28:14.850008: train_loss 0.6224
2026-01-03 19:28:14.855855: val_loss 0.7744
2026-01-03 19:28:14.858905: val classification accuracy 0.5208
2026-01-03 19:28:14.861941: val auc 0.5391
2026-01-03 19:28:14.864685: Epoch time: 55.44 s
2026-01-03 19:28:15.725908: 
2026-01-03 19:28:15.729366: Epoch 45
2026-01-03 19:28:15.732143: Current learning rate: 0.00864
2026-01-03 19:29:10.795803: train_loss 0.6323
2026-01-03 19:29:10.803748: val_loss 0.7452
2026-01-03 19:29:10.808000: val classification accuracy 0.4167
2026-01-03 19:29:10.812445: val auc 0.559
2026-01-03 19:29:10.816294: Epoch time: 55.07 s
2026-01-03 19:29:11.694956: 
2026-01-03 19:29:11.699609: Epoch 46
2026-01-03 19:29:11.702978: Current learning rate: 0.00861
2026-01-03 19:30:04.436735: train_loss 0.676
2026-01-03 19:30:04.446233: val_loss 0.6777
2026-01-03 19:30:04.452440: val classification accuracy 0.5417
2026-01-03 19:30:04.456176: val auc 0.5964
2026-01-03 19:30:04.460216: Epoch time: 52.74 s
2026-01-03 19:30:05.272257: 
2026-01-03 19:30:05.275771: Epoch 47
2026-01-03 19:30:05.278617: Current learning rate: 0.00858
2026-01-03 19:31:02.591680: train_loss 0.6368
2026-01-03 19:31:02.597932: val_loss 0.7708
2026-01-03 19:31:02.601762: val classification accuracy 0.5833
2026-01-03 19:31:02.605180: val auc 0.6372
2026-01-03 19:31:02.608498: Epoch time: 57.32 s
2026-01-03 19:31:04.350971: 
2026-01-03 19:31:04.355115: Epoch 48
2026-01-03 19:31:04.358071: Current learning rate: 0.00855
2026-01-03 19:31:59.218098: train_loss 0.6415
2026-01-03 19:31:59.233964: val_loss 0.7235
2026-01-03 19:31:59.237495: val classification accuracy 0.4792
2026-01-03 19:31:59.241494: val auc 0.5035
2026-01-03 19:31:59.244964: Epoch time: 54.87 s
2026-01-03 19:32:00.084652: 
2026-01-03 19:32:00.088119: Epoch 49
2026-01-03 19:32:00.090469: Current learning rate: 0.00852
2026-01-03 19:32:54.834604: train_loss 0.589
2026-01-03 19:32:54.870746: val_loss 0.8648
2026-01-03 19:32:54.873904: val classification accuracy 0.6667
2026-01-03 19:32:54.877042: val auc 0.6667
2026-01-03 19:32:54.880307: Epoch time: 54.75 s
2026-01-03 19:32:55.741385: 
2026-01-03 19:32:55.745208: Epoch 50
2026-01-03 19:32:55.748088: Current learning rate: 0.00849
2026-01-03 19:33:50.867235: train_loss 0.6375
2026-01-03 19:33:50.881508: val_loss 0.9071
2026-01-03 19:33:50.884747: val classification accuracy 0.5
2026-01-03 19:33:50.888127: val auc 0.4965
2026-01-03 19:33:50.891190: Epoch time: 55.13 s
2026-01-03 19:33:51.843657: 
2026-01-03 19:33:51.847675: Epoch 51
2026-01-03 19:33:51.850788: Current learning rate: 0.00846
2026-01-03 19:34:46.549004: train_loss 0.6327
2026-01-03 19:34:46.556368: val_loss 0.7423
2026-01-03 19:34:46.560054: val classification accuracy 0.5833
2026-01-03 19:34:46.563492: val auc 0.566
2026-01-03 19:34:46.566582: Epoch time: 54.71 s
2026-01-03 19:34:47.406253: 
2026-01-03 19:34:47.409708: Epoch 52
2026-01-03 19:34:47.412373: Current learning rate: 0.00843
2026-01-03 19:35:44.621508: train_loss 0.6231
2026-01-03 19:35:44.639303: val_loss 0.8214
2026-01-03 19:35:44.643501: val classification accuracy 0.4375
2026-01-03 19:35:44.647162: val auc 0.4714
2026-01-03 19:35:44.650331: Epoch time: 57.22 s
2026-01-03 19:35:45.516640: 
2026-01-03 19:35:45.519977: Epoch 53
2026-01-03 19:35:45.522223: Current learning rate: 0.00839
2026-01-03 19:36:39.296589: train_loss 0.6144
2026-01-03 19:36:39.318198: val_loss 0.9711
2026-01-03 19:36:39.322348: val classification accuracy 0.5208
2026-01-03 19:36:39.325462: val auc 0.5747
2026-01-03 19:36:39.328552: Epoch time: 53.78 s
2026-01-03 19:36:40.159053: 
2026-01-03 19:36:40.162899: Epoch 54
2026-01-03 19:36:40.165424: Current learning rate: 0.00836
2026-01-03 19:37:31.385080: train_loss 0.6386
2026-01-03 19:37:31.389094: val_loss 0.7122
2026-01-03 19:37:31.397489: val classification accuracy 0.5208
2026-01-03 19:37:31.401167: val auc 0.5955
2026-01-03 19:37:31.415776: Epoch time: 51.23 s
2026-01-03 19:37:32.248221: 
2026-01-03 19:37:32.252197: Epoch 55
2026-01-03 19:37:32.255244: Current learning rate: 0.00833
2026-01-03 19:38:25.297111: train_loss 0.5895
2026-01-03 19:38:25.302321: val_loss 1.0551
2026-01-03 19:38:25.305606: val classification accuracy 0.3958
2026-01-03 19:38:25.308719: val auc 0.3984
2026-01-03 19:38:25.311710: Epoch time: 53.05 s
2026-01-03 19:38:26.215933: 
2026-01-03 19:38:26.222243: Epoch 56
2026-01-03 19:38:26.225071: Current learning rate: 0.0083
2026-01-03 19:39:19.947772: train_loss 0.6448
2026-01-03 19:39:19.958460: val_loss 0.7646
2026-01-03 19:39:19.961967: val classification accuracy 0.4583
2026-01-03 19:39:19.964778: val auc 0.4132
2026-01-03 19:39:19.967892: Epoch time: 53.73 s
2026-01-03 19:39:20.886766: 
2026-01-03 19:39:20.890497: Epoch 57
2026-01-03 19:39:20.893475: Current learning rate: 0.00827
2026-01-03 19:40:16.859691: train_loss 0.6658
2026-01-03 19:40:16.914164: val_loss 0.7306
2026-01-03 19:40:16.920414: val classification accuracy 0.5625
2026-01-03 19:40:16.924229: val auc 0.5278
2026-01-03 19:40:16.927382: Epoch time: 55.97 s
2026-01-03 19:40:17.875282: 
2026-01-03 19:40:17.878727: Epoch 58
2026-01-03 19:40:17.881409: Current learning rate: 0.00824
2026-01-03 19:41:13.484810: train_loss 0.647
2026-01-03 19:41:13.491204: val_loss 0.6986
2026-01-03 19:41:13.494472: val classification accuracy 0.5625
2026-01-03 19:41:13.510053: val auc 0.6146
2026-01-03 19:41:13.524026: Epoch time: 55.61 s
2026-01-03 19:41:14.398255: 
2026-01-03 19:41:14.402577: Epoch 59
2026-01-03 19:41:14.406236: Current learning rate: 0.00821
2026-01-03 19:42:09.423459: train_loss 0.6471
2026-01-03 19:42:09.445252: val_loss 0.7626
2026-01-03 19:42:09.456042: val classification accuracy 0.4167
2026-01-03 19:42:09.486958: val auc 0.4358
2026-01-03 19:42:09.490203: Epoch time: 55.03 s
2026-01-03 19:42:10.391109: 
2026-01-03 19:42:10.394714: Epoch 60
2026-01-03 19:42:10.397568: Current learning rate: 0.00818
2026-01-03 19:43:05.815800: train_loss 0.635
2026-01-03 19:43:05.820724: val_loss 0.8211
2026-01-03 19:43:05.824123: val classification accuracy 0.4583
2026-01-03 19:43:05.827162: val auc 0.4497
2026-01-03 19:43:05.830538: Epoch time: 55.43 s
2026-01-03 19:43:06.654499: 
2026-01-03 19:43:06.658293: Epoch 61
2026-01-03 19:43:06.660953: Current learning rate: 0.00815
2026-01-03 19:44:01.041465: train_loss 0.6311
2026-01-03 19:44:01.065367: val_loss 0.7583
2026-01-03 19:44:01.086417: val classification accuracy 0.4583
2026-01-03 19:44:01.112190: val auc 0.4965
2026-01-03 19:44:01.116097: Epoch time: 54.39 s
2026-01-03 19:44:02.793351: 
2026-01-03 19:44:02.796761: Epoch 62
2026-01-03 19:44:02.799326: Current learning rate: 0.00812
2026-01-03 19:45:03.318581: train_loss 0.6369
2026-01-03 19:45:03.358607: val_loss 0.7173
2026-01-03 19:45:03.362648: val classification accuracy 0.5625
2026-01-03 19:45:03.366302: val auc 0.5495
2026-01-03 19:45:03.369177: Epoch time: 60.53 s
2026-01-03 19:45:04.185670: 
2026-01-03 19:45:04.188923: Epoch 63
2026-01-03 19:45:04.191406: Current learning rate: 0.00809
2026-01-03 19:46:02.941760: train_loss 0.6806
2026-01-03 19:46:02.946385: val_loss 0.7601
2026-01-03 19:46:02.949167: val classification accuracy 0.3958
2026-01-03 19:46:02.951993: val auc 0.3637
2026-01-03 19:46:02.954856: Epoch time: 58.76 s
2026-01-03 19:46:03.800097: 
2026-01-03 19:46:03.804717: Epoch 64
2026-01-03 19:46:03.807367: Current learning rate: 0.00806
2026-01-03 19:46:59.917361: train_loss 0.6488
2026-01-03 19:46:59.968686: val_loss 0.6779
2026-01-03 19:46:59.981987: val classification accuracy 0.6042
2026-01-03 19:47:00.013150: val auc 0.6233
2026-01-03 19:47:00.017280: Epoch time: 56.12 s
2026-01-03 19:47:00.865968: 
2026-01-03 19:47:00.869756: Epoch 65
2026-01-03 19:47:00.872679: Current learning rate: 0.00803
2026-01-03 19:47:56.727666: train_loss 0.6494
2026-01-03 19:47:56.731994: val_loss 0.8365
2026-01-03 19:47:56.734777: val classification accuracy 0.375
2026-01-03 19:47:56.737653: val auc 0.4028
2026-01-03 19:47:56.740320: Epoch time: 55.86 s
2026-01-03 19:47:57.570335: 
2026-01-03 19:47:57.573858: Epoch 66
2026-01-03 19:47:57.576465: Current learning rate: 0.008
2026-01-03 19:48:51.299776: train_loss 0.6373
2026-01-03 19:48:51.304941: val_loss 0.8583
2026-01-03 19:48:51.308188: val classification accuracy 0.4792
2026-01-03 19:48:51.311000: val auc 0.4705
2026-01-03 19:48:51.313803: Epoch time: 53.73 s
2026-01-03 19:48:52.219414: 
2026-01-03 19:48:52.222966: Epoch 67
2026-01-03 19:48:52.225781: Current learning rate: 0.00797
2026-01-03 19:49:41.793744: train_loss 0.6077
2026-01-03 19:49:41.807371: val_loss 0.9195
2026-01-03 19:49:41.814552: val classification accuracy 0.5208
2026-01-03 19:49:41.819557: val auc 0.5208
2026-01-03 19:49:41.824344: Epoch time: 49.58 s
2026-01-03 19:49:42.778886: 
2026-01-03 19:49:42.782732: Epoch 68
2026-01-03 19:49:42.785637: Current learning rate: 0.00793
2026-01-03 19:50:37.484758: train_loss 0.6556
2026-01-03 19:50:37.489619: val_loss 0.7284
2026-01-03 19:50:37.495692: val classification accuracy 0.5208
2026-01-03 19:50:37.498585: val auc 0.5312
2026-01-03 19:50:37.501794: Epoch time: 54.71 s
2026-01-03 19:50:38.451872: 
2026-01-03 19:50:38.455210: Epoch 69
2026-01-03 19:50:38.458195: Current learning rate: 0.0079
2026-01-03 19:51:36.464609: train_loss 0.6626
2026-01-03 19:51:36.472431: val_loss 0.8353
2026-01-03 19:51:36.476736: val classification accuracy 0.4167
2026-01-03 19:51:36.480493: val auc 0.4028
2026-01-03 19:51:36.483841: Epoch time: 58.01 s
2026-01-03 19:51:37.350706: 
2026-01-03 19:51:37.354379: Epoch 70
2026-01-03 19:51:37.357236: Current learning rate: 0.00787
2026-01-03 19:52:31.676085: train_loss 0.6571
2026-01-03 19:52:31.680370: val_loss 0.7377
2026-01-03 19:52:31.683733: val classification accuracy 0.5417
2026-01-03 19:52:31.687008: val auc 0.5608
2026-01-03 19:52:31.690324: Epoch time: 54.33 s
2026-01-03 19:52:32.567990: 
2026-01-03 19:52:32.572103: Epoch 71
2026-01-03 19:52:32.574941: Current learning rate: 0.00784
2026-01-03 19:53:25.846312: train_loss 0.66
2026-01-03 19:53:25.858142: val_loss 0.7703
2026-01-03 19:53:25.861425: val classification accuracy 0.4792
2026-01-03 19:53:25.864481: val auc 0.4774
2026-01-03 19:53:25.867748: Epoch time: 53.28 s
2026-01-03 19:53:26.784954: 
2026-01-03 19:53:26.788280: Epoch 72
2026-01-03 19:53:26.791013: Current learning rate: 0.00781
2026-01-03 19:54:23.124002: train_loss 0.6375
2026-01-03 19:54:23.128717: val_loss 0.7364
2026-01-03 19:54:23.131769: val classification accuracy 0.625
2026-01-03 19:54:23.134672: val auc 0.6267
2026-01-03 19:54:23.137437: Epoch time: 56.34 s
2026-01-03 19:54:24.012421: 
2026-01-03 19:54:24.018472: Epoch 73
2026-01-03 19:54:24.021456: Current learning rate: 0.00778
2026-01-03 19:55:20.293304: train_loss 0.6263
2026-01-03 19:55:20.303867: val_loss 0.6611
2026-01-03 19:55:20.307499: val classification accuracy 0.6042
2026-01-03 19:55:20.310922: val auc 0.6562
2026-01-03 19:55:20.314751: Epoch time: 56.28 s
2026-01-03 19:55:21.145376: 
2026-01-03 19:55:21.148986: Epoch 74
2026-01-03 19:55:21.152039: Current learning rate: 0.00775
2026-01-03 19:56:17.186930: train_loss 0.6397
2026-01-03 19:56:17.215911: val_loss 0.7244
2026-01-03 19:56:17.218816: val classification accuracy 0.5417
2026-01-03 19:56:17.221799: val auc 0.5347
2026-01-03 19:56:17.224567: Epoch time: 56.04 s
2026-01-03 19:56:18.050743: 
2026-01-03 19:56:18.054329: Epoch 75
2026-01-03 19:56:18.057128: Current learning rate: 0.00772
2026-01-03 19:57:08.798018: train_loss 0.6042
2026-01-03 19:57:08.802786: val_loss 0.7926
2026-01-03 19:57:08.806086: val classification accuracy 0.5625
2026-01-03 19:57:08.809248: val auc 0.5642
2026-01-03 19:57:08.811995: Epoch time: 50.75 s
2026-01-03 19:57:10.396970: 
2026-01-03 19:57:10.400331: Epoch 76
2026-01-03 19:57:10.402843: Current learning rate: 0.00769
2026-01-03 19:58:09.028546: train_loss 0.6115
2026-01-03 19:58:09.077812: val_loss 0.8404
2026-01-03 19:58:09.080757: val classification accuracy 0.5
2026-01-03 19:58:09.083357: val auc 0.5278
2026-01-03 19:58:09.092944: Epoch time: 58.63 s
2026-01-03 19:58:09.955480: 
2026-01-03 19:58:09.959226: Epoch 77
2026-01-03 19:58:09.962290: Current learning rate: 0.00766
2026-01-03 19:59:03.060812: train_loss 0.6373
2026-01-03 19:59:03.066916: val_loss 0.6281
2026-01-03 19:59:03.070378: val classification accuracy 0.625
2026-01-03 19:59:03.073562: val auc 0.691
2026-01-03 19:59:03.088377: Epoch time: 53.11 s
2026-01-03 19:59:04.035581: 
2026-01-03 19:59:04.039473: Epoch 78
2026-01-03 19:59:04.042252: Current learning rate: 0.00763
2026-01-03 19:59:56.992514: train_loss 0.6131
2026-01-03 19:59:57.015223: val_loss 0.7795
2026-01-03 19:59:57.019899: val classification accuracy 0.5625
2026-01-03 19:59:57.023764: val auc 0.5191
2026-01-03 19:59:57.027316: Epoch time: 52.96 s
2026-01-03 19:59:57.918161: 
2026-01-03 19:59:57.921813: Epoch 79
2026-01-03 19:59:57.924514: Current learning rate: 0.0076
2026-01-03 20:00:55.667027: train_loss 0.626
2026-01-03 20:00:55.677519: val_loss 0.6667
2026-01-03 20:00:55.680532: val classification accuracy 0.7083
2026-01-03 20:00:55.683667: val auc 0.6918
2026-01-03 20:00:55.686537: Epoch time: 57.75 s
2026-01-03 20:00:58.073292: Saved periodic checkpoint /hpf/projects/jquon/sumin/nnUNet_data/nnUNet_results/Dataset033_AVM_T1+C/SEResNetTrainer_ep300_NoMirroring_x2__nnUNetResEncUNetLPlans__3d_fullres/fold_7/checkpoint_every20_best_balacc.pth at epoch 79 with val_balanced_accuracy=0.7083
2026-01-03 20:00:59.854353: Saved periodic checkpoint /hpf/projects/jquon/sumin/nnUNet_data/nnUNet_results/Dataset033_AVM_T1+C/SEResNetTrainer_ep300_NoMirroring_x2__nnUNetResEncUNetLPlans__3d_fullres/fold_7/checkpoint_every20_best_auroc.pth at epoch 79 with val_auc=0.6918
2026-01-03 20:00:59.858343: Yayy! New best classification accuracy: 0.7083
2026-01-03 20:01:03.432076: 
2026-01-03 20:01:03.435846: Epoch 80
2026-01-03 20:01:03.438447: Current learning rate: 0.00756
2026-01-03 20:01:57.282654: train_loss 0.6097
2026-01-03 20:01:57.288105: val_loss 0.8845
2026-01-03 20:01:57.328716: val classification accuracy 0.4375
2026-01-03 20:01:57.336056: val auc 0.4774
2026-01-03 20:01:57.375486: Epoch time: 53.85 s
2026-01-03 20:01:58.274793: 
2026-01-03 20:01:58.279958: Epoch 81
2026-01-03 20:01:58.283468: Current learning rate: 0.00753
2026-01-03 20:02:52.648227: train_loss 0.6154
2026-01-03 20:02:52.664150: val_loss 1.0106
2026-01-03 20:02:52.689734: val classification accuracy 0.3958
2026-01-03 20:02:52.700818: val auc 0.3863
2026-01-03 20:02:52.713807: Epoch time: 54.37 s
2026-01-03 20:02:53.678338: 
2026-01-03 20:02:53.682365: Epoch 82
2026-01-03 20:02:53.685825: Current learning rate: 0.0075
2026-01-03 20:03:46.809210: train_loss 0.6333
2026-01-03 20:03:46.817537: val_loss 0.9498
2026-01-03 20:03:46.822256: val classification accuracy 0.3958
2026-01-03 20:03:46.826434: val auc 0.4062
2026-01-03 20:03:46.832439: Epoch time: 53.13 s
2026-01-03 20:03:47.703825: 
2026-01-03 20:03:47.707483: Epoch 83
2026-01-03 20:03:47.710339: Current learning rate: 0.00747
2026-01-03 20:04:41.698814: train_loss 0.5914
2026-01-03 20:04:41.703407: val_loss 0.895
2026-01-03 20:04:41.708046: val classification accuracy 0.5208
2026-01-03 20:04:41.735858: val auc 0.546
2026-01-03 20:04:41.739245: Epoch time: 54.0 s
2026-01-03 20:04:42.551397: 
2026-01-03 20:04:42.555303: Epoch 84
2026-01-03 20:04:42.558049: Current learning rate: 0.00744
2026-01-03 20:05:37.373128: train_loss 0.6207
2026-01-03 20:05:37.377998: val_loss 0.7465
2026-01-03 20:05:37.380933: val classification accuracy 0.4792
2026-01-03 20:05:37.383681: val auc 0.5868
2026-01-03 20:05:37.386424: Epoch time: 54.82 s
2026-01-03 20:05:38.281620: 
2026-01-03 20:05:38.285307: Epoch 85
2026-01-03 20:05:38.288113: Current learning rate: 0.00741
2026-01-03 20:06:33.075593: train_loss 0.6244
2026-01-03 20:06:33.088839: val_loss 0.8811
2026-01-03 20:06:33.092040: val classification accuracy 0.5417
2026-01-03 20:06:33.104935: val auc 0.5972
2026-01-03 20:06:33.129304: Epoch time: 54.8 s
2026-01-03 20:06:33.963828: 
2026-01-03 20:06:33.967363: Epoch 86
2026-01-03 20:06:33.969903: Current learning rate: 0.00738
2026-01-03 20:07:27.994320: train_loss 0.6075
2026-01-03 20:07:28.010953: val_loss 0.7364
2026-01-03 20:07:28.015417: val classification accuracy 0.5417
2026-01-03 20:07:28.018283: val auc 0.6076
2026-01-03 20:07:28.021266: Epoch time: 54.03 s
2026-01-03 20:07:28.861433: 
2026-01-03 20:07:28.864860: Epoch 87
2026-01-03 20:07:28.867320: Current learning rate: 0.00735
2026-01-03 20:08:21.772389: train_loss 0.5943
2026-01-03 20:08:21.777855: val_loss 0.6613
2026-01-03 20:08:21.781319: val classification accuracy 0.6458
2026-01-03 20:08:21.784851: val auc 0.6849
2026-01-03 20:08:21.788044: Epoch time: 52.91 s
2026-01-03 20:08:22.701096: 
2026-01-03 20:08:22.706167: Epoch 88
2026-01-03 20:08:22.710321: Current learning rate: 0.00732
2026-01-03 20:09:15.534320: train_loss 0.6333
2026-01-03 20:09:15.541119: val_loss 0.7692
2026-01-03 20:09:15.544634: val classification accuracy 0.5208
2026-01-03 20:09:15.547843: val auc 0.6076
2026-01-03 20:09:15.551444: Epoch time: 52.83 s
2026-01-03 20:09:17.208169: 
2026-01-03 20:09:17.212491: Epoch 89
2026-01-03 20:09:17.216114: Current learning rate: 0.00729
2026-01-03 20:10:08.836745: train_loss 0.6284
2026-01-03 20:10:08.841496: val_loss 0.9309
2026-01-03 20:10:08.844960: val classification accuracy 0.4583
2026-01-03 20:10:08.849143: val auc 0.4774
2026-01-03 20:10:08.853240: Epoch time: 51.63 s
2026-01-03 20:10:09.689573: 
2026-01-03 20:10:09.693192: Epoch 90
2026-01-03 20:10:09.695915: Current learning rate: 0.00725
2026-01-03 20:11:05.046015: train_loss 0.5587
2026-01-03 20:11:05.054071: val_loss 0.825
2026-01-03 20:11:05.057485: val classification accuracy 0.5625
2026-01-03 20:11:05.060745: val auc 0.605
2026-01-03 20:11:05.064090: Epoch time: 55.36 s
2026-01-03 20:11:05.914974: 
2026-01-03 20:11:05.918223: Epoch 91
2026-01-03 20:11:05.920802: Current learning rate: 0.00722
2026-01-03 20:12:02.732157: train_loss 0.6415
2026-01-03 20:12:02.739083: val_loss 0.9189
2026-01-03 20:12:02.748413: val classification accuracy 0.4375
2026-01-03 20:12:02.752511: val auc 0.4323
2026-01-03 20:12:02.756269: Epoch time: 56.82 s
2026-01-03 20:12:03.661582: 
2026-01-03 20:12:03.665458: Epoch 92
2026-01-03 20:12:03.668069: Current learning rate: 0.00719
2026-01-03 20:12:58.528532: train_loss 0.5719
2026-01-03 20:12:58.533144: val_loss 0.758
2026-01-03 20:12:58.536152: val classification accuracy 0.625
2026-01-03 20:12:58.539330: val auc 0.6597
2026-01-03 20:12:58.542067: Epoch time: 54.87 s
2026-01-03 20:12:59.384168: 
2026-01-03 20:12:59.387938: Epoch 93
2026-01-03 20:12:59.390717: Current learning rate: 0.00716
2026-01-03 20:13:54.617107: train_loss 0.5757
2026-01-03 20:13:54.648096: val_loss 0.9119
2026-01-03 20:13:54.651127: val classification accuracy 0.5
2026-01-03 20:13:54.654148: val auc 0.6233
2026-01-03 20:13:54.657259: Epoch time: 55.23 s
2026-01-03 20:13:55.566803: 
2026-01-03 20:13:55.570458: Epoch 94
2026-01-03 20:13:55.573285: Current learning rate: 0.00713
2026-01-03 20:14:50.160385: train_loss 0.6235
2026-01-03 20:14:50.165043: val_loss 0.7675
2026-01-03 20:14:50.167894: val classification accuracy 0.5417
2026-01-03 20:14:50.170934: val auc 0.5408
2026-01-03 20:14:50.174019: Epoch time: 54.59 s
2026-01-03 20:14:50.976407: 
2026-01-03 20:14:50.979945: Epoch 95
2026-01-03 20:14:50.982605: Current learning rate: 0.0071
2026-01-03 20:15:45.024034: train_loss 0.6298
2026-01-03 20:15:45.030752: val_loss 0.8465
2026-01-03 20:15:45.034281: val classification accuracy 0.4583
2026-01-03 20:15:45.037749: val auc 0.3941
2026-01-03 20:15:45.040748: Epoch time: 54.05 s
2026-01-03 20:15:45.881486: 
2026-01-03 20:15:45.885007: Epoch 96
2026-01-03 20:15:45.887673: Current learning rate: 0.00707
2026-01-03 20:16:40.459897: train_loss 0.5755
2026-01-03 20:16:40.467599: val_loss 0.7949
2026-01-03 20:16:40.471825: val classification accuracy 0.625
2026-01-03 20:16:40.485914: val auc 0.6458
2026-01-03 20:16:40.490335: Epoch time: 54.58 s
2026-01-03 20:16:41.345452: 
2026-01-03 20:16:41.350590: Epoch 97
2026-01-03 20:16:41.354167: Current learning rate: 0.00704
2026-01-03 20:17:34.365355: train_loss 0.6323
2026-01-03 20:17:34.378353: val_loss 0.6768
2026-01-03 20:17:34.382077: val classification accuracy 0.625
2026-01-03 20:17:34.385707: val auc 0.6372
2026-01-03 20:17:34.391674: Epoch time: 53.02 s
2026-01-03 20:17:35.297835: 
2026-01-03 20:17:35.301506: Epoch 98
2026-01-03 20:17:35.304171: Current learning rate: 0.007
2026-01-03 20:18:29.933695: train_loss 0.5862
2026-01-03 20:18:29.945808: val_loss 0.8123
2026-01-03 20:18:29.949312: val classification accuracy 0.5208
2026-01-03 20:18:29.956128: val auc 0.5347
2026-01-03 20:18:29.959528: Epoch time: 54.64 s
2026-01-03 20:18:30.804175: 
2026-01-03 20:18:30.807669: Epoch 99
2026-01-03 20:18:30.810558: Current learning rate: 0.00697
2026-01-03 20:19:26.957738: train_loss 0.6027
2026-01-03 20:19:26.962504: val_loss 0.8628
2026-01-03 20:19:26.966039: val classification accuracy 0.5
2026-01-03 20:19:26.969372: val auc 0.5122
2026-01-03 20:19:26.973028: Epoch time: 56.15 s
2026-01-03 20:19:27.964995: 
2026-01-03 20:19:27.968609: Epoch 100
2026-01-03 20:19:27.971664: Current learning rate: 0.00694
2026-01-03 20:20:21.505175: train_loss 0.593
2026-01-03 20:20:21.525080: val_loss 0.8458
2026-01-03 20:20:21.548703: val classification accuracy 0.4583
2026-01-03 20:20:21.555063: val auc 0.4826
2026-01-03 20:20:21.558526: Epoch time: 53.54 s
2026-01-03 20:20:22.513172: 
2026-01-03 20:20:22.517015: Epoch 101
2026-01-03 20:20:22.520163: Current learning rate: 0.00691
2026-01-03 20:21:16.886220: train_loss 0.5834
2026-01-03 20:21:16.892161: val_loss 0.9655
2026-01-03 20:21:16.895682: val classification accuracy 0.4792
2026-01-03 20:21:16.899143: val auc 0.4826
2026-01-03 20:21:16.903373: Epoch time: 54.37 s
2026-01-03 20:21:17.860232: 
2026-01-03 20:21:17.864311: Epoch 102
2026-01-03 20:21:17.867262: Current learning rate: 0.00688
2026-01-03 20:22:15.141227: train_loss 0.6095
2026-01-03 20:22:15.169337: val_loss 0.7488
2026-01-03 20:22:15.172710: val classification accuracy 0.5
2026-01-03 20:22:15.175546: val auc 0.5677
2026-01-03 20:22:15.178521: Epoch time: 57.28 s
2026-01-03 20:22:16.817244: 
2026-01-03 20:22:16.820753: Epoch 103
2026-01-03 20:22:16.823476: Current learning rate: 0.00685
2026-01-03 20:23:11.828195: train_loss 0.6143
2026-01-03 20:23:11.856115: val_loss 0.7426
2026-01-03 20:23:11.862471: val classification accuracy 0.5
2026-01-03 20:23:11.874593: val auc 0.5365
2026-01-03 20:23:11.878205: Epoch time: 55.01 s
2026-01-03 20:23:12.741980: 
2026-01-03 20:23:12.745500: Epoch 104
2026-01-03 20:23:12.748122: Current learning rate: 0.00682
2026-01-03 20:24:05.939230: train_loss 0.5754
2026-01-03 20:24:05.975561: val_loss 0.8936
2026-01-03 20:24:05.978589: val classification accuracy 0.4167
2026-01-03 20:24:05.981671: val auc 0.4427
2026-01-03 20:24:05.984475: Epoch time: 53.2 s
2026-01-03 20:24:06.859890: 
2026-01-03 20:24:06.864294: Epoch 105
2026-01-03 20:24:06.867407: Current learning rate: 0.00679
2026-01-03 20:25:00.123183: train_loss 0.5867
2026-01-03 20:25:00.128049: val_loss 0.7982
2026-01-03 20:25:00.131275: val classification accuracy 0.5625
2026-01-03 20:25:00.134207: val auc 0.599
2026-01-03 20:25:00.137123: Epoch time: 53.26 s
2026-01-03 20:25:01.059167: 
2026-01-03 20:25:01.062557: Epoch 106
2026-01-03 20:25:01.065258: Current learning rate: 0.00675
2026-01-03 20:25:54.547599: train_loss 0.6072
2026-01-03 20:25:54.553080: val_loss 0.8519
2026-01-03 20:25:54.557137: val classification accuracy 0.4792
2026-01-03 20:25:54.560724: val auc 0.526
2026-01-03 20:25:54.564185: Epoch time: 53.49 s
2026-01-03 20:25:55.412825: 
2026-01-03 20:25:55.416988: Epoch 107
2026-01-03 20:25:55.420171: Current learning rate: 0.00672
2026-01-03 20:26:51.664662: train_loss 0.5202
2026-01-03 20:26:51.676626: val_loss 0.9578
2026-01-03 20:26:51.681122: val classification accuracy 0.4792
2026-01-03 20:26:51.685037: val auc 0.5538
2026-01-03 20:26:51.742424: Epoch time: 56.25 s
2026-01-03 20:26:52.611900: 
2026-01-03 20:26:52.615429: Epoch 108
2026-01-03 20:26:52.618008: Current learning rate: 0.00669
2026-01-03 20:27:44.397188: train_loss 0.6035
2026-01-03 20:27:44.404246: val_loss 0.9623
2026-01-03 20:27:44.407591: val classification accuracy 0.4792
2026-01-03 20:27:44.417813: val auc 0.3403
2026-01-03 20:27:44.420581: Epoch time: 51.79 s
2026-01-03 20:27:45.309264: 
2026-01-03 20:27:45.312978: Epoch 109
2026-01-03 20:27:45.315728: Current learning rate: 0.00666
2026-01-03 20:28:38.482446: train_loss 0.6264
2026-01-03 20:28:38.527182: val_loss 0.8185
2026-01-03 20:28:38.541774: val classification accuracy 0.6042
2026-01-03 20:28:38.544590: val auc 0.5356
2026-01-03 20:28:38.547975: Epoch time: 53.17 s
2026-01-03 20:28:39.381281: 
2026-01-03 20:28:39.385155: Epoch 110
2026-01-03 20:28:39.388048: Current learning rate: 0.00663
2026-01-03 20:29:32.211598: train_loss 0.521
2026-01-03 20:29:32.228713: val_loss 1.0576
2026-01-03 20:29:32.241716: val classification accuracy 0.5
2026-01-03 20:29:32.244853: val auc 0.4618
2026-01-03 20:29:32.248239: Epoch time: 52.83 s
2026-01-03 20:29:33.157499: 
2026-01-03 20:29:33.161217: Epoch 111
2026-01-03 20:29:33.164496: Current learning rate: 0.0066
2026-01-03 20:30:27.396824: train_loss 0.5612
2026-01-03 20:30:27.405381: val_loss 0.8645
2026-01-03 20:30:27.408974: val classification accuracy 0.5
2026-01-03 20:30:27.412487: val auc 0.5243
2026-01-03 20:30:27.415885: Epoch time: 54.24 s
2026-01-03 20:30:28.317316: 
2026-01-03 20:30:28.321424: Epoch 112
2026-01-03 20:30:28.325334: Current learning rate: 0.00657
2026-01-03 20:31:18.302526: train_loss 0.5841
2026-01-03 20:31:18.307489: val_loss 1.0454
2026-01-03 20:31:18.310439: val classification accuracy 0.4583
2026-01-03 20:31:18.313431: val auc 0.5069
2026-01-03 20:31:18.316452: Epoch time: 49.99 s
2026-01-03 20:31:19.152592: 
2026-01-03 20:31:19.156460: Epoch 113
2026-01-03 20:31:19.159398: Current learning rate: 0.00654
2026-01-03 20:32:11.075202: train_loss 0.578
2026-01-03 20:32:11.083254: val_loss 0.9849
2026-01-03 20:32:11.088056: val classification accuracy 0.4583
2026-01-03 20:32:11.092964: val auc 0.4531
2026-01-03 20:32:11.097748: Epoch time: 51.92 s
2026-01-03 20:32:12.020834: 
2026-01-03 20:32:12.025353: Epoch 114
2026-01-03 20:32:12.028404: Current learning rate: 0.0065
2026-01-03 20:33:05.353337: train_loss 0.5728
2026-01-03 20:33:05.358367: val_loss 0.9092
2026-01-03 20:33:05.361549: val classification accuracy 0.4375
2026-01-03 20:33:05.364691: val auc 0.4705
2026-01-03 20:33:05.367827: Epoch time: 53.33 s
2026-01-03 20:33:06.189432: 
2026-01-03 20:33:06.195015: Epoch 115
2026-01-03 20:33:06.198134: Current learning rate: 0.00647
2026-01-03 20:34:04.088317: train_loss 0.5429
2026-01-03 20:34:04.092582: val_loss 1.0675
2026-01-03 20:34:04.097034: val classification accuracy 0.4583
2026-01-03 20:34:04.100456: val auc 0.4392
2026-01-03 20:34:04.137692: Epoch time: 57.9 s
2026-01-03 20:34:04.962672: 
2026-01-03 20:34:04.966951: Epoch 116
2026-01-03 20:34:04.969890: Current learning rate: 0.00644
2026-01-03 20:34:56.311862: train_loss 0.5829
2026-01-03 20:34:56.318125: val_loss 0.763
2026-01-03 20:34:56.322726: val classification accuracy 0.5208
2026-01-03 20:34:56.327088: val auc 0.6562
2026-01-03 20:34:56.330942: Epoch time: 51.35 s
2026-01-03 20:34:58.082781: 
2026-01-03 20:34:58.087075: Epoch 117
2026-01-03 20:34:58.090214: Current learning rate: 0.00641
2026-01-03 20:35:47.138893: train_loss 0.5395
2026-01-03 20:35:47.150727: val_loss 0.9721
2026-01-03 20:35:47.154903: val classification accuracy 0.4792
2026-01-03 20:35:47.158433: val auc 0.5434
2026-01-03 20:35:47.162017: Epoch time: 49.06 s
2026-01-03 20:35:47.988853: 
2026-01-03 20:35:47.992989: Epoch 118
2026-01-03 20:35:47.996410: Current learning rate: 0.00638
2026-01-03 20:36:38.329403: train_loss 0.5749
2026-01-03 20:36:38.346573: val_loss 1.1638
2026-01-03 20:36:38.351860: val classification accuracy 0.3958
2026-01-03 20:36:38.383168: val auc 0.3663
2026-01-03 20:36:38.400964: Epoch time: 50.34 s
2026-01-03 20:36:39.250891: 
2026-01-03 20:36:39.254600: Epoch 119
2026-01-03 20:36:39.257501: Current learning rate: 0.00635
2026-01-03 20:37:37.303201: train_loss 0.5864
2026-01-03 20:37:37.307639: val_loss 0.8476
2026-01-03 20:37:37.310817: val classification accuracy 0.5208
2026-01-03 20:37:37.314162: val auc 0.5365
2026-01-03 20:37:37.317565: Epoch time: 58.05 s
2026-01-03 20:37:38.136666: 
2026-01-03 20:37:38.141084: Epoch 120
2026-01-03 20:37:38.144723: Current learning rate: 0.00631
2026-01-03 20:38:27.509870: train_loss 0.5636
2026-01-03 20:38:27.515562: val_loss 0.7428
2026-01-03 20:38:27.519457: val classification accuracy 0.6042
2026-01-03 20:38:27.523179: val auc 0.6606
2026-01-03 20:38:27.527748: Epoch time: 49.37 s
2026-01-03 20:38:28.431667: 
2026-01-03 20:38:28.435565: Epoch 121
2026-01-03 20:38:28.438430: Current learning rate: 0.00628
2026-01-03 20:39:23.058814: train_loss 0.6545
2026-01-03 20:39:23.063774: val_loss 0.8184
2026-01-03 20:39:23.067203: val classification accuracy 0.4583
2026-01-03 20:39:23.070444: val auc 0.3967
2026-01-03 20:39:23.073616: Epoch time: 54.63 s
2026-01-03 20:39:23.978637: 
2026-01-03 20:39:23.983451: Epoch 122
2026-01-03 20:39:23.986960: Current learning rate: 0.00625
2026-01-03 20:40:19.734698: train_loss 0.6051
2026-01-03 20:40:19.741174: val_loss 0.9494
2026-01-03 20:40:19.750813: val classification accuracy 0.4583
2026-01-03 20:40:19.754434: val auc 0.4288
2026-01-03 20:40:19.759021: Epoch time: 55.76 s
2026-01-03 20:40:19.762612: Early stopping triggered at epoch 122. Best val_losses=0.5981
2026-01-03 20:40:20.702761: Stopping training early due to early stopping criterion.
2026-01-03 20:40:23.491587: Training done.
2026-01-03 20:40:23.560321: Skipping perform_actual_validation for classification trainer (segmentation-style sliding window is not applicable).
[1;34mwandb[0m: 
[1;34mwandb[0m:  View run [33mSEResNetTrainer_ep300_NoMirroring_x2_fold7[0m at: [34m[0m
[1;34mwandb[0m: Find logs at: [1;35m../../tmp/wandb/wandb/run-20260103_184547-om98e7p1/logs[0m
