Using device: cuda:0

#######################################################################
Please cite the following paper when using nnU-Net:
Isensee, F., Jaeger, P. F., Kohl, S. A., Petersen, J., & Maier-Hein, K. H. (2021). nnU-Net: a self-configuring method for deep learning-based biomedical image segmentation. Nature methods, 18(2), 203-211.
#######################################################################

2026-01-03 21:35:41.277867: Using torch.compile...
2026-01-03 21:35:46.483950: do_dummy_2d_data_aug: False
2026-01-03 21:35:46.487869: Using splits from existing split file: /hpf/projects/jquon/sumin/nnUNet_data/nnUNet_preprocessed/Dataset033_AVM_T1+C/splits_final.json
2026-01-03 21:35:46.491701: The split file contains 11 splits.
2026-01-03 21:35:46.493677: Desired fold for training: 10
2026-01-03 21:35:46.495449: This split has 472 training and 40 validation cases.
using pin_memory on device 0
using pin_memory on device 0

This is the configuration used by this training:
Configuration name: 3d_fullres
 {'data_identifier': 'nnUNetPlans_3d_fullres', 'preprocessor_name': 'DefaultPreprocessor', 'batch_size': 2, 'patch_size': [160, 224, 192], 'median_image_size_in_voxels': [344.0, 448.0, 429.0], 'spacing': [0.500000923871994, 0.4910714328289032, 0.4910714328289032], 'normalization_schemes': ['ZScoreNormalization'], 'use_mask_for_norm': [False], 'resampling_fn_data': 'resample_data_or_seg_to_shape', 'resampling_fn_seg': 'resample_data_or_seg_to_shape', 'resampling_fn_data_kwargs': {'is_seg': False, 'order': 3, 'order_z': 0, 'force_separate_z': None}, 'resampling_fn_seg_kwargs': {'is_seg': True, 'order': 1, 'order_z': 0, 'force_separate_z': None}, 'resampling_fn_probabilities': 'resample_data_or_seg_to_shape', 'resampling_fn_probabilities_kwargs': {'is_seg': False, 'order': 1, 'order_z': 0, 'force_separate_z': None}, 'architecture': {'network_class_name': 'dynamic_network_architectures.architectures.unet.ResidualEncoderUNet', 'arch_kwargs': {'n_stages': 6, 'features_per_stage': [32, 64, 128, 256, 320, 320], 'conv_op': 'torch.nn.modules.conv.Conv3d', 'kernel_sizes': [[3, 3, 3], [3, 3, 3], [3, 3, 3], [3, 3, 3], [3, 3, 3], [3, 3, 3]], 'strides': [[1, 1, 1], [2, 2, 2], [2, 2, 2], [2, 2, 2], [2, 2, 2], [2, 2, 2]], 'n_blocks_per_stage': [1, 3, 4, 6, 6, 6], 'n_conv_per_stage_decoder': [1, 1, 1, 1, 1], 'conv_bias': True, 'norm_op': 'torch.nn.modules.instancenorm.InstanceNorm3d', 'norm_op_kwargs': {'eps': 1e-05, 'affine': True}, 'dropout_op': None, 'dropout_op_kwargs': None, 'nonlin': 'torch.nn.LeakyReLU', 'nonlin_kwargs': {'inplace': True}}, '_kw_requires_import': ['conv_op', 'norm_op', 'dropout_op', 'nonlin']}, 'batch_dice': True} 

These are the global plan.json settings:
 {'dataset_name': 'Dataset033_AVM_T1+C', 'plans_name': 'nnUNetResEncUNetLPlans', 'original_median_spacing_after_transp': [0.500000923871994, 0.4910714328289032, 0.4910714328289032], 'original_median_shape_after_transp': [330, 448, 424], 'image_reader_writer': 'SimpleITKIO', 'transpose_forward': [0, 1, 2], 'transpose_backward': [0, 1, 2], 'experiment_planner_used': 'nnUNetPlannerResEncL', 'label_manager': 'LabelManager', 'foreground_intensity_properties_per_channel': {'0': {'max': 12113.0, 'mean': 449.843505859375, 'median': 311.0, 'min': 0.0, 'percentile_00_5': 34.0, 'percentile_99_5': 3202.0, 'std': 471.56329345703125}}} 

2026-01-03 21:35:49.670455: Unable to plot network architecture: nnUNet_compile is enabled!
2026-01-03 21:35:49.693423: 
2026-01-03 21:35:49.696150: Epoch 0
2026-01-03 21:35:49.698336: Current learning rate: 0.01
2026-01-03 21:37:19.349640: train_loss 1.5382
2026-01-03 21:37:19.377212: val_loss 12.3355
2026-01-03 21:37:19.379772: val classification accuracy 0.425
2026-01-03 21:37:19.382285: val auc 0.46
2026-01-03 21:37:19.385892: Epoch time: 89.66 s
2026-01-03 21:37:19.388161: Yayy! New best EMA pseudo Dice: 0.46
2026-01-03 21:37:22.074116: Yayy! New best classification accuracy: 0.425
2026-01-03 21:37:24.706133: 
2026-01-03 21:37:24.709027: Epoch 1
2026-01-03 21:37:24.711329: Current learning rate: 0.00997
2026-01-03 21:38:20.486926: train_loss 1.2174
2026-01-03 21:38:20.491720: val_loss 0.9462
2026-01-03 21:38:20.494761: val classification accuracy 0.625
2026-01-03 21:38:20.520486: val auc 0.68
2026-01-03 21:38:20.546041: Epoch time: 55.78 s
2026-01-03 21:38:20.552252: Yayy! New best EMA pseudo Dice: 0.68
2026-01-03 21:38:24.159998: Yayy! New best classification accuracy: 0.625
2026-01-03 21:38:27.118020: 
2026-01-03 21:38:27.120842: Epoch 2
2026-01-03 21:38:27.123284: Current learning rate: 0.00994
2026-01-03 21:39:19.699218: train_loss 0.8775
2026-01-03 21:39:19.703784: val_loss 1.5465
2026-01-03 21:39:19.724625: val classification accuracy 0.275
2026-01-03 21:39:19.737439: val auc 0.285
2026-01-03 21:39:19.740319: Epoch time: 52.58 s
2026-01-03 21:39:20.599320: 
2026-01-03 21:39:20.602620: Epoch 3
2026-01-03 21:39:20.604751: Current learning rate: 0.00991
2026-01-03 21:40:15.329451: train_loss 0.6969
2026-01-03 21:40:15.350786: val_loss 0.6075
2026-01-03 21:40:15.354048: val classification accuracy 0.55
2026-01-03 21:40:15.356863: val auc 0.5913
2026-01-03 21:40:15.359825: Epoch time: 54.73 s
2026-01-03 21:40:16.199833: 
2026-01-03 21:40:16.202982: Epoch 4
2026-01-03 21:40:16.205253: Current learning rate: 0.00988
2026-01-03 21:41:12.509660: train_loss 0.7068
2026-01-03 21:41:12.518693: val_loss 0.6185
2026-01-03 21:41:12.521949: val classification accuracy 0.7
2026-01-03 21:41:12.525023: val auc 0.6212
2026-01-03 21:41:12.527751: Epoch time: 56.31 s
2026-01-03 21:41:12.529737: Yayy! New best classification accuracy: 0.7
2026-01-03 21:41:16.318814: 
2026-01-03 21:41:16.322163: Epoch 5
2026-01-03 21:41:16.324376: Current learning rate: 0.00985
2026-01-03 21:42:13.189819: train_loss 0.6941
2026-01-03 21:42:13.203210: val_loss 0.654
2026-01-03 21:42:13.233848: val classification accuracy 0.525
2026-01-03 21:42:13.242098: val auc 0.5375
2026-01-03 21:42:13.247247: Epoch time: 56.87 s
2026-01-03 21:42:14.208635: 
2026-01-03 21:42:14.211924: Epoch 6
2026-01-03 21:42:14.214330: Current learning rate: 0.00982
2026-01-03 21:43:11.415210: train_loss 0.6846
2026-01-03 21:43:11.433110: val_loss 0.8531
2026-01-03 21:43:11.461943: val classification accuracy 0.5
2026-01-03 21:43:11.465321: val auc 0.5137
2026-01-03 21:43:11.468373: Epoch time: 57.21 s
2026-01-03 21:43:12.342000: 
2026-01-03 21:43:12.345711: Epoch 7
2026-01-03 21:43:12.347972: Current learning rate: 0.00979
2026-01-03 21:44:06.966218: train_loss 0.7057
2026-01-03 21:44:06.975629: val_loss 0.731
2026-01-03 21:44:06.978434: val classification accuracy 0.45
2026-01-03 21:44:06.980954: val auc 0.4812
2026-01-03 21:44:06.983456: Epoch time: 54.63 s
2026-01-03 21:44:07.798150: 
2026-01-03 21:44:07.803248: Epoch 8
2026-01-03 21:44:07.806620: Current learning rate: 0.00976
2026-01-03 21:44:59.328257: train_loss 0.6864
2026-01-03 21:44:59.343161: val_loss 0.7688
2026-01-03 21:44:59.354125: val classification accuracy 0.475
2026-01-03 21:44:59.357319: val auc 0.5162
2026-01-03 21:44:59.359793: Epoch time: 51.53 s
2026-01-03 21:45:00.210294: 
2026-01-03 21:45:00.213778: Epoch 9
2026-01-03 21:45:00.215908: Current learning rate: 0.00973
2026-01-03 21:45:56.165789: train_loss 0.6838
2026-01-03 21:45:56.170235: val_loss 1.3705
2026-01-03 21:45:56.172437: val classification accuracy 0.525
2026-01-03 21:45:56.174814: val auc 0.5312
2026-01-03 21:45:56.177318: Epoch time: 55.96 s
2026-01-03 21:45:57.033855: 
2026-01-03 21:45:57.039187: Epoch 10
2026-01-03 21:45:57.042439: Current learning rate: 0.0097
2026-01-03 21:46:50.589517: train_loss 0.7174
2026-01-03 21:46:50.597175: val_loss 0.6364
2026-01-03 21:46:50.603178: val classification accuracy 0.65
2026-01-03 21:46:50.608656: val auc 0.665
2026-01-03 21:46:50.612901: Epoch time: 53.56 s
2026-01-03 21:46:51.481310: 
2026-01-03 21:46:51.485037: Epoch 11
2026-01-03 21:46:51.487886: Current learning rate: 0.00967
2026-01-03 21:47:46.827550: train_loss 0.7011
2026-01-03 21:47:46.833228: val_loss 0.7451
2026-01-03 21:47:46.835766: val classification accuracy 0.575
2026-01-03 21:47:46.838171: val auc 0.3875
2026-01-03 21:47:46.840416: Epoch time: 55.35 s
2026-01-03 21:47:47.759465: 
2026-01-03 21:47:47.763553: Epoch 12
2026-01-03 21:47:47.766239: Current learning rate: 0.00964
2026-01-03 21:48:41.002506: train_loss 0.7023
2026-01-03 21:48:41.021818: val_loss 1.0433
2026-01-03 21:48:41.025545: val classification accuracy 0.525
2026-01-03 21:48:41.028716: val auc 0.6275
2026-01-03 21:48:41.031963: Epoch time: 53.24 s
2026-01-03 21:48:41.932314: 
2026-01-03 21:48:41.936321: Epoch 13
2026-01-03 21:48:41.939064: Current learning rate: 0.00961
2026-01-03 21:49:41.096226: train_loss 0.6793
2026-01-03 21:49:41.101215: val_loss 0.8816
2026-01-03 21:49:41.126719: val classification accuracy 0.4
2026-01-03 21:49:41.160825: val auc 0.4538
2026-01-03 21:49:41.181083: Epoch time: 59.17 s
2026-01-03 21:49:42.042950: 
2026-01-03 21:49:42.046585: Epoch 14
2026-01-03 21:49:42.049515: Current learning rate: 0.00958
2026-01-03 21:50:41.877085: train_loss 0.694
2026-01-03 21:50:41.883706: val_loss 0.8615
2026-01-03 21:50:41.889772: val classification accuracy 0.5
2026-01-03 21:50:41.893528: val auc 0.5888
2026-01-03 21:50:41.897038: Epoch time: 59.84 s
2026-01-03 21:50:42.799029: 
2026-01-03 21:50:42.802852: Epoch 15
2026-01-03 21:50:42.806454: Current learning rate: 0.00955
2026-01-03 21:51:35.683004: train_loss 0.6876
2026-01-03 21:51:35.698801: val_loss 0.873
2026-01-03 21:51:35.702006: val classification accuracy 0.55
2026-01-03 21:51:35.705306: val auc 0.625
2026-01-03 21:51:35.708131: Epoch time: 52.89 s
2026-01-03 21:51:36.564491: 
2026-01-03 21:51:36.570850: Epoch 16
2026-01-03 21:51:36.574091: Current learning rate: 0.00952
2026-01-03 21:52:27.638664: train_loss 0.6677
2026-01-03 21:52:27.645463: val_loss 1.3283
2026-01-03 21:52:27.659512: val classification accuracy 0.575
2026-01-03 21:52:27.666042: val auc 0.6275
2026-01-03 21:52:27.673104: Epoch time: 51.08 s
2026-01-03 21:52:28.519637: 
2026-01-03 21:52:28.524282: Epoch 17
2026-01-03 21:52:28.527817: Current learning rate: 0.00949
2026-01-03 21:53:22.990581: train_loss 0.7196
2026-01-03 21:53:22.995687: val_loss 4.7118
2026-01-03 21:53:22.999768: val classification accuracy 0.3
2026-01-03 21:53:23.003052: val auc 0.3113
2026-01-03 21:53:23.006248: Epoch time: 54.47 s
2026-01-03 21:53:23.979952: 
2026-01-03 21:53:23.984329: Epoch 18
2026-01-03 21:53:23.987384: Current learning rate: 0.00946
2026-01-03 21:54:16.565154: train_loss 0.687
2026-01-03 21:54:16.570592: val_loss 1.4932
2026-01-03 21:54:16.573989: val classification accuracy 0.5
2026-01-03 21:54:16.598068: val auc 0.6012
2026-01-03 21:54:16.602044: Epoch time: 52.59 s
2026-01-03 21:54:17.442612: 
2026-01-03 21:54:17.446065: Epoch 19
2026-01-03 21:54:17.448910: Current learning rate: 0.00943
2026-01-03 21:55:08.605214: train_loss 0.6644
2026-01-03 21:55:08.639075: val_loss 1.3398
2026-01-03 21:55:08.642606: val classification accuracy 0.65
2026-01-03 21:55:08.646085: val auc 0.675
2026-01-03 21:55:08.649068: Epoch time: 51.16 s
2026-01-03 21:55:11.761773: Saved periodic checkpoint /hpf/projects/jquon/sumin/nnUNet_data/nnUNet_results/Dataset033_AVM_T1+C/SEResNetTrainer_ep300_NoMirroring_x2__nnUNetResEncUNetLPlans__3d_fullres/fold_10/checkpoint_every20_best_balacc.pth at epoch 19 with val_balanced_accuracy=0.6500
2026-01-03 21:55:14.082557: Saved periodic checkpoint /hpf/projects/jquon/sumin/nnUNet_data/nnUNet_results/Dataset033_AVM_T1+C/SEResNetTrainer_ep300_NoMirroring_x2__nnUNetResEncUNetLPlans__3d_fullres/fold_10/checkpoint_every20_best_auroc.pth at epoch 19 with val_auc=0.6750
2026-01-03 21:55:14.854665: 
2026-01-03 21:55:14.858538: Epoch 20
2026-01-03 21:55:14.861415: Current learning rate: 0.0094
2026-01-03 21:56:05.753257: train_loss 0.6711
2026-01-03 21:56:05.761913: val_loss 0.8298
2026-01-03 21:56:05.765596: val classification accuracy 0.575
2026-01-03 21:56:05.768819: val auc 0.52
2026-01-03 21:56:05.772200: Epoch time: 50.9 s
2026-01-03 21:56:06.674621: 
2026-01-03 21:56:06.678807: Epoch 21
2026-01-03 21:56:06.681737: Current learning rate: 0.00937
2026-01-03 21:57:02.479817: train_loss 0.673
2026-01-03 21:57:02.489430: val_loss 0.8527
2026-01-03 21:57:02.493531: val classification accuracy 0.5
2026-01-03 21:57:02.501996: val auc 0.505
2026-01-03 21:57:02.505358: Epoch time: 55.81 s
2026-01-03 21:57:04.115155: 
2026-01-03 21:57:04.119540: Epoch 22
2026-01-03 21:57:04.122985: Current learning rate: 0.00934
2026-01-03 21:58:00.992967: train_loss 0.6901
2026-01-03 21:58:01.036581: val_loss 0.6954
2026-01-03 21:58:01.039657: val classification accuracy 0.6
2026-01-03 21:58:01.044268: val auc 0.59
2026-01-03 21:58:01.083813: Epoch time: 56.88 s
2026-01-03 21:58:01.933887: 
2026-01-03 21:58:01.937661: Epoch 23
2026-01-03 21:58:01.940490: Current learning rate: 0.00931
2026-01-03 21:58:56.110722: train_loss 0.7037
2026-01-03 21:58:56.116919: val_loss 0.7294
2026-01-03 21:58:56.120987: val classification accuracy 0.675
2026-01-03 21:58:56.124411: val auc 0.645
2026-01-03 21:58:56.128358: Epoch time: 54.18 s
2026-01-03 21:58:56.989073: 
2026-01-03 21:58:56.992689: Epoch 24
2026-01-03 21:58:56.995764: Current learning rate: 0.00928
2026-01-03 21:59:47.939644: train_loss 0.6857
2026-01-03 21:59:47.950287: val_loss 0.7883
2026-01-03 21:59:47.954133: val classification accuracy 0.45
2026-01-03 21:59:47.957931: val auc 0.425
2026-01-03 21:59:47.961299: Epoch time: 50.95 s
2026-01-03 21:59:48.861757: 
2026-01-03 21:59:48.865172: Epoch 25
2026-01-03 21:59:48.867743: Current learning rate: 0.00925
2026-01-03 22:00:42.758631: train_loss 0.6904
2026-01-03 22:00:42.817136: val_loss 0.6858
2026-01-03 22:00:42.820613: val classification accuracy 0.525
2026-01-03 22:00:42.823750: val auc 0.5112
2026-01-03 22:00:42.826672: Epoch time: 53.9 s
2026-01-03 22:00:43.654701: 
2026-01-03 22:00:43.658966: Epoch 26
2026-01-03 22:00:43.662060: Current learning rate: 0.00922
2026-01-03 22:01:37.620759: train_loss 0.6796
2026-01-03 22:01:37.630185: val_loss 0.7731
2026-01-03 22:01:37.633486: val classification accuracy 0.5
2026-01-03 22:01:37.637258: val auc 0.4875
2026-01-03 22:01:37.640867: Epoch time: 53.97 s
2026-01-03 22:01:38.543927: 
2026-01-03 22:01:38.547945: Epoch 27
2026-01-03 22:01:38.550663: Current learning rate: 0.00919
2026-01-03 22:02:34.451991: train_loss 0.6811
2026-01-03 22:02:34.464476: val_loss 0.6284
2026-01-03 22:02:34.468167: val classification accuracy 0.65
2026-01-03 22:02:34.471679: val auc 0.4638
2026-01-03 22:02:34.474860: Epoch time: 55.91 s
2026-01-03 22:02:35.263839: 
2026-01-03 22:02:35.267716: Epoch 28
2026-01-03 22:02:35.270211: Current learning rate: 0.00916
2026-01-03 22:03:30.224939: train_loss 0.6291
2026-01-03 22:03:30.232402: val_loss 1.0489
2026-01-03 22:03:30.236014: val classification accuracy 0.525
2026-01-03 22:03:30.240090: val auc 0.4925
2026-01-03 22:03:30.243667: Epoch time: 54.96 s
2026-01-03 22:03:31.060026: 
2026-01-03 22:03:31.064239: Epoch 29
2026-01-03 22:03:31.067191: Current learning rate: 0.00913
2026-01-03 22:04:25.574937: train_loss 0.693
2026-01-03 22:04:25.582715: val_loss 0.7048
2026-01-03 22:04:25.585724: val classification accuracy 0.55
2026-01-03 22:04:25.603342: val auc 0.485
2026-01-03 22:04:25.623676: Epoch time: 54.52 s
2026-01-03 22:04:26.444836: 
2026-01-03 22:04:26.448541: Epoch 30
2026-01-03 22:04:26.451030: Current learning rate: 0.0091
2026-01-03 22:05:18.412710: train_loss 0.6781
2026-01-03 22:05:18.430212: val_loss 0.6089
2026-01-03 22:05:18.447618: val classification accuracy 0.65
2026-01-03 22:05:18.451447: val auc 0.6725
2026-01-03 22:05:18.455027: Epoch time: 51.97 s
2026-01-03 22:05:19.319844: 
2026-01-03 22:05:19.323265: Epoch 31
2026-01-03 22:05:19.325896: Current learning rate: 0.00907
2026-01-03 22:06:16.834494: train_loss 0.6552
2026-01-03 22:06:16.855165: val_loss 0.79
2026-01-03 22:06:16.859139: val classification accuracy 0.45
2026-01-03 22:06:16.862308: val auc 0.3525
2026-01-03 22:06:16.865381: Epoch time: 57.52 s
2026-01-03 22:06:17.677763: 
2026-01-03 22:06:17.681521: Epoch 32
2026-01-03 22:06:17.684263: Current learning rate: 0.00903
2026-01-03 22:07:10.115476: train_loss 0.6287
2026-01-03 22:07:10.120889: val_loss 0.8254
2026-01-03 22:07:10.152948: val classification accuracy 0.525
2026-01-03 22:07:10.156411: val auc 0.375
2026-01-03 22:07:10.159602: Epoch time: 52.44 s
2026-01-03 22:07:11.068095: 
2026-01-03 22:07:11.072208: Epoch 33
2026-01-03 22:07:11.075016: Current learning rate: 0.009
2026-01-03 22:08:05.453750: train_loss 0.673
2026-01-03 22:08:05.459827: val_loss 0.713
2026-01-03 22:08:05.485240: val classification accuracy 0.5
2026-01-03 22:08:05.493393: val auc 0.5325
2026-01-03 22:08:05.496679: Epoch time: 54.39 s
2026-01-03 22:08:06.406382: 
2026-01-03 22:08:06.411674: Epoch 34
2026-01-03 22:08:06.415363: Current learning rate: 0.00897
2026-01-03 22:09:01.675637: train_loss 0.636
2026-01-03 22:09:01.687581: val_loss 0.7751
2026-01-03 22:09:01.690711: val classification accuracy 0.525
2026-01-03 22:09:01.693475: val auc 0.47
2026-01-03 22:09:01.696383: Epoch time: 55.27 s
2026-01-03 22:09:02.614866: 
2026-01-03 22:09:02.628849: Epoch 35
2026-01-03 22:09:02.632126: Current learning rate: 0.00894
2026-01-03 22:09:57.903775: train_loss 0.6435
2026-01-03 22:09:57.917651: val_loss 0.8016
2026-01-03 22:09:57.920852: val classification accuracy 0.6
2026-01-03 22:09:57.924005: val auc 0.5912
2026-01-03 22:09:57.927038: Epoch time: 55.29 s
2026-01-03 22:09:59.483274: 
2026-01-03 22:09:59.486841: Epoch 36
2026-01-03 22:09:59.489404: Current learning rate: 0.00891
2026-01-03 22:10:53.010043: train_loss 0.6592
2026-01-03 22:10:53.048381: val_loss 0.6409
2026-01-03 22:10:53.051920: val classification accuracy 0.65
2026-01-03 22:10:53.055343: val auc 0.5
2026-01-03 22:10:53.058484: Epoch time: 53.53 s
2026-01-03 22:10:53.998598: 
2026-01-03 22:10:54.002502: Epoch 37
2026-01-03 22:10:54.005331: Current learning rate: 0.00888
2026-01-03 22:11:47.232359: train_loss 0.6597
2026-01-03 22:11:47.257417: val_loss 0.7513
2026-01-03 22:11:47.260620: val classification accuracy 0.6
2026-01-03 22:11:47.263421: val auc 0.51
2026-01-03 22:11:47.266158: Epoch time: 53.24 s
2026-01-03 22:11:48.135404: 
2026-01-03 22:11:48.139669: Epoch 38
2026-01-03 22:11:48.142214: Current learning rate: 0.00885
2026-01-03 22:12:41.018068: train_loss 0.6674
2026-01-03 22:12:41.028240: val_loss 1.0014
2026-01-03 22:12:41.033342: val classification accuracy 0.625
2026-01-03 22:12:41.037859: val auc 0.555
2026-01-03 22:12:41.042095: Epoch time: 52.88 s
2026-01-03 22:12:41.886797: 
2026-01-03 22:12:41.890346: Epoch 39
2026-01-03 22:12:41.893135: Current learning rate: 0.00882
2026-01-03 22:13:38.372622: train_loss 0.6893
2026-01-03 22:13:38.385420: val_loss 0.6591
2026-01-03 22:13:38.388635: val classification accuracy 0.575
2026-01-03 22:13:38.391495: val auc 0.575
2026-01-03 22:13:38.394203: Epoch time: 56.49 s
2026-01-03 22:13:39.244107: 
2026-01-03 22:13:39.247531: Epoch 40
2026-01-03 22:13:39.250196: Current learning rate: 0.00879
2026-01-03 22:14:33.804042: train_loss 0.6805
2026-01-03 22:14:33.825508: val_loss 0.7709
2026-01-03 22:14:33.829122: val classification accuracy 0.575
2026-01-03 22:14:33.832500: val auc 0.3975
2026-01-03 22:14:33.855862: Epoch time: 54.56 s
2026-01-03 22:14:34.752053: 
2026-01-03 22:14:34.782309: Epoch 41
2026-01-03 22:14:34.789817: Current learning rate: 0.00876
2026-01-03 22:15:30.368534: train_loss 0.6682
2026-01-03 22:15:30.379115: val_loss 0.7206
2026-01-03 22:15:30.382577: val classification accuracy 0.5
2026-01-03 22:15:30.402218: val auc 0.4725
2026-01-03 22:15:30.405665: Epoch time: 55.62 s
2026-01-03 22:15:31.266027: 
2026-01-03 22:15:31.269904: Epoch 42
2026-01-03 22:15:31.272614: Current learning rate: 0.00873
2026-01-03 22:16:25.550012: train_loss 0.6484
2026-01-03 22:16:25.576518: val_loss 0.7619
2026-01-03 22:16:25.579517: val classification accuracy 0.625
2026-01-03 22:16:25.582268: val auc 0.4725
2026-01-03 22:16:25.584902: Epoch time: 54.29 s
2026-01-03 22:16:26.422642: 
2026-01-03 22:16:26.425907: Epoch 43
2026-01-03 22:16:26.428293: Current learning rate: 0.0087
2026-01-03 22:17:20.583960: train_loss 0.6439
2026-01-03 22:17:20.618521: val_loss 0.724
2026-01-03 22:17:20.622432: val classification accuracy 0.5
2026-01-03 22:17:20.625827: val auc 0.5
2026-01-03 22:17:20.629059: Epoch time: 54.16 s
2026-01-03 22:17:21.474044: 
2026-01-03 22:17:21.487994: Epoch 44
2026-01-03 22:17:21.490891: Current learning rate: 0.00867
2026-01-03 22:18:13.343203: train_loss 0.6771
2026-01-03 22:18:13.347442: val_loss 0.7237
2026-01-03 22:18:13.350076: val classification accuracy 0.575
2026-01-03 22:18:13.352581: val auc 0.4725
2026-01-03 22:18:13.355122: Epoch time: 51.87 s
2026-01-03 22:18:14.257965: 
2026-01-03 22:18:14.261661: Epoch 45
2026-01-03 22:18:14.264204: Current learning rate: 0.00864
2026-01-03 22:19:09.284916: train_loss 0.6415
2026-01-03 22:19:09.292008: val_loss 0.8666
2026-01-03 22:19:09.295051: val classification accuracy 0.5
2026-01-03 22:19:09.298159: val auc 0.405
2026-01-03 22:19:09.301233: Epoch time: 55.03 s
2026-01-03 22:19:10.159826: 
2026-01-03 22:19:10.163658: Epoch 46
2026-01-03 22:19:10.166510: Current learning rate: 0.00861
2026-01-03 22:20:03.836728: train_loss 0.651
2026-01-03 22:20:03.841932: val_loss 0.8175
2026-01-03 22:20:03.846123: val classification accuracy 0.55
2026-01-03 22:20:03.848895: val auc 0.4325
2026-01-03 22:20:03.852178: Epoch time: 53.68 s
2026-01-03 22:20:04.764736: 
2026-01-03 22:20:04.768284: Epoch 47
2026-01-03 22:20:04.770682: Current learning rate: 0.00858
2026-01-03 22:20:58.170799: train_loss 0.6805
2026-01-03 22:20:58.186715: val_loss 0.716
2026-01-03 22:20:58.203515: val classification accuracy 0.5
2026-01-03 22:20:58.216188: val auc 0.4962
2026-01-03 22:20:58.225570: Epoch time: 53.41 s
2026-01-03 22:20:59.092511: 
2026-01-03 22:20:59.097066: Epoch 48
2026-01-03 22:20:59.099860: Current learning rate: 0.00855
2026-01-03 22:21:55.561752: train_loss 0.6737
2026-01-03 22:21:55.566776: val_loss 0.7099
2026-01-03 22:21:55.569759: val classification accuracy 0.575
2026-01-03 22:21:55.574004: val auc 0.5012
2026-01-03 22:21:55.577275: Epoch time: 56.47 s
2026-01-03 22:21:56.545023: 
2026-01-03 22:21:56.548716: Epoch 49
2026-01-03 22:21:56.551557: Current learning rate: 0.00852
2026-01-03 22:22:49.304765: train_loss 0.6821
2026-01-03 22:22:49.345462: val_loss 0.6778
2026-01-03 22:22:49.357095: val classification accuracy 0.525
2026-01-03 22:22:49.360078: val auc 0.5712
2026-01-03 22:22:49.362900: Epoch time: 52.76 s
2026-01-03 22:22:51.147368: 
2026-01-03 22:22:51.151736: Epoch 50
2026-01-03 22:22:51.155322: Current learning rate: 0.00849
2026-01-03 22:23:45.645202: train_loss 0.6144
2026-01-03 22:23:45.650117: val_loss 0.9492
2026-01-03 22:23:45.653248: val classification accuracy 0.475
2026-01-03 22:23:45.656816: val auc 0.4612
2026-01-03 22:23:45.667403: Epoch time: 54.5 s
2026-01-03 22:23:46.528348: 
2026-01-03 22:23:46.532351: Epoch 51
2026-01-03 22:23:46.535207: Current learning rate: 0.00846
2026-01-03 22:24:45.715177: train_loss 0.6167
2026-01-03 22:24:45.723160: val_loss 0.6165
2026-01-03 22:24:45.726799: val classification accuracy 0.7
2026-01-03 22:24:45.730465: val auc 0.7
2026-01-03 22:24:45.734254: Epoch time: 59.19 s
2026-01-03 22:24:45.737550: Yayy! New best EMA pseudo Dice: 0.7
2026-01-03 22:24:49.269359: 
2026-01-03 22:24:49.273490: Epoch 52
2026-01-03 22:24:49.276437: Current learning rate: 0.00843
2026-01-03 22:25:42.173640: train_loss 0.6173
2026-01-03 22:25:42.178538: val_loss 0.8574
2026-01-03 22:25:42.183348: val classification accuracy 0.525
2026-01-03 22:25:42.189531: val auc 0.4812
2026-01-03 22:25:42.198643: Epoch time: 52.91 s
2026-01-03 22:25:43.044782: 
2026-01-03 22:25:43.058556: Epoch 53
2026-01-03 22:25:43.061406: Current learning rate: 0.00839
2026-01-03 22:26:33.911963: train_loss 0.5884
2026-01-03 22:26:33.916811: val_loss 0.984
2026-01-03 22:26:33.919808: val classification accuracy 0.525
2026-01-03 22:26:33.922623: val auc 0.3575
2026-01-03 22:26:33.925329: Epoch time: 50.87 s
2026-01-03 22:26:34.811445: 
2026-01-03 22:26:34.815103: Epoch 54
2026-01-03 22:26:34.817542: Current learning rate: 0.00836
2026-01-03 22:27:30.640803: train_loss 0.6709
2026-01-03 22:27:30.646426: val_loss 0.8086
2026-01-03 22:27:30.652467: val classification accuracy 0.525
2026-01-03 22:27:30.671715: val auc 0.5425
2026-01-03 22:27:30.675617: Epoch time: 55.83 s
2026-01-03 22:27:31.604418: 
2026-01-03 22:27:31.608004: Epoch 55
2026-01-03 22:27:31.610607: Current learning rate: 0.00833
2026-01-03 22:28:26.692103: train_loss 0.6474
2026-01-03 22:28:26.743568: val_loss 0.8048
2026-01-03 22:28:26.748132: val classification accuracy 0.5
2026-01-03 22:28:26.755414: val auc 0.3963
2026-01-03 22:28:26.759373: Epoch time: 55.09 s
2026-01-03 22:28:27.678102: 
2026-01-03 22:28:27.681957: Epoch 56
2026-01-03 22:28:27.684594: Current learning rate: 0.0083
2026-01-03 22:29:23.799573: train_loss 0.6533
2026-01-03 22:29:23.809233: val_loss 0.7807
2026-01-03 22:29:23.812312: val classification accuracy 0.525
2026-01-03 22:29:23.815083: val auc 0.5025
2026-01-03 22:29:23.817830: Epoch time: 56.12 s
2026-01-03 22:29:24.659460: 
2026-01-03 22:29:24.663124: Epoch 57
2026-01-03 22:29:24.665867: Current learning rate: 0.00827
2026-01-03 22:30:18.968388: train_loss 0.6116
2026-01-03 22:30:18.974673: val_loss 0.8696
2026-01-03 22:30:18.978221: val classification accuracy 0.575
2026-01-03 22:30:18.981833: val auc 0.4625
2026-01-03 22:30:18.991289: Epoch time: 54.31 s
2026-01-03 22:30:19.786174: 
2026-01-03 22:30:19.789957: Epoch 58
2026-01-03 22:30:19.792675: Current learning rate: 0.00824
2026-01-03 22:31:15.088255: train_loss 0.6226
2026-01-03 22:31:15.093663: val_loss 0.9965
2026-01-03 22:31:15.097183: val classification accuracy 0.45
2026-01-03 22:31:15.100334: val auc 0.385
2026-01-03 22:31:15.103425: Epoch time: 55.3 s
2026-01-03 22:31:15.967339: 
2026-01-03 22:31:15.971229: Epoch 59
2026-01-03 22:31:15.973991: Current learning rate: 0.00821
2026-01-03 22:32:10.423949: train_loss 0.6309
2026-01-03 22:32:10.430840: val_loss 0.6703
2026-01-03 22:32:10.435035: val classification accuracy 0.65
2026-01-03 22:32:10.438763: val auc 0.535
2026-01-03 22:32:10.453925: Epoch time: 54.46 s
2026-01-03 22:32:11.300287: 
2026-01-03 22:32:11.305326: Epoch 60
2026-01-03 22:32:11.308603: Current learning rate: 0.00818
2026-01-03 22:33:03.690868: train_loss 0.6476
2026-01-03 22:33:03.696980: val_loss 0.7665
2026-01-03 22:33:03.700702: val classification accuracy 0.575
2026-01-03 22:33:03.704943: val auc 0.5675
2026-01-03 22:33:03.718081: Epoch time: 52.39 s
2026-01-03 22:33:04.569053: 
2026-01-03 22:33:04.572619: Epoch 61
2026-01-03 22:33:04.575522: Current learning rate: 0.00815
2026-01-03 22:34:00.276786: train_loss 0.6537
2026-01-03 22:34:00.288241: val_loss 0.6925
2026-01-03 22:34:00.291540: val classification accuracy 0.6
2026-01-03 22:34:00.294659: val auc 0.5638
2026-01-03 22:34:00.297870: Epoch time: 55.71 s
2026-01-03 22:34:01.152148: 
2026-01-03 22:34:01.156106: Epoch 62
2026-01-03 22:34:01.159123: Current learning rate: 0.00812
2026-01-03 22:34:53.372984: train_loss 0.6171
2026-01-03 22:34:53.378269: val_loss 0.8012
2026-01-03 22:34:53.381786: val classification accuracy 0.575
2026-01-03 22:34:53.385242: val auc 0.455
2026-01-03 22:34:53.388508: Epoch time: 52.22 s
2026-01-03 22:34:54.193068: 
2026-01-03 22:34:54.214835: Epoch 63
2026-01-03 22:34:54.218146: Current learning rate: 0.00809
2026-01-03 22:35:48.619670: train_loss 0.5837
2026-01-03 22:35:48.625849: val_loss 1.0786
2026-01-03 22:35:48.629433: val classification accuracy 0.4
2026-01-03 22:35:48.633307: val auc 0.3575
2026-01-03 22:35:48.655683: Epoch time: 54.43 s
2026-01-03 22:35:50.256366: 
2026-01-03 22:35:50.260528: Epoch 64
2026-01-03 22:35:50.263982: Current learning rate: 0.00806
2026-01-03 22:36:44.940084: train_loss 0.6215
2026-01-03 22:36:44.959990: val_loss 1.0098
2026-01-03 22:36:44.963384: val classification accuracy 0.425
2026-01-03 22:36:44.966895: val auc 0.38
2026-01-03 22:36:44.970446: Epoch time: 54.69 s
2026-01-03 22:36:45.876354: 
2026-01-03 22:36:45.880563: Epoch 65
2026-01-03 22:36:45.884411: Current learning rate: 0.00803
2026-01-03 22:37:42.773026: train_loss 0.6484
2026-01-03 22:37:42.778341: val_loss 0.7639
2026-01-03 22:37:42.782012: val classification accuracy 0.625
2026-01-03 22:37:42.795964: val auc 0.4375
2026-01-03 22:37:42.800170: Epoch time: 56.9 s
2026-01-03 22:37:43.681169: 
2026-01-03 22:37:43.684600: Epoch 66
2026-01-03 22:37:43.687234: Current learning rate: 0.008
2026-01-03 22:38:39.482715: train_loss 0.6286
2026-01-03 22:38:39.488867: val_loss 0.9156
2026-01-03 22:38:39.546085: val classification accuracy 0.55
2026-01-03 22:38:39.550472: val auc 0.3225
2026-01-03 22:38:39.553955: Epoch time: 55.8 s
2026-01-03 22:38:40.428020: 
2026-01-03 22:38:40.432125: Epoch 67
2026-01-03 22:38:40.435545: Current learning rate: 0.00797
2026-01-03 22:39:33.935074: train_loss 0.6312
2026-01-03 22:39:33.965352: val_loss 0.7489
2026-01-03 22:39:33.969143: val classification accuracy 0.575
2026-01-03 22:39:33.973606: val auc 0.4675
2026-01-03 22:39:33.977744: Epoch time: 53.51 s
2026-01-03 22:39:34.862428: 
2026-01-03 22:39:34.866321: Epoch 68
2026-01-03 22:39:34.869790: Current learning rate: 0.00793
2026-01-03 22:40:29.009078: train_loss 0.6309
2026-01-03 22:40:29.040063: val_loss 0.9182
2026-01-03 22:40:29.043080: val classification accuracy 0.5
2026-01-03 22:40:29.046061: val auc 0.385
2026-01-03 22:40:29.048826: Epoch time: 54.15 s
2026-01-03 22:40:29.900538: 
2026-01-03 22:40:29.904764: Epoch 69
2026-01-03 22:40:29.908111: Current learning rate: 0.0079
2026-01-03 22:41:21.066073: train_loss 0.6102
2026-01-03 22:41:21.070992: val_loss 0.6655
2026-01-03 22:41:21.073928: val classification accuracy 0.6
2026-01-03 22:41:21.077088: val auc 0.6412
2026-01-03 22:41:21.080194: Epoch time: 51.17 s
2026-01-03 22:41:21.939402: 
2026-01-03 22:41:21.943390: Epoch 70
2026-01-03 22:41:21.946321: Current learning rate: 0.00787
2026-01-03 22:42:17.864195: train_loss 0.6231
2026-01-03 22:42:17.873186: val_loss 0.8822
2026-01-03 22:42:17.880395: val classification accuracy 0.475
2026-01-03 22:42:17.884441: val auc 0.44
2026-01-03 22:42:17.888005: Epoch time: 55.93 s
2026-01-03 22:42:18.727653: 
2026-01-03 22:42:18.731575: Epoch 71
2026-01-03 22:42:18.735708: Current learning rate: 0.00784
2026-01-03 22:43:12.021174: train_loss 0.5627
2026-01-03 22:43:12.034112: val_loss 1.1669
2026-01-03 22:43:12.044990: val classification accuracy 0.525
2026-01-03 22:43:12.052160: val auc 0.37
2026-01-03 22:43:12.056930: Epoch time: 53.29 s
2026-01-03 22:43:12.920851: 
2026-01-03 22:43:12.924957: Epoch 72
2026-01-03 22:43:12.928151: Current learning rate: 0.00781
2026-01-03 22:44:08.893734: train_loss 0.6643
2026-01-03 22:44:08.899220: val_loss 0.9134
2026-01-03 22:44:08.907113: val classification accuracy 0.525
2026-01-03 22:44:08.910624: val auc 0.3312
2026-01-03 22:44:08.913785: Epoch time: 55.97 s
2026-01-03 22:44:09.810728: 
2026-01-03 22:44:09.814213: Epoch 73
2026-01-03 22:44:09.817030: Current learning rate: 0.00778
2026-01-03 22:45:05.415722: train_loss 0.6754
2026-01-03 22:45:05.426872: val_loss 0.766
2026-01-03 22:45:05.434323: val classification accuracy 0.575
2026-01-03 22:45:05.440836: val auc 0.4475
2026-01-03 22:45:05.446374: Epoch time: 55.61 s
2026-01-03 22:45:06.368505: 
2026-01-03 22:45:06.372247: Epoch 74
2026-01-03 22:45:06.375253: Current learning rate: 0.00775
2026-01-03 22:45:55.337556: train_loss 0.6412
2026-01-03 22:45:55.351451: val_loss 1.0204
2026-01-03 22:45:55.355319: val classification accuracy 0.5
2026-01-03 22:45:55.359160: val auc 0.415
2026-01-03 22:45:55.362493: Epoch time: 48.97 s
2026-01-03 22:45:56.274339: 
2026-01-03 22:45:56.277725: Epoch 75
2026-01-03 22:45:56.280479: Current learning rate: 0.00772
2026-01-03 22:46:41.740947: train_loss 0.6293
2026-01-03 22:46:41.746809: val_loss 0.9911
2026-01-03 22:46:41.776266: val classification accuracy 0.45
2026-01-03 22:46:41.780763: val auc 0.335
2026-01-03 22:46:41.820405: Epoch time: 45.47 s
2026-01-03 22:46:42.691480: 
2026-01-03 22:46:42.695150: Epoch 76
2026-01-03 22:46:42.698374: Current learning rate: 0.00769
2026-01-03 22:47:37.189347: train_loss 0.6365
2026-01-03 22:47:37.197235: val_loss 0.839
2026-01-03 22:47:37.200614: val classification accuracy 0.575
2026-01-03 22:47:37.204564: val auc 0.52
2026-01-03 22:47:37.208008: Epoch time: 54.5 s
2026-01-03 22:47:38.112368: 
2026-01-03 22:47:38.116145: Epoch 77
2026-01-03 22:47:38.119250: Current learning rate: 0.00766
2026-01-03 22:48:30.764229: train_loss 0.6015
2026-01-03 22:48:30.770902: val_loss 0.9128
2026-01-03 22:48:30.774347: val classification accuracy 0.625
2026-01-03 22:48:30.779042: val auc 0.59
2026-01-03 22:48:30.781989: Epoch time: 52.65 s
2026-01-03 22:48:31.723493: 
2026-01-03 22:48:31.727329: Epoch 78
2026-01-03 22:48:31.730171: Current learning rate: 0.00763
2026-01-03 22:49:24.079505: train_loss 0.6252
2026-01-03 22:49:24.083813: val_loss 0.9209
2026-01-03 22:49:24.086754: val classification accuracy 0.45
2026-01-03 22:49:24.089556: val auc 0.3487
2026-01-03 22:49:24.092263: Epoch time: 52.36 s
2026-01-03 22:49:24.976866: 
2026-01-03 22:49:24.980231: Epoch 79
2026-01-03 22:49:24.983070: Current learning rate: 0.0076
2026-01-03 22:50:18.373788: train_loss 0.6172
2026-01-03 22:50:18.388405: val_loss 0.7695
2026-01-03 22:50:18.391246: val classification accuracy 0.525
2026-01-03 22:50:18.394677: val auc 0.4975
2026-01-03 22:50:18.398529: Epoch time: 53.4 s
2026-01-03 22:50:19.335426: 
2026-01-03 22:50:19.339055: Epoch 80
2026-01-03 22:50:19.341979: Current learning rate: 0.00756
2026-01-03 22:51:14.066165: train_loss 0.6578
2026-01-03 22:51:14.072088: val_loss 0.8372
2026-01-03 22:51:14.075147: val classification accuracy 0.525
2026-01-03 22:51:14.078190: val auc 0.3725
2026-01-03 22:51:14.081162: Epoch time: 54.73 s
2026-01-03 22:51:14.962846: 
2026-01-03 22:51:14.966287: Epoch 81
2026-01-03 22:51:14.969006: Current learning rate: 0.00753
2026-01-03 22:52:11.178417: train_loss 0.5965
2026-01-03 22:52:11.184601: val_loss 0.7372
2026-01-03 22:52:11.188800: val classification accuracy 0.6
2026-01-03 22:52:11.192298: val auc 0.5762
2026-01-03 22:52:11.195711: Epoch time: 56.22 s
2026-01-03 22:52:12.063962: 
2026-01-03 22:52:12.067533: Epoch 82
2026-01-03 22:52:12.070277: Current learning rate: 0.0075
2026-01-03 22:53:01.608029: train_loss 0.5735
2026-01-03 22:53:01.639110: val_loss 0.9763
2026-01-03 22:53:01.643579: val classification accuracy 0.6
2026-01-03 22:53:01.647405: val auc 0.3862
2026-01-03 22:53:01.681144: Epoch time: 49.55 s
2026-01-03 22:53:02.516617: 
2026-01-03 22:53:02.519994: Epoch 83
2026-01-03 22:53:02.524088: Current learning rate: 0.00747
2026-01-03 22:53:52.700521: train_loss 0.6519
2026-01-03 22:53:52.714638: val_loss 0.9102
2026-01-03 22:53:52.730500: val classification accuracy 0.325
2026-01-03 22:53:52.734351: val auc 0.3075
2026-01-03 22:53:52.758564: Epoch time: 50.19 s
2026-01-03 22:53:52.774868: Early stopping triggered at epoch 83. Best val_losses=0.6075
2026-01-03 22:53:53.647362: Stopping training early due to early stopping criterion.
2026-01-03 22:53:56.459143: Training done.
2026-01-03 22:53:56.515079: Skipping perform_actual_validation for classification trainer (segmentation-style sliding window is not applicable).
[1;34mwandb[0m: 
[1;34mwandb[0m: 🚀 View run [33mSEResNetTrainer_ep300_NoMirroring_x2_fold10[0m at: [34m[0m
[1;34mwandb[0m: Find logs at: [1;35m../../tmp/wandb/wandb/run-20260103_213545-8s6f41rg/logs[0m
