Using device: cuda:0

#######################################################################
Please cite the following paper when using nnU-Net:
Isensee, F., Jaeger, P. F., Kohl, S. A., Petersen, J., & Maier-Hein, K. H. (2021). nnU-Net: a self-configuring method for deep learning-based biomedical image segmentation. Nature methods, 18(2), 203-211.
#######################################################################

2026-01-03 16:04:10.351178: Using torch.compile...
2026-01-03 16:04:15.200466: do_dummy_2d_data_aug: False
2026-01-03 16:04:15.203965: Using splits from existing split file: /hpf/projects/jquon/sumin/nnUNet_data/nnUNet_preprocessed/Dataset033_AVM_T1+C/splits_final.json
2026-01-03 16:04:15.207465: The split file contains 11 splits.
2026-01-03 16:04:15.209302: Desired fold for training: 4
2026-01-03 16:04:15.210886: This split has 470 training and 42 validation cases.
using pin_memory on device 0
using pin_memory on device 0

This is the configuration used by this training:
Configuration name: 3d_fullres
 {'data_identifier': 'nnUNetPlans_3d_fullres', 'preprocessor_name': 'DefaultPreprocessor', 'batch_size': 2, 'patch_size': [160, 224, 192], 'median_image_size_in_voxels': [344.0, 448.0, 429.0], 'spacing': [0.500000923871994, 0.4910714328289032, 0.4910714328289032], 'normalization_schemes': ['ZScoreNormalization'], 'use_mask_for_norm': [False], 'resampling_fn_data': 'resample_data_or_seg_to_shape', 'resampling_fn_seg': 'resample_data_or_seg_to_shape', 'resampling_fn_data_kwargs': {'is_seg': False, 'order': 3, 'order_z': 0, 'force_separate_z': None}, 'resampling_fn_seg_kwargs': {'is_seg': True, 'order': 1, 'order_z': 0, 'force_separate_z': None}, 'resampling_fn_probabilities': 'resample_data_or_seg_to_shape', 'resampling_fn_probabilities_kwargs': {'is_seg': False, 'order': 1, 'order_z': 0, 'force_separate_z': None}, 'architecture': {'network_class_name': 'dynamic_network_architectures.architectures.unet.ResidualEncoderUNet', 'arch_kwargs': {'n_stages': 6, 'features_per_stage': [32, 64, 128, 256, 320, 320], 'conv_op': 'torch.nn.modules.conv.Conv3d', 'kernel_sizes': [[3, 3, 3], [3, 3, 3], [3, 3, 3], [3, 3, 3], [3, 3, 3], [3, 3, 3]], 'strides': [[1, 1, 1], [2, 2, 2], [2, 2, 2], [2, 2, 2], [2, 2, 2], [2, 2, 2]], 'n_blocks_per_stage': [1, 3, 4, 6, 6, 6], 'n_conv_per_stage_decoder': [1, 1, 1, 1, 1], 'conv_bias': True, 'norm_op': 'torch.nn.modules.instancenorm.InstanceNorm3d', 'norm_op_kwargs': {'eps': 1e-05, 'affine': True}, 'dropout_op': None, 'dropout_op_kwargs': None, 'nonlin': 'torch.nn.LeakyReLU', 'nonlin_kwargs': {'inplace': True}}, '_kw_requires_import': ['conv_op', 'norm_op', 'dropout_op', 'nonlin']}, 'batch_dice': True} 

These are the global plan.json settings:
 {'dataset_name': 'Dataset033_AVM_T1+C', 'plans_name': 'nnUNetResEncUNetLPlans', 'original_median_spacing_after_transp': [0.500000923871994, 0.4910714328289032, 0.4910714328289032], 'original_median_shape_after_transp': [330, 448, 424], 'image_reader_writer': 'SimpleITKIO', 'transpose_forward': [0, 1, 2], 'transpose_backward': [0, 1, 2], 'experiment_planner_used': 'nnUNetPlannerResEncL', 'label_manager': 'LabelManager', 'foreground_intensity_properties_per_channel': {'0': {'max': 12113.0, 'mean': 449.843505859375, 'median': 311.0, 'min': 0.0, 'percentile_00_5': 34.0, 'percentile_99_5': 3202.0, 'std': 471.56329345703125}}} 

2026-01-03 16:04:18.387630: Unable to plot network architecture: nnUNet_compile is enabled!
2026-01-03 16:04:18.408973: 
2026-01-03 16:04:18.412174: Epoch 0
2026-01-03 16:04:18.415308: Current learning rate: 0.01
2026-01-03 16:05:40.364423: train_loss 1.5369
2026-01-03 16:05:40.393466: val_loss 3.1657
2026-01-03 16:05:40.395950: val classification accuracy 0.5476
2026-01-03 16:05:40.398335: val auc 0.5261
2026-01-03 16:05:40.400953: Epoch time: 81.96 s
2026-01-03 16:05:40.403079: Yayy! New best EMA pseudo Dice: 0.5261
2026-01-03 16:05:43.114428: Yayy! New best classification accuracy: 0.5476
2026-01-03 16:05:46.120856: 
2026-01-03 16:05:46.124223: Epoch 1
2026-01-03 16:05:46.126402: Current learning rate: 0.00997
2026-01-03 16:06:43.296569: train_loss 1.0346
2026-01-03 16:06:43.334111: val_loss 0.7419
2026-01-03 16:06:43.343219: val classification accuracy 0.381
2026-01-03 16:06:43.345959: val auc 0.4172
2026-01-03 16:06:43.349020: Epoch time: 57.18 s
2026-01-03 16:06:44.276548: 
2026-01-03 16:06:44.280032: Epoch 2
2026-01-03 16:06:44.282179: Current learning rate: 0.00994
2026-01-03 16:07:40.819664: train_loss 0.713
2026-01-03 16:07:40.830928: val_loss 0.7588
2026-01-03 16:07:40.833196: val classification accuracy 0.5714
2026-01-03 16:07:40.835205: val auc 0.6383
2026-01-03 16:07:40.837361: Epoch time: 56.54 s
2026-01-03 16:07:40.839287: Yayy! New best EMA pseudo Dice: 0.6383
2026-01-03 16:07:43.344806: Yayy! New best classification accuracy: 0.5714
2026-01-03 16:07:46.125967: 
2026-01-03 16:07:46.129202: Epoch 3
2026-01-03 16:07:46.131208: Current learning rate: 0.00991
2026-01-03 16:08:40.790845: train_loss 0.6936
2026-01-03 16:08:40.797490: val_loss 0.765
2026-01-03 16:08:40.801525: val classification accuracy 0.3571
2026-01-03 16:08:40.804657: val auc 0.2971
2026-01-03 16:08:40.808032: Epoch time: 54.67 s
2026-01-03 16:08:41.756768: 
2026-01-03 16:08:41.759890: Epoch 4
2026-01-03 16:08:41.761978: Current learning rate: 0.00988
2026-01-03 16:09:33.502031: train_loss 0.6906
2026-01-03 16:09:33.518332: val_loss 0.67
2026-01-03 16:09:33.525508: val classification accuracy 0.6429
2026-01-03 16:09:33.528143: val auc 0.7007
2026-01-03 16:09:33.530391: Epoch time: 51.75 s
2026-01-03 16:09:33.532293: Yayy! New best EMA pseudo Dice: 0.7007
2026-01-03 16:09:36.208433: Yayy! New best classification accuracy: 0.6429
2026-01-03 16:09:38.453188: 
2026-01-03 16:09:38.455850: Epoch 5
2026-01-03 16:09:38.458324: Current learning rate: 0.00985
2026-01-03 16:10:28.327948: train_loss 0.695
2026-01-03 16:10:28.332062: val_loss 0.6177
2026-01-03 16:10:28.343323: val classification accuracy 0.7381
2026-01-03 16:10:28.346011: val auc 0.771
2026-01-03 16:10:28.348647: Epoch time: 49.88 s
2026-01-03 16:10:28.350941: Yayy! New best EMA pseudo Dice: 0.771
2026-01-03 16:10:31.047439: Yayy! New best classification accuracy: 0.7381
2026-01-03 16:10:33.847903: 
2026-01-03 16:10:33.850521: Epoch 6
2026-01-03 16:10:33.852149: Current learning rate: 0.00982
2026-01-03 16:11:21.787737: train_loss 0.6976
2026-01-03 16:11:21.803454: val_loss 0.6666
2026-01-03 16:11:21.812507: val classification accuracy 0.619
2026-01-03 16:11:21.816837: val auc 0.7109
2026-01-03 16:11:21.820560: Epoch time: 47.94 s
2026-01-03 16:11:22.660055: 
2026-01-03 16:11:22.663766: Epoch 7
2026-01-03 16:11:22.666076: Current learning rate: 0.00979
2026-01-03 16:12:12.212081: train_loss 0.6939
2026-01-03 16:12:12.222393: val_loss 0.7287
2026-01-03 16:12:12.224772: val classification accuracy 0.381
2026-01-03 16:12:12.226907: val auc 0.381
2026-01-03 16:12:12.229052: Epoch time: 49.55 s
2026-01-03 16:12:13.791587: 
2026-01-03 16:12:13.794583: Epoch 8
2026-01-03 16:12:13.796630: Current learning rate: 0.00976
2026-01-03 16:13:09.400285: train_loss 0.6805
2026-01-03 16:13:09.414057: val_loss 0.6475
2026-01-03 16:13:09.417109: val classification accuracy 0.619
2026-01-03 16:13:09.419898: val auc 0.7041
2026-01-03 16:13:09.422596: Epoch time: 55.61 s
2026-01-03 16:13:10.331539: 
2026-01-03 16:13:10.335007: Epoch 9
2026-01-03 16:13:10.337505: Current learning rate: 0.00973
2026-01-03 16:14:00.161047: train_loss 0.684
2026-01-03 16:14:00.184268: val_loss 0.7386
2026-01-03 16:14:00.187989: val classification accuracy 0.4524
2026-01-03 16:14:00.190937: val auc 0.432
2026-01-03 16:14:00.193824: Epoch time: 49.83 s
2026-01-03 16:14:01.124323: 
2026-01-03 16:14:01.128475: Epoch 10
2026-01-03 16:14:01.131801: Current learning rate: 0.0097
2026-01-03 16:14:58.267436: train_loss 0.6753
2026-01-03 16:14:58.271945: val_loss 0.6554
2026-01-03 16:14:58.274472: val classification accuracy 0.619
2026-01-03 16:14:58.277675: val auc 0.6542
2026-01-03 16:14:58.280549: Epoch time: 57.15 s
2026-01-03 16:14:59.133763: 
2026-01-03 16:14:59.137040: Epoch 11
2026-01-03 16:14:59.139477: Current learning rate: 0.00967
2026-01-03 16:15:52.681801: train_loss 0.67
2026-01-03 16:15:52.702992: val_loss 0.7523
2026-01-03 16:15:52.706253: val classification accuracy 0.5238
2026-01-03 16:15:52.708960: val auc 0.5601
2026-01-03 16:15:52.711279: Epoch time: 53.55 s
2026-01-03 16:15:53.561742: 
2026-01-03 16:15:53.565547: Epoch 12
2026-01-03 16:15:53.568311: Current learning rate: 0.00964
2026-01-03 16:16:45.621784: train_loss 0.6858
2026-01-03 16:16:45.627271: val_loss 0.6625
2026-01-03 16:16:45.657803: val classification accuracy 0.6429
2026-01-03 16:16:45.661010: val auc 0.6712
2026-01-03 16:16:45.663639: Epoch time: 52.06 s
2026-01-03 16:16:46.496799: 
2026-01-03 16:16:46.500783: Epoch 13
2026-01-03 16:16:46.503375: Current learning rate: 0.00961
2026-01-03 16:17:41.964952: train_loss 0.6578
2026-01-03 16:17:41.972622: val_loss 0.6817
2026-01-03 16:17:41.975769: val classification accuracy 0.6429
2026-01-03 16:17:41.981482: val auc 0.6735
2026-01-03 16:17:41.994055: Epoch time: 55.47 s
2026-01-03 16:17:42.808928: 
2026-01-03 16:17:42.812338: Epoch 14
2026-01-03 16:17:42.814988: Current learning rate: 0.00958
2026-01-03 16:18:38.862934: train_loss 0.6773
2026-01-03 16:18:38.872360: val_loss 0.6345
2026-01-03 16:18:38.876029: val classification accuracy 0.6667
2026-01-03 16:18:38.889652: val auc 0.7063
2026-01-03 16:18:38.897728: Epoch time: 56.06 s
2026-01-03 16:18:39.867142: 
2026-01-03 16:18:39.882720: Epoch 15
2026-01-03 16:18:39.885717: Current learning rate: 0.00955
2026-01-03 16:19:36.497641: train_loss 0.6752
2026-01-03 16:19:36.503354: val_loss 0.6893
2026-01-03 16:19:36.506033: val classification accuracy 0.5476
2026-01-03 16:19:36.508814: val auc 0.5782
2026-01-03 16:19:36.511287: Epoch time: 56.63 s
2026-01-03 16:19:37.337217: 
2026-01-03 16:19:37.340596: Epoch 16
2026-01-03 16:19:37.343098: Current learning rate: 0.00952
2026-01-03 16:20:29.807230: train_loss 0.6805
2026-01-03 16:20:29.811372: val_loss 0.638
2026-01-03 16:20:29.814809: val classification accuracy 0.6667
2026-01-03 16:20:29.817544: val auc 0.7098
2026-01-03 16:20:29.820282: Epoch time: 52.47 s
2026-01-03 16:20:30.610858: 
2026-01-03 16:20:30.614404: Epoch 17
2026-01-03 16:20:30.616788: Current learning rate: 0.00949
2026-01-03 16:21:22.156613: train_loss 0.6663
2026-01-03 16:21:22.161678: val_loss 0.6765
2026-01-03 16:21:22.165067: val classification accuracy 0.5952
2026-01-03 16:21:22.167947: val auc 0.6202
2026-01-03 16:21:22.170748: Epoch time: 51.55 s
2026-01-03 16:21:23.035821: 
2026-01-03 16:21:23.039461: Epoch 18
2026-01-03 16:21:23.042610: Current learning rate: 0.00946
2026-01-03 16:22:15.454444: train_loss 0.6778
2026-01-03 16:22:15.460858: val_loss 0.657
2026-01-03 16:22:15.464515: val classification accuracy 0.5714
2026-01-03 16:22:15.468115: val auc 0.644
2026-01-03 16:22:15.480451: Epoch time: 52.42 s
2026-01-03 16:22:16.315609: 
2026-01-03 16:22:16.319684: Epoch 19
2026-01-03 16:22:16.322397: Current learning rate: 0.00943
2026-01-03 16:23:07.914899: train_loss 0.6975
2026-01-03 16:23:07.936232: val_loss 0.7384
2026-01-03 16:23:07.940640: val classification accuracy 0.4762
2026-01-03 16:23:07.944326: val auc 0.5896
2026-01-03 16:23:07.947717: Epoch time: 51.6 s
2026-01-03 16:23:10.780784: Saved periodic checkpoint /hpf/projects/jquon/sumin/nnUNet_data/nnUNet_results/Dataset033_AVM_T1+C/SEResNetTrainer_ep300_NoMirroring_x2__nnUNetResEncUNetLPlans__3d_fullres/fold_4/checkpoint_every20_best_balacc.pth at epoch 19 with val_balanced_accuracy=0.4762
2026-01-03 16:23:12.843022: Saved periodic checkpoint /hpf/projects/jquon/sumin/nnUNet_data/nnUNet_results/Dataset033_AVM_T1+C/SEResNetTrainer_ep300_NoMirroring_x2__nnUNetResEncUNetLPlans__3d_fullres/fold_4/checkpoint_every20_best_auroc.pth at epoch 19 with val_auc=0.5896
2026-01-03 16:23:13.607736: 
2026-01-03 16:23:13.611361: Epoch 20
2026-01-03 16:23:13.614135: Current learning rate: 0.0094
2026-01-03 16:24:07.444001: train_loss 0.6705
2026-01-03 16:24:07.450644: val_loss 0.699
2026-01-03 16:24:07.454477: val classification accuracy 0.619
2026-01-03 16:24:07.457869: val auc 0.6224
2026-01-03 16:24:07.461223: Epoch time: 53.84 s
2026-01-03 16:24:08.393287: 
2026-01-03 16:24:08.397473: Epoch 21
2026-01-03 16:24:08.400599: Current learning rate: 0.00937
2026-01-03 16:24:58.681261: train_loss 0.6779
2026-01-03 16:24:58.692968: val_loss 0.8275
2026-01-03 16:24:58.695848: val classification accuracy 0.3333
2026-01-03 16:24:58.699453: val auc 0.2404
2026-01-03 16:24:58.703076: Epoch time: 50.29 s
2026-01-03 16:25:00.338823: 
2026-01-03 16:25:00.341984: Epoch 22
2026-01-03 16:25:00.344604: Current learning rate: 0.00934
2026-01-03 16:25:54.592713: train_loss 0.68
2026-01-03 16:25:54.606178: val_loss 0.6777
2026-01-03 16:25:54.609901: val classification accuracy 0.6429
2026-01-03 16:25:54.612982: val auc 0.6519
2026-01-03 16:25:54.616379: Epoch time: 54.26 s
2026-01-03 16:25:55.441474: 
2026-01-03 16:25:55.452828: Epoch 23
2026-01-03 16:25:55.458192: Current learning rate: 0.00931
2026-01-03 16:26:45.705997: train_loss 0.6787
2026-01-03 16:26:45.711735: val_loss 0.6895
2026-01-03 16:26:45.715421: val classification accuracy 0.5476
2026-01-03 16:26:45.718576: val auc 0.5873
2026-01-03 16:26:45.721987: Epoch time: 50.27 s
2026-01-03 16:26:46.642684: 
2026-01-03 16:26:46.646454: Epoch 24
2026-01-03 16:26:46.648864: Current learning rate: 0.00928
2026-01-03 16:27:39.060491: train_loss 0.6728
2026-01-03 16:27:39.069897: val_loss 0.7219
2026-01-03 16:27:39.073254: val classification accuracy 0.4524
2026-01-03 16:27:39.076915: val auc 0.4501
2026-01-03 16:27:39.080187: Epoch time: 52.42 s
2026-01-03 16:27:39.878000: 
2026-01-03 16:27:39.882179: Epoch 25
2026-01-03 16:27:39.884991: Current learning rate: 0.00925
2026-01-03 16:28:30.447623: train_loss 0.6437
2026-01-03 16:28:30.452349: val_loss 0.7466
2026-01-03 16:28:30.455439: val classification accuracy 0.5
2026-01-03 16:28:30.458503: val auc 0.5329
2026-01-03 16:28:30.462190: Epoch time: 50.57 s
2026-01-03 16:28:31.289446: 
2026-01-03 16:28:31.292908: Epoch 26
2026-01-03 16:28:31.295604: Current learning rate: 0.00922
2026-01-03 16:29:26.637549: train_loss 0.6969
2026-01-03 16:29:26.667028: val_loss 0.7173
2026-01-03 16:29:26.673130: val classification accuracy 0.5714
2026-01-03 16:29:26.676816: val auc 0.5896
2026-01-03 16:29:26.680582: Epoch time: 55.35 s
2026-01-03 16:29:27.512172: 
2026-01-03 16:29:27.516199: Epoch 27
2026-01-03 16:29:27.518992: Current learning rate: 0.00919
2026-01-03 16:30:22.481690: train_loss 0.6785
2026-01-03 16:30:22.513463: val_loss 0.6519
2026-01-03 16:30:22.516885: val classification accuracy 0.6429
2026-01-03 16:30:22.520199: val auc 0.6542
2026-01-03 16:30:22.523559: Epoch time: 54.97 s
2026-01-03 16:30:23.413156: 
2026-01-03 16:30:23.416405: Epoch 28
2026-01-03 16:30:23.419011: Current learning rate: 0.00916
2026-01-03 16:31:16.893912: train_loss 0.6647
2026-01-03 16:31:16.920378: val_loss 0.9208
2026-01-03 16:31:16.923709: val classification accuracy 0.4048
2026-01-03 16:31:16.926455: val auc 0.3583
2026-01-03 16:31:16.929305: Epoch time: 53.48 s
2026-01-03 16:31:17.849720: 
2026-01-03 16:31:17.856278: Epoch 29
2026-01-03 16:31:17.860529: Current learning rate: 0.00913
2026-01-03 16:32:07.248098: train_loss 0.6241
2026-01-03 16:32:07.254611: val_loss 1.1317
2026-01-03 16:32:07.267615: val classification accuracy 0.381
2026-01-03 16:32:07.270904: val auc 0.2766
2026-01-03 16:32:07.274142: Epoch time: 49.41 s
2026-01-03 16:32:08.182595: 
2026-01-03 16:32:08.186816: Epoch 30
2026-01-03 16:32:08.189714: Current learning rate: 0.0091
2026-01-03 16:32:59.760046: train_loss 0.6555
2026-01-03 16:32:59.764080: val_loss 0.8586
2026-01-03 16:32:59.769491: val classification accuracy 0.5476
2026-01-03 16:32:59.772574: val auc 0.5805
2026-01-03 16:32:59.775774: Epoch time: 51.58 s
2026-01-03 16:33:00.569768: 
2026-01-03 16:33:00.573264: Epoch 31
2026-01-03 16:33:00.575903: Current learning rate: 0.00907
2026-01-03 16:33:56.206022: train_loss 0.6791
2026-01-03 16:33:56.235298: val_loss 0.7012
2026-01-03 16:33:56.238390: val classification accuracy 0.5476
2026-01-03 16:33:56.242664: val auc 0.6327
2026-01-03 16:33:56.247921: Epoch time: 55.64 s
2026-01-03 16:33:57.090809: 
2026-01-03 16:33:57.094831: Epoch 32
2026-01-03 16:33:57.097629: Current learning rate: 0.00903
2026-01-03 16:34:47.831337: train_loss 0.6658
2026-01-03 16:34:47.846317: val_loss 0.6337
2026-01-03 16:34:47.850325: val classification accuracy 0.6667
2026-01-03 16:34:47.853709: val auc 0.7789
2026-01-03 16:34:47.857409: Epoch time: 50.74 s
2026-01-03 16:34:47.860633: Yayy! New best EMA pseudo Dice: 0.7789
2026-01-03 16:34:51.581064: 
2026-01-03 16:34:51.584501: Epoch 33
2026-01-03 16:34:51.586892: Current learning rate: 0.009
2026-01-03 16:35:42.502591: train_loss 0.6501
2026-01-03 16:35:42.507583: val_loss 0.9408
2026-01-03 16:35:42.510353: val classification accuracy 0.5952
2026-01-03 16:35:42.513069: val auc 0.5941
2026-01-03 16:35:42.515778: Epoch time: 50.92 s
2026-01-03 16:35:43.373117: 
2026-01-03 16:35:43.376639: Epoch 34
2026-01-03 16:35:43.379403: Current learning rate: 0.00897
2026-01-03 16:36:35.704204: train_loss 0.671
2026-01-03 16:36:35.717985: val_loss 0.7859
2026-01-03 16:36:35.721971: val classification accuracy 0.5
2026-01-03 16:36:35.731615: val auc 0.4819
2026-01-03 16:36:35.735241: Epoch time: 52.33 s
2026-01-03 16:36:37.390106: 
2026-01-03 16:36:37.393993: Epoch 35
2026-01-03 16:36:37.396916: Current learning rate: 0.00894
2026-01-03 16:37:30.408374: train_loss 0.6782
2026-01-03 16:37:30.413113: val_loss 0.7041
2026-01-03 16:37:30.421099: val classification accuracy 0.5714
2026-01-03 16:37:30.444635: val auc 0.5159
2026-01-03 16:37:30.447840: Epoch time: 53.02 s
2026-01-03 16:37:31.292004: 
2026-01-03 16:37:31.295953: Epoch 36
2026-01-03 16:37:31.298509: Current learning rate: 0.00891
2026-01-03 16:38:25.400627: train_loss 0.6748
2026-01-03 16:38:25.466667: val_loss 0.6806
2026-01-03 16:38:25.471425: val classification accuracy 0.5714
2026-01-03 16:38:25.474468: val auc 0.6054
2026-01-03 16:38:25.477389: Epoch time: 54.11 s
2026-01-03 16:38:26.285334: 
2026-01-03 16:38:26.289215: Epoch 37
2026-01-03 16:38:26.292258: Current learning rate: 0.00888
2026-01-03 16:39:18.594925: train_loss 0.6688
2026-01-03 16:39:18.609628: val_loss 0.6302
2026-01-03 16:39:18.613267: val classification accuracy 0.6667
2026-01-03 16:39:18.616746: val auc 0.7143
2026-01-03 16:39:18.619937: Epoch time: 52.31 s
2026-01-03 16:39:19.484919: 
2026-01-03 16:39:19.488928: Epoch 38
2026-01-03 16:39:19.491949: Current learning rate: 0.00885
2026-01-03 16:40:13.508170: train_loss 0.625
2026-01-03 16:40:13.525447: val_loss 0.7448
2026-01-03 16:40:13.528572: val classification accuracy 0.5476
2026-01-03 16:40:13.531531: val auc 0.5964
2026-01-03 16:40:13.534202: Epoch time: 54.02 s
2026-01-03 16:40:14.359548: 
2026-01-03 16:40:14.363151: Epoch 39
2026-01-03 16:40:14.365712: Current learning rate: 0.00882
2026-01-03 16:41:08.424208: train_loss 0.6267
2026-01-03 16:41:08.440967: val_loss 0.6915
2026-01-03 16:41:08.443542: val classification accuracy 0.5476
2026-01-03 16:41:08.446201: val auc 0.5646
2026-01-03 16:41:08.448642: Epoch time: 54.07 s
2026-01-03 16:41:11.084346: Saved periodic checkpoint /hpf/projects/jquon/sumin/nnUNet_data/nnUNet_results/Dataset033_AVM_T1+C/SEResNetTrainer_ep300_NoMirroring_x2__nnUNetResEncUNetLPlans__3d_fullres/fold_4/checkpoint_every20_best_balacc.pth at epoch 39 with val_balanced_accuracy=0.5476
2026-01-03 16:41:11.815362: 
2026-01-03 16:41:11.818550: Epoch 40
2026-01-03 16:41:11.820905: Current learning rate: 0.00879
2026-01-03 16:42:01.726783: train_loss 0.6592
2026-01-03 16:42:01.777985: val_loss 0.7597
2026-01-03 16:42:01.781239: val classification accuracy 0.4524
2026-01-03 16:42:01.783695: val auc 0.4853
2026-01-03 16:42:01.786277: Epoch time: 49.91 s
2026-01-03 16:42:02.695469: 
2026-01-03 16:42:02.698711: Epoch 41
2026-01-03 16:42:02.701331: Current learning rate: 0.00876
2026-01-03 16:42:51.266395: train_loss 0.6273
2026-01-03 16:42:51.275560: val_loss 0.7772
2026-01-03 16:42:51.278319: val classification accuracy 0.5714
2026-01-03 16:42:51.281088: val auc 0.5646
2026-01-03 16:42:51.283905: Epoch time: 48.57 s
2026-01-03 16:42:52.145500: 
2026-01-03 16:42:52.148751: Epoch 42
2026-01-03 16:42:52.151286: Current learning rate: 0.00873
2026-01-03 16:43:39.191187: train_loss 0.6429
2026-01-03 16:43:39.210158: val_loss 0.6791
2026-01-03 16:43:39.213555: val classification accuracy 0.619
2026-01-03 16:43:39.216412: val auc 0.6383
2026-01-03 16:43:39.218951: Epoch time: 47.05 s
2026-01-03 16:43:40.093933: 
2026-01-03 16:43:40.097470: Epoch 43
2026-01-03 16:43:40.100046: Current learning rate: 0.0087
2026-01-03 16:44:35.997533: train_loss 0.6413
2026-01-03 16:44:36.037999: val_loss 0.7093
2026-01-03 16:44:36.042223: val classification accuracy 0.5714
2026-01-03 16:44:36.046338: val auc 0.6122
2026-01-03 16:44:36.049688: Epoch time: 55.91 s
2026-01-03 16:44:36.967335: 
2026-01-03 16:44:36.970718: Epoch 44
2026-01-03 16:44:36.974852: Current learning rate: 0.00867
2026-01-03 16:45:27.575960: train_loss 0.6244
2026-01-03 16:45:27.596338: val_loss 0.8122
2026-01-03 16:45:27.599922: val classification accuracy 0.5714
2026-01-03 16:45:27.603153: val auc 0.542
2026-01-03 16:45:27.606864: Epoch time: 50.61 s
2026-01-03 16:45:28.428107: 
2026-01-03 16:45:28.434170: Epoch 45
2026-01-03 16:45:28.436558: Current learning rate: 0.00864
2026-01-03 16:46:22.506274: train_loss 0.6558
2026-01-03 16:46:22.512905: val_loss 0.6949
2026-01-03 16:46:22.516478: val classification accuracy 0.5714
2026-01-03 16:46:22.519900: val auc 0.6304
2026-01-03 16:46:22.523003: Epoch time: 54.08 s
2026-01-03 16:46:23.356966: 
2026-01-03 16:46:23.360460: Epoch 46
2026-01-03 16:46:23.363021: Current learning rate: 0.00861
2026-01-03 16:47:18.957244: train_loss 0.6498
2026-01-03 16:47:18.998730: val_loss 0.7494
2026-01-03 16:47:19.003693: val classification accuracy 0.619
2026-01-03 16:47:19.007117: val auc 0.5261
2026-01-03 16:47:19.010269: Epoch time: 55.6 s
2026-01-03 16:47:19.894618: 
2026-01-03 16:47:19.898690: Epoch 47
2026-01-03 16:47:19.901553: Current learning rate: 0.00858
2026-01-03 16:48:13.250056: train_loss 0.5904
2026-01-03 16:48:13.261405: val_loss 1.3877
2026-01-03 16:48:13.264693: val classification accuracy 0.4762
2026-01-03 16:48:13.280731: val auc 0.5011
2026-01-03 16:48:13.289485: Epoch time: 53.36 s
2026-01-03 16:48:14.204202: 
2026-01-03 16:48:14.207591: Epoch 48
2026-01-03 16:48:14.210129: Current learning rate: 0.00855
2026-01-03 16:49:02.668628: train_loss 0.6804
2026-01-03 16:49:02.718838: val_loss 0.8008
2026-01-03 16:49:02.722098: val classification accuracy 0.4048
2026-01-03 16:49:02.724965: val auc 0.4615
2026-01-03 16:49:02.727654: Epoch time: 48.47 s
2026-01-03 16:49:04.359725: 
2026-01-03 16:49:04.363497: Epoch 49
2026-01-03 16:49:04.366460: Current learning rate: 0.00852
2026-01-03 16:49:59.019039: train_loss 0.6656
2026-01-03 16:49:59.024605: val_loss 0.6852
2026-01-03 16:49:59.038957: val classification accuracy 0.5238
2026-01-03 16:49:59.042020: val auc 0.5578
2026-01-03 16:49:59.045583: Epoch time: 54.66 s
2026-01-03 16:49:59.892987: 
2026-01-03 16:49:59.896540: Epoch 50
2026-01-03 16:49:59.898993: Current learning rate: 0.00849
2026-01-03 16:50:54.850025: train_loss 0.5994
2026-01-03 16:50:54.856165: val_loss 0.8995
2026-01-03 16:50:54.864084: val classification accuracy 0.5238
2026-01-03 16:50:54.884668: val auc 0.568
2026-01-03 16:50:54.901217: Epoch time: 54.96 s
2026-01-03 16:50:55.768182: 
2026-01-03 16:50:55.771798: Epoch 51
2026-01-03 16:50:55.774465: Current learning rate: 0.00846
2026-01-03 16:51:49.416473: train_loss 0.65
2026-01-03 16:51:49.432508: val_loss 0.6764
2026-01-03 16:51:49.438830: val classification accuracy 0.5238
2026-01-03 16:51:49.442321: val auc 0.5975
2026-01-03 16:51:49.445257: Epoch time: 53.65 s
2026-01-03 16:51:50.320794: 
2026-01-03 16:51:50.324284: Epoch 52
2026-01-03 16:51:50.326924: Current learning rate: 0.00843
2026-01-03 16:52:44.602459: train_loss 0.6197
2026-01-03 16:52:44.621386: val_loss 0.7913
2026-01-03 16:52:44.624559: val classification accuracy 0.5
2026-01-03 16:52:44.627946: val auc 0.5601
2026-01-03 16:52:44.630829: Epoch time: 54.28 s
2026-01-03 16:52:45.496125: 
2026-01-03 16:52:45.499706: Epoch 53
2026-01-03 16:52:45.502041: Current learning rate: 0.00839
2026-01-03 16:53:39.308891: train_loss 0.6524
2026-01-03 16:53:39.325484: val_loss 0.6005
2026-01-03 16:53:39.328852: val classification accuracy 0.7143
2026-01-03 16:53:39.332122: val auc 0.7528
2026-01-03 16:53:39.335363: Epoch time: 53.81 s
2026-01-03 16:53:40.186270: 
2026-01-03 16:53:40.189635: Epoch 54
2026-01-03 16:53:40.192180: Current learning rate: 0.00836
2026-01-03 16:54:36.324693: train_loss 0.6514
2026-01-03 16:54:36.329278: val_loss 0.7634
2026-01-03 16:54:36.332175: val classification accuracy 0.4762
2026-01-03 16:54:36.338509: val auc 0.4932
2026-01-03 16:54:36.341481: Epoch time: 56.14 s
2026-01-03 16:54:37.203526: 
2026-01-03 16:54:37.207245: Epoch 55
2026-01-03 16:54:37.209908: Current learning rate: 0.00833
2026-01-03 16:55:31.902852: train_loss 0.6691
2026-01-03 16:55:31.919123: val_loss 0.7563
2026-01-03 16:55:31.921797: val classification accuracy 0.5476
2026-01-03 16:55:31.925534: val auc 0.5816
2026-01-03 16:55:31.928552: Epoch time: 54.7 s
2026-01-03 16:55:32.840666: 
2026-01-03 16:55:32.844206: Epoch 56
2026-01-03 16:55:32.846570: Current learning rate: 0.0083
2026-01-03 16:56:26.964683: train_loss 0.6436
2026-01-03 16:56:26.969610: val_loss 0.6476
2026-01-03 16:56:26.979810: val classification accuracy 0.619
2026-01-03 16:56:26.983270: val auc 0.7052
2026-01-03 16:56:27.010724: Epoch time: 54.13 s
2026-01-03 16:56:27.829556: 
2026-01-03 16:56:27.833118: Epoch 57
2026-01-03 16:56:27.835929: Current learning rate: 0.00827
2026-01-03 16:57:18.330746: train_loss 0.6278
2026-01-03 16:57:18.336554: val_loss 0.7109
2026-01-03 16:57:18.340396: val classification accuracy 0.5714
2026-01-03 16:57:18.365092: val auc 0.6054
2026-01-03 16:57:18.368421: Epoch time: 50.5 s
2026-01-03 16:57:19.215279: 
2026-01-03 16:57:19.218847: Epoch 58
2026-01-03 16:57:19.221293: Current learning rate: 0.00824
2026-01-03 16:58:14.926323: train_loss 0.6463
2026-01-03 16:58:14.955672: val_loss 0.5483
2026-01-03 16:58:14.962372: val classification accuracy 0.7857
2026-01-03 16:58:14.965997: val auc 0.8163
2026-01-03 16:58:14.969376: Epoch time: 55.71 s
2026-01-03 16:58:14.972175: Yayy! New best EMA pseudo Dice: 0.8163
2026-01-03 16:58:17.879483: Yayy! New best classification accuracy: 0.7857
2026-01-03 16:58:20.460298: 
2026-01-03 16:58:20.464062: Epoch 59
2026-01-03 16:58:20.466827: Current learning rate: 0.00821
2026-01-03 16:59:15.932843: train_loss 0.6373
2026-01-03 16:59:15.965454: val_loss 0.7988
2026-01-03 16:59:16.003895: val classification accuracy 0.5
2026-01-03 16:59:16.012314: val auc 0.5816
2026-01-03 16:59:16.016290: Epoch time: 55.47 s
2026-01-03 16:59:16.912090: 
2026-01-03 16:59:16.915952: Epoch 60
2026-01-03 16:59:16.918532: Current learning rate: 0.00818
2026-01-03 17:00:16.070319: train_loss 0.5955
2026-01-03 17:00:16.096677: val_loss 0.9296
2026-01-03 17:00:16.105230: val classification accuracy 0.5
2026-01-03 17:00:16.108501: val auc 0.4649
2026-01-03 17:00:16.111458: Epoch time: 59.16 s
2026-01-03 17:00:16.957534: 
2026-01-03 17:00:16.961077: Epoch 61
2026-01-03 17:00:16.963584: Current learning rate: 0.00815
2026-01-03 17:01:09.848163: train_loss 0.62
2026-01-03 17:01:09.884632: val_loss 0.6431
2026-01-03 17:01:09.891565: val classification accuracy 0.6667
2026-01-03 17:01:09.894461: val auc 0.6576
2026-01-03 17:01:09.897216: Epoch time: 52.89 s
2026-01-03 17:01:10.684257: 
2026-01-03 17:01:10.688073: Epoch 62
2026-01-03 17:01:10.690617: Current learning rate: 0.00812
2026-01-03 17:02:04.826638: train_loss 0.6202
2026-01-03 17:02:04.832419: val_loss 0.8731
2026-01-03 17:02:04.835347: val classification accuracy 0.5714
2026-01-03 17:02:04.838342: val auc 0.5692
2026-01-03 17:02:04.844605: Epoch time: 54.14 s
2026-01-03 17:02:06.547124: 
2026-01-03 17:02:06.552035: Epoch 63
2026-01-03 17:02:06.555140: Current learning rate: 0.00809
2026-01-03 17:03:00.485000: train_loss 0.6231
2026-01-03 17:03:00.489731: val_loss 0.8591
2026-01-03 17:03:00.493178: val classification accuracy 0.4762
2026-01-03 17:03:00.506009: val auc 0.483
2026-01-03 17:03:00.509719: Epoch time: 53.94 s
2026-01-03 17:03:01.469207: 
2026-01-03 17:03:01.474421: Epoch 64
2026-01-03 17:03:01.477804: Current learning rate: 0.00806
2026-01-03 17:03:54.950393: train_loss 0.6609
2026-01-03 17:03:54.955494: val_loss 0.8473
2026-01-03 17:03:54.958864: val classification accuracy 0.381
2026-01-03 17:03:54.961667: val auc 0.4104
2026-01-03 17:03:54.964521: Epoch time: 53.48 s
2026-01-03 17:03:55.873375: 
2026-01-03 17:03:55.876916: Epoch 65
2026-01-03 17:03:55.879464: Current learning rate: 0.00803
2026-01-03 17:04:48.631900: train_loss 0.6187
2026-01-03 17:04:48.668076: val_loss 0.7261
2026-01-03 17:04:48.671726: val classification accuracy 0.5476
2026-01-03 17:04:48.675152: val auc 0.5873
2026-01-03 17:04:48.678406: Epoch time: 52.76 s
2026-01-03 17:04:49.573325: 
2026-01-03 17:04:49.578222: Epoch 66
2026-01-03 17:04:49.581701: Current learning rate: 0.008
2026-01-03 17:05:43.991142: train_loss 0.6572
2026-01-03 17:05:44.024461: val_loss 0.7174
2026-01-03 17:05:44.028012: val classification accuracy 0.5238
2026-01-03 17:05:44.031151: val auc 0.517
2026-01-03 17:05:44.034038: Epoch time: 54.42 s
2026-01-03 17:05:44.941026: 
2026-01-03 17:05:44.944797: Epoch 67
2026-01-03 17:05:44.947842: Current learning rate: 0.00797
2026-01-03 17:06:40.141983: train_loss 0.6351
2026-01-03 17:06:40.146838: val_loss 0.8532
2026-01-03 17:06:40.150296: val classification accuracy 0.381
2026-01-03 17:06:40.153375: val auc 0.3866
2026-01-03 17:06:40.156698: Epoch time: 55.2 s
2026-01-03 17:06:41.106015: 
2026-01-03 17:06:41.110032: Epoch 68
2026-01-03 17:06:41.112889: Current learning rate: 0.00793
2026-01-03 17:07:35.132143: train_loss 0.6246
2026-01-03 17:07:35.136628: val_loss 0.7613
2026-01-03 17:07:35.139553: val classification accuracy 0.4762
2026-01-03 17:07:35.142315: val auc 0.6122
2026-01-03 17:07:35.144908: Epoch time: 54.03 s
2026-01-03 17:07:35.952020: 
2026-01-03 17:07:35.955818: Epoch 69
2026-01-03 17:07:35.958379: Current learning rate: 0.0079
2026-01-03 17:08:26.090588: train_loss 0.6077
2026-01-03 17:08:26.126578: val_loss 0.8789
2026-01-03 17:08:26.130724: val classification accuracy 0.5238
2026-01-03 17:08:26.135063: val auc 0.5204
2026-01-03 17:08:26.138718: Epoch time: 50.14 s
2026-01-03 17:08:27.007943: 
2026-01-03 17:08:27.012039: Epoch 70
2026-01-03 17:08:27.014838: Current learning rate: 0.00787
2026-01-03 17:09:18.521784: train_loss 0.5964
2026-01-03 17:09:18.529379: val_loss 0.6673
2026-01-03 17:09:18.542249: val classification accuracy 0.6429
2026-01-03 17:09:18.545813: val auc 0.6599
2026-01-03 17:09:18.549123: Epoch time: 51.52 s
2026-01-03 17:09:19.399100: 
2026-01-03 17:09:19.410237: Epoch 71
2026-01-03 17:09:19.415793: Current learning rate: 0.00784
2026-01-03 17:10:12.478226: train_loss 0.6011
2026-01-03 17:10:12.487539: val_loss 0.991
2026-01-03 17:10:12.491239: val classification accuracy 0.4286
2026-01-03 17:10:12.494807: val auc 0.5113
2026-01-03 17:10:12.497917: Epoch time: 53.1 s
2026-01-03 17:10:13.322476: 
2026-01-03 17:10:13.326219: Epoch 72
2026-01-03 17:10:13.329109: Current learning rate: 0.00781
2026-01-03 17:11:03.936818: train_loss 0.5843
2026-01-03 17:11:03.942627: val_loss 0.7155
2026-01-03 17:11:03.946013: val classification accuracy 0.5952
2026-01-03 17:11:03.949416: val auc 0.6531
2026-01-03 17:11:03.952356: Epoch time: 50.62 s
2026-01-03 17:11:04.862445: 
2026-01-03 17:11:04.866235: Epoch 73
2026-01-03 17:11:04.869118: Current learning rate: 0.00778
2026-01-03 17:11:57.365756: train_loss 0.5919
2026-01-03 17:11:57.383691: val_loss 0.7694
2026-01-03 17:11:57.387609: val classification accuracy 0.5714
2026-01-03 17:11:57.395297: val auc 0.6043
2026-01-03 17:11:57.398576: Epoch time: 52.5 s
2026-01-03 17:11:58.277661: 
2026-01-03 17:11:58.281621: Epoch 74
2026-01-03 17:11:58.285422: Current learning rate: 0.00775
2026-01-03 17:12:51.609544: train_loss 0.5873
2026-01-03 17:12:51.634557: val_loss 0.9738
2026-01-03 17:12:51.652708: val classification accuracy 0.4762
2026-01-03 17:12:51.668658: val auc 0.3741
2026-01-03 17:12:51.690196: Epoch time: 53.33 s
2026-01-03 17:12:52.614888: 
2026-01-03 17:12:52.618765: Epoch 75
2026-01-03 17:12:52.621469: Current learning rate: 0.00772
2026-01-03 17:13:49.662004: train_loss 0.5891
2026-01-03 17:13:49.683522: val_loss 0.8999
2026-01-03 17:13:49.700606: val classification accuracy 0.4762
2026-01-03 17:13:49.703467: val auc 0.5011
2026-01-03 17:13:49.707216: Epoch time: 57.05 s
2026-01-03 17:13:50.603003: 
2026-01-03 17:13:50.606516: Epoch 76
2026-01-03 17:13:50.609222: Current learning rate: 0.00769
2026-01-03 17:14:40.210111: train_loss 0.5836
2026-01-03 17:14:40.217089: val_loss 0.9404
2026-01-03 17:14:40.220554: val classification accuracy 0.5476
2026-01-03 17:14:40.232983: val auc 0.542
2026-01-03 17:14:40.235852: Epoch time: 49.61 s
2026-01-03 17:14:41.120137: 
2026-01-03 17:14:41.125065: Epoch 77
2026-01-03 17:14:41.128242: Current learning rate: 0.00766
2026-01-03 17:15:34.060579: train_loss 0.6065
2026-01-03 17:15:34.098655: val_loss 0.8221
2026-01-03 17:15:34.103561: val classification accuracy 0.5
2026-01-03 17:15:34.106568: val auc 0.3764
2026-01-03 17:15:34.110239: Epoch time: 52.94 s
2026-01-03 17:15:34.925651: 
2026-01-03 17:15:34.929528: Epoch 78
2026-01-03 17:15:34.932119: Current learning rate: 0.00763
2026-01-03 17:16:29.977338: train_loss 0.6027
2026-01-03 17:16:29.983560: val_loss 0.7331
2026-01-03 17:16:29.987146: val classification accuracy 0.5952
2026-01-03 17:16:29.990930: val auc 0.5896
2026-01-03 17:16:29.998861: Epoch time: 55.05 s
2026-01-03 17:16:30.909940: 
2026-01-03 17:16:30.913704: Epoch 79
2026-01-03 17:16:30.916314: Current learning rate: 0.0076
2026-01-03 17:17:27.246501: train_loss 0.5956
2026-01-03 17:17:27.252902: val_loss 0.7343
2026-01-03 17:17:27.256098: val classification accuracy 0.619
2026-01-03 17:17:27.259224: val auc 0.6395
2026-01-03 17:17:27.262634: Epoch time: 56.34 s
2026-01-03 17:17:30.052932: Saved periodic checkpoint /hpf/projects/jquon/sumin/nnUNet_data/nnUNet_results/Dataset033_AVM_T1+C/SEResNetTrainer_ep300_NoMirroring_x2__nnUNetResEncUNetLPlans__3d_fullres/fold_4/checkpoint_every20_best_balacc.pth at epoch 79 with val_balanced_accuracy=0.6190
2026-01-03 17:17:31.814952: Saved periodic checkpoint /hpf/projects/jquon/sumin/nnUNet_data/nnUNet_results/Dataset033_AVM_T1+C/SEResNetTrainer_ep300_NoMirroring_x2__nnUNetResEncUNetLPlans__3d_fullres/fold_4/checkpoint_every20_best_auroc.pth at epoch 79 with val_auc=0.6395
2026-01-03 17:17:32.618583: 
2026-01-03 17:17:32.622049: Epoch 80
2026-01-03 17:17:32.624743: Current learning rate: 0.00756
2026-01-03 17:18:24.262715: train_loss 0.6186
2026-01-03 17:18:24.291298: val_loss 0.6504
2026-01-03 17:18:24.307307: val classification accuracy 0.6429
2026-01-03 17:18:24.311251: val auc 0.6825
2026-01-03 17:18:24.314528: Epoch time: 51.65 s
2026-01-03 17:18:25.207963: 
2026-01-03 17:18:25.211756: Epoch 81
2026-01-03 17:18:25.214660: Current learning rate: 0.00753
2026-01-03 17:19:16.263522: train_loss 0.577
2026-01-03 17:19:16.328252: val_loss 0.7472
2026-01-03 17:19:16.332036: val classification accuracy 0.5714
2026-01-03 17:19:16.336353: val auc 0.5941
2026-01-03 17:19:16.339612: Epoch time: 51.06 s
2026-01-03 17:19:17.248223: 
2026-01-03 17:19:17.252434: Epoch 82
2026-01-03 17:19:17.255779: Current learning rate: 0.0075
2026-01-03 17:20:08.046688: train_loss 0.5609
2026-01-03 17:20:08.051721: val_loss 0.8887
2026-01-03 17:20:08.054931: val classification accuracy 0.4762
2026-01-03 17:20:08.057901: val auc 0.5215
2026-01-03 17:20:08.060479: Epoch time: 50.8 s
2026-01-03 17:20:09.078951: 
2026-01-03 17:20:09.082535: Epoch 83
2026-01-03 17:20:09.087919: Current learning rate: 0.00747
2026-01-03 17:21:02.030579: train_loss 0.5704
2026-01-03 17:21:02.081192: val_loss 0.9222
2026-01-03 17:21:02.085008: val classification accuracy 0.5714
2026-01-03 17:21:02.098996: val auc 0.517
2026-01-03 17:21:02.102391: Epoch time: 52.95 s
2026-01-03 17:21:03.052000: 
2026-01-03 17:21:03.055536: Epoch 84
2026-01-03 17:21:03.058240: Current learning rate: 0.00744
2026-01-03 17:21:53.325761: train_loss 0.5716
2026-01-03 17:21:53.330408: val_loss 0.7797
2026-01-03 17:21:53.333659: val classification accuracy 0.5476
2026-01-03 17:21:53.336631: val auc 0.6259
2026-01-03 17:21:53.340573: Epoch time: 50.28 s
2026-01-03 17:21:54.168928: 
2026-01-03 17:21:54.172560: Epoch 85
2026-01-03 17:21:54.175836: Current learning rate: 0.00741
2026-01-03 17:22:49.654205: train_loss 0.6323
2026-01-03 17:22:49.661798: val_loss 0.7858
2026-01-03 17:22:49.665057: val classification accuracy 0.5476
2026-01-03 17:22:49.668141: val auc 0.5748
2026-01-03 17:22:49.671174: Epoch time: 55.49 s
2026-01-03 17:22:50.591716: 
2026-01-03 17:22:50.595676: Epoch 86
2026-01-03 17:22:50.598728: Current learning rate: 0.00738
2026-01-03 17:23:38.567233: train_loss 0.5897
2026-01-03 17:23:38.582669: val_loss 0.9596
2026-01-03 17:23:38.585890: val classification accuracy 0.4524
2026-01-03 17:23:38.589086: val auc 0.3764
2026-01-03 17:23:38.592087: Epoch time: 47.98 s
2026-01-03 17:23:39.421828: 
2026-01-03 17:23:39.426294: Epoch 87
2026-01-03 17:23:39.429300: Current learning rate: 0.00735
2026-01-03 17:24:31.686516: train_loss 0.5865
2026-01-03 17:24:31.691011: val_loss 0.8365
2026-01-03 17:24:31.694188: val classification accuracy 0.5714
2026-01-03 17:24:31.696867: val auc 0.5873
2026-01-03 17:24:31.708349: Epoch time: 52.27 s
2026-01-03 17:24:32.606948: 
2026-01-03 17:24:32.610828: Epoch 88
2026-01-03 17:24:32.613915: Current learning rate: 0.00732
2026-01-03 17:25:26.959558: train_loss 0.5747
2026-01-03 17:25:26.978847: val_loss 0.8406
2026-01-03 17:25:26.995138: val classification accuracy 0.5714
2026-01-03 17:25:26.998014: val auc 0.5488
2026-01-03 17:25:27.000673: Epoch time: 54.35 s
2026-01-03 17:25:27.869345: 
2026-01-03 17:25:27.873496: Epoch 89
2026-01-03 17:25:27.876250: Current learning rate: 0.00729
2026-01-03 17:26:19.418030: train_loss 0.6321
2026-01-03 17:26:19.441814: val_loss 0.7083
2026-01-03 17:26:19.492235: val classification accuracy 0.5714
2026-01-03 17:26:19.496620: val auc 0.6644
2026-01-03 17:26:19.500337: Epoch time: 51.55 s
2026-01-03 17:26:21.204038: 
2026-01-03 17:26:21.209425: Epoch 90
2026-01-03 17:26:21.212898: Current learning rate: 0.00725
2026-01-03 17:27:15.150718: train_loss 0.6155
2026-01-03 17:27:15.155787: val_loss 0.6105
2026-01-03 17:27:15.190050: val classification accuracy 0.5952
2026-01-03 17:27:15.193991: val auc 0.7063
2026-01-03 17:27:15.197320: Epoch time: 53.95 s
2026-01-03 17:27:16.033617: 
2026-01-03 17:27:16.037264: Epoch 91
2026-01-03 17:27:16.040025: Current learning rate: 0.00722
2026-01-03 17:28:10.127331: train_loss 0.6214
2026-01-03 17:28:10.132240: val_loss 0.8005
2026-01-03 17:28:10.135221: val classification accuracy 0.5476
2026-01-03 17:28:10.137828: val auc 0.5578
2026-01-03 17:28:10.140733: Epoch time: 54.1 s
2026-01-03 17:28:10.932299: 
2026-01-03 17:28:10.935807: Epoch 92
2026-01-03 17:28:10.938195: Current learning rate: 0.00719
2026-01-03 17:29:01.718369: train_loss 0.5604
2026-01-03 17:29:01.723562: val_loss 0.8468
2026-01-03 17:29:01.726809: val classification accuracy 0.5238
2026-01-03 17:29:01.729813: val auc 0.6281
2026-01-03 17:29:01.732772: Epoch time: 50.79 s
2026-01-03 17:29:02.646902: 
2026-01-03 17:29:02.650502: Epoch 93
2026-01-03 17:29:02.653387: Current learning rate: 0.00716
2026-01-03 17:29:56.771022: train_loss 0.5665
2026-01-03 17:29:56.776708: val_loss 1.1408
2026-01-03 17:29:56.780083: val classification accuracy 0.5
2026-01-03 17:29:56.782868: val auc 0.5624
2026-01-03 17:29:56.786145: Epoch time: 54.13 s
2026-01-03 17:29:57.621999: 
2026-01-03 17:29:57.625519: Epoch 94
2026-01-03 17:29:57.628226: Current learning rate: 0.00713
2026-01-03 17:30:47.896106: train_loss 0.5667
2026-01-03 17:30:47.902866: val_loss 0.9157
2026-01-03 17:30:47.907014: val classification accuracy 0.5
2026-01-03 17:30:47.910845: val auc 0.3628
2026-01-03 17:30:47.914328: Epoch time: 50.28 s
2026-01-03 17:30:48.745135: 
2026-01-03 17:30:48.749130: Epoch 95
2026-01-03 17:30:48.752344: Current learning rate: 0.0071
2026-01-03 17:31:43.346520: train_loss 0.5325
2026-01-03 17:31:43.383547: val_loss 0.6922
2026-01-03 17:31:43.386970: val classification accuracy 0.6667
2026-01-03 17:31:43.394860: val auc 0.7234
2026-01-03 17:31:43.413531: Epoch time: 54.6 s
2026-01-03 17:31:44.315515: 
2026-01-03 17:31:44.319028: Epoch 96
2026-01-03 17:31:44.321653: Current learning rate: 0.00707
2026-01-03 17:32:38.342143: train_loss 0.5155
2026-01-03 17:32:38.353176: val_loss 1.2608
2026-01-03 17:32:38.368433: val classification accuracy 0.4286
2026-01-03 17:32:38.371816: val auc 0.4989
2026-01-03 17:32:38.375161: Epoch time: 54.03 s
2026-01-03 17:32:39.197258: 
2026-01-03 17:32:39.201478: Epoch 97
2026-01-03 17:32:39.204997: Current learning rate: 0.00704
2026-01-03 17:33:31.520144: train_loss 0.5744
2026-01-03 17:33:31.525313: val_loss 0.7072
2026-01-03 17:33:31.528728: val classification accuracy 0.5952
2026-01-03 17:33:31.538930: val auc 0.6825
2026-01-03 17:33:31.542095: Epoch time: 52.32 s
2026-01-03 17:33:32.390031: 
2026-01-03 17:33:32.393527: Epoch 98
2026-01-03 17:33:32.396122: Current learning rate: 0.007
2026-01-03 17:34:26.810843: train_loss 0.5956
2026-01-03 17:34:26.818592: val_loss 0.8056
2026-01-03 17:34:26.822371: val classification accuracy 0.5476
2026-01-03 17:34:26.831839: val auc 0.6531
2026-01-03 17:34:26.845289: Epoch time: 54.42 s
2026-01-03 17:34:27.658060: 
2026-01-03 17:34:27.662976: Epoch 99
2026-01-03 17:34:27.666087: Current learning rate: 0.00697
2026-01-03 17:35:20.822926: train_loss 0.5919
2026-01-03 17:35:20.829580: val_loss 0.6702
2026-01-03 17:35:20.834112: val classification accuracy 0.6429
2026-01-03 17:35:20.844148: val auc 0.6814
2026-01-03 17:35:20.850713: Epoch time: 53.17 s
2026-01-03 17:35:23.197525: Saved periodic checkpoint /hpf/projects/jquon/sumin/nnUNet_data/nnUNet_results/Dataset033_AVM_T1+C/SEResNetTrainer_ep300_NoMirroring_x2__nnUNetResEncUNetLPlans__3d_fullres/fold_4/checkpoint_every20_best_balacc.pth at epoch 99 with val_balanced_accuracy=0.6429
2026-01-03 17:35:24.898310: Saved periodic checkpoint /hpf/projects/jquon/sumin/nnUNet_data/nnUNet_results/Dataset033_AVM_T1+C/SEResNetTrainer_ep300_NoMirroring_x2__nnUNetResEncUNetLPlans__3d_fullres/fold_4/checkpoint_every20_best_auroc.pth at epoch 99 with val_auc=0.6814
2026-01-03 17:35:25.732641: 
2026-01-03 17:35:25.736630: Epoch 100
2026-01-03 17:35:25.739297: Current learning rate: 0.00694
2026-01-03 17:36:19.699103: train_loss 0.5523
2026-01-03 17:36:19.704682: val_loss 0.9207
2026-01-03 17:36:19.708012: val classification accuracy 0.5952
2026-01-03 17:36:19.711441: val auc 0.6327
2026-01-03 17:36:19.714418: Epoch time: 53.97 s
2026-01-03 17:36:20.530740: 
2026-01-03 17:36:20.534921: Epoch 101
2026-01-03 17:36:20.538309: Current learning rate: 0.00691
2026-01-03 17:37:12.334772: train_loss 0.4462
2026-01-03 17:37:12.347443: val_loss 1.1839
2026-01-03 17:37:12.350644: val classification accuracy 0.5476
2026-01-03 17:37:12.353502: val auc 0.6009
2026-01-03 17:37:12.356647: Epoch time: 51.81 s
2026-01-03 17:37:13.300439: 
2026-01-03 17:37:13.303837: Epoch 102
2026-01-03 17:37:13.306396: Current learning rate: 0.00688
2026-01-03 17:38:06.058659: train_loss 0.5486
2026-01-03 17:38:06.063846: val_loss 0.724
2026-01-03 17:38:06.067186: val classification accuracy 0.6429
2026-01-03 17:38:06.070056: val auc 0.7211
2026-01-03 17:38:06.118734: Epoch time: 52.76 s
2026-01-03 17:38:07.031308: 
2026-01-03 17:38:07.035820: Epoch 103
2026-01-03 17:38:07.038827: Current learning rate: 0.00685
2026-01-03 17:38:59.200083: train_loss 0.5575
2026-01-03 17:38:59.232695: val_loss 0.7087
2026-01-03 17:38:59.273501: val classification accuracy 0.6429
2026-01-03 17:38:59.277429: val auc 0.7279
2026-01-03 17:38:59.286135: Epoch time: 52.17 s
2026-01-03 17:39:00.207124: 
2026-01-03 17:39:00.210473: Epoch 104
2026-01-03 17:39:00.213091: Current learning rate: 0.00682
2026-01-03 17:39:52.517368: train_loss 0.5972
2026-01-03 17:39:52.575901: val_loss 0.8757
2026-01-03 17:39:52.580075: val classification accuracy 0.4524
2026-01-03 17:39:52.583654: val auc 0.5612
2026-01-03 17:39:52.587644: Epoch time: 52.31 s
2026-01-03 17:39:53.442106: 
2026-01-03 17:39:53.446046: Epoch 105
2026-01-03 17:39:53.449613: Current learning rate: 0.00679
2026-01-03 17:40:44.023041: train_loss 0.56
2026-01-03 17:40:44.028040: val_loss 0.9002
2026-01-03 17:40:44.031257: val classification accuracy 0.4524
2026-01-03 17:40:44.033918: val auc 0.5147
2026-01-03 17:40:44.036678: Epoch time: 50.58 s
2026-01-03 17:40:44.875031: 
2026-01-03 17:40:44.878666: Epoch 106
2026-01-03 17:40:44.881353: Current learning rate: 0.00675
2026-01-03 17:41:40.530708: train_loss 0.5063
2026-01-03 17:41:40.538109: val_loss 0.8241
2026-01-03 17:41:40.542226: val classification accuracy 0.5952
2026-01-03 17:41:40.549427: val auc 0.7381
2026-01-03 17:41:40.553834: Epoch time: 55.66 s
2026-01-03 17:41:41.446526: 
2026-01-03 17:41:41.450588: Epoch 107
2026-01-03 17:41:41.454001: Current learning rate: 0.00672
2026-01-03 17:42:36.036548: train_loss 0.5908
2026-01-03 17:42:36.042526: val_loss 0.9923
2026-01-03 17:42:36.046436: val classification accuracy 0.5
2026-01-03 17:42:36.050195: val auc 0.5057
2026-01-03 17:42:36.054234: Epoch time: 54.59 s
2026-01-03 17:42:37.004950: 
2026-01-03 17:42:37.008359: Epoch 108
2026-01-03 17:42:37.011008: Current learning rate: 0.00669
2026-01-03 17:43:28.082613: train_loss 0.523
2026-01-03 17:43:28.087897: val_loss 0.8548
2026-01-03 17:43:28.091966: val classification accuracy 0.6429
2026-01-03 17:43:28.095586: val auc 0.6644
2026-01-03 17:43:28.099316: Epoch time: 51.08 s
2026-01-03 17:43:29.031801: 
2026-01-03 17:43:29.035985: Epoch 109
2026-01-03 17:43:29.039081: Current learning rate: 0.00666
2026-01-03 17:44:22.568757: train_loss 0.5431
2026-01-03 17:44:22.587909: val_loss 0.8331
2026-01-03 17:44:22.592150: val classification accuracy 0.5952
2026-01-03 17:44:22.596259: val auc 0.5986
2026-01-03 17:44:22.600130: Epoch time: 53.54 s
2026-01-03 17:44:23.558033: 
2026-01-03 17:44:23.561554: Epoch 110
2026-01-03 17:44:23.564529: Current learning rate: 0.00663
2026-01-03 17:45:13.540077: train_loss 0.5204
2026-01-03 17:45:13.586178: val_loss 0.8873
2026-01-03 17:45:13.589654: val classification accuracy 0.5714
2026-01-03 17:45:13.605460: val auc 0.6689
2026-01-03 17:45:13.608949: Epoch time: 49.98 s
2026-01-03 17:45:14.474322: 
2026-01-03 17:45:14.478747: Epoch 111
2026-01-03 17:45:14.482072: Current learning rate: 0.0066
2026-01-03 17:46:08.389646: train_loss 0.5781
2026-01-03 17:46:08.413689: val_loss 0.8408
2026-01-03 17:46:08.419809: val classification accuracy 0.5476
2026-01-03 17:46:08.423279: val auc 0.5805
2026-01-03 17:46:08.426478: Epoch time: 53.92 s
2026-01-03 17:46:09.277734: 
2026-01-03 17:46:09.281594: Epoch 112
2026-01-03 17:46:09.284365: Current learning rate: 0.00657
2026-01-03 17:47:02.894201: train_loss 0.5228
2026-01-03 17:47:02.905475: val_loss 0.8022
2026-01-03 17:47:02.909300: val classification accuracy 0.5
2026-01-03 17:47:02.913215: val auc 0.5828
2026-01-03 17:47:02.926997: Epoch time: 53.62 s
2026-01-03 17:47:03.838249: 
2026-01-03 17:47:03.842181: Epoch 113
2026-01-03 17:47:03.845465: Current learning rate: 0.00654
2026-01-03 17:47:56.595426: train_loss 0.5296
2026-01-03 17:47:56.610640: val_loss 0.9229
2026-01-03 17:47:56.614071: val classification accuracy 0.4762
2026-01-03 17:47:56.616895: val auc 0.5397
2026-01-03 17:47:56.619649: Epoch time: 52.76 s
2026-01-03 17:47:57.519117: 
2026-01-03 17:47:57.522826: Epoch 114
2026-01-03 17:47:57.525486: Current learning rate: 0.0065
2026-01-03 17:48:53.672715: train_loss 0.5614
2026-01-03 17:48:53.690576: val_loss 0.9014
2026-01-03 17:48:53.694134: val classification accuracy 0.5952
2026-01-03 17:48:53.697390: val auc 0.5261
2026-01-03 17:48:53.701652: Epoch time: 56.16 s
2026-01-03 17:48:54.610511: 
2026-01-03 17:48:54.616821: Epoch 115
2026-01-03 17:48:54.620319: Current learning rate: 0.00647
2026-01-03 17:49:46.194563: train_loss 0.528
2026-01-03 17:49:46.199738: val_loss 0.7532
2026-01-03 17:49:46.203616: val classification accuracy 0.6429
2026-01-03 17:49:46.207117: val auc 0.644
2026-01-03 17:49:46.210493: Epoch time: 51.59 s
2026-01-03 17:49:47.134580: 
2026-01-03 17:49:47.138113: Epoch 116
2026-01-03 17:49:47.140826: Current learning rate: 0.00644
2026-01-03 17:50:42.094209: train_loss 0.5305
2026-01-03 17:50:42.100060: val_loss 0.8511
2026-01-03 17:50:42.103811: val classification accuracy 0.619
2026-01-03 17:50:42.106928: val auc 0.6304
2026-01-03 17:50:42.109827: Epoch time: 54.96 s
2026-01-03 17:50:43.786095: 
2026-01-03 17:50:43.790037: Epoch 117
2026-01-03 17:50:43.793324: Current learning rate: 0.00641
2026-01-03 17:51:36.901407: train_loss 0.5299
2026-01-03 17:51:36.913093: val_loss 0.6727
2026-01-03 17:51:36.939524: val classification accuracy 0.6667
2026-01-03 17:51:36.943925: val auc 0.712
2026-01-03 17:51:36.948509: Epoch time: 53.12 s
2026-01-03 17:51:37.827849: 
2026-01-03 17:51:37.831691: Epoch 118
2026-01-03 17:51:37.834691: Current learning rate: 0.00638
2026-01-03 17:52:34.379727: train_loss 0.5167
2026-01-03 17:52:34.393514: val_loss 0.7407
2026-01-03 17:52:34.396596: val classification accuracy 0.6429
2026-01-03 17:52:34.400429: val auc 0.6803
2026-01-03 17:52:34.403295: Epoch time: 56.55 s
2026-01-03 17:52:35.258593: 
2026-01-03 17:52:35.262424: Epoch 119
2026-01-03 17:52:35.265249: Current learning rate: 0.00635
2026-01-03 17:53:30.633523: train_loss 0.5294
2026-01-03 17:53:30.639639: val_loss 0.827
2026-01-03 17:53:30.643158: val classification accuracy 0.5476
2026-01-03 17:53:30.673959: val auc 0.6485
2026-01-03 17:53:30.705194: Epoch time: 55.38 s
2026-01-03 17:53:31.619883: 
2026-01-03 17:53:31.624257: Epoch 120
2026-01-03 17:53:31.627719: Current learning rate: 0.00631
2026-01-03 17:54:21.596260: train_loss 0.5297
2026-01-03 17:54:21.611338: val_loss 1.023
2026-01-03 17:54:21.614583: val classification accuracy 0.5
2026-01-03 17:54:21.617272: val auc 0.4966
2026-01-03 17:54:21.620140: Epoch time: 49.98 s
2026-01-03 17:54:22.472723: 
2026-01-03 17:54:22.476333: Epoch 121
2026-01-03 17:54:22.479011: Current learning rate: 0.00628
2026-01-03 17:55:19.722689: train_loss 0.5004
2026-01-03 17:55:19.778803: val_loss 1.2332
2026-01-03 17:55:19.782171: val classification accuracy 0.5238
2026-01-03 17:55:19.786270: val auc 0.5646
2026-01-03 17:55:19.789955: Epoch time: 57.25 s
2026-01-03 17:55:20.686732: 
2026-01-03 17:55:20.690829: Epoch 122
2026-01-03 17:55:20.694522: Current learning rate: 0.00625
2026-01-03 17:56:13.915302: train_loss 0.5111
2026-01-03 17:56:13.920895: val_loss 0.8411
2026-01-03 17:56:13.923831: val classification accuracy 0.619
2026-01-03 17:56:13.927195: val auc 0.6259
2026-01-03 17:56:13.930131: Epoch time: 53.23 s
2026-01-03 17:56:14.747546: 
2026-01-03 17:56:14.759609: Epoch 123
2026-01-03 17:56:14.770595: Current learning rate: 0.00622
2026-01-03 17:57:07.710725: train_loss 0.5458
2026-01-03 17:57:07.716428: val_loss 1.1053
2026-01-03 17:57:07.719968: val classification accuracy 0.4524
2026-01-03 17:57:07.723424: val auc 0.4467
2026-01-03 17:57:07.726856: Epoch time: 52.96 s
2026-01-03 17:57:08.584585: 
2026-01-03 17:57:08.588514: Epoch 124
2026-01-03 17:57:08.591735: Current learning rate: 0.00619
2026-01-03 17:58:02.161223: train_loss 0.5165
2026-01-03 17:58:02.167135: val_loss 0.9491
2026-01-03 17:58:02.177788: val classification accuracy 0.5952
2026-01-03 17:58:02.181402: val auc 0.5669
2026-01-03 17:58:02.187169: Epoch time: 53.58 s
2026-01-03 17:58:03.085501: 
2026-01-03 17:58:03.089392: Epoch 125
2026-01-03 17:58:03.092348: Current learning rate: 0.00616
2026-01-03 17:58:57.871724: train_loss 0.4687
2026-01-03 17:58:57.895058: val_loss 0.9863
2026-01-03 17:58:57.931695: val classification accuracy 0.5952
2026-01-03 17:58:57.938570: val auc 0.7392
2026-01-03 17:58:57.944453: Epoch time: 54.79 s
2026-01-03 17:58:58.830436: 
2026-01-03 17:58:58.834493: Epoch 126
2026-01-03 17:58:58.837513: Current learning rate: 0.00612
2026-01-03 17:59:51.597727: train_loss 0.4321
2026-01-03 17:59:51.657109: val_loss 1.4192
2026-01-03 17:59:51.674172: val classification accuracy 0.4762
2026-01-03 17:59:51.678261: val auc 0.3696
2026-01-03 17:59:51.682727: Epoch time: 52.77 s
2026-01-03 17:59:52.658314: 
2026-01-03 17:59:52.662045: Epoch 127
2026-01-03 17:59:52.664776: Current learning rate: 0.00609
2026-01-03 18:00:46.065852: train_loss 0.4278
2026-01-03 18:00:46.072937: val_loss 1.0426
2026-01-03 18:00:46.093011: val classification accuracy 0.4762
2026-01-03 18:00:46.110232: val auc 0.5918
2026-01-03 18:00:46.120250: Epoch time: 53.41 s
2026-01-03 18:00:47.041214: 
2026-01-03 18:00:47.050722: Epoch 128
2026-01-03 18:00:47.053552: Current learning rate: 0.00606
2026-01-03 18:01:40.258011: train_loss 0.4934
2026-01-03 18:01:40.265346: val_loss 1.0485
2026-01-03 18:01:40.269011: val classification accuracy 0.5714
2026-01-03 18:01:40.272388: val auc 0.6259
2026-01-03 18:01:40.276031: Epoch time: 53.22 s
2026-01-03 18:01:41.167108: 
2026-01-03 18:01:41.171682: Epoch 129
2026-01-03 18:01:41.179767: Current learning rate: 0.00603
2026-01-03 18:02:38.371847: train_loss 0.4569
2026-01-03 18:02:38.376749: val_loss 1.1524
2026-01-03 18:02:38.379821: val classification accuracy 0.5714
2026-01-03 18:02:38.382938: val auc 0.5215
2026-01-03 18:02:38.385994: Epoch time: 57.21 s
2026-01-03 18:02:39.334809: 
2026-01-03 18:02:39.338264: Epoch 130
2026-01-03 18:02:39.340818: Current learning rate: 0.006
2026-01-03 18:03:33.430283: train_loss 0.5064
2026-01-03 18:03:33.446656: val_loss 0.964
2026-01-03 18:03:33.474634: val classification accuracy 0.5714
2026-01-03 18:03:33.479278: val auc 0.5986
2026-01-03 18:03:33.482986: Epoch time: 54.1 s
2026-01-03 18:03:35.183634: 
2026-01-03 18:03:35.187283: Epoch 131
2026-01-03 18:03:35.190314: Current learning rate: 0.00597
2026-01-03 18:04:29.527117: train_loss 0.4927
2026-01-03 18:04:29.533295: val_loss 0.739
2026-01-03 18:04:29.537008: val classification accuracy 0.7143
2026-01-03 18:04:29.540449: val auc 0.7143
2026-01-03 18:04:29.543757: Epoch time: 54.34 s
2026-01-03 18:04:30.459111: 
2026-01-03 18:04:30.463072: Epoch 132
2026-01-03 18:04:30.466565: Current learning rate: 0.00593
2026-01-03 18:05:26.533180: train_loss 0.4986
2026-01-03 18:05:26.539933: val_loss 1.2351
2026-01-03 18:05:26.543275: val classification accuracy 0.5476
2026-01-03 18:05:26.546378: val auc 0.4286
2026-01-03 18:05:26.549676: Epoch time: 56.08 s
2026-01-03 18:05:27.458524: 
2026-01-03 18:05:27.462264: Epoch 133
2026-01-03 18:05:27.464938: Current learning rate: 0.0059
2026-01-03 18:06:20.678735: train_loss 0.4938
2026-01-03 18:06:20.689011: val_loss 0.928
2026-01-03 18:06:20.693089: val classification accuracy 0.5238
2026-01-03 18:06:20.696769: val auc 0.6871
2026-01-03 18:06:20.700452: Epoch time: 53.22 s
2026-01-03 18:06:21.687397: 
2026-01-03 18:06:21.691594: Epoch 134
2026-01-03 18:06:21.694798: Current learning rate: 0.00587
2026-01-03 18:07:10.936180: train_loss 0.5264
2026-01-03 18:07:10.941354: val_loss 1.0387
2026-01-03 18:07:10.944844: val classification accuracy 0.4286
2026-01-03 18:07:10.948911: val auc 0.449
2026-01-03 18:07:10.974537: Epoch time: 49.25 s
2026-01-03 18:07:11.832244: 
2026-01-03 18:07:11.836120: Epoch 135
2026-01-03 18:07:11.838801: Current learning rate: 0.00584
2026-01-03 18:08:05.691040: train_loss 0.5369
2026-01-03 18:08:05.697153: val_loss 1.0602
2026-01-03 18:08:05.700289: val classification accuracy 0.4762
2026-01-03 18:08:05.703515: val auc 0.5465
2026-01-03 18:08:05.706629: Epoch time: 53.86 s
2026-01-03 18:08:06.572624: 
2026-01-03 18:08:06.576701: Epoch 136
2026-01-03 18:08:06.580207: Current learning rate: 0.00581
2026-01-03 18:09:03.301111: train_loss 0.5021
2026-01-03 18:09:03.311398: val_loss 0.6756
2026-01-03 18:09:03.315083: val classification accuracy 0.5952
2026-01-03 18:09:03.318859: val auc 0.678
2026-01-03 18:09:03.322141: Epoch time: 56.73 s
2026-01-03 18:09:04.218952: 
2026-01-03 18:09:04.222507: Epoch 137
2026-01-03 18:09:04.225080: Current learning rate: 0.00578
2026-01-03 18:09:57.360749: train_loss 0.405
2026-01-03 18:09:57.366937: val_loss 1.8185
2026-01-03 18:09:57.373659: val classification accuracy 0.4286
2026-01-03 18:09:57.377373: val auc 0.4263
2026-01-03 18:09:57.380761: Epoch time: 53.14 s
2026-01-03 18:09:58.257968: 
2026-01-03 18:09:58.262183: Epoch 138
2026-01-03 18:09:58.265437: Current learning rate: 0.00574
2026-01-03 18:10:51.791820: train_loss 0.4298
2026-01-03 18:10:51.798080: val_loss 1.2239
2026-01-03 18:10:51.802304: val classification accuracy 0.5476
2026-01-03 18:10:51.855249: val auc 0.5125
2026-01-03 18:10:51.868479: Epoch time: 53.54 s
2026-01-03 18:10:51.914147: Early stopping triggered at epoch 138. Best val_losses=0.5483
2026-01-03 18:10:52.736654: Stopping training early due to early stopping criterion.
2026-01-03 18:10:55.550296: Training done.
2026-01-03 18:10:55.589606: Skipping perform_actual_validation for classification trainer (segmentation-style sliding window is not applicable).
[1;34mwandb[0m: 
[1;34mwandb[0m:  View run [33mSEResNetTrainer_ep300_NoMirroring_x2_fold4[0m at: [34m[0m
[1;34mwandb[0m: Find logs at: [1;35m../../tmp/wandb/wandb/run-20260103_160414-m1lf9c12/logs[0m
