Using device: cuda:0

#######################################################################
Please cite the following paper when using nnU-Net:
Isensee, F., Jaeger, P. F., Kohl, S. A., Petersen, J., & Maier-Hein, K. H. (2021). nnU-Net: a self-configuring method for deep learning-based biomedical image segmentation. Nature methods, 18(2), 203-211.
#######################################################################

2026-01-04 07:45:39.267593: Using torch.compile...
2026-01-04 07:45:44.010073: do_dummy_2d_data_aug: False
2026-01-04 07:45:44.013982: Using splits from existing split file: /hpf/projects/jquon/sumin/nnUNet_data/nnUNet_preprocessed/Dataset033_AVM_T1+C/splits_final.json
2026-01-04 07:45:44.017867: The split file contains 11 splits.
2026-01-04 07:45:44.019726: Desired fold for training: 10
2026-01-04 07:45:44.021428: This split has 472 training and 40 validation cases.
using pin_memory on device 0
using pin_memory on device 0

This is the configuration used by this training:
Configuration name: 3d_fullres
 {'data_identifier': 'nnUNetPlans_3d_fullres', 'preprocessor_name': 'DefaultPreprocessor', 'batch_size': 2, 'patch_size': [160, 224, 192], 'median_image_size_in_voxels': [344.0, 448.0, 429.0], 'spacing': [0.500000923871994, 0.4910714328289032, 0.4910714328289032], 'normalization_schemes': ['ZScoreNormalization'], 'use_mask_for_norm': [False], 'resampling_fn_data': 'resample_data_or_seg_to_shape', 'resampling_fn_seg': 'resample_data_or_seg_to_shape', 'resampling_fn_data_kwargs': {'is_seg': False, 'order': 3, 'order_z': 0, 'force_separate_z': None}, 'resampling_fn_seg_kwargs': {'is_seg': True, 'order': 1, 'order_z': 0, 'force_separate_z': None}, 'resampling_fn_probabilities': 'resample_data_or_seg_to_shape', 'resampling_fn_probabilities_kwargs': {'is_seg': False, 'order': 1, 'order_z': 0, 'force_separate_z': None}, 'architecture': {'network_class_name': 'dynamic_network_architectures.architectures.unet.ResidualEncoderUNet', 'arch_kwargs': {'n_stages': 6, 'features_per_stage': [32, 64, 128, 256, 320, 320], 'conv_op': 'torch.nn.modules.conv.Conv3d', 'kernel_sizes': [[3, 3, 3], [3, 3, 3], [3, 3, 3], [3, 3, 3], [3, 3, 3], [3, 3, 3]], 'strides': [[1, 1, 1], [2, 2, 2], [2, 2, 2], [2, 2, 2], [2, 2, 2], [2, 2, 2]], 'n_blocks_per_stage': [1, 3, 4, 6, 6, 6], 'n_conv_per_stage_decoder': [1, 1, 1, 1, 1], 'conv_bias': True, 'norm_op': 'torch.nn.modules.instancenorm.InstanceNorm3d', 'norm_op_kwargs': {'eps': 1e-05, 'affine': True}, 'dropout_op': None, 'dropout_op_kwargs': None, 'nonlin': 'torch.nn.LeakyReLU', 'nonlin_kwargs': {'inplace': True}}, '_kw_requires_import': ['conv_op', 'norm_op', 'dropout_op', 'nonlin']}, 'batch_dice': True} 

These are the global plan.json settings:
 {'dataset_name': 'Dataset033_AVM_T1+C', 'plans_name': 'nnUNetResEncUNetLPlans', 'original_median_spacing_after_transp': [0.500000923871994, 0.4910714328289032, 0.4910714328289032], 'original_median_shape_after_transp': [330, 448, 424], 'image_reader_writer': 'SimpleITKIO', 'transpose_forward': [0, 1, 2], 'transpose_backward': [0, 1, 2], 'experiment_planner_used': 'nnUNetPlannerResEncL', 'label_manager': 'LabelManager', 'foreground_intensity_properties_per_channel': {'0': {'max': 12113.0, 'mean': 449.843505859375, 'median': 311.0, 'min': 0.0, 'percentile_00_5': 34.0, 'percentile_99_5': 3202.0, 'std': 471.56329345703125}}} 

2026-01-04 07:45:46.649742: Unable to plot network architecture: nnUNet_compile is enabled!
2026-01-04 07:45:46.676301: 
2026-01-04 07:45:46.713001: Epoch 0
2026-01-04 07:45:46.716868: Current learning rate: 0.0001
2026-01-04 07:47:49.846323: train_loss 0.727
2026-01-04 07:47:49.850785: val_loss 0.6999
2026-01-04 07:47:49.853284: val classification accuracy 0.5
2026-01-04 07:47:49.855743: val auc 0.4788
2026-01-04 07:47:49.858159: Epoch time: 123.17 s
2026-01-04 07:47:49.860374: Yayy! New best EMA pseudo Dice: 0.4788
2026-01-04 07:47:51.665255: Yayy! New best classification accuracy: 0.5
2026-01-04 07:47:53.627474: 
2026-01-04 07:47:53.630479: Epoch 1
2026-01-04 07:47:53.632568: Current learning rate: 0.0001
2026-01-04 07:48:57.624957: train_loss 0.6868
2026-01-04 07:48:57.646059: val_loss 0.7514
2026-01-04 07:48:57.649374: val classification accuracy 0.45
2026-01-04 07:48:57.651823: val auc 0.4762
2026-01-04 07:48:57.654208: Epoch time: 64.0 s
2026-01-04 07:48:58.496121: 
2026-01-04 07:48:58.499035: Epoch 2
2026-01-04 07:48:58.501004: Current learning rate: 0.0001
2026-01-04 07:50:02.487370: train_loss 0.7368
2026-01-04 07:50:02.491810: val_loss 0.6958
2026-01-04 07:50:02.494343: val classification accuracy 0.5
2026-01-04 07:50:02.496644: val auc 0.47
2026-01-04 07:50:02.499115: Epoch time: 63.99 s
2026-01-04 07:50:03.236736: 
2026-01-04 07:50:03.239625: Epoch 3
2026-01-04 07:50:03.241614: Current learning rate: 0.0001
2026-01-04 07:51:06.588554: train_loss 0.7194
2026-01-04 07:51:06.596783: val_loss 0.6997
2026-01-04 07:51:06.601321: val classification accuracy 0.5
2026-01-04 07:51:06.604561: val auc 0.5137
2026-01-04 07:51:06.608639: Epoch time: 63.35 s
2026-01-04 07:51:06.611188: Yayy! New best EMA pseudo Dice: 0.5137
2026-01-04 07:51:10.139062: 
2026-01-04 07:51:10.142347: Epoch 4
2026-01-04 07:51:10.144219: Current learning rate: 0.0001
2026-01-04 07:52:13.115064: train_loss 0.7142
2026-01-04 07:52:13.119311: val_loss 0.6898
2026-01-04 07:52:13.121400: val classification accuracy 0.575
2026-01-04 07:52:13.123670: val auc 0.5725
2026-01-04 07:52:13.125651: Epoch time: 62.98 s
2026-01-04 07:52:13.127402: Yayy! New best EMA pseudo Dice: 0.5725
2026-01-04 07:52:15.314287: Yayy! New best classification accuracy: 0.575
2026-01-04 07:52:17.482648: 
2026-01-04 07:52:17.486424: Epoch 5
2026-01-04 07:52:17.488846: Current learning rate: 0.0001
2026-01-04 07:53:21.164139: train_loss 0.7141
2026-01-04 07:53:21.168858: val_loss 0.6999
2026-01-04 07:53:21.171264: val classification accuracy 0.5
2026-01-04 07:53:21.173476: val auc 0.4425
2026-01-04 07:53:21.175742: Epoch time: 63.68 s
2026-01-04 07:53:21.976489: 
2026-01-04 07:53:21.979323: Epoch 6
2026-01-04 07:53:21.981265: Current learning rate: 0.0001
2026-01-04 07:54:26.643142: train_loss 0.719
2026-01-04 07:54:26.647810: val_loss 0.6918
2026-01-04 07:54:26.650111: val classification accuracy 0.55
2026-01-04 07:54:26.652369: val auc 0.575
2026-01-04 07:54:26.654660: Epoch time: 64.67 s
2026-01-04 07:54:26.656495: Yayy! New best EMA pseudo Dice: 0.575
2026-01-04 07:54:29.649328: 
2026-01-04 07:54:29.652430: Epoch 7
2026-01-04 07:54:29.654695: Current learning rate: 0.0001
2026-01-04 07:55:33.088230: train_loss 0.7225
2026-01-04 07:55:33.093085: val_loss 0.6879
2026-01-04 07:55:33.095143: val classification accuracy 0.5
2026-01-04 07:55:33.097003: val auc 0.5188
2026-01-04 07:55:33.099231: Epoch time: 63.44 s
2026-01-04 07:55:33.846263: 
2026-01-04 07:55:33.848700: Epoch 8
2026-01-04 07:55:33.850275: Current learning rate: 0.0001
2026-01-04 07:56:37.539269: train_loss 0.728
2026-01-04 07:56:37.543809: val_loss 0.7474
2026-01-04 07:56:37.546111: val classification accuracy 0.375
2026-01-04 07:56:37.548255: val auc 0.3788
2026-01-04 07:56:37.550894: Epoch time: 63.69 s
2026-01-04 07:56:38.340626: 
2026-01-04 07:56:38.343537: Epoch 9
2026-01-04 07:56:38.345601: Current learning rate: 0.0001
2026-01-04 07:57:41.776517: train_loss 0.7252
2026-01-04 07:57:41.781063: val_loss 0.8323
2026-01-04 07:57:41.783370: val classification accuracy 0.475
2026-01-04 07:57:41.785748: val auc 0.32
2026-01-04 07:57:41.788006: Epoch time: 63.44 s
2026-01-04 07:57:42.535760: 
2026-01-04 07:57:42.538575: Epoch 10
2026-01-04 07:57:42.540540: Current learning rate: 0.0001
2026-01-04 07:58:46.405913: train_loss 0.703
2026-01-04 07:58:46.411549: val_loss 0.7119
2026-01-04 07:58:46.414948: val classification accuracy 0.5
2026-01-04 07:58:46.417847: val auc 0.44
2026-01-04 07:58:46.420839: Epoch time: 63.87 s
2026-01-04 07:58:47.173093: 
2026-01-04 07:58:47.176811: Epoch 11
2026-01-04 07:58:47.179485: Current learning rate: 0.0001
2026-01-04 07:59:50.815538: train_loss 0.7097
2026-01-04 07:59:50.820158: val_loss 0.6999
2026-01-04 07:59:50.823014: val classification accuracy 0.5
2026-01-04 07:59:50.825766: val auc 0.5475
2026-01-04 07:59:50.828372: Epoch time: 63.64 s
2026-01-04 07:59:51.559162: 
2026-01-04 07:59:51.562574: Epoch 12
2026-01-04 07:59:51.565082: Current learning rate: 0.0001
2026-01-04 08:00:56.246671: train_loss 0.7177
2026-01-04 08:00:56.271636: val_loss 0.6939
2026-01-04 08:00:56.274760: val classification accuracy 0.5
2026-01-04 08:00:56.277583: val auc 0.5525
2026-01-04 08:00:56.280200: Epoch time: 64.69 s
2026-01-04 08:00:57.044380: 
2026-01-04 08:00:57.047637: Epoch 13
2026-01-04 08:00:57.050059: Current learning rate: 0.0001
2026-01-04 08:02:01.166617: train_loss 0.728
2026-01-04 08:02:01.172444: val_loss 0.7303
2026-01-04 08:02:01.175312: val classification accuracy 0.325
2026-01-04 08:02:01.178137: val auc 0.3375
2026-01-04 08:02:01.184987: Epoch time: 64.12 s
2026-01-04 08:02:01.932120: 
2026-01-04 08:02:01.935518: Epoch 14
2026-01-04 08:02:01.937990: Current learning rate: 0.0001
2026-01-04 08:03:05.504218: train_loss 0.7203
2026-01-04 08:03:05.508990: val_loss 0.7722
2026-01-04 08:03:05.511598: val classification accuracy 0.4
2026-01-04 08:03:05.514060: val auc 0.4
2026-01-04 08:03:05.516552: Epoch time: 63.57 s
2026-01-04 08:03:06.240663: 
2026-01-04 08:03:06.243894: Epoch 15
2026-01-04 08:03:06.252457: Current learning rate: 0.0001
2026-01-04 08:04:09.994801: train_loss 0.727
2026-01-04 08:04:09.999482: val_loss 0.7081
2026-01-04 08:04:10.002060: val classification accuracy 0.475
2026-01-04 08:04:10.004688: val auc 0.4275
2026-01-04 08:04:10.007323: Epoch time: 63.76 s
2026-01-04 08:04:10.783981: 
2026-01-04 08:04:10.787143: Epoch 16
2026-01-04 08:04:10.789321: Current learning rate: 0.0001
2026-01-04 08:05:15.064747: train_loss 0.7266
2026-01-04 08:05:15.083086: val_loss 0.7345
2026-01-04 08:05:15.086767: val classification accuracy 0.5
2026-01-04 08:05:15.089697: val auc 0.4938
2026-01-04 08:05:15.092794: Epoch time: 64.28 s
2026-01-04 08:05:15.885812: 
2026-01-04 08:05:15.889507: Epoch 17
2026-01-04 08:05:15.891809: Current learning rate: 9e-05
2026-01-04 08:06:18.478011: train_loss 0.7238
2026-01-04 08:06:18.483004: val_loss 0.8713
2026-01-04 08:06:18.485986: val classification accuracy 0.475
2026-01-04 08:06:18.488797: val auc 0.3725
2026-01-04 08:06:18.491552: Epoch time: 62.59 s
2026-01-04 08:06:19.229366: 
2026-01-04 08:06:19.232827: Epoch 18
2026-01-04 08:06:19.235430: Current learning rate: 9e-05
2026-01-04 08:07:23.680536: train_loss 0.7079
2026-01-04 08:07:23.685075: val_loss 0.7135
2026-01-04 08:07:23.687537: val classification accuracy 0.5
2026-01-04 08:07:23.690220: val auc 0.5738
2026-01-04 08:07:23.692922: Epoch time: 64.45 s
2026-01-04 08:07:24.437595: 
2026-01-04 08:07:24.440641: Epoch 19
2026-01-04 08:07:24.443204: Current learning rate: 9e-05
2026-01-04 08:08:28.401803: train_loss 0.7205
2026-01-04 08:08:28.407909: val_loss 0.7017
2026-01-04 08:08:28.411167: val classification accuracy 0.575
2026-01-04 08:08:28.414781: val auc 0.5
2026-01-04 08:08:28.417780: Epoch time: 63.97 s
2026-01-04 08:08:30.368376: Saved periodic checkpoint /hpf/projects/jquon/sumin/nnUNet_data/nnUNet_results/Dataset033_AVM_T1+C/SwinViTTrainer_ep300_NoMirroring_x2__nnUNetResEncUNetLPlans__3d_fullres/fold_10/checkpoint_every20_best_balacc.pth at epoch 19 with val_balanced_accuracy=0.5750
2026-01-04 08:08:31.755844: Saved periodic checkpoint /hpf/projects/jquon/sumin/nnUNet_data/nnUNet_results/Dataset033_AVM_T1+C/SwinViTTrainer_ep300_NoMirroring_x2__nnUNetResEncUNetLPlans__3d_fullres/fold_10/checkpoint_every20_best_auroc.pth at epoch 19 with val_auc=0.5000
2026-01-04 08:08:33.346415: 
2026-01-04 08:08:33.349934: Epoch 20
2026-01-04 08:08:33.352640: Current learning rate: 9e-05
2026-01-04 08:09:37.657449: train_loss 0.7303
2026-01-04 08:09:37.662751: val_loss 0.647
2026-01-04 08:09:37.665961: val classification accuracy 0.6
2026-01-04 08:09:37.668705: val auc 0.71
2026-01-04 08:09:37.671716: Epoch time: 64.31 s
2026-01-04 08:09:37.674258: Yayy! New best EMA pseudo Dice: 0.71
2026-01-04 08:09:39.680338: Yayy! New best classification accuracy: 0.6
2026-01-04 08:09:41.916959: 
2026-01-04 08:09:41.920192: Epoch 21
2026-01-04 08:09:41.922527: Current learning rate: 9e-05
2026-01-04 08:10:45.607755: train_loss 0.7063
2026-01-04 08:10:45.612900: val_loss 0.6556
2026-01-04 08:10:45.616075: val classification accuracy 0.575
2026-01-04 08:10:45.618843: val auc 0.7175
2026-01-04 08:10:45.621698: Epoch time: 63.69 s
2026-01-04 08:10:45.624120: Yayy! New best EMA pseudo Dice: 0.7175
2026-01-04 08:10:48.148406: 
2026-01-04 08:10:48.151747: Epoch 22
2026-01-04 08:10:48.154168: Current learning rate: 9e-05
2026-01-04 08:11:52.196556: train_loss 0.6999
2026-01-04 08:11:52.203398: val_loss 0.7503
2026-01-04 08:11:52.207548: val classification accuracy 0.475
2026-01-04 08:11:52.210983: val auc 0.3987
2026-01-04 08:11:52.214814: Epoch time: 64.05 s
2026-01-04 08:11:53.039648: 
2026-01-04 08:11:53.042691: Epoch 23
2026-01-04 08:11:53.045186: Current learning rate: 9e-05
2026-01-04 08:12:56.786269: train_loss 0.7283
2026-01-04 08:12:56.809768: val_loss 1.3269
2026-01-04 08:12:56.818084: val classification accuracy 0.325
2026-01-04 08:12:56.824679: val auc 0.235
2026-01-04 08:12:56.830599: Epoch time: 63.75 s
2026-01-04 08:12:57.646642: 
2026-01-04 08:12:57.650062: Epoch 24
2026-01-04 08:12:57.652514: Current learning rate: 9e-05
2026-01-04 08:14:01.164558: train_loss 0.827
2026-01-04 08:14:01.169047: val_loss 0.8121
2026-01-04 08:14:01.171869: val classification accuracy 0.575
2026-01-04 08:14:01.177776: val auc 0.6575
2026-01-04 08:14:01.180501: Epoch time: 63.52 s
2026-01-04 08:14:01.912776: 
2026-01-04 08:14:01.915968: Epoch 25
2026-01-04 08:14:01.918280: Current learning rate: 9e-05
2026-01-04 08:15:05.660741: train_loss 0.7999
2026-01-04 08:15:05.665607: val_loss 0.7085
2026-01-04 08:15:05.668398: val classification accuracy 0.525
2026-01-04 08:15:05.671148: val auc 0.4925
2026-01-04 08:15:05.674208: Epoch time: 63.75 s
2026-01-04 08:15:06.401702: 
2026-01-04 08:15:06.405434: Epoch 26
2026-01-04 08:15:06.407916: Current learning rate: 9e-05
2026-01-04 08:16:10.343056: train_loss 0.697
2026-01-04 08:16:10.348107: val_loss 0.6382
2026-01-04 08:16:10.350843: val classification accuracy 0.525
2026-01-04 08:16:10.353640: val auc 0.7
2026-01-04 08:16:10.356561: Epoch time: 63.94 s
2026-01-04 08:16:11.112070: 
2026-01-04 08:16:11.123424: Epoch 27
2026-01-04 08:16:11.131013: Current learning rate: 9e-05
2026-01-04 08:17:14.738632: train_loss 0.7119
2026-01-04 08:17:14.743297: val_loss 0.7698
2026-01-04 08:17:14.745725: val classification accuracy 0.525
2026-01-04 08:17:14.748365: val auc 0.415
2026-01-04 08:17:14.751009: Epoch time: 63.63 s
2026-01-04 08:17:15.491246: 
2026-01-04 08:17:15.494340: Epoch 28
2026-01-04 08:17:15.497103: Current learning rate: 9e-05
2026-01-04 08:18:18.200642: train_loss 0.7296
2026-01-04 08:18:18.206812: val_loss 0.7157
2026-01-04 08:18:18.210627: val classification accuracy 0.45
2026-01-04 08:18:18.214219: val auc 0.3938
2026-01-04 08:18:18.217326: Epoch time: 62.71 s
2026-01-04 08:18:18.984151: 
2026-01-04 08:18:18.987673: Epoch 29
2026-01-04 08:18:18.990229: Current learning rate: 9e-05
2026-01-04 08:19:22.659080: train_loss 0.7155
2026-01-04 08:19:22.664455: val_loss 0.7204
2026-01-04 08:19:22.667147: val classification accuracy 0.475
2026-01-04 08:19:22.669542: val auc 0.5438
2026-01-04 08:19:22.671906: Epoch time: 63.68 s
2026-01-04 08:19:23.462622: 
2026-01-04 08:19:23.465779: Epoch 30
2026-01-04 08:19:23.468116: Current learning rate: 9e-05
2026-01-04 08:20:26.191546: train_loss 0.7349
2026-01-04 08:20:26.196372: val_loss 0.6922
2026-01-04 08:20:26.222957: val classification accuracy 0.55
2026-01-04 08:20:26.225846: val auc 0.5775
2026-01-04 08:20:26.232108: Epoch time: 62.73 s
2026-01-04 08:20:26.975486: 
2026-01-04 08:20:26.978795: Epoch 31
2026-01-04 08:20:26.981302: Current learning rate: 9e-05
2026-01-04 08:21:30.860582: train_loss 0.7069
2026-01-04 08:21:30.866011: val_loss 0.7416
2026-01-04 08:21:30.868979: val classification accuracy 0.35
2026-01-04 08:21:30.872045: val auc 0.3125
2026-01-04 08:21:30.874892: Epoch time: 63.89 s
2026-01-04 08:21:31.633398: 
2026-01-04 08:21:31.637235: Epoch 32
2026-01-04 08:21:31.639859: Current learning rate: 9e-05
2026-01-04 08:22:35.433873: train_loss 0.6973
2026-01-04 08:22:35.439065: val_loss 0.7595
2026-01-04 08:22:35.442432: val classification accuracy 0.5
2026-01-04 08:22:35.445471: val auc 0.535
2026-01-04 08:22:35.448917: Epoch time: 63.8 s
2026-01-04 08:22:36.242715: 
2026-01-04 08:22:36.246379: Epoch 33
2026-01-04 08:22:36.249629: Current learning rate: 9e-05
2026-01-04 08:23:39.989085: train_loss 0.7215
2026-01-04 08:23:39.995325: val_loss 0.6937
2026-01-04 08:23:39.998460: val classification accuracy 0.475
2026-01-04 08:23:40.001592: val auc 0.5225
2026-01-04 08:23:40.004468: Epoch time: 63.75 s
2026-01-04 08:23:40.750570: 
2026-01-04 08:23:40.753842: Epoch 34
2026-01-04 08:23:40.756397: Current learning rate: 9e-05
2026-01-04 08:24:44.935869: train_loss 0.7069
2026-01-04 08:24:44.940783: val_loss 0.8045
2026-01-04 08:24:44.943565: val classification accuracy 0.525
2026-01-04 08:24:44.946363: val auc 0.5625
2026-01-04 08:24:44.949148: Epoch time: 64.19 s
2026-01-04 08:24:45.702863: 
2026-01-04 08:24:45.706172: Epoch 35
2026-01-04 08:24:45.708584: Current learning rate: 9e-05
2026-01-04 08:25:48.919203: train_loss 0.7174
2026-01-04 08:25:48.944861: val_loss 0.6618
2026-01-04 08:25:48.949185: val classification accuracy 0.55
2026-01-04 08:25:48.953145: val auc 0.615
2026-01-04 08:25:48.956685: Epoch time: 63.22 s
2026-01-04 08:25:50.550482: 
2026-01-04 08:25:50.553807: Epoch 36
2026-01-04 08:25:50.556293: Current learning rate: 9e-05
2026-01-04 08:26:54.085828: train_loss 0.7002
2026-01-04 08:26:54.090753: val_loss 0.7409
2026-01-04 08:26:54.093503: val classification accuracy 0.55
2026-01-04 08:26:54.096436: val auc 0.61
2026-01-04 08:26:54.099207: Epoch time: 63.54 s
2026-01-04 08:26:54.863002: 
2026-01-04 08:26:54.866027: Epoch 37
2026-01-04 08:26:54.868251: Current learning rate: 9e-05
2026-01-04 08:27:58.104885: train_loss 0.713
2026-01-04 08:27:58.109458: val_loss 0.6572
2026-01-04 08:27:58.111968: val classification accuracy 0.575
2026-01-04 08:27:58.114551: val auc 0.66
2026-01-04 08:27:58.117123: Epoch time: 63.24 s
2026-01-04 08:27:58.869407: 
2026-01-04 08:27:58.872702: Epoch 38
2026-01-04 08:27:58.875170: Current learning rate: 9e-05
2026-01-04 08:29:02.276012: train_loss 0.6916
2026-01-04 08:29:02.281420: val_loss 0.6878
2026-01-04 08:29:02.284408: val classification accuracy 0.55
2026-01-04 08:29:02.287370: val auc 0.55
2026-01-04 08:29:02.290545: Epoch time: 63.41 s
2026-01-04 08:29:03.033840: 
2026-01-04 08:29:03.037400: Epoch 39
2026-01-04 08:29:03.039915: Current learning rate: 9e-05
2026-01-04 08:30:07.443413: train_loss 0.6989
2026-01-04 08:30:07.448122: val_loss 0.6505
2026-01-04 08:30:07.450775: val classification accuracy 0.625
2026-01-04 08:30:07.453405: val auc 0.665
2026-01-04 08:30:07.455964: Epoch time: 64.41 s
2026-01-04 08:30:09.672321: Saved periodic checkpoint /hpf/projects/jquon/sumin/nnUNet_data/nnUNet_results/Dataset033_AVM_T1+C/SwinViTTrainer_ep300_NoMirroring_x2__nnUNetResEncUNetLPlans__3d_fullres/fold_10/checkpoint_every20_best_balacc.pth at epoch 39 with val_balanced_accuracy=0.6250
2026-01-04 08:30:11.044480: Saved periodic checkpoint /hpf/projects/jquon/sumin/nnUNet_data/nnUNet_results/Dataset033_AVM_T1+C/SwinViTTrainer_ep300_NoMirroring_x2__nnUNetResEncUNetLPlans__3d_fullres/fold_10/checkpoint_every20_best_auroc.pth at epoch 39 with val_auc=0.6650
2026-01-04 08:30:11.048692: Yayy! New best classification accuracy: 0.625
2026-01-04 08:30:13.851574: 
2026-01-04 08:30:13.855131: Epoch 40
2026-01-04 08:30:13.857576: Current learning rate: 9e-05
2026-01-04 08:31:17.676701: train_loss 0.7009
2026-01-04 08:31:17.681421: val_loss 0.8774
2026-01-04 08:31:17.683854: val classification accuracy 0.325
2026-01-04 08:31:17.686458: val auc 0.3525
2026-01-04 08:31:17.688941: Epoch time: 63.83 s
2026-01-04 08:31:18.424808: 
2026-01-04 08:31:18.428043: Epoch 41
2026-01-04 08:31:18.430486: Current learning rate: 9e-05
2026-01-04 08:32:22.422560: train_loss 0.7015
2026-01-04 08:32:22.428066: val_loss 0.6862
2026-01-04 08:32:22.431135: val classification accuracy 0.425
2026-01-04 08:32:22.434064: val auc 0.55
2026-01-04 08:32:22.437039: Epoch time: 64.0 s
2026-01-04 08:32:23.219312: 
2026-01-04 08:32:23.222785: Epoch 42
2026-01-04 08:32:23.225291: Current learning rate: 9e-05
2026-01-04 08:33:26.620043: train_loss 0.7002
2026-01-04 08:33:26.626551: val_loss 0.562
2026-01-04 08:33:26.630474: val classification accuracy 0.7
2026-01-04 08:33:26.634079: val auc 0.8625
2026-01-04 08:33:26.637806: Epoch time: 63.4 s
2026-01-04 08:33:26.640619: Yayy! New best EMA pseudo Dice: 0.8625
2026-01-04 08:33:28.817749: Yayy! New best classification accuracy: 0.7
2026-01-04 08:33:30.990541: 
2026-01-04 08:33:30.993743: Epoch 43
2026-01-04 08:33:30.996266: Current learning rate: 9e-05
2026-01-04 08:34:33.999377: train_loss 0.7228
2026-01-04 08:34:34.004284: val_loss 0.7074
2026-01-04 08:34:34.006923: val classification accuracy 0.475
2026-01-04 08:34:34.009432: val auc 0.525
2026-01-04 08:34:34.012166: Epoch time: 63.01 s
2026-01-04 08:34:34.732079: 
2026-01-04 08:34:34.735419: Epoch 44
2026-01-04 08:34:34.737816: Current learning rate: 9e-05
2026-01-04 08:35:38.107511: train_loss 0.6731
2026-01-04 08:35:38.117836: val_loss 0.7252
2026-01-04 08:35:38.120775: val classification accuracy 0.55
2026-01-04 08:35:38.124154: val auc 0.5888
2026-01-04 08:35:38.127181: Epoch time: 63.38 s
2026-01-04 08:35:38.851584: 
2026-01-04 08:35:38.855176: Epoch 45
2026-01-04 08:35:38.857543: Current learning rate: 9e-05
2026-01-04 08:36:42.309525: train_loss 0.7249
2026-01-04 08:36:42.314561: val_loss 0.7179
2026-01-04 08:36:42.317452: val classification accuracy 0.5
2026-01-04 08:36:42.320341: val auc 0.5038
2026-01-04 08:36:42.325571: Epoch time: 63.46 s
2026-01-04 08:36:43.079313: 
2026-01-04 08:36:43.082738: Epoch 46
2026-01-04 08:36:43.085093: Current learning rate: 9e-05
2026-01-04 08:37:47.376091: train_loss 0.7041
2026-01-04 08:37:47.381256: val_loss 0.7626
2026-01-04 08:37:47.383842: val classification accuracy 0.45
2026-01-04 08:37:47.386462: val auc 0.4575
2026-01-04 08:37:47.389135: Epoch time: 64.3 s
2026-01-04 08:37:48.125368: 
2026-01-04 08:37:48.128515: Epoch 47
2026-01-04 08:37:48.130831: Current learning rate: 9e-05
2026-01-04 08:38:51.732572: train_loss 0.7141
2026-01-04 08:38:51.739108: val_loss 0.6862
2026-01-04 08:38:51.742956: val classification accuracy 0.5
2026-01-04 08:38:51.746353: val auc 0.5775
2026-01-04 08:38:51.750053: Epoch time: 63.61 s
2026-01-04 08:38:52.499069: 
2026-01-04 08:38:52.502861: Epoch 48
2026-01-04 08:38:52.505548: Current learning rate: 9e-05
2026-01-04 08:39:56.174410: train_loss 0.6897
2026-01-04 08:39:56.179226: val_loss 0.6671
2026-01-04 08:39:56.181900: val classification accuracy 0.625
2026-01-04 08:39:56.184456: val auc 0.65
2026-01-04 08:39:56.187274: Epoch time: 63.68 s
2026-01-04 08:39:56.924400: 
2026-01-04 08:39:56.927700: Epoch 49
2026-01-04 08:39:56.930183: Current learning rate: 9e-05
2026-01-04 08:41:01.333591: train_loss 0.6954
2026-01-04 08:41:01.352909: val_loss 0.7514
2026-01-04 08:41:01.356660: val classification accuracy 0.475
2026-01-04 08:41:01.359777: val auc 0.4075
2026-01-04 08:41:01.362924: Epoch time: 64.41 s
2026-01-04 08:41:02.111577: 
2026-01-04 08:41:02.115180: Epoch 50
2026-01-04 08:41:02.117707: Current learning rate: 8e-05
2026-01-04 08:42:06.407010: train_loss 0.7042
2026-01-04 08:42:06.420567: val_loss 0.7001
2026-01-04 08:42:06.425823: val classification accuracy 0.525
2026-01-04 08:42:06.430192: val auc 0.5525
2026-01-04 08:42:06.434263: Epoch time: 64.3 s
2026-01-04 08:42:07.172918: 
2026-01-04 08:42:07.176226: Epoch 51
2026-01-04 08:42:07.178721: Current learning rate: 8e-05
2026-01-04 08:43:11.668475: train_loss 0.6839
2026-01-04 08:43:11.673268: val_loss 0.7627
2026-01-04 08:43:11.676273: val classification accuracy 0.45
2026-01-04 08:43:11.681769: val auc 0.4
2026-01-04 08:43:11.684555: Epoch time: 64.5 s
2026-01-04 08:43:13.292274: 
2026-01-04 08:43:13.295557: Epoch 52
2026-01-04 08:43:13.297994: Current learning rate: 8e-05
2026-01-04 08:44:17.435224: train_loss 0.7073
2026-01-04 08:44:17.440688: val_loss 0.694
2026-01-04 08:44:17.443896: val classification accuracy 0.475
2026-01-04 08:44:17.446782: val auc 0.5325
2026-01-04 08:44:17.449781: Epoch time: 64.14 s
2026-01-04 08:44:18.204893: 
2026-01-04 08:44:18.208308: Epoch 53
2026-01-04 08:44:18.210775: Current learning rate: 8e-05
2026-01-04 08:45:22.859175: train_loss 0.7198
2026-01-04 08:45:22.864889: val_loss 0.7424
2026-01-04 08:45:22.867789: val classification accuracy 0.375
2026-01-04 08:45:22.870930: val auc 0.325
2026-01-04 08:45:22.874017: Epoch time: 64.66 s
2026-01-04 08:45:23.721170: 
2026-01-04 08:45:23.725056: Epoch 54
2026-01-04 08:45:23.727477: Current learning rate: 8e-05
2026-01-04 08:46:27.866434: train_loss 0.6958
2026-01-04 08:46:27.872233: val_loss 0.6914
2026-01-04 08:46:27.875451: val classification accuracy 0.575
2026-01-04 08:46:27.878386: val auc 0.5275
2026-01-04 08:46:27.881599: Epoch time: 64.15 s
2026-01-04 08:46:28.679308: 
2026-01-04 08:46:28.682890: Epoch 55
2026-01-04 08:46:28.685849: Current learning rate: 8e-05
2026-01-04 08:47:31.460563: train_loss 0.7064
2026-01-04 08:47:31.465709: val_loss 0.7101
2026-01-04 08:47:31.468734: val classification accuracy 0.375
2026-01-04 08:47:31.472021: val auc 0.4125
2026-01-04 08:47:31.475080: Epoch time: 62.78 s
2026-01-04 08:47:32.282577: 
2026-01-04 08:47:32.286102: Epoch 56
2026-01-04 08:47:32.288625: Current learning rate: 8e-05
2026-01-04 08:48:35.984211: train_loss 0.6899
2026-01-04 08:48:35.990071: val_loss 0.6983
2026-01-04 08:48:35.993904: val classification accuracy 0.425
2026-01-04 08:48:35.997128: val auc 0.4288
2026-01-04 08:48:36.000786: Epoch time: 63.7 s
2026-01-04 08:48:36.845092: 
2026-01-04 08:48:36.848894: Epoch 57
2026-01-04 08:48:36.851485: Current learning rate: 8e-05
2026-01-04 08:49:40.699312: train_loss 0.6958
2026-01-04 08:49:40.704686: val_loss 0.7238
2026-01-04 08:49:40.707665: val classification accuracy 0.225
2026-01-04 08:49:40.710333: val auc 0.225
2026-01-04 08:49:40.713362: Epoch time: 63.86 s
2026-01-04 08:49:41.472311: 
2026-01-04 08:49:41.475805: Epoch 58
2026-01-04 08:49:41.478666: Current learning rate: 8e-05
2026-01-04 08:50:45.278920: train_loss 0.6957
2026-01-04 08:50:45.301515: val_loss 0.7278
2026-01-04 08:50:45.304277: val classification accuracy 0.325
2026-01-04 08:50:45.307000: val auc 0.24
2026-01-04 08:50:45.309546: Epoch time: 63.81 s
2026-01-04 08:50:46.055905: 
2026-01-04 08:50:46.059630: Epoch 59
2026-01-04 08:50:46.062124: Current learning rate: 8e-05
2026-01-04 08:51:50.084213: train_loss 0.6912
2026-01-04 08:51:50.089113: val_loss 0.7073
2026-01-04 08:51:50.091713: val classification accuracy 0.45
2026-01-04 08:51:50.094462: val auc 0.4662
2026-01-04 08:51:50.097191: Epoch time: 64.03 s
2026-01-04 08:51:50.823748: 
2026-01-04 08:51:50.827136: Epoch 60
2026-01-04 08:51:50.829430: Current learning rate: 8e-05
2026-01-04 08:52:54.406559: train_loss 0.6788
2026-01-04 08:52:54.411526: val_loss 0.7342
2026-01-04 08:52:54.414563: val classification accuracy 0.525
2026-01-04 08:52:54.417709: val auc 0.4962
2026-01-04 08:52:54.420505: Epoch time: 63.58 s
2026-01-04 08:52:55.157353: 
2026-01-04 08:52:55.160563: Epoch 61
2026-01-04 08:52:55.162999: Current learning rate: 8e-05
2026-01-04 08:53:59.141982: train_loss 0.6839
2026-01-04 08:53:59.157637: val_loss 0.8147
2026-01-04 08:53:59.164794: val classification accuracy 0.45
2026-01-04 08:53:59.170562: val auc 0.4962
2026-01-04 08:53:59.175173: Epoch time: 63.99 s
2026-01-04 08:53:59.935383: 
2026-01-04 08:53:59.938729: Epoch 62
2026-01-04 08:53:59.941210: Current learning rate: 8e-05
2026-01-04 08:55:04.209675: train_loss 0.6997
2026-01-04 08:55:04.214757: val_loss 0.6784
2026-01-04 08:55:04.219495: val classification accuracy 0.625
2026-01-04 08:55:04.229002: val auc 0.6025
2026-01-04 08:55:04.234393: Epoch time: 64.28 s
2026-01-04 08:55:05.011516: 
2026-01-04 08:55:05.015085: Epoch 63
2026-01-04 08:55:05.017526: Current learning rate: 8e-05
2026-01-04 08:56:09.323704: train_loss 0.6995
2026-01-04 08:56:09.328489: val_loss 0.7013
2026-01-04 08:56:09.330952: val classification accuracy 0.525
2026-01-04 08:56:09.333664: val auc 0.5675
2026-01-04 08:56:09.336452: Epoch time: 64.31 s
2026-01-04 08:56:10.068212: 
2026-01-04 08:56:10.071272: Epoch 64
2026-01-04 08:56:10.073639: Current learning rate: 8e-05
2026-01-04 08:57:14.218868: train_loss 0.6877
2026-01-04 08:57:14.224802: val_loss 0.7667
2026-01-04 08:57:14.227969: val classification accuracy 0.45
2026-01-04 08:57:14.231038: val auc 0.3825
2026-01-04 08:57:14.234120: Epoch time: 64.15 s
2026-01-04 08:57:14.988812: 
2026-01-04 08:57:14.992445: Epoch 65
2026-01-04 08:57:14.994988: Current learning rate: 8e-05
2026-01-04 08:58:18.978575: train_loss 0.6942
2026-01-04 08:58:19.000863: val_loss 0.7509
2026-01-04 08:58:19.004001: val classification accuracy 0.4
2026-01-04 08:58:19.007154: val auc 0.3562
2026-01-04 08:58:19.010908: Epoch time: 63.99 s
2026-01-04 08:58:19.764670: 
2026-01-04 08:58:19.768636: Epoch 66
2026-01-04 08:58:19.771310: Current learning rate: 8e-05
2026-01-04 08:59:23.490540: train_loss 0.701
2026-01-04 08:59:23.496449: val_loss 0.7142
2026-01-04 08:59:23.501426: val classification accuracy 0.475
2026-01-04 08:59:23.506431: val auc 0.4438
2026-01-04 08:59:23.510371: Epoch time: 63.73 s
2026-01-04 08:59:24.295065: 
2026-01-04 08:59:24.298954: Epoch 67
2026-01-04 08:59:24.301913: Current learning rate: 8e-05
2026-01-04 09:00:28.384234: train_loss 0.7063
2026-01-04 09:00:28.390073: val_loss 0.7373
2026-01-04 09:00:28.393101: val classification accuracy 0.45
2026-01-04 09:00:28.396030: val auc 0.4025
2026-01-04 09:00:28.398832: Epoch time: 64.09 s
2026-01-04 09:00:30.012412: 
2026-01-04 09:00:30.015885: Epoch 68
2026-01-04 09:00:30.018400: Current learning rate: 8e-05
2026-01-04 09:01:32.845480: train_loss 0.692
2026-01-04 09:01:32.861125: val_loss 0.6944
2026-01-04 09:01:32.864474: val classification accuracy 0.45
2026-01-04 09:01:32.867753: val auc 0.515
2026-01-04 09:01:32.871048: Epoch time: 62.83 s
2026-01-04 09:01:33.635219: 
2026-01-04 09:01:33.638665: Epoch 69
2026-01-04 09:01:33.641140: Current learning rate: 8e-05
2026-01-04 09:02:37.524489: train_loss 0.6956
2026-01-04 09:02:37.529335: val_loss 0.7129
2026-01-04 09:02:37.532358: val classification accuracy 0.375
2026-01-04 09:02:37.535684: val auc 0.4175
2026-01-04 09:02:37.538576: Epoch time: 63.89 s
2026-01-04 09:02:38.312311: 
2026-01-04 09:02:38.316076: Epoch 70
2026-01-04 09:02:38.318943: Current learning rate: 8e-05
2026-01-04 09:03:42.512995: train_loss 0.6948
2026-01-04 09:03:42.528858: val_loss 0.7091
2026-01-04 09:03:42.531920: val classification accuracy 0.375
2026-01-04 09:03:42.535170: val auc 0.4062
2026-01-04 09:03:42.538212: Epoch time: 64.2 s
2026-01-04 09:03:43.286376: 
2026-01-04 09:03:43.289855: Epoch 71
2026-01-04 09:03:43.294041: Current learning rate: 8e-05
2026-01-04 09:04:48.150102: train_loss 0.6912
2026-01-04 09:04:48.155704: val_loss 0.7096
2026-01-04 09:04:48.158785: val classification accuracy 0.45
2026-01-04 09:04:48.161677: val auc 0.55
2026-01-04 09:04:48.164528: Epoch time: 64.86 s
2026-01-04 09:04:48.916126: 
2026-01-04 09:04:48.919994: Epoch 72
2026-01-04 09:04:48.922626: Current learning rate: 8e-05
2026-01-04 09:05:53.575162: train_loss 0.6793
2026-01-04 09:05:53.580495: val_loss 0.8673
2026-01-04 09:05:53.583912: val classification accuracy 0.475
2026-01-04 09:05:53.586982: val auc 0.4162
2026-01-04 09:05:53.590098: Epoch time: 64.66 s
2026-01-04 09:05:54.392753: 
2026-01-04 09:05:54.396850: Epoch 73
2026-01-04 09:05:54.399782: Current learning rate: 8e-05
2026-01-04 09:06:59.483986: train_loss 0.7038
2026-01-04 09:06:59.489213: val_loss 0.681
2026-01-04 09:06:59.492234: val classification accuracy 0.625
2026-01-04 09:06:59.495352: val auc 0.5788
2026-01-04 09:06:59.498377: Epoch time: 65.09 s
2026-01-04 09:07:00.272006: 
2026-01-04 09:07:00.275456: Epoch 74
2026-01-04 09:07:00.277971: Current learning rate: 8e-05
2026-01-04 09:08:05.498919: train_loss 0.6848
2026-01-04 09:08:05.505424: val_loss 0.7224
2026-01-04 09:08:05.508893: val classification accuracy 0.5
2026-01-04 09:08:05.512434: val auc 0.4712
2026-01-04 09:08:05.515743: Epoch time: 65.23 s
2026-01-04 09:08:06.300131: 
2026-01-04 09:08:06.303427: Epoch 75
2026-01-04 09:08:06.306209: Current learning rate: 8e-05
2026-01-04 09:09:10.926675: train_loss 0.6825
2026-01-04 09:09:10.931940: val_loss 0.7465
2026-01-04 09:09:10.935025: val classification accuracy 0.375
2026-01-04 09:09:10.938157: val auc 0.31
2026-01-04 09:09:10.941219: Epoch time: 64.63 s
2026-01-04 09:09:11.715975: 
2026-01-04 09:09:11.719863: Epoch 76
2026-01-04 09:09:11.722590: Current learning rate: 8e-05
2026-01-04 09:10:15.673479: train_loss 0.7028
2026-01-04 09:10:15.679144: val_loss 0.7143
2026-01-04 09:10:15.682602: val classification accuracy 0.5
2026-01-04 09:10:15.686173: val auc 0.5762
2026-01-04 09:10:15.689372: Epoch time: 63.96 s
2026-01-04 09:10:16.477258: 
2026-01-04 09:10:16.480540: Epoch 77
2026-01-04 09:10:16.483075: Current learning rate: 8e-05
2026-01-04 09:11:19.978350: train_loss 0.6819
2026-01-04 09:11:19.994019: val_loss 0.7078
2026-01-04 09:11:19.997360: val classification accuracy 0.475
2026-01-04 09:11:20.000223: val auc 0.51
2026-01-04 09:11:20.003148: Epoch time: 63.5 s
2026-01-04 09:11:20.732110: 
2026-01-04 09:11:20.735195: Epoch 78
2026-01-04 09:11:20.737666: Current learning rate: 8e-05
2026-01-04 09:12:24.310162: train_loss 0.6864
2026-01-04 09:12:24.323992: val_loss 0.7048
2026-01-04 09:12:24.327008: val classification accuracy 0.35
2026-01-04 09:12:24.330554: val auc 0.4425
2026-01-04 09:12:24.333359: Epoch time: 63.58 s
2026-01-04 09:12:25.101420: 
2026-01-04 09:12:25.104895: Epoch 79
2026-01-04 09:12:25.108626: Current learning rate: 8e-05
2026-01-04 09:13:28.999896: train_loss 0.6909
2026-01-04 09:13:29.004784: val_loss 0.7364
2026-01-04 09:13:29.007588: val classification accuracy 0.45
2026-01-04 09:13:29.010206: val auc 0.4025
2026-01-04 09:13:29.013093: Epoch time: 63.9 s
2026-01-04 09:13:29.815224: 
2026-01-04 09:13:29.819183: Epoch 80
2026-01-04 09:13:29.822167: Current learning rate: 8e-05
2026-01-04 09:14:33.463073: train_loss 0.688
2026-01-04 09:14:33.468506: val_loss 0.8214
2026-01-04 09:14:33.471579: val classification accuracy 0.275
2026-01-04 09:14:33.474816: val auc 0.2712
2026-01-04 09:14:33.478013: Epoch time: 63.65 s
2026-01-04 09:14:34.326127: 
2026-01-04 09:14:34.330172: Epoch 81
2026-01-04 09:14:34.332860: Current learning rate: 8e-05
2026-01-04 09:15:37.255706: train_loss 0.6806
2026-01-04 09:15:37.288001: val_loss 0.7039
2026-01-04 09:15:37.293168: val classification accuracy 0.4
2026-01-04 09:15:37.296568: val auc 0.3975
2026-01-04 09:15:37.299966: Epoch time: 62.93 s
2026-01-04 09:15:38.136595: 
2026-01-04 09:15:38.140428: Epoch 82
2026-01-04 09:15:38.143132: Current learning rate: 8e-05
2026-01-04 09:16:42.750354: train_loss 0.6808
2026-01-04 09:16:42.755660: val_loss 0.7761
2026-01-04 09:16:42.758908: val classification accuracy 0.3
2026-01-04 09:16:42.762201: val auc 0.295
2026-01-04 09:16:42.765158: Epoch time: 64.62 s
2026-01-04 09:16:43.566870: 
2026-01-04 09:16:43.570386: Epoch 83
2026-01-04 09:16:43.573328: Current learning rate: 7e-05
2026-01-04 09:17:47.972415: train_loss 0.675
2026-01-04 09:17:47.978725: val_loss 0.7607
2026-01-04 09:17:47.982175: val classification accuracy 0.425
2026-01-04 09:17:47.985927: val auc 0.4525
2026-01-04 09:17:47.989492: Epoch time: 64.41 s
2026-01-04 09:17:49.664323: 
2026-01-04 09:17:49.667845: Epoch 84
2026-01-04 09:17:49.670332: Current learning rate: 7e-05
2026-01-04 09:18:52.790171: train_loss 0.6786
2026-01-04 09:18:52.795494: val_loss 0.7436
2026-01-04 09:18:52.798956: val classification accuracy 0.5
2026-01-04 09:18:52.802433: val auc 0.4062
2026-01-04 09:18:52.822948: Epoch time: 63.13 s
2026-01-04 09:18:53.636655: 
2026-01-04 09:18:53.640131: Epoch 85
2026-01-04 09:18:53.642833: Current learning rate: 7e-05
2026-01-04 09:19:58.286197: train_loss 0.6828
2026-01-04 09:19:58.291624: val_loss 0.7581
2026-01-04 09:19:58.294652: val classification accuracy 0.375
2026-01-04 09:19:58.297813: val auc 0.4025
2026-01-04 09:19:58.300675: Epoch time: 64.65 s
2026-01-04 09:19:59.143819: 
2026-01-04 09:19:59.147417: Epoch 86
2026-01-04 09:19:59.149936: Current learning rate: 7e-05
2026-01-04 09:21:03.873163: train_loss 0.6644
2026-01-04 09:21:03.879643: val_loss 0.7171
2026-01-04 09:21:03.882999: val classification accuracy 0.575
2026-01-04 09:21:03.886099: val auc 0.4988
2026-01-04 09:21:03.889143: Epoch time: 64.73 s
2026-01-04 09:21:04.642138: 
2026-01-04 09:21:04.646265: Epoch 87
2026-01-04 09:21:04.649359: Current learning rate: 7e-05
2026-01-04 09:22:08.782933: train_loss 0.6837
2026-01-04 09:22:08.787521: val_loss 0.6942
2026-01-04 09:22:08.790209: val classification accuracy 0.575
2026-01-04 09:22:08.793261: val auc 0.5662
2026-01-04 09:22:08.796011: Epoch time: 64.14 s
2026-01-04 09:22:09.539703: 
2026-01-04 09:22:09.543161: Epoch 88
2026-01-04 09:22:09.545790: Current learning rate: 7e-05
2026-01-04 09:23:13.934898: train_loss 0.6861
2026-01-04 09:23:13.939520: val_loss 0.6905
2026-01-04 09:23:13.942245: val classification accuracy 0.5
2026-01-04 09:23:13.945160: val auc 0.495
2026-01-04 09:23:13.947952: Epoch time: 64.4 s
2026-01-04 09:23:14.764246: 
2026-01-04 09:23:14.768618: Epoch 89
2026-01-04 09:23:14.771260: Current learning rate: 7e-05
2026-01-04 09:24:19.013731: train_loss 0.6834
2026-01-04 09:24:19.018726: val_loss 0.785
2026-01-04 09:24:19.021823: val classification accuracy 0.3
2026-01-04 09:24:19.024818: val auc 0.1775
2026-01-04 09:24:19.027715: Epoch time: 64.25 s
2026-01-04 09:24:19.874003: 
2026-01-04 09:24:19.877663: Epoch 90
2026-01-04 09:24:19.880206: Current learning rate: 7e-05
2026-01-04 09:25:24.428903: train_loss 0.6813
2026-01-04 09:25:24.434073: val_loss 0.7574
2026-01-04 09:25:24.437094: val classification accuracy 0.375
2026-01-04 09:25:24.440104: val auc 0.4125
2026-01-04 09:25:24.442936: Epoch time: 64.56 s
2026-01-04 09:25:25.283751: 
2026-01-04 09:25:25.287660: Epoch 91
2026-01-04 09:25:25.290511: Current learning rate: 7e-05
2026-01-04 09:26:30.004948: train_loss 0.6857
2026-01-04 09:26:30.011477: val_loss 0.7138
2026-01-04 09:26:30.014273: val classification accuracy 0.5
2026-01-04 09:26:30.017392: val auc 0.55
2026-01-04 09:26:30.020197: Epoch time: 64.72 s
2026-01-04 09:26:30.812265: 
2026-01-04 09:26:30.815816: Epoch 92
2026-01-04 09:26:30.818506: Current learning rate: 7e-05
2026-01-04 09:27:34.728020: train_loss 0.6913
2026-01-04 09:27:34.755472: val_loss 0.6849
2026-01-04 09:27:34.762458: val classification accuracy 0.525
2026-01-04 09:27:34.768397: val auc 0.5512
2026-01-04 09:27:34.773322: Epoch time: 63.92 s
2026-01-04 09:27:35.569864: 
2026-01-04 09:27:35.573675: Epoch 93
2026-01-04 09:27:35.576272: Current learning rate: 7e-05
2026-01-04 09:28:37.971902: train_loss 0.6891
2026-01-04 09:28:37.976414: val_loss 0.6919
2026-01-04 09:28:37.979504: val classification accuracy 0.475
2026-01-04 09:28:37.982383: val auc 0.505
2026-01-04 09:28:37.985093: Epoch time: 62.4 s
2026-01-04 09:28:38.729404: 
2026-01-04 09:28:38.733179: Epoch 94
2026-01-04 09:28:38.735854: Current learning rate: 7e-05
2026-01-04 09:29:42.458266: train_loss 0.6702
2026-01-04 09:29:42.463208: val_loss 0.733
2026-01-04 09:29:42.466195: val classification accuracy 0.375
2026-01-04 09:29:42.469201: val auc 0.3912
2026-01-04 09:29:42.471964: Epoch time: 63.73 s
2026-01-04 09:29:43.222468: 
2026-01-04 09:29:43.226496: Epoch 95
2026-01-04 09:29:43.229276: Current learning rate: 7e-05
2026-01-04 09:30:46.805341: train_loss 0.6781
2026-01-04 09:30:46.810123: val_loss 0.7223
2026-01-04 09:30:46.813128: val classification accuracy 0.5
2026-01-04 09:30:46.816288: val auc 0.445
2026-01-04 09:30:46.819241: Epoch time: 63.58 s
2026-01-04 09:30:47.566705: 
2026-01-04 09:30:47.570017: Epoch 96
2026-01-04 09:30:47.572457: Current learning rate: 7e-05
2026-01-04 09:31:51.308283: train_loss 0.6867
2026-01-04 09:31:51.313081: val_loss 0.7165
2026-01-04 09:31:51.316100: val classification accuracy 0.55
2026-01-04 09:31:51.319277: val auc 0.5
2026-01-04 09:31:51.322062: Epoch time: 63.74 s
2026-01-04 09:31:52.026286: 
2026-01-04 09:31:52.029796: Epoch 97
2026-01-04 09:31:52.032307: Current learning rate: 7e-05
2026-01-04 09:32:56.162391: train_loss 0.6777
2026-01-04 09:32:56.167080: val_loss 0.7394
2026-01-04 09:32:56.170290: val classification accuracy 0.4
2026-01-04 09:32:56.173226: val auc 0.455
2026-01-04 09:32:56.176024: Epoch time: 64.14 s
2026-01-04 09:32:56.976693: 
2026-01-04 09:32:56.980076: Epoch 98
2026-01-04 09:32:56.982534: Current learning rate: 7e-05
2026-01-04 09:34:01.970313: train_loss 0.6747
2026-01-04 09:34:01.974371: val_loss 0.7471
2026-01-04 09:34:01.977384: val classification accuracy 0.5
2026-01-04 09:34:01.980122: val auc 0.45
2026-01-04 09:34:01.982835: Epoch time: 64.99 s
2026-01-04 09:34:02.706921: 
2026-01-04 09:34:02.710214: Epoch 99
2026-01-04 09:34:02.712717: Current learning rate: 7e-05
2026-01-04 09:35:06.377019: train_loss 0.6837
2026-01-04 09:35:06.382828: val_loss 0.7173
2026-01-04 09:35:06.386410: val classification accuracy 0.5
2026-01-04 09:35:06.389409: val auc 0.47
2026-01-04 09:35:06.392384: Epoch time: 63.67 s
2026-01-04 09:35:07.085935: 
2026-01-04 09:35:07.089301: Epoch 100
2026-01-04 09:35:07.091806: Current learning rate: 7e-05
2026-01-04 09:36:09.704505: train_loss 0.6882
2026-01-04 09:36:09.710906: val_loss 0.7769
2026-01-04 09:36:09.714467: val classification accuracy 0.475
2026-01-04 09:36:09.717828: val auc 0.3675
2026-01-04 09:36:09.721403: Epoch time: 62.62 s
2026-01-04 09:36:10.471874: 
2026-01-04 09:36:10.475724: Epoch 101
2026-01-04 09:36:10.478429: Current learning rate: 7e-05
2026-01-04 09:37:12.542937: train_loss 0.6779
2026-01-04 09:37:12.547511: val_loss 0.7291
2026-01-04 09:37:12.550376: val classification accuracy 0.4
2026-01-04 09:37:12.553305: val auc 0.4988
2026-01-04 09:37:12.556345: Epoch time: 62.07 s
2026-01-04 09:37:13.324222: 
2026-01-04 09:37:13.327813: Epoch 102
2026-01-04 09:37:13.330405: Current learning rate: 7e-05
2026-01-04 09:38:15.771272: train_loss 0.6857
2026-01-04 09:38:15.776560: val_loss 0.7047
2026-01-04 09:38:15.779756: val classification accuracy 0.575
2026-01-04 09:38:15.783070: val auc 0.4612
2026-01-04 09:38:15.786125: Epoch time: 62.45 s
2026-01-04 09:38:16.547437: 
2026-01-04 09:38:16.551205: Epoch 103
2026-01-04 09:38:16.553790: Current learning rate: 7e-05
2026-01-04 09:39:19.459253: train_loss 0.6621
2026-01-04 09:39:19.464162: val_loss 0.6984
2026-01-04 09:39:19.466868: val classification accuracy 0.45
2026-01-04 09:39:19.469695: val auc 0.5938
2026-01-04 09:39:19.472492: Epoch time: 62.91 s
2026-01-04 09:39:20.248154: 
2026-01-04 09:39:20.251634: Epoch 104
2026-01-04 09:39:20.254140: Current learning rate: 7e-05
2026-01-04 09:40:23.144642: train_loss 0.6576
2026-01-04 09:40:23.150022: val_loss 0.7218
2026-01-04 09:40:23.153091: val classification accuracy 0.525
2026-01-04 09:40:23.156096: val auc 0.5175
2026-01-04 09:40:23.159089: Epoch time: 62.9 s
2026-01-04 09:40:23.996742: 
2026-01-04 09:40:24.000751: Epoch 105
2026-01-04 09:40:24.003527: Current learning rate: 7e-05
2026-01-04 09:41:26.625894: train_loss 0.6884
2026-01-04 09:41:26.630804: val_loss 0.7122
2026-01-04 09:41:26.633768: val classification accuracy 0.425
2026-01-04 09:41:26.636585: val auc 0.445
2026-01-04 09:41:26.640123: Epoch time: 62.63 s
2026-01-04 09:41:27.479461: 
2026-01-04 09:41:27.483185: Epoch 106
2026-01-04 09:41:27.485976: Current learning rate: 7e-05
2026-01-04 09:42:30.399649: train_loss 0.6726
2026-01-04 09:42:30.405237: val_loss 0.6958
2026-01-04 09:42:30.408750: val classification accuracy 0.575
2026-01-04 09:42:30.412170: val auc 0.5425
2026-01-04 09:42:30.415495: Epoch time: 62.92 s
2026-01-04 09:42:31.183120: 
2026-01-04 09:42:31.186894: Epoch 107
2026-01-04 09:42:31.189698: Current learning rate: 7e-05
2026-01-04 09:43:34.005409: train_loss 0.6768
2026-01-04 09:43:34.010522: val_loss 0.812
2026-01-04 09:43:34.013317: val classification accuracy 0.45
2026-01-04 09:43:34.016532: val auc 0.32
2026-01-04 09:43:34.019671: Epoch time: 62.82 s
2026-01-04 09:43:34.819524: 
2026-01-04 09:43:34.823282: Epoch 108
2026-01-04 09:43:34.825804: Current learning rate: 7e-05
2026-01-04 09:44:37.347039: train_loss 0.6875
2026-01-04 09:44:37.354453: val_loss 0.7253
2026-01-04 09:44:37.357490: val classification accuracy 0.425
2026-01-04 09:44:37.360683: val auc 0.4062
2026-01-04 09:44:37.363605: Epoch time: 62.53 s
2026-01-04 09:44:38.106561: 
2026-01-04 09:44:38.110410: Epoch 109
2026-01-04 09:44:38.113100: Current learning rate: 7e-05
2026-01-04 09:45:40.683842: train_loss 0.6537
2026-01-04 09:45:40.689616: val_loss 0.7087
2026-01-04 09:45:40.693098: val classification accuracy 0.575
2026-01-04 09:45:40.696493: val auc 0.515
2026-01-04 09:45:40.699724: Epoch time: 62.58 s
2026-01-04 09:45:41.499065: 
2026-01-04 09:45:41.503136: Epoch 110
2026-01-04 09:45:41.505953: Current learning rate: 7e-05
2026-01-04 09:46:44.054873: train_loss 0.6768
2026-01-04 09:46:44.060724: val_loss 0.6888
2026-01-04 09:46:44.063826: val classification accuracy 0.55
2026-01-04 09:46:44.066895: val auc 0.5825
2026-01-04 09:46:44.069939: Epoch time: 62.56 s
2026-01-04 09:46:44.854989: 
2026-01-04 09:46:44.858209: Epoch 111
2026-01-04 09:46:44.860680: Current learning rate: 7e-05
2026-01-04 09:47:47.238547: train_loss 0.6672
2026-01-04 09:47:47.243719: val_loss 0.6835
2026-01-04 09:47:47.247029: val classification accuracy 0.475
2026-01-04 09:47:47.250220: val auc 0.5625
2026-01-04 09:47:47.253270: Epoch time: 62.38 s
2026-01-04 09:47:48.036628: 
2026-01-04 09:47:48.040597: Epoch 112
2026-01-04 09:47:48.043304: Current learning rate: 7e-05
2026-01-04 09:48:49.920715: train_loss 0.6811
2026-01-04 09:48:49.926001: val_loss 0.7384
2026-01-04 09:48:49.929056: val classification accuracy 0.425
2026-01-04 09:48:49.932064: val auc 0.4062
2026-01-04 09:48:49.934925: Epoch time: 61.89 s
2026-01-04 09:48:50.659161: 
2026-01-04 09:48:50.662507: Epoch 113
2026-01-04 09:48:50.664984: Current learning rate: 7e-05
2026-01-04 09:49:52.494923: train_loss 0.6715
2026-01-04 09:49:52.500289: val_loss 0.754
2026-01-04 09:49:52.502955: val classification accuracy 0.5
2026-01-04 09:49:52.505557: val auc 0.4462
2026-01-04 09:49:52.508816: Epoch time: 61.84 s
2026-01-04 09:49:53.279848: 
2026-01-04 09:49:53.283376: Epoch 114
2026-01-04 09:49:53.286035: Current learning rate: 7e-05
2026-01-04 09:50:55.207048: train_loss 0.69
2026-01-04 09:50:55.212283: val_loss 0.7006
2026-01-04 09:50:55.215654: val classification accuracy 0.4
2026-01-04 09:50:55.218703: val auc 0.4
2026-01-04 09:50:55.221681: Epoch time: 61.93 s
2026-01-04 09:50:55.977214: 
2026-01-04 09:50:55.980646: Epoch 115
2026-01-04 09:50:55.983243: Current learning rate: 6e-05
2026-01-04 09:51:57.678825: train_loss 0.6702
2026-01-04 09:51:57.684618: val_loss 0.7971
2026-01-04 09:51:57.687917: val classification accuracy 0.45
2026-01-04 09:51:57.691015: val auc 0.325
2026-01-04 09:51:57.694238: Epoch time: 61.7 s
2026-01-04 09:51:58.456999: 
2026-01-04 09:51:58.461601: Epoch 116
2026-01-04 09:51:58.464919: Current learning rate: 6e-05
2026-01-04 09:53:01.151976: train_loss 0.6615
2026-01-04 09:53:01.157530: val_loss 0.7682
2026-01-04 09:53:01.160577: val classification accuracy 0.35
2026-01-04 09:53:01.163420: val auc 0.4075
2026-01-04 09:53:01.166410: Epoch time: 62.7 s
2026-01-04 09:53:01.929645: 
2026-01-04 09:53:01.933249: Epoch 117
2026-01-04 09:53:01.936111: Current learning rate: 6e-05
2026-01-04 09:54:03.521905: train_loss 0.6865
2026-01-04 09:54:03.527060: val_loss 0.8087
2026-01-04 09:54:03.530398: val classification accuracy 0.3
2026-01-04 09:54:03.533232: val auc 0.3275
2026-01-04 09:54:03.536263: Epoch time: 61.59 s
2026-01-04 09:54:04.298617: 
2026-01-04 09:54:04.302670: Epoch 118
2026-01-04 09:54:04.305251: Current learning rate: 6e-05
2026-01-04 09:55:06.503377: train_loss 0.6689
2026-01-04 09:55:06.508216: val_loss 0.7482
2026-01-04 09:55:06.511022: val classification accuracy 0.4
2026-01-04 09:55:06.514139: val auc 0.41
2026-01-04 09:55:06.516964: Epoch time: 62.21 s
2026-01-04 09:55:07.261940: 
2026-01-04 09:55:07.265208: Epoch 119
2026-01-04 09:55:07.267864: Current learning rate: 6e-05
2026-01-04 09:56:09.811490: train_loss 0.6734
2026-01-04 09:56:09.817251: val_loss 0.7295
2026-01-04 09:56:09.820236: val classification accuracy 0.525
2026-01-04 09:56:09.823075: val auc 0.54
2026-01-04 09:56:09.825821: Epoch time: 62.55 s
2026-01-04 09:56:10.594906: 
2026-01-04 09:56:10.598077: Epoch 120
2026-01-04 09:56:10.600740: Current learning rate: 6e-05
2026-01-04 09:57:13.537141: train_loss 0.6762
2026-01-04 09:57:13.542396: val_loss 0.7082
2026-01-04 09:57:13.545464: val classification accuracy 0.525
2026-01-04 09:57:13.548438: val auc 0.51
2026-01-04 09:57:13.551170: Epoch time: 62.94 s
2026-01-04 09:57:14.288856: 
2026-01-04 09:57:14.292568: Epoch 121
2026-01-04 09:57:14.295372: Current learning rate: 6e-05
2026-01-04 09:58:16.767934: train_loss 0.6713
2026-01-04 09:58:16.790855: val_loss 0.7733
2026-01-04 09:58:16.794494: val classification accuracy 0.5
2026-01-04 09:58:16.797622: val auc 0.4475
2026-01-04 09:58:16.800673: Epoch time: 62.48 s
2026-01-04 09:58:17.542808: 
2026-01-04 09:58:17.546520: Epoch 122
2026-01-04 09:58:17.549176: Current learning rate: 6e-05
2026-01-04 09:59:19.877852: train_loss 0.6689
2026-01-04 09:59:19.883037: val_loss 0.8141
2026-01-04 09:59:19.886287: val classification accuracy 0.475
2026-01-04 09:59:19.889154: val auc 0.4225
2026-01-04 09:59:19.891892: Epoch time: 62.34 s
2026-01-04 09:59:19.894681: Early stopping triggered at epoch 122. Best val_losses=0.5620
2026-01-04 09:59:20.637994: Stopping training early due to early stopping criterion.
2026-01-04 09:59:22.703827: Training done.
2026-01-04 09:59:22.709301: Skipping perform_actual_validation for classification trainer (segmentation-style sliding window is not applicable).
[1;34mwandb[0m: 
[1;34mwandb[0m:  View run [33mSwinViTTrainer_ep300_NoMirroring_x2_fold10[0m at: [34m[0m
[1;34mwandb[0m: Find logs at: [1;35m../../tmp/wandb/wandb/run-20260104_074543-574c35c0/logs[0m
