Using device: cuda:0

#######################################################################
Please cite the following paper when using nnU-Net:
Isensee, F., Jaeger, P. F., Kohl, S. A., Petersen, J., & Maier-Hein, K. H. (2021). nnU-Net: a self-configuring method for deep learning-based biomedical image segmentation. Nature methods, 18(2), 203-211.
#######################################################################

2026-01-04 04:08:12.792446: Using torch.compile...
2026-01-04 04:08:18.613641: do_dummy_2d_data_aug: False
2026-01-04 04:08:18.618137: Using splits from existing split file: /hpf/projects/jquon/sumin/nnUNet_data/nnUNet_preprocessed/Dataset033_AVM_T1+C/splits_final.json
2026-01-04 04:08:18.621670: The split file contains 11 splits.
2026-01-04 04:08:18.623546: Desired fold for training: 6
2026-01-04 04:08:18.625308: This split has 464 training and 48 validation cases.
using pin_memory on device 0
using pin_memory on device 0

This is the configuration used by this training:
Configuration name: 3d_fullres
 {'data_identifier': 'nnUNetPlans_3d_fullres', 'preprocessor_name': 'DefaultPreprocessor', 'batch_size': 2, 'patch_size': [160, 224, 192], 'median_image_size_in_voxels': [344.0, 448.0, 429.0], 'spacing': [0.500000923871994, 0.4910714328289032, 0.4910714328289032], 'normalization_schemes': ['ZScoreNormalization'], 'use_mask_for_norm': [False], 'resampling_fn_data': 'resample_data_or_seg_to_shape', 'resampling_fn_seg': 'resample_data_or_seg_to_shape', 'resampling_fn_data_kwargs': {'is_seg': False, 'order': 3, 'order_z': 0, 'force_separate_z': None}, 'resampling_fn_seg_kwargs': {'is_seg': True, 'order': 1, 'order_z': 0, 'force_separate_z': None}, 'resampling_fn_probabilities': 'resample_data_or_seg_to_shape', 'resampling_fn_probabilities_kwargs': {'is_seg': False, 'order': 1, 'order_z': 0, 'force_separate_z': None}, 'architecture': {'network_class_name': 'dynamic_network_architectures.architectures.unet.ResidualEncoderUNet', 'arch_kwargs': {'n_stages': 6, 'features_per_stage': [32, 64, 128, 256, 320, 320], 'conv_op': 'torch.nn.modules.conv.Conv3d', 'kernel_sizes': [[3, 3, 3], [3, 3, 3], [3, 3, 3], [3, 3, 3], [3, 3, 3], [3, 3, 3]], 'strides': [[1, 1, 1], [2, 2, 2], [2, 2, 2], [2, 2, 2], [2, 2, 2], [2, 2, 2]], 'n_blocks_per_stage': [1, 3, 4, 6, 6, 6], 'n_conv_per_stage_decoder': [1, 1, 1, 1, 1], 'conv_bias': True, 'norm_op': 'torch.nn.modules.instancenorm.InstanceNorm3d', 'norm_op_kwargs': {'eps': 1e-05, 'affine': True}, 'dropout_op': None, 'dropout_op_kwargs': None, 'nonlin': 'torch.nn.LeakyReLU', 'nonlin_kwargs': {'inplace': True}}, '_kw_requires_import': ['conv_op', 'norm_op', 'dropout_op', 'nonlin']}, 'batch_dice': True} 

These are the global plan.json settings:
 {'dataset_name': 'Dataset033_AVM_T1+C', 'plans_name': 'nnUNetResEncUNetLPlans', 'original_median_spacing_after_transp': [0.500000923871994, 0.4910714328289032, 0.4910714328289032], 'original_median_shape_after_transp': [330, 448, 424], 'image_reader_writer': 'SimpleITKIO', 'transpose_forward': [0, 1, 2], 'transpose_backward': [0, 1, 2], 'experiment_planner_used': 'nnUNetPlannerResEncL', 'label_manager': 'LabelManager', 'foreground_intensity_properties_per_channel': {'0': {'max': 12113.0, 'mean': 449.843505859375, 'median': 311.0, 'min': 0.0, 'percentile_00_5': 34.0, 'percentile_99_5': 3202.0, 'std': 471.56329345703125}}} 

2026-01-04 04:08:21.208318: Unable to plot network architecture: nnUNet_compile is enabled!
2026-01-04 04:08:21.240011: 
2026-01-04 04:08:21.243307: Epoch 0
2026-01-04 04:08:21.245543: Current learning rate: 0.0001
2026-01-04 04:10:25.108396: train_loss 0.7326
2026-01-04 04:10:25.112205: val_loss 0.7018
2026-01-04 04:10:25.114564: val classification accuracy 0.5
2026-01-04 04:10:25.116981: val auc 0.4748
2026-01-04 04:10:25.119274: Epoch time: 123.87 s
2026-01-04 04:10:25.121113: Yayy! New best EMA pseudo Dice: 0.4748
2026-01-04 04:10:27.361069: Yayy! New best classification accuracy: 0.5
2026-01-04 04:10:29.434583: 
2026-01-04 04:10:29.437459: Epoch 1
2026-01-04 04:10:29.439597: Current learning rate: 0.0001
2026-01-04 04:11:32.635296: train_loss 0.717
2026-01-04 04:11:32.639988: val_loss 0.7034
2026-01-04 04:11:32.642713: val classification accuracy 0.5
2026-01-04 04:11:32.645364: val auc 0.3663
2026-01-04 04:11:32.648212: Epoch time: 63.2 s
2026-01-04 04:11:33.412815: 
2026-01-04 04:11:33.416780: Epoch 2
2026-01-04 04:11:33.418968: Current learning rate: 0.0001
2026-01-04 04:12:36.032289: train_loss 0.7245
2026-01-04 04:12:36.048968: val_loss 0.6911
2026-01-04 04:12:36.051333: val classification accuracy 0.5
2026-01-04 04:12:36.053706: val auc 0.5174
2026-01-04 04:12:36.056077: Epoch time: 62.62 s
2026-01-04 04:12:36.057965: Yayy! New best EMA pseudo Dice: 0.5174
2026-01-04 04:12:39.136198: 
2026-01-04 04:12:39.155446: Epoch 3
2026-01-04 04:12:39.157095: Current learning rate: 0.0001
2026-01-04 04:13:43.504000: train_loss 0.7173
2026-01-04 04:13:43.528942: val_loss 0.7016
2026-01-04 04:13:43.531135: val classification accuracy 0.5
2026-01-04 04:13:43.533152: val auc 0.5095
2026-01-04 04:13:43.535156: Epoch time: 64.37 s
2026-01-04 04:13:44.304966: 
2026-01-04 04:13:44.307554: Epoch 4
2026-01-04 04:13:44.309451: Current learning rate: 0.0001
2026-01-04 04:14:48.688018: train_loss 0.7025
2026-01-04 04:14:48.691738: val_loss 0.6947
2026-01-04 04:14:48.694187: val classification accuracy 0.5
2026-01-04 04:14:48.696671: val auc 0.4297
2026-01-04 04:14:48.698850: Epoch time: 64.38 s
2026-01-04 04:14:49.440845: 
2026-01-04 04:14:49.444091: Epoch 5
2026-01-04 04:14:49.446475: Current learning rate: 0.0001
2026-01-04 04:15:53.558096: train_loss 0.7242
2026-01-04 04:15:53.563155: val_loss 0.6932
2026-01-04 04:15:53.565823: val classification accuracy 0.5625
2026-01-04 04:15:53.568619: val auc 0.5425
2026-01-04 04:15:53.571296: Epoch time: 64.12 s
2026-01-04 04:15:53.573401: Yayy! New best EMA pseudo Dice: 0.5425
2026-01-04 04:15:55.732129: Yayy! New best classification accuracy: 0.5625
2026-01-04 04:15:57.810227: 
2026-01-04 04:15:57.813349: Epoch 6
2026-01-04 04:15:57.815290: Current learning rate: 0.0001
2026-01-04 04:17:01.482583: train_loss 0.7224
2026-01-04 04:17:01.486820: val_loss 0.6979
2026-01-04 04:17:01.489470: val classification accuracy 0.5208
2026-01-04 04:17:01.492085: val auc 0.5165
2026-01-04 04:17:01.494450: Epoch time: 63.67 s
2026-01-04 04:17:02.261540: 
2026-01-04 04:17:02.264627: Epoch 7
2026-01-04 04:17:02.266891: Current learning rate: 0.0001
2026-01-04 04:18:07.714095: train_loss 0.7148
2026-01-04 04:18:07.718328: val_loss 0.677
2026-01-04 04:18:07.721001: val classification accuracy 0.625
2026-01-04 04:18:07.723408: val auc 0.6024
2026-01-04 04:18:07.725843: Epoch time: 65.45 s
2026-01-04 04:18:07.727908: Yayy! New best EMA pseudo Dice: 0.6024
2026-01-04 04:18:09.947036: Yayy! New best classification accuracy: 0.625
2026-01-04 04:18:12.137530: 
2026-01-04 04:18:12.139983: Epoch 8
2026-01-04 04:18:12.141674: Current learning rate: 0.0001
2026-01-04 04:19:15.665216: train_loss 0.7129
2026-01-04 04:19:15.675070: val_loss 0.7176
2026-01-04 04:19:15.678453: val classification accuracy 0.5
2026-01-04 04:19:15.681373: val auc 0.5278
2026-01-04 04:19:15.684280: Epoch time: 63.53 s
2026-01-04 04:19:16.445895: 
2026-01-04 04:19:16.449216: Epoch 9
2026-01-04 04:19:16.451386: Current learning rate: 0.0001
2026-01-04 04:20:19.971753: train_loss 0.7384
2026-01-04 04:20:19.975976: val_loss 0.7012
2026-01-04 04:20:19.978369: val classification accuracy 0.4792
2026-01-04 04:20:19.981038: val auc 0.5113
2026-01-04 04:20:19.983373: Epoch time: 63.53 s
2026-01-04 04:20:20.761632: 
2026-01-04 04:20:20.765090: Epoch 10
2026-01-04 04:20:20.767627: Current learning rate: 0.0001
2026-01-04 04:21:25.401749: train_loss 0.7333
2026-01-04 04:21:25.432825: val_loss 0.7031
2026-01-04 04:21:25.435963: val classification accuracy 0.4792
2026-01-04 04:21:25.438567: val auc 0.4609
2026-01-04 04:21:25.441294: Epoch time: 64.64 s
2026-01-04 04:21:26.319328: 
2026-01-04 04:21:26.322680: Epoch 11
2026-01-04 04:21:26.325175: Current learning rate: 0.0001
2026-01-04 04:22:30.886579: train_loss 0.7133
2026-01-04 04:22:30.896701: val_loss 0.6763
2026-01-04 04:22:30.899831: val classification accuracy 0.5625
2026-01-04 04:22:30.902912: val auc 0.5955
2026-01-04 04:22:30.906228: Epoch time: 64.57 s
2026-01-04 04:22:31.677030: 
2026-01-04 04:22:31.680044: Epoch 12
2026-01-04 04:22:31.682635: Current learning rate: 0.0001
2026-01-04 04:23:35.437381: train_loss 0.7183
2026-01-04 04:23:35.441379: val_loss 0.6942
2026-01-04 04:23:35.443978: val classification accuracy 0.5
2026-01-04 04:23:35.446563: val auc 0.4766
2026-01-04 04:23:35.449097: Epoch time: 63.76 s
2026-01-04 04:23:36.202214: 
2026-01-04 04:23:36.205479: Epoch 13
2026-01-04 04:23:36.208023: Current learning rate: 0.0001
2026-01-04 04:24:40.773858: train_loss 0.7124
2026-01-04 04:24:40.778391: val_loss 0.6804
2026-01-04 04:24:40.781323: val classification accuracy 0.5625
2026-01-04 04:24:40.784478: val auc 0.6024
2026-01-04 04:24:40.787350: Epoch time: 64.57 s
2026-01-04 04:24:41.503865: 
2026-01-04 04:24:41.507159: Epoch 14
2026-01-04 04:24:41.509740: Current learning rate: 0.0001
2026-01-04 04:25:44.461573: train_loss 0.7114
2026-01-04 04:25:44.465948: val_loss 0.6935
2026-01-04 04:25:44.468631: val classification accuracy 0.5208
2026-01-04 04:25:44.471224: val auc 0.5043
2026-01-04 04:25:44.474061: Epoch time: 62.96 s
2026-01-04 04:25:45.204457: 
2026-01-04 04:25:45.207565: Epoch 15
2026-01-04 04:25:45.209932: Current learning rate: 0.0001
2026-01-04 04:26:48.873658: train_loss 0.7223
2026-01-04 04:26:48.881092: val_loss 0.6568
2026-01-04 04:26:48.884156: val classification accuracy 0.5833
2026-01-04 04:26:48.887092: val auc 0.6658
2026-01-04 04:26:48.890154: Epoch time: 63.67 s
2026-01-04 04:26:48.892732: Yayy! New best EMA pseudo Dice: 0.6658
2026-01-04 04:26:51.836285: 
2026-01-04 04:26:51.839842: Epoch 16
2026-01-04 04:26:51.842362: Current learning rate: 0.0001
2026-01-04 04:27:56.315287: train_loss 0.7229
2026-01-04 04:27:56.319698: val_loss 0.6879
2026-01-04 04:27:56.322577: val classification accuracy 0.5625
2026-01-04 04:27:56.325308: val auc 0.5382
2026-01-04 04:27:56.327847: Epoch time: 64.48 s
2026-01-04 04:27:57.066749: 
2026-01-04 04:27:57.070018: Epoch 17
2026-01-04 04:27:57.072486: Current learning rate: 9e-05
2026-01-04 04:29:01.644202: train_loss 0.7207
2026-01-04 04:29:01.648597: val_loss 0.6902
2026-01-04 04:29:01.651284: val classification accuracy 0.5
2026-01-04 04:29:01.654169: val auc 0.5286
2026-01-04 04:29:01.661095: Epoch time: 64.58 s
2026-01-04 04:29:02.449014: 
2026-01-04 04:29:02.452221: Epoch 18
2026-01-04 04:29:02.454682: Current learning rate: 9e-05
2026-01-04 04:30:06.407498: train_loss 0.7108
2026-01-04 04:30:06.427906: val_loss 0.7254
2026-01-04 04:30:06.433194: val classification accuracy 0.4167
2026-01-04 04:30:06.436350: val auc 0.3064
2026-01-04 04:30:06.439179: Epoch time: 63.96 s
2026-01-04 04:30:07.174658: 
2026-01-04 04:30:07.177919: Epoch 19
2026-01-04 04:30:07.180541: Current learning rate: 9e-05
2026-01-04 04:31:11.330176: train_loss 0.703
2026-01-04 04:31:11.334219: val_loss 0.6969
2026-01-04 04:31:11.337167: val classification accuracy 0.5
2026-01-04 04:31:11.339870: val auc 0.4115
2026-01-04 04:31:11.342695: Epoch time: 64.16 s
2026-01-04 04:31:13.425751: Saved periodic checkpoint /hpf/projects/jquon/sumin/nnUNet_data/nnUNet_results/Dataset033_AVM_T1+C/SwinViTTrainer_ep300_NoMirroring_x2__nnUNetResEncUNetLPlans__3d_fullres/fold_6/checkpoint_every20_best_balacc.pth at epoch 19 with val_balanced_accuracy=0.5000
2026-01-04 04:31:14.699866: Saved periodic checkpoint /hpf/projects/jquon/sumin/nnUNet_data/nnUNet_results/Dataset033_AVM_T1+C/SwinViTTrainer_ep300_NoMirroring_x2__nnUNetResEncUNetLPlans__3d_fullres/fold_6/checkpoint_every20_best_auroc.pth at epoch 19 with val_auc=0.4115
2026-01-04 04:31:15.423524: 
2026-01-04 04:31:15.426608: Epoch 20
2026-01-04 04:31:15.429063: Current learning rate: 9e-05
2026-01-04 04:32:19.403995: train_loss 0.7043
2026-01-04 04:32:19.439939: val_loss 0.7598
2026-01-04 04:32:19.442861: val classification accuracy 0.4583
2026-01-04 04:32:19.445767: val auc 0.5217
2026-01-04 04:32:19.448508: Epoch time: 63.98 s
2026-01-04 04:32:20.186561: 
2026-01-04 04:32:20.189437: Epoch 21
2026-01-04 04:32:20.192265: Current learning rate: 9e-05
2026-01-04 04:33:25.213264: train_loss 0.7404
2026-01-04 04:33:25.218343: val_loss 0.6992
2026-01-04 04:33:25.221423: val classification accuracy 0.4583
2026-01-04 04:33:25.224604: val auc 0.4531
2026-01-04 04:33:25.227888: Epoch time: 65.03 s
2026-01-04 04:33:25.993054: 
2026-01-04 04:33:25.996161: Epoch 22
2026-01-04 04:33:25.998495: Current learning rate: 9e-05
2026-01-04 04:34:29.471117: train_loss 0.7343
2026-01-04 04:34:29.475738: val_loss 0.6965
2026-01-04 04:34:29.478516: val classification accuracy 0.5
2026-01-04 04:34:29.481272: val auc 0.4618
2026-01-04 04:34:29.484325: Epoch time: 63.48 s
2026-01-04 04:34:30.239748: 
2026-01-04 04:34:30.243061: Epoch 23
2026-01-04 04:34:30.245415: Current learning rate: 9e-05
2026-01-04 04:35:34.754170: train_loss 0.7203
2026-01-04 04:35:34.759337: val_loss 0.6965
2026-01-04 04:35:34.762836: val classification accuracy 0.4792
2026-01-04 04:35:34.766103: val auc 0.4635
2026-01-04 04:35:34.769790: Epoch time: 64.52 s
2026-01-04 04:35:35.520671: 
2026-01-04 04:35:35.524122: Epoch 24
2026-01-04 04:35:35.526724: Current learning rate: 9e-05
2026-01-04 04:36:40.280302: train_loss 0.6945
2026-01-04 04:36:40.285357: val_loss 0.7821
2026-01-04 04:36:40.288546: val classification accuracy 0.4792
2026-01-04 04:36:40.294039: val auc 0.4132
2026-01-04 04:36:40.297229: Epoch time: 64.76 s
2026-01-04 04:36:41.070728: 
2026-01-04 04:36:41.073708: Epoch 25
2026-01-04 04:36:41.076329: Current learning rate: 9e-05
2026-01-04 04:37:45.427111: train_loss 0.7276
2026-01-04 04:37:45.432274: val_loss 0.6962
2026-01-04 04:37:45.435268: val classification accuracy 0.5
2026-01-04 04:37:45.438414: val auc 0.4618
2026-01-04 04:37:45.441627: Epoch time: 64.36 s
2026-01-04 04:37:46.178042: 
2026-01-04 04:37:46.181555: Epoch 26
2026-01-04 04:37:46.183994: Current learning rate: 9e-05
2026-01-04 04:38:49.951334: train_loss 0.7275
2026-01-04 04:38:49.958614: val_loss 0.6693
2026-01-04 04:38:49.961633: val classification accuracy 0.5833
2026-01-04 04:38:49.964582: val auc 0.6536
2026-01-04 04:38:49.967726: Epoch time: 63.77 s
2026-01-04 04:38:50.720388: 
2026-01-04 04:38:50.723681: Epoch 27
2026-01-04 04:38:50.726235: Current learning rate: 9e-05
2026-01-04 04:39:53.842721: train_loss 0.6962
2026-01-04 04:39:53.848683: val_loss 0.7504
2026-01-04 04:39:53.851629: val classification accuracy 0.4375
2026-01-04 04:39:53.854312: val auc 0.3854
2026-01-04 04:39:53.857246: Epoch time: 63.12 s
2026-01-04 04:39:54.580125: 
2026-01-04 04:39:54.583428: Epoch 28
2026-01-04 04:39:54.586003: Current learning rate: 9e-05
2026-01-04 04:40:58.976814: train_loss 0.6972
2026-01-04 04:40:58.982093: val_loss 0.7147
2026-01-04 04:40:58.985637: val classification accuracy 0.375
2026-01-04 04:40:58.989211: val auc 0.4167
2026-01-04 04:40:58.992481: Epoch time: 64.4 s
2026-01-04 04:40:59.861081: 
2026-01-04 04:40:59.864538: Epoch 29
2026-01-04 04:40:59.867044: Current learning rate: 9e-05
2026-01-04 04:42:03.385424: train_loss 0.7323
2026-01-04 04:42:03.389890: val_loss 0.6879
2026-01-04 04:42:03.392424: val classification accuracy 0.5
2026-01-04 04:42:03.394803: val auc 0.5477
2026-01-04 04:42:03.397416: Epoch time: 63.53 s
2026-01-04 04:42:04.138772: 
2026-01-04 04:42:04.141940: Epoch 30
2026-01-04 04:42:04.144499: Current learning rate: 9e-05
2026-01-04 04:43:07.831247: train_loss 0.7255
2026-01-04 04:43:07.836179: val_loss 0.6842
2026-01-04 04:43:07.839167: val classification accuracy 0.5208
2026-01-04 04:43:07.841919: val auc 0.546
2026-01-04 04:43:07.844985: Epoch time: 63.69 s
2026-01-04 04:43:08.576596: 
2026-01-04 04:43:08.580364: Epoch 31
2026-01-04 04:43:08.582970: Current learning rate: 9e-05
2026-01-04 04:44:12.716804: train_loss 0.695
2026-01-04 04:44:12.721101: val_loss 0.6887
2026-01-04 04:44:12.723965: val classification accuracy 0.5625
2026-01-04 04:44:12.727010: val auc 0.5842
2026-01-04 04:44:12.729735: Epoch time: 64.14 s
2026-01-04 04:44:13.486600: 
2026-01-04 04:44:13.490026: Epoch 32
2026-01-04 04:44:13.492445: Current learning rate: 9e-05
2026-01-04 04:45:17.693091: train_loss 0.7064
2026-01-04 04:45:17.704074: val_loss 0.7158
2026-01-04 04:45:17.707343: val classification accuracy 0.5417
2026-01-04 04:45:17.710317: val auc 0.5382
2026-01-04 04:45:17.713241: Epoch time: 64.21 s
2026-01-04 04:45:18.486024: 
2026-01-04 04:45:18.490206: Epoch 33
2026-01-04 04:45:18.492935: Current learning rate: 9e-05
2026-01-04 04:46:22.301718: train_loss 0.7229
2026-01-04 04:46:22.306123: val_loss 0.6931
2026-01-04 04:46:22.309230: val classification accuracy 0.5208
2026-01-04 04:46:22.312333: val auc 0.5434
2026-01-04 04:46:22.315151: Epoch time: 63.82 s
2026-01-04 04:46:23.075418: 
2026-01-04 04:46:23.078894: Epoch 34
2026-01-04 04:46:23.081582: Current learning rate: 9e-05
2026-01-04 04:47:26.778916: train_loss 0.7076
2026-01-04 04:47:26.783369: val_loss 0.7358
2026-01-04 04:47:26.786176: val classification accuracy 0.4375
2026-01-04 04:47:26.788973: val auc 0.3689
2026-01-04 04:47:26.791835: Epoch time: 63.7 s
2026-01-04 04:47:28.279899: 
2026-01-04 04:47:28.283353: Epoch 35
2026-01-04 04:47:28.285886: Current learning rate: 9e-05
2026-01-04 04:48:32.315197: train_loss 0.7078
2026-01-04 04:48:32.319207: val_loss 0.6589
2026-01-04 04:48:32.321758: val classification accuracy 0.6042
2026-01-04 04:48:32.324259: val auc 0.7135
2026-01-04 04:48:32.326815: Epoch time: 64.04 s
2026-01-04 04:48:32.329434: Yayy! New best EMA pseudo Dice: 0.7135
2026-01-04 04:48:35.203494: 
2026-01-04 04:48:35.206695: Epoch 36
2026-01-04 04:48:35.209140: Current learning rate: 9e-05
2026-01-04 04:49:39.373861: train_loss 0.7062
2026-01-04 04:49:39.377571: val_loss 0.7148
2026-01-04 04:49:39.380296: val classification accuracy 0.5
2026-01-04 04:49:39.382987: val auc 0.5495
2026-01-04 04:49:39.385399: Epoch time: 64.17 s
2026-01-04 04:49:40.086579: 
2026-01-04 04:49:40.089785: Epoch 37
2026-01-04 04:49:40.092038: Current learning rate: 9e-05
2026-01-04 04:50:42.044131: train_loss 0.7176
2026-01-04 04:50:42.049005: val_loss 0.701
2026-01-04 04:50:42.052547: val classification accuracy 0.5625
2026-01-04 04:50:42.056239: val auc 0.526
2026-01-04 04:50:42.059992: Epoch time: 61.96 s
2026-01-04 04:50:42.817732: 
2026-01-04 04:50:42.821849: Epoch 38
2026-01-04 04:50:42.824654: Current learning rate: 9e-05
2026-01-04 04:51:46.414063: train_loss 0.7087
2026-01-04 04:51:46.418676: val_loss 0.6993
2026-01-04 04:51:46.421724: val classification accuracy 0.5
2026-01-04 04:51:46.424566: val auc 0.5391
2026-01-04 04:51:46.427158: Epoch time: 63.6 s
2026-01-04 04:51:47.193197: 
2026-01-04 04:51:47.196935: Epoch 39
2026-01-04 04:51:47.199440: Current learning rate: 9e-05
2026-01-04 04:52:50.660192: train_loss 0.7055
2026-01-04 04:52:50.664942: val_loss 0.6895
2026-01-04 04:52:50.667921: val classification accuracy 0.5
2026-01-04 04:52:50.670746: val auc 0.5078
2026-01-04 04:52:50.673457: Epoch time: 63.47 s
2026-01-04 04:52:52.882591: Saved periodic checkpoint /hpf/projects/jquon/sumin/nnUNet_data/nnUNet_results/Dataset033_AVM_T1+C/SwinViTTrainer_ep300_NoMirroring_x2__nnUNetResEncUNetLPlans__3d_fullres/fold_6/checkpoint_every20_best_auroc.pth at epoch 39 with val_auc=0.5078
2026-01-04 04:52:53.679907: 
2026-01-04 04:52:53.683555: Epoch 40
2026-01-04 04:52:53.686006: Current learning rate: 9e-05
2026-01-04 04:53:56.719285: train_loss 0.6895
2026-01-04 04:53:56.724588: val_loss 0.7005
2026-01-04 04:53:56.727932: val classification accuracy 0.4167
2026-01-04 04:53:56.731110: val auc 0.4731
2026-01-04 04:53:56.734160: Epoch time: 63.04 s
2026-01-04 04:53:57.479872: 
2026-01-04 04:53:57.484504: Epoch 41
2026-01-04 04:53:57.487402: Current learning rate: 9e-05
2026-01-04 04:55:01.471874: train_loss 0.7197
2026-01-04 04:55:01.476231: val_loss 0.7129
2026-01-04 04:55:01.479090: val classification accuracy 0.5
2026-01-04 04:55:01.481979: val auc 0.4583
2026-01-04 04:55:01.484868: Epoch time: 63.99 s
2026-01-04 04:55:02.203942: 
2026-01-04 04:55:02.207249: Epoch 42
2026-01-04 04:55:02.209846: Current learning rate: 9e-05
2026-01-04 04:56:06.374019: train_loss 0.7393
2026-01-04 04:56:06.397770: val_loss 0.6957
2026-01-04 04:56:06.412256: val classification accuracy 0.5
2026-01-04 04:56:06.424173: val auc 0.5556
2026-01-04 04:56:06.434895: Epoch time: 64.17 s
2026-01-04 04:56:07.206936: 
2026-01-04 04:56:07.210638: Epoch 43
2026-01-04 04:56:07.213634: Current learning rate: 9e-05
2026-01-04 04:57:11.655920: train_loss 0.7132
2026-01-04 04:57:11.661529: val_loss 0.7429
2026-01-04 04:57:11.664697: val classification accuracy 0.3958
2026-01-04 04:57:11.667734: val auc 0.4436
2026-01-04 04:57:11.670604: Epoch time: 64.45 s
2026-01-04 04:57:12.423782: 
2026-01-04 04:57:12.427178: Epoch 44
2026-01-04 04:57:12.429703: Current learning rate: 9e-05
2026-01-04 04:58:15.914372: train_loss 0.7177
2026-01-04 04:58:15.918478: val_loss 0.6788
2026-01-04 04:58:15.921047: val classification accuracy 0.5833
2026-01-04 04:58:15.923553: val auc 0.5816
2026-01-04 04:58:15.925972: Epoch time: 63.49 s
2026-01-04 04:58:16.661062: 
2026-01-04 04:58:16.664384: Epoch 45
2026-01-04 04:58:16.666960: Current learning rate: 9e-05
2026-01-04 04:59:21.592235: train_loss 0.707
2026-01-04 04:59:21.608392: val_loss 0.7025
2026-01-04 04:59:21.612579: val classification accuracy 0.5
2026-01-04 04:59:21.618507: val auc 0.4497
2026-01-04 04:59:21.622056: Epoch time: 64.93 s
2026-01-04 04:59:22.460627: 
2026-01-04 04:59:22.464556: Epoch 46
2026-01-04 04:59:22.467427: Current learning rate: 9e-05
2026-01-04 05:00:26.347117: train_loss 0.6858
2026-01-04 05:00:26.351524: val_loss 0.7492
2026-01-04 05:00:26.354281: val classification accuracy 0.5
2026-01-04 05:00:26.357080: val auc 0.5208
2026-01-04 05:00:26.360233: Epoch time: 63.89 s
2026-01-04 05:00:27.111116: 
2026-01-04 05:00:27.114469: Epoch 47
2026-01-04 05:00:27.117030: Current learning rate: 9e-05
2026-01-04 05:01:31.935393: train_loss 0.7241
2026-01-04 05:01:31.941193: val_loss 0.6997
2026-01-04 05:01:31.944527: val classification accuracy 0.5
2026-01-04 05:01:31.948052: val auc 0.5295
2026-01-04 05:01:31.951108: Epoch time: 64.83 s
2026-01-04 05:01:32.715032: 
2026-01-04 05:01:32.718413: Epoch 48
2026-01-04 05:01:32.720843: Current learning rate: 9e-05
2026-01-04 05:02:35.730365: train_loss 0.7132
2026-01-04 05:02:35.736029: val_loss 0.7025
2026-01-04 05:02:35.739335: val classification accuracy 0.5
2026-01-04 05:02:35.742398: val auc 0.4696
2026-01-04 05:02:35.745368: Epoch time: 63.02 s
2026-01-04 05:02:36.474289: 
2026-01-04 05:02:36.477762: Epoch 49
2026-01-04 05:02:36.480213: Current learning rate: 9e-05
2026-01-04 05:03:40.849706: train_loss 0.7069
2026-01-04 05:03:40.854435: val_loss 0.6938
2026-01-04 05:03:40.857381: val classification accuracy 0.4583
2026-01-04 05:03:40.860613: val auc 0.5373
2026-01-04 05:03:40.863489: Epoch time: 64.38 s
2026-01-04 05:03:41.731871: 
2026-01-04 05:03:41.735507: Epoch 50
2026-01-04 05:03:41.738191: Current learning rate: 8e-05
2026-01-04 05:04:46.550450: train_loss 0.7118
2026-01-04 05:04:46.555059: val_loss 0.682
2026-01-04 05:04:46.557948: val classification accuracy 0.5208
2026-01-04 05:04:46.560921: val auc 0.6302
2026-01-04 05:04:46.563748: Epoch time: 64.82 s
2026-01-04 05:04:48.206030: 
2026-01-04 05:04:48.209352: Epoch 51
2026-01-04 05:04:48.211835: Current learning rate: 8e-05
2026-01-04 05:05:52.609303: train_loss 0.7095
2026-01-04 05:05:52.618631: val_loss 0.6951
2026-01-04 05:05:52.621725: val classification accuracy 0.5417
2026-01-04 05:05:52.624527: val auc 0.526
2026-01-04 05:05:52.627656: Epoch time: 64.4 s
2026-01-04 05:05:53.456983: 
2026-01-04 05:05:53.464966: Epoch 52
2026-01-04 05:05:53.468799: Current learning rate: 8e-05
2026-01-04 05:06:57.380241: train_loss 0.7207
2026-01-04 05:06:57.384495: val_loss 0.704
2026-01-04 05:06:57.387724: val classification accuracy 0.4792
2026-01-04 05:06:57.390779: val auc 0.4497
2026-01-04 05:06:57.393641: Epoch time: 63.92 s
2026-01-04 05:06:58.119789: 
2026-01-04 05:06:58.123061: Epoch 53
2026-01-04 05:06:58.125728: Current learning rate: 8e-05
2026-01-04 05:08:00.968842: train_loss 0.7159
2026-01-04 05:08:00.973406: val_loss 0.6905
2026-01-04 05:08:00.976449: val classification accuracy 0.5
2026-01-04 05:08:00.979476: val auc 0.6033
2026-01-04 05:08:00.982173: Epoch time: 62.85 s
2026-01-04 05:08:01.708177: 
2026-01-04 05:08:01.711609: Epoch 54
2026-01-04 05:08:01.713995: Current learning rate: 8e-05
2026-01-04 05:09:05.421902: train_loss 0.7191
2026-01-04 05:09:05.426404: val_loss 0.7018
2026-01-04 05:09:05.429024: val classification accuracy 0.5417
2026-01-04 05:09:05.431566: val auc 0.5547
2026-01-04 05:09:05.434513: Epoch time: 63.71 s
2026-01-04 05:09:06.333473: 
2026-01-04 05:09:06.337347: Epoch 55
2026-01-04 05:09:06.339890: Current learning rate: 8e-05
2026-01-04 05:10:10.650095: train_loss 0.6945
2026-01-04 05:10:10.656560: val_loss 0.7108
2026-01-04 05:10:10.659305: val classification accuracy 0.5
2026-01-04 05:10:10.661903: val auc 0.5026
2026-01-04 05:10:10.664843: Epoch time: 64.32 s
2026-01-04 05:10:11.390551: 
2026-01-04 05:10:11.394140: Epoch 56
2026-01-04 05:10:11.396554: Current learning rate: 8e-05
2026-01-04 05:11:14.871011: train_loss 0.6781
2026-01-04 05:11:14.890103: val_loss 0.652
2026-01-04 05:11:14.893145: val classification accuracy 0.6458
2026-01-04 05:11:14.896022: val auc 0.6719
2026-01-04 05:11:14.898777: Epoch time: 63.48 s
2026-01-04 05:11:14.901169: Yayy! New best classification accuracy: 0.6458
2026-01-04 05:11:17.772596: 
2026-01-04 05:11:17.776650: Epoch 57
2026-01-04 05:11:17.779866: Current learning rate: 8e-05
2026-01-04 05:12:21.920052: train_loss 0.7287
2026-01-04 05:12:21.924706: val_loss 0.7407
2026-01-04 05:12:21.927775: val classification accuracy 0.4792
2026-01-04 05:12:21.930739: val auc 0.3932
2026-01-04 05:12:21.933988: Epoch time: 64.15 s
2026-01-04 05:12:22.690380: 
2026-01-04 05:12:22.694460: Epoch 58
2026-01-04 05:12:22.697015: Current learning rate: 8e-05
2026-01-04 05:13:26.395273: train_loss 0.6843
2026-01-04 05:13:26.401930: val_loss 0.7183
2026-01-04 05:13:26.405714: val classification accuracy 0.4583
2026-01-04 05:13:26.409247: val auc 0.5165
2026-01-04 05:13:26.412270: Epoch time: 63.71 s
2026-01-04 05:13:27.188374: 
2026-01-04 05:13:27.192271: Epoch 59
2026-01-04 05:13:27.195249: Current learning rate: 8e-05
2026-01-04 05:14:31.489562: train_loss 0.7208
2026-01-04 05:14:31.494794: val_loss 0.6831
2026-01-04 05:14:31.498053: val classification accuracy 0.5625
2026-01-04 05:14:31.501106: val auc 0.6302
2026-01-04 05:14:31.504447: Epoch time: 64.3 s
2026-01-04 05:14:33.510247: Saved periodic checkpoint /hpf/projects/jquon/sumin/nnUNet_data/nnUNet_results/Dataset033_AVM_T1+C/SwinViTTrainer_ep300_NoMirroring_x2__nnUNetResEncUNetLPlans__3d_fullres/fold_6/checkpoint_every20_best_balacc.pth at epoch 59 with val_balanced_accuracy=0.5625
2026-01-04 05:14:34.864227: Saved periodic checkpoint /hpf/projects/jquon/sumin/nnUNet_data/nnUNet_results/Dataset033_AVM_T1+C/SwinViTTrainer_ep300_NoMirroring_x2__nnUNetResEncUNetLPlans__3d_fullres/fold_6/checkpoint_every20_best_auroc.pth at epoch 59 with val_auc=0.6302
2026-01-04 05:14:35.594986: 
2026-01-04 05:14:35.598862: Epoch 60
2026-01-04 05:14:35.601666: Current learning rate: 8e-05
2026-01-04 05:15:39.122427: train_loss 0.6891
2026-01-04 05:15:39.130564: val_loss 0.6609
2026-01-04 05:15:39.142865: val classification accuracy 0.5833
2026-01-04 05:15:39.145598: val auc 0.684
2026-01-04 05:15:39.148294: Epoch time: 63.53 s
2026-01-04 05:15:39.894074: 
2026-01-04 05:15:39.897282: Epoch 61
2026-01-04 05:15:39.899899: Current learning rate: 8e-05
2026-01-04 05:16:44.500348: train_loss 0.7058
2026-01-04 05:16:44.506104: val_loss 0.6872
2026-01-04 05:16:44.509259: val classification accuracy 0.5833
2026-01-04 05:16:44.512501: val auc 0.5868
2026-01-04 05:16:44.515477: Epoch time: 64.61 s
2026-01-04 05:16:45.273342: 
2026-01-04 05:16:45.283716: Epoch 62
2026-01-04 05:16:45.288500: Current learning rate: 8e-05
2026-01-04 05:17:50.726595: train_loss 0.7036
2026-01-04 05:17:50.731558: val_loss 0.7755
2026-01-04 05:17:50.735224: val classification accuracy 0.5625
2026-01-04 05:17:50.738337: val auc 0.4826
2026-01-04 05:17:50.741493: Epoch time: 65.47 s
2026-01-04 05:17:51.512579: 
2026-01-04 05:17:51.516622: Epoch 63
2026-01-04 05:17:51.519441: Current learning rate: 8e-05
2026-01-04 05:18:55.461206: train_loss 0.6944
2026-01-04 05:18:55.466239: val_loss 0.6951
2026-01-04 05:18:55.468910: val classification accuracy 0.5
2026-01-04 05:18:55.471512: val auc 0.5408
2026-01-04 05:18:55.474376: Epoch time: 63.95 s
2026-01-04 05:18:56.198827: 
2026-01-04 05:18:56.202287: Epoch 64
2026-01-04 05:18:56.204614: Current learning rate: 8e-05
2026-01-04 05:20:01.438546: train_loss 0.7001
2026-01-04 05:20:01.443583: val_loss 0.6896
2026-01-04 05:20:01.446823: val classification accuracy 0.4792
2026-01-04 05:20:01.450152: val auc 0.5469
2026-01-04 05:20:01.453470: Epoch time: 65.24 s
2026-01-04 05:20:02.307213: 
2026-01-04 05:20:02.311423: Epoch 65
2026-01-04 05:20:02.314257: Current learning rate: 8e-05
2026-01-04 05:21:05.666529: train_loss 0.715
2026-01-04 05:21:05.672714: val_loss 0.7044
2026-01-04 05:21:05.677179: val classification accuracy 0.5
2026-01-04 05:21:05.680952: val auc 0.4557
2026-01-04 05:21:05.684727: Epoch time: 63.36 s
2026-01-04 05:21:06.497384: 
2026-01-04 05:21:06.500829: Epoch 66
2026-01-04 05:21:06.503313: Current learning rate: 8e-05
2026-01-04 05:22:09.988595: train_loss 0.7223
2026-01-04 05:22:09.993941: val_loss 0.7639
2026-01-04 05:22:09.997441: val classification accuracy 0.5417
2026-01-04 05:22:10.000469: val auc 0.3785
2026-01-04 05:22:10.003774: Epoch time: 63.49 s
2026-01-04 05:22:10.729492: 
2026-01-04 05:22:10.733377: Epoch 67
2026-01-04 05:22:10.736374: Current learning rate: 8e-05
2026-01-04 05:23:14.670149: train_loss 0.702
2026-01-04 05:23:14.674810: val_loss 0.703
2026-01-04 05:23:14.677563: val classification accuracy 0.4792
2026-01-04 05:23:14.680070: val auc 0.4722
2026-01-04 05:23:14.682656: Epoch time: 63.94 s
2026-01-04 05:23:15.431699: 
2026-01-04 05:23:15.434955: Epoch 68
2026-01-04 05:23:15.437409: Current learning rate: 8e-05
2026-01-04 05:24:20.511669: train_loss 0.6928
2026-01-04 05:24:20.520394: val_loss 0.7404
2026-01-04 05:24:20.523894: val classification accuracy 0.4167
2026-01-04 05:24:20.526939: val auc 0.3637
2026-01-04 05:24:20.530169: Epoch time: 65.08 s
2026-01-04 05:24:21.411410: 
2026-01-04 05:24:21.415002: Epoch 69
2026-01-04 05:24:21.417630: Current learning rate: 8e-05
2026-01-04 05:25:25.937467: train_loss 0.7239
2026-01-04 05:25:25.941629: val_loss 0.7207
2026-01-04 05:25:25.944743: val classification accuracy 0.4375
2026-01-04 05:25:25.947651: val auc 0.4002
2026-01-04 05:25:25.950404: Epoch time: 64.53 s
2026-01-04 05:25:26.686945: 
2026-01-04 05:25:26.690394: Epoch 70
2026-01-04 05:25:26.692920: Current learning rate: 8e-05
2026-01-04 05:26:30.444361: train_loss 0.6967
2026-01-04 05:26:30.450178: val_loss 0.6768
2026-01-04 05:26:30.454272: val classification accuracy 0.5
2026-01-04 05:26:30.458304: val auc 0.5868
2026-01-04 05:26:30.461808: Epoch time: 63.76 s
2026-01-04 05:26:31.218749: 
2026-01-04 05:26:31.222302: Epoch 71
2026-01-04 05:26:31.224831: Current learning rate: 8e-05
2026-01-04 05:27:36.021807: train_loss 0.6979
2026-01-04 05:27:36.026560: val_loss 0.7037
2026-01-04 05:27:36.029593: val classification accuracy 0.5
2026-01-04 05:27:36.032463: val auc 0.4905
2026-01-04 05:27:36.035329: Epoch time: 64.8 s
2026-01-04 05:27:36.798680: 
2026-01-04 05:27:36.802150: Epoch 72
2026-01-04 05:27:36.804622: Current learning rate: 8e-05
2026-01-04 05:28:41.348071: train_loss 0.6933
2026-01-04 05:28:41.353272: val_loss 0.761
2026-01-04 05:28:41.356652: val classification accuracy 0.3958
2026-01-04 05:28:41.360245: val auc 0.4323
2026-01-04 05:28:41.363671: Epoch time: 64.55 s
2026-01-04 05:28:42.100730: 
2026-01-04 05:28:42.104562: Epoch 73
2026-01-04 05:28:42.107143: Current learning rate: 8e-05
2026-01-04 05:29:46.206688: train_loss 0.7059
2026-01-04 05:29:46.211279: val_loss 0.6832
2026-01-04 05:29:46.214004: val classification accuracy 0.5833
2026-01-04 05:29:46.216736: val auc 0.6016
2026-01-04 05:29:46.219583: Epoch time: 64.11 s
2026-01-04 05:29:46.974578: 
2026-01-04 05:29:46.977773: Epoch 74
2026-01-04 05:29:46.980246: Current learning rate: 8e-05
2026-01-04 05:30:50.834084: train_loss 0.6785
2026-01-04 05:30:50.838852: val_loss 0.7963
2026-01-04 05:30:50.842342: val classification accuracy 0.4792
2026-01-04 05:30:50.845571: val auc 0.4818
2026-01-04 05:30:50.848539: Epoch time: 63.86 s
2026-01-04 05:30:51.602612: 
2026-01-04 05:30:51.605990: Epoch 75
2026-01-04 05:30:51.608669: Current learning rate: 8e-05
2026-01-04 05:31:55.836845: train_loss 0.7067
2026-01-04 05:31:55.841670: val_loss 0.6884
2026-01-04 05:31:55.844612: val classification accuracy 0.5417
2026-01-04 05:31:55.847448: val auc 0.6024
2026-01-04 05:31:55.850336: Epoch time: 64.24 s
2026-01-04 05:31:56.596656: 
2026-01-04 05:31:56.600109: Epoch 76
2026-01-04 05:31:56.602713: Current learning rate: 8e-05
2026-01-04 05:33:01.165566: train_loss 0.7081
2026-01-04 05:33:01.170290: val_loss 0.7206
2026-01-04 05:33:01.173394: val classification accuracy 0.4375
2026-01-04 05:33:01.176369: val auc 0.3698
2026-01-04 05:33:01.179094: Epoch time: 64.57 s
2026-01-04 05:33:01.926204: 
2026-01-04 05:33:01.929475: Epoch 77
2026-01-04 05:33:01.932058: Current learning rate: 8e-05
2026-01-04 05:34:05.546016: train_loss 0.6853
2026-01-04 05:34:05.550552: val_loss 0.6899
2026-01-04 05:34:05.553777: val classification accuracy 0.5625
2026-01-04 05:34:05.556926: val auc 0.5503
2026-01-04 05:34:05.560009: Epoch time: 63.62 s
2026-01-04 05:34:06.299661: 
2026-01-04 05:34:06.304416: Epoch 78
2026-01-04 05:34:06.307823: Current learning rate: 8e-05
2026-01-04 05:35:09.145453: train_loss 0.7094
2026-01-04 05:35:09.149960: val_loss 0.6901
2026-01-04 05:35:09.153313: val classification accuracy 0.5625
2026-01-04 05:35:09.156386: val auc 0.579
2026-01-04 05:35:09.159985: Epoch time: 62.85 s
2026-01-04 05:35:09.933276: 
2026-01-04 05:35:09.936689: Epoch 79
2026-01-04 05:35:09.940436: Current learning rate: 8e-05
2026-01-04 05:36:15.370790: train_loss 0.6942
2026-01-04 05:36:15.375718: val_loss 0.7333
2026-01-04 05:36:15.378758: val classification accuracy 0.5
2026-01-04 05:36:15.381795: val auc 0.3984
2026-01-04 05:36:15.384812: Epoch time: 65.44 s
2026-01-04 05:36:16.121488: 
2026-01-04 05:36:16.125036: Epoch 80
2026-01-04 05:36:16.127754: Current learning rate: 8e-05
2026-01-04 05:37:21.179065: train_loss 0.6787
2026-01-04 05:37:21.184113: val_loss 0.7454
2026-01-04 05:37:21.187299: val classification accuracy 0.4583
2026-01-04 05:37:21.190367: val auc 0.4557
2026-01-04 05:37:21.193551: Epoch time: 65.06 s
2026-01-04 05:37:21.945265: 
2026-01-04 05:37:21.948591: Epoch 81
2026-01-04 05:37:21.951114: Current learning rate: 8e-05
2026-01-04 05:38:25.791047: train_loss 0.7197
2026-01-04 05:38:25.825918: val_loss 0.7456
2026-01-04 05:38:25.828826: val classification accuracy 0.4792
2026-01-04 05:38:25.831660: val auc 0.4219
2026-01-04 05:38:25.834384: Epoch time: 63.85 s
2026-01-04 05:38:26.581692: 
2026-01-04 05:38:26.585174: Epoch 82
2026-01-04 05:38:26.587755: Current learning rate: 8e-05
2026-01-04 05:39:30.374352: train_loss 0.6915
2026-01-04 05:39:30.378489: val_loss 0.8545
2026-01-04 05:39:30.381137: val classification accuracy 0.2917
2026-01-04 05:39:30.384242: val auc 0.3281
2026-01-04 05:39:30.387328: Epoch time: 63.79 s
2026-01-04 05:39:31.919796: 
2026-01-04 05:39:31.923602: Epoch 83
2026-01-04 05:39:31.926228: Current learning rate: 7e-05
2026-01-04 05:40:36.583831: train_loss 0.7243
2026-01-04 05:40:36.590956: val_loss 0.7037
2026-01-04 05:40:36.595680: val classification accuracy 0.5625
2026-01-04 05:40:36.600554: val auc 0.4583
2026-01-04 05:40:36.605344: Epoch time: 64.67 s
2026-01-04 05:40:37.418063: 
2026-01-04 05:40:37.421998: Epoch 84
2026-01-04 05:40:37.425228: Current learning rate: 7e-05
2026-01-04 05:41:41.705308: train_loss 0.7122
2026-01-04 05:41:41.709833: val_loss 0.7013
2026-01-04 05:41:41.712791: val classification accuracy 0.4583
2026-01-04 05:41:41.715798: val auc 0.4688
2026-01-04 05:41:41.718778: Epoch time: 64.29 s
2026-01-04 05:41:42.475125: 
2026-01-04 05:41:42.479818: Epoch 85
2026-01-04 05:41:42.482954: Current learning rate: 7e-05
2026-01-04 05:42:47.145480: train_loss 0.6961
2026-01-04 05:42:47.149608: val_loss 0.6826
2026-01-04 05:42:47.152627: val classification accuracy 0.6042
2026-01-04 05:42:47.155466: val auc 0.5877
2026-01-04 05:42:47.158499: Epoch time: 64.67 s
2026-01-04 05:42:47.949735: 
2026-01-04 05:42:47.953053: Epoch 86
2026-01-04 05:42:47.955631: Current learning rate: 7e-05
2026-01-04 05:43:51.856684: train_loss 0.6763
2026-01-04 05:43:51.881839: val_loss 0.6988
2026-01-04 05:43:51.884694: val classification accuracy 0.5208
2026-01-04 05:43:51.887619: val auc 0.526
2026-01-04 05:43:51.890361: Epoch time: 63.91 s
2026-01-04 05:43:52.653124: 
2026-01-04 05:43:52.656693: Epoch 87
2026-01-04 05:43:52.659268: Current learning rate: 7e-05
2026-01-04 05:44:57.117752: train_loss 0.6826
2026-01-04 05:44:57.121988: val_loss 0.7222
2026-01-04 05:44:57.124829: val classification accuracy 0.5208
2026-01-04 05:44:57.127869: val auc 0.4661
2026-01-04 05:44:57.130786: Epoch time: 64.47 s
2026-01-04 05:44:57.892671: 
2026-01-04 05:44:57.896128: Epoch 88
2026-01-04 05:44:57.898750: Current learning rate: 7e-05
2026-01-04 05:46:01.863911: train_loss 0.6841
2026-01-04 05:46:01.868351: val_loss 0.7284
2026-01-04 05:46:01.871468: val classification accuracy 0.4583
2026-01-04 05:46:01.874426: val auc 0.434
2026-01-04 05:46:01.877335: Epoch time: 63.97 s
2026-01-04 05:46:02.621643: 
2026-01-04 05:46:02.625516: Epoch 89
2026-01-04 05:46:02.629082: Current learning rate: 7e-05
2026-01-04 05:47:06.490357: train_loss 0.7085
2026-01-04 05:47:06.494948: val_loss 0.7358
2026-01-04 05:47:06.497682: val classification accuracy 0.4583
2026-01-04 05:47:06.500317: val auc 0.3993
2026-01-04 05:47:06.503279: Epoch time: 63.87 s
2026-01-04 05:47:07.258251: 
2026-01-04 05:47:07.261655: Epoch 90
2026-01-04 05:47:07.264364: Current learning rate: 7e-05
2026-01-04 05:48:09.650471: train_loss 0.705
2026-01-04 05:48:09.655088: val_loss 0.7018
2026-01-04 05:48:09.658167: val classification accuracy 0.5208
2026-01-04 05:48:09.661185: val auc 0.6337
2026-01-04 05:48:09.664203: Epoch time: 62.39 s
2026-01-04 05:48:10.415205: 
2026-01-04 05:48:10.418776: Epoch 91
2026-01-04 05:48:10.421281: Current learning rate: 7e-05
2026-01-04 05:49:13.681767: train_loss 0.7078
2026-01-04 05:49:13.686657: val_loss 0.7126
2026-01-04 05:49:13.689637: val classification accuracy 0.4375
2026-01-04 05:49:13.692691: val auc 0.4774
2026-01-04 05:49:13.697935: Epoch time: 63.27 s
2026-01-04 05:49:14.452456: 
2026-01-04 05:49:14.455986: Epoch 92
2026-01-04 05:49:14.458834: Current learning rate: 7e-05
2026-01-04 05:50:18.150633: train_loss 0.691
2026-01-04 05:50:18.155206: val_loss 0.7542
2026-01-04 05:50:18.158278: val classification accuracy 0.4167
2026-01-04 05:50:18.161250: val auc 0.3403
2026-01-04 05:50:18.164156: Epoch time: 63.7 s
2026-01-04 05:50:18.883133: 
2026-01-04 05:50:18.886357: Epoch 93
2026-01-04 05:50:18.888630: Current learning rate: 7e-05
2026-01-04 05:51:22.290870: train_loss 0.7371
2026-01-04 05:51:22.296016: val_loss 0.7243
2026-01-04 05:51:22.299611: val classification accuracy 0.4375
2026-01-04 05:51:22.302428: val auc 0.4106
2026-01-04 05:51:22.305324: Epoch time: 63.41 s
2026-01-04 05:51:23.033395: 
2026-01-04 05:51:23.037737: Epoch 94
2026-01-04 05:51:23.041703: Current learning rate: 7e-05
2026-01-04 05:52:27.082846: train_loss 0.6547
2026-01-04 05:52:27.087665: val_loss 0.7629
2026-01-04 05:52:27.090633: val classification accuracy 0.4375
2026-01-04 05:52:27.093306: val auc 0.4896
2026-01-04 05:52:27.095857: Epoch time: 64.05 s
2026-01-04 05:52:27.836402: 
2026-01-04 05:52:27.839848: Epoch 95
2026-01-04 05:52:27.842516: Current learning rate: 7e-05
2026-01-04 05:53:32.905007: train_loss 0.7051
2026-01-04 05:53:32.914789: val_loss 0.6826
2026-01-04 05:53:32.917790: val classification accuracy 0.5625
2026-01-04 05:53:32.920503: val auc 0.6068
2026-01-04 05:53:32.923600: Epoch time: 65.07 s
2026-01-04 05:53:33.669944: 
2026-01-04 05:53:33.673892: Epoch 96
2026-01-04 05:53:33.676509: Current learning rate: 7e-05
2026-01-04 05:54:38.422207: train_loss 0.6935
2026-01-04 05:54:38.426795: val_loss 0.6902
2026-01-04 05:54:38.429786: val classification accuracy 0.5
2026-01-04 05:54:38.432685: val auc 0.5512
2026-01-04 05:54:38.435791: Epoch time: 64.75 s
2026-01-04 05:54:39.179035: 
2026-01-04 05:54:39.182536: Epoch 97
2026-01-04 05:54:39.185119: Current learning rate: 7e-05
2026-01-04 05:55:43.062394: train_loss 0.7094
2026-01-04 05:55:43.068715: val_loss 0.7004
2026-01-04 05:55:43.073041: val classification accuracy 0.6042
2026-01-04 05:55:43.076717: val auc 0.5694
2026-01-04 05:55:43.080680: Epoch time: 63.88 s
2026-01-04 05:55:43.873406: 
2026-01-04 05:55:43.877152: Epoch 98
2026-01-04 05:55:43.879894: Current learning rate: 7e-05
2026-01-04 05:56:48.499173: train_loss 0.7004
2026-01-04 05:56:48.503710: val_loss 0.7114
2026-01-04 05:56:48.506725: val classification accuracy 0.4167
2026-01-04 05:56:48.509761: val auc 0.5243
2026-01-04 05:56:48.512564: Epoch time: 64.63 s
2026-01-04 05:56:49.263262: 
2026-01-04 05:56:49.266609: Epoch 99
2026-01-04 05:56:49.269078: Current learning rate: 7e-05
2026-01-04 05:57:55.502095: train_loss 0.6993
2026-01-04 05:57:55.506356: val_loss 0.7959
2026-01-04 05:57:55.509608: val classification accuracy 0.5
2026-01-04 05:57:55.512513: val auc 0.3906
2026-01-04 05:57:55.515119: Epoch time: 66.24 s
2026-01-04 05:57:56.312804: 
2026-01-04 05:57:56.316206: Epoch 100
2026-01-04 05:57:56.318839: Current learning rate: 7e-05
2026-01-04 05:59:00.584370: train_loss 0.6769
2026-01-04 05:59:00.589497: val_loss 0.7234
2026-01-04 05:59:00.592631: val classification accuracy 0.5208
2026-01-04 05:59:00.595774: val auc 0.4957
2026-01-04 05:59:00.598768: Epoch time: 64.27 s
2026-01-04 05:59:01.338506: 
2026-01-04 05:59:01.341849: Epoch 101
2026-01-04 05:59:01.344578: Current learning rate: 7e-05
2026-01-04 06:00:06.937069: train_loss 0.6935
2026-01-04 06:00:06.942732: val_loss 0.6498
2026-01-04 06:00:06.946512: val classification accuracy 0.7083
2026-01-04 06:00:06.949805: val auc 0.6962
2026-01-04 06:00:06.953124: Epoch time: 65.6 s
2026-01-04 06:00:06.956013: Yayy! New best classification accuracy: 0.7083
2026-01-04 06:00:09.664274: 
2026-01-04 06:00:09.668197: Epoch 102
2026-01-04 06:00:09.670885: Current learning rate: 7e-05
2026-01-04 06:01:13.856760: train_loss 0.6844
2026-01-04 06:01:13.861946: val_loss 0.759
2026-01-04 06:01:13.865296: val classification accuracy 0.5
2026-01-04 06:01:13.868440: val auc 0.3715
2026-01-04 06:01:13.871620: Epoch time: 64.19 s
2026-01-04 06:01:14.643763: 
2026-01-04 06:01:14.647307: Epoch 103
2026-01-04 06:01:14.650040: Current learning rate: 7e-05
2026-01-04 06:02:17.675249: train_loss 0.684
2026-01-04 06:02:17.680057: val_loss 0.6977
2026-01-04 06:02:17.683157: val classification accuracy 0.4792
2026-01-04 06:02:17.686228: val auc 0.546
2026-01-04 06:02:17.689382: Epoch time: 63.03 s
2026-01-04 06:02:18.442059: 
2026-01-04 06:02:18.445870: Epoch 104
2026-01-04 06:02:18.448723: Current learning rate: 7e-05
2026-01-04 06:03:21.835027: train_loss 0.7039
2026-01-04 06:03:21.839988: val_loss 0.6727
2026-01-04 06:03:21.843596: val classification accuracy 0.5625
2026-01-04 06:03:21.847544: val auc 0.6788
2026-01-04 06:03:21.859622: Epoch time: 63.39 s
2026-01-04 06:03:22.632809: 
2026-01-04 06:03:22.636462: Epoch 105
2026-01-04 06:03:22.639101: Current learning rate: 7e-05
2026-01-04 06:04:26.464572: train_loss 0.6931
2026-01-04 06:04:26.479225: val_loss 0.7562
2026-01-04 06:04:26.491799: val classification accuracy 0.5
2026-01-04 06:04:26.498769: val auc 0.4392
2026-01-04 06:04:26.505997: Epoch time: 63.83 s
2026-01-04 06:04:27.282866: 
2026-01-04 06:04:27.288066: Epoch 106
2026-01-04 06:04:27.290673: Current learning rate: 7e-05
2026-01-04 06:05:31.166354: train_loss 0.6833
2026-01-04 06:05:31.170750: val_loss 0.7934
2026-01-04 06:05:31.173509: val classification accuracy 0.4583
2026-01-04 06:05:31.176306: val auc 0.3524
2026-01-04 06:05:31.179086: Epoch time: 63.88 s
2026-01-04 06:05:31.898930: 
2026-01-04 06:05:31.902308: Epoch 107
2026-01-04 06:05:31.904833: Current learning rate: 7e-05
2026-01-04 06:06:36.064162: train_loss 0.6913
2026-01-04 06:06:36.069083: val_loss 0.7933
2026-01-04 06:06:36.072544: val classification accuracy 0.4167
2026-01-04 06:06:36.075708: val auc 0.4106
2026-01-04 06:06:36.078797: Epoch time: 64.17 s
2026-01-04 06:06:36.808714: 
2026-01-04 06:06:36.812090: Epoch 108
2026-01-04 06:06:36.814868: Current learning rate: 7e-05
2026-01-04 06:07:40.979477: train_loss 0.6907
2026-01-04 06:07:40.985673: val_loss 0.7222
2026-01-04 06:07:40.988396: val classification accuracy 0.5
2026-01-04 06:07:40.991014: val auc 0.4714
2026-01-04 06:07:40.994370: Epoch time: 64.17 s
2026-01-04 06:07:41.717067: 
2026-01-04 06:07:41.720185: Epoch 109
2026-01-04 06:07:41.722677: Current learning rate: 7e-05
2026-01-04 06:08:45.984499: train_loss 0.701
2026-01-04 06:08:45.995309: val_loss 0.7278
2026-01-04 06:08:46.002182: val classification accuracy 0.3958
2026-01-04 06:08:46.008332: val auc 0.3368
2026-01-04 06:08:46.013910: Epoch time: 64.27 s
2026-01-04 06:08:46.784099: 
2026-01-04 06:08:46.787670: Epoch 110
2026-01-04 06:08:46.790529: Current learning rate: 7e-05
2026-01-04 06:09:50.984111: train_loss 0.6971
2026-01-04 06:09:50.989510: val_loss 0.7421
2026-01-04 06:09:50.993177: val classification accuracy 0.4375
2026-01-04 06:09:50.996453: val auc 0.3932
2026-01-04 06:09:50.999688: Epoch time: 64.2 s
2026-01-04 06:09:51.733143: 
2026-01-04 06:09:51.736368: Epoch 111
2026-01-04 06:09:51.738839: Current learning rate: 7e-05
2026-01-04 06:10:55.241134: train_loss 0.7026
2026-01-04 06:10:55.247603: val_loss 0.7264
2026-01-04 06:10:55.251113: val classification accuracy 0.4583
2026-01-04 06:10:55.254455: val auc 0.4314
2026-01-04 06:10:55.257550: Epoch time: 63.51 s
2026-01-04 06:10:56.024421: 
2026-01-04 06:10:56.028141: Epoch 112
2026-01-04 06:10:56.030908: Current learning rate: 7e-05
2026-01-04 06:11:59.542150: train_loss 0.6828
2026-01-04 06:11:59.546512: val_loss 0.7241
2026-01-04 06:11:59.549459: val classification accuracy 0.3958
2026-01-04 06:11:59.552454: val auc 0.434
2026-01-04 06:11:59.555246: Epoch time: 63.52 s
2026-01-04 06:12:00.318669: 
2026-01-04 06:12:00.321986: Epoch 113
2026-01-04 06:12:00.324622: Current learning rate: 7e-05
2026-01-04 06:13:05.189452: train_loss 0.6781
2026-01-04 06:13:05.194419: val_loss 0.7036
2026-01-04 06:13:05.197271: val classification accuracy 0.5208
2026-01-04 06:13:05.199945: val auc 0.5312
2026-01-04 06:13:05.202996: Epoch time: 64.87 s
2026-01-04 06:13:05.927629: 
2026-01-04 06:13:05.930893: Epoch 114
2026-01-04 06:13:05.933426: Current learning rate: 7e-05
2026-01-04 06:14:09.362579: train_loss 0.702
2026-01-04 06:14:09.367277: val_loss 0.724
2026-01-04 06:14:09.370189: val classification accuracy 0.5208
2026-01-04 06:14:09.373129: val auc 0.4792
2026-01-04 06:14:09.376230: Epoch time: 63.44 s
2026-01-04 06:14:10.109209: 
2026-01-04 06:14:10.112937: Epoch 115
2026-01-04 06:14:10.115579: Current learning rate: 6e-05
2026-01-04 06:15:15.370449: train_loss 0.7078
2026-01-04 06:15:15.374647: val_loss 0.7236
2026-01-04 06:15:15.378105: val classification accuracy 0.5208
2026-01-04 06:15:15.381059: val auc 0.5295
2026-01-04 06:15:15.384131: Epoch time: 65.26 s
2026-01-04 06:15:16.129567: 
2026-01-04 06:15:16.132968: Epoch 116
2026-01-04 06:15:16.135420: Current learning rate: 6e-05
2026-01-04 06:16:18.902764: train_loss 0.6824
2026-01-04 06:16:18.909080: val_loss 0.7111
2026-01-04 06:16:18.912791: val classification accuracy 0.5208
2026-01-04 06:16:18.916150: val auc 0.4748
2026-01-04 06:16:18.919420: Epoch time: 62.77 s
2026-01-04 06:16:19.674589: 
2026-01-04 06:16:19.678088: Epoch 117
2026-01-04 06:16:19.680552: Current learning rate: 6e-05
2026-01-04 06:17:23.532473: train_loss 0.6994
2026-01-04 06:17:23.537336: val_loss 0.7291
2026-01-04 06:17:23.540554: val classification accuracy 0.5
2026-01-04 06:17:23.543682: val auc 0.5043
2026-01-04 06:17:23.547005: Epoch time: 63.86 s
2026-01-04 06:17:24.295871: 
2026-01-04 06:17:24.299678: Epoch 118
2026-01-04 06:17:24.302923: Current learning rate: 6e-05
2026-01-04 06:18:28.242607: train_loss 0.7043
2026-01-04 06:18:28.247396: val_loss 0.6825
2026-01-04 06:18:28.250733: val classification accuracy 0.5625
2026-01-04 06:18:28.253832: val auc 0.5946
2026-01-04 06:18:28.257088: Epoch time: 63.95 s
2026-01-04 06:18:29.108795: 
2026-01-04 06:18:29.112671: Epoch 119
2026-01-04 06:18:29.115479: Current learning rate: 6e-05
2026-01-04 06:19:33.081370: train_loss 0.6685
2026-01-04 06:19:33.087227: val_loss 0.7302
2026-01-04 06:19:33.091132: val classification accuracy 0.4792
2026-01-04 06:19:33.094766: val auc 0.4002
2026-01-04 06:19:33.098569: Epoch time: 63.97 s
2026-01-04 06:19:33.834063: 
2026-01-04 06:19:33.837731: Epoch 120
2026-01-04 06:19:33.840353: Current learning rate: 6e-05
2026-01-04 06:20:38.881857: train_loss 0.7109
2026-01-04 06:20:38.891578: val_loss 0.7266
2026-01-04 06:20:38.895288: val classification accuracy 0.4167
2026-01-04 06:20:38.899542: val auc 0.4358
2026-01-04 06:20:38.902992: Epoch time: 65.05 s
2026-01-04 06:20:39.660748: 
2026-01-04 06:20:39.664157: Epoch 121
2026-01-04 06:20:39.666721: Current learning rate: 6e-05
2026-01-04 06:21:44.500756: train_loss 0.6931
2026-01-04 06:21:44.506024: val_loss 0.7112
2026-01-04 06:21:44.508977: val classification accuracy 0.4792
2026-01-04 06:21:44.512676: val auc 0.4878
2026-01-04 06:21:44.515599: Epoch time: 64.84 s
2026-01-04 06:21:45.384206: 
2026-01-04 06:21:45.388055: Epoch 122
2026-01-04 06:21:45.390573: Current learning rate: 6e-05
2026-01-04 06:22:49.398568: train_loss 0.684
2026-01-04 06:22:49.403394: val_loss 0.7548
2026-01-04 06:22:49.406686: val classification accuracy 0.4375
2026-01-04 06:22:49.410143: val auc 0.5191
2026-01-04 06:22:49.413488: Epoch time: 64.02 s
2026-01-04 06:22:50.142023: 
2026-01-04 06:22:50.145855: Epoch 123
2026-01-04 06:22:50.148714: Current learning rate: 6e-05
2026-01-04 06:23:54.958330: train_loss 0.661
2026-01-04 06:23:54.962808: val_loss 0.7555
2026-01-04 06:23:54.965734: val classification accuracy 0.5208
2026-01-04 06:23:54.968761: val auc 0.5399
2026-01-04 06:23:54.971538: Epoch time: 64.82 s
2026-01-04 06:23:55.692922: 
2026-01-04 06:23:55.696176: Epoch 124
2026-01-04 06:23:55.698655: Current learning rate: 6e-05
2026-01-04 06:25:00.678817: train_loss 0.6725
2026-01-04 06:25:00.686423: val_loss 0.8411
2026-01-04 06:25:00.692232: val classification accuracy 0.3333
2026-01-04 06:25:00.696133: val auc 0.309
2026-01-04 06:25:00.699531: Epoch time: 64.99 s
2026-01-04 06:25:01.485536: 
2026-01-04 06:25:01.489117: Epoch 125
2026-01-04 06:25:01.491772: Current learning rate: 6e-05
2026-01-04 06:26:05.809269: train_loss 0.7033
2026-01-04 06:26:05.814437: val_loss 0.6926
2026-01-04 06:26:05.817604: val classification accuracy 0.5208
2026-01-04 06:26:05.820577: val auc 0.5399
2026-01-04 06:26:05.823708: Epoch time: 64.32 s
2026-01-04 06:26:06.569901: 
2026-01-04 06:26:06.573957: Epoch 126
2026-01-04 06:26:06.576632: Current learning rate: 6e-05
2026-01-04 06:27:10.661463: train_loss 0.6636
2026-01-04 06:27:10.683903: val_loss 0.7369
2026-01-04 06:27:10.687252: val classification accuracy 0.6042
2026-01-04 06:27:10.690253: val auc 0.6762
2026-01-04 06:27:10.693283: Epoch time: 64.09 s
2026-01-04 06:27:11.453717: 
2026-01-04 06:27:11.457314: Epoch 127
2026-01-04 06:27:11.460014: Current learning rate: 6e-05
2026-01-04 06:28:16.357712: train_loss 0.7525
2026-01-04 06:28:16.363111: val_loss 0.6991
2026-01-04 06:28:16.366712: val classification accuracy 0.4792
2026-01-04 06:28:16.369921: val auc 0.4748
2026-01-04 06:28:16.373392: Epoch time: 64.91 s
2026-01-04 06:28:17.205224: 
2026-01-04 06:28:17.209135: Epoch 128
2026-01-04 06:28:17.212057: Current learning rate: 6e-05
2026-01-04 06:29:21.686535: train_loss 0.7111
2026-01-04 06:29:21.691075: val_loss 0.7076
2026-01-04 06:29:21.694302: val classification accuracy 0.4792
2026-01-04 06:29:21.697236: val auc 0.4948
2026-01-04 06:29:21.700402: Epoch time: 64.48 s
2026-01-04 06:29:22.452345: 
2026-01-04 06:29:22.456525: Epoch 129
2026-01-04 06:29:22.459400: Current learning rate: 6e-05
2026-01-04 06:30:25.434160: train_loss 0.6984
2026-01-04 06:30:25.438696: val_loss 0.7322
2026-01-04 06:30:25.441757: val classification accuracy 0.5208
2026-01-04 06:30:25.444684: val auc 0.4818
2026-01-04 06:30:25.447748: Epoch time: 62.98 s
2026-01-04 06:30:26.187499: 
2026-01-04 06:30:26.191046: Epoch 130
2026-01-04 06:30:26.193663: Current learning rate: 6e-05
2026-01-04 06:31:30.231787: train_loss 0.7095
2026-01-04 06:31:30.236686: val_loss 0.6686
2026-01-04 06:31:30.239980: val classification accuracy 0.5208
2026-01-04 06:31:30.243206: val auc 0.6736
2026-01-04 06:31:30.246126: Epoch time: 64.05 s
2026-01-04 06:31:30.993966: 
2026-01-04 06:31:30.998118: Epoch 131
2026-01-04 06:31:31.001585: Current learning rate: 6e-05
2026-01-04 06:32:36.505990: train_loss 0.6897
2026-01-04 06:32:36.510546: val_loss 0.7016
2026-01-04 06:32:36.513647: val classification accuracy 0.5
2026-01-04 06:32:36.516510: val auc 0.5295
2026-01-04 06:32:36.519312: Epoch time: 65.51 s
2026-01-04 06:32:37.286691: 
2026-01-04 06:32:37.290205: Epoch 132
2026-01-04 06:32:37.292999: Current learning rate: 6e-05
2026-01-04 06:33:41.895577: train_loss 0.6605
2026-01-04 06:33:41.900260: val_loss 0.7462
2026-01-04 06:33:41.903261: val classification accuracy 0.3958
2026-01-04 06:33:41.908541: val auc 0.4653
2026-01-04 06:33:41.911522: Epoch time: 64.61 s
2026-01-04 06:33:42.654683: 
2026-01-04 06:33:42.658089: Epoch 133
2026-01-04 06:33:42.660754: Current learning rate: 6e-05
2026-01-04 06:34:47.271315: train_loss 0.7198
2026-01-04 06:34:47.275781: val_loss 0.6997
2026-01-04 06:34:47.281930: val classification accuracy 0.5417
2026-01-04 06:34:47.285128: val auc 0.5608
2026-01-04 06:34:47.287935: Epoch time: 64.62 s
2026-01-04 06:34:48.025786: 
2026-01-04 06:34:48.029690: Epoch 134
2026-01-04 06:34:48.032816: Current learning rate: 6e-05
2026-01-04 06:35:53.959753: train_loss 0.7109
2026-01-04 06:35:53.964544: val_loss 0.6859
2026-01-04 06:35:53.967654: val classification accuracy 0.625
2026-01-04 06:35:53.970753: val auc 0.5851
2026-01-04 06:35:53.973694: Epoch time: 65.94 s
2026-01-04 06:35:54.721510: 
2026-01-04 06:35:54.725092: Epoch 135
2026-01-04 06:35:54.727936: Current learning rate: 6e-05
2026-01-04 06:36:58.837960: train_loss 0.6771
2026-01-04 06:36:58.844512: val_loss 0.7441
2026-01-04 06:36:58.848641: val classification accuracy 0.4583
2026-01-04 06:36:58.852625: val auc 0.3906
2026-01-04 06:36:58.856520: Epoch time: 64.12 s
2026-01-04 06:36:59.618094: 
2026-01-04 06:36:59.621497: Epoch 136
2026-01-04 06:36:59.624088: Current learning rate: 6e-05
2026-01-04 06:38:03.505072: train_loss 0.6755
2026-01-04 06:38:03.508970: val_loss 0.717
2026-01-04 06:38:03.511852: val classification accuracy 0.5625
2026-01-04 06:38:03.514410: val auc 0.5226
2026-01-04 06:38:03.516884: Epoch time: 63.89 s
2026-01-04 06:38:04.240393: 
2026-01-04 06:38:04.243629: Epoch 137
2026-01-04 06:38:04.246052: Current learning rate: 6e-05
2026-01-04 06:39:08.574952: train_loss 0.7025
2026-01-04 06:39:08.580505: val_loss 0.7399
2026-01-04 06:39:08.583610: val classification accuracy 0.4167
2026-01-04 06:39:08.586593: val auc 0.4054
2026-01-04 06:39:08.590020: Epoch time: 64.34 s
2026-01-04 06:39:09.341913: 
2026-01-04 06:39:09.345363: Epoch 138
2026-01-04 06:39:09.347975: Current learning rate: 6e-05
2026-01-04 06:40:13.195308: train_loss 0.678
2026-01-04 06:40:13.201524: val_loss 0.6968
2026-01-04 06:40:13.205389: val classification accuracy 0.4792
2026-01-04 06:40:13.208447: val auc 0.5399
2026-01-04 06:40:13.211802: Epoch time: 63.85 s
2026-01-04 06:40:13.931781: 
2026-01-04 06:40:13.935016: Epoch 139
2026-01-04 06:40:13.937457: Current learning rate: 6e-05
2026-01-04 06:41:18.007926: train_loss 0.6814
2026-01-04 06:41:18.012926: val_loss 0.7976
2026-01-04 06:41:18.016431: val classification accuracy 0.4375
2026-01-04 06:41:18.019780: val auc 0.3576
2026-01-04 06:41:18.023605: Epoch time: 64.08 s
2026-01-04 06:41:18.742424: 
2026-01-04 06:41:18.746186: Epoch 140
2026-01-04 06:41:18.749049: Current learning rate: 6e-05
2026-01-04 06:42:22.274869: train_loss 0.6938
2026-01-04 06:42:22.280272: val_loss 0.7322
2026-01-04 06:42:22.283557: val classification accuracy 0.5417
2026-01-04 06:42:22.286631: val auc 0.4722
2026-01-04 06:42:22.289697: Epoch time: 63.53 s
2026-01-04 06:42:23.013022: 
2026-01-04 06:42:23.016705: Epoch 141
2026-01-04 06:42:23.019498: Current learning rate: 6e-05
2026-01-04 06:43:25.841749: train_loss 0.6994
2026-01-04 06:43:25.846101: val_loss 0.7408
2026-01-04 06:43:25.849233: val classification accuracy 0.4583
2026-01-04 06:43:25.852072: val auc 0.4149
2026-01-04 06:43:25.854772: Epoch time: 62.83 s
2026-01-04 06:43:26.573560: 
2026-01-04 06:43:26.576893: Epoch 142
2026-01-04 06:43:26.579463: Current learning rate: 6e-05
2026-01-04 06:44:30.686704: train_loss 0.6935
2026-01-04 06:44:30.691581: val_loss 0.7473
2026-01-04 06:44:30.695008: val classification accuracy 0.4583
2026-01-04 06:44:30.698328: val auc 0.5226
2026-01-04 06:44:30.701424: Epoch time: 64.11 s
2026-01-04 06:44:31.443271: 
2026-01-04 06:44:31.446508: Epoch 143
2026-01-04 06:44:31.449438: Current learning rate: 6e-05
2026-01-04 06:45:36.213907: train_loss 0.6913
2026-01-04 06:45:36.230078: val_loss 0.6881
2026-01-04 06:45:36.233855: val classification accuracy 0.5625
2026-01-04 06:45:36.236883: val auc 0.5686
2026-01-04 06:45:36.240158: Epoch time: 64.77 s
2026-01-04 06:45:36.977416: 
2026-01-04 06:45:36.981263: Epoch 144
2026-01-04 06:45:36.984111: Current learning rate: 6e-05
2026-01-04 06:46:41.384295: train_loss 0.6768
2026-01-04 06:46:41.389238: val_loss 0.6831
2026-01-04 06:46:41.402728: val classification accuracy 0.6667
2026-01-04 06:46:41.406016: val auc 0.6693
2026-01-04 06:46:41.409245: Epoch time: 64.41 s
2026-01-04 06:46:42.172311: 
2026-01-04 06:46:42.176001: Epoch 145
2026-01-04 06:46:42.179101: Current learning rate: 6e-05
2026-01-04 06:47:46.939772: train_loss 0.7003
2026-01-04 06:47:46.944617: val_loss 0.7994
2026-01-04 06:47:46.947993: val classification accuracy 0.4167
2026-01-04 06:47:46.950992: val auc 0.4358
2026-01-04 06:47:46.954230: Epoch time: 64.77 s
2026-01-04 06:47:47.721720: 
2026-01-04 06:47:47.725568: Epoch 146
2026-01-04 06:47:47.728193: Current learning rate: 5e-05
2026-01-04 06:48:52.155934: train_loss 0.7024
2026-01-04 06:48:52.160569: val_loss 0.7389
2026-01-04 06:48:52.163528: val classification accuracy 0.4583
2026-01-04 06:48:52.166637: val auc 0.3976
2026-01-04 06:48:52.169513: Epoch time: 64.44 s
2026-01-04 06:48:52.930132: 
2026-01-04 06:48:52.933903: Epoch 147
2026-01-04 06:48:52.936718: Current learning rate: 5e-05
2026-01-04 06:49:58.212327: train_loss 0.6872
2026-01-04 06:49:58.217189: val_loss 0.7614
2026-01-04 06:49:58.220472: val classification accuracy 0.5
2026-01-04 06:49:58.223512: val auc 0.4271
2026-01-04 06:49:58.226720: Epoch time: 65.28 s
2026-01-04 06:49:58.951128: 
2026-01-04 06:49:58.954980: Epoch 148
2026-01-04 06:49:58.957627: Current learning rate: 5e-05
2026-01-04 06:51:02.966064: train_loss 0.6676
2026-01-04 06:51:02.971233: val_loss 0.8341
2026-01-04 06:51:02.974383: val classification accuracy 0.4583
2026-01-04 06:51:02.977094: val auc 0.4609
2026-01-04 06:51:02.979916: Epoch time: 64.02 s
2026-01-04 06:51:03.780189: 
2026-01-04 06:51:03.783565: Epoch 149
2026-01-04 06:51:03.786163: Current learning rate: 5e-05
2026-01-04 06:52:08.399001: train_loss 0.6856
2026-01-04 06:52:08.413942: val_loss 0.7521
2026-01-04 06:52:08.417617: val classification accuracy 0.5208
2026-01-04 06:52:08.420925: val auc 0.5122
2026-01-04 06:52:08.424337: Epoch time: 64.62 s
2026-01-04 06:52:09.200113: 
2026-01-04 06:52:09.204261: Epoch 150
2026-01-04 06:52:09.207176: Current learning rate: 5e-05
2026-01-04 06:53:14.841467: train_loss 0.6873
2026-01-04 06:53:14.869268: val_loss 0.6846
2026-01-04 06:53:14.883936: val classification accuracy 0.5833
2026-01-04 06:53:14.891104: val auc 0.6042
2026-01-04 06:53:14.897508: Epoch time: 65.64 s
2026-01-04 06:53:15.782365: 
2026-01-04 06:53:15.786263: Epoch 151
2026-01-04 06:53:15.789260: Current learning rate: 5e-05
2026-01-04 06:54:20.583426: train_loss 0.6847
2026-01-04 06:54:20.588729: val_loss 0.7713
2026-01-04 06:54:20.591940: val classification accuracy 0.5
2026-01-04 06:54:20.595671: val auc 0.4332
2026-01-04 06:54:20.598705: Epoch time: 64.8 s
2026-01-04 06:54:21.354541: 
2026-01-04 06:54:21.358235: Epoch 152
2026-01-04 06:54:21.360761: Current learning rate: 5e-05
2026-01-04 06:55:25.171188: train_loss 0.6873
2026-01-04 06:55:25.194958: val_loss 0.7436
2026-01-04 06:55:25.198128: val classification accuracy 0.5417
2026-01-04 06:55:25.201122: val auc 0.5208
2026-01-04 06:55:25.203855: Epoch time: 63.82 s
2026-01-04 06:55:25.964783: 
2026-01-04 06:55:25.968463: Epoch 153
2026-01-04 06:55:25.971138: Current learning rate: 5e-05
2026-01-04 06:56:30.079392: train_loss 0.6755
2026-01-04 06:56:30.100577: val_loss 0.8145
2026-01-04 06:56:30.103986: val classification accuracy 0.4583
2026-01-04 06:56:30.111570: val auc 0.4687
2026-01-04 06:56:30.114852: Epoch time: 64.12 s
2026-01-04 06:56:30.870566: 
2026-01-04 06:56:30.874330: Epoch 154
2026-01-04 06:56:30.877011: Current learning rate: 5e-05
2026-01-04 06:57:34.097386: train_loss 0.6886
2026-01-04 06:57:34.106467: val_loss 0.7388
2026-01-04 06:57:34.112068: val classification accuracy 0.4375
2026-01-04 06:57:34.117608: val auc 0.3967
2026-01-04 06:57:34.123074: Epoch time: 63.23 s
2026-01-04 06:57:34.981210: 
2026-01-04 06:57:34.985235: Epoch 155
2026-01-04 06:57:34.988275: Current learning rate: 5e-05
2026-01-04 06:58:38.345419: train_loss 0.6732
2026-01-04 06:58:38.351006: val_loss 0.7767
2026-01-04 06:58:38.354030: val classification accuracy 0.3542
2026-01-04 06:58:38.356868: val auc 0.3559
2026-01-04 06:58:38.360095: Epoch time: 63.37 s
2026-01-04 06:58:39.110723: 
2026-01-04 06:58:39.114043: Epoch 156
2026-01-04 06:58:39.116731: Current learning rate: 5e-05
2026-01-04 06:59:43.783603: train_loss 0.6889
2026-01-04 06:59:43.815991: val_loss 0.695
2026-01-04 06:59:43.819808: val classification accuracy 0.4583
2026-01-04 06:59:43.823842: val auc 0.5122
2026-01-04 06:59:43.827236: Epoch time: 64.67 s
2026-01-04 06:59:44.580250: 
2026-01-04 06:59:44.583945: Epoch 157
2026-01-04 06:59:44.586817: Current learning rate: 5e-05
2026-01-04 07:00:50.069563: train_loss 0.6797
2026-01-04 07:00:50.077466: val_loss 0.7207
2026-01-04 07:00:50.080935: val classification accuracy 0.5
2026-01-04 07:00:50.083978: val auc 0.5312
2026-01-04 07:00:50.087065: Epoch time: 65.49 s
2026-01-04 07:00:50.846086: 
2026-01-04 07:00:50.849576: Epoch 158
2026-01-04 07:00:50.852513: Current learning rate: 5e-05
2026-01-04 07:01:53.014501: train_loss 0.6836
2026-01-04 07:01:53.019455: val_loss 0.6877
2026-01-04 07:01:53.022799: val classification accuracy 0.5417
2026-01-04 07:01:53.026166: val auc 0.5842
2026-01-04 07:01:53.029388: Epoch time: 62.17 s
2026-01-04 07:01:53.758678: 
2026-01-04 07:01:53.762280: Epoch 159
2026-01-04 07:01:53.764934: Current learning rate: 5e-05
2026-01-04 07:02:56.937257: train_loss 0.7032
2026-01-04 07:02:56.942799: val_loss 0.711
2026-01-04 07:02:56.946207: val classification accuracy 0.4167
2026-01-04 07:02:56.949371: val auc 0.4844
2026-01-04 07:02:56.952465: Epoch time: 63.18 s
2026-01-04 07:02:57.729119: 
2026-01-04 07:02:57.732843: Epoch 160
2026-01-04 07:02:57.735443: Current learning rate: 5e-05
2026-01-04 07:04:01.085111: train_loss 0.6845
2026-01-04 07:04:01.089706: val_loss 0.8212
2026-01-04 07:04:01.092784: val classification accuracy 0.4375
2026-01-04 07:04:01.095908: val auc 0.3733
2026-01-04 07:04:01.098711: Epoch time: 63.36 s
2026-01-04 07:04:01.844195: 
2026-01-04 07:04:01.848013: Epoch 161
2026-01-04 07:04:01.850633: Current learning rate: 5e-05
2026-01-04 07:05:06.043941: train_loss 0.6909
2026-01-04 07:05:06.048952: val_loss 0.705
2026-01-04 07:05:06.052286: val classification accuracy 0.5208
2026-01-04 07:05:06.055317: val auc 0.5304
2026-01-04 07:05:06.058661: Epoch time: 64.2 s
2026-01-04 07:05:06.804257: 
2026-01-04 07:05:06.807977: Epoch 162
2026-01-04 07:05:06.811029: Current learning rate: 5e-05
2026-01-04 07:06:09.537474: train_loss 0.6867
2026-01-04 07:06:09.542640: val_loss 0.7441
2026-01-04 07:06:09.545901: val classification accuracy 0.4583
2026-01-04 07:06:09.549176: val auc 0.4323
2026-01-04 07:06:09.552283: Epoch time: 62.73 s
2026-01-04 07:06:10.274740: 
2026-01-04 07:06:10.278633: Epoch 163
2026-01-04 07:06:10.281778: Current learning rate: 5e-05
2026-01-04 07:07:13.961655: train_loss 0.685
2026-01-04 07:07:13.967124: val_loss 0.7179
2026-01-04 07:07:13.970360: val classification accuracy 0.4792
2026-01-04 07:07:13.973626: val auc 0.4826
2026-01-04 07:07:13.976713: Epoch time: 63.69 s
2026-01-04 07:07:14.734388: 
2026-01-04 07:07:14.738416: Epoch 164
2026-01-04 07:07:14.741524: Current learning rate: 5e-05
2026-01-04 07:08:19.160166: train_loss 0.6901
2026-01-04 07:08:19.165408: val_loss 0.7311
2026-01-04 07:08:19.168592: val classification accuracy 0.5208
2026-01-04 07:08:19.171585: val auc 0.4497
2026-01-04 07:08:19.175095: Epoch time: 64.43 s
2026-01-04 07:08:19.949912: 
2026-01-04 07:08:19.953496: Epoch 165
2026-01-04 07:08:19.956212: Current learning rate: 5e-05
2026-01-04 07:09:24.344530: train_loss 0.6835
2026-01-04 07:09:24.353263: val_loss 0.725
2026-01-04 07:09:24.360089: val classification accuracy 0.4375
2026-01-04 07:09:24.365393: val auc 0.3984
2026-01-04 07:09:24.370452: Epoch time: 64.4 s
2026-01-04 07:09:25.145856: 
2026-01-04 07:09:25.149400: Epoch 166
2026-01-04 07:09:25.152319: Current learning rate: 5e-05
2026-01-04 07:10:28.480810: train_loss 0.684
2026-01-04 07:10:28.485868: val_loss 0.721
2026-01-04 07:10:28.488646: val classification accuracy 0.5833
2026-01-04 07:10:28.491594: val auc 0.5069
2026-01-04 07:10:28.494573: Epoch time: 63.34 s
2026-01-04 07:10:29.245788: 
2026-01-04 07:10:29.249295: Epoch 167
2026-01-04 07:10:29.252126: Current learning rate: 5e-05
2026-01-04 07:11:32.218201: train_loss 0.6978
2026-01-04 07:11:32.223241: val_loss 0.7262
2026-01-04 07:11:32.226231: val classification accuracy 0.4792
2026-01-04 07:11:32.229304: val auc 0.4844
2026-01-04 07:11:32.232485: Epoch time: 62.97 s
2026-01-04 07:11:32.999787: 
2026-01-04 07:11:33.003713: Epoch 168
2026-01-04 07:11:33.006383: Current learning rate: 5e-05
2026-01-04 07:12:37.767580: train_loss 0.666
2026-01-04 07:12:37.773637: val_loss 0.7856
2026-01-04 07:12:37.777285: val classification accuracy 0.6458
2026-01-04 07:12:37.780661: val auc 0.6233
2026-01-04 07:12:37.783828: Epoch time: 64.77 s
2026-01-04 07:12:38.588045: 
2026-01-04 07:12:38.591572: Epoch 169
2026-01-04 07:12:38.594548: Current learning rate: 5e-05
2026-01-04 07:13:42.872639: train_loss 0.6948
2026-01-04 07:13:42.878730: val_loss 0.7067
2026-01-04 07:13:42.881985: val classification accuracy 0.4792
2026-01-04 07:13:42.885345: val auc 0.4948
2026-01-04 07:13:42.888793: Epoch time: 64.29 s
2026-01-04 07:13:43.636294: 
2026-01-04 07:13:43.640306: Epoch 170
2026-01-04 07:13:43.643284: Current learning rate: 5e-05
2026-01-04 07:14:47.176921: train_loss 0.6844
2026-01-04 07:14:47.183816: val_loss 0.8249
2026-01-04 07:14:47.187402: val classification accuracy 0.5
2026-01-04 07:14:47.190834: val auc 0.4748
2026-01-04 07:14:47.194135: Epoch time: 63.54 s
2026-01-04 07:14:47.950953: 
2026-01-04 07:14:47.954724: Epoch 171
2026-01-04 07:14:47.957548: Current learning rate: 5e-05
2026-01-04 07:15:52.538847: train_loss 0.663
2026-01-04 07:15:52.544110: val_loss 0.7436
2026-01-04 07:15:52.547471: val classification accuracy 0.5625
2026-01-04 07:15:52.551570: val auc 0.4601
2026-01-04 07:15:52.555099: Epoch time: 64.59 s
2026-01-04 07:15:53.327207: 
2026-01-04 07:15:53.331184: Epoch 172
2026-01-04 07:15:53.333937: Current learning rate: 5e-05
2026-01-04 07:16:57.672522: train_loss 0.6908
2026-01-04 07:16:57.677478: val_loss 0.7845
2026-01-04 07:16:57.680799: val classification accuracy 0.375
2026-01-04 07:16:57.683760: val auc 0.3542
2026-01-04 07:16:57.686704: Epoch time: 64.35 s
2026-01-04 07:16:58.434716: 
2026-01-04 07:16:58.439533: Epoch 173
2026-01-04 07:16:58.443357: Current learning rate: 5e-05
2026-01-04 07:18:02.581836: train_loss 0.6665
2026-01-04 07:18:02.613017: val_loss 0.6793
2026-01-04 07:18:02.636309: val classification accuracy 0.5833
2026-01-04 07:18:02.660778: val auc 0.6146
2026-01-04 07:18:02.684028: Epoch time: 64.15 s
2026-01-04 07:18:03.476327: 
2026-01-04 07:18:03.479896: Epoch 174
2026-01-04 07:18:03.482615: Current learning rate: 5e-05
2026-01-04 07:19:07.312553: train_loss 0.674
2026-01-04 07:19:07.319202: val_loss 0.6913
2026-01-04 07:19:07.323512: val classification accuracy 0.5417
2026-01-04 07:19:07.327496: val auc 0.5365
2026-01-04 07:19:07.331202: Epoch time: 63.84 s
2026-01-04 07:19:08.078641: 
2026-01-04 07:19:08.082532: Epoch 175
2026-01-04 07:19:08.085587: Current learning rate: 5e-05
2026-01-04 07:20:12.308952: train_loss 0.6735
2026-01-04 07:20:12.316899: val_loss 0.7321
2026-01-04 07:20:12.322031: val classification accuracy 0.5833
2026-01-04 07:20:12.326507: val auc 0.5365
2026-01-04 07:20:12.330740: Epoch time: 64.23 s
2026-01-04 07:20:13.095551: 
2026-01-04 07:20:13.099363: Epoch 176
2026-01-04 07:20:13.102087: Current learning rate: 5e-05
2026-01-04 07:21:16.653836: train_loss 0.676
2026-01-04 07:21:16.658962: val_loss 0.7426
2026-01-04 07:21:16.662064: val classification accuracy 0.4792
2026-01-04 07:21:16.664924: val auc 0.4523
2026-01-04 07:21:16.667755: Epoch time: 63.56 s
2026-01-04 07:21:17.398710: 
2026-01-04 07:21:17.402385: Epoch 177
2026-01-04 07:21:17.405179: Current learning rate: 4e-05
2026-01-04 07:22:21.028232: train_loss 0.6839
2026-01-04 07:22:21.033943: val_loss 0.7609
2026-01-04 07:22:21.037402: val classification accuracy 0.5
2026-01-04 07:22:21.040971: val auc 0.355
2026-01-04 07:22:21.044169: Epoch time: 63.63 s
2026-01-04 07:22:21.774568: 
2026-01-04 07:22:21.778352: Epoch 178
2026-01-04 07:22:21.781037: Current learning rate: 4e-05
2026-01-04 07:23:25.823246: train_loss 0.6815
2026-01-04 07:23:25.829074: val_loss 0.72
2026-01-04 07:23:25.832315: val classification accuracy 0.4792
2026-01-04 07:23:25.835597: val auc 0.5547
2026-01-04 07:23:25.838615: Epoch time: 64.05 s
2026-01-04 07:23:26.590760: 
2026-01-04 07:23:26.594697: Epoch 179
2026-01-04 07:23:26.598243: Current learning rate: 4e-05
2026-01-04 07:24:31.411011: train_loss 0.6803
2026-01-04 07:24:31.415967: val_loss 0.7304
2026-01-04 07:24:31.419442: val classification accuracy 0.4583
2026-01-04 07:24:31.422386: val auc 0.474
2026-01-04 07:24:31.425267: Epoch time: 64.82 s
2026-01-04 07:24:32.121457: 
2026-01-04 07:24:32.125065: Epoch 180
2026-01-04 07:24:32.127816: Current learning rate: 4e-05
2026-01-04 07:25:35.346682: train_loss 0.6863
2026-01-04 07:25:35.352569: val_loss 0.7054
2026-01-04 07:25:35.360403: val classification accuracy 0.5833
2026-01-04 07:25:35.363757: val auc 0.566
2026-01-04 07:25:35.367202: Epoch time: 63.23 s
2026-01-04 07:25:36.111495: 
2026-01-04 07:25:36.115144: Epoch 181
2026-01-04 07:25:36.117994: Current learning rate: 4e-05
2026-01-04 07:26:40.140769: train_loss 0.6815
2026-01-04 07:26:40.145679: val_loss 0.6907
2026-01-04 07:26:40.148926: val classification accuracy 0.5625
2026-01-04 07:26:40.151869: val auc 0.5712
2026-01-04 07:26:40.154967: Epoch time: 64.03 s
2026-01-04 07:26:40.157685: Early stopping triggered at epoch 181. Best val_losses=0.6498
2026-01-04 07:26:40.891629: Stopping training early due to early stopping criterion.
2026-01-04 07:26:43.220774: Training done.
2026-01-04 07:26:43.226370: Skipping perform_actual_validation for classification trainer (segmentation-style sliding window is not applicable).
[1;34mwandb[0m: 
[1;34mwandb[0m:  View run [33mSwinViTTrainer_ep300_NoMirroring_x2_fold6[0m at: [34m[0m
[1;34mwandb[0m: Find logs at: [1;35m../../tmp/wandb/wandb/run-20260104_040817-q93bsrgx/logs[0m
