Using device: cuda:0

#######################################################################
Please cite the following paper when using nnU-Net:
Isensee, F., Jaeger, P. F., Kohl, S. A., Petersen, J., & Maier-Hein, K. H. (2021). nnU-Net: a self-configuring method for deep learning-based biomedical image segmentation. Nature methods, 18(2), 203-211.
#######################################################################

2026-01-04 01:21:59.349826: Using torch.compile...
2026-01-04 01:22:04.221152: do_dummy_2d_data_aug: False
2026-01-04 01:22:04.224733: Using splits from existing split file: /hpf/projects/jquon/sumin/nnUNet_data/nnUNet_preprocessed/Dataset033_AVM_T1+C/splits_final.json
2026-01-04 01:22:04.228193: The split file contains 11 splits.
2026-01-04 01:22:04.230225: Desired fold for training: 4
2026-01-04 01:22:04.231953: This split has 470 training and 42 validation cases.
using pin_memory on device 0
using pin_memory on device 0

This is the configuration used by this training:
Configuration name: 3d_fullres
 {'data_identifier': 'nnUNetPlans_3d_fullres', 'preprocessor_name': 'DefaultPreprocessor', 'batch_size': 2, 'patch_size': [160, 224, 192], 'median_image_size_in_voxels': [344.0, 448.0, 429.0], 'spacing': [0.500000923871994, 0.4910714328289032, 0.4910714328289032], 'normalization_schemes': ['ZScoreNormalization'], 'use_mask_for_norm': [False], 'resampling_fn_data': 'resample_data_or_seg_to_shape', 'resampling_fn_seg': 'resample_data_or_seg_to_shape', 'resampling_fn_data_kwargs': {'is_seg': False, 'order': 3, 'order_z': 0, 'force_separate_z': None}, 'resampling_fn_seg_kwargs': {'is_seg': True, 'order': 1, 'order_z': 0, 'force_separate_z': None}, 'resampling_fn_probabilities': 'resample_data_or_seg_to_shape', 'resampling_fn_probabilities_kwargs': {'is_seg': False, 'order': 1, 'order_z': 0, 'force_separate_z': None}, 'architecture': {'network_class_name': 'dynamic_network_architectures.architectures.unet.ResidualEncoderUNet', 'arch_kwargs': {'n_stages': 6, 'features_per_stage': [32, 64, 128, 256, 320, 320], 'conv_op': 'torch.nn.modules.conv.Conv3d', 'kernel_sizes': [[3, 3, 3], [3, 3, 3], [3, 3, 3], [3, 3, 3], [3, 3, 3], [3, 3, 3]], 'strides': [[1, 1, 1], [2, 2, 2], [2, 2, 2], [2, 2, 2], [2, 2, 2], [2, 2, 2]], 'n_blocks_per_stage': [1, 3, 4, 6, 6, 6], 'n_conv_per_stage_decoder': [1, 1, 1, 1, 1], 'conv_bias': True, 'norm_op': 'torch.nn.modules.instancenorm.InstanceNorm3d', 'norm_op_kwargs': {'eps': 1e-05, 'affine': True}, 'dropout_op': None, 'dropout_op_kwargs': None, 'nonlin': 'torch.nn.LeakyReLU', 'nonlin_kwargs': {'inplace': True}}, '_kw_requires_import': ['conv_op', 'norm_op', 'dropout_op', 'nonlin']}, 'batch_dice': True} 

These are the global plan.json settings:
 {'dataset_name': 'Dataset033_AVM_T1+C', 'plans_name': 'nnUNetResEncUNetLPlans', 'original_median_spacing_after_transp': [0.500000923871994, 0.4910714328289032, 0.4910714328289032], 'original_median_shape_after_transp': [330, 448, 424], 'image_reader_writer': 'SimpleITKIO', 'transpose_forward': [0, 1, 2], 'transpose_backward': [0, 1, 2], 'experiment_planner_used': 'nnUNetPlannerResEncL', 'label_manager': 'LabelManager', 'foreground_intensity_properties_per_channel': {'0': {'max': 12113.0, 'mean': 449.843505859375, 'median': 311.0, 'min': 0.0, 'percentile_00_5': 34.0, 'percentile_99_5': 3202.0, 'std': 471.56329345703125}}} 

2026-01-04 01:22:07.039313: Unable to plot network architecture: nnUNet_compile is enabled!
2026-01-04 01:22:07.064293: 
2026-01-04 01:22:07.068568: Epoch 0
2026-01-04 01:22:07.103053: Current learning rate: 0.0001
2026-01-04 01:23:57.837902: train_loss 0.7603
2026-01-04 01:23:57.841607: val_loss 0.7269
2026-01-04 01:23:57.843783: val classification accuracy 0.5952
2026-01-04 01:23:57.848784: val auc 0.5238
2026-01-04 01:23:57.851343: Epoch time: 110.78 s
2026-01-04 01:23:57.853267: Yayy! New best EMA pseudo Dice: 0.5238
2026-01-04 01:23:59.839900: Yayy! New best classification accuracy: 0.5952
2026-01-04 01:24:02.203696: 
2026-01-04 01:24:02.206760: Epoch 1
2026-01-04 01:24:02.208695: Current learning rate: 0.0001
2026-01-04 01:25:06.766562: train_loss 0.7343
2026-01-04 01:25:06.773333: val_loss 0.7298
2026-01-04 01:25:06.776101: val classification accuracy 0.5238
2026-01-04 01:25:06.779158: val auc 0.4683
2026-01-04 01:25:06.782134: Epoch time: 64.56 s
2026-01-04 01:25:07.552807: 
2026-01-04 01:25:07.555793: Epoch 2
2026-01-04 01:25:07.558271: Current learning rate: 0.0001
2026-01-04 01:26:11.666999: train_loss 0.7376
2026-01-04 01:26:11.671324: val_loss 0.7733
2026-01-04 01:26:11.674253: val classification accuracy 0.4524
2026-01-04 01:26:11.676829: val auc 0.3299
2026-01-04 01:26:11.679310: Epoch time: 64.12 s
2026-01-04 01:26:12.408906: 
2026-01-04 01:26:12.412421: Epoch 3
2026-01-04 01:26:12.414763: Current learning rate: 0.0001
2026-01-04 01:27:15.170418: train_loss 0.728
2026-01-04 01:27:15.174693: val_loss 0.8289
2026-01-04 01:27:15.177198: val classification accuracy 0.4762
2026-01-04 01:27:15.180248: val auc 0.4467
2026-01-04 01:27:15.183024: Epoch time: 62.76 s
2026-01-04 01:27:16.692610: 
2026-01-04 01:27:16.696056: Epoch 4
2026-01-04 01:27:16.698109: Current learning rate: 0.0001
2026-01-04 01:28:20.311843: train_loss 0.7162
2026-01-04 01:28:20.315685: val_loss 0.663
2026-01-04 01:28:20.317977: val classification accuracy 0.5714
2026-01-04 01:28:20.320110: val auc 0.7732
2026-01-04 01:28:20.322519: Epoch time: 63.62 s
2026-01-04 01:28:20.324594: Yayy! New best EMA pseudo Dice: 0.7732
2026-01-04 01:28:23.517734: 
2026-01-04 01:28:23.522074: Epoch 5
2026-01-04 01:28:23.525168: Current learning rate: 0.0001
2026-01-04 01:29:27.269772: train_loss 0.7444
2026-01-04 01:29:27.273331: val_loss 0.7317
2026-01-04 01:29:27.275802: val classification accuracy 0.5238
2026-01-04 01:29:27.278301: val auc 0.576
2026-01-04 01:29:27.280661: Epoch time: 63.75 s
2026-01-04 01:29:28.048313: 
2026-01-04 01:29:28.051333: Epoch 6
2026-01-04 01:29:28.053361: Current learning rate: 0.0001
2026-01-04 01:30:32.141861: train_loss 0.7393
2026-01-04 01:30:32.146557: val_loss 0.7537
2026-01-04 01:30:32.148988: val classification accuracy 0.3571
2026-01-04 01:30:32.151280: val auc 0.4104
2026-01-04 01:30:32.153479: Epoch time: 64.09 s
2026-01-04 01:30:32.915063: 
2026-01-04 01:30:32.917670: Epoch 7
2026-01-04 01:30:32.919415: Current learning rate: 0.0001
2026-01-04 01:31:36.359645: train_loss 0.7071
2026-01-04 01:31:36.371059: val_loss 0.7293
2026-01-04 01:31:36.373717: val classification accuracy 0.4762
2026-01-04 01:31:36.376165: val auc 0.5578
2026-01-04 01:31:36.378706: Epoch time: 63.45 s
2026-01-04 01:31:37.198195: 
2026-01-04 01:31:37.201121: Epoch 8
2026-01-04 01:31:37.203565: Current learning rate: 0.0001
2026-01-04 01:32:40.943143: train_loss 0.7339
2026-01-04 01:32:40.946974: val_loss 0.7068
2026-01-04 01:32:40.949250: val classification accuracy 0.4286
2026-01-04 01:32:40.951339: val auc 0.4195
2026-01-04 01:32:40.953387: Epoch time: 63.75 s
2026-01-04 01:32:41.768301: 
2026-01-04 01:32:41.771492: Epoch 9
2026-01-04 01:32:41.773959: Current learning rate: 0.0001
2026-01-04 01:33:46.061022: train_loss 0.7169
2026-01-04 01:33:46.064955: val_loss 0.6882
2026-01-04 01:33:46.067317: val classification accuracy 0.5476
2026-01-04 01:33:46.069642: val auc 0.5658
2026-01-04 01:33:46.071811: Epoch time: 64.29 s
2026-01-04 01:33:46.817229: 
2026-01-04 01:33:46.820191: Epoch 10
2026-01-04 01:33:46.822147: Current learning rate: 0.0001
2026-01-04 01:34:51.733110: train_loss 0.7395
2026-01-04 01:34:51.738212: val_loss 0.7313
2026-01-04 01:34:51.740841: val classification accuracy 0.381
2026-01-04 01:34:51.743854: val auc 0.4048
2026-01-04 01:34:51.747161: Epoch time: 64.92 s
2026-01-04 01:34:52.646334: 
2026-01-04 01:34:52.650085: Epoch 11
2026-01-04 01:34:52.652697: Current learning rate: 0.0001
2026-01-04 01:35:57.041743: train_loss 0.7446
2026-01-04 01:35:57.046512: val_loss 0.7113
2026-01-04 01:35:57.049269: val classification accuracy 0.4524
2026-01-04 01:35:57.052362: val auc 0.458
2026-01-04 01:35:57.055318: Epoch time: 64.4 s
2026-01-04 01:35:57.776790: 
2026-01-04 01:35:57.780153: Epoch 12
2026-01-04 01:35:57.782569: Current learning rate: 0.0001
2026-01-04 01:37:01.182605: train_loss 0.7242
2026-01-04 01:37:01.187624: val_loss 0.695
2026-01-04 01:37:01.190375: val classification accuracy 0.6429
2026-01-04 01:37:01.193214: val auc 0.585
2026-01-04 01:37:01.196087: Epoch time: 63.41 s
2026-01-04 01:37:01.198619: Yayy! New best classification accuracy: 0.6429
2026-01-04 01:37:04.200194: 
2026-01-04 01:37:04.203779: Epoch 13
2026-01-04 01:37:04.206321: Current learning rate: 0.0001
2026-01-04 01:38:08.619582: train_loss 0.7174
2026-01-04 01:38:08.627746: val_loss 0.7268
2026-01-04 01:38:08.635323: val classification accuracy 0.4286
2026-01-04 01:38:08.640280: val auc 0.4229
2026-01-04 01:38:08.644373: Epoch time: 64.42 s
2026-01-04 01:38:09.370160: 
2026-01-04 01:38:09.373508: Epoch 14
2026-01-04 01:38:09.376076: Current learning rate: 0.0001
2026-01-04 01:39:14.232094: train_loss 0.7679
2026-01-04 01:39:14.236949: val_loss 0.6909
2026-01-04 01:39:14.240024: val classification accuracy 0.5476
2026-01-04 01:39:14.243270: val auc 0.5612
2026-01-04 01:39:14.248043: Epoch time: 64.86 s
2026-01-04 01:39:15.015409: 
2026-01-04 01:39:15.019341: Epoch 15
2026-01-04 01:39:15.021890: Current learning rate: 0.0001
2026-01-04 01:40:17.977380: train_loss 0.7768
2026-01-04 01:40:17.981480: val_loss 0.7323
2026-01-04 01:40:17.984690: val classification accuracy 0.381
2026-01-04 01:40:17.987501: val auc 0.3073
2026-01-04 01:40:17.990217: Epoch time: 62.96 s
2026-01-04 01:40:18.725597: 
2026-01-04 01:40:18.729263: Epoch 16
2026-01-04 01:40:18.731827: Current learning rate: 0.0001
2026-01-04 01:41:22.194865: train_loss 0.7431
2026-01-04 01:41:22.200607: val_loss 0.6809
2026-01-04 01:41:22.203683: val classification accuracy 0.5714
2026-01-04 01:41:22.206565: val auc 0.5771
2026-01-04 01:41:22.209436: Epoch time: 63.47 s
2026-01-04 01:41:22.958450: 
2026-01-04 01:41:22.961944: Epoch 17
2026-01-04 01:41:22.964372: Current learning rate: 9e-05
2026-01-04 01:42:27.738463: train_loss 0.7163
2026-01-04 01:42:27.744267: val_loss 0.6996
2026-01-04 01:42:27.747696: val classification accuracy 0.4048
2026-01-04 01:42:27.750910: val auc 0.3934
2026-01-04 01:42:27.754246: Epoch time: 64.78 s
2026-01-04 01:42:28.502183: 
2026-01-04 01:42:28.506186: Epoch 18
2026-01-04 01:42:28.509023: Current learning rate: 9e-05
2026-01-04 01:43:32.957524: train_loss 0.6966
2026-01-04 01:43:32.962275: val_loss 0.7353
2026-01-04 01:43:32.964995: val classification accuracy 0.5238
2026-01-04 01:43:32.967871: val auc 0.4909
2026-01-04 01:43:32.970849: Epoch time: 64.46 s
2026-01-04 01:43:33.717330: 
2026-01-04 01:43:33.720927: Epoch 19
2026-01-04 01:43:33.723457: Current learning rate: 9e-05
2026-01-04 01:44:37.507745: train_loss 0.735
2026-01-04 01:44:37.522644: val_loss 0.8379
2026-01-04 01:44:37.527163: val classification accuracy 0.4286
2026-01-04 01:44:37.530103: val auc 0.3855
2026-01-04 01:44:37.532706: Epoch time: 63.79 s
2026-01-04 01:44:39.635198: Saved periodic checkpoint /hpf/projects/jquon/sumin/nnUNet_data/nnUNet_results/Dataset033_AVM_T1+C/SwinViTTrainer_ep300_NoMirroring_x2__nnUNetResEncUNetLPlans__3d_fullres/fold_4/checkpoint_every20_best_balacc.pth at epoch 19 with val_balanced_accuracy=0.4286
2026-01-04 01:44:40.950120: Saved periodic checkpoint /hpf/projects/jquon/sumin/nnUNet_data/nnUNet_results/Dataset033_AVM_T1+C/SwinViTTrainer_ep300_NoMirroring_x2__nnUNetResEncUNetLPlans__3d_fullres/fold_4/checkpoint_every20_best_auroc.pth at epoch 19 with val_auc=0.3855
2026-01-04 01:44:42.438206: 
2026-01-04 01:44:42.441828: Epoch 20
2026-01-04 01:44:42.444161: Current learning rate: 9e-05
2026-01-04 01:45:45.820252: train_loss 0.7551
2026-01-04 01:45:45.825676: val_loss 0.7234
2026-01-04 01:45:45.828616: val classification accuracy 0.4286
2026-01-04 01:45:45.831388: val auc 0.3991
2026-01-04 01:45:45.834070: Epoch time: 63.38 s
2026-01-04 01:45:46.574958: 
2026-01-04 01:45:46.579118: Epoch 21
2026-01-04 01:45:46.581708: Current learning rate: 9e-05
2026-01-04 01:46:50.268597: train_loss 0.7193
2026-01-04 01:46:50.274096: val_loss 0.6919
2026-01-04 01:46:50.277188: val classification accuracy 0.4286
2026-01-04 01:46:50.280482: val auc 0.5556
2026-01-04 01:46:50.283762: Epoch time: 63.69 s
2026-01-04 01:46:51.056676: 
2026-01-04 01:46:51.060555: Epoch 22
2026-01-04 01:46:51.063184: Current learning rate: 9e-05
2026-01-04 01:47:55.070833: train_loss 0.7058
2026-01-04 01:47:55.076502: val_loss 0.7055
2026-01-04 01:47:55.079324: val classification accuracy 0.3571
2026-01-04 01:47:55.082105: val auc 0.3934
2026-01-04 01:47:55.084710: Epoch time: 64.02 s
2026-01-04 01:47:55.802800: 
2026-01-04 01:47:55.806261: Epoch 23
2026-01-04 01:47:55.808745: Current learning rate: 9e-05
2026-01-04 01:48:58.824380: train_loss 0.707
2026-01-04 01:48:58.828643: val_loss 0.6867
2026-01-04 01:48:58.831425: val classification accuracy 0.5238
2026-01-04 01:48:58.834301: val auc 0.5578
2026-01-04 01:48:58.837269: Epoch time: 63.02 s
2026-01-04 01:48:59.544055: 
2026-01-04 01:48:59.547432: Epoch 24
2026-01-04 01:48:59.550092: Current learning rate: 9e-05
2026-01-04 01:50:04.182085: train_loss 0.6924
2026-01-04 01:50:04.186499: val_loss 0.7048
2026-01-04 01:50:04.189369: val classification accuracy 0.5238
2026-01-04 01:50:04.192040: val auc 0.483
2026-01-04 01:50:04.194683: Epoch time: 64.64 s
2026-01-04 01:50:05.001461: 
2026-01-04 01:50:05.004926: Epoch 25
2026-01-04 01:50:05.007623: Current learning rate: 9e-05
2026-01-04 01:51:08.461320: train_loss 0.7132
2026-01-04 01:51:08.466841: val_loss 0.752
2026-01-04 01:51:08.469721: val classification accuracy 0.4048
2026-01-04 01:51:08.472692: val auc 0.4649
2026-01-04 01:51:08.475646: Epoch time: 63.46 s
2026-01-04 01:51:09.217830: 
2026-01-04 01:51:09.221411: Epoch 26
2026-01-04 01:51:09.224072: Current learning rate: 9e-05
2026-01-04 01:52:13.681713: train_loss 0.7315
2026-01-04 01:52:13.686489: val_loss 0.6793
2026-01-04 01:52:13.689277: val classification accuracy 0.5952
2026-01-04 01:52:13.692111: val auc 0.7245
2026-01-04 01:52:13.695297: Epoch time: 64.47 s
2026-01-04 01:52:14.427536: 
2026-01-04 01:52:14.430751: Epoch 27
2026-01-04 01:52:14.434244: Current learning rate: 9e-05
2026-01-04 01:53:18.783276: train_loss 0.7054
2026-01-04 01:53:18.793827: val_loss 0.6732
2026-01-04 01:53:18.797399: val classification accuracy 0.619
2026-01-04 01:53:18.800366: val auc 0.6576
2026-01-04 01:53:18.803613: Epoch time: 64.36 s
2026-01-04 01:53:19.626742: 
2026-01-04 01:53:19.630549: Epoch 28
2026-01-04 01:53:19.633319: Current learning rate: 9e-05
2026-01-04 01:54:22.431855: train_loss 0.7085
2026-01-04 01:54:22.437235: val_loss 0.6871
2026-01-04 01:54:22.440327: val classification accuracy 0.5238
2026-01-04 01:54:22.443097: val auc 0.5533
2026-01-04 01:54:22.446046: Epoch time: 62.81 s
2026-01-04 01:54:23.276837: 
2026-01-04 01:54:23.280353: Epoch 29
2026-01-04 01:54:23.282793: Current learning rate: 9e-05
2026-01-04 01:55:26.475254: train_loss 0.6972
2026-01-04 01:55:26.480445: val_loss 0.6972
2026-01-04 01:55:26.483157: val classification accuracy 0.5714
2026-01-04 01:55:26.485535: val auc 0.5079
2026-01-04 01:55:26.488079: Epoch time: 63.2 s
2026-01-04 01:55:27.268998: 
2026-01-04 01:55:27.272463: Epoch 30
2026-01-04 01:55:27.274698: Current learning rate: 9e-05
2026-01-04 01:56:31.315043: train_loss 0.692
2026-01-04 01:56:31.322183: val_loss 0.7132
2026-01-04 01:56:31.326282: val classification accuracy 0.5
2026-01-04 01:56:31.330231: val auc 0.5181
2026-01-04 01:56:31.333506: Epoch time: 64.05 s
2026-01-04 01:56:32.084180: 
2026-01-04 01:56:32.087353: Epoch 31
2026-01-04 01:56:32.089793: Current learning rate: 9e-05
2026-01-04 01:57:36.896108: train_loss 0.7249
2026-01-04 01:57:36.900499: val_loss 0.6986
2026-01-04 01:57:36.903251: val classification accuracy 0.4286
2026-01-04 01:57:36.906088: val auc 0.4785
2026-01-04 01:57:36.908922: Epoch time: 64.81 s
2026-01-04 01:57:37.643127: 
2026-01-04 01:57:37.646216: Epoch 32
2026-01-04 01:57:37.648718: Current learning rate: 9e-05
2026-01-04 01:58:41.688979: train_loss 0.7007
2026-01-04 01:58:41.694316: val_loss 0.6953
2026-01-04 01:58:41.697751: val classification accuracy 0.5238
2026-01-04 01:58:41.700655: val auc 0.5658
2026-01-04 01:58:41.703438: Epoch time: 64.05 s
2026-01-04 01:58:42.486362: 
2026-01-04 01:58:42.490062: Epoch 33
2026-01-04 01:58:42.492796: Current learning rate: 9e-05
2026-01-04 01:59:46.575378: train_loss 0.7016
2026-01-04 01:59:46.582166: val_loss 0.728
2026-01-04 01:59:46.586306: val classification accuracy 0.4762
2026-01-04 01:59:46.591204: val auc 0.4093
2026-01-04 01:59:46.594912: Epoch time: 64.09 s
2026-01-04 01:59:47.370477: 
2026-01-04 01:59:47.374217: Epoch 34
2026-01-04 01:59:47.376668: Current learning rate: 9e-05
2026-01-04 02:00:53.185615: train_loss 0.7008
2026-01-04 02:00:53.199126: val_loss 0.6549
2026-01-04 02:00:53.204849: val classification accuracy 0.619
2026-01-04 02:00:53.209334: val auc 0.7358
2026-01-04 02:00:53.212567: Epoch time: 65.82 s
2026-01-04 02:00:54.038971: 
2026-01-04 02:00:54.043219: Epoch 35
2026-01-04 02:00:54.046077: Current learning rate: 9e-05
2026-01-04 02:01:58.693860: train_loss 0.6909
2026-01-04 02:01:58.698773: val_loss 0.6145
2026-01-04 02:01:58.701850: val classification accuracy 0.7381
2026-01-04 02:01:58.704566: val auc 0.8583
2026-01-04 02:01:58.707627: Epoch time: 64.66 s
2026-01-04 02:01:58.710420: Yayy! New best EMA pseudo Dice: 0.8583
2026-01-04 02:02:00.916248: Yayy! New best classification accuracy: 0.7381
2026-01-04 02:02:04.054556: 
2026-01-04 02:02:04.057591: Epoch 36
2026-01-04 02:02:04.060021: Current learning rate: 9e-05
2026-01-04 02:03:08.486063: train_loss 0.6983
2026-01-04 02:03:08.490539: val_loss 0.679
2026-01-04 02:03:08.493526: val classification accuracy 0.5238
2026-01-04 02:03:08.496481: val auc 0.6009
2026-01-04 02:03:08.499451: Epoch time: 64.43 s
2026-01-04 02:03:09.219282: 
2026-01-04 02:03:09.222902: Epoch 37
2026-01-04 02:03:09.225582: Current learning rate: 9e-05
2026-01-04 02:04:13.565856: train_loss 0.6876
2026-01-04 02:04:13.570527: val_loss 0.7157
2026-01-04 02:04:13.573608: val classification accuracy 0.5476
2026-01-04 02:04:13.576455: val auc 0.5351
2026-01-04 02:04:13.579363: Epoch time: 64.35 s
2026-01-04 02:04:14.316752: 
2026-01-04 02:04:14.320453: Epoch 38
2026-01-04 02:04:14.323348: Current learning rate: 9e-05
2026-01-04 02:05:18.633615: train_loss 0.7047
2026-01-04 02:05:18.638525: val_loss 0.6849
2026-01-04 02:05:18.641830: val classification accuracy 0.5714
2026-01-04 02:05:18.644789: val auc 0.6009
2026-01-04 02:05:18.647664: Epoch time: 64.32 s
2026-01-04 02:05:19.387359: 
2026-01-04 02:05:19.391136: Epoch 39
2026-01-04 02:05:19.394002: Current learning rate: 9e-05
2026-01-04 02:06:23.611089: train_loss 0.796
2026-01-04 02:06:23.615497: val_loss 0.7093
2026-01-04 02:06:23.618521: val classification accuracy 0.4524
2026-01-04 02:06:23.621600: val auc 0.4762
2026-01-04 02:06:23.624603: Epoch time: 64.22 s
2026-01-04 02:06:25.699561: Saved periodic checkpoint /hpf/projects/jquon/sumin/nnUNet_data/nnUNet_results/Dataset033_AVM_T1+C/SwinViTTrainer_ep300_NoMirroring_x2__nnUNetResEncUNetLPlans__3d_fullres/fold_4/checkpoint_every20_best_balacc.pth at epoch 39 with val_balanced_accuracy=0.4524
2026-01-04 02:06:26.987921: Saved periodic checkpoint /hpf/projects/jquon/sumin/nnUNet_data/nnUNet_results/Dataset033_AVM_T1+C/SwinViTTrainer_ep300_NoMirroring_x2__nnUNetResEncUNetLPlans__3d_fullres/fold_4/checkpoint_every20_best_auroc.pth at epoch 39 with val_auc=0.4762
2026-01-04 02:06:27.715269: 
2026-01-04 02:06:27.718816: Epoch 40
2026-01-04 02:06:27.721338: Current learning rate: 9e-05
2026-01-04 02:07:31.696807: train_loss 0.7606
2026-01-04 02:07:31.701461: val_loss 0.7676
2026-01-04 02:07:31.704163: val classification accuracy 0.5238
2026-01-04 02:07:31.706986: val auc 0.5488
2026-01-04 02:07:31.710168: Epoch time: 63.98 s
2026-01-04 02:07:32.481199: 
2026-01-04 02:07:32.484920: Epoch 41
2026-01-04 02:07:32.487727: Current learning rate: 9e-05
2026-01-04 02:08:34.962564: train_loss 0.7426
2026-01-04 02:08:34.967024: val_loss 0.6849
2026-01-04 02:08:34.970037: val classification accuracy 0.5714
2026-01-04 02:08:34.972964: val auc 0.6122
2026-01-04 02:08:34.975750: Epoch time: 62.48 s
2026-01-04 02:08:35.774015: 
2026-01-04 02:08:35.777236: Epoch 42
2026-01-04 02:08:35.779854: Current learning rate: 9e-05
2026-01-04 02:09:39.524554: train_loss 0.7309
2026-01-04 02:09:39.543771: val_loss 0.7329
2026-01-04 02:09:39.546748: val classification accuracy 0.5476
2026-01-04 02:09:39.549497: val auc 0.4943
2026-01-04 02:09:39.552675: Epoch time: 63.75 s
2026-01-04 02:09:40.284070: 
2026-01-04 02:09:40.287585: Epoch 43
2026-01-04 02:09:40.290090: Current learning rate: 9e-05
2026-01-04 02:10:44.210270: train_loss 0.728
2026-01-04 02:10:44.215037: val_loss 0.6878
2026-01-04 02:10:44.218186: val classification accuracy 0.5714
2026-01-04 02:10:44.220958: val auc 0.5079
2026-01-04 02:10:44.223766: Epoch time: 63.93 s
2026-01-04 02:10:44.991588: 
2026-01-04 02:10:44.995310: Epoch 44
2026-01-04 02:10:44.998194: Current learning rate: 9e-05
2026-01-04 02:11:50.233572: train_loss 0.6991
2026-01-04 02:11:50.238624: val_loss 0.6963
2026-01-04 02:11:50.241740: val classification accuracy 0.4524
2026-01-04 02:11:50.244645: val auc 0.5193
2026-01-04 02:11:50.247443: Epoch time: 65.24 s
2026-01-04 02:11:51.020247: 
2026-01-04 02:11:51.023991: Epoch 45
2026-01-04 02:11:51.026439: Current learning rate: 9e-05
2026-01-04 02:12:55.203119: train_loss 0.6936
2026-01-04 02:12:55.219332: val_loss 0.6913
2026-01-04 02:12:55.222650: val classification accuracy 0.5476
2026-01-04 02:12:55.225567: val auc 0.5034
2026-01-04 02:12:55.228454: Epoch time: 64.18 s
2026-01-04 02:12:55.991046: 
2026-01-04 02:12:55.994672: Epoch 46
2026-01-04 02:12:55.997315: Current learning rate: 9e-05
2026-01-04 02:13:59.799857: train_loss 0.721
2026-01-04 02:13:59.805087: val_loss 0.693
2026-01-04 02:13:59.808132: val classification accuracy 0.6429
2026-01-04 02:13:59.811034: val auc 0.6236
2026-01-04 02:13:59.814378: Epoch time: 63.81 s
2026-01-04 02:14:00.552884: 
2026-01-04 02:14:00.556579: Epoch 47
2026-01-04 02:14:00.559079: Current learning rate: 9e-05
2026-01-04 02:15:05.449408: train_loss 0.6964
2026-01-04 02:15:06.115546: val_loss 0.6382
2026-01-04 02:15:06.118556: val classification accuracy 0.6905
2026-01-04 02:15:06.121175: val auc 0.7256
2026-01-04 02:15:06.124097: Epoch time: 64.9 s
2026-01-04 02:15:06.835732: 
2026-01-04 02:15:06.838765: Epoch 48
2026-01-04 02:15:06.841090: Current learning rate: 9e-05
2026-01-04 02:16:11.138321: train_loss 0.7101
2026-01-04 02:16:11.143235: val_loss 0.6994
2026-01-04 02:16:11.146275: val classification accuracy 0.4524
2026-01-04 02:16:11.149174: val auc 0.3957
2026-01-04 02:16:11.151971: Epoch time: 64.3 s
2026-01-04 02:16:11.871705: 
2026-01-04 02:16:11.875119: Epoch 49
2026-01-04 02:16:11.877544: Current learning rate: 9e-05
2026-01-04 02:17:16.099964: train_loss 0.7082
2026-01-04 02:17:16.105542: val_loss 0.6833
2026-01-04 02:17:16.109018: val classification accuracy 0.5238
2026-01-04 02:17:16.112215: val auc 0.5918
2026-01-04 02:17:16.115461: Epoch time: 64.23 s
2026-01-04 02:17:16.887653: 
2026-01-04 02:17:16.891466: Epoch 50
2026-01-04 02:17:16.894023: Current learning rate: 8e-05
2026-01-04 02:18:21.562482: train_loss 0.7151
2026-01-04 02:18:21.568826: val_loss 0.7122
2026-01-04 02:18:21.573622: val classification accuracy 0.5238
2026-01-04 02:18:21.577488: val auc 0.4705
2026-01-04 02:18:21.581118: Epoch time: 64.68 s
2026-01-04 02:18:22.362454: 
2026-01-04 02:18:22.367844: Epoch 51
2026-01-04 02:18:22.371242: Current learning rate: 8e-05
2026-01-04 02:19:26.874596: train_loss 0.6924
2026-01-04 02:19:26.879554: val_loss 0.6634
2026-01-04 02:19:26.882761: val classification accuracy 0.5952
2026-01-04 02:19:26.885532: val auc 0.7313
2026-01-04 02:19:26.888240: Epoch time: 64.52 s
2026-01-04 02:19:28.499769: 
2026-01-04 02:19:28.502945: Epoch 52
2026-01-04 02:19:28.505443: Current learning rate: 8e-05
2026-01-04 02:20:32.744351: train_loss 0.6832
2026-01-04 02:20:32.748824: val_loss 0.7013
2026-01-04 02:20:32.751631: val classification accuracy 0.4048
2026-01-04 02:20:32.754499: val auc 0.4478
2026-01-04 02:20:32.757472: Epoch time: 64.25 s
2026-01-04 02:20:33.472964: 
2026-01-04 02:20:33.476361: Epoch 53
2026-01-04 02:20:33.478866: Current learning rate: 8e-05
2026-01-04 02:21:37.759843: train_loss 0.6947
2026-01-04 02:21:37.764137: val_loss 0.7002
2026-01-04 02:21:37.766843: val classification accuracy 0.5476
2026-01-04 02:21:37.770005: val auc 0.4592
2026-01-04 02:21:37.772865: Epoch time: 64.29 s
2026-01-04 02:21:38.507808: 
2026-01-04 02:21:38.510951: Epoch 54
2026-01-04 02:21:38.513241: Current learning rate: 8e-05
2026-01-04 02:22:41.785444: train_loss 0.6883
2026-01-04 02:22:41.789717: val_loss 0.6367
2026-01-04 02:22:41.792323: val classification accuracy 0.6667
2026-01-04 02:22:41.795002: val auc 0.7438
2026-01-04 02:22:41.797667: Epoch time: 63.28 s
2026-01-04 02:22:42.551939: 
2026-01-04 02:22:42.555239: Epoch 55
2026-01-04 02:22:42.557894: Current learning rate: 8e-05
2026-01-04 02:23:46.845202: train_loss 0.6909
2026-01-04 02:23:46.849773: val_loss 0.6684
2026-01-04 02:23:46.852499: val classification accuracy 0.5952
2026-01-04 02:23:46.855428: val auc 0.6406
2026-01-04 02:23:46.858302: Epoch time: 64.29 s
2026-01-04 02:23:47.556534: 
2026-01-04 02:23:47.560237: Epoch 56
2026-01-04 02:23:47.562951: Current learning rate: 8e-05
2026-01-04 02:24:51.926338: train_loss 0.6935
2026-01-04 02:24:51.930768: val_loss 0.7233
2026-01-04 02:24:51.935640: val classification accuracy 0.5238
2026-01-04 02:24:51.939066: val auc 0.4739
2026-01-04 02:24:51.941647: Epoch time: 64.37 s
2026-01-04 02:24:52.677320: 
2026-01-04 02:24:52.680547: Epoch 57
2026-01-04 02:24:52.683174: Current learning rate: 8e-05
2026-01-04 02:25:57.313865: train_loss 0.6849
2026-01-04 02:25:57.318956: val_loss 0.7122
2026-01-04 02:25:57.321666: val classification accuracy 0.4524
2026-01-04 02:25:57.324234: val auc 0.3946
2026-01-04 02:25:57.326735: Epoch time: 64.64 s
2026-01-04 02:25:58.054756: 
2026-01-04 02:25:58.058229: Epoch 58
2026-01-04 02:25:58.060937: Current learning rate: 8e-05
2026-01-04 02:27:01.925784: train_loss 0.679
2026-01-04 02:27:01.930139: val_loss 0.6661
2026-01-04 02:27:01.932986: val classification accuracy 0.5
2026-01-04 02:27:01.935543: val auc 0.6667
2026-01-04 02:27:01.938369: Epoch time: 63.87 s
2026-01-04 02:27:02.668586: 
2026-01-04 02:27:02.671716: Epoch 59
2026-01-04 02:27:02.673954: Current learning rate: 8e-05
2026-01-04 02:28:06.332018: train_loss 0.6964
2026-01-04 02:28:06.340326: val_loss 0.6889
2026-01-04 02:28:06.343163: val classification accuracy 0.5476
2026-01-04 02:28:06.345982: val auc 0.5737
2026-01-04 02:28:06.348831: Epoch time: 63.66 s
2026-01-04 02:28:08.465858: Saved periodic checkpoint /hpf/projects/jquon/sumin/nnUNet_data/nnUNet_results/Dataset033_AVM_T1+C/SwinViTTrainer_ep300_NoMirroring_x2__nnUNetResEncUNetLPlans__3d_fullres/fold_4/checkpoint_every20_best_balacc.pth at epoch 59 with val_balanced_accuracy=0.5476
2026-01-04 02:28:09.754842: Saved periodic checkpoint /hpf/projects/jquon/sumin/nnUNet_data/nnUNet_results/Dataset033_AVM_T1+C/SwinViTTrainer_ep300_NoMirroring_x2__nnUNetResEncUNetLPlans__3d_fullres/fold_4/checkpoint_every20_best_auroc.pth at epoch 59 with val_auc=0.5737
2026-01-04 02:28:10.457396: 
2026-01-04 02:28:10.460722: Epoch 60
2026-01-04 02:28:10.463547: Current learning rate: 8e-05
2026-01-04 02:29:14.922776: train_loss 0.6972
2026-01-04 02:29:14.927337: val_loss 0.6909
2026-01-04 02:29:14.930634: val classification accuracy 0.5476
2026-01-04 02:29:14.933610: val auc 0.5578
2026-01-04 02:29:14.936871: Epoch time: 64.47 s
2026-01-04 02:29:15.747238: 
2026-01-04 02:29:15.750761: Epoch 61
2026-01-04 02:29:15.753212: Current learning rate: 8e-05
2026-01-04 02:30:20.085948: train_loss 0.698
2026-01-04 02:30:20.090802: val_loss 0.6816
2026-01-04 02:30:20.093611: val classification accuracy 0.5952
2026-01-04 02:30:20.096995: val auc 0.5862
2026-01-04 02:30:20.099751: Epoch time: 64.34 s
2026-01-04 02:30:20.841363: 
2026-01-04 02:30:20.844757: Epoch 62
2026-01-04 02:30:20.847072: Current learning rate: 8e-05
2026-01-04 02:31:25.154962: train_loss 0.7093
2026-01-04 02:31:25.159799: val_loss 0.6729
2026-01-04 02:31:25.162709: val classification accuracy 0.5238
2026-01-04 02:31:25.165609: val auc 0.6304
2026-01-04 02:31:25.168480: Epoch time: 64.31 s
2026-01-04 02:31:25.904338: 
2026-01-04 02:31:25.907608: Epoch 63
2026-01-04 02:31:25.910448: Current learning rate: 8e-05
2026-01-04 02:32:29.572760: train_loss 0.7036
2026-01-04 02:32:29.577864: val_loss 0.7424
2026-01-04 02:32:29.580735: val classification accuracy 0.4286
2026-01-04 02:32:29.583968: val auc 0.3628
2026-01-04 02:32:29.586951: Epoch time: 63.67 s
2026-01-04 02:32:30.335518: 
2026-01-04 02:32:30.339050: Epoch 64
2026-01-04 02:32:30.341770: Current learning rate: 8e-05
2026-01-04 02:33:36.324696: train_loss 0.7009
2026-01-04 02:33:36.329114: val_loss 0.6955
2026-01-04 02:33:36.332410: val classification accuracy 0.4762
2026-01-04 02:33:36.335469: val auc 0.5646
2026-01-04 02:33:36.338583: Epoch time: 65.99 s
2026-01-04 02:33:37.175365: 
2026-01-04 02:33:37.179047: Epoch 65
2026-01-04 02:33:37.181688: Current learning rate: 8e-05
2026-01-04 02:34:41.836400: train_loss 0.6989
2026-01-04 02:34:41.840739: val_loss 0.6807
2026-01-04 02:34:41.843786: val classification accuracy 0.5
2026-01-04 02:34:41.846901: val auc 0.5975
2026-01-04 02:34:41.849732: Epoch time: 64.66 s
2026-01-04 02:34:42.574632: 
2026-01-04 02:34:42.580973: Epoch 66
2026-01-04 02:34:42.584525: Current learning rate: 8e-05
2026-01-04 02:35:45.933696: train_loss 0.705
2026-01-04 02:35:45.938802: val_loss 0.7246
2026-01-04 02:35:45.942219: val classification accuracy 0.4286
2026-01-04 02:35:45.945264: val auc 0.3946
2026-01-04 02:35:45.948473: Epoch time: 63.36 s
2026-01-04 02:35:46.707908: 
2026-01-04 02:35:46.711290: Epoch 67
2026-01-04 02:35:46.714079: Current learning rate: 8e-05
2026-01-04 02:36:49.797525: train_loss 0.6931
2026-01-04 02:36:49.802560: val_loss 0.6876
2026-01-04 02:36:49.806011: val classification accuracy 0.5476
2026-01-04 02:36:49.808988: val auc 0.5578
2026-01-04 02:36:49.812166: Epoch time: 63.09 s
2026-01-04 02:36:51.341053: 
2026-01-04 02:36:51.344576: Epoch 68
2026-01-04 02:36:51.347314: Current learning rate: 8e-05
2026-01-04 02:37:55.836863: train_loss 0.6964
2026-01-04 02:37:55.844026: val_loss 0.7153
2026-01-04 02:37:55.847008: val classification accuracy 0.4524
2026-01-04 02:37:55.850053: val auc 0.4546
2026-01-04 02:37:55.853107: Epoch time: 64.5 s
2026-01-04 02:37:56.592840: 
2026-01-04 02:37:56.597438: Epoch 69
2026-01-04 02:37:56.600699: Current learning rate: 8e-05
2026-01-04 02:39:01.157666: train_loss 0.6819
2026-01-04 02:39:01.161991: val_loss 0.7735
2026-01-04 02:39:01.164900: val classification accuracy 0.381
2026-01-04 02:39:01.167767: val auc 0.356
2026-01-04 02:39:01.170778: Epoch time: 64.57 s
2026-01-04 02:39:01.908607: 
2026-01-04 02:39:01.911823: Epoch 70
2026-01-04 02:39:01.914350: Current learning rate: 8e-05
2026-01-04 02:40:06.188278: train_loss 0.6799
2026-01-04 02:40:06.193413: val_loss 0.6846
2026-01-04 02:40:06.196495: val classification accuracy 0.5476
2026-01-04 02:40:06.199725: val auc 0.5782
2026-01-04 02:40:06.202530: Epoch time: 64.28 s
2026-01-04 02:40:06.936804: 
2026-01-04 02:40:06.940046: Epoch 71
2026-01-04 02:40:06.942550: Current learning rate: 8e-05
2026-01-04 02:41:11.694970: train_loss 0.6548
2026-01-04 02:41:11.705929: val_loss 0.6137
2026-01-04 02:41:11.708995: val classification accuracy 0.5952
2026-01-04 02:41:11.711954: val auc 0.7438
2026-01-04 02:41:11.714754: Epoch time: 64.76 s
2026-01-04 02:41:12.472824: 
2026-01-04 02:41:12.476118: Epoch 72
2026-01-04 02:41:12.478749: Current learning rate: 8e-05
2026-01-04 02:42:17.429768: train_loss 0.6804
2026-01-04 02:42:17.435254: val_loss 0.7137
2026-01-04 02:42:17.438349: val classification accuracy 0.4524
2026-01-04 02:42:17.441216: val auc 0.4637
2026-01-04 02:42:17.444147: Epoch time: 64.96 s
2026-01-04 02:42:18.192696: 
2026-01-04 02:42:18.196569: Epoch 73
2026-01-04 02:42:18.199671: Current learning rate: 8e-05
2026-01-04 02:43:23.064070: train_loss 0.7009
2026-01-04 02:43:23.068924: val_loss 0.7004
2026-01-04 02:43:23.071807: val classification accuracy 0.5
2026-01-04 02:43:23.074749: val auc 0.5079
2026-01-04 02:43:23.077655: Epoch time: 64.87 s
2026-01-04 02:43:23.831632: 
2026-01-04 02:43:23.835280: Epoch 74
2026-01-04 02:43:23.837833: Current learning rate: 8e-05
2026-01-04 02:44:28.647786: train_loss 0.6904
2026-01-04 02:44:28.652131: val_loss 0.6877
2026-01-04 02:44:28.655024: val classification accuracy 0.4524
2026-01-04 02:44:28.657964: val auc 0.4921
2026-01-04 02:44:28.660794: Epoch time: 64.82 s
2026-01-04 02:44:29.411206: 
2026-01-04 02:44:29.414390: Epoch 75
2026-01-04 02:44:29.416917: Current learning rate: 8e-05
2026-01-04 02:45:33.336070: train_loss 0.6801
2026-01-04 02:45:33.347873: val_loss 0.6643
2026-01-04 02:45:33.354661: val classification accuracy 0.6429
2026-01-04 02:45:33.368449: val auc 0.6417
2026-01-04 02:45:33.371926: Epoch time: 63.93 s
2026-01-04 02:45:34.087965: 
2026-01-04 02:45:34.091505: Epoch 76
2026-01-04 02:45:34.094044: Current learning rate: 8e-05
2026-01-04 02:46:37.711958: train_loss 0.6909
2026-01-04 02:46:37.716603: val_loss 0.7172
2026-01-04 02:46:37.719694: val classification accuracy 0.4524
2026-01-04 02:46:37.723036: val auc 0.4388
2026-01-04 02:46:37.727358: Epoch time: 63.63 s
2026-01-04 02:46:38.456053: 
2026-01-04 02:46:38.459954: Epoch 77
2026-01-04 02:46:38.462719: Current learning rate: 8e-05
2026-01-04 02:47:42.927800: train_loss 0.6903
2026-01-04 02:47:42.942427: val_loss 0.6772
2026-01-04 02:47:42.945529: val classification accuracy 0.5238
2026-01-04 02:47:42.948463: val auc 0.619
2026-01-04 02:47:42.951261: Epoch time: 64.47 s
2026-01-04 02:47:43.752772: 
2026-01-04 02:47:43.756216: Epoch 78
2026-01-04 02:47:43.758655: Current learning rate: 8e-05
2026-01-04 02:48:48.768790: train_loss 0.6901
2026-01-04 02:48:48.778430: val_loss 0.7686
2026-01-04 02:48:48.783550: val classification accuracy 0.4286
2026-01-04 02:48:48.787396: val auc 0.4104
2026-01-04 02:48:48.791381: Epoch time: 65.02 s
2026-01-04 02:48:49.517618: 
2026-01-04 02:48:49.520652: Epoch 79
2026-01-04 02:48:49.523104: Current learning rate: 8e-05
2026-01-04 02:49:52.424314: train_loss 0.6846
2026-01-04 02:49:52.429219: val_loss 0.6982
2026-01-04 02:49:52.432335: val classification accuracy 0.5476
2026-01-04 02:49:52.435868: val auc 0.5261
2026-01-04 02:49:52.439116: Epoch time: 62.91 s
2026-01-04 02:49:54.568620: Saved periodic checkpoint /hpf/projects/jquon/sumin/nnUNet_data/nnUNet_results/Dataset033_AVM_T1+C/SwinViTTrainer_ep300_NoMirroring_x2__nnUNetResEncUNetLPlans__3d_fullres/fold_4/checkpoint_every20_best_balacc.pth at epoch 79 with val_balanced_accuracy=0.5476
2026-01-04 02:49:55.292161: 
2026-01-04 02:49:55.295680: Epoch 80
2026-01-04 02:49:55.298372: Current learning rate: 8e-05
2026-01-04 02:50:58.618128: train_loss 0.6911
2026-01-04 02:50:58.622999: val_loss 0.7354
2026-01-04 02:50:58.625966: val classification accuracy 0.5238
2026-01-04 02:50:58.628712: val auc 0.4683
2026-01-04 02:50:58.631568: Epoch time: 63.33 s
2026-01-04 02:50:59.378109: 
2026-01-04 02:50:59.381343: Epoch 81
2026-01-04 02:50:59.383945: Current learning rate: 8e-05
2026-01-04 02:52:03.242700: train_loss 0.6907
2026-01-04 02:52:03.247192: val_loss 0.6852
2026-01-04 02:52:03.250156: val classification accuracy 0.5
2026-01-04 02:52:03.253181: val auc 0.5726
2026-01-04 02:52:03.256453: Epoch time: 63.87 s
2026-01-04 02:52:04.003617: 
2026-01-04 02:52:04.007159: Epoch 82
2026-01-04 02:52:04.009753: Current learning rate: 8e-05
2026-01-04 02:53:07.625737: train_loss 0.6795
2026-01-04 02:53:07.630440: val_loss 0.7457
2026-01-04 02:53:07.633617: val classification accuracy 0.4286
2026-01-04 02:53:07.636705: val auc 0.3866
2026-01-04 02:53:07.639706: Epoch time: 63.62 s
2026-01-04 02:53:08.399481: 
2026-01-04 02:53:08.402972: Epoch 83
2026-01-04 02:53:08.405888: Current learning rate: 7e-05
2026-01-04 02:54:12.451451: train_loss 0.6719
2026-01-04 02:54:12.456854: val_loss 0.6933
2026-01-04 02:54:12.460206: val classification accuracy 0.4762
2026-01-04 02:54:12.464659: val auc 0.4887
2026-01-04 02:54:12.467467: Epoch time: 64.05 s
2026-01-04 02:54:14.169990: 
2026-01-04 02:54:14.173859: Epoch 84
2026-01-04 02:54:14.176510: Current learning rate: 7e-05
2026-01-04 02:55:18.801937: train_loss 0.6888
2026-01-04 02:55:18.807419: val_loss 0.6689
2026-01-04 02:55:18.811163: val classification accuracy 0.5714
2026-01-04 02:55:18.814432: val auc 0.6395
2026-01-04 02:55:18.818006: Epoch time: 64.63 s
2026-01-04 02:55:19.578305: 
2026-01-04 02:55:19.581812: Epoch 85
2026-01-04 02:55:19.584538: Current learning rate: 7e-05
2026-01-04 02:56:24.553380: train_loss 0.6936
2026-01-04 02:56:24.558074: val_loss 0.729
2026-01-04 02:56:24.560974: val classification accuracy 0.4524
2026-01-04 02:56:24.563826: val auc 0.4354
2026-01-04 02:56:24.566519: Epoch time: 64.98 s
2026-01-04 02:56:25.371377: 
2026-01-04 02:56:25.374726: Epoch 86
2026-01-04 02:56:25.377429: Current learning rate: 7e-05
2026-01-04 02:57:29.398316: train_loss 0.6631
2026-01-04 02:57:29.405079: val_loss 0.7377
2026-01-04 02:57:29.408829: val classification accuracy 0.4762
2026-01-04 02:57:29.412249: val auc 0.4762
2026-01-04 02:57:29.415775: Epoch time: 64.03 s
2026-01-04 02:57:30.192218: 
2026-01-04 02:57:30.195941: Epoch 87
2026-01-04 02:57:30.198710: Current learning rate: 7e-05
2026-01-04 02:58:34.181983: train_loss 0.678
2026-01-04 02:58:34.187616: val_loss 0.6962
2026-01-04 02:58:34.190758: val classification accuracy 0.5238
2026-01-04 02:58:34.193901: val auc 0.5782
2026-01-04 02:58:34.197048: Epoch time: 63.99 s
2026-01-04 02:58:34.971948: 
2026-01-04 02:58:34.975511: Epoch 88
2026-01-04 02:58:34.978340: Current learning rate: 7e-05
2026-01-04 02:59:39.264496: train_loss 0.6763
2026-01-04 02:59:39.269514: val_loss 0.714
2026-01-04 02:59:39.273024: val classification accuracy 0.5952
2026-01-04 02:59:39.276050: val auc 0.4966
2026-01-04 02:59:39.279499: Epoch time: 64.29 s
2026-01-04 02:59:40.043385: 
2026-01-04 02:59:40.047355: Epoch 89
2026-01-04 02:59:40.050282: Current learning rate: 7e-05
2026-01-04 03:00:44.132951: train_loss 0.668
2026-01-04 03:00:44.138003: val_loss 0.6403
2026-01-04 03:00:44.141508: val classification accuracy 0.619
2026-01-04 03:00:44.144548: val auc 0.7143
2026-01-04 03:00:44.147593: Epoch time: 64.09 s
2026-01-04 03:00:44.948251: 
2026-01-04 03:00:44.951880: Epoch 90
2026-01-04 03:00:44.954766: Current learning rate: 7e-05
2026-01-04 03:01:48.909659: train_loss 0.6708
2026-01-04 03:01:48.914837: val_loss 0.7355
2026-01-04 03:01:48.917954: val classification accuracy 0.5238
2026-01-04 03:01:48.922153: val auc 0.517
2026-01-04 03:01:48.930599: Epoch time: 63.96 s
2026-01-04 03:01:49.727422: 
2026-01-04 03:01:49.730866: Epoch 91
2026-01-04 03:01:49.733824: Current learning rate: 7e-05
2026-01-04 03:02:53.366403: train_loss 0.6759
2026-01-04 03:02:53.371302: val_loss 0.6729
2026-01-04 03:02:53.374598: val classification accuracy 0.5
2026-01-04 03:02:53.377766: val auc 0.619
2026-01-04 03:02:53.380628: Epoch time: 63.64 s
2026-01-04 03:02:54.169633: 
2026-01-04 03:02:54.173538: Epoch 92
2026-01-04 03:02:54.176283: Current learning rate: 7e-05
2026-01-04 03:03:57.643796: train_loss 0.6824
2026-01-04 03:03:57.648834: val_loss 0.7058
2026-01-04 03:03:57.652334: val classification accuracy 0.5
2026-01-04 03:03:57.655554: val auc 0.4909
2026-01-04 03:03:57.658630: Epoch time: 63.48 s
2026-01-04 03:03:58.464831: 
2026-01-04 03:03:58.469204: Epoch 93
2026-01-04 03:03:58.472409: Current learning rate: 7e-05
2026-01-04 03:05:02.065036: train_loss 0.6807
2026-01-04 03:05:02.070225: val_loss 0.7401
2026-01-04 03:05:02.073581: val classification accuracy 0.4524
2026-01-04 03:05:02.076932: val auc 0.449
2026-01-04 03:05:02.080978: Epoch time: 63.6 s
2026-01-04 03:05:02.835138: 
2026-01-04 03:05:02.839159: Epoch 94
2026-01-04 03:05:02.841938: Current learning rate: 7e-05
2026-01-04 03:06:07.427106: train_loss 0.6674
2026-01-04 03:06:07.432534: val_loss 0.703
2026-01-04 03:06:07.435926: val classification accuracy 0.5714
2026-01-04 03:06:07.439083: val auc 0.5227
2026-01-04 03:06:07.442438: Epoch time: 64.59 s
2026-01-04 03:06:08.265696: 
2026-01-04 03:06:08.269411: Epoch 95
2026-01-04 03:06:08.272305: Current learning rate: 7e-05
2026-01-04 03:07:10.842853: train_loss 0.6865
2026-01-04 03:07:10.846717: val_loss 0.6589
2026-01-04 03:07:10.849463: val classification accuracy 0.5952
2026-01-04 03:07:10.852152: val auc 0.7041
2026-01-04 03:07:10.854981: Epoch time: 62.58 s
2026-01-04 03:07:11.548860: 
2026-01-04 03:07:11.552001: Epoch 96
2026-01-04 03:07:11.554326: Current learning rate: 7e-05
2026-01-04 03:08:13.960103: train_loss 0.684
2026-01-04 03:08:13.965294: val_loss 0.7139
2026-01-04 03:08:13.968699: val classification accuracy 0.5714
2026-01-04 03:08:13.972227: val auc 0.5079
2026-01-04 03:08:13.975670: Epoch time: 62.41 s
2026-01-04 03:08:14.767727: 
2026-01-04 03:08:14.771285: Epoch 97
2026-01-04 03:08:14.773896: Current learning rate: 7e-05
2026-01-04 03:09:17.914789: train_loss 0.6721
2026-01-04 03:09:17.919910: val_loss 0.6939
2026-01-04 03:09:17.923250: val classification accuracy 0.4762
2026-01-04 03:09:17.926505: val auc 0.5079
2026-01-04 03:09:17.930088: Epoch time: 63.15 s
2026-01-04 03:09:18.641940: 
2026-01-04 03:09:18.645451: Epoch 98
2026-01-04 03:09:18.649893: Current learning rate: 7e-05
2026-01-04 03:10:23.307573: train_loss 0.6624
2026-01-04 03:10:23.313360: val_loss 0.6889
2026-01-04 03:10:23.316796: val classification accuracy 0.4762
2026-01-04 03:10:23.320137: val auc 0.5102
2026-01-04 03:10:23.323324: Epoch time: 64.67 s
2026-01-04 03:10:24.059154: 
2026-01-04 03:10:24.062930: Epoch 99
2026-01-04 03:10:24.065791: Current learning rate: 7e-05
2026-01-04 03:11:28.263984: train_loss 0.6897
2026-01-04 03:11:28.268838: val_loss 0.7693
2026-01-04 03:11:28.271679: val classification accuracy 0.5238
2026-01-04 03:11:28.274962: val auc 0.4841
2026-01-04 03:11:28.277817: Epoch time: 64.21 s
2026-01-04 03:11:29.003290: 
2026-01-04 03:11:29.006777: Epoch 100
2026-01-04 03:11:29.009339: Current learning rate: 7e-05
2026-01-04 03:12:34.552695: train_loss 0.6679
2026-01-04 03:12:34.558563: val_loss 0.7359
2026-01-04 03:12:34.562165: val classification accuracy 0.5238
2026-01-04 03:12:34.565230: val auc 0.4966
2026-01-04 03:12:34.568387: Epoch time: 65.55 s
2026-01-04 03:12:35.384379: 
2026-01-04 03:12:35.389186: Epoch 101
2026-01-04 03:12:35.393153: Current learning rate: 7e-05
2026-01-04 03:13:39.975802: train_loss 0.6831
2026-01-04 03:13:39.980732: val_loss 0.683
2026-01-04 03:13:39.983914: val classification accuracy 0.5476
2026-01-04 03:13:39.987177: val auc 0.6088
2026-01-04 03:13:39.990256: Epoch time: 64.59 s
2026-01-04 03:13:40.771796: 
2026-01-04 03:13:40.775249: Epoch 102
2026-01-04 03:13:40.777980: Current learning rate: 7e-05
2026-01-04 03:14:45.101448: train_loss 0.6748
2026-01-04 03:14:45.106000: val_loss 0.6943
2026-01-04 03:14:45.109037: val classification accuracy 0.5476
2026-01-04 03:14:45.111890: val auc 0.5431
2026-01-04 03:14:45.114897: Epoch time: 64.33 s
2026-01-04 03:14:45.862846: 
2026-01-04 03:14:45.866336: Epoch 103
2026-01-04 03:14:45.868756: Current learning rate: 7e-05
2026-01-04 03:15:49.636007: train_loss 0.6724
2026-01-04 03:15:49.642008: val_loss 0.7227
2026-01-04 03:15:49.655758: val classification accuracy 0.4524
2026-01-04 03:15:49.661327: val auc 0.5079
2026-01-04 03:15:49.666347: Epoch time: 63.77 s
2026-01-04 03:15:50.694259: 
2026-01-04 03:15:50.697933: Epoch 104
2026-01-04 03:15:50.701033: Current learning rate: 7e-05
2026-01-04 03:16:53.988271: train_loss 0.6691
2026-01-04 03:16:53.993344: val_loss 0.7174
2026-01-04 03:16:53.997855: val classification accuracy 0.4048
2026-01-04 03:16:54.001135: val auc 0.432
2026-01-04 03:16:54.004241: Epoch time: 63.3 s
2026-01-04 03:16:54.808008: 
2026-01-04 03:16:54.815691: Epoch 105
2026-01-04 03:16:54.827266: Current learning rate: 7e-05
2026-01-04 03:17:58.533819: train_loss 0.6638
2026-01-04 03:17:58.581491: val_loss 0.8476
2026-01-04 03:17:58.605195: val classification accuracy 0.4048
2026-01-04 03:17:58.621064: val auc 0.3537
2026-01-04 03:17:58.653565: Epoch time: 63.73 s
2026-01-04 03:17:59.476313: 
2026-01-04 03:17:59.479871: Epoch 106
2026-01-04 03:17:59.482497: Current learning rate: 7e-05
2026-01-04 03:19:02.969068: train_loss 0.6512
2026-01-04 03:19:02.977588: val_loss 0.6951
2026-01-04 03:19:02.981090: val classification accuracy 0.4286
2026-01-04 03:19:02.984576: val auc 0.5329
2026-01-04 03:19:02.987592: Epoch time: 63.49 s
2026-01-04 03:19:03.829577: 
2026-01-04 03:19:03.832951: Epoch 107
2026-01-04 03:19:03.835657: Current learning rate: 7e-05
2026-01-04 03:20:08.039825: train_loss 0.6712
2026-01-04 03:20:08.045116: val_loss 0.7068
2026-01-04 03:20:08.048460: val classification accuracy 0.4762
2026-01-04 03:20:08.051821: val auc 0.4989
2026-01-04 03:20:08.054803: Epoch time: 64.21 s
2026-01-04 03:20:08.834221: 
2026-01-04 03:20:08.837636: Epoch 108
2026-01-04 03:20:08.840179: Current learning rate: 7e-05
2026-01-04 03:21:13.591651: train_loss 0.6816
2026-01-04 03:21:13.603282: val_loss 0.7393
2026-01-04 03:21:13.611554: val classification accuracy 0.3571
2026-01-04 03:21:13.614779: val auc 0.3481
2026-01-04 03:21:13.625805: Epoch time: 64.76 s
2026-01-04 03:21:14.443832: 
2026-01-04 03:21:14.447398: Epoch 109
2026-01-04 03:21:14.449999: Current learning rate: 7e-05
2026-01-04 03:22:18.729074: train_loss 0.6695
2026-01-04 03:22:18.734546: val_loss 0.7222
2026-01-04 03:22:18.738220: val classification accuracy 0.4524
2026-01-04 03:22:18.741463: val auc 0.4615
2026-01-04 03:22:18.744908: Epoch time: 64.29 s
2026-01-04 03:22:19.513349: 
2026-01-04 03:22:19.516969: Epoch 110
2026-01-04 03:22:19.519758: Current learning rate: 7e-05
2026-01-04 03:23:23.358812: train_loss 0.6669
2026-01-04 03:23:23.363911: val_loss 0.6707
2026-01-04 03:23:23.367279: val classification accuracy 0.5476
2026-01-04 03:23:23.371346: val auc 0.5896
2026-01-04 03:23:23.375559: Epoch time: 63.85 s
2026-01-04 03:23:24.153666: 
2026-01-04 03:23:24.157625: Epoch 111
2026-01-04 03:23:24.160519: Current learning rate: 7e-05
2026-01-04 03:24:27.991649: train_loss 0.6575
2026-01-04 03:24:27.996687: val_loss 0.8053
2026-01-04 03:24:27.999623: val classification accuracy 0.4286
2026-01-04 03:24:28.002605: val auc 0.3878
2026-01-04 03:24:28.006010: Epoch time: 63.84 s
2026-01-04 03:24:29.044822: 
2026-01-04 03:24:29.048101: Epoch 112
2026-01-04 03:24:29.050870: Current learning rate: 7e-05
2026-01-04 03:25:33.926129: train_loss 0.6326
2026-01-04 03:25:33.930885: val_loss 0.7744
2026-01-04 03:25:33.934010: val classification accuracy 0.4762
2026-01-04 03:25:33.937021: val auc 0.449
2026-01-04 03:25:33.940736: Epoch time: 64.88 s
2026-01-04 03:25:34.701527: 
2026-01-04 03:25:34.705209: Epoch 113
2026-01-04 03:25:34.708137: Current learning rate: 7e-05
2026-01-04 03:26:39.201977: train_loss 0.671
2026-01-04 03:26:39.206671: val_loss 0.8117
2026-01-04 03:26:39.209697: val classification accuracy 0.3333
2026-01-04 03:26:39.212510: val auc 0.39
2026-01-04 03:26:39.215510: Epoch time: 64.5 s
2026-01-04 03:26:39.960763: 
2026-01-04 03:26:39.964229: Epoch 114
2026-01-04 03:26:39.966854: Current learning rate: 7e-05
2026-01-04 03:27:43.841113: train_loss 0.6259
2026-01-04 03:27:43.847187: val_loss 0.8735
2026-01-04 03:27:43.850646: val classification accuracy 0.3095
2026-01-04 03:27:43.854127: val auc 0.2766
2026-01-04 03:27:43.857294: Epoch time: 63.88 s
2026-01-04 03:27:44.596190: 
2026-01-04 03:27:44.600178: Epoch 115
2026-01-04 03:27:44.602705: Current learning rate: 6e-05
2026-01-04 03:28:48.872814: train_loss 0.6594
2026-01-04 03:28:48.878189: val_loss 0.6883
2026-01-04 03:28:48.881641: val classification accuracy 0.5476
2026-01-04 03:28:48.884724: val auc 0.542
2026-01-04 03:28:48.887883: Epoch time: 64.28 s
2026-01-04 03:28:49.685680: 
2026-01-04 03:28:49.689175: Epoch 116
2026-01-04 03:28:49.691726: Current learning rate: 6e-05
2026-01-04 03:29:55.090084: train_loss 0.674
2026-01-04 03:29:55.114547: val_loss 0.8385
2026-01-04 03:29:55.118000: val classification accuracy 0.381
2026-01-04 03:29:55.121220: val auc 0.3946
2026-01-04 03:29:55.124380: Epoch time: 65.41 s
2026-01-04 03:29:55.893987: 
2026-01-04 03:29:55.897435: Epoch 117
2026-01-04 03:29:55.900391: Current learning rate: 6e-05
2026-01-04 03:30:58.813639: train_loss 0.6343
2026-01-04 03:30:58.819635: val_loss 0.7599
2026-01-04 03:30:58.822498: val classification accuracy 0.4048
2026-01-04 03:30:58.825491: val auc 0.4512
2026-01-04 03:30:58.828783: Epoch time: 62.92 s
2026-01-04 03:30:59.581414: 
2026-01-04 03:30:59.585276: Epoch 118
2026-01-04 03:30:59.588099: Current learning rate: 6e-05
2026-01-04 03:32:02.715960: train_loss 0.6706
2026-01-04 03:32:02.721517: val_loss 0.7655
2026-01-04 03:32:02.724411: val classification accuracy 0.5
2026-01-04 03:32:02.727380: val auc 0.3946
2026-01-04 03:32:02.730471: Epoch time: 63.14 s
2026-01-04 03:32:03.461304: 
2026-01-04 03:32:03.464758: Epoch 119
2026-01-04 03:32:03.467419: Current learning rate: 6e-05
2026-01-04 03:33:07.667982: train_loss 0.6704
2026-01-04 03:33:07.674398: val_loss 0.7386
2026-01-04 03:33:07.677480: val classification accuracy 0.4524
2026-01-04 03:33:07.680838: val auc 0.4558
2026-01-04 03:33:07.683831: Epoch time: 64.21 s
2026-01-04 03:33:08.458627: 
2026-01-04 03:33:08.462647: Epoch 120
2026-01-04 03:33:08.465564: Current learning rate: 6e-05
2026-01-04 03:34:12.262416: train_loss 0.6428
2026-01-04 03:34:12.267270: val_loss 0.8161
2026-01-04 03:34:12.270231: val classification accuracy 0.3333
2026-01-04 03:34:12.273336: val auc 0.2902
2026-01-04 03:34:12.276453: Epoch time: 63.81 s
2026-01-04 03:34:13.003718: 
2026-01-04 03:34:13.007293: Epoch 121
2026-01-04 03:34:13.010343: Current learning rate: 6e-05
2026-01-04 03:35:16.373024: train_loss 0.6527
2026-01-04 03:35:16.378437: val_loss 0.7414
2026-01-04 03:35:16.381594: val classification accuracy 0.4286
2026-01-04 03:35:16.384561: val auc 0.3991
2026-01-04 03:35:16.387851: Epoch time: 63.37 s
2026-01-04 03:35:17.138165: 
2026-01-04 03:35:17.141640: Epoch 122
2026-01-04 03:35:17.144276: Current learning rate: 6e-05
2026-01-04 03:36:21.190533: train_loss 0.6492
2026-01-04 03:36:21.195247: val_loss 0.7565
2026-01-04 03:36:21.198400: val classification accuracy 0.4286
2026-01-04 03:36:21.201361: val auc 0.3447
2026-01-04 03:36:21.211268: Epoch time: 64.05 s
2026-01-04 03:36:21.994372: 
2026-01-04 03:36:21.998230: Epoch 123
2026-01-04 03:36:22.000767: Current learning rate: 6e-05
2026-01-04 03:37:26.400486: train_loss 0.6718
2026-01-04 03:37:26.407911: val_loss 0.7102
2026-01-04 03:37:26.413014: val classification accuracy 0.5
2026-01-04 03:37:26.417644: val auc 0.4728
2026-01-04 03:37:26.421514: Epoch time: 64.41 s
2026-01-04 03:37:27.197949: 
2026-01-04 03:37:27.201397: Epoch 124
2026-01-04 03:37:27.204096: Current learning rate: 6e-05
2026-01-04 03:38:31.487680: train_loss 0.6598
2026-01-04 03:38:31.495040: val_loss 0.7582
2026-01-04 03:38:31.499527: val classification accuracy 0.5714
2026-01-04 03:38:31.503332: val auc 0.4875
2026-01-04 03:38:31.506886: Epoch time: 64.29 s
2026-01-04 03:38:32.341444: 
2026-01-04 03:38:32.345074: Epoch 125
2026-01-04 03:38:32.347791: Current learning rate: 6e-05
2026-01-04 03:39:35.830342: train_loss 0.6742
2026-01-04 03:39:35.835350: val_loss 0.844
2026-01-04 03:39:35.838453: val classification accuracy 0.4524
2026-01-04 03:39:35.841285: val auc 0.415
2026-01-04 03:39:35.844061: Epoch time: 63.49 s
2026-01-04 03:39:36.600731: 
2026-01-04 03:39:36.604405: Epoch 126
2026-01-04 03:39:36.607205: Current learning rate: 6e-05
2026-01-04 03:40:40.762918: train_loss 0.6635
2026-01-04 03:40:40.768732: val_loss 0.8842
2026-01-04 03:40:40.772731: val classification accuracy 0.2857
2026-01-04 03:40:40.775780: val auc 0.2789
2026-01-04 03:40:40.778655: Epoch time: 64.16 s
2026-01-04 03:40:41.537082: 
2026-01-04 03:40:41.540841: Epoch 127
2026-01-04 03:40:41.543492: Current learning rate: 6e-05
2026-01-04 03:41:46.328145: train_loss 0.6434
2026-01-04 03:41:46.334315: val_loss 0.8952
2026-01-04 03:41:46.338502: val classification accuracy 0.381
2026-01-04 03:41:46.341623: val auc 0.3379
2026-01-04 03:41:46.344433: Epoch time: 64.79 s
2026-01-04 03:41:47.116687: 
2026-01-04 03:41:47.120252: Epoch 128
2026-01-04 03:41:47.122840: Current learning rate: 6e-05
2026-01-04 03:42:50.381701: train_loss 0.6693
2026-01-04 03:42:50.387055: val_loss 0.7485
2026-01-04 03:42:50.390073: val classification accuracy 0.4524
2026-01-04 03:42:50.393311: val auc 0.3798
2026-01-04 03:42:50.396636: Epoch time: 63.27 s
2026-01-04 03:42:51.169019: 
2026-01-04 03:42:51.172340: Epoch 129
2026-01-04 03:42:51.174724: Current learning rate: 6e-05
2026-01-04 03:43:55.413250: train_loss 0.6471
2026-01-04 03:43:55.418162: val_loss 0.6866
2026-01-04 03:43:55.420840: val classification accuracy 0.5476
2026-01-04 03:43:55.423688: val auc 0.5896
2026-01-04 03:43:55.426731: Epoch time: 64.25 s
2026-01-04 03:43:56.199317: 
2026-01-04 03:43:56.203704: Epoch 130
2026-01-04 03:43:56.206459: Current learning rate: 6e-05
2026-01-04 03:44:58.997472: train_loss 0.6573
2026-01-04 03:44:59.003201: val_loss 0.756
2026-01-04 03:44:59.006269: val classification accuracy 0.4048
2026-01-04 03:44:59.009284: val auc 0.3152
2026-01-04 03:44:59.012461: Epoch time: 62.8 s
2026-01-04 03:44:59.776111: 
2026-01-04 03:44:59.779552: Epoch 131
2026-01-04 03:44:59.782128: Current learning rate: 6e-05
2026-01-04 03:46:03.316122: train_loss 0.6661
2026-01-04 03:46:03.321630: val_loss 0.7942
2026-01-04 03:46:03.324613: val classification accuracy 0.4286
2026-01-04 03:46:03.327607: val auc 0.3753
2026-01-04 03:46:03.330545: Epoch time: 63.54 s
2026-01-04 03:46:04.961740: 
2026-01-04 03:46:04.965056: Epoch 132
2026-01-04 03:46:04.967635: Current learning rate: 6e-05
2026-01-04 03:47:08.290045: train_loss 0.6379
2026-01-04 03:47:08.294866: val_loss 0.8407
2026-01-04 03:47:08.297757: val classification accuracy 0.3571
2026-01-04 03:47:08.300749: val auc 0.3923
2026-01-04 03:47:08.303871: Epoch time: 63.33 s
2026-01-04 03:47:09.043707: 
2026-01-04 03:47:09.047392: Epoch 133
2026-01-04 03:47:09.050264: Current learning rate: 6e-05
2026-01-04 03:48:12.612420: train_loss 0.6359
2026-01-04 03:48:12.618601: val_loss 0.8098
2026-01-04 03:48:12.622249: val classification accuracy 0.4286
2026-01-04 03:48:12.625509: val auc 0.3923
2026-01-04 03:48:12.629025: Epoch time: 63.57 s
2026-01-04 03:48:13.459869: 
2026-01-04 03:48:13.463605: Epoch 134
2026-01-04 03:48:13.466654: Current learning rate: 6e-05
2026-01-04 03:49:17.789622: train_loss 0.6536
2026-01-04 03:49:17.795234: val_loss 0.781
2026-01-04 03:49:17.798282: val classification accuracy 0.4286
2026-01-04 03:49:17.801968: val auc 0.2925
2026-01-04 03:49:17.805032: Epoch time: 64.33 s
2026-01-04 03:49:18.561847: 
2026-01-04 03:49:18.565732: Epoch 135
2026-01-04 03:49:18.568821: Current learning rate: 6e-05
2026-01-04 03:50:22.387563: train_loss 0.6357
2026-01-04 03:50:22.392650: val_loss 0.8551
2026-01-04 03:50:22.395688: val classification accuracy 0.4048
2026-01-04 03:50:22.398529: val auc 0.3209
2026-01-04 03:50:22.401732: Epoch time: 63.83 s
2026-01-04 03:50:23.152528: 
2026-01-04 03:50:23.156041: Epoch 136
2026-01-04 03:50:23.158701: Current learning rate: 6e-05
2026-01-04 03:51:27.901574: train_loss 0.6296
2026-01-04 03:51:27.906961: val_loss 0.7833
2026-01-04 03:51:27.909961: val classification accuracy 0.5
2026-01-04 03:51:27.913158: val auc 0.5329
2026-01-04 03:51:27.916149: Epoch time: 64.75 s
2026-01-04 03:51:28.700873: 
2026-01-04 03:51:28.704362: Epoch 137
2026-01-04 03:51:28.706864: Current learning rate: 6e-05
2026-01-04 03:52:32.759154: train_loss 0.6663
2026-01-04 03:52:32.782454: val_loss 0.7024
2026-01-04 03:52:32.787945: val classification accuracy 0.4762
2026-01-04 03:52:32.792794: val auc 0.5011
2026-01-04 03:52:32.797208: Epoch time: 64.06 s
2026-01-04 03:52:33.587479: 
2026-01-04 03:52:33.591031: Epoch 138
2026-01-04 03:52:33.593554: Current learning rate: 6e-05
2026-01-04 03:53:37.869513: train_loss 0.6612
2026-01-04 03:53:37.874127: val_loss 0.8718
2026-01-04 03:53:37.877311: val classification accuracy 0.381
2026-01-04 03:53:37.880363: val auc 0.2868
2026-01-04 03:53:37.883126: Epoch time: 64.28 s
2026-01-04 03:53:38.611746: 
2026-01-04 03:53:38.615555: Epoch 139
2026-01-04 03:53:38.618221: Current learning rate: 6e-05
2026-01-04 03:54:42.239125: train_loss 0.6505
2026-01-04 03:54:42.244887: val_loss 0.7325
2026-01-04 03:54:42.248135: val classification accuracy 0.3571
2026-01-04 03:54:42.251125: val auc 0.3923
2026-01-04 03:54:42.254212: Epoch time: 63.63 s
2026-01-04 03:54:42.979658: 
2026-01-04 03:54:42.983069: Epoch 140
2026-01-04 03:54:42.985586: Current learning rate: 6e-05
2026-01-04 03:55:47.020133: train_loss 0.6517
2026-01-04 03:55:47.034753: val_loss 0.7432
2026-01-04 03:55:47.038110: val classification accuracy 0.4048
2026-01-04 03:55:47.044854: val auc 0.5057
2026-01-04 03:55:47.047904: Epoch time: 64.04 s
2026-01-04 03:55:47.817311: 
2026-01-04 03:55:47.821034: Epoch 141
2026-01-04 03:55:47.823685: Current learning rate: 6e-05
2026-01-04 03:56:51.674026: train_loss 0.6696
2026-01-04 03:56:51.689286: val_loss 0.7416
2026-01-04 03:56:51.692519: val classification accuracy 0.4048
2026-01-04 03:56:51.695662: val auc 0.3719
2026-01-04 03:56:51.698838: Epoch time: 63.86 s
2026-01-04 03:56:52.456372: 
2026-01-04 03:56:52.460144: Epoch 142
2026-01-04 03:56:52.462847: Current learning rate: 6e-05
2026-01-04 03:57:56.436873: train_loss 0.6519
2026-01-04 03:57:56.442196: val_loss 0.9441
2026-01-04 03:57:56.445713: val classification accuracy 0.2381
2026-01-04 03:57:56.448472: val auc 0.1451
2026-01-04 03:57:56.451317: Epoch time: 63.98 s
2026-01-04 03:57:57.258544: 
2026-01-04 03:57:57.262022: Epoch 143
2026-01-04 03:57:57.264517: Current learning rate: 6e-05
2026-01-04 03:58:59.924694: train_loss 0.6688
2026-01-04 03:58:59.929816: val_loss 0.7172
2026-01-04 03:58:59.933168: val classification accuracy 0.5
2026-01-04 03:58:59.936103: val auc 0.5034
2026-01-04 03:58:59.939502: Epoch time: 62.67 s
2026-01-04 03:59:00.679102: 
2026-01-04 03:59:00.683111: Epoch 144
2026-01-04 03:59:00.686058: Current learning rate: 6e-05
2026-01-04 04:00:04.564596: train_loss 0.6159
2026-01-04 04:00:04.570849: val_loss 0.8333
2026-01-04 04:00:04.574372: val classification accuracy 0.4286
2026-01-04 04:00:04.577815: val auc 0.4172
2026-01-04 04:00:04.581449: Epoch time: 63.89 s
2026-01-04 04:00:05.355395: 
2026-01-04 04:00:05.359523: Epoch 145
2026-01-04 04:00:05.362695: Current learning rate: 6e-05
2026-01-04 04:01:10.726519: train_loss 0.6524
2026-01-04 04:01:10.736814: val_loss 0.7689
2026-01-04 04:01:10.740093: val classification accuracy 0.4048
2026-01-04 04:01:10.743674: val auc 0.4127
2026-01-04 04:01:10.746778: Epoch time: 65.37 s
2026-01-04 04:01:11.560037: 
2026-01-04 04:01:11.563832: Epoch 146
2026-01-04 04:01:11.566655: Current learning rate: 5e-05
2026-01-04 04:02:16.336762: train_loss 0.6418
2026-01-04 04:02:16.342405: val_loss 0.8131
2026-01-04 04:02:16.345727: val classification accuracy 0.4048
2026-01-04 04:02:16.348896: val auc 0.356
2026-01-04 04:02:16.352240: Epoch time: 64.78 s
2026-01-04 04:02:17.098447: 
2026-01-04 04:02:17.101903: Epoch 147
2026-01-04 04:02:17.104641: Current learning rate: 5e-05
2026-01-04 04:03:20.980720: train_loss 0.6441
2026-01-04 04:03:20.994264: val_loss 0.7858
2026-01-04 04:03:20.997856: val classification accuracy 0.3333
2026-01-04 04:03:21.001177: val auc 0.3515
2026-01-04 04:03:21.004583: Epoch time: 63.88 s
2026-01-04 04:03:21.888219: 
2026-01-04 04:03:21.891854: Epoch 148
2026-01-04 04:03:21.894547: Current learning rate: 5e-05
2026-01-04 04:04:26.901918: train_loss 0.6503
2026-01-04 04:04:26.907362: val_loss 0.7744
2026-01-04 04:04:26.910758: val classification accuracy 0.5238
2026-01-04 04:04:26.913513: val auc 0.4694
2026-01-04 04:04:26.916383: Epoch time: 65.02 s
2026-01-04 04:04:27.671583: 
2026-01-04 04:04:27.675277: Epoch 149
2026-01-04 04:04:27.677995: Current learning rate: 5e-05
2026-01-04 04:05:31.555060: train_loss 0.6406
2026-01-04 04:05:31.565009: val_loss 0.8936
2026-01-04 04:05:31.568440: val classification accuracy 0.3333
2026-01-04 04:05:31.571856: val auc 0.2732
2026-01-04 04:05:31.575256: Epoch time: 63.88 s
2026-01-04 04:05:32.379487: 
2026-01-04 04:05:32.383035: Epoch 150
2026-01-04 04:05:32.385622: Current learning rate: 5e-05
2026-01-04 04:06:36.108493: train_loss 0.6283
2026-01-04 04:06:36.113764: val_loss 0.8183
2026-01-04 04:06:36.116958: val classification accuracy 0.4524
2026-01-04 04:06:36.120427: val auc 0.4535
2026-01-04 04:06:36.123580: Epoch time: 63.73 s
2026-01-04 04:06:36.915699: 
2026-01-04 04:06:36.920419: Epoch 151
2026-01-04 04:06:36.923522: Current learning rate: 5e-05
2026-01-04 04:07:40.735998: train_loss 0.6561
2026-01-04 04:07:40.741941: val_loss 0.713
2026-01-04 04:07:40.745281: val classification accuracy 0.4762
2026-01-04 04:07:40.748488: val auc 0.4535
2026-01-04 04:07:40.751300: Epoch time: 63.82 s
2026-01-04 04:07:40.753942: Early stopping triggered at epoch 151. Best val_losses=0.6137
2026-01-04 04:07:41.502329: Stopping training early due to early stopping criterion.
2026-01-04 04:07:43.625427: Training done.
2026-01-04 04:07:43.630844: Skipping perform_actual_validation for classification trainer (segmentation-style sliding window is not applicable).
[1;34mwandb[0m: 
[1;34mwandb[0m:  View run [33mSwinViTTrainer_ep300_NoMirroring_x2_fold4[0m at: [34m[0m
[1;34mwandb[0m: Find logs at: [1;35m../../tmp/wandb/wandb/run-20260104_012203-snju08gl/logs[0m
