Using device: cuda:0

#######################################################################
Please cite the following paper when using nnU-Net:
Isensee, F., Jaeger, P. F., Kohl, S. A., Petersen, J., & Maier-Hein, K. H. (2021). nnU-Net: a self-configuring method for deep learning-based biomedical image segmentation. Nature methods, 18(2), 203-211.
#######################################################################

2026-01-03 23:26:08.745073: Using torch.compile...
2026-01-03 23:26:14.159070: do_dummy_2d_data_aug: False
2026-01-03 23:26:14.163246: Using splits from existing split file: /hpf/projects/jquon/sumin/nnUNet_data/nnUNet_preprocessed/Dataset033_AVM_T1+C/splits_final.json
2026-01-03 23:26:14.167076: The split file contains 11 splits.
2026-01-03 23:26:14.169020: Desired fold for training: 2
2026-01-03 23:26:14.170855: This split has 465 training and 47 validation cases.
using pin_memory on device 0
using pin_memory on device 0

This is the configuration used by this training:
Configuration name: 3d_fullres
 {'data_identifier': 'nnUNetPlans_3d_fullres', 'preprocessor_name': 'DefaultPreprocessor', 'batch_size': 2, 'patch_size': [160, 224, 192], 'median_image_size_in_voxels': [344.0, 448.0, 429.0], 'spacing': [0.500000923871994, 0.4910714328289032, 0.4910714328289032], 'normalization_schemes': ['ZScoreNormalization'], 'use_mask_for_norm': [False], 'resampling_fn_data': 'resample_data_or_seg_to_shape', 'resampling_fn_seg': 'resample_data_or_seg_to_shape', 'resampling_fn_data_kwargs': {'is_seg': False, 'order': 3, 'order_z': 0, 'force_separate_z': None}, 'resampling_fn_seg_kwargs': {'is_seg': True, 'order': 1, 'order_z': 0, 'force_separate_z': None}, 'resampling_fn_probabilities': 'resample_data_or_seg_to_shape', 'resampling_fn_probabilities_kwargs': {'is_seg': False, 'order': 1, 'order_z': 0, 'force_separate_z': None}, 'architecture': {'network_class_name': 'dynamic_network_architectures.architectures.unet.ResidualEncoderUNet', 'arch_kwargs': {'n_stages': 6, 'features_per_stage': [32, 64, 128, 256, 320, 320], 'conv_op': 'torch.nn.modules.conv.Conv3d', 'kernel_sizes': [[3, 3, 3], [3, 3, 3], [3, 3, 3], [3, 3, 3], [3, 3, 3], [3, 3, 3]], 'strides': [[1, 1, 1], [2, 2, 2], [2, 2, 2], [2, 2, 2], [2, 2, 2], [2, 2, 2]], 'n_blocks_per_stage': [1, 3, 4, 6, 6, 6], 'n_conv_per_stage_decoder': [1, 1, 1, 1, 1], 'conv_bias': True, 'norm_op': 'torch.nn.modules.instancenorm.InstanceNorm3d', 'norm_op_kwargs': {'eps': 1e-05, 'affine': True}, 'dropout_op': None, 'dropout_op_kwargs': None, 'nonlin': 'torch.nn.LeakyReLU', 'nonlin_kwargs': {'inplace': True}}, '_kw_requires_import': ['conv_op', 'norm_op', 'dropout_op', 'nonlin']}, 'batch_dice': True} 

These are the global plan.json settings:
 {'dataset_name': 'Dataset033_AVM_T1+C', 'plans_name': 'nnUNetResEncUNetLPlans', 'original_median_spacing_after_transp': [0.500000923871994, 0.4910714328289032, 0.4910714328289032], 'original_median_shape_after_transp': [330, 448, 424], 'image_reader_writer': 'SimpleITKIO', 'transpose_forward': [0, 1, 2], 'transpose_backward': [0, 1, 2], 'experiment_planner_used': 'nnUNetPlannerResEncL', 'label_manager': 'LabelManager', 'foreground_intensity_properties_per_channel': {'0': {'max': 12113.0, 'mean': 449.843505859375, 'median': 311.0, 'min': 0.0, 'percentile_00_5': 34.0, 'percentile_99_5': 3202.0, 'std': 471.56329345703125}}} 

2026-01-03 23:26:17.081116: Unable to plot network architecture: nnUNet_compile is enabled!
2026-01-03 23:26:17.142418: 
2026-01-03 23:26:17.146095: Epoch 0
2026-01-03 23:26:17.148608: Current learning rate: 0.0001
2026-01-03 23:28:22.293977: train_loss 0.7604
2026-01-03 23:28:22.297783: val_loss 0.6479
2026-01-03 23:28:22.299892: val classification accuracy 0.6087
2026-01-03 23:28:22.301939: val auc 0.6994
2026-01-03 23:28:22.304120: Epoch time: 125.16 s
2026-01-03 23:28:22.305841: Yayy! New best EMA pseudo Dice: 0.6994
2026-01-03 23:28:24.482240: Yayy! New best classification accuracy: 0.6087
2026-01-03 23:28:26.716098: 
2026-01-03 23:28:26.718889: Epoch 1
2026-01-03 23:28:26.721090: Current learning rate: 0.0001
2026-01-03 23:29:32.107361: train_loss 0.7177
2026-01-03 23:29:32.111755: val_loss 0.7264
2026-01-03 23:29:32.114450: val classification accuracy 0.413
2026-01-03 23:29:32.117439: val auc 0.3819
2026-01-03 23:29:32.120258: Epoch time: 65.39 s
2026-01-03 23:29:32.888594: 
2026-01-03 23:29:32.891756: Epoch 2
2026-01-03 23:29:32.893968: Current learning rate: 0.0001
2026-01-03 23:30:37.029275: train_loss 0.735
2026-01-03 23:30:37.038048: val_loss 0.9007
2026-01-03 23:30:37.042164: val classification accuracy 0.4783
2026-01-03 23:30:37.046506: val auc 0.5917
2026-01-03 23:30:37.049860: Epoch time: 64.14 s
2026-01-03 23:30:37.814639: 
2026-01-03 23:30:37.817411: Epoch 3
2026-01-03 23:30:37.819308: Current learning rate: 0.0001
2026-01-03 23:31:42.207728: train_loss 0.7486
2026-01-03 23:31:42.211697: val_loss 0.7632
2026-01-03 23:31:42.215091: val classification accuracy 0.5217
2026-01-03 23:31:42.217346: val auc 0.3686
2026-01-03 23:31:42.219496: Epoch time: 64.39 s
2026-01-03 23:31:43.729768: 
2026-01-03 23:31:43.732763: Epoch 4
2026-01-03 23:31:43.735276: Current learning rate: 0.0001
2026-01-03 23:32:47.835135: train_loss 0.7636
2026-01-03 23:32:47.847142: val_loss 0.8033
2026-01-03 23:32:47.849732: val classification accuracy 0.413
2026-01-03 23:32:47.855384: val auc 0.4055
2026-01-03 23:32:47.858057: Epoch time: 64.11 s
2026-01-03 23:32:48.596534: 
2026-01-03 23:32:48.599516: Epoch 5
2026-01-03 23:32:48.601578: Current learning rate: 0.0001
2026-01-03 23:33:53.653174: train_loss 0.7556
2026-01-03 23:33:53.657954: val_loss 0.9197
2026-01-03 23:33:53.660498: val classification accuracy 0.5
2026-01-03 23:33:53.663446: val auc 0.4272
2026-01-03 23:33:53.666170: Epoch time: 65.06 s
2026-01-03 23:33:54.521508: 
2026-01-03 23:33:54.524520: Epoch 6
2026-01-03 23:33:54.526784: Current learning rate: 0.0001
2026-01-03 23:34:58.544761: train_loss 0.7325
2026-01-03 23:34:58.549305: val_loss 0.6646
2026-01-03 23:34:58.552277: val classification accuracy 0.6522
2026-01-03 23:34:58.555276: val auc 0.6597
2026-01-03 23:34:58.558089: Epoch time: 64.02 s
2026-01-03 23:34:58.560355: Yayy! New best classification accuracy: 0.6522
2026-01-03 23:35:01.490232: 
2026-01-03 23:35:01.493203: Epoch 7
2026-01-03 23:35:01.495331: Current learning rate: 0.0001
2026-01-03 23:36:05.095247: train_loss 0.6959
2026-01-03 23:36:05.099445: val_loss 0.708
2026-01-03 23:36:05.101980: val classification accuracy 0.4783
2026-01-03 23:36:05.104435: val auc 0.5057
2026-01-03 23:36:05.106982: Epoch time: 63.61 s
2026-01-03 23:36:05.846776: 
2026-01-03 23:36:05.849538: Epoch 8
2026-01-03 23:36:05.851556: Current learning rate: 0.0001
2026-01-03 23:37:09.041061: train_loss 0.7148
2026-01-03 23:37:09.045983: val_loss 0.6899
2026-01-03 23:37:09.048536: val classification accuracy 0.4783
2026-01-03 23:37:09.051004: val auc 0.5662
2026-01-03 23:37:09.053886: Epoch time: 63.2 s
2026-01-03 23:37:09.854669: 
2026-01-03 23:37:09.858031: Epoch 9
2026-01-03 23:37:09.860159: Current learning rate: 0.0001
2026-01-03 23:38:13.815233: train_loss 0.7383
2026-01-03 23:38:13.820357: val_loss 0.693
2026-01-03 23:38:13.823169: val classification accuracy 0.6304
2026-01-03 23:38:13.825986: val auc 0.5444
2026-01-03 23:38:13.857381: Epoch time: 63.96 s
2026-01-03 23:38:14.656813: 
2026-01-03 23:38:14.661011: Epoch 10
2026-01-03 23:38:14.663404: Current learning rate: 0.0001
2026-01-03 23:39:19.190524: train_loss 0.7196
2026-01-03 23:39:19.196283: val_loss 0.7284
2026-01-03 23:39:19.198931: val classification accuracy 0.4783
2026-01-03 23:39:19.201341: val auc 0.5019
2026-01-03 23:39:19.204528: Epoch time: 64.53 s
2026-01-03 23:39:19.993423: 
2026-01-03 23:39:19.997459: Epoch 11
2026-01-03 23:39:20.000214: Current learning rate: 0.0001
2026-01-03 23:40:24.134891: train_loss 0.7447
2026-01-03 23:40:24.140466: val_loss 1.1978
2026-01-03 23:40:24.145297: val classification accuracy 0.3478
2026-01-03 23:40:24.148215: val auc 0.3526
2026-01-03 23:40:24.151110: Epoch time: 64.14 s
2026-01-03 23:40:24.893126: 
2026-01-03 23:40:24.898061: Epoch 12
2026-01-03 23:40:24.901482: Current learning rate: 0.0001
2026-01-03 23:41:29.451494: train_loss 0.8646
2026-01-03 23:41:29.478385: val_loss 0.8079
2026-01-03 23:41:29.482033: val classification accuracy 0.5217
2026-01-03 23:41:29.485176: val auc 0.4953
2026-01-03 23:41:29.488658: Epoch time: 64.56 s
2026-01-03 23:41:30.291413: 
2026-01-03 23:41:30.296672: Epoch 13
2026-01-03 23:41:30.300305: Current learning rate: 0.0001
2026-01-03 23:42:35.058640: train_loss 0.7395
2026-01-03 23:42:35.063768: val_loss 0.6949
2026-01-03 23:42:35.067259: val classification accuracy 0.5
2026-01-03 23:42:35.070265: val auc 0.5132
2026-01-03 23:42:35.073703: Epoch time: 64.77 s
2026-01-03 23:42:35.802234: 
2026-01-03 23:42:35.806294: Epoch 14
2026-01-03 23:42:35.809662: Current learning rate: 0.0001
2026-01-03 23:43:39.682911: train_loss 0.7324
2026-01-03 23:43:39.700628: val_loss 0.6751
2026-01-03 23:43:39.703744: val classification accuracy 0.5435
2026-01-03 23:43:39.707011: val auc 0.6021
2026-01-03 23:43:39.710261: Epoch time: 63.88 s
2026-01-03 23:43:40.484669: 
2026-01-03 23:43:40.488294: Epoch 15
2026-01-03 23:43:40.490860: Current learning rate: 0.0001
2026-01-03 23:44:44.562735: train_loss 0.7017
2026-01-03 23:44:44.568818: val_loss 0.6744
2026-01-03 23:44:44.571716: val classification accuracy 0.6522
2026-01-03 23:44:44.574295: val auc 0.6295
2026-01-03 23:44:44.576862: Epoch time: 64.08 s
2026-01-03 23:44:45.346954: 
2026-01-03 23:44:45.350607: Epoch 16
2026-01-03 23:44:45.353023: Current learning rate: 0.0001
2026-01-03 23:45:50.164476: train_loss 0.7087
2026-01-03 23:45:50.188035: val_loss 0.9764
2026-01-03 23:45:50.191188: val classification accuracy 0.3261
2026-01-03 23:45:50.194202: val auc 0.2514
2026-01-03 23:45:50.199178: Epoch time: 64.82 s
2026-01-03 23:45:51.016020: 
2026-01-03 23:45:51.019219: Epoch 17
2026-01-03 23:45:51.021830: Current learning rate: 9e-05
2026-01-03 23:46:56.078902: train_loss 0.7242
2026-01-03 23:46:56.083826: val_loss 0.6976
2026-01-03 23:46:56.086848: val classification accuracy 0.587
2026-01-03 23:46:56.090349: val auc 0.6219
2026-01-03 23:46:56.093413: Epoch time: 65.06 s
2026-01-03 23:46:56.891504: 
2026-01-03 23:46:56.894929: Epoch 18
2026-01-03 23:46:56.897524: Current learning rate: 9e-05
2026-01-03 23:48:00.666039: train_loss 0.7275
2026-01-03 23:48:00.681669: val_loss 0.6659
2026-01-03 23:48:00.685225: val classification accuracy 0.6087
2026-01-03 23:48:00.688129: val auc 0.6465
2026-01-03 23:48:00.691298: Epoch time: 63.78 s
2026-01-03 23:48:01.417027: 
2026-01-03 23:48:01.420715: Epoch 19
2026-01-03 23:48:01.423248: Current learning rate: 9e-05
2026-01-03 23:49:06.263375: train_loss 0.7093
2026-01-03 23:49:06.268607: val_loss 0.6959
2026-01-03 23:49:06.271747: val classification accuracy 0.4783
2026-01-03 23:49:06.274814: val auc 0.4735
2026-01-03 23:49:06.277809: Epoch time: 64.85 s
2026-01-03 23:49:08.587040: Saved periodic checkpoint /hpf/projects/jquon/sumin/nnUNet_data/nnUNet_results/Dataset033_AVM_T1+C/SwinViTTrainer_ep300_NoMirroring_x2__nnUNetResEncUNetLPlans__3d_fullres/fold_2/checkpoint_every20_best_balacc.pth at epoch 19 with val_balanced_accuracy=0.4783
2026-01-03 23:49:10.137672: Saved periodic checkpoint /hpf/projects/jquon/sumin/nnUNet_data/nnUNet_results/Dataset033_AVM_T1+C/SwinViTTrainer_ep300_NoMirroring_x2__nnUNetResEncUNetLPlans__3d_fullres/fold_2/checkpoint_every20_best_auroc.pth at epoch 19 with val_auc=0.4735
2026-01-03 23:49:11.704906: 
2026-01-03 23:49:11.708425: Epoch 20
2026-01-03 23:49:11.711255: Current learning rate: 9e-05
2026-01-03 23:50:15.631959: train_loss 0.6901
2026-01-03 23:50:15.637394: val_loss 0.7541
2026-01-03 23:50:15.640320: val classification accuracy 0.4348
2026-01-03 23:50:15.643056: val auc 0.4584
2026-01-03 23:50:15.646150: Epoch time: 63.93 s
2026-01-03 23:50:16.373475: 
2026-01-03 23:50:16.377150: Epoch 21
2026-01-03 23:50:16.379949: Current learning rate: 9e-05
2026-01-03 23:51:20.076998: train_loss 0.7014
2026-01-03 23:51:20.081966: val_loss 0.7202
2026-01-03 23:51:20.085430: val classification accuracy 0.5217
2026-01-03 23:51:20.088476: val auc 0.6106
2026-01-03 23:51:20.091288: Epoch time: 63.7 s
2026-01-03 23:51:20.842012: 
2026-01-03 23:51:20.845598: Epoch 22
2026-01-03 23:51:20.848205: Current learning rate: 9e-05
2026-01-03 23:52:24.542468: train_loss 0.7396
2026-01-03 23:52:24.546799: val_loss 0.8271
2026-01-03 23:52:24.549668: val classification accuracy 0.413
2026-01-03 23:52:24.552483: val auc 0.3185
2026-01-03 23:52:24.555128: Epoch time: 63.7 s
2026-01-03 23:52:25.308383: 
2026-01-03 23:52:25.311521: Epoch 23
2026-01-03 23:52:25.313936: Current learning rate: 9e-05
2026-01-03 23:53:29.623485: train_loss 0.7182
2026-01-03 23:53:29.630867: val_loss 0.724
2026-01-03 23:53:29.635134: val classification accuracy 0.4783
2026-01-03 23:53:29.639015: val auc 0.5028
2026-01-03 23:53:29.642680: Epoch time: 64.32 s
2026-01-03 23:53:30.389941: 
2026-01-03 23:53:30.393578: Epoch 24
2026-01-03 23:53:30.396069: Current learning rate: 9e-05
2026-01-03 23:54:35.112541: train_loss 0.7338
2026-01-03 23:54:35.117178: val_loss 0.6348
2026-01-03 23:54:35.120000: val classification accuracy 0.6739
2026-01-03 23:54:35.122561: val auc 0.6909
2026-01-03 23:54:35.125326: Epoch time: 64.72 s
2026-01-03 23:54:35.127669: Yayy! New best classification accuracy: 0.6739
2026-01-03 23:54:38.046323: 
2026-01-03 23:54:38.049752: Epoch 25
2026-01-03 23:54:38.054246: Current learning rate: 9e-05
2026-01-03 23:55:42.152763: train_loss 0.7238
2026-01-03 23:55:42.158710: val_loss 0.7091
2026-01-03 23:55:42.161837: val classification accuracy 0.4783
2026-01-03 23:55:42.165182: val auc 0.5312
2026-01-03 23:55:42.168326: Epoch time: 64.11 s
2026-01-03 23:55:43.008587: 
2026-01-03 23:55:43.012070: Epoch 26
2026-01-03 23:55:43.014756: Current learning rate: 9e-05
2026-01-03 23:56:47.593346: train_loss 0.7008
2026-01-03 23:56:47.610959: val_loss 0.6977
2026-01-03 23:56:47.614568: val classification accuracy 0.5435
2026-01-03 23:56:47.618238: val auc 0.5718
2026-01-03 23:56:47.621383: Epoch time: 64.59 s
2026-01-03 23:56:48.426608: 
2026-01-03 23:56:48.430721: Epoch 27
2026-01-03 23:56:48.433659: Current learning rate: 9e-05
2026-01-03 23:57:53.378977: train_loss 0.7147
2026-01-03 23:57:53.383633: val_loss 0.6806
2026-01-03 23:57:53.386440: val classification accuracy 0.6087
2026-01-03 23:57:53.389052: val auc 0.5926
2026-01-03 23:57:53.391968: Epoch time: 64.95 s
2026-01-03 23:57:54.128404: 
2026-01-03 23:57:54.131732: Epoch 28
2026-01-03 23:57:54.134540: Current learning rate: 9e-05
2026-01-03 23:58:59.107014: train_loss 0.7043
2026-01-03 23:58:59.111845: val_loss 0.6908
2026-01-03 23:58:59.114942: val classification accuracy 0.5435
2026-01-03 23:58:59.118026: val auc 0.5699
2026-01-03 23:58:59.121448: Epoch time: 64.98 s
2026-01-03 23:58:59.858553: 
2026-01-03 23:58:59.862005: Epoch 29
2026-01-03 23:58:59.864491: Current learning rate: 9e-05
2026-01-04 00:00:03.677251: train_loss 0.7034
2026-01-04 00:00:03.690490: val_loss 0.6778
2026-01-04 00:00:03.698056: val classification accuracy 0.5652
2026-01-04 00:00:03.704292: val auc 0.6115
2026-01-04 00:00:03.710835: Epoch time: 63.82 s
2026-01-04 00:00:04.487962: 
2026-01-04 00:00:04.491755: Epoch 30
2026-01-04 00:00:04.494761: Current learning rate: 9e-05
2026-01-04 00:01:09.506655: train_loss 0.7125
2026-01-04 00:01:09.511678: val_loss 0.7279
2026-01-04 00:01:09.514700: val classification accuracy 0.4783
2026-01-04 00:01:09.518100: val auc 0.4348
2026-01-04 00:01:09.521182: Epoch time: 65.02 s
2026-01-04 00:01:10.291188: 
2026-01-04 00:01:10.294590: Epoch 31
2026-01-04 00:01:10.297286: Current learning rate: 9e-05
2026-01-04 00:02:15.430439: train_loss 0.7333
2026-01-04 00:02:15.435020: val_loss 0.7195
2026-01-04 00:02:15.437998: val classification accuracy 0.3696
2026-01-04 00:02:15.441212: val auc 0.4329
2026-01-04 00:02:15.444452: Epoch time: 65.14 s
2026-01-04 00:02:16.187666: 
2026-01-04 00:02:16.192484: Epoch 32
2026-01-04 00:02:16.195340: Current learning rate: 9e-05
2026-01-04 00:03:20.280736: train_loss 0.7203
2026-01-04 00:03:20.287341: val_loss 0.6707
2026-01-04 00:03:20.291455: val classification accuracy 0.587
2026-01-04 00:03:20.294976: val auc 0.6276
2026-01-04 00:03:20.298275: Epoch time: 64.09 s
2026-01-04 00:03:21.042934: 
2026-01-04 00:03:21.046808: Epoch 33
2026-01-04 00:03:21.049791: Current learning rate: 9e-05
2026-01-04 00:04:24.077808: train_loss 0.7545
2026-01-04 00:04:24.082550: val_loss 0.733
2026-01-04 00:04:24.086274: val classification accuracy 0.4783
2026-01-04 00:04:24.089508: val auc 0.3979
2026-01-04 00:04:24.092775: Epoch time: 63.04 s
2026-01-04 00:04:24.938705: 
2026-01-04 00:04:24.942779: Epoch 34
2026-01-04 00:04:24.946440: Current learning rate: 9e-05
2026-01-04 00:05:29.163506: train_loss 0.7178
2026-01-04 00:05:29.186249: val_loss 0.6771
2026-01-04 00:05:29.190012: val classification accuracy 0.5652
2026-01-04 00:05:29.193570: val auc 0.604
2026-01-04 00:05:29.197184: Epoch time: 64.23 s
2026-01-04 00:05:29.958281: 
2026-01-04 00:05:29.961904: Epoch 35
2026-01-04 00:05:29.964822: Current learning rate: 9e-05
2026-01-04 00:06:34.373048: train_loss 0.7173
2026-01-04 00:06:34.377341: val_loss 0.6896
2026-01-04 00:06:34.380728: val classification accuracy 0.6087
2026-01-04 00:06:34.383597: val auc 0.5595
2026-01-04 00:06:34.386676: Epoch time: 64.42 s
2026-01-04 00:06:35.984267: 
2026-01-04 00:06:35.988273: Epoch 36
2026-01-04 00:06:35.991417: Current learning rate: 9e-05
2026-01-04 00:07:40.369107: train_loss 0.7105
2026-01-04 00:07:40.374817: val_loss 0.6851
2026-01-04 00:07:40.377989: val classification accuracy 0.5652
2026-01-04 00:07:40.381207: val auc 0.5652
2026-01-04 00:07:40.384054: Epoch time: 64.39 s
2026-01-04 00:07:41.139015: 
2026-01-04 00:07:41.142865: Epoch 37
2026-01-04 00:07:41.145395: Current learning rate: 9e-05
2026-01-04 00:08:46.003150: train_loss 0.7018
2026-01-04 00:08:46.017258: val_loss 0.688
2026-01-04 00:08:46.025584: val classification accuracy 0.5652
2026-01-04 00:08:46.029032: val auc 0.5974
2026-01-04 00:08:46.032079: Epoch time: 64.87 s
2026-01-04 00:08:46.870003: 
2026-01-04 00:08:46.873645: Epoch 38
2026-01-04 00:08:46.876699: Current learning rate: 9e-05
2026-01-04 00:09:51.789528: train_loss 0.6999
2026-01-04 00:09:51.794008: val_loss 0.7064
2026-01-04 00:09:51.797198: val classification accuracy 0.4348
2026-01-04 00:09:51.800521: val auc 0.4386
2026-01-04 00:09:51.804157: Epoch time: 64.92 s
2026-01-04 00:09:52.593804: 
2026-01-04 00:09:52.597648: Epoch 39
2026-01-04 00:09:52.600300: Current learning rate: 9e-05
2026-01-04 00:10:56.586345: train_loss 0.6848
2026-01-04 00:10:56.591326: val_loss 0.7253
2026-01-04 00:10:56.594757: val classification accuracy 0.4348
2026-01-04 00:10:56.598059: val auc 0.5161
2026-01-04 00:10:56.601352: Epoch time: 63.99 s
2026-01-04 00:10:58.901582: Saved periodic checkpoint /hpf/projects/jquon/sumin/nnUNet_data/nnUNet_results/Dataset033_AVM_T1+C/SwinViTTrainer_ep300_NoMirroring_x2__nnUNetResEncUNetLPlans__3d_fullres/fold_2/checkpoint_every20_best_auroc.pth at epoch 39 with val_auc=0.5161
2026-01-04 00:10:59.659664: 
2026-01-04 00:10:59.663561: Epoch 40
2026-01-04 00:10:59.666481: Current learning rate: 9e-05
2026-01-04 00:12:04.892342: train_loss 0.6835
2026-01-04 00:12:04.897333: val_loss 0.6824
2026-01-04 00:12:04.904476: val classification accuracy 0.5217
2026-01-04 00:12:04.909385: val auc 0.5595
2026-01-04 00:12:04.913723: Epoch time: 65.23 s
2026-01-04 00:12:05.750443: 
2026-01-04 00:12:05.754479: Epoch 41
2026-01-04 00:12:05.757270: Current learning rate: 9e-05
2026-01-04 00:13:09.950954: train_loss 0.702
2026-01-04 00:13:09.955889: val_loss 0.7069
2026-01-04 00:13:09.959393: val classification accuracy 0.4783
2026-01-04 00:13:09.962468: val auc 0.5085
2026-01-04 00:13:09.965956: Epoch time: 64.2 s
2026-01-04 00:13:10.736462: 
2026-01-04 00:13:10.740302: Epoch 42
2026-01-04 00:13:10.742796: Current learning rate: 9e-05
2026-01-04 00:14:14.695164: train_loss 0.7104
2026-01-04 00:14:14.701297: val_loss 0.6995
2026-01-04 00:14:14.705090: val classification accuracy 0.4565
2026-01-04 00:14:14.709017: val auc 0.5425
2026-01-04 00:14:14.712426: Epoch time: 63.96 s
2026-01-04 00:14:15.524536: 
2026-01-04 00:14:15.527808: Epoch 43
2026-01-04 00:14:15.530410: Current learning rate: 9e-05
2026-01-04 00:15:20.116249: train_loss 0.6952
2026-01-04 00:15:20.128867: val_loss 0.7053
2026-01-04 00:15:20.132863: val classification accuracy 0.413
2026-01-04 00:15:20.136680: val auc 0.3507
2026-01-04 00:15:20.139651: Epoch time: 64.59 s
2026-01-04 00:15:21.017225: 
2026-01-04 00:15:21.020887: Epoch 44
2026-01-04 00:15:21.023558: Current learning rate: 9e-05
2026-01-04 00:16:25.216792: train_loss 0.6936
2026-01-04 00:16:25.221826: val_loss 0.7225
2026-01-04 00:16:25.224696: val classification accuracy 0.4348
2026-01-04 00:16:25.227752: val auc 0.4272
2026-01-04 00:16:25.231485: Epoch time: 64.2 s
2026-01-04 00:16:26.038985: 
2026-01-04 00:16:26.042801: Epoch 45
2026-01-04 00:16:26.045856: Current learning rate: 9e-05
2026-01-04 00:17:30.644375: train_loss 0.703
2026-01-04 00:17:30.650304: val_loss 0.6792
2026-01-04 00:17:30.653696: val classification accuracy 0.5652
2026-01-04 00:17:30.656926: val auc 0.5936
2026-01-04 00:17:30.659956: Epoch time: 64.61 s
2026-01-04 00:17:31.399827: 
2026-01-04 00:17:31.403440: Epoch 46
2026-01-04 00:17:31.406480: Current learning rate: 9e-05
2026-01-04 00:18:34.506850: train_loss 0.7029
2026-01-04 00:18:34.512010: val_loss 0.723
2026-01-04 00:18:34.515099: val classification accuracy 0.5435
2026-01-04 00:18:34.518003: val auc 0.4433
2026-01-04 00:18:34.520695: Epoch time: 63.11 s
2026-01-04 00:18:35.239677: 
2026-01-04 00:18:35.243008: Epoch 47
2026-01-04 00:18:35.245421: Current learning rate: 9e-05
2026-01-04 00:19:39.928846: train_loss 0.683
2026-01-04 00:19:39.940760: val_loss 0.7093
2026-01-04 00:19:39.947955: val classification accuracy 0.4348
2026-01-04 00:19:39.953401: val auc 0.5595
2026-01-04 00:19:39.958724: Epoch time: 64.69 s
2026-01-04 00:19:40.739064: 
2026-01-04 00:19:40.743107: Epoch 48
2026-01-04 00:19:40.745914: Current learning rate: 9e-05
2026-01-04 00:20:45.107804: train_loss 0.6882
2026-01-04 00:20:45.127511: val_loss 0.7702
2026-01-04 00:20:45.130469: val classification accuracy 0.4348
2026-01-04 00:20:45.133567: val auc 0.4008
2026-01-04 00:20:45.136669: Epoch time: 64.37 s
2026-01-04 00:20:45.879958: 
2026-01-04 00:20:45.883682: Epoch 49
2026-01-04 00:20:45.886491: Current learning rate: 9e-05
2026-01-04 00:21:50.516113: train_loss 0.7024
2026-01-04 00:21:50.523535: val_loss 0.7866
2026-01-04 00:21:50.526492: val classification accuracy 0.5217
2026-01-04 00:21:50.530616: val auc 0.465
2026-01-04 00:21:50.533796: Epoch time: 64.64 s
2026-01-04 00:21:51.289811: 
2026-01-04 00:21:51.293263: Epoch 50
2026-01-04 00:21:51.295812: Current learning rate: 8e-05
2026-01-04 00:22:55.374543: train_loss 0.7253
2026-01-04 00:22:55.380168: val_loss 0.6745
2026-01-04 00:22:55.383487: val classification accuracy 0.5652
2026-01-04 00:22:55.386574: val auc 0.6616
2026-01-04 00:22:55.389836: Epoch time: 64.09 s
2026-01-04 00:22:56.140348: 
2026-01-04 00:22:56.144192: Epoch 51
2026-01-04 00:22:56.147098: Current learning rate: 8e-05
2026-01-04 00:24:00.675969: train_loss 0.6842
2026-01-04 00:24:00.682055: val_loss 0.7788
2026-01-04 00:24:00.685167: val classification accuracy 0.5435
2026-01-04 00:24:00.688488: val auc 0.5444
2026-01-04 00:24:00.691660: Epoch time: 64.54 s
2026-01-04 00:24:02.340408: 
2026-01-04 00:24:02.344165: Epoch 52
2026-01-04 00:24:02.346864: Current learning rate: 8e-05
2026-01-04 00:25:06.159461: train_loss 0.7058
2026-01-04 00:25:06.164408: val_loss 0.699
2026-01-04 00:25:06.167777: val classification accuracy 0.5
2026-01-04 00:25:06.171079: val auc 0.6314
2026-01-04 00:25:06.174258: Epoch time: 63.82 s
2026-01-04 00:25:06.952835: 
2026-01-04 00:25:06.956414: Epoch 53
2026-01-04 00:25:06.959408: Current learning rate: 8e-05
2026-01-04 00:26:11.496753: train_loss 0.717
2026-01-04 00:26:11.502103: val_loss 0.7148
2026-01-04 00:26:11.513336: val classification accuracy 0.4565
2026-01-04 00:26:11.519090: val auc 0.4915
2026-01-04 00:26:11.523761: Epoch time: 64.55 s
2026-01-04 00:26:12.287244: 
2026-01-04 00:26:12.291183: Epoch 54
2026-01-04 00:26:12.293911: Current learning rate: 8e-05
2026-01-04 00:27:16.440454: train_loss 0.7457
2026-01-04 00:27:16.446719: val_loss 0.7878
2026-01-04 00:27:16.450065: val classification accuracy 0.5
2026-01-04 00:27:16.453150: val auc 0.5066
2026-01-04 00:27:16.456191: Epoch time: 64.15 s
2026-01-04 00:27:17.203125: 
2026-01-04 00:27:17.206698: Epoch 55
2026-01-04 00:27:17.209391: Current learning rate: 8e-05
2026-01-04 00:28:21.699637: train_loss 0.726
2026-01-04 00:28:21.704598: val_loss 0.6654
2026-01-04 00:28:21.707379: val classification accuracy 0.6087
2026-01-04 00:28:21.710263: val auc 0.6616
2026-01-04 00:28:21.713089: Epoch time: 64.5 s
2026-01-04 00:28:22.631684: 
2026-01-04 00:28:22.638288: Epoch 56
2026-01-04 00:28:22.649051: Current learning rate: 8e-05
2026-01-04 00:29:27.316507: train_loss 0.7235
2026-01-04 00:29:27.321477: val_loss 0.7284
2026-01-04 00:29:27.324615: val classification accuracy 0.4565
2026-01-04 00:29:27.327567: val auc 0.482
2026-01-04 00:29:27.330775: Epoch time: 64.69 s
2026-01-04 00:29:28.055755: 
2026-01-04 00:29:28.059020: Epoch 57
2026-01-04 00:29:28.061784: Current learning rate: 8e-05
2026-01-04 00:30:33.009415: train_loss 0.7192
2026-01-04 00:30:33.016411: val_loss 0.7018
2026-01-04 00:30:33.020443: val classification accuracy 0.5
2026-01-04 00:30:33.024448: val auc 0.5312
2026-01-04 00:30:33.028044: Epoch time: 64.95 s
2026-01-04 00:30:33.807337: 
2026-01-04 00:30:33.811196: Epoch 58
2026-01-04 00:30:33.813840: Current learning rate: 8e-05
2026-01-04 00:31:37.548171: train_loss 0.7327
2026-01-04 00:31:37.553986: val_loss 0.7673
2026-01-04 00:31:37.557909: val classification accuracy 0.4565
2026-01-04 00:31:37.561441: val auc 0.4272
2026-01-04 00:31:37.565049: Epoch time: 63.74 s
2026-01-04 00:31:38.338089: 
2026-01-04 00:31:38.343216: Epoch 59
2026-01-04 00:31:38.346770: Current learning rate: 8e-05
2026-01-04 00:32:41.685338: train_loss 0.6981
2026-01-04 00:32:41.691325: val_loss 0.6943
2026-01-04 00:32:41.695109: val classification accuracy 0.5217
2026-01-04 00:32:41.698452: val auc 0.5681
2026-01-04 00:32:41.701582: Epoch time: 63.35 s
2026-01-04 00:32:43.812940: Saved periodic checkpoint /hpf/projects/jquon/sumin/nnUNet_data/nnUNet_results/Dataset033_AVM_T1+C/SwinViTTrainer_ep300_NoMirroring_x2__nnUNetResEncUNetLPlans__3d_fullres/fold_2/checkpoint_every20_best_balacc.pth at epoch 59 with val_balanced_accuracy=0.5217
2026-01-04 00:32:45.722018: Saved periodic checkpoint /hpf/projects/jquon/sumin/nnUNet_data/nnUNet_results/Dataset033_AVM_T1+C/SwinViTTrainer_ep300_NoMirroring_x2__nnUNetResEncUNetLPlans__3d_fullres/fold_2/checkpoint_every20_best_auroc.pth at epoch 59 with val_auc=0.5681
2026-01-04 00:32:46.430623: 
2026-01-04 00:32:46.434129: Epoch 60
2026-01-04 00:32:46.436739: Current learning rate: 8e-05
2026-01-04 00:33:50.986647: train_loss 0.6934
2026-01-04 00:33:50.991655: val_loss 0.7154
2026-01-04 00:33:50.994664: val classification accuracy 0.413
2026-01-04 00:33:50.998211: val auc 0.465
2026-01-04 00:33:51.001051: Epoch time: 64.56 s
2026-01-04 00:33:51.735092: 
2026-01-04 00:33:51.738682: Epoch 61
2026-01-04 00:33:51.741274: Current learning rate: 8e-05
2026-01-04 00:34:56.029032: train_loss 0.7398
2026-01-04 00:34:56.035585: val_loss 0.6692
2026-01-04 00:34:56.039233: val classification accuracy 0.5217
2026-01-04 00:34:56.042372: val auc 0.6144
2026-01-04 00:34:56.045506: Epoch time: 64.3 s
2026-01-04 00:34:56.802153: 
2026-01-04 00:34:56.805860: Epoch 62
2026-01-04 00:34:56.808825: Current learning rate: 8e-05
2026-01-04 00:36:01.311814: train_loss 0.7844
2026-01-04 00:36:01.318042: val_loss 0.7553
2026-01-04 00:36:01.322413: val classification accuracy 0.5435
2026-01-04 00:36:01.326494: val auc 0.5841
2026-01-04 00:36:01.330342: Epoch time: 64.51 s
2026-01-04 00:36:02.056383: 
2026-01-04 00:36:02.060045: Epoch 63
2026-01-04 00:36:02.062845: Current learning rate: 8e-05
2026-01-04 00:37:06.568764: train_loss 0.7089
2026-01-04 00:37:06.573355: val_loss 0.7264
2026-01-04 00:37:06.576321: val classification accuracy 0.5
2026-01-04 00:37:06.579482: val auc 0.482
2026-01-04 00:37:06.582319: Epoch time: 64.51 s
2026-01-04 00:37:07.335063: 
2026-01-04 00:37:07.338781: Epoch 64
2026-01-04 00:37:07.341271: Current learning rate: 8e-05
2026-01-04 00:38:12.814166: train_loss 0.6898
2026-01-04 00:38:12.821723: val_loss 0.7364
2026-01-04 00:38:12.825404: val classification accuracy 0.4565
2026-01-04 00:38:12.828955: val auc 0.5293
2026-01-04 00:38:12.831995: Epoch time: 65.48 s
2026-01-04 00:38:13.726722: 
2026-01-04 00:38:13.730121: Epoch 65
2026-01-04 00:38:13.732592: Current learning rate: 8e-05
2026-01-04 00:39:18.385998: train_loss 0.6724
2026-01-04 00:39:18.391334: val_loss 0.8037
2026-01-04 00:39:18.394578: val classification accuracy 0.4565
2026-01-04 00:39:18.397506: val auc 0.4612
2026-01-04 00:39:18.400625: Epoch time: 64.66 s
2026-01-04 00:39:19.252172: 
2026-01-04 00:39:19.255707: Epoch 66
2026-01-04 00:39:19.258328: Current learning rate: 8e-05
2026-01-04 00:40:23.595517: train_loss 0.7185
2026-01-04 00:40:23.601212: val_loss 0.6928
2026-01-04 00:40:23.604457: val classification accuracy 0.5217
2026-01-04 00:40:23.610189: val auc 0.586
2026-01-04 00:40:23.613342: Epoch time: 64.34 s
2026-01-04 00:40:24.329595: 
2026-01-04 00:40:24.333625: Epoch 67
2026-01-04 00:40:24.336770: Current learning rate: 8e-05
2026-01-04 00:41:28.741729: train_loss 0.7153
2026-01-04 00:41:28.746314: val_loss 0.9506
2026-01-04 00:41:28.749041: val classification accuracy 0.3696
2026-01-04 00:41:28.751922: val auc 0.327
2026-01-04 00:41:28.754768: Epoch time: 64.41 s
2026-01-04 00:41:30.409779: 
2026-01-04 00:41:30.413344: Epoch 68
2026-01-04 00:41:30.416126: Current learning rate: 8e-05
2026-01-04 00:42:35.706337: train_loss 0.8087
2026-01-04 00:42:35.710913: val_loss 0.6448
2026-01-04 00:42:35.713963: val classification accuracy 0.7174
2026-01-04 00:42:35.717625: val auc 0.776
2026-01-04 00:42:35.720350: Epoch time: 65.3 s
2026-01-04 00:42:35.723144: Yayy! New best EMA pseudo Dice: 0.776
2026-01-04 00:42:37.882865: Yayy! New best classification accuracy: 0.7174
2026-01-04 00:42:40.137760: 
2026-01-04 00:42:40.141435: Epoch 69
2026-01-04 00:42:40.144227: Current learning rate: 8e-05
2026-01-04 00:43:44.546098: train_loss 0.7259
2026-01-04 00:43:44.553425: val_loss 0.679
2026-01-04 00:43:44.558007: val classification accuracy 0.5652
2026-01-04 00:43:44.563364: val auc 0.6002
2026-01-04 00:43:44.568061: Epoch time: 64.41 s
2026-01-04 00:43:45.338355: 
2026-01-04 00:43:45.341753: Epoch 70
2026-01-04 00:43:45.344498: Current learning rate: 8e-05
2026-01-04 00:44:49.469767: train_loss 0.7101
2026-01-04 00:44:49.475047: val_loss 0.698
2026-01-04 00:44:49.478241: val classification accuracy 0.5
2026-01-04 00:44:49.481344: val auc 0.5331
2026-01-04 00:44:49.484700: Epoch time: 64.13 s
2026-01-04 00:44:50.239011: 
2026-01-04 00:44:50.242829: Epoch 71
2026-01-04 00:44:50.246417: Current learning rate: 8e-05
2026-01-04 00:45:53.195513: train_loss 0.6898
2026-01-04 00:45:53.200271: val_loss 0.8392
2026-01-04 00:45:53.203567: val classification accuracy 0.4565
2026-01-04 00:45:53.206809: val auc 0.4991
2026-01-04 00:45:53.209943: Epoch time: 62.96 s
2026-01-04 00:45:53.981343: 
2026-01-04 00:45:53.985206: Epoch 72
2026-01-04 00:45:53.987864: Current learning rate: 8e-05
2026-01-04 00:46:58.194577: train_loss 0.7001
2026-01-04 00:46:58.199487: val_loss 0.7488
2026-01-04 00:46:58.202867: val classification accuracy 0.413
2026-01-04 00:46:58.205835: val auc 0.3601
2026-01-04 00:46:58.209066: Epoch time: 64.21 s
2026-01-04 00:46:59.044252: 
2026-01-04 00:46:59.048141: Epoch 73
2026-01-04 00:46:59.050957: Current learning rate: 8e-05
2026-01-04 00:48:02.407188: train_loss 0.671
2026-01-04 00:48:02.412545: val_loss 0.8101
2026-01-04 00:48:02.420498: val classification accuracy 0.4565
2026-01-04 00:48:02.430391: val auc 0.414
2026-01-04 00:48:02.433025: Epoch time: 63.36 s
2026-01-04 00:48:03.211027: 
2026-01-04 00:48:03.214697: Epoch 74
2026-01-04 00:48:03.217329: Current learning rate: 8e-05
2026-01-04 00:49:08.083113: train_loss 0.6697
2026-01-04 00:49:08.089709: val_loss 0.7506
2026-01-04 00:49:08.093924: val classification accuracy 0.5435
2026-01-04 00:49:08.097562: val auc 0.5501
2026-01-04 00:49:08.101419: Epoch time: 64.87 s
2026-01-04 00:49:08.874750: 
2026-01-04 00:49:08.878772: Epoch 75
2026-01-04 00:49:08.881479: Current learning rate: 8e-05
2026-01-04 00:50:13.611326: train_loss 0.6779
2026-01-04 00:50:13.625354: val_loss 0.679
2026-01-04 00:50:13.629267: val classification accuracy 0.6087
2026-01-04 00:50:13.632598: val auc 0.6295
2026-01-04 00:50:13.635632: Epoch time: 64.74 s
2026-01-04 00:50:14.399007: 
2026-01-04 00:50:14.403029: Epoch 76
2026-01-04 00:50:14.406075: Current learning rate: 8e-05
2026-01-04 00:51:18.818516: train_loss 0.6673
2026-01-04 00:51:18.823512: val_loss 0.9047
2026-01-04 00:51:18.826618: val classification accuracy 0.2391
2026-01-04 00:51:18.829504: val auc 0.1134
2026-01-04 00:51:18.832224: Epoch time: 64.42 s
2026-01-04 00:51:19.572839: 
2026-01-04 00:51:19.576579: Epoch 77
2026-01-04 00:51:19.579415: Current learning rate: 8e-05
2026-01-04 00:52:22.901861: train_loss 0.6961
2026-01-04 00:52:22.915565: val_loss 0.8056
2026-01-04 00:52:22.922114: val classification accuracy 0.3261
2026-01-04 00:52:22.927022: val auc 0.2042
2026-01-04 00:52:22.931401: Epoch time: 63.33 s
2026-01-04 00:52:23.673289: 
2026-01-04 00:52:23.676813: Epoch 78
2026-01-04 00:52:23.679546: Current learning rate: 8e-05
2026-01-04 00:53:27.863816: train_loss 0.6838
2026-01-04 00:53:27.868949: val_loss 0.8195
2026-01-04 00:53:27.872180: val classification accuracy 0.3261
2026-01-04 00:53:27.875219: val auc 0.2571
2026-01-04 00:53:27.878330: Epoch time: 64.19 s
2026-01-04 00:53:28.645609: 
2026-01-04 00:53:28.649068: Epoch 79
2026-01-04 00:53:28.651686: Current learning rate: 8e-05
2026-01-04 00:54:33.179017: train_loss 0.6486
2026-01-04 00:54:33.182977: val_loss 0.8728
2026-01-04 00:54:33.185843: val classification accuracy 0.413
2026-01-04 00:54:33.195286: val auc 0.3989
2026-01-04 00:54:33.198288: Epoch time: 64.53 s
2026-01-04 00:54:33.948603: 
2026-01-04 00:54:33.953097: Epoch 80
2026-01-04 00:54:33.955649: Current learning rate: 8e-05
2026-01-04 00:55:38.288321: train_loss 0.6737
2026-01-04 00:55:38.294103: val_loss 0.7415
2026-01-04 00:55:38.297333: val classification accuracy 0.4348
2026-01-04 00:55:38.300646: val auc 0.2949
2026-01-04 00:55:38.303819: Epoch time: 64.34 s
2026-01-04 00:55:39.055994: 
2026-01-04 00:55:39.059357: Epoch 81
2026-01-04 00:55:39.061982: Current learning rate: 8e-05
2026-01-04 00:56:43.034175: train_loss 0.682
2026-01-04 00:56:43.038954: val_loss 0.7575
2026-01-04 00:56:43.041803: val classification accuracy 0.5
2026-01-04 00:56:43.044631: val auc 0.5406
2026-01-04 00:56:43.047406: Epoch time: 63.98 s
2026-01-04 00:56:43.802811: 
2026-01-04 00:56:43.806330: Epoch 82
2026-01-04 00:56:43.809134: Current learning rate: 8e-05
2026-01-04 00:57:47.842319: train_loss 0.6845
2026-01-04 00:57:47.846476: val_loss 0.7845
2026-01-04 00:57:47.849493: val classification accuracy 0.2826
2026-01-04 00:57:47.852765: val auc 0.2136
2026-01-04 00:57:47.855843: Epoch time: 64.04 s
2026-01-04 00:57:48.598260: 
2026-01-04 00:57:48.602008: Epoch 83
2026-01-04 00:57:48.604749: Current learning rate: 7e-05
2026-01-04 00:58:52.909543: train_loss 0.6818
2026-01-04 00:58:52.914251: val_loss 0.7705
2026-01-04 00:58:52.917629: val classification accuracy 0.4565
2026-01-04 00:58:52.920749: val auc 0.3913
2026-01-04 00:58:52.923595: Epoch time: 64.31 s
2026-01-04 00:58:54.740100: 
2026-01-04 00:58:54.743773: Epoch 84
2026-01-04 00:58:54.746606: Current learning rate: 7e-05
2026-01-04 00:59:58.020146: train_loss 0.6639
2026-01-04 00:59:58.033715: val_loss 0.7826
2026-01-04 00:59:58.046391: val classification accuracy 0.3043
2026-01-04 00:59:58.055438: val auc 0.2561
2026-01-04 00:59:58.062314: Epoch time: 63.28 s
2026-01-04 00:59:58.824196: 
2026-01-04 00:59:58.827960: Epoch 85
2026-01-04 00:59:58.830559: Current learning rate: 7e-05
2026-01-04 01:01:02.028578: train_loss 0.6806
2026-01-04 01:01:02.033784: val_loss 0.7524
2026-01-04 01:01:02.036850: val classification accuracy 0.4348
2026-01-04 01:01:02.039953: val auc 0.3062
2026-01-04 01:01:02.042981: Epoch time: 63.21 s
2026-01-04 01:01:02.775835: 
2026-01-04 01:01:02.779656: Epoch 86
2026-01-04 01:01:02.782419: Current learning rate: 7e-05
2026-01-04 01:02:07.107724: train_loss 0.6904
2026-01-04 01:02:07.115988: val_loss 0.8335
2026-01-04 01:02:07.122480: val classification accuracy 0.4565
2026-01-04 01:02:07.127731: val auc 0.2268
2026-01-04 01:02:07.134628: Epoch time: 64.33 s
2026-01-04 01:02:07.962817: 
2026-01-04 01:02:07.966288: Epoch 87
2026-01-04 01:02:07.969076: Current learning rate: 7e-05
2026-01-04 01:03:10.285946: train_loss 0.6636
2026-01-04 01:03:10.306175: val_loss 0.8095
2026-01-04 01:03:10.309547: val classification accuracy 0.4565
2026-01-04 01:03:10.313089: val auc 0.3592
2026-01-04 01:03:10.315966: Epoch time: 62.32 s
2026-01-04 01:03:11.028757: 
2026-01-04 01:03:11.032110: Epoch 88
2026-01-04 01:03:11.034754: Current learning rate: 7e-05
2026-01-04 01:04:13.816371: train_loss 0.683
2026-01-04 01:04:13.821542: val_loss 0.8099
2026-01-04 01:04:13.824807: val classification accuracy 0.3043
2026-01-04 01:04:13.827828: val auc 0.1569
2026-01-04 01:04:13.834497: Epoch time: 62.79 s
2026-01-04 01:04:14.640043: 
2026-01-04 01:04:14.643667: Epoch 89
2026-01-04 01:04:14.646316: Current learning rate: 7e-05
2026-01-04 01:05:17.984853: train_loss 0.6732
2026-01-04 01:05:17.989121: val_loss 0.914
2026-01-04 01:05:17.991997: val classification accuracy 0.2391
2026-01-04 01:05:17.994861: val auc 0.1267
2026-01-04 01:05:17.997850: Epoch time: 63.35 s
2026-01-04 01:05:18.717247: 
2026-01-04 01:05:18.720932: Epoch 90
2026-01-04 01:05:18.723422: Current learning rate: 7e-05
2026-01-04 01:06:23.344455: train_loss 0.6549
2026-01-04 01:06:23.350555: val_loss 1.0034
2026-01-04 01:06:23.354194: val classification accuracy 0.3261
2026-01-04 01:06:23.357622: val auc 0.2401
2026-01-04 01:06:23.361035: Epoch time: 64.63 s
2026-01-04 01:06:24.096059: 
2026-01-04 01:06:24.099519: Epoch 91
2026-01-04 01:06:24.102301: Current learning rate: 7e-05
2026-01-04 01:07:28.328484: train_loss 0.7111
2026-01-04 01:07:28.350540: val_loss 0.8547
2026-01-04 01:07:28.354110: val classification accuracy 0.2826
2026-01-04 01:07:28.357201: val auc 0.2628
2026-01-04 01:07:28.360307: Epoch time: 64.23 s
2026-01-04 01:07:29.058618: 
2026-01-04 01:07:29.061976: Epoch 92
2026-01-04 01:07:29.064478: Current learning rate: 7e-05
2026-01-04 01:08:32.998327: train_loss 0.6975
2026-01-04 01:08:33.003667: val_loss 0.8761
2026-01-04 01:08:33.007548: val classification accuracy 0.3913
2026-01-04 01:08:33.011231: val auc 0.2514
2026-01-04 01:08:33.014711: Epoch time: 63.94 s
2026-01-04 01:08:33.870495: 
2026-01-04 01:08:33.874130: Epoch 93
2026-01-04 01:08:33.876834: Current learning rate: 7e-05
2026-01-04 01:09:37.542496: train_loss 0.6594
2026-01-04 01:09:37.563540: val_loss 0.8018
2026-01-04 01:09:37.566885: val classification accuracy 0.4348
2026-01-04 01:09:37.569747: val auc 0.4216
2026-01-04 01:09:37.572841: Epoch time: 63.67 s
2026-01-04 01:09:38.353893: 
2026-01-04 01:09:38.357588: Epoch 94
2026-01-04 01:09:38.360206: Current learning rate: 7e-05
2026-01-04 01:10:42.865087: train_loss 0.6717
2026-01-04 01:10:42.870059: val_loss 1.0079
2026-01-04 01:10:42.872810: val classification accuracy 0.413
2026-01-04 01:10:42.875694: val auc 0.121
2026-01-04 01:10:42.878567: Epoch time: 64.51 s
2026-01-04 01:10:43.671831: 
2026-01-04 01:10:43.675245: Epoch 95
2026-01-04 01:10:43.677934: Current learning rate: 7e-05
2026-01-04 01:11:47.494425: train_loss 0.7093
2026-01-04 01:11:47.516039: val_loss 0.7497
2026-01-04 01:11:47.525962: val classification accuracy 0.3913
2026-01-04 01:11:47.532303: val auc 0.3516
2026-01-04 01:11:47.538085: Epoch time: 63.82 s
2026-01-04 01:11:48.397712: 
2026-01-04 01:11:48.401516: Epoch 96
2026-01-04 01:11:48.404041: Current learning rate: 7e-05
2026-01-04 01:12:52.422036: train_loss 0.6644
2026-01-04 01:12:52.432762: val_loss 0.8825
2026-01-04 01:12:52.439067: val classification accuracy 0.3696
2026-01-04 01:12:52.443615: val auc 0.2571
2026-01-04 01:12:52.447587: Epoch time: 64.03 s
2026-01-04 01:12:53.186437: 
2026-01-04 01:12:53.190308: Epoch 97
2026-01-04 01:12:53.193088: Current learning rate: 7e-05
2026-01-04 01:13:56.666518: train_loss 0.6585
2026-01-04 01:13:56.671624: val_loss 0.9007
2026-01-04 01:13:56.675138: val classification accuracy 0.3043
2026-01-04 01:13:56.678407: val auc 0.2665
2026-01-04 01:13:56.682155: Epoch time: 63.48 s
2026-01-04 01:13:57.458077: 
2026-01-04 01:13:57.461821: Epoch 98
2026-01-04 01:13:57.464526: Current learning rate: 7e-05
2026-01-04 01:15:01.624126: train_loss 0.7635
2026-01-04 01:15:01.632017: val_loss 0.8005
2026-01-04 01:15:01.634928: val classification accuracy 0.4565
2026-01-04 01:15:01.638205: val auc 0.2732
2026-01-04 01:15:01.641490: Epoch time: 64.17 s
2026-01-04 01:15:02.389104: 
2026-01-04 01:15:02.392658: Epoch 99
2026-01-04 01:15:02.395125: Current learning rate: 7e-05
2026-01-04 01:16:06.789316: train_loss 0.6761
2026-01-04 01:16:06.794647: val_loss 0.8415
2026-01-04 01:16:06.798318: val classification accuracy 0.4783
2026-01-04 01:16:06.801634: val auc 0.3875
2026-01-04 01:16:06.805020: Epoch time: 64.4 s
2026-01-04 01:16:07.615695: 
2026-01-04 01:16:07.619673: Epoch 100
2026-01-04 01:16:07.622796: Current learning rate: 7e-05
2026-01-04 01:17:12.397486: train_loss 0.6674
2026-01-04 01:17:12.402429: val_loss 0.9168
2026-01-04 01:17:12.405296: val classification accuracy 0.3913
2026-01-04 01:17:12.408871: val auc 0.2297
2026-01-04 01:17:12.412500: Epoch time: 64.78 s
2026-01-04 01:17:13.171938: 
2026-01-04 01:17:13.175471: Epoch 101
2026-01-04 01:17:13.178195: Current learning rate: 7e-05
2026-01-04 01:18:17.350302: train_loss 0.6625
2026-01-04 01:18:17.354997: val_loss 0.9389
2026-01-04 01:18:17.358304: val classification accuracy 0.3696
2026-01-04 01:18:17.361277: val auc 0.2628
2026-01-04 01:18:17.364348: Epoch time: 64.18 s
2026-01-04 01:18:18.189252: 
2026-01-04 01:18:18.193040: Epoch 102
2026-01-04 01:18:18.196084: Current learning rate: 7e-05
2026-01-04 01:19:22.665401: train_loss 0.6771
2026-01-04 01:19:22.670204: val_loss 1.2686
2026-01-04 01:19:22.673333: val classification accuracy 0.2826
2026-01-04 01:19:22.676610: val auc 0.1975
2026-01-04 01:19:22.679715: Epoch time: 64.48 s
2026-01-04 01:19:23.465684: 
2026-01-04 01:19:23.469797: Epoch 103
2026-01-04 01:19:23.472821: Current learning rate: 7e-05
2026-01-04 01:20:27.685839: train_loss 0.6682
2026-01-04 01:20:27.691509: val_loss 0.855
2026-01-04 01:20:27.694771: val classification accuracy 0.3478
2026-01-04 01:20:27.697734: val auc 0.1749
2026-01-04 01:20:27.701261: Epoch time: 64.22 s
2026-01-04 01:20:28.482165: 
2026-01-04 01:20:28.485977: Epoch 104
2026-01-04 01:20:28.489187: Current learning rate: 7e-05
2026-01-04 01:21:32.512981: train_loss 0.6464
2026-01-04 01:21:32.518198: val_loss 1.0377
2026-01-04 01:21:32.521604: val classification accuracy 0.2826
2026-01-04 01:21:32.524999: val auc 0.1418
2026-01-04 01:21:32.528104: Epoch time: 64.03 s
2026-01-04 01:21:32.531027: Early stopping triggered at epoch 104. Best val_losses=0.6348
2026-01-04 01:21:33.280308: Stopping training early due to early stopping criterion.
2026-01-04 01:21:35.544358: Training done.
2026-01-04 01:21:35.549413: Skipping perform_actual_validation for classification trainer (segmentation-style sliding window is not applicable).
[1;34mwandb[0m: 
[1;34mwandb[0m: 🚀 View run [33mSwinViTTrainer_ep300_NoMirroring_x2_fold2[0m at: [34m[0m
[1;34mwandb[0m: Find logs at: [1;35m../../tmp/wandb/wandb/run-20260103_232613-k95huwhu/logs[0m
