Using device: cuda:0

#######################################################################
Please cite the following paper when using nnU-Net:
Isensee, F., Jaeger, P. F., Kohl, S. A., Petersen, J., & Maier-Hein, K. H. (2021). nnU-Net: a self-configuring method for deep learning-based biomedical image segmentation. Nature methods, 18(2), 203-211.
#######################################################################

2026-01-04 01:02:51.200485: Using torch.compile...
2026-01-04 01:02:56.992658: do_dummy_2d_data_aug: False
2026-01-04 01:02:56.996748: Using splits from existing split file: /hpf/projects/jquon/sumin/nnUNet_data/nnUNet_preprocessed/Dataset033_AVM_T1+C/splits_final.json
2026-01-04 01:02:57.000172: The split file contains 11 splits.
2026-01-04 01:02:57.001929: Desired fold for training: 3
2026-01-04 01:02:57.003587: This split has 464 training and 48 validation cases.
using pin_memory on device 0
using pin_memory on device 0

This is the configuration used by this training:
Configuration name: 3d_fullres
 {'data_identifier': 'nnUNetPlans_3d_fullres', 'preprocessor_name': 'DefaultPreprocessor', 'batch_size': 2, 'patch_size': [160, 224, 192], 'median_image_size_in_voxels': [344.0, 448.0, 429.0], 'spacing': [0.500000923871994, 0.4910714328289032, 0.4910714328289032], 'normalization_schemes': ['ZScoreNormalization'], 'use_mask_for_norm': [False], 'resampling_fn_data': 'resample_data_or_seg_to_shape', 'resampling_fn_seg': 'resample_data_or_seg_to_shape', 'resampling_fn_data_kwargs': {'is_seg': False, 'order': 3, 'order_z': 0, 'force_separate_z': None}, 'resampling_fn_seg_kwargs': {'is_seg': True, 'order': 1, 'order_z': 0, 'force_separate_z': None}, 'resampling_fn_probabilities': 'resample_data_or_seg_to_shape', 'resampling_fn_probabilities_kwargs': {'is_seg': False, 'order': 1, 'order_z': 0, 'force_separate_z': None}, 'architecture': {'network_class_name': 'dynamic_network_architectures.architectures.unet.ResidualEncoderUNet', 'arch_kwargs': {'n_stages': 6, 'features_per_stage': [32, 64, 128, 256, 320, 320], 'conv_op': 'torch.nn.modules.conv.Conv3d', 'kernel_sizes': [[3, 3, 3], [3, 3, 3], [3, 3, 3], [3, 3, 3], [3, 3, 3], [3, 3, 3]], 'strides': [[1, 1, 1], [2, 2, 2], [2, 2, 2], [2, 2, 2], [2, 2, 2], [2, 2, 2]], 'n_blocks_per_stage': [1, 3, 4, 6, 6, 6], 'n_conv_per_stage_decoder': [1, 1, 1, 1, 1], 'conv_bias': True, 'norm_op': 'torch.nn.modules.instancenorm.InstanceNorm3d', 'norm_op_kwargs': {'eps': 1e-05, 'affine': True}, 'dropout_op': None, 'dropout_op_kwargs': None, 'nonlin': 'torch.nn.LeakyReLU', 'nonlin_kwargs': {'inplace': True}}, '_kw_requires_import': ['conv_op', 'norm_op', 'dropout_op', 'nonlin']}, 'batch_dice': True} 

These are the global plan.json settings:
 {'dataset_name': 'Dataset033_AVM_T1+C', 'plans_name': 'nnUNetResEncUNetLPlans', 'original_median_spacing_after_transp': [0.500000923871994, 0.4910714328289032, 0.4910714328289032], 'original_median_shape_after_transp': [330, 448, 424], 'image_reader_writer': 'SimpleITKIO', 'transpose_forward': [0, 1, 2], 'transpose_backward': [0, 1, 2], 'experiment_planner_used': 'nnUNetPlannerResEncL', 'label_manager': 'LabelManager', 'foreground_intensity_properties_per_channel': {'0': {'max': 12113.0, 'mean': 449.843505859375, 'median': 311.0, 'min': 0.0, 'percentile_00_5': 34.0, 'percentile_99_5': 3202.0, 'std': 471.56329345703125}}} 

2026-01-04 01:02:59.827921: Unable to plot network architecture: nnUNet_compile is enabled!
2026-01-04 01:02:59.844325: 
2026-01-04 01:02:59.847361: Epoch 0
2026-01-04 01:02:59.849617: Current learning rate: 0.0001
2026-01-04 01:05:06.543060: train_loss 0.7376
2026-01-04 01:05:06.550675: val_loss 0.7302
2026-01-04 01:05:06.552976: val classification accuracy 0.6042
2026-01-04 01:05:06.555408: val auc 0.5781
2026-01-04 01:05:06.557721: Epoch time: 126.7 s
2026-01-04 01:05:06.559461: Yayy! New best EMA pseudo Dice: 0.5781
2026-01-04 01:05:08.656221: Yayy! New best classification accuracy: 0.6042
2026-01-04 01:05:15.882139: 
2026-01-04 01:05:15.885774: Epoch 1
2026-01-04 01:05:15.888100: Current learning rate: 0.0001
2026-01-04 01:06:21.316910: train_loss 0.7555
2026-01-04 01:06:21.321457: val_loss 0.6893
2026-01-04 01:06:21.323868: val classification accuracy 0.5208
2026-01-04 01:06:21.326304: val auc 0.5608
2026-01-04 01:06:21.328760: Epoch time: 65.44 s
2026-01-04 01:06:22.129308: 
2026-01-04 01:06:22.132506: Epoch 2
2026-01-04 01:06:22.134791: Current learning rate: 0.0001
2026-01-04 01:07:26.481648: train_loss 0.7086
2026-01-04 01:07:26.485707: val_loss 0.7041
2026-01-04 01:07:26.488262: val classification accuracy 0.5
2026-01-04 01:07:26.490731: val auc 0.5825
2026-01-04 01:07:26.493275: Epoch time: 64.35 s
2026-01-04 01:07:26.495173: Yayy! New best EMA pseudo Dice: 0.5825
2026-01-04 01:07:29.478532: 
2026-01-04 01:07:29.481260: Epoch 3
2026-01-04 01:07:29.483093: Current learning rate: 0.0001
2026-01-04 01:08:34.509631: train_loss 0.7131
2026-01-04 01:08:34.512959: val_loss 0.705
2026-01-04 01:08:34.515054: val classification accuracy 0.5417
2026-01-04 01:08:34.516951: val auc 0.5833
2026-01-04 01:08:34.518924: Epoch time: 65.03 s
2026-01-04 01:08:34.520781: Yayy! New best EMA pseudo Dice: 0.5833
2026-01-04 01:08:37.346689: 
2026-01-04 01:08:37.373303: Epoch 4
2026-01-04 01:08:37.386843: Current learning rate: 0.0001
2026-01-04 01:09:40.867143: train_loss 0.7192
2026-01-04 01:09:40.870952: val_loss 0.6857
2026-01-04 01:09:40.873402: val classification accuracy 0.5
2026-01-04 01:09:40.875545: val auc 0.5781
2026-01-04 01:09:40.877708: Epoch time: 63.52 s
2026-01-04 01:09:41.624926: 
2026-01-04 01:09:41.627817: Epoch 5
2026-01-04 01:09:41.629619: Current learning rate: 0.0001
2026-01-04 01:10:46.207604: train_loss 0.7297
2026-01-04 01:10:46.211614: val_loss 0.6848
2026-01-04 01:10:46.214079: val classification accuracy 0.4792
2026-01-04 01:10:46.216362: val auc 0.6146
2026-01-04 01:10:46.218525: Epoch time: 64.58 s
2026-01-04 01:10:46.220520: Yayy! New best EMA pseudo Dice: 0.6146
2026-01-04 01:10:49.172100: 
2026-01-04 01:10:49.174839: Epoch 6
2026-01-04 01:10:49.176988: Current learning rate: 0.0001
2026-01-04 01:11:52.949072: train_loss 0.7195
2026-01-04 01:11:52.954314: val_loss 0.702
2026-01-04 01:11:52.957794: val classification accuracy 0.5208
2026-01-04 01:11:52.961360: val auc 0.4922
2026-01-04 01:11:52.964394: Epoch time: 63.78 s
2026-01-04 01:11:53.730835: 
2026-01-04 01:11:53.733666: Epoch 7
2026-01-04 01:11:53.735748: Current learning rate: 0.0001
2026-01-04 01:12:57.399072: train_loss 0.7201
2026-01-04 01:12:57.402550: val_loss 0.7613
2026-01-04 01:12:57.410489: val classification accuracy 0.4583
2026-01-04 01:12:57.415492: val auc 0.4878
2026-01-04 01:12:57.418954: Epoch time: 63.67 s
2026-01-04 01:12:58.163984: 
2026-01-04 01:12:58.166531: Epoch 8
2026-01-04 01:12:58.168226: Current learning rate: 0.0001
2026-01-04 01:14:02.004839: train_loss 0.7149
2026-01-04 01:14:02.010071: val_loss 0.6965
2026-01-04 01:14:02.012636: val classification accuracy 0.4375
2026-01-04 01:14:02.015043: val auc 0.4974
2026-01-04 01:14:02.017530: Epoch time: 63.84 s
2026-01-04 01:14:02.847620: 
2026-01-04 01:14:02.850816: Epoch 9
2026-01-04 01:14:02.853107: Current learning rate: 0.0001
2026-01-04 01:15:07.381058: train_loss 0.7032
2026-01-04 01:15:07.405360: val_loss 0.7014
2026-01-04 01:15:07.408176: val classification accuracy 0.5625
2026-01-04 01:15:07.432282: val auc 0.5955
2026-01-04 01:15:07.448775: Epoch time: 64.53 s
2026-01-04 01:15:08.166449: 
2026-01-04 01:15:08.169413: Epoch 10
2026-01-04 01:15:08.171495: Current learning rate: 0.0001
2026-01-04 01:16:12.454827: train_loss 0.7386
2026-01-04 01:16:12.459947: val_loss 0.7085
2026-01-04 01:16:12.464478: val classification accuracy 0.5208
2026-01-04 01:16:12.469258: val auc 0.4792
2026-01-04 01:16:12.472804: Epoch time: 64.29 s
2026-01-04 01:16:13.197382: 
2026-01-04 01:16:13.200832: Epoch 11
2026-01-04 01:16:13.203215: Current learning rate: 0.0001
2026-01-04 01:17:16.814931: train_loss 0.7058
2026-01-04 01:17:16.821035: val_loss 0.8175
2026-01-04 01:17:16.825001: val classification accuracy 0.4792
2026-01-04 01:17:16.829131: val auc 0.3307
2026-01-04 01:17:16.832981: Epoch time: 63.62 s
2026-01-04 01:17:17.600699: 
2026-01-04 01:17:17.604296: Epoch 12
2026-01-04 01:17:17.606793: Current learning rate: 0.0001
2026-01-04 01:18:21.685839: train_loss 0.7722
2026-01-04 01:18:21.690140: val_loss 0.8813
2026-01-04 01:18:21.700803: val classification accuracy 0.5208
2026-01-04 01:18:21.710200: val auc 0.5035
2026-01-04 01:18:21.713037: Epoch time: 64.09 s
2026-01-04 01:18:22.530681: 
2026-01-04 01:18:22.534071: Epoch 13
2026-01-04 01:18:22.536639: Current learning rate: 0.0001
2026-01-04 01:19:29.153522: train_loss 0.7207
2026-01-04 01:19:29.157974: val_loss 0.6943
2026-01-04 01:19:29.160744: val classification accuracy 0.5
2026-01-04 01:19:29.163402: val auc 0.4957
2026-01-04 01:19:29.166010: Epoch time: 66.62 s
2026-01-04 01:19:29.946261: 
2026-01-04 01:19:29.949671: Epoch 14
2026-01-04 01:19:29.952228: Current learning rate: 0.0001
2026-01-04 01:20:34.633921: train_loss 0.7043
2026-01-04 01:20:34.665210: val_loss 0.6882
2026-01-04 01:20:34.669301: val classification accuracy 0.5625
2026-01-04 01:20:34.672389: val auc 0.5712
2026-01-04 01:20:34.675364: Epoch time: 64.69 s
2026-01-04 01:20:35.627537: 
2026-01-04 01:20:35.631259: Epoch 15
2026-01-04 01:20:35.634333: Current learning rate: 0.0001
2026-01-04 01:21:39.263727: train_loss 0.7053
2026-01-04 01:21:39.267472: val_loss 0.6865
2026-01-04 01:21:39.269891: val classification accuracy 0.625
2026-01-04 01:21:39.272523: val auc 0.5764
2026-01-04 01:21:39.275182: Epoch time: 63.64 s
2026-01-04 01:21:39.277397: Yayy! New best classification accuracy: 0.625
2026-01-04 01:21:42.012866: 
2026-01-04 01:21:42.016310: Epoch 16
2026-01-04 01:21:42.018866: Current learning rate: 0.0001
2026-01-04 01:22:44.600096: train_loss 0.7014
2026-01-04 01:22:44.624805: val_loss 0.7007
2026-01-04 01:22:44.627776: val classification accuracy 0.4583
2026-01-04 01:22:44.630394: val auc 0.4601
2026-01-04 01:22:44.633124: Epoch time: 62.59 s
2026-01-04 01:22:45.363530: 
2026-01-04 01:22:45.366967: Epoch 17
2026-01-04 01:22:45.369569: Current learning rate: 9e-05
2026-01-04 01:23:49.283913: train_loss 0.8467
2026-01-04 01:23:49.293725: val_loss 0.6904
2026-01-04 01:23:49.296697: val classification accuracy 0.5833
2026-01-04 01:23:49.299713: val auc 0.5964
2026-01-04 01:23:49.302323: Epoch time: 63.92 s
2026-01-04 01:23:50.015047: 
2026-01-04 01:23:50.018498: Epoch 18
2026-01-04 01:23:50.020751: Current learning rate: 9e-05
2026-01-04 01:24:54.067003: train_loss 0.7289
2026-01-04 01:24:54.071611: val_loss 0.6867
2026-01-04 01:24:54.074525: val classification accuracy 0.5833
2026-01-04 01:24:54.077624: val auc 0.5703
2026-01-04 01:24:54.080536: Epoch time: 64.05 s
2026-01-04 01:24:54.810503: 
2026-01-04 01:24:54.813824: Epoch 19
2026-01-04 01:24:54.816557: Current learning rate: 9e-05
2026-01-04 01:26:00.339937: train_loss 0.7325
2026-01-04 01:26:00.352722: val_loss 0.6752
2026-01-04 01:26:00.356482: val classification accuracy 0.5833
2026-01-04 01:26:00.359891: val auc 0.6016
2026-01-04 01:26:00.363150: Epoch time: 65.53 s
2026-01-04 01:26:02.603051: Saved periodic checkpoint /hpf/projects/jquon/sumin/nnUNet_data/nnUNet_results/Dataset033_AVM_T1+C/SwinViTTrainer_ep300_NoMirroring_x2__nnUNetResEncUNetLPlans__3d_fullres/fold_3/checkpoint_every20_best_balacc.pth at epoch 19 with val_balanced_accuracy=0.5833
2026-01-04 01:26:03.863375: Saved periodic checkpoint /hpf/projects/jquon/sumin/nnUNet_data/nnUNet_results/Dataset033_AVM_T1+C/SwinViTTrainer_ep300_NoMirroring_x2__nnUNetResEncUNetLPlans__3d_fullres/fold_3/checkpoint_every20_best_auroc.pth at epoch 19 with val_auc=0.6016
2026-01-04 01:26:04.576174: 
2026-01-04 01:26:04.579818: Epoch 20
2026-01-04 01:26:04.582604: Current learning rate: 9e-05
2026-01-04 01:27:08.121963: train_loss 0.7297
2026-01-04 01:27:08.126570: val_loss 0.7355
2026-01-04 01:27:08.129816: val classification accuracy 0.4167
2026-01-04 01:27:08.132775: val auc 0.4462
2026-01-04 01:27:08.135703: Epoch time: 63.55 s
2026-01-04 01:27:08.877603: 
2026-01-04 01:27:08.881254: Epoch 21
2026-01-04 01:27:08.884035: Current learning rate: 9e-05
2026-01-04 01:28:12.437562: train_loss 0.7433
2026-01-04 01:28:12.442001: val_loss 0.7367
2026-01-04 01:28:12.453904: val classification accuracy 0.5208
2026-01-04 01:28:12.459031: val auc 0.4913
2026-01-04 01:28:12.463450: Epoch time: 63.56 s
2026-01-04 01:28:13.231443: 
2026-01-04 01:28:13.235696: Epoch 22
2026-01-04 01:28:13.238726: Current learning rate: 9e-05
2026-01-04 01:29:17.386806: train_loss 0.7831
2026-01-04 01:29:17.393215: val_loss 0.6991
2026-01-04 01:29:17.396768: val classification accuracy 0.4792
2026-01-04 01:29:17.400258: val auc 0.4705
2026-01-04 01:29:17.403293: Epoch time: 64.16 s
2026-01-04 01:29:18.169587: 
2026-01-04 01:29:18.173100: Epoch 23
2026-01-04 01:29:18.175565: Current learning rate: 9e-05
2026-01-04 01:30:22.279499: train_loss 0.7394
2026-01-04 01:30:22.305157: val_loss 0.6852
2026-01-04 01:30:22.312693: val classification accuracy 0.5
2026-01-04 01:30:22.319197: val auc 0.5747
2026-01-04 01:30:22.324223: Epoch time: 64.11 s
2026-01-04 01:30:23.063055: 
2026-01-04 01:30:23.066489: Epoch 24
2026-01-04 01:30:23.069079: Current learning rate: 9e-05
2026-01-04 01:31:26.846268: train_loss 0.7141
2026-01-04 01:31:26.850557: val_loss 0.6697
2026-01-04 01:31:26.853328: val classification accuracy 0.625
2026-01-04 01:31:26.855998: val auc 0.7483
2026-01-04 01:31:26.858701: Epoch time: 63.78 s
2026-01-04 01:31:26.863372: Yayy! New best EMA pseudo Dice: 0.7483
2026-01-04 01:31:29.766210: 
2026-01-04 01:31:29.769564: Epoch 25
2026-01-04 01:31:29.772307: Current learning rate: 9e-05
2026-01-04 01:32:34.018842: train_loss 0.7376
2026-01-04 01:32:34.035635: val_loss 0.7595
2026-01-04 01:32:34.048341: val classification accuracy 0.5208
2026-01-04 01:32:34.060387: val auc 0.4948
2026-01-04 01:32:34.068684: Epoch time: 64.25 s
2026-01-04 01:32:34.832484: 
2026-01-04 01:32:34.836490: Epoch 26
2026-01-04 01:32:34.839075: Current learning rate: 9e-05
2026-01-04 01:33:39.076176: train_loss 0.742
2026-01-04 01:33:39.081587: val_loss 0.6719
2026-01-04 01:33:39.084748: val classification accuracy 0.6667
2026-01-04 01:33:39.087358: val auc 0.6615
2026-01-04 01:33:39.090077: Epoch time: 64.24 s
2026-01-04 01:33:39.092728: Yayy! New best classification accuracy: 0.6667
2026-01-04 01:33:41.945040: 
2026-01-04 01:33:41.948753: Epoch 27
2026-01-04 01:33:41.951324: Current learning rate: 9e-05
2026-01-04 01:34:46.778178: train_loss 0.7017
2026-01-04 01:34:46.782972: val_loss 0.8872
2026-01-04 01:34:46.785898: val classification accuracy 0.4792
2026-01-04 01:34:46.789107: val auc 0.4219
2026-01-04 01:34:46.791811: Epoch time: 64.83 s
2026-01-04 01:34:47.530272: 
2026-01-04 01:34:47.533823: Epoch 28
2026-01-04 01:34:47.536374: Current learning rate: 9e-05
2026-01-04 01:35:52.167399: train_loss 0.718
2026-01-04 01:35:52.184699: val_loss 0.7283
2026-01-04 01:35:52.188334: val classification accuracy 0.5
2026-01-04 01:35:52.191350: val auc 0.4436
2026-01-04 01:35:52.194337: Epoch time: 64.64 s
2026-01-04 01:35:52.955655: 
2026-01-04 01:35:52.959568: Epoch 29
2026-01-04 01:35:52.962398: Current learning rate: 9e-05
2026-01-04 01:36:57.524815: train_loss 0.7049
2026-01-04 01:36:57.531971: val_loss 0.6896
2026-01-04 01:36:57.536293: val classification accuracy 0.5833
2026-01-04 01:36:57.539858: val auc 0.559
2026-01-04 01:36:57.542986: Epoch time: 64.57 s
2026-01-04 01:36:58.257284: 
2026-01-04 01:36:58.260618: Epoch 30
2026-01-04 01:36:58.263128: Current learning rate: 9e-05
2026-01-04 01:38:02.882838: train_loss 0.7268
2026-01-04 01:38:02.887367: val_loss 0.7405
2026-01-04 01:38:02.890491: val classification accuracy 0.4375
2026-01-04 01:38:02.893550: val auc 0.4731
2026-01-04 01:38:02.896302: Epoch time: 64.63 s
2026-01-04 01:38:03.748956: 
2026-01-04 01:38:03.752697: Epoch 31
2026-01-04 01:38:03.755308: Current learning rate: 9e-05
2026-01-04 01:39:08.167514: train_loss 0.7133
2026-01-04 01:39:08.173041: val_loss 0.658
2026-01-04 01:39:08.176499: val classification accuracy 0.625
2026-01-04 01:39:08.179524: val auc 0.6753
2026-01-04 01:39:08.182408: Epoch time: 64.42 s
2026-01-04 01:39:08.929676: 
2026-01-04 01:39:08.933319: Epoch 32
2026-01-04 01:39:08.935972: Current learning rate: 9e-05
2026-01-04 01:40:13.476700: train_loss 0.7113
2026-01-04 01:40:13.481413: val_loss 0.6648
2026-01-04 01:40:13.484525: val classification accuracy 0.6042
2026-01-04 01:40:13.487765: val auc 0.6589
2026-01-04 01:40:13.490608: Epoch time: 64.55 s
2026-01-04 01:40:14.266100: 
2026-01-04 01:40:14.269308: Epoch 33
2026-01-04 01:40:14.271883: Current learning rate: 9e-05
2026-01-04 01:41:17.418341: train_loss 0.6999
2026-01-04 01:41:17.423378: val_loss 0.646
2026-01-04 01:41:17.427009: val classification accuracy 0.6875
2026-01-04 01:41:17.430036: val auc 0.6901
2026-01-04 01:41:17.433088: Epoch time: 63.15 s
2026-01-04 01:41:17.435731: Yayy! New best classification accuracy: 0.6875
2026-01-04 01:41:20.602916: 
2026-01-04 01:41:20.606300: Epoch 34
2026-01-04 01:41:20.608643: Current learning rate: 9e-05
2026-01-04 01:42:25.633973: train_loss 0.7036
2026-01-04 01:42:25.638552: val_loss 0.6916
2026-01-04 01:42:25.641492: val classification accuracy 0.4792
2026-01-04 01:42:25.644724: val auc 0.5087
2026-01-04 01:42:25.647485: Epoch time: 65.03 s
2026-01-04 01:42:26.362142: 
2026-01-04 01:42:26.365772: Epoch 35
2026-01-04 01:42:26.368232: Current learning rate: 9e-05
2026-01-04 01:43:31.539792: train_loss 0.7239
2026-01-04 01:43:31.545705: val_loss 0.6806
2026-01-04 01:43:31.549354: val classification accuracy 0.4792
2026-01-04 01:43:31.552773: val auc 0.5417
2026-01-04 01:43:31.555998: Epoch time: 65.18 s
2026-01-04 01:43:32.329906: 
2026-01-04 01:43:32.333100: Epoch 36
2026-01-04 01:43:32.335564: Current learning rate: 9e-05
2026-01-04 01:44:36.624662: train_loss 0.7018
2026-01-04 01:44:36.637492: val_loss 0.7269
2026-01-04 01:44:36.643412: val classification accuracy 0.4375
2026-01-04 01:44:36.648280: val auc 0.4054
2026-01-04 01:44:36.652424: Epoch time: 64.3 s
2026-01-04 01:44:37.433726: 
2026-01-04 01:44:37.437904: Epoch 37
2026-01-04 01:44:37.440577: Current learning rate: 9e-05
2026-01-04 01:45:41.229186: train_loss 0.7037
2026-01-04 01:45:41.234071: val_loss 0.7572
2026-01-04 01:45:41.237142: val classification accuracy 0.4375
2026-01-04 01:45:41.240060: val auc 0.5
2026-01-04 01:45:41.242949: Epoch time: 63.8 s
2026-01-04 01:45:42.023059: 
2026-01-04 01:45:42.027032: Epoch 38
2026-01-04 01:45:42.029922: Current learning rate: 9e-05
2026-01-04 01:46:46.762414: train_loss 0.7305
2026-01-04 01:46:46.767535: val_loss 0.7273
2026-01-04 01:46:46.770622: val classification accuracy 0.3333
2026-01-04 01:46:46.773586: val auc 0.3906
2026-01-04 01:46:46.776529: Epoch time: 64.74 s
2026-01-04 01:46:47.547755: 
2026-01-04 01:46:47.551507: Epoch 39
2026-01-04 01:46:47.554186: Current learning rate: 9e-05
2026-01-04 01:47:51.852078: train_loss 0.7054
2026-01-04 01:47:51.859362: val_loss 0.7027
2026-01-04 01:47:51.862913: val classification accuracy 0.4792
2026-01-04 01:47:51.865945: val auc 0.6389
2026-01-04 01:47:51.868577: Epoch time: 64.31 s
2026-01-04 01:47:53.909989: Saved periodic checkpoint /hpf/projects/jquon/sumin/nnUNet_data/nnUNet_results/Dataset033_AVM_T1+C/SwinViTTrainer_ep300_NoMirroring_x2__nnUNetResEncUNetLPlans__3d_fullres/fold_3/checkpoint_every20_best_auroc.pth at epoch 39 with val_auc=0.6389
2026-01-04 01:47:54.739954: 
2026-01-04 01:47:54.743198: Epoch 40
2026-01-04 01:47:54.745600: Current learning rate: 9e-05
2026-01-04 01:48:58.328789: train_loss 0.7038
2026-01-04 01:48:58.334279: val_loss 0.6423
2026-01-04 01:48:58.337435: val classification accuracy 0.6667
2026-01-04 01:48:58.340490: val auc 0.7188
2026-01-04 01:48:58.343905: Epoch time: 63.59 s
2026-01-04 01:48:59.087133: 
2026-01-04 01:48:59.090733: Epoch 41
2026-01-04 01:48:59.093404: Current learning rate: 9e-05
2026-01-04 01:50:03.899962: train_loss 0.6934
2026-01-04 01:50:03.907651: val_loss 0.637
2026-01-04 01:50:03.910536: val classification accuracy 0.7083
2026-01-04 01:50:03.913387: val auc 0.7674
2026-01-04 01:50:03.916398: Epoch time: 64.81 s
2026-01-04 01:50:03.919107: Yayy! New best EMA pseudo Dice: 0.7674
2026-01-04 01:50:06.336167: Yayy! New best classification accuracy: 0.7083
2026-01-04 01:50:08.788358: 
2026-01-04 01:50:08.791599: Epoch 42
2026-01-04 01:50:08.794020: Current learning rate: 9e-05
2026-01-04 01:51:12.878425: train_loss 0.6967
2026-01-04 01:51:12.883145: val_loss 0.6886
2026-01-04 01:51:12.885934: val classification accuracy 0.5625
2026-01-04 01:51:12.888890: val auc 0.6137
2026-01-04 01:51:12.891777: Epoch time: 64.09 s
2026-01-04 01:51:13.611814: 
2026-01-04 01:51:13.615278: Epoch 43
2026-01-04 01:51:13.617859: Current learning rate: 9e-05
2026-01-04 01:52:17.965641: train_loss 0.6861
2026-01-04 01:52:17.970049: val_loss 0.724
2026-01-04 01:52:17.973006: val classification accuracy 0.4792
2026-01-04 01:52:17.975761: val auc 0.5269
2026-01-04 01:52:17.978781: Epoch time: 64.35 s
2026-01-04 01:52:18.698698: 
2026-01-04 01:52:18.702350: Epoch 44
2026-01-04 01:52:18.704855: Current learning rate: 9e-05
2026-01-04 01:53:23.963778: train_loss 0.7103
2026-01-04 01:53:23.967963: val_loss 0.7005
2026-01-04 01:53:23.970892: val classification accuracy 0.4792
2026-01-04 01:53:23.973559: val auc 0.4905
2026-01-04 01:53:23.976290: Epoch time: 65.27 s
2026-01-04 01:53:24.979586: 
2026-01-04 01:53:24.983369: Epoch 45
2026-01-04 01:53:24.986145: Current learning rate: 9e-05
2026-01-04 01:54:27.917723: train_loss 0.6902
2026-01-04 01:54:27.922045: val_loss 0.7108
2026-01-04 01:54:27.925271: val classification accuracy 0.5417
2026-01-04 01:54:27.928201: val auc 0.5703
2026-01-04 01:54:27.931084: Epoch time: 62.94 s
2026-01-04 01:54:28.671075: 
2026-01-04 01:54:28.674721: Epoch 46
2026-01-04 01:54:28.677188: Current learning rate: 9e-05
2026-01-04 01:55:31.410311: train_loss 0.7313
2026-01-04 01:55:31.415054: val_loss 0.6968
2026-01-04 01:55:31.417883: val classification accuracy 0.4583
2026-01-04 01:55:31.420584: val auc 0.5009
2026-01-04 01:55:31.423481: Epoch time: 62.74 s
2026-01-04 01:55:32.158832: 
2026-01-04 01:55:32.162556: Epoch 47
2026-01-04 01:55:32.165133: Current learning rate: 9e-05
2026-01-04 01:56:36.043778: train_loss 0.6915
2026-01-04 01:56:36.048181: val_loss 0.7023
2026-01-04 01:56:36.050862: val classification accuracy 0.5417
2026-01-04 01:56:36.053435: val auc 0.4566
2026-01-04 01:56:36.056199: Epoch time: 63.89 s
2026-01-04 01:56:36.766683: 
2026-01-04 01:56:36.770069: Epoch 48
2026-01-04 01:56:36.772260: Current learning rate: 9e-05
2026-01-04 01:57:41.259367: train_loss 0.6978
2026-01-04 01:57:41.263658: val_loss 0.687
2026-01-04 01:57:41.266755: val classification accuracy 0.4792
2026-01-04 01:57:41.269839: val auc 0.5156
2026-01-04 01:57:41.272856: Epoch time: 64.49 s
2026-01-04 01:57:42.006514: 
2026-01-04 01:57:42.010082: Epoch 49
2026-01-04 01:57:42.012539: Current learning rate: 9e-05
2026-01-04 01:58:46.202382: train_loss 0.6893
2026-01-04 01:58:46.208861: val_loss 0.6492
2026-01-04 01:58:46.211814: val classification accuracy 0.6042
2026-01-04 01:58:46.214827: val auc 0.7049
2026-01-04 01:58:46.217557: Epoch time: 64.2 s
2026-01-04 01:58:46.928310: 
2026-01-04 01:58:46.931468: Epoch 50
2026-01-04 01:58:46.933918: Current learning rate: 8e-05
2026-01-04 01:59:51.679202: train_loss 0.6798
2026-01-04 01:59:51.685195: val_loss 0.732
2026-01-04 01:59:51.689064: val classification accuracy 0.5
2026-01-04 01:59:51.692272: val auc 0.5156
2026-01-04 01:59:51.695766: Epoch time: 64.75 s
2026-01-04 01:59:53.229496: 
2026-01-04 01:59:53.233234: Epoch 51
2026-01-04 01:59:53.236016: Current learning rate: 8e-05
2026-01-04 02:00:57.847590: train_loss 0.6987
2026-01-04 02:00:57.856582: val_loss 0.6937
2026-01-04 02:00:57.867090: val classification accuracy 0.5
2026-01-04 02:00:57.876533: val auc 0.5799
2026-01-04 02:00:57.881000: Epoch time: 64.62 s
2026-01-04 02:00:58.626369: 
2026-01-04 02:00:58.630131: Epoch 52
2026-01-04 02:00:58.632824: Current learning rate: 8e-05
2026-01-04 02:02:03.192603: train_loss 0.6804
2026-01-04 02:02:03.197075: val_loss 0.7323
2026-01-04 02:02:03.200261: val classification accuracy 0.4375
2026-01-04 02:02:03.203209: val auc 0.474
2026-01-04 02:02:03.206093: Epoch time: 64.57 s
2026-01-04 02:02:03.929080: 
2026-01-04 02:02:03.932490: Epoch 53
2026-01-04 02:02:03.934989: Current learning rate: 8e-05
2026-01-04 02:03:07.579426: train_loss 0.6639
2026-01-04 02:03:07.599368: val_loss 0.6522
2026-01-04 02:03:07.606593: val classification accuracy 0.625
2026-01-04 02:03:07.611848: val auc 0.6589
2026-01-04 02:03:07.617310: Epoch time: 63.65 s
2026-01-04 02:03:08.382506: 
2026-01-04 02:03:08.386420: Epoch 54
2026-01-04 02:03:08.389137: Current learning rate: 8e-05
2026-01-04 02:04:11.958953: train_loss 0.6695
2026-01-04 02:04:11.963360: val_loss 0.7376
2026-01-04 02:04:11.966062: val classification accuracy 0.5833
2026-01-04 02:04:11.968745: val auc 0.579
2026-01-04 02:04:11.971528: Epoch time: 63.58 s
2026-01-04 02:04:12.713351: 
2026-01-04 02:04:12.716719: Epoch 55
2026-01-04 02:04:12.719296: Current learning rate: 8e-05
2026-01-04 02:05:16.237242: train_loss 0.688
2026-01-04 02:05:16.243291: val_loss 0.7123
2026-01-04 02:05:16.246279: val classification accuracy 0.5
2026-01-04 02:05:16.249304: val auc 0.4661
2026-01-04 02:05:16.252298: Epoch time: 63.53 s
2026-01-04 02:05:17.037105: 
2026-01-04 02:05:17.040444: Epoch 56
2026-01-04 02:05:17.042804: Current learning rate: 8e-05
2026-01-04 02:06:20.989782: train_loss 0.6981
2026-01-04 02:06:20.994361: val_loss 0.7118
2026-01-04 02:06:20.997199: val classification accuracy 0.4583
2026-01-04 02:06:21.000051: val auc 0.428
2026-01-04 02:06:21.003286: Epoch time: 63.95 s
2026-01-04 02:06:21.750287: 
2026-01-04 02:06:21.753840: Epoch 57
2026-01-04 02:06:21.756423: Current learning rate: 8e-05
2026-01-04 02:07:25.662282: train_loss 0.6976
2026-01-04 02:07:25.667311: val_loss 0.6727
2026-01-04 02:07:25.670663: val classification accuracy 0.6042
2026-01-04 02:07:25.673790: val auc 0.6302
2026-01-04 02:07:25.676716: Epoch time: 63.91 s
2026-01-04 02:07:26.403460: 
2026-01-04 02:07:26.406885: Epoch 58
2026-01-04 02:07:26.409640: Current learning rate: 8e-05
2026-01-04 02:08:29.276753: train_loss 0.6791
2026-01-04 02:08:29.281199: val_loss 0.7086
2026-01-04 02:08:29.284033: val classification accuracy 0.4792
2026-01-04 02:08:29.286967: val auc 0.5286
2026-01-04 02:08:29.289894: Epoch time: 62.87 s
2026-01-04 02:08:30.060975: 
2026-01-04 02:08:30.064398: Epoch 59
2026-01-04 02:08:30.066957: Current learning rate: 8e-05
2026-01-04 02:09:34.323119: train_loss 0.682
2026-01-04 02:09:34.327958: val_loss 0.6947
2026-01-04 02:09:34.331352: val classification accuracy 0.5417
2026-01-04 02:09:34.334598: val auc 0.5399
2026-01-04 02:09:34.337864: Epoch time: 64.26 s
2026-01-04 02:09:35.090729: 
2026-01-04 02:09:35.094292: Epoch 60
2026-01-04 02:09:35.096960: Current learning rate: 8e-05
2026-01-04 02:10:39.330951: train_loss 0.6707
2026-01-04 02:10:39.335909: val_loss 0.7573
2026-01-04 02:10:39.338895: val classification accuracy 0.5625
2026-01-04 02:10:39.341748: val auc 0.5104
2026-01-04 02:10:39.344547: Epoch time: 64.24 s
2026-01-04 02:10:40.092511: 
2026-01-04 02:10:40.095756: Epoch 61
2026-01-04 02:10:40.098397: Current learning rate: 8e-05
2026-01-04 02:11:45.002406: train_loss 0.6926
2026-01-04 02:11:45.008210: val_loss 0.6887
2026-01-04 02:11:45.011688: val classification accuracy 0.5833
2026-01-04 02:11:45.015249: val auc 0.5712
2026-01-04 02:11:45.018698: Epoch time: 64.91 s
2026-01-04 02:11:45.845299: 
2026-01-04 02:11:45.849111: Epoch 62
2026-01-04 02:11:45.851990: Current learning rate: 8e-05
2026-01-04 02:12:50.676310: train_loss 0.6914
2026-01-04 02:12:50.681092: val_loss 0.7725
2026-01-04 02:12:50.684308: val classification accuracy 0.3542
2026-01-04 02:12:50.687283: val auc 0.3316
2026-01-04 02:12:50.690211: Epoch time: 64.83 s
2026-01-04 02:12:51.448946: 
2026-01-04 02:12:51.452456: Epoch 63
2026-01-04 02:12:51.455072: Current learning rate: 8e-05
2026-01-04 02:13:55.421089: train_loss 0.6923
2026-01-04 02:13:55.426188: val_loss 0.6871
2026-01-04 02:13:55.429270: val classification accuracy 0.5
2026-01-04 02:13:55.432109: val auc 0.533
2026-01-04 02:13:55.434637: Epoch time: 63.97 s
2026-01-04 02:13:56.186214: 
2026-01-04 02:13:56.190128: Epoch 64
2026-01-04 02:13:56.192841: Current learning rate: 8e-05
2026-01-04 02:15:01.067062: train_loss 0.6959
2026-01-04 02:15:01.071728: val_loss 0.702
2026-01-04 02:15:01.074830: val classification accuracy 0.5417
2026-01-04 02:15:01.077663: val auc 0.4974
2026-01-04 02:15:01.080606: Epoch time: 64.88 s
2026-01-04 02:15:01.881894: 
2026-01-04 02:15:01.885309: Epoch 65
2026-01-04 02:15:01.887694: Current learning rate: 8e-05
2026-01-04 02:16:06.368387: train_loss 0.6999
2026-01-04 02:16:06.374641: val_loss 0.6517
2026-01-04 02:16:06.377828: val classification accuracy 0.5833
2026-01-04 02:16:06.380789: val auc 0.6606
2026-01-04 02:16:06.383655: Epoch time: 64.49 s
2026-01-04 02:16:07.159195: 
2026-01-04 02:16:07.162849: Epoch 66
2026-01-04 02:16:07.165559: Current learning rate: 8e-05
2026-01-04 02:17:13.241160: train_loss 0.7045
2026-01-04 02:17:13.245963: val_loss 0.6733
2026-01-04 02:17:13.249064: val classification accuracy 0.5833
2026-01-04 02:17:13.252492: val auc 0.6372
2026-01-04 02:17:13.255513: Epoch time: 66.08 s
2026-01-04 02:17:14.079781: 
2026-01-04 02:17:14.083187: Epoch 67
2026-01-04 02:17:14.085586: Current learning rate: 8e-05
2026-01-04 02:18:20.102637: train_loss 0.6908
2026-01-04 02:18:20.110676: val_loss 0.7136
2026-01-04 02:18:20.116264: val classification accuracy 0.5833
2026-01-04 02:18:20.123684: val auc 0.6068
2026-01-04 02:18:20.127939: Epoch time: 66.02 s
2026-01-04 02:18:20.945063: 
2026-01-04 02:18:20.948866: Epoch 68
2026-01-04 02:18:20.951576: Current learning rate: 8e-05
2026-01-04 02:19:25.108448: train_loss 0.6768
2026-01-04 02:19:25.114315: val_loss 0.7965
2026-01-04 02:19:25.118160: val classification accuracy 0.4792
2026-01-04 02:19:25.121870: val auc 0.5069
2026-01-04 02:19:25.126109: Epoch time: 64.16 s
2026-01-04 02:19:25.890965: 
2026-01-04 02:19:25.894707: Epoch 69
2026-01-04 02:19:25.897386: Current learning rate: 8e-05
2026-01-04 02:20:30.163362: train_loss 0.6854
2026-01-04 02:20:30.169146: val_loss 0.7221
2026-01-04 02:20:30.172452: val classification accuracy 0.5625
2026-01-04 02:20:30.183144: val auc 0.5469
2026-01-04 02:20:30.192135: Epoch time: 64.27 s
2026-01-04 02:20:30.955008: 
2026-01-04 02:20:30.958704: Epoch 70
2026-01-04 02:20:30.961424: Current learning rate: 8e-05
2026-01-04 02:21:35.804612: train_loss 0.6862
2026-01-04 02:21:35.809947: val_loss 0.719
2026-01-04 02:21:35.813115: val classification accuracy 0.5208
2026-01-04 02:21:35.816208: val auc 0.4549
2026-01-04 02:21:35.819645: Epoch time: 64.85 s
2026-01-04 02:21:36.657336: 
2026-01-04 02:21:36.661218: Epoch 71
2026-01-04 02:21:36.663856: Current learning rate: 8e-05
2026-01-04 02:22:40.458492: train_loss 0.673
2026-01-04 02:22:40.463630: val_loss 0.6207
2026-01-04 02:22:40.466973: val classification accuracy 0.6042
2026-01-04 02:22:40.470034: val auc 0.7613
2026-01-04 02:22:40.473489: Epoch time: 63.8 s
2026-01-04 02:22:41.252855: 
2026-01-04 02:22:41.257167: Epoch 72
2026-01-04 02:22:41.260469: Current learning rate: 8e-05
2026-01-04 02:23:45.890912: train_loss 0.6827
2026-01-04 02:23:45.895547: val_loss 0.6764
2026-01-04 02:23:45.898702: val classification accuracy 0.6042
2026-01-04 02:23:45.901631: val auc 0.6267
2026-01-04 02:23:45.904846: Epoch time: 64.64 s
2026-01-04 02:23:46.660678: 
2026-01-04 02:23:46.664157: Epoch 73
2026-01-04 02:23:46.666923: Current learning rate: 8e-05
2026-01-04 02:24:51.432340: train_loss 0.6872
2026-01-04 02:24:51.437667: val_loss 0.741
2026-01-04 02:24:51.441449: val classification accuracy 0.4167
2026-01-04 02:24:51.445037: val auc 0.4097
2026-01-04 02:24:51.448656: Epoch time: 64.77 s
2026-01-04 02:24:52.203869: 
2026-01-04 02:24:52.207459: Epoch 74
2026-01-04 02:24:52.215440: Current learning rate: 8e-05
2026-01-04 02:25:56.680696: train_loss 0.6735
2026-01-04 02:25:56.687469: val_loss 0.6381
2026-01-04 02:25:56.691478: val classification accuracy 0.6458
2026-01-04 02:25:56.695372: val auc 0.6753
2026-01-04 02:25:56.699446: Epoch time: 64.48 s
2026-01-04 02:25:57.450379: 
2026-01-04 02:25:57.453925: Epoch 75
2026-01-04 02:25:57.456514: Current learning rate: 8e-05
2026-01-04 02:27:01.590862: train_loss 0.6862
2026-01-04 02:27:01.597301: val_loss 0.6854
2026-01-04 02:27:01.600640: val classification accuracy 0.5
2026-01-04 02:27:01.605160: val auc 0.5877
2026-01-04 02:27:01.608491: Epoch time: 64.14 s
2026-01-04 02:27:02.373864: 
2026-01-04 02:27:02.377395: Epoch 76
2026-01-04 02:27:02.379952: Current learning rate: 8e-05
2026-01-04 02:28:06.689621: train_loss 0.6849
2026-01-04 02:28:06.694653: val_loss 0.7597
2026-01-04 02:28:06.697504: val classification accuracy 0.5
2026-01-04 02:28:06.700593: val auc 0.5043
2026-01-04 02:28:06.703447: Epoch time: 64.32 s
2026-01-04 02:28:07.436766: 
2026-01-04 02:28:07.440386: Epoch 77
2026-01-04 02:28:07.443093: Current learning rate: 8e-05
2026-01-04 02:29:11.337265: train_loss 0.6947
2026-01-04 02:29:11.341922: val_loss 0.6585
2026-01-04 02:29:11.344964: val classification accuracy 0.4792
2026-01-04 02:29:11.348084: val auc 0.6311
2026-01-04 02:29:11.350844: Epoch time: 63.9 s
2026-01-04 02:29:12.092487: 
2026-01-04 02:29:12.096461: Epoch 78
2026-01-04 02:29:12.099053: Current learning rate: 8e-05
2026-01-04 02:30:16.196963: train_loss 0.6849
2026-01-04 02:30:16.202667: val_loss 0.6688
2026-01-04 02:30:16.205956: val classification accuracy 0.5625
2026-01-04 02:30:16.208736: val auc 0.5851
2026-01-04 02:30:16.211699: Epoch time: 64.11 s
2026-01-04 02:30:16.953930: 
2026-01-04 02:30:16.957391: Epoch 79
2026-01-04 02:30:16.960714: Current learning rate: 8e-05
2026-01-04 02:31:21.380933: train_loss 0.6958
2026-01-04 02:31:21.387701: val_loss 0.6738
2026-01-04 02:31:21.392543: val classification accuracy 0.5208
2026-01-04 02:31:21.396680: val auc 0.5799
2026-01-04 02:31:21.400491: Epoch time: 64.43 s
2026-01-04 02:31:22.155900: 
2026-01-04 02:31:22.159896: Epoch 80
2026-01-04 02:31:22.162667: Current learning rate: 8e-05
2026-01-04 02:32:25.994284: train_loss 0.6645
2026-01-04 02:32:25.999111: val_loss 0.7023
2026-01-04 02:32:26.002329: val classification accuracy 0.5
2026-01-04 02:32:26.007314: val auc 0.5625
2026-01-04 02:32:26.010356: Epoch time: 63.84 s
2026-01-04 02:32:26.772193: 
2026-01-04 02:32:26.775995: Epoch 81
2026-01-04 02:32:26.778662: Current learning rate: 8e-05
2026-01-04 02:33:32.613024: train_loss 0.6838
2026-01-04 02:33:32.618919: val_loss 0.6879
2026-01-04 02:33:32.621953: val classification accuracy 0.4375
2026-01-04 02:33:32.624824: val auc 0.5295
2026-01-04 02:33:32.627825: Epoch time: 65.84 s
2026-01-04 02:33:33.407479: 
2026-01-04 02:33:33.411165: Epoch 82
2026-01-04 02:33:33.413848: Current learning rate: 8e-05
2026-01-04 02:34:37.501239: train_loss 0.6601
2026-01-04 02:34:37.506203: val_loss 0.7048
2026-01-04 02:34:37.509290: val classification accuracy 0.5
2026-01-04 02:34:37.512377: val auc 0.592
2026-01-04 02:34:37.515571: Epoch time: 64.09 s
2026-01-04 02:34:39.078249: 
2026-01-04 02:34:39.082093: Epoch 83
2026-01-04 02:34:39.084828: Current learning rate: 7e-05
2026-01-04 02:35:41.732654: train_loss 0.6772
2026-01-04 02:35:41.737994: val_loss 0.6481
2026-01-04 02:35:41.741001: val classification accuracy 0.5417
2026-01-04 02:35:41.743871: val auc 0.6858
2026-01-04 02:35:41.747006: Epoch time: 62.66 s
2026-01-04 02:35:42.515784: 
2026-01-04 02:35:42.519506: Epoch 84
2026-01-04 02:35:42.522124: Current learning rate: 7e-05
2026-01-04 02:36:45.817171: train_loss 0.6621
2026-01-04 02:36:45.825493: val_loss 0.6613
2026-01-04 02:36:45.843151: val classification accuracy 0.6042
2026-01-04 02:36:45.845834: val auc 0.6259
2026-01-04 02:36:45.848545: Epoch time: 63.3 s
2026-01-04 02:36:46.582923: 
2026-01-04 02:36:46.586273: Epoch 85
2026-01-04 02:36:46.588778: Current learning rate: 7e-05
2026-01-04 02:37:51.448854: train_loss 0.6723
2026-01-04 02:37:51.452984: val_loss 0.6316
2026-01-04 02:37:51.455920: val classification accuracy 0.6042
2026-01-04 02:37:51.458917: val auc 0.6918
2026-01-04 02:37:51.461626: Epoch time: 64.87 s
2026-01-04 02:37:52.310627: 
2026-01-04 02:37:52.314018: Epoch 86
2026-01-04 02:37:52.316631: Current learning rate: 7e-05
2026-01-04 02:38:57.287537: train_loss 0.6779
2026-01-04 02:38:57.299002: val_loss 0.6387
2026-01-04 02:38:57.304132: val classification accuracy 0.625
2026-01-04 02:38:57.308905: val auc 0.7847
2026-01-04 02:38:57.312456: Epoch time: 64.98 s
2026-01-04 02:38:57.315542: Yayy! New best EMA pseudo Dice: 0.7847
2026-01-04 02:39:00.449151: 
2026-01-04 02:39:00.452691: Epoch 87
2026-01-04 02:39:00.455348: Current learning rate: 7e-05
2026-01-04 02:40:04.665997: train_loss 0.6879
2026-01-04 02:40:04.671162: val_loss 0.6274
2026-01-04 02:40:04.674503: val classification accuracy 0.625
2026-01-04 02:40:04.677785: val auc 0.6892
2026-01-04 02:40:04.680846: Epoch time: 64.22 s
2026-01-04 02:40:05.423786: 
2026-01-04 02:40:05.428186: Epoch 88
2026-01-04 02:40:05.431126: Current learning rate: 7e-05
2026-01-04 02:41:10.054745: train_loss 0.6832
2026-01-04 02:41:10.060657: val_loss 0.6506
2026-01-04 02:41:10.064114: val classification accuracy 0.6042
2026-01-04 02:41:10.069158: val auc 0.7075
2026-01-04 02:41:10.072644: Epoch time: 64.63 s
2026-01-04 02:41:10.891642: 
2026-01-04 02:41:10.895350: Epoch 89
2026-01-04 02:41:10.898028: Current learning rate: 7e-05
2026-01-04 02:42:15.924659: train_loss 0.6686
2026-01-04 02:42:15.931232: val_loss 0.6994
2026-01-04 02:42:15.935539: val classification accuracy 0.5417
2026-01-04 02:42:15.938806: val auc 0.5703
2026-01-04 02:42:15.942194: Epoch time: 65.03 s
2026-01-04 02:42:16.683841: 
2026-01-04 02:42:16.687832: Epoch 90
2026-01-04 02:42:16.690641: Current learning rate: 7e-05
2026-01-04 02:43:21.290637: train_loss 0.6799
2026-01-04 02:43:21.296643: val_loss 0.6453
2026-01-04 02:43:21.299821: val classification accuracy 0.6042
2026-01-04 02:43:21.302953: val auc 0.7639
2026-01-04 02:43:21.306014: Epoch time: 64.61 s
2026-01-04 02:43:22.081137: 
2026-01-04 02:43:22.084687: Epoch 91
2026-01-04 02:43:22.087375: Current learning rate: 7e-05
2026-01-04 02:44:26.819958: train_loss 0.6841
2026-01-04 02:44:26.826003: val_loss 0.643
2026-01-04 02:44:26.829350: val classification accuracy 0.6667
2026-01-04 02:44:26.832963: val auc 0.7101
2026-01-04 02:44:26.835915: Epoch time: 64.74 s
2026-01-04 02:44:27.678033: 
2026-01-04 02:44:27.681557: Epoch 92
2026-01-04 02:44:27.684174: Current learning rate: 7e-05
2026-01-04 02:45:32.096133: train_loss 0.6498
2026-01-04 02:45:32.100996: val_loss 0.6747
2026-01-04 02:45:32.103929: val classification accuracy 0.6458
2026-01-04 02:45:32.106729: val auc 0.6389
2026-01-04 02:45:32.109325: Epoch time: 64.42 s
2026-01-04 02:45:32.831007: 
2026-01-04 02:45:32.834374: Epoch 93
2026-01-04 02:45:32.836926: Current learning rate: 7e-05
2026-01-04 02:46:36.818648: train_loss 0.6529
2026-01-04 02:46:36.823536: val_loss 0.8055
2026-01-04 02:46:36.826638: val classification accuracy 0.4583
2026-01-04 02:46:36.829366: val auc 0.3967
2026-01-04 02:46:36.832291: Epoch time: 63.99 s
2026-01-04 02:46:37.620039: 
2026-01-04 02:46:37.624475: Epoch 94
2026-01-04 02:46:37.628313: Current learning rate: 7e-05
2026-01-04 02:47:41.875385: train_loss 0.672
2026-01-04 02:47:41.898479: val_loss 0.6726
2026-01-04 02:47:41.902045: val classification accuracy 0.625
2026-01-04 02:47:41.905438: val auc 0.6667
2026-01-04 02:47:41.908705: Epoch time: 64.26 s
2026-01-04 02:47:42.760836: 
2026-01-04 02:47:42.764791: Epoch 95
2026-01-04 02:47:42.767596: Current learning rate: 7e-05
2026-01-04 02:48:48.689332: train_loss 0.675
2026-01-04 02:48:48.700338: val_loss 0.6144
2026-01-04 02:48:48.706148: val classification accuracy 0.7083
2026-01-04 02:48:48.709617: val auc 0.7361
2026-01-04 02:48:48.712769: Epoch time: 65.93 s
2026-01-04 02:48:49.456509: 
2026-01-04 02:48:49.459779: Epoch 96
2026-01-04 02:48:49.462116: Current learning rate: 7e-05
2026-01-04 02:49:52.814724: train_loss 0.6582
2026-01-04 02:49:52.819009: val_loss 0.6881
2026-01-04 02:49:52.821831: val classification accuracy 0.5625
2026-01-04 02:49:52.824694: val auc 0.5625
2026-01-04 02:49:52.827628: Epoch time: 63.36 s
2026-01-04 02:49:53.600057: 
2026-01-04 02:49:53.603598: Epoch 97
2026-01-04 02:49:53.606275: Current learning rate: 7e-05
2026-01-04 02:50:57.582192: train_loss 0.6622
2026-01-04 02:50:57.587429: val_loss 0.7038
2026-01-04 02:50:57.590808: val classification accuracy 0.5208
2026-01-04 02:50:57.594347: val auc 0.6241
2026-01-04 02:50:57.597727: Epoch time: 63.98 s
2026-01-04 02:50:58.356257: 
2026-01-04 02:50:58.359895: Epoch 98
2026-01-04 02:50:58.362548: Current learning rate: 7e-05
2026-01-04 02:52:03.034737: train_loss 0.6631
2026-01-04 02:52:03.039245: val_loss 0.6769
2026-01-04 02:52:03.042423: val classification accuracy 0.6042
2026-01-04 02:52:03.052528: val auc 0.6181
2026-01-04 02:52:03.056289: Epoch time: 64.68 s
2026-01-04 02:52:03.822448: 
2026-01-04 02:52:03.826671: Epoch 99
2026-01-04 02:52:03.829814: Current learning rate: 7e-05
2026-01-04 02:53:08.861827: train_loss 0.6745
2026-01-04 02:53:08.866303: val_loss 0.6418
2026-01-04 02:53:08.869081: val classification accuracy 0.7083
2026-01-04 02:53:08.872113: val auc 0.7205
2026-01-04 02:53:08.874986: Epoch time: 65.04 s
2026-01-04 02:53:10.759759: Saved periodic checkpoint /hpf/projects/jquon/sumin/nnUNet_data/nnUNet_results/Dataset033_AVM_T1+C/SwinViTTrainer_ep300_NoMirroring_x2__nnUNetResEncUNetLPlans__3d_fullres/fold_3/checkpoint_every20_best_balacc.pth at epoch 99 with val_balanced_accuracy=0.7083
2026-01-04 02:53:12.070033: Saved periodic checkpoint /hpf/projects/jquon/sumin/nnUNet_data/nnUNet_results/Dataset033_AVM_T1+C/SwinViTTrainer_ep300_NoMirroring_x2__nnUNetResEncUNetLPlans__3d_fullres/fold_3/checkpoint_every20_best_auroc.pth at epoch 99 with val_auc=0.7205
2026-01-04 02:53:12.781100: 
2026-01-04 02:53:12.784430: Epoch 100
2026-01-04 02:53:12.786902: Current learning rate: 7e-05
2026-01-04 02:54:17.293343: train_loss 0.6561
2026-01-04 02:54:17.297932: val_loss 0.6892
2026-01-04 02:54:17.300606: val classification accuracy 0.6042
2026-01-04 02:54:17.303371: val auc 0.6571
2026-01-04 02:54:17.306480: Epoch time: 64.51 s
2026-01-04 02:54:18.099853: 
2026-01-04 02:54:18.103327: Epoch 101
2026-01-04 02:54:18.106081: Current learning rate: 7e-05
2026-01-04 02:55:22.575784: train_loss 0.6432
2026-01-04 02:55:22.580502: val_loss 0.6556
2026-01-04 02:55:22.583479: val classification accuracy 0.6667
2026-01-04 02:55:22.586349: val auc 0.6927
2026-01-04 02:55:22.589330: Epoch time: 64.48 s
2026-01-04 02:55:23.312735: 
2026-01-04 02:55:23.316001: Epoch 102
2026-01-04 02:55:23.318464: Current learning rate: 7e-05
2026-01-04 02:56:28.229962: train_loss 0.6798
2026-01-04 02:56:28.234487: val_loss 0.661
2026-01-04 02:56:28.237511: val classification accuracy 0.5625
2026-01-04 02:56:28.240340: val auc 0.6641
2026-01-04 02:56:28.243102: Epoch time: 64.92 s
2026-01-04 02:56:29.006468: 
2026-01-04 02:56:29.009689: Epoch 103
2026-01-04 02:56:29.012330: Current learning rate: 7e-05
2026-01-04 02:57:34.130909: train_loss 0.6779
2026-01-04 02:57:34.135962: val_loss 0.6847
2026-01-04 02:57:34.139315: val classification accuracy 0.5
2026-01-04 02:57:34.142616: val auc 0.566
2026-01-04 02:57:34.145869: Epoch time: 65.13 s
2026-01-04 02:57:34.911920: 
2026-01-04 02:57:34.915898: Epoch 104
2026-01-04 02:57:34.918866: Current learning rate: 7e-05
2026-01-04 02:58:39.615860: train_loss 0.6833
2026-01-04 02:58:39.620836: val_loss 0.6848
2026-01-04 02:58:39.624447: val classification accuracy 0.5417
2026-01-04 02:58:39.627573: val auc 0.5573
2026-01-04 02:58:39.630857: Epoch time: 64.71 s
2026-01-04 02:58:40.368911: 
2026-01-04 02:58:40.372670: Epoch 105
2026-01-04 02:58:40.375539: Current learning rate: 7e-05
2026-01-04 02:59:45.487915: train_loss 0.6878
2026-01-04 02:59:45.493014: val_loss 0.6227
2026-01-04 02:59:45.495919: val classification accuracy 0.7292
2026-01-04 02:59:45.499092: val auc 0.7865
2026-01-04 02:59:45.503505: Epoch time: 65.12 s
2026-01-04 02:59:45.506312: Yayy! New best EMA pseudo Dice: 0.7865
2026-01-04 02:59:47.889350: Yayy! New best classification accuracy: 0.7292
2026-01-04 02:59:50.158500: 
2026-01-04 02:59:50.161991: Epoch 106
2026-01-04 02:59:50.165011: Current learning rate: 7e-05
2026-01-04 03:00:55.204577: train_loss 0.674
2026-01-04 03:00:55.209589: val_loss 0.6128
2026-01-04 03:00:55.212923: val classification accuracy 0.7292
2026-01-04 03:00:55.215920: val auc 0.8021
2026-01-04 03:00:55.219080: Epoch time: 65.05 s
2026-01-04 03:00:55.221726: Yayy! New best EMA pseudo Dice: 0.8021
2026-01-04 03:00:58.105323: 
2026-01-04 03:00:58.109131: Epoch 107
2026-01-04 03:00:58.111955: Current learning rate: 7e-05
2026-01-04 03:02:02.303284: train_loss 0.6824
2026-01-04 03:02:02.308333: val_loss 0.6438
2026-01-04 03:02:02.311553: val classification accuracy 0.6458
2026-01-04 03:02:02.314867: val auc 0.6944
2026-01-04 03:02:02.317856: Epoch time: 64.2 s
2026-01-04 03:02:03.108499: 
2026-01-04 03:02:03.112243: Epoch 108
2026-01-04 03:02:03.114881: Current learning rate: 7e-05
2026-01-04 03:03:06.570602: train_loss 0.6738
2026-01-04 03:03:06.575366: val_loss 0.7989
2026-01-04 03:03:06.578976: val classification accuracy 0.5208
2026-01-04 03:03:06.582190: val auc 0.4696
2026-01-04 03:03:06.585504: Epoch time: 63.46 s
2026-01-04 03:03:07.336252: 
2026-01-04 03:03:07.340359: Epoch 109
2026-01-04 03:03:07.342843: Current learning rate: 7e-05
2026-01-04 03:04:10.711421: train_loss 0.6903
2026-01-04 03:04:10.716196: val_loss 0.6888
2026-01-04 03:04:10.719343: val classification accuracy 0.5417
2026-01-04 03:04:10.722415: val auc 0.5434
2026-01-04 03:04:10.725383: Epoch time: 63.38 s
2026-01-04 03:04:11.480028: 
2026-01-04 03:04:11.483546: Epoch 110
2026-01-04 03:04:11.486141: Current learning rate: 7e-05
2026-01-04 03:05:15.559974: train_loss 0.6965
2026-01-04 03:05:15.565074: val_loss 0.6565
2026-01-04 03:05:15.568500: val classification accuracy 0.5625
2026-01-04 03:05:15.571670: val auc 0.6493
2026-01-04 03:05:15.575072: Epoch time: 64.08 s
2026-01-04 03:05:16.320730: 
2026-01-04 03:05:16.324572: Epoch 111
2026-01-04 03:05:16.327397: Current learning rate: 7e-05
2026-01-04 03:06:20.750413: train_loss 0.6738
2026-01-04 03:06:20.755726: val_loss 0.6728
2026-01-04 03:06:20.758992: val classification accuracy 0.5833
2026-01-04 03:06:20.762484: val auc 0.6128
2026-01-04 03:06:20.766517: Epoch time: 64.43 s
2026-01-04 03:06:21.565230: 
2026-01-04 03:06:21.569202: Epoch 112
2026-01-04 03:06:21.572245: Current learning rate: 7e-05
2026-01-04 03:07:24.098644: train_loss 0.684
2026-01-04 03:07:24.103337: val_loss 0.6539
2026-01-04 03:07:24.106364: val classification accuracy 0.6458
2026-01-04 03:07:24.109568: val auc 0.6771
2026-01-04 03:07:24.112449: Epoch time: 62.53 s
2026-01-04 03:07:24.853316: 
2026-01-04 03:07:24.856610: Epoch 113
2026-01-04 03:07:24.859195: Current learning rate: 7e-05
2026-01-04 03:08:28.224203: train_loss 0.6556
2026-01-04 03:08:28.236019: val_loss 0.6761
2026-01-04 03:08:28.241780: val classification accuracy 0.625
2026-01-04 03:08:28.246285: val auc 0.6649
2026-01-04 03:08:28.250359: Epoch time: 63.37 s
2026-01-04 03:08:29.176921: 
2026-01-04 03:08:29.180838: Epoch 114
2026-01-04 03:08:29.183678: Current learning rate: 7e-05
2026-01-04 03:09:32.506336: train_loss 0.6775
2026-01-04 03:09:32.511152: val_loss 0.7183
2026-01-04 03:09:32.514287: val classification accuracy 0.4583
2026-01-04 03:09:32.517524: val auc 0.4531
2026-01-04 03:09:32.520600: Epoch time: 63.33 s
2026-01-04 03:09:34.192687: 
2026-01-04 03:09:34.196342: Epoch 115
2026-01-04 03:09:34.199009: Current learning rate: 6e-05
2026-01-04 03:10:39.034142: train_loss 0.6711
2026-01-04 03:10:39.043214: val_loss 0.6232
2026-01-04 03:10:39.046740: val classification accuracy 0.6875
2026-01-04 03:10:39.049819: val auc 0.7153
2026-01-04 03:10:39.058403: Epoch time: 64.84 s
2026-01-04 03:10:39.801579: 
2026-01-04 03:10:39.805200: Epoch 116
2026-01-04 03:10:39.807894: Current learning rate: 6e-05
2026-01-04 03:11:43.989019: train_loss 0.6695
2026-01-04 03:11:44.010970: val_loss 0.6607
2026-01-04 03:11:44.014525: val classification accuracy 0.6042
2026-01-04 03:11:44.017907: val auc 0.6406
2026-01-04 03:11:44.020936: Epoch time: 64.19 s
2026-01-04 03:11:44.792521: 
2026-01-04 03:11:44.796134: Epoch 117
2026-01-04 03:11:44.798913: Current learning rate: 6e-05
2026-01-04 03:12:49.506198: train_loss 0.6694
2026-01-04 03:12:49.510937: val_loss 0.6865
2026-01-04 03:12:49.514099: val classification accuracy 0.5417
2026-01-04 03:12:49.517514: val auc 0.5538
2026-01-04 03:12:49.520764: Epoch time: 64.71 s
2026-01-04 03:12:50.255890: 
2026-01-04 03:12:50.260109: Epoch 118
2026-01-04 03:12:50.263359: Current learning rate: 6e-05
2026-01-04 03:13:55.154642: train_loss 0.6639
2026-01-04 03:13:55.159703: val_loss 0.7029
2026-01-04 03:13:55.162865: val classification accuracy 0.5625
2026-01-04 03:13:55.166187: val auc 0.5503
2026-01-04 03:13:55.169134: Epoch time: 64.9 s
2026-01-04 03:13:55.928943: 
2026-01-04 03:13:55.932482: Epoch 119
2026-01-04 03:13:55.935225: Current learning rate: 6e-05
2026-01-04 03:15:00.693028: train_loss 0.687
2026-01-04 03:15:00.698578: val_loss 0.6446
2026-01-04 03:15:00.701899: val classification accuracy 0.7083
2026-01-04 03:15:00.705504: val auc 0.7222
2026-01-04 03:15:00.708887: Epoch time: 64.77 s
2026-01-04 03:15:02.916471: Saved periodic checkpoint /hpf/projects/jquon/sumin/nnUNet_data/nnUNet_results/Dataset033_AVM_T1+C/SwinViTTrainer_ep300_NoMirroring_x2__nnUNetResEncUNetLPlans__3d_fullres/fold_3/checkpoint_every20_best_auroc.pth at epoch 119 with val_auc=0.7222
2026-01-04 03:15:03.640630: 
2026-01-04 03:15:03.644048: Epoch 120
2026-01-04 03:15:03.646574: Current learning rate: 6e-05
2026-01-04 03:16:07.959213: train_loss 0.6614
2026-01-04 03:16:07.964741: val_loss 0.6647
2026-01-04 03:16:07.967571: val classification accuracy 0.5625
2026-01-04 03:16:07.970698: val auc 0.6293
2026-01-04 03:16:07.973435: Epoch time: 64.32 s
2026-01-04 03:16:08.754000: 
2026-01-04 03:16:08.757409: Epoch 121
2026-01-04 03:16:08.759870: Current learning rate: 6e-05
2026-01-04 03:17:12.456445: train_loss 0.6573
2026-01-04 03:17:12.461593: val_loss 0.7499
2026-01-04 03:17:12.465251: val classification accuracy 0.4375
2026-01-04 03:17:12.468617: val auc 0.4618
2026-01-04 03:17:12.471930: Epoch time: 63.7 s
2026-01-04 03:17:13.307899: 
2026-01-04 03:17:13.311469: Epoch 122
2026-01-04 03:17:13.314286: Current learning rate: 6e-05
2026-01-04 03:18:17.339036: train_loss 0.6654
2026-01-04 03:18:17.344034: val_loss 0.7285
2026-01-04 03:18:17.347168: val classification accuracy 0.5417
2026-01-04 03:18:17.350455: val auc 0.5417
2026-01-04 03:18:17.353380: Epoch time: 64.03 s
2026-01-04 03:18:18.192187: 
2026-01-04 03:18:18.195757: Epoch 123
2026-01-04 03:18:18.198253: Current learning rate: 6e-05
2026-01-04 03:19:22.191045: train_loss 0.6655
2026-01-04 03:19:22.196854: val_loss 0.7106
2026-01-04 03:19:22.200442: val classification accuracy 0.5208
2026-01-04 03:19:22.203781: val auc 0.5547
2026-01-04 03:19:22.208553: Epoch time: 64.0 s
2026-01-04 03:19:22.967869: 
2026-01-04 03:19:22.971741: Epoch 124
2026-01-04 03:19:22.974781: Current learning rate: 6e-05
2026-01-04 03:20:27.351503: train_loss 0.6603
2026-01-04 03:20:27.356634: val_loss 0.6927
2026-01-04 03:20:27.359775: val classification accuracy 0.5208
2026-01-04 03:20:27.362965: val auc 0.6007
2026-01-04 03:20:27.366235: Epoch time: 64.38 s
2026-01-04 03:20:28.149452: 
2026-01-04 03:20:28.153362: Epoch 125
2026-01-04 03:20:28.156569: Current learning rate: 6e-05
2026-01-04 03:21:33.379565: train_loss 0.6615
2026-01-04 03:21:33.388483: val_loss 0.6449
2026-01-04 03:21:33.392374: val classification accuracy 0.5625
2026-01-04 03:21:33.395996: val auc 0.6424
2026-01-04 03:21:33.399454: Epoch time: 65.23 s
2026-01-04 03:21:34.192240: 
2026-01-04 03:21:34.196029: Epoch 126
2026-01-04 03:21:34.198785: Current learning rate: 6e-05
2026-01-04 03:22:38.859675: train_loss 0.6792
2026-01-04 03:22:38.875684: val_loss 0.5914
2026-01-04 03:22:38.882552: val classification accuracy 0.7292
2026-01-04 03:22:38.888233: val auc 0.8073
2026-01-04 03:22:38.892726: Epoch time: 64.67 s
2026-01-04 03:22:38.896292: Yayy! New best EMA pseudo Dice: 0.8073
2026-01-04 03:22:41.980956: 
2026-01-04 03:22:41.984512: Epoch 127
2026-01-04 03:22:41.987692: Current learning rate: 6e-05
2026-01-04 03:23:46.155407: train_loss 0.6792
2026-01-04 03:23:46.160212: val_loss 0.6657
2026-01-04 03:23:46.163307: val classification accuracy 0.6458
2026-01-04 03:23:46.166548: val auc 0.6441
2026-01-04 03:23:46.174768: Epoch time: 64.18 s
2026-01-04 03:23:46.921428: 
2026-01-04 03:23:46.925212: Epoch 128
2026-01-04 03:23:46.928288: Current learning rate: 6e-05
2026-01-04 03:24:51.674537: train_loss 0.6524
2026-01-04 03:24:51.679494: val_loss 0.709
2026-01-04 03:24:51.683020: val classification accuracy 0.5625
2026-01-04 03:24:51.700203: val auc 0.5807
2026-01-04 03:24:51.717075: Epoch time: 64.75 s
2026-01-04 03:24:52.514719: 
2026-01-04 03:24:52.518279: Epoch 129
2026-01-04 03:24:52.520780: Current learning rate: 6e-05
2026-01-04 03:25:57.198434: train_loss 0.6578
2026-01-04 03:25:57.213671: val_loss 0.777
2026-01-04 03:25:57.226326: val classification accuracy 0.5625
2026-01-04 03:25:57.237742: val auc 0.4306
2026-01-04 03:25:57.247482: Epoch time: 64.68 s
2026-01-04 03:25:58.010764: 
2026-01-04 03:25:58.014502: Epoch 130
2026-01-04 03:25:58.017221: Current learning rate: 6e-05
2026-01-04 03:27:02.050595: train_loss 0.6748
2026-01-04 03:27:02.055150: val_loss 0.7016
2026-01-04 03:27:02.057853: val classification accuracy 0.5208
2026-01-04 03:27:02.060819: val auc 0.5486
2026-01-04 03:27:02.063653: Epoch time: 64.04 s
2026-01-04 03:27:03.600596: 
2026-01-04 03:27:03.604220: Epoch 131
2026-01-04 03:27:03.606882: Current learning rate: 6e-05
2026-01-04 03:28:07.806929: train_loss 0.6644
2026-01-04 03:28:07.811379: val_loss 0.7094
2026-01-04 03:28:07.814326: val classification accuracy 0.6042
2026-01-04 03:28:07.816857: val auc 0.5451
2026-01-04 03:28:07.819763: Epoch time: 64.21 s
2026-01-04 03:28:08.585715: 
2026-01-04 03:28:08.589077: Epoch 132
2026-01-04 03:28:08.591560: Current learning rate: 6e-05
2026-01-04 03:29:13.388754: train_loss 0.669
2026-01-04 03:29:13.393634: val_loss 0.7168
2026-01-04 03:29:13.397086: val classification accuracy 0.5208
2026-01-04 03:29:13.400375: val auc 0.526
2026-01-04 03:29:13.403770: Epoch time: 64.8 s
2026-01-04 03:29:14.153730: 
2026-01-04 03:29:14.159457: Epoch 133
2026-01-04 03:29:14.162590: Current learning rate: 6e-05
2026-01-04 03:30:19.216202: train_loss 0.645
2026-01-04 03:30:19.221562: val_loss 0.7314
2026-01-04 03:30:19.224789: val classification accuracy 0.5208
2026-01-04 03:30:19.227949: val auc 0.5417
2026-01-04 03:30:19.231278: Epoch time: 65.06 s
2026-01-04 03:30:19.986759: 
2026-01-04 03:30:19.990648: Epoch 134
2026-01-04 03:30:19.993601: Current learning rate: 6e-05
2026-01-04 03:31:23.245707: train_loss 0.67
2026-01-04 03:31:23.250125: val_loss 0.6731
2026-01-04 03:31:23.253399: val classification accuracy 0.5417
2026-01-04 03:31:23.256388: val auc 0.6155
2026-01-04 03:31:23.259420: Epoch time: 63.26 s
2026-01-04 03:31:24.007204: 
2026-01-04 03:31:24.010798: Epoch 135
2026-01-04 03:31:24.013435: Current learning rate: 6e-05
2026-01-04 03:32:27.983458: train_loss 0.6516
2026-01-04 03:32:27.989715: val_loss 0.68
2026-01-04 03:32:27.993986: val classification accuracy 0.5833
2026-01-04 03:32:27.997387: val auc 0.6389
2026-01-04 03:32:28.000853: Epoch time: 63.98 s
2026-01-04 03:32:28.797393: 
2026-01-04 03:32:28.801388: Epoch 136
2026-01-04 03:32:28.804286: Current learning rate: 6e-05
2026-01-04 03:33:33.652750: train_loss 0.6763
2026-01-04 03:33:33.657650: val_loss 0.713
2026-01-04 03:33:33.661502: val classification accuracy 0.5625
2026-01-04 03:33:33.664647: val auc 0.5174
2026-01-04 03:33:33.668018: Epoch time: 64.86 s
2026-01-04 03:33:34.398894: 
2026-01-04 03:33:34.402573: Epoch 137
2026-01-04 03:33:34.405140: Current learning rate: 6e-05
2026-01-04 03:34:38.494777: train_loss 0.6569
2026-01-04 03:34:38.499723: val_loss 0.6585
2026-01-04 03:34:38.502919: val classification accuracy 0.6458
2026-01-04 03:34:38.505993: val auc 0.6441
2026-01-04 03:34:38.509077: Epoch time: 64.1 s
2026-01-04 03:34:39.252711: 
2026-01-04 03:34:39.256281: Epoch 138
2026-01-04 03:34:39.259270: Current learning rate: 6e-05
2026-01-04 03:35:42.783300: train_loss 0.6555
2026-01-04 03:35:42.789163: val_loss 0.7404
2026-01-04 03:35:42.792554: val classification accuracy 0.5
2026-01-04 03:35:42.796126: val auc 0.4774
2026-01-04 03:35:42.799521: Epoch time: 63.53 s
2026-01-04 03:35:43.540064: 
2026-01-04 03:35:43.544237: Epoch 139
2026-01-04 03:35:43.547550: Current learning rate: 6e-05
2026-01-04 03:36:47.412187: train_loss 0.6692
2026-01-04 03:36:47.416846: val_loss 0.7006
2026-01-04 03:36:47.419887: val classification accuracy 0.5833
2026-01-04 03:36:47.423133: val auc 0.5877
2026-01-04 03:36:47.426094: Epoch time: 63.87 s
2026-01-04 03:36:48.342065: 
2026-01-04 03:36:48.345816: Epoch 140
2026-01-04 03:36:48.348542: Current learning rate: 6e-05
2026-01-04 03:37:52.553892: train_loss 0.6783
2026-01-04 03:37:52.558574: val_loss 0.6803
2026-01-04 03:37:52.561569: val classification accuracy 0.5833
2026-01-04 03:37:52.564828: val auc 0.5773
2026-01-04 03:37:52.567726: Epoch time: 64.21 s
2026-01-04 03:37:53.286157: 
2026-01-04 03:37:53.289820: Epoch 141
2026-01-04 03:37:53.292576: Current learning rate: 6e-05
2026-01-04 03:38:56.604947: train_loss 0.6676
2026-01-04 03:38:56.611840: val_loss 0.7726
2026-01-04 03:38:56.632949: val classification accuracy 0.4167
2026-01-04 03:38:56.635824: val auc 0.4158
2026-01-04 03:38:56.638578: Epoch time: 63.32 s
2026-01-04 03:38:57.376193: 
2026-01-04 03:38:57.379384: Epoch 142
2026-01-04 03:38:57.381960: Current learning rate: 6e-05
2026-01-04 03:40:01.389854: train_loss 0.6362
2026-01-04 03:40:01.395027: val_loss 0.733
2026-01-04 03:40:01.398135: val classification accuracy 0.5
2026-01-04 03:40:01.401510: val auc 0.546
2026-01-04 03:40:01.404838: Epoch time: 64.01 s
2026-01-04 03:40:02.147872: 
2026-01-04 03:40:02.151262: Epoch 143
2026-01-04 03:40:02.154036: Current learning rate: 6e-05
2026-01-04 03:41:06.841952: train_loss 0.6798
2026-01-04 03:41:06.846920: val_loss 0.6738
2026-01-04 03:41:06.850179: val classification accuracy 0.5417
2026-01-04 03:41:06.853373: val auc 0.6033
2026-01-04 03:41:06.856394: Epoch time: 64.7 s
2026-01-04 03:41:07.600195: 
2026-01-04 03:41:07.603950: Epoch 144
2026-01-04 03:41:07.606613: Current learning rate: 6e-05
2026-01-04 03:42:12.201570: train_loss 0.6592
2026-01-04 03:42:12.206154: val_loss 0.666
2026-01-04 03:42:12.209037: val classification accuracy 0.6458
2026-01-04 03:42:12.211911: val auc 0.6406
2026-01-04 03:42:12.220649: Epoch time: 64.6 s
2026-01-04 03:42:12.942736: 
2026-01-04 03:42:12.946165: Epoch 145
2026-01-04 03:42:12.948730: Current learning rate: 6e-05
2026-01-04 03:43:17.799253: train_loss 0.6642
2026-01-04 03:43:17.804022: val_loss 0.6858
2026-01-04 03:43:17.807107: val classification accuracy 0.5625
2026-01-04 03:43:17.810057: val auc 0.6319
2026-01-04 03:43:17.813022: Epoch time: 64.86 s
2026-01-04 03:43:18.588213: 
2026-01-04 03:43:18.591681: Epoch 146
2026-01-04 03:43:18.594480: Current learning rate: 5e-05
2026-01-04 03:44:22.752098: train_loss 0.673
2026-01-04 03:44:22.758264: val_loss 0.667
2026-01-04 03:44:22.762071: val classification accuracy 0.6042
2026-01-04 03:44:22.766363: val auc 0.6589
2026-01-04 03:44:22.769814: Epoch time: 64.17 s
2026-01-04 03:44:23.535628: 
2026-01-04 03:44:23.538973: Epoch 147
2026-01-04 03:44:23.541495: Current learning rate: 5e-05
2026-01-04 03:45:27.881448: train_loss 0.6623
2026-01-04 03:45:27.886753: val_loss 0.6528
2026-01-04 03:45:27.890060: val classification accuracy 0.625
2026-01-04 03:45:27.893471: val auc 0.6667
2026-01-04 03:45:27.896525: Epoch time: 64.35 s
2026-01-04 03:45:28.616734: 
2026-01-04 03:45:28.620512: Epoch 148
2026-01-04 03:45:28.623227: Current learning rate: 5e-05
2026-01-04 03:46:32.897801: train_loss 0.6518
2026-01-04 03:46:32.902943: val_loss 0.6928
2026-01-04 03:46:32.906494: val classification accuracy 0.5417
2026-01-04 03:46:32.909618: val auc 0.6042
2026-01-04 03:46:32.913097: Epoch time: 64.28 s
2026-01-04 03:46:33.656364: 
2026-01-04 03:46:33.660217: Epoch 149
2026-01-04 03:46:33.663101: Current learning rate: 5e-05
2026-01-04 03:47:37.257749: train_loss 0.6559
2026-01-04 03:47:37.262314: val_loss 0.7725
2026-01-04 03:47:37.265425: val classification accuracy 0.4375
2026-01-04 03:47:37.268317: val auc 0.4549
2026-01-04 03:47:37.271064: Epoch time: 63.6 s
2026-01-04 03:47:37.999293: 
2026-01-04 03:47:38.002678: Epoch 150
2026-01-04 03:47:38.005597: Current learning rate: 5e-05
2026-01-04 03:48:42.813967: train_loss 0.643
2026-01-04 03:48:42.818575: val_loss 0.6472
2026-01-04 03:48:42.821561: val classification accuracy 0.7292
2026-01-04 03:48:42.824710: val auc 0.6667
2026-01-04 03:48:42.827720: Epoch time: 64.82 s
2026-01-04 03:48:43.562807: 
2026-01-04 03:48:43.566249: Epoch 151
2026-01-04 03:48:43.568981: Current learning rate: 5e-05
2026-01-04 03:49:48.173471: train_loss 0.6497
2026-01-04 03:49:48.197769: val_loss 0.6242
2026-01-04 03:49:48.212231: val classification accuracy 0.6458
2026-01-04 03:49:48.224383: val auc 0.7057
2026-01-04 03:49:48.235441: Epoch time: 64.61 s
2026-01-04 03:49:49.033549: 
2026-01-04 03:49:49.037160: Epoch 152
2026-01-04 03:49:49.039937: Current learning rate: 5e-05
2026-01-04 03:50:53.449511: train_loss 0.6617
2026-01-04 03:50:53.454391: val_loss 0.6725
2026-01-04 03:50:53.457909: val classification accuracy 0.625
2026-01-04 03:50:53.461118: val auc 0.6615
2026-01-04 03:50:53.470103: Epoch time: 64.42 s
2026-01-04 03:50:54.211154: 
2026-01-04 03:50:54.215176: Epoch 153
2026-01-04 03:50:54.218348: Current learning rate: 5e-05
2026-01-04 03:51:58.304835: train_loss 0.6416
2026-01-04 03:51:58.309640: val_loss 0.6725
2026-01-04 03:51:58.352971: val classification accuracy 0.6667
2026-01-04 03:51:58.374608: val auc 0.6302
2026-01-04 03:51:58.389607: Epoch time: 64.09 s
2026-01-04 03:51:59.134914: 
2026-01-04 03:51:59.139425: Epoch 154
2026-01-04 03:51:59.142689: Current learning rate: 5e-05
2026-01-04 03:53:02.820016: train_loss 0.642
2026-01-04 03:53:02.834328: val_loss 0.6923
2026-01-04 03:53:02.837245: val classification accuracy 0.5833
2026-01-04 03:53:02.840575: val auc 0.6181
2026-01-04 03:53:02.843786: Epoch time: 63.69 s
2026-01-04 03:53:03.602108: 
2026-01-04 03:53:03.605690: Epoch 155
2026-01-04 03:53:03.608444: Current learning rate: 5e-05
2026-01-04 03:54:07.746604: train_loss 0.6518
2026-01-04 03:54:07.759105: val_loss 0.7267
2026-01-04 03:54:07.765186: val classification accuracy 0.5833
2026-01-04 03:54:07.769262: val auc 0.5764
2026-01-04 03:54:07.773448: Epoch time: 64.15 s
2026-01-04 03:54:08.496785: 
2026-01-04 03:54:08.500112: Epoch 156
2026-01-04 03:54:08.502899: Current learning rate: 5e-05
2026-01-04 03:55:12.874585: train_loss 0.6641
2026-01-04 03:55:12.879224: val_loss 0.8003
2026-01-04 03:55:12.882240: val classification accuracy 0.4375
2026-01-04 03:55:12.885292: val auc 0.3993
2026-01-04 03:55:12.888079: Epoch time: 64.38 s
2026-01-04 03:55:13.666368: 
2026-01-04 03:55:13.669831: Epoch 157
2026-01-04 03:55:13.672688: Current learning rate: 5e-05
2026-01-04 03:56:18.462199: train_loss 0.6657
2026-01-04 03:56:18.467218: val_loss 0.6697
2026-01-04 03:56:18.470533: val classification accuracy 0.5833
2026-01-04 03:56:18.473659: val auc 0.6667
2026-01-04 03:56:18.477039: Epoch time: 64.8 s
2026-01-04 03:56:19.247612: 
2026-01-04 03:56:19.251567: Epoch 158
2026-01-04 03:56:19.254539: Current learning rate: 5e-05
2026-01-04 03:57:23.667363: train_loss 0.6288
2026-01-04 03:57:23.672932: val_loss 0.6796
2026-01-04 03:57:23.676373: val classification accuracy 0.625
2026-01-04 03:57:23.679649: val auc 0.6528
2026-01-04 03:57:23.682961: Epoch time: 64.42 s
2026-01-04 03:57:24.438132: 
2026-01-04 03:57:24.441795: Epoch 159
2026-01-04 03:57:24.444852: Current learning rate: 5e-05
2026-01-04 03:58:27.869862: train_loss 0.6884
2026-01-04 03:58:27.875587: val_loss 0.7384
2026-01-04 03:58:27.878899: val classification accuracy 0.4792
2026-01-04 03:58:27.881905: val auc 0.3828
2026-01-04 03:58:27.885045: Epoch time: 63.43 s
2026-01-04 03:58:28.663929: 
2026-01-04 03:58:28.667444: Epoch 160
2026-01-04 03:58:28.670354: Current learning rate: 5e-05
2026-01-04 03:59:31.891056: train_loss 0.6382
2026-01-04 03:59:31.895792: val_loss 0.6764
2026-01-04 03:59:31.898822: val classification accuracy 0.5625
2026-01-04 03:59:31.902013: val auc 0.5998
2026-01-04 03:59:31.905069: Epoch time: 63.23 s
2026-01-04 03:59:32.683093: 
2026-01-04 03:59:32.686507: Epoch 161
2026-01-04 03:59:32.688944: Current learning rate: 5e-05
2026-01-04 04:00:37.263787: train_loss 0.6718
2026-01-04 04:00:37.273836: val_loss 0.6311
2026-01-04 04:00:37.277318: val classification accuracy 0.6667
2026-01-04 04:00:37.280386: val auc 0.7396
2026-01-04 04:00:37.284091: Epoch time: 64.58 s
2026-01-04 04:00:38.034418: 
2026-01-04 04:00:38.037870: Epoch 162
2026-01-04 04:00:38.040530: Current learning rate: 5e-05
2026-01-04 04:01:42.686893: train_loss 0.6455
2026-01-04 04:01:42.699490: val_loss 0.6392
2026-01-04 04:01:42.703472: val classification accuracy 0.5833
2026-01-04 04:01:42.706640: val auc 0.684
2026-01-04 04:01:42.709592: Epoch time: 64.65 s
2026-01-04 04:01:43.466600: 
2026-01-04 04:01:43.470447: Epoch 163
2026-01-04 04:01:43.473440: Current learning rate: 5e-05
2026-01-04 04:02:48.779522: train_loss 0.6386
2026-01-04 04:02:48.784621: val_loss 0.7729
2026-01-04 04:02:48.788164: val classification accuracy 0.4167
2026-01-04 04:02:48.791219: val auc 0.4349
2026-01-04 04:02:48.794399: Epoch time: 65.31 s
2026-01-04 04:02:49.541299: 
2026-01-04 04:02:49.545062: Epoch 164
2026-01-04 04:02:49.547919: Current learning rate: 5e-05
2026-01-04 04:03:54.067696: train_loss 0.6358
2026-01-04 04:03:54.072393: val_loss 0.6827
2026-01-04 04:03:54.075695: val classification accuracy 0.5208
2026-01-04 04:03:54.078799: val auc 0.5981
2026-01-04 04:03:54.082107: Epoch time: 64.53 s
2026-01-04 04:03:54.833200: 
2026-01-04 04:03:54.836805: Epoch 165
2026-01-04 04:03:54.839605: Current learning rate: 5e-05
2026-01-04 04:04:59.431450: train_loss 0.6455
2026-01-04 04:04:59.436424: val_loss 0.7493
2026-01-04 04:04:59.439635: val classification accuracy 0.5417
2026-01-04 04:04:59.442756: val auc 0.5799
2026-01-04 04:04:59.445927: Epoch time: 64.6 s
2026-01-04 04:05:00.179299: 
2026-01-04 04:05:00.183114: Epoch 166
2026-01-04 04:05:00.186068: Current learning rate: 5e-05
2026-01-04 04:06:04.062031: train_loss 0.6622
2026-01-04 04:06:04.082691: val_loss 0.6861
2026-01-04 04:06:04.086516: val classification accuracy 0.6458
2026-01-04 04:06:04.090207: val auc 0.553
2026-01-04 04:06:04.093835: Epoch time: 63.88 s
2026-01-04 04:06:04.840526: 
2026-01-04 04:06:04.844887: Epoch 167
2026-01-04 04:06:04.847970: Current learning rate: 5e-05
2026-01-04 04:07:08.762040: train_loss 0.6703
2026-01-04 04:07:08.772580: val_loss 0.6937
2026-01-04 04:07:08.776289: val classification accuracy 0.4583
2026-01-04 04:07:08.779602: val auc 0.5599
2026-01-04 04:07:08.783179: Epoch time: 63.92 s
2026-01-04 04:07:09.512215: 
2026-01-04 04:07:09.515727: Epoch 168
2026-01-04 04:07:09.518631: Current learning rate: 5e-05
2026-01-04 04:08:12.891329: train_loss 0.6642
2026-01-04 04:08:12.895401: val_loss 0.6836
2026-01-04 04:08:12.898309: val classification accuracy 0.625
2026-01-04 04:08:12.901095: val auc 0.6198
2026-01-04 04:08:12.904064: Epoch time: 63.38 s
2026-01-04 04:08:13.601854: 
2026-01-04 04:08:13.605466: Epoch 169
2026-01-04 04:08:13.608190: Current learning rate: 5e-05
2026-01-04 04:09:16.226273: train_loss 0.6756
2026-01-04 04:09:16.232260: val_loss 0.7198
2026-01-04 04:09:16.235971: val classification accuracy 0.5208
2026-01-04 04:09:16.239570: val auc 0.5434
2026-01-04 04:09:16.243906: Epoch time: 62.63 s
2026-01-04 04:09:16.990730: 
2026-01-04 04:09:16.994513: Epoch 170
2026-01-04 04:09:16.997415: Current learning rate: 5e-05
2026-01-04 04:10:20.708540: train_loss 0.6438
2026-01-04 04:10:20.713283: val_loss 0.7621
2026-01-04 04:10:20.716334: val classification accuracy 0.4792
2026-01-04 04:10:20.719609: val auc 0.4905
2026-01-04 04:10:20.722595: Epoch time: 63.72 s
2026-01-04 04:10:21.427644: 
2026-01-04 04:10:21.431256: Epoch 171
2026-01-04 04:10:21.434068: Current learning rate: 5e-05
2026-01-04 04:11:25.103209: train_loss 0.6536
2026-01-04 04:11:25.108406: val_loss 0.6721
2026-01-04 04:11:25.111562: val classification accuracy 0.5
2026-01-04 04:11:25.114770: val auc 0.5825
2026-01-04 04:11:25.117934: Epoch time: 63.68 s
2026-01-04 04:11:25.945829: 
2026-01-04 04:11:25.949534: Epoch 172
2026-01-04 04:11:25.952788: Current learning rate: 5e-05
2026-01-04 04:12:29.216504: train_loss 0.6396
2026-01-04 04:12:29.221407: val_loss 0.68
2026-01-04 04:12:29.224292: val classification accuracy 0.5833
2026-01-04 04:12:29.226965: val auc 0.6615
2026-01-04 04:12:29.229854: Epoch time: 63.27 s
2026-01-04 04:12:29.966864: 
2026-01-04 04:12:29.970165: Epoch 173
2026-01-04 04:12:29.972898: Current learning rate: 5e-05
2026-01-04 04:13:33.640231: train_loss 0.6698
2026-01-04 04:13:33.645741: val_loss 0.74
2026-01-04 04:13:33.649161: val classification accuracy 0.4792
2026-01-04 04:13:33.652523: val auc 0.4913
2026-01-04 04:13:33.656014: Epoch time: 63.67 s
2026-01-04 04:13:34.447985: 
2026-01-04 04:13:34.451465: Epoch 174
2026-01-04 04:13:34.454393: Current learning rate: 5e-05
2026-01-04 04:14:39.120895: train_loss 0.6254
2026-01-04 04:14:39.128535: val_loss 0.679
2026-01-04 04:14:39.131418: val classification accuracy 0.6458
2026-01-04 04:14:39.134500: val auc 0.6545
2026-01-04 04:14:39.137745: Epoch time: 64.67 s
2026-01-04 04:14:39.898777: 
2026-01-04 04:14:39.902225: Epoch 175
2026-01-04 04:14:39.904989: Current learning rate: 5e-05
2026-01-04 04:15:44.234599: train_loss 0.6686
2026-01-04 04:15:44.252057: val_loss 0.6416
2026-01-04 04:15:44.261515: val classification accuracy 0.625
2026-01-04 04:15:44.267492: val auc 0.6832
2026-01-04 04:15:44.273159: Epoch time: 64.34 s
2026-01-04 04:15:45.184513: 
2026-01-04 04:15:45.188267: Epoch 176
2026-01-04 04:15:45.191431: Current learning rate: 5e-05
2026-01-04 04:16:49.379768: train_loss 0.635
2026-01-04 04:16:49.384638: val_loss 0.8187
2026-01-04 04:16:49.387843: val classification accuracy 0.4583
2026-01-04 04:16:49.391083: val auc 0.4323
2026-01-04 04:16:49.394193: Epoch time: 64.2 s
2026-01-04 04:16:50.125361: 
2026-01-04 04:16:50.128983: Epoch 177
2026-01-04 04:16:50.131669: Current learning rate: 4e-05
2026-01-04 04:17:55.104664: train_loss 0.6457
2026-01-04 04:17:55.109738: val_loss 0.6878
2026-01-04 04:17:55.112882: val classification accuracy 0.5833
2026-01-04 04:17:55.116033: val auc 0.5851
2026-01-04 04:17:55.119184: Epoch time: 64.98 s
2026-01-04 04:17:55.900393: 
2026-01-04 04:17:55.903960: Epoch 178
2026-01-04 04:17:55.906626: Current learning rate: 4e-05
2026-01-04 04:18:59.653302: train_loss 0.6517
2026-01-04 04:18:59.658202: val_loss 0.684
2026-01-04 04:18:59.661593: val classification accuracy 0.5417
2026-01-04 04:18:59.664813: val auc 0.6128
2026-01-04 04:18:59.668163: Epoch time: 63.75 s
2026-01-04 04:19:01.424554: 
2026-01-04 04:19:01.428552: Epoch 179
2026-01-04 04:19:01.431446: Current learning rate: 4e-05
2026-01-04 04:20:05.804265: train_loss 0.621
2026-01-04 04:20:05.809814: val_loss 0.5975
2026-01-04 04:20:05.819582: val classification accuracy 0.6875
2026-01-04 04:20:05.826767: val auc 0.7656
2026-01-04 04:20:05.831959: Epoch time: 64.38 s
2026-01-04 04:20:07.226019: Saved periodic checkpoint /hpf/projects/jquon/sumin/nnUNet_data/nnUNet_results/Dataset033_AVM_T1+C/SwinViTTrainer_ep300_NoMirroring_x2__nnUNetResEncUNetLPlans__3d_fullres/fold_3/checkpoint_every20_best_auroc.pth at epoch 179 with val_auc=0.7656
2026-01-04 04:20:07.951328: 
2026-01-04 04:20:07.954961: Epoch 180
2026-01-04 04:20:07.957909: Current learning rate: 4e-05
2026-01-04 04:21:13.073634: train_loss 0.6668
2026-01-04 04:21:13.081297: val_loss 0.6735
2026-01-04 04:21:13.085910: val classification accuracy 0.5833
2026-01-04 04:21:13.089817: val auc 0.6241
2026-01-04 04:21:13.115048: Epoch time: 65.12 s
2026-01-04 04:21:13.902095: 
2026-01-04 04:21:13.905909: Epoch 181
2026-01-04 04:21:13.908809: Current learning rate: 4e-05
2026-01-04 04:22:19.416153: train_loss 0.6574
2026-01-04 04:22:19.434024: val_loss 0.6393
2026-01-04 04:22:19.437538: val classification accuracy 0.625
2026-01-04 04:22:19.441049: val auc 0.691
2026-01-04 04:22:19.444360: Epoch time: 65.52 s
2026-01-04 04:22:20.244579: 
2026-01-04 04:22:20.248422: Epoch 182
2026-01-04 04:22:20.251772: Current learning rate: 4e-05
2026-01-04 04:23:25.098543: train_loss 0.6473
2026-01-04 04:23:25.104511: val_loss 0.6358
2026-01-04 04:23:25.108256: val classification accuracy 0.6458
2026-01-04 04:23:25.111696: val auc 0.717
2026-01-04 04:23:25.115095: Epoch time: 64.86 s
2026-01-04 04:23:25.867824: 
2026-01-04 04:23:25.871392: Epoch 183
2026-01-04 04:23:25.874160: Current learning rate: 4e-05
2026-01-04 04:24:30.635014: train_loss 0.6696
2026-01-04 04:24:30.640146: val_loss 0.6599
2026-01-04 04:24:30.644049: val classification accuracy 0.6042
2026-01-04 04:24:30.647165: val auc 0.6528
2026-01-04 04:24:30.650567: Epoch time: 64.77 s
2026-01-04 04:24:31.414932: 
2026-01-04 04:24:31.418927: Epoch 184
2026-01-04 04:24:31.422253: Current learning rate: 4e-05
2026-01-04 04:25:35.544698: train_loss 0.6667
2026-01-04 04:25:35.550175: val_loss 0.6686
2026-01-04 04:25:35.553647: val classification accuracy 0.6458
2026-01-04 04:25:35.556646: val auc 0.6458
2026-01-04 04:25:35.559674: Epoch time: 64.13 s
2026-01-04 04:25:36.366959: 
2026-01-04 04:25:36.370354: Epoch 185
2026-01-04 04:25:36.373120: Current learning rate: 4e-05
2026-01-04 04:26:40.190134: train_loss 0.647
2026-01-04 04:26:40.195363: val_loss 0.6467
2026-01-04 04:26:40.199037: val classification accuracy 0.625
2026-01-04 04:26:40.202104: val auc 0.6858
2026-01-04 04:26:40.205336: Epoch time: 63.82 s
2026-01-04 04:26:40.960349: 
2026-01-04 04:26:40.963988: Epoch 186
2026-01-04 04:26:40.966748: Current learning rate: 4e-05
2026-01-04 04:27:45.633696: train_loss 0.6336
2026-01-04 04:27:45.639123: val_loss 0.688
2026-01-04 04:27:45.642393: val classification accuracy 0.5208
2026-01-04 04:27:45.645717: val auc 0.5807
2026-01-04 04:27:45.648591: Epoch time: 64.67 s
2026-01-04 04:27:46.436124: 
2026-01-04 04:27:46.439679: Epoch 187
2026-01-04 04:27:46.442491: Current learning rate: 4e-05
2026-01-04 04:28:51.111136: train_loss 0.6326
2026-01-04 04:28:51.129118: val_loss 0.7335
2026-01-04 04:28:51.132779: val classification accuracy 0.4792
2026-01-04 04:28:51.136267: val auc 0.5365
2026-01-04 04:28:51.139349: Epoch time: 64.68 s
2026-01-04 04:28:51.939498: 
2026-01-04 04:28:51.943398: Epoch 188
2026-01-04 04:28:51.946692: Current learning rate: 4e-05
2026-01-04 04:29:56.343237: train_loss 0.6333
2026-01-04 04:29:56.348260: val_loss 0.6834
2026-01-04 04:29:56.351261: val classification accuracy 0.5
2026-01-04 04:29:56.354185: val auc 0.5955
2026-01-04 04:29:56.357300: Epoch time: 64.4 s
2026-01-04 04:29:57.082085: 
2026-01-04 04:29:57.085378: Epoch 189
2026-01-04 04:29:57.088036: Current learning rate: 4e-05
2026-01-04 04:31:00.857044: train_loss 0.6392
2026-01-04 04:31:00.869170: val_loss 0.7218
2026-01-04 04:31:00.876530: val classification accuracy 0.4792
2026-01-04 04:31:00.880147: val auc 0.5399
2026-01-04 04:31:00.883441: Epoch time: 63.78 s
2026-01-04 04:31:01.628275: 
2026-01-04 04:31:01.632806: Epoch 190
2026-01-04 04:31:01.637790: Current learning rate: 4e-05
2026-01-04 04:32:05.922048: train_loss 0.6584
2026-01-04 04:32:05.929031: val_loss 0.661
2026-01-04 04:32:05.933034: val classification accuracy 0.5833
2026-01-04 04:32:05.936831: val auc 0.6163
2026-01-04 04:32:05.940354: Epoch time: 64.29 s
2026-01-04 04:32:06.725687: 
2026-01-04 04:32:06.729229: Epoch 191
2026-01-04 04:32:06.731959: Current learning rate: 4e-05
2026-01-04 04:33:11.966767: train_loss 0.6307
2026-01-04 04:33:11.975639: val_loss 0.693
2026-01-04 04:33:11.981222: val classification accuracy 0.5625
2026-01-04 04:33:11.986161: val auc 0.5538
2026-01-04 04:33:11.990770: Epoch time: 65.24 s
2026-01-04 04:33:12.776539: 
2026-01-04 04:33:12.780153: Epoch 192
2026-01-04 04:33:12.782949: Current learning rate: 4e-05
2026-01-04 04:34:16.711104: train_loss 0.6372
2026-01-04 04:34:16.716591: val_loss 0.7763
2026-01-04 04:34:16.719939: val classification accuracy 0.4792
2026-01-04 04:34:16.723358: val auc 0.5017
2026-01-04 04:34:16.726525: Epoch time: 63.94 s
2026-01-04 04:34:17.439970: 
2026-01-04 04:34:17.443363: Epoch 193
2026-01-04 04:34:17.446074: Current learning rate: 4e-05
2026-01-04 04:35:22.177444: train_loss 0.6442
2026-01-04 04:35:22.182674: val_loss 0.6879
2026-01-04 04:35:22.186224: val classification accuracy 0.5417
2026-01-04 04:35:22.189653: val auc 0.5816
2026-01-04 04:35:22.193038: Epoch time: 64.74 s
2026-01-04 04:35:22.977013: 
2026-01-04 04:35:22.980513: Epoch 194
2026-01-04 04:35:22.983279: Current learning rate: 4e-05
2026-01-04 04:36:27.910057: train_loss 0.6496
2026-01-04 04:36:27.916813: val_loss 0.7023
2026-01-04 04:36:27.920913: val classification accuracy 0.4375
2026-01-04 04:36:27.924735: val auc 0.559
2026-01-04 04:36:27.928683: Epoch time: 64.93 s
2026-01-04 04:36:29.691261: 
2026-01-04 04:36:29.695005: Epoch 195
2026-01-04 04:36:29.697635: Current learning rate: 4e-05
2026-01-04 04:37:34.274391: train_loss 0.6505
2026-01-04 04:37:34.320320: val_loss 0.7232
2026-01-04 04:37:34.328088: val classification accuracy 0.4792
2026-01-04 04:37:34.334384: val auc 0.5382
2026-01-04 04:37:34.339632: Epoch time: 64.58 s
2026-01-04 04:37:35.091787: 
2026-01-04 04:37:35.095393: Epoch 196
2026-01-04 04:37:35.097970: Current learning rate: 4e-05
2026-01-04 04:38:39.100128: train_loss 0.6692
2026-01-04 04:38:39.105922: val_loss 0.6547
2026-01-04 04:38:39.109251: val classification accuracy 0.6042
2026-01-04 04:38:39.113085: val auc 0.6493
2026-01-04 04:38:39.116330: Epoch time: 64.01 s
2026-01-04 04:38:40.117862: 
2026-01-04 04:38:40.121770: Epoch 197
2026-01-04 04:38:40.124945: Current learning rate: 4e-05
2026-01-04 04:39:43.242606: train_loss 0.6607
2026-01-04 04:39:43.248744: val_loss 0.6604
2026-01-04 04:39:43.252429: val classification accuracy 0.5417
2026-01-04 04:39:43.255967: val auc 0.6285
2026-01-04 04:39:43.259367: Epoch time: 63.13 s
2026-01-04 04:39:43.999699: 
2026-01-04 04:39:44.003467: Epoch 198
2026-01-04 04:39:44.006342: Current learning rate: 4e-05
2026-01-04 04:40:48.110143: train_loss 0.6316
2026-01-04 04:40:48.114889: val_loss 0.7721
2026-01-04 04:40:48.118106: val classification accuracy 0.4375
2026-01-04 04:40:48.121310: val auc 0.5174
2026-01-04 04:40:48.124633: Epoch time: 64.11 s
2026-01-04 04:40:48.897949: 
2026-01-04 04:40:48.901494: Epoch 199
2026-01-04 04:40:48.904283: Current learning rate: 4e-05
2026-01-04 04:41:52.810393: train_loss 0.6228
2026-01-04 04:41:52.817486: val_loss 0.6525
2026-01-04 04:41:52.821748: val classification accuracy 0.6042
2026-01-04 04:41:52.825714: val auc 0.684
2026-01-04 04:41:52.829918: Epoch time: 63.91 s
2026-01-04 04:41:53.584325: 
2026-01-04 04:41:53.588206: Epoch 200
2026-01-04 04:41:53.591170: Current learning rate: 4e-05
2026-01-04 04:42:57.280433: train_loss 0.6575
2026-01-04 04:42:57.288451: val_loss 0.8121
2026-01-04 04:42:57.293138: val classification accuracy 0.4375
2026-01-04 04:42:57.297700: val auc 0.3837
2026-01-04 04:42:57.312540: Epoch time: 63.7 s
2026-01-04 04:42:58.150516: 
2026-01-04 04:42:58.154536: Epoch 201
2026-01-04 04:42:58.157862: Current learning rate: 4e-05
2026-01-04 04:44:01.945771: train_loss 0.6344
2026-01-04 04:44:01.957150: val_loss 0.7528
2026-01-04 04:44:01.960668: val classification accuracy 0.5
2026-01-04 04:44:01.963795: val auc 0.5312
2026-01-04 04:44:01.966870: Epoch time: 63.8 s
2026-01-04 04:44:02.737390: 
2026-01-04 04:44:02.740782: Epoch 202
2026-01-04 04:44:02.743669: Current learning rate: 4e-05
2026-01-04 04:45:07.182343: train_loss 0.6211
2026-01-04 04:45:07.187682: val_loss 0.7379
2026-01-04 04:45:07.191445: val classification accuracy 0.5
2026-01-04 04:45:07.195112: val auc 0.5191
2026-01-04 04:45:07.198849: Epoch time: 64.45 s
2026-01-04 04:45:07.990228: 
2026-01-04 04:45:07.997903: Epoch 203
2026-01-04 04:45:08.002666: Current learning rate: 4e-05
2026-01-04 04:46:12.476856: train_loss 0.6437
2026-01-04 04:46:12.505313: val_loss 0.6871
2026-01-04 04:46:12.519405: val classification accuracy 0.5417
2026-01-04 04:46:12.530005: val auc 0.6155
2026-01-04 04:46:12.540310: Epoch time: 64.49 s
2026-01-04 04:46:13.348033: 
2026-01-04 04:46:13.351895: Epoch 204
2026-01-04 04:46:13.354986: Current learning rate: 4e-05
2026-01-04 04:47:17.456956: train_loss 0.6416
2026-01-04 04:47:17.465126: val_loss 0.6471
2026-01-04 04:47:17.470480: val classification accuracy 0.6458
2026-01-04 04:47:17.475353: val auc 0.6736
2026-01-04 04:47:17.480031: Epoch time: 64.11 s
2026-01-04 04:47:18.229841: 
2026-01-04 04:47:18.233294: Epoch 205
2026-01-04 04:47:18.236114: Current learning rate: 4e-05
2026-01-04 04:48:22.294341: train_loss 0.6543
2026-01-04 04:48:22.300380: val_loss 0.6586
2026-01-04 04:48:22.303838: val classification accuracy 0.7083
2026-01-04 04:48:22.307168: val auc 0.6979
2026-01-04 04:48:22.310607: Epoch time: 64.07 s
2026-01-04 04:48:23.051482: 
2026-01-04 04:48:23.055317: Epoch 206
2026-01-04 04:48:23.058597: Current learning rate: 4e-05
2026-01-04 04:49:27.466895: train_loss 0.6363
2026-01-04 04:49:27.488203: val_loss 0.7565
2026-01-04 04:49:27.491686: val classification accuracy 0.5
2026-01-04 04:49:27.495416: val auc 0.5035
2026-01-04 04:49:27.499316: Epoch time: 64.42 s
2026-01-04 04:49:27.502838: Early stopping triggered at epoch 206. Best val_losses=0.5914
2026-01-04 04:49:28.281322: Stopping training early due to early stopping criterion.
2026-01-04 04:49:30.456106: Training done.
2026-01-04 04:49:30.461748: Skipping perform_actual_validation for classification trainer (segmentation-style sliding window is not applicable).
[1;34mwandb[0m: 
[1;34mwandb[0m:  View run [33mSwinViTTrainer_ep300_NoMirroring_x2_fold3[0m at: [34m[0m
[1;34mwandb[0m: Find logs at: [1;35m../../tmp/wandb/wandb/run-20260104_010256-f2muuaks/logs[0m
