Using device: cuda:0

#######################################################################
Please cite the following paper when using nnU-Net:
Isensee, F., Jaeger, P. F., Kohl, S. A., Petersen, J., & Maier-Hein, K. H. (2021). nnU-Net: a self-configuring method for deep learning-based biomedical image segmentation. Nature methods, 18(2), 203-211.
#######################################################################

2026-01-03 22:45:42.240087: Using torch.compile...
2026-01-03 22:45:48.707142: do_dummy_2d_data_aug: False
2026-01-03 22:45:48.712202: Using splits from existing split file: /hpf/projects/jquon/sumin/nnUNet_data/nnUNet_preprocessed/Dataset033_AVM_T1+C/splits_final.json
2026-01-03 22:45:48.716290: The split file contains 11 splits.
2026-01-03 22:45:48.718424: Desired fold for training: 0
2026-01-03 22:45:48.720422: This split has 462 training and 50 validation cases.
using pin_memory on device 0
using pin_memory on device 0

This is the configuration used by this training:
Configuration name: 3d_fullres
 {'data_identifier': 'nnUNetPlans_3d_fullres', 'preprocessor_name': 'DefaultPreprocessor', 'batch_size': 2, 'patch_size': [160, 224, 192], 'median_image_size_in_voxels': [344.0, 448.0, 429.0], 'spacing': [0.500000923871994, 0.4910714328289032, 0.4910714328289032], 'normalization_schemes': ['ZScoreNormalization'], 'use_mask_for_norm': [False], 'resampling_fn_data': 'resample_data_or_seg_to_shape', 'resampling_fn_seg': 'resample_data_or_seg_to_shape', 'resampling_fn_data_kwargs': {'is_seg': False, 'order': 3, 'order_z': 0, 'force_separate_z': None}, 'resampling_fn_seg_kwargs': {'is_seg': True, 'order': 1, 'order_z': 0, 'force_separate_z': None}, 'resampling_fn_probabilities': 'resample_data_or_seg_to_shape', 'resampling_fn_probabilities_kwargs': {'is_seg': False, 'order': 1, 'order_z': 0, 'force_separate_z': None}, 'architecture': {'network_class_name': 'dynamic_network_architectures.architectures.unet.ResidualEncoderUNet', 'arch_kwargs': {'n_stages': 6, 'features_per_stage': [32, 64, 128, 256, 320, 320], 'conv_op': 'torch.nn.modules.conv.Conv3d', 'kernel_sizes': [[3, 3, 3], [3, 3, 3], [3, 3, 3], [3, 3, 3], [3, 3, 3], [3, 3, 3]], 'strides': [[1, 1, 1], [2, 2, 2], [2, 2, 2], [2, 2, 2], [2, 2, 2], [2, 2, 2]], 'n_blocks_per_stage': [1, 3, 4, 6, 6, 6], 'n_conv_per_stage_decoder': [1, 1, 1, 1, 1], 'conv_bias': True, 'norm_op': 'torch.nn.modules.instancenorm.InstanceNorm3d', 'norm_op_kwargs': {'eps': 1e-05, 'affine': True}, 'dropout_op': None, 'dropout_op_kwargs': None, 'nonlin': 'torch.nn.LeakyReLU', 'nonlin_kwargs': {'inplace': True}}, '_kw_requires_import': ['conv_op', 'norm_op', 'dropout_op', 'nonlin']}, 'batch_dice': True} 

These are the global plan.json settings:
 {'dataset_name': 'Dataset033_AVM_T1+C', 'plans_name': 'nnUNetResEncUNetLPlans', 'original_median_spacing_after_transp': [0.500000923871994, 0.4910714328289032, 0.4910714328289032], 'original_median_shape_after_transp': [330, 448, 424], 'image_reader_writer': 'SimpleITKIO', 'transpose_forward': [0, 1, 2], 'transpose_backward': [0, 1, 2], 'experiment_planner_used': 'nnUNetPlannerResEncL', 'label_manager': 'LabelManager', 'foreground_intensity_properties_per_channel': {'0': {'max': 12113.0, 'mean': 449.843505859375, 'median': 311.0, 'min': 0.0, 'percentile_00_5': 34.0, 'percentile_99_5': 3202.0, 'std': 471.56329345703125}}} 

2026-01-03 22:45:51.397845: Unable to plot network architecture: nnUNet_compile is enabled!
2026-01-03 22:45:51.421758: 
2026-01-03 22:45:51.424947: Epoch 0
2026-01-03 22:45:51.444001: Current learning rate: 0.0001
2026-01-03 22:48:03.986737: train_loss 0.7435
2026-01-03 22:48:03.991470: val_loss 0.708
2026-01-03 22:48:03.993813: val classification accuracy 0.5
2026-01-03 22:48:03.996325: val auc 0.5072
2026-01-03 22:48:03.999126: Epoch time: 132.57 s
2026-01-03 22:48:04.001500: Yayy! New best EMA pseudo Dice: 0.5072
2026-01-03 22:48:06.376720: Yayy! New best classification accuracy: 0.5
2026-01-03 22:48:08.824542: 
2026-01-03 22:48:08.827458: Epoch 1
2026-01-03 22:48:08.829914: Current learning rate: 0.0001
2026-01-03 22:49:11.248181: train_loss 0.7138
2026-01-03 22:49:11.265055: val_loss 0.695
2026-01-03 22:49:11.268187: val classification accuracy 0.5
2026-01-03 22:49:11.270888: val auc 0.5704
2026-01-03 22:49:11.273546: Epoch time: 62.42 s
2026-01-03 22:49:11.275601: Yayy! New best EMA pseudo Dice: 0.5704
2026-01-03 22:49:14.442583: 
2026-01-03 22:49:14.445770: Epoch 2
2026-01-03 22:49:14.448042: Current learning rate: 0.0001
2026-01-03 22:50:17.336368: train_loss 0.712
2026-01-03 22:50:17.341378: val_loss 0.6954
2026-01-03 22:50:17.344275: val classification accuracy 0.5
2026-01-03 22:50:17.347247: val auc 0.6048
2026-01-03 22:50:17.349834: Epoch time: 62.89 s
2026-01-03 22:50:17.351970: Yayy! New best EMA pseudo Dice: 0.6048
2026-01-03 22:50:20.312021: 
2026-01-03 22:50:20.314663: Epoch 3
2026-01-03 22:50:20.316897: Current learning rate: 0.0001
2026-01-03 22:51:24.087026: train_loss 0.72
2026-01-03 22:51:24.092656: val_loss 0.6938
2026-01-03 22:51:24.095010: val classification accuracy 0.5
2026-01-03 22:51:24.097109: val auc 0.468
2026-01-03 22:51:24.099361: Epoch time: 63.78 s
2026-01-03 22:51:24.863608: 
2026-01-03 22:51:24.866725: Epoch 4
2026-01-03 22:51:24.869011: Current learning rate: 0.0001
2026-01-03 22:52:27.977524: train_loss 0.7297
2026-01-03 22:52:27.982413: val_loss 0.6931
2026-01-03 22:52:27.985207: val classification accuracy 0.48
2026-01-03 22:52:27.988054: val auc 0.5104
2026-01-03 22:52:27.990671: Epoch time: 63.12 s
2026-01-03 22:52:28.799361: 
2026-01-03 22:52:28.802465: Epoch 5
2026-01-03 22:52:28.804663: Current learning rate: 0.0001
2026-01-03 22:53:31.497365: train_loss 0.7304
2026-01-03 22:53:31.503162: val_loss 0.6975
2026-01-03 22:53:31.506102: val classification accuracy 0.5
2026-01-03 22:53:31.508938: val auc 0.376
2026-01-03 22:53:31.511530: Epoch time: 62.7 s
2026-01-03 22:53:32.283616: 
2026-01-03 22:53:32.286823: Epoch 6
2026-01-03 22:53:32.289031: Current learning rate: 0.0001
2026-01-03 22:54:34.625914: train_loss 0.7213
2026-01-03 22:54:34.630191: val_loss 0.6948
2026-01-03 22:54:34.633159: val classification accuracy 0.5
2026-01-03 22:54:34.635704: val auc 0.3704
2026-01-03 22:54:34.638369: Epoch time: 62.34 s
2026-01-03 22:54:35.366270: 
2026-01-03 22:54:35.369102: Epoch 7
2026-01-03 22:54:35.371129: Current learning rate: 0.0001
2026-01-03 22:55:38.062985: train_loss 0.7358
2026-01-03 22:55:38.067855: val_loss 0.6966
2026-01-03 22:55:38.070479: val classification accuracy 0.5
2026-01-03 22:55:38.073134: val auc 0.5264
2026-01-03 22:55:38.075367: Epoch time: 62.7 s
2026-01-03 22:55:38.923172: 
2026-01-03 22:55:38.926597: Epoch 8
2026-01-03 22:55:38.929345: Current learning rate: 0.0001
2026-01-03 22:56:42.016631: train_loss 0.7277
2026-01-03 22:56:42.020718: val_loss 0.6971
2026-01-03 22:56:42.044311: val classification accuracy 0.5
2026-01-03 22:56:42.047080: val auc 0.4944
2026-01-03 22:56:42.049370: Epoch time: 63.09 s
2026-01-03 22:56:42.846907: 
2026-01-03 22:56:42.849926: Epoch 9
2026-01-03 22:56:42.852365: Current learning rate: 0.0001
2026-01-03 22:57:45.893729: train_loss 0.7194
2026-01-03 22:57:45.898575: val_loss 0.7063
2026-01-03 22:57:45.901131: val classification accuracy 0.5
2026-01-03 22:57:45.904029: val auc 0.5456
2026-01-03 22:57:45.906555: Epoch time: 63.05 s
2026-01-03 22:57:46.626762: 
2026-01-03 22:57:46.629715: Epoch 10
2026-01-03 22:57:46.632003: Current learning rate: 0.0001
2026-01-03 22:58:49.721066: train_loss 0.7073
2026-01-03 22:58:49.740901: val_loss 0.6957
2026-01-03 22:58:49.743658: val classification accuracy 0.5
2026-01-03 22:58:49.746412: val auc 0.4064
2026-01-03 22:58:49.749474: Epoch time: 63.1 s
2026-01-03 22:58:50.525024: 
2026-01-03 22:58:50.528738: Epoch 11
2026-01-03 22:58:50.531715: Current learning rate: 0.0001
2026-01-03 22:59:53.524757: train_loss 0.7086
2026-01-03 22:59:53.529586: val_loss 0.7025
2026-01-03 22:59:53.532303: val classification accuracy 0.48
2026-01-03 22:59:53.536203: val auc 0.36
2026-01-03 22:59:53.538633: Epoch time: 63.0 s
2026-01-03 22:59:54.312580: 
2026-01-03 22:59:54.315791: Epoch 12
2026-01-03 22:59:54.318165: Current learning rate: 0.0001
2026-01-03 23:00:57.113403: train_loss 0.7165
2026-01-03 23:00:57.119050: val_loss 0.6847
2026-01-03 23:00:57.121998: val classification accuracy 0.52
2026-01-03 23:00:57.125145: val auc 0.568
2026-01-03 23:00:57.128070: Epoch time: 62.8 s
2026-01-03 23:00:57.130585: Yayy! New best classification accuracy: 0.52
2026-01-03 23:01:00.065141: 
2026-01-03 23:01:00.069113: Epoch 13
2026-01-03 23:01:00.071989: Current learning rate: 0.0001
2026-01-03 23:02:02.889402: train_loss 0.7308
2026-01-03 23:02:02.895378: val_loss 0.7237
2026-01-03 23:02:02.900431: val classification accuracy 0.34
2026-01-03 23:02:02.903473: val auc 0.3864
2026-01-03 23:02:02.906451: Epoch time: 62.83 s
2026-01-03 23:02:03.660814: 
2026-01-03 23:02:03.664360: Epoch 14
2026-01-03 23:02:03.666990: Current learning rate: 0.0001
2026-01-03 23:03:06.089604: train_loss 0.7225
2026-01-03 23:03:06.094856: val_loss 0.6994
2026-01-03 23:03:06.097897: val classification accuracy 0.44
2026-01-03 23:03:06.101331: val auc 0.436
2026-01-03 23:03:06.104246: Epoch time: 62.43 s
2026-01-03 23:03:06.853598: 
2026-01-03 23:03:06.857361: Epoch 15
2026-01-03 23:03:06.860134: Current learning rate: 0.0001
2026-01-03 23:04:09.777200: train_loss 0.7126
2026-01-03 23:04:09.782577: val_loss 0.7021
2026-01-03 23:04:09.785752: val classification accuracy 0.5
2026-01-03 23:04:09.788808: val auc 0.3096
2026-01-03 23:04:09.791929: Epoch time: 62.92 s
2026-01-03 23:04:10.582952: 
2026-01-03 23:04:10.586709: Epoch 16
2026-01-03 23:04:10.589588: Current learning rate: 0.0001
2026-01-03 23:05:13.422422: train_loss 0.7138
2026-01-03 23:05:13.428005: val_loss 0.756
2026-01-03 23:05:13.431093: val classification accuracy 0.5
2026-01-03 23:05:13.433951: val auc 0.4176
2026-01-03 23:05:13.436998: Epoch time: 62.84 s
2026-01-03 23:05:14.260113: 
2026-01-03 23:05:14.263609: Epoch 17
2026-01-03 23:05:14.266207: Current learning rate: 9e-05
2026-01-03 23:06:17.137982: train_loss 0.7177
2026-01-03 23:06:17.144177: val_loss 0.7038
2026-01-03 23:06:17.147333: val classification accuracy 0.4
2026-01-03 23:06:17.150553: val auc 0.2352
2026-01-03 23:06:17.153741: Epoch time: 62.88 s
2026-01-03 23:06:17.902467: 
2026-01-03 23:06:17.906132: Epoch 18
2026-01-03 23:06:17.908691: Current learning rate: 9e-05
2026-01-03 23:07:20.988779: train_loss 0.7183
2026-01-03 23:07:20.993977: val_loss 0.6921
2026-01-03 23:07:20.997425: val classification accuracy 0.5
2026-01-03 23:07:21.000442: val auc 0.548
2026-01-03 23:07:21.003738: Epoch time: 63.09 s
2026-01-03 23:07:22.555170: 
2026-01-03 23:07:22.559279: Epoch 19
2026-01-03 23:07:22.562046: Current learning rate: 9e-05
2026-01-03 23:08:25.255147: train_loss 0.724
2026-01-03 23:08:25.260605: val_loss 0.8064
2026-01-03 23:08:25.263902: val classification accuracy 0.58
2026-01-03 23:08:25.267117: val auc 0.5544
2026-01-03 23:08:25.270134: Epoch time: 62.7 s
2026-01-03 23:08:27.351603: Saved periodic checkpoint /hpf/projects/jquon/sumin/nnUNet_data/nnUNet_results/Dataset033_AVM_T1+C/SwinViTTrainer_ep300_NoMirroring_x2__nnUNetResEncUNetLPlans__3d_fullres/fold_0/checkpoint_every20_best_balacc.pth at epoch 19 with val_balanced_accuracy=0.5800
2026-01-03 23:08:28.970520: Saved periodic checkpoint /hpf/projects/jquon/sumin/nnUNet_data/nnUNet_results/Dataset033_AVM_T1+C/SwinViTTrainer_ep300_NoMirroring_x2__nnUNetResEncUNetLPlans__3d_fullres/fold_0/checkpoint_every20_best_auroc.pth at epoch 19 with val_auc=0.5544
2026-01-03 23:08:28.974478: Yayy! New best classification accuracy: 0.58
2026-01-03 23:08:32.088308: 
2026-01-03 23:08:32.092143: Epoch 20
2026-01-03 23:08:32.094613: Current learning rate: 9e-05
2026-01-03 23:09:35.376709: train_loss 0.7409
2026-01-03 23:09:35.381470: val_loss 0.737
2026-01-03 23:09:35.384376: val classification accuracy 0.32
2026-01-03 23:09:35.387181: val auc 0.3408
2026-01-03 23:09:35.390159: Epoch time: 63.29 s
2026-01-03 23:09:36.131038: 
2026-01-03 23:09:36.134549: Epoch 21
2026-01-03 23:09:36.137067: Current learning rate: 9e-05
2026-01-03 23:10:39.383139: train_loss 0.7206
2026-01-03 23:10:39.389614: val_loss 0.7759
2026-01-03 23:10:39.392578: val classification accuracy 0.48
2026-01-03 23:10:39.395429: val auc 0.4304
2026-01-03 23:10:39.398153: Epoch time: 63.25 s
2026-01-03 23:10:40.172862: 
2026-01-03 23:10:40.176618: Epoch 22
2026-01-03 23:10:40.179342: Current learning rate: 9e-05
2026-01-03 23:11:43.559066: train_loss 0.7169
2026-01-03 23:11:43.564953: val_loss 0.8151
2026-01-03 23:11:43.568855: val classification accuracy 0.6
2026-01-03 23:11:43.572077: val auc 0.4936
2026-01-03 23:11:43.575346: Epoch time: 63.39 s
2026-01-03 23:11:43.589083: Yayy! New best classification accuracy: 0.6
2026-01-03 23:11:46.689553: 
2026-01-03 23:11:46.693079: Epoch 23
2026-01-03 23:11:46.695636: Current learning rate: 9e-05
2026-01-03 23:12:49.670296: train_loss 0.7096
2026-01-03 23:12:49.674921: val_loss 0.8582
2026-01-03 23:12:49.678012: val classification accuracy 0.46
2026-01-03 23:12:49.681092: val auc 0.5784
2026-01-03 23:12:49.683916: Epoch time: 62.98 s
2026-01-03 23:12:50.451593: 
2026-01-03 23:12:50.454889: Epoch 24
2026-01-03 23:12:50.457367: Current learning rate: 9e-05
2026-01-03 23:13:53.154815: train_loss 0.7613
2026-01-03 23:13:53.159499: val_loss 0.7246
2026-01-03 23:13:53.162314: val classification accuracy 0.36
2026-01-03 23:13:53.165195: val auc 0.3616
2026-01-03 23:13:53.168324: Epoch time: 62.7 s
2026-01-03 23:13:53.916348: 
2026-01-03 23:13:53.920689: Epoch 25
2026-01-03 23:13:53.923617: Current learning rate: 9e-05
2026-01-03 23:14:56.893407: train_loss 0.7309
2026-01-03 23:14:56.899212: val_loss 0.7447
2026-01-03 23:14:56.903508: val classification accuracy 0.4
2026-01-03 23:14:56.907799: val auc 0.4992
2026-01-03 23:14:56.912062: Epoch time: 62.98 s
2026-01-03 23:14:57.678814: 
2026-01-03 23:14:57.683021: Epoch 26
2026-01-03 23:14:57.686052: Current learning rate: 9e-05
2026-01-03 23:16:00.781342: train_loss 0.7303
2026-01-03 23:16:00.786579: val_loss 0.883
2026-01-03 23:16:00.789831: val classification accuracy 0.44
2026-01-03 23:16:00.792836: val auc 0.376
2026-01-03 23:16:00.796304: Epoch time: 63.1 s
2026-01-03 23:16:01.567611: 
2026-01-03 23:16:01.571097: Epoch 27
2026-01-03 23:16:01.573735: Current learning rate: 9e-05
2026-01-03 23:17:04.357474: train_loss 0.7195
2026-01-03 23:17:04.362141: val_loss 0.9179
2026-01-03 23:17:04.364844: val classification accuracy 0.34
2026-01-03 23:17:04.368101: val auc 0.3152
2026-01-03 23:17:04.371273: Epoch time: 62.79 s
2026-01-03 23:17:05.128512: 
2026-01-03 23:17:05.132598: Epoch 28
2026-01-03 23:17:05.135656: Current learning rate: 9e-05
2026-01-03 23:18:07.899589: train_loss 0.7011
2026-01-03 23:18:07.904273: val_loss 0.7065
2026-01-03 23:18:07.907658: val classification accuracy 0.48
2026-01-03 23:18:07.910551: val auc 0.5048
2026-01-03 23:18:07.913580: Epoch time: 62.77 s
2026-01-03 23:18:08.659799: 
2026-01-03 23:18:08.663206: Epoch 29
2026-01-03 23:18:08.666247: Current learning rate: 9e-05
2026-01-03 23:19:11.906471: train_loss 0.7259
2026-01-03 23:19:11.910951: val_loss 0.7528
2026-01-03 23:19:11.913790: val classification accuracy 0.52
2026-01-03 23:19:11.916763: val auc 0.4328
2026-01-03 23:19:11.920049: Epoch time: 63.25 s
2026-01-03 23:19:12.683532: 
2026-01-03 23:19:12.686981: Epoch 30
2026-01-03 23:19:12.689986: Current learning rate: 9e-05
2026-01-03 23:20:16.174374: train_loss 0.7147
2026-01-03 23:20:16.179167: val_loss 0.7114
2026-01-03 23:20:16.182443: val classification accuracy 0.48
2026-01-03 23:20:16.185863: val auc 0.4368
2026-01-03 23:20:16.188864: Epoch time: 63.49 s
2026-01-03 23:20:17.023970: 
2026-01-03 23:20:17.027584: Epoch 31
2026-01-03 23:20:17.030161: Current learning rate: 9e-05
2026-01-03 23:21:19.879129: train_loss 0.7135
2026-01-03 23:21:19.884555: val_loss 0.7288
2026-01-03 23:21:19.887857: val classification accuracy 0.44
2026-01-03 23:21:19.891165: val auc 0.3712
2026-01-03 23:21:19.894437: Epoch time: 62.86 s
2026-01-03 23:21:20.721351: 
2026-01-03 23:21:20.725256: Epoch 32
2026-01-03 23:21:20.728479: Current learning rate: 9e-05
2026-01-03 23:22:23.845947: train_loss 0.6927
2026-01-03 23:22:23.852937: val_loss 0.7703
2026-01-03 23:22:23.857316: val classification accuracy 0.44
2026-01-03 23:22:23.860967: val auc 0.4144
2026-01-03 23:22:23.864427: Epoch time: 63.13 s
2026-01-03 23:22:24.635348: 
2026-01-03 23:22:24.639056: Epoch 33
2026-01-03 23:22:24.641699: Current learning rate: 9e-05
2026-01-03 23:23:27.963509: train_loss 0.7156
2026-01-03 23:23:27.968427: val_loss 0.707
2026-01-03 23:23:27.973978: val classification accuracy 0.5
2026-01-03 23:23:27.977142: val auc 0.488
2026-01-03 23:23:27.980005: Epoch time: 63.33 s
2026-01-03 23:23:28.749289: 
2026-01-03 23:23:28.754553: Epoch 34
2026-01-03 23:23:28.758640: Current learning rate: 9e-05
2026-01-03 23:24:31.852963: train_loss 0.734
2026-01-03 23:24:31.857602: val_loss 0.6975
2026-01-03 23:24:31.861029: val classification accuracy 0.54
2026-01-03 23:24:31.864106: val auc 0.5464
2026-01-03 23:24:31.867279: Epoch time: 63.1 s
2026-01-03 23:24:33.500187: 
2026-01-03 23:24:33.503980: Epoch 35
2026-01-03 23:24:33.507262: Current learning rate: 9e-05
2026-01-03 23:25:36.793113: train_loss 0.7127
2026-01-03 23:25:36.797987: val_loss 0.846
2026-01-03 23:25:36.801648: val classification accuracy 0.4
2026-01-03 23:25:36.805021: val auc 0.3584
2026-01-03 23:25:36.808377: Epoch time: 63.29 s
2026-01-03 23:25:37.598947: 
2026-01-03 23:25:37.602508: Epoch 36
2026-01-03 23:25:37.605173: Current learning rate: 9e-05
2026-01-03 23:26:39.692687: train_loss 0.7086
2026-01-03 23:26:39.697009: val_loss 0.7536
2026-01-03 23:26:39.701012: val classification accuracy 0.48
2026-01-03 23:26:39.703922: val auc 0.4864
2026-01-03 23:26:39.706700: Epoch time: 62.09 s
2026-01-03 23:26:40.386321: 
2026-01-03 23:26:40.389885: Epoch 37
2026-01-03 23:26:40.392529: Current learning rate: 9e-05
2026-01-03 23:27:44.403470: train_loss 0.7649
2026-01-03 23:27:44.420449: val_loss 0.8845
2026-01-03 23:27:44.423917: val classification accuracy 0.48
2026-01-03 23:27:44.426772: val auc 0.352
2026-01-03 23:27:44.429899: Epoch time: 64.02 s
2026-01-03 23:27:45.165380: 
2026-01-03 23:27:45.169344: Epoch 38
2026-01-03 23:27:45.172183: Current learning rate: 9e-05
2026-01-03 23:28:48.316290: train_loss 0.8007
2026-01-03 23:28:48.320938: val_loss 0.9593
2026-01-03 23:28:48.324266: val classification accuracy 0.3
2026-01-03 23:28:48.327481: val auc 0.2744
2026-01-03 23:28:48.330503: Epoch time: 63.15 s
2026-01-03 23:28:49.079429: 
2026-01-03 23:28:49.082890: Epoch 39
2026-01-03 23:28:49.085633: Current learning rate: 9e-05
2026-01-03 23:29:53.110725: train_loss 0.7078
2026-01-03 23:29:53.115138: val_loss 0.7274
2026-01-03 23:29:53.118130: val classification accuracy 0.4
2026-01-03 23:29:53.121467: val auc 0.4256
2026-01-03 23:29:53.125394: Epoch time: 64.03 s
2026-01-03 23:29:53.865026: 
2026-01-03 23:29:53.869091: Epoch 40
2026-01-03 23:29:53.872602: Current learning rate: 9e-05
2026-01-03 23:30:58.584146: train_loss 0.7239
2026-01-03 23:30:58.588555: val_loss 0.8018
2026-01-03 23:30:58.591138: val classification accuracy 0.38
2026-01-03 23:30:58.594303: val auc 0.2464
2026-01-03 23:30:58.597131: Epoch time: 64.72 s
2026-01-03 23:30:59.331253: 
2026-01-03 23:30:59.334907: Epoch 41
2026-01-03 23:30:59.337529: Current learning rate: 9e-05
2026-01-03 23:32:02.945647: train_loss 0.7854
2026-01-03 23:32:02.950249: val_loss 0.6929
2026-01-03 23:32:02.952973: val classification accuracy 0.54
2026-01-03 23:32:02.956193: val auc 0.5736
2026-01-03 23:32:02.959211: Epoch time: 63.62 s
2026-01-03 23:32:03.687058: 
2026-01-03 23:32:03.690307: Epoch 42
2026-01-03 23:32:03.692925: Current learning rate: 9e-05
2026-01-03 23:33:08.275944: train_loss 0.7286
2026-01-03 23:33:08.281707: val_loss 0.7547
2026-01-03 23:33:08.284436: val classification accuracy 0.46
2026-01-03 23:33:08.287394: val auc 0.4944
2026-01-03 23:33:08.290168: Epoch time: 64.59 s
2026-01-03 23:33:09.021855: 
2026-01-03 23:33:09.025239: Epoch 43
2026-01-03 23:33:09.027666: Current learning rate: 9e-05
2026-01-03 23:34:13.523157: train_loss 0.7397
2026-01-03 23:34:13.528527: val_loss 0.7806
2026-01-03 23:34:13.532467: val classification accuracy 0.38
2026-01-03 23:34:13.535711: val auc 0.3096
2026-01-03 23:34:13.544637: Epoch time: 64.5 s
2026-01-03 23:34:14.283699: 
2026-01-03 23:34:14.287392: Epoch 44
2026-01-03 23:34:14.290257: Current learning rate: 9e-05
2026-01-03 23:35:18.012601: train_loss 0.7395
2026-01-03 23:35:18.016744: val_loss 0.6658
2026-01-03 23:35:18.019885: val classification accuracy 0.74
2026-01-03 23:35:18.023421: val auc 0.7768
2026-01-03 23:35:18.027059: Epoch time: 63.73 s
2026-01-03 23:35:18.029731: Yayy! New best EMA pseudo Dice: 0.7768
2026-01-03 23:35:20.128147: Yayy! New best classification accuracy: 0.74
2026-01-03 23:35:22.294527: 
2026-01-03 23:35:22.299034: Epoch 45
2026-01-03 23:35:22.302245: Current learning rate: 9e-05
2026-01-03 23:36:25.551214: train_loss 0.7449
2026-01-03 23:36:25.575095: val_loss 0.6905
2026-01-03 23:36:25.578781: val classification accuracy 0.5
2026-01-03 23:36:25.582350: val auc 0.5296
2026-01-03 23:36:25.585552: Epoch time: 63.26 s
2026-01-03 23:36:26.356889: 
2026-01-03 23:36:26.362116: Epoch 46
2026-01-03 23:36:26.365347: Current learning rate: 9e-05
2026-01-03 23:37:29.264693: train_loss 0.7051
2026-01-03 23:37:29.269320: val_loss 0.6938
2026-01-03 23:37:29.272957: val classification accuracy 0.5
2026-01-03 23:37:29.276450: val auc 0.532
2026-01-03 23:37:29.280134: Epoch time: 62.91 s
2026-01-03 23:37:30.024582: 
2026-01-03 23:37:30.028418: Epoch 47
2026-01-03 23:37:30.030966: Current learning rate: 9e-05
2026-01-03 23:38:34.288825: train_loss 0.6828
2026-01-03 23:38:34.292930: val_loss 0.7139
2026-01-03 23:38:34.295759: val classification accuracy 0.5
2026-01-03 23:38:34.298334: val auc 0.5208
2026-01-03 23:38:34.301087: Epoch time: 64.27 s
2026-01-03 23:38:34.996220: 
2026-01-03 23:38:34.999813: Epoch 48
2026-01-03 23:38:35.002212: Current learning rate: 9e-05
2026-01-03 23:39:39.916964: train_loss 0.7485
2026-01-03 23:39:39.926780: val_loss 0.7074
2026-01-03 23:39:39.936270: val classification accuracy 0.54
2026-01-03 23:39:39.939169: val auc 0.5448
2026-01-03 23:39:39.942056: Epoch time: 64.92 s
2026-01-03 23:39:40.647613: 
2026-01-03 23:39:40.650908: Epoch 49
2026-01-03 23:39:40.653440: Current learning rate: 9e-05
2026-01-03 23:40:44.666532: train_loss 0.7268
2026-01-03 23:40:44.671559: val_loss 0.7039
2026-01-03 23:40:44.674729: val classification accuracy 0.52
2026-01-03 23:40:44.678009: val auc 0.5776
2026-01-03 23:40:44.681487: Epoch time: 64.02 s
2026-01-03 23:40:45.415134: 
2026-01-03 23:40:45.418917: Epoch 50
2026-01-03 23:40:45.422335: Current learning rate: 8e-05
2026-01-03 23:41:50.040528: train_loss 0.7041
2026-01-03 23:41:50.046392: val_loss 0.7357
2026-01-03 23:41:50.049785: val classification accuracy 0.48
2026-01-03 23:41:50.052765: val auc 0.3824
2026-01-03 23:41:50.055944: Epoch time: 64.63 s
2026-01-03 23:41:51.718366: 
2026-01-03 23:41:51.722081: Epoch 51
2026-01-03 23:41:51.725226: Current learning rate: 8e-05
2026-01-03 23:42:56.159098: train_loss 0.6882
2026-01-03 23:42:56.163621: val_loss 0.7871
2026-01-03 23:42:56.166869: val classification accuracy 0.38
2026-01-03 23:42:56.169788: val auc 0.3264
2026-01-03 23:42:56.172930: Epoch time: 64.44 s
2026-01-03 23:42:56.927016: 
2026-01-03 23:42:56.930596: Epoch 52
2026-01-03 23:42:56.933271: Current learning rate: 8e-05
2026-01-03 23:44:01.536775: train_loss 0.679
2026-01-03 23:44:01.542854: val_loss 0.7027
2026-01-03 23:44:01.546156: val classification accuracy 0.58
2026-01-03 23:44:01.549568: val auc 0.5552
2026-01-03 23:44:01.552758: Epoch time: 64.61 s
2026-01-03 23:44:02.311443: 
2026-01-03 23:44:02.315138: Epoch 53
2026-01-03 23:44:02.317759: Current learning rate: 8e-05
2026-01-03 23:45:06.659324: train_loss 0.6729
2026-01-03 23:45:06.664430: val_loss 0.6976
2026-01-03 23:45:06.667558: val classification accuracy 0.58
2026-01-03 23:45:06.670412: val auc 0.5584
2026-01-03 23:45:06.673383: Epoch time: 64.35 s
2026-01-03 23:45:07.439080: 
2026-01-03 23:45:07.442724: Epoch 54
2026-01-03 23:45:07.445331: Current learning rate: 8e-05
2026-01-03 23:46:12.613765: train_loss 0.6894
2026-01-03 23:46:12.618680: val_loss 0.7291
2026-01-03 23:46:12.621482: val classification accuracy 0.42
2026-01-03 23:46:12.623960: val auc 0.4296
2026-01-03 23:46:12.626692: Epoch time: 65.18 s
2026-01-03 23:46:13.411527: 
2026-01-03 23:46:13.414892: Epoch 55
2026-01-03 23:46:13.417371: Current learning rate: 8e-05
2026-01-03 23:47:17.246394: train_loss 0.6793
2026-01-03 23:47:17.250870: val_loss 0.7164
2026-01-03 23:47:17.254256: val classification accuracy 0.44
2026-01-03 23:47:17.258168: val auc 0.4392
2026-01-03 23:47:17.262204: Epoch time: 63.84 s
2026-01-03 23:47:18.024914: 
2026-01-03 23:47:18.028820: Epoch 56
2026-01-03 23:47:18.031342: Current learning rate: 8e-05
2026-01-03 23:48:22.290282: train_loss 0.7401
2026-01-03 23:48:22.296556: val_loss 0.8722
2026-01-03 23:48:22.300992: val classification accuracy 0.44
2026-01-03 23:48:22.304543: val auc 0.4528
2026-01-03 23:48:22.308007: Epoch time: 64.27 s
2026-01-03 23:48:23.075489: 
2026-01-03 23:48:23.080152: Epoch 57
2026-01-03 23:48:23.083647: Current learning rate: 8e-05
2026-01-03 23:49:27.216646: train_loss 0.711
2026-01-03 23:49:27.221997: val_loss 0.739
2026-01-03 23:49:27.225209: val classification accuracy 0.52
2026-01-03 23:49:27.228412: val auc 0.4544
2026-01-03 23:49:27.231535: Epoch time: 64.14 s
2026-01-03 23:49:27.947699: 
2026-01-03 23:49:27.951136: Epoch 58
2026-01-03 23:49:27.953795: Current learning rate: 8e-05
2026-01-03 23:50:31.188249: train_loss 0.6864
2026-01-03 23:50:31.193049: val_loss 0.7608
2026-01-03 23:50:31.195931: val classification accuracy 0.44
2026-01-03 23:50:31.198772: val auc 0.3888
2026-01-03 23:50:31.201823: Epoch time: 63.24 s
2026-01-03 23:50:31.936478: 
2026-01-03 23:50:31.940058: Epoch 59
2026-01-03 23:50:31.942761: Current learning rate: 8e-05
2026-01-03 23:51:35.197610: train_loss 0.6755
2026-01-03 23:51:35.201979: val_loss 0.7041
2026-01-03 23:51:35.204765: val classification accuracy 0.54
2026-01-03 23:51:35.207829: val auc 0.5536
2026-01-03 23:51:35.211111: Epoch time: 63.26 s
2026-01-03 23:51:35.918873: 
2026-01-03 23:51:35.922170: Epoch 60
2026-01-03 23:51:35.924955: Current learning rate: 8e-05
2026-01-03 23:52:39.552104: train_loss 0.69
2026-01-03 23:52:39.561287: val_loss 0.7878
2026-01-03 23:52:39.564773: val classification accuracy 0.38
2026-01-03 23:52:39.567651: val auc 0.3104
2026-01-03 23:52:39.570656: Epoch time: 63.63 s
2026-01-03 23:52:40.326620: 
2026-01-03 23:52:40.330131: Epoch 61
2026-01-03 23:52:40.332918: Current learning rate: 8e-05
2026-01-03 23:53:44.308790: train_loss 0.6929
2026-01-03 23:53:44.315196: val_loss 0.7513
2026-01-03 23:53:44.319860: val classification accuracy 0.48
2026-01-03 23:53:44.323275: val auc 0.3968
2026-01-03 23:53:44.326518: Epoch time: 63.98 s
2026-01-03 23:53:45.047415: 
2026-01-03 23:53:45.050895: Epoch 62
2026-01-03 23:53:45.053539: Current learning rate: 8e-05
2026-01-03 23:54:49.962251: train_loss 0.674
2026-01-03 23:54:49.967254: val_loss 0.8576
2026-01-03 23:54:49.982794: val classification accuracy 0.28
2026-01-03 23:54:49.985968: val auc 0.2296
2026-01-03 23:54:49.989126: Epoch time: 64.92 s
2026-01-03 23:54:50.746311: 
2026-01-03 23:54:50.749758: Epoch 63
2026-01-03 23:54:50.752337: Current learning rate: 8e-05
2026-01-03 23:55:54.582574: train_loss 0.7235
2026-01-03 23:55:54.587039: val_loss 0.7257
2026-01-03 23:55:54.590069: val classification accuracy 0.52
2026-01-03 23:55:54.593087: val auc 0.5224
2026-01-03 23:55:54.595824: Epoch time: 63.84 s
2026-01-03 23:55:55.307167: 
2026-01-03 23:55:55.311081: Epoch 64
2026-01-03 23:55:55.313905: Current learning rate: 8e-05
2026-01-03 23:57:00.195049: train_loss 0.6576
2026-01-03 23:57:00.200819: val_loss 0.7731
2026-01-03 23:57:00.204207: val classification accuracy 0.5
2026-01-03 23:57:00.207764: val auc 0.4912
2026-01-03 23:57:00.210912: Epoch time: 64.89 s
2026-01-03 23:57:00.947257: 
2026-01-03 23:57:00.951177: Epoch 65
2026-01-03 23:57:00.954685: Current learning rate: 8e-05
2026-01-03 23:58:05.933669: train_loss 0.6958
2026-01-03 23:58:05.937758: val_loss 0.8289
2026-01-03 23:58:05.940810: val classification accuracy 0.38
2026-01-03 23:58:05.943581: val auc 0.3664
2026-01-03 23:58:05.946558: Epoch time: 64.99 s
2026-01-03 23:58:06.661234: 
2026-01-03 23:58:06.664457: Epoch 66
2026-01-03 23:58:06.667079: Current learning rate: 8e-05
2026-01-03 23:59:11.376625: train_loss 0.714
2026-01-03 23:59:11.381126: val_loss 0.7832
2026-01-03 23:59:11.383921: val classification accuracy 0.52
2026-01-03 23:59:11.386826: val auc 0.508
2026-01-03 23:59:11.389656: Epoch time: 64.72 s
2026-01-03 23:59:12.835182: 
2026-01-03 23:59:12.838743: Epoch 67
2026-01-03 23:59:12.841469: Current learning rate: 8e-05
2026-01-04 00:00:17.012273: train_loss 0.7153
2026-01-04 00:00:17.016686: val_loss 0.764
2026-01-04 00:00:17.019614: val classification accuracy 0.44
2026-01-04 00:00:17.022455: val auc 0.4576
2026-01-04 00:00:17.025099: Epoch time: 64.18 s
2026-01-04 00:00:17.717479: 
2026-01-04 00:00:17.720798: Epoch 68
2026-01-04 00:00:17.723291: Current learning rate: 8e-05
2026-01-04 00:01:23.354655: train_loss 0.7069
2026-01-04 00:01:23.359042: val_loss 0.6994
2026-01-04 00:01:23.362244: val classification accuracy 0.58
2026-01-04 00:01:23.365543: val auc 0.5504
2026-01-04 00:01:23.368825: Epoch time: 65.64 s
2026-01-04 00:01:24.076771: 
2026-01-04 00:01:24.081120: Epoch 69
2026-01-04 00:01:24.084579: Current learning rate: 8e-05
2026-01-04 00:02:29.137343: train_loss 0.7206
2026-01-04 00:02:29.142030: val_loss 0.7543
2026-01-04 00:02:29.145167: val classification accuracy 0.54
2026-01-04 00:02:29.148634: val auc 0.3992
2026-01-04 00:02:29.152543: Epoch time: 65.06 s
2026-01-04 00:02:29.850422: 
2026-01-04 00:02:29.854052: Epoch 70
2026-01-04 00:02:29.857624: Current learning rate: 8e-05
2026-01-04 00:03:34.042388: train_loss 0.6699
2026-01-04 00:03:34.048131: val_loss 0.7521
2026-01-04 00:03:34.052432: val classification accuracy 0.54
2026-01-04 00:03:34.056450: val auc 0.448
2026-01-04 00:03:34.060175: Epoch time: 64.19 s
2026-01-04 00:03:34.883794: 
2026-01-04 00:03:34.888619: Epoch 71
2026-01-04 00:03:34.892025: Current learning rate: 8e-05
2026-01-04 00:04:38.007102: train_loss 0.6715
2026-01-04 00:04:38.012808: val_loss 0.7458
2026-01-04 00:04:38.016662: val classification accuracy 0.54
2026-01-04 00:04:38.020208: val auc 0.528
2026-01-04 00:04:38.023566: Epoch time: 63.12 s
2026-01-04 00:04:38.739607: 
2026-01-04 00:04:38.744172: Epoch 72
2026-01-04 00:04:38.747172: Current learning rate: 8e-05
2026-01-04 00:05:43.729803: train_loss 0.6868
2026-01-04 00:05:43.734526: val_loss 0.746
2026-01-04 00:05:43.737532: val classification accuracy 0.54
2026-01-04 00:05:43.740788: val auc 0.516
2026-01-04 00:05:43.743812: Epoch time: 64.99 s
2026-01-04 00:05:44.491951: 
2026-01-04 00:05:44.495507: Epoch 73
2026-01-04 00:05:44.498439: Current learning rate: 8e-05
2026-01-04 00:06:48.788432: train_loss 0.6797
2026-01-04 00:06:48.792782: val_loss 0.7208
2026-01-04 00:06:48.795343: val classification accuracy 0.48
2026-01-04 00:06:48.798129: val auc 0.48
2026-01-04 00:06:48.801336: Epoch time: 64.3 s
2026-01-04 00:06:49.507190: 
2026-01-04 00:06:49.510926: Epoch 74
2026-01-04 00:06:49.513696: Current learning rate: 8e-05
2026-01-04 00:07:53.691488: train_loss 0.6992
2026-01-04 00:07:53.695470: val_loss 0.7223
2026-01-04 00:07:53.698374: val classification accuracy 0.48
2026-01-04 00:07:53.701384: val auc 0.4064
2026-01-04 00:07:53.704352: Epoch time: 64.19 s
2026-01-04 00:07:54.418379: 
2026-01-04 00:07:54.421677: Epoch 75
2026-01-04 00:07:54.424200: Current learning rate: 8e-05
2026-01-04 00:08:58.877284: train_loss 0.6817
2026-01-04 00:08:58.881985: val_loss 0.7842
2026-01-04 00:08:58.885087: val classification accuracy 0.36
2026-01-04 00:08:58.888369: val auc 0.392
2026-01-04 00:08:58.891214: Epoch time: 64.46 s
2026-01-04 00:08:59.602547: 
2026-01-04 00:08:59.606025: Epoch 76
2026-01-04 00:08:59.608587: Current learning rate: 8e-05
2026-01-04 00:10:04.569901: train_loss 0.6749
2026-01-04 00:10:04.574355: val_loss 0.7684
2026-01-04 00:10:04.577433: val classification accuracy 0.56
2026-01-04 00:10:04.580523: val auc 0.4568
2026-01-04 00:10:04.583800: Epoch time: 64.97 s
2026-01-04 00:10:05.289732: 
2026-01-04 00:10:05.293109: Epoch 77
2026-01-04 00:10:05.295942: Current learning rate: 8e-05
2026-01-04 00:11:09.082920: train_loss 0.6706
2026-01-04 00:11:09.088033: val_loss 0.7629
2026-01-04 00:11:09.091211: val classification accuracy 0.46
2026-01-04 00:11:09.094565: val auc 0.4208
2026-01-04 00:11:09.097650: Epoch time: 63.79 s
2026-01-04 00:11:09.803132: 
2026-01-04 00:11:09.806652: Epoch 78
2026-01-04 00:11:09.809332: Current learning rate: 8e-05
2026-01-04 00:12:14.865439: train_loss 0.677
2026-01-04 00:12:14.887861: val_loss 0.7348
2026-01-04 00:12:14.891521: val classification accuracy 0.46
2026-01-04 00:12:14.895006: val auc 0.4232
2026-01-04 00:12:14.898767: Epoch time: 65.06 s
2026-01-04 00:12:15.613610: 
2026-01-04 00:12:15.617349: Epoch 79
2026-01-04 00:12:15.620350: Current learning rate: 8e-05
2026-01-04 00:13:20.318340: train_loss 0.6751
2026-01-04 00:13:20.323141: val_loss 0.7219
2026-01-04 00:13:20.326108: val classification accuracy 0.48
2026-01-04 00:13:20.329393: val auc 0.5432
2026-01-04 00:13:20.332246: Epoch time: 64.71 s
2026-01-04 00:13:21.079008: 
2026-01-04 00:13:21.082604: Epoch 80
2026-01-04 00:13:21.085556: Current learning rate: 8e-05
2026-01-04 00:14:25.757424: train_loss 0.6763
2026-01-04 00:14:25.781399: val_loss 0.9421
2026-01-04 00:14:25.784725: val classification accuracy 0.44
2026-01-04 00:14:25.787605: val auc 0.3184
2026-01-04 00:14:25.790751: Epoch time: 64.68 s
2026-01-04 00:14:26.531888: 
2026-01-04 00:14:26.535560: Epoch 81
2026-01-04 00:14:26.538289: Current learning rate: 8e-05
2026-01-04 00:15:31.310418: train_loss 0.6855
2026-01-04 00:15:31.315148: val_loss 0.7378
2026-01-04 00:15:31.318116: val classification accuracy 0.42
2026-01-04 00:15:31.321037: val auc 0.448
2026-01-04 00:15:31.323717: Epoch time: 64.78 s
2026-01-04 00:15:32.094973: 
2026-01-04 00:15:32.098101: Epoch 82
2026-01-04 00:15:32.100926: Current learning rate: 8e-05
2026-01-04 00:16:37.233642: train_loss 0.6961
2026-01-04 00:16:37.238991: val_loss 0.7666
2026-01-04 00:16:37.242731: val classification accuracy 0.4
2026-01-04 00:16:37.246241: val auc 0.3712
2026-01-04 00:16:37.250147: Epoch time: 65.14 s
2026-01-04 00:16:38.896147: 
2026-01-04 00:16:38.899490: Epoch 83
2026-01-04 00:16:38.902380: Current learning rate: 7e-05
2026-01-04 00:17:42.840681: train_loss 0.6845
2026-01-04 00:17:42.845709: val_loss 0.7328
2026-01-04 00:17:42.848983: val classification accuracy 0.48
2026-01-04 00:17:42.852512: val auc 0.472
2026-01-04 00:17:42.855948: Epoch time: 63.95 s
2026-01-04 00:17:43.613495: 
2026-01-04 00:17:43.618993: Epoch 84
2026-01-04 00:17:43.622397: Current learning rate: 7e-05
2026-01-04 00:18:47.189268: train_loss 0.6774
2026-01-04 00:18:47.194237: val_loss 0.9411
2026-01-04 00:18:47.197389: val classification accuracy 0.42
2026-01-04 00:18:47.200285: val auc 0.2576
2026-01-04 00:18:47.203553: Epoch time: 63.58 s
2026-01-04 00:18:47.934681: 
2026-01-04 00:18:47.938067: Epoch 85
2026-01-04 00:18:47.940756: Current learning rate: 7e-05
2026-01-04 00:19:52.873269: train_loss 0.6643
2026-01-04 00:19:52.877825: val_loss 0.7711
2026-01-04 00:19:52.881165: val classification accuracy 0.38
2026-01-04 00:19:52.884021: val auc 0.416
2026-01-04 00:19:52.887067: Epoch time: 64.94 s
2026-01-04 00:19:53.682287: 
2026-01-04 00:19:53.686048: Epoch 86
2026-01-04 00:19:53.689281: Current learning rate: 7e-05
2026-01-04 00:20:58.020087: train_loss 0.6703
2026-01-04 00:20:58.050680: val_loss 0.7061
2026-01-04 00:20:58.070498: val classification accuracy 0.54
2026-01-04 00:20:58.079499: val auc 0.552
2026-01-04 00:20:58.085785: Epoch time: 64.34 s
2026-01-04 00:20:58.860728: 
2026-01-04 00:20:58.863921: Epoch 87
2026-01-04 00:20:58.866575: Current learning rate: 7e-05
2026-01-04 00:22:03.534899: train_loss 0.6897
2026-01-04 00:22:03.540507: val_loss 0.7861
2026-01-04 00:22:03.544389: val classification accuracy 0.46
2026-01-04 00:22:03.548403: val auc 0.3608
2026-01-04 00:22:03.568434: Epoch time: 64.68 s
2026-01-04 00:22:04.425652: 
2026-01-04 00:22:04.429595: Epoch 88
2026-01-04 00:22:04.432775: Current learning rate: 7e-05
2026-01-04 00:23:09.068639: train_loss 0.6825
2026-01-04 00:23:09.073378: val_loss 0.7373
2026-01-04 00:23:09.077035: val classification accuracy 0.52
2026-01-04 00:23:09.080562: val auc 0.5184
2026-01-04 00:23:09.083950: Epoch time: 64.64 s
2026-01-04 00:23:09.982322: 
2026-01-04 00:23:09.986212: Epoch 89
2026-01-04 00:23:09.989042: Current learning rate: 7e-05
2026-01-04 00:24:14.466167: train_loss 0.6795
2026-01-04 00:24:14.471094: val_loss 0.939
2026-01-04 00:24:14.494401: val classification accuracy 0.52
2026-01-04 00:24:14.514688: val auc 0.4304
2026-01-04 00:24:14.539352: Epoch time: 64.49 s
2026-01-04 00:24:15.380182: 
2026-01-04 00:24:15.384190: Epoch 90
2026-01-04 00:24:15.387630: Current learning rate: 7e-05
2026-01-04 00:25:19.535526: train_loss 0.682
2026-01-04 00:25:19.539548: val_loss 0.7768
2026-01-04 00:25:19.542576: val classification accuracy 0.46
2026-01-04 00:25:19.545902: val auc 0.4128
2026-01-04 00:25:19.548863: Epoch time: 64.16 s
2026-01-04 00:25:20.306709: 
2026-01-04 00:25:20.310427: Epoch 91
2026-01-04 00:25:20.313302: Current learning rate: 7e-05
2026-01-04 00:26:25.305390: train_loss 0.6821
2026-01-04 00:26:25.310322: val_loss 0.7192
2026-01-04 00:26:25.313692: val classification accuracy 0.46
2026-01-04 00:26:25.316729: val auc 0.452
2026-01-04 00:26:25.319646: Epoch time: 65.0 s
2026-01-04 00:26:26.079794: 
2026-01-04 00:26:26.083604: Epoch 92
2026-01-04 00:26:26.087089: Current learning rate: 7e-05
2026-01-04 00:27:30.123157: train_loss 0.6681
2026-01-04 00:27:30.127732: val_loss 0.9976
2026-01-04 00:27:30.130924: val classification accuracy 0.26
2026-01-04 00:27:30.134095: val auc 0.2064
2026-01-04 00:27:30.136927: Epoch time: 64.04 s
2026-01-04 00:27:30.895299: 
2026-01-04 00:27:30.899419: Epoch 93
2026-01-04 00:27:30.902364: Current learning rate: 7e-05
2026-01-04 00:28:34.936477: train_loss 0.6729
2026-01-04 00:28:34.949507: val_loss 0.6891
2026-01-04 00:28:34.955786: val classification accuracy 0.56
2026-01-04 00:28:34.960337: val auc 0.5808
2026-01-04 00:28:34.964490: Epoch time: 64.04 s
2026-01-04 00:28:35.730661: 
2026-01-04 00:28:35.734370: Epoch 94
2026-01-04 00:28:35.737620: Current learning rate: 7e-05
2026-01-04 00:29:40.366507: train_loss 0.667
2026-01-04 00:29:40.371377: val_loss 0.7344
2026-01-04 00:29:40.374781: val classification accuracy 0.4
2026-01-04 00:29:40.378274: val auc 0.4672
2026-01-04 00:29:40.381749: Epoch time: 64.64 s
2026-01-04 00:29:41.142344: 
2026-01-04 00:29:41.146137: Epoch 95
2026-01-04 00:29:41.149410: Current learning rate: 7e-05
2026-01-04 00:30:46.173179: train_loss 0.6836
2026-01-04 00:30:46.178127: val_loss 0.8247
2026-01-04 00:30:46.181732: val classification accuracy 0.42
2026-01-04 00:30:46.184943: val auc 0.364
2026-01-04 00:30:46.187930: Epoch time: 65.03 s
2026-01-04 00:30:46.955206: 
2026-01-04 00:30:46.958965: Epoch 96
2026-01-04 00:30:46.962011: Current learning rate: 7e-05
2026-01-04 00:31:50.555588: train_loss 0.6845
2026-01-04 00:31:50.567235: val_loss 0.7554
2026-01-04 00:31:50.574417: val classification accuracy 0.36
2026-01-04 00:31:50.580433: val auc 0.3656
2026-01-04 00:31:50.586273: Epoch time: 63.6 s
2026-01-04 00:31:51.368032: 
2026-01-04 00:31:51.372394: Epoch 97
2026-01-04 00:31:51.375593: Current learning rate: 7e-05
2026-01-04 00:32:55.217513: train_loss 0.6617
2026-01-04 00:32:55.222771: val_loss 0.7511
2026-01-04 00:32:55.226384: val classification accuracy 0.56
2026-01-04 00:32:55.229542: val auc 0.5088
2026-01-04 00:32:55.232661: Epoch time: 63.85 s
2026-01-04 00:32:56.157071: 
2026-01-04 00:32:56.160645: Epoch 98
2026-01-04 00:32:56.163817: Current learning rate: 7e-05
2026-01-04 00:34:00.819499: train_loss 0.655
2026-01-04 00:34:00.824209: val_loss 0.8511
2026-01-04 00:34:00.827122: val classification accuracy 0.36
2026-01-04 00:34:00.830009: val auc 0.304
2026-01-04 00:34:00.832805: Epoch time: 64.66 s
2026-01-04 00:34:01.572438: 
2026-01-04 00:34:01.575934: Epoch 99
2026-01-04 00:34:01.578678: Current learning rate: 7e-05
2026-01-04 00:35:07.105604: train_loss 0.6599
2026-01-04 00:35:07.111565: val_loss 0.7805
2026-01-04 00:35:07.114951: val classification accuracy 0.52
2026-01-04 00:35:07.118075: val auc 0.4576
2026-01-04 00:35:07.121397: Epoch time: 65.53 s
2026-01-04 00:35:07.845498: 
2026-01-04 00:35:07.849204: Epoch 100
2026-01-04 00:35:07.851799: Current learning rate: 7e-05
2026-01-04 00:36:11.937422: train_loss 0.6686
2026-01-04 00:36:11.942067: val_loss 0.6982
2026-01-04 00:36:11.945614: val classification accuracy 0.46
2026-01-04 00:36:11.948755: val auc 0.5112
2026-01-04 00:36:11.953364: Epoch time: 64.09 s
2026-01-04 00:36:12.738381: 
2026-01-04 00:36:12.741689: Epoch 101
2026-01-04 00:36:12.744495: Current learning rate: 7e-05
2026-01-04 00:37:17.034721: train_loss 0.6903
2026-01-04 00:37:17.039667: val_loss 0.7054
2026-01-04 00:37:17.042915: val classification accuracy 0.52
2026-01-04 00:37:17.046517: val auc 0.4848
2026-01-04 00:37:17.049753: Epoch time: 64.3 s
2026-01-04 00:37:17.799641: 
2026-01-04 00:37:17.803550: Epoch 102
2026-01-04 00:37:17.806618: Current learning rate: 7e-05
2026-01-04 00:38:23.165121: train_loss 0.6583
2026-01-04 00:38:23.169379: val_loss 0.7878
2026-01-04 00:38:23.172455: val classification accuracy 0.5
2026-01-04 00:38:23.175425: val auc 0.4976
2026-01-04 00:38:23.178542: Epoch time: 65.37 s
2026-01-04 00:38:23.941528: 
2026-01-04 00:38:23.945072: Epoch 103
2026-01-04 00:38:23.947833: Current learning rate: 7e-05
2026-01-04 00:39:27.757583: train_loss 0.7053
2026-01-04 00:39:27.767710: val_loss 0.7943
2026-01-04 00:39:27.773710: val classification accuracy 0.46
2026-01-04 00:39:27.778742: val auc 0.3744
2026-01-04 00:39:27.783572: Epoch time: 63.82 s
2026-01-04 00:39:28.532255: 
2026-01-04 00:39:28.536181: Epoch 104
2026-01-04 00:39:28.538976: Current learning rate: 7e-05
2026-01-04 00:40:32.584378: train_loss 0.6569
2026-01-04 00:40:32.589219: val_loss 0.7506
2026-01-04 00:40:32.592536: val classification accuracy 0.52
2026-01-04 00:40:32.595829: val auc 0.4896
2026-01-04 00:40:32.599008: Epoch time: 64.05 s
2026-01-04 00:40:33.353972: 
2026-01-04 00:40:33.357352: Epoch 105
2026-01-04 00:40:33.359964: Current learning rate: 7e-05
2026-01-04 00:41:38.356298: train_loss 0.6784
2026-01-04 00:41:38.371388: val_loss 0.6976
2026-01-04 00:41:38.379202: val classification accuracy 0.6
2026-01-04 00:41:38.384923: val auc 0.5896
2026-01-04 00:41:38.390178: Epoch time: 65.0 s
2026-01-04 00:41:39.156358: 
2026-01-04 00:41:39.160157: Epoch 106
2026-01-04 00:41:39.162946: Current learning rate: 7e-05
2026-01-04 00:42:44.151609: train_loss 0.6736
2026-01-04 00:42:44.158894: val_loss 0.7915
2026-01-04 00:42:44.164128: val classification accuracy 0.38
2026-01-04 00:42:44.171795: val auc 0.3968
2026-01-04 00:42:44.175843: Epoch time: 65.0 s
2026-01-04 00:42:44.946347: 
2026-01-04 00:42:44.950117: Epoch 107
2026-01-04 00:42:44.953295: Current learning rate: 7e-05
2026-01-04 00:43:49.175527: train_loss 0.6758
2026-01-04 00:43:49.188537: val_loss 0.7567
2026-01-04 00:43:49.197509: val classification accuracy 0.46
2026-01-04 00:43:49.202658: val auc 0.4208
2026-01-04 00:43:49.207116: Epoch time: 64.23 s
2026-01-04 00:43:49.954476: 
2026-01-04 00:43:49.958017: Epoch 108
2026-01-04 00:43:49.960533: Current learning rate: 7e-05
2026-01-04 00:44:54.088555: train_loss 0.6867
2026-01-04 00:44:54.107810: val_loss 0.7001
2026-01-04 00:44:54.119375: val classification accuracy 0.54
2026-01-04 00:44:54.128654: val auc 0.5504
2026-01-04 00:44:54.134472: Epoch time: 64.14 s
2026-01-04 00:44:54.893591: 
2026-01-04 00:44:54.897054: Epoch 109
2026-01-04 00:44:54.899671: Current learning rate: 7e-05
2026-01-04 00:45:58.332097: train_loss 0.6798
2026-01-04 00:45:58.336943: val_loss 0.7131
2026-01-04 00:45:58.339825: val classification accuracy 0.5
2026-01-04 00:45:58.342563: val auc 0.548
2026-01-04 00:45:58.345360: Epoch time: 63.44 s
2026-01-04 00:45:59.102069: 
2026-01-04 00:45:59.105486: Epoch 110
2026-01-04 00:45:59.108365: Current learning rate: 7e-05
2026-01-04 00:47:03.684066: train_loss 0.6689
2026-01-04 00:47:03.688884: val_loss 0.7733
2026-01-04 00:47:03.691845: val classification accuracy 0.44
2026-01-04 00:47:03.694610: val auc 0.4112
2026-01-04 00:47:03.697242: Epoch time: 64.58 s
2026-01-04 00:47:04.417770: 
2026-01-04 00:47:04.421179: Epoch 111
2026-01-04 00:47:04.423808: Current learning rate: 7e-05
2026-01-04 00:48:07.753962: train_loss 0.6553
2026-01-04 00:48:07.759825: val_loss 0.8321
2026-01-04 00:48:07.763562: val classification accuracy 0.36
2026-01-04 00:48:07.767089: val auc 0.3744
2026-01-04 00:48:07.770729: Epoch time: 63.34 s
2026-01-04 00:48:08.479095: 
2026-01-04 00:48:08.482797: Epoch 112
2026-01-04 00:48:08.485397: Current learning rate: 7e-05
2026-01-04 00:49:13.576048: train_loss 0.6875
2026-01-04 00:49:13.582336: val_loss 0.721
2026-01-04 00:49:13.587002: val classification accuracy 0.46
2026-01-04 00:49:13.590632: val auc 0.5152
2026-01-04 00:49:13.594065: Epoch time: 65.1 s
2026-01-04 00:49:14.336381: 
2026-01-04 00:49:14.340355: Epoch 113
2026-01-04 00:49:14.343508: Current learning rate: 7e-05
2026-01-04 00:50:19.397435: train_loss 0.6748
2026-01-04 00:50:19.402227: val_loss 0.795
2026-01-04 00:50:19.405537: val classification accuracy 0.52
2026-01-04 00:50:19.408516: val auc 0.3968
2026-01-04 00:50:19.411320: Epoch time: 65.06 s
2026-01-04 00:50:20.155114: 
2026-01-04 00:50:20.158914: Epoch 114
2026-01-04 00:50:20.161803: Current learning rate: 7e-05
2026-01-04 00:51:25.111442: train_loss 0.6699
2026-01-04 00:51:25.116100: val_loss 0.7751
2026-01-04 00:51:25.119194: val classification accuracy 0.38
2026-01-04 00:51:25.122070: val auc 0.3384
2026-01-04 00:51:25.125054: Epoch time: 64.96 s
2026-01-04 00:51:25.876026: 
2026-01-04 00:51:25.879740: Epoch 115
2026-01-04 00:51:25.882439: Current learning rate: 6e-05
2026-01-04 00:52:30.634139: train_loss 0.6606
2026-01-04 00:52:30.641901: val_loss 0.6849
2026-01-04 00:52:30.646408: val classification accuracy 0.64
2026-01-04 00:52:30.649975: val auc 0.6144
2026-01-04 00:52:30.653786: Epoch time: 64.76 s
2026-01-04 00:52:31.465642: 
2026-01-04 00:52:31.468885: Epoch 116
2026-01-04 00:52:31.471529: Current learning rate: 6e-05
2026-01-04 00:53:36.014334: train_loss 0.675
2026-01-04 00:53:36.019129: val_loss 0.7242
2026-01-04 00:53:36.022074: val classification accuracy 0.48
2026-01-04 00:53:36.025939: val auc 0.4904
2026-01-04 00:53:36.029818: Epoch time: 64.55 s
2026-01-04 00:53:36.782401: 
2026-01-04 00:53:36.785767: Epoch 117
2026-01-04 00:53:36.788406: Current learning rate: 6e-05
2026-01-04 00:54:41.448382: train_loss 0.6547
2026-01-04 00:54:41.453007: val_loss 0.8723
2026-01-04 00:54:41.455964: val classification accuracy 0.48
2026-01-04 00:54:41.459139: val auc 0.392
2026-01-04 00:54:41.461966: Epoch time: 64.67 s
2026-01-04 00:54:42.172746: 
2026-01-04 00:54:42.176323: Epoch 118
2026-01-04 00:54:42.178985: Current learning rate: 6e-05
2026-01-04 00:55:46.301087: train_loss 0.6378
2026-01-04 00:55:46.305999: val_loss 0.6834
2026-01-04 00:55:46.309019: val classification accuracy 0.66
2026-01-04 00:55:46.311997: val auc 0.6192
2026-01-04 00:55:46.314912: Epoch time: 64.13 s
2026-01-04 00:55:47.086998: 
2026-01-04 00:55:47.090210: Epoch 119
2026-01-04 00:55:47.092684: Current learning rate: 6e-05
2026-01-04 00:56:51.290849: train_loss 0.6633
2026-01-04 00:56:51.300419: val_loss 0.7581
2026-01-04 00:56:51.305778: val classification accuracy 0.44
2026-01-04 00:56:51.310344: val auc 0.4328
2026-01-04 00:56:51.314529: Epoch time: 64.2 s
2026-01-04 00:56:52.063723: 
2026-01-04 00:56:52.067495: Epoch 120
2026-01-04 00:56:52.070096: Current learning rate: 6e-05
2026-01-04 00:57:56.497369: train_loss 0.658
2026-01-04 00:57:56.515539: val_loss 0.7516
2026-01-04 00:57:56.522066: val classification accuracy 0.42
2026-01-04 00:57:56.526983: val auc 0.4152
2026-01-04 00:57:56.531566: Epoch time: 64.43 s
2026-01-04 00:57:57.267626: 
2026-01-04 00:57:57.271061: Epoch 121
2026-01-04 00:57:57.273681: Current learning rate: 6e-05
2026-01-04 00:59:01.650959: train_loss 0.6776
2026-01-04 00:59:01.666222: val_loss 0.8054
2026-01-04 00:59:01.669705: val classification accuracy 0.4
2026-01-04 00:59:01.673000: val auc 0.336
2026-01-04 00:59:01.676126: Epoch time: 64.38 s
2026-01-04 00:59:02.451051: 
2026-01-04 00:59:02.454573: Epoch 122
2026-01-04 00:59:02.457796: Current learning rate: 6e-05
2026-01-04 01:00:05.604778: train_loss 0.6324
2026-01-04 01:00:07.676483: val_loss 0.7389
2026-01-04 01:00:07.679964: val classification accuracy 0.48
2026-01-04 01:00:07.683507: val auc 0.5488
2026-01-04 01:00:07.686655: Epoch time: 63.15 s
2026-01-04 01:00:08.474107: 
2026-01-04 01:00:08.479217: Epoch 123
2026-01-04 01:00:08.482927: Current learning rate: 6e-05
2026-01-04 01:01:12.176106: train_loss 0.661
2026-01-04 01:01:12.181251: val_loss 0.7898
2026-01-04 01:01:12.184970: val classification accuracy 0.42
2026-01-04 01:01:12.188462: val auc 0.4552
2026-01-04 01:01:12.191471: Epoch time: 63.7 s
2026-01-04 01:01:12.932180: 
2026-01-04 01:01:12.935657: Epoch 124
2026-01-04 01:01:12.938303: Current learning rate: 6e-05
2026-01-04 01:02:17.512297: train_loss 0.6617
2026-01-04 01:02:17.519173: val_loss 0.7715
2026-01-04 01:02:17.523312: val classification accuracy 0.46
2026-01-04 01:02:17.526611: val auc 0.44
2026-01-04 01:02:17.529986: Epoch time: 64.58 s
2026-01-04 01:02:17.532508: Early stopping triggered at epoch 124. Best val_losses=0.6658
2026-01-04 01:02:18.323074: Stopping training early due to early stopping criterion.
2026-01-04 01:02:20.775479: Training done.
2026-01-04 01:02:20.782481: Skipping perform_actual_validation for classification trainer (segmentation-style sliding window is not applicable).
[1;34mwandb[0m: 
[1;34mwandb[0m:  View run [33mSwinViTTrainer_ep300_NoMirroring_x2_fold0[0m at: [34m[0m
[1;34mwandb[0m: Find logs at: [1;35m../../tmp/wandb/wandb/run-20260103_224547-mmgxiyak/logs[0m
