Using device: cuda:0

#######################################################################
Please cite the following paper when using nnU-Net:
Isensee, F., Jaeger, P. F., Kohl, S. A., Petersen, J., & Maier-Hein, K. H. (2021). nnU-Net: a self-configuring method for deep learning-based biomedical image segmentation. Nature methods, 18(2), 203-211.
#######################################################################

2026-01-04 07:01:25.865756: Using torch.compile...
2026-01-04 07:01:31.521260: do_dummy_2d_data_aug: False
2026-01-04 07:01:31.525509: Using splits from existing split file: /hpf/projects/jquon/sumin/nnUNet_data/nnUNet_preprocessed/Dataset033_AVM_T1+C/splits_final.json
2026-01-04 07:01:31.528903: The split file contains 11 splits.
2026-01-04 07:01:31.530737: Desired fold for training: 8
2026-01-04 07:01:31.532378: This split has 464 training and 48 validation cases.
using pin_memory on device 0
using pin_memory on device 0

This is the configuration used by this training:
Configuration name: 3d_fullres
 {'data_identifier': 'nnUNetPlans_3d_fullres', 'preprocessor_name': 'DefaultPreprocessor', 'batch_size': 2, 'patch_size': [160, 224, 192], 'median_image_size_in_voxels': [344.0, 448.0, 429.0], 'spacing': [0.500000923871994, 0.4910714328289032, 0.4910714328289032], 'normalization_schemes': ['ZScoreNormalization'], 'use_mask_for_norm': [False], 'resampling_fn_data': 'resample_data_or_seg_to_shape', 'resampling_fn_seg': 'resample_data_or_seg_to_shape', 'resampling_fn_data_kwargs': {'is_seg': False, 'order': 3, 'order_z': 0, 'force_separate_z': None}, 'resampling_fn_seg_kwargs': {'is_seg': True, 'order': 1, 'order_z': 0, 'force_separate_z': None}, 'resampling_fn_probabilities': 'resample_data_or_seg_to_shape', 'resampling_fn_probabilities_kwargs': {'is_seg': False, 'order': 1, 'order_z': 0, 'force_separate_z': None}, 'architecture': {'network_class_name': 'dynamic_network_architectures.architectures.unet.ResidualEncoderUNet', 'arch_kwargs': {'n_stages': 6, 'features_per_stage': [32, 64, 128, 256, 320, 320], 'conv_op': 'torch.nn.modules.conv.Conv3d', 'kernel_sizes': [[3, 3, 3], [3, 3, 3], [3, 3, 3], [3, 3, 3], [3, 3, 3], [3, 3, 3]], 'strides': [[1, 1, 1], [2, 2, 2], [2, 2, 2], [2, 2, 2], [2, 2, 2], [2, 2, 2]], 'n_blocks_per_stage': [1, 3, 4, 6, 6, 6], 'n_conv_per_stage_decoder': [1, 1, 1, 1, 1], 'conv_bias': True, 'norm_op': 'torch.nn.modules.instancenorm.InstanceNorm3d', 'norm_op_kwargs': {'eps': 1e-05, 'affine': True}, 'dropout_op': None, 'dropout_op_kwargs': None, 'nonlin': 'torch.nn.LeakyReLU', 'nonlin_kwargs': {'inplace': True}}, '_kw_requires_import': ['conv_op', 'norm_op', 'dropout_op', 'nonlin']}, 'batch_dice': True} 

These are the global plan.json settings:
 {'dataset_name': 'Dataset033_AVM_T1+C', 'plans_name': 'nnUNetResEncUNetLPlans', 'original_median_spacing_after_transp': [0.500000923871994, 0.4910714328289032, 0.4910714328289032], 'original_median_shape_after_transp': [330, 448, 424], 'image_reader_writer': 'SimpleITKIO', 'transpose_forward': [0, 1, 2], 'transpose_backward': [0, 1, 2], 'experiment_planner_used': 'nnUNetPlannerResEncL', 'label_manager': 'LabelManager', 'foreground_intensity_properties_per_channel': {'0': {'max': 12113.0, 'mean': 449.843505859375, 'median': 311.0, 'min': 0.0, 'percentile_00_5': 34.0, 'percentile_99_5': 3202.0, 'std': 471.56329345703125}}} 

2026-01-04 07:01:34.651535: Unable to plot network architecture: nnUNet_compile is enabled!
2026-01-04 07:01:34.712075: 
2026-01-04 07:01:34.714776: Epoch 0
2026-01-04 07:01:34.717040: Current learning rate: 0.0001
2026-01-04 07:03:38.345933: train_loss 0.7633
2026-01-04 07:03:38.349697: val_loss 0.694
2026-01-04 07:03:38.352325: val classification accuracy 0.5625
2026-01-04 07:03:38.354913: val auc 0.5634
2026-01-04 07:03:38.357303: Epoch time: 123.64 s
2026-01-04 07:03:38.359303: Yayy! New best EMA pseudo Dice: 0.5634
2026-01-04 07:03:40.563993: Yayy! New best classification accuracy: 0.5625
2026-01-04 07:03:42.501741: 
2026-01-04 07:03:42.504693: Epoch 1
2026-01-04 07:03:42.506656: Current learning rate: 0.0001
2026-01-04 07:04:47.063850: train_loss 0.717
2026-01-04 07:04:47.067997: val_loss 0.7178
2026-01-04 07:04:47.070425: val classification accuracy 0.5208
2026-01-04 07:04:47.072969: val auc 0.3542
2026-01-04 07:04:47.075519: Epoch time: 64.56 s
2026-01-04 07:04:47.848573: 
2026-01-04 07:04:47.851966: Epoch 2
2026-01-04 07:04:47.854266: Current learning rate: 0.0001
2026-01-04 07:05:51.727238: train_loss 0.7176
2026-01-04 07:05:51.731947: val_loss 0.753
2026-01-04 07:05:51.735109: val classification accuracy 0.4583
2026-01-04 07:05:51.737999: val auc 0.5929
2026-01-04 07:05:51.740858: Epoch time: 63.88 s
2026-01-04 07:05:51.743020: Yayy! New best EMA pseudo Dice: 0.5929
2026-01-04 07:05:54.743390: 
2026-01-04 07:05:54.746365: Epoch 3
2026-01-04 07:05:54.748269: Current learning rate: 0.0001
2026-01-04 07:06:57.150528: train_loss 0.7795
2026-01-04 07:06:57.154452: val_loss 0.6493
2026-01-04 07:06:57.156920: val classification accuracy 0.5
2026-01-04 07:06:57.159332: val auc 0.6545
2026-01-04 07:06:57.161707: Epoch time: 62.41 s
2026-01-04 07:06:57.163660: Yayy! New best EMA pseudo Dice: 0.6545
2026-01-04 07:07:00.552480: 
2026-01-04 07:07:00.555586: Epoch 4
2026-01-04 07:07:00.558025: Current learning rate: 0.0001
2026-01-04 07:08:03.911272: train_loss 0.73
2026-01-04 07:08:03.923946: val_loss 0.7751
2026-01-04 07:08:03.926589: val classification accuracy 0.4167
2026-01-04 07:08:03.929091: val auc 0.4505
2026-01-04 07:08:03.931646: Epoch time: 63.36 s
2026-01-04 07:08:04.724211: 
2026-01-04 07:08:04.727448: Epoch 5
2026-01-04 07:08:04.729913: Current learning rate: 0.0001
2026-01-04 07:09:09.601824: train_loss 0.7189
2026-01-04 07:09:09.605949: val_loss 0.7146
2026-01-04 07:09:09.608486: val classification accuracy 0.4583
2026-01-04 07:09:09.610725: val auc 0.3611
2026-01-04 07:09:09.612836: Epoch time: 64.88 s
2026-01-04 07:09:10.361748: 
2026-01-04 07:09:10.364583: Epoch 6
2026-01-04 07:09:10.366735: Current learning rate: 0.0001
2026-01-04 07:10:14.798712: train_loss 0.7052
2026-01-04 07:10:14.802784: val_loss 0.694
2026-01-04 07:10:14.805404: val classification accuracy 0.4375
2026-01-04 07:10:14.807843: val auc 0.4497
2026-01-04 07:10:14.810137: Epoch time: 64.44 s
2026-01-04 07:10:15.555596: 
2026-01-04 07:10:15.558613: Epoch 7
2026-01-04 07:10:15.560633: Current learning rate: 0.0001
2026-01-04 07:11:18.659661: train_loss 0.7293
2026-01-04 07:11:18.703484: val_loss 0.7236
2026-01-04 07:11:18.706915: val classification accuracy 0.4792
2026-01-04 07:11:18.709993: val auc 0.467
2026-01-04 07:11:18.712684: Epoch time: 63.11 s
2026-01-04 07:11:19.465850: 
2026-01-04 07:11:19.468742: Epoch 8
2026-01-04 07:11:19.470885: Current learning rate: 0.0001
2026-01-04 07:12:23.790732: train_loss 0.7332
2026-01-04 07:12:23.795378: val_loss 0.7441
2026-01-04 07:12:23.798256: val classification accuracy 0.4792
2026-01-04 07:12:23.801077: val auc 0.4922
2026-01-04 07:12:23.804677: Epoch time: 64.33 s
2026-01-04 07:12:24.565178: 
2026-01-04 07:12:24.568195: Epoch 9
2026-01-04 07:12:24.570347: Current learning rate: 0.0001
2026-01-04 07:13:28.265472: train_loss 0.723
2026-01-04 07:13:28.269467: val_loss 0.7019
2026-01-04 07:13:28.272448: val classification accuracy 0.5208
2026-01-04 07:13:28.275285: val auc 0.5243
2026-01-04 07:13:28.277900: Epoch time: 63.7 s
2026-01-04 07:13:29.048759: 
2026-01-04 07:13:29.052122: Epoch 10
2026-01-04 07:13:29.054227: Current learning rate: 0.0001
2026-01-04 07:14:33.025907: train_loss 0.7127
2026-01-04 07:14:33.029936: val_loss 0.643
2026-01-04 07:14:33.032376: val classification accuracy 0.6458
2026-01-04 07:14:33.035190: val auc 0.7231
2026-01-04 07:14:33.037985: Epoch time: 63.98 s
2026-01-04 07:14:33.040156: Yayy! New best EMA pseudo Dice: 0.7231
2026-01-04 07:14:35.245917: Yayy! New best classification accuracy: 0.6458
2026-01-04 07:14:37.253428: 
2026-01-04 07:14:37.256760: Epoch 11
2026-01-04 07:14:37.259423: Current learning rate: 0.0001
2026-01-04 07:15:41.871770: train_loss 0.7253
2026-01-04 07:15:41.887831: val_loss 0.7564
2026-01-04 07:15:41.890557: val classification accuracy 0.3958
2026-01-04 07:15:41.893655: val auc 0.3698
2026-01-04 07:15:41.896919: Epoch time: 64.62 s
2026-01-04 07:15:42.657886: 
2026-01-04 07:15:42.661226: Epoch 12
2026-01-04 07:15:42.663619: Current learning rate: 0.0001
2026-01-04 07:16:47.309394: train_loss 0.7294
2026-01-04 07:16:47.314120: val_loss 0.886
2026-01-04 07:16:47.316678: val classification accuracy 0.3958
2026-01-04 07:16:47.319200: val auc 0.3715
2026-01-04 07:16:47.321964: Epoch time: 64.65 s
2026-01-04 07:16:48.076964: 
2026-01-04 07:16:48.080478: Epoch 13
2026-01-04 07:16:48.082983: Current learning rate: 0.0001
2026-01-04 07:17:52.662544: train_loss 0.7604
2026-01-04 07:17:52.668772: val_loss 0.6805
2026-01-04 07:17:52.673041: val classification accuracy 0.5208
2026-01-04 07:17:52.676788: val auc 0.5738
2026-01-04 07:17:52.695616: Epoch time: 64.59 s
2026-01-04 07:17:53.477254: 
2026-01-04 07:17:53.480795: Epoch 14
2026-01-04 07:17:53.483179: Current learning rate: 0.0001
2026-01-04 07:18:58.087802: train_loss 0.7559
2026-01-04 07:18:58.092608: val_loss 0.8682
2026-01-04 07:18:58.095636: val classification accuracy 0.3958
2026-01-04 07:18:58.098690: val auc 0.3056
2026-01-04 07:18:58.101394: Epoch time: 64.61 s
2026-01-04 07:18:58.852105: 
2026-01-04 07:18:58.855465: Epoch 15
2026-01-04 07:18:58.857905: Current learning rate: 0.0001
2026-01-04 07:20:03.656300: train_loss 0.7666
2026-01-04 07:20:03.666436: val_loss 0.7207
2026-01-04 07:20:03.670280: val classification accuracy 0.5
2026-01-04 07:20:03.673551: val auc 0.4462
2026-01-04 07:20:03.677284: Epoch time: 64.81 s
2026-01-04 07:20:04.430227: 
2026-01-04 07:20:04.433842: Epoch 16
2026-01-04 07:20:04.436471: Current learning rate: 0.0001
2026-01-04 07:21:08.715186: train_loss 0.7099
2026-01-04 07:21:08.719516: val_loss 0.6916
2026-01-04 07:21:08.722598: val classification accuracy 0.4167
2026-01-04 07:21:08.727255: val auc 0.5
2026-01-04 07:21:08.730296: Epoch time: 64.29 s
2026-01-04 07:21:09.543595: 
2026-01-04 07:21:09.546923: Epoch 17
2026-01-04 07:21:09.549488: Current learning rate: 9e-05
2026-01-04 07:22:13.566647: train_loss 0.7066
2026-01-04 07:22:13.571026: val_loss 0.6772
2026-01-04 07:22:13.573750: val classification accuracy 0.5833
2026-01-04 07:22:13.576720: val auc 0.612
2026-01-04 07:22:13.579588: Epoch time: 64.02 s
2026-01-04 07:22:14.304152: 
2026-01-04 07:22:14.307408: Epoch 18
2026-01-04 07:22:14.309687: Current learning rate: 9e-05
2026-01-04 07:23:18.392020: train_loss 0.7216
2026-01-04 07:23:18.397628: val_loss 0.6637
2026-01-04 07:23:18.400863: val classification accuracy 0.6458
2026-01-04 07:23:18.404309: val auc 0.6875
2026-01-04 07:23:18.407445: Epoch time: 64.09 s
2026-01-04 07:23:19.172686: 
2026-01-04 07:23:19.176064: Epoch 19
2026-01-04 07:23:19.178524: Current learning rate: 9e-05
2026-01-04 07:24:23.412333: train_loss 0.7138
2026-01-04 07:24:23.417763: val_loss 0.6924
2026-01-04 07:24:23.421649: val classification accuracy 0.5417
2026-01-04 07:24:23.425437: val auc 0.5764
2026-01-04 07:24:23.429331: Epoch time: 64.24 s
2026-01-04 07:24:25.745537: Saved periodic checkpoint /hpf/projects/jquon/sumin/nnUNet_data/nnUNet_results/Dataset033_AVM_T1+C/SwinViTTrainer_ep300_NoMirroring_x2__nnUNetResEncUNetLPlans__3d_fullres/fold_8/checkpoint_every20_best_balacc.pth at epoch 19 with val_balanced_accuracy=0.5417
2026-01-04 07:24:36.464129: Saved periodic checkpoint /hpf/projects/jquon/sumin/nnUNet_data/nnUNet_results/Dataset033_AVM_T1+C/SwinViTTrainer_ep300_NoMirroring_x2__nnUNetResEncUNetLPlans__3d_fullres/fold_8/checkpoint_every20_best_auroc.pth at epoch 19 with val_auc=0.5764
2026-01-04 07:24:37.988492: 
2026-01-04 07:24:37.992856: Epoch 20
2026-01-04 07:24:37.995611: Current learning rate: 9e-05
2026-01-04 07:25:40.998672: train_loss 0.7056
2026-01-04 07:25:41.003924: val_loss 0.6952
2026-01-04 07:25:41.006791: val classification accuracy 0.4792
2026-01-04 07:25:41.009649: val auc 0.5339
2026-01-04 07:25:41.012540: Epoch time: 63.01 s
2026-01-04 07:25:41.769722: 
2026-01-04 07:25:41.773215: Epoch 21
2026-01-04 07:25:41.776105: Current learning rate: 9e-05
2026-01-04 07:26:45.435805: train_loss 0.7546
2026-01-04 07:26:45.439554: val_loss 0.8042
2026-01-04 07:26:45.441944: val classification accuracy 0.4167
2026-01-04 07:26:45.444464: val auc 0.434
2026-01-04 07:26:45.446945: Epoch time: 63.67 s
2026-01-04 07:26:46.155394: 
2026-01-04 07:26:46.158391: Epoch 22
2026-01-04 07:26:46.160636: Current learning rate: 9e-05
2026-01-04 07:27:47.920684: train_loss 0.729
2026-01-04 07:27:47.924635: val_loss 0.6903
2026-01-04 07:27:47.927358: val classification accuracy 0.5
2026-01-04 07:27:47.935298: val auc 0.5694
2026-01-04 07:27:47.941526: Epoch time: 61.77 s
2026-01-04 07:27:48.701339: 
2026-01-04 07:27:48.705381: Epoch 23
2026-01-04 07:27:48.708016: Current learning rate: 9e-05
2026-01-04 07:28:53.014991: train_loss 0.7028
2026-01-04 07:28:53.020207: val_loss 0.6821
2026-01-04 07:28:53.023336: val classification accuracy 0.6042
2026-01-04 07:28:53.026127: val auc 0.6007
2026-01-04 07:28:53.028953: Epoch time: 64.31 s
2026-01-04 07:28:53.786979: 
2026-01-04 07:28:53.790169: Epoch 24
2026-01-04 07:28:53.792503: Current learning rate: 9e-05
2026-01-04 07:29:57.498700: train_loss 0.7234
2026-01-04 07:29:57.503651: val_loss 0.7121
2026-01-04 07:29:57.506679: val classification accuracy 0.4583
2026-01-04 07:29:57.509338: val auc 0.4696
2026-01-04 07:29:57.511924: Epoch time: 63.71 s
2026-01-04 07:29:58.321040: 
2026-01-04 07:29:58.324561: Epoch 25
2026-01-04 07:29:58.327136: Current learning rate: 9e-05
2026-01-04 07:31:03.198597: train_loss 0.7527
2026-01-04 07:31:03.205108: val_loss 0.6327
2026-01-04 07:31:03.208739: val classification accuracy 0.6458
2026-01-04 07:31:03.212357: val auc 0.7153
2026-01-04 07:31:03.215702: Epoch time: 64.88 s
2026-01-04 07:31:04.078844: 
2026-01-04 07:31:04.082291: Epoch 26
2026-01-04 07:31:04.084685: Current learning rate: 9e-05
2026-01-04 07:32:08.391123: train_loss 0.6997
2026-01-04 07:32:08.404806: val_loss 0.7127
2026-01-04 07:32:08.408016: val classification accuracy 0.4375
2026-01-04 07:32:08.411244: val auc 0.4019
2026-01-04 07:32:08.414537: Epoch time: 64.31 s
2026-01-04 07:32:09.206544: 
2026-01-04 07:32:09.210369: Epoch 27
2026-01-04 07:32:09.212886: Current learning rate: 9e-05
2026-01-04 07:33:13.560178: train_loss 0.7095
2026-01-04 07:33:13.566853: val_loss 0.7348
2026-01-04 07:33:13.571029: val classification accuracy 0.4792
2026-01-04 07:33:13.574824: val auc 0.3941
2026-01-04 07:33:13.578217: Epoch time: 64.35 s
2026-01-04 07:33:14.327338: 
2026-01-04 07:33:14.330839: Epoch 28
2026-01-04 07:33:14.333296: Current learning rate: 9e-05
2026-01-04 07:34:18.351844: train_loss 0.7057
2026-01-04 07:34:18.356884: val_loss 0.6767
2026-01-04 07:34:18.359962: val classification accuracy 0.625
2026-01-04 07:34:18.362637: val auc 0.6215
2026-01-04 07:34:18.365187: Epoch time: 64.03 s
2026-01-04 07:34:19.100883: 
2026-01-04 07:34:19.104192: Epoch 29
2026-01-04 07:34:19.106640: Current learning rate: 9e-05
2026-01-04 07:35:23.450602: train_loss 0.6749
2026-01-04 07:35:23.458136: val_loss 0.6334
2026-01-04 07:35:23.462410: val classification accuracy 0.6667
2026-01-04 07:35:23.466106: val auc 0.6823
2026-01-04 07:35:23.470329: Epoch time: 64.35 s
2026-01-04 07:35:23.473438: Yayy! New best classification accuracy: 0.6667
2026-01-04 07:35:26.365542: 
2026-01-04 07:35:26.368639: Epoch 30
2026-01-04 07:35:26.371043: Current learning rate: 9e-05
2026-01-04 07:36:31.379303: train_loss 0.7315
2026-01-04 07:36:31.383649: val_loss 0.6573
2026-01-04 07:36:31.386099: val classification accuracy 0.6875
2026-01-04 07:36:31.388538: val auc 0.691
2026-01-04 07:36:31.391483: Epoch time: 65.01 s
2026-01-04 07:36:31.393993: Yayy! New best classification accuracy: 0.6875
2026-01-04 07:36:34.116541: 
2026-01-04 07:36:34.119809: Epoch 31
2026-01-04 07:36:34.122251: Current learning rate: 9e-05
2026-01-04 07:37:38.201909: train_loss 0.7208
2026-01-04 07:37:38.207041: val_loss 0.7507
2026-01-04 07:37:38.210140: val classification accuracy 0.6042
2026-01-04 07:37:38.212964: val auc 0.4696
2026-01-04 07:37:38.215978: Epoch time: 64.09 s
2026-01-04 07:37:38.952701: 
2026-01-04 07:37:38.955824: Epoch 32
2026-01-04 07:37:38.958229: Current learning rate: 9e-05
2026-01-04 07:38:41.841055: train_loss 0.6842
2026-01-04 07:38:41.845858: val_loss 0.7262
2026-01-04 07:38:41.848553: val classification accuracy 0.5208
2026-01-04 07:38:41.851302: val auc 0.5069
2026-01-04 07:38:41.853994: Epoch time: 62.89 s
2026-01-04 07:38:42.607910: 
2026-01-04 07:38:42.611182: Epoch 33
2026-01-04 07:38:42.613380: Current learning rate: 9e-05
2026-01-04 07:39:46.737796: train_loss 0.7472
2026-01-04 07:39:46.744670: val_loss 0.7598
2026-01-04 07:39:46.748413: val classification accuracy 0.4167
2026-01-04 07:39:46.752389: val auc 0.3984
2026-01-04 07:39:46.755857: Epoch time: 64.13 s
2026-01-04 07:39:47.570203: 
2026-01-04 07:39:47.573921: Epoch 34
2026-01-04 07:39:47.576494: Current learning rate: 9e-05
2026-01-04 07:40:51.771654: train_loss 0.7034
2026-01-04 07:40:51.790322: val_loss 0.6901
2026-01-04 07:40:51.800372: val classification accuracy 0.4375
2026-01-04 07:40:51.822809: val auc 0.5312
2026-01-04 07:40:51.829312: Epoch time: 64.2 s
2026-01-04 07:40:52.604840: 
2026-01-04 07:40:52.608601: Epoch 35
2026-01-04 07:40:52.611043: Current learning rate: 9e-05
2026-01-04 07:41:57.191685: train_loss 0.7339
2026-01-04 07:41:57.197365: val_loss 0.694
2026-01-04 07:41:57.200805: val classification accuracy 0.4792
2026-01-04 07:41:57.203957: val auc 0.5174
2026-01-04 07:41:57.207543: Epoch time: 64.59 s
2026-01-04 07:41:58.877006: 
2026-01-04 07:41:58.880101: Epoch 36
2026-01-04 07:41:58.882444: Current learning rate: 9e-05
2026-01-04 07:43:03.159934: train_loss 0.7189
2026-01-04 07:43:03.164264: val_loss 0.7664
2026-01-04 07:43:03.167027: val classification accuracy 0.3958
2026-01-04 07:43:03.169701: val auc 0.4479
2026-01-04 07:43:03.172792: Epoch time: 64.28 s
2026-01-04 07:43:03.899466: 
2026-01-04 07:43:03.902815: Epoch 37
2026-01-04 07:43:03.905297: Current learning rate: 9e-05
2026-01-04 07:44:08.558951: train_loss 0.7298
2026-01-04 07:44:08.572323: val_loss 0.6991
2026-01-04 07:44:08.575175: val classification accuracy 0.4583
2026-01-04 07:44:08.577853: val auc 0.4835
2026-01-04 07:44:08.580550: Epoch time: 64.66 s
2026-01-04 07:44:09.281455: 
2026-01-04 07:44:09.284405: Epoch 38
2026-01-04 07:44:09.286680: Current learning rate: 9e-05
2026-01-04 07:45:14.315243: train_loss 0.6875
2026-01-04 07:45:14.320003: val_loss 0.6975
2026-01-04 07:45:14.323008: val classification accuracy 0.4792
2026-01-04 07:45:14.326154: val auc 0.4792
2026-01-04 07:45:14.329250: Epoch time: 65.03 s
2026-01-04 07:45:15.026324: 
2026-01-04 07:45:15.029715: Epoch 39
2026-01-04 07:45:15.032096: Current learning rate: 9e-05
2026-01-04 07:46:16.756138: train_loss 0.7155
2026-01-04 07:46:16.760306: val_loss 0.6752
2026-01-04 07:46:16.763034: val classification accuracy 0.6042
2026-01-04 07:46:16.765404: val auc 0.6311
2026-01-04 07:46:16.767854: Epoch time: 61.73 s
2026-01-04 07:46:18.560648: Saved periodic checkpoint /hpf/projects/jquon/sumin/nnUNet_data/nnUNet_results/Dataset033_AVM_T1+C/SwinViTTrainer_ep300_NoMirroring_x2__nnUNetResEncUNetLPlans__3d_fullres/fold_8/checkpoint_every20_best_balacc.pth at epoch 39 with val_balanced_accuracy=0.6042
2026-01-04 07:46:19.769418: Saved periodic checkpoint /hpf/projects/jquon/sumin/nnUNet_data/nnUNet_results/Dataset033_AVM_T1+C/SwinViTTrainer_ep300_NoMirroring_x2__nnUNetResEncUNetLPlans__3d_fullres/fold_8/checkpoint_every20_best_auroc.pth at epoch 39 with val_auc=0.6311
2026-01-04 07:46:20.534335: 
2026-01-04 07:46:20.537481: Epoch 40
2026-01-04 07:46:20.539775: Current learning rate: 9e-05
2026-01-04 07:47:24.426131: train_loss 0.727
2026-01-04 07:47:24.440653: val_loss 0.7448
2026-01-04 07:47:24.443871: val classification accuracy 0.4583
2026-01-04 07:47:24.446894: val auc 0.4462
2026-01-04 07:47:24.449604: Epoch time: 63.89 s
2026-01-04 07:47:25.227748: 
2026-01-04 07:47:25.231297: Epoch 41
2026-01-04 07:47:25.234119: Current learning rate: 9e-05
2026-01-04 07:48:28.904498: train_loss 0.7425
2026-01-04 07:48:28.908436: val_loss 0.7328
2026-01-04 07:48:28.911409: val classification accuracy 0.5833
2026-01-04 07:48:28.914294: val auc 0.5755
2026-01-04 07:48:28.917013: Epoch time: 63.68 s
2026-01-04 07:48:29.647030: 
2026-01-04 07:48:29.650452: Epoch 42
2026-01-04 07:48:29.653027: Current learning rate: 9e-05
2026-01-04 07:49:34.691349: train_loss 0.6911
2026-01-04 07:49:34.707193: val_loss 0.7376
2026-01-04 07:49:34.710350: val classification accuracy 0.4375
2026-01-04 07:49:34.713238: val auc 0.4635
2026-01-04 07:49:34.716271: Epoch time: 65.05 s
2026-01-04 07:49:35.513169: 
2026-01-04 07:49:35.516582: Epoch 43
2026-01-04 07:49:35.519351: Current learning rate: 9e-05
2026-01-04 07:50:39.242967: train_loss 0.7596
2026-01-04 07:50:39.247509: val_loss 0.6693
2026-01-04 07:50:39.250843: val classification accuracy 0.5833
2026-01-04 07:50:39.253806: val auc 0.6163
2026-01-04 07:50:39.257507: Epoch time: 63.73 s
2026-01-04 07:50:39.972487: 
2026-01-04 07:50:39.976490: Epoch 44
2026-01-04 07:50:39.979398: Current learning rate: 9e-05
2026-01-04 07:51:43.359024: train_loss 0.7457
2026-01-04 07:51:43.363508: val_loss 0.7
2026-01-04 07:51:43.366208: val classification accuracy 0.5625
2026-01-04 07:51:43.368855: val auc 0.5833
2026-01-04 07:51:43.371614: Epoch time: 63.39 s
2026-01-04 07:51:44.166284: 
2026-01-04 07:51:44.169832: Epoch 45
2026-01-04 07:51:44.172362: Current learning rate: 9e-05
2026-01-04 07:52:47.633387: train_loss 0.6908
2026-01-04 07:52:47.637784: val_loss 0.8088
2026-01-04 07:52:47.641315: val classification accuracy 0.6042
2026-01-04 07:52:47.644487: val auc 0.5434
2026-01-04 07:52:47.647700: Epoch time: 63.47 s
2026-01-04 07:52:48.462159: 
2026-01-04 07:52:48.466018: Epoch 46
2026-01-04 07:52:48.468514: Current learning rate: 9e-05
2026-01-04 07:53:52.953398: train_loss 0.7194
2026-01-04 07:53:52.957553: val_loss 0.9119
2026-01-04 07:53:52.960613: val classification accuracy 0.4375
2026-01-04 07:53:52.963465: val auc 0.3793
2026-01-04 07:53:52.966224: Epoch time: 64.49 s
2026-01-04 07:53:53.695724: 
2026-01-04 07:53:53.698951: Epoch 47
2026-01-04 07:53:53.701421: Current learning rate: 9e-05
2026-01-04 07:54:58.129919: train_loss 0.6838
2026-01-04 07:54:58.134568: val_loss 0.7365
2026-01-04 07:54:58.137350: val classification accuracy 0.5208
2026-01-04 07:54:58.140421: val auc 0.4826
2026-01-04 07:54:58.143355: Epoch time: 64.44 s
2026-01-04 07:54:58.907918: 
2026-01-04 07:54:58.911099: Epoch 48
2026-01-04 07:54:58.913451: Current learning rate: 9e-05
2026-01-04 07:56:03.960946: train_loss 0.727
2026-01-04 07:56:03.965168: val_loss 0.7114
2026-01-04 07:56:03.968592: val classification accuracy 0.5833
2026-01-04 07:56:03.971216: val auc 0.5503
2026-01-04 07:56:03.973904: Epoch time: 65.05 s
2026-01-04 07:56:04.718353: 
2026-01-04 07:56:04.721459: Epoch 49
2026-01-04 07:56:04.724009: Current learning rate: 9e-05
2026-01-04 07:57:09.342729: train_loss 0.7187
2026-01-04 07:57:09.349432: val_loss 0.7093
2026-01-04 07:57:09.373681: val classification accuracy 0.4375
2026-01-04 07:57:09.401269: val auc 0.4462
2026-01-04 07:57:09.427072: Epoch time: 64.63 s
2026-01-04 07:57:10.280444: 
2026-01-04 07:57:10.284165: Epoch 50
2026-01-04 07:57:10.286664: Current learning rate: 8e-05
2026-01-04 07:58:14.491032: train_loss 0.6937
2026-01-04 07:58:14.495769: val_loss 0.7257
2026-01-04 07:58:14.499120: val classification accuracy 0.4792
2026-01-04 07:58:14.502151: val auc 0.4323
2026-01-04 07:58:14.505414: Epoch time: 64.21 s
2026-01-04 07:58:15.257819: 
2026-01-04 07:58:15.261590: Epoch 51
2026-01-04 07:58:15.264429: Current learning rate: 8e-05
2026-01-04 07:59:19.971101: train_loss 0.7414
2026-01-04 07:59:19.975884: val_loss 0.7187
2026-01-04 07:59:19.986643: val classification accuracy 0.4583
2026-01-04 07:59:19.994854: val auc 0.4931
2026-01-04 07:59:19.999600: Epoch time: 64.71 s
2026-01-04 07:59:21.638411: 
2026-01-04 07:59:21.641855: Epoch 52
2026-01-04 07:59:21.644559: Current learning rate: 8e-05
2026-01-04 08:00:26.652486: train_loss 0.6965
2026-01-04 08:00:26.656565: val_loss 0.6861
2026-01-04 08:00:26.659529: val classification accuracy 0.5208
2026-01-04 08:00:26.662430: val auc 0.5625
2026-01-04 08:00:26.665014: Epoch time: 65.02 s
2026-01-04 08:00:27.422776: 
2026-01-04 08:00:27.426013: Epoch 53
2026-01-04 08:00:27.428497: Current learning rate: 8e-05
2026-01-04 08:01:32.327113: train_loss 0.6862
2026-01-04 08:01:32.337346: val_loss 0.7026
2026-01-04 08:01:32.342635: val classification accuracy 0.375
2026-01-04 08:01:32.347195: val auc 0.4401
2026-01-04 08:01:32.351515: Epoch time: 64.91 s
2026-01-04 08:01:33.114518: 
2026-01-04 08:01:33.118047: Epoch 54
2026-01-04 08:01:33.120629: Current learning rate: 8e-05
2026-01-04 08:02:37.226210: train_loss 0.7011
2026-01-04 08:02:37.237339: val_loss 0.6399
2026-01-04 08:02:37.240656: val classification accuracy 0.5625
2026-01-04 08:02:37.253830: val auc 0.684
2026-01-04 08:02:37.264382: Epoch time: 64.11 s
2026-01-04 08:02:38.056131: 
2026-01-04 08:02:38.059667: Epoch 55
2026-01-04 08:02:38.062362: Current learning rate: 8e-05
2026-01-04 08:03:41.770064: train_loss 0.7123
2026-01-04 08:03:41.778636: val_loss 0.6806
2026-01-04 08:03:41.784422: val classification accuracy 0.6042
2026-01-04 08:03:41.788838: val auc 0.6076
2026-01-04 08:03:41.793260: Epoch time: 63.72 s
2026-01-04 08:03:42.586431: 
2026-01-04 08:03:42.591154: Epoch 56
2026-01-04 08:03:42.594552: Current learning rate: 8e-05
2026-01-04 08:04:46.842677: train_loss 0.745
2026-01-04 08:04:46.878181: val_loss 0.6967
2026-01-04 08:04:46.896672: val classification accuracy 0.4792
2026-01-04 08:04:46.905282: val auc 0.5625
2026-01-04 08:04:46.911868: Epoch time: 64.26 s
2026-01-04 08:04:47.722745: 
2026-01-04 08:04:47.726301: Epoch 57
2026-01-04 08:04:47.728605: Current learning rate: 8e-05
2026-01-04 08:05:51.928414: train_loss 0.6994
2026-01-04 08:05:51.951827: val_loss 0.6715
2026-01-04 08:05:51.955626: val classification accuracy 0.6042
2026-01-04 08:05:51.958444: val auc 0.6302
2026-01-04 08:05:51.961201: Epoch time: 64.21 s
2026-01-04 08:05:52.695225: 
2026-01-04 08:05:52.698288: Epoch 58
2026-01-04 08:05:52.700667: Current learning rate: 8e-05
2026-01-04 08:06:56.830261: train_loss 0.6815
2026-01-04 08:06:56.835001: val_loss 0.6905
2026-01-04 08:06:56.838327: val classification accuracy 0.5417
2026-01-04 08:06:56.841441: val auc 0.5286
2026-01-04 08:06:56.844258: Epoch time: 64.14 s
2026-01-04 08:06:57.633263: 
2026-01-04 08:06:57.637192: Epoch 59
2026-01-04 08:06:57.640130: Current learning rate: 8e-05
2026-01-04 08:08:02.260111: train_loss 0.7151
2026-01-04 08:08:02.265180: val_loss 0.7246
2026-01-04 08:08:02.268342: val classification accuracy 0.3958
2026-01-04 08:08:02.271379: val auc 0.4262
2026-01-04 08:08:02.274372: Epoch time: 64.63 s
2026-01-04 08:08:02.996247: 
2026-01-04 08:08:02.999942: Epoch 60
2026-01-04 08:08:03.002579: Current learning rate: 8e-05
2026-01-04 08:09:07.287133: train_loss 0.698
2026-01-04 08:09:07.292326: val_loss 0.7222
2026-01-04 08:09:07.295628: val classification accuracy 0.5
2026-01-04 08:09:07.299126: val auc 0.5278
2026-01-04 08:09:07.302659: Epoch time: 64.29 s
2026-01-04 08:09:08.091258: 
2026-01-04 08:09:08.095149: Epoch 61
2026-01-04 08:09:08.097754: Current learning rate: 8e-05
2026-01-04 08:10:12.449696: train_loss 0.7032
2026-01-04 08:10:12.461632: val_loss 0.7367
2026-01-04 08:10:12.465583: val classification accuracy 0.5
2026-01-04 08:10:12.469235: val auc 0.4957
2026-01-04 08:10:12.472945: Epoch time: 64.36 s
2026-01-04 08:10:13.230164: 
2026-01-04 08:10:13.233561: Epoch 62
2026-01-04 08:10:13.236038: Current learning rate: 8e-05
2026-01-04 08:11:17.577512: train_loss 0.6886
2026-01-04 08:11:17.584223: val_loss 0.7095
2026-01-04 08:11:17.588395: val classification accuracy 0.625
2026-01-04 08:11:17.592202: val auc 0.5764
2026-01-04 08:11:17.596086: Epoch time: 64.35 s
2026-01-04 08:11:18.393373: 
2026-01-04 08:11:18.397103: Epoch 63
2026-01-04 08:11:18.399675: Current learning rate: 8e-05
2026-01-04 08:12:22.783583: train_loss 0.7452
2026-01-04 08:12:22.793746: val_loss 0.6867
2026-01-04 08:12:22.810233: val classification accuracy 0.5625
2026-01-04 08:12:22.813382: val auc 0.6424
2026-01-04 08:12:22.816182: Epoch time: 64.39 s
2026-01-04 08:12:23.625145: 
2026-01-04 08:12:23.628713: Epoch 64
2026-01-04 08:12:23.631448: Current learning rate: 8e-05
2026-01-04 08:13:27.828400: train_loss 0.6851
2026-01-04 08:13:27.833376: val_loss 0.6972
2026-01-04 08:13:27.836777: val classification accuracy 0.5833
2026-01-04 08:13:27.839699: val auc 0.6033
2026-01-04 08:13:27.842856: Epoch time: 64.2 s
2026-01-04 08:13:28.611167: 
2026-01-04 08:13:28.614990: Epoch 65
2026-01-04 08:13:28.617692: Current learning rate: 8e-05
2026-01-04 08:14:32.784314: train_loss 0.6795
2026-01-04 08:14:32.788541: val_loss 0.6628
2026-01-04 08:14:32.791268: val classification accuracy 0.6042
2026-01-04 08:14:32.793757: val auc 0.645
2026-01-04 08:14:32.796365: Epoch time: 64.17 s
2026-01-04 08:14:33.514733: 
2026-01-04 08:14:33.517822: Epoch 66
2026-01-04 08:14:33.520153: Current learning rate: 8e-05
2026-01-04 08:15:38.291270: train_loss 0.6807
2026-01-04 08:15:38.296581: val_loss 0.6429
2026-01-04 08:15:38.300017: val classification accuracy 0.5625
2026-01-04 08:15:38.306714: val auc 0.6736
2026-01-04 08:15:38.311209: Epoch time: 64.78 s
2026-01-04 08:15:39.091751: 
2026-01-04 08:15:39.095443: Epoch 67
2026-01-04 08:15:39.097948: Current learning rate: 8e-05
2026-01-04 08:16:43.873055: train_loss 0.6869
2026-01-04 08:16:43.877784: val_loss 0.6939
2026-01-04 08:16:43.880943: val classification accuracy 0.4583
2026-01-04 08:16:43.883751: val auc 0.5052
2026-01-04 08:16:43.886503: Epoch time: 64.78 s
2026-01-04 08:16:45.446415: 
2026-01-04 08:16:45.449598: Epoch 68
2026-01-04 08:16:45.452037: Current learning rate: 8e-05
2026-01-04 08:17:49.058868: train_loss 0.7009
2026-01-04 08:17:49.063373: val_loss 0.6566
2026-01-04 08:17:49.066397: val classification accuracy 0.6042
2026-01-04 08:17:49.069132: val auc 0.7101
2026-01-04 08:17:49.071759: Epoch time: 63.61 s
2026-01-04 08:17:49.823965: 
2026-01-04 08:17:49.827361: Epoch 69
2026-01-04 08:17:49.829937: Current learning rate: 8e-05
2026-01-04 08:18:53.554750: train_loss 0.6938
2026-01-04 08:18:53.559111: val_loss 0.6922
2026-01-04 08:18:53.561776: val classification accuracy 0.6458
2026-01-04 08:18:53.564619: val auc 0.6233
2026-01-04 08:18:53.567309: Epoch time: 63.73 s
2026-01-04 08:18:54.297008: 
2026-01-04 08:18:54.300420: Epoch 70
2026-01-04 08:18:54.302900: Current learning rate: 8e-05
2026-01-04 08:19:57.247014: train_loss 0.6809
2026-01-04 08:19:57.253605: val_loss 0.7108
2026-01-04 08:19:57.257705: val classification accuracy 0.5
2026-01-04 08:19:57.261961: val auc 0.5217
2026-01-04 08:19:57.265111: Epoch time: 62.95 s
2026-01-04 08:19:58.030795: 
2026-01-04 08:19:58.034839: Epoch 71
2026-01-04 08:19:58.037524: Current learning rate: 8e-05
2026-01-04 08:21:01.971595: train_loss 0.6829
2026-01-04 08:21:01.976282: val_loss 0.7115
2026-01-04 08:21:01.979148: val classification accuracy 0.5
2026-01-04 08:21:01.982206: val auc 0.5217
2026-01-04 08:21:01.985011: Epoch time: 63.94 s
2026-01-04 08:21:02.788683: 
2026-01-04 08:21:02.792442: Epoch 72
2026-01-04 08:21:02.795230: Current learning rate: 8e-05
2026-01-04 08:22:06.561512: train_loss 0.6925
2026-01-04 08:22:06.565827: val_loss 0.6532
2026-01-04 08:22:06.568516: val classification accuracy 0.6875
2026-01-04 08:22:06.571147: val auc 0.7318
2026-01-04 08:22:06.573723: Epoch time: 63.77 s
2026-01-04 08:22:06.576179: Yayy! New best EMA pseudo Dice: 0.7318
2026-01-04 08:22:09.358307: 
2026-01-04 08:22:09.361917: Epoch 73
2026-01-04 08:22:09.364681: Current learning rate: 8e-05
2026-01-04 08:23:14.258412: train_loss 0.6887
2026-01-04 08:23:14.263307: val_loss 0.6729
2026-01-04 08:23:14.266212: val classification accuracy 0.5833
2026-01-04 08:23:14.269304: val auc 0.6155
2026-01-04 08:23:14.272439: Epoch time: 64.9 s
2026-01-04 08:23:15.030156: 
2026-01-04 08:23:15.033984: Epoch 74
2026-01-04 08:23:15.036654: Current learning rate: 8e-05
2026-01-04 08:24:19.567811: train_loss 0.6647
2026-01-04 08:24:19.572812: val_loss 0.6723
2026-01-04 08:24:19.576975: val classification accuracy 0.625
2026-01-04 08:24:19.580090: val auc 0.625
2026-01-04 08:24:19.583619: Epoch time: 64.54 s
2026-01-04 08:24:20.392641: 
2026-01-04 08:24:20.396702: Epoch 75
2026-01-04 08:24:20.399801: Current learning rate: 8e-05
2026-01-04 08:25:25.215373: train_loss 0.6894
2026-01-04 08:25:25.219838: val_loss 0.6916
2026-01-04 08:25:25.230913: val classification accuracy 0.5208
2026-01-04 08:25:25.236133: val auc 0.5156
2026-01-04 08:25:25.240396: Epoch time: 64.82 s
2026-01-04 08:25:25.956621: 
2026-01-04 08:25:25.960113: Epoch 76
2026-01-04 08:25:25.962790: Current learning rate: 8e-05
2026-01-04 08:26:29.966533: train_loss 0.6775
2026-01-04 08:26:29.970733: val_loss 0.6797
2026-01-04 08:26:29.973527: val classification accuracy 0.5625
2026-01-04 08:26:29.976135: val auc 0.6424
2026-01-04 08:26:29.978792: Epoch time: 64.01 s
2026-01-04 08:26:30.752541: 
2026-01-04 08:26:30.755887: Epoch 77
2026-01-04 08:26:30.758290: Current learning rate: 8e-05
2026-01-04 08:27:34.326018: train_loss 0.6923
2026-01-04 08:27:34.330715: val_loss 0.6582
2026-01-04 08:27:34.333813: val classification accuracy 0.6875
2026-01-04 08:27:34.336682: val auc 0.6597
2026-01-04 08:27:34.339390: Epoch time: 63.57 s
2026-01-04 08:27:35.096831: 
2026-01-04 08:27:35.100050: Epoch 78
2026-01-04 08:27:35.102537: Current learning rate: 8e-05
2026-01-04 08:28:38.932239: train_loss 0.6878
2026-01-04 08:28:38.936835: val_loss 0.691
2026-01-04 08:28:38.939747: val classification accuracy 0.5
2026-01-04 08:28:38.942668: val auc 0.5347
2026-01-04 08:28:38.945532: Epoch time: 63.84 s
2026-01-04 08:28:39.694210: 
2026-01-04 08:28:39.697542: Epoch 79
2026-01-04 08:28:39.700325: Current learning rate: 8e-05
2026-01-04 08:29:44.289340: train_loss 0.6587
2026-01-04 08:29:44.294194: val_loss 0.674
2026-01-04 08:29:44.301312: val classification accuracy 0.5833
2026-01-04 08:29:44.306271: val auc 0.5972
2026-01-04 08:29:44.310970: Epoch time: 64.6 s
2026-01-04 08:29:45.078771: 
2026-01-04 08:29:45.082777: Epoch 80
2026-01-04 08:29:45.085497: Current learning rate: 8e-05
2026-01-04 08:30:49.811953: train_loss 0.6811
2026-01-04 08:30:49.816304: val_loss 0.7127
2026-01-04 08:30:49.819450: val classification accuracy 0.5833
2026-01-04 08:30:49.822463: val auc 0.5434
2026-01-04 08:30:49.825263: Epoch time: 64.73 s
2026-01-04 08:30:50.595063: 
2026-01-04 08:30:50.599062: Epoch 81
2026-01-04 08:30:50.602333: Current learning rate: 8e-05
2026-01-04 08:31:55.905765: train_loss 0.6778
2026-01-04 08:31:55.910566: val_loss 0.6768
2026-01-04 08:31:55.913714: val classification accuracy 0.5208
2026-01-04 08:31:55.916814: val auc 0.6363
2026-01-04 08:31:55.919884: Epoch time: 65.31 s
2026-01-04 08:31:56.662429: 
2026-01-04 08:31:56.666044: Epoch 82
2026-01-04 08:31:56.668811: Current learning rate: 8e-05
2026-01-04 08:33:00.908513: train_loss 0.6871
2026-01-04 08:33:00.919102: val_loss 0.851
2026-01-04 08:33:00.922077: val classification accuracy 0.5
2026-01-04 08:33:00.925258: val auc 0.4583
2026-01-04 08:33:00.928324: Epoch time: 64.25 s
2026-01-04 08:33:01.761832: 
2026-01-04 08:33:01.765270: Epoch 83
2026-01-04 08:33:01.768147: Current learning rate: 7e-05
2026-01-04 08:34:05.049545: train_loss 0.6762
2026-01-04 08:34:05.054212: val_loss 0.6808
2026-01-04 08:34:05.057101: val classification accuracy 0.6042
2026-01-04 08:34:05.060077: val auc 0.5885
2026-01-04 08:34:05.062915: Epoch time: 63.29 s
2026-01-04 08:34:06.801865: 
2026-01-04 08:34:06.805130: Epoch 84
2026-01-04 08:34:06.807674: Current learning rate: 7e-05
2026-01-04 08:35:10.406125: train_loss 0.6669
2026-01-04 08:35:10.410457: val_loss 0.6573
2026-01-04 08:35:10.413276: val classification accuracy 0.6042
2026-01-04 08:35:10.416278: val auc 0.6406
2026-01-04 08:35:10.419231: Epoch time: 63.61 s
2026-01-04 08:35:11.143817: 
2026-01-04 08:35:11.147278: Epoch 85
2026-01-04 08:35:11.149895: Current learning rate: 7e-05
2026-01-04 08:36:14.843096: train_loss 0.6551
2026-01-04 08:36:14.848856: val_loss 0.6206
2026-01-04 08:36:14.852424: val classification accuracy 0.7083
2026-01-04 08:36:14.855992: val auc 0.7552
2026-01-04 08:36:14.859302: Epoch time: 63.7 s
2026-01-04 08:36:14.862238: Yayy! New best EMA pseudo Dice: 0.7552
2026-01-04 08:36:16.841263: Yayy! New best classification accuracy: 0.7083
2026-01-04 08:36:19.012044: 
2026-01-04 08:36:19.015758: Epoch 86
2026-01-04 08:36:19.018327: Current learning rate: 7e-05
2026-01-04 08:37:23.926964: train_loss 0.7166
2026-01-04 08:37:23.938801: val_loss 0.7343
2026-01-04 08:37:23.945991: val classification accuracy 0.6042
2026-01-04 08:37:23.950949: val auc 0.5903
2026-01-04 08:37:23.955109: Epoch time: 64.92 s
2026-01-04 08:37:24.695839: 
2026-01-04 08:37:24.699447: Epoch 87
2026-01-04 08:37:24.701969: Current learning rate: 7e-05
2026-01-04 08:38:28.851154: train_loss 0.6755
2026-01-04 08:38:28.855260: val_loss 0.7004
2026-01-04 08:38:28.857982: val classification accuracy 0.6042
2026-01-04 08:38:28.860459: val auc 0.553
2026-01-04 08:38:28.863157: Epoch time: 64.16 s
2026-01-04 08:38:29.596425: 
2026-01-04 08:38:29.599654: Epoch 88
2026-01-04 08:38:29.602051: Current learning rate: 7e-05
2026-01-04 08:39:33.665334: train_loss 0.6702
2026-01-04 08:39:33.669615: val_loss 0.6235
2026-01-04 08:39:33.672173: val classification accuracy 0.7292
2026-01-04 08:39:33.675030: val auc 0.75
2026-01-04 08:39:33.677820: Epoch time: 64.07 s
2026-01-04 08:39:33.680324: Yayy! New best classification accuracy: 0.7292
2026-01-04 08:39:36.540711: 
2026-01-04 08:39:36.544074: Epoch 89
2026-01-04 08:39:36.546483: Current learning rate: 7e-05
2026-01-04 08:40:41.283233: train_loss 0.7093
2026-01-04 08:40:41.287866: val_loss 0.669
2026-01-04 08:40:41.290944: val classification accuracy 0.4792
2026-01-04 08:40:41.293966: val auc 0.5738
2026-01-04 08:40:41.296987: Epoch time: 64.74 s
2026-01-04 08:40:42.096460: 
2026-01-04 08:40:42.100447: Epoch 90
2026-01-04 08:40:42.103288: Current learning rate: 7e-05
2026-01-04 08:41:48.051927: train_loss 0.6734
2026-01-04 08:41:48.080527: val_loss 0.6932
2026-01-04 08:41:48.083690: val classification accuracy 0.5
2026-01-04 08:41:48.087042: val auc 0.5156
2026-01-04 08:41:48.089930: Epoch time: 65.96 s
2026-01-04 08:41:48.853247: 
2026-01-04 08:41:48.856659: Epoch 91
2026-01-04 08:41:48.858980: Current learning rate: 7e-05
2026-01-04 08:42:53.799270: train_loss 0.6656
2026-01-04 08:42:53.804107: val_loss 0.6878
2026-01-04 08:42:53.807177: val classification accuracy 0.6458
2026-01-04 08:42:53.810215: val auc 0.6432
2026-01-04 08:42:53.814228: Epoch time: 64.95 s
2026-01-04 08:42:54.625066: 
2026-01-04 08:42:54.628700: Epoch 92
2026-01-04 08:42:54.631430: Current learning rate: 7e-05
2026-01-04 08:43:58.995967: train_loss 0.7028
2026-01-04 08:43:59.000971: val_loss 0.7287
2026-01-04 08:43:59.004483: val classification accuracy 0.5
2026-01-04 08:43:59.007672: val auc 0.4783
2026-01-04 08:43:59.011043: Epoch time: 64.37 s
2026-01-04 08:43:59.763142: 
2026-01-04 08:43:59.767023: Epoch 93
2026-01-04 08:43:59.769626: Current learning rate: 7e-05
2026-01-04 08:45:04.704482: train_loss 0.653
2026-01-04 08:45:04.708616: val_loss 0.5964
2026-01-04 08:45:04.711740: val classification accuracy 0.6875
2026-01-04 08:45:04.714550: val auc 0.7457
2026-01-04 08:45:04.717525: Epoch time: 64.94 s
2026-01-04 08:45:05.445148: 
2026-01-04 08:45:05.448445: Epoch 94
2026-01-04 08:45:05.451114: Current learning rate: 7e-05
2026-01-04 08:46:09.487988: train_loss 0.6751
2026-01-04 08:46:09.492694: val_loss 0.7478
2026-01-04 08:46:09.495849: val classification accuracy 0.5208
2026-01-04 08:46:09.498862: val auc 0.5365
2026-01-04 08:46:09.501786: Epoch time: 64.04 s
2026-01-04 08:46:10.263189: 
2026-01-04 08:46:10.266715: Epoch 95
2026-01-04 08:46:10.269526: Current learning rate: 7e-05
2026-01-04 08:47:13.786415: train_loss 0.676
2026-01-04 08:47:13.792931: val_loss 0.6766
2026-01-04 08:47:13.797302: val classification accuracy 0.5625
2026-01-04 08:47:13.808149: val auc 0.5495
2026-01-04 08:47:13.818148: Epoch time: 63.52 s
2026-01-04 08:47:14.570172: 
2026-01-04 08:47:14.573870: Epoch 96
2026-01-04 08:47:14.576586: Current learning rate: 7e-05
2026-01-04 08:48:18.186496: train_loss 0.6653
2026-01-04 08:48:18.191043: val_loss 0.615
2026-01-04 08:48:18.194054: val classification accuracy 0.6875
2026-01-04 08:48:18.196949: val auc 0.7491
2026-01-04 08:48:18.199739: Epoch time: 63.62 s
2026-01-04 08:48:18.950057: 
2026-01-04 08:48:18.953969: Epoch 97
2026-01-04 08:48:18.956536: Current learning rate: 7e-05
2026-01-04 08:49:23.889301: train_loss 0.6694
2026-01-04 08:49:23.893883: val_loss 0.7269
2026-01-04 08:49:23.896518: val classification accuracy 0.4792
2026-01-04 08:49:23.899193: val auc 0.4792
2026-01-04 08:49:23.901737: Epoch time: 64.94 s
2026-01-04 08:49:24.690135: 
2026-01-04 08:49:24.693541: Epoch 98
2026-01-04 08:49:24.696079: Current learning rate: 7e-05
2026-01-04 08:50:28.127950: train_loss 0.7395
2026-01-04 08:50:28.136331: val_loss 0.7009
2026-01-04 08:50:28.139455: val classification accuracy 0.4792
2026-01-04 08:50:28.142364: val auc 0.4983
2026-01-04 08:50:28.145285: Epoch time: 63.44 s
2026-01-04 08:50:28.902160: 
2026-01-04 08:50:28.906021: Epoch 99
2026-01-04 08:50:28.908597: Current learning rate: 7e-05
2026-01-04 08:51:32.797194: train_loss 0.6927
2026-01-04 08:51:32.801993: val_loss 0.6663
2026-01-04 08:51:32.804949: val classification accuracy 0.625
2026-01-04 08:51:32.807972: val auc 0.6693
2026-01-04 08:51:32.811042: Epoch time: 63.9 s
2026-01-04 08:51:34.945897: Saved periodic checkpoint /hpf/projects/jquon/sumin/nnUNet_data/nnUNet_results/Dataset033_AVM_T1+C/SwinViTTrainer_ep300_NoMirroring_x2__nnUNetResEncUNetLPlans__3d_fullres/fold_8/checkpoint_every20_best_balacc.pth at epoch 99 with val_balanced_accuracy=0.6250
2026-01-04 08:51:36.217716: Saved periodic checkpoint /hpf/projects/jquon/sumin/nnUNet_data/nnUNet_results/Dataset033_AVM_T1+C/SwinViTTrainer_ep300_NoMirroring_x2__nnUNetResEncUNetLPlans__3d_fullres/fold_8/checkpoint_every20_best_auroc.pth at epoch 99 with val_auc=0.6693
2026-01-04 08:51:36.968277: 
2026-01-04 08:51:36.971647: Epoch 100
2026-01-04 08:51:36.974205: Current learning rate: 7e-05
2026-01-04 08:52:40.850558: train_loss 0.7244
2026-01-04 08:52:40.855210: val_loss 0.6796
2026-01-04 08:52:40.858201: val classification accuracy 0.5417
2026-01-04 08:52:40.861259: val auc 0.6319
2026-01-04 08:52:40.864239: Epoch time: 63.88 s
2026-01-04 08:52:41.597982: 
2026-01-04 08:52:41.601684: Epoch 101
2026-01-04 08:52:41.604251: Current learning rate: 7e-05
2026-01-04 08:53:45.407515: train_loss 0.7224
2026-01-04 08:53:45.412111: val_loss 0.7089
2026-01-04 08:53:45.415864: val classification accuracy 0.5417
2026-01-04 08:53:45.418824: val auc 0.4957
2026-01-04 08:53:45.422280: Epoch time: 63.81 s
2026-01-04 08:53:46.136633: 
2026-01-04 08:53:46.139779: Epoch 102
2026-01-04 08:53:46.142311: Current learning rate: 7e-05
2026-01-04 08:54:49.429393: train_loss 0.7002
2026-01-04 08:54:49.436055: val_loss 0.7563
2026-01-04 08:54:49.440130: val classification accuracy 0.5208
2026-01-04 08:54:49.444004: val auc 0.4714
2026-01-04 08:54:49.447564: Epoch time: 63.29 s
2026-01-04 08:54:50.239350: 
2026-01-04 08:54:50.242907: Epoch 103
2026-01-04 08:54:50.245505: Current learning rate: 7e-05
2026-01-04 08:55:54.486142: train_loss 0.714
2026-01-04 08:55:54.502067: val_loss 0.6928
2026-01-04 08:55:54.505778: val classification accuracy 0.4583
2026-01-04 08:55:54.508546: val auc 0.5174
2026-01-04 08:55:54.511677: Epoch time: 64.25 s
2026-01-04 08:55:55.262483: 
2026-01-04 08:55:55.265847: Epoch 104
2026-01-04 08:55:55.268818: Current learning rate: 7e-05
2026-01-04 08:56:59.023014: train_loss 0.6946
2026-01-04 08:56:59.029535: val_loss 0.6899
2026-01-04 08:56:59.033051: val classification accuracy 0.5208
2026-01-04 08:56:59.036237: val auc 0.5408
2026-01-04 08:56:59.039148: Epoch time: 63.76 s
2026-01-04 08:56:59.789404: 
2026-01-04 08:56:59.793475: Epoch 105
2026-01-04 08:56:59.796419: Current learning rate: 7e-05
2026-01-04 08:58:03.878907: train_loss 0.7011
2026-01-04 08:58:03.883463: val_loss 0.6918
2026-01-04 08:58:03.886350: val classification accuracy 0.5625
2026-01-04 08:58:03.889308: val auc 0.5781
2026-01-04 08:58:03.892373: Epoch time: 64.09 s
2026-01-04 08:58:04.629170: 
2026-01-04 08:58:04.633160: Epoch 106
2026-01-04 08:58:04.636038: Current learning rate: 7e-05
2026-01-04 08:59:08.417651: train_loss 0.6872
2026-01-04 08:59:08.422721: val_loss 0.6715
2026-01-04 08:59:08.426305: val classification accuracy 0.6042
2026-01-04 08:59:08.429325: val auc 0.5955
2026-01-04 08:59:08.432927: Epoch time: 63.79 s
2026-01-04 08:59:09.174896: 
2026-01-04 08:59:09.178516: Epoch 107
2026-01-04 08:59:09.181057: Current learning rate: 7e-05
2026-01-04 09:00:13.147657: train_loss 0.685
2026-01-04 09:00:13.152751: val_loss 0.6963
2026-01-04 09:00:13.160066: val classification accuracy 0.5625
2026-01-04 09:00:13.163199: val auc 0.5946
2026-01-04 09:00:13.166395: Epoch time: 63.97 s
2026-01-04 09:00:13.930828: 
2026-01-04 09:00:13.934442: Epoch 108
2026-01-04 09:00:13.937121: Current learning rate: 7e-05
2026-01-04 09:01:16.466717: train_loss 0.6876
2026-01-04 09:01:16.471092: val_loss 0.674
2026-01-04 09:01:16.474000: val classification accuracy 0.6042
2026-01-04 09:01:16.477723: val auc 0.5938
2026-01-04 09:01:16.480476: Epoch time: 62.54 s
2026-01-04 09:01:17.250318: 
2026-01-04 09:01:17.254357: Epoch 109
2026-01-04 09:01:17.257125: Current learning rate: 7e-05
2026-01-04 09:02:21.224345: train_loss 0.6747
2026-01-04 09:02:21.230052: val_loss 0.736
2026-01-04 09:02:21.233801: val classification accuracy 0.5417
2026-01-04 09:02:21.237223: val auc 0.5243
2026-01-04 09:02:21.241073: Epoch time: 63.98 s
2026-01-04 09:02:21.980889: 
2026-01-04 09:02:21.984209: Epoch 110
2026-01-04 09:02:21.986756: Current learning rate: 7e-05
2026-01-04 09:03:25.975545: train_loss 0.6749
2026-01-04 09:03:25.980419: val_loss 0.6212
2026-01-04 09:03:25.984114: val classification accuracy 0.625
2026-01-04 09:03:25.987449: val auc 0.7309
2026-01-04 09:03:25.990922: Epoch time: 64.0 s
2026-01-04 09:03:26.727179: 
2026-01-04 09:03:26.731234: Epoch 111
2026-01-04 09:03:26.734042: Current learning rate: 7e-05
2026-01-04 09:04:31.707488: train_loss 0.6839
2026-01-04 09:04:31.718852: val_loss 0.6728
2026-01-04 09:04:31.725153: val classification accuracy 0.6667
2026-01-04 09:04:31.730371: val auc 0.6024
2026-01-04 09:04:31.735185: Epoch time: 64.98 s
2026-01-04 09:04:32.496119: 
2026-01-04 09:04:32.499703: Epoch 112
2026-01-04 09:04:32.502431: Current learning rate: 7e-05
2026-01-04 09:05:36.753127: train_loss 0.6741
2026-01-04 09:05:36.783066: val_loss 0.7018
2026-01-04 09:05:36.787302: val classification accuracy 0.4375
2026-01-04 09:05:36.791517: val auc 0.5243
2026-01-04 09:05:36.795234: Epoch time: 64.26 s
2026-01-04 09:05:37.568132: 
2026-01-04 09:05:37.571568: Epoch 113
2026-01-04 09:05:37.574221: Current learning rate: 7e-05
2026-01-04 09:06:43.322745: train_loss 0.689
2026-01-04 09:06:43.360375: val_loss 0.6793
2026-01-04 09:06:43.364112: val classification accuracy 0.5625
2026-01-04 09:06:43.367474: val auc 0.6059
2026-01-04 09:06:43.390470: Epoch time: 65.76 s
2026-01-04 09:06:44.180622: 
2026-01-04 09:06:44.184395: Epoch 114
2026-01-04 09:06:44.186889: Current learning rate: 7e-05
2026-01-04 09:07:49.509129: train_loss 0.6798
2026-01-04 09:07:49.515724: val_loss 0.6513
2026-01-04 09:07:49.520111: val classification accuracy 0.5833
2026-01-04 09:07:49.523712: val auc 0.6667
2026-01-04 09:07:49.530159: Epoch time: 65.33 s
2026-01-04 09:07:50.304384: 
2026-01-04 09:07:50.308007: Epoch 115
2026-01-04 09:07:50.310623: Current learning rate: 6e-05
2026-01-04 09:08:55.238475: train_loss 0.6879
2026-01-04 09:08:55.242960: val_loss 0.686
2026-01-04 09:08:55.246495: val classification accuracy 0.625
2026-01-04 09:08:55.249491: val auc 0.553
2026-01-04 09:08:55.252538: Epoch time: 64.94 s
2026-01-04 09:08:56.048953: 
2026-01-04 09:08:56.052428: Epoch 116
2026-01-04 09:08:56.054809: Current learning rate: 6e-05
2026-01-04 09:10:01.136287: train_loss 0.6853
2026-01-04 09:10:01.140471: val_loss 0.6632
2026-01-04 09:10:01.143306: val classification accuracy 0.5833
2026-01-04 09:10:01.146078: val auc 0.6493
2026-01-04 09:10:01.149019: Epoch time: 65.09 s
2026-01-04 09:10:01.956024: 
2026-01-04 09:10:01.959257: Epoch 117
2026-01-04 09:10:01.961691: Current learning rate: 6e-05
2026-01-04 09:11:06.814082: train_loss 0.7019
2026-01-04 09:11:06.819541: val_loss 0.6571
2026-01-04 09:11:06.823540: val classification accuracy 0.6458
2026-01-04 09:11:06.826934: val auc 0.7509
2026-01-04 09:11:06.830221: Epoch time: 64.86 s
2026-01-04 09:11:07.602016: 
2026-01-04 09:11:07.605577: Epoch 118
2026-01-04 09:11:07.608169: Current learning rate: 6e-05
2026-01-04 09:12:11.638124: train_loss 0.6745
2026-01-04 09:12:11.651910: val_loss 0.6807
2026-01-04 09:12:11.658701: val classification accuracy 0.5417
2026-01-04 09:12:11.663694: val auc 0.5226
2026-01-04 09:12:11.668234: Epoch time: 64.04 s
2026-01-04 09:12:12.411795: 
2026-01-04 09:12:12.415519: Epoch 119
2026-01-04 09:12:12.418054: Current learning rate: 6e-05
2026-01-04 09:13:16.047569: train_loss 0.6479
2026-01-04 09:13:16.052283: val_loss 0.6992
2026-01-04 09:13:16.055235: val classification accuracy 0.5
2026-01-04 09:13:16.059241: val auc 0.5417
2026-01-04 09:13:16.063298: Epoch time: 63.64 s
2026-01-04 09:13:16.813375: 
2026-01-04 09:13:16.816828: Epoch 120
2026-01-04 09:13:16.819533: Current learning rate: 6e-05
2026-01-04 09:14:20.652124: train_loss 0.6596
2026-01-04 09:14:20.656835: val_loss 0.6147
2026-01-04 09:14:20.660082: val classification accuracy 0.6875
2026-01-04 09:14:20.663084: val auc 0.7517
2026-01-04 09:14:20.666236: Epoch time: 63.84 s
2026-01-04 09:14:21.437219: 
2026-01-04 09:14:21.441265: Epoch 121
2026-01-04 09:14:21.444286: Current learning rate: 6e-05
2026-01-04 09:15:24.114076: train_loss 0.6537
2026-01-04 09:15:24.118760: val_loss 0.6636
2026-01-04 09:15:24.122016: val classification accuracy 0.6458
2026-01-04 09:15:24.125171: val auc 0.6589
2026-01-04 09:15:24.127970: Epoch time: 62.68 s
2026-01-04 09:15:24.868619: 
2026-01-04 09:15:24.872153: Epoch 122
2026-01-04 09:15:24.874901: Current learning rate: 6e-05
2026-01-04 09:16:29.263458: train_loss 0.7097
2026-01-04 09:16:29.268043: val_loss 0.6491
2026-01-04 09:16:29.271396: val classification accuracy 0.5833
2026-01-04 09:16:29.274251: val auc 0.6493
2026-01-04 09:16:29.277496: Epoch time: 64.4 s
2026-01-04 09:16:30.030477: 
2026-01-04 09:16:30.034267: Epoch 123
2026-01-04 09:16:30.037001: Current learning rate: 6e-05
2026-01-04 09:17:34.986363: train_loss 0.6917
2026-01-04 09:17:34.990863: val_loss 0.6473
2026-01-04 09:17:34.993872: val classification accuracy 0.6042
2026-01-04 09:17:34.997086: val auc 0.7587
2026-01-04 09:17:35.000247: Epoch time: 64.96 s
2026-01-04 09:17:35.002853: Yayy! New best EMA pseudo Dice: 0.7587
2026-01-04 09:17:37.973014: 
2026-01-04 09:17:37.976324: Epoch 124
2026-01-04 09:17:37.978983: Current learning rate: 6e-05
2026-01-04 09:18:41.759111: train_loss 0.6566
2026-01-04 09:18:41.763055: val_loss 0.6971
2026-01-04 09:18:41.765794: val classification accuracy 0.5417
2026-01-04 09:18:41.768373: val auc 0.5859
2026-01-04 09:18:41.770891: Epoch time: 63.79 s
2026-01-04 09:18:42.505045: 
2026-01-04 09:18:42.508322: Epoch 125
2026-01-04 09:18:42.510626: Current learning rate: 6e-05
2026-01-04 09:19:47.912703: train_loss 0.6674
2026-01-04 09:19:47.917631: val_loss 0.6438
2026-01-04 09:19:47.920870: val classification accuracy 0.6458
2026-01-04 09:19:47.923752: val auc 0.6901
2026-01-04 09:19:47.926514: Epoch time: 65.41 s
2026-01-04 09:19:48.701670: 
2026-01-04 09:19:48.705183: Epoch 126
2026-01-04 09:19:48.707992: Current learning rate: 6e-05
2026-01-04 09:20:53.668289: train_loss 0.6798
2026-01-04 09:20:53.672824: val_loss 0.6719
2026-01-04 09:20:53.676003: val classification accuracy 0.5625
2026-01-04 09:20:53.679207: val auc 0.5929
2026-01-04 09:20:53.682257: Epoch time: 64.97 s
2026-01-04 09:20:54.435615: 
2026-01-04 09:20:54.439495: Epoch 127
2026-01-04 09:20:54.442297: Current learning rate: 6e-05
2026-01-04 09:21:58.416942: train_loss 0.6496
2026-01-04 09:21:58.422043: val_loss 0.665
2026-01-04 09:21:58.425170: val classification accuracy 0.6458
2026-01-04 09:21:58.428098: val auc 0.6719
2026-01-04 09:21:58.431200: Epoch time: 63.98 s
2026-01-04 09:21:59.238261: 
2026-01-04 09:21:59.242127: Epoch 128
2026-01-04 09:21:59.244968: Current learning rate: 6e-05
2026-01-04 09:23:03.642196: train_loss 0.6601
2026-01-04 09:23:03.654892: val_loss 0.624
2026-01-04 09:23:03.658512: val classification accuracy 0.7292
2026-01-04 09:23:03.662083: val auc 0.7335
2026-01-04 09:23:03.665365: Epoch time: 64.41 s
2026-01-04 09:23:04.463086: 
2026-01-04 09:23:04.466808: Epoch 129
2026-01-04 09:23:04.469300: Current learning rate: 6e-05
2026-01-04 09:24:09.048429: train_loss 0.6698
2026-01-04 09:24:09.053354: val_loss 0.6957
2026-01-04 09:24:09.056403: val classification accuracy 0.5833
2026-01-04 09:24:09.059630: val auc 0.5703
2026-01-04 09:24:09.062587: Epoch time: 64.59 s
2026-01-04 09:24:09.813039: 
2026-01-04 09:24:09.816596: Epoch 130
2026-01-04 09:24:09.819291: Current learning rate: 6e-05
2026-01-04 09:25:14.507216: train_loss 0.6757
2026-01-04 09:25:14.511972: val_loss 0.648
2026-01-04 09:25:14.515483: val classification accuracy 0.6042
2026-01-04 09:25:14.528624: val auc 0.6458
2026-01-04 09:25:14.535378: Epoch time: 64.7 s
2026-01-04 09:25:15.337415: 
2026-01-04 09:25:15.341147: Epoch 131
2026-01-04 09:25:15.343636: Current learning rate: 6e-05
2026-01-04 09:26:20.377819: train_loss 0.6658
2026-01-04 09:26:20.383064: val_loss 0.6531
2026-01-04 09:26:20.407043: val classification accuracy 0.6042
2026-01-04 09:26:20.413254: val auc 0.6649
2026-01-04 09:26:20.416066: Epoch time: 65.04 s
2026-01-04 09:26:22.257765: 
2026-01-04 09:26:22.261100: Epoch 132
2026-01-04 09:26:22.263560: Current learning rate: 6e-05
2026-01-04 09:27:27.309373: train_loss 0.6959
2026-01-04 09:27:27.314136: val_loss 0.6043
2026-01-04 09:27:27.317356: val classification accuracy 0.7292
2026-01-04 09:27:27.320333: val auc 0.7925
2026-01-04 09:27:27.323431: Epoch time: 65.05 s
2026-01-04 09:27:27.326364: Yayy! New best EMA pseudo Dice: 0.7925
2026-01-04 09:27:30.304741: 
2026-01-04 09:27:30.308797: Epoch 133
2026-01-04 09:27:30.311815: Current learning rate: 6e-05
2026-01-04 09:28:33.427399: train_loss 0.6771
2026-01-04 09:28:33.450199: val_loss 0.618
2026-01-04 09:28:33.453249: val classification accuracy 0.7083
2026-01-04 09:28:33.456377: val auc 0.776
2026-01-04 09:28:33.459279: Epoch time: 63.12 s
2026-01-04 09:28:34.244600: 
2026-01-04 09:28:34.247904: Epoch 134
2026-01-04 09:28:34.250742: Current learning rate: 6e-05
2026-01-04 09:29:39.106315: train_loss 0.6618
2026-01-04 09:29:39.115009: val_loss 0.6045
2026-01-04 09:29:39.120303: val classification accuracy 0.7083
2026-01-04 09:29:39.125208: val auc 0.7847
2026-01-04 09:29:39.129394: Epoch time: 64.86 s
2026-01-04 09:29:39.924264: 
2026-01-04 09:29:39.927738: Epoch 135
2026-01-04 09:29:39.930550: Current learning rate: 6e-05
2026-01-04 09:30:44.085222: train_loss 0.6705
2026-01-04 09:30:44.089982: val_loss 0.6082
2026-01-04 09:30:44.093138: val classification accuracy 0.6875
2026-01-04 09:30:44.096152: val auc 0.724
2026-01-04 09:30:44.098998: Epoch time: 64.16 s
2026-01-04 09:30:44.826979: 
2026-01-04 09:30:44.830371: Epoch 136
2026-01-04 09:30:44.833052: Current learning rate: 6e-05
2026-01-04 09:31:48.577511: train_loss 0.6792
2026-01-04 09:31:48.583071: val_loss 0.5996
2026-01-04 09:31:48.586079: val classification accuracy 0.7708
2026-01-04 09:31:48.589357: val auc 0.7682
2026-01-04 09:31:48.592268: Epoch time: 63.75 s
2026-01-04 09:31:48.594892: Yayy! New best classification accuracy: 0.7708
2026-01-04 09:31:51.345204: 
2026-01-04 09:31:51.348814: Epoch 137
2026-01-04 09:31:51.351379: Current learning rate: 6e-05
2026-01-04 09:32:55.701014: train_loss 0.6674
2026-01-04 09:32:55.718642: val_loss 0.6269
2026-01-04 09:32:55.723433: val classification accuracy 0.6875
2026-01-04 09:32:55.727633: val auc 0.6944
2026-01-04 09:32:55.732068: Epoch time: 64.36 s
2026-01-04 09:32:56.631898: 
2026-01-04 09:32:56.635562: Epoch 138
2026-01-04 09:32:56.638291: Current learning rate: 6e-05
2026-01-04 09:34:01.958824: train_loss 0.6675
2026-01-04 09:34:01.963828: val_loss 0.6636
2026-01-04 09:34:01.966946: val classification accuracy 0.625
2026-01-04 09:34:01.970106: val auc 0.6441
2026-01-04 09:34:01.973372: Epoch time: 65.33 s
2026-01-04 09:34:02.703110: 
2026-01-04 09:34:02.706520: Epoch 139
2026-01-04 09:34:02.709087: Current learning rate: 6e-05
2026-01-04 09:35:07.013182: train_loss 0.6448
2026-01-04 09:35:07.017124: val_loss 0.5419
2026-01-04 09:35:07.020599: val classification accuracy 0.75
2026-01-04 09:35:07.023331: val auc 0.8681
2026-01-04 09:35:07.026385: Epoch time: 64.31 s
2026-01-04 09:35:09.127916: Saved periodic checkpoint /hpf/projects/jquon/sumin/nnUNet_data/nnUNet_results/Dataset033_AVM_T1+C/SwinViTTrainer_ep300_NoMirroring_x2__nnUNetResEncUNetLPlans__3d_fullres/fold_8/checkpoint_every20_best_balacc.pth at epoch 139 with val_balanced_accuracy=0.7500
2026-01-04 09:35:10.445100: Saved periodic checkpoint /hpf/projects/jquon/sumin/nnUNet_data/nnUNet_results/Dataset033_AVM_T1+C/SwinViTTrainer_ep300_NoMirroring_x2__nnUNetResEncUNetLPlans__3d_fullres/fold_8/checkpoint_every20_best_auroc.pth at epoch 139 with val_auc=0.8681
2026-01-04 09:35:10.449066: Yayy! New best EMA pseudo Dice: 0.8681
2026-01-04 09:35:13.082268: 
2026-01-04 09:35:13.085728: Epoch 140
2026-01-04 09:35:13.088335: Current learning rate: 6e-05
2026-01-04 09:36:15.571224: train_loss 0.67
2026-01-04 09:36:15.575946: val_loss 0.6197
2026-01-04 09:36:15.578917: val classification accuracy 0.6875
2026-01-04 09:36:15.581634: val auc 0.7543
2026-01-04 09:36:15.584332: Epoch time: 62.49 s
2026-01-04 09:36:16.377991: 
2026-01-04 09:36:16.381386: Epoch 141
2026-01-04 09:36:16.384027: Current learning rate: 6e-05
2026-01-04 09:37:19.143791: train_loss 0.6548
2026-01-04 09:37:19.148086: val_loss 0.583
2026-01-04 09:37:19.151120: val classification accuracy 0.6458
2026-01-04 09:37:19.154204: val auc 0.7656
2026-01-04 09:37:19.157146: Epoch time: 62.77 s
2026-01-04 09:37:19.901272: 
2026-01-04 09:37:19.904840: Epoch 142
2026-01-04 09:37:19.907533: Current learning rate: 6e-05
2026-01-04 09:38:22.787687: train_loss 0.6956
2026-01-04 09:38:22.792466: val_loss 0.6496
2026-01-04 09:38:22.795519: val classification accuracy 0.625
2026-01-04 09:38:22.799014: val auc 0.7075
2026-01-04 09:38:22.802246: Epoch time: 62.89 s
2026-01-04 09:38:23.549341: 
2026-01-04 09:38:23.553037: Epoch 143
2026-01-04 09:38:23.555701: Current learning rate: 6e-05
2026-01-04 09:39:26.092177: train_loss 0.652
2026-01-04 09:39:26.098340: val_loss 0.6638
2026-01-04 09:39:26.101989: val classification accuracy 0.6042
2026-01-04 09:39:26.105409: val auc 0.6363
2026-01-04 09:39:26.108911: Epoch time: 62.54 s
2026-01-04 09:39:26.861042: 
2026-01-04 09:39:26.864724: Epoch 144
2026-01-04 09:39:26.867576: Current learning rate: 6e-05
2026-01-04 09:40:30.063367: train_loss 0.6596
2026-01-04 09:40:30.068182: val_loss 0.6224
2026-01-04 09:40:30.071248: val classification accuracy 0.625
2026-01-04 09:40:30.074325: val auc 0.7361
2026-01-04 09:40:30.077484: Epoch time: 63.2 s
2026-01-04 09:40:30.856682: 
2026-01-04 09:40:30.860886: Epoch 145
2026-01-04 09:40:30.863957: Current learning rate: 6e-05
2026-01-04 09:41:34.212607: train_loss 0.6744
2026-01-04 09:41:34.217394: val_loss 0.6629
2026-01-04 09:41:34.220589: val classification accuracy 0.625
2026-01-04 09:41:34.224324: val auc 0.6233
2026-01-04 09:41:34.227593: Epoch time: 63.36 s
2026-01-04 09:41:35.042133: 
2026-01-04 09:41:35.045690: Epoch 146
2026-01-04 09:41:35.048430: Current learning rate: 5e-05
2026-01-04 09:42:38.054397: train_loss 0.6863
2026-01-04 09:42:38.059226: val_loss 0.6599
2026-01-04 09:42:38.062885: val classification accuracy 0.625
2026-01-04 09:42:38.066029: val auc 0.6441
2026-01-04 09:42:38.069008: Epoch time: 63.01 s
2026-01-04 09:42:38.810100: 
2026-01-04 09:42:38.813717: Epoch 147
2026-01-04 09:42:38.816485: Current learning rate: 5e-05
2026-01-04 09:43:41.673504: train_loss 0.668
2026-01-04 09:43:41.677962: val_loss 0.6116
2026-01-04 09:43:41.680956: val classification accuracy 0.7292
2026-01-04 09:43:41.684221: val auc 0.7899
2026-01-04 09:43:41.687272: Epoch time: 62.86 s
2026-01-04 09:43:43.386389: 
2026-01-04 09:43:43.390023: Epoch 148
2026-01-04 09:43:43.393182: Current learning rate: 5e-05
2026-01-04 09:44:46.049697: train_loss 0.6643
2026-01-04 09:44:46.054539: val_loss 0.6368
2026-01-04 09:44:46.057837: val classification accuracy 0.5833
2026-01-04 09:44:46.061092: val auc 0.678
2026-01-04 09:44:46.064161: Epoch time: 62.67 s
2026-01-04 09:44:46.804211: 
2026-01-04 09:44:46.808846: Epoch 149
2026-01-04 09:44:46.812198: Current learning rate: 5e-05
2026-01-04 09:45:49.784634: train_loss 0.6544
2026-01-04 09:45:49.797924: val_loss 0.6218
2026-01-04 09:45:49.803747: val classification accuracy 0.7083
2026-01-04 09:45:49.808981: val auc 0.7335
2026-01-04 09:45:49.813653: Epoch time: 62.98 s
2026-01-04 09:45:50.554425: 
2026-01-04 09:45:50.557933: Epoch 150
2026-01-04 09:45:50.562154: Current learning rate: 5e-05
2026-01-04 09:46:53.908322: train_loss 0.6446
2026-01-04 09:46:53.912942: val_loss 0.5834
2026-01-04 09:46:53.916201: val classification accuracy 0.7083
2026-01-04 09:46:53.919471: val auc 0.7595
2026-01-04 09:46:53.922719: Epoch time: 63.36 s
2026-01-04 09:46:54.676045: 
2026-01-04 09:46:54.679889: Epoch 151
2026-01-04 09:46:54.682818: Current learning rate: 5e-05
2026-01-04 09:47:57.693313: train_loss 0.6799
2026-01-04 09:47:57.698042: val_loss 0.6372
2026-01-04 09:47:57.701236: val classification accuracy 0.6458
2026-01-04 09:47:57.704522: val auc 0.7057
2026-01-04 09:47:57.707687: Epoch time: 63.02 s
2026-01-04 09:47:58.540614: 
2026-01-04 09:47:58.544590: Epoch 152
2026-01-04 09:47:58.547420: Current learning rate: 5e-05
2026-01-04 09:49:01.235526: train_loss 0.6639
2026-01-04 09:49:01.240530: val_loss 0.5936
2026-01-04 09:49:01.243475: val classification accuracy 0.7917
2026-01-04 09:49:01.247078: val auc 0.8125
2026-01-04 09:49:01.250464: Epoch time: 62.7 s
2026-01-04 09:49:01.253127: Yayy! New best classification accuracy: 0.7917
2026-01-04 09:49:04.244736: 
2026-01-04 09:49:04.248340: Epoch 153
2026-01-04 09:49:04.251114: Current learning rate: 5e-05
2026-01-04 09:50:07.142619: train_loss 0.6476
2026-01-04 09:50:07.148068: val_loss 0.5903
2026-01-04 09:50:07.151627: val classification accuracy 0.75
2026-01-04 09:50:07.154710: val auc 0.783
2026-01-04 09:50:07.158077: Epoch time: 62.9 s
2026-01-04 09:50:07.912734: 
2026-01-04 09:50:07.916235: Epoch 154
2026-01-04 09:50:07.919136: Current learning rate: 5e-05
2026-01-04 09:51:10.844404: train_loss 0.6672
2026-01-04 09:51:10.849279: val_loss 0.6309
2026-01-04 09:51:10.852816: val classification accuracy 0.6667
2026-01-04 09:51:10.856120: val auc 0.75
2026-01-04 09:51:10.859555: Epoch time: 62.93 s
2026-01-04 09:51:11.671613: 
2026-01-04 09:51:11.675488: Epoch 155
2026-01-04 09:51:11.678619: Current learning rate: 5e-05
2026-01-04 09:52:14.397177: train_loss 0.6477
2026-01-04 09:52:14.401866: val_loss 0.6143
2026-01-04 09:52:14.404785: val classification accuracy 0.6667
2026-01-04 09:52:14.407647: val auc 0.7101
2026-01-04 09:52:14.410499: Epoch time: 62.73 s
2026-01-04 09:52:15.189080: 
2026-01-04 09:52:15.192616: Epoch 156
2026-01-04 09:52:15.195226: Current learning rate: 5e-05
2026-01-04 09:53:17.946085: train_loss 0.6512
2026-01-04 09:53:17.951060: val_loss 0.5943
2026-01-04 09:53:17.954311: val classification accuracy 0.6875
2026-01-04 09:53:17.957347: val auc 0.7378
2026-01-04 09:53:17.960528: Epoch time: 62.76 s
2026-01-04 09:53:18.699007: 
2026-01-04 09:53:18.702591: Epoch 157
2026-01-04 09:53:18.705535: Current learning rate: 5e-05
2026-01-04 09:54:21.239701: train_loss 0.6607
2026-01-04 09:54:21.244623: val_loss 0.6533
2026-01-04 09:54:21.248095: val classification accuracy 0.6875
2026-01-04 09:54:21.251122: val auc 0.6424
2026-01-04 09:54:21.254421: Epoch time: 62.54 s
2026-01-04 09:54:22.001364: 
2026-01-04 09:54:22.004978: Epoch 158
2026-01-04 09:54:22.007807: Current learning rate: 5e-05
2026-01-04 09:55:24.797157: train_loss 0.6591
2026-01-04 09:55:24.801659: val_loss 0.6317
2026-01-04 09:55:24.804973: val classification accuracy 0.625
2026-01-04 09:55:24.808071: val auc 0.6918
2026-01-04 09:55:24.811074: Epoch time: 62.8 s
2026-01-04 09:55:25.660215: 
2026-01-04 09:55:25.663984: Epoch 159
2026-01-04 09:55:25.666853: Current learning rate: 5e-05
2026-01-04 09:56:29.012974: train_loss 0.6647
2026-01-04 09:56:29.018238: val_loss 0.5812
2026-01-04 09:56:29.021791: val classification accuracy 0.7083
2026-01-04 09:56:29.031926: val auc 0.8177
2026-01-04 09:56:29.038079: Epoch time: 63.35 s
2026-01-04 09:56:29.825073: 
2026-01-04 09:56:29.828881: Epoch 160
2026-01-04 09:56:29.831891: Current learning rate: 5e-05
2026-01-04 09:57:32.665032: train_loss 0.6702
2026-01-04 09:57:32.669840: val_loss 0.6248
2026-01-04 09:57:32.673267: val classification accuracy 0.6042
2026-01-04 09:57:32.676601: val auc 0.6823
2026-01-04 09:57:32.679846: Epoch time: 62.84 s
2026-01-04 09:57:33.428334: 
2026-01-04 09:57:33.432098: Epoch 161
2026-01-04 09:57:33.434956: Current learning rate: 5e-05
2026-01-04 09:58:36.253749: train_loss 0.6701
2026-01-04 09:58:36.258681: val_loss 0.6664
2026-01-04 09:58:36.261940: val classification accuracy 0.6875
2026-01-04 09:58:36.265104: val auc 0.6302
2026-01-04 09:58:36.268342: Epoch time: 62.83 s
2026-01-04 09:58:37.023504: 
2026-01-04 09:58:37.027248: Epoch 162
2026-01-04 09:58:37.029761: Current learning rate: 5e-05
2026-01-04 09:59:39.674441: train_loss 0.6604
2026-01-04 09:59:39.679125: val_loss 0.653
2026-01-04 09:59:39.682247: val classification accuracy 0.6875
2026-01-04 09:59:39.685384: val auc 0.6302
2026-01-04 09:59:39.688339: Epoch time: 62.65 s
2026-01-04 09:59:40.475110: 
2026-01-04 09:59:40.478730: Epoch 163
2026-01-04 09:59:40.481866: Current learning rate: 5e-05
2026-01-04 10:00:43.066144: train_loss 0.6615
2026-01-04 10:00:43.071868: val_loss 0.668
2026-01-04 10:00:43.075309: val classification accuracy 0.5417
2026-01-04 10:00:43.078923: val auc 0.5816
2026-01-04 10:00:43.082476: Epoch time: 62.59 s
2026-01-04 10:00:43.902637: 
2026-01-04 10:00:43.906675: Epoch 164
2026-01-04 10:00:43.909823: Current learning rate: 5e-05
2026-01-04 10:01:47.164510: train_loss 0.6595
2026-01-04 10:01:47.178411: val_loss 0.6309
2026-01-04 10:01:47.181796: val classification accuracy 0.6667
2026-01-04 10:01:47.184972: val auc 0.6901
2026-01-04 10:01:47.191811: Epoch time: 63.26 s
2026-01-04 10:01:47.972829: 
2026-01-04 10:01:47.976716: Epoch 165
2026-01-04 10:01:47.979541: Current learning rate: 5e-05
2026-01-04 10:02:50.892462: train_loss 0.6486
2026-01-04 10:02:50.897111: val_loss 0.6543
2026-01-04 10:02:50.900351: val classification accuracy 0.625
2026-01-04 10:02:50.903583: val auc 0.6441
2026-01-04 10:02:50.906901: Epoch time: 62.92 s
2026-01-04 10:02:51.652474: 
2026-01-04 10:02:51.657046: Epoch 166
2026-01-04 10:02:51.660788: Current learning rate: 5e-05
2026-01-04 10:03:54.334537: train_loss 0.6541
2026-01-04 10:03:54.340919: val_loss 0.6197
2026-01-04 10:03:54.344483: val classification accuracy 0.6458
2026-01-04 10:03:54.347685: val auc 0.7101
2026-01-04 10:03:54.351199: Epoch time: 62.68 s
2026-01-04 10:03:55.144295: 
2026-01-04 10:03:55.148033: Epoch 167
2026-01-04 10:03:55.151075: Current learning rate: 5e-05
2026-01-04 10:04:57.968620: train_loss 0.6444
2026-01-04 10:04:57.974210: val_loss 0.5848
2026-01-04 10:04:57.977382: val classification accuracy 0.7292
2026-01-04 10:04:57.980550: val auc 0.7726
2026-01-04 10:04:57.984002: Epoch time: 62.83 s
2026-01-04 10:04:58.748739: 
2026-01-04 10:04:58.752499: Epoch 168
2026-01-04 10:04:58.755466: Current learning rate: 5e-05
2026-01-04 10:06:01.688082: train_loss 0.6501
2026-01-04 10:06:01.693158: val_loss 0.5925
2026-01-04 10:06:01.696347: val classification accuracy 0.6667
2026-01-04 10:06:01.699714: val auc 0.7509
2026-01-04 10:06:01.702757: Epoch time: 62.94 s
2026-01-04 10:06:02.453174: 
2026-01-04 10:06:02.456823: Epoch 169
2026-01-04 10:06:02.459733: Current learning rate: 5e-05
2026-01-04 10:07:05.368380: train_loss 0.6413
2026-01-04 10:07:05.373751: val_loss 0.6403
2026-01-04 10:07:05.376861: val classification accuracy 0.6458
2026-01-04 10:07:05.380154: val auc 0.6389
2026-01-04 10:07:05.383277: Epoch time: 62.92 s
2026-01-04 10:07:06.157238: 
2026-01-04 10:07:06.161241: Epoch 170
2026-01-04 10:07:06.164393: Current learning rate: 5e-05
2026-01-04 10:08:09.229397: train_loss 0.6575
2026-01-04 10:08:09.239745: val_loss 0.6565
2026-01-04 10:08:09.245743: val classification accuracy 0.6667
2026-01-04 10:08:09.250818: val auc 0.6615
2026-01-04 10:08:09.255655: Epoch time: 63.07 s
2026-01-04 10:08:10.057192: 
2026-01-04 10:08:10.060694: Epoch 171
2026-01-04 10:08:10.063405: Current learning rate: 5e-05
2026-01-04 10:09:13.406367: train_loss 0.6621
2026-01-04 10:09:13.412699: val_loss 0.6663
2026-01-04 10:09:13.416982: val classification accuracy 0.6875
2026-01-04 10:09:13.420795: val auc 0.6337
2026-01-04 10:09:13.424281: Epoch time: 63.35 s
2026-01-04 10:09:14.237858: 
2026-01-04 10:09:14.241553: Epoch 172
2026-01-04 10:09:14.244486: Current learning rate: 5e-05
2026-01-04 10:10:17.488348: train_loss 0.6436
2026-01-04 10:10:17.494414: val_loss 0.6362
2026-01-04 10:10:17.497567: val classification accuracy 0.6458
2026-01-04 10:10:17.500741: val auc 0.6693
2026-01-04 10:10:17.503704: Epoch time: 63.25 s
2026-01-04 10:10:18.350848: 
2026-01-04 10:10:18.355623: Epoch 173
2026-01-04 10:10:18.359135: Current learning rate: 5e-05
2026-01-04 10:11:21.627399: train_loss 0.6674
2026-01-04 10:11:21.638978: val_loss 0.5959
2026-01-04 10:11:21.644738: val classification accuracy 0.7708
2026-01-04 10:11:21.649477: val auc 0.8299
2026-01-04 10:11:21.653576: Epoch time: 63.28 s
2026-01-04 10:11:22.418782: 
2026-01-04 10:11:22.422529: Epoch 174
2026-01-04 10:11:22.425386: Current learning rate: 5e-05
2026-01-04 10:12:25.827046: train_loss 0.6507
2026-01-04 10:12:25.832432: val_loss 0.6091
2026-01-04 10:12:25.835337: val classification accuracy 0.6458
2026-01-04 10:12:25.838399: val auc 0.7517
2026-01-04 10:12:25.841172: Epoch time: 63.41 s
2026-01-04 10:12:26.740200: 
2026-01-04 10:12:26.743957: Epoch 175
2026-01-04 10:12:26.746639: Current learning rate: 5e-05
2026-01-04 10:13:30.039794: train_loss 0.6529
2026-01-04 10:13:30.044199: val_loss 0.6169
2026-01-04 10:13:30.047384: val classification accuracy 0.75
2026-01-04 10:13:30.050460: val auc 0.7587
2026-01-04 10:13:30.053325: Epoch time: 63.3 s
2026-01-04 10:13:30.852738: 
2026-01-04 10:13:30.856454: Epoch 176
2026-01-04 10:13:30.859296: Current learning rate: 5e-05
2026-01-04 10:14:34.173017: train_loss 0.6344
2026-01-04 10:14:34.190348: val_loss 0.5771
2026-01-04 10:14:34.208685: val classification accuracy 0.75
2026-01-04 10:14:34.221740: val auc 0.7795
2026-01-04 10:14:34.229218: Epoch time: 63.32 s
2026-01-04 10:14:34.981386: 
2026-01-04 10:14:34.984681: Epoch 177
2026-01-04 10:14:34.987597: Current learning rate: 4e-05
2026-01-04 10:15:38.042424: train_loss 0.6775
2026-01-04 10:15:38.048588: val_loss 0.6392
2026-01-04 10:15:38.052472: val classification accuracy 0.7083
2026-01-04 10:15:38.055775: val auc 0.7101
2026-01-04 10:15:38.059290: Epoch time: 63.06 s
2026-01-04 10:15:38.874822: 
2026-01-04 10:15:38.878537: Epoch 178
2026-01-04 10:15:38.881305: Current learning rate: 4e-05
2026-01-04 10:16:42.545139: train_loss 0.6877
2026-01-04 10:16:42.551250: val_loss 0.63
2026-01-04 10:16:42.555285: val classification accuracy 0.6667
2026-01-04 10:16:42.559084: val auc 0.6814
2026-01-04 10:16:42.562981: Epoch time: 63.67 s
2026-01-04 10:16:43.304425: 
2026-01-04 10:16:43.308369: Epoch 179
2026-01-04 10:16:43.311642: Current learning rate: 4e-05
2026-01-04 10:17:46.439176: train_loss 0.6513
2026-01-04 10:17:46.444235: val_loss 0.592
2026-01-04 10:17:46.447518: val classification accuracy 0.7083
2026-01-04 10:17:46.450501: val auc 0.7812
2026-01-04 10:17:46.453755: Epoch time: 63.14 s
2026-01-04 10:17:47.202321: 
2026-01-04 10:17:47.205715: Epoch 180
2026-01-04 10:17:47.208384: Current learning rate: 4e-05
2026-01-04 10:18:51.355311: train_loss 0.6551
2026-01-04 10:18:51.360087: val_loss 0.6614
2026-01-04 10:18:51.363303: val classification accuracy 0.625
2026-01-04 10:18:51.366588: val auc 0.6536
2026-01-04 10:18:51.369768: Epoch time: 64.15 s
2026-01-04 10:18:52.097171: 
2026-01-04 10:18:52.100988: Epoch 181
2026-01-04 10:18:52.104211: Current learning rate: 4e-05
2026-01-04 10:19:55.046150: train_loss 0.6681
2026-01-04 10:19:55.051958: val_loss 0.6237
2026-01-04 10:19:55.055457: val classification accuracy 0.6875
2026-01-04 10:19:55.059026: val auc 0.7222
2026-01-04 10:19:55.062532: Epoch time: 62.95 s
2026-01-04 10:19:55.803347: 
2026-01-04 10:19:55.807143: Epoch 182
2026-01-04 10:19:55.810367: Current learning rate: 4e-05
2026-01-04 10:20:58.849076: train_loss 0.6597
2026-01-04 10:20:58.854703: val_loss 0.5802
2026-01-04 10:20:58.857618: val classification accuracy 0.7292
2026-01-04 10:20:58.860777: val auc 0.8186
2026-01-04 10:20:58.863718: Epoch time: 63.05 s
2026-01-04 10:20:59.601690: 
2026-01-04 10:20:59.605113: Epoch 183
2026-01-04 10:20:59.607598: Current learning rate: 4e-05
2026-01-04 10:22:02.830343: train_loss 0.6469
2026-01-04 10:22:02.835306: val_loss 0.6274
2026-01-04 10:22:02.838665: val classification accuracy 0.5625
2026-01-04 10:22:02.841578: val auc 0.6727
2026-01-04 10:22:02.844845: Epoch time: 63.23 s
2026-01-04 10:22:03.649871: 
2026-01-04 10:22:03.653392: Epoch 184
2026-01-04 10:22:03.656218: Current learning rate: 4e-05
2026-01-04 10:23:07.030438: train_loss 0.643
2026-01-04 10:23:07.035666: val_loss 0.6198
2026-01-04 10:23:07.038952: val classification accuracy 0.7083
2026-01-04 10:23:07.042356: val auc 0.7587
2026-01-04 10:23:07.045562: Epoch time: 63.38 s
2026-01-04 10:23:07.878564: 
2026-01-04 10:23:07.882018: Epoch 185
2026-01-04 10:23:07.884716: Current learning rate: 4e-05
2026-01-04 10:24:10.987091: train_loss 0.6596
2026-01-04 10:24:10.993188: val_loss 0.5828
2026-01-04 10:24:10.996762: val classification accuracy 0.75
2026-01-04 10:24:11.000188: val auc 0.7821
2026-01-04 10:24:11.003774: Epoch time: 63.11 s
2026-01-04 10:24:11.757355: 
2026-01-04 10:24:11.761072: Epoch 186
2026-01-04 10:24:11.764191: Current learning rate: 4e-05
2026-01-04 10:25:14.772795: train_loss 0.6548
2026-01-04 10:25:14.783114: val_loss 0.6035
2026-01-04 10:25:14.789085: val classification accuracy 0.6875
2026-01-04 10:25:14.794126: val auc 0.7622
2026-01-04 10:25:14.798847: Epoch time: 63.02 s
2026-01-04 10:25:15.560692: 
2026-01-04 10:25:15.564356: Epoch 187
2026-01-04 10:25:15.567445: Current learning rate: 4e-05
2026-01-04 10:26:18.349506: train_loss 0.6461
2026-01-04 10:26:18.355856: val_loss 0.61
2026-01-04 10:26:18.359166: val classification accuracy 0.6875
2026-01-04 10:26:18.364119: val auc 0.7344
2026-01-04 10:26:18.367349: Epoch time: 62.79 s
2026-01-04 10:26:19.193152: 
2026-01-04 10:26:19.196604: Epoch 188
2026-01-04 10:26:19.199334: Current learning rate: 4e-05
2026-01-04 10:27:22.206908: train_loss 0.655
2026-01-04 10:27:22.212662: val_loss 0.6317
2026-01-04 10:27:22.215661: val classification accuracy 0.6875
2026-01-04 10:27:22.219169: val auc 0.6962
2026-01-04 10:27:22.222430: Epoch time: 63.01 s
2026-01-04 10:27:23.019376: 
2026-01-04 10:27:23.023263: Epoch 189
2026-01-04 10:27:23.026644: Current learning rate: 4e-05
2026-01-04 10:28:25.969927: train_loss 0.6405
2026-01-04 10:28:25.976708: val_loss 0.6457
2026-01-04 10:28:25.980609: val classification accuracy 0.6667
2026-01-04 10:28:25.984277: val auc 0.6441
2026-01-04 10:28:25.987766: Epoch time: 62.95 s
2026-01-04 10:28:26.747077: 
2026-01-04 10:28:26.750758: Epoch 190
2026-01-04 10:28:26.753635: Current learning rate: 4e-05
2026-01-04 10:29:30.026845: train_loss 0.6592
2026-01-04 10:29:30.031802: val_loss 0.556
2026-01-04 10:29:30.035043: val classification accuracy 0.7083
2026-01-04 10:29:30.038071: val auc 0.8637
2026-01-04 10:29:30.040747: Epoch time: 63.28 s
2026-01-04 10:29:30.838979: 
2026-01-04 10:29:30.842347: Epoch 191
2026-01-04 10:29:30.845019: Current learning rate: 4e-05
2026-01-04 10:30:34.306412: train_loss 0.6718
2026-01-04 10:30:34.313464: val_loss 0.5934
2026-01-04 10:30:34.317150: val classification accuracy 0.75
2026-01-04 10:30:34.320704: val auc 0.7951
2026-01-04 10:30:34.324142: Epoch time: 63.47 s
2026-01-04 10:30:35.036232: 
2026-01-04 10:30:35.039829: Epoch 192
2026-01-04 10:30:35.042681: Current learning rate: 4e-05
2026-01-04 10:31:37.968424: train_loss 0.6386
2026-01-04 10:31:37.973428: val_loss 0.634
2026-01-04 10:31:37.976818: val classification accuracy 0.6458
2026-01-04 10:31:37.980301: val auc 0.7135
2026-01-04 10:31:37.983202: Epoch time: 62.93 s
2026-01-04 10:31:38.802461: 
2026-01-04 10:31:38.806140: Epoch 193
2026-01-04 10:31:38.809106: Current learning rate: 4e-05
2026-01-04 10:32:42.050522: train_loss 0.6749
2026-01-04 10:32:42.055907: val_loss 0.6634
2026-01-04 10:32:42.059367: val classification accuracy 0.6458
2026-01-04 10:32:42.062599: val auc 0.6806
2026-01-04 10:32:42.065974: Epoch time: 63.25 s
2026-01-04 10:32:42.808029: 
2026-01-04 10:32:42.811576: Epoch 194
2026-01-04 10:32:42.814400: Current learning rate: 4e-05
2026-01-04 10:33:46.218267: train_loss 0.6462
2026-01-04 10:33:46.224371: val_loss 0.639
2026-01-04 10:33:46.227794: val classification accuracy 0.6667
2026-01-04 10:33:46.231470: val auc 0.6562
2026-01-04 10:33:46.235524: Epoch time: 63.41 s
2026-01-04 10:33:47.046209: 
2026-01-04 10:33:47.050639: Epoch 195
2026-01-04 10:33:47.053645: Current learning rate: 4e-05
2026-01-04 10:34:50.220926: train_loss 0.6532
2026-01-04 10:34:50.226447: val_loss 0.6195
2026-01-04 10:34:50.229649: val classification accuracy 0.75
2026-01-04 10:34:50.232672: val auc 0.704
2026-01-04 10:34:50.235903: Epoch time: 63.18 s
2026-01-04 10:34:51.928470: 
2026-01-04 10:34:51.932100: Epoch 196
2026-01-04 10:34:51.935044: Current learning rate: 4e-05
2026-01-04 10:35:54.879634: train_loss 0.6652
2026-01-04 10:35:54.884944: val_loss 0.6137
2026-01-04 10:35:54.888529: val classification accuracy 0.7083
2026-01-04 10:35:54.891605: val auc 0.7587
2026-01-04 10:35:54.894977: Epoch time: 62.95 s
2026-01-04 10:35:55.651105: 
2026-01-04 10:35:55.654865: Epoch 197
2026-01-04 10:35:55.658342: Current learning rate: 4e-05
2026-01-04 10:36:58.690624: train_loss 0.6578
2026-01-04 10:36:58.739570: val_loss 0.5724
2026-01-04 10:36:58.819560: val classification accuracy 0.7083
2026-01-04 10:36:58.893005: val auc 0.8056
2026-01-04 10:36:58.951554: Epoch time: 63.04 s
2026-01-04 10:36:59.767542: 
2026-01-04 10:36:59.771167: Epoch 198
2026-01-04 10:36:59.774020: Current learning rate: 4e-05
2026-01-04 10:38:02.491141: train_loss 0.6652
2026-01-04 10:38:02.495810: val_loss 0.6477
2026-01-04 10:38:02.499304: val classification accuracy 0.6458
2026-01-04 10:38:02.502040: val auc 0.7049
2026-01-04 10:38:02.504905: Epoch time: 62.72 s
2026-01-04 10:38:03.329866: 
2026-01-04 10:38:03.333268: Epoch 199
2026-01-04 10:38:03.336082: Current learning rate: 4e-05
2026-01-04 10:39:06.154001: train_loss 0.6705
2026-01-04 10:39:06.159266: val_loss 0.6272
2026-01-04 10:39:06.162714: val classification accuracy 0.75
2026-01-04 10:39:06.166185: val auc 0.7396
2026-01-04 10:39:06.169412: Epoch time: 62.83 s
2026-01-04 10:39:06.915971: 
2026-01-04 10:39:06.919985: Epoch 200
2026-01-04 10:39:06.923087: Current learning rate: 4e-05
2026-01-04 10:40:09.709440: train_loss 0.6341
2026-01-04 10:40:09.715601: val_loss 0.6153
2026-01-04 10:40:09.719685: val classification accuracy 0.75
2026-01-04 10:40:09.723614: val auc 0.724
2026-01-04 10:40:09.727273: Epoch time: 62.79 s
2026-01-04 10:40:10.503663: 
2026-01-04 10:40:10.507432: Epoch 201
2026-01-04 10:40:10.510640: Current learning rate: 4e-05
2026-01-04 10:41:13.529842: train_loss 0.6498
2026-01-04 10:41:13.534689: val_loss 0.5888
2026-01-04 10:41:13.537809: val classification accuracy 0.6875
2026-01-04 10:41:13.541035: val auc 0.7422
2026-01-04 10:41:13.544054: Epoch time: 63.03 s
2026-01-04 10:41:14.446248: 
2026-01-04 10:41:14.450180: Epoch 202
2026-01-04 10:41:14.453594: Current learning rate: 4e-05
2026-01-04 10:42:17.493366: train_loss 0.6612
2026-01-04 10:42:17.499431: val_loss 0.6362
2026-01-04 10:42:17.502733: val classification accuracy 0.6667
2026-01-04 10:42:17.505936: val auc 0.7326
2026-01-04 10:42:17.508798: Epoch time: 63.05 s
2026-01-04 10:42:18.284928: 
2026-01-04 10:42:18.288333: Epoch 203
2026-01-04 10:42:18.290939: Current learning rate: 4e-05
2026-01-04 10:43:21.445343: train_loss 0.6429
2026-01-04 10:43:21.451247: val_loss 0.5453
2026-01-04 10:43:21.454634: val classification accuracy 0.7917
2026-01-04 10:43:21.458176: val auc 0.8359
2026-01-04 10:43:21.461581: Epoch time: 63.16 s
2026-01-04 10:43:22.220821: 
2026-01-04 10:43:22.224739: Epoch 204
2026-01-04 10:43:22.227886: Current learning rate: 4e-05
2026-01-04 10:44:25.359681: train_loss 0.6289
2026-01-04 10:44:25.373264: val_loss 0.5636
2026-01-04 10:44:25.376713: val classification accuracy 0.75
2026-01-04 10:44:25.380359: val auc 0.8003
2026-01-04 10:44:25.383678: Epoch time: 63.14 s
2026-01-04 10:44:26.250952: 
2026-01-04 10:44:26.254882: Epoch 205
2026-01-04 10:44:26.258179: Current learning rate: 4e-05
2026-01-04 10:45:29.224326: train_loss 0.6614
2026-01-04 10:45:29.230150: val_loss 0.6574
2026-01-04 10:45:29.233460: val classification accuracy 0.6875
2026-01-04 10:45:29.236720: val auc 0.592
2026-01-04 10:45:29.240258: Epoch time: 62.98 s
2026-01-04 10:45:30.060248: 
2026-01-04 10:45:30.064179: Epoch 206
2026-01-04 10:45:30.067204: Current learning rate: 4e-05
2026-01-04 10:46:33.130989: train_loss 0.6478
2026-01-04 10:46:33.136513: val_loss 0.6603
2026-01-04 10:46:33.139582: val classification accuracy 0.6042
2026-01-04 10:46:33.142925: val auc 0.6319
2026-01-04 10:46:33.146248: Epoch time: 63.07 s
2026-01-04 10:46:33.892660: 
2026-01-04 10:46:33.896237: Epoch 207
2026-01-04 10:46:33.898896: Current learning rate: 3e-05
2026-01-04 10:47:36.504740: train_loss 0.6506
2026-01-04 10:47:36.511946: val_loss 0.7292
2026-01-04 10:47:36.515051: val classification accuracy 0.5625
2026-01-04 10:47:36.518245: val auc 0.5799
2026-01-04 10:47:36.521189: Epoch time: 62.61 s
2026-01-04 10:47:37.337928: 
2026-01-04 10:47:37.341258: Epoch 208
2026-01-04 10:47:37.344029: Current learning rate: 3e-05
2026-01-04 10:48:40.398345: train_loss 0.6386
2026-01-04 10:48:40.403107: val_loss 0.6431
2026-01-04 10:48:40.406956: val classification accuracy 0.7083
2026-01-04 10:48:40.410039: val auc 0.6536
2026-01-04 10:48:40.413454: Epoch time: 63.06 s
2026-01-04 10:48:41.178874: 
2026-01-04 10:48:41.182727: Epoch 209
2026-01-04 10:48:41.185992: Current learning rate: 3e-05
2026-01-04 10:49:43.887532: train_loss 0.6268
2026-01-04 10:49:43.893440: val_loss 0.5736
2026-01-04 10:49:43.897085: val classification accuracy 0.8125
2026-01-04 10:49:43.900611: val auc 0.7569
2026-01-04 10:49:43.904191: Epoch time: 62.71 s
2026-01-04 10:49:43.907224: Yayy! New best classification accuracy: 0.8125
2026-01-04 10:49:46.856377: 
2026-01-04 10:49:46.860061: Epoch 210
2026-01-04 10:49:46.862891: Current learning rate: 3e-05
2026-01-04 10:50:50.116639: train_loss 0.6552
2026-01-04 10:50:50.123554: val_loss 0.604
2026-01-04 10:50:50.127678: val classification accuracy 0.8125
2026-01-04 10:50:50.131554: val auc 0.7422
2026-01-04 10:50:50.148947: Epoch time: 63.26 s
2026-01-04 10:50:50.916765: 
2026-01-04 10:50:50.920156: Epoch 211
2026-01-04 10:50:50.922887: Current learning rate: 3e-05
2026-01-04 10:51:53.907543: train_loss 0.6297
2026-01-04 10:51:53.912860: val_loss 0.5886
2026-01-04 10:51:53.916444: val classification accuracy 0.7292
2026-01-04 10:51:53.919654: val auc 0.7769
2026-01-04 10:51:53.923031: Epoch time: 62.99 s
2026-01-04 10:51:54.693744: 
2026-01-04 10:51:54.697453: Epoch 212
2026-01-04 10:51:54.700304: Current learning rate: 3e-05
2026-01-04 10:52:57.490477: train_loss 0.6386
2026-01-04 10:52:57.495277: val_loss 0.5909
2026-01-04 10:52:57.498662: val classification accuracy 0.7917
2026-01-04 10:52:57.501759: val auc 0.7344
2026-01-04 10:52:57.505467: Epoch time: 62.8 s
2026-01-04 10:52:59.143917: 
2026-01-04 10:52:59.147517: Epoch 213
2026-01-04 10:52:59.150687: Current learning rate: 3e-05
2026-01-04 10:54:02.076139: train_loss 0.6527
2026-01-04 10:54:02.081580: val_loss 0.5988
2026-01-04 10:54:02.084906: val classification accuracy 0.6667
2026-01-04 10:54:02.088181: val auc 0.7483
2026-01-04 10:54:02.091492: Epoch time: 62.93 s
2026-01-04 10:54:02.845454: 
2026-01-04 10:54:02.849388: Epoch 214
2026-01-04 10:54:02.852491: Current learning rate: 3e-05
2026-01-04 10:55:05.838039: train_loss 0.6639
2026-01-04 10:55:05.844006: val_loss 0.603
2026-01-04 10:55:05.847396: val classification accuracy 0.7292
2026-01-04 10:55:05.851048: val auc 0.8255
2026-01-04 10:55:05.854744: Epoch time: 62.99 s
2026-01-04 10:55:06.651423: 
2026-01-04 10:55:06.655701: Epoch 215
2026-01-04 10:55:06.659119: Current learning rate: 3e-05
2026-01-04 10:56:09.368848: train_loss 0.6526
2026-01-04 10:56:09.373966: val_loss 0.6561
2026-01-04 10:56:09.377585: val classification accuracy 0.6042
2026-01-04 10:56:09.380714: val auc 0.6458
2026-01-04 10:56:09.384118: Epoch time: 62.72 s
2026-01-04 10:56:10.139662: 
2026-01-04 10:56:10.143124: Epoch 216
2026-01-04 10:56:10.146302: Current learning rate: 3e-05
2026-01-04 10:57:12.822328: train_loss 0.6687
2026-01-04 10:57:12.828272: val_loss 0.669
2026-01-04 10:57:12.831889: val classification accuracy 0.625
2026-01-04 10:57:12.838247: val auc 0.6094
2026-01-04 10:57:12.843293: Epoch time: 62.68 s
2026-01-04 10:57:13.659473: 
2026-01-04 10:57:13.663142: Epoch 217
2026-01-04 10:57:13.666389: Current learning rate: 3e-05
2026-01-04 10:58:16.508388: train_loss 0.6414
2026-01-04 10:58:16.514779: val_loss 0.6175
2026-01-04 10:58:16.518134: val classification accuracy 0.6667
2026-01-04 10:58:16.521484: val auc 0.6997
2026-01-04 10:58:16.525116: Epoch time: 62.85 s
2026-01-04 10:58:17.311293: 
2026-01-04 10:58:17.315460: Epoch 218
2026-01-04 10:58:17.318748: Current learning rate: 3e-05
2026-01-04 10:59:20.500621: train_loss 0.6241
2026-01-04 10:59:20.507325: val_loss 0.6229
2026-01-04 10:59:20.511019: val classification accuracy 0.6667
2026-01-04 10:59:20.514213: val auc 0.6858
2026-01-04 10:59:20.517636: Epoch time: 63.19 s
2026-01-04 10:59:21.278432: 
2026-01-04 10:59:21.282290: Epoch 219
2026-01-04 10:59:21.285662: Current learning rate: 3e-05
2026-01-04 11:00:24.352032: train_loss 0.624
2026-01-04 11:00:24.357420: val_loss 0.6068
2026-01-04 11:00:24.360545: val classification accuracy 0.6875
2026-01-04 11:00:24.363686: val auc 0.6927
2026-01-04 11:00:24.367108: Epoch time: 63.07 s
2026-01-04 11:00:24.369853: Early stopping triggered at epoch 219. Best val_losses=0.5419
2026-01-04 11:00:25.195284: Stopping training early due to early stopping criterion.
2026-01-04 11:00:27.482004: Training done.
2026-01-04 11:00:27.487294: Skipping perform_actual_validation for classification trainer (segmentation-style sliding window is not applicable).
[1;34mwandb[0m: 
[1;34mwandb[0m:  View run [33mSwinViTTrainer_ep300_NoMirroring_x2_fold8[0m at: [34m[0m
[1;34mwandb[0m: Find logs at: [1;35m../../tmp/wandb/wandb/run-20260104_070130-9mwzpad1/logs[0m
