Using device: cuda:0

#######################################################################
Please cite the following paper when using nnU-Net:
Isensee, F., Jaeger, P. F., Kohl, S. A., Petersen, J., & Maier-Hein, K. H. (2021). nnU-Net: a self-configuring method for deep learning-based biomedical image segmentation. Nature methods, 18(2), 203-211.
#######################################################################

2026-01-04 04:49:54.236467: Using torch.compile...
2026-01-04 04:49:59.151587: do_dummy_2d_data_aug: False
2026-01-04 04:49:59.155362: Using splits from existing split file: /hpf/projects/jquon/sumin/nnUNet_data/nnUNet_preprocessed/Dataset033_AVM_T1+C/splits_final.json
2026-01-04 04:49:59.158976: The split file contains 11 splits.
2026-01-04 04:49:59.160964: Desired fold for training: 7
2026-01-04 04:49:59.162667: This split has 464 training and 48 validation cases.
using pin_memory on device 0
using pin_memory on device 0

This is the configuration used by this training:
Configuration name: 3d_fullres
 {'data_identifier': 'nnUNetPlans_3d_fullres', 'preprocessor_name': 'DefaultPreprocessor', 'batch_size': 2, 'patch_size': [160, 224, 192], 'median_image_size_in_voxels': [344.0, 448.0, 429.0], 'spacing': [0.500000923871994, 0.4910714328289032, 0.4910714328289032], 'normalization_schemes': ['ZScoreNormalization'], 'use_mask_for_norm': [False], 'resampling_fn_data': 'resample_data_or_seg_to_shape', 'resampling_fn_seg': 'resample_data_or_seg_to_shape', 'resampling_fn_data_kwargs': {'is_seg': False, 'order': 3, 'order_z': 0, 'force_separate_z': None}, 'resampling_fn_seg_kwargs': {'is_seg': True, 'order': 1, 'order_z': 0, 'force_separate_z': None}, 'resampling_fn_probabilities': 'resample_data_or_seg_to_shape', 'resampling_fn_probabilities_kwargs': {'is_seg': False, 'order': 1, 'order_z': 0, 'force_separate_z': None}, 'architecture': {'network_class_name': 'dynamic_network_architectures.architectures.unet.ResidualEncoderUNet', 'arch_kwargs': {'n_stages': 6, 'features_per_stage': [32, 64, 128, 256, 320, 320], 'conv_op': 'torch.nn.modules.conv.Conv3d', 'kernel_sizes': [[3, 3, 3], [3, 3, 3], [3, 3, 3], [3, 3, 3], [3, 3, 3], [3, 3, 3]], 'strides': [[1, 1, 1], [2, 2, 2], [2, 2, 2], [2, 2, 2], [2, 2, 2], [2, 2, 2]], 'n_blocks_per_stage': [1, 3, 4, 6, 6, 6], 'n_conv_per_stage_decoder': [1, 1, 1, 1, 1], 'conv_bias': True, 'norm_op': 'torch.nn.modules.instancenorm.InstanceNorm3d', 'norm_op_kwargs': {'eps': 1e-05, 'affine': True}, 'dropout_op': None, 'dropout_op_kwargs': None, 'nonlin': 'torch.nn.LeakyReLU', 'nonlin_kwargs': {'inplace': True}}, '_kw_requires_import': ['conv_op', 'norm_op', 'dropout_op', 'nonlin']}, 'batch_dice': True} 

These are the global plan.json settings:
 {'dataset_name': 'Dataset033_AVM_T1+C', 'plans_name': 'nnUNetResEncUNetLPlans', 'original_median_spacing_after_transp': [0.500000923871994, 0.4910714328289032, 0.4910714328289032], 'original_median_shape_after_transp': [330, 448, 424], 'image_reader_writer': 'SimpleITKIO', 'transpose_forward': [0, 1, 2], 'transpose_backward': [0, 1, 2], 'experiment_planner_used': 'nnUNetPlannerResEncL', 'label_manager': 'LabelManager', 'foreground_intensity_properties_per_channel': {'0': {'max': 12113.0, 'mean': 449.843505859375, 'median': 311.0, 'min': 0.0, 'percentile_00_5': 34.0, 'percentile_99_5': 3202.0, 'std': 471.56329345703125}}} 

2026-01-04 04:50:01.912913: Unable to plot network architecture: nnUNet_compile is enabled!
2026-01-04 04:50:01.928702: 
2026-01-04 04:50:01.930999: Epoch 0
2026-01-04 04:50:01.933048: Current learning rate: 0.0001
2026-01-04 04:52:05.526706: train_loss 0.7491
2026-01-04 04:52:05.530012: val_loss 0.7567
2026-01-04 04:52:05.532000: val classification accuracy 0.5208
2026-01-04 04:52:05.534111: val auc 0.4479
2026-01-04 04:52:05.536338: Epoch time: 123.6 s
2026-01-04 04:52:05.538119: Yayy! New best EMA pseudo Dice: 0.4479
2026-01-04 04:52:07.795919: Yayy! New best classification accuracy: 0.5208
2026-01-04 04:52:09.829752: 
2026-01-04 04:52:09.832424: Epoch 1
2026-01-04 04:52:09.834441: Current learning rate: 0.0001
2026-01-04 04:53:13.922581: train_loss 0.7136
2026-01-04 04:53:13.926921: val_loss 0.7086
2026-01-04 04:53:13.929419: val classification accuracy 0.5
2026-01-04 04:53:13.931820: val auc 0.5417
2026-01-04 04:53:13.933858: Epoch time: 64.09 s
2026-01-04 04:53:13.935651: Yayy! New best EMA pseudo Dice: 0.5417
2026-01-04 04:53:16.917804: 
2026-01-04 04:53:16.920223: Epoch 2
2026-01-04 04:53:16.921972: Current learning rate: 0.0001
2026-01-04 04:54:20.324983: train_loss 0.7296
2026-01-04 04:54:20.330773: val_loss 0.7134
2026-01-04 04:54:20.333194: val classification accuracy 0.5
2026-01-04 04:54:20.335499: val auc 0.5295
2026-01-04 04:54:20.337996: Epoch time: 63.41 s
2026-01-04 04:54:21.040986: 
2026-01-04 04:54:21.043767: Epoch 3
2026-01-04 04:54:21.045929: Current learning rate: 0.0001
2026-01-04 04:55:24.966308: train_loss 0.7004
2026-01-04 04:55:24.970064: val_loss 0.703
2026-01-04 04:55:24.972308: val classification accuracy 0.4375
2026-01-04 04:55:24.974512: val auc 0.4609
2026-01-04 04:55:24.976798: Epoch time: 63.93 s
2026-01-04 04:55:26.415455: 
2026-01-04 04:55:26.418033: Epoch 4
2026-01-04 04:55:26.419930: Current learning rate: 0.0001
2026-01-04 04:56:30.934406: train_loss 0.7587
2026-01-04 04:56:30.938485: val_loss 0.6937
2026-01-04 04:56:30.941112: val classification accuracy 0.5
2026-01-04 04:56:30.943536: val auc 0.5616
2026-01-04 04:56:30.945827: Epoch time: 64.52 s
2026-01-04 04:56:30.947596: Yayy! New best EMA pseudo Dice: 0.5616
2026-01-04 04:56:33.769534: 
2026-01-04 04:56:33.772646: Epoch 5
2026-01-04 04:56:33.774654: Current learning rate: 0.0001
2026-01-04 04:57:38.293310: train_loss 0.7099
2026-01-04 04:57:38.297157: val_loss 0.6836
2026-01-04 04:57:38.299524: val classification accuracy 0.5625
2026-01-04 04:57:38.301842: val auc 0.5747
2026-01-04 04:57:38.304034: Epoch time: 64.52 s
2026-01-04 04:57:38.305906: Yayy! New best EMA pseudo Dice: 0.5747
2026-01-04 04:57:40.334627: Yayy! New best classification accuracy: 0.5625
2026-01-04 04:57:42.368049: 
2026-01-04 04:57:42.371049: Epoch 6
2026-01-04 04:57:42.373064: Current learning rate: 0.0001
2026-01-04 04:58:46.460743: train_loss 0.7164
2026-01-04 04:58:46.466530: val_loss 0.8308
2026-01-04 04:58:46.469142: val classification accuracy 0.5208
2026-01-04 04:58:46.471850: val auc 0.5226
2026-01-04 04:58:46.474360: Epoch time: 64.09 s
2026-01-04 04:58:47.238494: 
2026-01-04 04:58:47.241239: Epoch 7
2026-01-04 04:58:47.242985: Current learning rate: 0.0001
2026-01-04 04:59:51.676509: train_loss 0.7235
2026-01-04 04:59:51.696405: val_loss 0.7559
2026-01-04 04:59:51.712246: val classification accuracy 0.3542
2026-01-04 04:59:51.721188: val auc 0.2344
2026-01-04 04:59:51.728348: Epoch time: 64.44 s
2026-01-04 04:59:52.503384: 
2026-01-04 04:59:52.506384: Epoch 8
2026-01-04 04:59:52.508614: Current learning rate: 0.0001
2026-01-04 05:00:56.975025: train_loss 0.7378
2026-01-04 05:00:56.990144: val_loss 0.7616
2026-01-04 05:00:57.022594: val classification accuracy 0.5417
2026-01-04 05:00:57.025729: val auc 0.5035
2026-01-04 05:00:57.028213: Epoch time: 64.47 s
2026-01-04 05:00:57.757944: 
2026-01-04 05:00:57.760898: Epoch 9
2026-01-04 05:00:57.762794: Current learning rate: 0.0001
2026-01-04 05:02:02.228850: train_loss 0.7267
2026-01-04 05:02:02.243531: val_loss 0.8083
2026-01-04 05:02:02.245840: val classification accuracy 0.5625
2026-01-04 05:02:02.248008: val auc 0.572
2026-01-04 05:02:02.250082: Epoch time: 64.47 s
2026-01-04 05:02:02.967160: 
2026-01-04 05:02:02.969750: Epoch 10
2026-01-04 05:02:02.971676: Current learning rate: 0.0001
2026-01-04 05:03:06.646096: train_loss 0.737
2026-01-04 05:03:06.650971: val_loss 0.6725
2026-01-04 05:03:06.653861: val classification accuracy 0.5625
2026-01-04 05:03:06.656677: val auc 0.697
2026-01-04 05:03:06.659177: Epoch time: 63.68 s
2026-01-04 05:03:06.661588: Yayy! New best EMA pseudo Dice: 0.697
2026-01-04 05:03:09.338416: 
2026-01-04 05:03:09.341678: Epoch 11
2026-01-04 05:03:09.343808: Current learning rate: 0.0001
2026-01-04 05:04:14.568082: train_loss 0.7157
2026-01-04 05:04:14.589026: val_loss 0.6696
2026-01-04 05:04:14.591914: val classification accuracy 0.5833
2026-01-04 05:04:14.594643: val auc 0.7083
2026-01-04 05:04:14.597242: Epoch time: 65.23 s
2026-01-04 05:04:14.599557: Yayy! New best EMA pseudo Dice: 0.7083
2026-01-04 05:04:16.739668: Yayy! New best classification accuracy: 0.5833
2026-01-04 05:04:18.895347: 
2026-01-04 05:04:18.898188: Epoch 12
2026-01-04 05:04:18.900460: Current learning rate: 0.0001
2026-01-04 05:05:23.201258: train_loss 0.7377
2026-01-04 05:05:23.205305: val_loss 0.6994
2026-01-04 05:05:23.208126: val classification accuracy 0.5208
2026-01-04 05:05:23.210732: val auc 0.5
2026-01-04 05:05:23.213402: Epoch time: 64.31 s
2026-01-04 05:05:23.941611: 
2026-01-04 05:05:23.945242: Epoch 13
2026-01-04 05:05:23.947791: Current learning rate: 0.0001
2026-01-04 05:06:28.451578: train_loss 0.6975
2026-01-04 05:06:28.456501: val_loss 0.8147
2026-01-04 05:06:28.460074: val classification accuracy 0.3958
2026-01-04 05:06:28.463195: val auc 0.342
2026-01-04 05:06:28.466189: Epoch time: 64.51 s
2026-01-04 05:06:29.199027: 
2026-01-04 05:06:29.202679: Epoch 14
2026-01-04 05:06:29.205306: Current learning rate: 0.0001
2026-01-04 05:07:32.473081: train_loss 0.7549
2026-01-04 05:07:32.477412: val_loss 0.7046
2026-01-04 05:07:32.480326: val classification accuracy 0.5208
2026-01-04 05:07:32.482909: val auc 0.5365
2026-01-04 05:07:32.485611: Epoch time: 63.28 s
2026-01-04 05:07:33.197309: 
2026-01-04 05:07:33.200953: Epoch 15
2026-01-04 05:07:33.203319: Current learning rate: 0.0001
2026-01-04 05:08:36.934189: train_loss 0.7318
2026-01-04 05:08:36.938380: val_loss 0.6757
2026-01-04 05:08:36.941188: val classification accuracy 0.6458
2026-01-04 05:08:36.943919: val auc 0.5911
2026-01-04 05:08:36.946357: Epoch time: 63.74 s
2026-01-04 05:08:36.948468: Yayy! New best classification accuracy: 0.6458
2026-01-04 05:08:39.705503: 
2026-01-04 05:08:39.708434: Epoch 16
2026-01-04 05:08:39.710665: Current learning rate: 0.0001
2026-01-04 05:09:44.767953: train_loss 0.7197
2026-01-04 05:09:44.772515: val_loss 0.6111
2026-01-04 05:09:44.775449: val classification accuracy 0.6875
2026-01-04 05:09:44.778069: val auc 0.7292
2026-01-04 05:09:44.780783: Epoch time: 65.06 s
2026-01-04 05:09:44.783267: Yayy! New best EMA pseudo Dice: 0.7292
2026-01-04 05:09:46.945388: Yayy! New best classification accuracy: 0.6875
2026-01-04 05:09:48.940119: 
2026-01-04 05:09:48.943671: Epoch 17
2026-01-04 05:09:48.945948: Current learning rate: 9e-05
2026-01-04 05:10:52.496556: train_loss 0.805
2026-01-04 05:10:52.500978: val_loss 0.7427
2026-01-04 05:10:52.503850: val classification accuracy 0.5
2026-01-04 05:10:52.506905: val auc 0.5781
2026-01-04 05:10:52.509995: Epoch time: 63.56 s
2026-01-04 05:10:53.255175: 
2026-01-04 05:10:53.258741: Epoch 18
2026-01-04 05:10:53.261285: Current learning rate: 9e-05
2026-01-04 05:11:57.056133: train_loss 0.7476
2026-01-04 05:11:57.060490: val_loss 0.7124
2026-01-04 05:11:57.063148: val classification accuracy 0.5
2026-01-04 05:11:57.066166: val auc 0.4653
2026-01-04 05:11:57.068796: Epoch time: 63.8 s
2026-01-04 05:11:57.794990: 
2026-01-04 05:11:57.798197: Epoch 19
2026-01-04 05:11:57.800614: Current learning rate: 9e-05
2026-01-04 05:13:02.369055: train_loss 0.7052
2026-01-04 05:13:02.374402: val_loss 0.6991
2026-01-04 05:13:02.377776: val classification accuracy 0.4375
2026-01-04 05:13:02.381032: val auc 0.4878
2026-01-04 05:13:02.384171: Epoch time: 64.58 s
2026-01-04 05:13:04.549820: Saved periodic checkpoint /hpf/projects/jquon/sumin/nnUNet_data/nnUNet_results/Dataset033_AVM_T1+C/SwinViTTrainer_ep300_NoMirroring_x2__nnUNetResEncUNetLPlans__3d_fullres/fold_7/checkpoint_every20_best_balacc.pth at epoch 19 with val_balanced_accuracy=0.4375
2026-01-04 05:13:05.930688: Saved periodic checkpoint /hpf/projects/jquon/sumin/nnUNet_data/nnUNet_results/Dataset033_AVM_T1+C/SwinViTTrainer_ep300_NoMirroring_x2__nnUNetResEncUNetLPlans__3d_fullres/fold_7/checkpoint_every20_best_auroc.pth at epoch 19 with val_auc=0.4878
2026-01-04 05:13:07.394387: 
2026-01-04 05:13:07.398110: Epoch 20
2026-01-04 05:13:07.400743: Current learning rate: 9e-05
2026-01-04 05:14:11.819013: train_loss 0.7043
2026-01-04 05:14:11.823679: val_loss 0.6557
2026-01-04 05:14:11.827372: val classification accuracy 0.7083
2026-01-04 05:14:11.830826: val auc 0.7161
2026-01-04 05:14:11.834530: Epoch time: 64.43 s
2026-01-04 05:14:11.837013: Yayy! New best classification accuracy: 0.7083
2026-01-04 05:14:14.698276: 
2026-01-04 05:14:14.701963: Epoch 21
2026-01-04 05:14:14.704818: Current learning rate: 9e-05
2026-01-04 05:15:18.147449: train_loss 0.7214
2026-01-04 05:15:18.152338: val_loss 0.8522
2026-01-04 05:15:18.155180: val classification accuracy 0.3958
2026-01-04 05:15:18.158123: val auc 0.3924
2026-01-04 05:15:18.161025: Epoch time: 63.45 s
2026-01-04 05:15:18.898874: 
2026-01-04 05:15:18.902409: Epoch 22
2026-01-04 05:15:18.904987: Current learning rate: 9e-05
2026-01-04 05:16:23.155290: train_loss 0.7662
2026-01-04 05:16:23.159575: val_loss 0.7617
2026-01-04 05:16:23.162286: val classification accuracy 0.4583
2026-01-04 05:16:23.164747: val auc 0.3325
2026-01-04 05:16:23.167609: Epoch time: 64.26 s
2026-01-04 05:16:23.921043: 
2026-01-04 05:16:23.924307: Epoch 23
2026-01-04 05:16:23.926733: Current learning rate: 9e-05
2026-01-04 05:17:29.360727: train_loss 0.7274
2026-01-04 05:17:29.369757: val_loss 0.685
2026-01-04 05:17:29.375358: val classification accuracy 0.625
2026-01-04 05:17:29.380127: val auc 0.658
2026-01-04 05:17:29.384088: Epoch time: 65.44 s
2026-01-04 05:17:30.155813: 
2026-01-04 05:17:30.159478: Epoch 24
2026-01-04 05:17:30.162454: Current learning rate: 9e-05
2026-01-04 05:18:34.286589: train_loss 0.8358
2026-01-04 05:18:34.292966: val_loss 0.8401
2026-01-04 05:18:34.296500: val classification accuracy 0.625
2026-01-04 05:18:34.300394: val auc 0.6372
2026-01-04 05:18:34.303575: Epoch time: 64.13 s
2026-01-04 05:18:35.097936: 
2026-01-04 05:18:35.101614: Epoch 25
2026-01-04 05:18:35.104278: Current learning rate: 9e-05
2026-01-04 05:19:39.545789: train_loss 0.7985
2026-01-04 05:19:39.550089: val_loss 0.6711
2026-01-04 05:19:39.552741: val classification accuracy 0.625
2026-01-04 05:19:39.555452: val auc 0.6302
2026-01-04 05:19:39.558572: Epoch time: 64.45 s
2026-01-04 05:19:40.369855: 
2026-01-04 05:19:40.373111: Epoch 26
2026-01-04 05:19:40.375428: Current learning rate: 9e-05
2026-01-04 05:20:44.394187: train_loss 0.7078
2026-01-04 05:20:44.398780: val_loss 0.6971
2026-01-04 05:20:44.401404: val classification accuracy 0.5208
2026-01-04 05:20:44.404151: val auc 0.4983
2026-01-04 05:20:44.407048: Epoch time: 64.03 s
2026-01-04 05:20:45.220800: 
2026-01-04 05:20:45.224192: Epoch 27
2026-01-04 05:20:45.226920: Current learning rate: 9e-05
2026-01-04 05:21:48.674362: train_loss 0.7423
2026-01-04 05:21:48.680278: val_loss 0.7075
2026-01-04 05:21:48.683928: val classification accuracy 0.4583
2026-01-04 05:21:48.687263: val auc 0.4323
2026-01-04 05:21:48.690610: Epoch time: 63.45 s
2026-01-04 05:21:49.500557: 
2026-01-04 05:21:49.504323: Epoch 28
2026-01-04 05:21:49.506937: Current learning rate: 9e-05
2026-01-04 05:22:52.606331: train_loss 0.7159
2026-01-04 05:22:52.613239: val_loss 0.6962
2026-01-04 05:22:52.618557: val classification accuracy 0.4583
2026-01-04 05:22:52.622504: val auc 0.4974
2026-01-04 05:22:52.626461: Epoch time: 63.11 s
2026-01-04 05:22:53.413573: 
2026-01-04 05:22:53.416799: Epoch 29
2026-01-04 05:22:53.419176: Current learning rate: 9e-05
2026-01-04 05:23:57.663991: train_loss 0.6936
2026-01-04 05:23:57.677239: val_loss 0.6766
2026-01-04 05:23:57.684358: val classification accuracy 0.6875
2026-01-04 05:23:57.689029: val auc 0.7014
2026-01-04 05:23:57.693381: Epoch time: 64.25 s
2026-01-04 05:23:58.470406: 
2026-01-04 05:23:58.473989: Epoch 30
2026-01-04 05:23:58.476645: Current learning rate: 9e-05
2026-01-04 05:25:03.267045: train_loss 0.771
2026-01-04 05:25:03.272989: val_loss 1.0396
2026-01-04 05:25:03.277446: val classification accuracy 0.3958
2026-01-04 05:25:03.281804: val auc 0.3472
2026-01-04 05:25:03.286005: Epoch time: 64.8 s
2026-01-04 05:25:04.043031: 
2026-01-04 05:25:04.046776: Epoch 31
2026-01-04 05:25:04.049339: Current learning rate: 9e-05
2026-01-04 05:26:08.168215: train_loss 0.7331
2026-01-04 05:26:08.172785: val_loss 0.6672
2026-01-04 05:26:08.175548: val classification accuracy 0.5625
2026-01-04 05:26:08.178301: val auc 0.6302
2026-01-04 05:26:08.181252: Epoch time: 64.13 s
2026-01-04 05:26:08.942661: 
2026-01-04 05:26:08.946105: Epoch 32
2026-01-04 05:26:08.948500: Current learning rate: 9e-05
2026-01-04 05:27:12.938252: train_loss 0.7072
2026-01-04 05:27:12.949108: val_loss 0.6703
2026-01-04 05:27:12.953352: val classification accuracy 0.5417
2026-01-04 05:27:12.956993: val auc 0.6458
2026-01-04 05:27:12.960123: Epoch time: 64.0 s
2026-01-04 05:27:13.724028: 
2026-01-04 05:27:13.729886: Epoch 33
2026-01-04 05:27:13.733263: Current learning rate: 9e-05
2026-01-04 05:28:18.078983: train_loss 0.6874
2026-01-04 05:28:18.092933: val_loss 0.6655
2026-01-04 05:28:18.096232: val classification accuracy 0.6458
2026-01-04 05:28:18.099174: val auc 0.6389
2026-01-04 05:28:18.102253: Epoch time: 64.36 s
2026-01-04 05:28:18.854078: 
2026-01-04 05:28:18.857754: Epoch 34
2026-01-04 05:28:18.860218: Current learning rate: 9e-05
2026-01-04 05:29:23.081544: train_loss 0.6973
2026-01-04 05:29:23.086081: val_loss 0.6578
2026-01-04 05:29:23.089115: val classification accuracy 0.6875
2026-01-04 05:29:23.092390: val auc 0.671
2026-01-04 05:29:23.095632: Epoch time: 64.23 s
2026-01-04 05:29:23.862689: 
2026-01-04 05:29:23.866216: Epoch 35
2026-01-04 05:29:23.868740: Current learning rate: 9e-05
2026-01-04 05:30:28.108990: train_loss 0.6948
2026-01-04 05:30:28.115571: val_loss 0.8159
2026-01-04 05:30:28.118146: val classification accuracy 0.4375
2026-01-04 05:30:28.120781: val auc 0.3559
2026-01-04 05:30:28.123755: Epoch time: 64.25 s
2026-01-04 05:30:29.746545: 
2026-01-04 05:30:29.750301: Epoch 36
2026-01-04 05:30:29.752932: Current learning rate: 9e-05
2026-01-04 05:31:34.274426: train_loss 0.7269
2026-01-04 05:31:34.302485: val_loss 0.6598
2026-01-04 05:31:34.319495: val classification accuracy 0.6458
2026-01-04 05:31:34.322825: val auc 0.6823
2026-01-04 05:31:34.325428: Epoch time: 64.53 s
2026-01-04 05:31:35.132586: 
2026-01-04 05:31:35.136342: Epoch 37
2026-01-04 05:31:35.138962: Current learning rate: 9e-05
2026-01-04 05:32:40.342786: train_loss 0.6951
2026-01-04 05:32:40.347308: val_loss 0.685
2026-01-04 05:32:40.350526: val classification accuracy 0.625
2026-01-04 05:32:40.353454: val auc 0.6319
2026-01-04 05:32:40.356738: Epoch time: 65.21 s
2026-01-04 05:32:41.127073: 
2026-01-04 05:32:41.130873: Epoch 38
2026-01-04 05:32:41.133375: Current learning rate: 9e-05
2026-01-04 05:33:45.147608: train_loss 0.6892
2026-01-04 05:33:45.151835: val_loss 0.5963
2026-01-04 05:33:45.154669: val classification accuracy 0.7292
2026-01-04 05:33:45.157328: val auc 0.8333
2026-01-04 05:33:45.160017: Epoch time: 64.02 s
2026-01-04 05:33:45.162649: Yayy! New best EMA pseudo Dice: 0.8333
2026-01-04 05:33:47.465266: Yayy! New best classification accuracy: 0.7292
2026-01-04 05:33:49.461252: 
2026-01-04 05:33:49.464858: Epoch 39
2026-01-04 05:33:49.467315: Current learning rate: 9e-05
2026-01-04 05:34:52.309083: train_loss 0.7035
2026-01-04 05:34:52.323527: val_loss 0.6642
2026-01-04 05:34:52.326964: val classification accuracy 0.5833
2026-01-04 05:34:52.330080: val auc 0.6354
2026-01-04 05:34:52.333185: Epoch time: 62.85 s
2026-01-04 05:34:54.564527: Saved periodic checkpoint /hpf/projects/jquon/sumin/nnUNet_data/nnUNet_results/Dataset033_AVM_T1+C/SwinViTTrainer_ep300_NoMirroring_x2__nnUNetResEncUNetLPlans__3d_fullres/fold_7/checkpoint_every20_best_balacc.pth at epoch 39 with val_balanced_accuracy=0.5833
2026-01-04 05:34:55.900124: Saved periodic checkpoint /hpf/projects/jquon/sumin/nnUNet_data/nnUNet_results/Dataset033_AVM_T1+C/SwinViTTrainer_ep300_NoMirroring_x2__nnUNetResEncUNetLPlans__3d_fullres/fold_7/checkpoint_every20_best_auroc.pth at epoch 39 with val_auc=0.6354
2026-01-04 05:34:56.657086: 
2026-01-04 05:34:56.660788: Epoch 40
2026-01-04 05:34:56.663530: Current learning rate: 9e-05
2026-01-04 05:36:00.768228: train_loss 0.7077
2026-01-04 05:36:00.772573: val_loss 0.6004
2026-01-04 05:36:00.775085: val classification accuracy 0.625
2026-01-04 05:36:00.777834: val auc 0.7361
2026-01-04 05:36:00.780732: Epoch time: 64.11 s
2026-01-04 05:36:01.519501: 
2026-01-04 05:36:01.522728: Epoch 41
2026-01-04 05:36:01.525187: Current learning rate: 9e-05
2026-01-04 05:37:06.453799: train_loss 0.6851
2026-01-04 05:37:06.506108: val_loss 0.7439
2026-01-04 05:37:06.524755: val classification accuracy 0.6042
2026-01-04 05:37:06.549126: val auc 0.5686
2026-01-04 05:37:06.583921: Epoch time: 64.94 s
2026-01-04 05:37:07.395577: 
2026-01-04 05:37:07.398926: Epoch 42
2026-01-04 05:37:07.401561: Current learning rate: 9e-05
2026-01-04 05:38:11.141343: train_loss 0.749
2026-01-04 05:38:11.146399: val_loss 0.7154
2026-01-04 05:38:11.149419: val classification accuracy 0.4583
2026-01-04 05:38:11.152447: val auc 0.4306
2026-01-04 05:38:11.155665: Epoch time: 63.75 s
2026-01-04 05:38:11.879426: 
2026-01-04 05:38:11.882848: Epoch 43
2026-01-04 05:38:11.887558: Current learning rate: 9e-05
2026-01-04 05:39:16.005293: train_loss 0.7159
2026-01-04 05:39:16.011443: val_loss 0.6861
2026-01-04 05:39:16.019765: val classification accuracy 0.5833
2026-01-04 05:39:16.024906: val auc 0.6415
2026-01-04 05:39:16.029364: Epoch time: 64.13 s
2026-01-04 05:39:16.777927: 
2026-01-04 05:39:16.781233: Epoch 44
2026-01-04 05:39:16.783923: Current learning rate: 9e-05
2026-01-04 05:40:21.451287: train_loss 0.7049
2026-01-04 05:40:21.457219: val_loss 0.677
2026-01-04 05:40:21.460148: val classification accuracy 0.6458
2026-01-04 05:40:21.463180: val auc 0.6901
2026-01-04 05:40:21.466009: Epoch time: 64.67 s
2026-01-04 05:40:22.217984: 
2026-01-04 05:40:22.221330: Epoch 45
2026-01-04 05:40:22.224015: Current learning rate: 9e-05
2026-01-04 05:41:26.245468: train_loss 0.7228
2026-01-04 05:41:26.250092: val_loss 0.6844
2026-01-04 05:41:26.253242: val classification accuracy 0.5208
2026-01-04 05:41:26.256485: val auc 0.5825
2026-01-04 05:41:26.259354: Epoch time: 64.03 s
2026-01-04 05:41:27.003543: 
2026-01-04 05:41:27.007307: Epoch 46
2026-01-04 05:41:27.009919: Current learning rate: 9e-05
2026-01-04 05:42:32.170807: train_loss 0.6948
2026-01-04 05:42:32.178017: val_loss 0.7023
2026-01-04 05:42:32.181331: val classification accuracy 0.5208
2026-01-04 05:42:32.184191: val auc 0.4792
2026-01-04 05:42:32.187010: Epoch time: 65.17 s
2026-01-04 05:42:32.959086: 
2026-01-04 05:42:32.963058: Epoch 47
2026-01-04 05:42:32.965764: Current learning rate: 9e-05
2026-01-04 05:43:37.472609: train_loss 0.7049
2026-01-04 05:43:37.480416: val_loss 0.6916
2026-01-04 05:43:37.487550: val classification accuracy 0.6042
2026-01-04 05:43:37.491902: val auc 0.4896
2026-01-04 05:43:37.495501: Epoch time: 64.51 s
2026-01-04 05:43:38.282994: 
2026-01-04 05:43:38.286290: Epoch 48
2026-01-04 05:43:38.288617: Current learning rate: 9e-05
2026-01-04 05:44:43.030006: train_loss 0.7076
2026-01-04 05:44:43.048049: val_loss 0.7539
2026-01-04 05:44:43.051254: val classification accuracy 0.5
2026-01-04 05:44:43.054101: val auc 0.4297
2026-01-04 05:44:43.057225: Epoch time: 64.75 s
2026-01-04 05:44:43.799758: 
2026-01-04 05:44:43.802975: Epoch 49
2026-01-04 05:44:43.805446: Current learning rate: 9e-05
2026-01-04 05:45:48.134856: train_loss 0.7051
2026-01-04 05:45:48.139302: val_loss 0.7489
2026-01-04 05:45:48.142599: val classification accuracy 0.4583
2026-01-04 05:45:48.145287: val auc 0.3845
2026-01-04 05:45:48.147990: Epoch time: 64.34 s
2026-01-04 05:45:48.983456: 
2026-01-04 05:45:48.987076: Epoch 50
2026-01-04 05:45:48.989767: Current learning rate: 8e-05
2026-01-04 05:46:53.925288: train_loss 0.6953
2026-01-04 05:46:53.931574: val_loss 0.6679
2026-01-04 05:46:53.935443: val classification accuracy 0.6042
2026-01-04 05:46:53.938982: val auc 0.651
2026-01-04 05:46:53.942325: Epoch time: 64.94 s
2026-01-04 05:46:54.760911: 
2026-01-04 05:46:54.764429: Epoch 51
2026-01-04 05:46:54.766893: Current learning rate: 8e-05
2026-01-04 05:47:58.479071: train_loss 0.6948
2026-01-04 05:47:58.487065: val_loss 0.6531
2026-01-04 05:47:58.490119: val classification accuracy 0.6458
2026-01-04 05:47:58.493198: val auc 0.6736
2026-01-04 05:47:58.496149: Epoch time: 63.72 s
2026-01-04 05:48:00.158149: 
2026-01-04 05:48:00.161665: Epoch 52
2026-01-04 05:48:00.164335: Current learning rate: 8e-05
2026-01-04 05:49:03.360700: train_loss 0.7046
2026-01-04 05:49:03.391080: val_loss 0.724
2026-01-04 05:49:03.415179: val classification accuracy 0.3958
2026-01-04 05:49:03.431278: val auc 0.4054
2026-01-04 05:49:03.453343: Epoch time: 63.2 s
2026-01-04 05:49:04.227936: 
2026-01-04 05:49:04.231381: Epoch 53
2026-01-04 05:49:04.233828: Current learning rate: 8e-05
2026-01-04 05:50:07.913303: train_loss 0.702
2026-01-04 05:50:07.917434: val_loss 0.7131
2026-01-04 05:50:07.920202: val classification accuracy 0.4792
2026-01-04 05:50:07.922850: val auc 0.4748
2026-01-04 05:50:07.925702: Epoch time: 63.69 s
2026-01-04 05:50:08.681002: 
2026-01-04 05:50:08.684424: Epoch 54
2026-01-04 05:50:08.686939: Current learning rate: 8e-05
2026-01-04 05:51:12.268717: train_loss 0.6925
2026-01-04 05:51:12.273070: val_loss 0.6993
2026-01-04 05:51:12.275696: val classification accuracy 0.5
2026-01-04 05:51:12.278231: val auc 0.559
2026-01-04 05:51:12.280909: Epoch time: 63.59 s
2026-01-04 05:51:13.047261: 
2026-01-04 05:51:13.050543: Epoch 55
2026-01-04 05:51:13.053221: Current learning rate: 8e-05
2026-01-04 05:52:17.399984: train_loss 0.6932
2026-01-04 05:52:17.418264: val_loss 0.7113
2026-01-04 05:52:17.421341: val classification accuracy 0.4792
2026-01-04 05:52:17.424252: val auc 0.4844
2026-01-04 05:52:17.427011: Epoch time: 64.35 s
2026-01-04 05:52:18.202602: 
2026-01-04 05:52:18.205797: Epoch 56
2026-01-04 05:52:18.208420: Current learning rate: 8e-05
2026-01-04 05:53:23.568414: train_loss 0.6949
2026-01-04 05:53:23.583113: val_loss 0.6875
2026-01-04 05:53:23.599650: val classification accuracy 0.5208
2026-01-04 05:53:23.602854: val auc 0.5477
2026-01-04 05:53:23.605869: Epoch time: 65.37 s
2026-01-04 05:53:24.463369: 
2026-01-04 05:53:24.466844: Epoch 57
2026-01-04 05:53:24.469273: Current learning rate: 8e-05
2026-01-04 05:54:29.442350: train_loss 0.6983
2026-01-04 05:54:29.447018: val_loss 0.6625
2026-01-04 05:54:29.449608: val classification accuracy 0.6875
2026-01-04 05:54:29.452270: val auc 0.6658
2026-01-04 05:54:29.455182: Epoch time: 64.98 s
2026-01-04 05:54:30.219764: 
2026-01-04 05:54:30.223261: Epoch 58
2026-01-04 05:54:30.225681: Current learning rate: 8e-05
2026-01-04 05:55:34.459251: train_loss 0.6905
2026-01-04 05:55:34.465331: val_loss 0.705
2026-01-04 05:55:34.469093: val classification accuracy 0.5208
2026-01-04 05:55:34.472322: val auc 0.4835
2026-01-04 05:55:34.475422: Epoch time: 64.24 s
2026-01-04 05:55:35.211857: 
2026-01-04 05:55:35.215113: Epoch 59
2026-01-04 05:55:35.218061: Current learning rate: 8e-05
2026-01-04 05:56:39.503416: train_loss 0.7206
2026-01-04 05:56:39.511370: val_loss 0.7316
2026-01-04 05:56:39.516315: val classification accuracy 0.5208
2026-01-04 05:56:39.520600: val auc 0.5278
2026-01-04 05:56:39.524787: Epoch time: 64.29 s
2026-01-04 05:56:40.338126: 
2026-01-04 05:56:40.341508: Epoch 60
2026-01-04 05:56:40.344129: Current learning rate: 8e-05
2026-01-04 05:57:45.771862: train_loss 0.7119
2026-01-04 05:57:45.777944: val_loss 0.7017
2026-01-04 05:57:45.781758: val classification accuracy 0.4792
2026-01-04 05:57:45.785133: val auc 0.5174
2026-01-04 05:57:45.788370: Epoch time: 65.43 s
2026-01-04 05:57:46.560555: 
2026-01-04 05:57:46.563897: Epoch 61
2026-01-04 05:57:46.566432: Current learning rate: 8e-05
2026-01-04 05:58:51.447534: train_loss 0.698
2026-01-04 05:58:51.452127: val_loss 0.7112
2026-01-04 05:58:51.455100: val classification accuracy 0.4792
2026-01-04 05:58:51.458171: val auc 0.447
2026-01-04 05:58:51.461412: Epoch time: 64.89 s
2026-01-04 05:58:52.198428: 
2026-01-04 05:58:52.202106: Epoch 62
2026-01-04 05:58:52.204810: Current learning rate: 8e-05
2026-01-04 05:59:57.412741: train_loss 0.6875
2026-01-04 05:59:57.418246: val_loss 0.7335
2026-01-04 05:59:57.421821: val classification accuracy 0.5208
2026-01-04 05:59:57.425343: val auc 0.4592
2026-01-04 05:59:57.428432: Epoch time: 65.22 s
2026-01-04 05:59:58.244056: 
2026-01-04 05:59:58.247507: Epoch 63
2026-01-04 05:59:58.250060: Current learning rate: 8e-05
2026-01-04 06:01:01.874136: train_loss 0.6859
2026-01-04 06:01:01.879128: val_loss 0.7316
2026-01-04 06:01:01.882435: val classification accuracy 0.5208
2026-01-04 06:01:01.885519: val auc 0.4896
2026-01-04 06:01:01.888738: Epoch time: 63.63 s
2026-01-04 06:01:02.747066: 
2026-01-04 06:01:02.750633: Epoch 64
2026-01-04 06:01:02.753194: Current learning rate: 8e-05
2026-01-04 06:02:06.071279: train_loss 0.6936
2026-01-04 06:02:06.076012: val_loss 0.7156
2026-01-04 06:02:06.079131: val classification accuracy 0.5625
2026-01-04 06:02:06.082013: val auc 0.5521
2026-01-04 06:02:06.085079: Epoch time: 63.33 s
2026-01-04 06:02:06.829993: 
2026-01-04 06:02:06.833302: Epoch 65
2026-01-04 06:02:06.835811: Current learning rate: 8e-05
2026-01-04 06:03:10.147501: train_loss 0.6801
2026-01-04 06:03:10.152810: val_loss 0.6468
2026-01-04 06:03:10.156793: val classification accuracy 0.5833
2026-01-04 06:03:10.160746: val auc 0.7014
2026-01-04 06:03:10.164185: Epoch time: 63.32 s
2026-01-04 06:03:10.950768: 
2026-01-04 06:03:10.954638: Epoch 66
2026-01-04 06:03:10.957290: Current learning rate: 8e-05
2026-01-04 06:04:15.311021: train_loss 0.6807
2026-01-04 06:04:15.315934: val_loss 0.7124
2026-01-04 06:04:15.319507: val classification accuracy 0.5625
2026-01-04 06:04:15.322425: val auc 0.5
2026-01-04 06:04:15.325455: Epoch time: 64.36 s
2026-01-04 06:04:16.131420: 
2026-01-04 06:04:16.135335: Epoch 67
2026-01-04 06:04:16.137947: Current learning rate: 8e-05
2026-01-04 06:05:20.401693: train_loss 0.6841
2026-01-04 06:05:20.408360: val_loss 0.6958
2026-01-04 06:05:20.412439: val classification accuracy 0.5
2026-01-04 06:05:20.416195: val auc 0.4983
2026-01-04 06:05:20.419613: Epoch time: 64.27 s
2026-01-04 06:05:21.941317: 
2026-01-04 06:05:21.945097: Epoch 68
2026-01-04 06:05:21.947635: Current learning rate: 8e-05
2026-01-04 06:06:26.238649: train_loss 0.6857
2026-01-04 06:06:26.258591: val_loss 0.731
2026-01-04 06:06:26.261381: val classification accuracy 0.4167
2026-01-04 06:06:26.264123: val auc 0.4583
2026-01-04 06:06:26.267000: Epoch time: 64.3 s
2026-01-04 06:06:26.996732: 
2026-01-04 06:06:26.999777: Epoch 69
2026-01-04 06:06:27.002154: Current learning rate: 8e-05
2026-01-04 06:07:31.233519: train_loss 0.6898
2026-01-04 06:07:31.238226: val_loss 0.6968
2026-01-04 06:07:31.241566: val classification accuracy 0.5208
2026-01-04 06:07:31.244539: val auc 0.5486
2026-01-04 06:07:31.247677: Epoch time: 64.24 s
2026-01-04 06:07:32.016931: 
2026-01-04 06:07:32.020317: Epoch 70
2026-01-04 06:07:32.023041: Current learning rate: 8e-05
2026-01-04 06:08:36.386200: train_loss 0.681
2026-01-04 06:08:36.393485: val_loss 0.6935
2026-01-04 06:08:36.398815: val classification accuracy 0.5208
2026-01-04 06:08:36.403150: val auc 0.5182
2026-01-04 06:08:36.407589: Epoch time: 64.37 s
2026-01-04 06:08:37.198734: 
2026-01-04 06:08:37.202112: Epoch 71
2026-01-04 06:08:37.204691: Current learning rate: 8e-05
2026-01-04 06:09:41.835901: train_loss 0.7103
2026-01-04 06:09:41.840597: val_loss 0.6119
2026-01-04 06:09:41.843582: val classification accuracy 0.7083
2026-01-04 06:09:41.846454: val auc 0.7309
2026-01-04 06:09:41.849404: Epoch time: 64.64 s
2026-01-04 06:09:42.609841: 
2026-01-04 06:09:42.613031: Epoch 72
2026-01-04 06:09:42.615396: Current learning rate: 8e-05
2026-01-04 06:10:46.821965: train_loss 0.6884
2026-01-04 06:10:46.827331: val_loss 0.6797
2026-01-04 06:10:46.830527: val classification accuracy 0.5625
2026-01-04 06:10:46.833839: val auc 0.5851
2026-01-04 06:10:46.837006: Epoch time: 64.21 s
2026-01-04 06:10:47.618489: 
2026-01-04 06:10:47.622049: Epoch 73
2026-01-04 06:10:47.624772: Current learning rate: 8e-05
2026-01-04 06:11:52.004871: train_loss 0.6729
2026-01-04 06:11:52.009483: val_loss 0.7701
2026-01-04 06:11:52.012386: val classification accuracy 0.4792
2026-01-04 06:11:52.015502: val auc 0.4896
2026-01-04 06:11:52.018380: Epoch time: 64.39 s
2026-01-04 06:11:52.793895: 
2026-01-04 06:11:52.797282: Epoch 74
2026-01-04 06:11:52.799649: Current learning rate: 8e-05
2026-01-04 06:12:58.197684: train_loss 0.6986
2026-01-04 06:12:58.202974: val_loss 0.655
2026-01-04 06:12:58.206123: val classification accuracy 0.6667
2026-01-04 06:12:58.208938: val auc 0.6649
2026-01-04 06:12:58.211777: Epoch time: 65.4 s
2026-01-04 06:12:58.935785: 
2026-01-04 06:12:58.939441: Epoch 75
2026-01-04 06:12:58.942129: Current learning rate: 8e-05
2026-01-04 06:14:03.113612: train_loss 0.6856
2026-01-04 06:14:03.118245: val_loss 0.6383
2026-01-04 06:14:03.121346: val classification accuracy 0.6458
2026-01-04 06:14:03.124533: val auc 0.724
2026-01-04 06:14:03.127544: Epoch time: 64.18 s
2026-01-04 06:14:03.873437: 
2026-01-04 06:14:03.876927: Epoch 76
2026-01-04 06:14:03.879497: Current learning rate: 8e-05
2026-01-04 06:15:08.033241: train_loss 0.6964
2026-01-04 06:15:08.038489: val_loss 0.691
2026-01-04 06:15:08.041666: val classification accuracy 0.4375
2026-01-04 06:15:08.044842: val auc 0.5234
2026-01-04 06:15:08.047715: Epoch time: 64.16 s
2026-01-04 06:15:08.793162: 
2026-01-04 06:15:08.796597: Epoch 77
2026-01-04 06:15:08.799144: Current learning rate: 8e-05
2026-01-04 06:16:11.669618: train_loss 0.6823
2026-01-04 06:16:11.674330: val_loss 0.7529
2026-01-04 06:16:11.677168: val classification accuracy 0.5
2026-01-04 06:16:11.679942: val auc 0.4931
2026-01-04 06:16:11.682819: Epoch time: 62.88 s
2026-01-04 06:16:12.433050: 
2026-01-04 06:16:12.436865: Epoch 78
2026-01-04 06:16:12.439513: Current learning rate: 8e-05
2026-01-04 06:17:16.276053: train_loss 0.6896
2026-01-04 06:17:16.281129: val_loss 0.6284
2026-01-04 06:17:16.285100: val classification accuracy 0.6042
2026-01-04 06:17:16.288395: val auc 0.7552
2026-01-04 06:17:16.291412: Epoch time: 63.84 s
2026-01-04 06:17:17.084266: 
2026-01-04 06:17:17.088069: Epoch 79
2026-01-04 06:17:17.090785: Current learning rate: 8e-05
2026-01-04 06:18:20.283505: train_loss 0.7179
2026-01-04 06:18:20.288182: val_loss 0.6798
2026-01-04 06:18:20.291333: val classification accuracy 0.6042
2026-01-04 06:18:20.294307: val auc 0.6042
2026-01-04 06:18:20.297358: Epoch time: 63.2 s
2026-01-04 06:18:22.495760: Saved periodic checkpoint /hpf/projects/jquon/sumin/nnUNet_data/nnUNet_results/Dataset033_AVM_T1+C/SwinViTTrainer_ep300_NoMirroring_x2__nnUNetResEncUNetLPlans__3d_fullres/fold_7/checkpoint_every20_best_balacc.pth at epoch 79 with val_balanced_accuracy=0.6042
2026-01-04 06:18:23.306072: 
2026-01-04 06:18:23.309820: Epoch 80
2026-01-04 06:18:23.312286: Current learning rate: 8e-05
2026-01-04 06:19:26.565709: train_loss 0.6873
2026-01-04 06:19:26.570482: val_loss 0.6641
2026-01-04 06:19:26.573784: val classification accuracy 0.7083
2026-01-04 06:19:26.576683: val auc 0.6293
2026-01-04 06:19:26.579329: Epoch time: 63.26 s
2026-01-04 06:19:27.349410: 
2026-01-04 06:19:27.353005: Epoch 81
2026-01-04 06:19:27.355557: Current learning rate: 8e-05
2026-01-04 06:20:32.436116: train_loss 0.6827
2026-01-04 06:20:32.442798: val_loss 0.6931
2026-01-04 06:20:32.447003: val classification accuracy 0.5833
2026-01-04 06:20:32.450942: val auc 0.5842
2026-01-04 06:20:32.454583: Epoch time: 65.09 s
2026-01-04 06:20:33.224793: 
2026-01-04 06:20:33.228167: Epoch 82
2026-01-04 06:20:33.230785: Current learning rate: 8e-05
2026-01-04 06:21:38.008151: train_loss 0.6945
2026-01-04 06:21:38.013078: val_loss 0.6982
2026-01-04 06:21:38.016597: val classification accuracy 0.4792
2026-01-04 06:21:38.019615: val auc 0.5694
2026-01-04 06:21:38.041677: Epoch time: 64.78 s
2026-01-04 06:21:38.938336: 
2026-01-04 06:21:38.941797: Epoch 83
2026-01-04 06:21:38.944417: Current learning rate: 7e-05
2026-01-04 06:22:43.306783: train_loss 0.6778
2026-01-04 06:22:43.311404: val_loss 0.6935
2026-01-04 06:22:43.314267: val classification accuracy 0.5208
2026-01-04 06:22:43.317222: val auc 0.5833
2026-01-04 06:22:43.320284: Epoch time: 64.37 s
2026-01-04 06:22:44.965864: 
2026-01-04 06:22:44.969264: Epoch 84
2026-01-04 06:22:44.971795: Current learning rate: 7e-05
2026-01-04 06:23:50.022949: train_loss 0.6758
2026-01-04 06:23:50.027576: val_loss 0.6796
2026-01-04 06:23:50.030342: val classification accuracy 0.5833
2026-01-04 06:23:50.033067: val auc 0.6042
2026-01-04 06:23:50.035920: Epoch time: 65.06 s
2026-01-04 06:23:50.817576: 
2026-01-04 06:23:50.821138: Epoch 85
2026-01-04 06:23:50.823739: Current learning rate: 7e-05
2026-01-04 06:24:56.196658: train_loss 0.6702
2026-01-04 06:24:56.204000: val_loss 0.7129
2026-01-04 06:24:56.210217: val classification accuracy 0.5208
2026-01-04 06:24:56.214780: val auc 0.5252
2026-01-04 06:24:56.218410: Epoch time: 65.38 s
2026-01-04 06:24:57.012995: 
2026-01-04 06:24:57.016804: Epoch 86
2026-01-04 06:24:57.019407: Current learning rate: 7e-05
2026-01-04 06:26:02.112146: train_loss 0.686
2026-01-04 06:26:02.121973: val_loss 0.7288
2026-01-04 06:26:02.124933: val classification accuracy 0.5208
2026-01-04 06:26:02.128061: val auc 0.5417
2026-01-04 06:26:02.130984: Epoch time: 65.1 s
2026-01-04 06:26:02.875814: 
2026-01-04 06:26:02.879118: Epoch 87
2026-01-04 06:26:02.881636: Current learning rate: 7e-05
2026-01-04 06:27:07.453282: train_loss 0.736
2026-01-04 06:27:07.458328: val_loss 0.7212
2026-01-04 06:27:07.461399: val classification accuracy 0.5417
2026-01-04 06:27:07.464246: val auc 0.5382
2026-01-04 06:27:07.469432: Epoch time: 64.58 s
2026-01-04 06:27:08.249388: 
2026-01-04 06:27:08.253269: Epoch 88
2026-01-04 06:27:08.255912: Current learning rate: 7e-05
2026-01-04 06:28:13.384170: train_loss 0.7093
2026-01-04 06:28:13.394594: val_loss 0.7313
2026-01-04 06:28:13.398117: val classification accuracy 0.5
2026-01-04 06:28:13.401521: val auc 0.4635
2026-01-04 06:28:13.404937: Epoch time: 65.14 s
2026-01-04 06:28:14.232949: 
2026-01-04 06:28:14.236949: Epoch 89
2026-01-04 06:28:14.239765: Current learning rate: 7e-05
2026-01-04 06:29:18.997322: train_loss 0.6777
2026-01-04 06:29:19.003351: val_loss 0.7046
2026-01-04 06:29:19.007404: val classification accuracy 0.5833
2026-01-04 06:29:19.011223: val auc 0.5703
2026-01-04 06:29:19.014851: Epoch time: 64.77 s
2026-01-04 06:29:19.801390: 
2026-01-04 06:29:19.804803: Epoch 90
2026-01-04 06:29:19.807497: Current learning rate: 7e-05
2026-01-04 06:30:23.235833: train_loss 0.7005
2026-01-04 06:30:23.243738: val_loss 0.6934
2026-01-04 06:30:23.247892: val classification accuracy 0.5625
2026-01-04 06:30:23.251095: val auc 0.5599
2026-01-04 06:30:23.254521: Epoch time: 63.44 s
2026-01-04 06:30:23.980902: 
2026-01-04 06:30:23.984204: Epoch 91
2026-01-04 06:30:23.986641: Current learning rate: 7e-05
2026-01-04 06:31:28.450707: train_loss 0.6951
2026-01-04 06:31:28.456153: val_loss 0.6728
2026-01-04 06:31:28.459426: val classification accuracy 0.6667
2026-01-04 06:31:28.463029: val auc 0.6571
2026-01-04 06:31:28.466294: Epoch time: 64.47 s
2026-01-04 06:31:29.264890: 
2026-01-04 06:31:29.268883: Epoch 92
2026-01-04 06:31:29.271557: Current learning rate: 7e-05
2026-01-04 06:32:33.769687: train_loss 0.6855
2026-01-04 06:32:33.777921: val_loss 0.6632
2026-01-04 06:32:33.782840: val classification accuracy 0.6042
2026-01-04 06:32:33.787418: val auc 0.6545
2026-01-04 06:32:33.791514: Epoch time: 64.51 s
2026-01-04 06:32:34.576688: 
2026-01-04 06:32:34.580283: Epoch 93
2026-01-04 06:32:34.582901: Current learning rate: 7e-05
2026-01-04 06:33:39.101969: train_loss 0.6902
2026-01-04 06:33:39.106714: val_loss 0.6675
2026-01-04 06:33:39.109924: val classification accuracy 0.6667
2026-01-04 06:33:39.112904: val auc 0.724
2026-01-04 06:33:39.115950: Epoch time: 64.53 s
2026-01-04 06:33:39.945590: 
2026-01-04 06:33:39.949363: Epoch 94
2026-01-04 06:33:39.952137: Current learning rate: 7e-05
2026-01-04 06:34:44.631499: train_loss 0.7065
2026-01-04 06:34:44.635950: val_loss 0.6692
2026-01-04 06:34:44.639121: val classification accuracy 0.5833
2026-01-04 06:34:44.642026: val auc 0.6172
2026-01-04 06:34:44.645226: Epoch time: 64.69 s
2026-01-04 06:34:45.371798: 
2026-01-04 06:34:45.375114: Epoch 95
2026-01-04 06:34:45.377772: Current learning rate: 7e-05
2026-01-04 06:35:49.933291: train_loss 0.6767
2026-01-04 06:35:49.958522: val_loss 0.6951
2026-01-04 06:35:49.972420: val classification accuracy 0.5
2026-01-04 06:35:49.976036: val auc 0.5521
2026-01-04 06:35:49.979631: Epoch time: 64.56 s
2026-01-04 06:35:50.752175: 
2026-01-04 06:35:50.755840: Epoch 96
2026-01-04 06:35:50.758569: Current learning rate: 7e-05
2026-01-04 06:36:55.238149: train_loss 0.6741
2026-01-04 06:36:55.243130: val_loss 0.654
2026-01-04 06:36:55.246630: val classification accuracy 0.6875
2026-01-04 06:36:55.249709: val auc 0.6589
2026-01-04 06:36:55.253066: Epoch time: 64.49 s
2026-01-04 06:36:55.997518: 
2026-01-04 06:36:56.001080: Epoch 97
2026-01-04 06:36:56.003784: Current learning rate: 7e-05
2026-01-04 06:38:00.785108: train_loss 0.6918
2026-01-04 06:38:00.793673: val_loss 0.7099
2026-01-04 06:38:00.796850: val classification accuracy 0.3542
2026-01-04 06:38:00.800024: val auc 0.4332
2026-01-04 06:38:00.802898: Epoch time: 64.79 s
2026-01-04 06:38:01.572893: 
2026-01-04 06:38:01.576345: Epoch 98
2026-01-04 06:38:01.579023: Current learning rate: 7e-05
2026-01-04 06:39:06.034445: train_loss 0.6669
2026-01-04 06:39:06.038830: val_loss 0.7456
2026-01-04 06:39:06.041913: val classification accuracy 0.5
2026-01-04 06:39:06.044992: val auc 0.4861
2026-01-04 06:39:06.048369: Epoch time: 64.46 s
2026-01-04 06:39:06.807712: 
2026-01-04 06:39:06.811523: Epoch 99
2026-01-04 06:39:06.814182: Current learning rate: 7e-05
2026-01-04 06:40:11.236963: train_loss 0.6707
2026-01-04 06:40:11.241909: val_loss 0.7052
2026-01-04 06:40:11.245305: val classification accuracy 0.5625
2026-01-04 06:40:11.248796: val auc 0.5087
2026-01-04 06:40:11.252104: Epoch time: 64.43 s
2026-01-04 06:40:12.906589: 
2026-01-04 06:40:12.910588: Epoch 100
2026-01-04 06:40:12.913733: Current learning rate: 7e-05
2026-01-04 06:41:17.324715: train_loss 0.6827
2026-01-04 06:41:17.340146: val_loss 0.7243
2026-01-04 06:41:17.343319: val classification accuracy 0.5625
2026-01-04 06:41:17.346653: val auc 0.5304
2026-01-04 06:41:17.350594: Epoch time: 64.42 s
2026-01-04 06:41:18.084516: 
2026-01-04 06:41:18.088237: Epoch 101
2026-01-04 06:41:18.090688: Current learning rate: 7e-05
2026-01-04 06:42:21.562055: train_loss 0.6696
2026-01-04 06:42:21.567108: val_loss 0.6462
2026-01-04 06:42:21.570574: val classification accuracy 0.5833
2026-01-04 06:42:21.573781: val auc 0.671
2026-01-04 06:42:21.576939: Epoch time: 63.48 s
2026-01-04 06:42:22.403552: 
2026-01-04 06:42:22.406822: Epoch 102
2026-01-04 06:42:22.409591: Current learning rate: 7e-05
2026-01-04 06:43:25.514193: train_loss 0.6618
2026-01-04 06:43:25.521035: val_loss 0.6693
2026-01-04 06:43:25.524166: val classification accuracy 0.6042
2026-01-04 06:43:25.527519: val auc 0.6719
2026-01-04 06:43:25.532788: Epoch time: 63.11 s
2026-01-04 06:43:26.277494: 
2026-01-04 06:43:26.280742: Epoch 103
2026-01-04 06:43:26.285473: Current learning rate: 7e-05
2026-01-04 06:44:30.685475: train_loss 0.6784
2026-01-04 06:44:30.696725: val_loss 0.6575
2026-01-04 06:44:30.699768: val classification accuracy 0.625
2026-01-04 06:44:30.702891: val auc 0.6406
2026-01-04 06:44:30.706066: Epoch time: 64.41 s
2026-01-04 06:44:31.447335: 
2026-01-04 06:44:31.450906: Epoch 104
2026-01-04 06:44:31.453713: Current learning rate: 7e-05
2026-01-04 06:45:36.600062: train_loss 0.6543
2026-01-04 06:45:36.604448: val_loss 0.6477
2026-01-04 06:45:36.607167: val classification accuracy 0.75
2026-01-04 06:45:36.610036: val auc 0.6866
2026-01-04 06:45:36.612947: Epoch time: 65.15 s
2026-01-04 06:45:36.615579: Yayy! New best classification accuracy: 0.75
2026-01-04 06:45:39.476861: 
2026-01-04 06:45:39.480372: Epoch 105
2026-01-04 06:45:39.482931: Current learning rate: 7e-05
2026-01-04 06:46:44.614521: train_loss 0.6357
2026-01-04 06:46:44.619148: val_loss 0.7083
2026-01-04 06:46:44.622085: val classification accuracy 0.5833
2026-01-04 06:46:44.624954: val auc 0.5712
2026-01-04 06:46:44.630481: Epoch time: 65.14 s
2026-01-04 06:46:45.358746: 
2026-01-04 06:46:45.361914: Epoch 106
2026-01-04 06:46:45.364463: Current learning rate: 7e-05
2026-01-04 06:47:50.651087: train_loss 0.6769
2026-01-04 06:47:50.655540: val_loss 0.6927
2026-01-04 06:47:50.658417: val classification accuracy 0.5833
2026-01-04 06:47:50.661586: val auc 0.5712
2026-01-04 06:47:50.664580: Epoch time: 65.29 s
2026-01-04 06:47:51.416435: 
2026-01-04 06:47:51.419844: Epoch 107
2026-01-04 06:47:51.422522: Current learning rate: 7e-05
2026-01-04 06:48:56.153146: train_loss 0.7061
2026-01-04 06:48:56.158067: val_loss 0.7387
2026-01-04 06:48:56.162706: val classification accuracy 0.375
2026-01-04 06:48:56.165919: val auc 0.3142
2026-01-04 06:48:56.169238: Epoch time: 64.74 s
2026-01-04 06:48:56.920118: 
2026-01-04 06:48:56.923964: Epoch 108
2026-01-04 06:48:56.926826: Current learning rate: 7e-05
2026-01-04 06:50:01.219588: train_loss 0.6921
2026-01-04 06:50:01.224159: val_loss 0.7045
2026-01-04 06:50:01.227112: val classification accuracy 0.5208
2026-01-04 06:50:01.229982: val auc 0.5417
2026-01-04 06:50:01.233006: Epoch time: 64.3 s
2026-01-04 06:50:01.975644: 
2026-01-04 06:50:01.979123: Epoch 109
2026-01-04 06:50:01.981789: Current learning rate: 7e-05
2026-01-04 06:51:05.965361: train_loss 0.699
2026-01-04 06:51:05.970190: val_loss 0.7018
2026-01-04 06:51:05.973841: val classification accuracy 0.5833
2026-01-04 06:51:05.976681: val auc 0.5451
2026-01-04 06:51:05.979988: Epoch time: 63.99 s
2026-01-04 06:51:06.725551: 
2026-01-04 06:51:06.729381: Epoch 110
2026-01-04 06:51:06.732036: Current learning rate: 7e-05
2026-01-04 06:52:11.442452: train_loss 0.6866
2026-01-04 06:52:11.456748: val_loss 0.6245
2026-01-04 06:52:11.462599: val classification accuracy 0.7292
2026-01-04 06:52:11.467303: val auc 0.7691
2026-01-04 06:52:11.471715: Epoch time: 64.72 s
2026-01-04 06:52:12.220480: 
2026-01-04 06:52:12.224183: Epoch 111
2026-01-04 06:52:12.226779: Current learning rate: 7e-05
2026-01-04 06:53:18.181970: train_loss 0.6557
2026-01-04 06:53:18.186328: val_loss 0.8228
2026-01-04 06:53:18.189154: val classification accuracy 0.4792
2026-01-04 06:53:18.192710: val auc 0.4792
2026-01-04 06:53:18.195840: Epoch time: 65.96 s
2026-01-04 06:53:18.945129: 
2026-01-04 06:53:18.948864: Epoch 112
2026-01-04 06:53:18.951406: Current learning rate: 7e-05
2026-01-04 06:54:23.705037: train_loss 0.6759
2026-01-04 06:54:23.709200: val_loss 0.7069
2026-01-04 06:54:23.711850: val classification accuracy 0.5
2026-01-04 06:54:23.714549: val auc 0.5365
2026-01-04 06:54:23.717458: Epoch time: 64.76 s
2026-01-04 06:54:24.454201: 
2026-01-04 06:54:24.457588: Epoch 113
2026-01-04 06:54:24.460279: Current learning rate: 7e-05
2026-01-04 06:55:28.538843: train_loss 0.6707
2026-01-04 06:55:28.543346: val_loss 0.6548
2026-01-04 06:55:28.546808: val classification accuracy 0.6042
2026-01-04 06:55:28.549735: val auc 0.6476
2026-01-04 06:55:28.552923: Epoch time: 64.09 s
2026-01-04 06:55:29.263832: 
2026-01-04 06:55:29.267504: Epoch 114
2026-01-04 06:55:29.270211: Current learning rate: 7e-05
2026-01-04 06:56:33.383052: train_loss 0.6738
2026-01-04 06:56:33.396165: val_loss 0.699
2026-01-04 06:56:33.399630: val classification accuracy 0.5
2026-01-04 06:56:33.402583: val auc 0.5521
2026-01-04 06:56:33.405556: Epoch time: 64.12 s
2026-01-04 06:56:34.192481: 
2026-01-04 06:56:34.196155: Epoch 115
2026-01-04 06:56:34.198798: Current learning rate: 6e-05
2026-01-04 06:57:37.405980: train_loss 0.6744
2026-01-04 06:57:37.410967: val_loss 0.6465
2026-01-04 06:57:37.413909: val classification accuracy 0.6667
2026-01-04 06:57:37.416810: val auc 0.7031
2026-01-04 06:57:37.419783: Epoch time: 63.21 s
2026-01-04 06:57:38.254852: 
2026-01-04 06:57:38.258461: Epoch 116
2026-01-04 06:57:38.261041: Current learning rate: 6e-05
2026-01-04 06:58:42.596870: train_loss 0.6564
2026-01-04 06:58:42.601488: val_loss 0.7119
2026-01-04 06:58:42.604412: val classification accuracy 0.5417
2026-01-04 06:58:42.607607: val auc 0.5269
2026-01-04 06:58:42.610507: Epoch time: 64.34 s
2026-01-04 06:58:43.361128: 
2026-01-04 06:58:43.364893: Epoch 117
2026-01-04 06:58:43.367548: Current learning rate: 6e-05
2026-01-04 06:59:48.438789: train_loss 0.6581
2026-01-04 06:59:48.445850: val_loss 0.717
2026-01-04 06:59:48.450937: val classification accuracy 0.6042
2026-01-04 06:59:48.453900: val auc 0.4965
2026-01-04 06:59:48.456946: Epoch time: 65.08 s
2026-01-04 06:59:49.175493: 
2026-01-04 06:59:49.179358: Epoch 118
2026-01-04 06:59:49.182020: Current learning rate: 6e-05
2026-01-04 07:00:54.202618: train_loss 0.65
2026-01-04 07:00:54.207496: val_loss 0.6914
2026-01-04 07:00:54.210517: val classification accuracy 0.6042
2026-01-04 07:00:54.213977: val auc 0.5747
2026-01-04 07:00:54.216970: Epoch time: 65.03 s
2026-01-04 07:00:54.219745: Early stopping triggered at epoch 118. Best val_losses=0.5963
2026-01-04 07:00:54.968014: Stopping training early due to early stopping criterion.
2026-01-04 07:00:57.301453: Training done.
2026-01-04 07:00:57.308471: Skipping perform_actual_validation for classification trainer (segmentation-style sliding window is not applicable).
[1;34mwandb[0m: 
[1;34mwandb[0m: 🚀 View run [33mSwinViTTrainer_ep300_NoMirroring_x2_fold7[0m at: [34m[0m
[1;34mwandb[0m: Find logs at: [1;35m../../tmp/wandb/wandb/run-20260104_044958-5jj7lbic/logs[0m
