Using device: cuda:0

#######################################################################
Please cite the following paper when using nnU-Net:
Isensee, F., Jaeger, P. F., Kohl, S. A., Petersen, J., & Maier-Hein, K. H. (2021). nnU-Net: a self-configuring method for deep learning-based biomedical image segmentation. Nature methods, 18(2), 203-211.
#######################################################################

2026-01-04 07:27:06.178360: Using torch.compile...
2026-01-04 07:27:10.880176: do_dummy_2d_data_aug: False
2026-01-04 07:27:10.883569: Using splits from existing split file: /hpf/projects/jquon/sumin/nnUNet_data/nnUNet_preprocessed/Dataset033_AVM_T1+C/splits_final.json
2026-01-04 07:27:10.886967: The split file contains 11 splits.
2026-01-04 07:27:10.888802: Desired fold for training: 9
2026-01-04 07:27:10.890384: This split has 458 training and 54 validation cases.
using pin_memory on device 0
using pin_memory on device 0

This is the configuration used by this training:
Configuration name: 3d_fullres
 {'data_identifier': 'nnUNetPlans_3d_fullres', 'preprocessor_name': 'DefaultPreprocessor', 'batch_size': 2, 'patch_size': [160, 224, 192], 'median_image_size_in_voxels': [344.0, 448.0, 429.0], 'spacing': [0.500000923871994, 0.4910714328289032, 0.4910714328289032], 'normalization_schemes': ['ZScoreNormalization'], 'use_mask_for_norm': [False], 'resampling_fn_data': 'resample_data_or_seg_to_shape', 'resampling_fn_seg': 'resample_data_or_seg_to_shape', 'resampling_fn_data_kwargs': {'is_seg': False, 'order': 3, 'order_z': 0, 'force_separate_z': None}, 'resampling_fn_seg_kwargs': {'is_seg': True, 'order': 1, 'order_z': 0, 'force_separate_z': None}, 'resampling_fn_probabilities': 'resample_data_or_seg_to_shape', 'resampling_fn_probabilities_kwargs': {'is_seg': False, 'order': 1, 'order_z': 0, 'force_separate_z': None}, 'architecture': {'network_class_name': 'dynamic_network_architectures.architectures.unet.ResidualEncoderUNet', 'arch_kwargs': {'n_stages': 6, 'features_per_stage': [32, 64, 128, 256, 320, 320], 'conv_op': 'torch.nn.modules.conv.Conv3d', 'kernel_sizes': [[3, 3, 3], [3, 3, 3], [3, 3, 3], [3, 3, 3], [3, 3, 3], [3, 3, 3]], 'strides': [[1, 1, 1], [2, 2, 2], [2, 2, 2], [2, 2, 2], [2, 2, 2], [2, 2, 2]], 'n_blocks_per_stage': [1, 3, 4, 6, 6, 6], 'n_conv_per_stage_decoder': [1, 1, 1, 1, 1], 'conv_bias': True, 'norm_op': 'torch.nn.modules.instancenorm.InstanceNorm3d', 'norm_op_kwargs': {'eps': 1e-05, 'affine': True}, 'dropout_op': None, 'dropout_op_kwargs': None, 'nonlin': 'torch.nn.LeakyReLU', 'nonlin_kwargs': {'inplace': True}}, '_kw_requires_import': ['conv_op', 'norm_op', 'dropout_op', 'nonlin']}, 'batch_dice': True} 

These are the global plan.json settings:
 {'dataset_name': 'Dataset033_AVM_T1+C', 'plans_name': 'nnUNetResEncUNetLPlans', 'original_median_spacing_after_transp': [0.500000923871994, 0.4910714328289032, 0.4910714328289032], 'original_median_shape_after_transp': [330, 448, 424], 'image_reader_writer': 'SimpleITKIO', 'transpose_forward': [0, 1, 2], 'transpose_backward': [0, 1, 2], 'experiment_planner_used': 'nnUNetPlannerResEncL', 'label_manager': 'LabelManager', 'foreground_intensity_properties_per_channel': {'0': {'max': 12113.0, 'mean': 449.843505859375, 'median': 311.0, 'min': 0.0, 'percentile_00_5': 34.0, 'percentile_99_5': 3202.0, 'std': 471.56329345703125}}} 

2026-01-04 07:27:13.524722: Unable to plot network architecture: nnUNet_compile is enabled!
2026-01-04 07:27:13.617860: 
2026-01-04 07:27:13.625946: Epoch 0
2026-01-04 07:27:13.658984: Current learning rate: 0.0001
2026-01-04 07:29:19.034974: train_loss 0.7498
2026-01-04 07:29:19.039105: val_loss 0.7235
2026-01-04 07:29:19.041801: val classification accuracy 0.5
2026-01-04 07:29:19.050741: val auc 0.6735
2026-01-04 07:29:19.056150: Epoch time: 125.42 s
2026-01-04 07:29:19.059063: Yayy! New best EMA pseudo Dice: 0.6735
2026-01-04 07:29:21.182942: Yayy! New best classification accuracy: 0.5
2026-01-04 07:29:23.210700: 
2026-01-04 07:29:23.213899: Epoch 1
2026-01-04 07:29:23.216403: Current learning rate: 0.0001
2026-01-04 07:30:28.534056: train_loss 0.7409
2026-01-04 07:30:28.538383: val_loss 0.6898
2026-01-04 07:30:28.541214: val classification accuracy 0.537
2026-01-04 07:30:28.544151: val auc 0.6043
2026-01-04 07:30:28.547143: Epoch time: 65.32 s
2026-01-04 07:30:28.549388: Yayy! New best classification accuracy: 0.537
2026-01-04 07:30:31.482148: 
2026-01-04 07:30:31.484809: Epoch 2
2026-01-04 07:30:31.486791: Current learning rate: 0.0001
2026-01-04 07:31:35.588238: train_loss 0.7351
2026-01-04 07:31:35.599332: val_loss 0.7352
2026-01-04 07:31:35.604634: val classification accuracy 0.4444
2026-01-04 07:31:35.609314: val auc 0.465
2026-01-04 07:31:35.613178: Epoch time: 64.11 s
2026-01-04 07:31:36.388415: 
2026-01-04 07:31:36.390993: Epoch 3
2026-01-04 07:31:36.392704: Current learning rate: 0.0001
2026-01-04 07:32:41.161127: train_loss 0.7311
2026-01-04 07:32:41.165434: val_loss 0.8131
2026-01-04 07:32:41.167852: val classification accuracy 0.4444
2026-01-04 07:32:41.170153: val auc 0.428
2026-01-04 07:32:41.172426: Epoch time: 64.77 s
2026-01-04 07:32:42.821604: 
2026-01-04 07:32:42.824638: Epoch 4
2026-01-04 07:32:42.826723: Current learning rate: 0.0001
2026-01-04 07:33:47.094710: train_loss 0.7314
2026-01-04 07:33:47.124971: val_loss 0.7313
2026-01-04 07:33:47.127161: val classification accuracy 0.537
2026-01-04 07:33:47.129205: val auc 0.4499
2026-01-04 07:33:47.141758: Epoch time: 64.27 s
2026-01-04 07:33:47.963667: 
2026-01-04 07:33:47.966805: Epoch 5
2026-01-04 07:33:47.968891: Current learning rate: 0.0001
2026-01-04 07:34:52.524132: train_loss 0.7336
2026-01-04 07:34:52.528228: val_loss 0.739
2026-01-04 07:34:52.530815: val classification accuracy 0.4259
2026-01-04 07:34:52.533282: val auc 0.4472
2026-01-04 07:34:52.535547: Epoch time: 64.56 s
2026-01-04 07:34:53.299028: 
2026-01-04 07:34:53.302150: Epoch 6
2026-01-04 07:34:53.304470: Current learning rate: 0.0001
2026-01-04 07:35:57.713077: train_loss 0.7614
2026-01-04 07:35:57.718583: val_loss 0.7283
2026-01-04 07:35:57.721000: val classification accuracy 0.463
2026-01-04 07:35:57.723208: val auc 0.465
2026-01-04 07:35:57.725420: Epoch time: 64.42 s
2026-01-04 07:35:58.479945: 
2026-01-04 07:35:58.482791: Epoch 7
2026-01-04 07:35:58.484786: Current learning rate: 0.0001
2026-01-04 07:37:03.797063: train_loss 0.7517
2026-01-04 07:37:03.802525: val_loss 0.7117
2026-01-04 07:37:03.805915: val classification accuracy 0.5185
2026-01-04 07:37:03.809226: val auc 0.546
2026-01-04 07:37:03.812492: Epoch time: 65.32 s
2026-01-04 07:37:04.563527: 
2026-01-04 07:37:04.566914: Epoch 8
2026-01-04 07:37:04.569050: Current learning rate: 0.0001
2026-01-04 07:38:08.067600: train_loss 0.7125
2026-01-04 07:38:08.071843: val_loss 0.8019
2026-01-04 07:38:08.074462: val classification accuracy 0.4815
2026-01-04 07:38:08.077047: val auc 0.4047
2026-01-04 07:38:08.079726: Epoch time: 63.51 s
2026-01-04 07:38:08.836426: 
2026-01-04 07:38:08.839442: Epoch 9
2026-01-04 07:38:08.841607: Current learning rate: 0.0001
2026-01-04 07:39:12.321623: train_loss 0.7195
2026-01-04 07:39:12.329216: val_loss 0.7383
2026-01-04 07:39:12.332359: val classification accuracy 0.537
2026-01-04 07:39:12.335401: val auc 0.487
2026-01-04 07:39:12.338250: Epoch time: 63.49 s
2026-01-04 07:39:13.152475: 
2026-01-04 07:39:13.155391: Epoch 10
2026-01-04 07:39:13.157558: Current learning rate: 0.0001
2026-01-04 07:40:18.012976: train_loss 0.7336
2026-01-04 07:40:18.023100: val_loss 0.7814
2026-01-04 07:40:18.027021: val classification accuracy 0.463
2026-01-04 07:40:18.031144: val auc 0.4554
2026-01-04 07:40:18.034345: Epoch time: 64.86 s
2026-01-04 07:40:18.874543: 
2026-01-04 07:40:18.878199: Epoch 11
2026-01-04 07:40:18.880203: Current learning rate: 0.0001
2026-01-04 07:41:23.594104: train_loss 0.6927
2026-01-04 07:41:23.598387: val_loss 0.7201
2026-01-04 07:41:23.603644: val classification accuracy 0.5185
2026-01-04 07:41:23.606205: val auc 0.511
2026-01-04 07:41:23.608897: Epoch time: 64.72 s
2026-01-04 07:41:24.396631: 
2026-01-04 07:41:24.400092: Epoch 12
2026-01-04 07:41:24.402413: Current learning rate: 0.0001
2026-01-04 07:42:29.836213: train_loss 0.6986
2026-01-04 07:42:29.840639: val_loss 0.7175
2026-01-04 07:42:29.843698: val classification accuracy 0.5
2026-01-04 07:42:29.846521: val auc 0.487
2026-01-04 07:42:29.849246: Epoch time: 65.44 s
2026-01-04 07:42:30.589941: 
2026-01-04 07:42:30.593323: Epoch 13
2026-01-04 07:42:30.595932: Current learning rate: 0.0001
2026-01-04 07:43:35.787418: train_loss 0.7478
2026-01-04 07:43:35.791648: val_loss 0.7554
2026-01-04 07:43:35.794283: val classification accuracy 0.5
2026-01-04 07:43:35.797271: val auc 0.5103
2026-01-04 07:43:35.800481: Epoch time: 65.2 s
2026-01-04 07:43:36.602556: 
2026-01-04 07:43:36.606104: Epoch 14
2026-01-04 07:43:36.608494: Current learning rate: 0.0001
2026-01-04 07:44:41.517555: train_loss 0.7342
2026-01-04 07:44:41.521819: val_loss 0.7045
2026-01-04 07:44:41.524834: val classification accuracy 0.5
2026-01-04 07:44:41.527651: val auc 0.5405
2026-01-04 07:44:41.530173: Epoch time: 64.92 s
2026-01-04 07:44:42.266109: 
2026-01-04 07:44:42.269536: Epoch 15
2026-01-04 07:44:42.272033: Current learning rate: 0.0001
2026-01-04 07:45:45.633463: train_loss 0.7372
2026-01-04 07:45:45.637957: val_loss 0.7281
2026-01-04 07:45:45.640949: val classification accuracy 0.5185
2026-01-04 07:45:45.643531: val auc 0.5357
2026-01-04 07:45:45.646138: Epoch time: 63.37 s
2026-01-04 07:45:46.465492: 
2026-01-04 07:45:46.469454: Epoch 16
2026-01-04 07:45:46.472541: Current learning rate: 0.0001
2026-01-04 07:46:49.575457: train_loss 0.7016
2026-01-04 07:46:49.580444: val_loss 0.6937
2026-01-04 07:46:49.583016: val classification accuracy 0.5556
2026-01-04 07:46:49.585839: val auc 0.5137
2026-01-04 07:46:49.588656: Epoch time: 63.11 s
2026-01-04 07:46:49.591043: Yayy! New best classification accuracy: 0.5556
2026-01-04 07:46:52.604925: 
2026-01-04 07:46:52.608129: Epoch 17
2026-01-04 07:46:52.610814: Current learning rate: 9e-05
2026-01-04 07:47:56.618356: train_loss 0.7073
2026-01-04 07:47:56.622619: val_loss 0.8473
2026-01-04 07:47:56.625522: val classification accuracy 0.5
2026-01-04 07:47:56.628258: val auc 0.3971
2026-01-04 07:47:56.631204: Epoch time: 64.01 s
2026-01-04 07:47:57.401718: 
2026-01-04 07:47:57.405541: Epoch 18
2026-01-04 07:47:57.407971: Current learning rate: 9e-05
2026-01-04 07:49:02.885643: train_loss 0.7234
2026-01-04 07:49:02.891428: val_loss 0.7315
2026-01-04 07:49:02.895123: val classification accuracy 0.4259
2026-01-04 07:49:02.899173: val auc 0.406
2026-01-04 07:49:02.902817: Epoch time: 65.49 s
2026-01-04 07:49:03.686011: 
2026-01-04 07:49:03.689694: Epoch 19
2026-01-04 07:49:03.692119: Current learning rate: 9e-05
2026-01-04 07:50:07.808995: train_loss 0.7183
2026-01-04 07:50:07.813530: val_loss 0.8294
2026-01-04 07:50:07.816474: val classification accuracy 0.463
2026-01-04 07:50:07.820576: val auc 0.4321
2026-01-04 07:50:07.824410: Epoch time: 64.12 s
2026-01-04 07:50:09.855940: Saved periodic checkpoint /hpf/projects/jquon/sumin/nnUNet_data/nnUNet_results/Dataset033_AVM_T1+C/SwinViTTrainer_ep300_NoMirroring_x2__nnUNetResEncUNetLPlans__3d_fullres/fold_9/checkpoint_every20_best_balacc.pth at epoch 19 with val_balanced_accuracy=0.4630
2026-01-04 07:50:11.112413: Saved periodic checkpoint /hpf/projects/jquon/sumin/nnUNet_data/nnUNet_results/Dataset033_AVM_T1+C/SwinViTTrainer_ep300_NoMirroring_x2__nnUNetResEncUNetLPlans__3d_fullres/fold_9/checkpoint_every20_best_auroc.pth at epoch 19 with val_auc=0.4321
2026-01-04 07:50:12.625251: 
2026-01-04 07:50:12.628847: Epoch 20
2026-01-04 07:50:12.631428: Current learning rate: 9e-05
2026-01-04 07:51:17.133747: train_loss 0.7497
2026-01-04 07:51:17.138057: val_loss 0.7113
2026-01-04 07:51:17.140950: val classification accuracy 0.5
2026-01-04 07:51:17.143812: val auc 0.3971
2026-01-04 07:51:17.146534: Epoch time: 64.51 s
2026-01-04 07:51:17.858015: 
2026-01-04 07:51:17.861389: Epoch 21
2026-01-04 07:51:17.863914: Current learning rate: 9e-05
2026-01-04 07:52:21.696177: train_loss 0.7311
2026-01-04 07:52:21.700772: val_loss 0.7174
2026-01-04 07:52:21.704001: val classification accuracy 0.5
2026-01-04 07:52:21.707115: val auc 0.4925
2026-01-04 07:52:21.709802: Epoch time: 63.84 s
2026-01-04 07:52:22.439032: 
2026-01-04 07:52:22.442381: Epoch 22
2026-01-04 07:52:22.444939: Current learning rate: 9e-05
2026-01-04 07:53:26.844102: train_loss 0.7628
2026-01-04 07:53:26.848887: val_loss 0.7534
2026-01-04 07:53:26.852000: val classification accuracy 0.463
2026-01-04 07:53:26.855036: val auc 0.4506
2026-01-04 07:53:26.858028: Epoch time: 64.41 s
2026-01-04 07:53:27.596506: 
2026-01-04 07:53:27.600337: Epoch 23
2026-01-04 07:53:27.603057: Current learning rate: 9e-05
2026-01-04 07:54:32.591692: train_loss 0.7211
2026-01-04 07:54:32.596166: val_loss 0.7387
2026-01-04 07:54:32.598995: val classification accuracy 0.4815
2026-01-04 07:54:32.601699: val auc 0.4938
2026-01-04 07:54:32.604539: Epoch time: 65.0 s
2026-01-04 07:54:33.337283: 
2026-01-04 07:54:33.341796: Epoch 24
2026-01-04 07:54:33.344765: Current learning rate: 9e-05
2026-01-04 07:55:38.168622: train_loss 0.7161
2026-01-04 07:55:38.176510: val_loss 0.7025
2026-01-04 07:55:38.180794: val classification accuracy 0.4444
2026-01-04 07:55:38.185496: val auc 0.4595
2026-01-04 07:55:38.190097: Epoch time: 64.83 s
2026-01-04 07:55:38.952535: 
2026-01-04 07:55:38.955988: Epoch 25
2026-01-04 07:55:38.960120: Current learning rate: 9e-05
2026-01-04 07:56:43.967332: train_loss 0.7078
2026-01-04 07:56:43.973024: val_loss 0.6777
2026-01-04 07:56:43.976586: val classification accuracy 0.5185
2026-01-04 07:56:43.979934: val auc 0.5844
2026-01-04 07:56:43.983214: Epoch time: 65.02 s
2026-01-04 07:56:44.814633: 
2026-01-04 07:56:44.818160: Epoch 26
2026-01-04 07:56:44.820755: Current learning rate: 9e-05
2026-01-04 07:57:49.028817: train_loss 0.7124
2026-01-04 07:57:49.033348: val_loss 0.8003
2026-01-04 07:57:49.036308: val classification accuracy 0.463
2026-01-04 07:57:49.038853: val auc 0.4582
2026-01-04 07:57:49.041553: Epoch time: 64.22 s
2026-01-04 07:57:49.781165: 
2026-01-04 07:57:49.784337: Epoch 27
2026-01-04 07:57:49.786710: Current learning rate: 9e-05
2026-01-04 07:58:54.171246: train_loss 0.6922
2026-01-04 07:58:54.175897: val_loss 0.7199
2026-01-04 07:58:54.179050: val classification accuracy 0.537
2026-01-04 07:58:54.181960: val auc 0.4733
2026-01-04 07:58:54.184896: Epoch time: 64.39 s
2026-01-04 07:58:55.125399: 
2026-01-04 07:58:55.129390: Epoch 28
2026-01-04 07:58:55.131979: Current learning rate: 9e-05
2026-01-04 07:59:59.931792: train_loss 0.7095
2026-01-04 07:59:59.936341: val_loss 0.7179
2026-01-04 07:59:59.939388: val classification accuracy 0.5
2026-01-04 07:59:59.942549: val auc 0.5117
2026-01-04 07:59:59.945395: Epoch time: 64.81 s
2026-01-04 08:00:00.788649: 
2026-01-04 08:00:00.792004: Epoch 29
2026-01-04 08:00:00.794557: Current learning rate: 9e-05
2026-01-04 08:01:05.508672: train_loss 0.7461
2026-01-04 08:01:05.513434: val_loss 0.6948
2026-01-04 08:01:05.516649: val classification accuracy 0.5185
2026-01-04 08:01:05.519375: val auc 0.5254
2026-01-04 08:01:05.522506: Epoch time: 64.72 s
2026-01-04 08:01:06.283771: 
2026-01-04 08:01:06.287548: Epoch 30
2026-01-04 08:01:06.290142: Current learning rate: 9e-05
2026-01-04 08:02:11.470509: train_loss 0.7058
2026-01-04 08:02:11.475538: val_loss 0.6746
2026-01-04 08:02:11.478559: val classification accuracy 0.5741
2026-01-04 08:02:11.481476: val auc 0.6022
2026-01-04 08:02:11.484340: Epoch time: 65.19 s
2026-01-04 08:02:11.486860: Yayy! New best classification accuracy: 0.5741
2026-01-04 08:02:14.277212: 
2026-01-04 08:02:14.280872: Epoch 31
2026-01-04 08:02:14.283378: Current learning rate: 9e-05
2026-01-04 08:03:18.265311: train_loss 0.7273
2026-01-04 08:03:18.270414: val_loss 0.6728
2026-01-04 08:03:18.273268: val classification accuracy 0.6667
2026-01-04 08:03:18.276095: val auc 0.7167
2026-01-04 08:03:18.279027: Epoch time: 63.99 s
2026-01-04 08:03:18.281507: Yayy! New best EMA pseudo Dice: 0.7167
2026-01-04 08:03:20.320339: Yayy! New best classification accuracy: 0.6667
2026-01-04 08:03:22.522557: 
2026-01-04 08:03:22.526088: Epoch 32
2026-01-04 08:03:22.528520: Current learning rate: 9e-05
2026-01-04 08:04:27.057016: train_loss 0.7078
2026-01-04 08:04:27.063712: val_loss 0.7028
2026-01-04 08:04:27.067058: val classification accuracy 0.4259
2026-01-04 08:04:27.070059: val auc 0.4986
2026-01-04 08:04:27.072726: Epoch time: 64.54 s
2026-01-04 08:04:27.828840: 
2026-01-04 08:04:27.832737: Epoch 33
2026-01-04 08:04:27.835389: Current learning rate: 9e-05
2026-01-04 08:05:33.059570: train_loss 0.7065
2026-01-04 08:05:33.065074: val_loss 0.784
2026-01-04 08:05:33.068070: val classification accuracy 0.4074
2026-01-04 08:05:33.071087: val auc 0.4005
2026-01-04 08:05:33.074336: Epoch time: 65.23 s
2026-01-04 08:05:33.860519: 
2026-01-04 08:05:33.863786: Epoch 34
2026-01-04 08:05:33.866290: Current learning rate: 9e-05
2026-01-04 08:06:38.087529: train_loss 0.6988
2026-01-04 08:06:38.109039: val_loss 0.6792
2026-01-04 08:06:38.112238: val classification accuracy 0.5556
2026-01-04 08:06:38.115686: val auc 0.596
2026-01-04 08:06:38.118640: Epoch time: 64.23 s
2026-01-04 08:06:38.857227: 
2026-01-04 08:06:38.861027: Epoch 35
2026-01-04 08:06:38.863814: Current learning rate: 9e-05
2026-01-04 08:07:43.570289: train_loss 0.6974
2026-01-04 08:07:43.583091: val_loss 0.6479
2026-01-04 08:07:43.586502: val classification accuracy 0.6296
2026-01-04 08:07:43.589243: val auc 0.7263
2026-01-04 08:07:43.592300: Epoch time: 64.71 s
2026-01-04 08:07:43.594970: Yayy! New best EMA pseudo Dice: 0.7263
2026-01-04 08:07:47.300985: 
2026-01-04 08:07:47.304245: Epoch 36
2026-01-04 08:07:47.306661: Current learning rate: 9e-05
2026-01-04 08:08:52.138940: train_loss 0.6814
2026-01-04 08:08:52.143748: val_loss 0.6642
2026-01-04 08:08:52.146844: val classification accuracy 0.537
2026-01-04 08:08:52.149990: val auc 0.6447
2026-01-04 08:08:52.152828: Epoch time: 64.84 s
2026-01-04 08:08:52.902453: 
2026-01-04 08:08:52.906241: Epoch 37
2026-01-04 08:08:52.908661: Current learning rate: 9e-05
2026-01-04 08:09:57.361801: train_loss 0.7102
2026-01-04 08:09:57.365995: val_loss 0.7139
2026-01-04 08:09:57.368704: val classification accuracy 0.5
2026-01-04 08:09:57.371358: val auc 0.4918
2026-01-04 08:09:57.374005: Epoch time: 64.46 s
2026-01-04 08:09:58.119971: 
2026-01-04 08:09:58.123116: Epoch 38
2026-01-04 08:09:58.125839: Current learning rate: 9e-05
2026-01-04 08:11:01.840198: train_loss 0.7092
2026-01-04 08:11:01.860990: val_loss 0.7307
2026-01-04 08:11:01.865386: val classification accuracy 0.5
2026-01-04 08:11:01.869319: val auc 0.4883
2026-01-04 08:11:01.873100: Epoch time: 63.72 s
2026-01-04 08:11:02.629277: 
2026-01-04 08:11:02.632377: Epoch 39
2026-01-04 08:11:02.634897: Current learning rate: 9e-05
2026-01-04 08:12:07.104487: train_loss 0.7071
2026-01-04 08:12:07.109130: val_loss 0.7652
2026-01-04 08:12:07.111930: val classification accuracy 0.5556
2026-01-04 08:12:07.114697: val auc 0.5185
2026-01-04 08:12:07.117581: Epoch time: 64.48 s
2026-01-04 08:12:09.107132: Saved periodic checkpoint /hpf/projects/jquon/sumin/nnUNet_data/nnUNet_results/Dataset033_AVM_T1+C/SwinViTTrainer_ep300_NoMirroring_x2__nnUNetResEncUNetLPlans__3d_fullres/fold_9/checkpoint_every20_best_balacc.pth at epoch 39 with val_balanced_accuracy=0.5556
2026-01-04 08:12:10.917206: Saved periodic checkpoint /hpf/projects/jquon/sumin/nnUNet_data/nnUNet_results/Dataset033_AVM_T1+C/SwinViTTrainer_ep300_NoMirroring_x2__nnUNetResEncUNetLPlans__3d_fullres/fold_9/checkpoint_every20_best_auroc.pth at epoch 39 with val_auc=0.5185
2026-01-04 08:12:11.649820: 
2026-01-04 08:12:11.653064: Epoch 40
2026-01-04 08:12:11.655434: Current learning rate: 9e-05
2026-01-04 08:13:15.846506: train_loss 0.7374
2026-01-04 08:13:15.850575: val_loss 0.6666
2026-01-04 08:13:15.853163: val classification accuracy 0.5741
2026-01-04 08:13:15.855850: val auc 0.6523
2026-01-04 08:13:15.858502: Epoch time: 64.2 s
2026-01-04 08:13:16.624790: 
2026-01-04 08:13:16.628999: Epoch 41
2026-01-04 08:13:16.632203: Current learning rate: 9e-05
2026-01-04 08:14:20.913224: train_loss 0.7286
2026-01-04 08:14:20.917634: val_loss 0.6872
2026-01-04 08:14:20.920400: val classification accuracy 0.5185
2026-01-04 08:14:20.923422: val auc 0.5816
2026-01-04 08:14:20.926268: Epoch time: 64.29 s
2026-01-04 08:14:21.691957: 
2026-01-04 08:14:21.695404: Epoch 42
2026-01-04 08:14:21.697927: Current learning rate: 9e-05
2026-01-04 08:15:26.106785: train_loss 0.6937
2026-01-04 08:15:26.111584: val_loss 0.6986
2026-01-04 08:15:26.114519: val classification accuracy 0.5
2026-01-04 08:15:26.117178: val auc 0.4678
2026-01-04 08:15:26.120121: Epoch time: 64.42 s
2026-01-04 08:15:26.895984: 
2026-01-04 08:15:26.900050: Epoch 43
2026-01-04 08:15:26.902514: Current learning rate: 9e-05
2026-01-04 08:16:31.252659: train_loss 0.7032
2026-01-04 08:16:31.256859: val_loss 0.6779
2026-01-04 08:16:31.259605: val classification accuracy 0.5185
2026-01-04 08:16:31.262484: val auc 0.5926
2026-01-04 08:16:31.265219: Epoch time: 64.36 s
2026-01-04 08:16:32.018668: 
2026-01-04 08:16:32.021873: Epoch 44
2026-01-04 08:16:32.024282: Current learning rate: 9e-05
2026-01-04 08:17:36.020304: train_loss 0.7525
2026-01-04 08:17:36.025461: val_loss 0.7306
2026-01-04 08:17:36.028893: val classification accuracy 0.4259
2026-01-04 08:17:36.031951: val auc 0.4636
2026-01-04 08:17:36.034872: Epoch time: 64.0 s
2026-01-04 08:17:36.768164: 
2026-01-04 08:17:36.771652: Epoch 45
2026-01-04 08:17:36.774350: Current learning rate: 9e-05
2026-01-04 08:18:40.932583: train_loss 0.7023
2026-01-04 08:18:40.937251: val_loss 0.741
2026-01-04 08:18:40.940499: val classification accuracy 0.4259
2026-01-04 08:18:40.943193: val auc 0.4444
2026-01-04 08:18:40.945710: Epoch time: 64.17 s
2026-01-04 08:18:41.683191: 
2026-01-04 08:18:41.686481: Epoch 46
2026-01-04 08:18:41.688908: Current learning rate: 9e-05
2026-01-04 08:19:44.892128: train_loss 0.7014
2026-01-04 08:19:44.896306: val_loss 0.75
2026-01-04 08:19:44.899151: val classification accuracy 0.3704
2026-01-04 08:19:44.901798: val auc 0.3155
2026-01-04 08:19:44.904441: Epoch time: 63.21 s
2026-01-04 08:19:45.676381: 
2026-01-04 08:19:45.680032: Epoch 47
2026-01-04 08:19:45.682470: Current learning rate: 9e-05
2026-01-04 08:20:49.844365: train_loss 0.7068
2026-01-04 08:20:49.849779: val_loss 0.6919
2026-01-04 08:20:49.853505: val classification accuracy 0.5185
2026-01-04 08:20:49.856752: val auc 0.4698
2026-01-04 08:20:49.860178: Epoch time: 64.17 s
2026-01-04 08:20:50.603566: 
2026-01-04 08:20:50.607759: Epoch 48
2026-01-04 08:20:50.610815: Current learning rate: 9e-05
2026-01-04 08:21:55.408404: train_loss 0.6906
2026-01-04 08:21:55.412343: val_loss 0.715
2026-01-04 08:21:55.415352: val classification accuracy 0.463
2026-01-04 08:21:55.418235: val auc 0.4294
2026-01-04 08:21:55.420953: Epoch time: 64.81 s
2026-01-04 08:21:56.145534: 
2026-01-04 08:21:56.148856: Epoch 49
2026-01-04 08:21:56.151154: Current learning rate: 9e-05
2026-01-04 08:23:00.913541: train_loss 0.6839
2026-01-04 08:23:00.918047: val_loss 0.8204
2026-01-04 08:23:00.920996: val classification accuracy 0.4444
2026-01-04 08:23:00.923973: val auc 0.4499
2026-01-04 08:23:00.926841: Epoch time: 64.77 s
2026-01-04 08:23:01.712455: 
2026-01-04 08:23:01.718755: Epoch 50
2026-01-04 08:23:01.721485: Current learning rate: 8e-05
2026-01-04 08:24:06.322691: train_loss 0.705
2026-01-04 08:24:06.327258: val_loss 0.7115
2026-01-04 08:24:06.329921: val classification accuracy 0.4815
2026-01-04 08:24:06.332611: val auc 0.4458
2026-01-04 08:24:06.335585: Epoch time: 64.61 s
2026-01-04 08:24:07.102596: 
2026-01-04 08:24:07.105914: Epoch 51
2026-01-04 08:24:07.108525: Current learning rate: 8e-05
2026-01-04 08:25:12.648674: train_loss 0.713
2026-01-04 08:25:12.654208: val_loss 0.7212
2026-01-04 08:25:12.657841: val classification accuracy 0.5185
2026-01-04 08:25:12.661410: val auc 0.4465
2026-01-04 08:25:12.666583: Epoch time: 65.55 s
2026-01-04 08:25:14.331400: 
2026-01-04 08:25:14.334648: Epoch 52
2026-01-04 08:25:14.337174: Current learning rate: 8e-05
2026-01-04 08:26:18.517483: train_loss 0.6995
2026-01-04 08:26:18.539989: val_loss 0.6954
2026-01-04 08:26:18.551375: val classification accuracy 0.5556
2026-01-04 08:26:18.561024: val auc 0.5487
2026-01-04 08:26:18.568352: Epoch time: 64.19 s
2026-01-04 08:26:19.368524: 
2026-01-04 08:26:19.372128: Epoch 53
2026-01-04 08:26:19.374660: Current learning rate: 8e-05
2026-01-04 08:27:23.638638: train_loss 0.6829
2026-01-04 08:27:23.643442: val_loss 0.7203
2026-01-04 08:27:23.646744: val classification accuracy 0.5
2026-01-04 08:27:23.649387: val auc 0.4575
2026-01-04 08:27:23.652510: Epoch time: 64.27 s
2026-01-04 08:27:24.403015: 
2026-01-04 08:27:24.406169: Epoch 54
2026-01-04 08:27:24.408674: Current learning rate: 8e-05
2026-01-04 08:28:28.789072: train_loss 0.703
2026-01-04 08:28:28.793469: val_loss 0.7386
2026-01-04 08:28:28.796241: val classification accuracy 0.5185
2026-01-04 08:28:28.799062: val auc 0.4348
2026-01-04 08:28:28.801899: Epoch time: 64.39 s
2026-01-04 08:28:29.546623: 
2026-01-04 08:28:29.550367: Epoch 55
2026-01-04 08:28:29.552963: Current learning rate: 8e-05
2026-01-04 08:29:34.476032: train_loss 0.6987
2026-01-04 08:29:34.481416: val_loss 0.6955
2026-01-04 08:29:34.484686: val classification accuracy 0.5741
2026-01-04 08:29:34.487792: val auc 0.5665
2026-01-04 08:29:34.490761: Epoch time: 64.93 s
2026-01-04 08:29:35.243851: 
2026-01-04 08:29:35.247196: Epoch 56
2026-01-04 08:29:35.249780: Current learning rate: 8e-05
2026-01-04 08:30:39.489686: train_loss 0.6864
2026-01-04 08:30:39.493950: val_loss 0.8002
2026-01-04 08:30:39.496984: val classification accuracy 0.5
2026-01-04 08:30:39.499752: val auc 0.4664
2026-01-04 08:30:39.502502: Epoch time: 64.25 s
2026-01-04 08:30:40.246410: 
2026-01-04 08:30:40.249871: Epoch 57
2026-01-04 08:30:40.252437: Current learning rate: 8e-05
2026-01-04 08:31:45.490100: train_loss 0.7131
2026-01-04 08:31:45.499142: val_loss 0.7176
2026-01-04 08:31:45.504920: val classification accuracy 0.4259
2026-01-04 08:31:45.510730: val auc 0.4781
2026-01-04 08:31:45.516158: Epoch time: 65.25 s
2026-01-04 08:31:46.351491: 
2026-01-04 08:31:46.355209: Epoch 58
2026-01-04 08:31:46.357759: Current learning rate: 8e-05
2026-01-04 08:32:51.040979: train_loss 0.7152
2026-01-04 08:32:51.045245: val_loss 0.7321
2026-01-04 08:32:51.048332: val classification accuracy 0.463
2026-01-04 08:32:51.051275: val auc 0.4671
2026-01-04 08:32:51.054024: Epoch time: 64.69 s
2026-01-04 08:32:51.776409: 
2026-01-04 08:32:51.779595: Epoch 59
2026-01-04 08:32:51.782196: Current learning rate: 8e-05
2026-01-04 08:33:54.656520: train_loss 0.6986
2026-01-04 08:33:54.661356: val_loss 0.7411
2026-01-04 08:33:54.664604: val classification accuracy 0.4815
2026-01-04 08:33:54.667737: val auc 0.4225
2026-01-04 08:33:54.670465: Epoch time: 62.88 s
2026-01-04 08:33:55.449081: 
2026-01-04 08:33:55.452983: Epoch 60
2026-01-04 08:33:55.456100: Current learning rate: 8e-05
2026-01-04 08:34:59.149891: train_loss 0.7015
2026-01-04 08:34:59.154772: val_loss 0.7305
2026-01-04 08:34:59.158171: val classification accuracy 0.4444
2026-01-04 08:34:59.161311: val auc 0.4609
2026-01-04 08:34:59.164283: Epoch time: 63.7 s
2026-01-04 08:34:59.896981: 
2026-01-04 08:34:59.900663: Epoch 61
2026-01-04 08:34:59.903915: Current learning rate: 8e-05
2026-01-04 08:36:03.160478: train_loss 0.6924
2026-01-04 08:36:03.165450: val_loss 0.7125
2026-01-04 08:36:03.168790: val classification accuracy 0.463
2026-01-04 08:36:03.171828: val auc 0.4204
2026-01-04 08:36:03.175104: Epoch time: 63.26 s
2026-01-04 08:36:03.927250: 
2026-01-04 08:36:03.930651: Epoch 62
2026-01-04 08:36:03.933288: Current learning rate: 8e-05
2026-01-04 08:37:08.170421: train_loss 0.6924
2026-01-04 08:37:08.174632: val_loss 0.6708
2026-01-04 08:37:08.177856: val classification accuracy 0.6296
2026-01-04 08:37:08.180533: val auc 0.6365
2026-01-04 08:37:08.182922: Epoch time: 64.24 s
2026-01-04 08:37:08.940050: 
2026-01-04 08:37:08.943472: Epoch 63
2026-01-04 08:37:08.946044: Current learning rate: 8e-05
2026-01-04 08:38:13.613893: train_loss 0.6987
2026-01-04 08:38:13.618519: val_loss 0.7053
2026-01-04 08:38:13.621786: val classification accuracy 0.4259
2026-01-04 08:38:13.624790: val auc 0.4396
2026-01-04 08:38:13.627925: Epoch time: 64.68 s
2026-01-04 08:38:14.380088: 
2026-01-04 08:38:14.384302: Epoch 64
2026-01-04 08:38:14.387055: Current learning rate: 8e-05
2026-01-04 08:39:18.406426: train_loss 0.6834
2026-01-04 08:39:18.412096: val_loss 0.6951
2026-01-04 08:39:18.415611: val classification accuracy 0.5556
2026-01-04 08:39:18.419091: val auc 0.5514
2026-01-04 08:39:18.422190: Epoch time: 64.03 s
2026-01-04 08:39:19.234849: 
2026-01-04 08:39:19.238384: Epoch 65
2026-01-04 08:39:19.241066: Current learning rate: 8e-05
2026-01-04 08:40:23.265008: train_loss 0.6974
2026-01-04 08:40:23.270563: val_loss 0.756
2026-01-04 08:40:23.273473: val classification accuracy 0.4444
2026-01-04 08:40:23.276374: val auc 0.4856
2026-01-04 08:40:23.279377: Epoch time: 64.03 s
2026-01-04 08:40:24.055191: 
2026-01-04 08:40:24.058457: Epoch 66
2026-01-04 08:40:24.061058: Current learning rate: 8e-05
2026-01-04 08:41:29.404291: train_loss 0.6808
2026-01-04 08:41:29.409093: val_loss 0.6699
2026-01-04 08:41:29.412245: val classification accuracy 0.6296
2026-01-04 08:41:29.415113: val auc 0.6406
2026-01-04 08:41:29.452452: Epoch time: 65.35 s
2026-01-04 08:41:30.225397: 
2026-01-04 08:41:30.229357: Epoch 67
2026-01-04 08:41:30.232348: Current learning rate: 8e-05
2026-01-04 08:42:36.173034: train_loss 0.6879
2026-01-04 08:42:36.177986: val_loss 0.7111
2026-01-04 08:42:36.180820: val classification accuracy 0.537
2026-01-04 08:42:36.183848: val auc 0.4877
2026-01-04 08:42:36.186818: Epoch time: 65.95 s
2026-01-04 08:42:36.927606: 
2026-01-04 08:42:36.931168: Epoch 68
2026-01-04 08:42:36.933763: Current learning rate: 8e-05
2026-01-04 08:43:41.266265: train_loss 0.6813
2026-01-04 08:43:41.270555: val_loss 0.7171
2026-01-04 08:43:41.273302: val classification accuracy 0.4815
2026-01-04 08:43:41.275841: val auc 0.4883
2026-01-04 08:43:41.278685: Epoch time: 64.34 s
2026-01-04 08:43:42.030492: 
2026-01-04 08:43:42.033963: Epoch 69
2026-01-04 08:43:42.036543: Current learning rate: 8e-05
2026-01-04 08:44:47.288222: train_loss 0.6895
2026-01-04 08:44:47.299229: val_loss 0.7196
2026-01-04 08:44:47.302900: val classification accuracy 0.4444
2026-01-04 08:44:47.306313: val auc 0.4424
2026-01-04 08:44:47.309350: Epoch time: 65.26 s
2026-01-04 08:44:48.073910: 
2026-01-04 08:44:48.077403: Epoch 70
2026-01-04 08:44:48.080439: Current learning rate: 8e-05
2026-01-04 08:45:52.211299: train_loss 0.6903
2026-01-04 08:45:52.217729: val_loss 0.7343
2026-01-04 08:45:52.220998: val classification accuracy 0.3889
2026-01-04 08:45:52.224189: val auc 0.4074
2026-01-04 08:45:52.227323: Epoch time: 64.14 s
2026-01-04 08:45:52.984406: 
2026-01-04 08:45:52.988541: Epoch 71
2026-01-04 08:45:52.991063: Current learning rate: 8e-05
2026-01-04 08:46:57.132453: train_loss 0.6998
2026-01-04 08:46:57.136988: val_loss 0.6914
2026-01-04 08:46:57.139894: val classification accuracy 0.537
2026-01-04 08:46:57.143306: val auc 0.5713
2026-01-04 08:46:57.146366: Epoch time: 64.15 s
2026-01-04 08:46:57.920961: 
2026-01-04 08:46:57.924416: Epoch 72
2026-01-04 08:46:57.926919: Current learning rate: 8e-05
2026-01-04 08:48:01.362946: train_loss 0.6782
2026-01-04 08:48:01.367902: val_loss 0.7813
2026-01-04 08:48:01.371141: val classification accuracy 0.4444
2026-01-04 08:48:01.374141: val auc 0.4198
2026-01-04 08:48:01.377434: Epoch time: 63.44 s
2026-01-04 08:48:02.110048: 
2026-01-04 08:48:02.113924: Epoch 73
2026-01-04 08:48:02.116311: Current learning rate: 8e-05
2026-01-04 08:49:06.240442: train_loss 0.6823
2026-01-04 08:49:06.245373: val_loss 0.7064
2026-01-04 08:49:06.248672: val classification accuracy 0.463
2026-01-04 08:49:06.251994: val auc 0.4691
2026-01-04 08:49:06.255278: Epoch time: 64.13 s
2026-01-04 08:49:07.033901: 
2026-01-04 08:49:07.037734: Epoch 74
2026-01-04 08:49:07.040457: Current learning rate: 8e-05
2026-01-04 08:50:11.643741: train_loss 0.6823
2026-01-04 08:50:11.648499: val_loss 0.6702
2026-01-04 08:50:11.651142: val classification accuracy 0.5185
2026-01-04 08:50:11.653753: val auc 0.5857
2026-01-04 08:50:11.656756: Epoch time: 64.61 s
2026-01-04 08:50:12.381755: 
2026-01-04 08:50:12.384932: Epoch 75
2026-01-04 08:50:12.387275: Current learning rate: 8e-05
2026-01-04 08:51:16.775450: train_loss 0.6827
2026-01-04 08:51:16.782665: val_loss 0.6898
2026-01-04 08:51:16.787625: val classification accuracy 0.537
2026-01-04 08:51:16.792161: val auc 0.5274
2026-01-04 08:51:16.796441: Epoch time: 64.39 s
2026-01-04 08:51:17.540192: 
2026-01-04 08:51:17.544057: Epoch 76
2026-01-04 08:51:17.546574: Current learning rate: 8e-05
2026-01-04 08:52:21.085673: train_loss 0.6752
2026-01-04 08:52:21.092749: val_loss 0.691
2026-01-04 08:52:21.097146: val classification accuracy 0.5556
2026-01-04 08:52:21.101024: val auc 0.548
2026-01-04 08:52:21.104597: Epoch time: 63.55 s
2026-01-04 08:52:21.852322: 
2026-01-04 08:52:21.855993: Epoch 77
2026-01-04 08:52:21.858756: Current learning rate: 8e-05
2026-01-04 08:53:25.951894: train_loss 0.6827
2026-01-04 08:53:25.956172: val_loss 0.737
2026-01-04 08:53:25.959578: val classification accuracy 0.4444
2026-01-04 08:53:25.962770: val auc 0.4348
2026-01-04 08:53:25.965936: Epoch time: 64.1 s
2026-01-04 08:53:26.679115: 
2026-01-04 08:53:26.682206: Epoch 78
2026-01-04 08:53:26.684753: Current learning rate: 8e-05
2026-01-04 08:54:30.324809: train_loss 0.6875
2026-01-04 08:54:30.329486: val_loss 0.7525
2026-01-04 08:54:30.332418: val classification accuracy 0.3889
2026-01-04 08:54:30.335292: val auc 0.4328
2026-01-04 08:54:30.338253: Epoch time: 63.65 s
2026-01-04 08:54:31.081038: 
2026-01-04 08:54:31.084634: Epoch 79
2026-01-04 08:54:31.087329: Current learning rate: 8e-05
2026-01-04 08:55:34.834071: train_loss 0.6732
2026-01-04 08:55:34.838636: val_loss 0.7066
2026-01-04 08:55:34.841979: val classification accuracy 0.4259
2026-01-04 08:55:34.845250: val auc 0.4979
2026-01-04 08:55:34.848194: Epoch time: 63.75 s
2026-01-04 08:55:35.608948: 
2026-01-04 08:55:35.612696: Epoch 80
2026-01-04 08:55:35.615432: Current learning rate: 8e-05
2026-01-04 08:56:39.213825: train_loss 0.6755
2026-01-04 08:56:39.218692: val_loss 0.7239
2026-01-04 08:56:39.221778: val classification accuracy 0.6111
2026-01-04 08:56:39.224972: val auc 0.6118
2026-01-04 08:56:39.227849: Epoch time: 63.61 s
2026-01-04 08:56:39.973955: 
2026-01-04 08:56:39.977401: Epoch 81
2026-01-04 08:56:39.979917: Current learning rate: 8e-05
2026-01-04 08:57:45.668627: train_loss 0.7134
2026-01-04 08:57:45.673954: val_loss 0.7013
2026-01-04 08:57:45.677472: val classification accuracy 0.463
2026-01-04 08:57:45.681113: val auc 0.489
2026-01-04 08:57:45.684256: Epoch time: 65.7 s
2026-01-04 08:57:46.550995: 
2026-01-04 08:57:46.554806: Epoch 82
2026-01-04 08:57:46.557548: Current learning rate: 8e-05
2026-01-04 08:58:50.678212: train_loss 0.6835
2026-01-04 08:58:50.683334: val_loss 0.74
2026-01-04 08:58:50.686742: val classification accuracy 0.4444
2026-01-04 08:58:50.689520: val auc 0.3971
2026-01-04 08:58:50.692711: Epoch time: 64.13 s
2026-01-04 08:58:52.237242: 
2026-01-04 08:58:52.240885: Epoch 83
2026-01-04 08:58:52.243719: Current learning rate: 7e-05
2026-01-04 08:59:56.280042: train_loss 0.6763
2026-01-04 08:59:56.284668: val_loss 0.7189
2026-01-04 08:59:56.287983: val classification accuracy 0.4815
2026-01-04 08:59:56.290948: val auc 0.5096
2026-01-04 08:59:56.294269: Epoch time: 64.04 s
2026-01-04 08:59:57.022902: 
2026-01-04 08:59:57.026457: Epoch 84
2026-01-04 08:59:57.029379: Current learning rate: 7e-05
2026-01-04 09:01:00.305600: train_loss 0.6919
2026-01-04 09:01:00.310482: val_loss 0.7464
2026-01-04 09:01:00.313542: val classification accuracy 0.4074
2026-01-04 09:01:00.316695: val auc 0.393
2026-01-04 09:01:00.325970: Epoch time: 63.28 s
2026-01-04 09:01:01.082734: 
2026-01-04 09:01:01.086344: Epoch 85
2026-01-04 09:01:01.089097: Current learning rate: 7e-05
2026-01-04 09:02:05.524684: train_loss 0.6875
2026-01-04 09:02:05.529469: val_loss 0.7189
2026-01-04 09:02:05.532546: val classification accuracy 0.5185
2026-01-04 09:02:05.535816: val auc 0.5569
2026-01-04 09:02:05.538731: Epoch time: 64.44 s
2026-01-04 09:02:06.253931: 
2026-01-04 09:02:06.257652: Epoch 86
2026-01-04 09:02:06.260222: Current learning rate: 7e-05
2026-01-04 09:03:11.103394: train_loss 0.6958
2026-01-04 09:03:11.107646: val_loss 0.6972
2026-01-04 09:03:11.110775: val classification accuracy 0.4444
2026-01-04 09:03:11.113750: val auc 0.4973
2026-01-04 09:03:11.116621: Epoch time: 64.85 s
2026-01-04 09:03:11.862644: 
2026-01-04 09:03:11.866297: Epoch 87
2026-01-04 09:03:11.871001: Current learning rate: 7e-05
2026-01-04 09:04:17.572367: train_loss 0.6989
2026-01-04 09:04:17.576979: val_loss 0.6923
2026-01-04 09:04:17.580376: val classification accuracy 0.537
2026-01-04 09:04:17.583457: val auc 0.5336
2026-01-04 09:04:17.586533: Epoch time: 65.71 s
2026-01-04 09:04:18.414942: 
2026-01-04 09:04:18.418516: Epoch 88
2026-01-04 09:04:18.421585: Current learning rate: 7e-05
2026-01-04 09:05:23.914668: train_loss 0.6891
2026-01-04 09:05:23.919374: val_loss 0.6997
2026-01-04 09:05:23.922498: val classification accuracy 0.3889
2026-01-04 09:05:23.925919: val auc 0.4588
2026-01-04 09:05:23.928980: Epoch time: 65.5 s
2026-01-04 09:05:24.718011: 
2026-01-04 09:05:24.721434: Epoch 89
2026-01-04 09:05:24.723951: Current learning rate: 7e-05
2026-01-04 09:06:30.754419: train_loss 0.681
2026-01-04 09:06:30.760554: val_loss 0.683
2026-01-04 09:06:30.779627: val classification accuracy 0.5556
2026-01-04 09:06:30.794192: val auc 0.5377
2026-01-04 09:06:30.798784: Epoch time: 66.04 s
2026-01-04 09:06:31.582347: 
2026-01-04 09:06:31.586339: Epoch 90
2026-01-04 09:06:31.590227: Current learning rate: 7e-05
2026-01-04 09:07:37.897295: train_loss 0.6663
2026-01-04 09:07:37.901566: val_loss 0.6774
2026-01-04 09:07:37.904871: val classification accuracy 0.5556
2026-01-04 09:07:37.907697: val auc 0.5912
2026-01-04 09:07:37.910821: Epoch time: 66.32 s
2026-01-04 09:07:38.635417: 
2026-01-04 09:07:38.639446: Epoch 91
2026-01-04 09:07:38.642273: Current learning rate: 7e-05
2026-01-04 09:08:43.994449: train_loss 0.6797
2026-01-04 09:08:43.999032: val_loss 0.6807
2026-01-04 09:08:44.001992: val classification accuracy 0.4444
2026-01-04 09:08:44.005145: val auc 0.5508
2026-01-04 09:08:44.008341: Epoch time: 65.36 s
2026-01-04 09:08:44.735027: 
2026-01-04 09:08:44.738416: Epoch 92
2026-01-04 09:08:44.741000: Current learning rate: 7e-05
2026-01-04 09:09:49.065767: train_loss 0.6793
2026-01-04 09:09:49.081240: val_loss 0.713
2026-01-04 09:09:49.084350: val classification accuracy 0.537
2026-01-04 09:09:49.087280: val auc 0.4554
2026-01-04 09:09:49.090373: Epoch time: 64.33 s
2026-01-04 09:09:49.817367: 
2026-01-04 09:09:49.820823: Epoch 93
2026-01-04 09:09:49.823625: Current learning rate: 7e-05
2026-01-04 09:10:54.646035: train_loss 0.6836
2026-01-04 09:10:54.650908: val_loss 0.686
2026-01-04 09:10:54.654044: val classification accuracy 0.4815
2026-01-04 09:10:54.657121: val auc 0.5508
2026-01-04 09:10:54.660224: Epoch time: 64.83 s
2026-01-04 09:10:55.434411: 
2026-01-04 09:10:55.438385: Epoch 94
2026-01-04 09:10:55.441323: Current learning rate: 7e-05
2026-01-04 09:11:59.578520: train_loss 0.6912
2026-01-04 09:11:59.583696: val_loss 0.7094
2026-01-04 09:11:59.587236: val classification accuracy 0.4815
2026-01-04 09:11:59.590588: val auc 0.4623
2026-01-04 09:11:59.594223: Epoch time: 64.15 s
2026-01-04 09:12:00.362769: 
2026-01-04 09:12:00.366427: Epoch 95
2026-01-04 09:12:00.369199: Current learning rate: 7e-05
2026-01-04 09:13:04.696446: train_loss 0.6774
2026-01-04 09:13:04.701068: val_loss 0.6965
2026-01-04 09:13:04.704136: val classification accuracy 0.463
2026-01-04 09:13:04.707262: val auc 0.5069
2026-01-04 09:13:04.710114: Epoch time: 64.33 s
2026-01-04 09:13:05.460047: 
2026-01-04 09:13:05.463882: Epoch 96
2026-01-04 09:13:05.466512: Current learning rate: 7e-05
2026-01-04 09:14:09.854681: train_loss 0.6852
2026-01-04 09:14:09.859130: val_loss 0.7249
2026-01-04 09:14:09.862612: val classification accuracy 0.4074
2026-01-04 09:14:09.865629: val auc 0.4218
2026-01-04 09:14:09.868423: Epoch time: 64.4 s
2026-01-04 09:14:10.626790: 
2026-01-04 09:14:10.630366: Epoch 97
2026-01-04 09:14:10.633047: Current learning rate: 7e-05
2026-01-04 09:15:13.984127: train_loss 0.6804
2026-01-04 09:15:13.988429: val_loss 0.6886
2026-01-04 09:15:13.991084: val classification accuracy 0.5556
2026-01-04 09:15:13.993629: val auc 0.5576
2026-01-04 09:15:13.996229: Epoch time: 63.36 s
2026-01-04 09:15:14.702339: 
2026-01-04 09:15:14.705670: Epoch 98
2026-01-04 09:15:14.708145: Current learning rate: 7e-05
2026-01-04 09:16:19.653992: train_loss 0.6827
2026-01-04 09:16:19.679049: val_loss 0.7269
2026-01-04 09:16:19.685329: val classification accuracy 0.463
2026-01-04 09:16:19.688248: val auc 0.4355
2026-01-04 09:16:19.691408: Epoch time: 64.95 s
2026-01-04 09:16:20.441983: 
2026-01-04 09:16:20.445386: Epoch 99
2026-01-04 09:16:20.447913: Current learning rate: 7e-05
2026-01-04 09:17:26.308152: train_loss 0.6703
2026-01-04 09:17:26.324889: val_loss 0.8338
2026-01-04 09:17:26.336262: val classification accuracy 0.537
2026-01-04 09:17:26.340508: val auc 0.4938
2026-01-04 09:17:26.344230: Epoch time: 65.87 s
2026-01-04 09:17:27.103574: 
2026-01-04 09:17:27.107370: Epoch 100
2026-01-04 09:17:27.110094: Current learning rate: 7e-05
2026-01-04 09:18:31.052409: train_loss 0.6924
2026-01-04 09:18:31.056586: val_loss 0.6778
2026-01-04 09:18:31.059295: val classification accuracy 0.6481
2026-01-04 09:18:31.062046: val auc 0.5768
2026-01-04 09:18:31.064836: Epoch time: 63.95 s
2026-01-04 09:18:31.798197: 
2026-01-04 09:18:31.801749: Epoch 101
2026-01-04 09:18:31.804729: Current learning rate: 7e-05
2026-01-04 09:19:36.231411: train_loss 0.685
2026-01-04 09:19:36.237068: val_loss 0.7384
2026-01-04 09:19:36.240764: val classification accuracy 0.4444
2026-01-04 09:19:36.244308: val auc 0.4026
2026-01-04 09:19:36.248081: Epoch time: 64.43 s
2026-01-04 09:19:37.045642: 
2026-01-04 09:19:37.049139: Epoch 102
2026-01-04 09:19:37.051748: Current learning rate: 7e-05
2026-01-04 09:20:41.733702: train_loss 0.6705
2026-01-04 09:20:41.738085: val_loss 0.7078
2026-01-04 09:20:41.741163: val classification accuracy 0.6111
2026-01-04 09:20:41.744135: val auc 0.5905
2026-01-04 09:20:41.747047: Epoch time: 64.69 s
2026-01-04 09:20:42.501121: 
2026-01-04 09:20:42.504731: Epoch 103
2026-01-04 09:20:42.507328: Current learning rate: 7e-05
2026-01-04 09:21:47.013373: train_loss 0.6907
2026-01-04 09:21:47.017805: val_loss 0.6941
2026-01-04 09:21:47.020869: val classification accuracy 0.5185
2026-01-04 09:21:47.023606: val auc 0.5473
2026-01-04 09:21:47.026252: Epoch time: 64.51 s
2026-01-04 09:21:47.763596: 
2026-01-04 09:21:47.767183: Epoch 104
2026-01-04 09:21:47.770046: Current learning rate: 7e-05
2026-01-04 09:22:52.587497: train_loss 0.6926
2026-01-04 09:22:52.592372: val_loss 0.7213
2026-01-04 09:22:52.595378: val classification accuracy 0.4444
2026-01-04 09:22:52.598522: val auc 0.4561
2026-01-04 09:22:52.601662: Epoch time: 64.83 s
2026-01-04 09:22:53.360578: 
2026-01-04 09:22:53.364136: Epoch 105
2026-01-04 09:22:53.366682: Current learning rate: 7e-05
2026-01-04 09:23:57.369019: train_loss 0.687
2026-01-04 09:23:57.373662: val_loss 0.6909
2026-01-04 09:23:57.377095: val classification accuracy 0.5
2026-01-04 09:23:57.380063: val auc 0.4431
2026-01-04 09:23:57.382836: Epoch time: 64.01 s
2026-01-04 09:23:58.138817: 
2026-01-04 09:23:58.142283: Epoch 106
2026-01-04 09:23:58.144778: Current learning rate: 7e-05
2026-01-04 09:25:03.211064: train_loss 0.6733
2026-01-04 09:25:03.215454: val_loss 0.7247
2026-01-04 09:25:03.218345: val classification accuracy 0.4444
2026-01-04 09:25:03.221386: val auc 0.4005
2026-01-04 09:25:03.224342: Epoch time: 65.07 s
2026-01-04 09:25:03.995477: 
2026-01-04 09:25:03.999537: Epoch 107
2026-01-04 09:25:04.002469: Current learning rate: 7e-05
2026-01-04 09:26:09.086037: train_loss 0.6881
2026-01-04 09:26:09.091526: val_loss 0.7383
2026-01-04 09:26:09.094777: val classification accuracy 0.463
2026-01-04 09:26:09.097484: val auc 0.2826
2026-01-04 09:26:09.100294: Epoch time: 65.09 s
2026-01-04 09:26:09.836447: 
2026-01-04 09:26:09.840025: Epoch 108
2026-01-04 09:26:09.842488: Current learning rate: 7e-05
2026-01-04 09:27:14.158688: train_loss 0.6889
2026-01-04 09:27:14.166048: val_loss 0.6859
2026-01-04 09:27:14.170586: val classification accuracy 0.5556
2026-01-04 09:27:14.174727: val auc 0.5583
2026-01-04 09:27:14.178308: Epoch time: 64.32 s
2026-01-04 09:27:14.987951: 
2026-01-04 09:27:14.991783: Epoch 109
2026-01-04 09:27:14.994601: Current learning rate: 7e-05
2026-01-04 09:28:18.852277: train_loss 0.6797
2026-01-04 09:28:18.857183: val_loss 0.7289
2026-01-04 09:28:18.860497: val classification accuracy 0.5185
2026-01-04 09:28:18.863543: val auc 0.4698
2026-01-04 09:28:18.866783: Epoch time: 63.87 s
2026-01-04 09:28:19.616783: 
2026-01-04 09:28:19.620356: Epoch 110
2026-01-04 09:28:19.623241: Current learning rate: 7e-05
2026-01-04 09:29:23.968715: train_loss 0.6659
2026-01-04 09:29:23.973572: val_loss 0.8171
2026-01-04 09:29:23.977137: val classification accuracy 0.4074
2026-01-04 09:29:23.980751: val auc 0.3855
2026-01-04 09:29:23.984495: Epoch time: 64.35 s
2026-01-04 09:29:24.812822: 
2026-01-04 09:29:24.816526: Epoch 111
2026-01-04 09:29:24.819051: Current learning rate: 7e-05
2026-01-04 09:30:29.554346: train_loss 0.6984
2026-01-04 09:30:29.558803: val_loss 0.7317
2026-01-04 09:30:29.561728: val classification accuracy 0.4444
2026-01-04 09:30:29.564602: val auc 0.3985
2026-01-04 09:30:29.567575: Epoch time: 64.74 s
2026-01-04 09:30:30.291205: 
2026-01-04 09:30:30.294739: Epoch 112
2026-01-04 09:30:30.297282: Current learning rate: 7e-05
2026-01-04 09:31:34.998088: train_loss 0.681
2026-01-04 09:31:35.005333: val_loss 0.6999
2026-01-04 09:31:35.009868: val classification accuracy 0.5
2026-01-04 09:31:35.013586: val auc 0.4822
2026-01-04 09:31:35.017316: Epoch time: 64.71 s
2026-01-04 09:31:35.784296: 
2026-01-04 09:31:35.787971: Epoch 113
2026-01-04 09:31:35.790529: Current learning rate: 7e-05
2026-01-04 09:32:40.124220: train_loss 0.6717
2026-01-04 09:32:40.133290: val_loss 0.6698
2026-01-04 09:32:40.139808: val classification accuracy 0.5556
2026-01-04 09:32:40.147394: val auc 0.5947
2026-01-04 09:32:40.154928: Epoch time: 64.34 s
2026-01-04 09:32:41.023141: 
2026-01-04 09:32:41.026495: Epoch 114
2026-01-04 09:32:41.029344: Current learning rate: 7e-05
2026-01-04 09:33:46.228701: train_loss 0.6616
2026-01-04 09:33:46.233168: val_loss 0.6932
2026-01-04 09:33:46.236192: val classification accuracy 0.5556
2026-01-04 09:33:46.239157: val auc 0.5775
2026-01-04 09:33:46.242131: Epoch time: 65.21 s
2026-01-04 09:33:46.985535: 
2026-01-04 09:33:46.989377: Epoch 115
2026-01-04 09:33:46.992255: Current learning rate: 6e-05
2026-01-04 09:34:53.110718: train_loss 0.679
2026-01-04 09:34:53.115712: val_loss 0.6773
2026-01-04 09:34:53.119058: val classification accuracy 0.5185
2026-01-04 09:34:53.122026: val auc 0.5871
2026-01-04 09:34:53.125176: Epoch time: 66.13 s
2026-01-04 09:34:53.128114: Early stopping triggered at epoch 115. Best val_losses=0.6479
2026-01-04 09:34:53.846003: Stopping training early due to early stopping criterion.
2026-01-04 09:34:56.171326: Training done.
2026-01-04 09:34:56.177838: Skipping perform_actual_validation for classification trainer (segmentation-style sliding window is not applicable).
[1;34mwandb[0m: 
[1;34mwandb[0m: 🚀 View run [33mSwinViTTrainer_ep300_NoMirroring_x2_fold9[0m at: [34m[0m
[1;34mwandb[0m: Find logs at: [1;35m../../tmp/wandb/wandb/run-20260104_072710-0l5wb0ge/logs[0m
