Using device: cuda:0

#######################################################################
Please cite the following paper when using nnU-Net:
Isensee, F., Jaeger, P. F., Kohl, S. A., Petersen, J., & Maier-Hein, K. H. (2021). nnU-Net: a self-configuring method for deep learning-based biomedical image segmentation. Nature methods, 18(2), 203-211.
#######################################################################

2026-01-03 22:54:21.477822: Using torch.compile...
2026-01-03 22:54:27.152175: do_dummy_2d_data_aug: False
2026-01-03 22:54:27.156489: Using splits from existing split file: /hpf/projects/jquon/sumin/nnUNet_data/nnUNet_preprocessed/Dataset033_AVM_T1+C/splits_final.json
2026-01-03 22:54:27.160574: The split file contains 11 splits.
2026-01-03 22:54:27.163300: Desired fold for training: 1
2026-01-03 22:54:27.165543: This split has 472 training and 40 validation cases.
using pin_memory on device 0
using pin_memory on device 0

This is the configuration used by this training:
Configuration name: 3d_fullres
 {'data_identifier': 'nnUNetPlans_3d_fullres', 'preprocessor_name': 'DefaultPreprocessor', 'batch_size': 2, 'patch_size': [160, 224, 192], 'median_image_size_in_voxels': [344.0, 448.0, 429.0], 'spacing': [0.500000923871994, 0.4910714328289032, 0.4910714328289032], 'normalization_schemes': ['ZScoreNormalization'], 'use_mask_for_norm': [False], 'resampling_fn_data': 'resample_data_or_seg_to_shape', 'resampling_fn_seg': 'resample_data_or_seg_to_shape', 'resampling_fn_data_kwargs': {'is_seg': False, 'order': 3, 'order_z': 0, 'force_separate_z': None}, 'resampling_fn_seg_kwargs': {'is_seg': True, 'order': 1, 'order_z': 0, 'force_separate_z': None}, 'resampling_fn_probabilities': 'resample_data_or_seg_to_shape', 'resampling_fn_probabilities_kwargs': {'is_seg': False, 'order': 1, 'order_z': 0, 'force_separate_z': None}, 'architecture': {'network_class_name': 'dynamic_network_architectures.architectures.unet.ResidualEncoderUNet', 'arch_kwargs': {'n_stages': 6, 'features_per_stage': [32, 64, 128, 256, 320, 320], 'conv_op': 'torch.nn.modules.conv.Conv3d', 'kernel_sizes': [[3, 3, 3], [3, 3, 3], [3, 3, 3], [3, 3, 3], [3, 3, 3], [3, 3, 3]], 'strides': [[1, 1, 1], [2, 2, 2], [2, 2, 2], [2, 2, 2], [2, 2, 2], [2, 2, 2]], 'n_blocks_per_stage': [1, 3, 4, 6, 6, 6], 'n_conv_per_stage_decoder': [1, 1, 1, 1, 1], 'conv_bias': True, 'norm_op': 'torch.nn.modules.instancenorm.InstanceNorm3d', 'norm_op_kwargs': {'eps': 1e-05, 'affine': True}, 'dropout_op': None, 'dropout_op_kwargs': None, 'nonlin': 'torch.nn.LeakyReLU', 'nonlin_kwargs': {'inplace': True}}, '_kw_requires_import': ['conv_op', 'norm_op', 'dropout_op', 'nonlin']}, 'batch_dice': True} 

These are the global plan.json settings:
 {'dataset_name': 'Dataset033_AVM_T1+C', 'plans_name': 'nnUNetResEncUNetLPlans', 'original_median_spacing_after_transp': [0.500000923871994, 0.4910714328289032, 0.4910714328289032], 'original_median_shape_after_transp': [330, 448, 424], 'image_reader_writer': 'SimpleITKIO', 'transpose_forward': [0, 1, 2], 'transpose_backward': [0, 1, 2], 'experiment_planner_used': 'nnUNetPlannerResEncL', 'label_manager': 'LabelManager', 'foreground_intensity_properties_per_channel': {'0': {'max': 12113.0, 'mean': 449.843505859375, 'median': 311.0, 'min': 0.0, 'percentile_00_5': 34.0, 'percentile_99_5': 3202.0, 'std': 471.56329345703125}}} 

2026-01-03 22:54:30.218722: Unable to plot network architecture: nnUNet_compile is enabled!
2026-01-03 22:54:30.247272: 
2026-01-03 22:54:30.268202: Epoch 0
2026-01-03 22:54:30.270817: Current learning rate: 0.0001
2026-01-03 22:56:36.680599: train_loss 0.7313
2026-01-03 22:56:36.684534: val_loss 0.6975
2026-01-03 22:56:36.686979: val classification accuracy 0.45
2026-01-03 22:56:36.689375: val auc 0.4462
2026-01-03 22:56:36.691791: Epoch time: 126.44 s
2026-01-03 22:56:36.693906: Yayy! New best EMA pseudo Dice: 0.4462
2026-01-03 22:56:38.892882: Yayy! New best classification accuracy: 0.45
2026-01-03 22:56:41.029799: 
2026-01-03 22:56:41.032943: Epoch 1
2026-01-03 22:56:41.035184: Current learning rate: 0.0001
2026-01-03 22:57:43.586801: train_loss 0.7054
2026-01-03 22:57:43.592305: val_loss 0.6938
2026-01-03 22:57:43.595440: val classification accuracy 0.55
2026-01-03 22:57:43.598196: val auc 0.4988
2026-01-03 22:57:43.600642: Epoch time: 62.56 s
2026-01-03 22:57:43.603046: Yayy! New best EMA pseudo Dice: 0.4988
2026-01-03 22:57:46.093619: Yayy! New best classification accuracy: 0.55
2026-01-03 22:57:48.393318: 
2026-01-03 22:57:48.396283: Epoch 2
2026-01-03 22:57:48.398591: Current learning rate: 0.0001
2026-01-03 22:58:51.023887: train_loss 0.7341
2026-01-03 22:58:51.027186: val_loss 0.6992
2026-01-03 22:58:51.029397: val classification accuracy 0.5
2026-01-03 22:58:51.031529: val auc 0.4362
2026-01-03 22:58:51.033550: Epoch time: 62.63 s
2026-01-03 22:58:51.785780: 
2026-01-03 22:58:51.788726: Epoch 3
2026-01-03 22:58:51.790523: Current learning rate: 0.0001
2026-01-03 22:59:54.673160: train_loss 0.7224
2026-01-03 22:59:54.677129: val_loss 0.6933
2026-01-03 22:59:54.679568: val classification accuracy 0.5
2026-01-03 22:59:54.681935: val auc 0.4375
2026-01-03 22:59:54.684381: Epoch time: 62.89 s
2026-01-03 22:59:56.260090: 
2026-01-03 22:59:56.263243: Epoch 4
2026-01-03 22:59:56.265426: Current learning rate: 0.0001
2026-01-03 23:00:59.023083: train_loss 0.7287
2026-01-03 23:00:59.027291: val_loss 0.7043
2026-01-03 23:00:59.030097: val classification accuracy 0.5
2026-01-03 23:00:59.032723: val auc 0.6475
2026-01-03 23:00:59.035317: Epoch time: 62.76 s
2026-01-03 23:00:59.037491: Yayy! New best EMA pseudo Dice: 0.6475
2026-01-03 23:01:02.267516: 
2026-01-03 23:01:02.270594: Epoch 5
2026-01-03 23:01:02.272788: Current learning rate: 0.0001
2026-01-03 23:02:05.104223: train_loss 0.7412
2026-01-03 23:02:05.107851: val_loss 0.6922
2026-01-03 23:02:05.109980: val classification accuracy 0.5
2026-01-03 23:02:05.112221: val auc 0.675
2026-01-03 23:02:05.114246: Epoch time: 62.84 s
2026-01-03 23:02:05.116196: Yayy! New best EMA pseudo Dice: 0.675
2026-01-03 23:02:08.112212: 
2026-01-03 23:02:08.115096: Epoch 6
2026-01-03 23:02:08.117111: Current learning rate: 0.0001
2026-01-03 23:03:10.732662: train_loss 0.7228
2026-01-03 23:03:10.737001: val_loss 0.693
2026-01-03 23:03:10.739728: val classification accuracy 0.45
2026-01-03 23:03:10.742368: val auc 0.5075
2026-01-03 23:03:10.744936: Epoch time: 62.62 s
2026-01-03 23:03:11.488411: 
2026-01-03 23:03:11.491954: Epoch 7
2026-01-03 23:03:11.494209: Current learning rate: 0.0001
2026-01-03 23:04:14.334021: train_loss 0.7242
2026-01-03 23:04:14.344846: val_loss 0.697
2026-01-03 23:04:14.355508: val classification accuracy 0.5
2026-01-03 23:04:14.358128: val auc 0.5187
2026-01-03 23:04:14.360784: Epoch time: 62.85 s
2026-01-03 23:04:15.222606: 
2026-01-03 23:04:15.226113: Epoch 8
2026-01-03 23:04:15.228451: Current learning rate: 0.0001
2026-01-03 23:05:18.352993: train_loss 0.7159
2026-01-03 23:05:18.360852: val_loss 0.6933
2026-01-03 23:05:18.363370: val classification accuracy 0.5
2026-01-03 23:05:18.365855: val auc 0.64
2026-01-03 23:05:18.368206: Epoch time: 63.13 s
2026-01-03 23:05:19.147596: 
2026-01-03 23:05:19.151202: Epoch 9
2026-01-03 23:05:19.153719: Current learning rate: 0.0001
2026-01-03 23:06:22.140452: train_loss 0.7266
2026-01-03 23:06:22.145245: val_loss 0.7042
2026-01-03 23:06:22.148043: val classification accuracy 0.5
2026-01-03 23:06:22.151134: val auc 0.625
2026-01-03 23:06:22.153958: Epoch time: 62.99 s
2026-01-03 23:06:22.983376: 
2026-01-03 23:06:22.986562: Epoch 10
2026-01-03 23:06:22.988894: Current learning rate: 0.0001
2026-01-03 23:07:25.432591: train_loss 0.7191
2026-01-03 23:07:25.437260: val_loss 0.6971
2026-01-03 23:07:25.440637: val classification accuracy 0.5
2026-01-03 23:07:25.443156: val auc 0.385
2026-01-03 23:07:25.446225: Epoch time: 62.45 s
2026-01-03 23:07:26.175746: 
2026-01-03 23:07:26.179094: Epoch 11
2026-01-03 23:07:26.181713: Current learning rate: 0.0001
2026-01-03 23:08:28.330810: train_loss 0.7157
2026-01-03 23:08:28.335051: val_loss 0.6953
2026-01-03 23:08:28.337776: val classification accuracy 0.5
2026-01-03 23:08:28.340258: val auc 0.6462
2026-01-03 23:08:28.342790: Epoch time: 62.16 s
2026-01-03 23:08:29.049053: 
2026-01-03 23:08:29.052222: Epoch 12
2026-01-03 23:08:29.054838: Current learning rate: 0.0001
2026-01-03 23:09:31.654932: train_loss 0.7222
2026-01-03 23:09:31.660645: val_loss 0.6941
2026-01-03 23:09:31.663789: val classification accuracy 0.5
2026-01-03 23:09:31.666962: val auc 0.5362
2026-01-03 23:09:31.669622: Epoch time: 62.61 s
2026-01-03 23:09:32.443050: 
2026-01-03 23:09:32.446474: Epoch 13
2026-01-03 23:09:32.449030: Current learning rate: 0.0001
2026-01-03 23:10:34.973942: train_loss 0.7236
2026-01-03 23:10:34.979925: val_loss 0.7019
2026-01-03 23:10:34.983003: val classification accuracy 0.5
2026-01-03 23:10:34.986588: val auc 0.5125
2026-01-03 23:10:34.989422: Epoch time: 62.53 s
2026-01-03 23:10:35.762816: 
2026-01-03 23:10:35.766563: Epoch 14
2026-01-03 23:10:35.769183: Current learning rate: 0.0001
2026-01-03 23:11:38.030426: train_loss 0.727
2026-01-03 23:11:38.052359: val_loss 0.7013
2026-01-03 23:11:38.055271: val classification accuracy 0.5
2026-01-03 23:11:38.057887: val auc 0.4188
2026-01-03 23:11:38.060575: Epoch time: 62.27 s
2026-01-03 23:11:38.821165: 
2026-01-03 23:11:38.824803: Epoch 15
2026-01-03 23:11:38.827328: Current learning rate: 0.0001
2026-01-03 23:12:41.594474: train_loss 0.7209
2026-01-03 23:12:41.600244: val_loss 0.6811
2026-01-03 23:12:41.603604: val classification accuracy 0.55
2026-01-03 23:12:41.606628: val auc 0.6275
2026-01-03 23:12:41.609723: Epoch time: 62.77 s
2026-01-03 23:12:42.360061: 
2026-01-03 23:12:42.363186: Epoch 16
2026-01-03 23:12:42.365623: Current learning rate: 0.0001
2026-01-03 23:13:44.669206: train_loss 0.7128
2026-01-03 23:13:44.674272: val_loss 0.6924
2026-01-03 23:13:44.677071: val classification accuracy 0.55
2026-01-03 23:13:44.679838: val auc 0.5662
2026-01-03 23:13:44.682789: Epoch time: 62.31 s
2026-01-03 23:13:45.432169: 
2026-01-03 23:13:45.435644: Epoch 17
2026-01-03 23:13:45.438277: Current learning rate: 9e-05
2026-01-03 23:14:47.676171: train_loss 0.7015
2026-01-03 23:14:47.681138: val_loss 0.8768
2026-01-03 23:14:47.684065: val classification accuracy 0.525
2026-01-03 23:14:47.686844: val auc 0.4125
2026-01-03 23:14:47.690074: Epoch time: 62.25 s
2026-01-03 23:14:48.423449: 
2026-01-03 23:14:48.427058: Epoch 18
2026-01-03 23:14:48.429887: Current learning rate: 9e-05
2026-01-03 23:15:50.944853: train_loss 0.7321
2026-01-03 23:15:50.951024: val_loss 0.6962
2026-01-03 23:15:50.955230: val classification accuracy 0.525
2026-01-03 23:15:50.958302: val auc 0.475
2026-01-03 23:15:50.961420: Epoch time: 62.52 s
2026-01-03 23:15:51.718785: 
2026-01-03 23:15:51.722407: Epoch 19
2026-01-03 23:15:51.725209: Current learning rate: 9e-05
2026-01-03 23:16:54.676153: train_loss 0.7099
2026-01-03 23:16:54.684018: val_loss 0.6966
2026-01-03 23:16:54.687126: val classification accuracy 0.575
2026-01-03 23:16:54.690439: val auc 0.47
2026-01-03 23:16:54.693683: Epoch time: 62.96 s
2026-01-03 23:16:56.909823: Saved periodic checkpoint /hpf/projects/jquon/sumin/nnUNet_data/nnUNet_results/Dataset033_AVM_T1+C/SwinViTTrainer_ep300_NoMirroring_x2__nnUNetResEncUNetLPlans__3d_fullres/fold_1/checkpoint_every20_best_balacc.pth at epoch 19 with val_balanced_accuracy=0.5750
2026-01-03 23:16:58.519472: Saved periodic checkpoint /hpf/projects/jquon/sumin/nnUNet_data/nnUNet_results/Dataset033_AVM_T1+C/SwinViTTrainer_ep300_NoMirroring_x2__nnUNetResEncUNetLPlans__3d_fullres/fold_1/checkpoint_every20_best_auroc.pth at epoch 19 with val_auc=0.4700
2026-01-03 23:16:58.522769: Yayy! New best classification accuracy: 0.575
2026-01-03 23:17:01.658143: 
2026-01-03 23:17:01.661632: Epoch 20
2026-01-03 23:17:01.664189: Current learning rate: 9e-05
2026-01-03 23:18:05.165272: train_loss 0.722
2026-01-03 23:18:05.170595: val_loss 0.6766
2026-01-03 23:18:05.173500: val classification accuracy 0.525
2026-01-03 23:18:05.176290: val auc 0.545
2026-01-03 23:18:05.179090: Epoch time: 63.51 s
2026-01-03 23:18:05.948297: 
2026-01-03 23:18:05.951697: Epoch 21
2026-01-03 23:18:05.954241: Current learning rate: 9e-05
2026-01-03 23:19:08.278592: train_loss 0.7254
2026-01-03 23:19:08.284580: val_loss 0.6709
2026-01-03 23:19:08.287842: val classification accuracy 0.575
2026-01-03 23:19:08.291142: val auc 0.6025
2026-01-03 23:19:08.294334: Epoch time: 62.33 s
2026-01-03 23:19:09.132497: 
2026-01-03 23:19:09.137948: Epoch 22
2026-01-03 23:19:09.141769: Current learning rate: 9e-05
2026-01-03 23:20:11.568849: train_loss 0.71
2026-01-03 23:20:11.576274: val_loss 0.6808
2026-01-03 23:20:11.581394: val classification accuracy 0.575
2026-01-03 23:20:11.585728: val auc 0.55
2026-01-03 23:20:11.589524: Epoch time: 62.44 s
2026-01-03 23:20:12.353638: 
2026-01-03 23:20:12.357441: Epoch 23
2026-01-03 23:20:12.360452: Current learning rate: 9e-05
2026-01-03 23:21:15.194269: train_loss 0.7126
2026-01-03 23:21:15.202907: val_loss 0.7034
2026-01-03 23:21:15.206288: val classification accuracy 0.55
2026-01-03 23:21:15.209665: val auc 0.6325
2026-01-03 23:21:15.212818: Epoch time: 62.84 s
2026-01-03 23:21:16.042002: 
2026-01-03 23:21:16.045452: Epoch 24
2026-01-03 23:21:16.048091: Current learning rate: 9e-05
2026-01-03 23:22:18.818050: train_loss 0.7336
2026-01-03 23:22:18.823613: val_loss 0.7117
2026-01-03 23:22:18.826860: val classification accuracy 0.525
2026-01-03 23:22:18.829948: val auc 0.4412
2026-01-03 23:22:18.833322: Epoch time: 62.78 s
2026-01-03 23:22:19.624818: 
2026-01-03 23:22:19.631130: Epoch 25
2026-01-03 23:22:19.634462: Current learning rate: 9e-05
2026-01-03 23:23:22.441737: train_loss 0.7077
2026-01-03 23:23:22.446661: val_loss 0.6758
2026-01-03 23:23:22.449701: val classification accuracy 0.625
2026-01-03 23:23:22.452688: val auc 0.6425
2026-01-03 23:23:22.455469: Epoch time: 62.82 s
2026-01-03 23:23:22.458080: Yayy! New best classification accuracy: 0.625
2026-01-03 23:23:25.573611: 
2026-01-03 23:23:25.577064: Epoch 26
2026-01-03 23:23:25.579592: Current learning rate: 9e-05
2026-01-03 23:24:28.346936: train_loss 0.7212
2026-01-03 23:24:28.352443: val_loss 0.6272
2026-01-03 23:24:28.355832: val classification accuracy 0.55
2026-01-03 23:24:28.358943: val auc 0.7025
2026-01-03 23:24:28.362195: Epoch time: 62.77 s
2026-01-03 23:24:28.365013: Yayy! New best EMA pseudo Dice: 0.7025
2026-01-03 23:24:31.619678: 
2026-01-03 23:24:31.623442: Epoch 27
2026-01-03 23:24:31.626210: Current learning rate: 9e-05
2026-01-03 23:25:34.343102: train_loss 0.7065
2026-01-03 23:25:34.353120: val_loss 0.6857
2026-01-03 23:25:34.356621: val classification accuracy 0.5
2026-01-03 23:25:34.359936: val auc 0.685
2026-01-03 23:25:34.363178: Epoch time: 62.72 s
2026-01-03 23:25:35.186219: 
2026-01-03 23:25:35.189791: Epoch 28
2026-01-03 23:25:35.192599: Current learning rate: 9e-05
2026-01-03 23:26:36.808285: train_loss 0.7085
2026-01-03 23:26:36.813038: val_loss 0.6743
2026-01-03 23:26:36.816447: val classification accuracy 0.6
2026-01-03 23:26:36.821586: val auc 0.7075
2026-01-03 23:26:36.824517: Epoch time: 61.62 s
2026-01-03 23:26:36.827197: Yayy! New best EMA pseudo Dice: 0.7075
2026-01-03 23:26:39.991532: 
2026-01-03 23:26:39.994998: Epoch 29
2026-01-03 23:26:39.998046: Current learning rate: 9e-05
2026-01-03 23:27:43.327188: train_loss 0.7024
2026-01-03 23:27:43.337383: val_loss 0.6927
2026-01-03 23:27:43.340652: val classification accuracy 0.55
2026-01-03 23:27:43.343836: val auc 0.6038
2026-01-03 23:27:43.357314: Epoch time: 63.34 s
2026-01-03 23:27:44.106217: 
2026-01-03 23:27:44.110162: Epoch 30
2026-01-03 23:27:44.112988: Current learning rate: 9e-05
2026-01-03 23:28:47.364079: train_loss 0.7187
2026-01-03 23:28:47.372621: val_loss 0.6864
2026-01-03 23:28:47.390848: val classification accuracy 0.575
2026-01-03 23:28:47.395297: val auc 0.6925
2026-01-03 23:28:47.399458: Epoch time: 63.26 s
2026-01-03 23:28:48.164283: 
2026-01-03 23:28:48.168176: Epoch 31
2026-01-03 23:28:48.171628: Current learning rate: 9e-05
2026-01-03 23:29:52.285126: train_loss 0.7433
2026-01-03 23:29:52.293209: val_loss 0.6876
2026-01-03 23:29:52.296493: val classification accuracy 0.5
2026-01-03 23:29:52.299427: val auc 0.5788
2026-01-03 23:29:52.324536: Epoch time: 64.12 s
2026-01-03 23:29:53.136156: 
2026-01-03 23:29:53.139996: Epoch 32
2026-01-03 23:29:53.142702: Current learning rate: 9e-05
2026-01-03 23:30:57.687133: train_loss 0.7357
2026-01-03 23:30:57.693370: val_loss 0.6994
2026-01-03 23:30:57.696872: val classification accuracy 0.525
2026-01-03 23:30:57.700400: val auc 0.5625
2026-01-03 23:30:57.704308: Epoch time: 64.55 s
2026-01-03 23:30:58.520322: 
2026-01-03 23:30:58.524056: Epoch 33
2026-01-03 23:30:58.526750: Current learning rate: 9e-05
2026-01-03 23:32:02.141015: train_loss 0.7163
2026-01-03 23:32:02.146328: val_loss 0.7804
2026-01-03 23:32:02.161687: val classification accuracy 0.575
2026-01-03 23:32:02.174328: val auc 0.51
2026-01-03 23:32:02.185743: Epoch time: 63.62 s
2026-01-03 23:32:02.963506: 
2026-01-03 23:32:02.966691: Epoch 34
2026-01-03 23:32:02.969411: Current learning rate: 9e-05
2026-01-03 23:33:07.652805: train_loss 0.7349
2026-01-03 23:33:07.657768: val_loss 0.677
2026-01-03 23:33:07.660748: val classification accuracy 0.525
2026-01-03 23:33:07.678310: val auc 0.565
2026-01-03 23:33:07.685383: Epoch time: 64.69 s
2026-01-03 23:33:08.434203: 
2026-01-03 23:33:08.437952: Epoch 35
2026-01-03 23:33:08.440308: Current learning rate: 9e-05
2026-01-03 23:34:12.706535: train_loss 0.7119
2026-01-03 23:34:12.714035: val_loss 0.71
2026-01-03 23:34:12.718390: val classification accuracy 0.5
2026-01-03 23:34:12.722374: val auc 0.5712
2026-01-03 23:34:12.728683: Epoch time: 64.27 s
2026-01-03 23:34:14.289840: 
2026-01-03 23:34:14.293793: Epoch 36
2026-01-03 23:34:14.296304: Current learning rate: 9e-05
2026-01-03 23:35:17.655019: train_loss 0.7539
2026-01-03 23:35:17.660014: val_loss 0.6911
2026-01-03 23:35:17.663033: val classification accuracy 0.575
2026-01-03 23:35:17.666283: val auc 0.505
2026-01-03 23:35:17.669361: Epoch time: 63.37 s
2026-01-03 23:35:18.401272: 
2026-01-03 23:35:18.405314: Epoch 37
2026-01-03 23:35:18.408620: Current learning rate: 9e-05
2026-01-03 23:36:21.386902: train_loss 0.7051
2026-01-03 23:36:21.391776: val_loss 0.8478
2026-01-03 23:36:21.394566: val classification accuracy 0.525
2026-01-03 23:36:21.397423: val auc 0.4988
2026-01-03 23:36:21.400305: Epoch time: 62.99 s
2026-01-03 23:36:22.153061: 
2026-01-03 23:36:22.156481: Epoch 38
2026-01-03 23:36:22.159561: Current learning rate: 9e-05
2026-01-03 23:37:25.127857: train_loss 0.7198
2026-01-03 23:37:25.133158: val_loss 0.6593
2026-01-03 23:37:25.135814: val classification accuracy 0.6
2026-01-03 23:37:25.138508: val auc 0.7213
2026-01-03 23:37:25.141137: Epoch time: 62.98 s
2026-01-03 23:37:25.143346: Yayy! New best EMA pseudo Dice: 0.7213
2026-01-03 23:37:27.955436: 
2026-01-03 23:37:27.959324: Epoch 39
2026-01-03 23:37:27.962147: Current learning rate: 9e-05
2026-01-03 23:38:31.605637: train_loss 0.6982
2026-01-03 23:38:31.610557: val_loss 0.6851
2026-01-03 23:38:31.613481: val classification accuracy 0.525
2026-01-03 23:38:31.616417: val auc 0.6225
2026-01-03 23:38:31.619388: Epoch time: 63.65 s
2026-01-03 23:38:33.865302: Saved periodic checkpoint /hpf/projects/jquon/sumin/nnUNet_data/nnUNet_results/Dataset033_AVM_T1+C/SwinViTTrainer_ep300_NoMirroring_x2__nnUNetResEncUNetLPlans__3d_fullres/fold_1/checkpoint_every20_best_auroc.pth at epoch 39 with val_auc=0.6225
2026-01-03 23:38:34.586156: 
2026-01-03 23:38:34.589517: Epoch 40
2026-01-03 23:38:34.591951: Current learning rate: 9e-05
2026-01-03 23:39:38.536946: train_loss 0.6933
2026-01-03 23:39:38.541913: val_loss 0.6575
2026-01-03 23:39:38.545265: val classification accuracy 0.525
2026-01-03 23:39:38.548528: val auc 0.6975
2026-01-03 23:39:38.551550: Epoch time: 63.95 s
2026-01-03 23:39:39.303172: 
2026-01-03 23:39:39.306908: Epoch 41
2026-01-03 23:39:39.309641: Current learning rate: 9e-05
2026-01-03 23:40:42.850918: train_loss 0.7013
2026-01-03 23:40:42.856420: val_loss 0.7101
2026-01-03 23:40:42.859491: val classification accuracy 0.45
2026-01-03 23:40:42.862807: val auc 0.5575
2026-01-03 23:40:42.865915: Epoch time: 63.55 s
2026-01-03 23:40:43.639998: 
2026-01-03 23:40:43.643771: Epoch 42
2026-01-03 23:40:43.646309: Current learning rate: 9e-05
2026-01-03 23:41:47.368622: train_loss 0.6976
2026-01-03 23:41:47.374020: val_loss 0.7127
2026-01-03 23:41:47.377155: val classification accuracy 0.5
2026-01-03 23:41:47.379904: val auc 0.5675
2026-01-03 23:41:47.383093: Epoch time: 63.73 s
2026-01-03 23:41:48.164773: 
2026-01-03 23:41:48.168293: Epoch 43
2026-01-03 23:41:48.171034: Current learning rate: 9e-05
2026-01-03 23:42:52.128581: train_loss 0.6948
2026-01-03 23:42:52.135345: val_loss 0.6798
2026-01-03 23:42:52.139538: val classification accuracy 0.575
2026-01-03 23:42:52.143865: val auc 0.655
2026-01-03 23:42:52.147386: Epoch time: 63.97 s
2026-01-03 23:42:52.901187: 
2026-01-03 23:42:52.904788: Epoch 44
2026-01-03 23:42:52.907668: Current learning rate: 9e-05
2026-01-03 23:43:56.541300: train_loss 0.6942
2026-01-03 23:43:56.546444: val_loss 0.7093
2026-01-03 23:43:56.549484: val classification accuracy 0.575
2026-01-03 23:43:56.552668: val auc 0.4725
2026-01-03 23:43:56.555934: Epoch time: 63.64 s
2026-01-03 23:43:57.438853: 
2026-01-03 23:43:57.442469: Epoch 45
2026-01-03 23:43:57.445120: Current learning rate: 9e-05
2026-01-03 23:45:01.669719: train_loss 0.7023
2026-01-03 23:45:01.674543: val_loss 0.7079
2026-01-03 23:45:01.677630: val classification accuracy 0.55
2026-01-03 23:45:01.680511: val auc 0.585
2026-01-03 23:45:01.685728: Epoch time: 64.23 s
2026-01-03 23:45:02.464094: 
2026-01-03 23:45:02.467546: Epoch 46
2026-01-03 23:45:02.470459: Current learning rate: 9e-05
2026-01-03 23:46:07.154012: train_loss 0.6948
2026-01-03 23:46:07.159808: val_loss 0.7041
2026-01-03 23:46:07.162717: val classification accuracy 0.525
2026-01-03 23:46:07.165695: val auc 0.5325
2026-01-03 23:46:07.168721: Epoch time: 64.69 s
2026-01-03 23:46:08.019543: 
2026-01-03 23:46:08.023399: Epoch 47
2026-01-03 23:46:08.026063: Current learning rate: 9e-05
2026-01-03 23:47:11.478128: train_loss 0.7163
2026-01-03 23:47:11.483503: val_loss 0.8014
2026-01-03 23:47:11.486742: val classification accuracy 0.525
2026-01-03 23:47:11.489651: val auc 0.4462
2026-01-03 23:47:11.492425: Epoch time: 63.46 s
2026-01-03 23:47:12.257473: 
2026-01-03 23:47:12.261306: Epoch 48
2026-01-03 23:47:12.264135: Current learning rate: 9e-05
2026-01-03 23:48:15.996242: train_loss 0.7189
2026-01-03 23:48:16.001924: val_loss 0.7427
2026-01-03 23:48:16.005069: val classification accuracy 0.4
2026-01-03 23:48:16.008031: val auc 0.3925
2026-01-03 23:48:16.011223: Epoch time: 63.74 s
2026-01-03 23:48:16.794953: 
2026-01-03 23:48:16.798738: Epoch 49
2026-01-03 23:48:16.801499: Current learning rate: 9e-05
2026-01-03 23:49:20.836911: train_loss 0.7101
2026-01-03 23:49:20.842307: val_loss 0.6652
2026-01-03 23:49:20.845996: val classification accuracy 0.675
2026-01-03 23:49:20.849001: val auc 0.8288
2026-01-03 23:49:20.852234: Epoch time: 64.04 s
2026-01-03 23:49:20.854885: Yayy! New best EMA pseudo Dice: 0.8288
2026-01-03 23:49:23.176623: Yayy! New best classification accuracy: 0.675
2026-01-03 23:49:25.410944: 
2026-01-03 23:49:25.414237: Epoch 50
2026-01-03 23:49:25.416973: Current learning rate: 8e-05
2026-01-03 23:50:28.532243: train_loss 0.7046
2026-01-03 23:50:28.539726: val_loss 0.6755
2026-01-03 23:50:28.543219: val classification accuracy 0.55
2026-01-03 23:50:28.546400: val auc 0.6537
2026-01-03 23:50:28.549799: Epoch time: 63.12 s
2026-01-03 23:50:29.358653: 
2026-01-03 23:50:29.362840: Epoch 51
2026-01-03 23:50:29.365766: Current learning rate: 8e-05
2026-01-03 23:51:32.916437: train_loss 0.7097
2026-01-03 23:51:32.921985: val_loss 0.7006
2026-01-03 23:51:32.925604: val classification accuracy 0.475
2026-01-03 23:51:32.929015: val auc 0.4512
2026-01-03 23:51:32.937128: Epoch time: 63.56 s
2026-01-03 23:51:34.603718: 
2026-01-03 23:51:34.607689: Epoch 52
2026-01-03 23:51:34.614250: Current learning rate: 8e-05
2026-01-03 23:52:38.049554: train_loss 0.7145
2026-01-03 23:52:38.054928: val_loss 0.7037
2026-01-03 23:52:38.057938: val classification accuracy 0.55
2026-01-03 23:52:38.060919: val auc 0.5137
2026-01-03 23:52:38.064101: Epoch time: 63.45 s
2026-01-03 23:52:38.919200: 
2026-01-03 23:52:38.922869: Epoch 53
2026-01-03 23:52:38.925440: Current learning rate: 8e-05
2026-01-03 23:53:43.012870: train_loss 0.6842
2026-01-03 23:53:43.032139: val_loss 0.6407
2026-01-03 23:53:43.039833: val classification accuracy 0.65
2026-01-03 23:53:43.045953: val auc 0.6925
2026-01-03 23:53:43.051008: Epoch time: 64.09 s
2026-01-03 23:53:43.802719: 
2026-01-03 23:53:43.806708: Epoch 54
2026-01-03 23:53:43.809709: Current learning rate: 8e-05
2026-01-03 23:54:48.573248: train_loss 0.6925
2026-01-03 23:54:48.579865: val_loss 0.6896
2026-01-03 23:54:48.583784: val classification accuracy 0.5
2026-01-03 23:54:48.587044: val auc 0.58
2026-01-03 23:54:48.590679: Epoch time: 64.77 s
2026-01-03 23:54:49.386339: 
2026-01-03 23:54:49.390177: Epoch 55
2026-01-03 23:54:49.392943: Current learning rate: 8e-05
2026-01-03 23:55:53.297580: train_loss 0.7045
2026-01-03 23:55:53.303543: val_loss 0.6331
2026-01-03 23:55:53.306686: val classification accuracy 0.65
2026-01-03 23:55:53.310181: val auc 0.7175
2026-01-03 23:55:53.313972: Epoch time: 63.91 s
2026-01-03 23:55:54.108814: 
2026-01-03 23:55:54.112642: Epoch 56
2026-01-03 23:55:54.115326: Current learning rate: 8e-05
2026-01-03 23:56:58.890252: train_loss 0.6727
2026-01-03 23:56:58.897093: val_loss 0.7761
2026-01-03 23:56:58.900499: val classification accuracy 0.5
2026-01-03 23:56:58.903720: val auc 0.485
2026-01-03 23:56:58.907328: Epoch time: 64.78 s
2026-01-03 23:56:59.686070: 
2026-01-03 23:56:59.690152: Epoch 57
2026-01-03 23:56:59.693182: Current learning rate: 8e-05
2026-01-03 23:58:04.433642: train_loss 0.6916
2026-01-03 23:58:04.460456: val_loss 0.645
2026-01-03 23:58:04.464140: val classification accuracy 0.65
2026-01-03 23:58:04.467645: val auc 0.6825
2026-01-03 23:58:04.471133: Epoch time: 64.75 s
2026-01-03 23:58:05.265489: 
2026-01-03 23:58:05.269469: Epoch 58
2026-01-03 23:58:05.272264: Current learning rate: 8e-05
2026-01-03 23:59:09.609178: train_loss 0.6833
2026-01-03 23:59:09.614467: val_loss 0.7059
2026-01-03 23:59:09.617558: val classification accuracy 0.6
2026-01-03 23:59:09.620735: val auc 0.5488
2026-01-03 23:59:09.623999: Epoch time: 64.34 s
2026-01-03 23:59:10.370159: 
2026-01-03 23:59:10.373387: Epoch 59
2026-01-03 23:59:10.376097: Current learning rate: 8e-05
2026-01-04 00:00:14.370781: train_loss 0.7079
2026-01-04 00:00:14.376079: val_loss 0.6704
2026-01-04 00:00:14.379121: val classification accuracy 0.475
2026-01-04 00:00:14.384917: val auc 0.745
2026-01-04 00:00:14.387885: Epoch time: 64.0 s
2026-01-04 00:00:16.708418: Saved periodic checkpoint /hpf/projects/jquon/sumin/nnUNet_data/nnUNet_results/Dataset033_AVM_T1+C/SwinViTTrainer_ep300_NoMirroring_x2__nnUNetResEncUNetLPlans__3d_fullres/fold_1/checkpoint_every20_best_auroc.pth at epoch 59 with val_auc=0.7450
2026-01-04 00:00:17.439977: 
2026-01-04 00:00:17.443238: Epoch 60
2026-01-04 00:00:17.445838: Current learning rate: 8e-05
2026-01-04 00:01:22.550331: train_loss 0.6974
2026-01-04 00:01:22.555443: val_loss 0.6563
2026-01-04 00:01:22.559329: val classification accuracy 0.6
2026-01-04 00:01:22.562488: val auc 0.7025
2026-01-04 00:01:22.565418: Epoch time: 65.11 s
2026-01-04 00:01:23.298902: 
2026-01-04 00:01:23.302792: Epoch 61
2026-01-04 00:01:23.305749: Current learning rate: 8e-05
2026-01-04 00:02:27.795769: train_loss 0.7046
2026-01-04 00:02:27.803017: val_loss 0.7114
2026-01-04 00:02:27.806979: val classification accuracy 0.5
2026-01-04 00:02:27.811311: val auc 0.535
2026-01-04 00:02:27.815771: Epoch time: 64.5 s
2026-01-04 00:02:28.581560: 
2026-01-04 00:02:28.585455: Epoch 62
2026-01-04 00:02:28.589210: Current learning rate: 8e-05
2026-01-04 00:03:32.431590: train_loss 0.6925
2026-01-04 00:03:32.444319: val_loss 0.6414
2026-01-04 00:03:32.449175: val classification accuracy 0.625
2026-01-04 00:03:32.453973: val auc 0.6775
2026-01-04 00:03:32.458077: Epoch time: 63.85 s
2026-01-04 00:03:33.207385: 
2026-01-04 00:03:33.211325: Epoch 63
2026-01-04 00:03:33.214565: Current learning rate: 8e-05
2026-01-04 00:04:35.586415: train_loss 0.6944
2026-01-04 00:04:35.592133: val_loss 0.6303
2026-01-04 00:04:35.595538: val classification accuracy 0.7
2026-01-04 00:04:35.598715: val auc 0.8275
2026-01-04 00:04:35.601807: Epoch time: 62.38 s
2026-01-04 00:04:35.604857: Yayy! New best classification accuracy: 0.7
2026-01-04 00:04:38.804508: 
2026-01-04 00:04:38.808606: Epoch 64
2026-01-04 00:04:38.811990: Current learning rate: 8e-05
2026-01-04 00:05:43.014371: train_loss 0.723
2026-01-04 00:05:43.020269: val_loss 0.717
2026-01-04 00:05:43.024030: val classification accuracy 0.525
2026-01-04 00:05:43.027478: val auc 0.4738
2026-01-04 00:05:43.030906: Epoch time: 64.21 s
2026-01-04 00:05:43.778515: 
2026-01-04 00:05:43.782249: Epoch 65
2026-01-04 00:05:43.785269: Current learning rate: 8e-05
2026-01-04 00:06:47.721281: train_loss 0.6958
2026-01-04 00:06:47.727087: val_loss 0.6304
2026-01-04 00:06:47.730780: val classification accuracy 0.6
2026-01-04 00:06:47.733963: val auc 0.725
2026-01-04 00:06:47.737077: Epoch time: 63.94 s
2026-01-04 00:06:48.517996: 
2026-01-04 00:06:48.521552: Epoch 66
2026-01-04 00:06:48.524170: Current learning rate: 8e-05
2026-01-04 00:07:52.281616: train_loss 0.6992
2026-01-04 00:07:52.292319: val_loss 0.7489
2026-01-04 00:07:52.301200: val classification accuracy 0.375
2026-01-04 00:07:52.306710: val auc 0.4275
2026-01-04 00:07:52.311370: Epoch time: 63.76 s
2026-01-04 00:07:53.063755: 
2026-01-04 00:07:53.067393: Epoch 67
2026-01-04 00:07:53.070056: Current learning rate: 8e-05
2026-01-04 00:08:57.489406: train_loss 0.6892
2026-01-04 00:08:57.494535: val_loss 0.644
2026-01-04 00:08:57.497761: val classification accuracy 0.6
2026-01-04 00:08:57.500696: val auc 0.7
2026-01-04 00:08:57.503804: Epoch time: 64.43 s
2026-01-04 00:08:58.250603: 
2026-01-04 00:08:58.254143: Epoch 68
2026-01-04 00:08:58.256830: Current learning rate: 8e-05
2026-01-04 00:10:03.543075: train_loss 0.7247
2026-01-04 00:10:03.548461: val_loss 0.6784
2026-01-04 00:10:03.552001: val classification accuracy 0.525
2026-01-04 00:10:03.562284: val auc 0.6788
2026-01-04 00:10:03.573582: Epoch time: 65.29 s
2026-01-04 00:10:04.491755: 
2026-01-04 00:10:04.495467: Epoch 69
2026-01-04 00:10:04.498294: Current learning rate: 8e-05
2026-01-04 00:11:08.307394: train_loss 0.6963
2026-01-04 00:11:08.312893: val_loss 0.642
2026-01-04 00:11:08.316402: val classification accuracy 0.6
2026-01-04 00:11:08.320235: val auc 0.6762
2026-01-04 00:11:08.323798: Epoch time: 63.82 s
2026-01-04 00:11:09.145667: 
2026-01-04 00:11:09.149247: Epoch 70
2026-01-04 00:11:09.152261: Current learning rate: 8e-05
2026-01-04 00:12:13.709846: train_loss 0.7087
2026-01-04 00:12:13.716400: val_loss 0.6688
2026-01-04 00:12:13.719891: val classification accuracy 0.625
2026-01-04 00:12:13.723414: val auc 0.66
2026-01-04 00:12:13.727057: Epoch time: 64.57 s
2026-01-04 00:12:14.514053: 
2026-01-04 00:12:14.517802: Epoch 71
2026-01-04 00:12:14.520523: Current learning rate: 8e-05
2026-01-04 00:13:18.118601: train_loss 0.6866
2026-01-04 00:13:18.124581: val_loss 0.7033
2026-01-04 00:13:18.129038: val classification accuracy 0.55
2026-01-04 00:13:18.132565: val auc 0.5925
2026-01-04 00:13:18.135724: Epoch time: 63.61 s
2026-01-04 00:13:18.896769: 
2026-01-04 00:13:18.900177: Epoch 72
2026-01-04 00:13:18.902948: Current learning rate: 8e-05
2026-01-04 00:14:21.914911: train_loss 0.7039
2026-01-04 00:14:21.921114: val_loss 0.7672
2026-01-04 00:14:21.924491: val classification accuracy 0.5
2026-01-04 00:14:21.931669: val auc 0.5175
2026-01-04 00:14:21.937889: Epoch time: 63.02 s
2026-01-04 00:14:22.701419: 
2026-01-04 00:14:22.705186: Epoch 73
2026-01-04 00:14:22.708090: Current learning rate: 8e-05
2026-01-04 00:15:26.118109: train_loss 0.6954
2026-01-04 00:15:26.123974: val_loss 0.7185
2026-01-04 00:15:26.127639: val classification accuracy 0.5
2026-01-04 00:15:26.130949: val auc 0.4988
2026-01-04 00:15:26.134507: Epoch time: 63.42 s
2026-01-04 00:15:26.893900: 
2026-01-04 00:15:26.897417: Epoch 74
2026-01-04 00:15:26.900091: Current learning rate: 8e-05
2026-01-04 00:16:30.638867: train_loss 0.6934
2026-01-04 00:16:30.661444: val_loss 0.7049
2026-01-04 00:16:30.665109: val classification accuracy 0.525
2026-01-04 00:16:30.668204: val auc 0.555
2026-01-04 00:16:30.671355: Epoch time: 63.75 s
2026-01-04 00:16:31.534070: 
2026-01-04 00:16:31.537899: Epoch 75
2026-01-04 00:16:31.540721: Current learning rate: 8e-05
2026-01-04 00:17:35.003914: train_loss 0.7307
2026-01-04 00:17:35.009501: val_loss 0.7159
2026-01-04 00:17:35.012672: val classification accuracy 0.525
2026-01-04 00:17:35.016834: val auc 0.52
2026-01-04 00:17:35.019831: Epoch time: 63.47 s
2026-01-04 00:17:35.795418: 
2026-01-04 00:17:35.798834: Epoch 76
2026-01-04 00:17:35.801679: Current learning rate: 8e-05
2026-01-04 00:18:38.771051: train_loss 0.7162
2026-01-04 00:18:38.775333: val_loss 0.6937
2026-01-04 00:18:38.782153: val classification accuracy 0.525
2026-01-04 00:18:38.784806: val auc 0.535
2026-01-04 00:18:38.787566: Epoch time: 62.98 s
2026-01-04 00:18:39.550260: 
2026-01-04 00:18:39.554070: Epoch 77
2026-01-04 00:18:39.556890: Current learning rate: 8e-05
2026-01-04 00:19:43.994804: train_loss 0.7126
2026-01-04 00:19:44.000927: val_loss 0.6875
2026-01-04 00:19:44.005169: val classification accuracy 0.5
2026-01-04 00:19:44.009398: val auc 0.555
2026-01-04 00:19:44.013040: Epoch time: 64.45 s
2026-01-04 00:19:44.848963: 
2026-01-04 00:19:44.853127: Epoch 78
2026-01-04 00:19:44.855945: Current learning rate: 8e-05
2026-01-04 00:20:49.321181: train_loss 0.6923
2026-01-04 00:20:49.326025: val_loss 0.7018
2026-01-04 00:20:49.329441: val classification accuracy 0.55
2026-01-04 00:20:49.332744: val auc 0.6
2026-01-04 00:20:49.336012: Epoch time: 64.47 s
2026-01-04 00:20:50.150865: 
2026-01-04 00:20:50.155996: Epoch 79
2026-01-04 00:20:50.159101: Current learning rate: 8e-05
2026-01-04 00:21:54.680097: train_loss 0.7081
2026-01-04 00:21:54.690358: val_loss 0.6861
2026-01-04 00:21:54.693952: val classification accuracy 0.55
2026-01-04 00:21:54.697267: val auc 0.59
2026-01-04 00:21:54.700817: Epoch time: 64.53 s
2026-01-04 00:21:55.479104: 
2026-01-04 00:21:55.482804: Epoch 80
2026-01-04 00:21:55.485447: Current learning rate: 8e-05
2026-01-04 00:22:59.293024: train_loss 0.6924
2026-01-04 00:22:59.299330: val_loss 0.726
2026-01-04 00:22:59.302589: val classification accuracy 0.475
2026-01-04 00:22:59.306245: val auc 0.3775
2026-01-04 00:22:59.309382: Epoch time: 63.82 s
2026-01-04 00:23:00.038785: 
2026-01-04 00:23:00.042437: Epoch 81
2026-01-04 00:23:00.045330: Current learning rate: 8e-05
2026-01-04 00:24:03.793175: train_loss 0.6894
2026-01-04 00:24:03.807915: val_loss 0.7302
2026-01-04 00:24:03.811073: val classification accuracy 0.375
2026-01-04 00:24:03.814682: val auc 0.4675
2026-01-04 00:24:03.821205: Epoch time: 63.76 s
2026-01-04 00:24:04.586758: 
2026-01-04 00:24:04.590507: Epoch 82
2026-01-04 00:24:04.593683: Current learning rate: 8e-05
2026-01-04 00:25:07.993718: train_loss 0.6817
2026-01-04 00:25:07.998310: val_loss 0.6831
2026-01-04 00:25:08.001483: val classification accuracy 0.5
2026-01-04 00:25:08.004635: val auc 0.5625
2026-01-04 00:25:08.007862: Epoch time: 63.41 s
2026-01-04 00:25:08.739239: 
2026-01-04 00:25:08.743011: Epoch 83
2026-01-04 00:25:08.746185: Current learning rate: 7e-05
2026-01-04 00:26:13.388872: train_loss 0.683
2026-01-04 00:26:13.409041: val_loss 0.6566
2026-01-04 00:26:13.420027: val classification accuracy 0.65
2026-01-04 00:26:13.427417: val auc 0.7225
2026-01-04 00:26:13.430997: Epoch time: 64.65 s
2026-01-04 00:26:15.109620: 
2026-01-04 00:26:15.113314: Epoch 84
2026-01-04 00:26:15.116085: Current learning rate: 7e-05
2026-01-04 00:27:19.092339: train_loss 0.7129
2026-01-04 00:27:19.096937: val_loss 0.694
2026-01-04 00:27:19.099839: val classification accuracy 0.625
2026-01-04 00:27:19.103062: val auc 0.5662
2026-01-04 00:27:19.105980: Epoch time: 63.98 s
2026-01-04 00:27:19.821596: 
2026-01-04 00:27:19.824970: Epoch 85
2026-01-04 00:27:19.827936: Current learning rate: 7e-05
2026-01-04 00:28:23.454647: train_loss 0.7091
2026-01-04 00:28:23.460887: val_loss 0.6213
2026-01-04 00:28:23.464074: val classification accuracy 0.675
2026-01-04 00:28:23.467462: val auc 0.7188
2026-01-04 00:28:23.470496: Epoch time: 63.63 s
2026-01-04 00:28:24.261588: 
2026-01-04 00:28:24.264864: Epoch 86
2026-01-04 00:28:24.267336: Current learning rate: 7e-05
2026-01-04 00:29:28.563802: train_loss 0.7108
2026-01-04 00:29:28.568336: val_loss 0.6752
2026-01-04 00:29:28.578967: val classification accuracy 0.575
2026-01-04 00:29:28.582231: val auc 0.6225
2026-01-04 00:29:28.585479: Epoch time: 64.3 s
2026-01-04 00:29:29.290281: 
2026-01-04 00:29:29.293919: Epoch 87
2026-01-04 00:29:29.296687: Current learning rate: 7e-05
2026-01-04 00:30:34.170434: train_loss 0.7122
2026-01-04 00:30:34.175381: val_loss 0.7135
2026-01-04 00:30:34.180008: val classification accuracy 0.475
2026-01-04 00:30:34.189274: val auc 0.5663
2026-01-04 00:30:34.194796: Epoch time: 64.88 s
2026-01-04 00:30:34.928442: 
2026-01-04 00:30:34.932417: Epoch 88
2026-01-04 00:30:34.935351: Current learning rate: 7e-05
2026-01-04 00:31:38.188737: train_loss 0.6994
2026-01-04 00:31:38.193510: val_loss 0.639
2026-01-04 00:31:38.196344: val classification accuracy 0.6
2026-01-04 00:31:38.198975: val auc 0.665
2026-01-04 00:31:38.201812: Epoch time: 63.26 s
2026-01-04 00:31:39.011312: 
2026-01-04 00:31:39.014727: Epoch 89
2026-01-04 00:31:39.017247: Current learning rate: 7e-05
2026-01-04 00:32:41.981827: train_loss 0.7033
2026-01-04 00:32:41.986962: val_loss 0.8361
2026-01-04 00:32:41.990404: val classification accuracy 0.45
2026-01-04 00:32:41.994513: val auc 0.4575
2026-01-04 00:32:41.997841: Epoch time: 62.97 s
2026-01-04 00:32:42.762439: 
2026-01-04 00:32:42.765861: Epoch 90
2026-01-04 00:32:42.768949: Current learning rate: 7e-05
2026-01-04 00:33:47.025493: train_loss 0.6983
2026-01-04 00:33:47.031646: val_loss 0.7024
2026-01-04 00:33:47.034928: val classification accuracy 0.525
2026-01-04 00:33:47.038380: val auc 0.5025
2026-01-04 00:33:47.041904: Epoch time: 64.26 s
2026-01-04 00:33:47.852918: 
2026-01-04 00:33:47.856815: Epoch 91
2026-01-04 00:33:47.859675: Current learning rate: 7e-05
2026-01-04 00:34:52.082873: train_loss 0.6982
2026-01-04 00:34:52.088855: val_loss 0.6516
2026-01-04 00:34:52.092440: val classification accuracy 0.675
2026-01-04 00:34:52.095766: val auc 0.6738
2026-01-04 00:34:52.099196: Epoch time: 64.23 s
2026-01-04 00:34:52.943917: 
2026-01-04 00:34:52.948004: Epoch 92
2026-01-04 00:34:52.950975: Current learning rate: 7e-05
2026-01-04 00:35:57.123854: train_loss 0.6724
2026-01-04 00:35:57.129255: val_loss 0.6732
2026-01-04 00:35:57.132584: val classification accuracy 0.55
2026-01-04 00:35:57.136062: val auc 0.6362
2026-01-04 00:35:57.139410: Epoch time: 64.18 s
2026-01-04 00:35:57.908288: 
2026-01-04 00:35:57.912149: Epoch 93
2026-01-04 00:35:57.914777: Current learning rate: 7e-05
2026-01-04 00:37:02.217150: train_loss 0.6838
2026-01-04 00:37:02.225590: val_loss 0.6952
2026-01-04 00:37:02.230224: val classification accuracy 0.475
2026-01-04 00:37:02.234160: val auc 0.5875
2026-01-04 00:37:02.237967: Epoch time: 64.31 s
2026-01-04 00:37:03.037246: 
2026-01-04 00:37:03.041028: Epoch 94
2026-01-04 00:37:03.043996: Current learning rate: 7e-05
2026-01-04 00:38:08.052944: train_loss 0.7229
2026-01-04 00:38:08.058153: val_loss 0.704
2026-01-04 00:38:08.061026: val classification accuracy 0.475
2026-01-04 00:38:08.063820: val auc 0.355
2026-01-04 00:38:08.066762: Epoch time: 65.02 s
2026-01-04 00:38:08.966017: 
2026-01-04 00:38:08.969537: Epoch 95
2026-01-04 00:38:08.972280: Current learning rate: 7e-05
2026-01-04 00:39:13.050081: train_loss 0.7113
2026-01-04 00:39:13.057686: val_loss 0.7432
2026-01-04 00:39:13.060926: val classification accuracy 0.475
2026-01-04 00:39:13.064346: val auc 0.49
2026-01-04 00:39:13.067537: Epoch time: 64.09 s
2026-01-04 00:39:13.819064: 
2026-01-04 00:39:13.822921: Epoch 96
2026-01-04 00:39:13.825806: Current learning rate: 7e-05
2026-01-04 00:40:17.502625: train_loss 0.6877
2026-01-04 00:40:17.509160: val_loss 0.6459
2026-01-04 00:40:17.513158: val classification accuracy 0.65
2026-01-04 00:40:17.516583: val auc 0.6875
2026-01-04 00:40:17.520114: Epoch time: 63.68 s
2026-01-04 00:40:18.267883: 
2026-01-04 00:40:18.271466: Epoch 97
2026-01-04 00:40:18.274307: Current learning rate: 7e-05
2026-01-04 00:41:22.323084: train_loss 0.6988
2026-01-04 00:41:22.328228: val_loss 0.7129
2026-01-04 00:41:22.331365: val classification accuracy 0.6
2026-01-04 00:41:22.334617: val auc 0.5625
2026-01-04 00:41:22.338183: Epoch time: 64.06 s
2026-01-04 00:41:23.121866: 
2026-01-04 00:41:23.125148: Epoch 98
2026-01-04 00:41:23.127786: Current learning rate: 7e-05
2026-01-04 00:42:27.893210: train_loss 0.6938
2026-01-04 00:42:27.899108: val_loss 0.6709
2026-01-04 00:42:27.914772: val classification accuracy 0.65
2026-01-04 00:42:27.918321: val auc 0.64
2026-01-04 00:42:27.921730: Epoch time: 64.77 s
2026-01-04 00:42:28.679591: 
2026-01-04 00:42:28.683188: Epoch 99
2026-01-04 00:42:28.685963: Current learning rate: 7e-05
2026-01-04 00:43:31.899428: train_loss 0.6961
2026-01-04 00:43:31.907112: val_loss 0.7155
2026-01-04 00:43:31.910619: val classification accuracy 0.525
2026-01-04 00:43:31.914643: val auc 0.4462
2026-01-04 00:43:31.918029: Epoch time: 63.22 s
2026-01-04 00:43:32.719845: 
2026-01-04 00:43:32.723437: Epoch 100
2026-01-04 00:43:32.726225: Current learning rate: 7e-05
2026-01-04 00:44:37.430242: train_loss 0.6922
2026-01-04 00:44:37.440805: val_loss 0.7352
2026-01-04 00:44:37.444472: val classification accuracy 0.55
2026-01-04 00:44:37.447443: val auc 0.4625
2026-01-04 00:44:37.451262: Epoch time: 64.71 s
2026-01-04 00:44:38.239497: 
2026-01-04 00:44:38.243386: Epoch 101
2026-01-04 00:44:38.246011: Current learning rate: 7e-05
2026-01-04 00:45:41.460198: train_loss 0.6952
2026-01-04 00:45:41.466862: val_loss 0.6649
2026-01-04 00:45:41.470514: val classification accuracy 0.625
2026-01-04 00:45:41.473655: val auc 0.68
2026-01-04 00:45:41.477043: Epoch time: 63.22 s
2026-01-04 00:45:42.370523: 
2026-01-04 00:45:42.373816: Epoch 102
2026-01-04 00:45:42.376388: Current learning rate: 7e-05
2026-01-04 00:46:45.657382: train_loss 0.7026
2026-01-04 00:46:45.663030: val_loss 0.6816
2026-01-04 00:46:45.665982: val classification accuracy 0.55
2026-01-04 00:46:45.668758: val auc 0.66
2026-01-04 00:46:45.671781: Epoch time: 63.29 s
2026-01-04 00:46:46.424311: 
2026-01-04 00:46:46.427677: Epoch 103
2026-01-04 00:46:46.430371: Current learning rate: 7e-05
2026-01-04 00:47:49.823673: train_loss 0.7486
2026-01-04 00:47:49.828519: val_loss 0.6927
2026-01-04 00:47:49.831437: val classification accuracy 0.475
2026-01-04 00:47:49.848049: val auc 0.5262
2026-01-04 00:47:49.855982: Epoch time: 63.4 s
2026-01-04 00:47:50.603960: 
2026-01-04 00:47:50.607364: Epoch 104
2026-01-04 00:47:50.609939: Current learning rate: 7e-05
2026-01-04 00:48:54.732443: train_loss 0.7131
2026-01-04 00:48:54.738372: val_loss 0.6857
2026-01-04 00:48:54.741743: val classification accuracy 0.675
2026-01-04 00:48:54.744543: val auc 0.6888
2026-01-04 00:48:54.753725: Epoch time: 64.13 s
2026-01-04 00:48:55.608518: 
2026-01-04 00:48:55.612786: Epoch 105
2026-01-04 00:48:55.615971: Current learning rate: 7e-05
2026-01-04 00:50:00.107404: train_loss 0.695
2026-01-04 00:50:00.113069: val_loss 0.6717
2026-01-04 00:50:00.116989: val classification accuracy 0.65
2026-01-04 00:50:00.120463: val auc 0.6388
2026-01-04 00:50:00.124202: Epoch time: 64.5 s
2026-01-04 00:50:00.894782: 
2026-01-04 00:50:00.898755: Epoch 106
2026-01-04 00:50:00.901430: Current learning rate: 7e-05
2026-01-04 00:51:05.761710: train_loss 0.6888
2026-01-04 00:51:05.767826: val_loss 0.6885
2026-01-04 00:51:05.770927: val classification accuracy 0.575
2026-01-04 00:51:05.774132: val auc 0.5838
2026-01-04 00:51:05.777095: Epoch time: 64.87 s
2026-01-04 00:51:06.536366: 
2026-01-04 00:51:06.539856: Epoch 107
2026-01-04 00:51:06.542462: Current learning rate: 7e-05
2026-01-04 00:52:10.027811: train_loss 0.6747
2026-01-04 00:52:10.035966: val_loss 0.7327
2026-01-04 00:52:10.040457: val classification accuracy 0.45
2026-01-04 00:52:10.044297: val auc 0.4775
2026-01-04 00:52:10.048215: Epoch time: 63.49 s
2026-01-04 00:52:10.848202: 
2026-01-04 00:52:10.851664: Epoch 108
2026-01-04 00:52:10.854237: Current learning rate: 7e-05
2026-01-04 00:53:14.215612: train_loss 0.6779
2026-01-04 00:53:14.220897: val_loss 0.6909
2026-01-04 00:53:14.224330: val classification accuracy 0.425
2026-01-04 00:53:14.227467: val auc 0.56
2026-01-04 00:53:14.230723: Epoch time: 63.37 s
2026-01-04 00:53:14.985616: 
2026-01-04 00:53:14.989381: Epoch 109
2026-01-04 00:53:14.992150: Current learning rate: 7e-05
2026-01-04 00:54:19.034048: train_loss 0.6999
2026-01-04 00:54:19.039087: val_loss 0.8082
2026-01-04 00:54:19.042278: val classification accuracy 0.425
2026-01-04 00:54:19.045335: val auc 0.3075
2026-01-04 00:54:19.048217: Epoch time: 64.05 s
2026-01-04 00:54:19.816046: 
2026-01-04 00:54:19.819750: Epoch 110
2026-01-04 00:54:19.822483: Current learning rate: 7e-05
2026-01-04 00:55:23.259546: train_loss 0.7342
2026-01-04 00:55:23.265163: val_loss 0.728
2026-01-04 00:55:23.268387: val classification accuracy 0.45
2026-01-04 00:55:23.271673: val auc 0.4888
2026-01-04 00:55:23.274936: Epoch time: 63.44 s
2026-01-04 00:55:24.162512: 
2026-01-04 00:55:24.166241: Epoch 111
2026-01-04 00:55:24.168899: Current learning rate: 7e-05
2026-01-04 00:56:28.195407: train_loss 0.6906
2026-01-04 00:56:28.202685: val_loss 0.6196
2026-01-04 00:56:28.207241: val classification accuracy 0.675
2026-01-04 00:56:28.211385: val auc 0.725
2026-01-04 00:56:28.215237: Epoch time: 64.03 s
2026-01-04 00:56:29.057122: 
2026-01-04 00:56:29.060506: Epoch 112
2026-01-04 00:56:29.063197: Current learning rate: 7e-05
2026-01-04 00:57:33.148300: train_loss 0.688
2026-01-04 00:57:33.153872: val_loss 0.6094
2026-01-04 00:57:33.156734: val classification accuracy 0.675
2026-01-04 00:57:33.159827: val auc 0.7375
2026-01-04 00:57:33.163327: Epoch time: 64.09 s
2026-01-04 00:57:33.876068: 
2026-01-04 00:57:33.879425: Epoch 113
2026-01-04 00:57:33.881949: Current learning rate: 7e-05
2026-01-04 00:58:37.822443: train_loss 0.7078
2026-01-04 00:58:37.827613: val_loss 0.6357
2026-01-04 00:58:37.830673: val classification accuracy 0.575
2026-01-04 00:58:37.853656: val auc 0.6938
2026-01-04 00:58:37.856749: Epoch time: 63.95 s
2026-01-04 00:58:38.595813: 
2026-01-04 00:58:38.599639: Epoch 114
2026-01-04 00:58:38.602727: Current learning rate: 7e-05
2026-01-04 00:59:41.953872: train_loss 0.6818
2026-01-04 00:59:41.964288: val_loss 0.7836
2026-01-04 00:59:41.967752: val classification accuracy 0.55
2026-01-04 00:59:41.971039: val auc 0.355
2026-01-04 00:59:41.974188: Epoch time: 63.36 s
2026-01-04 00:59:42.745908: 
2026-01-04 00:59:42.749727: Epoch 115
2026-01-04 00:59:42.752796: Current learning rate: 6e-05
2026-01-04 01:00:46.026033: train_loss 0.6954
2026-01-04 01:00:46.031686: val_loss 0.6348
2026-01-04 01:00:46.034706: val classification accuracy 0.6
2026-01-04 01:00:46.037958: val auc 0.6788
2026-01-04 01:00:46.041285: Epoch time: 63.28 s
2026-01-04 01:00:46.835827: 
2026-01-04 01:00:46.839301: Epoch 116
2026-01-04 01:00:46.842145: Current learning rate: 6e-05
2026-01-04 01:01:51.437917: train_loss 0.6804
2026-01-04 01:01:51.443203: val_loss 0.6607
2026-01-04 01:01:51.447021: val classification accuracy 0.55
2026-01-04 01:01:51.450576: val auc 0.615
2026-01-04 01:01:51.454012: Epoch time: 64.6 s
2026-01-04 01:01:52.300506: 
2026-01-04 01:01:52.304428: Epoch 117
2026-01-04 01:01:52.307393: Current learning rate: 6e-05
2026-01-04 01:02:55.201281: train_loss 0.6919
2026-01-04 01:02:55.205696: val_loss 0.6759
2026-01-04 01:02:55.208674: val classification accuracy 0.475
2026-01-04 01:02:55.211513: val auc 0.565
2026-01-04 01:02:55.214365: Epoch time: 62.9 s
2026-01-04 01:02:55.930270: 
2026-01-04 01:02:55.933615: Epoch 118
2026-01-04 01:02:55.936067: Current learning rate: 6e-05
2026-01-04 01:03:58.747947: train_loss 0.7026
2026-01-04 01:03:58.752707: val_loss 0.6642
2026-01-04 01:03:58.755547: val classification accuracy 0.525
2026-01-04 01:03:58.758205: val auc 0.6675
2026-01-04 01:03:58.760991: Epoch time: 62.82 s
2026-01-04 01:03:59.510019: 
2026-01-04 01:03:59.513581: Epoch 119
2026-01-04 01:03:59.516201: Current learning rate: 6e-05
2026-01-04 01:05:03.538903: train_loss 0.6865
2026-01-04 01:05:03.544259: val_loss 0.6764
2026-01-04 01:05:03.547531: val classification accuracy 0.6
2026-01-04 01:05:03.550750: val auc 0.6362
2026-01-04 01:05:03.553840: Epoch time: 64.03 s
2026-01-04 01:05:05.550957: Saved periodic checkpoint /hpf/projects/jquon/sumin/nnUNet_data/nnUNet_results/Dataset033_AVM_T1+C/SwinViTTrainer_ep300_NoMirroring_x2__nnUNetResEncUNetLPlans__3d_fullres/fold_1/checkpoint_every20_best_balacc.pth at epoch 119 with val_balanced_accuracy=0.6000
2026-01-04 01:05:06.266403: 
2026-01-04 01:05:06.270170: Epoch 120
2026-01-04 01:05:06.272836: Current learning rate: 6e-05
2026-01-04 01:06:10.043711: train_loss 0.6846
2026-01-04 01:06:10.073028: val_loss 0.683
2026-01-04 01:06:10.078292: val classification accuracy 0.5
2026-01-04 01:06:10.082958: val auc 0.54
2026-01-04 01:06:10.087002: Epoch time: 63.78 s
2026-01-04 01:06:10.933077: 
2026-01-04 01:06:10.936441: Epoch 121
2026-01-04 01:06:10.939022: Current learning rate: 6e-05
2026-01-04 01:07:15.637246: train_loss 0.6917
2026-01-04 01:07:15.641740: val_loss 0.6944
2026-01-04 01:07:15.644532: val classification accuracy 0.5
2026-01-04 01:07:15.647518: val auc 0.485
2026-01-04 01:07:15.650359: Epoch time: 64.71 s
2026-01-04 01:07:16.409473: 
2026-01-04 01:07:16.413060: Epoch 122
2026-01-04 01:07:16.415745: Current learning rate: 6e-05
2026-01-04 01:08:20.104767: train_loss 0.6788
2026-01-04 01:08:20.111057: val_loss 0.6566
2026-01-04 01:08:20.114732: val classification accuracy 0.65
2026-01-04 01:08:20.119158: val auc 0.6425
2026-01-04 01:08:20.123096: Epoch time: 63.7 s
2026-01-04 01:08:20.875228: 
2026-01-04 01:08:20.879305: Epoch 123
2026-01-04 01:08:20.882360: Current learning rate: 6e-05
2026-01-04 01:09:24.099621: train_loss 0.6818
2026-01-04 01:09:24.105056: val_loss 0.685
2026-01-04 01:09:24.108131: val classification accuracy 0.55
2026-01-04 01:09:24.111142: val auc 0.6025
2026-01-04 01:09:24.114325: Epoch time: 63.23 s
2026-01-04 01:09:24.896597: 
2026-01-04 01:09:24.900332: Epoch 124
2026-01-04 01:09:24.903299: Current learning rate: 6e-05
2026-01-04 01:10:28.604388: train_loss 0.6717
2026-01-04 01:10:28.612978: val_loss 0.6913
2026-01-04 01:10:28.617596: val classification accuracy 0.525
2026-01-04 01:10:28.622086: val auc 0.5725
2026-01-04 01:10:28.626027: Epoch time: 63.71 s
2026-01-04 01:10:29.386005: 
2026-01-04 01:10:29.389503: Epoch 125
2026-01-04 01:10:29.392105: Current learning rate: 6e-05
2026-01-04 01:11:32.526650: train_loss 0.6893
2026-01-04 01:11:32.531355: val_loss 0.6577
2026-01-04 01:11:32.534297: val classification accuracy 0.55
2026-01-04 01:11:32.537076: val auc 0.6287
2026-01-04 01:11:32.539705: Epoch time: 63.14 s
2026-01-04 01:11:33.282708: 
2026-01-04 01:11:33.287681: Epoch 126
2026-01-04 01:11:33.290358: Current learning rate: 6e-05
2026-01-04 01:12:37.405865: train_loss 0.6912
2026-01-04 01:12:37.410565: val_loss 0.6664
2026-01-04 01:12:37.413638: val classification accuracy 0.575
2026-01-04 01:12:37.416894: val auc 0.64
2026-01-04 01:12:37.420050: Epoch time: 64.12 s
2026-01-04 01:12:38.168654: 
2026-01-04 01:12:38.172077: Epoch 127
2026-01-04 01:12:38.174731: Current learning rate: 6e-05
2026-01-04 01:13:41.014421: train_loss 0.7109
2026-01-04 01:13:41.019097: val_loss 0.6938
2026-01-04 01:13:41.021903: val classification accuracy 0.475
2026-01-04 01:13:41.025075: val auc 0.5412
2026-01-04 01:13:41.027920: Epoch time: 62.85 s
2026-01-04 01:13:41.764643: 
2026-01-04 01:13:41.768129: Epoch 128
2026-01-04 01:13:41.770901: Current learning rate: 6e-05
2026-01-04 01:14:45.178384: train_loss 0.6741
2026-01-04 01:14:45.183190: val_loss 0.6556
2026-01-04 01:14:45.185925: val classification accuracy 0.625
2026-01-04 01:14:45.188617: val auc 0.6412
2026-01-04 01:14:45.191479: Epoch time: 63.41 s
2026-01-04 01:14:45.925830: 
2026-01-04 01:14:45.929338: Epoch 129
2026-01-04 01:14:45.932073: Current learning rate: 6e-05
2026-01-04 01:15:49.048015: train_loss 0.6778
2026-01-04 01:15:49.054945: val_loss 0.6775
2026-01-04 01:15:49.058080: val classification accuracy 0.625
2026-01-04 01:15:49.061219: val auc 0.5925
2026-01-04 01:15:49.064421: Epoch time: 63.12 s
2026-01-04 01:15:49.845318: 
2026-01-04 01:15:49.849426: Epoch 130
2026-01-04 01:15:49.852968: Current learning rate: 6e-05
2026-01-04 01:16:52.969736: train_loss 0.6835
2026-01-04 01:16:52.976065: val_loss 0.645
2026-01-04 01:16:52.990062: val classification accuracy 0.625
2026-01-04 01:16:52.999445: val auc 0.6675
2026-01-04 01:16:53.002747: Epoch time: 63.13 s
2026-01-04 01:16:53.766033: 
2026-01-04 01:16:53.770207: Epoch 131
2026-01-04 01:16:53.773205: Current learning rate: 6e-05
2026-01-04 01:17:56.983190: train_loss 0.657
2026-01-04 01:17:56.988864: val_loss 0.6676
2026-01-04 01:17:56.992321: val classification accuracy 0.6
2026-01-04 01:17:56.995542: val auc 0.6525
2026-01-04 01:17:56.999333: Epoch time: 63.22 s
2026-01-04 01:17:58.807582: 
2026-01-04 01:17:58.811332: Epoch 132
2026-01-04 01:17:58.814123: Current learning rate: 6e-05
2026-01-04 01:19:03.660707: train_loss 0.6944
2026-01-04 01:19:03.669786: val_loss 0.6823
2026-01-04 01:19:03.676803: val classification accuracy 0.525
2026-01-04 01:19:03.681779: val auc 0.6262
2026-01-04 01:19:03.686452: Epoch time: 64.85 s
2026-01-04 01:19:04.506113: 
2026-01-04 01:19:04.510861: Epoch 133
2026-01-04 01:19:04.513935: Current learning rate: 6e-05
2026-01-04 01:20:08.184291: train_loss 0.6724
2026-01-04 01:20:08.189821: val_loss 0.6969
2026-01-04 01:20:08.196166: val classification accuracy 0.525
2026-01-04 01:20:08.199989: val auc 0.5625
2026-01-04 01:20:08.203346: Epoch time: 63.68 s
2026-01-04 01:20:08.939161: 
2026-01-04 01:20:08.943411: Epoch 134
2026-01-04 01:20:08.946239: Current learning rate: 6e-05
2026-01-04 01:21:12.059855: train_loss 0.671
2026-01-04 01:21:12.065700: val_loss 0.719
2026-01-04 01:21:12.068788: val classification accuracy 0.575
2026-01-04 01:21:12.072009: val auc 0.5112
2026-01-04 01:21:12.075166: Epoch time: 63.12 s
2026-01-04 01:21:12.855240: 
2026-01-04 01:21:12.858935: Epoch 135
2026-01-04 01:21:12.861650: Current learning rate: 6e-05
2026-01-04 01:22:14.819400: train_loss 0.6858
2026-01-04 01:22:14.824781: val_loss 0.6789
2026-01-04 01:22:14.828216: val classification accuracy 0.475
2026-01-04 01:22:14.831615: val auc 0.5362
2026-01-04 01:22:14.835010: Epoch time: 61.97 s
2026-01-04 01:22:15.635265: 
2026-01-04 01:22:15.639668: Epoch 136
2026-01-04 01:22:15.642829: Current learning rate: 6e-05
2026-01-04 01:23:17.947000: train_loss 0.6671
2026-01-04 01:23:17.952335: val_loss 0.6867
2026-01-04 01:23:17.955596: val classification accuracy 0.55
2026-01-04 01:23:17.958762: val auc 0.5325
2026-01-04 01:23:17.961650: Epoch time: 62.31 s
2026-01-04 01:23:18.716395: 
2026-01-04 01:23:18.719969: Epoch 137
2026-01-04 01:23:18.722649: Current learning rate: 6e-05
2026-01-04 01:24:21.080815: train_loss 0.6633
2026-01-04 01:24:21.086479: val_loss 0.6913
2026-01-04 01:24:21.089639: val classification accuracy 0.525
2026-01-04 01:24:21.093013: val auc 0.4962
2026-01-04 01:24:21.096324: Epoch time: 62.37 s
2026-01-04 01:24:21.842127: 
2026-01-04 01:24:21.845703: Epoch 138
2026-01-04 01:24:21.848423: Current learning rate: 6e-05
2026-01-04 01:25:25.828416: train_loss 0.6829
2026-01-04 01:25:25.836732: val_loss 0.6481
2026-01-04 01:25:25.840073: val classification accuracy 0.55
2026-01-04 01:25:25.843533: val auc 0.67
2026-01-04 01:25:25.847092: Epoch time: 63.99 s
2026-01-04 01:25:26.573558: 
2026-01-04 01:25:26.577284: Epoch 139
2026-01-04 01:25:26.580588: Current learning rate: 6e-05
2026-01-04 01:26:30.248162: train_loss 0.6785
2026-01-04 01:26:30.257585: val_loss 0.6748
2026-01-04 01:26:30.261098: val classification accuracy 0.575
2026-01-04 01:26:30.264719: val auc 0.6025
2026-01-04 01:26:30.268611: Epoch time: 63.68 s
2026-01-04 01:26:31.055074: 
2026-01-04 01:26:31.058976: Epoch 140
2026-01-04 01:26:31.062229: Current learning rate: 6e-05
2026-01-04 01:27:33.754207: train_loss 0.694
2026-01-04 01:27:33.762708: val_loss 0.6903
2026-01-04 01:27:33.767241: val classification accuracy 0.55
2026-01-04 01:27:33.771116: val auc 0.5525
2026-01-04 01:27:33.775024: Epoch time: 62.7 s
2026-01-04 01:27:34.529009: 
2026-01-04 01:27:34.533066: Epoch 141
2026-01-04 01:27:34.536589: Current learning rate: 6e-05
2026-01-04 01:28:37.402820: train_loss 0.6768
2026-01-04 01:28:37.408930: val_loss 0.6118
2026-01-04 01:28:37.412189: val classification accuracy 0.7
2026-01-04 01:28:37.415348: val auc 0.8075
2026-01-04 01:28:37.422199: Epoch time: 62.88 s
2026-01-04 01:28:38.190767: 
2026-01-04 01:28:38.195430: Epoch 142
2026-01-04 01:28:38.198843: Current learning rate: 6e-05
2026-01-04 01:29:41.543642: train_loss 0.6729
2026-01-04 01:29:41.548970: val_loss 0.6721
2026-01-04 01:29:41.552167: val classification accuracy 0.625
2026-01-04 01:29:41.555512: val auc 0.6063
2026-01-04 01:29:41.558642: Epoch time: 63.35 s
2026-01-04 01:29:42.284995: 
2026-01-04 01:29:42.288518: Epoch 143
2026-01-04 01:29:42.291224: Current learning rate: 6e-05
2026-01-04 01:30:45.236052: train_loss 0.6747
2026-01-04 01:30:45.241266: val_loss 0.6738
2026-01-04 01:30:45.244376: val classification accuracy 0.55
2026-01-04 01:30:45.247221: val auc 0.5963
2026-01-04 01:30:45.250011: Epoch time: 62.95 s
2026-01-04 01:30:45.986009: 
2026-01-04 01:30:45.989685: Epoch 144
2026-01-04 01:30:45.992372: Current learning rate: 6e-05
2026-01-04 01:31:49.585629: train_loss 0.6762
2026-01-04 01:31:49.590914: val_loss 0.7107
2026-01-04 01:31:49.593898: val classification accuracy 0.525
2026-01-04 01:31:49.597027: val auc 0.5575
2026-01-04 01:31:49.599913: Epoch time: 63.6 s
2026-01-04 01:31:50.374795: 
2026-01-04 01:31:50.378412: Epoch 145
2026-01-04 01:31:50.381089: Current learning rate: 6e-05
2026-01-04 01:32:53.573218: train_loss 0.6955
2026-01-04 01:32:53.577863: val_loss 0.6786
2026-01-04 01:32:53.580439: val classification accuracy 0.525
2026-01-04 01:32:53.583387: val auc 0.5987
2026-01-04 01:32:53.586186: Epoch time: 63.2 s
2026-01-04 01:32:54.311134: 
2026-01-04 01:32:54.314829: Epoch 146
2026-01-04 01:32:54.317541: Current learning rate: 5e-05
2026-01-04 01:33:58.192609: train_loss 0.6872
2026-01-04 01:33:58.198453: val_loss 0.6858
2026-01-04 01:33:58.202014: val classification accuracy 0.475
2026-01-04 01:33:58.205623: val auc 0.52
2026-01-04 01:33:58.208832: Epoch time: 63.88 s
2026-01-04 01:33:58.933980: 
2026-01-04 01:33:58.937955: Epoch 147
2026-01-04 01:33:58.940730: Current learning rate: 5e-05
2026-01-04 01:35:02.906892: train_loss 0.6869
2026-01-04 01:35:02.912353: val_loss 0.7425
2026-01-04 01:35:02.915455: val classification accuracy 0.375
2026-01-04 01:35:02.918525: val auc 0.4175
2026-01-04 01:35:02.921900: Epoch time: 63.97 s
2026-01-04 01:35:03.671401: 
2026-01-04 01:35:03.675115: Epoch 148
2026-01-04 01:35:03.678234: Current learning rate: 5e-05
2026-01-04 01:36:08.513981: train_loss 0.6632
2026-01-04 01:36:08.519242: val_loss 0.6604
2026-01-04 01:36:08.522711: val classification accuracy 0.5
2026-01-04 01:36:08.525666: val auc 0.635
2026-01-04 01:36:08.528854: Epoch time: 64.84 s
2026-01-04 01:36:09.286079: 
2026-01-04 01:36:09.289463: Epoch 149
2026-01-04 01:36:09.292474: Current learning rate: 5e-05
2026-01-04 01:37:12.543681: train_loss 0.6967
2026-01-04 01:37:12.563130: val_loss 0.6605
2026-01-04 01:37:12.566610: val classification accuracy 0.625
2026-01-04 01:37:12.569601: val auc 0.7288
2026-01-04 01:37:12.572821: Epoch time: 63.26 s
2026-01-04 01:37:13.288069: 
2026-01-04 01:37:13.291373: Epoch 150
2026-01-04 01:37:13.294124: Current learning rate: 5e-05
2026-01-04 01:38:17.118217: train_loss 0.6802
2026-01-04 01:38:17.123671: val_loss 0.6841
2026-01-04 01:38:17.127027: val classification accuracy 0.475
2026-01-04 01:38:17.130295: val auc 0.5475
2026-01-04 01:38:17.133496: Epoch time: 63.83 s
2026-01-04 01:38:17.882739: 
2026-01-04 01:38:17.886535: Epoch 151
2026-01-04 01:38:17.889771: Current learning rate: 5e-05
2026-01-04 01:39:21.557465: train_loss 0.684
2026-01-04 01:39:21.563083: val_loss 0.6845
2026-01-04 01:39:21.566281: val classification accuracy 0.575
2026-01-04 01:39:21.569209: val auc 0.575
2026-01-04 01:39:21.572351: Epoch time: 63.68 s
2026-01-04 01:39:22.332297: 
2026-01-04 01:39:22.335733: Epoch 152
2026-01-04 01:39:22.338515: Current learning rate: 5e-05
2026-01-04 01:40:25.454939: train_loss 0.6866
2026-01-04 01:40:25.460156: val_loss 0.5898
2026-01-04 01:40:25.463652: val classification accuracy 0.75
2026-01-04 01:40:25.466767: val auc 0.8688
2026-01-04 01:40:25.470265: Epoch time: 63.12 s
2026-01-04 01:40:25.473034: Yayy! New best EMA pseudo Dice: 0.8688
2026-01-04 01:40:27.562723: Yayy! New best classification accuracy: 0.75
2026-01-04 01:40:29.639293: 
2026-01-04 01:40:29.642634: Epoch 153
2026-01-04 01:40:29.645257: Current learning rate: 5e-05
2026-01-04 01:41:32.852804: train_loss 0.6769
2026-01-04 01:41:32.858003: val_loss 0.6453
2026-01-04 01:41:32.861226: val classification accuracy 0.55
2026-01-04 01:41:32.864057: val auc 0.64
2026-01-04 01:41:32.866906: Epoch time: 63.21 s
2026-01-04 01:41:33.683462: 
2026-01-04 01:41:33.686861: Epoch 154
2026-01-04 01:41:33.689672: Current learning rate: 5e-05
2026-01-04 01:42:37.989135: train_loss 0.6915
2026-01-04 01:42:38.007448: val_loss 0.7047
2026-01-04 01:42:38.010796: val classification accuracy 0.45
2026-01-04 01:42:38.014492: val auc 0.4175
2026-01-04 01:42:38.017976: Epoch time: 64.31 s
2026-01-04 01:42:38.777777: 
2026-01-04 01:42:38.781339: Epoch 155
2026-01-04 01:42:38.784304: Current learning rate: 5e-05
2026-01-04 01:43:42.240289: train_loss 0.6792
2026-01-04 01:43:42.245718: val_loss 0.748
2026-01-04 01:43:42.248844: val classification accuracy 0.425
2026-01-04 01:43:42.251776: val auc 0.425
2026-01-04 01:43:42.254840: Epoch time: 63.46 s
2026-01-04 01:43:42.989305: 
2026-01-04 01:43:42.992933: Epoch 156
2026-01-04 01:43:42.995732: Current learning rate: 5e-05
2026-01-04 01:44:46.083250: train_loss 0.6763
2026-01-04 01:44:46.088044: val_loss 0.6666
2026-01-04 01:44:46.091639: val classification accuracy 0.55
2026-01-04 01:44:46.094745: val auc 0.6012
2026-01-04 01:44:46.098173: Epoch time: 63.1 s
2026-01-04 01:44:46.834656: 
2026-01-04 01:44:46.838370: Epoch 157
2026-01-04 01:44:46.841109: Current learning rate: 5e-05
2026-01-04 01:45:50.021365: train_loss 0.6919
2026-01-04 01:45:50.026392: val_loss 0.7034
2026-01-04 01:45:50.029314: val classification accuracy 0.5
2026-01-04 01:45:50.032377: val auc 0.5025
2026-01-04 01:45:50.035389: Epoch time: 63.19 s
2026-01-04 01:45:50.798255: 
2026-01-04 01:45:50.802122: Epoch 158
2026-01-04 01:45:50.804800: Current learning rate: 5e-05
2026-01-04 01:46:54.110078: train_loss 0.6748
2026-01-04 01:46:54.115185: val_loss 0.6364
2026-01-04 01:46:54.118919: val classification accuracy 0.675
2026-01-04 01:46:54.121847: val auc 0.6975
2026-01-04 01:46:54.125865: Epoch time: 63.31 s
2026-01-04 01:46:54.870852: 
2026-01-04 01:46:54.874079: Epoch 159
2026-01-04 01:46:54.876812: Current learning rate: 5e-05
2026-01-04 01:47:58.258657: train_loss 0.6791
2026-01-04 01:47:58.264157: val_loss 0.6598
2026-01-04 01:47:58.267842: val classification accuracy 0.625
2026-01-04 01:47:58.271313: val auc 0.6788
2026-01-04 01:47:58.274922: Epoch time: 63.39 s
2026-01-04 01:48:00.528845: Saved periodic checkpoint /hpf/projects/jquon/sumin/nnUNet_data/nnUNet_results/Dataset033_AVM_T1+C/SwinViTTrainer_ep300_NoMirroring_x2__nnUNetResEncUNetLPlans__3d_fullres/fold_1/checkpoint_every20_best_balacc.pth at epoch 159 with val_balanced_accuracy=0.6250
2026-01-04 01:48:01.250893: 
2026-01-04 01:48:01.254447: Epoch 160
2026-01-04 01:48:01.257352: Current learning rate: 5e-05
2026-01-04 01:49:03.927111: train_loss 0.6813
2026-01-04 01:49:03.940734: val_loss 0.6947
2026-01-04 01:49:03.947891: val classification accuracy 0.525
2026-01-04 01:49:03.951403: val auc 0.4988
2026-01-04 01:49:03.956412: Epoch time: 62.68 s
2026-01-04 01:49:04.729720: 
2026-01-04 01:49:04.734466: Epoch 161
2026-01-04 01:49:04.737988: Current learning rate: 5e-05
2026-01-04 01:50:08.155761: train_loss 0.6879
2026-01-04 01:50:08.160743: val_loss 0.632
2026-01-04 01:50:08.166256: val classification accuracy 0.625
2026-01-04 01:50:08.169512: val auc 0.7275
2026-01-04 01:50:08.172943: Epoch time: 63.43 s
2026-01-04 01:50:08.881424: 
2026-01-04 01:50:08.885182: Epoch 162
2026-01-04 01:50:08.888108: Current learning rate: 5e-05
2026-01-04 01:51:11.631044: train_loss 0.6653
2026-01-04 01:51:11.636217: val_loss 0.6108
2026-01-04 01:51:11.639190: val classification accuracy 0.675
2026-01-04 01:51:11.642325: val auc 0.7837
2026-01-04 01:51:11.645387: Epoch time: 62.75 s
2026-01-04 01:51:12.379874: 
2026-01-04 01:51:12.383310: Epoch 163
2026-01-04 01:51:12.386111: Current learning rate: 5e-05
2026-01-04 01:52:16.286226: train_loss 0.6762
2026-01-04 01:52:16.291146: val_loss 0.6523
2026-01-04 01:52:16.294264: val classification accuracy 0.725
2026-01-04 01:52:16.297660: val auc 0.7225
2026-01-04 01:52:16.301148: Epoch time: 63.91 s
2026-01-04 01:52:17.817823: 
2026-01-04 01:52:17.821563: Epoch 164
2026-01-04 01:52:17.824173: Current learning rate: 5e-05
2026-01-04 01:53:22.277331: train_loss 0.6748
2026-01-04 01:53:22.282856: val_loss 0.6887
2026-01-04 01:53:22.286686: val classification accuracy 0.5
2026-01-04 01:53:22.290471: val auc 0.5075
2026-01-04 01:53:22.294162: Epoch time: 64.46 s
2026-01-04 01:53:23.070016: 
2026-01-04 01:53:23.073834: Epoch 165
2026-01-04 01:53:23.076829: Current learning rate: 5e-05
2026-01-04 01:54:26.448545: train_loss 0.6836
2026-01-04 01:54:26.453405: val_loss 0.6654
2026-01-04 01:54:26.456774: val classification accuracy 0.6
2026-01-04 01:54:26.460190: val auc 0.5975
2026-01-04 01:54:26.463624: Epoch time: 63.38 s
2026-01-04 01:54:27.220325: 
2026-01-04 01:54:27.225258: Epoch 166
2026-01-04 01:54:27.229213: Current learning rate: 5e-05
2026-01-04 01:55:30.214686: train_loss 0.6732
2026-01-04 01:55:30.221466: val_loss 0.6418
2026-01-04 01:55:30.250787: val classification accuracy 0.6
2026-01-04 01:55:30.255664: val auc 0.6475
2026-01-04 01:55:30.258999: Epoch time: 63.0 s
2026-01-04 01:55:31.012181: 
2026-01-04 01:55:31.015324: Epoch 167
2026-01-04 01:55:31.017994: Current learning rate: 5e-05
2026-01-04 01:56:34.498063: train_loss 0.6785
2026-01-04 01:56:34.522188: val_loss 0.6689
2026-01-04 01:56:34.539015: val classification accuracy 0.575
2026-01-04 01:56:34.550283: val auc 0.615
2026-01-04 01:56:34.561154: Epoch time: 63.49 s
2026-01-04 01:56:35.398343: 
2026-01-04 01:56:35.402115: Epoch 168
2026-01-04 01:56:35.405380: Current learning rate: 5e-05
2026-01-04 01:57:39.576469: train_loss 0.6815
2026-01-04 01:57:39.581411: val_loss 0.7058
2026-01-04 01:57:39.584929: val classification accuracy 0.525
2026-01-04 01:57:39.588482: val auc 0.5462
2026-01-04 01:57:39.592132: Epoch time: 64.18 s
2026-01-04 01:57:40.313421: 
2026-01-04 01:57:40.317244: Epoch 169
2026-01-04 01:57:40.320121: Current learning rate: 5e-05
2026-01-04 01:58:43.874294: train_loss 0.6781
2026-01-04 01:58:43.878775: val_loss 0.6674
2026-01-04 01:58:43.881886: val classification accuracy 0.7
2026-01-04 01:58:43.885206: val auc 0.6975
2026-01-04 01:58:43.888154: Epoch time: 63.56 s
2026-01-04 01:58:44.627482: 
2026-01-04 01:58:44.631152: Epoch 170
2026-01-04 01:58:44.633978: Current learning rate: 5e-05
2026-01-04 01:59:48.755448: train_loss 0.6739
2026-01-04 01:59:48.760206: val_loss 0.673
2026-01-04 01:59:48.763350: val classification accuracy 0.65
2026-01-04 01:59:48.766295: val auc 0.6262
2026-01-04 01:59:48.769403: Epoch time: 64.13 s
2026-01-04 01:59:49.488783: 
2026-01-04 01:59:49.492280: Epoch 171
2026-01-04 01:59:49.495035: Current learning rate: 5e-05
2026-01-04 02:00:54.521980: train_loss 0.6755
2026-01-04 02:00:54.539358: val_loss 0.6768
2026-01-04 02:00:54.542425: val classification accuracy 0.525
2026-01-04 02:00:54.545328: val auc 0.605
2026-01-04 02:00:54.548346: Epoch time: 65.03 s
2026-01-04 02:00:55.304524: 
2026-01-04 02:00:55.308241: Epoch 172
2026-01-04 02:00:55.310993: Current learning rate: 5e-05
2026-01-04 02:01:59.800303: train_loss 0.6862
2026-01-04 02:01:59.806396: val_loss 0.6633
2026-01-04 02:01:59.810440: val classification accuracy 0.55
2026-01-04 02:01:59.814006: val auc 0.6712
2026-01-04 02:01:59.817562: Epoch time: 64.5 s
2026-01-04 02:02:00.543052: 
2026-01-04 02:02:00.546631: Epoch 173
2026-01-04 02:02:00.549502: Current learning rate: 5e-05
2026-01-04 02:03:03.965129: train_loss 0.684
2026-01-04 02:03:03.973658: val_loss 0.6603
2026-01-04 02:03:03.980518: val classification accuracy 0.675
2026-01-04 02:03:03.985256: val auc 0.695
2026-01-04 02:03:03.990357: Epoch time: 63.42 s
2026-01-04 02:03:04.772400: 
2026-01-04 02:03:04.775791: Epoch 174
2026-01-04 02:03:04.778535: Current learning rate: 5e-05
2026-01-04 02:04:08.150746: train_loss 0.6747
2026-01-04 02:04:08.156128: val_loss 0.6304
2026-01-04 02:04:08.159337: val classification accuracy 0.625
2026-01-04 02:04:08.162314: val auc 0.71
2026-01-04 02:04:08.165510: Epoch time: 63.38 s
2026-01-04 02:04:08.906911: 
2026-01-04 02:04:08.910562: Epoch 175
2026-01-04 02:04:08.913311: Current learning rate: 5e-05
2026-01-04 02:05:12.319232: train_loss 0.6712
2026-01-04 02:05:12.330843: val_loss 0.656
2026-01-04 02:05:12.335093: val classification accuracy 0.575
2026-01-04 02:05:12.338589: val auc 0.7125
2026-01-04 02:05:12.342438: Epoch time: 63.41 s
2026-01-04 02:05:13.153658: 
2026-01-04 02:05:13.157681: Epoch 176
2026-01-04 02:05:13.160551: Current learning rate: 5e-05
2026-01-04 02:06:17.308197: train_loss 0.6705
2026-01-04 02:06:17.313594: val_loss 0.7175
2026-01-04 02:06:17.317294: val classification accuracy 0.525
2026-01-04 02:06:17.320325: val auc 0.525
2026-01-04 02:06:17.324005: Epoch time: 64.16 s
2026-01-04 02:06:18.057406: 
2026-01-04 02:06:18.061201: Epoch 177
2026-01-04 02:06:18.063892: Current learning rate: 4e-05
2026-01-04 02:07:21.575459: train_loss 0.6824
2026-01-04 02:07:21.581705: val_loss 0.6255
2026-01-04 02:07:21.585407: val classification accuracy 0.675
2026-01-04 02:07:21.588606: val auc 0.7537
2026-01-04 02:07:21.591799: Epoch time: 63.52 s
2026-01-04 02:07:22.335222: 
2026-01-04 02:07:22.339132: Epoch 178
2026-01-04 02:07:22.342155: Current learning rate: 4e-05
2026-01-04 02:08:24.971614: train_loss 0.6793
2026-01-04 02:08:24.977653: val_loss 0.6433
2026-01-04 02:08:24.981194: val classification accuracy 0.6
2026-01-04 02:08:24.984915: val auc 0.7088
2026-01-04 02:08:24.988471: Epoch time: 62.64 s
2026-01-04 02:08:25.732891: 
2026-01-04 02:08:25.737389: Epoch 179
2026-01-04 02:08:25.740812: Current learning rate: 4e-05
2026-01-04 02:09:29.170799: train_loss 0.671
2026-01-04 02:09:29.176676: val_loss 0.7348
2026-01-04 02:09:29.179956: val classification accuracy 0.45
2026-01-04 02:09:29.183327: val auc 0.4012
2026-01-04 02:09:29.186467: Epoch time: 63.44 s
2026-01-04 02:09:29.939065: 
2026-01-04 02:09:29.943058: Epoch 180
2026-01-04 02:09:29.946214: Current learning rate: 4e-05
2026-01-04 02:10:35.268899: train_loss 0.6715
2026-01-04 02:10:35.294670: val_loss 0.6709
2026-01-04 02:10:35.298152: val classification accuracy 0.525
2026-01-04 02:10:35.301591: val auc 0.5938
2026-01-04 02:10:35.304734: Epoch time: 65.33 s
2026-01-04 02:10:36.056655: 
2026-01-04 02:10:36.060381: Epoch 181
2026-01-04 02:10:36.063374: Current learning rate: 4e-05
2026-01-04 02:11:39.952203: train_loss 0.698
2026-01-04 02:11:39.978092: val_loss 0.688
2026-01-04 02:11:39.997436: val classification accuracy 0.6
2026-01-04 02:11:40.015974: val auc 0.5762
2026-01-04 02:11:40.037268: Epoch time: 63.9 s
2026-01-04 02:11:40.828062: 
2026-01-04 02:11:40.831593: Epoch 182
2026-01-04 02:11:40.834274: Current learning rate: 4e-05
2026-01-04 02:12:45.151708: train_loss 0.6772
2026-01-04 02:12:45.157914: val_loss 0.6334
2026-01-04 02:12:45.161940: val classification accuracy 0.65
2026-01-04 02:12:45.165191: val auc 0.7025
2026-01-04 02:12:45.168916: Epoch time: 64.32 s
2026-01-04 02:12:45.918015: 
2026-01-04 02:12:45.921508: Epoch 183
2026-01-04 02:12:45.925263: Current learning rate: 4e-05
2026-01-04 02:13:48.840979: train_loss 0.6654
2026-01-04 02:13:48.850218: val_loss 0.655
2026-01-04 02:13:48.857353: val classification accuracy 0.575
2026-01-04 02:13:48.861725: val auc 0.63
2026-01-04 02:13:48.867078: Epoch time: 62.92 s
2026-01-04 02:13:49.625454: 
2026-01-04 02:13:49.629049: Epoch 184
2026-01-04 02:13:49.631801: Current learning rate: 4e-05
2026-01-04 02:14:53.355355: train_loss 0.6875
2026-01-04 02:14:53.360785: val_loss 0.6578
2026-01-04 02:14:53.363951: val classification accuracy 0.6
2026-01-04 02:14:53.366936: val auc 0.675
2026-01-04 02:14:53.370016: Epoch time: 63.73 s
2026-01-04 02:14:54.095018: 
2026-01-04 02:14:54.098517: Epoch 185
2026-01-04 02:14:54.100977: Current learning rate: 4e-05
2026-01-04 02:15:57.671422: train_loss 0.687
2026-01-04 02:15:57.677815: val_loss 0.6532
2026-01-04 02:15:57.681384: val classification accuracy 0.625
2026-01-04 02:15:57.688687: val auc 0.6488
2026-01-04 02:15:57.692314: Epoch time: 63.58 s
2026-01-04 02:15:58.479223: 
2026-01-04 02:15:58.484117: Epoch 186
2026-01-04 02:15:58.487375: Current learning rate: 4e-05
2026-01-04 02:17:02.547373: train_loss 0.6563
2026-01-04 02:17:02.554381: val_loss 0.6057
2026-01-04 02:17:02.557765: val classification accuracy 0.7
2026-01-04 02:17:02.561063: val auc 0.7725
2026-01-04 02:17:02.564667: Epoch time: 64.07 s
2026-01-04 02:17:03.331509: 
2026-01-04 02:17:03.335314: Epoch 187
2026-01-04 02:17:03.338727: Current learning rate: 4e-05
2026-01-04 02:18:08.195544: train_loss 0.6562
2026-01-04 02:18:08.201205: val_loss 0.6216
2026-01-04 02:18:08.204645: val classification accuracy 0.6
2026-01-04 02:18:08.207995: val auc 0.7
2026-01-04 02:18:08.211267: Epoch time: 64.87 s
2026-01-04 02:18:08.936084: 
2026-01-04 02:18:08.939661: Epoch 188
2026-01-04 02:18:08.942432: Current learning rate: 4e-05
2026-01-04 02:19:13.082319: train_loss 0.676
2026-01-04 02:19:13.095411: val_loss 0.6527
2026-01-04 02:19:13.098846: val classification accuracy 0.65
2026-01-04 02:19:13.101645: val auc 0.655
2026-01-04 02:19:13.104346: Epoch time: 64.15 s
2026-01-04 02:19:13.869729: 
2026-01-04 02:19:13.873369: Epoch 189
2026-01-04 02:19:13.876173: Current learning rate: 4e-05
2026-01-04 02:20:17.770359: train_loss 0.6785
2026-01-04 02:20:17.781867: val_loss 0.6669
2026-01-04 02:20:17.787263: val classification accuracy 0.65
2026-01-04 02:20:17.791319: val auc 0.5625
2026-01-04 02:20:17.795083: Epoch time: 63.9 s
2026-01-04 02:20:18.515335: 
2026-01-04 02:20:18.518931: Epoch 190
2026-01-04 02:20:18.521511: Current learning rate: 4e-05
2026-01-04 02:21:23.091394: train_loss 0.678
2026-01-04 02:21:23.111049: val_loss 0.6475
2026-01-04 02:21:23.117251: val classification accuracy 0.65
2026-01-04 02:21:23.121986: val auc 0.7025
2026-01-04 02:21:23.126284: Epoch time: 64.58 s
2026-01-04 02:21:23.873438: 
2026-01-04 02:21:23.876923: Epoch 191
2026-01-04 02:21:23.879653: Current learning rate: 4e-05
2026-01-04 02:22:27.222679: train_loss 0.6781
2026-01-04 02:22:27.227507: val_loss 0.639
2026-01-04 02:22:27.230290: val classification accuracy 0.675
2026-01-04 02:22:27.233348: val auc 0.7125
2026-01-04 02:22:27.236190: Epoch time: 63.35 s
2026-01-04 02:22:28.007254: 
2026-01-04 02:22:28.011114: Epoch 192
2026-01-04 02:22:28.013919: Current learning rate: 4e-05
2026-01-04 02:23:31.883085: train_loss 0.6816
2026-01-04 02:23:31.889400: val_loss 0.6806
2026-01-04 02:23:31.893225: val classification accuracy 0.575
2026-01-04 02:23:31.896648: val auc 0.5125
2026-01-04 02:23:31.900306: Epoch time: 63.88 s
2026-01-04 02:23:32.661771: 
2026-01-04 02:23:32.665497: Epoch 193
2026-01-04 02:23:32.668349: Current learning rate: 4e-05
2026-01-04 02:24:37.035090: train_loss 0.6666
2026-01-04 02:24:37.039845: val_loss 0.6816
2026-01-04 02:24:37.043383: val classification accuracy 0.55
2026-01-04 02:24:37.046025: val auc 0.535
2026-01-04 02:24:37.048901: Epoch time: 64.37 s
2026-01-04 02:24:37.800167: 
2026-01-04 02:24:37.803925: Epoch 194
2026-01-04 02:24:37.806762: Current learning rate: 4e-05
2026-01-04 02:25:42.121943: train_loss 0.6755
2026-01-04 02:25:42.128103: val_loss 0.6604
2026-01-04 02:25:42.131418: val classification accuracy 0.65
2026-01-04 02:25:42.134318: val auc 0.6562
2026-01-04 02:25:42.137164: Epoch time: 64.32 s
2026-01-04 02:25:42.874228: 
2026-01-04 02:25:42.877690: Epoch 195
2026-01-04 02:25:42.880590: Current learning rate: 4e-05
2026-01-04 02:26:46.549564: train_loss 0.6829
2026-01-04 02:26:46.554993: val_loss 0.6887
2026-01-04 02:26:46.557828: val classification accuracy 0.45
2026-01-04 02:26:46.561000: val auc 0.5412
2026-01-04 02:26:46.563834: Epoch time: 63.68 s
2026-01-04 02:26:48.147767: 
2026-01-04 02:26:48.151108: Epoch 196
2026-01-04 02:26:48.153840: Current learning rate: 4e-05
2026-01-04 02:27:51.523532: train_loss 0.6741
2026-01-04 02:27:51.530234: val_loss 0.7057
2026-01-04 02:27:51.534091: val classification accuracy 0.475
2026-01-04 02:27:51.537533: val auc 0.495
2026-01-04 02:27:51.541162: Epoch time: 63.38 s
2026-01-04 02:27:52.284172: 
2026-01-04 02:27:52.287549: Epoch 197
2026-01-04 02:27:52.290310: Current learning rate: 4e-05
2026-01-04 02:28:56.081338: train_loss 0.6688
2026-01-04 02:28:56.086238: val_loss 0.684
2026-01-04 02:28:56.089533: val classification accuracy 0.525
2026-01-04 02:28:56.105693: val auc 0.5675
2026-01-04 02:28:56.113014: Epoch time: 63.8 s
2026-01-04 02:28:56.903990: 
2026-01-04 02:28:56.907754: Epoch 198
2026-01-04 02:28:56.910553: Current learning rate: 4e-05
2026-01-04 02:30:00.835231: train_loss 0.6709
2026-01-04 02:30:00.864799: val_loss 0.6561
2026-01-04 02:30:00.870645: val classification accuracy 0.6
2026-01-04 02:30:00.876239: val auc 0.7175
2026-01-04 02:30:00.882345: Epoch time: 63.93 s
2026-01-04 02:30:01.829605: 
2026-01-04 02:30:01.833190: Epoch 199
2026-01-04 02:30:01.835893: Current learning rate: 4e-05
2026-01-04 02:31:05.843489: train_loss 0.6839
2026-01-04 02:31:05.874251: val_loss 0.6476
2026-01-04 02:31:05.877721: val classification accuracy 0.725
2026-01-04 02:31:05.881660: val auc 0.715
2026-01-04 02:31:05.885021: Epoch time: 64.02 s
2026-01-04 02:31:08.158701: Saved periodic checkpoint /hpf/projects/jquon/sumin/nnUNet_data/nnUNet_results/Dataset033_AVM_T1+C/SwinViTTrainer_ep300_NoMirroring_x2__nnUNetResEncUNetLPlans__3d_fullres/fold_1/checkpoint_every20_best_balacc.pth at epoch 199 with val_balanced_accuracy=0.7250
2026-01-04 02:31:08.928935: 
2026-01-04 02:31:08.932391: Epoch 200
2026-01-04 02:31:08.934959: Current learning rate: 4e-05
2026-01-04 02:32:12.433136: train_loss 0.6834
2026-01-04 02:32:12.448739: val_loss 0.6578
2026-01-04 02:32:12.455709: val classification accuracy 0.625
2026-01-04 02:32:12.461020: val auc 0.73
2026-01-04 02:32:12.465275: Epoch time: 63.51 s
2026-01-04 02:32:13.285513: 
2026-01-04 02:32:13.289054: Epoch 201
2026-01-04 02:32:13.291850: Current learning rate: 4e-05
2026-01-04 02:33:18.043039: train_loss 0.669
2026-01-04 02:33:18.059550: val_loss 0.6419
2026-01-04 02:33:18.070177: val classification accuracy 0.625
2026-01-04 02:33:18.075031: val auc 0.6712
2026-01-04 02:33:18.079801: Epoch time: 64.76 s
2026-01-04 02:33:18.912566: 
2026-01-04 02:33:18.916190: Epoch 202
2026-01-04 02:33:18.918911: Current learning rate: 4e-05
2026-01-04 02:34:23.749055: train_loss 0.6533
2026-01-04 02:34:23.754848: val_loss 0.6772
2026-01-04 02:34:23.758147: val classification accuracy 0.475
2026-01-04 02:34:23.761280: val auc 0.5675
2026-01-04 02:34:23.764447: Epoch time: 64.84 s
2026-01-04 02:34:24.521486: 
2026-01-04 02:34:24.524953: Epoch 203
2026-01-04 02:34:24.527901: Current learning rate: 4e-05
2026-01-04 02:35:27.189630: train_loss 0.6571
2026-01-04 02:35:27.195838: val_loss 0.6195
2026-01-04 02:35:27.199054: val classification accuracy 0.625
2026-01-04 02:35:27.202628: val auc 0.6725
2026-01-04 02:35:27.206243: Epoch time: 62.67 s
2026-01-04 02:35:27.962163: 
2026-01-04 02:35:27.966048: Epoch 204
2026-01-04 02:35:27.969075: Current learning rate: 4e-05
2026-01-04 02:36:30.327884: train_loss 0.6855
2026-01-04 02:36:30.332936: val_loss 0.6408
2026-01-04 02:36:30.336072: val classification accuracy 0.6
2026-01-04 02:36:30.339119: val auc 0.6525
2026-01-04 02:36:30.342135: Epoch time: 62.37 s
2026-01-04 02:36:31.105259: 
2026-01-04 02:36:31.108741: Epoch 205
2026-01-04 02:36:31.111463: Current learning rate: 4e-05
2026-01-04 02:37:34.612093: train_loss 0.6771
2026-01-04 02:37:34.628718: val_loss 0.6683
2026-01-04 02:37:34.631859: val classification accuracy 0.55
2026-01-04 02:37:34.634871: val auc 0.5913
2026-01-04 02:37:34.637992: Epoch time: 63.51 s
2026-01-04 02:37:35.438714: 
2026-01-04 02:37:35.442145: Epoch 206
2026-01-04 02:37:35.444768: Current learning rate: 4e-05
2026-01-04 02:38:39.238388: train_loss 0.6731
2026-01-04 02:38:39.245889: val_loss 0.5914
2026-01-04 02:38:39.250350: val classification accuracy 0.725
2026-01-04 02:38:39.254020: val auc 0.7825
2026-01-04 02:38:39.258085: Epoch time: 63.8 s
2026-01-04 02:38:40.063179: 
2026-01-04 02:38:40.066689: Epoch 207
2026-01-04 02:38:40.069627: Current learning rate: 3e-05
2026-01-04 02:39:43.490482: train_loss 0.6613
2026-01-04 02:39:43.495288: val_loss 0.6041
2026-01-04 02:39:43.507708: val classification accuracy 0.7
2026-01-04 02:39:43.513575: val auc 0.7025
2026-01-04 02:39:43.518586: Epoch time: 63.43 s
2026-01-04 02:39:44.288346: 
2026-01-04 02:39:44.292408: Epoch 208
2026-01-04 02:39:44.295388: Current learning rate: 3e-05
2026-01-04 02:40:49.028147: train_loss 0.6583
2026-01-04 02:40:49.034272: val_loss 0.672
2026-01-04 02:40:49.037534: val classification accuracy 0.65
2026-01-04 02:40:49.040315: val auc 0.6525
2026-01-04 02:40:49.043324: Epoch time: 64.74 s
2026-01-04 02:40:49.772889: 
2026-01-04 02:40:49.776574: Epoch 209
2026-01-04 02:40:49.779334: Current learning rate: 3e-05
2026-01-04 02:41:53.934784: train_loss 0.6821
2026-01-04 02:41:53.957250: val_loss 0.6791
2026-01-04 02:41:53.962674: val classification accuracy 0.6
2026-01-04 02:41:53.965720: val auc 0.5913
2026-01-04 02:41:53.968691: Epoch time: 64.16 s
2026-01-04 02:41:54.686998: 
2026-01-04 02:41:54.690517: Epoch 210
2026-01-04 02:41:54.693227: Current learning rate: 3e-05
2026-01-04 02:42:58.508517: train_loss 0.6752
2026-01-04 02:42:58.514506: val_loss 0.6329
2026-01-04 02:42:58.517605: val classification accuracy 0.675
2026-01-04 02:42:58.520959: val auc 0.7225
2026-01-04 02:42:58.524241: Epoch time: 63.82 s
2026-01-04 02:42:59.247642: 
2026-01-04 02:42:59.251111: Epoch 211
2026-01-04 02:42:59.253796: Current learning rate: 3e-05
2026-01-04 02:44:03.098963: train_loss 0.6539
2026-01-04 02:44:03.104455: val_loss 0.6512
2026-01-04 02:44:03.107833: val classification accuracy 0.575
2026-01-04 02:44:03.110788: val auc 0.655
2026-01-04 02:44:03.114137: Epoch time: 63.85 s
2026-01-04 02:44:03.852018: 
2026-01-04 02:44:03.855453: Epoch 212
2026-01-04 02:44:03.858175: Current learning rate: 3e-05
2026-01-04 02:45:08.017402: train_loss 0.66
2026-01-04 02:45:08.023418: val_loss 0.6212
2026-01-04 02:45:08.026642: val classification accuracy 0.65
2026-01-04 02:45:08.029704: val auc 0.6875
2026-01-04 02:45:08.032629: Epoch time: 64.17 s
2026-01-04 02:45:08.788529: 
2026-01-04 02:45:08.791905: Epoch 213
2026-01-04 02:45:08.794579: Current learning rate: 3e-05
2026-01-04 02:46:12.420510: train_loss 0.6781
2026-01-04 02:46:12.426039: val_loss 0.6241
2026-01-04 02:46:12.429178: val classification accuracy 0.675
2026-01-04 02:46:12.432397: val auc 0.7862
2026-01-04 02:46:12.435440: Epoch time: 63.63 s
2026-01-04 02:46:13.163110: 
2026-01-04 02:46:13.166953: Epoch 214
2026-01-04 02:46:13.170036: Current learning rate: 3e-05
2026-01-04 02:47:16.297302: train_loss 0.66
2026-01-04 02:47:16.325056: val_loss 0.6381
2026-01-04 02:47:16.328818: val classification accuracy 0.7
2026-01-04 02:47:16.331942: val auc 0.7163
2026-01-04 02:47:16.335313: Epoch time: 63.14 s
2026-01-04 02:47:17.079623: 
2026-01-04 02:47:17.083428: Epoch 215
2026-01-04 02:47:17.086460: Current learning rate: 3e-05
2026-01-04 02:48:21.804820: train_loss 0.6631
2026-01-04 02:48:21.813782: val_loss 0.6801
2026-01-04 02:48:21.816972: val classification accuracy 0.625
2026-01-04 02:48:21.820074: val auc 0.52
2026-01-04 02:48:21.823305: Epoch time: 64.73 s
2026-01-04 02:48:22.572751: 
2026-01-04 02:48:22.577732: Epoch 216
2026-01-04 02:48:22.581706: Current learning rate: 3e-05
2026-01-04 02:49:26.196521: train_loss 0.6588
2026-01-04 02:49:26.202345: val_loss 0.6439
2026-01-04 02:49:26.205633: val classification accuracy 0.675
2026-01-04 02:49:26.208783: val auc 0.6425
2026-01-04 02:49:26.212435: Epoch time: 63.63 s
2026-01-04 02:49:27.008817: 
2026-01-04 02:49:27.012728: Epoch 217
2026-01-04 02:49:27.016326: Current learning rate: 3e-05
2026-01-04 02:50:29.751124: train_loss 0.6546
2026-01-04 02:50:29.756741: val_loss 0.6686
2026-01-04 02:50:29.759922: val classification accuracy 0.575
2026-01-04 02:50:29.763059: val auc 0.605
2026-01-04 02:50:29.766235: Epoch time: 62.74 s
2026-01-04 02:50:30.490450: 
2026-01-04 02:50:30.493746: Epoch 218
2026-01-04 02:50:30.496769: Current learning rate: 3e-05
2026-01-04 02:51:34.155122: train_loss 0.6635
2026-01-04 02:51:34.160962: val_loss 0.6543
2026-01-04 02:51:34.164403: val classification accuracy 0.575
2026-01-04 02:51:34.167804: val auc 0.6662
2026-01-04 02:51:34.171117: Epoch time: 63.67 s
2026-01-04 02:51:34.909739: 
2026-01-04 02:51:34.913420: Epoch 219
2026-01-04 02:51:34.916358: Current learning rate: 3e-05
2026-01-04 02:52:38.322299: train_loss 0.6711
2026-01-04 02:52:38.327506: val_loss 0.6072
2026-01-04 02:52:38.330827: val classification accuracy 0.675
2026-01-04 02:52:38.333794: val auc 0.745
2026-01-04 02:52:38.337142: Epoch time: 63.41 s
2026-01-04 02:52:39.074311: 
2026-01-04 02:52:39.078122: Epoch 220
2026-01-04 02:52:39.080921: Current learning rate: 3e-05
2026-01-04 02:53:42.507871: train_loss 0.6718
2026-01-04 02:53:42.512699: val_loss 0.6603
2026-01-04 02:53:42.515746: val classification accuracy 0.65
2026-01-04 02:53:42.518987: val auc 0.6875
2026-01-04 02:53:42.522641: Epoch time: 63.43 s
2026-01-04 02:53:43.261019: 
2026-01-04 02:53:43.264376: Epoch 221
2026-01-04 02:53:43.266992: Current learning rate: 3e-05
2026-01-04 02:54:47.123977: train_loss 0.6867
2026-01-04 02:54:47.137849: val_loss 0.6445
2026-01-04 02:54:47.143337: val classification accuracy 0.675
2026-01-04 02:54:47.147916: val auc 0.7888
2026-01-04 02:54:47.152087: Epoch time: 63.86 s
2026-01-04 02:54:47.919135: 
2026-01-04 02:54:47.922897: Epoch 222
2026-01-04 02:54:47.925865: Current learning rate: 3e-05
2026-01-04 02:55:51.847950: train_loss 0.663
2026-01-04 02:55:51.864594: val_loss 0.6245
2026-01-04 02:55:51.876853: val classification accuracy 0.625
2026-01-04 02:55:51.888479: val auc 0.7162
2026-01-04 02:55:51.898925: Epoch time: 63.93 s
2026-01-04 02:55:52.678228: 
2026-01-04 02:55:52.682190: Epoch 223
2026-01-04 02:55:52.685074: Current learning rate: 3e-05
2026-01-04 02:56:56.797978: train_loss 0.6728
2026-01-04 02:56:56.812998: val_loss 0.6761
2026-01-04 02:56:56.820204: val classification accuracy 0.525
2026-01-04 02:56:56.825971: val auc 0.6125
2026-01-04 02:56:56.831331: Epoch time: 64.12 s
2026-01-04 02:56:57.571094: 
2026-01-04 02:56:57.575073: Epoch 224
2026-01-04 02:56:57.577993: Current learning rate: 3e-05
2026-01-04 02:58:01.304278: train_loss 0.6549
2026-01-04 02:58:01.322592: val_loss 0.6323
2026-01-04 02:58:01.327337: val classification accuracy 0.575
2026-01-04 02:58:01.331650: val auc 0.755
2026-01-04 02:58:01.335460: Epoch time: 63.73 s
2026-01-04 02:58:02.088113: 
2026-01-04 02:58:02.092155: Epoch 225
2026-01-04 02:58:02.095204: Current learning rate: 3e-05
2026-01-04 02:59:06.057786: train_loss 0.6661
2026-01-04 02:59:06.063402: val_loss 0.633
2026-01-04 02:59:06.066807: val classification accuracy 0.7
2026-01-04 02:59:06.070299: val auc 0.7488
2026-01-04 02:59:06.074207: Epoch time: 63.97 s
2026-01-04 02:59:06.934089: 
2026-01-04 02:59:06.938220: Epoch 226
2026-01-04 02:59:06.941663: Current learning rate: 3e-05
2026-01-04 03:00:11.028662: train_loss 0.6704
2026-01-04 03:00:11.034913: val_loss 0.6242
2026-01-04 03:00:11.038833: val classification accuracy 0.675
2026-01-04 03:00:11.042444: val auc 0.84
2026-01-04 03:00:11.046076: Epoch time: 64.1 s
2026-01-04 03:00:11.775948: 
2026-01-04 03:00:11.780272: Epoch 227
2026-01-04 03:00:11.783669: Current learning rate: 3e-05
2026-01-04 03:01:15.923430: train_loss 0.6499
2026-01-04 03:01:15.930517: val_loss 0.647
2026-01-04 03:01:15.934254: val classification accuracy 0.625
2026-01-04 03:01:15.937501: val auc 0.67
2026-01-04 03:01:15.940724: Epoch time: 64.15 s
2026-01-04 03:01:16.794388: 
2026-01-04 03:01:16.798267: Epoch 228
2026-01-04 03:01:16.801570: Current learning rate: 3e-05
2026-01-04 03:02:21.358058: train_loss 0.6695
2026-01-04 03:02:21.363853: val_loss 0.6682
2026-01-04 03:02:21.367180: val classification accuracy 0.6
2026-01-04 03:02:21.370577: val auc 0.65
2026-01-04 03:02:21.373847: Epoch time: 64.56 s
2026-01-04 03:02:22.113866: 
2026-01-04 03:02:22.117665: Epoch 229
2026-01-04 03:02:22.120870: Current learning rate: 3e-05
2026-01-04 03:03:24.760780: train_loss 0.675
2026-01-04 03:03:24.766847: val_loss 0.6433
2026-01-04 03:03:24.770214: val classification accuracy 0.625
2026-01-04 03:03:24.773817: val auc 0.7688
2026-01-04 03:03:24.777241: Epoch time: 62.65 s
2026-01-04 03:03:25.530800: 
2026-01-04 03:03:25.534253: Epoch 230
2026-01-04 03:03:25.537167: Current learning rate: 3e-05
2026-01-04 03:04:28.405892: train_loss 0.6647
2026-01-04 03:04:28.411039: val_loss 0.6086
2026-01-04 03:04:28.414239: val classification accuracy 0.75
2026-01-04 03:04:28.417300: val auc 0.7425
2026-01-04 03:04:28.420651: Epoch time: 62.88 s
2026-01-04 03:04:29.140769: 
2026-01-04 03:04:29.144059: Epoch 231
2026-01-04 03:04:29.146741: Current learning rate: 3e-05
2026-01-04 03:05:33.153452: train_loss 0.6749
2026-01-04 03:05:33.159790: val_loss 0.6613
2026-01-04 03:05:33.163719: val classification accuracy 0.55
2026-01-04 03:05:33.167349: val auc 0.585
2026-01-04 03:05:33.171000: Epoch time: 64.01 s
2026-01-04 03:05:33.927801: 
2026-01-04 03:05:33.931749: Epoch 232
2026-01-04 03:05:33.935025: Current learning rate: 3e-05
2026-01-04 03:06:37.907046: train_loss 0.6776
2026-01-04 03:06:37.913137: val_loss 0.6347
2026-01-04 03:06:37.916577: val classification accuracy 0.625
2026-01-04 03:06:37.919991: val auc 0.655
2026-01-04 03:06:37.923524: Epoch time: 63.98 s
2026-01-04 03:06:37.926528: Early stopping triggered at epoch 232. Best val_losses=0.5898
2026-01-04 03:06:38.690764: Stopping training early due to early stopping criterion.
2026-01-04 03:06:40.901603: Training done.
2026-01-04 03:06:40.907970: Skipping perform_actual_validation for classification trainer (segmentation-style sliding window is not applicable).
[1;34mwandb[0m: 
[1;34mwandb[0m:  View run [33mSwinViTTrainer_ep300_NoMirroring_x2_fold1[0m at: [34m[0m
[1;34mwandb[0m: Find logs at: [1;35m../../tmp/wandb/wandb/run-20260103_225426-1o9ryvsn/logs[0m
