Using device: cuda:0

#######################################################################
Please cite the following paper when using nnU-Net:
Isensee, F., Jaeger, P. F., Kohl, S. A., Petersen, J., & Maier-Hein, K. H. (2021). nnU-Net: a self-configuring method for deep learning-based biomedical image segmentation. Nature methods, 18(2), 203-211.
#######################################################################

2026-01-04 09:35:26.171623: Using torch.compile...
2026-01-04 09:35:32.154059: do_dummy_2d_data_aug: False
2026-01-04 09:35:32.158646: Using splits from existing split file: /hpf/projects/jquon/sumin/nnUNet_data/nnUNet_preprocessed/Dataset033_AVM_T1+C/splits_final.json
2026-01-04 09:35:32.162915: The split file contains 11 splits.
2026-01-04 09:35:32.164561: Desired fold for training: 0
2026-01-04 09:35:32.166229: This split has 462 training and 50 validation cases.
using pin_memory on device 0
using pin_memory on device 0

This is the configuration used by this training:
Configuration name: 3d_fullres
 {'data_identifier': 'nnUNetPlans_3d_fullres', 'preprocessor_name': 'DefaultPreprocessor', 'batch_size': 2, 'patch_size': [160, 224, 192], 'median_image_size_in_voxels': [344.0, 448.0, 429.0], 'spacing': [0.500000923871994, 0.4910714328289032, 0.4910714328289032], 'normalization_schemes': ['ZScoreNormalization'], 'use_mask_for_norm': [False], 'resampling_fn_data': 'resample_data_or_seg_to_shape', 'resampling_fn_seg': 'resample_data_or_seg_to_shape', 'resampling_fn_data_kwargs': {'is_seg': False, 'order': 3, 'order_z': 0, 'force_separate_z': None}, 'resampling_fn_seg_kwargs': {'is_seg': True, 'order': 1, 'order_z': 0, 'force_separate_z': None}, 'resampling_fn_probabilities': 'resample_data_or_seg_to_shape', 'resampling_fn_probabilities_kwargs': {'is_seg': False, 'order': 1, 'order_z': 0, 'force_separate_z': None}, 'architecture': {'network_class_name': 'dynamic_network_architectures.architectures.unet.ResidualEncoderUNet', 'arch_kwargs': {'n_stages': 6, 'features_per_stage': [32, 64, 128, 256, 320, 320], 'conv_op': 'torch.nn.modules.conv.Conv3d', 'kernel_sizes': [[3, 3, 3], [3, 3, 3], [3, 3, 3], [3, 3, 3], [3, 3, 3], [3, 3, 3]], 'strides': [[1, 1, 1], [2, 2, 2], [2, 2, 2], [2, 2, 2], [2, 2, 2], [2, 2, 2]], 'n_blocks_per_stage': [1, 3, 4, 6, 6, 6], 'n_conv_per_stage_decoder': [1, 1, 1, 1, 1], 'conv_bias': True, 'norm_op': 'torch.nn.modules.instancenorm.InstanceNorm3d', 'norm_op_kwargs': {'eps': 1e-05, 'affine': True}, 'dropout_op': None, 'dropout_op_kwargs': None, 'nonlin': 'torch.nn.LeakyReLU', 'nonlin_kwargs': {'inplace': True}}, '_kw_requires_import': ['conv_op', 'norm_op', 'dropout_op', 'nonlin']}, 'batch_dice': True} 

These are the global plan.json settings:
 {'dataset_name': 'Dataset033_AVM_T1+C', 'plans_name': 'nnUNetResEncUNetLPlans', 'original_median_spacing_after_transp': [0.500000923871994, 0.4910714328289032, 0.4910714328289032], 'original_median_shape_after_transp': [330, 448, 424], 'image_reader_writer': 'SimpleITKIO', 'transpose_forward': [0, 1, 2], 'transpose_backward': [0, 1, 2], 'experiment_planner_used': 'nnUNetPlannerResEncL', 'label_manager': 'LabelManager', 'foreground_intensity_properties_per_channel': {'0': {'max': 12113.0, 'mean': 449.843505859375, 'median': 311.0, 'min': 0.0, 'percentile_00_5': 34.0, 'percentile_99_5': 3202.0, 'std': 471.56329345703125}}} 

2026-01-04 09:35:34.992159: Unable to plot network architecture: nnUNet_compile is enabled!
2026-01-04 09:35:35.051021: 
2026-01-04 09:35:35.055525: Epoch 0
2026-01-04 09:35:35.057759: Current learning rate: 0.0001
2026-01-04 09:36:51.596731: train_loss 0.7869
2026-01-04 09:36:51.600844: val_loss 0.6706
2026-01-04 09:36:51.603022: val classification accuracy 0.56
2026-01-04 09:36:51.605164: val auc 0.7184
2026-01-04 09:36:51.607287: Epoch time: 76.55 s
2026-01-04 09:36:51.609025: Yayy! New best EMA pseudo Dice: 0.7184
2026-01-04 09:36:56.899826: Yayy! New best classification accuracy: 0.56
2026-01-04 09:37:01.427746: 
2026-01-04 09:37:01.430461: Epoch 1
2026-01-04 09:37:01.432314: Current learning rate: 0.0001
2026-01-04 09:37:55.736457: train_loss 0.6972
2026-01-04 09:37:55.741649: val_loss 0.7403
2026-01-04 09:37:55.768492: val classification accuracy 0.46
2026-01-04 09:37:55.795576: val auc 0.4512
2026-01-04 09:37:55.798123: Epoch time: 54.31 s
2026-01-04 09:37:57.173664: 
2026-01-04 09:37:57.176355: Epoch 2
2026-01-04 09:37:57.178091: Current learning rate: 0.0001
2026-01-04 09:38:47.936102: train_loss 0.6864
2026-01-04 09:38:47.950654: val_loss 0.7317
2026-01-04 09:38:47.956723: val classification accuracy 0.36
2026-01-04 09:38:47.983560: val auc 0.3824
2026-01-04 09:38:47.986078: Epoch time: 50.76 s
2026-01-04 09:38:48.809942: 
2026-01-04 09:38:48.812789: Epoch 3
2026-01-04 09:38:48.814770: Current learning rate: 0.0001
2026-01-04 09:39:40.526800: train_loss 0.6875
2026-01-04 09:39:40.531398: val_loss 0.7139
2026-01-04 09:39:40.537318: val classification accuracy 0.48
2026-01-04 09:39:40.539495: val auc 0.4984
2026-01-04 09:39:40.541383: Epoch time: 51.72 s
2026-01-04 09:39:41.359689: 
2026-01-04 09:39:41.363470: Epoch 4
2026-01-04 09:39:41.365631: Current learning rate: 0.0001
2026-01-04 09:40:32.537558: train_loss 0.6933
2026-01-04 09:40:32.549341: val_loss 0.7238
2026-01-04 09:40:32.552053: val classification accuracy 0.54
2026-01-04 09:40:32.555576: val auc 0.4512
2026-01-04 09:40:32.557702: Epoch time: 51.18 s
2026-01-04 09:40:33.347811: 
2026-01-04 09:40:33.351000: Epoch 5
2026-01-04 09:40:33.352997: Current learning rate: 0.0001
2026-01-04 09:41:25.419886: train_loss 0.6984
2026-01-04 09:41:25.445048: val_loss 0.7031
2026-01-04 09:41:25.448188: val classification accuracy 0.56
2026-01-04 09:41:25.451242: val auc 0.5056
2026-01-04 09:41:25.453819: Epoch time: 52.07 s
2026-01-04 09:41:26.281016: 
2026-01-04 09:41:26.284268: Epoch 6
2026-01-04 09:41:26.286283: Current learning rate: 0.0001
2026-01-04 09:42:21.949227: train_loss 0.6752
2026-01-04 09:42:21.961505: val_loss 0.8208
2026-01-04 09:42:21.964743: val classification accuracy 0.4
2026-01-04 09:42:21.967085: val auc 0.392
2026-01-04 09:42:21.969667: Epoch time: 55.67 s
2026-01-04 09:42:22.796582: 
2026-01-04 09:42:22.799510: Epoch 7
2026-01-04 09:42:22.801491: Current learning rate: 0.0001
2026-01-04 09:43:17.575724: train_loss 0.6838
2026-01-04 09:43:17.579036: val_loss 0.7275
2026-01-04 09:43:17.580998: val classification accuracy 0.56
2026-01-04 09:43:17.583026: val auc 0.4784
2026-01-04 09:43:17.584908: Epoch time: 54.78 s
2026-01-04 09:43:18.470862: 
2026-01-04 09:43:18.474164: Epoch 8
2026-01-04 09:43:18.476733: Current learning rate: 0.0001
2026-01-04 09:44:09.145354: train_loss 0.6913
2026-01-04 09:44:09.171611: val_loss 0.7332
2026-01-04 09:44:09.201550: val classification accuracy 0.5
2026-01-04 09:44:09.204644: val auc 0.452
2026-01-04 09:44:09.207200: Epoch time: 50.68 s
2026-01-04 09:44:10.102831: 
2026-01-04 09:44:10.107188: Epoch 9
2026-01-04 09:44:10.110004: Current learning rate: 0.0001
2026-01-04 09:45:03.130733: train_loss 0.6887
2026-01-04 09:45:03.135804: val_loss 0.7759
2026-01-04 09:45:03.138456: val classification accuracy 0.3
2026-01-04 09:45:03.141175: val auc 0.2616
2026-01-04 09:45:03.143488: Epoch time: 53.03 s
2026-01-04 09:45:04.053330: 
2026-01-04 09:45:04.056242: Epoch 10
2026-01-04 09:45:04.058180: Current learning rate: 0.0001
2026-01-04 09:45:54.681048: train_loss 0.6812
2026-01-04 09:45:54.703645: val_loss 0.7552
2026-01-04 09:45:54.706131: val classification accuracy 0.42
2026-01-04 09:45:54.708600: val auc 0.4272
2026-01-04 09:45:54.711024: Epoch time: 50.63 s
2026-01-04 09:45:55.584400: 
2026-01-04 09:45:55.587519: Epoch 11
2026-01-04 09:45:55.590248: Current learning rate: 0.0001
2026-01-04 09:46:44.555240: train_loss 0.6827
2026-01-04 09:46:44.575810: val_loss 0.7748
2026-01-04 09:46:44.579474: val classification accuracy 0.44
2026-01-04 09:46:44.591129: val auc 0.3744
2026-01-04 09:46:44.593890: Epoch time: 48.97 s
2026-01-04 09:46:45.351654: 
2026-01-04 09:46:45.355338: Epoch 12
2026-01-04 09:46:45.357565: Current learning rate: 0.0001
2026-01-04 09:47:35.033398: train_loss 0.6794
2026-01-04 09:47:35.037549: val_loss 0.7801
2026-01-04 09:47:35.040458: val classification accuracy 0.4
2026-01-04 09:47:35.043384: val auc 0.3456
2026-01-04 09:47:35.046033: Epoch time: 49.68 s
2026-01-04 09:47:35.931866: 
2026-01-04 09:47:35.935199: Epoch 13
2026-01-04 09:47:35.937887: Current learning rate: 0.0001
2026-01-04 09:48:28.277592: train_loss 0.6782
2026-01-04 09:48:28.282346: val_loss 0.752
2026-01-04 09:48:28.285050: val classification accuracy 0.4
2026-01-04 09:48:28.287903: val auc 0.3888
2026-01-04 09:48:28.290667: Epoch time: 52.35 s
2026-01-04 09:48:29.065082: 
2026-01-04 09:48:29.068338: Epoch 14
2026-01-04 09:48:29.070694: Current learning rate: 0.0001
2026-01-04 09:49:21.065711: train_loss 0.679
2026-01-04 09:49:21.076408: val_loss 0.7426
2026-01-04 09:49:21.080725: val classification accuracy 0.48
2026-01-04 09:49:21.085030: val auc 0.4
2026-01-04 09:49:21.093048: Epoch time: 52.0 s
2026-01-04 09:49:22.687175: 
2026-01-04 09:49:22.691106: Epoch 15
2026-01-04 09:49:22.693759: Current learning rate: 0.0001
2026-01-04 09:50:13.056677: train_loss 0.6566
2026-01-04 09:50:13.068595: val_loss 0.7795
2026-01-04 09:50:13.071811: val classification accuracy 0.4
2026-01-04 09:50:13.074443: val auc 0.4096
2026-01-04 09:50:13.077103: Epoch time: 50.37 s
2026-01-04 09:50:13.862314: 
2026-01-04 09:50:13.865596: Epoch 16
2026-01-04 09:50:13.867966: Current learning rate: 0.0001
2026-01-04 09:51:05.131889: train_loss 0.6822
2026-01-04 09:51:05.140081: val_loss 0.7183
2026-01-04 09:51:05.143227: val classification accuracy 0.48
2026-01-04 09:51:05.146278: val auc 0.5096
2026-01-04 09:51:05.159765: Epoch time: 51.27 s
2026-01-04 09:51:05.962861: 
2026-01-04 09:51:05.966469: Epoch 17
2026-01-04 09:51:05.968976: Current learning rate: 9e-05
2026-01-04 09:51:56.976967: train_loss 0.6733
2026-01-04 09:51:56.982796: val_loss 0.7085
2026-01-04 09:51:56.986116: val classification accuracy 0.56
2026-01-04 09:51:56.988717: val auc 0.5008
2026-01-04 09:51:56.991196: Epoch time: 51.02 s
2026-01-04 09:51:57.787844: 
2026-01-04 09:51:57.791166: Epoch 18
2026-01-04 09:51:57.793892: Current learning rate: 9e-05
2026-01-04 09:52:48.223838: train_loss 0.682
2026-01-04 09:52:48.227864: val_loss 0.749
2026-01-04 09:52:48.230566: val classification accuracy 0.36
2026-01-04 09:52:48.233205: val auc 0.4176
2026-01-04 09:52:48.236705: Epoch time: 50.44 s
2026-01-04 09:52:49.048940: 
2026-01-04 09:52:49.052777: Epoch 19
2026-01-04 09:52:49.055408: Current learning rate: 9e-05
2026-01-04 09:53:35.965315: train_loss 0.6925
2026-01-04 09:53:35.970120: val_loss 0.7122
2026-01-04 09:53:35.972894: val classification accuracy 0.5
2026-01-04 09:53:35.975484: val auc 0.4424
2026-01-04 09:53:35.978087: Epoch time: 46.92 s
2026-01-04 09:53:41.686804: Saved periodic checkpoint /hpf/projects/jquon/sumin/nnUNet_data/nnUNet_results/Dataset033_AVM_T1+C/ViTTrainer_ep300_NoMirroring_x2__nnUNetResEncUNetLPlans__3d_fullres/fold_0/checkpoint_every20_best_balacc.pth at epoch 19 with val_balanced_accuracy=0.5000
2026-01-04 09:53:45.400901: Saved periodic checkpoint /hpf/projects/jquon/sumin/nnUNet_data/nnUNet_results/Dataset033_AVM_T1+C/ViTTrainer_ep300_NoMirroring_x2__nnUNetResEncUNetLPlans__3d_fullres/fold_0/checkpoint_every20_best_auroc.pth at epoch 19 with val_auc=0.4424
2026-01-04 09:53:46.190325: 
2026-01-04 09:53:46.193577: Epoch 20
2026-01-04 09:53:46.196011: Current learning rate: 9e-05
2026-01-04 09:54:32.602036: train_loss 0.6729
2026-01-04 09:54:32.643172: val_loss 0.7373
2026-01-04 09:54:32.669060: val classification accuracy 0.5
2026-01-04 09:54:32.672273: val auc 0.4512
2026-01-04 09:54:32.699050: Epoch time: 46.41 s
2026-01-04 09:54:33.489004: 
2026-01-04 09:54:33.492452: Epoch 21
2026-01-04 09:54:33.495177: Current learning rate: 9e-05
2026-01-04 09:55:25.009727: train_loss 0.6814
2026-01-04 09:55:25.031165: val_loss 0.6914
2026-01-04 09:55:25.033646: val classification accuracy 0.46
2026-01-04 09:55:25.035792: val auc 0.5648
2026-01-04 09:55:25.038167: Epoch time: 51.52 s
2026-01-04 09:55:25.905480: 
2026-01-04 09:55:25.909118: Epoch 22
2026-01-04 09:55:25.911621: Current learning rate: 9e-05
2026-01-04 09:56:18.676127: train_loss 0.6824
2026-01-04 09:56:18.683381: val_loss 0.7215
2026-01-04 09:56:18.688033: val classification accuracy 0.42
2026-01-04 09:56:18.692471: val auc 0.4296
2026-01-04 09:56:18.696369: Epoch time: 52.77 s
2026-01-04 09:56:19.515424: 
2026-01-04 09:56:19.518803: Epoch 23
2026-01-04 09:56:19.521382: Current learning rate: 9e-05
2026-01-04 09:57:11.741743: train_loss 0.6651
2026-01-04 09:57:11.754424: val_loss 0.8254
2026-01-04 09:57:11.757393: val classification accuracy 0.3
2026-01-04 09:57:11.760369: val auc 0.3424
2026-01-04 09:57:11.763309: Epoch time: 52.23 s
2026-01-04 09:57:12.579866: 
2026-01-04 09:57:12.583511: Epoch 24
2026-01-04 09:57:12.586099: Current learning rate: 9e-05
2026-01-04 09:58:03.682169: train_loss 0.6568
2026-01-04 09:58:03.695592: val_loss 0.7297
2026-01-04 09:58:03.698932: val classification accuracy 0.54
2026-01-04 09:58:03.702299: val auc 0.556
2026-01-04 09:58:03.725465: Epoch time: 51.1 s
2026-01-04 09:58:04.589532: 
2026-01-04 09:58:04.593325: Epoch 25
2026-01-04 09:58:04.595666: Current learning rate: 9e-05
2026-01-04 09:58:58.571611: train_loss 0.679
2026-01-04 09:58:58.576864: val_loss 0.7076
2026-01-04 09:58:58.579960: val classification accuracy 0.44
2026-01-04 09:58:58.591675: val auc 0.4904
2026-01-04 09:58:58.594974: Epoch time: 53.98 s
2026-01-04 09:58:59.455509: 
2026-01-04 09:58:59.459178: Epoch 26
2026-01-04 09:58:59.461800: Current learning rate: 9e-05
2026-01-04 09:59:43.015660: train_loss 0.6792
2026-01-04 09:59:43.019797: val_loss 0.7824
2026-01-04 09:59:43.022586: val classification accuracy 0.44
2026-01-04 09:59:43.031342: val auc 0.3736
2026-01-04 09:59:43.036047: Epoch time: 43.56 s
2026-01-04 09:59:43.783097: 
2026-01-04 09:59:43.786647: Epoch 27
2026-01-04 09:59:43.789084: Current learning rate: 9e-05
2026-01-04 10:00:40.782894: train_loss 0.6647
2026-01-04 10:00:40.817721: val_loss 0.8582
2026-01-04 10:00:40.823664: val classification accuracy 0.46
2026-01-04 10:00:40.830947: val auc 0.2952
2026-01-04 10:00:40.835342: Epoch time: 57.0 s
2026-01-04 10:00:41.693608: 
2026-01-04 10:00:41.697516: Epoch 28
2026-01-04 10:00:41.700049: Current learning rate: 9e-05
2026-01-04 10:01:33.390165: train_loss 0.653
2026-01-04 10:01:33.412706: val_loss 0.8857
2026-01-04 10:01:33.438118: val classification accuracy 0.44
2026-01-04 10:01:33.444930: val auc 0.3304
2026-01-04 10:01:33.447891: Epoch time: 51.7 s
2026-01-04 10:01:34.924810: 
2026-01-04 10:01:34.928631: Epoch 29
2026-01-04 10:01:34.931124: Current learning rate: 9e-05
2026-01-04 10:02:22.706777: train_loss 0.67
2026-01-04 10:02:22.711369: val_loss 0.8438
2026-01-04 10:02:22.714558: val classification accuracy 0.36
2026-01-04 10:02:22.717972: val auc 0.3592
2026-01-04 10:02:22.721101: Epoch time: 47.78 s
2026-01-04 10:02:23.597490: 
2026-01-04 10:02:23.600692: Epoch 30
2026-01-04 10:02:23.602987: Current learning rate: 9e-05
2026-01-04 10:03:16.574911: train_loss 0.6777
2026-01-04 10:03:16.583138: val_loss 0.6973
2026-01-04 10:03:16.613241: val classification accuracy 0.48
2026-01-04 10:03:16.623997: val auc 0.5216
2026-01-04 10:03:16.627344: Epoch time: 52.98 s
2026-01-04 10:03:17.460121: 
2026-01-04 10:03:17.463928: Epoch 31
2026-01-04 10:03:17.466385: Current learning rate: 9e-05
2026-01-04 10:04:13.188580: train_loss 0.6496
2026-01-04 10:04:13.193536: val_loss 0.7253
2026-01-04 10:04:13.196530: val classification accuracy 0.52
2026-01-04 10:04:13.199232: val auc 0.5112
2026-01-04 10:04:13.201621: Epoch time: 55.73 s
2026-01-04 10:04:14.153416: 
2026-01-04 10:04:14.157369: Epoch 32
2026-01-04 10:04:14.160198: Current learning rate: 9e-05
2026-01-04 10:05:03.924327: train_loss 0.6698
2026-01-04 10:05:03.932172: val_loss 0.7707
2026-01-04 10:05:03.934932: val classification accuracy 0.48
2026-01-04 10:05:03.937608: val auc 0.44
2026-01-04 10:05:03.940363: Epoch time: 49.77 s
2026-01-04 10:05:04.802971: 
2026-01-04 10:05:04.806380: Epoch 33
2026-01-04 10:05:04.808526: Current learning rate: 9e-05
2026-01-04 10:06:00.388973: train_loss 0.6683
2026-01-04 10:06:00.429329: val_loss 0.8048
2026-01-04 10:06:00.439572: val classification accuracy 0.36
2026-01-04 10:06:00.442635: val auc 0.3592
2026-01-04 10:06:00.445691: Epoch time: 55.59 s
2026-01-04 10:06:01.269062: 
2026-01-04 10:06:01.272444: Epoch 34
2026-01-04 10:06:01.274672: Current learning rate: 9e-05
2026-01-04 10:06:55.502056: train_loss 0.6624
2026-01-04 10:06:55.526371: val_loss 0.8292
2026-01-04 10:06:55.529515: val classification accuracy 0.34
2026-01-04 10:06:55.532394: val auc 0.3376
2026-01-04 10:06:55.536679: Epoch time: 54.23 s
2026-01-04 10:06:56.445639: 
2026-01-04 10:06:56.449596: Epoch 35
2026-01-04 10:06:56.452497: Current learning rate: 9e-05
2026-01-04 10:07:48.202838: train_loss 0.6729
2026-01-04 10:07:48.208386: val_loss 0.6834
2026-01-04 10:07:48.224326: val classification accuracy 0.5
2026-01-04 10:07:48.234382: val auc 0.5736
2026-01-04 10:07:48.237510: Epoch time: 51.76 s
2026-01-04 10:07:49.037511: 
2026-01-04 10:07:49.041487: Epoch 36
2026-01-04 10:07:49.044597: Current learning rate: 9e-05
2026-01-04 10:08:40.828529: train_loss 0.6553
2026-01-04 10:08:40.832809: val_loss 0.7771
2026-01-04 10:08:40.836921: val classification accuracy 0.48
2026-01-04 10:08:40.839638: val auc 0.4336
2026-01-04 10:08:40.842346: Epoch time: 51.79 s
2026-01-04 10:08:41.714553: 
2026-01-04 10:08:41.717703: Epoch 37
2026-01-04 10:08:41.720326: Current learning rate: 9e-05
2026-01-04 10:09:34.709558: train_loss 0.6538
2026-01-04 10:09:34.715610: val_loss 0.9385
2026-01-04 10:09:34.719092: val classification accuracy 0.3
2026-01-04 10:09:34.722597: val auc 0.1992
2026-01-04 10:09:34.726258: Epoch time: 53.0 s
2026-01-04 10:09:35.572088: 
2026-01-04 10:09:35.576177: Epoch 38
2026-01-04 10:09:35.578813: Current learning rate: 9e-05
2026-01-04 10:10:27.973021: train_loss 0.6845
2026-01-04 10:10:27.989459: val_loss 0.7385
2026-01-04 10:10:27.993442: val classification accuracy 0.5
2026-01-04 10:10:27.997139: val auc 0.4
2026-01-04 10:10:28.000256: Epoch time: 52.4 s
2026-01-04 10:10:28.904484: 
2026-01-04 10:10:28.908081: Epoch 39
2026-01-04 10:10:28.910714: Current learning rate: 9e-05
2026-01-04 10:11:19.863239: train_loss 0.6672
2026-01-04 10:11:19.876397: val_loss 0.7705
2026-01-04 10:11:19.880387: val classification accuracy 0.42
2026-01-04 10:11:19.885088: val auc 0.2976
2026-01-04 10:11:19.888758: Epoch time: 50.96 s
2026-01-04 10:11:20.800241: 
2026-01-04 10:11:20.804886: Epoch 40
2026-01-04 10:11:20.808491: Current learning rate: 9e-05
2026-01-04 10:12:13.312703: train_loss 0.6856
2026-01-04 10:12:13.318259: val_loss 0.7415
2026-01-04 10:12:13.323950: val classification accuracy 0.5
2026-01-04 10:12:13.338895: val auc 0.472
2026-01-04 10:12:13.341919: Epoch time: 52.51 s
2026-01-04 10:12:14.236621: 
2026-01-04 10:12:14.240725: Epoch 41
2026-01-04 10:12:14.243216: Current learning rate: 9e-05
2026-01-04 10:13:06.386019: train_loss 0.6775
2026-01-04 10:13:06.391207: val_loss 0.7669
2026-01-04 10:13:06.394743: val classification accuracy 0.36
2026-01-04 10:13:06.397873: val auc 0.3208
2026-01-04 10:13:06.401220: Epoch time: 52.15 s
2026-01-04 10:13:08.047057: 
2026-01-04 10:13:08.051230: Epoch 42
2026-01-04 10:13:08.054483: Current learning rate: 9e-05
2026-01-04 10:13:59.638297: train_loss 0.6817
2026-01-04 10:13:59.662519: val_loss 0.7325
2026-01-04 10:13:59.676268: val classification accuracy 0.42
2026-01-04 10:13:59.679836: val auc 0.384
2026-01-04 10:13:59.698667: Epoch time: 51.59 s
2026-01-04 10:14:00.572865: 
2026-01-04 10:14:00.576420: Epoch 43
2026-01-04 10:14:00.578832: Current learning rate: 9e-05
2026-01-04 10:14:50.625021: train_loss 0.6716
2026-01-04 10:14:50.629361: val_loss 0.7795
2026-01-04 10:14:50.632684: val classification accuracy 0.42
2026-01-04 10:14:50.635654: val auc 0.3496
2026-01-04 10:14:50.638654: Epoch time: 50.05 s
2026-01-04 10:14:51.532400: 
2026-01-04 10:14:51.535746: Epoch 44
2026-01-04 10:14:51.538442: Current learning rate: 9e-05
2026-01-04 10:15:47.362928: train_loss 0.6683
2026-01-04 10:15:47.369309: val_loss 0.7308
2026-01-04 10:15:47.371926: val classification accuracy 0.4
2026-01-04 10:15:47.374655: val auc 0.4464
2026-01-04 10:15:47.377374: Epoch time: 55.83 s
2026-01-04 10:15:48.271233: 
2026-01-04 10:15:48.274913: Epoch 45
2026-01-04 10:15:48.277472: Current learning rate: 9e-05
2026-01-04 10:16:39.366390: train_loss 0.6774
2026-01-04 10:16:39.371160: val_loss 0.7531
2026-01-04 10:16:39.373906: val classification accuracy 0.48
2026-01-04 10:16:39.378426: val auc 0.4464
2026-01-04 10:16:39.381678: Epoch time: 51.1 s
2026-01-04 10:16:40.228989: 
2026-01-04 10:16:40.232520: Epoch 46
2026-01-04 10:16:40.235019: Current learning rate: 9e-05
2026-01-04 10:17:32.162385: train_loss 0.6706
2026-01-04 10:17:32.166696: val_loss 0.7174
2026-01-04 10:17:32.169200: val classification accuracy 0.46
2026-01-04 10:17:32.171576: val auc 0.4912
2026-01-04 10:17:32.188388: Epoch time: 51.93 s
2026-01-04 10:17:33.047687: 
2026-01-04 10:17:33.051470: Epoch 47
2026-01-04 10:17:33.054154: Current learning rate: 9e-05
2026-01-04 10:18:25.843400: train_loss 0.6707
2026-01-04 10:18:25.873381: val_loss 0.8572
2026-01-04 10:18:25.876409: val classification accuracy 0.28
2026-01-04 10:18:25.879204: val auc 0.208
2026-01-04 10:18:25.882355: Epoch time: 52.8 s
2026-01-04 10:18:26.716948: 
2026-01-04 10:18:26.720080: Epoch 48
2026-01-04 10:18:26.722512: Current learning rate: 9e-05
2026-01-04 10:19:19.878813: train_loss 0.681
2026-01-04 10:19:19.894711: val_loss 0.7364
2026-01-04 10:19:19.898113: val classification accuracy 0.4
2026-01-04 10:19:19.901149: val auc 0.4096
2026-01-04 10:19:19.905933: Epoch time: 53.16 s
2026-01-04 10:19:20.783940: 
2026-01-04 10:19:20.787124: Epoch 49
2026-01-04 10:19:20.789424: Current learning rate: 9e-05
2026-01-04 10:20:14.869099: train_loss 0.6734
2026-01-04 10:20:14.876359: val_loss 0.6978
2026-01-04 10:20:14.879515: val classification accuracy 0.44
2026-01-04 10:20:14.882431: val auc 0.5032
2026-01-04 10:20:14.885093: Epoch time: 54.09 s
2026-01-04 10:20:15.749854: 
2026-01-04 10:20:15.753107: Epoch 50
2026-01-04 10:20:15.755683: Current learning rate: 8e-05
2026-01-04 10:21:09.617687: train_loss 0.6753
2026-01-04 10:21:09.622230: val_loss 0.7282
2026-01-04 10:21:09.632739: val classification accuracy 0.46
2026-01-04 10:21:09.635833: val auc 0.4584
2026-01-04 10:21:09.638559: Epoch time: 53.87 s
2026-01-04 10:21:10.536374: 
2026-01-04 10:21:10.539976: Epoch 51
2026-01-04 10:21:10.542555: Current learning rate: 8e-05
2026-01-04 10:22:01.020047: train_loss 0.6549
2026-01-04 10:22:01.049899: val_loss 0.7669
2026-01-04 10:22:01.053573: val classification accuracy 0.38
2026-01-04 10:22:01.056296: val auc 0.3824
2026-01-04 10:22:01.059286: Epoch time: 50.48 s
2026-01-04 10:22:01.865445: 
2026-01-04 10:22:01.869366: Epoch 52
2026-01-04 10:22:01.871993: Current learning rate: 8e-05
2026-01-04 10:22:51.871869: train_loss 0.6623
2026-01-04 10:22:51.900642: val_loss 0.7101
2026-01-04 10:22:51.904160: val classification accuracy 0.5
2026-01-04 10:22:51.907186: val auc 0.4856
2026-01-04 10:22:51.910373: Epoch time: 50.01 s
2026-01-04 10:22:52.774869: 
2026-01-04 10:22:52.779113: Epoch 53
2026-01-04 10:22:52.782347: Current learning rate: 8e-05
2026-01-04 10:23:44.050052: train_loss 0.672
2026-01-04 10:23:44.086383: val_loss 0.7259
2026-01-04 10:23:44.090285: val classification accuracy 0.46
2026-01-04 10:23:44.093387: val auc 0.4624
2026-01-04 10:23:44.096398: Epoch time: 51.28 s
2026-01-04 10:23:44.929385: 
2026-01-04 10:23:44.933213: Epoch 54
2026-01-04 10:23:44.935781: Current learning rate: 8e-05
2026-01-04 10:24:37.529612: train_loss 0.6664
2026-01-04 10:24:37.536049: val_loss 0.7969
2026-01-04 10:24:37.539339: val classification accuracy 0.24
2026-01-04 10:24:37.542535: val auc 0.2688
2026-01-04 10:24:37.545810: Epoch time: 52.6 s
2026-01-04 10:24:38.396527: 
2026-01-04 10:24:38.401431: Epoch 55
2026-01-04 10:24:38.404237: Current learning rate: 8e-05
2026-01-04 10:25:29.975553: train_loss 0.6645
2026-01-04 10:25:29.986081: val_loss 0.6451
2026-01-04 10:25:29.999244: val classification accuracy 0.54
2026-01-04 10:25:30.003275: val auc 0.5944
2026-01-04 10:25:30.006444: Epoch time: 51.58 s
2026-01-04 10:25:30.870816: 
2026-01-04 10:25:30.877593: Epoch 56
2026-01-04 10:25:30.881786: Current learning rate: 8e-05
2026-01-04 10:26:20.420513: train_loss 0.6653
2026-01-04 10:26:20.435285: val_loss 0.7327
2026-01-04 10:26:20.459409: val classification accuracy 0.48
2026-01-04 10:26:20.462320: val auc 0.4232
2026-01-04 10:26:20.464836: Epoch time: 49.56 s
2026-01-04 10:26:21.270848: 
2026-01-04 10:26:21.274372: Epoch 57
2026-01-04 10:26:21.276914: Current learning rate: 8e-05
2026-01-04 10:27:10.187305: train_loss 0.6724
2026-01-04 10:27:10.193020: val_loss 0.7884
2026-01-04 10:27:10.196130: val classification accuracy 0.42
2026-01-04 10:27:10.199021: val auc 0.352
2026-01-04 10:27:10.202266: Epoch time: 48.92 s
2026-01-04 10:27:11.027293: 
2026-01-04 10:27:11.031158: Epoch 58
2026-01-04 10:27:11.033734: Current learning rate: 8e-05
2026-01-04 10:28:01.321142: train_loss 0.6755
2026-01-04 10:28:01.326465: val_loss 0.7484
2026-01-04 10:28:01.330143: val classification accuracy 0.42
2026-01-04 10:28:01.338518: val auc 0.3768
2026-01-04 10:28:01.342719: Epoch time: 50.3 s
2026-01-04 10:28:02.314577: 
2026-01-04 10:28:02.318341: Epoch 59
2026-01-04 10:28:02.320929: Current learning rate: 8e-05
2026-01-04 10:28:55.988402: train_loss 0.6774
2026-01-04 10:28:56.041577: val_loss 0.7504
2026-01-04 10:28:56.063921: val classification accuracy 0.42
2026-01-04 10:28:56.067708: val auc 0.348
2026-01-04 10:28:56.070927: Epoch time: 53.68 s
2026-01-04 10:28:56.882664: 
2026-01-04 10:28:56.885996: Epoch 60
2026-01-04 10:28:56.888641: Current learning rate: 8e-05
2026-01-04 10:29:51.582333: train_loss 0.6614
2026-01-04 10:29:51.587407: val_loss 0.7211
2026-01-04 10:29:51.590263: val classification accuracy 0.4
2026-01-04 10:29:51.592935: val auc 0.428
2026-01-04 10:29:51.595721: Epoch time: 54.7 s
2026-01-04 10:29:52.414392: 
2026-01-04 10:29:52.417884: Epoch 61
2026-01-04 10:29:52.420621: Current learning rate: 8e-05
2026-01-04 10:30:46.146462: train_loss 0.6666
2026-01-04 10:30:46.151856: val_loss 0.7387
2026-01-04 10:30:46.155036: val classification accuracy 0.48
2026-01-04 10:30:46.162763: val auc 0.3888
2026-01-04 10:30:46.165695: Epoch time: 53.73 s
2026-01-04 10:30:47.113858: 
2026-01-04 10:30:47.117453: Epoch 62
2026-01-04 10:30:47.120025: Current learning rate: 8e-05
2026-01-04 10:31:36.775746: train_loss 0.6573
2026-01-04 10:31:36.828650: val_loss 0.7849
2026-01-04 10:31:36.831719: val classification accuracy 0.32
2026-01-04 10:31:36.834705: val auc 0.3072
2026-01-04 10:31:36.837849: Epoch time: 49.66 s
2026-01-04 10:31:37.673060: 
2026-01-04 10:31:37.676813: Epoch 63
2026-01-04 10:31:37.679449: Current learning rate: 8e-05
2026-01-04 10:32:28.897508: train_loss 0.6531
2026-01-04 10:32:28.903303: val_loss 0.8234
2026-01-04 10:32:28.906016: val classification accuracy 0.38
2026-01-04 10:32:28.908708: val auc 0.3296
2026-01-04 10:32:28.911451: Epoch time: 51.23 s
2026-01-04 10:32:29.742158: 
2026-01-04 10:32:29.745885: Epoch 64
2026-01-04 10:32:29.748464: Current learning rate: 8e-05
2026-01-04 10:33:20.562127: train_loss 0.6627
2026-01-04 10:33:20.568338: val_loss 0.7395
2026-01-04 10:33:20.571468: val classification accuracy 0.42
2026-01-04 10:33:20.574894: val auc 0.408
2026-01-04 10:33:20.586626: Epoch time: 50.82 s
2026-01-04 10:33:21.513406: 
2026-01-04 10:33:21.517324: Epoch 65
2026-01-04 10:33:21.520334: Current learning rate: 8e-05
2026-01-04 10:34:14.587305: train_loss 0.6739
2026-01-04 10:34:14.592118: val_loss 0.8057
2026-01-04 10:34:14.600291: val classification accuracy 0.36
2026-01-04 10:34:14.603690: val auc 0.2464
2026-01-04 10:34:14.617495: Epoch time: 53.08 s
2026-01-04 10:34:15.475473: 
2026-01-04 10:34:15.479496: Epoch 66
2026-01-04 10:34:15.482110: Current learning rate: 8e-05
2026-01-04 10:35:05.896812: train_loss 0.6712
2026-01-04 10:35:05.903564: val_loss 0.8306
2026-01-04 10:35:05.909959: val classification accuracy 0.32
2026-01-04 10:35:05.937068: val auc 0.2736
2026-01-04 10:35:05.953435: Epoch time: 50.42 s
2026-01-04 10:35:06.858799: 
2026-01-04 10:35:06.862603: Epoch 67
2026-01-04 10:35:06.865502: Current learning rate: 8e-05
2026-01-04 10:35:59.562693: train_loss 0.6488
2026-01-04 10:35:59.569301: val_loss 0.8531
2026-01-04 10:35:59.572683: val classification accuracy 0.32
2026-01-04 10:35:59.576200: val auc 0.3056
2026-01-04 10:35:59.587004: Epoch time: 52.71 s
2026-01-04 10:36:00.413614: 
2026-01-04 10:36:00.417231: Epoch 68
2026-01-04 10:36:00.419828: Current learning rate: 8e-05
2026-01-04 10:36:56.168009: train_loss 0.6552
2026-01-04 10:36:56.173551: val_loss 0.7998
2026-01-04 10:36:56.178944: val classification accuracy 0.36
2026-01-04 10:36:56.182469: val auc 0.3984
2026-01-04 10:36:56.185791: Epoch time: 55.76 s
2026-01-04 10:36:57.831450: 
2026-01-04 10:36:57.835493: Epoch 69
2026-01-04 10:36:57.838153: Current learning rate: 8e-05
2026-01-04 10:37:48.631083: train_loss 0.6836
2026-01-04 10:37:48.639987: val_loss 0.7393
2026-01-04 10:37:48.644027: val classification accuracy 0.48
2026-01-04 10:37:48.648190: val auc 0.476
2026-01-04 10:37:48.653288: Epoch time: 50.8 s
2026-01-04 10:37:49.592805: 
2026-01-04 10:37:49.596509: Epoch 70
2026-01-04 10:37:49.599311: Current learning rate: 8e-05
2026-01-04 10:38:37.472704: train_loss 0.6795
2026-01-04 10:38:37.479434: val_loss 0.7122
2026-01-04 10:38:37.482565: val classification accuracy 0.44
2026-01-04 10:38:37.485816: val auc 0.4776
2026-01-04 10:38:37.488936: Epoch time: 47.88 s
2026-01-04 10:38:38.291625: 
2026-01-04 10:38:38.296625: Epoch 71
2026-01-04 10:38:38.299871: Current learning rate: 8e-05
2026-01-04 10:39:29.408249: train_loss 0.6574
2026-01-04 10:39:29.412975: val_loss 0.844
2026-01-04 10:39:29.415652: val classification accuracy 0.36
2026-01-04 10:39:29.418321: val auc 0.3344
2026-01-04 10:39:29.420960: Epoch time: 51.12 s
2026-01-04 10:39:30.188070: 
2026-01-04 10:39:30.192098: Epoch 72
2026-01-04 10:39:30.194574: Current learning rate: 8e-05
2026-01-04 10:40:23.451208: train_loss 0.6632
2026-01-04 10:40:23.463130: val_loss 0.7529
2026-01-04 10:40:23.471509: val classification accuracy 0.5
2026-01-04 10:40:23.486136: val auc 0.5112
2026-01-04 10:40:23.533923: Epoch time: 53.26 s
2026-01-04 10:40:24.367635: 
2026-01-04 10:40:24.371484: Epoch 73
2026-01-04 10:40:24.374401: Current learning rate: 8e-05
2026-01-04 10:41:19.477201: train_loss 0.6475
2026-01-04 10:41:19.482038: val_loss 0.7457
2026-01-04 10:41:19.485312: val classification accuracy 0.44
2026-01-04 10:41:19.488566: val auc 0.4632
2026-01-04 10:41:19.491952: Epoch time: 55.11 s
2026-01-04 10:41:20.425565: 
2026-01-04 10:41:20.429024: Epoch 74
2026-01-04 10:41:20.431612: Current learning rate: 8e-05
2026-01-04 10:42:11.462502: train_loss 0.647
2026-01-04 10:42:11.468230: val_loss 0.8309
2026-01-04 10:42:11.471558: val classification accuracy 0.54
2026-01-04 10:42:11.474728: val auc 0.3992
2026-01-04 10:42:11.477977: Epoch time: 51.04 s
2026-01-04 10:42:12.413477: 
2026-01-04 10:42:12.417552: Epoch 75
2026-01-04 10:42:12.420448: Current learning rate: 8e-05
2026-01-04 10:43:01.987441: train_loss 0.6837
2026-01-04 10:43:01.993198: val_loss 0.7547
2026-01-04 10:43:01.996372: val classification accuracy 0.36
2026-01-04 10:43:01.999398: val auc 0.36
2026-01-04 10:43:02.002243: Epoch time: 49.58 s
2026-01-04 10:43:02.861902: 
2026-01-04 10:43:02.865161: Epoch 76
2026-01-04 10:43:02.868563: Current learning rate: 8e-05
2026-01-04 10:43:56.729938: train_loss 0.6809
2026-01-04 10:43:56.734911: val_loss 0.7126
2026-01-04 10:43:56.760733: val classification accuracy 0.5
2026-01-04 10:43:56.764638: val auc 0.4776
2026-01-04 10:43:56.801622: Epoch time: 53.87 s
2026-01-04 10:43:57.623491: 
2026-01-04 10:43:57.629146: Epoch 77
2026-01-04 10:43:57.632217: Current learning rate: 8e-05
2026-01-04 10:44:50.407305: train_loss 0.6856
2026-01-04 10:44:50.412056: val_loss 0.7228
2026-01-04 10:44:50.415174: val classification accuracy 0.48
2026-01-04 10:44:50.418110: val auc 0.4584
2026-01-04 10:44:50.420824: Epoch time: 52.78 s
2026-01-04 10:44:51.254264: 
2026-01-04 10:44:51.257669: Epoch 78
2026-01-04 10:44:51.260157: Current learning rate: 8e-05
2026-01-04 10:45:44.211390: train_loss 0.6628
2026-01-04 10:45:44.220969: val_loss 0.7775
2026-01-04 10:45:44.224491: val classification accuracy 0.38
2026-01-04 10:45:44.227515: val auc 0.3472
2026-01-04 10:45:44.231122: Epoch time: 52.96 s
2026-01-04 10:45:45.070704: 
2026-01-04 10:45:45.074636: Epoch 79
2026-01-04 10:45:45.077205: Current learning rate: 8e-05
2026-01-04 10:46:37.894289: train_loss 0.6556
2026-01-04 10:46:37.925229: val_loss 0.7151
2026-01-04 10:46:37.932519: val classification accuracy 0.52
2026-01-04 10:46:37.935730: val auc 0.4704
2026-01-04 10:46:37.938551: Epoch time: 52.82 s
2026-01-04 10:46:43.570534: Saved periodic checkpoint /hpf/projects/jquon/sumin/nnUNet_data/nnUNet_results/Dataset033_AVM_T1+C/ViTTrainer_ep300_NoMirroring_x2__nnUNetResEncUNetLPlans__3d_fullres/fold_0/checkpoint_every20_best_balacc.pth at epoch 79 with val_balanced_accuracy=0.5200
2026-01-04 10:46:47.311076: Saved periodic checkpoint /hpf/projects/jquon/sumin/nnUNet_data/nnUNet_results/Dataset033_AVM_T1+C/ViTTrainer_ep300_NoMirroring_x2__nnUNetResEncUNetLPlans__3d_fullres/fold_0/checkpoint_every20_best_auroc.pth at epoch 79 with val_auc=0.4704
2026-01-04 10:46:48.036006: 
2026-01-04 10:46:48.039170: Epoch 80
2026-01-04 10:46:48.041724: Current learning rate: 8e-05
2026-01-04 10:47:39.763095: train_loss 0.6593
2026-01-04 10:47:39.772740: val_loss 0.7524
2026-01-04 10:47:39.775802: val classification accuracy 0.42
2026-01-04 10:47:39.778705: val auc 0.4416
2026-01-04 10:47:39.781853: Epoch time: 51.73 s
2026-01-04 10:47:40.605980: 
2026-01-04 10:47:40.610306: Epoch 81
2026-01-04 10:47:40.613187: Current learning rate: 8e-05
2026-01-04 10:48:32.493684: train_loss 0.6435
2026-01-04 10:48:32.498946: val_loss 0.8492
2026-01-04 10:48:32.502714: val classification accuracy 0.32
2026-01-04 10:48:32.506447: val auc 0.2768
2026-01-04 10:48:32.509907: Epoch time: 51.89 s
2026-01-04 10:48:34.236949: 
2026-01-04 10:48:34.240514: Epoch 82
2026-01-04 10:48:34.243074: Current learning rate: 8e-05
2026-01-04 10:49:22.959376: train_loss 0.6597
2026-01-04 10:49:22.970724: val_loss 0.7529
2026-01-04 10:49:22.974017: val classification accuracy 0.48
2026-01-04 10:49:22.976754: val auc 0.4944
2026-01-04 10:49:22.979944: Epoch time: 48.72 s
2026-01-04 10:49:23.884547: 
2026-01-04 10:49:23.888257: Epoch 83
2026-01-04 10:49:23.891079: Current learning rate: 7e-05
2026-01-04 10:50:19.758973: train_loss 0.6349
2026-01-04 10:50:19.789122: val_loss 0.7644
2026-01-04 10:50:19.802312: val classification accuracy 0.4
2026-01-04 10:50:19.806526: val auc 0.4192
2026-01-04 10:50:19.810594: Epoch time: 55.88 s
2026-01-04 10:50:20.665567: 
2026-01-04 10:50:20.669115: Epoch 84
2026-01-04 10:50:20.671578: Current learning rate: 7e-05
2026-01-04 10:51:13.111190: train_loss 0.6609
2026-01-04 10:51:13.120221: val_loss 0.6993
2026-01-04 10:51:13.128407: val classification accuracy 0.52
2026-01-04 10:51:13.131934: val auc 0.5544
2026-01-04 10:51:13.135511: Epoch time: 52.45 s
2026-01-04 10:51:14.007447: 
2026-01-04 10:51:14.011457: Epoch 85
2026-01-04 10:51:14.014256: Current learning rate: 7e-05
2026-01-04 10:52:04.607175: train_loss 0.6627
2026-01-04 10:52:04.646377: val_loss 0.7725
2026-01-04 10:52:04.649482: val classification accuracy 0.48
2026-01-04 10:52:04.652137: val auc 0.4344
2026-01-04 10:52:04.654893: Epoch time: 50.6 s
2026-01-04 10:52:05.487374: 
2026-01-04 10:52:05.490956: Epoch 86
2026-01-04 10:52:05.493464: Current learning rate: 7e-05
2026-01-04 10:52:56.318373: train_loss 0.6589
2026-01-04 10:52:56.325697: val_loss 0.6931
2026-01-04 10:52:56.333465: val classification accuracy 0.5
2026-01-04 10:52:56.336557: val auc 0.5024
2026-01-04 10:52:56.339407: Epoch time: 50.83 s
2026-01-04 10:52:57.149500: 
2026-01-04 10:52:57.153082: Epoch 87
2026-01-04 10:52:57.155613: Current learning rate: 7e-05
2026-01-04 10:53:50.545102: train_loss 0.6569
2026-01-04 10:53:50.594300: val_loss 0.9206
2026-01-04 10:53:50.597366: val classification accuracy 0.48
2026-01-04 10:53:50.600283: val auc 0.34
2026-01-04 10:53:50.603470: Epoch time: 53.4 s
2026-01-04 10:53:51.435174: 
2026-01-04 10:53:51.438776: Epoch 88
2026-01-04 10:53:51.441223: Current learning rate: 7e-05
2026-01-04 10:54:44.936524: train_loss 0.6872
2026-01-04 10:54:44.940968: val_loss 0.669
2026-01-04 10:54:44.943860: val classification accuracy 0.52
2026-01-04 10:54:44.996598: val auc 0.5736
2026-01-04 10:54:45.000393: Epoch time: 53.5 s
2026-01-04 10:54:45.926518: 
2026-01-04 10:54:45.930421: Epoch 89
2026-01-04 10:54:45.933204: Current learning rate: 7e-05
2026-01-04 10:55:36.353990: train_loss 0.6501
2026-01-04 10:55:36.360025: val_loss 0.814
2026-01-04 10:55:36.362889: val classification accuracy 0.36
2026-01-04 10:55:36.365972: val auc 0.3184
2026-01-04 10:55:36.369072: Epoch time: 50.43 s
2026-01-04 10:55:37.212965: 
2026-01-04 10:55:37.217391: Epoch 90
2026-01-04 10:55:37.220212: Current learning rate: 7e-05
2026-01-04 10:56:25.114261: train_loss 0.6419
2026-01-04 10:56:25.129362: val_loss 0.8266
2026-01-04 10:56:25.158810: val classification accuracy 0.44
2026-01-04 10:56:25.161958: val auc 0.4384
2026-01-04 10:56:25.165103: Epoch time: 47.9 s
2026-01-04 10:56:26.057049: 
2026-01-04 10:56:26.060863: Epoch 91
2026-01-04 10:56:26.063380: Current learning rate: 7e-05
2026-01-04 10:57:19.227504: train_loss 0.6842
2026-01-04 10:57:19.234241: val_loss 0.7204
2026-01-04 10:57:19.237132: val classification accuracy 0.42
2026-01-04 10:57:19.239936: val auc 0.4288
2026-01-04 10:57:19.243018: Epoch time: 53.17 s
2026-01-04 10:57:20.070730: 
2026-01-04 10:57:20.075677: Epoch 92
2026-01-04 10:57:20.078685: Current learning rate: 7e-05
2026-01-04 10:58:10.860345: train_loss 0.6491
2026-01-04 10:58:10.865249: val_loss 0.7527
2026-01-04 10:58:10.868278: val classification accuracy 0.46
2026-01-04 10:58:10.915674: val auc 0.408
2026-01-04 10:58:10.921946: Epoch time: 50.79 s
2026-01-04 10:58:11.821480: 
2026-01-04 10:58:11.825004: Epoch 93
2026-01-04 10:58:11.827375: Current learning rate: 7e-05
2026-01-04 10:59:02.708911: train_loss 0.6556
2026-01-04 10:59:02.715212: val_loss 0.7403
2026-01-04 10:59:02.718133: val classification accuracy 0.5
2026-01-04 10:59:02.721433: val auc 0.5136
2026-01-04 10:59:02.724365: Epoch time: 50.89 s
2026-01-04 10:59:03.589957: 
2026-01-04 10:59:03.594088: Epoch 94
2026-01-04 10:59:03.596851: Current learning rate: 7e-05
2026-01-04 10:59:56.202864: train_loss 0.6525
2026-01-04 10:59:56.209184: val_loss 0.8119
2026-01-04 10:59:56.212560: val classification accuracy 0.46
2026-01-04 10:59:56.215837: val auc 0.4064
2026-01-04 10:59:56.219468: Epoch time: 52.61 s
2026-01-04 10:59:57.068708: 
2026-01-04 10:59:57.072376: Epoch 95
2026-01-04 10:59:57.075130: Current learning rate: 7e-05
2026-01-04 11:00:45.650868: train_loss 0.6487
2026-01-04 11:00:45.683275: val_loss 0.7665
2026-01-04 11:00:45.692675: val classification accuracy 0.44
2026-01-04 11:00:45.706938: val auc 0.4176
2026-01-04 11:00:45.717824: Epoch time: 48.58 s
2026-01-04 11:00:47.139966: 
2026-01-04 11:00:47.143472: Epoch 96
2026-01-04 11:00:47.146070: Current learning rate: 7e-05
2026-01-04 11:01:36.664974: train_loss 0.6426
2026-01-04 11:01:36.694918: val_loss 0.8796
2026-01-04 11:01:36.697776: val classification accuracy 0.4
2026-01-04 11:01:36.700504: val auc 0.4464
2026-01-04 11:01:36.703204: Epoch time: 49.53 s
2026-01-04 11:01:37.564624: 
2026-01-04 11:01:37.568401: Epoch 97
2026-01-04 11:01:37.571018: Current learning rate: 7e-05
2026-01-04 11:02:31.465253: train_loss 0.6755
2026-01-04 11:02:31.469596: val_loss 0.7576
2026-01-04 11:02:31.504984: val classification accuracy 0.4
2026-01-04 11:02:31.508215: val auc 0.336
2026-01-04 11:02:31.519788: Epoch time: 53.9 s
2026-01-04 11:02:32.365343: 
2026-01-04 11:02:32.475016: Epoch 98
2026-01-04 11:02:32.561369: Current learning rate: 7e-05
2026-01-04 11:03:23.566604: train_loss 0.6593
2026-01-04 11:03:23.571406: val_loss 0.8294
2026-01-04 11:03:23.575187: val classification accuracy 0.42
2026-01-04 11:03:23.578548: val auc 0.3168
2026-01-04 11:03:23.581659: Epoch time: 51.2 s
2026-01-04 11:03:24.428977: 
2026-01-04 11:03:24.432957: Epoch 99
2026-01-04 11:03:24.435821: Current learning rate: 7e-05
2026-01-04 11:04:16.575497: train_loss 0.6756
2026-01-04 11:04:16.580461: val_loss 0.7536
2026-01-04 11:04:16.589462: val classification accuracy 0.46
2026-01-04 11:04:16.592851: val auc 0.4096
2026-01-04 11:04:16.595945: Epoch time: 52.15 s
2026-01-04 11:04:17.478678: 
2026-01-04 11:04:17.483034: Epoch 100
2026-01-04 11:04:17.485842: Current learning rate: 7e-05
2026-01-04 11:05:09.981619: train_loss 0.6594
2026-01-04 11:05:09.988958: val_loss 0.7944
2026-01-04 11:05:10.000893: val classification accuracy 0.36
2026-01-04 11:05:10.004955: val auc 0.2384
2026-01-04 11:05:10.008371: Epoch time: 52.5 s
2026-01-04 11:05:10.964892: 
2026-01-04 11:05:10.968423: Epoch 101
2026-01-04 11:05:10.971273: Current learning rate: 7e-05
2026-01-04 11:06:02.161463: train_loss 0.6637
2026-01-04 11:06:02.185243: val_loss 0.7793
2026-01-04 11:06:02.189402: val classification accuracy 0.4
2026-01-04 11:06:02.192511: val auc 0.4112
2026-01-04 11:06:02.196053: Epoch time: 51.2 s
2026-01-04 11:06:03.053321: 
2026-01-04 11:06:03.057866: Epoch 102
2026-01-04 11:06:03.060964: Current learning rate: 7e-05
2026-01-04 11:06:57.679015: train_loss 0.6619
2026-01-04 11:06:57.683322: val_loss 0.7987
2026-01-04 11:06:57.686800: val classification accuracy 0.44
2026-01-04 11:06:57.690664: val auc 0.408
2026-01-04 11:06:57.694171: Epoch time: 54.63 s
2026-01-04 11:06:58.527097: 
2026-01-04 11:06:58.530869: Epoch 103
2026-01-04 11:06:58.533547: Current learning rate: 7e-05
2026-01-04 11:07:52.808993: train_loss 0.6513
2026-01-04 11:07:52.819410: val_loss 0.8355
2026-01-04 11:07:52.827273: val classification accuracy 0.4
2026-01-04 11:07:52.866549: val auc 0.3464
2026-01-04 11:07:52.883870: Epoch time: 54.28 s
2026-01-04 11:07:53.763462: 
2026-01-04 11:07:53.767171: Epoch 104
2026-01-04 11:07:53.769943: Current learning rate: 7e-05
2026-01-04 11:08:45.429559: train_loss 0.6639
2026-01-04 11:08:45.435247: val_loss 0.7412
2026-01-04 11:08:45.438588: val classification accuracy 0.42
2026-01-04 11:08:45.441612: val auc 0.436
2026-01-04 11:08:45.444692: Epoch time: 51.67 s
2026-01-04 11:08:46.290422: 
2026-01-04 11:08:46.294643: Epoch 105
2026-01-04 11:08:46.297627: Current learning rate: 7e-05
2026-01-04 11:09:43.376494: train_loss 0.6524
2026-01-04 11:09:43.382642: val_loss 0.7635
2026-01-04 11:09:43.386298: val classification accuracy 0.42
2026-01-04 11:09:43.389261: val auc 0.4448
2026-01-04 11:09:43.393251: Epoch time: 57.09 s
2026-01-04 11:09:44.364793: 
2026-01-04 11:09:44.368439: Epoch 106
2026-01-04 11:09:44.371161: Current learning rate: 7e-05
2026-01-04 11:10:42.896347: train_loss 0.6663
2026-01-04 11:10:42.901507: val_loss 0.8266
2026-01-04 11:10:42.905140: val classification accuracy 0.44
2026-01-04 11:10:42.908089: val auc 0.3232
2026-01-04 11:10:42.911117: Epoch time: 58.53 s
2026-01-04 11:10:43.801348: 
2026-01-04 11:10:43.805501: Epoch 107
2026-01-04 11:10:43.808277: Current learning rate: 7e-05
2026-01-04 11:11:34.328032: train_loss 0.6637
2026-01-04 11:11:34.333062: val_loss 0.7551
2026-01-04 11:11:34.336224: val classification accuracy 0.46
2026-01-04 11:11:34.339380: val auc 0.4272
2026-01-04 11:11:34.353248: Epoch time: 50.53 s
2026-01-04 11:11:35.288433: 
2026-01-04 11:11:35.292279: Epoch 108
2026-01-04 11:11:35.294885: Current learning rate: 7e-05
2026-01-04 11:12:25.384369: train_loss 0.6695
2026-01-04 11:12:25.389240: val_loss 0.788
2026-01-04 11:12:25.411790: val classification accuracy 0.54
2026-01-04 11:12:25.441249: val auc 0.368
2026-01-04 11:12:25.444488: Epoch time: 50.1 s
2026-01-04 11:12:26.906189: 
2026-01-04 11:12:26.909607: Epoch 109
2026-01-04 11:12:26.911996: Current learning rate: 7e-05
2026-01-04 11:13:18.538736: train_loss 0.6624
2026-01-04 11:13:18.544379: val_loss 0.7483
2026-01-04 11:13:18.547937: val classification accuracy 0.4
2026-01-04 11:13:18.551305: val auc 0.3672
2026-01-04 11:13:18.554991: Epoch time: 51.63 s
2026-01-04 11:13:19.645522: 
2026-01-04 11:13:19.649333: Epoch 110
2026-01-04 11:13:19.651979: Current learning rate: 7e-05
2026-01-04 11:14:16.151114: train_loss 0.6397
2026-01-04 11:14:16.159940: val_loss 0.7318
2026-01-04 11:14:16.172453: val classification accuracy 0.44
2026-01-04 11:14:16.175732: val auc 0.4864
2026-01-04 11:14:16.180975: Epoch time: 56.51 s
2026-01-04 11:14:17.145974: 
2026-01-04 11:14:17.149551: Epoch 111
2026-01-04 11:14:17.151957: Current learning rate: 7e-05
2026-01-04 11:15:11.244980: train_loss 0.6474
2026-01-04 11:15:11.248918: val_loss 0.8054
2026-01-04 11:15:11.251868: val classification accuracy 0.38
2026-01-04 11:15:11.254980: val auc 0.4368
2026-01-04 11:15:11.257713: Epoch time: 54.1 s
2026-01-04 11:15:12.119015: 
2026-01-04 11:15:12.122505: Epoch 112
2026-01-04 11:15:12.125203: Current learning rate: 7e-05
2026-01-04 11:16:07.079344: train_loss 0.6647
2026-01-04 11:16:07.092299: val_loss 0.8579
2026-01-04 11:16:07.125298: val classification accuracy 0.38
2026-01-04 11:16:07.130577: val auc 0.2736
2026-01-04 11:16:07.149836: Epoch time: 54.96 s
2026-01-04 11:16:07.998848: 
2026-01-04 11:16:08.002757: Epoch 113
2026-01-04 11:16:08.008174: Current learning rate: 7e-05
2026-01-04 11:17:00.980889: train_loss 0.6617
2026-01-04 11:17:00.985484: val_loss 0.7433
2026-01-04 11:17:00.997473: val classification accuracy 0.42
2026-01-04 11:17:01.039673: val auc 0.4464
2026-01-04 11:17:01.055558: Epoch time: 52.98 s
2026-01-04 11:17:01.950844: 
2026-01-04 11:17:01.958896: Epoch 114
2026-01-04 11:17:01.966168: Current learning rate: 7e-05
2026-01-04 11:17:57.066942: train_loss 0.6694
2026-01-04 11:17:57.072694: val_loss 0.703
2026-01-04 11:17:57.075894: val classification accuracy 0.48
2026-01-04 11:17:57.080408: val auc 0.4976
2026-01-04 11:17:57.085537: Epoch time: 55.12 s
2026-01-04 11:17:57.978348: 
2026-01-04 11:17:57.982385: Epoch 115
2026-01-04 11:17:57.985272: Current learning rate: 6e-05
2026-01-04 11:18:52.135367: train_loss 0.6561
2026-01-04 11:18:52.185280: val_loss 0.722
2026-01-04 11:18:52.189346: val classification accuracy 0.52
2026-01-04 11:18:52.214181: val auc 0.4656
2026-01-04 11:18:52.218060: Epoch time: 54.16 s
2026-01-04 11:18:53.046700: 
2026-01-04 11:18:53.050349: Epoch 116
2026-01-04 11:18:53.052931: Current learning rate: 6e-05
2026-01-04 11:19:46.321517: train_loss 0.6508
2026-01-04 11:19:46.329335: val_loss 0.8004
2026-01-04 11:19:46.332776: val classification accuracy 0.44
2026-01-04 11:19:46.336296: val auc 0.42
2026-01-04 11:19:46.339696: Epoch time: 53.28 s
2026-01-04 11:19:47.312509: 
2026-01-04 11:19:47.316427: Epoch 117
2026-01-04 11:19:47.319174: Current learning rate: 6e-05
2026-01-04 11:20:43.529457: train_loss 0.6655
2026-01-04 11:20:43.534154: val_loss 0.7885
2026-01-04 11:20:43.537087: val classification accuracy 0.4
2026-01-04 11:20:43.540259: val auc 0.3432
2026-01-04 11:20:43.543651: Epoch time: 56.22 s
2026-01-04 11:20:44.406467: 
2026-01-04 11:20:44.410476: Epoch 118
2026-01-04 11:20:44.412933: Current learning rate: 6e-05
2026-01-04 11:21:39.178476: train_loss 0.6321
2026-01-04 11:21:39.223966: val_loss 0.8336
2026-01-04 11:21:39.227493: val classification accuracy 0.44
2026-01-04 11:21:39.230959: val auc 0.4192
2026-01-04 11:21:39.234358: Epoch time: 54.77 s
2026-01-04 11:21:40.084520: 
2026-01-04 11:21:40.088021: Epoch 119
2026-01-04 11:21:40.090823: Current learning rate: 6e-05
2026-01-04 11:22:33.787586: train_loss 0.6576
2026-01-04 11:22:33.792660: val_loss 0.7438
2026-01-04 11:22:33.796036: val classification accuracy 0.54
2026-01-04 11:22:33.802923: val auc 0.4528
2026-01-04 11:22:33.806971: Epoch time: 53.7 s
2026-01-04 11:22:39.060758: Saved periodic checkpoint /hpf/projects/jquon/sumin/nnUNet_data/nnUNet_results/Dataset033_AVM_T1+C/ViTTrainer_ep300_NoMirroring_x2__nnUNetResEncUNetLPlans__3d_fullres/fold_0/checkpoint_every20_best_balacc.pth at epoch 119 with val_balanced_accuracy=0.5400
2026-01-04 11:22:39.820854: 
2026-01-04 11:22:39.824398: Epoch 120
2026-01-04 11:22:39.827234: Current learning rate: 6e-05
2026-01-04 11:23:36.356037: train_loss 0.6855
2026-01-04 11:23:36.360604: val_loss 0.876
2026-01-04 11:23:36.364771: val classification accuracy 0.36
2026-01-04 11:23:36.367841: val auc 0.3
2026-01-04 11:23:36.371119: Epoch time: 56.54 s
2026-01-04 11:23:37.249907: 
2026-01-04 11:23:37.254430: Epoch 121
2026-01-04 11:23:37.257738: Current learning rate: 6e-05
2026-01-04 11:24:31.203306: train_loss 0.6585
2026-01-04 11:24:31.235203: val_loss 0.7902
2026-01-04 11:24:31.247154: val classification accuracy 0.34
2026-01-04 11:24:31.250194: val auc 0.3336
2026-01-04 11:24:31.254056: Epoch time: 53.95 s
2026-01-04 11:24:32.951326: 
2026-01-04 11:24:32.955275: Epoch 122
2026-01-04 11:24:32.958032: Current learning rate: 6e-05
2026-01-04 11:25:25.345201: train_loss 0.6554
2026-01-04 11:25:25.376208: val_loss 0.7945
2026-01-04 11:25:25.379315: val classification accuracy 0.44
2026-01-04 11:25:25.382241: val auc 0.3552
2026-01-04 11:25:25.385302: Epoch time: 52.4 s
2026-01-04 11:25:26.238578: 
2026-01-04 11:25:26.242261: Epoch 123
2026-01-04 11:25:26.244868: Current learning rate: 6e-05
2026-01-04 11:26:22.647236: train_loss 0.6601
2026-01-04 11:26:22.654649: val_loss 0.7194
2026-01-04 11:26:22.669799: val classification accuracy 0.44
2026-01-04 11:26:22.673410: val auc 0.4392
2026-01-04 11:26:22.676759: Epoch time: 56.41 s
2026-01-04 11:26:23.529519: 
2026-01-04 11:26:23.533840: Epoch 124
2026-01-04 11:26:23.536810: Current learning rate: 6e-05
2026-01-04 11:27:17.661634: train_loss 0.6365
2026-01-04 11:27:17.666574: val_loss 0.7347
2026-01-04 11:27:17.669995: val classification accuracy 0.5
2026-01-04 11:27:17.676888: val auc 0.5256
2026-01-04 11:27:17.696821: Epoch time: 54.13 s
2026-01-04 11:27:18.694906: 
2026-01-04 11:27:18.699194: Epoch 125
2026-01-04 11:27:18.702813: Current learning rate: 6e-05
2026-01-04 11:28:14.071338: train_loss 0.6272
2026-01-04 11:28:14.078916: val_loss 0.7672
2026-01-04 11:28:14.082108: val classification accuracy 0.46
2026-01-04 11:28:14.085178: val auc 0.5088
2026-01-04 11:28:14.087954: Epoch time: 55.38 s
2026-01-04 11:28:14.958674: 
2026-01-04 11:28:14.970381: Epoch 126
2026-01-04 11:28:14.975474: Current learning rate: 6e-05
2026-01-04 11:29:11.449812: train_loss 0.6593
2026-01-04 11:29:11.454558: val_loss 0.7393
2026-01-04 11:29:11.460337: val classification accuracy 0.46
2026-01-04 11:29:11.463085: val auc 0.4936
2026-01-04 11:29:11.465703: Epoch time: 56.49 s
2026-01-04 11:29:12.392401: 
2026-01-04 11:29:12.396197: Epoch 127
2026-01-04 11:29:12.398977: Current learning rate: 6e-05
2026-01-04 11:30:09.521982: train_loss 0.6547
2026-01-04 11:30:09.543979: val_loss 0.789
2026-01-04 11:30:09.547592: val classification accuracy 0.34
2026-01-04 11:30:09.551154: val auc 0.3648
2026-01-04 11:30:09.561988: Epoch time: 57.13 s
2026-01-04 11:30:10.380635: 
2026-01-04 11:30:10.385447: Epoch 128
2026-01-04 11:30:10.388747: Current learning rate: 6e-05
2026-01-04 11:31:05.541409: train_loss 0.6673
2026-01-04 11:31:05.565907: val_loss 0.7301
2026-01-04 11:31:05.569427: val classification accuracy 0.44
2026-01-04 11:31:05.572324: val auc 0.44
2026-01-04 11:31:05.575346: Epoch time: 55.16 s
2026-01-04 11:31:06.461510: 
2026-01-04 11:31:06.465335: Epoch 129
2026-01-04 11:31:06.468757: Current learning rate: 6e-05
2026-01-04 11:31:59.356991: train_loss 0.6447
2026-01-04 11:31:59.375940: val_loss 0.7595
2026-01-04 11:31:59.383028: val classification accuracy 0.44
2026-01-04 11:31:59.386028: val auc 0.4192
2026-01-04 11:31:59.407080: Epoch time: 52.9 s
2026-01-04 11:32:00.287945: 
2026-01-04 11:32:00.292452: Epoch 130
2026-01-04 11:32:00.295968: Current learning rate: 6e-05
2026-01-04 11:32:51.678035: train_loss 0.6624
2026-01-04 11:32:51.682351: val_loss 0.8593
2026-01-04 11:32:51.685595: val classification accuracy 0.34
2026-01-04 11:32:51.688708: val auc 0.2664
2026-01-04 11:32:51.691739: Epoch time: 51.39 s
2026-01-04 11:32:52.468450: 
2026-01-04 11:32:52.472294: Epoch 131
2026-01-04 11:32:52.475001: Current learning rate: 6e-05
2026-01-04 11:33:48.647789: train_loss 0.6336
2026-01-04 11:33:48.668296: val_loss 0.7525
2026-01-04 11:33:48.671652: val classification accuracy 0.44
2026-01-04 11:33:48.675419: val auc 0.4296
2026-01-04 11:33:48.707168: Epoch time: 56.18 s
2026-01-04 11:33:49.454199: 
2026-01-04 11:33:49.457330: Epoch 132
2026-01-04 11:33:49.460099: Current learning rate: 6e-05
2026-01-04 11:34:44.444646: train_loss 0.6408
2026-01-04 11:34:44.451797: val_loss 0.7336
2026-01-04 11:34:44.455954: val classification accuracy 0.54
2026-01-04 11:34:44.461926: val auc 0.4856
2026-01-04 11:34:44.464950: Epoch time: 54.99 s
2026-01-04 11:34:45.386912: 
2026-01-04 11:34:45.391671: Epoch 133
2026-01-04 11:34:45.394763: Current learning rate: 6e-05
2026-01-04 11:35:39.135328: train_loss 0.6302
2026-01-04 11:35:39.159433: val_loss 0.7646
2026-01-04 11:35:39.163108: val classification accuracy 0.5
2026-01-04 11:35:39.172731: val auc 0.4248
2026-01-04 11:35:39.176280: Epoch time: 53.75 s
2026-01-04 11:35:40.014828: 
2026-01-04 11:35:40.018295: Epoch 134
2026-01-04 11:35:40.020978: Current learning rate: 6e-05
2026-01-04 11:36:32.453437: train_loss 0.6652
2026-01-04 11:36:32.459429: val_loss 0.8021
2026-01-04 11:36:32.462372: val classification accuracy 0.4
2026-01-04 11:36:32.465022: val auc 0.3504
2026-01-04 11:36:32.467977: Epoch time: 52.44 s
2026-01-04 11:36:33.295308: 
2026-01-04 11:36:33.298764: Epoch 135
2026-01-04 11:36:33.301513: Current learning rate: 6e-05
2026-01-04 11:37:28.081016: train_loss 0.6356
2026-01-04 11:37:28.138088: val_loss 0.7231
2026-01-04 11:37:28.141432: val classification accuracy 0.48
2026-01-04 11:37:28.144460: val auc 0.4912
2026-01-04 11:37:28.147366: Epoch time: 54.79 s
2026-01-04 11:37:28.150129: Early stopping triggered at epoch 135. Best val_losses=0.6451
2026-01-04 11:37:29.714503: Stopping training early due to early stopping criterion.
2026-01-04 11:37:35.164206: Training done.
2026-01-04 11:37:35.169172: Skipping perform_actual_validation for classification trainer (segmentation-style sliding window is not applicable).
[1;34mwandb[0m: 
[1;34mwandb[0m:  View run [33mViTTrainer_ep300_NoMirroring_x2_fold0[0m at: [34m[0m
[1;34mwandb[0m: Find logs at: [1;35m../../tmp/wandb/wandb/run-20260104_093531-b4tnynri/logs[0m
