Using device: cuda:0

#######################################################################
Please cite the following paper when using nnU-Net:
Isensee, F., Jaeger, P. F., Kohl, S. A., Petersen, J., & Maier-Hein, K. H. (2021). nnU-Net: a self-configuring method for deep learning-based biomedical image segmentation. Nature methods, 18(2), 203-211.
#######################################################################

2026-01-04 19:00:31.736571: Using torch.compile...
2026-01-04 19:00:37.900119: do_dummy_2d_data_aug: False
2026-01-04 19:00:37.904650: Using splits from existing split file: /hpf/projects/jquon/sumin/nnUNet_data/nnUNet_preprocessed/Dataset033_AVM_T1+C/splits_final.json
2026-01-04 19:00:37.908618: The split file contains 11 splits.
2026-01-04 19:00:37.910587: Desired fold for training: 9
2026-01-04 19:00:37.912315: This split has 458 training and 54 validation cases.
using pin_memory on device 0
using pin_memory on device 0

This is the configuration used by this training:
Configuration name: 3d_fullres
 {'data_identifier': 'nnUNetPlans_3d_fullres', 'preprocessor_name': 'DefaultPreprocessor', 'batch_size': 2, 'patch_size': [160, 224, 192], 'median_image_size_in_voxels': [344.0, 448.0, 429.0], 'spacing': [0.500000923871994, 0.4910714328289032, 0.4910714328289032], 'normalization_schemes': ['ZScoreNormalization'], 'use_mask_for_norm': [False], 'resampling_fn_data': 'resample_data_or_seg_to_shape', 'resampling_fn_seg': 'resample_data_or_seg_to_shape', 'resampling_fn_data_kwargs': {'is_seg': False, 'order': 3, 'order_z': 0, 'force_separate_z': None}, 'resampling_fn_seg_kwargs': {'is_seg': True, 'order': 1, 'order_z': 0, 'force_separate_z': None}, 'resampling_fn_probabilities': 'resample_data_or_seg_to_shape', 'resampling_fn_probabilities_kwargs': {'is_seg': False, 'order': 1, 'order_z': 0, 'force_separate_z': None}, 'architecture': {'network_class_name': 'dynamic_network_architectures.architectures.unet.ResidualEncoderUNet', 'arch_kwargs': {'n_stages': 6, 'features_per_stage': [32, 64, 128, 256, 320, 320], 'conv_op': 'torch.nn.modules.conv.Conv3d', 'kernel_sizes': [[3, 3, 3], [3, 3, 3], [3, 3, 3], [3, 3, 3], [3, 3, 3], [3, 3, 3]], 'strides': [[1, 1, 1], [2, 2, 2], [2, 2, 2], [2, 2, 2], [2, 2, 2], [2, 2, 2]], 'n_blocks_per_stage': [1, 3, 4, 6, 6, 6], 'n_conv_per_stage_decoder': [1, 1, 1, 1, 1], 'conv_bias': True, 'norm_op': 'torch.nn.modules.instancenorm.InstanceNorm3d', 'norm_op_kwargs': {'eps': 1e-05, 'affine': True}, 'dropout_op': None, 'dropout_op_kwargs': None, 'nonlin': 'torch.nn.LeakyReLU', 'nonlin_kwargs': {'inplace': True}}, '_kw_requires_import': ['conv_op', 'norm_op', 'dropout_op', 'nonlin']}, 'batch_dice': True} 

These are the global plan.json settings:
 {'dataset_name': 'Dataset033_AVM_T1+C', 'plans_name': 'nnUNetResEncUNetLPlans', 'original_median_spacing_after_transp': [0.500000923871994, 0.4910714328289032, 0.4910714328289032], 'original_median_shape_after_transp': [330, 448, 424], 'image_reader_writer': 'SimpleITKIO', 'transpose_forward': [0, 1, 2], 'transpose_backward': [0, 1, 2], 'experiment_planner_used': 'nnUNetPlannerResEncL', 'label_manager': 'LabelManager', 'foreground_intensity_properties_per_channel': {'0': {'max': 12113.0, 'mean': 449.843505859375, 'median': 311.0, 'min': 0.0, 'percentile_00_5': 34.0, 'percentile_99_5': 3202.0, 'std': 471.56329345703125}}} 

2026-01-04 19:00:53.341825: Unable to plot network architecture: nnUNet_compile is enabled!
2026-01-04 19:00:53.381651: 
2026-01-04 19:00:53.385358: Epoch 0
2026-01-04 19:00:53.387952: Current learning rate: 0.0001
2026-01-04 19:02:04.934112: train_loss 0.7535
2026-01-04 19:02:04.938652: val_loss 0.6813
2026-01-04 19:02:04.941142: val classification accuracy 0.5926
2026-01-04 19:02:04.943387: val auc 0.6248
2026-01-04 19:02:04.945409: Epoch time: 71.56 s
2026-01-04 19:02:04.947185: Yayy! New best EMA pseudo Dice: 0.6248
2026-01-04 19:02:10.305017: Yayy! New best classification accuracy: 0.5926
2026-01-04 19:02:14.957448: 
2026-01-04 19:02:14.960319: Epoch 1
2026-01-04 19:02:14.962340: Current learning rate: 0.0001
2026-01-04 19:03:09.703161: train_loss 0.699
2026-01-04 19:03:09.716027: val_loss 0.6997
2026-01-04 19:03:09.718657: val classification accuracy 0.5185
2026-01-04 19:03:09.720923: val auc 0.6111
2026-01-04 19:03:09.723475: Epoch time: 54.75 s
2026-01-04 19:03:10.682791: 
2026-01-04 19:03:10.685974: Epoch 2
2026-01-04 19:03:10.688600: Current learning rate: 0.0001
2026-01-04 19:04:10.164028: train_loss 0.685
2026-01-04 19:04:10.195862: val_loss 0.7666
2026-01-04 19:04:10.266854: val classification accuracy 0.4444
2026-01-04 19:04:10.270039: val auc 0.4815
2026-01-04 19:04:10.272850: Epoch time: 59.48 s
2026-01-04 19:04:11.119815: 
2026-01-04 19:04:11.123177: Epoch 3
2026-01-04 19:04:11.125464: Current learning rate: 0.0001
2026-01-04 19:05:08.669906: train_loss 0.6962
2026-01-04 19:05:08.692794: val_loss 0.6862
2026-01-04 19:05:08.730979: val classification accuracy 0.5741
2026-01-04 19:05:08.745042: val auc 0.5837
2026-01-04 19:05:08.748040: Epoch time: 57.55 s
2026-01-04 19:05:09.601067: 
2026-01-04 19:05:09.604391: Epoch 4
2026-01-04 19:05:09.606935: Current learning rate: 0.0001
2026-01-04 19:06:07.207364: train_loss 0.6903
2026-01-04 19:06:07.211348: val_loss 0.6744
2026-01-04 19:06:07.214808: val classification accuracy 0.6296
2026-01-04 19:06:07.217517: val auc 0.6447
2026-01-04 19:06:07.219887: Epoch time: 57.61 s
2026-01-04 19:06:07.221594: Yayy! New best EMA pseudo Dice: 0.6447
2026-01-04 19:06:12.859195: Yayy! New best classification accuracy: 0.6296
2026-01-04 19:06:17.462745: 
2026-01-04 19:06:17.465721: Epoch 5
2026-01-04 19:06:17.467665: Current learning rate: 0.0001
2026-01-04 19:07:10.787658: train_loss 0.6852
2026-01-04 19:07:10.792012: val_loss 0.6703
2026-01-04 19:07:10.794480: val classification accuracy 0.537
2026-01-04 19:07:10.796750: val auc 0.6159
2026-01-04 19:07:10.799347: Epoch time: 53.33 s
2026-01-04 19:07:11.672397: 
2026-01-04 19:07:11.675549: Epoch 6
2026-01-04 19:07:11.677555: Current learning rate: 0.0001
2026-01-04 19:08:07.715303: train_loss 0.6914
2026-01-04 19:08:07.720785: val_loss 0.6732
2026-01-04 19:08:07.723775: val classification accuracy 0.5185
2026-01-04 19:08:07.726471: val auc 0.6653
2026-01-04 19:08:07.729203: Epoch time: 56.04 s
2026-01-04 19:08:07.731548: Yayy! New best EMA pseudo Dice: 0.6653
2026-01-04 19:08:13.461831: 
2026-01-04 19:08:13.464376: Epoch 7
2026-01-04 19:08:13.466120: Current learning rate: 0.0001
2026-01-04 19:09:09.540252: train_loss 0.697
2026-01-04 19:09:09.563727: val_loss 0.6955
2026-01-04 19:09:09.566799: val classification accuracy 0.5926
2026-01-04 19:09:09.570858: val auc 0.5295
2026-01-04 19:09:09.574068: Epoch time: 56.08 s
2026-01-04 19:09:10.402251: 
2026-01-04 19:09:10.405798: Epoch 8
2026-01-04 19:09:10.408174: Current learning rate: 0.0001
2026-01-04 19:10:04.415379: train_loss 0.6898
2026-01-04 19:10:04.421211: val_loss 0.6668
2026-01-04 19:10:04.423750: val classification accuracy 0.6111
2026-01-04 19:10:04.426472: val auc 0.6612
2026-01-04 19:10:04.429600: Epoch time: 54.01 s
2026-01-04 19:10:05.247585: 
2026-01-04 19:10:05.250723: Epoch 9
2026-01-04 19:10:05.252940: Current learning rate: 0.0001
2026-01-04 19:11:01.762359: train_loss 0.6724
2026-01-04 19:11:01.771681: val_loss 0.6664
2026-01-04 19:11:01.787984: val classification accuracy 0.6296
2026-01-04 19:11:01.790757: val auc 0.6488
2026-01-04 19:11:01.793446: Epoch time: 56.52 s
2026-01-04 19:11:02.671886: 
2026-01-04 19:11:02.675005: Epoch 10
2026-01-04 19:11:02.676852: Current learning rate: 0.0001
2026-01-04 19:11:52.531675: train_loss 0.6984
2026-01-04 19:11:52.536272: val_loss 0.6913
2026-01-04 19:11:52.539548: val classification accuracy 0.5
2026-01-04 19:11:52.543139: val auc 0.6015
2026-01-04 19:11:52.546301: Epoch time: 49.86 s
2026-01-04 19:11:53.451428: 
2026-01-04 19:11:53.455194: Epoch 11
2026-01-04 19:11:53.457594: Current learning rate: 0.0001
2026-01-04 19:12:43.492361: train_loss 0.6967
2026-01-04 19:12:43.501022: val_loss 0.6733
2026-01-04 19:12:43.504468: val classification accuracy 0.5556
2026-01-04 19:12:43.507137: val auc 0.5919
2026-01-04 19:12:43.510193: Epoch time: 50.04 s
2026-01-04 19:12:44.396375: 
2026-01-04 19:12:44.399920: Epoch 12
2026-01-04 19:12:44.402401: Current learning rate: 0.0001
2026-01-04 19:13:40.295352: train_loss 0.6843
2026-01-04 19:13:40.315706: val_loss 0.6744
2026-01-04 19:13:40.319343: val classification accuracy 0.7222
2026-01-04 19:13:40.322597: val auc 0.6701
2026-01-04 19:13:40.325695: Epoch time: 55.9 s
2026-01-04 19:13:40.328701: Yayy! New best EMA pseudo Dice: 0.6701
2026-01-04 19:13:45.576109: Yayy! New best classification accuracy: 0.7222
2026-01-04 19:13:49.864815: 
2026-01-04 19:13:49.868417: Epoch 13
2026-01-04 19:13:49.871072: Current learning rate: 0.0001
2026-01-04 19:14:43.292240: train_loss 0.6979
2026-01-04 19:14:43.298149: val_loss 0.6604
2026-01-04 19:14:43.302024: val classification accuracy 0.5741
2026-01-04 19:14:43.325157: val auc 0.644
2026-01-04 19:14:43.328763: Epoch time: 53.43 s
2026-01-04 19:14:45.008057: 
2026-01-04 19:14:45.011705: Epoch 14
2026-01-04 19:14:45.014135: Current learning rate: 0.0001
2026-01-04 19:15:39.482981: train_loss 0.6679
2026-01-04 19:15:39.522806: val_loss 0.672
2026-01-04 19:15:39.532967: val classification accuracy 0.5556
2026-01-04 19:15:39.536100: val auc 0.5981
2026-01-04 19:15:39.538910: Epoch time: 54.48 s
2026-01-04 19:15:40.416231: 
2026-01-04 19:15:40.419815: Epoch 15
2026-01-04 19:15:40.422261: Current learning rate: 0.0001
2026-01-04 19:16:34.848247: train_loss 0.6934
2026-01-04 19:16:34.860304: val_loss 0.6901
2026-01-04 19:16:34.863678: val classification accuracy 0.5556
2026-01-04 19:16:34.866847: val auc 0.537
2026-01-04 19:16:34.869727: Epoch time: 54.43 s
2026-01-04 19:16:35.721660: 
2026-01-04 19:16:35.725302: Epoch 16
2026-01-04 19:16:35.727935: Current learning rate: 0.0001
2026-01-04 19:17:30.606787: train_loss 0.6839
2026-01-04 19:17:30.657305: val_loss 0.7074
2026-01-04 19:17:30.668056: val classification accuracy 0.537
2026-01-04 19:17:30.671588: val auc 0.5034
2026-01-04 19:17:30.674400: Epoch time: 54.89 s
2026-01-04 19:17:31.476427: 
2026-01-04 19:17:31.480230: Epoch 17
2026-01-04 19:17:31.482890: Current learning rate: 9e-05
2026-01-04 19:18:25.521855: train_loss 0.6756
2026-01-04 19:18:25.538681: val_loss 0.7146
2026-01-04 19:18:25.543061: val classification accuracy 0.5556
2026-01-04 19:18:25.546856: val auc 0.524
2026-01-04 19:18:25.550692: Epoch time: 54.05 s
2026-01-04 19:18:26.424924: 
2026-01-04 19:18:26.428947: Epoch 18
2026-01-04 19:18:26.431630: Current learning rate: 9e-05
2026-01-04 19:19:19.434234: train_loss 0.6777
2026-01-04 19:19:19.438705: val_loss 0.6696
2026-01-04 19:19:19.441370: val classification accuracy 0.6481
2026-01-04 19:19:19.443785: val auc 0.6296
2026-01-04 19:19:19.446928: Epoch time: 53.01 s
2026-01-04 19:19:20.251539: 
2026-01-04 19:19:20.254870: Epoch 19
2026-01-04 19:19:20.257199: Current learning rate: 9e-05
2026-01-04 19:20:15.196863: train_loss 0.7
2026-01-04 19:20:15.205399: val_loss 0.6544
2026-01-04 19:20:15.208735: val classification accuracy 0.6111
2026-01-04 19:20:15.211529: val auc 0.7414
2026-01-04 19:20:15.214157: Epoch time: 54.95 s
2026-01-04 19:20:20.450946: Saved periodic checkpoint /hpf/projects/jquon/sumin/nnUNet_data/nnUNet_results/Dataset033_AVM_T1+C/ViTTrainer_ep300_NoMirroring_x2__nnUNetResEncUNetLPlans__3d_fullres/fold_9/checkpoint_every20_best_balacc.pth at epoch 19 with val_balanced_accuracy=0.6111
2026-01-04 19:20:25.288243: Saved periodic checkpoint /hpf/projects/jquon/sumin/nnUNet_data/nnUNet_results/Dataset033_AVM_T1+C/ViTTrainer_ep300_NoMirroring_x2__nnUNetResEncUNetLPlans__3d_fullres/fold_9/checkpoint_every20_best_auroc.pth at epoch 19 with val_auc=0.7414
2026-01-04 19:20:25.291863: Yayy! New best EMA pseudo Dice: 0.7414
2026-01-04 19:20:31.443445: 
2026-01-04 19:20:31.446614: Epoch 20
2026-01-04 19:20:31.449074: Current learning rate: 9e-05
2026-01-04 19:21:24.267912: train_loss 0.6799
2026-01-04 19:21:24.272396: val_loss 0.6953
2026-01-04 19:21:24.275750: val classification accuracy 0.5185
2026-01-04 19:21:24.279117: val auc 0.5219
2026-01-04 19:21:24.291938: Epoch time: 52.83 s
2026-01-04 19:21:25.211536: 
2026-01-04 19:21:25.215133: Epoch 21
2026-01-04 19:21:25.217851: Current learning rate: 9e-05
2026-01-04 19:22:18.894759: train_loss 0.6979
2026-01-04 19:22:18.904563: val_loss 0.683
2026-01-04 19:22:18.907707: val classification accuracy 0.5741
2026-01-04 19:22:18.910781: val auc 0.6166
2026-01-04 19:22:18.913965: Epoch time: 53.68 s
2026-01-04 19:22:19.798046: 
2026-01-04 19:22:19.820307: Epoch 22
2026-01-04 19:22:19.823429: Current learning rate: 9e-05
2026-01-04 19:23:16.138810: train_loss 0.6907
2026-01-04 19:23:16.144359: val_loss 0.6685
2026-01-04 19:23:16.148416: val classification accuracy 0.5926
2026-01-04 19:23:16.151611: val auc 0.6797
2026-01-04 19:23:16.155297: Epoch time: 56.34 s
2026-01-04 19:23:17.074309: 
2026-01-04 19:23:17.077922: Epoch 23
2026-01-04 19:23:17.080663: Current learning rate: 9e-05
2026-01-04 19:24:08.002350: train_loss 0.6675
2026-01-04 19:24:08.038275: val_loss 0.6638
2026-01-04 19:24:08.041188: val classification accuracy 0.5926
2026-01-04 19:24:08.043717: val auc 0.6475
2026-01-04 19:24:08.046560: Epoch time: 50.93 s
2026-01-04 19:24:08.914833: 
2026-01-04 19:24:08.919001: Epoch 24
2026-01-04 19:24:08.921627: Current learning rate: 9e-05
2026-01-04 19:25:05.955513: train_loss 0.6873
2026-01-04 19:25:05.960059: val_loss 0.6633
2026-01-04 19:25:05.963101: val classification accuracy 0.6852
2026-01-04 19:25:05.965936: val auc 0.6749
2026-01-04 19:25:05.968648: Epoch time: 57.04 s
2026-01-04 19:25:06.943728: 
2026-01-04 19:25:06.947551: Epoch 25
2026-01-04 19:25:06.954471: Current learning rate: 9e-05
2026-01-04 19:26:06.327259: train_loss 0.6635
2026-01-04 19:26:06.337578: val_loss 0.6844
2026-01-04 19:26:06.343372: val classification accuracy 0.5556
2026-01-04 19:26:06.348336: val auc 0.7037
2026-01-04 19:26:06.355788: Epoch time: 59.38 s
2026-01-04 19:26:07.198203: 
2026-01-04 19:26:07.201439: Epoch 26
2026-01-04 19:26:07.203961: Current learning rate: 9e-05
2026-01-04 19:27:03.419261: train_loss 0.6796
2026-01-04 19:27:03.424173: val_loss 0.6603
2026-01-04 19:27:03.427110: val classification accuracy 0.5926
2026-01-04 19:27:03.429855: val auc 0.6406
2026-01-04 19:27:03.432400: Epoch time: 56.22 s
2026-01-04 19:27:04.363519: 
2026-01-04 19:27:04.367116: Epoch 27
2026-01-04 19:27:04.369657: Current learning rate: 9e-05
2026-01-04 19:27:57.977639: train_loss 0.7019
2026-01-04 19:27:57.981604: val_loss 0.6763
2026-01-04 19:27:57.987469: val classification accuracy 0.5741
2026-01-04 19:27:57.989848: val auc 0.6235
2026-01-04 19:27:57.992633: Epoch time: 53.62 s
2026-01-04 19:27:59.562433: 
2026-01-04 19:27:59.566656: Epoch 28
2026-01-04 19:27:59.569242: Current learning rate: 9e-05
2026-01-04 19:28:57.576429: train_loss 0.6816
2026-01-04 19:28:57.595150: val_loss 0.6647
2026-01-04 19:28:57.598551: val classification accuracy 0.5741
2026-01-04 19:28:57.601293: val auc 0.5672
2026-01-04 19:28:57.603990: Epoch time: 58.02 s
2026-01-04 19:28:58.419170: 
2026-01-04 19:28:58.422990: Epoch 29
2026-01-04 19:28:58.425717: Current learning rate: 9e-05
2026-01-04 19:29:52.672547: train_loss 0.6749
2026-01-04 19:29:52.677286: val_loss 0.6724
2026-01-04 19:29:52.680077: val classification accuracy 0.6296
2026-01-04 19:29:52.682605: val auc 0.6536
2026-01-04 19:29:52.685300: Epoch time: 54.25 s
2026-01-04 19:29:53.664759: 
2026-01-04 19:29:53.668155: Epoch 30
2026-01-04 19:29:53.670536: Current learning rate: 9e-05
2026-01-04 19:30:48.990306: train_loss 0.6797
2026-01-04 19:30:49.033618: val_loss 0.6537
2026-01-04 19:30:49.038636: val classification accuracy 0.6481
2026-01-04 19:30:49.044134: val auc 0.6523
2026-01-04 19:30:49.047478: Epoch time: 55.33 s
2026-01-04 19:30:50.006966: 
2026-01-04 19:30:50.011238: Epoch 31
2026-01-04 19:30:50.014302: Current learning rate: 9e-05
2026-01-04 19:31:45.932250: train_loss 0.6944
2026-01-04 19:31:45.936629: val_loss 0.6552
2026-01-04 19:31:45.939142: val classification accuracy 0.6667
2026-01-04 19:31:45.941551: val auc 0.7064
2026-01-04 19:31:45.943885: Epoch time: 55.93 s
2026-01-04 19:31:46.850544: 
2026-01-04 19:31:46.854425: Epoch 32
2026-01-04 19:31:46.857067: Current learning rate: 9e-05
2026-01-04 19:32:45.337153: train_loss 0.6773
2026-01-04 19:32:45.341825: val_loss 0.6948
2026-01-04 19:32:45.344521: val classification accuracy 0.5185
2026-01-04 19:32:45.359994: val auc 0.5295
2026-01-04 19:32:45.384368: Epoch time: 58.49 s
2026-01-04 19:32:46.307353: 
2026-01-04 19:32:46.311344: Epoch 33
2026-01-04 19:32:46.313939: Current learning rate: 9e-05
2026-01-04 19:33:42.179761: train_loss 0.6867
2026-01-04 19:33:42.184568: val_loss 0.6881
2026-01-04 19:33:42.225424: val classification accuracy 0.5
2026-01-04 19:33:42.229235: val auc 0.6022
2026-01-04 19:33:42.232722: Epoch time: 55.87 s
2026-01-04 19:33:43.189259: 
2026-01-04 19:33:43.193511: Epoch 34
2026-01-04 19:33:43.196550: Current learning rate: 9e-05
2026-01-04 19:34:39.656913: train_loss 0.6819
2026-01-04 19:34:39.661123: val_loss 0.6398
2026-01-04 19:34:39.663755: val classification accuracy 0.7037
2026-01-04 19:34:39.666327: val auc 0.7888
2026-01-04 19:34:39.668971: Epoch time: 56.47 s
2026-01-04 19:34:39.671364: Yayy! New best EMA pseudo Dice: 0.7888
2026-01-04 19:35:04.253549: 
2026-01-04 19:35:04.257232: Epoch 35
2026-01-04 19:35:04.259728: Current learning rate: 9e-05
2026-01-04 19:35:55.245765: train_loss 0.6781
2026-01-04 19:35:55.270235: val_loss 0.646
2026-01-04 19:35:55.277833: val classification accuracy 0.6667
2026-01-04 19:35:55.281416: val auc 0.7188
2026-01-04 19:35:55.284569: Epoch time: 50.99 s
2026-01-04 19:35:56.194795: 
2026-01-04 19:35:56.198543: Epoch 36
2026-01-04 19:35:56.201727: Current learning rate: 9e-05
2026-01-04 19:36:51.534528: train_loss 0.6846
2026-01-04 19:36:51.539981: val_loss 0.6659
2026-01-04 19:36:51.542894: val classification accuracy 0.5556
2026-01-04 19:36:51.546023: val auc 0.6097
2026-01-04 19:36:51.549432: Epoch time: 55.34 s
2026-01-04 19:36:52.417023: 
2026-01-04 19:36:52.420238: Epoch 37
2026-01-04 19:36:52.422563: Current learning rate: 9e-05
2026-01-04 19:37:44.881133: train_loss 0.6816
2026-01-04 19:37:44.911366: val_loss 0.6504
2026-01-04 19:37:44.914893: val classification accuracy 0.5926
2026-01-04 19:37:44.918015: val auc 0.7428
2026-01-04 19:37:44.935244: Epoch time: 52.47 s
2026-01-04 19:37:45.787712: 
2026-01-04 19:37:45.791356: Epoch 38
2026-01-04 19:37:45.794038: Current learning rate: 9e-05
2026-01-04 19:38:36.648621: train_loss 0.6691
2026-01-04 19:38:36.653224: val_loss 0.5857
2026-01-04 19:38:36.656535: val classification accuracy 0.7222
2026-01-04 19:38:36.659793: val auc 0.8128
2026-01-04 19:38:36.663039: Epoch time: 50.86 s
2026-01-04 19:38:36.681318: Yayy! New best EMA pseudo Dice: 0.8128
2026-01-04 19:38:42.280066: 
2026-01-04 19:38:42.283343: Epoch 39
2026-01-04 19:38:42.285771: Current learning rate: 9e-05
2026-01-04 19:39:36.366198: train_loss 0.6674
2026-01-04 19:39:36.395745: val_loss 0.6747
2026-01-04 19:39:36.405182: val classification accuracy 0.537
2026-01-04 19:39:36.407975: val auc 0.5761
2026-01-04 19:39:36.410493: Epoch time: 54.09 s
2026-01-04 19:39:37.253951: 
2026-01-04 19:39:37.258021: Epoch 40
2026-01-04 19:39:37.261017: Current learning rate: 9e-05
2026-01-04 19:40:30.378827: train_loss 0.695
2026-01-04 19:40:30.384977: val_loss 0.6503
2026-01-04 19:40:30.388345: val classification accuracy 0.5
2026-01-04 19:40:30.391244: val auc 0.644
2026-01-04 19:40:30.394007: Epoch time: 53.13 s
2026-01-04 19:40:31.797698: 
2026-01-04 19:40:31.800903: Epoch 41
2026-01-04 19:40:31.803508: Current learning rate: 9e-05
2026-01-04 19:41:26.566323: train_loss 0.6821
2026-01-04 19:41:26.585308: val_loss 0.6426
2026-01-04 19:41:26.591270: val classification accuracy 0.6852
2026-01-04 19:41:26.595592: val auc 0.7366
2026-01-04 19:41:26.599639: Epoch time: 54.77 s
2026-01-04 19:41:27.498507: 
2026-01-04 19:41:27.502364: Epoch 42
2026-01-04 19:41:27.505122: Current learning rate: 9e-05
2026-01-04 19:42:24.990065: train_loss 0.6805
2026-01-04 19:42:24.999700: val_loss 0.652
2026-01-04 19:42:25.002485: val classification accuracy 0.6111
2026-01-04 19:42:25.005143: val auc 0.7346
2026-01-04 19:42:25.007803: Epoch time: 57.49 s
2026-01-04 19:42:25.778290: 
2026-01-04 19:42:25.781499: Epoch 43
2026-01-04 19:42:25.784080: Current learning rate: 9e-05
2026-01-04 19:43:21.708021: train_loss 0.6732
2026-01-04 19:43:21.713633: val_loss 0.6314
2026-01-04 19:43:21.732127: val classification accuracy 0.6852
2026-01-04 19:43:21.760664: val auc 0.7668
2026-01-04 19:43:21.764259: Epoch time: 55.93 s
2026-01-04 19:43:22.607043: 
2026-01-04 19:43:22.610508: Epoch 44
2026-01-04 19:43:22.613047: Current learning rate: 9e-05
2026-01-04 19:44:13.999357: train_loss 0.6785
2026-01-04 19:44:14.010532: val_loss 0.6843
2026-01-04 19:44:14.014356: val classification accuracy 0.5185
2026-01-04 19:44:14.017608: val auc 0.559
2026-01-04 19:44:14.020979: Epoch time: 51.39 s
2026-01-04 19:44:14.925802: 
2026-01-04 19:44:14.929744: Epoch 45
2026-01-04 19:44:14.932525: Current learning rate: 9e-05
2026-01-04 19:45:10.093137: train_loss 0.6824
2026-01-04 19:45:10.126242: val_loss 0.6519
2026-01-04 19:45:10.140015: val classification accuracy 0.5926
2026-01-04 19:45:10.171056: val auc 0.6886
2026-01-04 19:45:10.177363: Epoch time: 55.17 s
2026-01-04 19:45:11.054600: 
2026-01-04 19:45:11.057981: Epoch 46
2026-01-04 19:45:11.060808: Current learning rate: 9e-05
2026-01-04 19:46:10.837180: train_loss 0.6753
2026-01-04 19:46:10.859002: val_loss 0.6428
2026-01-04 19:46:10.887938: val classification accuracy 0.5926
2026-01-04 19:46:10.897204: val auc 0.7058
2026-01-04 19:46:10.903908: Epoch time: 59.78 s
2026-01-04 19:46:11.760223: 
2026-01-04 19:46:11.764328: Epoch 47
2026-01-04 19:46:11.766917: Current learning rate: 9e-05
2026-01-04 19:47:04.459604: train_loss 0.7055
2026-01-04 19:47:04.489612: val_loss 0.6802
2026-01-04 19:47:04.503685: val classification accuracy 0.5556
2026-01-04 19:47:04.506915: val auc 0.6372
2026-01-04 19:47:04.510011: Epoch time: 52.7 s
2026-01-04 19:47:05.350016: 
2026-01-04 19:47:05.353328: Epoch 48
2026-01-04 19:47:05.355721: Current learning rate: 9e-05
2026-01-04 19:48:00.857630: train_loss 0.6901
2026-01-04 19:48:00.902477: val_loss 0.6885
2026-01-04 19:48:00.908200: val classification accuracy 0.537
2026-01-04 19:48:00.924421: val auc 0.5336
2026-01-04 19:48:00.927462: Epoch time: 55.51 s
2026-01-04 19:48:01.859149: 
2026-01-04 19:48:01.862889: Epoch 49
2026-01-04 19:48:01.865375: Current learning rate: 9e-05
2026-01-04 19:48:55.266600: train_loss 0.6604
2026-01-04 19:48:55.277257: val_loss 0.6702
2026-01-04 19:48:55.281825: val classification accuracy 0.5926
2026-01-04 19:48:55.287559: val auc 0.5892
2026-01-04 19:48:55.290559: Epoch time: 53.41 s
2026-01-04 19:48:56.142666: 
2026-01-04 19:48:56.147353: Epoch 50
2026-01-04 19:48:56.187327: Current learning rate: 8e-05
2026-01-04 19:49:47.847609: train_loss 0.6746
2026-01-04 19:49:47.851666: val_loss 0.6815
2026-01-04 19:49:47.855298: val classification accuracy 0.4815
2026-01-04 19:49:47.858054: val auc 0.6049
2026-01-04 19:49:47.860815: Epoch time: 51.71 s
2026-01-04 19:49:48.677330: 
2026-01-04 19:49:48.680470: Epoch 51
2026-01-04 19:49:48.682925: Current learning rate: 8e-05
2026-01-04 19:50:44.247168: train_loss 0.6779
2026-01-04 19:50:44.272598: val_loss 0.6905
2026-01-04 19:50:44.278467: val classification accuracy 0.5556
2026-01-04 19:50:44.282306: val auc 0.5878
2026-01-04 19:50:44.313905: Epoch time: 55.57 s
2026-01-04 19:50:45.190043: 
2026-01-04 19:50:45.194152: Epoch 52
2026-01-04 19:50:45.197016: Current learning rate: 8e-05
2026-01-04 19:51:39.617731: train_loss 0.68
2026-01-04 19:51:39.665097: val_loss 0.7081
2026-01-04 19:51:39.670444: val classification accuracy 0.5
2026-01-04 19:51:39.673591: val auc 0.6283
2026-01-04 19:51:39.676425: Epoch time: 54.43 s
2026-01-04 19:51:40.494494: 
2026-01-04 19:51:40.498091: Epoch 53
2026-01-04 19:51:40.500776: Current learning rate: 8e-05
2026-01-04 19:52:37.110944: train_loss 0.7004
2026-01-04 19:52:37.141901: val_loss 0.6474
2026-01-04 19:52:37.149043: val classification accuracy 0.5741
2026-01-04 19:52:37.152364: val auc 0.703
2026-01-04 19:52:37.155465: Epoch time: 56.62 s
2026-01-04 19:52:38.032776: 
2026-01-04 19:52:38.036399: Epoch 54
2026-01-04 19:52:38.038984: Current learning rate: 8e-05
2026-01-04 19:53:33.460181: train_loss 0.6661
2026-01-04 19:53:33.464994: val_loss 0.6385
2026-01-04 19:53:33.468253: val classification accuracy 0.6111
2026-01-04 19:53:33.483631: val auc 0.7112
2026-01-04 19:53:33.487091: Epoch time: 55.43 s
2026-01-04 19:53:35.234651: 
2026-01-04 19:53:35.238117: Epoch 55
2026-01-04 19:53:35.240560: Current learning rate: 8e-05
2026-01-04 19:54:26.840129: train_loss 0.6614
2026-01-04 19:54:26.853838: val_loss 0.6967
2026-01-04 19:54:26.857520: val classification accuracy 0.5741
2026-01-04 19:54:26.860945: val auc 0.561
2026-01-04 19:54:26.864367: Epoch time: 51.61 s
2026-01-04 19:54:27.737665: 
2026-01-04 19:54:27.741237: Epoch 56
2026-01-04 19:54:27.743951: Current learning rate: 8e-05
2026-01-04 19:55:21.371395: train_loss 0.68
2026-01-04 19:55:21.377272: val_loss 0.6138
2026-01-04 19:55:21.386091: val classification accuracy 0.6481
2026-01-04 19:55:21.391825: val auc 0.7092
2026-01-04 19:55:21.401702: Epoch time: 53.63 s
2026-01-04 19:55:22.259347: 
2026-01-04 19:55:22.263555: Epoch 57
2026-01-04 19:55:22.266335: Current learning rate: 8e-05
2026-01-04 19:56:21.514568: train_loss 0.6705
2026-01-04 19:56:21.532739: val_loss 0.6767
2026-01-04 19:56:21.535942: val classification accuracy 0.5741
2026-01-04 19:56:21.539328: val auc 0.5432
2026-01-04 19:56:21.542567: Epoch time: 59.26 s
2026-01-04 19:56:22.426615: 
2026-01-04 19:56:22.430691: Epoch 58
2026-01-04 19:56:22.433377: Current learning rate: 8e-05
2026-01-04 19:57:18.854110: train_loss 0.6736
2026-01-04 19:57:18.859497: val_loss 0.6897
2026-01-04 19:57:18.862754: val classification accuracy 0.5926
2026-01-04 19:57:18.866101: val auc 0.5796
2026-01-04 19:57:18.869968: Epoch time: 56.43 s
2026-01-04 19:57:19.772962: 
2026-01-04 19:57:19.776853: Epoch 59
2026-01-04 19:57:19.779680: Current learning rate: 8e-05
2026-01-04 19:58:15.086555: train_loss 0.6726
2026-01-04 19:58:15.092669: val_loss 0.6242
2026-01-04 19:58:15.096178: val classification accuracy 0.7037
2026-01-04 19:58:15.108702: val auc 0.738
2026-01-04 19:58:15.111660: Epoch time: 55.31 s
2026-01-04 19:58:20.360623: Saved periodic checkpoint /hpf/projects/jquon/sumin/nnUNet_data/nnUNet_results/Dataset033_AVM_T1+C/ViTTrainer_ep300_NoMirroring_x2__nnUNetResEncUNetLPlans__3d_fullres/fold_9/checkpoint_every20_best_balacc.pth at epoch 59 with val_balanced_accuracy=0.7037
2026-01-04 19:58:21.128531: 
2026-01-04 19:58:21.131741: Epoch 60
2026-01-04 19:58:21.134236: Current learning rate: 8e-05
2026-01-04 19:59:14.591104: train_loss 0.6857
2026-01-04 19:59:14.629640: val_loss 0.6015
2026-01-04 19:59:14.648135: val classification accuracy 0.6852
2026-01-04 19:59:14.651772: val auc 0.8148
2026-01-04 19:59:14.655010: Epoch time: 53.46 s
2026-01-04 19:59:14.657524: Yayy! New best EMA pseudo Dice: 0.8148
2026-01-04 19:59:21.198455: 
2026-01-04 19:59:21.202184: Epoch 61
2026-01-04 19:59:21.204909: Current learning rate: 8e-05
2026-01-04 20:00:12.868971: train_loss 0.6627
2026-01-04 20:00:12.885673: val_loss 0.6126
2026-01-04 20:00:12.889341: val classification accuracy 0.6481
2026-01-04 20:00:12.892821: val auc 0.7291
2026-01-04 20:00:12.898556: Epoch time: 51.67 s
2026-01-04 20:00:13.778035: 
2026-01-04 20:00:13.781787: Epoch 62
2026-01-04 20:00:13.784551: Current learning rate: 8e-05
2026-01-04 20:01:05.560700: train_loss 0.6991
2026-01-04 20:01:05.569284: val_loss 0.6693
2026-01-04 20:01:05.573049: val classification accuracy 0.6111
2026-01-04 20:01:05.587664: val auc 0.6255
2026-01-04 20:01:05.613332: Epoch time: 51.78 s
2026-01-04 20:01:06.567857: 
2026-01-04 20:01:06.571321: Epoch 63
2026-01-04 20:01:06.573786: Current learning rate: 8e-05
2026-01-04 20:01:59.542293: train_loss 0.6721
2026-01-04 20:01:59.588183: val_loss 0.658
2026-01-04 20:01:59.628951: val classification accuracy 0.5741
2026-01-04 20:01:59.661865: val auc 0.6694
2026-01-04 20:01:59.665211: Epoch time: 52.98 s
2026-01-04 20:02:00.460775: 
2026-01-04 20:02:00.464665: Epoch 64
2026-01-04 20:02:00.467374: Current learning rate: 8e-05
2026-01-04 20:02:51.773114: train_loss 0.6615
2026-01-04 20:02:51.786479: val_loss 0.684
2026-01-04 20:02:51.789691: val classification accuracy 0.5185
2026-01-04 20:02:51.792620: val auc 0.5686
2026-01-04 20:02:51.795494: Epoch time: 51.31 s
2026-01-04 20:02:52.665323: 
2026-01-04 20:02:52.668766: Epoch 65
2026-01-04 20:02:52.671339: Current learning rate: 8e-05
2026-01-04 20:03:49.127452: train_loss 0.6887
2026-01-04 20:03:49.168986: val_loss 0.6919
2026-01-04 20:03:49.175496: val classification accuracy 0.5741
2026-01-04 20:03:49.178744: val auc 0.5316
2026-01-04 20:03:49.182474: Epoch time: 56.46 s
2026-01-04 20:03:50.092344: 
2026-01-04 20:03:50.095701: Epoch 66
2026-01-04 20:03:50.098213: Current learning rate: 8e-05
2026-01-04 20:04:45.063300: train_loss 0.6723
2026-01-04 20:04:45.068036: val_loss 0.6949
2026-01-04 20:04:45.071121: val classification accuracy 0.4444
2026-01-04 20:04:45.073979: val auc 0.4986
2026-01-04 20:04:45.077014: Epoch time: 54.97 s
2026-01-04 20:04:45.909612: 
2026-01-04 20:04:45.913411: Epoch 67
2026-01-04 20:04:45.916429: Current learning rate: 8e-05
2026-01-04 20:05:42.359637: train_loss 0.6844
2026-01-04 20:05:42.393179: val_loss 0.6743
2026-01-04 20:05:42.396360: val classification accuracy 0.537
2026-01-04 20:05:42.399229: val auc 0.6043
2026-01-04 20:05:42.404544: Epoch time: 56.45 s
2026-01-04 20:05:43.185313: 
2026-01-04 20:05:43.188450: Epoch 68
2026-01-04 20:05:43.191038: Current learning rate: 8e-05
2026-01-04 20:06:37.277975: train_loss 0.6718
2026-01-04 20:06:37.307519: val_loss 0.6557
2026-01-04 20:06:37.311289: val classification accuracy 0.5556
2026-01-04 20:06:37.315575: val auc 0.6296
2026-01-04 20:06:37.318668: Epoch time: 54.09 s
2026-01-04 20:06:38.227932: 
2026-01-04 20:06:38.231785: Epoch 69
2026-01-04 20:06:38.234414: Current learning rate: 8e-05
2026-01-04 20:07:30.373541: train_loss 0.6828
2026-01-04 20:07:30.391808: val_loss 0.687
2026-01-04 20:07:30.436017: val classification accuracy 0.5741
2026-01-04 20:07:30.471002: val auc 0.5912
2026-01-04 20:07:30.482119: Epoch time: 52.15 s
2026-01-04 20:07:31.261226: 
2026-01-04 20:07:31.265074: Epoch 70
2026-01-04 20:07:31.267633: Current learning rate: 8e-05
2026-01-04 20:08:27.193173: train_loss 0.6658
2026-01-04 20:08:27.197903: val_loss 0.6479
2026-01-04 20:08:27.201334: val classification accuracy 0.6667
2026-01-04 20:08:27.204301: val auc 0.6399
2026-01-04 20:08:27.212760: Epoch time: 55.93 s
2026-01-04 20:08:28.034759: 
2026-01-04 20:08:28.038146: Epoch 71
2026-01-04 20:08:28.040807: Current learning rate: 8e-05
2026-01-04 20:09:24.919672: train_loss 0.6656
2026-01-04 20:09:24.923659: val_loss 0.6983
2026-01-04 20:09:24.926604: val classification accuracy 0.5926
2026-01-04 20:09:24.929210: val auc 0.6241
2026-01-04 20:09:24.932017: Epoch time: 56.89 s
2026-01-04 20:09:25.747332: 
2026-01-04 20:09:25.750819: Epoch 72
2026-01-04 20:09:25.753772: Current learning rate: 8e-05
2026-01-04 20:10:21.100116: train_loss 0.6653
2026-01-04 20:10:21.109251: val_loss 0.6594
2026-01-04 20:10:21.112669: val classification accuracy 0.5741
2026-01-04 20:10:21.115891: val auc 0.6756
2026-01-04 20:10:21.119112: Epoch time: 55.35 s
2026-01-04 20:10:21.958689: 
2026-01-04 20:10:21.962743: Epoch 73
2026-01-04 20:10:21.965353: Current learning rate: 8e-05
2026-01-04 20:11:18.440345: train_loss 0.663
2026-01-04 20:11:18.451421: val_loss 0.5835
2026-01-04 20:11:18.454948: val classification accuracy 0.7778
2026-01-04 20:11:18.458414: val auc 0.8052
2026-01-04 20:11:18.461961: Epoch time: 56.48 s
2026-01-04 20:11:18.465106: Yayy! New best classification accuracy: 0.7778
2026-01-04 20:11:24.906232: 
2026-01-04 20:11:24.909568: Epoch 74
2026-01-04 20:11:24.912000: Current learning rate: 8e-05
2026-01-04 20:12:18.953161: train_loss 0.6715
2026-01-04 20:12:18.957697: val_loss 0.6625
2026-01-04 20:12:18.960511: val classification accuracy 0.5556
2026-01-04 20:12:18.963254: val auc 0.6015
2026-01-04 20:12:18.966512: Epoch time: 54.05 s
2026-01-04 20:12:19.817527: 
2026-01-04 20:12:19.820791: Epoch 75
2026-01-04 20:12:19.823217: Current learning rate: 8e-05
2026-01-04 20:13:13.405298: train_loss 0.6741
2026-01-04 20:13:13.410997: val_loss 0.636
2026-01-04 20:13:13.430149: val classification accuracy 0.7037
2026-01-04 20:13:13.433924: val auc 0.703
2026-01-04 20:13:13.437520: Epoch time: 53.59 s
2026-01-04 20:13:14.260049: 
2026-01-04 20:13:14.263530: Epoch 76
2026-01-04 20:13:14.266368: Current learning rate: 8e-05
2026-01-04 20:14:06.124014: train_loss 0.6714
2026-01-04 20:14:06.129454: val_loss 0.6571
2026-01-04 20:14:06.133137: val classification accuracy 0.5926
2026-01-04 20:14:06.136854: val auc 0.6742
2026-01-04 20:14:06.186665: Epoch time: 51.87 s
2026-01-04 20:14:06.992865: 
2026-01-04 20:14:06.996240: Epoch 77
2026-01-04 20:14:06.998768: Current learning rate: 8e-05
2026-01-04 20:14:59.884228: train_loss 0.6824
2026-01-04 20:14:59.906514: val_loss 0.6366
2026-01-04 20:14:59.909966: val classification accuracy 0.5741
2026-01-04 20:14:59.913308: val auc 0.7339
2026-01-04 20:14:59.916545: Epoch time: 52.89 s
2026-01-04 20:15:00.732009: 
2026-01-04 20:15:00.736281: Epoch 78
2026-01-04 20:15:00.739160: Current learning rate: 8e-05
2026-01-04 20:15:57.259133: train_loss 0.684
2026-01-04 20:15:57.264970: val_loss 0.6771
2026-01-04 20:15:57.269310: val classification accuracy 0.537
2026-01-04 20:15:57.274431: val auc 0.585
2026-01-04 20:15:57.277951: Epoch time: 56.53 s
2026-01-04 20:15:58.107792: 
2026-01-04 20:15:58.119383: Epoch 79
2026-01-04 20:15:58.122663: Current learning rate: 8e-05
2026-01-04 20:16:57.641699: train_loss 0.6637
2026-01-04 20:16:57.646184: val_loss 0.6492
2026-01-04 20:16:57.649024: val classification accuracy 0.5741
2026-01-04 20:16:57.688555: val auc 0.6859
2026-01-04 20:16:57.691666: Epoch time: 59.54 s
2026-01-04 20:16:58.578766: 
2026-01-04 20:16:58.582534: Epoch 80
2026-01-04 20:16:58.585151: Current learning rate: 8e-05
2026-01-04 20:17:54.871064: train_loss 0.6611
2026-01-04 20:17:54.875483: val_loss 0.6921
2026-01-04 20:17:54.880060: val classification accuracy 0.5
2026-01-04 20:17:54.883690: val auc 0.5453
2026-01-04 20:17:54.887570: Epoch time: 56.29 s
2026-01-04 20:17:55.730155: 
2026-01-04 20:17:55.734513: Epoch 81
2026-01-04 20:17:55.737836: Current learning rate: 8e-05
2026-01-04 20:18:55.386194: train_loss 0.6676
2026-01-04 20:18:55.391112: val_loss 0.655
2026-01-04 20:18:55.412058: val classification accuracy 0.6296
2026-01-04 20:18:55.420640: val auc 0.642
2026-01-04 20:18:55.424159: Epoch time: 59.66 s
2026-01-04 20:18:56.986706: 
2026-01-04 20:18:56.990482: Epoch 82
2026-01-04 20:18:56.992812: Current learning rate: 8e-05
2026-01-04 20:19:51.918766: train_loss 0.6575
2026-01-04 20:19:51.925068: val_loss 0.703
2026-01-04 20:19:51.928678: val classification accuracy 0.5556
2026-01-04 20:19:51.931656: val auc 0.5309
2026-01-04 20:19:51.934818: Epoch time: 54.93 s
2026-01-04 20:19:52.799200: 
2026-01-04 20:19:52.803476: Epoch 83
2026-01-04 20:19:52.806211: Current learning rate: 7e-05
2026-01-04 20:20:48.877811: train_loss 0.6916
2026-01-04 20:20:48.889087: val_loss 0.646
2026-01-04 20:20:48.892099: val classification accuracy 0.6111
2026-01-04 20:20:48.895492: val auc 0.6591
2026-01-04 20:20:48.898907: Epoch time: 56.08 s
2026-01-04 20:20:49.735729: 
2026-01-04 20:20:49.739589: Epoch 84
2026-01-04 20:20:49.742526: Current learning rate: 7e-05
2026-01-04 20:21:48.061393: train_loss 0.6641
2026-01-04 20:21:48.066771: val_loss 0.6367
2026-01-04 20:21:48.069983: val classification accuracy 0.6852
2026-01-04 20:21:48.083762: val auc 0.7291
2026-01-04 20:21:48.086672: Epoch time: 58.33 s
2026-01-04 20:21:48.946186: 
2026-01-04 20:21:48.949844: Epoch 85
2026-01-04 20:21:48.952449: Current learning rate: 7e-05
2026-01-04 20:22:44.699193: train_loss 0.6583
2026-01-04 20:22:44.704708: val_loss 0.6724
2026-01-04 20:22:44.708259: val classification accuracy 0.537
2026-01-04 20:22:44.711541: val auc 0.6708
2026-01-04 20:22:44.716866: Epoch time: 55.75 s
2026-01-04 20:22:45.661519: 
2026-01-04 20:22:45.665097: Epoch 86
2026-01-04 20:22:45.667712: Current learning rate: 7e-05
2026-01-04 20:23:43.068553: train_loss 0.6816
2026-01-04 20:23:43.073218: val_loss 0.7164
2026-01-04 20:23:43.076333: val classification accuracy 0.4444
2026-01-04 20:23:43.079769: val auc 0.4513
2026-01-04 20:23:43.082888: Epoch time: 57.41 s
2026-01-04 20:23:43.959332: 
2026-01-04 20:23:43.963851: Epoch 87
2026-01-04 20:23:43.966884: Current learning rate: 7e-05
2026-01-04 20:24:40.551414: train_loss 0.6719
2026-01-04 20:24:40.556465: val_loss 0.5923
2026-01-04 20:24:40.559790: val classification accuracy 0.6481
2026-01-04 20:24:40.562593: val auc 0.7723
2026-01-04 20:24:40.565372: Epoch time: 56.59 s
2026-01-04 20:24:41.515441: 
2026-01-04 20:24:41.518918: Epoch 88
2026-01-04 20:24:41.521493: Current learning rate: 7e-05
2026-01-04 20:25:37.970801: train_loss 0.6777
2026-01-04 20:25:37.993114: val_loss 0.6566
2026-01-04 20:25:38.009492: val classification accuracy 0.537
2026-01-04 20:25:38.012367: val auc 0.6296
2026-01-04 20:25:38.014927: Epoch time: 56.46 s
2026-01-04 20:25:38.846337: 
2026-01-04 20:25:38.850036: Epoch 89
2026-01-04 20:25:38.852686: Current learning rate: 7e-05
2026-01-04 20:26:34.272618: train_loss 0.6719
2026-01-04 20:26:34.310616: val_loss 0.678
2026-01-04 20:26:34.343200: val classification accuracy 0.5741
2026-01-04 20:26:34.347661: val auc 0.5775
2026-01-04 20:26:34.351155: Epoch time: 55.43 s
2026-01-04 20:26:35.202928: 
2026-01-04 20:26:35.206568: Epoch 90
2026-01-04 20:26:35.209300: Current learning rate: 7e-05
2026-01-04 20:27:31.087662: train_loss 0.6796
2026-01-04 20:27:31.111894: val_loss 0.6546
2026-01-04 20:27:31.116219: val classification accuracy 0.5556
2026-01-04 20:27:31.119234: val auc 0.6481
2026-01-04 20:27:31.122455: Epoch time: 55.89 s
2026-01-04 20:27:31.944384: 
2026-01-04 20:27:31.948410: Epoch 91
2026-01-04 20:27:31.951076: Current learning rate: 7e-05
2026-01-04 20:28:24.765158: train_loss 0.6694
2026-01-04 20:28:24.774164: val_loss 0.6777
2026-01-04 20:28:24.777657: val classification accuracy 0.5556
2026-01-04 20:28:24.781207: val auc 0.6043
2026-01-04 20:28:24.784617: Epoch time: 52.82 s
2026-01-04 20:28:25.678748: 
2026-01-04 20:28:25.682466: Epoch 92
2026-01-04 20:28:25.685244: Current learning rate: 7e-05
2026-01-04 20:29:23.667675: train_loss 0.6686
2026-01-04 20:29:23.673846: val_loss 0.6733
2026-01-04 20:29:23.677697: val classification accuracy 0.6481
2026-01-04 20:29:23.681189: val auc 0.6502
2026-01-04 20:29:23.684716: Epoch time: 57.99 s
2026-01-04 20:29:24.613742: 
2026-01-04 20:29:24.617588: Epoch 93
2026-01-04 20:29:24.620512: Current learning rate: 7e-05
2026-01-04 20:30:19.996562: train_loss 0.6838
2026-01-04 20:30:20.002472: val_loss 0.6207
2026-01-04 20:30:20.006207: val classification accuracy 0.6667
2026-01-04 20:30:20.009275: val auc 0.7277
2026-01-04 20:30:20.012650: Epoch time: 55.38 s
2026-01-04 20:30:20.879987: 
2026-01-04 20:30:20.883888: Epoch 94
2026-01-04 20:30:20.887240: Current learning rate: 7e-05
2026-01-04 20:31:18.255094: train_loss 0.6702
2026-01-04 20:31:18.260719: val_loss 0.6482
2026-01-04 20:31:18.264124: val classification accuracy 0.5556
2026-01-04 20:31:18.267235: val auc 0.6516
2026-01-04 20:31:18.272704: Epoch time: 57.38 s
2026-01-04 20:31:19.975510: 
2026-01-04 20:31:19.979404: Epoch 95
2026-01-04 20:31:19.982430: Current learning rate: 7e-05
2026-01-04 20:32:15.047176: train_loss 0.676
2026-01-04 20:32:15.054025: val_loss 0.6846
2026-01-04 20:32:15.057666: val classification accuracy 0.5
2026-01-04 20:32:15.061708: val auc 0.5624
2026-01-04 20:32:15.065176: Epoch time: 55.07 s
2026-01-04 20:32:15.899478: 
2026-01-04 20:32:15.903544: Epoch 96
2026-01-04 20:32:15.906377: Current learning rate: 7e-05
2026-01-04 20:33:08.148164: train_loss 0.6843
2026-01-04 20:33:08.154071: val_loss 0.6526
2026-01-04 20:33:08.157399: val classification accuracy 0.6481
2026-01-04 20:33:08.160465: val auc 0.6914
2026-01-04 20:33:08.163609: Epoch time: 52.25 s
2026-01-04 20:33:09.043282: 
2026-01-04 20:33:09.047429: Epoch 97
2026-01-04 20:33:09.050605: Current learning rate: 7e-05
2026-01-04 20:34:04.541160: train_loss 0.6719
2026-01-04 20:34:04.576013: val_loss 0.5929
2026-01-04 20:34:04.623295: val classification accuracy 0.7037
2026-01-04 20:34:04.626837: val auc 0.7503
2026-01-04 20:34:04.629771: Epoch time: 55.5 s
2026-01-04 20:34:05.527302: 
2026-01-04 20:34:05.531167: Epoch 98
2026-01-04 20:34:05.534212: Current learning rate: 7e-05
2026-01-04 20:35:02.216724: train_loss 0.6806
2026-01-04 20:35:02.222189: val_loss 0.6576
2026-01-04 20:35:02.240507: val classification accuracy 0.5556
2026-01-04 20:35:02.264742: val auc 0.6543
2026-01-04 20:35:02.278371: Epoch time: 56.69 s
2026-01-04 20:35:03.184043: 
2026-01-04 20:35:03.187574: Epoch 99
2026-01-04 20:35:03.190257: Current learning rate: 7e-05
2026-01-04 20:35:58.195199: train_loss 0.672
2026-01-04 20:35:58.208604: val_loss 0.6112
2026-01-04 20:35:58.212292: val classification accuracy 0.6852
2026-01-04 20:35:58.215631: val auc 0.7723
2026-01-04 20:35:58.219372: Epoch time: 55.01 s
2026-01-04 20:36:03.107811: Saved periodic checkpoint /hpf/projects/jquon/sumin/nnUNet_data/nnUNet_results/Dataset033_AVM_T1+C/ViTTrainer_ep300_NoMirroring_x2__nnUNetResEncUNetLPlans__3d_fullres/fold_9/checkpoint_every20_best_auroc.pth at epoch 99 with val_auc=0.7723
2026-01-04 20:36:03.857051: 
2026-01-04 20:36:03.860551: Epoch 100
2026-01-04 20:36:03.863090: Current learning rate: 7e-05
2026-01-04 20:37:01.550488: train_loss 0.6748
2026-01-04 20:37:01.563147: val_loss 0.6999
2026-01-04 20:37:01.566751: val classification accuracy 0.5185
2026-01-04 20:37:01.570340: val auc 0.5631
2026-01-04 20:37:01.573637: Epoch time: 57.69 s
2026-01-04 20:37:02.414489: 
2026-01-04 20:37:02.417966: Epoch 101
2026-01-04 20:37:02.420527: Current learning rate: 7e-05
2026-01-04 20:38:00.373050: train_loss 0.6764
2026-01-04 20:38:00.403753: val_loss 0.663
2026-01-04 20:38:00.407545: val classification accuracy 0.5556
2026-01-04 20:38:00.411082: val auc 0.618
2026-01-04 20:38:00.414285: Epoch time: 57.96 s
2026-01-04 20:38:01.252347: 
2026-01-04 20:38:01.256755: Epoch 102
2026-01-04 20:38:01.260058: Current learning rate: 7e-05
2026-01-04 20:38:59.941900: train_loss 0.6822
2026-01-04 20:38:59.948083: val_loss 0.666
2026-01-04 20:38:59.951321: val classification accuracy 0.6296
2026-01-04 20:38:59.964538: val auc 0.6145
2026-01-04 20:38:59.968108: Epoch time: 58.69 s
2026-01-04 20:39:00.797788: 
2026-01-04 20:39:00.801206: Epoch 103
2026-01-04 20:39:00.803860: Current learning rate: 7e-05
2026-01-04 20:39:59.294473: train_loss 0.6716
2026-01-04 20:39:59.310625: val_loss 0.664
2026-01-04 20:39:59.326991: val classification accuracy 0.5556
2026-01-04 20:39:59.330043: val auc 0.6694
2026-01-04 20:39:59.333829: Epoch time: 58.5 s
2026-01-04 20:40:00.231556: 
2026-01-04 20:40:00.235046: Epoch 104
2026-01-04 20:40:00.237581: Current learning rate: 7e-05
2026-01-04 20:40:55.546277: train_loss 0.6616
2026-01-04 20:40:55.564034: val_loss 0.7372
2026-01-04 20:40:55.567474: val classification accuracy 0.537
2026-01-04 20:40:55.580210: val auc 0.607
2026-01-04 20:40:55.584183: Epoch time: 55.32 s
2026-01-04 20:40:56.474105: 
2026-01-04 20:40:56.478605: Epoch 105
2026-01-04 20:40:56.482467: Current learning rate: 7e-05
2026-01-04 20:41:51.907529: train_loss 0.6886
2026-01-04 20:41:51.920387: val_loss 0.6644
2026-01-04 20:41:51.924037: val classification accuracy 0.537
2026-01-04 20:41:51.927738: val auc 0.6145
2026-01-04 20:41:51.933701: Epoch time: 55.43 s
2026-01-04 20:41:52.769391: 
2026-01-04 20:41:52.773140: Epoch 106
2026-01-04 20:41:52.775729: Current learning rate: 7e-05
2026-01-04 20:42:46.976536: train_loss 0.659
2026-01-04 20:42:46.982199: val_loss 0.6822
2026-01-04 20:42:46.985914: val classification accuracy 0.5185
2026-01-04 20:42:46.989418: val auc 0.6214
2026-01-04 20:42:46.992915: Epoch time: 54.21 s
2026-01-04 20:42:47.818545: 
2026-01-04 20:42:47.822171: Epoch 107
2026-01-04 20:42:47.824737: Current learning rate: 7e-05
2026-01-04 20:43:47.401220: train_loss 0.668
2026-01-04 20:43:47.407272: val_loss 0.671
2026-01-04 20:43:47.410257: val classification accuracy 0.5926
2026-01-04 20:43:47.413409: val auc 0.6728
2026-01-04 20:43:47.416413: Epoch time: 59.58 s
2026-01-04 20:43:48.253705: 
2026-01-04 20:43:48.257087: Epoch 108
2026-01-04 20:43:48.259670: Current learning rate: 7e-05
2026-01-04 20:44:43.914810: train_loss 0.669
2026-01-04 20:44:43.919061: val_loss 0.6429
2026-01-04 20:44:43.922606: val classification accuracy 0.6667
2026-01-04 20:44:43.925486: val auc 0.6824
2026-01-04 20:44:43.928492: Epoch time: 55.66 s
2026-01-04 20:44:44.851657: 
2026-01-04 20:44:44.855011: Epoch 109
2026-01-04 20:44:44.857417: Current learning rate: 7e-05
2026-01-04 20:45:45.134863: train_loss 0.6701
2026-01-04 20:45:45.171324: val_loss 0.7354
2026-01-04 20:45:45.175656: val classification accuracy 0.4074
2026-01-04 20:45:45.179248: val auc 0.3669
2026-01-04 20:45:45.182482: Epoch time: 60.28 s
2026-01-04 20:45:46.089340: 
2026-01-04 20:45:46.093093: Epoch 110
2026-01-04 20:45:46.095886: Current learning rate: 7e-05
2026-01-04 20:46:40.294674: train_loss 0.6606
2026-01-04 20:46:40.314238: val_loss 0.6622
2026-01-04 20:46:40.318147: val classification accuracy 0.5556
2026-01-04 20:46:40.347102: val auc 0.6289
2026-01-04 20:46:40.355002: Epoch time: 54.21 s
2026-01-04 20:46:41.243483: 
2026-01-04 20:46:41.247567: Epoch 111
2026-01-04 20:46:41.250635: Current learning rate: 7e-05
2026-01-04 20:47:39.805108: train_loss 0.6493
2026-01-04 20:47:39.811311: val_loss 0.7259
2026-01-04 20:47:39.823442: val classification accuracy 0.5741
2026-01-04 20:47:39.831153: val auc 0.6193
2026-01-04 20:47:39.835436: Epoch time: 58.56 s
2026-01-04 20:47:40.781935: 
2026-01-04 20:47:40.785629: Epoch 112
2026-01-04 20:47:40.788493: Current learning rate: 7e-05
2026-01-04 20:48:36.520935: train_loss 0.6616
2026-01-04 20:48:36.526707: val_loss 0.6656
2026-01-04 20:48:36.529640: val classification accuracy 0.5926
2026-01-04 20:48:36.532345: val auc 0.6591
2026-01-04 20:48:36.586334: Epoch time: 55.74 s
2026-01-04 20:48:37.439989: 
2026-01-04 20:48:37.444144: Epoch 113
2026-01-04 20:48:37.446825: Current learning rate: 7e-05
2026-01-04 20:49:33.853785: train_loss 0.6655
2026-01-04 20:49:33.883505: val_loss 0.6572
2026-01-04 20:49:33.887020: val classification accuracy 0.6296
2026-01-04 20:49:33.914090: val auc 0.6708
2026-01-04 20:49:33.919559: Epoch time: 56.41 s
2026-01-04 20:49:34.745865: 
2026-01-04 20:49:34.750083: Epoch 114
2026-01-04 20:49:34.753728: Current learning rate: 7e-05
2026-01-04 20:50:28.106939: train_loss 0.6526
2026-01-04 20:50:28.112231: val_loss 0.7344
2026-01-04 20:50:28.115797: val classification accuracy 0.5556
2026-01-04 20:50:28.119355: val auc 0.5638
2026-01-04 20:50:28.124560: Epoch time: 53.36 s
2026-01-04 20:50:28.932360: 
2026-01-04 20:50:28.969456: Epoch 115
2026-01-04 20:50:28.972971: Current learning rate: 6e-05
2026-01-04 20:51:22.741274: train_loss 0.6943
2026-01-04 20:51:22.746631: val_loss 0.695
2026-01-04 20:51:22.749955: val classification accuracy 0.5185
2026-01-04 20:51:22.752855: val auc 0.6214
2026-01-04 20:51:22.755861: Epoch time: 53.81 s
2026-01-04 20:51:23.665164: 
2026-01-04 20:51:23.668918: Epoch 116
2026-01-04 20:51:23.671839: Current learning rate: 6e-05
2026-01-04 20:52:20.138272: train_loss 0.67
2026-01-04 20:52:20.149168: val_loss 0.6144
2026-01-04 20:52:20.152758: val classification accuracy 0.6852
2026-01-04 20:52:20.156255: val auc 0.7757
2026-01-04 20:52:20.159586: Epoch time: 56.47 s
2026-01-04 20:52:21.062698: 
2026-01-04 20:52:21.066268: Epoch 117
2026-01-04 20:52:21.069008: Current learning rate: 6e-05
2026-01-04 20:53:15.504453: train_loss 0.6732
2026-01-04 20:53:15.520769: val_loss 0.6708
2026-01-04 20:53:15.531178: val classification accuracy 0.5
2026-01-04 20:53:15.534679: val auc 0.5734
2026-01-04 20:53:15.538273: Epoch time: 54.44 s
2026-01-04 20:53:16.405466: 
2026-01-04 20:53:16.409231: Epoch 118
2026-01-04 20:53:16.412076: Current learning rate: 6e-05
2026-01-04 20:54:11.078011: train_loss 0.6309
2026-01-04 20:54:11.113113: val_loss 0.6666
2026-01-04 20:54:11.116333: val classification accuracy 0.5926
2026-01-04 20:54:11.134090: val auc 0.6001
2026-01-04 20:54:11.144772: Epoch time: 54.67 s
2026-01-04 20:54:11.947727: 
2026-01-04 20:54:11.951899: Epoch 119
2026-01-04 20:54:11.954540: Current learning rate: 6e-05
2026-01-04 20:55:07.305117: train_loss 0.6684
2026-01-04 20:55:07.314898: val_loss 0.7674
2026-01-04 20:55:07.318150: val classification accuracy 0.537
2026-01-04 20:55:07.321225: val auc 0.5247
2026-01-04 20:55:07.330891: Epoch time: 55.36 s
2026-01-04 20:55:08.243849: 
2026-01-04 20:55:08.247615: Epoch 120
2026-01-04 20:55:08.250406: Current learning rate: 6e-05
2026-01-04 20:56:05.920185: train_loss 0.6805
2026-01-04 20:56:05.930368: val_loss 0.6953
2026-01-04 20:56:05.933603: val classification accuracy 0.5556
2026-01-04 20:56:05.936737: val auc 0.5706
2026-01-04 20:56:05.939818: Epoch time: 57.68 s
2026-01-04 20:56:06.792848: 
2026-01-04 20:56:06.796715: Epoch 121
2026-01-04 20:56:06.799426: Current learning rate: 6e-05
2026-01-04 20:57:00.959249: train_loss 0.6748
2026-01-04 20:57:00.996335: val_loss 0.7171
2026-01-04 20:57:01.000643: val classification accuracy 0.5185
2026-01-04 20:57:01.004706: val auc 0.5878
2026-01-04 20:57:01.007901: Epoch time: 54.17 s
2026-01-04 20:57:02.587271: 
2026-01-04 20:57:02.591704: Epoch 122
2026-01-04 20:57:02.595007: Current learning rate: 6e-05
2026-01-04 20:58:00.278778: train_loss 0.6692
2026-01-04 20:58:00.284264: val_loss 0.673
2026-01-04 20:58:00.287825: val classification accuracy 0.6111
2026-01-04 20:58:00.291409: val auc 0.6091
2026-01-04 20:58:00.295179: Epoch time: 57.69 s
2026-01-04 20:58:01.213611: 
2026-01-04 20:58:01.218614: Epoch 123
2026-01-04 20:58:01.221603: Current learning rate: 6e-05
2026-01-04 20:58:56.331214: train_loss 0.6767
2026-01-04 20:58:56.383949: val_loss 0.67
2026-01-04 20:58:56.387571: val classification accuracy 0.5926
2026-01-04 20:58:56.390438: val auc 0.6145
2026-01-04 20:58:56.393153: Epoch time: 55.12 s
2026-01-04 20:58:57.425561: 
2026-01-04 20:58:57.429254: Epoch 124
2026-01-04 20:58:57.431959: Current learning rate: 6e-05
2026-01-04 20:59:51.658365: train_loss 0.6524
2026-01-04 20:59:51.670225: val_loss 0.5636
2026-01-04 20:59:51.673863: val classification accuracy 0.7222
2026-01-04 20:59:51.677408: val auc 0.8189
2026-01-04 20:59:51.705729: Epoch time: 54.23 s
2026-01-04 20:59:51.709099: Yayy! New best EMA pseudo Dice: 0.8189
2026-01-04 20:59:58.150126: 
2026-01-04 20:59:58.154448: Epoch 125
2026-01-04 20:59:58.157286: Current learning rate: 6e-05
2026-01-04 21:00:54.163301: train_loss 0.6828
2026-01-04 21:00:54.186251: val_loss 0.6975
2026-01-04 21:00:54.189416: val classification accuracy 0.5926
2026-01-04 21:00:54.192232: val auc 0.5508
2026-01-04 21:00:54.195242: Epoch time: 56.01 s
2026-01-04 21:00:55.069564: 
2026-01-04 21:00:55.073609: Epoch 126
2026-01-04 21:00:55.076632: Current learning rate: 6e-05
2026-01-04 21:01:53.883373: train_loss 0.6706
2026-01-04 21:01:53.902307: val_loss 0.6715
2026-01-04 21:01:53.919077: val classification accuracy 0.5741
2026-01-04 21:01:53.923101: val auc 0.6228
2026-01-04 21:01:53.927173: Epoch time: 58.81 s
2026-01-04 21:01:54.793081: 
2026-01-04 21:01:54.796858: Epoch 127
2026-01-04 21:01:54.799808: Current learning rate: 6e-05
2026-01-04 21:02:47.989902: train_loss 0.6645
2026-01-04 21:02:48.001086: val_loss 0.6932
2026-01-04 21:02:48.004521: val classification accuracy 0.5
2026-01-04 21:02:48.007627: val auc 0.5562
2026-01-04 21:02:48.010832: Epoch time: 53.2 s
2026-01-04 21:02:48.851091: 
2026-01-04 21:02:48.855163: Epoch 128
2026-01-04 21:02:48.857834: Current learning rate: 6e-05
2026-01-04 21:03:46.072826: train_loss 0.6639
2026-01-04 21:03:46.081219: val_loss 0.6548
2026-01-04 21:03:46.085124: val classification accuracy 0.6296
2026-01-04 21:03:46.088609: val auc 0.6475
2026-01-04 21:03:46.093472: Epoch time: 57.22 s
2026-01-04 21:03:46.929853: 
2026-01-04 21:03:46.934452: Epoch 129
2026-01-04 21:03:46.937761: Current learning rate: 6e-05
2026-01-04 21:04:38.594831: train_loss 0.675
2026-01-04 21:04:38.599463: val_loss 0.7426
2026-01-04 21:04:38.608269: val classification accuracy 0.537
2026-01-04 21:04:38.611789: val auc 0.4925
2026-01-04 21:04:38.631611: Epoch time: 51.67 s
2026-01-04 21:04:39.610530: 
2026-01-04 21:04:39.614053: Epoch 130
2026-01-04 21:04:39.616739: Current learning rate: 6e-05
2026-01-04 21:05:31.184165: train_loss 0.6725
2026-01-04 21:05:31.193274: val_loss 0.6711
2026-01-04 21:05:31.196602: val classification accuracy 0.6111
2026-01-04 21:05:31.200280: val auc 0.6077
2026-01-04 21:05:31.203829: Epoch time: 51.57 s
2026-01-04 21:05:32.072191: 
2026-01-04 21:05:32.075433: Epoch 131
2026-01-04 21:05:32.077910: Current learning rate: 6e-05
2026-01-04 21:06:23.371949: train_loss 0.6707
2026-01-04 21:06:23.376367: val_loss 0.6565
2026-01-04 21:06:23.379519: val classification accuracy 0.6111
2026-01-04 21:06:23.387126: val auc 0.6289
2026-01-04 21:06:23.434564: Epoch time: 51.3 s
2026-01-04 21:06:24.279014: 
2026-01-04 21:06:24.282750: Epoch 132
2026-01-04 21:06:24.285774: Current learning rate: 6e-05
2026-01-04 21:07:21.077467: train_loss 0.6484
2026-01-04 21:07:21.107931: val_loss 0.6758
2026-01-04 21:07:21.111603: val classification accuracy 0.5556
2026-01-04 21:07:21.114882: val auc 0.6132
2026-01-04 21:07:21.118031: Epoch time: 56.8 s
2026-01-04 21:07:22.026500: 
2026-01-04 21:07:22.030397: Epoch 133
2026-01-04 21:07:22.033182: Current learning rate: 6e-05
2026-01-04 21:08:16.093133: train_loss 0.6663
2026-01-04 21:08:16.114896: val_loss 0.67
2026-01-04 21:08:16.118318: val classification accuracy 0.5556
2026-01-04 21:08:16.121886: val auc 0.5898
2026-01-04 21:08:16.124940: Epoch time: 54.07 s
2026-01-04 21:08:16.980585: 
2026-01-04 21:08:16.983732: Epoch 134
2026-01-04 21:08:16.986170: Current learning rate: 6e-05
2026-01-04 21:09:14.273945: train_loss 0.6661
2026-01-04 21:09:14.290962: val_loss 0.6587
2026-01-04 21:09:14.294278: val classification accuracy 0.6296
2026-01-04 21:09:14.297129: val auc 0.6495
2026-01-04 21:09:14.300072: Epoch time: 57.29 s
2026-01-04 21:09:15.881440: 
2026-01-04 21:09:15.885414: Epoch 135
2026-01-04 21:09:15.888228: Current learning rate: 6e-05
2026-01-04 21:10:13.237251: train_loss 0.6523
2026-01-04 21:10:13.248715: val_loss 0.717
2026-01-04 21:10:13.252499: val classification accuracy 0.537
2026-01-04 21:10:13.255913: val auc 0.6509
2026-01-04 21:10:13.259372: Epoch time: 57.36 s
2026-01-04 21:10:14.086683: 
2026-01-04 21:10:14.090405: Epoch 136
2026-01-04 21:10:14.093699: Current learning rate: 6e-05
2026-01-04 21:11:13.730045: train_loss 0.6801
2026-01-04 21:11:13.755361: val_loss 0.6785
2026-01-04 21:11:13.773779: val classification accuracy 0.5741
2026-01-04 21:11:13.777084: val auc 0.561
2026-01-04 21:11:13.780046: Epoch time: 59.64 s
2026-01-04 21:11:14.669703: 
2026-01-04 21:11:14.673252: Epoch 137
2026-01-04 21:11:14.675694: Current learning rate: 6e-05
2026-01-04 21:12:11.161208: train_loss 0.6691
2026-01-04 21:12:11.168440: val_loss 0.6244
2026-01-04 21:12:11.171474: val classification accuracy 0.6852
2026-01-04 21:12:11.174227: val auc 0.7442
2026-01-04 21:12:11.177068: Epoch time: 56.49 s
2026-01-04 21:12:12.086825: 
2026-01-04 21:12:12.090480: Epoch 138
2026-01-04 21:12:12.093364: Current learning rate: 6e-05
2026-01-04 21:13:05.419661: train_loss 0.6785
2026-01-04 21:13:05.464096: val_loss 0.6398
2026-01-04 21:13:05.467802: val classification accuracy 0.6296
2026-01-04 21:13:05.471180: val auc 0.6811
2026-01-04 21:13:05.479416: Epoch time: 53.33 s
2026-01-04 21:13:06.327158: 
2026-01-04 21:13:06.331763: Epoch 139
2026-01-04 21:13:06.334949: Current learning rate: 6e-05
2026-01-04 21:13:59.046432: train_loss 0.6734
2026-01-04 21:13:59.052786: val_loss 0.5884
2026-01-04 21:13:59.058104: val classification accuracy 0.6667
2026-01-04 21:13:59.063099: val auc 0.7888
2026-01-04 21:13:59.067120: Epoch time: 52.72 s
2026-01-04 21:14:03.816692: Saved periodic checkpoint /hpf/projects/jquon/sumin/nnUNet_data/nnUNet_results/Dataset033_AVM_T1+C/ViTTrainer_ep300_NoMirroring_x2__nnUNetResEncUNetLPlans__3d_fullres/fold_9/checkpoint_every20_best_auroc.pth at epoch 139 with val_auc=0.7888
2026-01-04 21:14:04.596747: 
2026-01-04 21:14:04.600308: Epoch 140
2026-01-04 21:14:04.603582: Current learning rate: 6e-05
2026-01-04 21:14:56.930291: train_loss 0.6597
2026-01-04 21:14:56.938038: val_loss 0.6711
2026-01-04 21:14:56.941042: val classification accuracy 0.6111
2026-01-04 21:14:56.943973: val auc 0.6173
2026-01-04 21:14:56.946955: Epoch time: 52.33 s
2026-01-04 21:14:57.754653: 
2026-01-04 21:14:57.758893: Epoch 141
2026-01-04 21:14:57.762005: Current learning rate: 6e-05
2026-01-04 21:15:53.514782: train_loss 0.6408
2026-01-04 21:15:53.520454: val_loss 0.6448
2026-01-04 21:15:53.524368: val classification accuracy 0.6296
2026-01-04 21:15:53.527719: val auc 0.668
2026-01-04 21:15:53.531775: Epoch time: 55.76 s
2026-01-04 21:15:54.524111: 
2026-01-04 21:15:54.528394: Epoch 142
2026-01-04 21:15:54.531368: Current learning rate: 6e-05
2026-01-04 21:16:51.334128: train_loss 0.6614
2026-01-04 21:16:51.360756: val_loss 0.65
2026-01-04 21:16:51.364989: val classification accuracy 0.5556
2026-01-04 21:16:51.368553: val auc 0.6468
2026-01-04 21:16:51.372148: Epoch time: 56.81 s
2026-01-04 21:16:52.313373: 
2026-01-04 21:16:52.317781: Epoch 143
2026-01-04 21:16:52.321207: Current learning rate: 6e-05
2026-01-04 21:17:50.389916: train_loss 0.6645
2026-01-04 21:17:50.396156: val_loss 0.5857
2026-01-04 21:17:50.438887: val classification accuracy 0.6852
2026-01-04 21:17:50.443868: val auc 0.7737
2026-01-04 21:17:50.447075: Epoch time: 58.08 s
2026-01-04 21:17:51.349897: 
2026-01-04 21:17:51.353914: Epoch 144
2026-01-04 21:17:51.356794: Current learning rate: 6e-05
2026-01-04 21:18:49.431403: train_loss 0.656
2026-01-04 21:18:49.438133: val_loss 0.589
2026-01-04 21:18:49.442150: val classification accuracy 0.6481
2026-01-04 21:18:49.446855: val auc 0.7229
2026-01-04 21:18:49.451525: Epoch time: 58.08 s
2026-01-04 21:18:50.361494: 
2026-01-04 21:18:50.365246: Epoch 145
2026-01-04 21:18:50.368449: Current learning rate: 6e-05
2026-01-04 21:19:47.325709: train_loss 0.6594
2026-01-04 21:19:47.331727: val_loss 0.6486
2026-01-04 21:19:47.335388: val classification accuracy 0.6296
2026-01-04 21:19:47.338749: val auc 0.6427
2026-01-04 21:19:47.342127: Epoch time: 56.97 s
2026-01-04 21:19:48.238819: 
2026-01-04 21:19:48.243020: Epoch 146
2026-01-04 21:19:48.246312: Current learning rate: 5e-05
2026-01-04 21:20:45.375277: train_loss 0.6627
2026-01-04 21:20:45.392278: val_loss 0.6568
2026-01-04 21:20:45.396259: val classification accuracy 0.5556
2026-01-04 21:20:45.400230: val auc 0.6358
2026-01-04 21:20:45.403670: Epoch time: 57.14 s
2026-01-04 21:20:46.234964: 
2026-01-04 21:20:46.239131: Epoch 147
2026-01-04 21:20:46.242067: Current learning rate: 5e-05
2026-01-04 21:21:43.888909: train_loss 0.6393
2026-01-04 21:21:43.903124: val_loss 0.6643
2026-01-04 21:21:43.907521: val classification accuracy 0.6296
2026-01-04 21:21:43.911476: val auc 0.6427
2026-01-04 21:21:43.914995: Epoch time: 57.66 s
2026-01-04 21:21:44.864043: 
2026-01-04 21:21:44.868113: Epoch 148
2026-01-04 21:21:44.871034: Current learning rate: 5e-05
2026-01-04 21:22:39.800182: train_loss 0.6651
2026-01-04 21:22:39.828231: val_loss 0.6879
2026-01-04 21:22:39.831983: val classification accuracy 0.5741
2026-01-04 21:22:39.841039: val auc 0.5432
2026-01-04 21:22:39.844572: Epoch time: 54.94 s
2026-01-04 21:22:40.687459: 
2026-01-04 21:22:40.693533: Epoch 149
2026-01-04 21:22:40.696583: Current learning rate: 5e-05
2026-01-04 21:23:34.618931: train_loss 0.6602
2026-01-04 21:23:34.623574: val_loss 0.7294
2026-01-04 21:23:34.626816: val classification accuracy 0.463
2026-01-04 21:23:34.630363: val auc 0.5
2026-01-04 21:23:34.633677: Epoch time: 53.93 s
2026-01-04 21:23:35.597830: 
2026-01-04 21:23:35.601856: Epoch 150
2026-01-04 21:23:35.605257: Current learning rate: 5e-05
2026-01-04 21:24:29.924265: train_loss 0.6542
2026-01-04 21:24:29.928430: val_loss 0.6702
2026-01-04 21:24:29.978545: val classification accuracy 0.5
2026-01-04 21:24:29.981948: val auc 0.5686
2026-01-04 21:24:29.985179: Epoch time: 54.33 s
2026-01-04 21:24:30.820462: 
2026-01-04 21:24:30.823930: Epoch 151
2026-01-04 21:24:30.826508: Current learning rate: 5e-05
2026-01-04 21:25:24.225591: train_loss 0.6765
2026-01-04 21:25:24.233224: val_loss 0.7288
2026-01-04 21:25:24.237739: val classification accuracy 0.5185
2026-01-04 21:25:24.241495: val auc 0.6557
2026-01-04 21:25:24.245425: Epoch time: 53.41 s
2026-01-04 21:25:25.089707: 
2026-01-04 21:25:25.095111: Epoch 152
2026-01-04 21:25:25.098839: Current learning rate: 5e-05
2026-01-04 21:26:16.719437: train_loss 0.6505
2026-01-04 21:26:16.755583: val_loss 0.6426
2026-01-04 21:26:16.761822: val classification accuracy 0.5926
2026-01-04 21:26:16.787521: val auc 0.6831
2026-01-04 21:26:16.791757: Epoch time: 51.63 s
2026-01-04 21:26:17.622544: 
2026-01-04 21:26:17.626384: Epoch 153
2026-01-04 21:26:17.629497: Current learning rate: 5e-05
2026-01-04 21:27:14.677371: train_loss 0.6548
2026-01-04 21:27:14.732935: val_loss 0.7176
2026-01-04 21:27:14.753222: val classification accuracy 0.4815
2026-01-04 21:27:14.756761: val auc 0.4993
2026-01-04 21:27:14.760275: Epoch time: 57.06 s
2026-01-04 21:27:15.569043: 
2026-01-04 21:27:15.572514: Epoch 154
2026-01-04 21:27:15.575071: Current learning rate: 5e-05
2026-01-04 21:28:11.285660: train_loss 0.6657
2026-01-04 21:28:11.295680: val_loss 0.7288
2026-01-04 21:28:11.330587: val classification accuracy 0.5741
2026-01-04 21:28:11.333906: val auc 0.5535
2026-01-04 21:28:11.337500: Epoch time: 55.72 s
2026-01-04 21:28:12.205837: 
2026-01-04 21:28:12.210176: Epoch 155
2026-01-04 21:28:12.213274: Current learning rate: 5e-05
2026-01-04 21:29:10.513091: train_loss 0.6479
2026-01-04 21:29:10.518143: val_loss 0.7478
2026-01-04 21:29:10.521593: val classification accuracy 0.4815
2026-01-04 21:29:10.524867: val auc 0.4925
2026-01-04 21:29:10.528367: Epoch time: 58.31 s
2026-01-04 21:29:11.354841: 
2026-01-04 21:29:11.358786: Epoch 156
2026-01-04 21:29:11.361913: Current learning rate: 5e-05
2026-01-04 21:30:05.724645: train_loss 0.6533
2026-01-04 21:30:05.758338: val_loss 0.6551
2026-01-04 21:30:05.762224: val classification accuracy 0.5926
2026-01-04 21:30:05.766351: val auc 0.6283
2026-01-04 21:30:05.770027: Epoch time: 54.37 s
2026-01-04 21:30:06.610482: 
2026-01-04 21:30:06.614764: Epoch 157
2026-01-04 21:30:06.617808: Current learning rate: 5e-05
2026-01-04 21:31:00.990554: train_loss 0.6813
2026-01-04 21:31:00.996452: val_loss 0.6885
2026-01-04 21:31:01.000134: val classification accuracy 0.5
2026-01-04 21:31:01.003382: val auc 0.5021
2026-01-04 21:31:01.006694: Epoch time: 54.38 s
2026-01-04 21:31:01.916011: 
2026-01-04 21:31:01.919992: Epoch 158
2026-01-04 21:31:01.923064: Current learning rate: 5e-05
2026-01-04 21:31:57.067717: train_loss 0.6473
2026-01-04 21:31:57.103198: val_loss 0.6269
2026-01-04 21:31:57.106851: val classification accuracy 0.5741
2026-01-04 21:31:57.110404: val auc 0.6557
2026-01-04 21:31:57.132039: Epoch time: 55.15 s
2026-01-04 21:31:58.063133: 
2026-01-04 21:31:58.066916: Epoch 159
2026-01-04 21:31:58.069944: Current learning rate: 5e-05
2026-01-04 21:32:53.741254: train_loss 0.6519
2026-01-04 21:32:53.794707: val_loss 0.6843
2026-01-04 21:32:53.798534: val classification accuracy 0.5926
2026-01-04 21:32:53.801788: val auc 0.5789
2026-01-04 21:32:53.804997: Epoch time: 55.68 s
2026-01-04 21:32:54.624644: 
2026-01-04 21:32:54.628384: Epoch 160
2026-01-04 21:32:54.632141: Current learning rate: 5e-05
2026-01-04 21:33:51.468926: train_loss 0.6261
2026-01-04 21:33:51.511858: val_loss 0.6629
2026-01-04 21:33:51.538280: val classification accuracy 0.6111
2026-01-04 21:33:51.541402: val auc 0.6735
2026-01-04 21:33:51.547673: Epoch time: 56.85 s
2026-01-04 21:33:52.427639: 
2026-01-04 21:33:52.431621: Epoch 161
2026-01-04 21:33:52.435171: Current learning rate: 5e-05
2026-01-04 21:34:52.170556: train_loss 0.6471
2026-01-04 21:34:52.181458: val_loss 0.6762
2026-01-04 21:34:52.185027: val classification accuracy 0.5741
2026-01-04 21:34:52.188428: val auc 0.6063
2026-01-04 21:34:52.226190: Epoch time: 59.74 s
2026-01-04 21:34:53.773816: 
2026-01-04 21:34:53.777343: Epoch 162
2026-01-04 21:34:53.780326: Current learning rate: 5e-05
2026-01-04 21:35:50.462545: train_loss 0.6623
2026-01-04 21:35:50.469412: val_loss 0.6741
2026-01-04 21:35:50.473085: val classification accuracy 0.5926
2026-01-04 21:35:50.476357: val auc 0.6029
2026-01-04 21:35:50.479439: Epoch time: 56.69 s
2026-01-04 21:35:51.358017: 
2026-01-04 21:35:51.361901: Epoch 163
2026-01-04 21:35:51.365616: Current learning rate: 5e-05
2026-01-04 21:36:48.199796: train_loss 0.6594
2026-01-04 21:36:48.240786: val_loss 0.6871
2026-01-04 21:36:48.244928: val classification accuracy 0.6111
2026-01-04 21:36:48.248459: val auc 0.5569
2026-01-04 21:36:48.264729: Epoch time: 56.84 s
2026-01-04 21:36:49.087343: 
2026-01-04 21:36:49.091458: Epoch 164
2026-01-04 21:36:49.094651: Current learning rate: 5e-05
2026-01-04 21:37:46.484259: train_loss 0.6394
2026-01-04 21:37:46.489619: val_loss 0.6459
2026-01-04 21:37:46.493499: val classification accuracy 0.7037
2026-01-04 21:37:46.497115: val auc 0.6701
2026-01-04 21:37:46.515405: Epoch time: 57.4 s
2026-01-04 21:37:47.433516: 
2026-01-04 21:37:47.437228: Epoch 165
2026-01-04 21:37:47.439962: Current learning rate: 5e-05
2026-01-04 21:38:40.909132: train_loss 0.6491
2026-01-04 21:38:40.915443: val_loss 0.6533
2026-01-04 21:38:40.918984: val classification accuracy 0.6111
2026-01-04 21:38:40.923505: val auc 0.6543
2026-01-04 21:38:40.941283: Epoch time: 53.48 s
2026-01-04 21:38:41.870522: 
2026-01-04 21:38:41.874376: Epoch 166
2026-01-04 21:38:41.877235: Current learning rate: 5e-05
2026-01-04 21:39:35.601909: train_loss 0.6607
2026-01-04 21:39:35.606812: val_loss 0.6962
2026-01-04 21:39:35.610629: val classification accuracy 0.6111
2026-01-04 21:39:35.614239: val auc 0.5857
2026-01-04 21:39:35.618320: Epoch time: 53.73 s
2026-01-04 21:39:36.530689: 
2026-01-04 21:39:36.535003: Epoch 167
2026-01-04 21:39:36.541097: Current learning rate: 5e-05
2026-01-04 21:40:30.339379: train_loss 0.6381
2026-01-04 21:40:30.344587: val_loss 0.7585
2026-01-04 21:40:30.348085: val classification accuracy 0.463
2026-01-04 21:40:30.358633: val auc 0.4081
2026-01-04 21:40:30.362083: Epoch time: 53.81 s
2026-01-04 21:40:31.217509: 
2026-01-04 21:40:31.225563: Epoch 168
2026-01-04 21:40:31.230660: Current learning rate: 5e-05
2026-01-04 21:41:26.099554: train_loss 0.6555
2026-01-04 21:41:26.142476: val_loss 0.6935
2026-01-04 21:41:26.161827: val classification accuracy 0.6296
2026-01-04 21:41:26.165239: val auc 0.5686
2026-01-04 21:41:26.168746: Epoch time: 54.88 s
2026-01-04 21:41:27.035622: 
2026-01-04 21:41:27.039271: Epoch 169
2026-01-04 21:41:27.042202: Current learning rate: 5e-05
2026-01-04 21:42:22.752248: train_loss 0.652
2026-01-04 21:42:22.780714: val_loss 0.6424
2026-01-04 21:42:22.785802: val classification accuracy 0.6111
2026-01-04 21:42:22.790503: val auc 0.6783
2026-01-04 21:42:22.794157: Epoch time: 55.72 s
2026-01-04 21:42:23.631702: 
2026-01-04 21:42:23.635608: Epoch 170
2026-01-04 21:42:23.639129: Current learning rate: 5e-05
2026-01-04 21:43:22.790151: train_loss 0.6724
2026-01-04 21:43:22.795216: val_loss 0.6833
2026-01-04 21:43:22.799035: val classification accuracy 0.5185
2026-01-04 21:43:22.802593: val auc 0.5624
2026-01-04 21:43:22.805744: Epoch time: 59.16 s
2026-01-04 21:43:23.749382: 
2026-01-04 21:43:23.753089: Epoch 171
2026-01-04 21:43:23.755843: Current learning rate: 5e-05
2026-01-04 21:44:17.983942: train_loss 0.6671
2026-01-04 21:44:17.998499: val_loss 0.679
2026-01-04 21:44:18.036172: val classification accuracy 0.5185
2026-01-04 21:44:18.039728: val auc 0.5748
2026-01-04 21:44:18.043309: Epoch time: 54.24 s
2026-01-04 21:44:19.153714: 
2026-01-04 21:44:19.157388: Epoch 172
2026-01-04 21:44:19.160216: Current learning rate: 5e-05
2026-01-04 21:45:11.528368: train_loss 0.653
2026-01-04 21:45:11.555829: val_loss 0.6218
2026-01-04 21:45:11.559184: val classification accuracy 0.6481
2026-01-04 21:45:11.562461: val auc 0.716
2026-01-04 21:45:11.574607: Epoch time: 52.38 s
2026-01-04 21:45:12.532934: 
2026-01-04 21:45:12.537020: Epoch 173
2026-01-04 21:45:12.540552: Current learning rate: 5e-05
2026-01-04 21:46:00.929564: train_loss 0.6455
2026-01-04 21:46:00.934944: val_loss 0.6893
2026-01-04 21:46:00.938125: val classification accuracy 0.537
2026-01-04 21:46:00.941259: val auc 0.5556
2026-01-04 21:46:00.944350: Epoch time: 48.4 s
2026-01-04 21:46:01.831815: 
2026-01-04 21:46:01.835198: Epoch 174
2026-01-04 21:46:01.837846: Current learning rate: 5e-05
2026-01-04 21:46:48.101999: train_loss 0.662
2026-01-04 21:46:48.107270: val_loss 0.7013
2026-01-04 21:46:48.110985: val classification accuracy 0.5556
2026-01-04 21:46:48.114611: val auc 0.5542
2026-01-04 21:46:48.118242: Epoch time: 46.27 s
2026-01-04 21:46:48.922149: 
2026-01-04 21:46:48.925622: Epoch 175
2026-01-04 21:46:48.928464: Current learning rate: 5e-05
2026-01-04 21:47:36.633267: train_loss 0.6648
2026-01-04 21:47:36.660133: val_loss 0.6957
2026-01-04 21:47:36.695138: val classification accuracy 0.537
2026-01-04 21:47:36.717855: val auc 0.5782
2026-01-04 21:47:36.721187: Epoch time: 47.71 s
2026-01-04 21:47:37.492563: 
2026-01-04 21:47:37.496730: Epoch 176
2026-01-04 21:47:37.499887: Current learning rate: 5e-05
2026-01-04 21:48:23.201103: train_loss 0.6674
2026-01-04 21:48:23.206305: val_loss 0.6239
2026-01-04 21:48:23.209595: val classification accuracy 0.6667
2026-01-04 21:48:23.212668: val auc 0.7229
2026-01-04 21:48:23.216119: Epoch time: 45.71 s
2026-01-04 21:48:24.019921: 
2026-01-04 21:48:24.023162: Epoch 177
2026-01-04 21:48:24.025755: Current learning rate: 4e-05
2026-01-04 21:49:09.110136: train_loss 0.6515
2026-01-04 21:49:09.126165: val_loss 0.6537
2026-01-04 21:49:09.129230: val classification accuracy 0.5926
2026-01-04 21:49:09.136586: val auc 0.618
2026-01-04 21:49:09.140202: Epoch time: 45.09 s
2026-01-04 21:49:09.979644: 
2026-01-04 21:49:09.983628: Epoch 178
2026-01-04 21:49:09.986703: Current learning rate: 4e-05
2026-01-04 21:49:56.296579: train_loss 0.6742
2026-01-04 21:49:56.311515: val_loss 0.6936
2026-01-04 21:49:56.315044: val classification accuracy 0.5556
2026-01-04 21:49:56.318100: val auc 0.5466
2026-01-04 21:49:56.321157: Epoch time: 46.32 s
2026-01-04 21:49:57.080245: 
2026-01-04 21:49:57.083815: Epoch 179
2026-01-04 21:49:57.086456: Current learning rate: 4e-05
2026-01-04 21:50:42.047055: train_loss 0.6516
2026-01-04 21:50:42.084259: val_loss 0.6637
2026-01-04 21:50:42.121096: val classification accuracy 0.6667
2026-01-04 21:50:42.125128: val auc 0.6653
2026-01-04 21:50:42.167232: Epoch time: 44.97 s
2026-01-04 21:50:42.929679: 
2026-01-04 21:50:42.933094: Epoch 180
2026-01-04 21:50:42.935782: Current learning rate: 4e-05
2026-01-04 21:51:26.727172: train_loss 0.6589
2026-01-04 21:51:26.737406: val_loss 0.6014
2026-01-04 21:51:26.740891: val classification accuracy 0.6481
2026-01-04 21:51:26.746712: val auc 0.7661
2026-01-04 21:51:26.752080: Epoch time: 43.8 s
2026-01-04 21:51:27.503918: 
2026-01-04 21:51:27.507790: Epoch 181
2026-01-04 21:51:27.510739: Current learning rate: 4e-05
2026-01-04 21:52:09.963991: train_loss 0.6482
2026-01-04 21:52:09.968103: val_loss 0.6352
2026-01-04 21:52:09.970837: val classification accuracy 0.6481
2026-01-04 21:52:09.973868: val auc 0.701
2026-01-04 21:52:09.976885: Epoch time: 42.46 s
2026-01-04 21:52:10.748723: 
2026-01-04 21:52:10.752152: Epoch 182
2026-01-04 21:52:10.754709: Current learning rate: 4e-05
2026-01-04 21:52:55.502843: train_loss 0.6417
2026-01-04 21:52:55.508834: val_loss 0.6917
2026-01-04 21:52:55.511870: val classification accuracy 0.5185
2026-01-04 21:52:55.514898: val auc 0.5549
2026-01-04 21:52:55.518383: Epoch time: 44.76 s
2026-01-04 21:52:56.277788: 
2026-01-04 21:52:56.281271: Epoch 183
2026-01-04 21:52:56.283948: Current learning rate: 4e-05
2026-01-04 21:53:44.072421: train_loss 0.6642
2026-01-04 21:53:44.076688: val_loss 0.6923
2026-01-04 21:53:44.079741: val classification accuracy 0.6111
2026-01-04 21:53:44.082900: val auc 0.5809
2026-01-04 21:53:44.085654: Epoch time: 47.8 s
2026-01-04 21:53:44.842926: 
2026-01-04 21:53:44.846312: Epoch 184
2026-01-04 21:53:44.848965: Current learning rate: 4e-05
2026-01-04 21:54:32.590956: train_loss 0.6712
2026-01-04 21:54:32.611699: val_loss 0.6884
2026-01-04 21:54:32.615148: val classification accuracy 0.5556
2026-01-04 21:54:32.618058: val auc 0.5748
2026-01-04 21:54:32.621527: Epoch time: 47.75 s
2026-01-04 21:54:33.395498: 
2026-01-04 21:54:33.398763: Epoch 185
2026-01-04 21:54:33.401250: Current learning rate: 4e-05
2026-01-04 21:55:19.237772: train_loss 0.6386
2026-01-04 21:55:19.242647: val_loss 0.6872
2026-01-04 21:55:19.246128: val classification accuracy 0.537
2026-01-04 21:55:19.249588: val auc 0.5947
2026-01-04 21:55:19.252661: Epoch time: 45.84 s
2026-01-04 21:55:20.059965: 
2026-01-04 21:55:20.063082: Epoch 186
2026-01-04 21:55:20.065847: Current learning rate: 4e-05
2026-01-04 21:56:05.252969: train_loss 0.6411
2026-01-04 21:56:05.263413: val_loss 0.7207
2026-01-04 21:56:05.267570: val classification accuracy 0.537
2026-01-04 21:56:05.270631: val auc 0.5706
2026-01-04 21:56:05.291044: Epoch time: 45.19 s
2026-01-04 21:56:06.107186: 
2026-01-04 21:56:06.111073: Epoch 187
2026-01-04 21:56:06.114388: Current learning rate: 4e-05
2026-01-04 21:56:48.643745: train_loss 0.6765
2026-01-04 21:56:48.658117: val_loss 0.7281
2026-01-04 21:56:48.661660: val classification accuracy 0.4815
2026-01-04 21:56:48.664985: val auc 0.4733
2026-01-04 21:56:48.668395: Epoch time: 42.54 s
2026-01-04 21:56:49.425771: 
2026-01-04 21:56:49.429073: Epoch 188
2026-01-04 21:56:49.431650: Current learning rate: 4e-05
2026-01-04 21:57:36.654102: train_loss 0.6493
2026-01-04 21:57:36.670412: val_loss 0.6717
2026-01-04 21:57:36.673577: val classification accuracy 0.5741
2026-01-04 21:57:36.676719: val auc 0.6241
2026-01-04 21:57:36.682461: Epoch time: 47.23 s
2026-01-04 21:57:38.063044: 
2026-01-04 21:57:38.066915: Epoch 189
2026-01-04 21:57:38.069896: Current learning rate: 4e-05
2026-01-04 21:58:21.785964: train_loss 0.6738
2026-01-04 21:58:21.821935: val_loss 0.6627
2026-01-04 21:58:21.829457: val classification accuracy 0.6111
2026-01-04 21:58:21.842073: val auc 0.6214
2026-01-04 21:58:21.845373: Epoch time: 43.72 s
2026-01-04 21:58:22.649107: 
2026-01-04 21:58:22.652813: Epoch 190
2026-01-04 21:58:22.655437: Current learning rate: 4e-05
2026-01-04 21:59:07.186507: train_loss 0.638
2026-01-04 21:59:07.191653: val_loss 0.6749
2026-01-04 21:59:07.205658: val classification accuracy 0.5556
2026-01-04 21:59:07.210464: val auc 0.6502
2026-01-04 21:59:07.213681: Epoch time: 44.54 s
2026-01-04 21:59:07.995040: 
2026-01-04 21:59:07.998855: Epoch 191
2026-01-04 21:59:08.001887: Current learning rate: 4e-05
2026-01-04 21:59:52.364226: train_loss 0.6551
2026-01-04 21:59:52.401006: val_loss 0.7032
2026-01-04 21:59:52.407323: val classification accuracy 0.5556
2026-01-04 21:59:52.410408: val auc 0.5981
2026-01-04 21:59:52.413344: Epoch time: 44.37 s
2026-01-04 21:59:53.183490: 
2026-01-04 21:59:53.187072: Epoch 192
2026-01-04 21:59:53.189564: Current learning rate: 4e-05
2026-01-04 22:00:41.469891: train_loss 0.6566
2026-01-04 22:00:41.474322: val_loss 0.6412
2026-01-04 22:00:41.477075: val classification accuracy 0.5926
2026-01-04 22:00:41.480380: val auc 0.666
2026-01-04 22:00:41.483384: Epoch time: 48.29 s
2026-01-04 22:00:42.294812: 
2026-01-04 22:00:42.323349: Epoch 193
2026-01-04 22:00:42.326748: Current learning rate: 4e-05
2026-01-04 22:01:27.175017: train_loss 0.6509
2026-01-04 22:01:27.179225: val_loss 0.7017
2026-01-04 22:01:27.184968: val classification accuracy 0.537
2026-01-04 22:01:27.188209: val auc 0.5199
2026-01-04 22:01:27.191192: Epoch time: 44.88 s
2026-01-04 22:01:27.968001: 
2026-01-04 22:01:27.971697: Epoch 194
2026-01-04 22:01:27.974794: Current learning rate: 4e-05
2026-01-04 22:02:12.097221: train_loss 0.6697
2026-01-04 22:02:12.102157: val_loss 0.6526
2026-01-04 22:02:12.105277: val classification accuracy 0.5741
2026-01-04 22:02:12.108403: val auc 0.5898
2026-01-04 22:02:12.113336: Epoch time: 44.13 s
2026-01-04 22:02:12.911002: 
2026-01-04 22:02:12.914982: Epoch 195
2026-01-04 22:02:12.918062: Current learning rate: 4e-05
2026-01-04 22:02:59.961678: train_loss 0.6491
2026-01-04 22:02:59.966388: val_loss 0.6537
2026-01-04 22:02:59.977729: val classification accuracy 0.5741
2026-01-04 22:02:59.983617: val auc 0.6475
2026-01-04 22:02:59.986729: Epoch time: 47.05 s
2026-01-04 22:03:00.752598: 
2026-01-04 22:03:00.756527: Epoch 196
2026-01-04 22:03:00.759967: Current learning rate: 4e-05
2026-01-04 22:03:45.960179: train_loss 0.6559
2026-01-04 22:03:45.993325: val_loss 0.6547
2026-01-04 22:03:45.996585: val classification accuracy 0.5926
2026-01-04 22:03:45.999454: val auc 0.6475
2026-01-04 22:03:46.023541: Epoch time: 45.21 s
2026-01-04 22:03:46.828963: 
2026-01-04 22:03:46.832441: Epoch 197
2026-01-04 22:03:46.835013: Current learning rate: 4e-05
2026-01-04 22:04:33.055684: train_loss 0.6507
2026-01-04 22:04:33.074967: val_loss 0.6165
2026-01-04 22:04:33.105697: val classification accuracy 0.6481
2026-01-04 22:04:33.111598: val auc 0.7051
2026-01-04 22:04:33.116440: Epoch time: 46.23 s
2026-01-04 22:04:33.874559: 
2026-01-04 22:04:33.878151: Epoch 198
2026-01-04 22:04:33.880719: Current learning rate: 4e-05
2026-01-04 22:05:17.048654: train_loss 0.6339
2026-01-04 22:05:17.053840: val_loss 0.7178
2026-01-04 22:05:17.063563: val classification accuracy 0.537
2026-01-04 22:05:17.067376: val auc 0.5542
2026-01-04 22:05:17.072582: Epoch time: 43.18 s
2026-01-04 22:05:17.885081: 
2026-01-04 22:05:17.888932: Epoch 199
2026-01-04 22:05:17.892769: Current learning rate: 4e-05
2026-01-04 22:06:04.316198: train_loss 0.6441
2026-01-04 22:06:04.321307: val_loss 0.685
2026-01-04 22:06:04.324357: val classification accuracy 0.537
2026-01-04 22:06:04.356568: val auc 0.5926
2026-01-04 22:06:04.396831: Epoch time: 46.43 s
2026-01-04 22:06:05.170838: 
2026-01-04 22:06:05.174382: Epoch 200
2026-01-04 22:06:05.176977: Current learning rate: 4e-05
2026-01-04 22:06:51.166991: train_loss 0.6488
2026-01-04 22:06:51.192079: val_loss 0.6849
2026-01-04 22:06:51.195245: val classification accuracy 0.5741
2026-01-04 22:06:51.198283: val auc 0.6303
2026-01-04 22:06:51.201575: Epoch time: 46.0 s
2026-01-04 22:06:51.980971: 
2026-01-04 22:06:51.984593: Epoch 201
2026-01-04 22:06:51.987663: Current learning rate: 4e-05
2026-01-04 22:07:41.053756: train_loss 0.6653
2026-01-04 22:07:41.063580: val_loss 0.6347
2026-01-04 22:07:41.066597: val classification accuracy 0.6296
2026-01-04 22:07:41.091241: val auc 0.6797
2026-01-04 22:07:41.095189: Epoch time: 49.07 s
2026-01-04 22:07:41.853950: 
2026-01-04 22:07:41.857735: Epoch 202
2026-01-04 22:07:41.860630: Current learning rate: 4e-05
2026-01-04 22:08:25.070242: train_loss 0.64
2026-01-04 22:08:25.087371: val_loss 0.7078
2026-01-04 22:08:25.111504: val classification accuracy 0.537
2026-01-04 22:08:25.122554: val auc 0.5713
2026-01-04 22:08:25.126227: Epoch time: 43.22 s
2026-01-04 22:08:25.902052: 
2026-01-04 22:08:25.905351: Epoch 203
2026-01-04 22:08:25.907954: Current learning rate: 4e-05
2026-01-04 22:09:09.067611: train_loss 0.6543
2026-01-04 22:09:09.113060: val_loss 0.6607
2026-01-04 22:09:09.130457: val classification accuracy 0.5741
2026-01-04 22:09:09.133704: val auc 0.6173
2026-01-04 22:09:09.136747: Epoch time: 43.17 s
2026-01-04 22:09:09.895365: 
2026-01-04 22:09:09.899433: Epoch 204
2026-01-04 22:09:09.902690: Current learning rate: 4e-05
2026-01-04 22:09:54.012250: train_loss 0.658
2026-01-04 22:09:54.069785: val_loss 0.7097
2026-01-04 22:09:54.074683: val classification accuracy 0.5556
2026-01-04 22:09:54.082259: val auc 0.6029
2026-01-04 22:09:54.089925: Epoch time: 44.12 s
2026-01-04 22:09:54.093307: Early stopping triggered at epoch 204. Best val_losses=0.5636
2026-01-04 22:09:54.905488: Stopping training early due to early stopping criterion.
2026-01-04 22:10:00.300057: Training done.
2026-01-04 22:10:00.328658: Skipping perform_actual_validation for classification trainer (segmentation-style sliding window is not applicable).
[1;34mwandb[0m: 
[1;34mwandb[0m:  View run [33mViTTrainer_ep300_NoMirroring_x2_fold9[0m at: [34m[0m
[1;34mwandb[0m: Find logs at: [1;35m../../tmp/wandb/wandb/run-20260104_190037-6usiu3o3/logs[0m
