Using device: cuda:0

#######################################################################
Please cite the following paper when using nnU-Net:
Isensee, F., Jaeger, P. F., Kohl, S. A., Petersen, J., & Maier-Hein, K. H. (2021). nnU-Net: a self-configuring method for deep learning-based biomedical image segmentation. Nature methods, 18(2), 203-211.
#######################################################################

2026-01-04 16:16:25.039731: Using torch.compile...
2026-01-04 16:16:30.888337: do_dummy_2d_data_aug: False
2026-01-04 16:16:30.892760: Using splits from existing split file: /hpf/projects/jquon/sumin/nnUNet_data/nnUNet_preprocessed/Dataset033_AVM_T1+C/splits_final.json
2026-01-04 16:16:30.896280: The split file contains 11 splits.
2026-01-04 16:16:30.898186: Desired fold for training: 6
2026-01-04 16:16:30.899887: This split has 464 training and 48 validation cases.
using pin_memory on device 0
using pin_memory on device 0

This is the configuration used by this training:
Configuration name: 3d_fullres
 {'data_identifier': 'nnUNetPlans_3d_fullres', 'preprocessor_name': 'DefaultPreprocessor', 'batch_size': 2, 'patch_size': [160, 224, 192], 'median_image_size_in_voxels': [344.0, 448.0, 429.0], 'spacing': [0.500000923871994, 0.4910714328289032, 0.4910714328289032], 'normalization_schemes': ['ZScoreNormalization'], 'use_mask_for_norm': [False], 'resampling_fn_data': 'resample_data_or_seg_to_shape', 'resampling_fn_seg': 'resample_data_or_seg_to_shape', 'resampling_fn_data_kwargs': {'is_seg': False, 'order': 3, 'order_z': 0, 'force_separate_z': None}, 'resampling_fn_seg_kwargs': {'is_seg': True, 'order': 1, 'order_z': 0, 'force_separate_z': None}, 'resampling_fn_probabilities': 'resample_data_or_seg_to_shape', 'resampling_fn_probabilities_kwargs': {'is_seg': False, 'order': 1, 'order_z': 0, 'force_separate_z': None}, 'architecture': {'network_class_name': 'dynamic_network_architectures.architectures.unet.ResidualEncoderUNet', 'arch_kwargs': {'n_stages': 6, 'features_per_stage': [32, 64, 128, 256, 320, 320], 'conv_op': 'torch.nn.modules.conv.Conv3d', 'kernel_sizes': [[3, 3, 3], [3, 3, 3], [3, 3, 3], [3, 3, 3], [3, 3, 3], [3, 3, 3]], 'strides': [[1, 1, 1], [2, 2, 2], [2, 2, 2], [2, 2, 2], [2, 2, 2], [2, 2, 2]], 'n_blocks_per_stage': [1, 3, 4, 6, 6, 6], 'n_conv_per_stage_decoder': [1, 1, 1, 1, 1], 'conv_bias': True, 'norm_op': 'torch.nn.modules.instancenorm.InstanceNorm3d', 'norm_op_kwargs': {'eps': 1e-05, 'affine': True}, 'dropout_op': None, 'dropout_op_kwargs': None, 'nonlin': 'torch.nn.LeakyReLU', 'nonlin_kwargs': {'inplace': True}}, '_kw_requires_import': ['conv_op', 'norm_op', 'dropout_op', 'nonlin']}, 'batch_dice': True} 

These are the global plan.json settings:
 {'dataset_name': 'Dataset033_AVM_T1+C', 'plans_name': 'nnUNetResEncUNetLPlans', 'original_median_spacing_after_transp': [0.500000923871994, 0.4910714328289032, 0.4910714328289032], 'original_median_shape_after_transp': [330, 448, 424], 'image_reader_writer': 'SimpleITKIO', 'transpose_forward': [0, 1, 2], 'transpose_backward': [0, 1, 2], 'experiment_planner_used': 'nnUNetPlannerResEncL', 'label_manager': 'LabelManager', 'foreground_intensity_properties_per_channel': {'0': {'max': 12113.0, 'mean': 449.843505859375, 'median': 311.0, 'min': 0.0, 'percentile_00_5': 34.0, 'percentile_99_5': 3202.0, 'std': 471.56329345703125}}} 

2026-01-04 16:16:33.986500: Unable to plot network architecture: nnUNet_compile is enabled!
2026-01-04 16:16:34.015469: 
2026-01-04 16:16:34.029745: Epoch 0
2026-01-04 16:16:34.032621: Current learning rate: 0.0001
2026-01-04 16:17:54.668710: train_loss 0.7609
2026-01-04 16:17:54.674346: val_loss 0.6937
2026-01-04 16:17:54.677047: val classification accuracy 0.4375
2026-01-04 16:17:54.679610: val auc 0.5174
2026-01-04 16:17:54.682346: Epoch time: 80.66 s
2026-01-04 16:17:54.684955: Yayy! New best EMA pseudo Dice: 0.5174
2026-01-04 16:18:00.360234: Yayy! New best classification accuracy: 0.4375
2026-01-04 16:18:04.885616: 
2026-01-04 16:18:04.888198: Epoch 1
2026-01-04 16:18:04.889993: Current learning rate: 0.0001
2026-01-04 16:19:07.011067: train_loss 0.698
2026-01-04 16:19:07.017832: val_loss 0.7837
2026-01-04 16:19:07.019909: val classification accuracy 0.3125
2026-01-04 16:19:07.021843: val auc 0.2786
2026-01-04 16:19:07.023666: Epoch time: 62.13 s
2026-01-04 16:19:07.879885: 
2026-01-04 16:19:07.883020: Epoch 2
2026-01-04 16:19:07.884822: Current learning rate: 0.0001
2026-01-04 16:20:03.428158: train_loss 0.688
2026-01-04 16:20:03.436478: val_loss 0.6862
2026-01-04 16:20:03.439057: val classification accuracy 0.5208
2026-01-04 16:20:03.441115: val auc 0.5729
2026-01-04 16:20:03.443978: Epoch time: 55.55 s
2026-01-04 16:20:03.450520: Yayy! New best EMA pseudo Dice: 0.5729
2026-01-04 16:20:08.894594: Yayy! New best classification accuracy: 0.5208
2026-01-04 16:20:13.554260: 
2026-01-04 16:20:13.557247: Epoch 3
2026-01-04 16:20:13.559229: Current learning rate: 0.0001
2026-01-04 16:21:06.609428: train_loss 0.689
2026-01-04 16:21:06.613194: val_loss 0.7022
2026-01-04 16:21:06.615936: val classification accuracy 0.4375
2026-01-04 16:21:06.618401: val auc 0.4722
2026-01-04 16:21:06.620579: Epoch time: 53.06 s
2026-01-04 16:21:07.558059: 
2026-01-04 16:21:07.561300: Epoch 4
2026-01-04 16:21:07.563687: Current learning rate: 0.0001
2026-01-04 16:21:58.032083: train_loss 0.695
2026-01-04 16:21:58.035690: val_loss 0.7151
2026-01-04 16:21:58.037741: val classification accuracy 0.5
2026-01-04 16:21:58.039916: val auc 0.6788
2026-01-04 16:21:58.042091: Epoch time: 50.48 s
2026-01-04 16:21:58.043766: Yayy! New best EMA pseudo Dice: 0.6788
2026-01-04 16:22:04.570953: 
2026-01-04 16:22:04.574205: Epoch 5
2026-01-04 16:22:04.576321: Current learning rate: 0.0001
2026-01-04 16:22:56.263973: train_loss 0.702
2026-01-04 16:22:56.267314: val_loss 0.7188
2026-01-04 16:22:56.269495: val classification accuracy 0.4583
2026-01-04 16:22:56.271557: val auc 0.421
2026-01-04 16:22:56.273579: Epoch time: 51.69 s
2026-01-04 16:22:57.106201: 
2026-01-04 16:22:57.109256: Epoch 6
2026-01-04 16:22:57.111455: Current learning rate: 0.0001
2026-01-04 16:23:51.695276: train_loss 0.6891
2026-01-04 16:23:51.699720: val_loss 0.6983
2026-01-04 16:23:51.702444: val classification accuracy 0.5
2026-01-04 16:23:51.743192: val auc 0.5295
2026-01-04 16:23:51.798587: Epoch time: 54.59 s
2026-01-04 16:23:52.688434: 
2026-01-04 16:23:52.692938: Epoch 7
2026-01-04 16:23:52.695346: Current learning rate: 0.0001
2026-01-04 16:24:46.869976: train_loss 0.6879
2026-01-04 16:24:46.956166: val_loss 0.6897
2026-01-04 16:24:46.989815: val classification accuracy 0.5625
2026-01-04 16:24:47.007857: val auc 0.5417
2026-01-04 16:24:47.010734: Epoch time: 54.18 s
2026-01-04 16:24:47.012853: Yayy! New best classification accuracy: 0.5625
2026-01-04 16:24:53.483849: 
2026-01-04 16:24:53.487031: Epoch 8
2026-01-04 16:24:53.489370: Current learning rate: 0.0001
2026-01-04 16:25:44.236779: train_loss 0.6783
2026-01-04 16:25:44.240927: val_loss 0.738
2026-01-04 16:25:44.252731: val classification accuracy 0.4792
2026-01-04 16:25:44.255196: val auc 0.4219
2026-01-04 16:25:44.257780: Epoch time: 50.75 s
2026-01-04 16:25:45.063781: 
2026-01-04 16:25:45.066338: Epoch 9
2026-01-04 16:25:45.068031: Current learning rate: 0.0001
2026-01-04 16:26:44.390962: train_loss 0.6989
2026-01-04 16:26:44.426898: val_loss 0.6794
2026-01-04 16:26:44.430131: val classification accuracy 0.5
2026-01-04 16:26:44.433690: val auc 0.625
2026-01-04 16:26:44.437998: Epoch time: 59.33 s
2026-01-04 16:26:45.360528: 
2026-01-04 16:26:45.364003: Epoch 10
2026-01-04 16:26:45.366230: Current learning rate: 0.0001
2026-01-04 16:27:40.497126: train_loss 0.687
2026-01-04 16:27:40.509679: val_loss 0.6842
2026-01-04 16:27:40.512648: val classification accuracy 0.6042
2026-01-04 16:27:40.515556: val auc 0.5729
2026-01-04 16:27:40.524549: Epoch time: 55.14 s
2026-01-04 16:27:40.532584: Yayy! New best classification accuracy: 0.6042
2026-01-04 16:27:46.975970: 
2026-01-04 16:27:46.979166: Epoch 11
2026-01-04 16:27:46.981709: Current learning rate: 0.0001
2026-01-04 16:28:39.570390: train_loss 0.6773
2026-01-04 16:28:39.574777: val_loss 0.7217
2026-01-04 16:28:39.577420: val classification accuracy 0.4583
2026-01-04 16:28:39.580323: val auc 0.4149
2026-01-04 16:28:39.582796: Epoch time: 52.6 s
2026-01-04 16:28:40.415105: 
2026-01-04 16:28:40.418700: Epoch 12
2026-01-04 16:28:40.421276: Current learning rate: 0.0001
2026-01-04 16:29:35.724947: train_loss 0.6716
2026-01-04 16:29:35.734815: val_loss 0.7538
2026-01-04 16:29:35.737917: val classification accuracy 0.4375
2026-01-04 16:29:35.741127: val auc 0.4844
2026-01-04 16:29:35.744412: Epoch time: 55.31 s
2026-01-04 16:29:36.564803: 
2026-01-04 16:29:36.568550: Epoch 13
2026-01-04 16:29:36.571528: Current learning rate: 0.0001
2026-01-04 16:30:32.206782: train_loss 0.6913
2026-01-04 16:30:32.212995: val_loss 0.7573
2026-01-04 16:30:32.216236: val classification accuracy 0.4375
2026-01-04 16:30:32.219517: val auc 0.3854
2026-01-04 16:30:32.223111: Epoch time: 55.64 s
2026-01-04 16:30:33.048777: 
2026-01-04 16:30:33.052173: Epoch 14
2026-01-04 16:30:33.054835: Current learning rate: 0.0001
2026-01-04 16:31:29.265939: train_loss 0.6769
2026-01-04 16:31:29.271172: val_loss 0.6944
2026-01-04 16:31:29.273995: val classification accuracy 0.5208
2026-01-04 16:31:29.276546: val auc 0.5017
2026-01-04 16:31:29.279397: Epoch time: 56.22 s
2026-01-04 16:31:30.773273: 
2026-01-04 16:31:30.776573: Epoch 15
2026-01-04 16:31:30.779251: Current learning rate: 0.0001
2026-01-04 16:32:26.432308: train_loss 0.6793
2026-01-04 16:32:26.443343: val_loss 0.7351
2026-01-04 16:32:26.446292: val classification accuracy 0.4375
2026-01-04 16:32:26.450091: val auc 0.4306
2026-01-04 16:32:26.453784: Epoch time: 55.66 s
2026-01-04 16:32:27.293145: 
2026-01-04 16:32:27.296480: Epoch 16
2026-01-04 16:32:27.298882: Current learning rate: 0.0001
2026-01-04 16:33:23.802167: train_loss 0.674
2026-01-04 16:33:23.808540: val_loss 0.6615
2026-01-04 16:33:23.811919: val classification accuracy 0.5625
2026-01-04 16:33:23.815192: val auc 0.6198
2026-01-04 16:33:23.818209: Epoch time: 56.51 s
2026-01-04 16:33:24.632862: 
2026-01-04 16:33:24.636667: Epoch 17
2026-01-04 16:33:24.639411: Current learning rate: 9e-05
2026-01-04 16:34:23.932360: train_loss 0.6726
2026-01-04 16:34:23.948940: val_loss 0.7016
2026-01-04 16:34:23.968790: val classification accuracy 0.5
2026-01-04 16:34:23.972475: val auc 0.5061
2026-01-04 16:34:23.976157: Epoch time: 59.3 s
2026-01-04 16:34:24.794313: 
2026-01-04 16:34:24.797915: Epoch 18
2026-01-04 16:34:24.800384: Current learning rate: 9e-05
2026-01-04 16:35:22.360579: train_loss 0.6895
2026-01-04 16:35:22.381470: val_loss 0.6973
2026-01-04 16:35:22.384704: val classification accuracy 0.5417
2026-01-04 16:35:22.387730: val auc 0.5226
2026-01-04 16:35:22.390357: Epoch time: 57.57 s
2026-01-04 16:35:23.215476: 
2026-01-04 16:35:23.219122: Epoch 19
2026-01-04 16:35:23.221694: Current learning rate: 9e-05
2026-01-04 16:36:16.464968: train_loss 0.6803
2026-01-04 16:36:16.470828: val_loss 0.7344
2026-01-04 16:36:16.474266: val classification accuracy 0.4583
2026-01-04 16:36:16.477446: val auc 0.4167
2026-01-04 16:36:16.493271: Epoch time: 53.25 s
2026-01-04 16:36:21.996497: Saved periodic checkpoint /hpf/projects/jquon/sumin/nnUNet_data/nnUNet_results/Dataset033_AVM_T1+C/ViTTrainer_ep300_NoMirroring_x2__nnUNetResEncUNetLPlans__3d_fullres/fold_6/checkpoint_every20_best_balacc.pth at epoch 19 with val_balanced_accuracy=0.4583
2026-01-04 16:36:25.423599: Saved periodic checkpoint /hpf/projects/jquon/sumin/nnUNet_data/nnUNet_results/Dataset033_AVM_T1+C/ViTTrainer_ep300_NoMirroring_x2__nnUNetResEncUNetLPlans__3d_fullres/fold_6/checkpoint_every20_best_auroc.pth at epoch 19 with val_auc=0.4167
2026-01-04 16:36:26.205282: 
2026-01-04 16:36:26.208675: Epoch 20
2026-01-04 16:36:26.211342: Current learning rate: 9e-05
2026-01-04 16:37:19.703007: train_loss 0.6836
2026-01-04 16:37:19.707273: val_loss 0.6645
2026-01-04 16:37:19.710207: val classification accuracy 0.6042
2026-01-04 16:37:19.713027: val auc 0.6806
2026-01-04 16:37:19.715763: Epoch time: 53.5 s
2026-01-04 16:37:19.718180: Yayy! New best EMA pseudo Dice: 0.6806
2026-01-04 16:37:25.282545: 
2026-01-04 16:37:25.285803: Epoch 21
2026-01-04 16:37:25.288159: Current learning rate: 9e-05
2026-01-04 16:38:16.884633: train_loss 0.6794
2026-01-04 16:38:16.903391: val_loss 0.6809
2026-01-04 16:38:16.927722: val classification accuracy 0.6042
2026-01-04 16:38:16.931444: val auc 0.6128
2026-01-04 16:38:16.934432: Epoch time: 51.6 s
2026-01-04 16:38:17.803393: 
2026-01-04 16:38:17.807034: Epoch 22
2026-01-04 16:38:17.809610: Current learning rate: 9e-05
2026-01-04 16:39:10.757373: train_loss 0.6826
2026-01-04 16:39:10.762114: val_loss 0.6643
2026-01-04 16:39:10.765399: val classification accuracy 0.6458
2026-01-04 16:39:10.768514: val auc 0.6675
2026-01-04 16:39:10.771174: Epoch time: 52.96 s
2026-01-04 16:39:10.773681: Yayy! New best classification accuracy: 0.6458
2026-01-04 16:39:17.195457: 
2026-01-04 16:39:17.199088: Epoch 23
2026-01-04 16:39:17.201416: Current learning rate: 9e-05
2026-01-04 16:40:09.454036: train_loss 0.683
2026-01-04 16:40:09.470989: val_loss 0.7444
2026-01-04 16:40:09.487232: val classification accuracy 0.5
2026-01-04 16:40:09.490388: val auc 0.4271
2026-01-04 16:40:09.493160: Epoch time: 52.26 s
2026-01-04 16:40:10.395741: 
2026-01-04 16:40:10.399521: Epoch 24
2026-01-04 16:40:10.402019: Current learning rate: 9e-05
2026-01-04 16:41:07.679721: train_loss 0.7037
2026-01-04 16:41:07.685922: val_loss 0.7044
2026-01-04 16:41:07.689789: val classification accuracy 0.4375
2026-01-04 16:41:07.693475: val auc 0.5312
2026-01-04 16:41:07.696791: Epoch time: 57.29 s
2026-01-04 16:41:08.520240: 
2026-01-04 16:41:08.528370: Epoch 25
2026-01-04 16:41:08.531410: Current learning rate: 9e-05
2026-01-04 16:42:06.749772: train_loss 0.6774
2026-01-04 16:42:06.758238: val_loss 0.697
2026-01-04 16:42:06.761181: val classification accuracy 0.5208
2026-01-04 16:42:06.766552: val auc 0.5087
2026-01-04 16:42:06.769473: Epoch time: 58.23 s
2026-01-04 16:42:07.597547: 
2026-01-04 16:42:07.602738: Epoch 26
2026-01-04 16:42:07.605448: Current learning rate: 9e-05
2026-01-04 16:43:05.725406: train_loss 0.6878
2026-01-04 16:43:05.729947: val_loss 0.6896
2026-01-04 16:43:05.733956: val classification accuracy 0.5625
2026-01-04 16:43:05.736799: val auc 0.5391
2026-01-04 16:43:05.739509: Epoch time: 58.13 s
2026-01-04 16:43:06.567364: 
2026-01-04 16:43:06.571179: Epoch 27
2026-01-04 16:43:06.573703: Current learning rate: 9e-05
2026-01-04 16:44:02.317904: train_loss 0.6879
2026-01-04 16:44:02.324730: val_loss 0.6759
2026-01-04 16:44:02.328258: val classification accuracy 0.4792
2026-01-04 16:44:02.331732: val auc 0.5469
2026-01-04 16:44:02.335425: Epoch time: 55.75 s
2026-01-04 16:44:03.891602: 
2026-01-04 16:44:03.895096: Epoch 28
2026-01-04 16:44:03.897549: Current learning rate: 9e-05
2026-01-04 16:44:59.505023: train_loss 0.6717
2026-01-04 16:44:59.510530: val_loss 0.6511
2026-01-04 16:44:59.514018: val classification accuracy 0.625
2026-01-04 16:44:59.516867: val auc 0.7031
2026-01-04 16:44:59.520033: Epoch time: 55.61 s
2026-01-04 16:44:59.534110: Yayy! New best EMA pseudo Dice: 0.7031
2026-01-04 16:45:05.854159: 
2026-01-04 16:45:05.857593: Epoch 29
2026-01-04 16:45:05.859943: Current learning rate: 9e-05
2026-01-04 16:45:58.434423: train_loss 0.6735
2026-01-04 16:45:58.453615: val_loss 0.7099
2026-01-04 16:45:58.458159: val classification accuracy 0.3958
2026-01-04 16:45:58.461377: val auc 0.4392
2026-01-04 16:45:58.464381: Epoch time: 52.58 s
2026-01-04 16:45:59.334045: 
2026-01-04 16:45:59.338120: Epoch 30
2026-01-04 16:45:59.340736: Current learning rate: 9e-05
2026-01-04 16:46:53.769299: train_loss 0.6826
2026-01-04 16:46:53.820361: val_loss 0.7033
2026-01-04 16:46:53.823820: val classification accuracy 0.5208
2026-01-04 16:46:53.831207: val auc 0.513
2026-01-04 16:46:53.834685: Epoch time: 54.44 s
2026-01-04 16:46:54.678938: 
2026-01-04 16:46:54.682840: Epoch 31
2026-01-04 16:46:54.685685: Current learning rate: 9e-05
2026-01-04 16:47:47.789569: train_loss 0.6801
2026-01-04 16:47:47.794069: val_loss 0.6561
2026-01-04 16:47:47.797090: val classification accuracy 0.625
2026-01-04 16:47:47.800188: val auc 0.7005
2026-01-04 16:47:47.811319: Epoch time: 53.11 s
2026-01-04 16:47:48.710185: 
2026-01-04 16:47:48.713253: Epoch 32
2026-01-04 16:47:48.715853: Current learning rate: 9e-05
2026-01-04 16:48:44.062180: train_loss 0.6837
2026-01-04 16:48:44.137576: val_loss 0.7058
2026-01-04 16:48:44.148284: val classification accuracy 0.4583
2026-01-04 16:48:44.152276: val auc 0.4983
2026-01-04 16:48:44.158067: Epoch time: 55.35 s
2026-01-04 16:48:45.013784: 
2026-01-04 16:48:45.017814: Epoch 33
2026-01-04 16:48:45.020400: Current learning rate: 9e-05
2026-01-04 16:49:41.824976: train_loss 0.688
2026-01-04 16:49:41.849410: val_loss 0.6706
2026-01-04 16:49:41.853928: val classification accuracy 0.6042
2026-01-04 16:49:41.856779: val auc 0.6354
2026-01-04 16:49:41.859468: Epoch time: 56.81 s
2026-01-04 16:49:42.680233: 
2026-01-04 16:49:42.684657: Epoch 34
2026-01-04 16:49:42.687391: Current learning rate: 9e-05
2026-01-04 16:50:38.388533: train_loss 0.6871
2026-01-04 16:50:38.392954: val_loss 0.7097
2026-01-04 16:50:38.395478: val classification accuracy 0.5
2026-01-04 16:50:38.397759: val auc 0.4523
2026-01-04 16:50:38.413517: Epoch time: 55.71 s
2026-01-04 16:50:39.286960: 
2026-01-04 16:50:39.290283: Epoch 35
2026-01-04 16:50:39.292583: Current learning rate: 9e-05
2026-01-04 16:51:35.064664: train_loss 0.6637
2026-01-04 16:51:35.068990: val_loss 0.69
2026-01-04 16:51:35.071668: val classification accuracy 0.4375
2026-01-04 16:51:35.074018: val auc 0.5061
2026-01-04 16:51:35.076485: Epoch time: 55.78 s
2026-01-04 16:51:35.978109: 
2026-01-04 16:51:35.981867: Epoch 36
2026-01-04 16:51:35.984614: Current learning rate: 9e-05
2026-01-04 16:52:29.991754: train_loss 0.6907
2026-01-04 16:52:29.997394: val_loss 0.7056
2026-01-04 16:52:30.000155: val classification accuracy 0.5417
2026-01-04 16:52:30.002842: val auc 0.4748
2026-01-04 16:52:30.006312: Epoch time: 54.01 s
2026-01-04 16:52:30.893273: 
2026-01-04 16:52:30.897202: Epoch 37
2026-01-04 16:52:30.899925: Current learning rate: 9e-05
2026-01-04 16:53:26.800016: train_loss 0.6545
2026-01-04 16:53:26.816871: val_loss 0.6753
2026-01-04 16:53:26.820425: val classification accuracy 0.5833
2026-01-04 16:53:26.837399: val auc 0.6319
2026-01-04 16:53:26.840922: Epoch time: 55.91 s
2026-01-04 16:53:27.676459: 
2026-01-04 16:53:27.679957: Epoch 38
2026-01-04 16:53:27.682391: Current learning rate: 9e-05
2026-01-04 16:54:19.560042: train_loss 0.679
2026-01-04 16:54:19.564513: val_loss 0.7206
2026-01-04 16:54:19.567761: val classification accuracy 0.5417
2026-01-04 16:54:19.570815: val auc 0.4905
2026-01-04 16:54:19.582459: Epoch time: 51.88 s
2026-01-04 16:54:20.400409: 
2026-01-04 16:54:20.404234: Epoch 39
2026-01-04 16:54:20.406756: Current learning rate: 9e-05
2026-01-04 16:55:12.697846: train_loss 0.6791
2026-01-04 16:55:12.719838: val_loss 0.7036
2026-01-04 16:55:12.723805: val classification accuracy 0.4583
2026-01-04 16:55:12.741991: val auc 0.4661
2026-01-04 16:55:12.752001: Epoch time: 52.3 s
2026-01-04 16:55:18.195679: Saved periodic checkpoint /hpf/projects/jquon/sumin/nnUNet_data/nnUNet_results/Dataset033_AVM_T1+C/ViTTrainer_ep300_NoMirroring_x2__nnUNetResEncUNetLPlans__3d_fullres/fold_6/checkpoint_every20_best_auroc.pth at epoch 39 with val_auc=0.4661
2026-01-04 16:55:18.929689: 
2026-01-04 16:55:18.932888: Epoch 40
2026-01-04 16:55:18.935435: Current learning rate: 9e-05
2026-01-04 16:56:12.117983: train_loss 0.6756
2026-01-04 16:56:12.142011: val_loss 0.6652
2026-01-04 16:56:12.145583: val classification accuracy 0.6042
2026-01-04 16:56:12.148662: val auc 0.6198
2026-01-04 16:56:12.156243: Epoch time: 53.19 s
2026-01-04 16:56:13.801164: 
2026-01-04 16:56:13.804650: Epoch 41
2026-01-04 16:56:13.807206: Current learning rate: 9e-05
2026-01-04 16:57:11.289797: train_loss 0.6761
2026-01-04 16:57:11.293939: val_loss 0.7022
2026-01-04 16:57:11.297030: val classification accuracy 0.4167
2026-01-04 16:57:11.300014: val auc 0.5174
2026-01-04 16:57:11.303050: Epoch time: 57.49 s
2026-01-04 16:57:12.240615: 
2026-01-04 16:57:12.245900: Epoch 42
2026-01-04 16:57:12.249264: Current learning rate: 9e-05
2026-01-04 16:58:06.344584: train_loss 0.6627
2026-01-04 16:58:06.379106: val_loss 0.6908
2026-01-04 16:58:06.383263: val classification accuracy 0.625
2026-01-04 16:58:06.385955: val auc 0.5686
2026-01-04 16:58:06.400432: Epoch time: 54.11 s
2026-01-04 16:58:07.254638: 
2026-01-04 16:58:07.258092: Epoch 43
2026-01-04 16:58:07.260568: Current learning rate: 9e-05
2026-01-04 16:59:01.328717: train_loss 0.6997
2026-01-04 16:59:01.350255: val_loss 0.7336
2026-01-04 16:59:01.353890: val classification accuracy 0.5208
2026-01-04 16:59:01.357165: val auc 0.526
2026-01-04 16:59:01.360357: Epoch time: 54.08 s
2026-01-04 16:59:02.255518: 
2026-01-04 16:59:02.259249: Epoch 44
2026-01-04 16:59:02.262041: Current learning rate: 9e-05
2026-01-04 16:59:58.946081: train_loss 0.6809
2026-01-04 16:59:58.952076: val_loss 0.722
2026-01-04 16:59:58.983459: val classification accuracy 0.4583
2026-01-04 16:59:58.987100: val auc 0.4358
2026-01-04 16:59:58.990071: Epoch time: 56.69 s
2026-01-04 16:59:59.841590: 
2026-01-04 16:59:59.845455: Epoch 45
2026-01-04 16:59:59.848456: Current learning rate: 9e-05
2026-01-04 17:00:53.137118: train_loss 0.6628
2026-01-04 17:00:53.141635: val_loss 0.6812
2026-01-04 17:00:53.145371: val classification accuracy 0.5833
2026-01-04 17:00:53.148544: val auc 0.5686
2026-01-04 17:00:53.190138: Epoch time: 53.3 s
2026-01-04 17:00:54.049184: 
2026-01-04 17:00:54.053575: Epoch 46
2026-01-04 17:00:54.056287: Current learning rate: 9e-05
2026-01-04 17:01:49.352114: train_loss 0.6834
2026-01-04 17:01:49.441050: val_loss 0.6924
2026-01-04 17:01:49.445555: val classification accuracy 0.4167
2026-01-04 17:01:49.448663: val auc 0.5035
2026-01-04 17:01:49.451741: Epoch time: 55.3 s
2026-01-04 17:01:50.429944: 
2026-01-04 17:01:50.433405: Epoch 47
2026-01-04 17:01:50.435951: Current learning rate: 9e-05
2026-01-04 17:02:46.291998: train_loss 0.6791
2026-01-04 17:02:46.297845: val_loss 0.7188
2026-01-04 17:02:46.300927: val classification accuracy 0.5
2026-01-04 17:02:46.303779: val auc 0.4913
2026-01-04 17:02:46.307184: Epoch time: 55.86 s
2026-01-04 17:02:47.136563: 
2026-01-04 17:02:47.140675: Epoch 48
2026-01-04 17:02:47.144032: Current learning rate: 9e-05
2026-01-04 17:03:44.415251: train_loss 0.6806
2026-01-04 17:03:44.422215: val_loss 0.727
2026-01-04 17:03:44.425884: val classification accuracy 0.5208
2026-01-04 17:03:44.430187: val auc 0.4809
2026-01-04 17:03:44.433364: Epoch time: 57.28 s
2026-01-04 17:03:45.293676: 
2026-01-04 17:03:45.297239: Epoch 49
2026-01-04 17:03:45.299862: Current learning rate: 9e-05
2026-01-04 17:04:40.404071: train_loss 0.6724
2026-01-04 17:04:40.449276: val_loss 0.6872
2026-01-04 17:04:40.453115: val classification accuracy 0.5208
2026-01-04 17:04:40.456426: val auc 0.5573
2026-01-04 17:04:40.460121: Epoch time: 55.11 s
2026-01-04 17:04:41.367295: 
2026-01-04 17:04:41.373049: Epoch 50
2026-01-04 17:04:41.375636: Current learning rate: 8e-05
2026-01-04 17:05:35.036222: train_loss 0.6804
2026-01-04 17:05:35.043778: val_loss 0.6773
2026-01-04 17:05:35.046884: val classification accuracy 0.5208
2026-01-04 17:05:35.050032: val auc 0.6076
2026-01-04 17:05:35.053562: Epoch time: 53.67 s
2026-01-04 17:05:35.884516: 
2026-01-04 17:05:35.888777: Epoch 51
2026-01-04 17:05:35.891426: Current learning rate: 8e-05
2026-01-04 17:06:30.972302: train_loss 0.6778
2026-01-04 17:06:30.988684: val_loss 0.6783
2026-01-04 17:06:31.016255: val classification accuracy 0.5208
2026-01-04 17:06:31.019241: val auc 0.6285
2026-01-04 17:06:31.021961: Epoch time: 55.09 s
2026-01-04 17:06:31.874514: 
2026-01-04 17:06:31.878010: Epoch 52
2026-01-04 17:06:31.881040: Current learning rate: 8e-05
2026-01-04 17:07:23.618082: train_loss 0.6743
2026-01-04 17:07:23.622907: val_loss 0.7434
2026-01-04 17:07:23.625963: val classification accuracy 0.5208
2026-01-04 17:07:23.628720: val auc 0.4236
2026-01-04 17:07:23.631613: Epoch time: 51.74 s
2026-01-04 17:07:24.494261: 
2026-01-04 17:07:24.497690: Epoch 53
2026-01-04 17:07:24.500744: Current learning rate: 8e-05
2026-01-04 17:08:18.554646: train_loss 0.6572
2026-01-04 17:08:18.559565: val_loss 0.6521
2026-01-04 17:08:18.565671: val classification accuracy 0.5833
2026-01-04 17:08:18.596839: val auc 0.6311
2026-01-04 17:08:18.649395: Epoch time: 54.06 s
2026-01-04 17:08:19.472629: 
2026-01-04 17:08:19.477521: Epoch 54
2026-01-04 17:08:19.480764: Current learning rate: 8e-05
2026-01-04 17:09:15.875316: train_loss 0.6738
2026-01-04 17:09:15.881828: val_loss 0.7073
2026-01-04 17:09:15.886121: val classification accuracy 0.4583
2026-01-04 17:09:15.898603: val auc 0.5069
2026-01-04 17:09:15.902437: Epoch time: 56.4 s
2026-01-04 17:09:17.632069: 
2026-01-04 17:09:17.636143: Epoch 55
2026-01-04 17:09:17.638975: Current learning rate: 8e-05
2026-01-04 17:10:12.438856: train_loss 0.6867
2026-01-04 17:10:12.472166: val_loss 0.666
2026-01-04 17:10:12.485565: val classification accuracy 0.5208
2026-01-04 17:10:12.489276: val auc 0.6467
2026-01-04 17:10:12.502998: Epoch time: 54.81 s
2026-01-04 17:10:13.339819: 
2026-01-04 17:10:13.343505: Epoch 56
2026-01-04 17:10:13.346445: Current learning rate: 8e-05
2026-01-04 17:11:05.536929: train_loss 0.6685
2026-01-04 17:11:05.541749: val_loss 0.6956
2026-01-04 17:11:05.545208: val classification accuracy 0.5208
2026-01-04 17:11:05.548017: val auc 0.5304
2026-01-04 17:11:05.552556: Epoch time: 52.2 s
2026-01-04 17:11:06.360884: 
2026-01-04 17:11:06.365359: Epoch 57
2026-01-04 17:11:06.368783: Current learning rate: 8e-05
2026-01-04 17:12:04.594154: train_loss 0.673
2026-01-04 17:12:04.598884: val_loss 0.691
2026-01-04 17:12:04.601436: val classification accuracy 0.5625
2026-01-04 17:12:04.604074: val auc 0.5304
2026-01-04 17:12:04.606745: Epoch time: 58.23 s
2026-01-04 17:12:05.503017: 
2026-01-04 17:12:05.506850: Epoch 58
2026-01-04 17:12:05.509323: Current learning rate: 8e-05
2026-01-04 17:12:59.274700: train_loss 0.6572
2026-01-04 17:12:59.280443: val_loss 0.677
2026-01-04 17:12:59.284003: val classification accuracy 0.5417
2026-01-04 17:12:59.287245: val auc 0.5712
2026-01-04 17:12:59.290512: Epoch time: 53.77 s
2026-01-04 17:13:00.222827: 
2026-01-04 17:13:00.226510: Epoch 59
2026-01-04 17:13:00.229063: Current learning rate: 8e-05
2026-01-04 17:13:54.505824: train_loss 0.6732
2026-01-04 17:13:54.510736: val_loss 0.7562
2026-01-04 17:13:54.527926: val classification accuracy 0.5208
2026-01-04 17:13:54.550927: val auc 0.4774
2026-01-04 17:13:54.553949: Epoch time: 54.28 s
2026-01-04 17:14:00.344936: Saved periodic checkpoint /hpf/projects/jquon/sumin/nnUNet_data/nnUNet_results/Dataset033_AVM_T1+C/ViTTrainer_ep300_NoMirroring_x2__nnUNetResEncUNetLPlans__3d_fullres/fold_6/checkpoint_every20_best_balacc.pth at epoch 59 with val_balanced_accuracy=0.5208
2026-01-04 17:14:04.081698: Saved periodic checkpoint /hpf/projects/jquon/sumin/nnUNet_data/nnUNet_results/Dataset033_AVM_T1+C/ViTTrainer_ep300_NoMirroring_x2__nnUNetResEncUNetLPlans__3d_fullres/fold_6/checkpoint_every20_best_auroc.pth at epoch 59 with val_auc=0.4774
2026-01-04 17:14:04.845230: 
2026-01-04 17:14:04.848547: Epoch 60
2026-01-04 17:14:04.851081: Current learning rate: 8e-05
2026-01-04 17:14:53.243674: train_loss 0.6576
2026-01-04 17:14:53.255396: val_loss 0.7184
2026-01-04 17:14:53.261127: val classification accuracy 0.5625
2026-01-04 17:14:53.272643: val auc 0.5017
2026-01-04 17:14:53.277404: Epoch time: 48.4 s
2026-01-04 17:14:54.091969: 
2026-01-04 17:14:54.095286: Epoch 61
2026-01-04 17:14:54.097752: Current learning rate: 8e-05
2026-01-04 17:15:45.767305: train_loss 0.6758
2026-01-04 17:15:45.777066: val_loss 0.6716
2026-01-04 17:15:45.780564: val classification accuracy 0.5208
2026-01-04 17:15:45.783732: val auc 0.6024
2026-01-04 17:15:45.786532: Epoch time: 51.68 s
2026-01-04 17:15:46.657284: 
2026-01-04 17:15:46.660994: Epoch 62
2026-01-04 17:15:46.663616: Current learning rate: 8e-05
2026-01-04 17:16:43.153331: train_loss 0.6564
2026-01-04 17:16:43.167101: val_loss 0.7136
2026-01-04 17:16:43.170738: val classification accuracy 0.4375
2026-01-04 17:16:43.173998: val auc 0.4861
2026-01-04 17:16:43.177808: Epoch time: 56.5 s
2026-01-04 17:16:44.012777: 
2026-01-04 17:16:44.016679: Epoch 63
2026-01-04 17:16:44.020244: Current learning rate: 8e-05
2026-01-04 17:17:40.393055: train_loss 0.6583
2026-01-04 17:17:40.398434: val_loss 0.735
2026-01-04 17:17:40.401858: val classification accuracy 0.4375
2026-01-04 17:17:40.404893: val auc 0.401
2026-01-04 17:17:40.408164: Epoch time: 56.38 s
2026-01-04 17:17:41.225568: 
2026-01-04 17:17:41.230189: Epoch 64
2026-01-04 17:17:41.233360: Current learning rate: 8e-05
2026-01-04 17:18:34.880375: train_loss 0.6899
2026-01-04 17:18:34.902307: val_loss 0.6678
2026-01-04 17:18:34.905694: val classification accuracy 0.5208
2026-01-04 17:18:34.908871: val auc 0.5616
2026-01-04 17:18:34.912112: Epoch time: 53.66 s
2026-01-04 17:18:35.845403: 
2026-01-04 17:18:35.848855: Epoch 65
2026-01-04 17:18:35.851304: Current learning rate: 8e-05
2026-01-04 17:19:32.084700: train_loss 0.6591
2026-01-04 17:19:32.090834: val_loss 0.7522
2026-01-04 17:19:32.093546: val classification accuracy 0.5
2026-01-04 17:19:32.096241: val auc 0.421
2026-01-04 17:19:32.099067: Epoch time: 56.24 s
2026-01-04 17:19:32.948310: 
2026-01-04 17:19:32.952600: Epoch 66
2026-01-04 17:19:32.955283: Current learning rate: 8e-05
2026-01-04 17:20:31.995994: train_loss 0.6822
2026-01-04 17:20:32.016341: val_loss 0.7076
2026-01-04 17:20:32.019746: val classification accuracy 0.5417
2026-01-04 17:20:32.022424: val auc 0.6102
2026-01-04 17:20:32.025366: Epoch time: 59.05 s
2026-01-04 17:20:32.847458: 
2026-01-04 17:20:32.851202: Epoch 67
2026-01-04 17:20:32.853716: Current learning rate: 8e-05
2026-01-04 17:21:24.906112: train_loss 0.6686
2026-01-04 17:21:24.925351: val_loss 0.6612
2026-01-04 17:21:24.928956: val classification accuracy 0.4792
2026-01-04 17:21:24.932809: val auc 0.5851
2026-01-04 17:21:24.935895: Epoch time: 52.06 s
2026-01-04 17:21:25.753012: 
2026-01-04 17:21:25.756684: Epoch 68
2026-01-04 17:21:25.759496: Current learning rate: 8e-05
2026-01-04 17:22:18.740909: train_loss 0.6924
2026-01-04 17:22:18.767471: val_loss 0.6935
2026-01-04 17:22:18.770770: val classification accuracy 0.5208
2026-01-04 17:22:18.774842: val auc 0.5312
2026-01-04 17:22:18.778089: Epoch time: 52.99 s
2026-01-04 17:22:19.601165: 
2026-01-04 17:22:19.604677: Epoch 69
2026-01-04 17:22:19.607412: Current learning rate: 8e-05
2026-01-04 17:23:13.763207: train_loss 0.668
2026-01-04 17:23:13.768030: val_loss 0.7165
2026-01-04 17:23:13.771363: val classification accuracy 0.3958
2026-01-04 17:23:13.774449: val auc 0.4766
2026-01-04 17:23:13.777397: Epoch time: 54.16 s
2026-01-04 17:23:14.674012: 
2026-01-04 17:23:14.677428: Epoch 70
2026-01-04 17:23:14.679996: Current learning rate: 8e-05
2026-01-04 17:24:10.914637: train_loss 0.6562
2026-01-04 17:24:10.919415: val_loss 0.7117
2026-01-04 17:24:10.922354: val classification accuracy 0.5833
2026-01-04 17:24:10.925257: val auc 0.4644
2026-01-04 17:24:10.928123: Epoch time: 56.24 s
2026-01-04 17:24:11.785653: 
2026-01-04 17:24:11.789349: Epoch 71
2026-01-04 17:24:11.792076: Current learning rate: 8e-05
2026-01-04 17:25:06.493003: train_loss 0.6549
2026-01-04 17:25:06.498261: val_loss 0.6452
2026-01-04 17:25:06.501351: val classification accuracy 0.625
2026-01-04 17:25:06.504160: val auc 0.6536
2026-01-04 17:25:06.517054: Epoch time: 54.71 s
2026-01-04 17:25:07.371484: 
2026-01-04 17:25:07.374903: Epoch 72
2026-01-04 17:25:07.377403: Current learning rate: 8e-05
2026-01-04 17:26:02.041689: train_loss 0.6822
2026-01-04 17:26:02.046261: val_loss 0.7135
2026-01-04 17:26:02.049157: val classification accuracy 0.4167
2026-01-04 17:26:02.052222: val auc 0.4366
2026-01-04 17:26:02.055410: Epoch time: 54.67 s
2026-01-04 17:26:02.888669: 
2026-01-04 17:26:02.892184: Epoch 73
2026-01-04 17:26:02.894556: Current learning rate: 8e-05
2026-01-04 17:26:58.570719: train_loss 0.6497
2026-01-04 17:26:58.586079: val_loss 0.6676
2026-01-04 17:26:58.602430: val classification accuracy 0.5833
2026-01-04 17:26:58.605266: val auc 0.6788
2026-01-04 17:26:58.609455: Epoch time: 55.68 s
2026-01-04 17:26:59.452426: 
2026-01-04 17:26:59.455825: Epoch 74
2026-01-04 17:26:59.458232: Current learning rate: 8e-05
2026-01-04 17:27:54.987055: train_loss 0.6829
2026-01-04 17:27:55.002179: val_loss 0.7462
2026-01-04 17:27:55.058085: val classification accuracy 0.4375
2026-01-04 17:27:55.071771: val auc 0.4696
2026-01-04 17:27:55.075661: Epoch time: 55.54 s
2026-01-04 17:27:55.948883: 
2026-01-04 17:27:55.952490: Epoch 75
2026-01-04 17:27:55.955174: Current learning rate: 8e-05
2026-01-04 17:28:46.909739: train_loss 0.6792
2026-01-04 17:28:46.954045: val_loss 0.701
2026-01-04 17:28:46.958032: val classification accuracy 0.5
2026-01-04 17:28:46.961528: val auc 0.5278
2026-01-04 17:28:46.965220: Epoch time: 50.96 s
2026-01-04 17:28:47.795448: 
2026-01-04 17:28:47.799967: Epoch 76
2026-01-04 17:28:47.802895: Current learning rate: 8e-05
2026-01-04 17:29:45.150992: train_loss 0.6794
2026-01-04 17:29:45.177079: val_loss 0.7142
2026-01-04 17:29:45.180321: val classification accuracy 0.5208
2026-01-04 17:29:45.183311: val auc 0.5009
2026-01-04 17:29:45.186344: Epoch time: 57.36 s
2026-01-04 17:29:46.049872: 
2026-01-04 17:29:46.053383: Epoch 77
2026-01-04 17:29:46.055834: Current learning rate: 8e-05
2026-01-04 17:30:40.961802: train_loss 0.6673
2026-01-04 17:30:40.969685: val_loss 0.6673
2026-01-04 17:30:40.986004: val classification accuracy 0.5208
2026-01-04 17:30:40.990591: val auc 0.625
2026-01-04 17:30:40.993995: Epoch time: 54.91 s
2026-01-04 17:30:41.831324: 
2026-01-04 17:30:41.834934: Epoch 78
2026-01-04 17:30:41.837479: Current learning rate: 8e-05
2026-01-04 17:31:35.482018: train_loss 0.6586
2026-01-04 17:31:35.488173: val_loss 0.7285
2026-01-04 17:31:35.491817: val classification accuracy 0.5
2026-01-04 17:31:35.494668: val auc 0.5503
2026-01-04 17:31:35.497493: Epoch time: 53.65 s
2026-01-04 17:31:36.386182: 
2026-01-04 17:31:36.389553: Epoch 79
2026-01-04 17:31:36.392241: Current learning rate: 8e-05
2026-01-04 17:32:31.767461: train_loss 0.6578
2026-01-04 17:32:31.783090: val_loss 0.7206
2026-01-04 17:32:31.786820: val classification accuracy 0.4375
2026-01-04 17:32:31.790125: val auc 0.5174
2026-01-04 17:32:31.793257: Epoch time: 55.38 s
2026-01-04 17:32:37.235362: Saved periodic checkpoint /hpf/projects/jquon/sumin/nnUNet_data/nnUNet_results/Dataset033_AVM_T1+C/ViTTrainer_ep300_NoMirroring_x2__nnUNetResEncUNetLPlans__3d_fullres/fold_6/checkpoint_every20_best_auroc.pth at epoch 79 with val_auc=0.5174
2026-01-04 17:32:38.055689: 
2026-01-04 17:32:38.059144: Epoch 80
2026-01-04 17:32:38.061531: Current learning rate: 8e-05
2026-01-04 17:33:30.455432: train_loss 0.691
2026-01-04 17:33:30.460826: val_loss 0.7123
2026-01-04 17:33:30.463991: val classification accuracy 0.4583
2026-01-04 17:33:30.467192: val auc 0.5
2026-01-04 17:33:30.470168: Epoch time: 52.4 s
2026-01-04 17:33:31.322981: 
2026-01-04 17:33:31.326963: Epoch 81
2026-01-04 17:33:31.329828: Current learning rate: 8e-05
2026-01-04 17:34:23.635758: train_loss 0.6595
2026-01-04 17:34:23.642211: val_loss 0.6985
2026-01-04 17:34:23.645401: val classification accuracy 0.4792
2026-01-04 17:34:23.648442: val auc 0.5451
2026-01-04 17:34:23.651538: Epoch time: 52.31 s
2026-01-04 17:34:25.266649: 
2026-01-04 17:34:25.270274: Epoch 82
2026-01-04 17:34:25.272772: Current learning rate: 8e-05
2026-01-04 17:35:19.182986: train_loss 0.6837
2026-01-04 17:35:19.188042: val_loss 0.7603
2026-01-04 17:35:19.191066: val classification accuracy 0.4792
2026-01-04 17:35:19.193950: val auc 0.4158
2026-01-04 17:35:19.196442: Epoch time: 53.92 s
2026-01-04 17:35:20.016885: 
2026-01-04 17:35:20.021191: Epoch 83
2026-01-04 17:35:20.024250: Current learning rate: 7e-05
2026-01-04 17:36:12.477305: train_loss 0.6598
2026-01-04 17:36:12.482911: val_loss 0.7709
2026-01-04 17:36:12.485894: val classification accuracy 0.3958
2026-01-04 17:36:12.488740: val auc 0.3602
2026-01-04 17:36:12.491635: Epoch time: 52.46 s
2026-01-04 17:36:13.355458: 
2026-01-04 17:36:13.359207: Epoch 84
2026-01-04 17:36:13.361912: Current learning rate: 7e-05
2026-01-04 17:37:07.428516: train_loss 0.685
2026-01-04 17:37:07.434971: val_loss 0.7176
2026-01-04 17:37:07.437798: val classification accuracy 0.4375
2026-01-04 17:37:07.440429: val auc 0.467
2026-01-04 17:37:07.443044: Epoch time: 54.07 s
2026-01-04 17:37:08.255377: 
2026-01-04 17:37:08.259185: Epoch 85
2026-01-04 17:37:08.261819: Current learning rate: 7e-05
2026-01-04 17:37:59.926557: train_loss 0.6927
2026-01-04 17:37:59.931380: val_loss 0.6874
2026-01-04 17:37:59.934161: val classification accuracy 0.5625
2026-01-04 17:37:59.936763: val auc 0.5295
2026-01-04 17:37:59.939280: Epoch time: 51.67 s
2026-01-04 17:38:00.869517: 
2026-01-04 17:38:00.873647: Epoch 86
2026-01-04 17:38:00.877506: Current learning rate: 7e-05
2026-01-04 17:38:57.596759: train_loss 0.6753
2026-01-04 17:38:57.601772: val_loss 0.6794
2026-01-04 17:38:57.604561: val classification accuracy 0.5208
2026-01-04 17:38:57.608866: val auc 0.5738
2026-01-04 17:38:57.629567: Epoch time: 56.73 s
2026-01-04 17:38:58.506193: 
2026-01-04 17:38:58.509841: Epoch 87
2026-01-04 17:38:58.512472: Current learning rate: 7e-05
2026-01-04 17:39:51.828242: train_loss 0.6669
2026-01-04 17:39:51.834573: val_loss 0.694
2026-01-04 17:39:51.838561: val classification accuracy 0.5625
2026-01-04 17:39:51.855219: val auc 0.5347
2026-01-04 17:39:51.883539: Epoch time: 53.32 s
2026-01-04 17:39:52.677621: 
2026-01-04 17:39:52.680964: Epoch 88
2026-01-04 17:39:52.683347: Current learning rate: 7e-05
2026-01-04 17:40:47.620770: train_loss 0.6651
2026-01-04 17:40:47.625506: val_loss 0.7095
2026-01-04 17:40:47.628747: val classification accuracy 0.5208
2026-01-04 17:40:47.641212: val auc 0.5208
2026-01-04 17:40:47.644118: Epoch time: 54.94 s
2026-01-04 17:40:48.518740: 
2026-01-04 17:40:48.525233: Epoch 89
2026-01-04 17:40:48.530074: Current learning rate: 7e-05
2026-01-04 17:41:46.320808: train_loss 0.6423
2026-01-04 17:41:46.360512: val_loss 0.7113
2026-01-04 17:41:46.364570: val classification accuracy 0.4792
2026-01-04 17:41:46.368085: val auc 0.5026
2026-01-04 17:41:46.371869: Epoch time: 57.81 s
2026-01-04 17:41:47.218599: 
2026-01-04 17:41:47.222282: Epoch 90
2026-01-04 17:41:47.224966: Current learning rate: 7e-05
2026-01-04 17:42:44.616918: train_loss 0.6563
2026-01-04 17:42:44.624558: val_loss 0.6887
2026-01-04 17:42:44.629556: val classification accuracy 0.5833
2026-01-04 17:42:44.633032: val auc 0.605
2026-01-04 17:42:44.636293: Epoch time: 57.4 s
2026-01-04 17:42:45.494389: 
2026-01-04 17:42:45.498543: Epoch 91
2026-01-04 17:42:45.501429: Current learning rate: 7e-05
2026-01-04 17:43:41.176138: train_loss 0.6546
2026-01-04 17:43:41.182257: val_loss 0.6407
2026-01-04 17:43:41.185903: val classification accuracy 0.6042
2026-01-04 17:43:41.188953: val auc 0.6536
2026-01-04 17:43:41.192298: Epoch time: 55.68 s
2026-01-04 17:43:42.135859: 
2026-01-04 17:43:42.139690: Epoch 92
2026-01-04 17:43:42.142676: Current learning rate: 7e-05
2026-01-04 17:44:37.950505: train_loss 0.6451
2026-01-04 17:44:37.956178: val_loss 0.6656
2026-01-04 17:44:37.959710: val classification accuracy 0.6458
2026-01-04 17:44:37.962977: val auc 0.6267
2026-01-04 17:44:37.966117: Epoch time: 55.82 s
2026-01-04 17:44:38.881852: 
2026-01-04 17:44:38.885971: Epoch 93
2026-01-04 17:44:38.888934: Current learning rate: 7e-05
2026-01-04 17:45:33.208005: train_loss 0.6706
2026-01-04 17:45:33.221986: val_loss 0.6095
2026-01-04 17:45:33.225585: val classification accuracy 0.625
2026-01-04 17:45:33.228700: val auc 0.7361
2026-01-04 17:45:33.231607: Epoch time: 54.33 s
2026-01-04 17:45:33.234196: Yayy! New best EMA pseudo Dice: 0.7361
2026-01-04 17:45:39.687016: 
2026-01-04 17:45:39.690938: Epoch 94
2026-01-04 17:45:39.693893: Current learning rate: 7e-05
2026-01-04 17:46:35.205100: train_loss 0.6627
2026-01-04 17:46:35.217748: val_loss 0.6968
2026-01-04 17:46:35.221243: val classification accuracy 0.4792
2026-01-04 17:46:35.224356: val auc 0.5043
2026-01-04 17:46:35.228138: Epoch time: 55.52 s
2026-01-04 17:46:36.796236: 
2026-01-04 17:46:36.799851: Epoch 95
2026-01-04 17:46:36.802432: Current learning rate: 7e-05
2026-01-04 17:47:29.947058: train_loss 0.6757
2026-01-04 17:47:29.952309: val_loss 0.6601
2026-01-04 17:47:29.955498: val classification accuracy 0.5833
2026-01-04 17:47:29.958866: val auc 0.6094
2026-01-04 17:47:29.962706: Epoch time: 53.15 s
2026-01-04 17:47:30.836104: 
2026-01-04 17:47:30.840105: Epoch 96
2026-01-04 17:47:30.842767: Current learning rate: 7e-05
2026-01-04 17:48:23.651574: train_loss 0.6591
2026-01-04 17:48:23.684319: val_loss 0.6706
2026-01-04 17:48:23.688334: val classification accuracy 0.5625
2026-01-04 17:48:23.692248: val auc 0.5946
2026-01-04 17:48:23.702286: Epoch time: 52.82 s
2026-01-04 17:48:24.557423: 
2026-01-04 17:48:24.561379: Epoch 97
2026-01-04 17:48:24.564016: Current learning rate: 7e-05
2026-01-04 17:49:17.394027: train_loss 0.667
2026-01-04 17:49:17.421468: val_loss 0.713
2026-01-04 17:49:17.425896: val classification accuracy 0.5208
2026-01-04 17:49:17.431519: val auc 0.4948
2026-01-04 17:49:17.435586: Epoch time: 52.84 s
2026-01-04 17:49:18.256796: 
2026-01-04 17:49:18.260949: Epoch 98
2026-01-04 17:49:18.263844: Current learning rate: 7e-05
2026-01-04 17:50:09.845254: train_loss 0.6639
2026-01-04 17:50:09.850055: val_loss 0.6919
2026-01-04 17:50:09.854002: val classification accuracy 0.6042
2026-01-04 17:50:09.857028: val auc 0.5573
2026-01-04 17:50:09.859890: Epoch time: 51.59 s
2026-01-04 17:50:10.685750: 
2026-01-04 17:50:10.690605: Epoch 99
2026-01-04 17:50:10.694155: Current learning rate: 7e-05
2026-01-04 17:51:07.961422: train_loss 0.6687
2026-01-04 17:51:07.976349: val_loss 0.7081
2026-01-04 17:51:07.980303: val classification accuracy 0.5
2026-01-04 17:51:07.983297: val auc 0.5538
2026-01-04 17:51:07.986670: Epoch time: 57.28 s
2026-01-04 17:51:12.862341: Saved periodic checkpoint /hpf/projects/jquon/sumin/nnUNet_data/nnUNet_results/Dataset033_AVM_T1+C/ViTTrainer_ep300_NoMirroring_x2__nnUNetResEncUNetLPlans__3d_fullres/fold_6/checkpoint_every20_best_auroc.pth at epoch 99 with val_auc=0.5538
2026-01-04 17:51:13.611208: 
2026-01-04 17:51:13.614799: Epoch 100
2026-01-04 17:51:13.617566: Current learning rate: 7e-05
2026-01-04 17:52:02.659171: train_loss 0.6581
2026-01-04 17:52:02.663779: val_loss 0.6924
2026-01-04 17:52:02.667069: val classification accuracy 0.5208
2026-01-04 17:52:02.670316: val auc 0.5295
2026-01-04 17:52:02.673242: Epoch time: 49.05 s
2026-01-04 17:52:03.500236: 
2026-01-04 17:52:03.505923: Epoch 101
2026-01-04 17:52:03.509724: Current learning rate: 7e-05
2026-01-04 17:52:54.766560: train_loss 0.6485
2026-01-04 17:52:54.812901: val_loss 0.6708
2026-01-04 17:52:54.816631: val classification accuracy 0.5417
2026-01-04 17:52:54.819686: val auc 0.572
2026-01-04 17:52:54.852150: Epoch time: 51.27 s
2026-01-04 17:52:55.680357: 
2026-01-04 17:52:55.684430: Epoch 102
2026-01-04 17:52:55.687272: Current learning rate: 7e-05
2026-01-04 17:53:48.887223: train_loss 0.6576
2026-01-04 17:53:48.894502: val_loss 0.709
2026-01-04 17:53:48.897702: val classification accuracy 0.4792
2026-01-04 17:53:48.900490: val auc 0.553
2026-01-04 17:53:48.903199: Epoch time: 53.21 s
2026-01-04 17:53:49.745500: 
2026-01-04 17:53:49.748937: Epoch 103
2026-01-04 17:53:49.751589: Current learning rate: 7e-05
2026-01-04 17:54:46.522259: train_loss 0.685
2026-01-04 17:54:46.529119: val_loss 0.7175
2026-01-04 17:54:46.532742: val classification accuracy 0.4375
2026-01-04 17:54:46.545707: val auc 0.4722
2026-01-04 17:54:46.554218: Epoch time: 56.78 s
2026-01-04 17:54:47.393661: 
2026-01-04 17:54:47.397543: Epoch 104
2026-01-04 17:54:47.400559: Current learning rate: 7e-05
2026-01-04 17:55:42.803568: train_loss 0.6711
2026-01-04 17:55:42.808145: val_loss 0.7536
2026-01-04 17:55:42.812828: val classification accuracy 0.4375
2026-01-04 17:55:42.832180: val auc 0.4219
2026-01-04 17:55:42.836170: Epoch time: 55.41 s
2026-01-04 17:55:43.731664: 
2026-01-04 17:55:43.735781: Epoch 105
2026-01-04 17:55:43.739110: Current learning rate: 7e-05
2026-01-04 17:56:36.498420: train_loss 0.6638
2026-01-04 17:56:36.503698: val_loss 0.7095
2026-01-04 17:56:36.506683: val classification accuracy 0.5833
2026-01-04 17:56:36.510805: val auc 0.5616
2026-01-04 17:56:36.513601: Epoch time: 52.77 s
2026-01-04 17:56:37.311802: 
2026-01-04 17:56:37.315383: Epoch 106
2026-01-04 17:56:37.318193: Current learning rate: 7e-05
2026-01-04 17:57:32.254939: train_loss 0.6615
2026-01-04 17:57:32.276942: val_loss 0.6945
2026-01-04 17:57:32.280956: val classification accuracy 0.625
2026-01-04 17:57:32.284003: val auc 0.5938
2026-01-04 17:57:32.287243: Epoch time: 54.94 s
2026-01-04 17:57:33.310611: 
2026-01-04 17:57:33.314893: Epoch 107
2026-01-04 17:57:33.317905: Current learning rate: 7e-05
2026-01-04 17:58:29.927823: train_loss 0.6663
2026-01-04 17:58:29.940888: val_loss 0.7674
2026-01-04 17:58:29.945934: val classification accuracy 0.4375
2026-01-04 17:58:29.956998: val auc 0.3872
2026-01-04 17:58:29.981940: Epoch time: 56.62 s
2026-01-04 17:58:31.576688: 
2026-01-04 17:58:31.580397: Epoch 108
2026-01-04 17:58:31.583033: Current learning rate: 7e-05
2026-01-04 17:59:24.858857: train_loss 0.6437
2026-01-04 17:59:24.895561: val_loss 0.6693
2026-01-04 17:59:24.899578: val classification accuracy 0.5625
2026-01-04 17:59:24.912343: val auc 0.6302
2026-01-04 17:59:24.930474: Epoch time: 53.28 s
2026-01-04 17:59:25.780616: 
2026-01-04 17:59:25.784137: Epoch 109
2026-01-04 17:59:25.786733: Current learning rate: 7e-05
2026-01-04 18:00:18.455250: train_loss 0.6527
2026-01-04 18:00:18.460744: val_loss 0.6902
2026-01-04 18:00:18.463811: val classification accuracy 0.5
2026-01-04 18:00:18.467225: val auc 0.5729
2026-01-04 18:00:18.470327: Epoch time: 52.68 s
2026-01-04 18:00:19.384525: 
2026-01-04 18:00:19.388671: Epoch 110
2026-01-04 18:00:19.391465: Current learning rate: 7e-05
2026-01-04 18:01:11.895860: train_loss 0.6562
2026-01-04 18:01:11.903440: val_loss 0.7334
2026-01-04 18:01:11.912235: val classification accuracy 0.5417
2026-01-04 18:01:11.915339: val auc 0.4427
2026-01-04 18:01:11.940983: Epoch time: 52.51 s
2026-01-04 18:01:12.858864: 
2026-01-04 18:01:12.862997: Epoch 111
2026-01-04 18:01:12.866256: Current learning rate: 7e-05
2026-01-04 18:02:07.496364: train_loss 0.6555
2026-01-04 18:02:07.500741: val_loss 0.7447
2026-01-04 18:02:07.503531: val classification accuracy 0.4583
2026-01-04 18:02:07.506433: val auc 0.4488
2026-01-04 18:02:07.509128: Epoch time: 54.64 s
2026-01-04 18:02:08.342272: 
2026-01-04 18:02:08.346356: Epoch 112
2026-01-04 18:02:08.349133: Current learning rate: 7e-05
2026-01-04 18:03:01.876602: train_loss 0.6654
2026-01-04 18:03:01.888577: val_loss 0.7491
2026-01-04 18:03:01.892745: val classification accuracy 0.4583
2026-01-04 18:03:01.897173: val auc 0.4983
2026-01-04 18:03:01.903337: Epoch time: 53.54 s
2026-01-04 18:03:02.723832: 
2026-01-04 18:03:02.727519: Epoch 113
2026-01-04 18:03:02.730351: Current learning rate: 7e-05
2026-01-04 18:03:58.366469: train_loss 0.6706
2026-01-04 18:03:58.385251: val_loss 0.7026
2026-01-04 18:03:58.388503: val classification accuracy 0.4375
2026-01-04 18:03:58.391813: val auc 0.5278
2026-01-04 18:03:58.394752: Epoch time: 55.64 s
2026-01-04 18:03:59.391788: 
2026-01-04 18:03:59.395988: Epoch 114
2026-01-04 18:03:59.399244: Current learning rate: 7e-05
2026-01-04 18:04:52.784568: train_loss 0.6634
2026-01-04 18:04:52.790922: val_loss 0.6844
2026-01-04 18:04:52.794154: val classification accuracy 0.5833
2026-01-04 18:04:52.798121: val auc 0.5929
2026-01-04 18:04:52.801033: Epoch time: 53.39 s
2026-01-04 18:04:53.643615: 
2026-01-04 18:04:53.653820: Epoch 115
2026-01-04 18:04:53.662226: Current learning rate: 6e-05
2026-01-04 18:05:45.309890: train_loss 0.6626
2026-01-04 18:05:45.314870: val_loss 0.6127
2026-01-04 18:05:45.322007: val classification accuracy 0.5625
2026-01-04 18:05:45.333786: val auc 0.7188
2026-01-04 18:05:45.337293: Epoch time: 51.67 s
2026-01-04 18:05:46.240325: 
2026-01-04 18:05:46.243739: Epoch 116
2026-01-04 18:05:46.246410: Current learning rate: 6e-05
2026-01-04 18:06:40.554552: train_loss 0.6534
2026-01-04 18:06:40.559023: val_loss 0.6843
2026-01-04 18:06:40.562263: val classification accuracy 0.4583
2026-01-04 18:06:40.565222: val auc 0.5547
2026-01-04 18:06:40.568303: Epoch time: 54.32 s
2026-01-04 18:06:41.388029: 
2026-01-04 18:06:41.399228: Epoch 117
2026-01-04 18:06:41.402259: Current learning rate: 6e-05
2026-01-04 18:07:34.547728: train_loss 0.6641
2026-01-04 18:07:34.570549: val_loss 0.6568
2026-01-04 18:07:34.576538: val classification accuracy 0.5417
2026-01-04 18:07:34.582158: val auc 0.6076
2026-01-04 18:07:34.587401: Epoch time: 53.16 s
2026-01-04 18:07:35.439734: 
2026-01-04 18:07:35.443327: Epoch 118
2026-01-04 18:07:35.445988: Current learning rate: 6e-05
2026-01-04 18:08:32.654385: train_loss 0.6691
2026-01-04 18:08:32.662516: val_loss 0.6806
2026-01-04 18:08:32.666433: val classification accuracy 0.5625
2026-01-04 18:08:32.670241: val auc 0.5191
2026-01-04 18:08:32.673778: Epoch time: 57.22 s
2026-01-04 18:08:33.508668: 
2026-01-04 18:08:33.513158: Epoch 119
2026-01-04 18:08:33.516623: Current learning rate: 6e-05
2026-01-04 18:09:28.278491: train_loss 0.6575
2026-01-04 18:09:28.283311: val_loss 0.7477
2026-01-04 18:09:28.286191: val classification accuracy 0.5208
2026-01-04 18:09:28.289632: val auc 0.4965
2026-01-04 18:09:28.292702: Epoch time: 54.77 s
2026-01-04 18:09:29.123934: 
2026-01-04 18:09:29.127346: Epoch 120
2026-01-04 18:09:29.129983: Current learning rate: 6e-05
2026-01-04 18:10:22.433630: train_loss 0.6685
2026-01-04 18:10:22.452180: val_loss 0.7987
2026-01-04 18:10:22.487795: val classification accuracy 0.3958
2026-01-04 18:10:22.492636: val auc 0.3646
2026-01-04 18:10:22.497323: Epoch time: 53.31 s
2026-01-04 18:10:23.356387: 
2026-01-04 18:10:23.360571: Epoch 121
2026-01-04 18:10:23.363240: Current learning rate: 6e-05
2026-01-04 18:11:15.454086: train_loss 0.6568
2026-01-04 18:11:15.469651: val_loss 0.7632
2026-01-04 18:11:15.491988: val classification accuracy 0.4792
2026-01-04 18:11:15.495713: val auc 0.4288
2026-01-04 18:11:15.499066: Epoch time: 52.1 s
2026-01-04 18:11:17.063904: 
2026-01-04 18:11:17.067754: Epoch 122
2026-01-04 18:11:17.070578: Current learning rate: 6e-05
2026-01-04 18:12:12.753772: train_loss 0.6704
2026-01-04 18:12:12.760733: val_loss 0.694
2026-01-04 18:12:12.764267: val classification accuracy 0.4583
2026-01-04 18:12:12.767907: val auc 0.566
2026-01-04 18:12:12.771373: Epoch time: 55.69 s
2026-01-04 18:12:13.699255: 
2026-01-04 18:12:13.703791: Epoch 123
2026-01-04 18:12:13.706542: Current learning rate: 6e-05
2026-01-04 18:13:10.912371: train_loss 0.6655
2026-01-04 18:13:10.917363: val_loss 0.6591
2026-01-04 18:13:10.920249: val classification accuracy 0.5417
2026-01-04 18:13:10.923667: val auc 0.6198
2026-01-04 18:13:10.927248: Epoch time: 57.21 s
2026-01-04 18:13:11.803224: 
2026-01-04 18:13:11.806927: Epoch 124
2026-01-04 18:13:11.809803: Current learning rate: 6e-05
2026-01-04 18:14:05.586282: train_loss 0.6657
2026-01-04 18:14:05.656000: val_loss 0.6987
2026-01-04 18:14:05.660165: val classification accuracy 0.4583
2026-01-04 18:14:05.663707: val auc 0.5312
2026-01-04 18:14:05.667062: Epoch time: 53.78 s
2026-01-04 18:14:06.532033: 
2026-01-04 18:14:06.535736: Epoch 125
2026-01-04 18:14:06.539526: Current learning rate: 6e-05
2026-01-04 18:14:59.030769: train_loss 0.6559
2026-01-04 18:14:59.037151: val_loss 0.7114
2026-01-04 18:14:59.040314: val classification accuracy 0.5625
2026-01-04 18:14:59.043363: val auc 0.4983
2026-01-04 18:14:59.046414: Epoch time: 52.5 s
2026-01-04 18:14:59.974925: 
2026-01-04 18:14:59.978956: Epoch 126
2026-01-04 18:14:59.981819: Current learning rate: 6e-05
2026-01-04 18:15:56.022566: train_loss 0.6579
2026-01-04 18:15:56.027186: val_loss 0.7179
2026-01-04 18:15:56.035466: val classification accuracy 0.4167
2026-01-04 18:15:56.039418: val auc 0.4774
2026-01-04 18:15:56.042659: Epoch time: 56.05 s
2026-01-04 18:15:56.955650: 
2026-01-04 18:15:56.959229: Epoch 127
2026-01-04 18:15:56.961951: Current learning rate: 6e-05
2026-01-04 18:16:53.423260: train_loss 0.6706
2026-01-04 18:16:53.456217: val_loss 0.6397
2026-01-04 18:16:53.459377: val classification accuracy 0.5833
2026-01-04 18:16:53.462119: val auc 0.684
2026-01-04 18:16:53.464787: Epoch time: 56.47 s
2026-01-04 18:16:54.334210: 
2026-01-04 18:16:54.338067: Epoch 128
2026-01-04 18:16:54.341460: Current learning rate: 6e-05
2026-01-04 18:17:51.530944: train_loss 0.6582
2026-01-04 18:17:51.560578: val_loss 0.7634
2026-01-04 18:17:51.578289: val classification accuracy 0.3958
2026-01-04 18:17:51.587140: val auc 0.4132
2026-01-04 18:17:51.591615: Epoch time: 57.2 s
2026-01-04 18:17:52.438653: 
2026-01-04 18:17:52.442588: Epoch 129
2026-01-04 18:17:52.445477: Current learning rate: 6e-05
2026-01-04 18:18:47.176683: train_loss 0.6869
2026-01-04 18:18:47.208699: val_loss 0.719
2026-01-04 18:18:47.212364: val classification accuracy 0.5
2026-01-04 18:18:47.215700: val auc 0.487
2026-01-04 18:18:47.218801: Epoch time: 54.74 s
2026-01-04 18:18:48.048423: 
2026-01-04 18:18:48.052215: Epoch 130
2026-01-04 18:18:48.055312: Current learning rate: 6e-05
2026-01-04 18:19:45.854303: train_loss 0.6774
2026-01-04 18:19:45.868686: val_loss 0.6511
2026-01-04 18:19:45.872387: val classification accuracy 0.5833
2026-01-04 18:19:45.875776: val auc 0.6111
2026-01-04 18:19:45.879484: Epoch time: 57.81 s
2026-01-04 18:19:46.727668: 
2026-01-04 18:19:46.732054: Epoch 131
2026-01-04 18:19:46.734901: Current learning rate: 6e-05
2026-01-04 18:20:40.155319: train_loss 0.6795
2026-01-04 18:20:40.161847: val_loss 0.6809
2026-01-04 18:20:40.171809: val classification accuracy 0.5
2026-01-04 18:20:40.175774: val auc 0.5556
2026-01-04 18:20:40.179434: Epoch time: 53.43 s
2026-01-04 18:20:40.976731: 
2026-01-04 18:20:40.980299: Epoch 132
2026-01-04 18:20:40.982927: Current learning rate: 6e-05
2026-01-04 18:21:34.537707: train_loss 0.6695
2026-01-04 18:21:34.579237: val_loss 0.696
2026-01-04 18:21:34.602772: val classification accuracy 0.5
2026-01-04 18:21:34.606899: val auc 0.5469
2026-01-04 18:21:34.610286: Epoch time: 53.56 s
2026-01-04 18:21:35.467601: 
2026-01-04 18:21:35.471832: Epoch 133
2026-01-04 18:21:35.474779: Current learning rate: 6e-05
2026-01-04 18:22:31.741579: train_loss 0.6618
2026-01-04 18:22:31.760021: val_loss 0.698
2026-01-04 18:22:31.763440: val classification accuracy 0.5625
2026-01-04 18:22:31.766345: val auc 0.559
2026-01-04 18:22:31.769282: Epoch time: 56.28 s
2026-01-04 18:22:32.618767: 
2026-01-04 18:22:32.622686: Epoch 134
2026-01-04 18:22:32.625538: Current learning rate: 6e-05
2026-01-04 18:23:28.245168: train_loss 0.6664
2026-01-04 18:23:28.249405: val_loss 0.6729
2026-01-04 18:23:28.264523: val classification accuracy 0.625
2026-01-04 18:23:28.278993: val auc 0.6406
2026-01-04 18:23:28.282602: Epoch time: 55.63 s
2026-01-04 18:23:30.028835: 
2026-01-04 18:23:30.032967: Epoch 135
2026-01-04 18:23:30.036921: Current learning rate: 6e-05
2026-01-04 18:24:22.704374: train_loss 0.6668
2026-01-04 18:24:22.709510: val_loss 0.7112
2026-01-04 18:24:22.712463: val classification accuracy 0.5
2026-01-04 18:24:22.726318: val auc 0.5148
2026-01-04 18:24:22.729408: Epoch time: 52.68 s
2026-01-04 18:24:23.722600: 
2026-01-04 18:24:23.727090: Epoch 136
2026-01-04 18:24:23.730326: Current learning rate: 6e-05
2026-01-04 18:25:15.538197: train_loss 0.6388
2026-01-04 18:25:15.542817: val_loss 0.7314
2026-01-04 18:25:15.545978: val classification accuracy 0.4375
2026-01-04 18:25:15.549854: val auc 0.447
2026-01-04 18:25:15.552934: Epoch time: 51.82 s
2026-01-04 18:25:16.545140: 
2026-01-04 18:25:16.548723: Epoch 137
2026-01-04 18:25:16.551498: Current learning rate: 6e-05
2026-01-04 18:26:11.230221: train_loss 0.6596
2026-01-04 18:26:11.245869: val_loss 0.7225
2026-01-04 18:26:11.250039: val classification accuracy 0.5208
2026-01-04 18:26:11.253351: val auc 0.52
2026-01-04 18:26:11.256756: Epoch time: 54.69 s
2026-01-04 18:26:12.098161: 
2026-01-04 18:26:12.102361: Epoch 138
2026-01-04 18:26:12.105269: Current learning rate: 6e-05
2026-01-04 18:27:07.250390: train_loss 0.6631
2026-01-04 18:27:07.264420: val_loss 0.7424
2026-01-04 18:27:07.268143: val classification accuracy 0.4167
2026-01-04 18:27:07.271633: val auc 0.4349
2026-01-04 18:27:07.275385: Epoch time: 55.15 s
2026-01-04 18:27:08.114727: 
2026-01-04 18:27:08.118712: Epoch 139
2026-01-04 18:27:08.121737: Current learning rate: 6e-05
2026-01-04 18:28:02.796274: train_loss 0.6534
2026-01-04 18:28:02.801284: val_loss 0.7216
2026-01-04 18:28:02.804188: val classification accuracy 0.5417
2026-01-04 18:28:02.807090: val auc 0.5582
2026-01-04 18:28:02.810977: Epoch time: 54.68 s
2026-01-04 18:28:08.538606: Saved periodic checkpoint /hpf/projects/jquon/sumin/nnUNet_data/nnUNet_results/Dataset033_AVM_T1+C/ViTTrainer_ep300_NoMirroring_x2__nnUNetResEncUNetLPlans__3d_fullres/fold_6/checkpoint_every20_best_balacc.pth at epoch 139 with val_balanced_accuracy=0.5417
2026-01-04 18:28:12.670924: Saved periodic checkpoint /hpf/projects/jquon/sumin/nnUNet_data/nnUNet_results/Dataset033_AVM_T1+C/ViTTrainer_ep300_NoMirroring_x2__nnUNetResEncUNetLPlans__3d_fullres/fold_6/checkpoint_every20_best_auroc.pth at epoch 139 with val_auc=0.5582
2026-01-04 18:28:13.414858: 
2026-01-04 18:28:13.418442: Epoch 140
2026-01-04 18:28:13.421136: Current learning rate: 6e-05
2026-01-04 18:29:05.888761: train_loss 0.6553
2026-01-04 18:29:05.893666: val_loss 0.7003
2026-01-04 18:29:05.897293: val classification accuracy 0.4583
2026-01-04 18:29:05.908101: val auc 0.5104
2026-01-04 18:29:05.911159: Epoch time: 52.47 s
2026-01-04 18:29:06.874612: 
2026-01-04 18:29:06.878197: Epoch 141
2026-01-04 18:29:06.881627: Current learning rate: 6e-05
2026-01-04 18:30:00.429036: train_loss 0.679
2026-01-04 18:30:00.455248: val_loss 0.7807
2026-01-04 18:30:00.459306: val classification accuracy 0.5
2026-01-04 18:30:00.462729: val auc 0.3698
2026-01-04 18:30:00.470851: Epoch time: 53.56 s
2026-01-04 18:30:01.307570: 
2026-01-04 18:30:01.311451: Epoch 142
2026-01-04 18:30:01.314098: Current learning rate: 6e-05
2026-01-04 18:30:55.087236: train_loss 0.6648
2026-01-04 18:30:55.093575: val_loss 0.7031
2026-01-04 18:30:55.096525: val classification accuracy 0.5208
2026-01-04 18:30:55.099483: val auc 0.5104
2026-01-04 18:30:55.116155: Epoch time: 53.78 s
2026-01-04 18:30:56.008494: 
2026-01-04 18:30:56.012468: Epoch 143
2026-01-04 18:30:56.015615: Current learning rate: 6e-05
2026-01-04 18:31:50.517555: train_loss 0.6602
2026-01-04 18:31:50.524280: val_loss 0.7158
2026-01-04 18:31:50.527975: val classification accuracy 0.4792
2026-01-04 18:31:50.531707: val auc 0.5174
2026-01-04 18:31:50.534920: Epoch time: 54.51 s
2026-01-04 18:31:51.387444: 
2026-01-04 18:31:51.391222: Epoch 144
2026-01-04 18:31:51.394461: Current learning rate: 6e-05
2026-01-04 18:32:47.768227: train_loss 0.6544
2026-01-04 18:32:47.785328: val_loss 0.6791
2026-01-04 18:32:47.790453: val classification accuracy 0.6042
2026-01-04 18:32:47.799535: val auc 0.6094
2026-01-04 18:32:47.803119: Epoch time: 56.38 s
2026-01-04 18:32:48.608423: 
2026-01-04 18:32:48.612152: Epoch 145
2026-01-04 18:32:48.614915: Current learning rate: 6e-05
2026-01-04 18:33:41.860618: train_loss 0.6447
2026-01-04 18:33:41.866179: val_loss 0.7346
2026-01-04 18:33:41.869951: val classification accuracy 0.5208
2026-01-04 18:33:41.873656: val auc 0.5495
2026-01-04 18:33:41.878378: Epoch time: 53.25 s
2026-01-04 18:33:42.770287: 
2026-01-04 18:33:42.773906: Epoch 146
2026-01-04 18:33:42.776841: Current learning rate: 5e-05
2026-01-04 18:34:39.183133: train_loss 0.6662
2026-01-04 18:34:39.206160: val_loss 0.6953
2026-01-04 18:34:39.210194: val classification accuracy 0.5
2026-01-04 18:34:39.213336: val auc 0.5833
2026-01-04 18:34:39.216514: Epoch time: 56.41 s
2026-01-04 18:34:40.068942: 
2026-01-04 18:34:40.072916: Epoch 147
2026-01-04 18:34:40.075868: Current learning rate: 5e-05
2026-01-04 18:35:31.759633: train_loss 0.6354
2026-01-04 18:35:31.764277: val_loss 0.7221
2026-01-04 18:35:31.767426: val classification accuracy 0.5833
2026-01-04 18:35:31.770314: val auc 0.5955
2026-01-04 18:35:31.773118: Epoch time: 51.69 s
2026-01-04 18:35:32.662685: 
2026-01-04 18:35:32.666339: Epoch 148
2026-01-04 18:35:32.669260: Current learning rate: 5e-05
2026-01-04 18:36:29.597730: train_loss 0.6696
2026-01-04 18:36:29.613688: val_loss 0.6358
2026-01-04 18:36:29.618286: val classification accuracy 0.6875
2026-01-04 18:36:29.621922: val auc 0.7023
2026-01-04 18:36:29.625321: Epoch time: 56.94 s
2026-01-04 18:36:29.628418: Yayy! New best classification accuracy: 0.6875
2026-01-04 18:36:36.772783: 
2026-01-04 18:36:36.776327: Epoch 149
2026-01-04 18:36:36.779202: Current learning rate: 5e-05
2026-01-04 18:37:29.471186: train_loss 0.6663
2026-01-04 18:37:29.475912: val_loss 0.7281
2026-01-04 18:37:29.484226: val classification accuracy 0.4583
2026-01-04 18:37:29.487582: val auc 0.4878
2026-01-04 18:37:29.490573: Epoch time: 52.7 s
2026-01-04 18:37:30.351359: 
2026-01-04 18:37:30.355051: Epoch 150
2026-01-04 18:37:30.358073: Current learning rate: 5e-05
2026-01-04 18:38:25.245304: train_loss 0.6585
2026-01-04 18:38:25.249554: val_loss 0.6753
2026-01-04 18:38:25.252609: val classification accuracy 0.6042
2026-01-04 18:38:25.255590: val auc 0.6632
2026-01-04 18:38:25.258675: Epoch time: 54.9 s
2026-01-04 18:38:26.086023: 
2026-01-04 18:38:26.089424: Epoch 151
2026-01-04 18:38:26.092160: Current learning rate: 5e-05
2026-01-04 18:39:22.968471: train_loss 0.6714
2026-01-04 18:39:22.973270: val_loss 0.6596
2026-01-04 18:39:22.976123: val classification accuracy 0.6042
2026-01-04 18:39:22.980217: val auc 0.6354
2026-01-04 18:39:22.987065: Epoch time: 56.88 s
2026-01-04 18:39:23.933652: 
2026-01-04 18:39:23.937147: Epoch 152
2026-01-04 18:39:23.940077: Current learning rate: 5e-05
2026-01-04 18:40:22.973611: train_loss 0.6651
2026-01-04 18:40:22.978387: val_loss 0.7631
2026-01-04 18:40:22.985270: val classification accuracy 0.5208
2026-01-04 18:40:22.988388: val auc 0.5781
2026-01-04 18:40:22.991443: Epoch time: 59.04 s
2026-01-04 18:40:23.851056: 
2026-01-04 18:40:23.854496: Epoch 153
2026-01-04 18:40:23.857162: Current learning rate: 5e-05
2026-01-04 18:41:17.604949: train_loss 0.6725
2026-01-04 18:41:17.611283: val_loss 0.7588
2026-01-04 18:41:17.615130: val classification accuracy 0.5
2026-01-04 18:41:17.620687: val auc 0.4175
2026-01-04 18:41:17.624216: Epoch time: 53.75 s
2026-01-04 18:41:18.454998: 
2026-01-04 18:41:18.458718: Epoch 154
2026-01-04 18:41:18.461866: Current learning rate: 5e-05
2026-01-04 18:42:13.488900: train_loss 0.6434
2026-01-04 18:42:13.493747: val_loss 0.6525
2026-01-04 18:42:13.496937: val classification accuracy 0.6042
2026-01-04 18:42:13.499963: val auc 0.6649
2026-01-04 18:42:13.504520: Epoch time: 55.03 s
2026-01-04 18:42:14.435806: 
2026-01-04 18:42:14.439325: Epoch 155
2026-01-04 18:42:14.441976: Current learning rate: 5e-05
2026-01-04 18:43:09.387336: train_loss 0.6725
2026-01-04 18:43:09.392427: val_loss 0.7943
2026-01-04 18:43:09.397114: val classification accuracy 0.375
2026-01-04 18:43:09.400952: val auc 0.4392
2026-01-04 18:43:09.404706: Epoch time: 54.95 s
2026-01-04 18:43:10.225675: 
2026-01-04 18:43:10.229591: Epoch 156
2026-01-04 18:43:10.232965: Current learning rate: 5e-05
2026-01-04 18:44:08.720924: train_loss 0.6375
2026-01-04 18:44:08.732280: val_loss 0.6577
2026-01-04 18:44:08.735629: val classification accuracy 0.5833
2026-01-04 18:44:08.738456: val auc 0.6285
2026-01-04 18:44:08.741361: Epoch time: 58.5 s
2026-01-04 18:44:09.586946: 
2026-01-04 18:44:09.590319: Epoch 157
2026-01-04 18:44:09.592839: Current learning rate: 5e-05
2026-01-04 18:45:02.256635: train_loss 0.6454
2026-01-04 18:45:02.269078: val_loss 0.7851
2026-01-04 18:45:02.272756: val classification accuracy 0.5208
2026-01-04 18:45:02.275730: val auc 0.5382
2026-01-04 18:45:02.278472: Epoch time: 52.67 s
2026-01-04 18:45:03.175496: 
2026-01-04 18:45:03.178911: Epoch 158
2026-01-04 18:45:03.181745: Current learning rate: 5e-05
2026-01-04 18:45:59.684197: train_loss 0.6648
2026-01-04 18:45:59.695845: val_loss 0.7469
2026-01-04 18:45:59.699571: val classification accuracy 0.3958
2026-01-04 18:45:59.702894: val auc 0.4462
2026-01-04 18:45:59.706510: Epoch time: 56.51 s
2026-01-04 18:46:00.640591: 
2026-01-04 18:46:00.644542: Epoch 159
2026-01-04 18:46:00.647692: Current learning rate: 5e-05
2026-01-04 18:46:59.525381: train_loss 0.6582
2026-01-04 18:46:59.530743: val_loss 0.7226
2026-01-04 18:46:59.534271: val classification accuracy 0.5208
2026-01-04 18:46:59.537679: val auc 0.4931
2026-01-04 18:46:59.541835: Epoch time: 58.89 s
2026-01-04 18:47:00.430490: 
2026-01-04 18:47:00.434117: Epoch 160
2026-01-04 18:47:00.436777: Current learning rate: 5e-05
2026-01-04 18:47:55.030224: train_loss 0.6586
2026-01-04 18:47:55.036196: val_loss 0.7452
2026-01-04 18:47:55.039916: val classification accuracy 0.5417
2026-01-04 18:47:55.043574: val auc 0.546
2026-01-04 18:47:55.046827: Epoch time: 54.6 s
2026-01-04 18:47:55.908464: 
2026-01-04 18:47:55.911971: Epoch 161
2026-01-04 18:47:55.914630: Current learning rate: 5e-05
2026-01-04 18:48:47.177320: train_loss 0.6488
2026-01-04 18:48:47.189798: val_loss 0.7095
2026-01-04 18:48:47.193147: val classification accuracy 0.5208
2026-01-04 18:48:47.201687: val auc 0.4757
2026-01-04 18:48:47.204528: Epoch time: 51.27 s
2026-01-04 18:48:48.958245: 
2026-01-04 18:48:48.961763: Epoch 162
2026-01-04 18:48:48.964333: Current learning rate: 5e-05
2026-01-04 18:49:47.358695: train_loss 0.6567
2026-01-04 18:49:47.376007: val_loss 0.7155
2026-01-04 18:49:47.379867: val classification accuracy 0.5417
2026-01-04 18:49:47.383900: val auc 0.5087
2026-01-04 18:49:47.387697: Epoch time: 58.4 s
2026-01-04 18:49:48.252656: 
2026-01-04 18:49:48.258301: Epoch 163
2026-01-04 18:49:48.262551: Current learning rate: 5e-05
2026-01-04 18:50:43.947997: train_loss 0.6619
2026-01-04 18:50:43.954765: val_loss 0.7625
2026-01-04 18:50:43.958678: val classification accuracy 0.4792
2026-01-04 18:50:43.999309: val auc 0.4974
2026-01-04 18:50:44.002504: Epoch time: 55.7 s
2026-01-04 18:50:44.811715: 
2026-01-04 18:50:44.815311: Epoch 164
2026-01-04 18:50:44.817892: Current learning rate: 5e-05
2026-01-04 18:51:42.349035: train_loss 0.6364
2026-01-04 18:51:42.370174: val_loss 0.8055
2026-01-04 18:51:42.394692: val classification accuracy 0.4583
2026-01-04 18:51:42.406132: val auc 0.4332
2026-01-04 18:51:42.426226: Epoch time: 57.54 s
2026-01-04 18:51:43.311137: 
2026-01-04 18:51:43.315132: Epoch 165
2026-01-04 18:51:43.318939: Current learning rate: 5e-05
2026-01-04 18:52:31.923757: train_loss 0.6558
2026-01-04 18:52:31.929306: val_loss 0.7112
2026-01-04 18:52:31.932978: val classification accuracy 0.5
2026-01-04 18:52:31.936842: val auc 0.5851
2026-01-04 18:52:31.940541: Epoch time: 48.61 s
2026-01-04 18:52:32.809093: 
2026-01-04 18:52:32.812687: Epoch 166
2026-01-04 18:52:32.815852: Current learning rate: 5e-05
2026-01-04 18:53:27.615746: train_loss 0.6476
2026-01-04 18:53:27.623477: val_loss 0.7236
2026-01-04 18:53:27.629140: val classification accuracy 0.5833
2026-01-04 18:53:27.633273: val auc 0.566
2026-01-04 18:53:27.637122: Epoch time: 54.81 s
2026-01-04 18:53:28.538028: 
2026-01-04 18:53:28.555754: Epoch 167
2026-01-04 18:53:28.566439: Current learning rate: 5e-05
2026-01-04 18:54:25.429439: train_loss 0.645
2026-01-04 18:54:25.460906: val_loss 0.7884
2026-01-04 18:54:25.464993: val classification accuracy 0.375
2026-01-04 18:54:25.476749: val auc 0.4575
2026-01-04 18:54:25.486476: Epoch time: 56.89 s
2026-01-04 18:54:26.400015: 
2026-01-04 18:54:26.419651: Epoch 168
2026-01-04 18:54:26.422575: Current learning rate: 5e-05
2026-01-04 18:55:21.935137: train_loss 0.6689
2026-01-04 18:55:21.940182: val_loss 0.6723
2026-01-04 18:55:21.943548: val classification accuracy 0.5625
2026-01-04 18:55:21.946753: val auc 0.6424
2026-01-04 18:55:21.949966: Epoch time: 55.54 s
2026-01-04 18:55:22.699264: 
2026-01-04 18:55:22.702867: Epoch 169
2026-01-04 18:55:22.705976: Current learning rate: 5e-05
2026-01-04 18:56:18.743886: train_loss 0.6518
2026-01-04 18:56:18.761212: val_loss 0.7239
2026-01-04 18:56:18.764738: val classification accuracy 0.5208
2026-01-04 18:56:18.767997: val auc 0.5347
2026-01-04 18:56:18.771405: Epoch time: 56.05 s
2026-01-04 18:56:19.668324: 
2026-01-04 18:56:19.672129: Epoch 170
2026-01-04 18:56:19.674939: Current learning rate: 5e-05
2026-01-04 18:57:13.217241: train_loss 0.6604
2026-01-04 18:57:13.245267: val_loss 0.7539
2026-01-04 18:57:13.249806: val classification accuracy 0.5
2026-01-04 18:57:13.253544: val auc 0.4653
2026-01-04 18:57:13.258428: Epoch time: 53.55 s
2026-01-04 18:57:14.173358: 
2026-01-04 18:57:14.177035: Epoch 171
2026-01-04 18:57:14.180526: Current learning rate: 5e-05
2026-01-04 18:58:08.117835: train_loss 0.6592
2026-01-04 18:58:08.124053: val_loss 0.6645
2026-01-04 18:58:08.128680: val classification accuracy 0.5625
2026-01-04 18:58:08.138018: val auc 0.6441
2026-01-04 18:58:08.141780: Epoch time: 53.95 s
2026-01-04 18:58:08.998966: 
2026-01-04 18:58:09.012902: Epoch 172
2026-01-04 18:58:09.018576: Current learning rate: 5e-05
2026-01-04 18:59:00.756107: train_loss 0.6601
2026-01-04 18:59:00.804912: val_loss 0.7193
2026-01-04 18:59:00.838950: val classification accuracy 0.4792
2026-01-04 18:59:00.843154: val auc 0.5226
2026-01-04 18:59:00.846922: Epoch time: 51.76 s
2026-01-04 18:59:01.775605: 
2026-01-04 18:59:01.779172: Epoch 173
2026-01-04 18:59:01.781708: Current learning rate: 5e-05
2026-01-04 18:59:55.230440: train_loss 0.6734
2026-01-04 18:59:55.239263: val_loss 0.7668
2026-01-04 18:59:55.242840: val classification accuracy 0.5
2026-01-04 18:59:55.246628: val auc 0.5373
2026-01-04 18:59:55.250043: Epoch time: 53.46 s
2026-01-04 18:59:55.252963: Early stopping triggered at epoch 173. Best val_losses=0.6095
2026-01-04 18:59:56.109166: Stopping training early due to early stopping criterion.
2026-01-04 19:00:01.477292: Training done.
2026-01-04 19:00:01.482301: Skipping perform_actual_validation for classification trainer (segmentation-style sliding window is not applicable).
[1;34mwandb[0m: 
[1;34mwandb[0m:  View run [33mViTTrainer_ep300_NoMirroring_x2_fold6[0m at: [34m[0m
[1;34mwandb[0m: Find logs at: [1;35m../../tmp/wandb/wandb/run-20260104_161629-9myei5u0/logs[0m
