Using device: cuda:0

#######################################################################
Please cite the following paper when using nnU-Net:
Isensee, F., Jaeger, P. F., Kohl, S. A., Petersen, J., & Maier-Hein, K. H. (2021). nnU-Net: a self-configuring method for deep learning-based biomedical image segmentation. Nature methods, 18(2), 203-211.
#######################################################################

2026-01-04 17:14:56.635798: Using torch.compile...
2026-01-04 17:15:01.766937: do_dummy_2d_data_aug: False
2026-01-04 17:15:01.771723: Using splits from existing split file: /hpf/projects/jquon/sumin/nnUNet_data/nnUNet_preprocessed/Dataset033_AVM_T1+C/splits_final.json
2026-01-04 17:15:01.776511: The split file contains 11 splits.
2026-01-04 17:15:01.779185: Desired fold for training: 7
2026-01-04 17:15:01.781468: This split has 464 training and 48 validation cases.
using pin_memory on device 0
using pin_memory on device 0

This is the configuration used by this training:
Configuration name: 3d_fullres
 {'data_identifier': 'nnUNetPlans_3d_fullres', 'preprocessor_name': 'DefaultPreprocessor', 'batch_size': 2, 'patch_size': [160, 224, 192], 'median_image_size_in_voxels': [344.0, 448.0, 429.0], 'spacing': [0.500000923871994, 0.4910714328289032, 0.4910714328289032], 'normalization_schemes': ['ZScoreNormalization'], 'use_mask_for_norm': [False], 'resampling_fn_data': 'resample_data_or_seg_to_shape', 'resampling_fn_seg': 'resample_data_or_seg_to_shape', 'resampling_fn_data_kwargs': {'is_seg': False, 'order': 3, 'order_z': 0, 'force_separate_z': None}, 'resampling_fn_seg_kwargs': {'is_seg': True, 'order': 1, 'order_z': 0, 'force_separate_z': None}, 'resampling_fn_probabilities': 'resample_data_or_seg_to_shape', 'resampling_fn_probabilities_kwargs': {'is_seg': False, 'order': 1, 'order_z': 0, 'force_separate_z': None}, 'architecture': {'network_class_name': 'dynamic_network_architectures.architectures.unet.ResidualEncoderUNet', 'arch_kwargs': {'n_stages': 6, 'features_per_stage': [32, 64, 128, 256, 320, 320], 'conv_op': 'torch.nn.modules.conv.Conv3d', 'kernel_sizes': [[3, 3, 3], [3, 3, 3], [3, 3, 3], [3, 3, 3], [3, 3, 3], [3, 3, 3]], 'strides': [[1, 1, 1], [2, 2, 2], [2, 2, 2], [2, 2, 2], [2, 2, 2], [2, 2, 2]], 'n_blocks_per_stage': [1, 3, 4, 6, 6, 6], 'n_conv_per_stage_decoder': [1, 1, 1, 1, 1], 'conv_bias': True, 'norm_op': 'torch.nn.modules.instancenorm.InstanceNorm3d', 'norm_op_kwargs': {'eps': 1e-05, 'affine': True}, 'dropout_op': None, 'dropout_op_kwargs': None, 'nonlin': 'torch.nn.LeakyReLU', 'nonlin_kwargs': {'inplace': True}}, '_kw_requires_import': ['conv_op', 'norm_op', 'dropout_op', 'nonlin']}, 'batch_dice': True} 

These are the global plan.json settings:
 {'dataset_name': 'Dataset033_AVM_T1+C', 'plans_name': 'nnUNetResEncUNetLPlans', 'original_median_spacing_after_transp': [0.500000923871994, 0.4910714328289032, 0.4910714328289032], 'original_median_shape_after_transp': [330, 448, 424], 'image_reader_writer': 'SimpleITKIO', 'transpose_forward': [0, 1, 2], 'transpose_backward': [0, 1, 2], 'experiment_planner_used': 'nnUNetPlannerResEncL', 'label_manager': 'LabelManager', 'foreground_intensity_properties_per_channel': {'0': {'max': 12113.0, 'mean': 449.843505859375, 'median': 311.0, 'min': 0.0, 'percentile_00_5': 34.0, 'percentile_99_5': 3202.0, 'std': 471.56329345703125}}} 

2026-01-04 17:15:04.870461: Unable to plot network architecture: nnUNet_compile is enabled!
2026-01-04 17:15:04.896078: 
2026-01-04 17:15:04.930114: Epoch 0
2026-01-04 17:15:04.934295: Current learning rate: 0.0001
2026-01-04 17:16:32.150076: train_loss 0.7373
2026-01-04 17:16:32.155437: val_loss 0.6314
2026-01-04 17:16:32.158058: val classification accuracy 0.6875
2026-01-04 17:16:32.160437: val auc 0.7361
2026-01-04 17:16:32.164028: Epoch time: 87.26 s
2026-01-04 17:16:32.166241: Yayy! New best EMA pseudo Dice: 0.7361
2026-01-04 17:16:37.658595: Yayy! New best classification accuracy: 0.6875
2026-01-04 17:16:43.057966: 
2026-01-04 17:16:43.061365: Epoch 1
2026-01-04 17:16:43.063901: Current learning rate: 0.0001
2026-01-04 17:17:38.301967: train_loss 0.7132
2026-01-04 17:17:38.306977: val_loss 0.6827
2026-01-04 17:17:38.318751: val classification accuracy 0.5417
2026-01-04 17:17:38.321000: val auc 0.6137
2026-01-04 17:17:38.323164: Epoch time: 55.25 s
2026-01-04 17:17:39.826704: 
2026-01-04 17:17:39.829605: Epoch 2
2026-01-04 17:17:39.831542: Current learning rate: 0.0001
2026-01-04 17:18:30.578994: train_loss 0.7009
2026-01-04 17:18:30.597137: val_loss 0.6614
2026-01-04 17:18:30.599550: val classification accuracy 0.5833
2026-01-04 17:18:30.601955: val auc 0.6641
2026-01-04 17:18:30.604352: Epoch time: 50.75 s
2026-01-04 17:18:31.496310: 
2026-01-04 17:18:31.499776: Epoch 3
2026-01-04 17:18:31.502017: Current learning rate: 0.0001
2026-01-04 17:19:23.414394: train_loss 0.7012
2026-01-04 17:19:23.460757: val_loss 0.6649
2026-01-04 17:19:23.463578: val classification accuracy 0.6042
2026-01-04 17:19:23.465957: val auc 0.6545
2026-01-04 17:19:23.468374: Epoch time: 51.92 s
2026-01-04 17:19:24.402790: 
2026-01-04 17:19:24.405582: Epoch 4
2026-01-04 17:19:24.407346: Current learning rate: 0.0001
2026-01-04 17:20:16.303154: train_loss 0.6782
2026-01-04 17:20:16.319690: val_loss 0.6492
2026-01-04 17:20:16.322182: val classification accuracy 0.6458
2026-01-04 17:20:16.324728: val auc 0.7014
2026-01-04 17:20:16.327559: Epoch time: 51.9 s
2026-01-04 17:20:17.259688: 
2026-01-04 17:20:17.263026: Epoch 5
2026-01-04 17:20:17.265032: Current learning rate: 0.0001
2026-01-04 17:21:12.127239: train_loss 0.7108
2026-01-04 17:21:12.131653: val_loss 0.6597
2026-01-04 17:21:12.134491: val classification accuracy 0.6458
2026-01-04 17:21:12.137457: val auc 0.7587
2026-01-04 17:21:12.140299: Epoch time: 54.87 s
2026-01-04 17:21:12.142689: Yayy! New best EMA pseudo Dice: 0.7587
2026-01-04 17:21:18.738986: 
2026-01-04 17:21:18.741998: Epoch 6
2026-01-04 17:21:18.743991: Current learning rate: 0.0001
2026-01-04 17:22:10.949321: train_loss 0.6859
2026-01-04 17:22:10.952963: val_loss 0.6583
2026-01-04 17:22:10.955467: val classification accuracy 0.7292
2026-01-04 17:22:10.957711: val auc 0.7483
2026-01-04 17:22:10.960189: Epoch time: 52.21 s
2026-01-04 17:22:10.984686: Yayy! New best classification accuracy: 0.7292
2026-01-04 17:22:17.290723: 
2026-01-04 17:22:17.293920: Epoch 7
2026-01-04 17:22:17.296220: Current learning rate: 0.0001
2026-01-04 17:23:10.532550: train_loss 0.6715
2026-01-04 17:23:10.543322: val_loss 0.7025
2026-01-04 17:23:10.545348: val classification accuracy 0.6042
2026-01-04 17:23:10.547515: val auc 0.5608
2026-01-04 17:23:10.549619: Epoch time: 53.24 s
2026-01-04 17:23:11.377568: 
2026-01-04 17:23:11.380271: Epoch 8
2026-01-04 17:23:11.381956: Current learning rate: 0.0001
2026-01-04 17:24:07.733028: train_loss 0.686
2026-01-04 17:24:07.745395: val_loss 0.7136
2026-01-04 17:24:07.748041: val classification accuracy 0.5417
2026-01-04 17:24:07.751747: val auc 0.5877
2026-01-04 17:24:07.754348: Epoch time: 56.36 s
2026-01-04 17:24:08.619575: 
2026-01-04 17:24:08.622974: Epoch 9
2026-01-04 17:24:08.625119: Current learning rate: 0.0001
2026-01-04 17:25:03.064435: train_loss 0.6891
2026-01-04 17:25:03.068531: val_loss 0.7164
2026-01-04 17:25:03.070607: val classification accuracy 0.4167
2026-01-04 17:25:03.072572: val auc 0.4809
2026-01-04 17:25:03.074485: Epoch time: 54.45 s
2026-01-04 17:25:03.914263: 
2026-01-04 17:25:03.917214: Epoch 10
2026-01-04 17:25:03.919505: Current learning rate: 0.0001
2026-01-04 17:26:01.546331: train_loss 0.6923
2026-01-04 17:26:01.569441: val_loss 0.6741
2026-01-04 17:26:01.589402: val classification accuracy 0.6042
2026-01-04 17:26:01.630694: val auc 0.6441
2026-01-04 17:26:01.640980: Epoch time: 57.63 s
2026-01-04 17:26:02.596033: 
2026-01-04 17:26:02.599501: Epoch 11
2026-01-04 17:26:02.601829: Current learning rate: 0.0001
2026-01-04 17:27:00.623771: train_loss 0.6879
2026-01-04 17:27:00.674236: val_loss 0.6692
2026-01-04 17:27:00.679904: val classification accuracy 0.6458
2026-01-04 17:27:00.684666: val auc 0.6918
2026-01-04 17:27:00.707093: Epoch time: 58.03 s
2026-01-04 17:27:01.567950: 
2026-01-04 17:27:01.571267: Epoch 12
2026-01-04 17:27:01.573643: Current learning rate: 0.0001
2026-01-04 17:27:57.896300: train_loss 0.6955
2026-01-04 17:27:57.900750: val_loss 0.6613
2026-01-04 17:27:57.904229: val classification accuracy 0.6458
2026-01-04 17:27:57.907179: val auc 0.7726
2026-01-04 17:27:57.910051: Epoch time: 56.33 s
2026-01-04 17:27:57.912669: Yayy! New best EMA pseudo Dice: 0.7726
2026-01-04 17:28:04.569608: 
2026-01-04 17:28:04.572774: Epoch 13
2026-01-04 17:28:04.575074: Current learning rate: 0.0001
2026-01-04 17:28:57.786350: train_loss 0.6872
2026-01-04 17:28:57.790373: val_loss 0.6743
2026-01-04 17:28:57.793087: val classification accuracy 0.5833
2026-01-04 17:28:57.796843: val auc 0.6076
2026-01-04 17:28:57.799434: Epoch time: 53.22 s
2026-01-04 17:28:58.745200: 
2026-01-04 17:28:58.748764: Epoch 14
2026-01-04 17:28:58.751537: Current learning rate: 0.0001
2026-01-04 17:29:53.413276: train_loss 0.6802
2026-01-04 17:29:53.417723: val_loss 0.6736
2026-01-04 17:29:53.421026: val classification accuracy 0.6042
2026-01-04 17:29:53.423646: val auc 0.6181
2026-01-04 17:29:53.426094: Epoch time: 54.67 s
2026-01-04 17:29:55.001215: 
2026-01-04 17:29:55.005599: Epoch 15
2026-01-04 17:29:55.008431: Current learning rate: 0.0001
2026-01-04 17:30:49.259374: train_loss 0.691
2026-01-04 17:30:49.267683: val_loss 0.6794
2026-01-04 17:30:49.289858: val classification accuracy 0.6042
2026-01-04 17:30:49.293442: val auc 0.5981
2026-01-04 17:30:49.296853: Epoch time: 54.26 s
2026-01-04 17:30:50.225460: 
2026-01-04 17:30:50.228834: Epoch 16
2026-01-04 17:30:50.231232: Current learning rate: 0.0001
2026-01-04 17:31:41.182133: train_loss 0.6747
2026-01-04 17:31:41.194032: val_loss 0.6808
2026-01-04 17:31:41.197096: val classification accuracy 0.5625
2026-01-04 17:31:41.200382: val auc 0.6059
2026-01-04 17:31:41.204082: Epoch time: 50.96 s
2026-01-04 17:31:42.044832: 
2026-01-04 17:31:42.048470: Epoch 17
2026-01-04 17:31:42.050971: Current learning rate: 9e-05
2026-01-04 17:32:32.749036: train_loss 0.6831
2026-01-04 17:32:32.795905: val_loss 0.6731
2026-01-04 17:32:32.799443: val classification accuracy 0.5625
2026-01-04 17:32:32.802532: val auc 0.6007
2026-01-04 17:32:32.805921: Epoch time: 50.71 s
2026-01-04 17:32:33.695815: 
2026-01-04 17:32:33.713319: Epoch 18
2026-01-04 17:32:33.746567: Current learning rate: 9e-05
2026-01-04 17:33:27.778395: train_loss 0.6835
2026-01-04 17:33:27.783807: val_loss 0.6879
2026-01-04 17:33:27.786365: val classification accuracy 0.5625
2026-01-04 17:33:27.789245: val auc 0.6415
2026-01-04 17:33:27.792061: Epoch time: 54.08 s
2026-01-04 17:33:28.677736: 
2026-01-04 17:33:28.681209: Epoch 19
2026-01-04 17:33:28.683615: Current learning rate: 9e-05
2026-01-04 17:34:26.751196: train_loss 0.6704
2026-01-04 17:34:26.755286: val_loss 0.6992
2026-01-04 17:34:26.759576: val classification accuracy 0.6458
2026-01-04 17:34:26.762373: val auc 0.5781
2026-01-04 17:34:26.765319: Epoch time: 58.07 s
2026-01-04 17:34:32.400593: Saved periodic checkpoint /hpf/projects/jquon/sumin/nnUNet_data/nnUNet_results/Dataset033_AVM_T1+C/ViTTrainer_ep300_NoMirroring_x2__nnUNetResEncUNetLPlans__3d_fullres/fold_7/checkpoint_every20_best_balacc.pth at epoch 19 with val_balanced_accuracy=0.6458
2026-01-04 17:34:36.100338: Saved periodic checkpoint /hpf/projects/jquon/sumin/nnUNet_data/nnUNet_results/Dataset033_AVM_T1+C/ViTTrainer_ep300_NoMirroring_x2__nnUNetResEncUNetLPlans__3d_fullres/fold_7/checkpoint_every20_best_auroc.pth at epoch 19 with val_auc=0.5781
2026-01-04 17:34:36.823657: 
2026-01-04 17:34:36.827039: Epoch 20
2026-01-04 17:34:36.829593: Current learning rate: 9e-05
2026-01-04 17:35:32.390519: train_loss 0.6994
2026-01-04 17:35:32.428229: val_loss 0.6669
2026-01-04 17:35:32.447144: val classification accuracy 0.5625
2026-01-04 17:35:32.450387: val auc 0.6684
2026-01-04 17:35:32.453489: Epoch time: 55.57 s
2026-01-04 17:35:33.396029: 
2026-01-04 17:35:33.399542: Epoch 21
2026-01-04 17:35:33.402058: Current learning rate: 9e-05
2026-01-04 17:36:29.173023: train_loss 0.6859
2026-01-04 17:36:29.181430: val_loss 0.6706
2026-01-04 17:36:29.185451: val classification accuracy 0.5625
2026-01-04 17:36:29.189032: val auc 0.6328
2026-01-04 17:36:29.191541: Epoch time: 55.78 s
2026-01-04 17:36:30.031837: 
2026-01-04 17:36:30.035002: Epoch 22
2026-01-04 17:36:30.037510: Current learning rate: 9e-05
2026-01-04 17:37:21.758261: train_loss 0.6838
2026-01-04 17:37:21.765865: val_loss 0.6828
2026-01-04 17:37:21.768824: val classification accuracy 0.5625
2026-01-04 17:37:21.771483: val auc 0.5903
2026-01-04 17:37:21.774613: Epoch time: 51.73 s
2026-01-04 17:37:22.719677: 
2026-01-04 17:37:22.723357: Epoch 23
2026-01-04 17:37:22.725922: Current learning rate: 9e-05
2026-01-04 17:38:14.165756: train_loss 0.6817
2026-01-04 17:38:14.169993: val_loss 0.6677
2026-01-04 17:38:14.172696: val classification accuracy 0.5833
2026-01-04 17:38:14.175211: val auc 0.6415
2026-01-04 17:38:14.177819: Epoch time: 51.45 s
2026-01-04 17:38:15.096480: 
2026-01-04 17:38:15.099976: Epoch 24
2026-01-04 17:38:15.102513: Current learning rate: 9e-05
2026-01-04 17:39:08.361178: train_loss 0.6649
2026-01-04 17:39:08.366828: val_loss 0.7098
2026-01-04 17:39:08.370014: val classification accuracy 0.5208
2026-01-04 17:39:08.373193: val auc 0.5087
2026-01-04 17:39:08.376105: Epoch time: 53.27 s
2026-01-04 17:39:09.238764: 
2026-01-04 17:39:09.242856: Epoch 25
2026-01-04 17:39:09.245266: Current learning rate: 9e-05
2026-01-04 17:39:59.870562: train_loss 0.6777
2026-01-04 17:39:59.875899: val_loss 0.6866
2026-01-04 17:39:59.879030: val classification accuracy 0.5208
2026-01-04 17:39:59.882174: val auc 0.5764
2026-01-04 17:39:59.885207: Epoch time: 50.63 s
2026-01-04 17:40:00.705456: 
2026-01-04 17:40:00.709073: Epoch 26
2026-01-04 17:40:00.711683: Current learning rate: 9e-05
2026-01-04 17:40:56.106213: train_loss 0.6829
2026-01-04 17:40:56.112898: val_loss 0.6407
2026-01-04 17:40:56.116305: val classification accuracy 0.5417
2026-01-04 17:40:56.122800: val auc 0.6962
2026-01-04 17:40:56.125998: Epoch time: 55.4 s
2026-01-04 17:40:57.015070: 
2026-01-04 17:40:57.021086: Epoch 27
2026-01-04 17:40:57.025333: Current learning rate: 9e-05
2026-01-04 17:41:50.581744: train_loss 0.6655
2026-01-04 17:41:50.599756: val_loss 0.7331
2026-01-04 17:41:50.603127: val classification accuracy 0.4792
2026-01-04 17:41:50.605847: val auc 0.5365
2026-01-04 17:41:50.613086: Epoch time: 53.57 s
2026-01-04 17:41:51.452084: 
2026-01-04 17:41:51.456420: Epoch 28
2026-01-04 17:41:51.459618: Current learning rate: 9e-05
2026-01-04 17:42:47.863067: train_loss 0.6771
2026-01-04 17:42:47.867419: val_loss 0.6827
2026-01-04 17:42:47.872585: val classification accuracy 0.5625
2026-01-04 17:42:47.875234: val auc 0.6667
2026-01-04 17:42:47.902817: Epoch time: 56.41 s
2026-01-04 17:42:48.732810: 
2026-01-04 17:42:48.736667: Epoch 29
2026-01-04 17:42:48.739182: Current learning rate: 9e-05
2026-01-04 17:43:43.271955: train_loss 0.6708
2026-01-04 17:43:43.299455: val_loss 0.6847
2026-01-04 17:43:43.304069: val classification accuracy 0.5833
2026-01-04 17:43:43.312400: val auc 0.6389
2026-01-04 17:43:43.316103: Epoch time: 54.54 s
2026-01-04 17:43:44.274830: 
2026-01-04 17:43:44.278444: Epoch 30
2026-01-04 17:43:44.281148: Current learning rate: 9e-05
2026-01-04 17:44:37.204798: train_loss 0.6801
2026-01-04 17:44:37.209117: val_loss 0.6567
2026-01-04 17:44:37.212446: val classification accuracy 0.6042
2026-01-04 17:44:37.215757: val auc 0.651
2026-01-04 17:44:37.218526: Epoch time: 52.93 s
2026-01-04 17:44:38.155733: 
2026-01-04 17:44:38.164993: Epoch 31
2026-01-04 17:44:38.168318: Current learning rate: 9e-05
2026-01-04 17:45:31.155823: train_loss 0.6754
2026-01-04 17:45:31.161296: val_loss 0.6836
2026-01-04 17:45:31.164148: val classification accuracy 0.6875
2026-01-04 17:45:31.166900: val auc 0.6953
2026-01-04 17:45:31.169568: Epoch time: 53.0 s
2026-01-04 17:45:32.144217: 
2026-01-04 17:45:32.147739: Epoch 32
2026-01-04 17:45:32.150217: Current learning rate: 9e-05
2026-01-04 17:46:23.370589: train_loss 0.6647
2026-01-04 17:46:23.376651: val_loss 0.727
2026-01-04 17:46:23.379589: val classification accuracy 0.4375
2026-01-04 17:46:23.387414: val auc 0.4774
2026-01-04 17:46:23.390427: Epoch time: 51.23 s
2026-01-04 17:46:24.237814: 
2026-01-04 17:46:24.241563: Epoch 33
2026-01-04 17:46:24.244132: Current learning rate: 9e-05
2026-01-04 17:47:21.368346: train_loss 0.677
2026-01-04 17:47:21.372709: val_loss 0.6881
2026-01-04 17:47:21.375860: val classification accuracy 0.5625
2026-01-04 17:47:21.378605: val auc 0.5781
2026-01-04 17:47:21.381554: Epoch time: 57.13 s
2026-01-04 17:47:22.343341: 
2026-01-04 17:47:22.347066: Epoch 34
2026-01-04 17:47:22.349791: Current learning rate: 9e-05
2026-01-04 17:48:13.554276: train_loss 0.6839
2026-01-04 17:48:13.565672: val_loss 0.6576
2026-01-04 17:48:13.568758: val classification accuracy 0.6042
2026-01-04 17:48:13.578733: val auc 0.717
2026-01-04 17:48:13.647247: Epoch time: 51.21 s
2026-01-04 17:48:14.487973: 
2026-01-04 17:48:14.492012: Epoch 35
2026-01-04 17:48:14.494854: Current learning rate: 9e-05
2026-01-04 17:49:11.778202: train_loss 0.6671
2026-01-04 17:49:11.786011: val_loss 0.6675
2026-01-04 17:49:11.804269: val classification accuracy 0.6458
2026-01-04 17:49:11.825262: val auc 0.6354
2026-01-04 17:49:11.828509: Epoch time: 57.29 s
2026-01-04 17:49:12.681406: 
2026-01-04 17:49:12.684747: Epoch 36
2026-01-04 17:49:12.687251: Current learning rate: 9e-05
2026-01-04 17:50:05.518000: train_loss 0.6717
2026-01-04 17:50:05.525480: val_loss 0.661
2026-01-04 17:50:05.529547: val classification accuracy 0.5833
2026-01-04 17:50:05.532279: val auc 0.7222
2026-01-04 17:50:05.534926: Epoch time: 52.84 s
2026-01-04 17:50:06.511626: 
2026-01-04 17:50:06.515693: Epoch 37
2026-01-04 17:50:06.518396: Current learning rate: 9e-05
2026-01-04 17:50:57.283321: train_loss 0.6635
2026-01-04 17:50:57.288598: val_loss 0.6843
2026-01-04 17:50:57.292111: val classification accuracy 0.6667
2026-01-04 17:50:57.295081: val auc 0.6068
2026-01-04 17:50:57.298798: Epoch time: 50.77 s
2026-01-04 17:50:58.110906: 
2026-01-04 17:50:58.114884: Epoch 38
2026-01-04 17:50:58.117311: Current learning rate: 9e-05
2026-01-04 17:51:51.228903: train_loss 0.6929
2026-01-04 17:51:51.233813: val_loss 0.6746
2026-01-04 17:51:51.236671: val classification accuracy 0.5208
2026-01-04 17:51:51.239601: val auc 0.5729
2026-01-04 17:51:51.242825: Epoch time: 53.12 s
2026-01-04 17:51:52.069341: 
2026-01-04 17:51:52.073030: Epoch 39
2026-01-04 17:51:52.075766: Current learning rate: 9e-05
2026-01-04 17:52:44.847434: train_loss 0.6526
2026-01-04 17:52:44.852567: val_loss 0.7395
2026-01-04 17:52:44.855754: val classification accuracy 0.4792
2026-01-04 17:52:44.866248: val auc 0.566
2026-01-04 17:52:44.870040: Epoch time: 52.78 s
2026-01-04 17:52:45.712930: 
2026-01-04 17:52:45.716574: Epoch 40
2026-01-04 17:52:45.719310: Current learning rate: 9e-05
2026-01-04 17:53:36.231666: train_loss 0.6964
2026-01-04 17:53:36.242646: val_loss 0.6897
2026-01-04 17:53:36.245448: val classification accuracy 0.5208
2026-01-04 17:53:36.248464: val auc 0.5451
2026-01-04 17:53:36.251659: Epoch time: 50.52 s
2026-01-04 17:53:37.070461: 
2026-01-04 17:53:37.073942: Epoch 41
2026-01-04 17:53:37.076673: Current learning rate: 9e-05
2026-01-04 17:54:29.225233: train_loss 0.6702
2026-01-04 17:54:29.252517: val_loss 0.6479
2026-01-04 17:54:29.260115: val classification accuracy 0.6458
2026-01-04 17:54:29.263634: val auc 0.6892
2026-01-04 17:54:29.266939: Epoch time: 52.16 s
2026-01-04 17:54:30.841921: 
2026-01-04 17:54:30.846186: Epoch 42
2026-01-04 17:54:30.848762: Current learning rate: 9e-05
2026-01-04 17:55:24.728450: train_loss 0.6861
2026-01-04 17:55:24.733065: val_loss 0.7375
2026-01-04 17:55:24.736084: val classification accuracy 0.4167
2026-01-04 17:55:24.738771: val auc 0.4635
2026-01-04 17:55:24.741626: Epoch time: 53.89 s
2026-01-04 17:55:25.569179: 
2026-01-04 17:55:25.572854: Epoch 43
2026-01-04 17:55:25.575327: Current learning rate: 9e-05
2026-01-04 17:56:18.924716: train_loss 0.68
2026-01-04 17:56:18.928803: val_loss 0.7219
2026-01-04 17:56:18.931607: val classification accuracy 0.5417
2026-01-04 17:56:18.934155: val auc 0.5399
2026-01-04 17:56:18.936687: Epoch time: 53.36 s
2026-01-04 17:56:19.716351: 
2026-01-04 17:56:19.719944: Epoch 44
2026-01-04 17:56:19.722494: Current learning rate: 9e-05
2026-01-04 17:57:18.263498: train_loss 0.6564
2026-01-04 17:57:18.270057: val_loss 0.6331
2026-01-04 17:57:18.273735: val classification accuracy 0.6458
2026-01-04 17:57:18.277041: val auc 0.7378
2026-01-04 17:57:18.280621: Epoch time: 58.55 s
2026-01-04 17:57:19.241010: 
2026-01-04 17:57:19.244559: Epoch 45
2026-01-04 17:57:19.247321: Current learning rate: 9e-05
2026-01-04 17:58:12.623950: train_loss 0.6854
2026-01-04 17:58:12.628975: val_loss 0.6435
2026-01-04 17:58:12.631806: val classification accuracy 0.625
2026-01-04 17:58:12.634837: val auc 0.7231
2026-01-04 17:58:12.637793: Epoch time: 53.38 s
2026-01-04 17:58:13.510382: 
2026-01-04 17:58:13.513783: Epoch 46
2026-01-04 17:58:13.517078: Current learning rate: 9e-05
2026-01-04 17:59:05.797467: train_loss 0.685
2026-01-04 17:59:05.802584: val_loss 0.6607
2026-01-04 17:59:05.805521: val classification accuracy 0.5208
2026-01-04 17:59:05.808055: val auc 0.7569
2026-01-04 17:59:05.810532: Epoch time: 52.29 s
2026-01-04 17:59:06.664145: 
2026-01-04 17:59:06.668311: Epoch 47
2026-01-04 17:59:06.671314: Current learning rate: 9e-05
2026-01-04 18:00:05.492310: train_loss 0.669
2026-01-04 18:00:05.511741: val_loss 0.6906
2026-01-04 18:00:05.514788: val classification accuracy 0.5208
2026-01-04 18:00:05.517451: val auc 0.5347
2026-01-04 18:00:05.520148: Epoch time: 58.83 s
2026-01-04 18:00:06.393095: 
2026-01-04 18:00:06.397734: Epoch 48
2026-01-04 18:00:06.401705: Current learning rate: 9e-05
2026-01-04 18:00:59.941098: train_loss 0.649
2026-01-04 18:00:59.960784: val_loss 0.6309
2026-01-04 18:00:59.964417: val classification accuracy 0.6042
2026-01-04 18:00:59.967194: val auc 0.7161
2026-01-04 18:00:59.969932: Epoch time: 53.55 s
2026-01-04 18:01:00.819195: 
2026-01-04 18:01:00.822679: Epoch 49
2026-01-04 18:01:00.825196: Current learning rate: 9e-05
2026-01-04 18:01:54.939224: train_loss 0.6843
2026-01-04 18:01:54.944369: val_loss 0.7054
2026-01-04 18:01:54.947168: val classification accuracy 0.5
2026-01-04 18:01:54.956761: val auc 0.5868
2026-01-04 18:01:54.959672: Epoch time: 54.12 s
2026-01-04 18:01:55.813708: 
2026-01-04 18:01:55.818310: Epoch 50
2026-01-04 18:01:55.821319: Current learning rate: 8e-05
2026-01-04 18:02:48.631315: train_loss 0.6806
2026-01-04 18:02:48.642000: val_loss 0.6668
2026-01-04 18:02:48.644791: val classification accuracy 0.5625
2026-01-04 18:02:48.647428: val auc 0.6146
2026-01-04 18:02:48.650497: Epoch time: 52.82 s
2026-01-04 18:02:49.688989: 
2026-01-04 18:02:49.692225: Epoch 51
2026-01-04 18:02:49.694730: Current learning rate: 8e-05
2026-01-04 18:03:40.743849: train_loss 0.6736
2026-01-04 18:03:40.750453: val_loss 0.7116
2026-01-04 18:03:40.769043: val classification accuracy 0.5208
2026-01-04 18:03:40.772352: val auc 0.5052
2026-01-04 18:03:40.775674: Epoch time: 51.06 s
2026-01-04 18:03:41.635503: 
2026-01-04 18:03:41.639749: Epoch 52
2026-01-04 18:03:41.643005: Current learning rate: 8e-05
2026-01-04 18:04:34.043489: train_loss 0.6638
2026-01-04 18:04:34.073145: val_loss 0.6931
2026-01-04 18:04:34.092554: val classification accuracy 0.5208
2026-01-04 18:04:34.097226: val auc 0.6328
2026-01-04 18:04:34.118737: Epoch time: 52.41 s
2026-01-04 18:04:34.938548: 
2026-01-04 18:04:34.941926: Epoch 53
2026-01-04 18:04:34.944540: Current learning rate: 8e-05
2026-01-04 18:05:27.235686: train_loss 0.6812
2026-01-04 18:05:27.241450: val_loss 0.7046
2026-01-04 18:05:27.244554: val classification accuracy 0.5417
2026-01-04 18:05:27.250829: val auc 0.5712
2026-01-04 18:05:27.266157: Epoch time: 52.3 s
2026-01-04 18:05:28.152228: 
2026-01-04 18:05:28.155780: Epoch 54
2026-01-04 18:05:28.158380: Current learning rate: 8e-05
2026-01-04 18:06:22.114599: train_loss 0.6478
2026-01-04 18:06:22.125580: val_loss 0.7435
2026-01-04 18:06:22.128369: val classification accuracy 0.625
2026-01-04 18:06:22.130908: val auc 0.5781
2026-01-04 18:06:22.133794: Epoch time: 53.96 s
2026-01-04 18:06:23.709744: 
2026-01-04 18:06:23.713150: Epoch 55
2026-01-04 18:06:23.715477: Current learning rate: 8e-05
2026-01-04 18:07:15.244372: train_loss 0.6715
2026-01-04 18:07:15.249052: val_loss 0.6926
2026-01-04 18:07:15.252014: val classification accuracy 0.5208
2026-01-04 18:07:15.254785: val auc 0.5252
2026-01-04 18:07:15.257304: Epoch time: 51.54 s
2026-01-04 18:07:16.107513: 
2026-01-04 18:07:16.111739: Epoch 56
2026-01-04 18:07:16.114766: Current learning rate: 8e-05
2026-01-04 18:08:05.367124: train_loss 0.6687
2026-01-04 18:08:05.397691: val_loss 0.6722
2026-01-04 18:08:05.401809: val classification accuracy 0.6458
2026-01-04 18:08:05.405751: val auc 0.6458
2026-01-04 18:08:05.434350: Epoch time: 49.26 s
2026-01-04 18:08:06.357766: 
2026-01-04 18:08:06.361592: Epoch 57
2026-01-04 18:08:06.364470: Current learning rate: 8e-05
2026-01-04 18:09:02.768833: train_loss 0.6743
2026-01-04 18:09:02.773259: val_loss 0.6718
2026-01-04 18:09:02.776810: val classification accuracy 0.5417
2026-01-04 18:09:02.807223: val auc 0.5894
2026-01-04 18:09:02.811604: Epoch time: 56.41 s
2026-01-04 18:09:03.649428: 
2026-01-04 18:09:03.653094: Epoch 58
2026-01-04 18:09:03.655585: Current learning rate: 8e-05
2026-01-04 18:09:56.709727: train_loss 0.661
2026-01-04 18:09:56.715814: val_loss 0.7071
2026-01-04 18:09:56.718978: val classification accuracy 0.4167
2026-01-04 18:09:56.722309: val auc 0.52
2026-01-04 18:09:56.726130: Epoch time: 53.06 s
2026-01-04 18:09:57.611361: 
2026-01-04 18:09:57.615125: Epoch 59
2026-01-04 18:09:57.617697: Current learning rate: 8e-05
2026-01-04 18:10:53.290801: train_loss 0.6612
2026-01-04 18:10:53.295146: val_loss 0.7566
2026-01-04 18:10:53.298258: val classification accuracy 0.5
2026-01-04 18:10:53.300843: val auc 0.5955
2026-01-04 18:10:53.303675: Epoch time: 55.68 s
2026-01-04 18:10:58.475398: Saved periodic checkpoint /hpf/projects/jquon/sumin/nnUNet_data/nnUNet_results/Dataset033_AVM_T1+C/ViTTrainer_ep300_NoMirroring_x2__nnUNetResEncUNetLPlans__3d_fullres/fold_7/checkpoint_every20_best_auroc.pth at epoch 59 with val_auc=0.5955
2026-01-04 18:10:59.222773: 
2026-01-04 18:10:59.226036: Epoch 60
2026-01-04 18:10:59.228452: Current learning rate: 8e-05
2026-01-04 18:11:49.607185: train_loss 0.6775
2026-01-04 18:11:49.629121: val_loss 0.6943
2026-01-04 18:11:49.649815: val classification accuracy 0.5
2026-01-04 18:11:49.652890: val auc 0.5451
2026-01-04 18:11:49.655740: Epoch time: 50.39 s
2026-01-04 18:11:50.467320: 
2026-01-04 18:11:50.471390: Epoch 61
2026-01-04 18:11:50.474123: Current learning rate: 8e-05
2026-01-04 18:12:44.175203: train_loss 0.6647
2026-01-04 18:12:44.235308: val_loss 0.635
2026-01-04 18:12:44.242812: val classification accuracy 0.7083
2026-01-04 18:12:44.245978: val auc 0.73
2026-01-04 18:12:44.248826: Epoch time: 53.71 s
2026-01-04 18:12:45.130259: 
2026-01-04 18:12:45.133866: Epoch 62
2026-01-04 18:12:45.136536: Current learning rate: 8e-05
2026-01-04 18:13:40.735116: train_loss 0.6883
2026-01-04 18:13:40.741456: val_loss 0.7023
2026-01-04 18:13:40.744522: val classification accuracy 0.5208
2026-01-04 18:13:40.748163: val auc 0.5911
2026-01-04 18:13:40.751629: Epoch time: 55.61 s
2026-01-04 18:13:41.680084: 
2026-01-04 18:13:41.684369: Epoch 63
2026-01-04 18:13:41.687272: Current learning rate: 8e-05
2026-01-04 18:14:37.207166: train_loss 0.6711
2026-01-04 18:14:37.211995: val_loss 0.6573
2026-01-04 18:14:37.216907: val classification accuracy 0.5625
2026-01-04 18:14:37.230998: val auc 0.6493
2026-01-04 18:14:37.233937: Epoch time: 55.53 s
2026-01-04 18:14:38.213482: 
2026-01-04 18:14:38.216810: Epoch 64
2026-01-04 18:14:38.219243: Current learning rate: 8e-05
2026-01-04 18:15:28.857372: train_loss 0.6706
2026-01-04 18:15:28.861702: val_loss 0.6916
2026-01-04 18:15:28.864583: val classification accuracy 0.5208
2026-01-04 18:15:28.867202: val auc 0.5816
2026-01-04 18:15:28.870862: Epoch time: 50.64 s
2026-01-04 18:15:29.755858: 
2026-01-04 18:15:29.759233: Epoch 65
2026-01-04 18:15:29.761652: Current learning rate: 8e-05
2026-01-04 18:16:20.517026: train_loss 0.6603
2026-01-04 18:16:20.524438: val_loss 0.6917
2026-01-04 18:16:20.536033: val classification accuracy 0.5625
2026-01-04 18:16:20.556069: val auc 0.6181
2026-01-04 18:16:20.573055: Epoch time: 50.76 s
2026-01-04 18:16:21.392917: 
2026-01-04 18:16:21.396844: Epoch 66
2026-01-04 18:16:21.400073: Current learning rate: 8e-05
2026-01-04 18:17:17.065204: train_loss 0.6782
2026-01-04 18:17:17.070427: val_loss 0.7145
2026-01-04 18:17:17.074967: val classification accuracy 0.5
2026-01-04 18:17:17.082289: val auc 0.4792
2026-01-04 18:17:17.085923: Epoch time: 55.67 s
2026-01-04 18:17:17.961082: 
2026-01-04 18:17:17.985490: Epoch 67
2026-01-04 18:17:17.988527: Current learning rate: 8e-05
2026-01-04 18:18:11.990071: train_loss 0.6427
2026-01-04 18:18:12.009062: val_loss 0.7284
2026-01-04 18:18:12.017475: val classification accuracy 0.5
2026-01-04 18:18:12.022105: val auc 0.467
2026-01-04 18:18:12.025764: Epoch time: 54.03 s
2026-01-04 18:18:12.949819: 
2026-01-04 18:18:12.953333: Epoch 68
2026-01-04 18:18:12.955844: Current learning rate: 8e-05
2026-01-04 18:19:08.280268: train_loss 0.6784
2026-01-04 18:19:08.303782: val_loss 0.7202
2026-01-04 18:19:08.307267: val classification accuracy 0.5
2026-01-04 18:19:08.310095: val auc 0.4731
2026-01-04 18:19:08.314807: Epoch time: 55.33 s
2026-01-04 18:19:09.196031: 
2026-01-04 18:19:09.201064: Epoch 69
2026-01-04 18:19:09.204588: Current learning rate: 8e-05
2026-01-04 18:20:01.848546: train_loss 0.6715
2026-01-04 18:20:01.875967: val_loss 0.7026
2026-01-04 18:20:01.879901: val classification accuracy 0.5417
2026-01-04 18:20:01.883111: val auc 0.5061
2026-01-04 18:20:01.886219: Epoch time: 52.65 s
2026-01-04 18:20:02.753423: 
2026-01-04 18:20:02.756536: Epoch 70
2026-01-04 18:20:02.759138: Current learning rate: 8e-05
2026-01-04 18:20:55.070672: train_loss 0.6798
2026-01-04 18:20:55.077141: val_loss 0.7055
2026-01-04 18:20:55.082068: val classification accuracy 0.5
2026-01-04 18:20:55.120209: val auc 0.4731
2026-01-04 18:20:55.134216: Epoch time: 52.32 s
2026-01-04 18:20:56.033190: 
2026-01-04 18:20:56.036909: Epoch 71
2026-01-04 18:20:56.039666: Current learning rate: 8e-05
2026-01-04 18:21:53.832307: train_loss 0.6571
2026-01-04 18:21:53.839494: val_loss 0.7202
2026-01-04 18:21:53.843331: val classification accuracy 0.5833
2026-01-04 18:21:53.846610: val auc 0.4983
2026-01-04 18:21:53.863951: Epoch time: 57.8 s
2026-01-04 18:21:54.800717: 
2026-01-04 18:21:54.804676: Epoch 72
2026-01-04 18:21:54.807752: Current learning rate: 8e-05
2026-01-04 18:22:49.055420: train_loss 0.651
2026-01-04 18:22:49.074747: val_loss 0.6364
2026-01-04 18:22:49.077515: val classification accuracy 0.6667
2026-01-04 18:22:49.081909: val auc 0.7127
2026-01-04 18:22:49.084576: Epoch time: 54.26 s
2026-01-04 18:22:49.983161: 
2026-01-04 18:22:49.990216: Epoch 73
2026-01-04 18:22:49.992997: Current learning rate: 8e-05
2026-01-04 18:23:48.721254: train_loss 0.6616
2026-01-04 18:23:48.725616: val_loss 0.7087
2026-01-04 18:23:48.728952: val classification accuracy 0.5
2026-01-04 18:23:48.732378: val auc 0.5139
2026-01-04 18:23:48.735248: Epoch time: 58.74 s
2026-01-04 18:23:49.573853: 
2026-01-04 18:23:49.577726: Epoch 74
2026-01-04 18:23:49.580699: Current learning rate: 8e-05
2026-01-04 18:24:44.016698: train_loss 0.6654
2026-01-04 18:24:44.024962: val_loss 0.7046
2026-01-04 18:24:44.036087: val classification accuracy 0.4583
2026-01-04 18:24:44.039813: val auc 0.4601
2026-01-04 18:24:44.044553: Epoch time: 54.44 s
2026-01-04 18:24:44.902400: 
2026-01-04 18:24:44.906591: Epoch 75
2026-01-04 18:24:44.909378: Current learning rate: 8e-05
2026-01-04 18:25:38.800394: train_loss 0.6618
2026-01-04 18:25:38.813039: val_loss 0.698
2026-01-04 18:25:38.816851: val classification accuracy 0.5833
2026-01-04 18:25:38.823560: val auc 0.5503
2026-01-04 18:25:38.829000: Epoch time: 53.9 s
2026-01-04 18:25:39.808092: 
2026-01-04 18:25:39.812091: Epoch 76
2026-01-04 18:25:39.814965: Current learning rate: 8e-05
2026-01-04 18:26:35.951602: train_loss 0.6501
2026-01-04 18:26:35.967310: val_loss 0.5845
2026-01-04 18:26:35.970634: val classification accuracy 0.6458
2026-01-04 18:26:35.973890: val auc 0.7604
2026-01-04 18:26:35.977145: Epoch time: 56.14 s
2026-01-04 18:26:36.789289: 
2026-01-04 18:26:36.793372: Epoch 77
2026-01-04 18:26:36.796108: Current learning rate: 8e-05
2026-01-04 18:27:31.102333: train_loss 0.6828
2026-01-04 18:27:31.160026: val_loss 0.6941
2026-01-04 18:27:31.163208: val classification accuracy 0.5
2026-01-04 18:27:31.166143: val auc 0.5043
2026-01-04 18:27:31.168812: Epoch time: 54.31 s
2026-01-04 18:27:32.002962: 
2026-01-04 18:27:32.006671: Epoch 78
2026-01-04 18:27:32.009443: Current learning rate: 8e-05
2026-01-04 18:28:21.918846: train_loss 0.6666
2026-01-04 18:28:21.926611: val_loss 0.673
2026-01-04 18:28:21.931800: val classification accuracy 0.5833
2026-01-04 18:28:21.936129: val auc 0.5755
2026-01-04 18:28:21.957126: Epoch time: 49.92 s
2026-01-04 18:28:22.796629: 
2026-01-04 18:28:22.800765: Epoch 79
2026-01-04 18:28:22.804252: Current learning rate: 8e-05
2026-01-04 18:29:17.019063: train_loss 0.6884
2026-01-04 18:29:17.060292: val_loss 0.6716
2026-01-04 18:29:17.064274: val classification accuracy 0.5625
2026-01-04 18:29:17.067613: val auc 0.6597
2026-01-04 18:29:17.070971: Epoch time: 54.22 s
2026-01-04 18:29:22.516810: Saved periodic checkpoint /hpf/projects/jquon/sumin/nnUNet_data/nnUNet_results/Dataset033_AVM_T1+C/ViTTrainer_ep300_NoMirroring_x2__nnUNetResEncUNetLPlans__3d_fullres/fold_7/checkpoint_every20_best_auroc.pth at epoch 79 with val_auc=0.6597
2026-01-04 18:29:23.274950: 
2026-01-04 18:29:23.278382: Epoch 80
2026-01-04 18:29:23.280900: Current learning rate: 8e-05
2026-01-04 18:30:14.618958: train_loss 0.6487
2026-01-04 18:30:14.626747: val_loss 0.7642
2026-01-04 18:30:14.634910: val classification accuracy 0.4375
2026-01-04 18:30:14.638412: val auc 0.3984
2026-01-04 18:30:14.660461: Epoch time: 51.35 s
2026-01-04 18:30:15.521096: 
2026-01-04 18:30:15.525010: Epoch 81
2026-01-04 18:30:15.528047: Current learning rate: 8e-05
2026-01-04 18:31:11.013693: train_loss 0.6599
2026-01-04 18:31:11.020753: val_loss 0.6722
2026-01-04 18:31:11.023850: val classification accuracy 0.5625
2026-01-04 18:31:11.027576: val auc 0.6606
2026-01-04 18:31:11.043142: Epoch time: 55.49 s
2026-01-04 18:31:12.719506: 
2026-01-04 18:31:12.723441: Epoch 82
2026-01-04 18:31:12.726549: Current learning rate: 8e-05
2026-01-04 18:32:02.385308: train_loss 0.6666
2026-01-04 18:32:02.389858: val_loss 0.6717
2026-01-04 18:32:02.394324: val classification accuracy 0.6458
2026-01-04 18:32:02.459021: val auc 0.6519
2026-01-04 18:32:02.468055: Epoch time: 49.67 s
2026-01-04 18:32:03.406034: 
2026-01-04 18:32:03.410033: Epoch 83
2026-01-04 18:32:03.413172: Current learning rate: 7e-05
2026-01-04 18:32:54.882486: train_loss 0.6574
2026-01-04 18:32:54.901912: val_loss 0.7606
2026-01-04 18:32:54.909222: val classification accuracy 0.4167
2026-01-04 18:32:54.912189: val auc 0.4818
2026-01-04 18:32:54.931484: Epoch time: 51.48 s
2026-01-04 18:32:55.774004: 
2026-01-04 18:32:55.778347: Epoch 84
2026-01-04 18:32:55.781143: Current learning rate: 7e-05
2026-01-04 18:33:51.555398: train_loss 0.6531
2026-01-04 18:33:51.563456: val_loss 0.712
2026-01-04 18:33:51.566351: val classification accuracy 0.5
2026-01-04 18:33:51.613795: val auc 0.6068
2026-01-04 18:33:51.638334: Epoch time: 55.78 s
2026-01-04 18:33:52.623766: 
2026-01-04 18:33:52.627887: Epoch 85
2026-01-04 18:33:52.630970: Current learning rate: 7e-05
2026-01-04 18:34:50.623255: train_loss 0.7033
2026-01-04 18:34:50.628460: val_loss 0.7042
2026-01-04 18:34:50.631472: val classification accuracy 0.4167
2026-01-04 18:34:50.634815: val auc 0.4783
2026-01-04 18:34:50.653153: Epoch time: 58.0 s
2026-01-04 18:34:51.606122: 
2026-01-04 18:34:51.610581: Epoch 86
2026-01-04 18:34:51.613372: Current learning rate: 7e-05
2026-01-04 18:35:49.958903: train_loss 0.6735
2026-01-04 18:35:50.016078: val_loss 0.6483
2026-01-04 18:35:50.023297: val classification accuracy 0.625
2026-01-04 18:35:50.026360: val auc 0.6858
2026-01-04 18:35:50.028866: Epoch time: 58.35 s
2026-01-04 18:35:50.903648: 
2026-01-04 18:35:50.907389: Epoch 87
2026-01-04 18:35:50.910026: Current learning rate: 7e-05
2026-01-04 18:36:43.398452: train_loss 0.6587
2026-01-04 18:36:43.403258: val_loss 0.7011
2026-01-04 18:36:43.406121: val classification accuracy 0.4792
2026-01-04 18:36:43.408933: val auc 0.5208
2026-01-04 18:36:43.411899: Epoch time: 52.5 s
2026-01-04 18:36:44.218244: 
2026-01-04 18:36:44.222335: Epoch 88
2026-01-04 18:36:44.225467: Current learning rate: 7e-05
2026-01-04 18:37:42.434631: train_loss 0.6654
2026-01-04 18:37:42.471590: val_loss 0.6921
2026-01-04 18:37:42.508179: val classification accuracy 0.5625
2026-01-04 18:37:42.530796: val auc 0.5477
2026-01-04 18:37:42.545986: Epoch time: 58.22 s
2026-01-04 18:37:43.475067: 
2026-01-04 18:37:43.478614: Epoch 89
2026-01-04 18:37:43.481323: Current learning rate: 7e-05
2026-01-04 18:38:39.855804: train_loss 0.6835
2026-01-04 18:38:39.864829: val_loss 0.6501
2026-01-04 18:38:39.868248: val classification accuracy 0.6042
2026-01-04 18:38:39.871960: val auc 0.6137
2026-01-04 18:38:39.901296: Epoch time: 56.38 s
2026-01-04 18:38:40.825581: 
2026-01-04 18:38:40.829149: Epoch 90
2026-01-04 18:38:40.831635: Current learning rate: 7e-05
2026-01-04 18:39:34.298188: train_loss 0.6806
2026-01-04 18:39:34.303191: val_loss 0.6599
2026-01-04 18:39:34.306065: val classification accuracy 0.5
2026-01-04 18:39:34.308764: val auc 0.5486
2026-01-04 18:39:34.311644: Epoch time: 53.47 s
2026-01-04 18:39:35.112048: 
2026-01-04 18:39:35.115444: Epoch 91
2026-01-04 18:39:35.118356: Current learning rate: 7e-05
2026-01-04 18:40:30.929166: train_loss 0.6605
2026-01-04 18:40:30.962193: val_loss 0.669
2026-01-04 18:40:30.965629: val classification accuracy 0.5208
2026-01-04 18:40:30.968891: val auc 0.5564
2026-01-04 18:40:30.972422: Epoch time: 55.82 s
2026-01-04 18:40:31.777350: 
2026-01-04 18:40:31.781276: Epoch 92
2026-01-04 18:40:31.783913: Current learning rate: 7e-05
2026-01-04 18:41:28.725458: train_loss 0.6742
2026-01-04 18:41:28.736560: val_loss 0.684
2026-01-04 18:41:28.765459: val classification accuracy 0.5833
2026-01-04 18:41:28.770274: val auc 0.5903
2026-01-04 18:41:28.774635: Epoch time: 56.95 s
2026-01-04 18:41:29.689082: 
2026-01-04 18:41:29.693130: Epoch 93
2026-01-04 18:41:29.696375: Current learning rate: 7e-05
2026-01-04 18:42:25.604440: train_loss 0.6642
2026-01-04 18:42:25.611086: val_loss 0.781
2026-01-04 18:42:25.614525: val classification accuracy 0.5
2026-01-04 18:42:25.617572: val auc 0.4757
2026-01-04 18:42:25.621186: Epoch time: 55.92 s
2026-01-04 18:42:26.463238: 
2026-01-04 18:42:26.467193: Epoch 94
2026-01-04 18:42:26.469987: Current learning rate: 7e-05
2026-01-04 18:43:22.070643: train_loss 0.6679
2026-01-04 18:43:22.077092: val_loss 0.7029
2026-01-04 18:43:22.080736: val classification accuracy 0.5625
2026-01-04 18:43:22.084274: val auc 0.5946
2026-01-04 18:43:22.088953: Epoch time: 55.61 s
2026-01-04 18:43:23.867613: 
2026-01-04 18:43:23.877502: Epoch 95
2026-01-04 18:43:23.882593: Current learning rate: 7e-05
2026-01-04 18:44:14.571660: train_loss 0.6815
2026-01-04 18:44:14.576032: val_loss 0.7129
2026-01-04 18:44:14.580734: val classification accuracy 0.4583
2026-01-04 18:44:14.586005: val auc 0.5017
2026-01-04 18:44:14.590631: Epoch time: 50.72 s
2026-01-04 18:44:15.433276: 
2026-01-04 18:44:15.436716: Epoch 96
2026-01-04 18:44:15.439494: Current learning rate: 7e-05
2026-01-04 18:45:09.098425: train_loss 0.655
2026-01-04 18:45:09.151208: val_loss 0.6759
2026-01-04 18:45:09.196611: val classification accuracy 0.625
2026-01-04 18:45:09.204126: val auc 0.6076
2026-01-04 18:45:09.208753: Epoch time: 53.67 s
2026-01-04 18:45:10.027708: 
2026-01-04 18:45:10.032006: Epoch 97
2026-01-04 18:45:10.035034: Current learning rate: 7e-05
2026-01-04 18:46:03.936264: train_loss 0.6757
2026-01-04 18:46:03.946166: val_loss 0.7143
2026-01-04 18:46:03.949258: val classification accuracy 0.5
2026-01-04 18:46:03.952060: val auc 0.5243
2026-01-04 18:46:03.954915: Epoch time: 53.91 s
2026-01-04 18:46:04.821465: 
2026-01-04 18:46:04.825108: Epoch 98
2026-01-04 18:46:04.830977: Current learning rate: 7e-05
2026-01-04 18:46:53.469836: train_loss 0.6716
2026-01-04 18:46:53.476280: val_loss 0.6488
2026-01-04 18:46:53.480672: val classification accuracy 0.6458
2026-01-04 18:46:53.484488: val auc 0.7075
2026-01-04 18:46:53.488239: Epoch time: 48.65 s
2026-01-04 18:46:54.462758: 
2026-01-04 18:46:54.467180: Epoch 99
2026-01-04 18:46:54.470196: Current learning rate: 7e-05
2026-01-04 18:47:51.415764: train_loss 0.6542
2026-01-04 18:47:51.457835: val_loss 0.7062
2026-01-04 18:47:51.461917: val classification accuracy 0.5417
2026-01-04 18:47:51.505336: val auc 0.5964
2026-01-04 18:47:51.531759: Epoch time: 56.95 s
2026-01-04 18:47:52.412212: 
2026-01-04 18:47:52.415805: Epoch 100
2026-01-04 18:47:52.418403: Current learning rate: 7e-05
2026-01-04 18:48:44.501461: train_loss 0.6508
2026-01-04 18:48:44.511239: val_loss 0.7794
2026-01-04 18:48:44.514717: val classification accuracy 0.5208
2026-01-04 18:48:44.517529: val auc 0.4757
2026-01-04 18:48:44.520337: Epoch time: 52.09 s
2026-01-04 18:48:45.490478: 
2026-01-04 18:48:45.494268: Epoch 101
2026-01-04 18:48:45.496955: Current learning rate: 7e-05
2026-01-04 18:49:42.748319: train_loss 0.6537
2026-01-04 18:49:42.753799: val_loss 0.7014
2026-01-04 18:49:42.756992: val classification accuracy 0.5208
2026-01-04 18:49:42.759832: val auc 0.5625
2026-01-04 18:49:42.762852: Epoch time: 57.26 s
2026-01-04 18:49:43.649103: 
2026-01-04 18:49:43.652913: Epoch 102
2026-01-04 18:49:43.655503: Current learning rate: 7e-05
2026-01-04 18:50:39.040998: train_loss 0.6518
2026-01-04 18:50:39.050159: val_loss 0.6902
2026-01-04 18:50:39.069201: val classification accuracy 0.5417
2026-01-04 18:50:39.076385: val auc 0.6102
2026-01-04 18:50:39.085531: Epoch time: 55.39 s
2026-01-04 18:50:40.056480: 
2026-01-04 18:50:40.060692: Epoch 103
2026-01-04 18:50:40.063301: Current learning rate: 7e-05
2026-01-04 18:51:39.686757: train_loss 0.6752
2026-01-04 18:51:39.695010: val_loss 0.68
2026-01-04 18:51:39.698503: val classification accuracy 0.5625
2026-01-04 18:51:39.701803: val auc 0.5304
2026-01-04 18:51:39.709414: Epoch time: 59.63 s
2026-01-04 18:51:40.578032: 
2026-01-04 18:51:40.582126: Epoch 104
2026-01-04 18:51:40.584933: Current learning rate: 7e-05
2026-01-04 18:52:32.865463: train_loss 0.6402
2026-01-04 18:52:32.869767: val_loss 0.7783
2026-01-04 18:52:32.872725: val classification accuracy 0.4583
2026-01-04 18:52:32.875798: val auc 0.5226
2026-01-04 18:52:32.878666: Epoch time: 52.29 s
2026-01-04 18:52:33.795065: 
2026-01-04 18:52:33.799155: Epoch 105
2026-01-04 18:52:33.802156: Current learning rate: 7e-05
2026-01-04 18:53:26.399772: train_loss 0.6418
2026-01-04 18:53:26.405946: val_loss 0.7038
2026-01-04 18:53:26.421407: val classification accuracy 0.6042
2026-01-04 18:53:26.459764: val auc 0.5139
2026-01-04 18:53:26.463990: Epoch time: 52.61 s
2026-01-04 18:53:27.374293: 
2026-01-04 18:53:27.377820: Epoch 106
2026-01-04 18:53:27.380211: Current learning rate: 7e-05
2026-01-04 18:54:16.413252: train_loss 0.6491
2026-01-04 18:54:16.427971: val_loss 0.6541
2026-01-04 18:54:16.435822: val classification accuracy 0.625
2026-01-04 18:54:16.439449: val auc 0.6727
2026-01-04 18:54:16.443163: Epoch time: 49.04 s
2026-01-04 18:54:17.325819: 
2026-01-04 18:54:17.329938: Epoch 107
2026-01-04 18:54:17.332959: Current learning rate: 7e-05
2026-01-04 18:55:10.848774: train_loss 0.6501
2026-01-04 18:55:10.854156: val_loss 0.7287
2026-01-04 18:55:10.857924: val classification accuracy 0.6042
2026-01-04 18:55:10.861239: val auc 0.6007
2026-01-04 18:55:10.864648: Epoch time: 53.52 s
2026-01-04 18:55:11.815566: 
2026-01-04 18:55:11.819857: Epoch 108
2026-01-04 18:55:11.823308: Current learning rate: 7e-05
2026-01-04 18:56:04.173383: train_loss 0.6767
2026-01-04 18:56:04.178961: val_loss 0.6499
2026-01-04 18:56:04.182462: val classification accuracy 0.6458
2026-01-04 18:56:04.185530: val auc 0.6024
2026-01-04 18:56:04.188661: Epoch time: 52.36 s
2026-01-04 18:56:05.947307: 
2026-01-04 18:56:05.950890: Epoch 109
2026-01-04 18:56:05.953514: Current learning rate: 7e-05
2026-01-04 18:57:01.061900: train_loss 0.6531
2026-01-04 18:57:01.073727: val_loss 0.7675
2026-01-04 18:57:01.077437: val classification accuracy 0.4167
2026-01-04 18:57:01.080457: val auc 0.4236
2026-01-04 18:57:01.088160: Epoch time: 55.12 s
2026-01-04 18:57:01.917635: 
2026-01-04 18:57:01.921133: Epoch 110
2026-01-04 18:57:01.923799: Current learning rate: 7e-05
2026-01-04 18:57:55.276887: train_loss 0.6507
2026-01-04 18:57:55.281820: val_loss 0.7344
2026-01-04 18:57:55.285509: val classification accuracy 0.4583
2026-01-04 18:57:55.289702: val auc 0.5608
2026-01-04 18:57:55.300743: Epoch time: 53.36 s
2026-01-04 18:57:56.168996: 
2026-01-04 18:57:56.172997: Epoch 111
2026-01-04 18:57:56.175684: Current learning rate: 7e-05
2026-01-04 18:58:52.209933: train_loss 0.6552
2026-01-04 18:58:52.265485: val_loss 0.7291
2026-01-04 18:58:52.269169: val classification accuracy 0.5833
2026-01-04 18:58:52.277159: val auc 0.5799
2026-01-04 18:58:52.288829: Epoch time: 56.04 s
2026-01-04 18:58:53.255452: 
2026-01-04 18:58:53.259625: Epoch 112
2026-01-04 18:58:53.262805: Current learning rate: 7e-05
2026-01-04 18:59:44.258372: train_loss 0.6706
2026-01-04 18:59:44.268819: val_loss 0.7535
2026-01-04 18:59:44.272594: val classification accuracy 0.4792
2026-01-04 18:59:44.275819: val auc 0.4488
2026-01-04 18:59:44.278977: Epoch time: 51.0 s
2026-01-04 18:59:45.144706: 
2026-01-04 18:59:45.148440: Epoch 113
2026-01-04 18:59:45.151556: Current learning rate: 7e-05
2026-01-04 19:00:32.233999: train_loss 0.6514
2026-01-04 19:00:32.261763: val_loss 0.7554
2026-01-04 19:00:32.265220: val classification accuracy 0.4792
2026-01-04 19:00:32.268171: val auc 0.4887
2026-01-04 19:00:32.271186: Epoch time: 47.09 s
2026-01-04 19:00:33.134783: 
2026-01-04 19:00:33.138238: Epoch 114
2026-01-04 19:00:33.141016: Current learning rate: 7e-05
2026-01-04 19:01:27.681201: train_loss 0.6668
2026-01-04 19:01:27.706931: val_loss 0.7078
2026-01-04 19:01:27.711069: val classification accuracy 0.5208
2026-01-04 19:01:27.715076: val auc 0.52
2026-01-04 19:01:27.719612: Epoch time: 54.55 s
2026-01-04 19:01:28.672594: 
2026-01-04 19:01:28.676853: Epoch 115
2026-01-04 19:01:28.680168: Current learning rate: 6e-05
2026-01-04 19:02:21.718072: train_loss 0.6758
2026-01-04 19:02:21.723922: val_loss 0.6665
2026-01-04 19:02:21.727823: val classification accuracy 0.5625
2026-01-04 19:02:21.731656: val auc 0.5799
2026-01-04 19:02:21.735307: Epoch time: 53.05 s
2026-01-04 19:02:22.648938: 
2026-01-04 19:02:22.652656: Epoch 116
2026-01-04 19:02:22.655335: Current learning rate: 6e-05
2026-01-04 19:03:19.142902: train_loss 0.6506
2026-01-04 19:03:19.147559: val_loss 0.7536
2026-01-04 19:03:19.151360: val classification accuracy 0.5
2026-01-04 19:03:19.154247: val auc 0.3976
2026-01-04 19:03:19.157259: Epoch time: 56.5 s
2026-01-04 19:03:20.102002: 
2026-01-04 19:03:20.105920: Epoch 117
2026-01-04 19:03:20.108524: Current learning rate: 6e-05
2026-01-04 19:04:15.002098: train_loss 0.6717
2026-01-04 19:04:15.016104: val_loss 0.7328
2026-01-04 19:04:15.034022: val classification accuracy 0.4375
2026-01-04 19:04:15.052732: val auc 0.4714
2026-01-04 19:04:15.056000: Epoch time: 54.9 s
2026-01-04 19:04:15.901406: 
2026-01-04 19:04:15.905512: Epoch 118
2026-01-04 19:04:15.908701: Current learning rate: 6e-05
2026-01-04 19:05:10.647584: train_loss 0.6556
2026-01-04 19:05:10.662595: val_loss 0.6461
2026-01-04 19:05:10.667077: val classification accuracy 0.6458
2026-01-04 19:05:10.672355: val auc 0.671
2026-01-04 19:05:10.676327: Epoch time: 54.75 s
2026-01-04 19:05:11.610212: 
2026-01-04 19:05:11.613713: Epoch 119
2026-01-04 19:05:11.616477: Current learning rate: 6e-05
2026-01-04 19:06:03.512150: train_loss 0.6635
2026-01-04 19:06:03.518295: val_loss 0.6751
2026-01-04 19:06:03.523460: val classification accuracy 0.5833
2026-01-04 19:06:03.527966: val auc 0.6458
2026-01-04 19:06:03.531584: Epoch time: 51.9 s
2026-01-04 19:06:04.432855: 
2026-01-04 19:06:04.436913: Epoch 120
2026-01-04 19:06:04.439622: Current learning rate: 6e-05
2026-01-04 19:06:55.485340: train_loss 0.6492
2026-01-04 19:06:55.492059: val_loss 0.7433
2026-01-04 19:06:55.495650: val classification accuracy 0.4583
2026-01-04 19:06:55.498954: val auc 0.4557
2026-01-04 19:06:55.502291: Epoch time: 51.05 s
2026-01-04 19:06:56.395713: 
2026-01-04 19:06:56.399981: Epoch 121
2026-01-04 19:06:56.402981: Current learning rate: 6e-05
2026-01-04 19:07:50.407690: train_loss 0.6815
2026-01-04 19:07:50.415078: val_loss 0.6897
2026-01-04 19:07:50.419585: val classification accuracy 0.625
2026-01-04 19:07:50.424868: val auc 0.6007
2026-01-04 19:07:50.428209: Epoch time: 54.01 s
2026-01-04 19:07:51.972702: 
2026-01-04 19:07:51.976951: Epoch 122
2026-01-04 19:07:51.980191: Current learning rate: 6e-05
2026-01-04 19:08:41.231650: train_loss 0.6566
2026-01-04 19:08:41.255281: val_loss 0.663
2026-01-04 19:08:41.258614: val classification accuracy 0.625
2026-01-04 19:08:41.261754: val auc 0.6545
2026-01-04 19:08:41.264889: Epoch time: 49.26 s
2026-01-04 19:08:42.087457: 
2026-01-04 19:08:42.091524: Epoch 123
2026-01-04 19:08:42.094482: Current learning rate: 6e-05
2026-01-04 19:09:36.245258: train_loss 0.6677
2026-01-04 19:09:36.249960: val_loss 0.7291
2026-01-04 19:09:36.253257: val classification accuracy 0.5
2026-01-04 19:09:36.266508: val auc 0.4757
2026-01-04 19:09:36.288135: Epoch time: 54.16 s
2026-01-04 19:09:37.057314: 
2026-01-04 19:09:37.063321: Epoch 124
2026-01-04 19:09:37.067291: Current learning rate: 6e-05
2026-01-04 19:10:30.625385: train_loss 0.6514
2026-01-04 19:10:30.648678: val_loss 0.7145
2026-01-04 19:10:30.652944: val classification accuracy 0.5417
2026-01-04 19:10:30.657223: val auc 0.5903
2026-01-04 19:10:30.660710: Epoch time: 53.57 s
2026-01-04 19:10:31.616456: 
2026-01-04 19:10:31.620518: Epoch 125
2026-01-04 19:10:31.623848: Current learning rate: 6e-05
2026-01-04 19:11:24.458256: train_loss 0.6743
2026-01-04 19:11:24.485389: val_loss 0.72
2026-01-04 19:11:24.489293: val classification accuracy 0.5
2026-01-04 19:11:24.492614: val auc 0.5139
2026-01-04 19:11:24.501859: Epoch time: 52.84 s
2026-01-04 19:11:25.357864: 
2026-01-04 19:11:25.362343: Epoch 126
2026-01-04 19:11:25.365065: Current learning rate: 6e-05
2026-01-04 19:12:17.040403: train_loss 0.6516
2026-01-04 19:12:17.051718: val_loss 0.7532
2026-01-04 19:12:17.058963: val classification accuracy 0.4583
2026-01-04 19:12:17.065177: val auc 0.4288
2026-01-04 19:12:17.078087: Epoch time: 51.68 s
2026-01-04 19:12:17.940845: 
2026-01-04 19:12:17.959925: Epoch 127
2026-01-04 19:12:17.963339: Current learning rate: 6e-05
2026-01-04 19:13:12.674620: train_loss 0.6636
2026-01-04 19:13:12.679639: val_loss 0.7321
2026-01-04 19:13:12.730091: val classification accuracy 0.5208
2026-01-04 19:13:12.733294: val auc 0.5156
2026-01-04 19:13:12.747684: Epoch time: 54.73 s
2026-01-04 19:13:13.628449: 
2026-01-04 19:13:13.633006: Epoch 128
2026-01-04 19:13:13.636332: Current learning rate: 6e-05
2026-01-04 19:14:05.012948: train_loss 0.6782
2026-01-04 19:14:05.017403: val_loss 0.7093
2026-01-04 19:14:05.040820: val classification accuracy 0.4167
2026-01-04 19:14:05.044515: val auc 0.4427
2026-01-04 19:14:05.051490: Epoch time: 51.39 s
2026-01-04 19:14:05.906612: 
2026-01-04 19:14:05.910436: Epoch 129
2026-01-04 19:14:05.913314: Current learning rate: 6e-05
2026-01-04 19:14:59.239393: train_loss 0.6591
2026-01-04 19:14:59.245089: val_loss 0.681
2026-01-04 19:14:59.248667: val classification accuracy 0.5625
2026-01-04 19:14:59.251991: val auc 0.6068
2026-01-04 19:14:59.255006: Epoch time: 53.33 s
2026-01-04 19:15:00.112099: 
2026-01-04 19:15:00.115957: Epoch 130
2026-01-04 19:15:00.119049: Current learning rate: 6e-05
2026-01-04 19:15:50.617680: train_loss 0.6642
2026-01-04 19:15:50.622743: val_loss 0.6744
2026-01-04 19:15:50.626625: val classification accuracy 0.5625
2026-01-04 19:15:50.630340: val auc 0.599
2026-01-04 19:15:50.634278: Epoch time: 50.51 s
2026-01-04 19:15:51.446440: 
2026-01-04 19:15:51.450003: Epoch 131
2026-01-04 19:15:51.452872: Current learning rate: 6e-05
2026-01-04 19:16:49.953938: train_loss 0.6512
2026-01-04 19:16:49.979843: val_loss 0.6634
2026-01-04 19:16:49.992543: val classification accuracy 0.625
2026-01-04 19:16:49.998986: val auc 0.6181
2026-01-04 19:16:50.005774: Epoch time: 58.51 s
2026-01-04 19:16:50.873184: 
2026-01-04 19:16:50.876799: Epoch 132
2026-01-04 19:16:50.879857: Current learning rate: 6e-05
2026-01-04 19:17:44.109744: train_loss 0.6433
2026-01-04 19:17:44.115194: val_loss 0.7741
2026-01-04 19:17:44.149992: val classification accuracy 0.4583
2026-01-04 19:17:44.153680: val auc 0.3941
2026-01-04 19:17:44.158803: Epoch time: 53.24 s
2026-01-04 19:17:45.096419: 
2026-01-04 19:17:45.100371: Epoch 133
2026-01-04 19:17:45.103163: Current learning rate: 6e-05
2026-01-04 19:18:39.308275: train_loss 0.6651
2026-01-04 19:18:39.314051: val_loss 0.8167
2026-01-04 19:18:39.317557: val classification accuracy 0.375
2026-01-04 19:18:39.320321: val auc 0.3655
2026-01-04 19:18:39.323259: Epoch time: 54.21 s
2026-01-04 19:18:40.176410: 
2026-01-04 19:18:40.180496: Epoch 134
2026-01-04 19:18:40.183871: Current learning rate: 6e-05
2026-01-04 19:19:35.458599: train_loss 0.6437
2026-01-04 19:19:35.490005: val_loss 0.7096
2026-01-04 19:19:35.494189: val classification accuracy 0.4375
2026-01-04 19:19:35.497885: val auc 0.4644
2026-01-04 19:19:35.500777: Epoch time: 55.28 s
2026-01-04 19:19:36.354419: 
2026-01-04 19:19:36.359112: Epoch 135
2026-01-04 19:19:36.362571: Current learning rate: 6e-05
2026-01-04 19:20:28.333834: train_loss 0.656
2026-01-04 19:20:28.357438: val_loss 0.7082
2026-01-04 19:20:28.360666: val classification accuracy 0.5
2026-01-04 19:20:28.363693: val auc 0.5208
2026-01-04 19:20:28.379264: Epoch time: 51.98 s
2026-01-04 19:20:29.740508: 
2026-01-04 19:20:29.744060: Epoch 136
2026-01-04 19:20:29.746679: Current learning rate: 6e-05
2026-01-04 19:21:22.230944: train_loss 0.6798
2026-01-04 19:21:22.236519: val_loss 0.708
2026-01-04 19:21:22.240581: val classification accuracy 0.4375
2026-01-04 19:21:22.243931: val auc 0.5017
2026-01-04 19:21:22.247036: Epoch time: 52.49 s
2026-01-04 19:21:23.163801: 
2026-01-04 19:21:23.168012: Epoch 137
2026-01-04 19:21:23.170995: Current learning rate: 6e-05
2026-01-04 19:22:16.142243: train_loss 0.627
2026-01-04 19:22:16.149328: val_loss 0.7555
2026-01-04 19:22:16.153588: val classification accuracy 0.5625
2026-01-04 19:22:16.157350: val auc 0.5469
2026-01-04 19:22:16.161284: Epoch time: 52.98 s
2026-01-04 19:22:17.039722: 
2026-01-04 19:22:17.043772: Epoch 138
2026-01-04 19:22:17.046995: Current learning rate: 6e-05
2026-01-04 19:23:09.953209: train_loss 0.6584
2026-01-04 19:23:09.965445: val_loss 0.7309
2026-01-04 19:23:09.969651: val classification accuracy 0.5417
2026-01-04 19:23:09.972707: val auc 0.5503
2026-01-04 19:23:09.975943: Epoch time: 52.91 s
2026-01-04 19:23:10.949084: 
2026-01-04 19:23:10.953434: Epoch 139
2026-01-04 19:23:10.956630: Current learning rate: 6e-05
2026-01-04 19:24:06.125124: train_loss 0.655
2026-01-04 19:24:06.146570: val_loss 0.7655
2026-01-04 19:24:06.154135: val classification accuracy 0.4375
2026-01-04 19:24:06.176345: val auc 0.4123
2026-01-04 19:24:06.190370: Epoch time: 55.18 s
2026-01-04 19:24:07.137320: 
2026-01-04 19:24:07.141047: Epoch 140
2026-01-04 19:24:07.143705: Current learning rate: 6e-05
2026-01-04 19:25:00.927302: train_loss 0.663
2026-01-04 19:25:00.932489: val_loss 0.6942
2026-01-04 19:25:00.936023: val classification accuracy 0.375
2026-01-04 19:25:00.939487: val auc 0.3698
2026-01-04 19:25:00.942915: Epoch time: 53.79 s
2026-01-04 19:25:01.859763: 
2026-01-04 19:25:01.863889: Epoch 141
2026-01-04 19:25:01.866812: Current learning rate: 6e-05
2026-01-04 19:25:53.145622: train_loss 0.6499
2026-01-04 19:25:53.185061: val_loss 0.7359
2026-01-04 19:25:53.188657: val classification accuracy 0.4167
2026-01-04 19:25:53.192024: val auc 0.4453
2026-01-04 19:25:53.195473: Epoch time: 51.29 s
2026-01-04 19:25:54.017336: 
2026-01-04 19:25:54.020955: Epoch 142
2026-01-04 19:25:54.023790: Current learning rate: 6e-05
2026-01-04 19:26:49.308509: train_loss 0.6622
2026-01-04 19:26:49.327340: val_loss 0.6102
2026-01-04 19:26:49.330748: val classification accuracy 0.6667
2026-01-04 19:26:49.334578: val auc 0.7378
2026-01-04 19:26:49.337792: Epoch time: 55.29 s
2026-01-04 19:26:50.170461: 
2026-01-04 19:26:50.174284: Epoch 143
2026-01-04 19:26:50.177232: Current learning rate: 6e-05
2026-01-04 19:27:41.105621: train_loss 0.6486
2026-01-04 19:27:41.110445: val_loss 0.6807
2026-01-04 19:27:41.113257: val classification accuracy 0.5625
2026-01-04 19:27:41.116588: val auc 0.6198
2026-01-04 19:27:41.120673: Epoch time: 50.94 s
2026-01-04 19:27:41.982393: 
2026-01-04 19:27:41.987236: Epoch 144
2026-01-04 19:27:41.990471: Current learning rate: 6e-05
2026-01-04 19:28:36.067217: train_loss 0.6641
2026-01-04 19:28:36.072639: val_loss 0.7161
2026-01-04 19:28:36.076061: val classification accuracy 0.5417
2026-01-04 19:28:36.079365: val auc 0.4948
2026-01-04 19:28:36.082574: Epoch time: 54.09 s
2026-01-04 19:28:36.936309: 
2026-01-04 19:28:36.940030: Epoch 145
2026-01-04 19:28:36.943099: Current learning rate: 6e-05
2026-01-04 19:29:33.358568: train_loss 0.6616
2026-01-04 19:29:33.364216: val_loss 0.6593
2026-01-04 19:29:33.367781: val classification accuracy 0.5417
2026-01-04 19:29:33.371076: val auc 0.6059
2026-01-04 19:29:33.374556: Epoch time: 56.42 s
2026-01-04 19:29:34.207394: 
2026-01-04 19:29:34.210967: Epoch 146
2026-01-04 19:29:34.213666: Current learning rate: 5e-05
2026-01-04 19:30:31.181634: train_loss 0.6386
2026-01-04 19:30:31.204679: val_loss 0.7206
2026-01-04 19:30:31.208569: val classification accuracy 0.5417
2026-01-04 19:30:31.212286: val auc 0.5425
2026-01-04 19:30:31.219419: Epoch time: 56.98 s
2026-01-04 19:30:32.169747: 
2026-01-04 19:30:32.173980: Epoch 147
2026-01-04 19:30:32.177113: Current learning rate: 5e-05
2026-01-04 19:31:30.976415: train_loss 0.6633
2026-01-04 19:31:30.997663: val_loss 0.7197
2026-01-04 19:31:31.001099: val classification accuracy 0.5208
2026-01-04 19:31:31.004562: val auc 0.4306
2026-01-04 19:31:31.008000: Epoch time: 58.81 s
2026-01-04 19:31:31.911867: 
2026-01-04 19:31:31.927039: Epoch 148
2026-01-04 19:31:31.938102: Current learning rate: 5e-05
2026-01-04 19:32:28.696409: train_loss 0.661
2026-01-04 19:32:28.702244: val_loss 0.6891
2026-01-04 19:32:28.705657: val classification accuracy 0.5
2026-01-04 19:32:28.708782: val auc 0.5095
2026-01-04 19:32:28.711694: Epoch time: 56.79 s
2026-01-04 19:32:29.664483: 
2026-01-04 19:32:29.667889: Epoch 149
2026-01-04 19:32:29.670540: Current learning rate: 5e-05
2026-01-04 19:33:23.503027: train_loss 0.6474
2026-01-04 19:33:23.512833: val_loss 0.7467
2026-01-04 19:33:23.516237: val classification accuracy 0.5208
2026-01-04 19:33:23.519687: val auc 0.4106
2026-01-04 19:33:23.523788: Epoch time: 53.84 s
2026-01-04 19:33:24.391841: 
2026-01-04 19:33:24.395633: Epoch 150
2026-01-04 19:33:24.398343: Current learning rate: 5e-05
2026-01-04 19:34:17.848707: train_loss 0.6527
2026-01-04 19:34:17.854265: val_loss 0.7358
2026-01-04 19:34:17.890673: val classification accuracy 0.5417
2026-01-04 19:34:17.894725: val auc 0.5148
2026-01-04 19:34:17.898303: Epoch time: 53.46 s
2026-01-04 19:34:18.864293: 
2026-01-04 19:34:18.868000: Epoch 151
2026-01-04 19:34:18.871103: Current learning rate: 5e-05
2026-01-04 19:35:32.460791: train_loss 0.6435
2026-01-04 19:35:32.480743: val_loss 0.6916
2026-01-04 19:35:32.485115: val classification accuracy 0.6042
2026-01-04 19:35:32.488898: val auc 0.566
2026-01-04 19:35:32.492421: Epoch time: 73.6 s
2026-01-04 19:35:33.304564: 
2026-01-04 19:35:33.308195: Epoch 152
2026-01-04 19:35:33.311080: Current learning rate: 5e-05
2026-01-04 19:36:30.859921: train_loss 0.6493
2026-01-04 19:36:30.874113: val_loss 0.7268
2026-01-04 19:36:30.892772: val classification accuracy 0.4792
2026-01-04 19:36:30.913706: val auc 0.434
2026-01-04 19:36:30.924476: Epoch time: 57.56 s
2026-01-04 19:36:31.780148: 
2026-01-04 19:36:31.784086: Epoch 153
2026-01-04 19:36:31.787033: Current learning rate: 5e-05
2026-01-04 19:37:23.260310: train_loss 0.6521
2026-01-04 19:37:23.266240: val_loss 0.7329
2026-01-04 19:37:23.269826: val classification accuracy 0.5208
2026-01-04 19:37:23.273808: val auc 0.4514
2026-01-04 19:37:23.277484: Epoch time: 51.48 s
2026-01-04 19:37:24.154419: 
2026-01-04 19:37:24.159149: Epoch 154
2026-01-04 19:37:24.162462: Current learning rate: 5e-05
2026-01-04 19:38:21.474607: train_loss 0.6539
2026-01-04 19:38:21.481468: val_loss 0.7485
2026-01-04 19:38:21.485686: val classification accuracy 0.4167
2026-01-04 19:38:21.519444: val auc 0.4201
2026-01-04 19:38:21.527055: Epoch time: 57.32 s
2026-01-04 19:38:22.404130: 
2026-01-04 19:38:22.435216: Epoch 155
2026-01-04 19:38:22.460196: Current learning rate: 5e-05
2026-01-04 19:39:17.466089: train_loss 0.6302
2026-01-04 19:39:17.490056: val_loss 0.7721
2026-01-04 19:39:17.493046: val classification accuracy 0.4792
2026-01-04 19:39:17.496488: val auc 0.4731
2026-01-04 19:39:17.499684: Epoch time: 55.06 s
2026-01-04 19:39:18.331282: 
2026-01-04 19:39:18.334963: Epoch 156
2026-01-04 19:39:18.337492: Current learning rate: 5e-05
2026-01-04 19:40:10.707272: train_loss 0.6621
2026-01-04 19:40:10.714885: val_loss 0.6874
2026-01-04 19:40:10.734535: val classification accuracy 0.5625
2026-01-04 19:40:10.738552: val auc 0.5885
2026-01-04 19:40:10.742126: Epoch time: 52.38 s
2026-01-04 19:40:10.745416: Early stopping triggered at epoch 156. Best val_losses=0.5845
2026-01-04 19:40:11.618703: Stopping training early due to early stopping criterion.
2026-01-04 19:40:16.870131: Training done.
2026-01-04 19:40:16.936577: Skipping perform_actual_validation for classification trainer (segmentation-style sliding window is not applicable).
[1;34mwandb[0m: 
[1;34mwandb[0m:  View run [33mViTTrainer_ep300_NoMirroring_x2_fold7[0m at: [34m[0m
[1;34mwandb[0m: Find logs at: [1;35m../../tmp/wandb/wandb/run-20260104_171500-fawx23nc/logs[0m
