Using device: cuda:0

#######################################################################
Please cite the following paper when using nnU-Net:
Isensee, F., Jaeger, P. F., Kohl, S. A., Petersen, J., & Maier-Hein, K. H. (2021). nnU-Net: a self-configuring method for deep learning-based biomedical image segmentation. Nature methods, 18(2), 203-211.
#######################################################################

2026-01-04 19:40:41.237244: Using torch.compile...
2026-01-04 19:40:46.098145: do_dummy_2d_data_aug: False
2026-01-04 19:40:46.101854: Using splits from existing split file: /hpf/projects/jquon/sumin/nnUNet_data/nnUNet_preprocessed/Dataset033_AVM_T1+C/splits_final.json
2026-01-04 19:40:46.107469: The split file contains 11 splits.
2026-01-04 19:40:46.109553: Desired fold for training: 10
2026-01-04 19:40:46.111338: This split has 472 training and 40 validation cases.
using pin_memory on device 0
using pin_memory on device 0

This is the configuration used by this training:
Configuration name: 3d_fullres
 {'data_identifier': 'nnUNetPlans_3d_fullres', 'preprocessor_name': 'DefaultPreprocessor', 'batch_size': 2, 'patch_size': [160, 224, 192], 'median_image_size_in_voxels': [344.0, 448.0, 429.0], 'spacing': [0.500000923871994, 0.4910714328289032, 0.4910714328289032], 'normalization_schemes': ['ZScoreNormalization'], 'use_mask_for_norm': [False], 'resampling_fn_data': 'resample_data_or_seg_to_shape', 'resampling_fn_seg': 'resample_data_or_seg_to_shape', 'resampling_fn_data_kwargs': {'is_seg': False, 'order': 3, 'order_z': 0, 'force_separate_z': None}, 'resampling_fn_seg_kwargs': {'is_seg': True, 'order': 1, 'order_z': 0, 'force_separate_z': None}, 'resampling_fn_probabilities': 'resample_data_or_seg_to_shape', 'resampling_fn_probabilities_kwargs': {'is_seg': False, 'order': 1, 'order_z': 0, 'force_separate_z': None}, 'architecture': {'network_class_name': 'dynamic_network_architectures.architectures.unet.ResidualEncoderUNet', 'arch_kwargs': {'n_stages': 6, 'features_per_stage': [32, 64, 128, 256, 320, 320], 'conv_op': 'torch.nn.modules.conv.Conv3d', 'kernel_sizes': [[3, 3, 3], [3, 3, 3], [3, 3, 3], [3, 3, 3], [3, 3, 3], [3, 3, 3]], 'strides': [[1, 1, 1], [2, 2, 2], [2, 2, 2], [2, 2, 2], [2, 2, 2], [2, 2, 2]], 'n_blocks_per_stage': [1, 3, 4, 6, 6, 6], 'n_conv_per_stage_decoder': [1, 1, 1, 1, 1], 'conv_bias': True, 'norm_op': 'torch.nn.modules.instancenorm.InstanceNorm3d', 'norm_op_kwargs': {'eps': 1e-05, 'affine': True}, 'dropout_op': None, 'dropout_op_kwargs': None, 'nonlin': 'torch.nn.LeakyReLU', 'nonlin_kwargs': {'inplace': True}}, '_kw_requires_import': ['conv_op', 'norm_op', 'dropout_op', 'nonlin']}, 'batch_dice': True} 

These are the global plan.json settings:
 {'dataset_name': 'Dataset033_AVM_T1+C', 'plans_name': 'nnUNetResEncUNetLPlans', 'original_median_spacing_after_transp': [0.500000923871994, 0.4910714328289032, 0.4910714328289032], 'original_median_shape_after_transp': [330, 448, 424], 'image_reader_writer': 'SimpleITKIO', 'transpose_forward': [0, 1, 2], 'transpose_backward': [0, 1, 2], 'experiment_planner_used': 'nnUNetPlannerResEncL', 'label_manager': 'LabelManager', 'foreground_intensity_properties_per_channel': {'0': {'max': 12113.0, 'mean': 449.843505859375, 'median': 311.0, 'min': 0.0, 'percentile_00_5': 34.0, 'percentile_99_5': 3202.0, 'std': 471.56329345703125}}} 

2026-01-04 19:40:49.098003: Unable to plot network architecture: nnUNet_compile is enabled!
2026-01-04 19:40:49.143321: 
2026-01-04 19:40:49.173894: Epoch 0
2026-01-04 19:40:49.177051: Current learning rate: 0.0001
2026-01-04 19:42:16.588694: train_loss 0.7581
2026-01-04 19:42:16.592756: val_loss 0.6932
2026-01-04 19:42:16.595171: val classification accuracy 0.5
2026-01-04 19:42:16.597554: val auc 0.59
2026-01-04 19:42:16.599834: Epoch time: 87.45 s
2026-01-04 19:42:16.601672: Yayy! New best EMA pseudo Dice: 0.59
2026-01-04 19:42:21.727101: Yayy! New best classification accuracy: 0.5
2026-01-04 19:42:26.066830: 
2026-01-04 19:42:26.069949: Epoch 1
2026-01-04 19:42:26.071931: Current learning rate: 0.0001
2026-01-04 19:43:18.724350: train_loss 0.7143
2026-01-04 19:43:18.732486: val_loss 0.6936
2026-01-04 19:43:18.736248: val classification accuracy 0.55
2026-01-04 19:43:18.739172: val auc 0.515
2026-01-04 19:43:18.742014: Epoch time: 52.66 s
2026-01-04 19:43:18.744335: Yayy! New best classification accuracy: 0.55
2026-01-04 19:43:25.180988: 
2026-01-04 19:43:25.183537: Epoch 2
2026-01-04 19:43:25.185193: Current learning rate: 0.0001
2026-01-04 19:44:19.636991: train_loss 0.6947
2026-01-04 19:44:19.642960: val_loss 0.6763
2026-01-04 19:44:19.645304: val classification accuracy 0.65
2026-01-04 19:44:19.648493: val auc 0.6612
2026-01-04 19:44:19.651045: Epoch time: 54.46 s
2026-01-04 19:44:19.653546: Yayy! New best EMA pseudo Dice: 0.6612
2026-01-04 19:44:25.141068: Yayy! New best classification accuracy: 0.65
2026-01-04 19:44:29.809496: 
2026-01-04 19:44:29.812408: Epoch 3
2026-01-04 19:44:29.814288: Current learning rate: 0.0001
2026-01-04 19:45:23.631342: train_loss 0.6832
2026-01-04 19:45:23.635991: val_loss 0.6742
2026-01-04 19:45:23.638551: val classification accuracy 0.55
2026-01-04 19:45:23.640888: val auc 0.625
2026-01-04 19:45:23.643542: Epoch time: 53.82 s
2026-01-04 19:45:24.539985: 
2026-01-04 19:45:24.543301: Epoch 4
2026-01-04 19:45:24.546005: Current learning rate: 0.0001
2026-01-04 19:46:18.052940: train_loss 0.6887
2026-01-04 19:46:18.081365: val_loss 0.6717
2026-01-04 19:46:18.084343: val classification accuracy 0.6
2026-01-04 19:46:18.090409: val auc 0.6312
2026-01-04 19:46:18.092592: Epoch time: 53.51 s
2026-01-04 19:46:19.025427: 
2026-01-04 19:46:19.028674: Epoch 5
2026-01-04 19:46:19.030737: Current learning rate: 0.0001
2026-01-04 19:47:19.568823: train_loss 0.6909
2026-01-04 19:47:19.573137: val_loss 0.7393
2026-01-04 19:47:19.575839: val classification accuracy 0.5
2026-01-04 19:47:19.578180: val auc 0.445
2026-01-04 19:47:19.588400: Epoch time: 60.54 s
2026-01-04 19:47:20.527494: 
2026-01-04 19:47:20.530941: Epoch 6
2026-01-04 19:47:20.534975: Current learning rate: 0.0001
2026-01-04 19:48:13.314294: train_loss 0.69
2026-01-04 19:48:13.318493: val_loss 0.672
2026-01-04 19:48:13.320868: val classification accuracy 0.55
2026-01-04 19:48:13.323144: val auc 0.61
2026-01-04 19:48:13.325460: Epoch time: 52.79 s
2026-01-04 19:48:14.195964: 
2026-01-04 19:48:14.198951: Epoch 7
2026-01-04 19:48:14.201002: Current learning rate: 0.0001
2026-01-04 19:49:09.148587: train_loss 0.691
2026-01-04 19:49:09.152837: val_loss 0.7358
2026-01-04 19:49:09.155120: val classification accuracy 0.475
2026-01-04 19:49:09.157355: val auc 0.4512
2026-01-04 19:49:09.159487: Epoch time: 54.95 s
2026-01-04 19:49:09.986565: 
2026-01-04 19:49:09.990045: Epoch 8
2026-01-04 19:49:09.992146: Current learning rate: 0.0001
2026-01-04 19:50:03.769561: train_loss 0.6956
2026-01-04 19:50:03.814888: val_loss 0.7004
2026-01-04 19:50:03.820573: val classification accuracy 0.45
2026-01-04 19:50:03.823543: val auc 0.52
2026-01-04 19:50:03.826084: Epoch time: 53.78 s
2026-01-04 19:50:04.653593: 
2026-01-04 19:50:04.657630: Epoch 9
2026-01-04 19:50:04.660379: Current learning rate: 0.0001
2026-01-04 19:51:00.061330: train_loss 0.6965
2026-01-04 19:51:00.064978: val_loss 0.7095
2026-01-04 19:51:00.067916: val classification accuracy 0.45
2026-01-04 19:51:00.070524: val auc 0.4438
2026-01-04 19:51:00.076810: Epoch time: 55.41 s
2026-01-04 19:51:00.998416: 
2026-01-04 19:51:01.001903: Epoch 10
2026-01-04 19:51:01.004270: Current learning rate: 0.0001
2026-01-04 19:51:57.284213: train_loss 0.6925
2026-01-04 19:51:57.293535: val_loss 0.7178
2026-01-04 19:51:57.296584: val classification accuracy 0.4
2026-01-04 19:51:57.299389: val auc 0.37
2026-01-04 19:51:57.301870: Epoch time: 56.29 s
2026-01-04 19:51:58.174747: 
2026-01-04 19:51:58.178424: Epoch 11
2026-01-04 19:51:58.181105: Current learning rate: 0.0001
2026-01-04 19:52:53.165702: train_loss 0.6832
2026-01-04 19:52:53.172561: val_loss 0.6668
2026-01-04 19:52:53.175512: val classification accuracy 0.55
2026-01-04 19:52:53.178264: val auc 0.655
2026-01-04 19:52:53.187288: Epoch time: 54.99 s
2026-01-04 19:52:54.117728: 
2026-01-04 19:52:54.121582: Epoch 12
2026-01-04 19:52:54.124115: Current learning rate: 0.0001
2026-01-04 19:53:51.493388: train_loss 0.687
2026-01-04 19:53:51.516538: val_loss 0.6816
2026-01-04 19:53:51.520192: val classification accuracy 0.525
2026-01-04 19:53:51.524194: val auc 0.5962
2026-01-04 19:53:51.527364: Epoch time: 57.38 s
2026-01-04 19:53:52.446264: 
2026-01-04 19:53:52.449779: Epoch 13
2026-01-04 19:53:52.452431: Current learning rate: 0.0001
2026-01-04 19:54:47.452897: train_loss 0.688
2026-01-04 19:54:47.458099: val_loss 0.6969
2026-01-04 19:54:47.473748: val classification accuracy 0.425
2026-01-04 19:54:47.476955: val auc 0.5262
2026-01-04 19:54:47.480057: Epoch time: 55.01 s
2026-01-04 19:54:48.387552: 
2026-01-04 19:54:48.390825: Epoch 14
2026-01-04 19:54:48.393177: Current learning rate: 0.0001
2026-01-04 19:55:45.484014: train_loss 0.67
2026-01-04 19:55:45.501952: val_loss 0.7366
2026-01-04 19:55:45.504643: val classification accuracy 0.4
2026-01-04 19:55:45.507451: val auc 0.3913
2026-01-04 19:55:45.510633: Epoch time: 57.1 s
2026-01-04 19:55:46.363682: 
2026-01-04 19:55:46.367129: Epoch 15
2026-01-04 19:55:46.369725: Current learning rate: 0.0001
2026-01-04 19:56:38.979766: train_loss 0.6963
2026-01-04 19:56:38.984708: val_loss 0.6756
2026-01-04 19:56:38.988620: val classification accuracy 0.625
2026-01-04 19:56:38.992263: val auc 0.5262
2026-01-04 19:56:38.995566: Epoch time: 52.62 s
2026-01-04 19:56:39.830815: 
2026-01-04 19:56:39.834453: Epoch 16
2026-01-04 19:56:39.836911: Current learning rate: 0.0001
2026-01-04 19:57:32.846789: train_loss 0.6891
2026-01-04 19:57:32.851766: val_loss 0.7123
2026-01-04 19:57:32.854919: val classification accuracy 0.475
2026-01-04 19:57:32.858108: val auc 0.4612
2026-01-04 19:57:32.883859: Epoch time: 53.02 s
2026-01-04 19:57:33.790451: 
2026-01-04 19:57:33.794472: Epoch 17
2026-01-04 19:57:33.797172: Current learning rate: 9e-05
2026-01-04 19:58:30.551036: train_loss 0.674
2026-01-04 19:58:30.560457: val_loss 0.7253
2026-01-04 19:58:30.563008: val classification accuracy 0.4
2026-01-04 19:58:30.565687: val auc 0.435
2026-01-04 19:58:30.569022: Epoch time: 56.76 s
2026-01-04 19:58:31.410538: 
2026-01-04 19:58:31.413981: Epoch 18
2026-01-04 19:58:31.416402: Current learning rate: 9e-05
2026-01-04 19:59:25.955752: train_loss 0.6791
2026-01-04 19:59:25.971375: val_loss 0.7148
2026-01-04 19:59:25.974942: val classification accuracy 0.625
2026-01-04 19:59:25.978519: val auc 0.5775
2026-01-04 19:59:25.982620: Epoch time: 54.55 s
2026-01-04 19:59:26.833008: 
2026-01-04 19:59:26.836823: Epoch 19
2026-01-04 19:59:26.839319: Current learning rate: 9e-05
2026-01-04 20:00:25.778475: train_loss 0.6923
2026-01-04 20:00:25.801207: val_loss 0.6823
2026-01-04 20:00:25.806061: val classification accuracy 0.55
2026-01-04 20:00:25.809237: val auc 0.6262
2026-01-04 20:00:25.812404: Epoch time: 58.95 s
2026-01-04 20:00:31.237339: Saved periodic checkpoint /hpf/projects/jquon/sumin/nnUNet_data/nnUNet_results/Dataset033_AVM_T1+C/ViTTrainer_ep300_NoMirroring_x2__nnUNetResEncUNetLPlans__3d_fullres/fold_10/checkpoint_every20_best_balacc.pth at epoch 19 with val_balanced_accuracy=0.5500
2026-01-04 20:00:34.707754: Saved periodic checkpoint /hpf/projects/jquon/sumin/nnUNet_data/nnUNet_results/Dataset033_AVM_T1+C/ViTTrainer_ep300_NoMirroring_x2__nnUNetResEncUNetLPlans__3d_fullres/fold_10/checkpoint_every20_best_auroc.pth at epoch 19 with val_auc=0.6262
2026-01-04 20:00:35.477558: 
2026-01-04 20:00:35.480933: Epoch 20
2026-01-04 20:00:35.483214: Current learning rate: 9e-05
2026-01-04 20:01:25.529995: train_loss 0.6881
2026-01-04 20:01:25.535731: val_loss 0.7126
2026-01-04 20:01:25.539295: val classification accuracy 0.5
2026-01-04 20:01:25.542468: val auc 0.395
2026-01-04 20:01:25.546635: Epoch time: 50.05 s
2026-01-04 20:01:26.413924: 
2026-01-04 20:01:26.418121: Epoch 21
2026-01-04 20:01:26.420714: Current learning rate: 9e-05
2026-01-04 20:02:22.638988: train_loss 0.6813
2026-01-04 20:02:22.643727: val_loss 0.7538
2026-01-04 20:02:22.646733: val classification accuracy 0.5
2026-01-04 20:02:22.649479: val auc 0.595
2026-01-04 20:02:22.652443: Epoch time: 56.23 s
2026-01-04 20:02:23.507685: 
2026-01-04 20:02:23.510893: Epoch 22
2026-01-04 20:02:23.513335: Current learning rate: 9e-05
2026-01-04 20:03:15.946495: train_loss 0.6893
2026-01-04 20:03:15.959952: val_loss 0.6907
2026-01-04 20:03:15.963500: val classification accuracy 0.525
2026-01-04 20:03:15.967288: val auc 0.5312
2026-01-04 20:03:15.970494: Epoch time: 52.44 s
2026-01-04 20:03:16.872641: 
2026-01-04 20:03:16.876481: Epoch 23
2026-01-04 20:03:16.879143: Current learning rate: 9e-05
2026-01-04 20:04:12.464910: train_loss 0.6752
2026-01-04 20:04:12.469241: val_loss 0.7131
2026-01-04 20:04:12.473937: val classification accuracy 0.375
2026-01-04 20:04:12.477293: val auc 0.4375
2026-01-04 20:04:12.481364: Epoch time: 55.59 s
2026-01-04 20:04:13.313469: 
2026-01-04 20:04:13.317712: Epoch 24
2026-01-04 20:04:13.320418: Current learning rate: 9e-05
2026-01-04 20:05:04.842783: train_loss 0.6757
2026-01-04 20:05:04.847566: val_loss 0.705
2026-01-04 20:05:04.850260: val classification accuracy 0.475
2026-01-04 20:05:04.853017: val auc 0.57
2026-01-04 20:05:04.855528: Epoch time: 51.53 s
2026-01-04 20:05:05.681307: 
2026-01-04 20:05:05.684834: Epoch 25
2026-01-04 20:05:05.687251: Current learning rate: 9e-05
2026-01-04 20:05:54.794235: train_loss 0.6796
2026-01-04 20:05:54.800370: val_loss 0.7184
2026-01-04 20:05:54.803952: val classification accuracy 0.475
2026-01-04 20:05:54.808136: val auc 0.4775
2026-01-04 20:05:54.812733: Epoch time: 49.11 s
2026-01-04 20:05:55.707971: 
2026-01-04 20:05:55.712331: Epoch 26
2026-01-04 20:05:55.715106: Current learning rate: 9e-05
2026-01-04 20:06:50.874646: train_loss 0.6882
2026-01-04 20:06:50.880162: val_loss 0.7268
2026-01-04 20:06:50.883580: val classification accuracy 0.5
2026-01-04 20:06:50.886822: val auc 0.475
2026-01-04 20:06:50.889860: Epoch time: 55.17 s
2026-01-04 20:06:51.826229: 
2026-01-04 20:06:51.829644: Epoch 27
2026-01-04 20:06:51.832318: Current learning rate: 9e-05
2026-01-04 20:07:46.947914: train_loss 0.6825
2026-01-04 20:07:46.962428: val_loss 0.7597
2026-01-04 20:07:46.965531: val classification accuracy 0.4
2026-01-04 20:07:46.968556: val auc 0.345
2026-01-04 20:07:46.982703: Epoch time: 55.12 s
2026-01-04 20:07:48.695511: 
2026-01-04 20:07:48.698534: Epoch 28
2026-01-04 20:07:48.700766: Current learning rate: 9e-05
2026-01-04 20:08:42.355680: train_loss 0.66
2026-01-04 20:08:42.360177: val_loss 0.7234
2026-01-04 20:08:42.363009: val classification accuracy 0.5
2026-01-04 20:08:42.365523: val auc 0.535
2026-01-04 20:08:42.368230: Epoch time: 53.66 s
2026-01-04 20:08:43.208776: 
2026-01-04 20:08:43.212416: Epoch 29
2026-01-04 20:08:43.214762: Current learning rate: 9e-05
2026-01-04 20:09:40.212978: train_loss 0.683
2026-01-04 20:09:40.222755: val_loss 0.7114
2026-01-04 20:09:40.226551: val classification accuracy 0.475
2026-01-04 20:09:40.230020: val auc 0.5475
2026-01-04 20:09:40.234180: Epoch time: 57.01 s
2026-01-04 20:09:41.110744: 
2026-01-04 20:09:41.114462: Epoch 30
2026-01-04 20:09:41.117165: Current learning rate: 9e-05
2026-01-04 20:10:34.424990: train_loss 0.6847
2026-01-04 20:10:34.430906: val_loss 0.7092
2026-01-04 20:10:34.454199: val classification accuracy 0.5
2026-01-04 20:10:34.458432: val auc 0.4975
2026-01-04 20:10:34.462012: Epoch time: 53.32 s
2026-01-04 20:10:35.511596: 
2026-01-04 20:10:35.515413: Epoch 31
2026-01-04 20:10:35.518465: Current learning rate: 9e-05
2026-01-04 20:11:28.400518: train_loss 0.6662
2026-01-04 20:11:28.405858: val_loss 0.8591
2026-01-04 20:11:28.408829: val classification accuracy 0.5
2026-01-04 20:11:28.411442: val auc 0.405
2026-01-04 20:11:28.414090: Epoch time: 52.89 s
2026-01-04 20:11:29.299599: 
2026-01-04 20:11:29.303195: Epoch 32
2026-01-04 20:11:29.306139: Current learning rate: 9e-05
2026-01-04 20:12:26.095691: train_loss 0.6947
2026-01-04 20:12:26.103394: val_loss 0.6849
2026-01-04 20:12:26.107473: val classification accuracy 0.475
2026-01-04 20:12:26.110204: val auc 0.5688
2026-01-04 20:12:26.113064: Epoch time: 56.8 s
2026-01-04 20:12:27.042906: 
2026-01-04 20:12:27.047076: Epoch 33
2026-01-04 20:12:27.049795: Current learning rate: 9e-05
2026-01-04 20:13:20.973454: train_loss 0.678
2026-01-04 20:13:21.000466: val_loss 0.7331
2026-01-04 20:13:21.004200: val classification accuracy 0.55
2026-01-04 20:13:21.008429: val auc 0.435
2026-01-04 20:13:21.011920: Epoch time: 53.93 s
2026-01-04 20:13:21.895370: 
2026-01-04 20:13:21.899025: Epoch 34
2026-01-04 20:13:21.901560: Current learning rate: 9e-05
2026-01-04 20:14:12.927911: train_loss 0.6767
2026-01-04 20:14:12.962758: val_loss 0.7138
2026-01-04 20:14:12.968607: val classification accuracy 0.375
2026-01-04 20:14:12.971022: val auc 0.4212
2026-01-04 20:14:12.973502: Epoch time: 51.03 s
2026-01-04 20:14:13.786379: 
2026-01-04 20:14:13.789695: Epoch 35
2026-01-04 20:14:13.792144: Current learning rate: 9e-05
2026-01-04 20:15:07.637784: train_loss 0.6649
2026-01-04 20:15:07.647168: val_loss 0.7138
2026-01-04 20:15:07.651104: val classification accuracy 0.55
2026-01-04 20:15:07.663607: val auc 0.5275
2026-01-04 20:15:07.681347: Epoch time: 53.85 s
2026-01-04 20:15:08.647856: 
2026-01-04 20:15:08.651619: Epoch 36
2026-01-04 20:15:08.654056: Current learning rate: 9e-05
2026-01-04 20:16:04.502007: train_loss 0.6881
2026-01-04 20:16:04.517828: val_loss 0.7518
2026-01-04 20:16:04.527665: val classification accuracy 0.35
2026-01-04 20:16:04.531123: val auc 0.3775
2026-01-04 20:16:04.534537: Epoch time: 55.86 s
2026-01-04 20:16:05.428812: 
2026-01-04 20:16:05.432346: Epoch 37
2026-01-04 20:16:05.434678: Current learning rate: 9e-05
2026-01-04 20:17:02.309911: train_loss 0.6852
2026-01-04 20:17:02.315181: val_loss 0.7271
2026-01-04 20:17:02.317967: val classification accuracy 0.425
2026-01-04 20:17:02.320527: val auc 0.455
2026-01-04 20:17:02.323739: Epoch time: 56.88 s
2026-01-04 20:17:03.271369: 
2026-01-04 20:17:03.274859: Epoch 38
2026-01-04 20:17:03.277292: Current learning rate: 9e-05
2026-01-04 20:18:02.302994: train_loss 0.6775
2026-01-04 20:18:02.334527: val_loss 0.7496
2026-01-04 20:18:02.337764: val classification accuracy 0.55
2026-01-04 20:18:02.340595: val auc 0.44
2026-01-04 20:18:02.343402: Epoch time: 59.03 s
2026-01-04 20:18:03.234086: 
2026-01-04 20:18:03.237616: Epoch 39
2026-01-04 20:18:03.240209: Current learning rate: 9e-05
2026-01-04 20:18:57.760712: train_loss 0.6761
2026-01-04 20:18:57.765549: val_loss 0.6747
2026-01-04 20:18:57.768646: val classification accuracy 0.575
2026-01-04 20:18:57.771991: val auc 0.6175
2026-01-04 20:18:57.775054: Epoch time: 54.53 s
2026-01-04 20:19:03.404642: Saved periodic checkpoint /hpf/projects/jquon/sumin/nnUNet_data/nnUNet_results/Dataset033_AVM_T1+C/ViTTrainer_ep300_NoMirroring_x2__nnUNetResEncUNetLPlans__3d_fullres/fold_10/checkpoint_every20_best_balacc.pth at epoch 39 with val_balanced_accuracy=0.5750
2026-01-04 20:19:04.258263: 
2026-01-04 20:19:04.262334: Epoch 40
2026-01-04 20:19:04.264868: Current learning rate: 9e-05
2026-01-04 20:20:00.413805: train_loss 0.6827
2026-01-04 20:20:00.418662: val_loss 0.7305
2026-01-04 20:20:00.421755: val classification accuracy 0.525
2026-01-04 20:20:00.424828: val auc 0.5125
2026-01-04 20:20:00.427737: Epoch time: 56.16 s
2026-01-04 20:20:01.974605: 
2026-01-04 20:20:01.978066: Epoch 41
2026-01-04 20:20:01.980641: Current learning rate: 9e-05
2026-01-04 20:20:53.113245: train_loss 0.6812
2026-01-04 20:20:53.142639: val_loss 0.6903
2026-01-04 20:20:53.146842: val classification accuracy 0.525
2026-01-04 20:20:53.151727: val auc 0.5625
2026-01-04 20:20:53.155044: Epoch time: 51.14 s
2026-01-04 20:20:53.971284: 
2026-01-04 20:20:53.974781: Epoch 42
2026-01-04 20:20:53.977355: Current learning rate: 9e-05
2026-01-04 20:21:48.386755: train_loss 0.6546
2026-01-04 20:21:48.391605: val_loss 0.7327
2026-01-04 20:21:48.395067: val classification accuracy 0.625
2026-01-04 20:21:48.399012: val auc 0.515
2026-01-04 20:21:48.406823: Epoch time: 54.42 s
2026-01-04 20:21:49.301918: 
2026-01-04 20:21:49.305614: Epoch 43
2026-01-04 20:21:49.308162: Current learning rate: 9e-05
2026-01-04 20:22:46.229187: train_loss 0.6864
2026-01-04 20:22:46.234431: val_loss 0.7211
2026-01-04 20:22:46.237660: val classification accuracy 0.4
2026-01-04 20:22:46.241841: val auc 0.4875
2026-01-04 20:22:46.245631: Epoch time: 56.93 s
2026-01-04 20:22:47.201517: 
2026-01-04 20:22:47.206094: Epoch 44
2026-01-04 20:22:47.209416: Current learning rate: 9e-05
2026-01-04 20:23:40.597062: train_loss 0.6543
2026-01-04 20:23:40.602201: val_loss 0.7786
2026-01-04 20:23:40.605402: val classification accuracy 0.575
2026-01-04 20:23:40.643657: val auc 0.5025
2026-01-04 20:23:40.647259: Epoch time: 53.4 s
2026-01-04 20:23:41.497599: 
2026-01-04 20:23:41.501385: Epoch 45
2026-01-04 20:23:41.503953: Current learning rate: 9e-05
2026-01-04 20:24:35.845795: train_loss 0.6741
2026-01-04 20:24:35.850596: val_loss 0.7287
2026-01-04 20:24:35.853915: val classification accuracy 0.45
2026-01-04 20:24:35.856898: val auc 0.4662
2026-01-04 20:24:35.862258: Epoch time: 54.35 s
2026-01-04 20:24:36.786704: 
2026-01-04 20:24:36.790077: Epoch 46
2026-01-04 20:24:36.792959: Current learning rate: 9e-05
2026-01-04 20:25:33.396249: train_loss 0.658
2026-01-04 20:25:33.407182: val_loss 0.8113
2026-01-04 20:25:33.412180: val classification accuracy 0.375
2026-01-04 20:25:33.416666: val auc 0.3062
2026-01-04 20:25:33.420743: Epoch time: 56.61 s
2026-01-04 20:25:34.313577: 
2026-01-04 20:25:34.318370: Epoch 47
2026-01-04 20:25:34.321485: Current learning rate: 9e-05
2026-01-04 20:26:32.182403: train_loss 0.675
2026-01-04 20:26:32.204417: val_loss 0.7279
2026-01-04 20:26:32.209154: val classification accuracy 0.5
2026-01-04 20:26:32.267870: val auc 0.475
2026-01-04 20:26:32.271541: Epoch time: 57.87 s
2026-01-04 20:26:33.156020: 
2026-01-04 20:26:33.170600: Epoch 48
2026-01-04 20:26:33.176336: Current learning rate: 9e-05
2026-01-04 20:27:28.118996: train_loss 0.6681
2026-01-04 20:27:28.130848: val_loss 0.7838
2026-01-04 20:27:28.133734: val classification accuracy 0.55
2026-01-04 20:27:28.137039: val auc 0.3825
2026-01-04 20:27:28.139609: Epoch time: 54.96 s
2026-01-04 20:27:29.012235: 
2026-01-04 20:27:29.015694: Epoch 49
2026-01-04 20:27:29.018131: Current learning rate: 9e-05
2026-01-04 20:28:23.043391: train_loss 0.6779
2026-01-04 20:28:23.074805: val_loss 0.7026
2026-01-04 20:28:23.078751: val classification accuracy 0.575
2026-01-04 20:28:23.081571: val auc 0.6
2026-01-04 20:28:23.084765: Epoch time: 54.03 s
2026-01-04 20:28:24.026886: 
2026-01-04 20:28:24.031864: Epoch 50
2026-01-04 20:28:24.035095: Current learning rate: 8e-05
2026-01-04 20:29:23.993299: train_loss 0.6742
2026-01-04 20:29:23.999184: val_loss 0.7217
2026-01-04 20:29:24.005136: val classification accuracy 0.575
2026-01-04 20:29:24.018589: val auc 0.535
2026-01-04 20:29:24.022226: Epoch time: 59.97 s
2026-01-04 20:29:24.841200: 
2026-01-04 20:29:24.844460: Epoch 51
2026-01-04 20:29:24.846872: Current learning rate: 8e-05
2026-01-04 20:30:15.892808: train_loss 0.6717
2026-01-04 20:30:15.923165: val_loss 0.7268
2026-01-04 20:30:15.927111: val classification accuracy 0.55
2026-01-04 20:30:15.930284: val auc 0.4775
2026-01-04 20:30:15.947745: Epoch time: 51.05 s
2026-01-04 20:30:16.795329: 
2026-01-04 20:30:16.798899: Epoch 52
2026-01-04 20:30:16.801626: Current learning rate: 8e-05
2026-01-04 20:31:06.207783: train_loss 0.6785
2026-01-04 20:31:06.214778: val_loss 0.6712
2026-01-04 20:31:06.219714: val classification accuracy 0.475
2026-01-04 20:31:06.222810: val auc 0.6
2026-01-04 20:31:06.226160: Epoch time: 49.41 s
2026-01-04 20:31:07.088736: 
2026-01-04 20:31:07.092737: Epoch 53
2026-01-04 20:31:07.095564: Current learning rate: 8e-05
2026-01-04 20:32:01.737119: train_loss 0.6887
2026-01-04 20:32:01.742007: val_loss 0.6588
2026-01-04 20:32:01.749448: val classification accuracy 0.625
2026-01-04 20:32:01.753008: val auc 0.6425
2026-01-04 20:32:01.794143: Epoch time: 54.65 s
2026-01-04 20:32:03.436226: 
2026-01-04 20:32:03.440785: Epoch 54
2026-01-04 20:32:03.444139: Current learning rate: 8e-05
2026-01-04 20:32:57.723176: train_loss 0.6659
2026-01-04 20:32:57.738073: val_loss 0.7262
2026-01-04 20:32:57.741900: val classification accuracy 0.55
2026-01-04 20:32:57.745342: val auc 0.5175
2026-01-04 20:32:57.748007: Epoch time: 54.29 s
2026-01-04 20:32:58.666695: 
2026-01-04 20:32:58.670896: Epoch 55
2026-01-04 20:32:58.674116: Current learning rate: 8e-05
2026-01-04 20:33:48.447918: train_loss 0.6827
2026-01-04 20:33:48.454350: val_loss 0.6926
2026-01-04 20:33:48.458082: val classification accuracy 0.5
2026-01-04 20:33:48.461765: val auc 0.5575
2026-01-04 20:33:48.465072: Epoch time: 49.78 s
2026-01-04 20:33:49.310848: 
2026-01-04 20:33:49.314154: Epoch 56
2026-01-04 20:33:49.316735: Current learning rate: 8e-05
2026-01-04 20:34:39.990184: train_loss 0.6762
2026-01-04 20:34:40.030224: val_loss 0.6721
2026-01-04 20:34:40.034216: val classification accuracy 0.525
2026-01-04 20:34:40.046738: val auc 0.6125
2026-01-04 20:34:40.050351: Epoch time: 50.68 s
2026-01-04 20:34:40.972570: 
2026-01-04 20:34:40.975847: Epoch 57
2026-01-04 20:34:40.978199: Current learning rate: 8e-05
2026-01-04 20:35:33.898078: train_loss 0.672
2026-01-04 20:35:33.903145: val_loss 0.7393
2026-01-04 20:35:33.911499: val classification accuracy 0.4
2026-01-04 20:35:33.914752: val auc 0.3938
2026-01-04 20:35:33.918159: Epoch time: 52.93 s
2026-01-04 20:35:34.835968: 
2026-01-04 20:35:34.839978: Epoch 58
2026-01-04 20:35:34.842888: Current learning rate: 8e-05
2026-01-04 20:36:28.781679: train_loss 0.6658
2026-01-04 20:36:28.841701: val_loss 0.7185
2026-01-04 20:36:28.849784: val classification accuracy 0.475
2026-01-04 20:36:28.853229: val auc 0.485
2026-01-04 20:36:28.856677: Epoch time: 53.95 s
2026-01-04 20:36:29.687726: 
2026-01-04 20:36:29.691959: Epoch 59
2026-01-04 20:36:29.694943: Current learning rate: 8e-05
2026-01-04 20:37:23.385261: train_loss 0.6762
2026-01-04 20:37:23.389866: val_loss 0.757
2026-01-04 20:37:23.392860: val classification accuracy 0.35
2026-01-04 20:37:23.395655: val auc 0.4137
2026-01-04 20:37:23.398269: Epoch time: 53.7 s
2026-01-04 20:37:24.228054: 
2026-01-04 20:37:24.231541: Epoch 60
2026-01-04 20:37:24.234162: Current learning rate: 8e-05
2026-01-04 20:38:17.882830: train_loss 0.6825
2026-01-04 20:38:17.895635: val_loss 0.6824
2026-01-04 20:38:17.898793: val classification accuracy 0.55
2026-01-04 20:38:17.901944: val auc 0.585
2026-01-04 20:38:17.931170: Epoch time: 53.66 s
2026-01-04 20:38:18.781526: 
2026-01-04 20:38:18.785239: Epoch 61
2026-01-04 20:38:18.787888: Current learning rate: 8e-05
2026-01-04 20:39:13.972006: train_loss 0.6714
2026-01-04 20:39:14.023333: val_loss 0.7342
2026-01-04 20:39:14.026846: val classification accuracy 0.475
2026-01-04 20:39:14.030380: val auc 0.4325
2026-01-04 20:39:14.101494: Epoch time: 55.19 s
2026-01-04 20:39:14.951678: 
2026-01-04 20:39:14.955240: Epoch 62
2026-01-04 20:39:14.958263: Current learning rate: 8e-05
2026-01-04 20:40:10.403036: train_loss 0.6623
2026-01-04 20:40:10.409945: val_loss 0.7179
2026-01-04 20:40:10.423719: val classification accuracy 0.425
2026-01-04 20:40:10.434991: val auc 0.495
2026-01-04 20:40:10.441031: Epoch time: 55.45 s
2026-01-04 20:40:11.258830: 
2026-01-04 20:40:11.262829: Epoch 63
2026-01-04 20:40:11.265758: Current learning rate: 8e-05
2026-01-04 20:41:03.409007: train_loss 0.6676
2026-01-04 20:41:03.423407: val_loss 0.6939
2026-01-04 20:41:03.426578: val classification accuracy 0.525
2026-01-04 20:41:03.429645: val auc 0.51
2026-01-04 20:41:03.432449: Epoch time: 52.15 s
2026-01-04 20:41:04.289942: 
2026-01-04 20:41:04.294076: Epoch 64
2026-01-04 20:41:04.297493: Current learning rate: 8e-05
2026-01-04 20:42:03.510306: train_loss 0.6818
2026-01-04 20:42:03.516757: val_loss 0.7325
2026-01-04 20:42:03.519841: val classification accuracy 0.425
2026-01-04 20:42:03.526234: val auc 0.455
2026-01-04 20:42:03.529818: Epoch time: 59.22 s
2026-01-04 20:42:04.409226: 
2026-01-04 20:42:04.412921: Epoch 65
2026-01-04 20:42:04.415725: Current learning rate: 8e-05
2026-01-04 20:42:56.317562: train_loss 0.6769
2026-01-04 20:42:56.321862: val_loss 0.7262
2026-01-04 20:42:56.325048: val classification accuracy 0.55
2026-01-04 20:42:56.327633: val auc 0.5525
2026-01-04 20:42:56.330234: Epoch time: 51.91 s
2026-01-04 20:42:57.225480: 
2026-01-04 20:42:57.229604: Epoch 66
2026-01-04 20:42:57.232616: Current learning rate: 8e-05
2026-01-04 20:43:47.924308: train_loss 0.6742
2026-01-04 20:43:47.962176: val_loss 0.764
2026-01-04 20:43:47.965026: val classification accuracy 0.35
2026-01-04 20:43:47.968127: val auc 0.4325
2026-01-04 20:43:47.971020: Epoch time: 50.7 s
2026-01-04 20:43:48.903255: 
2026-01-04 20:43:48.907397: Epoch 67
2026-01-04 20:43:48.910125: Current learning rate: 8e-05
2026-01-04 20:44:41.294809: train_loss 0.68
2026-01-04 20:44:41.306617: val_loss 0.8198
2026-01-04 20:44:41.310336: val classification accuracy 0.2
2026-01-04 20:44:41.313587: val auc 0.3025
2026-01-04 20:44:41.316899: Epoch time: 52.39 s
2026-01-04 20:44:42.205202: 
2026-01-04 20:44:42.208610: Epoch 68
2026-01-04 20:44:42.211114: Current learning rate: 8e-05
2026-01-04 20:45:35.347517: train_loss 0.6851
2026-01-04 20:45:35.355429: val_loss 0.7057
2026-01-04 20:45:35.358666: val classification accuracy 0.4
2026-01-04 20:45:35.361632: val auc 0.525
2026-01-04 20:45:35.364529: Epoch time: 53.14 s
2026-01-04 20:45:36.279339: 
2026-01-04 20:45:36.284302: Epoch 69
2026-01-04 20:45:36.287219: Current learning rate: 8e-05
2026-01-04 20:46:31.615236: train_loss 0.6821
2026-01-04 20:46:31.619995: val_loss 0.7395
2026-01-04 20:46:31.625403: val classification accuracy 0.35
2026-01-04 20:46:31.628674: val auc 0.33
2026-01-04 20:46:31.631595: Epoch time: 55.34 s
2026-01-04 20:46:32.586780: 
2026-01-04 20:46:32.590486: Epoch 70
2026-01-04 20:46:32.593332: Current learning rate: 8e-05
2026-01-04 20:47:27.609642: train_loss 0.6581
2026-01-04 20:47:27.628146: val_loss 0.7383
2026-01-04 20:47:27.652425: val classification accuracy 0.35
2026-01-04 20:47:27.663772: val auc 0.4775
2026-01-04 20:47:27.666206: Epoch time: 55.02 s
2026-01-04 20:47:28.612520: 
2026-01-04 20:47:28.628435: Epoch 71
2026-01-04 20:47:28.631686: Current learning rate: 8e-05
2026-01-04 20:48:19.932201: train_loss 0.677
2026-01-04 20:48:19.938051: val_loss 0.6958
2026-01-04 20:48:19.941258: val classification accuracy 0.525
2026-01-04 20:48:19.944229: val auc 0.6025
2026-01-04 20:48:19.947261: Epoch time: 51.32 s
2026-01-04 20:48:20.813743: 
2026-01-04 20:48:20.818457: Epoch 72
2026-01-04 20:48:20.821533: Current learning rate: 8e-05
2026-01-04 20:49:14.799090: train_loss 0.6495
2026-01-04 20:49:14.803917: val_loss 0.8459
2026-01-04 20:49:14.807464: val classification accuracy 0.4
2026-01-04 20:49:14.810208: val auc 0.3163
2026-01-04 20:49:14.829521: Epoch time: 53.99 s
2026-01-04 20:49:15.733790: 
2026-01-04 20:49:15.737775: Epoch 73
2026-01-04 20:49:15.740666: Current learning rate: 8e-05
2026-01-04 20:50:09.958966: train_loss 0.6947
2026-01-04 20:50:09.963295: val_loss 0.7607
2026-01-04 20:50:09.984304: val classification accuracy 0.4
2026-01-04 20:50:09.987499: val auc 0.295
2026-01-04 20:50:09.990603: Epoch time: 54.23 s
2026-01-04 20:50:10.937292: 
2026-01-04 20:50:10.940942: Epoch 74
2026-01-04 20:50:10.943427: Current learning rate: 8e-05
2026-01-04 20:51:04.227853: train_loss 0.6649
2026-01-04 20:51:04.308987: val_loss 0.7483
2026-01-04 20:51:04.313149: val classification accuracy 0.5
2026-01-04 20:51:04.316463: val auc 0.4438
2026-01-04 20:51:04.334780: Epoch time: 53.29 s
2026-01-04 20:51:05.165013: 
2026-01-04 20:51:05.168712: Epoch 75
2026-01-04 20:51:05.171412: Current learning rate: 8e-05
2026-01-04 20:51:59.376404: train_loss 0.6758
2026-01-04 20:51:59.402348: val_loss 0.7098
2026-01-04 20:51:59.406517: val classification accuracy 0.475
2026-01-04 20:51:59.410884: val auc 0.5125
2026-01-04 20:51:59.414756: Epoch time: 54.21 s
2026-01-04 20:52:00.338205: 
2026-01-04 20:52:00.341873: Epoch 76
2026-01-04 20:52:00.344612: Current learning rate: 8e-05
2026-01-04 20:52:57.834156: train_loss 0.6643
2026-01-04 20:52:57.840154: val_loss 0.7582
2026-01-04 20:52:57.842958: val classification accuracy 0.5
2026-01-04 20:52:57.845755: val auc 0.4075
2026-01-04 20:52:57.859945: Epoch time: 57.5 s
2026-01-04 20:52:58.790435: 
2026-01-04 20:52:58.794250: Epoch 77
2026-01-04 20:52:58.797024: Current learning rate: 8e-05
2026-01-04 20:53:53.886212: train_loss 0.6624
2026-01-04 20:53:53.892859: val_loss 0.6816
2026-01-04 20:53:53.896064: val classification accuracy 0.6
2026-01-04 20:53:53.899202: val auc 0.605
2026-01-04 20:53:53.903108: Epoch time: 55.1 s
2026-01-04 20:53:54.825927: 
2026-01-04 20:53:54.829480: Epoch 78
2026-01-04 20:53:54.832018: Current learning rate: 8e-05
2026-01-04 20:54:52.009623: train_loss 0.6821
2026-01-04 20:54:52.057965: val_loss 0.7482
2026-01-04 20:54:52.068929: val classification accuracy 0.5
2026-01-04 20:54:52.073049: val auc 0.45
2026-01-04 20:54:52.077392: Epoch time: 57.18 s
2026-01-04 20:54:53.024769: 
2026-01-04 20:54:53.028547: Epoch 79
2026-01-04 20:54:53.031139: Current learning rate: 8e-05
2026-01-04 20:55:41.579272: train_loss 0.6826
2026-01-04 20:55:41.629312: val_loss 0.7688
2026-01-04 20:55:41.632367: val classification accuracy 0.425
2026-01-04 20:55:41.636377: val auc 0.4025
2026-01-04 20:55:41.639242: Epoch time: 48.56 s
2026-01-04 20:55:42.573987: 
2026-01-04 20:55:42.577706: Epoch 80
2026-01-04 20:55:42.580434: Current learning rate: 8e-05
2026-01-04 20:56:38.799198: train_loss 0.6749
2026-01-04 20:56:38.822114: val_loss 0.7656
2026-01-04 20:56:38.825887: val classification accuracy 0.425
2026-01-04 20:56:38.829233: val auc 0.3625
2026-01-04 20:56:38.832359: Epoch time: 56.23 s
2026-01-04 20:56:40.474952: 
2026-01-04 20:56:40.478729: Epoch 81
2026-01-04 20:56:40.481183: Current learning rate: 8e-05
2026-01-04 20:57:33.675168: train_loss 0.6611
2026-01-04 20:57:33.680699: val_loss 0.7273
2026-01-04 20:57:33.684313: val classification accuracy 0.425
2026-01-04 20:57:33.687742: val auc 0.5662
2026-01-04 20:57:33.700270: Epoch time: 53.2 s
2026-01-04 20:57:34.604017: 
2026-01-04 20:57:34.607610: Epoch 82
2026-01-04 20:57:34.610186: Current learning rate: 8e-05
2026-01-04 20:58:31.458517: train_loss 0.6756
2026-01-04 20:58:31.535191: val_loss 0.8088
2026-01-04 20:58:31.602196: val classification accuracy 0.25
2026-01-04 20:58:31.665494: val auc 0.2675
2026-01-04 20:58:31.704032: Epoch time: 56.86 s
2026-01-04 20:58:32.548039: 
2026-01-04 20:58:32.552109: Epoch 83
2026-01-04 20:58:32.555706: Current learning rate: 7e-05
2026-01-04 20:59:30.349458: train_loss 0.6783
2026-01-04 20:59:30.353853: val_loss 0.7217
2026-01-04 20:59:30.356869: val classification accuracy 0.425
2026-01-04 20:59:30.359558: val auc 0.485
2026-01-04 20:59:30.362435: Epoch time: 57.8 s
2026-01-04 20:59:31.358243: 
2026-01-04 20:59:31.361997: Epoch 84
2026-01-04 20:59:31.364540: Current learning rate: 7e-05
2026-01-04 21:00:25.114059: train_loss 0.6693
2026-01-04 21:00:25.120040: val_loss 0.7277
2026-01-04 21:00:25.125143: val classification accuracy 0.375
2026-01-04 21:00:25.128262: val auc 0.4962
2026-01-04 21:00:25.131026: Epoch time: 53.76 s
2026-01-04 21:00:26.075525: 
2026-01-04 21:00:26.079475: Epoch 85
2026-01-04 21:00:26.082852: Current learning rate: 7e-05
2026-01-04 21:01:17.730495: train_loss 0.6676
2026-01-04 21:01:17.735466: val_loss 0.7943
2026-01-04 21:01:17.738401: val classification accuracy 0.4
2026-01-04 21:01:17.741606: val auc 0.48
2026-01-04 21:01:17.744484: Epoch time: 51.66 s
2026-01-04 21:01:18.777371: 
2026-01-04 21:01:18.781063: Epoch 86
2026-01-04 21:01:18.783650: Current learning rate: 7e-05
2026-01-04 21:02:13.713978: train_loss 0.6726
2026-01-04 21:02:13.757483: val_loss 0.6896
2026-01-04 21:02:13.764814: val classification accuracy 0.55
2026-01-04 21:02:13.768895: val auc 0.63
2026-01-04 21:02:13.771959: Epoch time: 54.94 s
2026-01-04 21:02:14.640089: 
2026-01-04 21:02:14.644232: Epoch 87
2026-01-04 21:02:14.647136: Current learning rate: 7e-05
2026-01-04 21:03:09.527194: train_loss 0.6547
2026-01-04 21:03:09.545111: val_loss 0.7521
2026-01-04 21:03:09.550141: val classification accuracy 0.425
2026-01-04 21:03:09.559451: val auc 0.485
2026-01-04 21:03:09.582411: Epoch time: 54.89 s
2026-01-04 21:03:10.455074: 
2026-01-04 21:03:10.458752: Epoch 88
2026-01-04 21:03:10.461384: Current learning rate: 7e-05
2026-01-04 21:04:06.099109: train_loss 0.6769
2026-01-04 21:04:06.104455: val_loss 0.7667
2026-01-04 21:04:06.107265: val classification accuracy 0.475
2026-01-04 21:04:06.109803: val auc 0.4762
2026-01-04 21:04:06.113235: Epoch time: 55.65 s
2026-01-04 21:04:06.946391: 
2026-01-04 21:04:06.950756: Epoch 89
2026-01-04 21:04:06.953921: Current learning rate: 7e-05
2026-01-04 21:05:05.926660: train_loss 0.6794
2026-01-04 21:05:05.931400: val_loss 0.7217
2026-01-04 21:05:05.934538: val classification accuracy 0.45
2026-01-04 21:05:05.937804: val auc 0.5638
2026-01-04 21:05:05.942202: Epoch time: 58.98 s
2026-01-04 21:05:06.824219: 
2026-01-04 21:05:06.828329: Epoch 90
2026-01-04 21:05:06.831722: Current learning rate: 7e-05
2026-01-04 21:06:01.756183: train_loss 0.675
2026-01-04 21:06:01.764252: val_loss 0.6662
2026-01-04 21:06:01.787965: val classification accuracy 0.6
2026-01-04 21:06:01.791832: val auc 0.67
2026-01-04 21:06:01.795284: Epoch time: 54.93 s
2026-01-04 21:06:01.798351: Yayy! New best EMA pseudo Dice: 0.67
2026-01-04 21:06:08.583511: 
2026-01-04 21:06:08.587272: Epoch 91
2026-01-04 21:06:08.590006: Current learning rate: 7e-05
2026-01-04 21:06:59.606904: train_loss 0.6764
2026-01-04 21:06:59.619944: val_loss 0.7142
2026-01-04 21:06:59.644571: val classification accuracy 0.4
2026-01-04 21:06:59.648314: val auc 0.5812
2026-01-04 21:06:59.651792: Epoch time: 51.02 s
2026-01-04 21:07:00.560392: 
2026-01-04 21:07:00.563846: Epoch 92
2026-01-04 21:07:00.566365: Current learning rate: 7e-05
2026-01-04 21:07:55.422694: train_loss 0.6683
2026-01-04 21:07:55.427106: val_loss 0.672
2026-01-04 21:07:55.430737: val classification accuracy 0.625
2026-01-04 21:07:55.433430: val auc 0.6238
2026-01-04 21:07:55.436109: Epoch time: 54.86 s
2026-01-04 21:07:56.352321: 
2026-01-04 21:07:56.355891: Epoch 93
2026-01-04 21:07:56.358548: Current learning rate: 7e-05
2026-01-04 21:08:50.267401: train_loss 0.6739
2026-01-04 21:08:50.272921: val_loss 0.7442
2026-01-04 21:08:50.283690: val classification accuracy 0.45
2026-01-04 21:08:50.287059: val auc 0.4713
2026-01-04 21:08:50.290161: Epoch time: 53.92 s
2026-01-04 21:08:51.875907: 
2026-01-04 21:08:51.880681: Epoch 94
2026-01-04 21:08:51.883790: Current learning rate: 7e-05
2026-01-04 21:09:45.857301: train_loss 0.6622
2026-01-04 21:09:45.870352: val_loss 0.7531
2026-01-04 21:09:45.872980: val classification accuracy 0.4
2026-01-04 21:09:45.876560: val auc 0.4225
2026-01-04 21:09:45.908582: Epoch time: 53.98 s
2026-01-04 21:09:46.732512: 
2026-01-04 21:09:46.736589: Epoch 95
2026-01-04 21:09:46.739514: Current learning rate: 7e-05
2026-01-04 21:10:37.094252: train_loss 0.645
2026-01-04 21:10:37.101176: val_loss 0.8329
2026-01-04 21:10:37.106311: val classification accuracy 0.3
2026-01-04 21:10:37.112205: val auc 0.3575
2026-01-04 21:10:37.121239: Epoch time: 50.36 s
2026-01-04 21:10:37.951939: 
2026-01-04 21:10:37.955977: Epoch 96
2026-01-04 21:10:37.958952: Current learning rate: 7e-05
2026-01-04 21:11:28.817793: train_loss 0.6626
2026-01-04 21:11:28.822406: val_loss 0.7531
2026-01-04 21:11:28.826457: val classification accuracy 0.35
2026-01-04 21:11:28.829727: val auc 0.3775
2026-01-04 21:11:28.832467: Epoch time: 50.87 s
2026-01-04 21:11:29.675036: 
2026-01-04 21:11:29.679022: Epoch 97
2026-01-04 21:11:29.681964: Current learning rate: 7e-05
2026-01-04 21:12:24.487389: train_loss 0.6838
2026-01-04 21:12:24.511446: val_loss 0.768
2026-01-04 21:12:24.515519: val classification accuracy 0.325
2026-01-04 21:12:24.519339: val auc 0.4313
2026-01-04 21:12:24.522540: Epoch time: 54.81 s
2026-01-04 21:12:25.436479: 
2026-01-04 21:12:25.440469: Epoch 98
2026-01-04 21:12:25.443197: Current learning rate: 7e-05
2026-01-04 21:13:16.482741: train_loss 0.6679
2026-01-04 21:13:16.487237: val_loss 0.7391
2026-01-04 21:13:16.495143: val classification accuracy 0.4
2026-01-04 21:13:16.498073: val auc 0.4663
2026-01-04 21:13:16.500831: Epoch time: 51.05 s
2026-01-04 21:13:17.319305: 
2026-01-04 21:13:17.322979: Epoch 99
2026-01-04 21:13:17.325669: Current learning rate: 7e-05
2026-01-04 21:14:08.744327: train_loss 0.692
2026-01-04 21:14:08.763618: val_loss 0.7037
2026-01-04 21:14:08.766794: val classification accuracy 0.4
2026-01-04 21:14:08.769860: val auc 0.535
2026-01-04 21:14:08.774240: Epoch time: 51.43 s
2026-01-04 21:14:09.684957: 
2026-01-04 21:14:09.688441: Epoch 100
2026-01-04 21:14:09.691094: Current learning rate: 7e-05
2026-01-04 21:15:00.274006: train_loss 0.6818
2026-01-04 21:15:00.279245: val_loss 0.7431
2026-01-04 21:15:00.282080: val classification accuracy 0.325
2026-01-04 21:15:00.285459: val auc 0.3775
2026-01-04 21:15:00.288297: Epoch time: 50.59 s
2026-01-04 21:15:01.117200: 
2026-01-04 21:15:01.120703: Epoch 101
2026-01-04 21:15:01.123322: Current learning rate: 7e-05
2026-01-04 21:15:58.605369: train_loss 0.657
2026-01-04 21:15:58.626857: val_loss 0.765
2026-01-04 21:15:58.629757: val classification accuracy 0.35
2026-01-04 21:15:58.632457: val auc 0.37
2026-01-04 21:15:58.635629: Epoch time: 57.49 s
2026-01-04 21:15:59.480425: 
2026-01-04 21:15:59.484196: Epoch 102
2026-01-04 21:15:59.487071: Current learning rate: 7e-05
2026-01-04 21:16:57.117486: train_loss 0.6705
2026-01-04 21:16:57.149667: val_loss 0.7818
2026-01-04 21:16:57.165953: val classification accuracy 0.35
2026-01-04 21:16:57.169745: val auc 0.38
2026-01-04 21:16:57.173465: Epoch time: 57.64 s
2026-01-04 21:16:58.097816: 
2026-01-04 21:16:58.101570: Epoch 103
2026-01-04 21:16:58.104386: Current learning rate: 7e-05
2026-01-04 21:17:51.919546: train_loss 0.6645
2026-01-04 21:17:51.926928: val_loss 0.704
2026-01-04 21:17:51.941659: val classification accuracy 0.475
2026-01-04 21:17:51.945726: val auc 0.4925
2026-01-04 21:17:51.949411: Epoch time: 53.82 s
2026-01-04 21:17:52.814987: 
2026-01-04 21:17:52.818357: Epoch 104
2026-01-04 21:17:52.820898: Current learning rate: 7e-05
2026-01-04 21:18:47.579163: train_loss 0.6749
2026-01-04 21:18:47.585813: val_loss 0.6851
2026-01-04 21:18:47.591032: val classification accuracy 0.5
2026-01-04 21:18:47.597082: val auc 0.6212
2026-01-04 21:18:47.623444: Epoch time: 54.77 s
2026-01-04 21:18:48.455351: 
2026-01-04 21:18:48.460520: Epoch 105
2026-01-04 21:18:48.463643: Current learning rate: 7e-05
2026-01-04 21:19:47.580992: train_loss 0.6736
2026-01-04 21:19:47.596866: val_loss 0.7286
2026-01-04 21:19:47.601062: val classification accuracy 0.4
2026-01-04 21:19:47.604362: val auc 0.485
2026-01-04 21:19:47.608079: Epoch time: 59.13 s
2026-01-04 21:19:48.551356: 
2026-01-04 21:19:48.555498: Epoch 106
2026-01-04 21:19:48.558724: Current learning rate: 7e-05
2026-01-04 21:20:44.096173: train_loss 0.6809
2026-01-04 21:20:44.111811: val_loss 0.7137
2026-01-04 21:20:44.117609: val classification accuracy 0.45
2026-01-04 21:20:44.123614: val auc 0.4775
2026-01-04 21:20:44.141014: Epoch time: 55.55 s
2026-01-04 21:20:45.052417: 
2026-01-04 21:20:45.056564: Epoch 107
2026-01-04 21:20:45.060068: Current learning rate: 7e-05
2026-01-04 21:21:41.275997: train_loss 0.6531
2026-01-04 21:21:41.283362: val_loss 0.743
2026-01-04 21:21:41.286792: val classification accuracy 0.4
2026-01-04 21:21:41.321989: val auc 0.52
2026-01-04 21:21:41.325605: Epoch time: 56.23 s
2026-01-04 21:21:43.084974: 
2026-01-04 21:21:43.089297: Epoch 108
2026-01-04 21:21:43.092407: Current learning rate: 7e-05
2026-01-04 21:22:38.113387: train_loss 0.673
2026-01-04 21:22:38.118382: val_loss 0.7822
2026-01-04 21:22:38.121943: val classification accuracy 0.425
2026-01-04 21:22:38.152266: val auc 0.4638
2026-01-04 21:22:38.156504: Epoch time: 55.03 s
2026-01-04 21:22:39.038485: 
2026-01-04 21:22:39.042609: Epoch 109
2026-01-04 21:22:39.046224: Current learning rate: 7e-05
2026-01-04 21:23:33.519206: train_loss 0.6486
2026-01-04 21:23:33.579725: val_loss 0.7541
2026-01-04 21:23:33.582938: val classification accuracy 0.475
2026-01-04 21:23:33.586574: val auc 0.4988
2026-01-04 21:23:33.589566: Epoch time: 54.48 s
2026-01-04 21:23:34.476827: 
2026-01-04 21:23:34.480640: Epoch 110
2026-01-04 21:23:34.483483: Current learning rate: 7e-05
2026-01-04 21:24:25.166079: train_loss 0.6635
2026-01-04 21:24:25.171395: val_loss 0.7864
2026-01-04 21:24:25.174408: val classification accuracy 0.55
2026-01-04 21:24:25.177258: val auc 0.4412
2026-01-04 21:24:25.180214: Epoch time: 50.69 s
2026-01-04 21:24:26.037954: 
2026-01-04 21:24:26.042100: Epoch 111
2026-01-04 21:24:26.081323: Current learning rate: 7e-05
2026-01-04 21:25:23.589069: train_loss 0.6785
2026-01-04 21:25:23.608889: val_loss 0.7305
2026-01-04 21:25:23.613375: val classification accuracy 0.475
2026-01-04 21:25:23.616439: val auc 0.4625
2026-01-04 21:25:23.619244: Epoch time: 57.55 s
2026-01-04 21:25:24.490388: 
2026-01-04 21:25:24.493830: Epoch 112
2026-01-04 21:25:24.496500: Current learning rate: 7e-05
2026-01-04 21:26:22.159892: train_loss 0.6733
2026-01-04 21:26:22.164967: val_loss 0.7217
2026-01-04 21:26:22.169464: val classification accuracy 0.4
2026-01-04 21:26:22.175349: val auc 0.435
2026-01-04 21:26:22.179023: Epoch time: 57.67 s
2026-01-04 21:26:23.011196: 
2026-01-04 21:26:23.015192: Epoch 113
2026-01-04 21:26:23.017899: Current learning rate: 7e-05
2026-01-04 21:27:18.610087: train_loss 0.6549
2026-01-04 21:27:18.641953: val_loss 0.6915
2026-01-04 21:27:18.645924: val classification accuracy 0.575
2026-01-04 21:27:18.649292: val auc 0.565
2026-01-04 21:27:18.657168: Epoch time: 55.6 s
2026-01-04 21:27:19.507763: 
2026-01-04 21:27:19.511772: Epoch 114
2026-01-04 21:27:19.514465: Current learning rate: 7e-05
2026-01-04 21:28:10.925537: train_loss 0.6769
2026-01-04 21:28:10.947806: val_loss 0.7698
2026-01-04 21:28:10.951059: val classification accuracy 0.35
2026-01-04 21:28:10.954363: val auc 0.3875
2026-01-04 21:28:10.959364: Epoch time: 51.42 s
2026-01-04 21:28:11.903704: 
2026-01-04 21:28:11.907515: Epoch 115
2026-01-04 21:28:11.910228: Current learning rate: 6e-05
2026-01-04 21:29:08.048515: train_loss 0.6738
2026-01-04 21:29:08.054299: val_loss 0.716
2026-01-04 21:29:08.058590: val classification accuracy 0.475
2026-01-04 21:29:08.061814: val auc 0.5475
2026-01-04 21:29:08.065311: Epoch time: 56.15 s
2026-01-04 21:29:08.901704: 
2026-01-04 21:29:08.906079: Epoch 116
2026-01-04 21:29:08.909178: Current learning rate: 6e-05
2026-01-04 21:30:02.840380: train_loss 0.6668
2026-01-04 21:30:02.856332: val_loss 0.7463
2026-01-04 21:30:02.863003: val classification accuracy 0.35
2026-01-04 21:30:02.902593: val auc 0.3962
2026-01-04 21:30:02.914548: Epoch time: 53.94 s
2026-01-04 21:30:03.762103: 
2026-01-04 21:30:03.765586: Epoch 117
2026-01-04 21:30:03.768189: Current learning rate: 6e-05
2026-01-04 21:30:56.592397: train_loss 0.6646
2026-01-04 21:30:56.603141: val_loss 0.7019
2026-01-04 21:30:56.607179: val classification accuracy 0.55
2026-01-04 21:30:56.613728: val auc 0.5612
2026-01-04 21:30:56.623609: Epoch time: 52.83 s
2026-01-04 21:30:57.471628: 
2026-01-04 21:30:57.475190: Epoch 118
2026-01-04 21:30:57.478030: Current learning rate: 6e-05
2026-01-04 21:31:49.521823: train_loss 0.6536
2026-01-04 21:31:49.527199: val_loss 0.8538
2026-01-04 21:31:49.530496: val classification accuracy 0.3
2026-01-04 21:31:49.533956: val auc 0.285
2026-01-04 21:31:49.537366: Epoch time: 52.05 s
2026-01-04 21:31:50.381206: 
2026-01-04 21:31:50.384860: Epoch 119
2026-01-04 21:31:50.387458: Current learning rate: 6e-05
2026-01-04 21:32:41.312166: train_loss 0.6778
2026-01-04 21:32:41.317972: val_loss 0.7493
2026-01-04 21:32:41.321497: val classification accuracy 0.425
2026-01-04 21:32:41.324800: val auc 0.42
2026-01-04 21:32:41.328203: Epoch time: 50.93 s
2026-01-04 21:32:42.191947: 
2026-01-04 21:32:42.196309: Epoch 120
2026-01-04 21:32:42.199286: Current learning rate: 6e-05
2026-01-04 21:33:35.555848: train_loss 0.6739
2026-01-04 21:33:35.594805: val_loss 0.7075
2026-01-04 21:33:35.622519: val classification accuracy 0.575
2026-01-04 21:33:35.651077: val auc 0.525
2026-01-04 21:33:35.655802: Epoch time: 53.36 s
2026-01-04 21:33:36.565337: 
2026-01-04 21:33:36.568713: Epoch 121
2026-01-04 21:33:36.571357: Current learning rate: 6e-05
2026-01-04 21:34:33.507337: train_loss 0.648
2026-01-04 21:34:33.512059: val_loss 0.7794
2026-01-04 21:34:33.515304: val classification accuracy 0.375
2026-01-04 21:34:33.518333: val auc 0.4962
2026-01-04 21:34:33.521290: Epoch time: 56.94 s
2026-01-04 21:34:34.491940: 
2026-01-04 21:34:34.495433: Epoch 122
2026-01-04 21:34:34.498319: Current learning rate: 6e-05
2026-01-04 21:35:25.560511: train_loss 0.6542
2026-01-04 21:35:25.570501: val_loss 0.7752
2026-01-04 21:35:25.576369: val classification accuracy 0.4
2026-01-04 21:35:25.581059: val auc 0.4763
2026-01-04 21:35:25.585217: Epoch time: 51.07 s
2026-01-04 21:35:26.470604: 
2026-01-04 21:35:26.474184: Epoch 123
2026-01-04 21:35:26.476815: Current learning rate: 6e-05
2026-01-04 21:36:24.009921: train_loss 0.6648
2026-01-04 21:36:24.015459: val_loss 0.7313
2026-01-04 21:36:24.018623: val classification accuracy 0.475
2026-01-04 21:36:24.021848: val auc 0.395
2026-01-04 21:36:24.025775: Epoch time: 57.54 s
2026-01-04 21:36:24.846664: 
2026-01-04 21:36:24.850549: Epoch 124
2026-01-04 21:36:24.853693: Current learning rate: 6e-05
2026-01-04 21:37:17.439871: train_loss 0.6643
2026-01-04 21:37:17.457520: val_loss 0.728
2026-01-04 21:37:17.470352: val classification accuracy 0.525
2026-01-04 21:37:17.476635: val auc 0.535
2026-01-04 21:37:17.483689: Epoch time: 52.59 s
2026-01-04 21:37:18.396161: 
2026-01-04 21:37:18.401483: Epoch 125
2026-01-04 21:37:18.405454: Current learning rate: 6e-05
2026-01-04 21:38:13.984051: train_loss 0.6533
2026-01-04 21:38:14.036000: val_loss 0.7757
2026-01-04 21:38:14.053191: val classification accuracy 0.3
2026-01-04 21:38:14.056830: val auc 0.3625
2026-01-04 21:38:14.084821: Epoch time: 55.59 s
2026-01-04 21:38:14.904401: 
2026-01-04 21:38:14.918889: Epoch 126
2026-01-04 21:38:14.921891: Current learning rate: 6e-05
2026-01-04 21:39:13.764804: train_loss 0.6745
2026-01-04 21:39:13.805717: val_loss 0.6608
2026-01-04 21:39:13.809375: val classification accuracy 0.575
2026-01-04 21:39:13.812784: val auc 0.665
2026-01-04 21:39:13.816062: Epoch time: 58.86 s
2026-01-04 21:39:14.625057: 
2026-01-04 21:39:14.628479: Epoch 127
2026-01-04 21:39:14.631087: Current learning rate: 6e-05
2026-01-04 21:40:06.348270: train_loss 0.6607
2026-01-04 21:40:06.358809: val_loss 0.7663
2026-01-04 21:40:06.411195: val classification accuracy 0.475
2026-01-04 21:40:06.418721: val auc 0.4875
2026-01-04 21:40:06.421892: Epoch time: 51.72 s
2026-01-04 21:40:07.253640: 
2026-01-04 21:40:07.257615: Epoch 128
2026-01-04 21:40:07.260947: Current learning rate: 6e-05
2026-01-04 21:41:01.918690: train_loss 0.6674
2026-01-04 21:41:01.933178: val_loss 0.6654
2026-01-04 21:41:01.937087: val classification accuracy 0.625
2026-01-04 21:41:01.940902: val auc 0.6325
2026-01-04 21:41:01.970427: Epoch time: 54.67 s
2026-01-04 21:41:02.874011: 
2026-01-04 21:41:02.877690: Epoch 129
2026-01-04 21:41:02.880272: Current learning rate: 6e-05
2026-01-04 21:41:56.989461: train_loss 0.6705
2026-01-04 21:41:57.046153: val_loss 0.7947
2026-01-04 21:41:57.052944: val classification accuracy 0.525
2026-01-04 21:41:57.056930: val auc 0.43
2026-01-04 21:41:57.060223: Epoch time: 54.12 s
2026-01-04 21:41:57.904731: 
2026-01-04 21:41:57.908812: Epoch 130
2026-01-04 21:41:57.912244: Current learning rate: 6e-05
2026-01-04 21:42:52.017363: train_loss 0.6534
2026-01-04 21:42:52.021748: val_loss 0.8248
2026-01-04 21:42:52.024649: val classification accuracy 0.4
2026-01-04 21:42:52.027512: val auc 0.3825
2026-01-04 21:42:52.030424: Epoch time: 54.11 s
2026-01-04 21:42:52.826171: 
2026-01-04 21:42:52.829663: Epoch 131
2026-01-04 21:42:52.832594: Current learning rate: 6e-05
2026-01-04 21:43:41.871073: train_loss 0.687
2026-01-04 21:43:41.877237: val_loss 0.7226
2026-01-04 21:43:41.880638: val classification accuracy 0.4
2026-01-04 21:43:41.883920: val auc 0.5525
2026-01-04 21:43:41.887563: Epoch time: 49.05 s
2026-01-04 21:43:42.725939: 
2026-01-04 21:43:42.730125: Epoch 132
2026-01-04 21:43:42.733433: Current learning rate: 6e-05
2026-01-04 21:44:35.868207: train_loss 0.6796
2026-01-04 21:44:35.892939: val_loss 0.7124
2026-01-04 21:44:35.896681: val classification accuracy 0.425
2026-01-04 21:44:35.900014: val auc 0.5062
2026-01-04 21:44:35.903770: Epoch time: 53.14 s
2026-01-04 21:44:36.818890: 
2026-01-04 21:44:36.822789: Epoch 133
2026-01-04 21:44:36.826066: Current learning rate: 6e-05
2026-01-04 21:45:31.064979: train_loss 0.6688
2026-01-04 21:45:31.070285: val_loss 0.7749
2026-01-04 21:45:31.073563: val classification accuracy 0.35
2026-01-04 21:45:31.076719: val auc 0.4338
2026-01-04 21:45:31.079885: Epoch time: 54.25 s
2026-01-04 21:45:31.082996: Early stopping triggered at epoch 133. Best val_losses=0.6588
2026-01-04 21:45:31.915675: Stopping training early due to early stopping criterion.
2026-01-04 21:45:36.884469: Training done.
2026-01-04 21:45:36.914040: Skipping perform_actual_validation for classification trainer (segmentation-style sliding window is not applicable).
[1;34mwandb[0m: 
[1;34mwandb[0m:  View run [33mViTTrainer_ep300_NoMirroring_x2_fold10[0m at: [34m[0m
[1;34mwandb[0m: Find logs at: [1;35m../../tmp/wandb/wandb/run-20260104_194045-4fe9hhus/logs[0m
