Using device: cuda:0

#######################################################################
Please cite the following paper when using nnU-Net:
Isensee, F., Jaeger, P. F., Kohl, S. A., Petersen, J., & Maier-Hein, K. H. (2021). nnU-Net: a self-configuring method for deep learning-based biomedical image segmentation. Nature methods, 18(2), 203-211.
#######################################################################

2026-01-04 14:41:02.650166: Using torch.compile...
2026-01-04 14:41:07.540755: do_dummy_2d_data_aug: False
2026-01-04 14:41:07.544386: Using splits from existing split file: /hpf/projects/jquon/sumin/nnUNet_data/nnUNet_preprocessed/Dataset033_AVM_T1+C/splits_final.json
2026-01-04 14:41:07.547913: The split file contains 11 splits.
2026-01-04 14:41:07.549609: Desired fold for training: 5
2026-01-04 14:41:07.551277: This split has 465 training and 47 validation cases.
using pin_memory on device 0
using pin_memory on device 0

This is the configuration used by this training:
Configuration name: 3d_fullres
 {'data_identifier': 'nnUNetPlans_3d_fullres', 'preprocessor_name': 'DefaultPreprocessor', 'batch_size': 2, 'patch_size': [160, 224, 192], 'median_image_size_in_voxels': [344.0, 448.0, 429.0], 'spacing': [0.500000923871994, 0.4910714328289032, 0.4910714328289032], 'normalization_schemes': ['ZScoreNormalization'], 'use_mask_for_norm': [False], 'resampling_fn_data': 'resample_data_or_seg_to_shape', 'resampling_fn_seg': 'resample_data_or_seg_to_shape', 'resampling_fn_data_kwargs': {'is_seg': False, 'order': 3, 'order_z': 0, 'force_separate_z': None}, 'resampling_fn_seg_kwargs': {'is_seg': True, 'order': 1, 'order_z': 0, 'force_separate_z': None}, 'resampling_fn_probabilities': 'resample_data_or_seg_to_shape', 'resampling_fn_probabilities_kwargs': {'is_seg': False, 'order': 1, 'order_z': 0, 'force_separate_z': None}, 'architecture': {'network_class_name': 'dynamic_network_architectures.architectures.unet.ResidualEncoderUNet', 'arch_kwargs': {'n_stages': 6, 'features_per_stage': [32, 64, 128, 256, 320, 320], 'conv_op': 'torch.nn.modules.conv.Conv3d', 'kernel_sizes': [[3, 3, 3], [3, 3, 3], [3, 3, 3], [3, 3, 3], [3, 3, 3], [3, 3, 3]], 'strides': [[1, 1, 1], [2, 2, 2], [2, 2, 2], [2, 2, 2], [2, 2, 2], [2, 2, 2]], 'n_blocks_per_stage': [1, 3, 4, 6, 6, 6], 'n_conv_per_stage_decoder': [1, 1, 1, 1, 1], 'conv_bias': True, 'norm_op': 'torch.nn.modules.instancenorm.InstanceNorm3d', 'norm_op_kwargs': {'eps': 1e-05, 'affine': True}, 'dropout_op': None, 'dropout_op_kwargs': None, 'nonlin': 'torch.nn.LeakyReLU', 'nonlin_kwargs': {'inplace': True}}, '_kw_requires_import': ['conv_op', 'norm_op', 'dropout_op', 'nonlin']}, 'batch_dice': True} 

These are the global plan.json settings:
 {'dataset_name': 'Dataset033_AVM_T1+C', 'plans_name': 'nnUNetResEncUNetLPlans', 'original_median_spacing_after_transp': [0.500000923871994, 0.4910714328289032, 0.4910714328289032], 'original_median_shape_after_transp': [330, 448, 424], 'image_reader_writer': 'SimpleITKIO', 'transpose_forward': [0, 1, 2], 'transpose_backward': [0, 1, 2], 'experiment_planner_used': 'nnUNetPlannerResEncL', 'label_manager': 'LabelManager', 'foreground_intensity_properties_per_channel': {'0': {'max': 12113.0, 'mean': 449.843505859375, 'median': 311.0, 'min': 0.0, 'percentile_00_5': 34.0, 'percentile_99_5': 3202.0, 'std': 471.56329345703125}}} 

2026-01-04 14:41:10.805074: Unable to plot network architecture: nnUNet_compile is enabled!
2026-01-04 14:41:10.830387: 
2026-01-04 14:41:10.833810: Epoch 0
2026-01-04 14:41:10.836245: Current learning rate: 0.0001
2026-01-04 14:42:30.283802: train_loss 0.752
2026-01-04 14:42:30.289744: val_loss 0.6797
2026-01-04 14:42:30.292699: val classification accuracy 0.5652
2026-01-04 14:42:30.295327: val auc 0.5614
2026-01-04 14:42:30.301113: Epoch time: 79.46 s
2026-01-04 14:42:30.303607: Yayy! New best EMA pseudo Dice: 0.5614
2026-01-04 14:42:35.930903: Yayy! New best classification accuracy: 0.5652
2026-01-04 14:42:40.736809: 
2026-01-04 14:42:40.739574: Epoch 1
2026-01-04 14:42:40.741443: Current learning rate: 0.0001
2026-01-04 14:43:39.389818: train_loss 0.711
2026-01-04 14:43:39.408625: val_loss 0.6812
2026-01-04 14:43:39.411540: val classification accuracy 0.5652
2026-01-04 14:43:39.414076: val auc 0.6153
2026-01-04 14:43:39.416555: Epoch time: 58.65 s
2026-01-04 14:43:39.418346: Yayy! New best EMA pseudo Dice: 0.6153
2026-01-04 14:43:46.051327: 
2026-01-04 14:43:46.054470: Epoch 2
2026-01-04 14:43:46.056760: Current learning rate: 0.0001
2026-01-04 14:44:40.067959: train_loss 0.6962
2026-01-04 14:44:40.088028: val_loss 0.6848
2026-01-04 14:44:40.091402: val classification accuracy 0.5217
2026-01-04 14:44:40.093498: val auc 0.5917
2026-01-04 14:44:40.104226: Epoch time: 54.02 s
2026-01-04 14:44:41.034926: 
2026-01-04 14:44:41.037988: Epoch 3
2026-01-04 14:44:41.040359: Current learning rate: 0.0001
2026-01-04 14:45:33.726741: train_loss 0.6925
2026-01-04 14:45:33.753220: val_loss 0.7019
2026-01-04 14:45:33.756431: val classification accuracy 0.4783
2026-01-04 14:45:33.761292: val auc 0.4726
2026-01-04 14:45:33.802773: Epoch time: 52.69 s
2026-01-04 14:45:34.725458: 
2026-01-04 14:45:34.737041: Epoch 4
2026-01-04 14:45:34.739071: Current learning rate: 0.0001
2026-01-04 14:46:25.126973: train_loss 0.6843
2026-01-04 14:46:25.131793: val_loss 0.6509
2026-01-04 14:46:25.134297: val classification accuracy 0.6304
2026-01-04 14:46:25.139227: val auc 0.7174
2026-01-04 14:46:25.142239: Epoch time: 50.4 s
2026-01-04 14:46:25.144210: Yayy! New best EMA pseudo Dice: 0.7174
2026-01-04 14:46:30.862496: Yayy! New best classification accuracy: 0.6304
2026-01-04 14:46:35.256826: 
2026-01-04 14:46:35.259904: Epoch 5
2026-01-04 14:46:35.262006: Current learning rate: 0.0001
2026-01-04 14:47:27.881229: train_loss 0.6979
2026-01-04 14:47:27.887327: val_loss 0.6425
2026-01-04 14:47:27.890638: val classification accuracy 0.6304
2026-01-04 14:47:27.893020: val auc 0.7221
2026-01-04 14:47:27.895307: Epoch time: 52.63 s
2026-01-04 14:47:27.897135: Yayy! New best EMA pseudo Dice: 0.7221
2026-01-04 14:47:34.236388: 
2026-01-04 14:47:34.239242: Epoch 6
2026-01-04 14:47:34.241164: Current learning rate: 0.0001
2026-01-04 14:48:28.851036: train_loss 0.6971
2026-01-04 14:48:28.855424: val_loss 0.6617
2026-01-04 14:48:28.858669: val classification accuracy 0.6522
2026-01-04 14:48:28.861511: val auc 0.689
2026-01-04 14:48:28.864331: Epoch time: 54.62 s
2026-01-04 14:48:28.887492: Yayy! New best classification accuracy: 0.6522
2026-01-04 14:48:35.042764: 
2026-01-04 14:48:35.046028: Epoch 7
2026-01-04 14:48:35.048425: Current learning rate: 0.0001
2026-01-04 14:49:30.753767: train_loss 0.6942
2026-01-04 14:49:30.761132: val_loss 0.6605
2026-01-04 14:49:30.764267: val classification accuracy 0.587
2026-01-04 14:49:30.767032: val auc 0.6314
2026-01-04 14:49:30.769942: Epoch time: 55.71 s
2026-01-04 14:49:31.626213: 
2026-01-04 14:49:31.629944: Epoch 8
2026-01-04 14:49:31.632380: Current learning rate: 0.0001
2026-01-04 14:50:25.241132: train_loss 0.6734
2026-01-04 14:50:25.284200: val_loss 0.6732
2026-01-04 14:50:25.286745: val classification accuracy 0.6087
2026-01-04 14:50:25.288784: val auc 0.6096
2026-01-04 14:50:25.291193: Epoch time: 53.62 s
2026-01-04 14:50:26.103976: 
2026-01-04 14:50:26.107061: Epoch 9
2026-01-04 14:50:26.109192: Current learning rate: 0.0001
2026-01-04 14:51:19.587655: train_loss 0.6917
2026-01-04 14:51:19.610642: val_loss 0.6756
2026-01-04 14:51:19.613179: val classification accuracy 0.6522
2026-01-04 14:51:19.615689: val auc 0.6172
2026-01-04 14:51:19.618263: Epoch time: 53.48 s
2026-01-04 14:51:20.518562: 
2026-01-04 14:51:20.522066: Epoch 10
2026-01-04 14:51:20.524737: Current learning rate: 0.0001
2026-01-04 14:52:11.862188: train_loss 0.701
2026-01-04 14:52:11.866498: val_loss 0.6612
2026-01-04 14:52:11.869385: val classification accuracy 0.5435
2026-01-04 14:52:11.872606: val auc 0.7278
2026-01-04 14:52:11.875043: Epoch time: 51.34 s
2026-01-04 14:52:11.877364: Yayy! New best EMA pseudo Dice: 0.7278
2026-01-04 14:52:18.343771: 
2026-01-04 14:52:18.346625: Epoch 11
2026-01-04 14:52:18.349067: Current learning rate: 0.0001
2026-01-04 14:53:14.649768: train_loss 0.6836
2026-01-04 14:53:14.655617: val_loss 0.6843
2026-01-04 14:53:14.658586: val classification accuracy 0.6087
2026-01-04 14:53:14.661681: val auc 0.5964
2026-01-04 14:53:14.674100: Epoch time: 56.31 s
2026-01-04 14:53:15.541130: 
2026-01-04 14:53:15.544930: Epoch 12
2026-01-04 14:53:15.547747: Current learning rate: 0.0001
2026-01-04 14:54:09.402249: train_loss 0.6767
2026-01-04 14:54:09.431031: val_loss 0.625
2026-01-04 14:54:09.435167: val classification accuracy 0.6304
2026-01-04 14:54:09.438859: val auc 0.7231
2026-01-04 14:54:09.442899: Epoch time: 53.86 s
2026-01-04 14:54:10.268569: 
2026-01-04 14:54:10.271781: Epoch 13
2026-01-04 14:54:10.274512: Current learning rate: 0.0001
2026-01-04 14:55:06.467054: train_loss 0.6797
2026-01-04 14:55:06.472024: val_loss 0.6879
2026-01-04 14:55:06.475747: val classification accuracy 0.5435
2026-01-04 14:55:06.478932: val auc 0.5766
2026-01-04 14:55:06.481895: Epoch time: 56.2 s
2026-01-04 14:55:07.365246: 
2026-01-04 14:55:07.369464: Epoch 14
2026-01-04 14:55:07.372094: Current learning rate: 0.0001
2026-01-04 14:56:00.460470: train_loss 0.697
2026-01-04 14:56:00.474146: val_loss 0.7086
2026-01-04 14:56:00.477515: val classification accuracy 0.4783
2026-01-04 14:56:00.480804: val auc 0.4386
2026-01-04 14:56:00.484103: Epoch time: 53.1 s
2026-01-04 14:56:01.547045: 
2026-01-04 14:56:01.550953: Epoch 15
2026-01-04 14:56:01.553838: Current learning rate: 0.0001
2026-01-04 14:56:56.164753: train_loss 0.6973
2026-01-04 14:56:56.170426: val_loss 0.697
2026-01-04 14:56:56.173793: val classification accuracy 0.4783
2026-01-04 14:56:56.176729: val auc 0.5047
2026-01-04 14:56:56.179713: Epoch time: 54.62 s
2026-01-04 14:56:57.104695: 
2026-01-04 14:56:57.120811: Epoch 16
2026-01-04 14:56:57.123671: Current learning rate: 0.0001
2026-01-04 14:57:50.478967: train_loss 0.6889
2026-01-04 14:57:50.511370: val_loss 0.6981
2026-01-04 14:57:50.514383: val classification accuracy 0.5217
2026-01-04 14:57:50.517614: val auc 0.5898
2026-01-04 14:57:50.521019: Epoch time: 53.38 s
2026-01-04 14:57:51.347544: 
2026-01-04 14:57:51.351263: Epoch 17
2026-01-04 14:57:51.353791: Current learning rate: 9e-05
2026-01-04 14:58:42.083964: train_loss 0.6938
2026-01-04 14:58:42.090778: val_loss 0.6805
2026-01-04 14:58:42.103100: val classification accuracy 0.5652
2026-01-04 14:58:42.117432: val auc 0.5879
2026-01-04 14:58:42.120961: Epoch time: 50.74 s
2026-01-04 14:58:43.024052: 
2026-01-04 14:58:43.027930: Epoch 18
2026-01-04 14:58:43.030524: Current learning rate: 9e-05
2026-01-04 14:59:38.210161: train_loss 0.6733
2026-01-04 14:59:38.223522: val_loss 0.6437
2026-01-04 14:59:38.226788: val classification accuracy 0.6304
2026-01-04 14:59:38.239126: val auc 0.6957
2026-01-04 14:59:38.243042: Epoch time: 55.19 s
2026-01-04 14:59:39.160988: 
2026-01-04 14:59:39.164284: Epoch 19
2026-01-04 14:59:39.166649: Current learning rate: 9e-05
2026-01-04 15:00:35.349042: train_loss 0.695
2026-01-04 15:00:35.354780: val_loss 0.6682
2026-01-04 15:00:35.357967: val classification accuracy 0.5435
2026-01-04 15:00:35.361277: val auc 0.6427
2026-01-04 15:00:35.364381: Epoch time: 56.19 s
2026-01-04 15:00:40.753599: Saved periodic checkpoint /hpf/projects/jquon/sumin/nnUNet_data/nnUNet_results/Dataset033_AVM_T1+C/ViTTrainer_ep300_NoMirroring_x2__nnUNetResEncUNetLPlans__3d_fullres/fold_5/checkpoint_every20_best_balacc.pth at epoch 19 with val_balanced_accuracy=0.5435
2026-01-04 15:00:44.903855: Saved periodic checkpoint /hpf/projects/jquon/sumin/nnUNet_data/nnUNet_results/Dataset033_AVM_T1+C/ViTTrainer_ep300_NoMirroring_x2__nnUNetResEncUNetLPlans__3d_fullres/fold_5/checkpoint_every20_best_auroc.pth at epoch 19 with val_auc=0.6427
2026-01-04 15:00:45.635719: 
2026-01-04 15:00:45.639711: Epoch 20
2026-01-04 15:00:45.642581: Current learning rate: 9e-05
2026-01-04 15:01:40.838753: train_loss 0.6825
2026-01-04 15:01:40.846146: val_loss 0.7025
2026-01-04 15:01:40.849320: val classification accuracy 0.5217
2026-01-04 15:01:40.852165: val auc 0.5217
2026-01-04 15:01:40.896777: Epoch time: 55.2 s
2026-01-04 15:01:41.756325: 
2026-01-04 15:01:41.760070: Epoch 21
2026-01-04 15:01:41.762485: Current learning rate: 9e-05
2026-01-04 15:02:36.239435: train_loss 0.6955
2026-01-04 15:02:36.247848: val_loss 0.6639
2026-01-04 15:02:36.250947: val classification accuracy 0.6739
2026-01-04 15:02:36.257118: val auc 0.6389
2026-01-04 15:02:36.260587: Epoch time: 54.48 s
2026-01-04 15:02:36.264019: Yayy! New best classification accuracy: 0.6739
2026-01-04 15:02:42.559675: 
2026-01-04 15:02:42.562765: Epoch 22
2026-01-04 15:02:42.565398: Current learning rate: 9e-05
2026-01-04 15:03:35.411349: train_loss 0.6756
2026-01-04 15:03:35.476680: val_loss 0.6613
2026-01-04 15:03:35.523721: val classification accuracy 0.5652
2026-01-04 15:03:35.547054: val auc 0.6881
2026-01-04 15:03:35.550620: Epoch time: 52.85 s
2026-01-04 15:03:36.394598: 
2026-01-04 15:03:36.398339: Epoch 23
2026-01-04 15:03:36.400990: Current learning rate: 9e-05
2026-01-04 15:04:31.609322: train_loss 0.6796
2026-01-04 15:04:31.614150: val_loss 0.6652
2026-01-04 15:04:31.617135: val classification accuracy 0.587
2026-01-04 15:04:31.619517: val auc 0.6418
2026-01-04 15:04:31.641893: Epoch time: 55.22 s
2026-01-04 15:04:32.483243: 
2026-01-04 15:04:32.486536: Epoch 24
2026-01-04 15:04:32.489102: Current learning rate: 9e-05
2026-01-04 15:05:25.772738: train_loss 0.6778
2026-01-04 15:05:25.777682: val_loss 0.6584
2026-01-04 15:05:25.791952: val classification accuracy 0.5435
2026-01-04 15:05:25.818999: val auc 0.6371
2026-01-04 15:05:25.821713: Epoch time: 53.29 s
2026-01-04 15:05:26.673468: 
2026-01-04 15:05:26.677248: Epoch 25
2026-01-04 15:05:26.679737: Current learning rate: 9e-05
2026-01-04 15:06:18.733279: train_loss 0.6651
2026-01-04 15:06:18.742258: val_loss 0.7077
2026-01-04 15:06:18.745091: val classification accuracy 0.587
2026-01-04 15:06:18.749803: val auc 0.5444
2026-01-04 15:06:18.773184: Epoch time: 52.06 s
2026-01-04 15:06:19.649808: 
2026-01-04 15:06:19.653825: Epoch 26
2026-01-04 15:06:19.656502: Current learning rate: 9e-05
2026-01-04 15:07:11.313664: train_loss 0.6712
2026-01-04 15:07:11.318202: val_loss 0.665
2026-01-04 15:07:11.321109: val classification accuracy 0.587
2026-01-04 15:07:11.324129: val auc 0.6276
2026-01-04 15:07:11.326949: Epoch time: 51.66 s
2026-01-04 15:07:12.845212: 
2026-01-04 15:07:12.848747: Epoch 27
2026-01-04 15:07:12.851160: Current learning rate: 9e-05
2026-01-04 15:08:05.938364: train_loss 0.6734
2026-01-04 15:08:05.950328: val_loss 0.6563
2026-01-04 15:08:05.975466: val classification accuracy 0.6304
2026-01-04 15:08:05.979288: val auc 0.6975
2026-01-04 15:08:05.982388: Epoch time: 53.09 s
2026-01-04 15:08:06.788830: 
2026-01-04 15:08:06.792367: Epoch 28
2026-01-04 15:08:06.794937: Current learning rate: 9e-05
2026-01-04 15:09:02.649146: train_loss 0.6684
2026-01-04 15:09:02.658634: val_loss 0.6773
2026-01-04 15:09:02.674851: val classification accuracy 0.5
2026-01-04 15:09:02.678161: val auc 0.5633
2026-01-04 15:09:02.680755: Epoch time: 55.86 s
2026-01-04 15:09:03.620735: 
2026-01-04 15:09:03.624693: Epoch 29
2026-01-04 15:09:03.627413: Current learning rate: 9e-05
2026-01-04 15:09:58.218897: train_loss 0.6875
2026-01-04 15:09:58.224036: val_loss 0.6631
2026-01-04 15:09:58.228356: val classification accuracy 0.6522
2026-01-04 15:09:58.232489: val auc 0.6645
2026-01-04 15:09:58.237542: Epoch time: 54.6 s
2026-01-04 15:09:59.159325: 
2026-01-04 15:09:59.162953: Epoch 30
2026-01-04 15:09:59.165743: Current learning rate: 9e-05
2026-01-04 15:10:57.453423: train_loss 0.6874
2026-01-04 15:10:57.464515: val_loss 0.6943
2026-01-04 15:10:57.467834: val classification accuracy 0.5435
2026-01-04 15:10:57.471139: val auc 0.5841
2026-01-04 15:10:57.474185: Epoch time: 58.3 s
2026-01-04 15:10:58.511438: 
2026-01-04 15:10:58.515227: Epoch 31
2026-01-04 15:10:58.518027: Current learning rate: 9e-05
2026-01-04 15:11:50.738191: train_loss 0.683
2026-01-04 15:11:50.743127: val_loss 0.6757
2026-01-04 15:11:50.745802: val classification accuracy 0.5435
2026-01-04 15:11:50.749892: val auc 0.587
2026-01-04 15:11:50.753451: Epoch time: 52.23 s
2026-01-04 15:11:51.652743: 
2026-01-04 15:11:51.656210: Epoch 32
2026-01-04 15:11:51.658900: Current learning rate: 9e-05
2026-01-04 15:12:47.804985: train_loss 0.6847
2026-01-04 15:12:47.810359: val_loss 0.6449
2026-01-04 15:12:47.813857: val classification accuracy 0.5652
2026-01-04 15:12:47.817377: val auc 0.7316
2026-01-04 15:12:47.820958: Epoch time: 56.15 s
2026-01-04 15:12:47.824073: Yayy! New best EMA pseudo Dice: 0.7316
2026-01-04 15:12:54.168324: 
2026-01-04 15:12:54.172079: Epoch 33
2026-01-04 15:12:54.174610: Current learning rate: 9e-05
2026-01-04 15:13:47.366122: train_loss 0.6806
2026-01-04 15:13:47.395150: val_loss 0.639
2026-01-04 15:13:47.408628: val classification accuracy 0.587
2026-01-04 15:13:47.412204: val auc 0.7344
2026-01-04 15:13:47.415246: Epoch time: 53.2 s
2026-01-04 15:13:47.417903: Yayy! New best EMA pseudo Dice: 0.7344
2026-01-04 15:13:53.776632: 
2026-01-04 15:13:53.779863: Epoch 34
2026-01-04 15:13:53.782665: Current learning rate: 9e-05
2026-01-04 15:14:46.584813: train_loss 0.6922
2026-01-04 15:14:46.597371: val_loss 0.67
2026-01-04 15:14:46.600839: val classification accuracy 0.587
2026-01-04 15:14:46.604021: val auc 0.7164
2026-01-04 15:14:46.607377: Epoch time: 52.81 s
2026-01-04 15:14:47.430728: 
2026-01-04 15:14:47.452117: Epoch 35
2026-01-04 15:14:47.456038: Current learning rate: 9e-05
2026-01-04 15:15:37.451329: train_loss 0.6727
2026-01-04 15:15:37.467728: val_loss 0.654
2026-01-04 15:15:37.471473: val classification accuracy 0.6087
2026-01-04 15:15:37.475247: val auc 0.6909
2026-01-04 15:15:37.493702: Epoch time: 50.02 s
2026-01-04 15:15:38.460588: 
2026-01-04 15:15:38.464516: Epoch 36
2026-01-04 15:15:38.467470: Current learning rate: 9e-05
2026-01-04 15:16:29.600014: train_loss 0.667
2026-01-04 15:16:29.621746: val_loss 0.6445
2026-01-04 15:16:29.624814: val classification accuracy 0.6304
2026-01-04 15:16:29.627902: val auc 0.7117
2026-01-04 15:16:29.630504: Epoch time: 51.14 s
2026-01-04 15:16:30.537195: 
2026-01-04 15:16:30.540974: Epoch 37
2026-01-04 15:16:30.543860: Current learning rate: 9e-05
2026-01-04 15:17:27.300629: train_loss 0.687
2026-01-04 15:17:27.318357: val_loss 0.6454
2026-01-04 15:17:27.321468: val classification accuracy 0.6304
2026-01-04 15:17:27.324140: val auc 0.7543
2026-01-04 15:17:27.327685: Epoch time: 56.76 s
2026-01-04 15:17:27.330364: Yayy! New best EMA pseudo Dice: 0.7543
2026-01-04 15:17:33.357052: 
2026-01-04 15:17:33.360770: Epoch 38
2026-01-04 15:17:33.363399: Current learning rate: 9e-05
2026-01-04 15:18:29.393011: train_loss 0.6701
2026-01-04 15:18:29.397452: val_loss 0.6281
2026-01-04 15:18:29.400165: val classification accuracy 0.587
2026-01-04 15:18:29.403445: val auc 0.724
2026-01-04 15:18:29.407390: Epoch time: 56.04 s
2026-01-04 15:18:30.326920: 
2026-01-04 15:18:30.330439: Epoch 39
2026-01-04 15:18:30.332895: Current learning rate: 9e-05
2026-01-04 15:19:26.836830: train_loss 0.6861
2026-01-04 15:19:26.841221: val_loss 0.6816
2026-01-04 15:19:26.844085: val classification accuracy 0.5217
2026-01-04 15:19:26.847289: val auc 0.5907
2026-01-04 15:19:26.850392: Epoch time: 56.51 s
2026-01-04 15:19:27.751366: 
2026-01-04 15:19:27.755135: Epoch 40
2026-01-04 15:19:27.757755: Current learning rate: 9e-05
2026-01-04 15:20:26.532118: train_loss 0.6899
2026-01-04 15:20:26.621625: val_loss 0.6466
2026-01-04 15:20:26.633841: val classification accuracy 0.6522
2026-01-04 15:20:26.637409: val auc 0.759
2026-01-04 15:20:26.640504: Epoch time: 58.78 s
2026-01-04 15:20:26.643608: Yayy! New best EMA pseudo Dice: 0.759
2026-01-04 15:20:33.840193: 
2026-01-04 15:20:33.843550: Epoch 41
2026-01-04 15:20:33.846101: Current learning rate: 9e-05
2026-01-04 15:21:25.257556: train_loss 0.6738
2026-01-04 15:21:25.262287: val_loss 0.6598
2026-01-04 15:21:25.265896: val classification accuracy 0.5217
2026-01-04 15:21:25.269288: val auc 0.6446
2026-01-04 15:21:25.272607: Epoch time: 51.42 s
2026-01-04 15:21:26.185384: 
2026-01-04 15:21:26.189167: Epoch 42
2026-01-04 15:21:26.192106: Current learning rate: 9e-05
2026-01-04 15:22:22.967405: train_loss 0.6733
2026-01-04 15:22:22.973024: val_loss 0.6243
2026-01-04 15:22:22.994673: val classification accuracy 0.5652
2026-01-04 15:22:22.998341: val auc 0.7543
2026-01-04 15:22:23.001656: Epoch time: 56.78 s
2026-01-04 15:22:23.939301: 
2026-01-04 15:22:23.943128: Epoch 43
2026-01-04 15:22:23.945780: Current learning rate: 9e-05
2026-01-04 15:23:16.432146: train_loss 0.6771
2026-01-04 15:23:16.438204: val_loss 0.6598
2026-01-04 15:23:16.442117: val classification accuracy 0.5217
2026-01-04 15:23:16.445068: val auc 0.6437
2026-01-04 15:23:16.448330: Epoch time: 52.49 s
2026-01-04 15:23:17.344719: 
2026-01-04 15:23:17.348667: Epoch 44
2026-01-04 15:23:17.351769: Current learning rate: 9e-05
2026-01-04 15:24:10.924486: train_loss 0.6716
2026-01-04 15:24:10.949360: val_loss 0.6817
2026-01-04 15:24:10.970329: val classification accuracy 0.5652
2026-01-04 15:24:10.973475: val auc 0.6786
2026-01-04 15:24:10.977646: Epoch time: 53.58 s
2026-01-04 15:24:11.816691: 
2026-01-04 15:24:11.827212: Epoch 45
2026-01-04 15:24:11.841794: Current learning rate: 9e-05
2026-01-04 15:25:07.091522: train_loss 0.6701
2026-01-04 15:25:07.098903: val_loss 0.6254
2026-01-04 15:25:07.102582: val classification accuracy 0.6522
2026-01-04 15:25:07.105896: val auc 0.7505
2026-01-04 15:25:07.110404: Epoch time: 55.29 s
2026-01-04 15:25:07.959803: 
2026-01-04 15:25:07.963760: Epoch 46
2026-01-04 15:25:07.966732: Current learning rate: 9e-05
2026-01-04 15:26:04.513800: train_loss 0.6722
2026-01-04 15:26:04.519986: val_loss 0.5599
2026-01-04 15:26:04.523374: val classification accuracy 0.8043
2026-01-04 15:26:04.526633: val auc 0.9149
2026-01-04 15:26:04.530900: Epoch time: 56.56 s
2026-01-04 15:26:04.545419: Yayy! New best EMA pseudo Dice: 0.9149
2026-01-04 15:26:10.091696: Yayy! New best classification accuracy: 0.8043
2026-01-04 15:26:15.733429: 
2026-01-04 15:26:15.736726: Epoch 47
2026-01-04 15:26:15.739156: Current learning rate: 9e-05
2026-01-04 15:27:08.911235: train_loss 0.6617
2026-01-04 15:27:08.922526: val_loss 0.6403
2026-01-04 15:27:08.926083: val classification accuracy 0.6087
2026-01-04 15:27:08.929279: val auc 0.6446
2026-01-04 15:27:08.932696: Epoch time: 53.18 s
2026-01-04 15:27:09.762229: 
2026-01-04 15:27:09.766121: Epoch 48
2026-01-04 15:27:09.769270: Current learning rate: 9e-05
2026-01-04 15:28:08.331259: train_loss 0.6705
2026-01-04 15:28:08.346112: val_loss 0.6663
2026-01-04 15:28:08.349312: val classification accuracy 0.587
2026-01-04 15:28:08.353842: val auc 0.6446
2026-01-04 15:28:08.357003: Epoch time: 58.57 s
2026-01-04 15:28:09.208262: 
2026-01-04 15:28:09.213558: Epoch 49
2026-01-04 15:28:09.216457: Current learning rate: 9e-05
2026-01-04 15:29:05.687273: train_loss 0.6797
2026-01-04 15:29:05.691243: val_loss 0.6361
2026-01-04 15:29:05.694016: val classification accuracy 0.6522
2026-01-04 15:29:05.696697: val auc 0.8034
2026-01-04 15:29:05.699675: Epoch time: 56.48 s
2026-01-04 15:29:06.642911: 
2026-01-04 15:29:06.646310: Epoch 50
2026-01-04 15:29:06.648985: Current learning rate: 8e-05
2026-01-04 15:30:01.965066: train_loss 0.6704
2026-01-04 15:30:01.981507: val_loss 0.634
2026-01-04 15:30:01.985171: val classification accuracy 0.6304
2026-01-04 15:30:01.988588: val auc 0.775
2026-01-04 15:30:01.991604: Epoch time: 55.32 s
2026-01-04 15:30:02.818735: 
2026-01-04 15:30:02.822930: Epoch 51
2026-01-04 15:30:02.826415: Current learning rate: 8e-05
2026-01-04 15:30:56.434252: train_loss 0.682
2026-01-04 15:30:56.466300: val_loss 0.663
2026-01-04 15:30:56.469662: val classification accuracy 0.5217
2026-01-04 15:30:56.473017: val auc 0.6219
2026-01-04 15:30:56.475598: Epoch time: 53.62 s
2026-01-04 15:30:57.328866: 
2026-01-04 15:30:57.335216: Epoch 52
2026-01-04 15:30:57.341084: Current learning rate: 8e-05
2026-01-04 15:31:52.712324: train_loss 0.6703
2026-01-04 15:31:52.732664: val_loss 0.6373
2026-01-04 15:31:52.736078: val classification accuracy 0.5652
2026-01-04 15:31:52.739436: val auc 0.7845
2026-01-04 15:31:52.743268: Epoch time: 55.38 s
2026-01-04 15:31:53.711500: 
2026-01-04 15:31:53.715328: Epoch 53
2026-01-04 15:31:53.717988: Current learning rate: 8e-05
2026-01-04 15:32:48.461649: train_loss 0.6736
2026-01-04 15:32:48.465936: val_loss 0.6803
2026-01-04 15:32:48.468764: val classification accuracy 0.4783
2026-01-04 15:32:48.527331: val auc 0.535
2026-01-04 15:32:48.548170: Epoch time: 54.75 s
2026-01-04 15:32:50.238866: 
2026-01-04 15:32:50.242532: Epoch 54
2026-01-04 15:32:50.245143: Current learning rate: 8e-05
2026-01-04 15:33:47.033665: train_loss 0.678
2026-01-04 15:33:47.048769: val_loss 0.6798
2026-01-04 15:33:47.053249: val classification accuracy 0.5652
2026-01-04 15:33:47.056734: val auc 0.6068
2026-01-04 15:33:47.061679: Epoch time: 56.8 s
2026-01-04 15:33:48.049041: 
2026-01-04 15:33:48.054013: Epoch 55
2026-01-04 15:33:48.057178: Current learning rate: 8e-05
2026-01-04 15:34:43.542382: train_loss 0.6635
2026-01-04 15:34:43.566951: val_loss 0.6389
2026-01-04 15:34:43.590627: val classification accuracy 0.6087
2026-01-04 15:34:43.603633: val auc 0.7968
2026-01-04 15:34:43.607049: Epoch time: 55.49 s
2026-01-04 15:34:44.496194: 
2026-01-04 15:34:44.499807: Epoch 56
2026-01-04 15:34:44.502580: Current learning rate: 8e-05
2026-01-04 15:35:38.909856: train_loss 0.6753
2026-01-04 15:35:38.915773: val_loss 0.6459
2026-01-04 15:35:38.919986: val classification accuracy 0.6087
2026-01-04 15:35:38.927350: val auc 0.6985
2026-01-04 15:35:38.935406: Epoch time: 54.41 s
2026-01-04 15:35:39.855074: 
2026-01-04 15:35:39.859056: Epoch 57
2026-01-04 15:35:39.861727: Current learning rate: 8e-05
2026-01-04 15:36:35.769545: train_loss 0.6682
2026-01-04 15:36:35.774260: val_loss 0.6071
2026-01-04 15:36:35.777162: val classification accuracy 0.6522
2026-01-04 15:36:35.779845: val auc 0.7599
2026-01-04 15:36:35.783315: Epoch time: 55.92 s
2026-01-04 15:36:36.599843: 
2026-01-04 15:36:36.604341: Epoch 58
2026-01-04 15:36:36.609108: Current learning rate: 8e-05
2026-01-04 15:37:30.532209: train_loss 0.6727
2026-01-04 15:37:30.538173: val_loss 0.6569
2026-01-04 15:37:30.546275: val classification accuracy 0.587
2026-01-04 15:37:30.549942: val auc 0.5907
2026-01-04 15:37:30.553155: Epoch time: 53.93 s
2026-01-04 15:37:31.474951: 
2026-01-04 15:37:31.478997: Epoch 59
2026-01-04 15:37:31.482128: Current learning rate: 8e-05
2026-01-04 15:38:23.602374: train_loss 0.6854
2026-01-04 15:38:23.606383: val_loss 0.6144
2026-01-04 15:38:23.609086: val classification accuracy 0.7609
2026-01-04 15:38:23.612500: val auc 0.8185
2026-01-04 15:38:23.616353: Epoch time: 52.13 s
2026-01-04 15:38:29.097999: Saved periodic checkpoint /hpf/projects/jquon/sumin/nnUNet_data/nnUNet_results/Dataset033_AVM_T1+C/ViTTrainer_ep300_NoMirroring_x2__nnUNetResEncUNetLPlans__3d_fullres/fold_5/checkpoint_every20_best_balacc.pth at epoch 59 with val_balanced_accuracy=0.7609
2026-01-04 15:38:33.017738: Saved periodic checkpoint /hpf/projects/jquon/sumin/nnUNet_data/nnUNet_results/Dataset033_AVM_T1+C/ViTTrainer_ep300_NoMirroring_x2__nnUNetResEncUNetLPlans__3d_fullres/fold_5/checkpoint_every20_best_auroc.pth at epoch 59 with val_auc=0.8185
2026-01-04 15:38:33.756961: 
2026-01-04 15:38:33.760300: Epoch 60
2026-01-04 15:38:33.762786: Current learning rate: 8e-05
2026-01-04 15:39:25.857115: train_loss 0.6754
2026-01-04 15:39:25.919942: val_loss 0.6384
2026-01-04 15:39:25.923216: val classification accuracy 0.6522
2026-01-04 15:39:25.937576: val auc 0.707
2026-01-04 15:39:25.940575: Epoch time: 52.1 s
2026-01-04 15:39:26.838310: 
2026-01-04 15:39:26.841926: Epoch 61
2026-01-04 15:39:26.844429: Current learning rate: 8e-05
2026-01-04 15:40:19.896668: train_loss 0.6801
2026-01-04 15:40:19.907192: val_loss 0.6167
2026-01-04 15:40:19.911368: val classification accuracy 0.5217
2026-01-04 15:40:19.916024: val auc 0.7316
2026-01-04 15:40:19.919851: Epoch time: 53.06 s
2026-01-04 15:40:20.881893: 
2026-01-04 15:40:20.885677: Epoch 62
2026-01-04 15:40:20.888677: Current learning rate: 8e-05
2026-01-04 15:41:12.698802: train_loss 0.6687
2026-01-04 15:41:12.738786: val_loss 0.71
2026-01-04 15:41:12.745095: val classification accuracy 0.5217
2026-01-04 15:41:12.748542: val auc 0.5284
2026-01-04 15:41:12.759062: Epoch time: 51.82 s
2026-01-04 15:41:13.667546: 
2026-01-04 15:41:13.671707: Epoch 63
2026-01-04 15:41:13.674709: Current learning rate: 8e-05
2026-01-04 15:42:06.241338: train_loss 0.6749
2026-01-04 15:42:06.247009: val_loss 0.6712
2026-01-04 15:42:06.249825: val classification accuracy 0.5
2026-01-04 15:42:06.253045: val auc 0.6314
2026-01-04 15:42:06.256219: Epoch time: 52.57 s
2026-01-04 15:42:07.163248: 
2026-01-04 15:42:07.166854: Epoch 64
2026-01-04 15:42:07.169353: Current learning rate: 8e-05
2026-01-04 15:43:01.355595: train_loss 0.6741
2026-01-04 15:43:01.361841: val_loss 0.6372
2026-01-04 15:43:01.365220: val classification accuracy 0.6304
2026-01-04 15:43:01.368340: val auc 0.707
2026-01-04 15:43:01.371681: Epoch time: 54.19 s
2026-01-04 15:43:02.241801: 
2026-01-04 15:43:02.246092: Epoch 65
2026-01-04 15:43:02.248842: Current learning rate: 8e-05
2026-01-04 15:43:56.794423: train_loss 0.6802
2026-01-04 15:43:56.809808: val_loss 0.6889
2026-01-04 15:43:56.830271: val classification accuracy 0.5217
2026-01-04 15:43:56.833945: val auc 0.6352
2026-01-04 15:43:56.837291: Epoch time: 54.55 s
2026-01-04 15:43:57.839660: 
2026-01-04 15:43:57.843537: Epoch 66
2026-01-04 15:43:57.846197: Current learning rate: 8e-05
2026-01-04 15:44:56.707296: train_loss 0.6745
2026-01-04 15:44:56.712623: val_loss 0.6363
2026-01-04 15:44:56.715814: val classification accuracy 0.6304
2026-01-04 15:44:56.721964: val auc 0.7306
2026-01-04 15:44:56.724864: Epoch time: 58.87 s
2026-01-04 15:44:57.570510: 
2026-01-04 15:44:57.574062: Epoch 67
2026-01-04 15:44:57.576602: Current learning rate: 8e-05
2026-01-04 15:45:51.628222: train_loss 0.6743
2026-01-04 15:45:51.692709: val_loss 0.6696
2026-01-04 15:45:51.701741: val classification accuracy 0.587
2026-01-04 15:45:51.705491: val auc 0.6569
2026-01-04 15:45:51.708858: Epoch time: 54.06 s
2026-01-04 15:45:52.549122: 
2026-01-04 15:45:52.552867: Epoch 68
2026-01-04 15:45:52.555426: Current learning rate: 8e-05
2026-01-04 15:46:45.554147: train_loss 0.6605
2026-01-04 15:46:45.559224: val_loss 0.6684
2026-01-04 15:46:45.562442: val classification accuracy 0.5652
2026-01-04 15:46:45.565283: val auc 0.6749
2026-01-04 15:46:45.568007: Epoch time: 53.01 s
2026-01-04 15:46:46.370484: 
2026-01-04 15:46:46.374010: Epoch 69
2026-01-04 15:46:46.376614: Current learning rate: 8e-05
2026-01-04 15:47:41.107068: train_loss 0.6706
2026-01-04 15:47:41.126368: val_loss 0.6673
2026-01-04 15:47:41.129286: val classification accuracy 0.587
2026-01-04 15:47:41.132112: val auc 0.6276
2026-01-04 15:47:41.135164: Epoch time: 54.74 s
2026-01-04 15:47:41.993588: 
2026-01-04 15:47:41.997249: Epoch 70
2026-01-04 15:47:41.999996: Current learning rate: 8e-05
2026-01-04 15:48:41.530257: train_loss 0.6735
2026-01-04 15:48:41.537035: val_loss 0.6794
2026-01-04 15:48:41.557749: val classification accuracy 0.587
2026-01-04 15:48:41.561334: val auc 0.6068
2026-01-04 15:48:41.564752: Epoch time: 59.54 s
2026-01-04 15:48:42.404328: 
2026-01-04 15:48:42.407786: Epoch 71
2026-01-04 15:48:42.410127: Current learning rate: 8e-05
2026-01-04 15:49:35.671694: train_loss 0.6846
2026-01-04 15:49:35.678942: val_loss 0.6473
2026-01-04 15:49:35.682422: val classification accuracy 0.5652
2026-01-04 15:49:35.686083: val auc 0.6975
2026-01-04 15:49:35.689433: Epoch time: 53.27 s
2026-01-04 15:49:36.588806: 
2026-01-04 15:49:36.592675: Epoch 72
2026-01-04 15:49:36.595547: Current learning rate: 8e-05
2026-01-04 15:50:30.023705: train_loss 0.6703
2026-01-04 15:50:30.029449: val_loss 0.6588
2026-01-04 15:50:30.033005: val classification accuracy 0.5652
2026-01-04 15:50:30.036309: val auc 0.5728
2026-01-04 15:50:30.039340: Epoch time: 53.44 s
2026-01-04 15:50:31.023762: 
2026-01-04 15:50:31.028350: Epoch 73
2026-01-04 15:50:31.031300: Current learning rate: 8e-05
2026-01-04 15:51:25.593076: train_loss 0.6647
2026-01-04 15:51:25.597260: val_loss 0.6639
2026-01-04 15:51:25.600510: val classification accuracy 0.5652
2026-01-04 15:51:25.603410: val auc 0.6011
2026-01-04 15:51:25.633190: Epoch time: 54.57 s
2026-01-04 15:51:26.567568: 
2026-01-04 15:51:26.574325: Epoch 74
2026-01-04 15:51:26.579178: Current learning rate: 8e-05
2026-01-04 15:52:20.446810: train_loss 0.6658
2026-01-04 15:52:20.451583: val_loss 0.6352
2026-01-04 15:52:20.454388: val classification accuracy 0.6739
2026-01-04 15:52:20.457613: val auc 0.7023
2026-01-04 15:52:20.460654: Epoch time: 53.89 s
2026-01-04 15:52:21.376361: 
2026-01-04 15:52:21.379803: Epoch 75
2026-01-04 15:52:21.382421: Current learning rate: 8e-05
2026-01-04 15:53:17.611032: train_loss 0.6742
2026-01-04 15:53:17.618722: val_loss 0.6673
2026-01-04 15:53:17.622601: val classification accuracy 0.5652
2026-01-04 15:53:17.625927: val auc 0.6446
2026-01-04 15:53:17.628743: Epoch time: 56.24 s
2026-01-04 15:53:18.464908: 
2026-01-04 15:53:18.469241: Epoch 76
2026-01-04 15:53:18.472252: Current learning rate: 8e-05
2026-01-04 15:54:15.537426: train_loss 0.69
2026-01-04 15:54:15.550092: val_loss 0.633
2026-01-04 15:54:15.553489: val classification accuracy 0.587
2026-01-04 15:54:15.556494: val auc 0.7363
2026-01-04 15:54:15.559590: Epoch time: 57.07 s
2026-01-04 15:54:16.474781: 
2026-01-04 15:54:16.478647: Epoch 77
2026-01-04 15:54:16.481324: Current learning rate: 8e-05
2026-01-04 15:55:13.429015: train_loss 0.6693
2026-01-04 15:55:13.435155: val_loss 0.6724
2026-01-04 15:55:13.438623: val classification accuracy 0.4565
2026-01-04 15:55:13.441913: val auc 0.5359
2026-01-04 15:55:13.445276: Epoch time: 56.96 s
2026-01-04 15:55:14.347685: 
2026-01-04 15:55:14.351482: Epoch 78
2026-01-04 15:55:14.354481: Current learning rate: 8e-05
2026-01-04 15:56:06.256144: train_loss 0.6664
2026-01-04 15:56:06.261728: val_loss 0.6528
2026-01-04 15:56:06.264519: val classification accuracy 0.5652
2026-01-04 15:56:06.268541: val auc 0.673
2026-01-04 15:56:06.271741: Epoch time: 51.91 s
2026-01-04 15:56:07.135483: 
2026-01-04 15:56:07.138974: Epoch 79
2026-01-04 15:56:07.141553: Current learning rate: 8e-05
2026-01-04 15:57:02.966709: train_loss 0.6615
2026-01-04 15:57:02.971540: val_loss 0.6632
2026-01-04 15:57:02.974968: val classification accuracy 0.5652
2026-01-04 15:57:02.978215: val auc 0.7892
2026-01-04 15:57:02.981270: Epoch time: 55.83 s
2026-01-04 15:57:03.830201: 
2026-01-04 15:57:03.834279: Epoch 80
2026-01-04 15:57:03.837126: Current learning rate: 8e-05
2026-01-04 15:57:59.517215: train_loss 0.699
2026-01-04 15:57:59.530655: val_loss 0.6752
2026-01-04 15:57:59.550635: val classification accuracy 0.6087
2026-01-04 15:57:59.554708: val auc 0.6219
2026-01-04 15:57:59.558012: Epoch time: 55.69 s
2026-01-04 15:58:01.117040: 
2026-01-04 15:58:01.120940: Epoch 81
2026-01-04 15:58:01.123595: Current learning rate: 8e-05
2026-01-04 15:58:50.807376: train_loss 0.6895
2026-01-04 15:58:50.811824: val_loss 0.6395
2026-01-04 15:58:50.814938: val classification accuracy 0.6957
2026-01-04 15:58:50.817901: val auc 0.8544
2026-01-04 15:58:50.821168: Epoch time: 49.69 s
2026-01-04 15:58:51.662810: 
2026-01-04 15:58:51.666951: Epoch 82
2026-01-04 15:58:51.670268: Current learning rate: 8e-05
2026-01-04 15:59:47.740341: train_loss 0.6749
2026-01-04 15:59:47.745965: val_loss 0.6523
2026-01-04 15:59:47.750468: val classification accuracy 0.587
2026-01-04 15:59:47.754789: val auc 0.655
2026-01-04 15:59:47.758821: Epoch time: 56.08 s
2026-01-04 15:59:48.611175: 
2026-01-04 15:59:48.615276: Epoch 83
2026-01-04 15:59:48.618379: Current learning rate: 7e-05
2026-01-04 16:00:42.880961: train_loss 0.6776
2026-01-04 16:00:42.896730: val_loss 0.662
2026-01-04 16:00:42.900992: val classification accuracy 0.6087
2026-01-04 16:00:42.904159: val auc 0.6711
2026-01-04 16:00:42.907454: Epoch time: 54.27 s
2026-01-04 16:00:43.751439: 
2026-01-04 16:00:43.755300: Epoch 84
2026-01-04 16:00:43.758093: Current learning rate: 7e-05
2026-01-04 16:01:39.932980: train_loss 0.6677
2026-01-04 16:01:39.938963: val_loss 0.6586
2026-01-04 16:01:39.941910: val classification accuracy 0.5652
2026-01-04 16:01:39.944834: val auc 0.7212
2026-01-04 16:01:39.947653: Epoch time: 56.18 s
2026-01-04 16:01:40.837358: 
2026-01-04 16:01:40.841213: Epoch 85
2026-01-04 16:01:40.844001: Current learning rate: 7e-05
2026-01-04 16:02:35.897341: train_loss 0.6614
2026-01-04 16:02:35.911591: val_loss 0.6188
2026-01-04 16:02:35.915180: val classification accuracy 0.6522
2026-01-04 16:02:35.918639: val auc 0.7495
2026-01-04 16:02:35.921738: Epoch time: 55.06 s
2026-01-04 16:02:36.848831: 
2026-01-04 16:02:36.852613: Epoch 86
2026-01-04 16:02:36.855842: Current learning rate: 7e-05
2026-01-04 16:03:34.409247: train_loss 0.67
2026-01-04 16:03:34.420366: val_loss 0.6659
2026-01-04 16:03:34.459078: val classification accuracy 0.6522
2026-01-04 16:03:34.462618: val auc 0.6616
2026-01-04 16:03:34.470731: Epoch time: 57.56 s
2026-01-04 16:03:35.297223: 
2026-01-04 16:03:35.300986: Epoch 87
2026-01-04 16:03:35.303630: Current learning rate: 7e-05
2026-01-04 16:04:33.031147: train_loss 0.6544
2026-01-04 16:04:33.045856: val_loss 0.5993
2026-01-04 16:04:33.074174: val classification accuracy 0.7391
2026-01-04 16:04:33.119929: val auc 0.81
2026-01-04 16:04:33.124196: Epoch time: 57.73 s
2026-01-04 16:04:34.034127: 
2026-01-04 16:04:34.037916: Epoch 88
2026-01-04 16:04:34.040537: Current learning rate: 7e-05
2026-01-04 16:05:32.014319: train_loss 0.6648
2026-01-04 16:05:32.076909: val_loss 0.6304
2026-01-04 16:05:32.080940: val classification accuracy 0.5217
2026-01-04 16:05:32.101057: val auc 0.6919
2026-01-04 16:05:32.106036: Epoch time: 57.98 s
2026-01-04 16:05:32.975976: 
2026-01-04 16:05:32.980285: Epoch 89
2026-01-04 16:05:32.983008: Current learning rate: 7e-05
2026-01-04 16:06:29.901130: train_loss 0.6698
2026-01-04 16:06:29.905602: val_loss 0.6319
2026-01-04 16:06:29.913524: val classification accuracy 0.6304
2026-01-04 16:06:29.916344: val auc 0.7183
2026-01-04 16:06:29.919156: Epoch time: 56.93 s
2026-01-04 16:06:30.774490: 
2026-01-04 16:06:30.778264: Epoch 90
2026-01-04 16:06:30.781028: Current learning rate: 7e-05
2026-01-04 16:07:21.342010: train_loss 0.667
2026-01-04 16:07:21.347934: val_loss 0.6553
2026-01-04 16:07:21.351033: val classification accuracy 0.4783
2026-01-04 16:07:21.357455: val auc 0.5728
2026-01-04 16:07:21.360133: Epoch time: 50.57 s
2026-01-04 16:07:22.177712: 
2026-01-04 16:07:22.181404: Epoch 91
2026-01-04 16:07:22.184249: Current learning rate: 7e-05
2026-01-04 16:08:17.898014: train_loss 0.6571
2026-01-04 16:08:17.942845: val_loss 0.6377
2026-01-04 16:08:17.947186: val classification accuracy 0.6739
2026-01-04 16:08:17.950079: val auc 0.7136
2026-01-04 16:08:17.952898: Epoch time: 55.72 s
2026-01-04 16:08:18.759987: 
2026-01-04 16:08:18.763367: Epoch 92
2026-01-04 16:08:18.765817: Current learning rate: 7e-05
2026-01-04 16:09:11.202072: train_loss 0.6666
2026-01-04 16:09:11.208503: val_loss 0.6361
2026-01-04 16:09:11.211810: val classification accuracy 0.6957
2026-01-04 16:09:11.214830: val auc 0.707
2026-01-04 16:09:11.217932: Epoch time: 52.44 s
2026-01-04 16:09:12.058220: 
2026-01-04 16:09:12.062021: Epoch 93
2026-01-04 16:09:12.064828: Current learning rate: 7e-05
2026-01-04 16:10:07.222161: train_loss 0.6558
2026-01-04 16:10:07.253793: val_loss 0.6286
2026-01-04 16:10:07.258567: val classification accuracy 0.6087
2026-01-04 16:10:07.261797: val auc 0.7429
2026-01-04 16:10:07.265011: Epoch time: 55.17 s
2026-01-04 16:10:08.845523: 
2026-01-04 16:10:08.849823: Epoch 94
2026-01-04 16:10:08.852641: Current learning rate: 7e-05
2026-01-04 16:11:03.959086: train_loss 0.67
2026-01-04 16:11:03.965501: val_loss 0.6649
2026-01-04 16:11:03.968455: val classification accuracy 0.6304
2026-01-04 16:11:03.971598: val auc 0.6389
2026-01-04 16:11:03.983456: Epoch time: 55.11 s
2026-01-04 16:11:04.860668: 
2026-01-04 16:11:04.865106: Epoch 95
2026-01-04 16:11:04.867953: Current learning rate: 7e-05
2026-01-04 16:11:58.600861: train_loss 0.683
2026-01-04 16:11:58.607131: val_loss 0.7012
2026-01-04 16:11:58.610346: val classification accuracy 0.5435
2026-01-04 16:11:58.615500: val auc 0.5747
2026-01-04 16:11:58.618485: Epoch time: 53.74 s
2026-01-04 16:11:59.527412: 
2026-01-04 16:11:59.530890: Epoch 96
2026-01-04 16:11:59.533667: Current learning rate: 7e-05
2026-01-04 16:12:53.123029: train_loss 0.6386
2026-01-04 16:12:53.164415: val_loss 0.6501
2026-01-04 16:12:53.194109: val classification accuracy 0.587
2026-01-04 16:12:53.198145: val auc 0.6692
2026-01-04 16:12:53.201383: Epoch time: 53.6 s
2026-01-04 16:12:54.044313: 
2026-01-04 16:12:54.047812: Epoch 97
2026-01-04 16:12:54.050370: Current learning rate: 7e-05
2026-01-04 16:13:48.057927: train_loss 0.6535
2026-01-04 16:13:48.063504: val_loss 0.6165
2026-01-04 16:13:48.066357: val classification accuracy 0.6739
2026-01-04 16:13:48.076202: val auc 0.7779
2026-01-04 16:13:48.079060: Epoch time: 54.01 s
2026-01-04 16:13:48.997383: 
2026-01-04 16:13:49.001214: Epoch 98
2026-01-04 16:13:49.004159: Current learning rate: 7e-05
2026-01-04 16:14:44.335063: train_loss 0.6705
2026-01-04 16:14:44.363807: val_loss 0.6908
2026-01-04 16:14:44.368751: val classification accuracy 0.5
2026-01-04 16:14:44.399729: val auc 0.6106
2026-01-04 16:14:44.403658: Epoch time: 55.34 s
2026-01-04 16:14:45.313605: 
2026-01-04 16:14:45.317020: Epoch 99
2026-01-04 16:14:45.319507: Current learning rate: 7e-05
2026-01-04 16:15:38.017641: train_loss 0.6739
2026-01-04 16:15:38.022991: val_loss 0.6636
2026-01-04 16:15:38.026669: val classification accuracy 0.5652
2026-01-04 16:15:38.030071: val auc 0.6021
2026-01-04 16:15:38.033918: Epoch time: 52.71 s
2026-01-04 16:15:38.888208: 
2026-01-04 16:15:38.892422: Epoch 100
2026-01-04 16:15:38.895542: Current learning rate: 7e-05
2026-01-04 16:16:20.961850: train_loss 0.6734
2026-01-04 16:16:20.970361: val_loss 0.7078
2026-01-04 16:16:20.973284: val classification accuracy 0.5652
2026-01-04 16:16:20.975986: val auc 0.6153
2026-01-04 16:16:20.979604: Epoch time: 42.07 s
2026-01-04 16:16:21.814628: 
2026-01-04 16:16:21.819460: Epoch 101
2026-01-04 16:16:21.822464: Current learning rate: 7e-05
2026-01-04 16:17:10.469710: train_loss 0.682
2026-01-04 16:17:10.474650: val_loss 0.677
2026-01-04 16:17:10.478042: val classification accuracy 0.5435
2026-01-04 16:17:10.481835: val auc 0.6692
2026-01-04 16:17:10.485054: Epoch time: 48.66 s
2026-01-04 16:17:11.454410: 
2026-01-04 16:17:11.458514: Epoch 102
2026-01-04 16:17:11.461599: Current learning rate: 7e-05
2026-01-04 16:18:08.013455: train_loss 0.6563
2026-01-04 16:18:08.018437: val_loss 0.5842
2026-01-04 16:18:08.022900: val classification accuracy 0.6739
2026-01-04 16:18:08.025892: val auc 0.8828
2026-01-04 16:18:08.028754: Epoch time: 56.56 s
2026-01-04 16:18:08.891577: 
2026-01-04 16:18:08.895025: Epoch 103
2026-01-04 16:18:08.897648: Current learning rate: 7e-05
2026-01-04 16:19:04.885314: train_loss 0.6623
2026-01-04 16:19:04.919867: val_loss 0.6688
2026-01-04 16:19:04.924606: val classification accuracy 0.5435
2026-01-04 16:19:04.927905: val auc 0.5888
2026-01-04 16:19:04.931211: Epoch time: 55.99 s
2026-01-04 16:19:05.783580: 
2026-01-04 16:19:05.787548: Epoch 104
2026-01-04 16:19:05.790437: Current learning rate: 7e-05
2026-01-04 16:19:58.494974: train_loss 0.669
2026-01-04 16:19:58.585606: val_loss 0.69
2026-01-04 16:19:58.626108: val classification accuracy 0.5652
2026-01-04 16:19:58.646444: val auc 0.587
2026-01-04 16:19:58.667836: Epoch time: 52.71 s
2026-01-04 16:19:59.517244: 
2026-01-04 16:19:59.521115: Epoch 105
2026-01-04 16:19:59.523985: Current learning rate: 7e-05
2026-01-04 16:20:50.066625: train_loss 0.6598
2026-01-04 16:20:50.074631: val_loss 0.6693
2026-01-04 16:20:50.078087: val classification accuracy 0.5
2026-01-04 16:20:50.081283: val auc 0.6522
2026-01-04 16:20:50.084474: Epoch time: 50.55 s
2026-01-04 16:20:50.916920: 
2026-01-04 16:20:50.920645: Epoch 106
2026-01-04 16:20:50.923297: Current learning rate: 7e-05
2026-01-04 16:21:42.065447: train_loss 0.6707
2026-01-04 16:21:42.070216: val_loss 0.6461
2026-01-04 16:21:42.073598: val classification accuracy 0.5435
2026-01-04 16:21:42.076586: val auc 0.6484
2026-01-04 16:21:42.079715: Epoch time: 51.15 s
2026-01-04 16:21:43.679838: 
2026-01-04 16:21:43.688677: Epoch 107
2026-01-04 16:21:43.691725: Current learning rate: 7e-05
2026-01-04 16:22:37.929718: train_loss 0.6701
2026-01-04 16:22:37.934572: val_loss 0.5975
2026-01-04 16:22:37.960668: val classification accuracy 0.6739
2026-01-04 16:22:37.968508: val auc 0.7108
2026-01-04 16:22:37.971217: Epoch time: 54.25 s
2026-01-04 16:22:38.833943: 
2026-01-04 16:22:38.837270: Epoch 108
2026-01-04 16:22:38.839893: Current learning rate: 7e-05
2026-01-04 16:23:32.441276: train_loss 0.6615
2026-01-04 16:23:32.494916: val_loss 0.6433
2026-01-04 16:23:32.499094: val classification accuracy 0.587
2026-01-04 16:23:32.502337: val auc 0.6399
2026-01-04 16:23:32.506179: Epoch time: 53.61 s
2026-01-04 16:23:33.430446: 
2026-01-04 16:23:33.472312: Epoch 109
2026-01-04 16:23:33.475092: Current learning rate: 7e-05
2026-01-04 16:24:27.724259: train_loss 0.6604
2026-01-04 16:24:27.728260: val_loss 0.6468
2026-01-04 16:24:27.772443: val classification accuracy 0.6087
2026-01-04 16:24:27.777035: val auc 0.7259
2026-01-04 16:24:27.781350: Epoch time: 54.29 s
2026-01-04 16:24:28.685223: 
2026-01-04 16:24:28.688978: Epoch 110
2026-01-04 16:24:28.691742: Current learning rate: 7e-05
2026-01-04 16:25:23.705562: train_loss 0.6451
2026-01-04 16:25:23.739977: val_loss 0.6733
2026-01-04 16:25:23.743957: val classification accuracy 0.5435
2026-01-04 16:25:23.757357: val auc 0.655
2026-01-04 16:25:23.798937: Epoch time: 55.02 s
2026-01-04 16:25:24.653706: 
2026-01-04 16:25:24.657702: Epoch 111
2026-01-04 16:25:24.660294: Current learning rate: 7e-05
2026-01-04 16:26:18.116371: train_loss 0.6908
2026-01-04 16:26:18.137213: val_loss 0.6677
2026-01-04 16:26:18.140625: val classification accuracy 0.5652
2026-01-04 16:26:18.144481: val auc 0.6645
2026-01-04 16:26:18.147913: Epoch time: 53.46 s
2026-01-04 16:26:19.057787: 
2026-01-04 16:26:19.061301: Epoch 112
2026-01-04 16:26:19.063800: Current learning rate: 7e-05
2026-01-04 16:27:16.823340: train_loss 0.6547
2026-01-04 16:27:16.829046: val_loss 0.6618
2026-01-04 16:27:16.831818: val classification accuracy 0.5652
2026-01-04 16:27:16.834656: val auc 0.6352
2026-01-04 16:27:16.837426: Epoch time: 57.77 s
2026-01-04 16:27:17.665784: 
2026-01-04 16:27:17.669778: Epoch 113
2026-01-04 16:27:17.672378: Current learning rate: 7e-05
2026-01-04 16:28:09.468912: train_loss 0.6751
2026-01-04 16:28:09.484723: val_loss 0.6047
2026-01-04 16:28:09.488766: val classification accuracy 0.6957
2026-01-04 16:28:09.492023: val auc 0.775
2026-01-04 16:28:09.503282: Epoch time: 51.8 s
2026-01-04 16:28:10.428537: 
2026-01-04 16:28:10.432426: Epoch 114
2026-01-04 16:28:10.435391: Current learning rate: 7e-05
2026-01-04 16:29:06.791802: train_loss 0.6627
2026-01-04 16:29:06.797695: val_loss 0.6334
2026-01-04 16:29:06.801469: val classification accuracy 0.6522
2026-01-04 16:29:06.805098: val auc 0.7467
2026-01-04 16:29:06.808138: Epoch time: 56.36 s
2026-01-04 16:29:07.691598: 
2026-01-04 16:29:07.695629: Epoch 115
2026-01-04 16:29:07.699123: Current learning rate: 6e-05
2026-01-04 16:30:06.175156: train_loss 0.6691
2026-01-04 16:30:06.183007: val_loss 0.6693
2026-01-04 16:30:06.186151: val classification accuracy 0.587
2026-01-04 16:30:06.190661: val auc 0.6796
2026-01-04 16:30:06.195088: Epoch time: 58.48 s
2026-01-04 16:30:07.087890: 
2026-01-04 16:30:07.091938: Epoch 116
2026-01-04 16:30:07.094967: Current learning rate: 6e-05
2026-01-04 16:31:06.479859: train_loss 0.6735
2026-01-04 16:31:06.505677: val_loss 0.6458
2026-01-04 16:31:06.509094: val classification accuracy 0.5652
2026-01-04 16:31:06.511843: val auc 0.6786
2026-01-04 16:31:06.514994: Epoch time: 59.39 s
2026-01-04 16:31:07.378501: 
2026-01-04 16:31:07.382274: Epoch 117
2026-01-04 16:31:07.385217: Current learning rate: 6e-05
2026-01-04 16:32:02.654639: train_loss 0.6714
2026-01-04 16:32:02.668837: val_loss 0.6571
2026-01-04 16:32:02.672706: val classification accuracy 0.5435
2026-01-04 16:32:02.676279: val auc 0.6115
2026-01-04 16:32:02.679475: Epoch time: 55.28 s
2026-01-04 16:32:03.559690: 
2026-01-04 16:32:03.563677: Epoch 118
2026-01-04 16:32:03.566797: Current learning rate: 6e-05
2026-01-04 16:32:57.336297: train_loss 0.6628
2026-01-04 16:32:57.360506: val_loss 0.6473
2026-01-04 16:32:57.364282: val classification accuracy 0.5652
2026-01-04 16:32:57.368141: val auc 0.6106
2026-01-04 16:32:57.381186: Epoch time: 53.78 s
2026-01-04 16:32:58.294436: 
2026-01-04 16:32:58.298283: Epoch 119
2026-01-04 16:32:58.300872: Current learning rate: 6e-05
2026-01-04 16:33:53.622423: train_loss 0.6818
2026-01-04 16:33:53.651417: val_loss 0.6431
2026-01-04 16:33:53.655073: val classification accuracy 0.5652
2026-01-04 16:33:53.658754: val auc 0.6437
2026-01-04 16:33:53.662151: Epoch time: 55.33 s
2026-01-04 16:33:54.541925: 
2026-01-04 16:33:54.556170: Epoch 120
2026-01-04 16:33:54.563610: Current learning rate: 6e-05
2026-01-04 16:34:49.635250: train_loss 0.6697
2026-01-04 16:34:49.641217: val_loss 0.6941
2026-01-04 16:34:49.665778: val classification accuracy 0.5
2026-01-04 16:34:49.678071: val auc 0.5369
2026-01-04 16:34:49.681688: Epoch time: 55.09 s
2026-01-04 16:34:51.361252: 
2026-01-04 16:34:51.365370: Epoch 121
2026-01-04 16:34:51.368258: Current learning rate: 6e-05
2026-01-04 16:35:41.730202: train_loss 0.669
2026-01-04 16:35:41.755672: val_loss 0.6989
2026-01-04 16:35:41.758913: val classification accuracy 0.4783
2026-01-04 16:35:41.761869: val auc 0.5123
2026-01-04 16:35:41.766366: Epoch time: 50.37 s
2026-01-04 16:35:42.704900: 
2026-01-04 16:35:42.708426: Epoch 122
2026-01-04 16:35:42.711241: Current learning rate: 6e-05
2026-01-04 16:36:34.739675: train_loss 0.6758
2026-01-04 16:36:34.748089: val_loss 0.6525
2026-01-04 16:36:34.751522: val classification accuracy 0.5
2026-01-04 16:36:34.755342: val auc 0.6125
2026-01-04 16:36:34.759033: Epoch time: 52.04 s
2026-01-04 16:36:35.629001: 
2026-01-04 16:36:35.633473: Epoch 123
2026-01-04 16:36:35.637009: Current learning rate: 6e-05
2026-01-04 16:37:31.386432: train_loss 0.6754
2026-01-04 16:37:31.390694: val_loss 0.66
2026-01-04 16:37:31.406366: val classification accuracy 0.5435
2026-01-04 16:37:31.438749: val auc 0.6493
2026-01-04 16:37:31.442675: Epoch time: 55.76 s
2026-01-04 16:37:32.259090: 
2026-01-04 16:37:32.262451: Epoch 124
2026-01-04 16:37:32.265056: Current learning rate: 6e-05
2026-01-04 16:38:27.468964: train_loss 0.6572
2026-01-04 16:38:27.475149: val_loss 0.5418
2026-01-04 16:38:27.479133: val classification accuracy 0.6957
2026-01-04 16:38:27.483151: val auc 0.8384
2026-01-04 16:38:27.486823: Epoch time: 55.21 s
2026-01-04 16:38:28.461679: 
2026-01-04 16:38:28.465121: Epoch 125
2026-01-04 16:38:28.467800: Current learning rate: 6e-05
2026-01-04 16:39:21.257032: train_loss 0.6758
2026-01-04 16:39:21.263574: val_loss 0.6623
2026-01-04 16:39:21.276396: val classification accuracy 0.5
2026-01-04 16:39:21.280559: val auc 0.6219
2026-01-04 16:39:21.393403: Epoch time: 52.8 s
2026-01-04 16:39:22.340534: 
2026-01-04 16:39:22.344713: Epoch 126
2026-01-04 16:39:22.347474: Current learning rate: 6e-05
2026-01-04 16:40:17.373417: train_loss 0.6515
2026-01-04 16:40:17.378682: val_loss 0.6405
2026-01-04 16:40:17.381640: val classification accuracy 0.6522
2026-01-04 16:40:17.384686: val auc 0.6796
2026-01-04 16:40:17.387625: Epoch time: 55.03 s
2026-01-04 16:40:18.260294: 
2026-01-04 16:40:18.264249: Epoch 127
2026-01-04 16:40:18.267159: Current learning rate: 6e-05
2026-01-04 16:41:10.671258: train_loss 0.6641
2026-01-04 16:41:10.676104: val_loss 0.6375
2026-01-04 16:41:10.680102: val classification accuracy 0.6522
2026-01-04 16:41:10.683129: val auc 0.6834
2026-01-04 16:41:10.686086: Epoch time: 52.41 s
2026-01-04 16:41:11.609729: 
2026-01-04 16:41:11.613504: Epoch 128
2026-01-04 16:41:11.616457: Current learning rate: 6e-05
2026-01-04 16:42:05.361002: train_loss 0.6583
2026-01-04 16:42:05.365761: val_loss 0.5869
2026-01-04 16:42:05.368839: val classification accuracy 0.7174
2026-01-04 16:42:05.371818: val auc 0.7599
2026-01-04 16:42:05.375101: Epoch time: 53.75 s
2026-01-04 16:42:06.226604: 
2026-01-04 16:42:06.230420: Epoch 129
2026-01-04 16:42:06.233347: Current learning rate: 6e-05
2026-01-04 16:42:57.790014: train_loss 0.664
2026-01-04 16:42:57.800277: val_loss 0.6473
2026-01-04 16:42:57.803674: val classification accuracy 0.6304
2026-01-04 16:42:57.807040: val auc 0.6616
2026-01-04 16:42:57.810575: Epoch time: 51.56 s
2026-01-04 16:42:58.695283: 
2026-01-04 16:42:58.698853: Epoch 130
2026-01-04 16:42:58.701546: Current learning rate: 6e-05
2026-01-04 16:43:55.736474: train_loss 0.6348
2026-01-04 16:43:55.742450: val_loss 0.6813
2026-01-04 16:43:55.746937: val classification accuracy 0.587
2026-01-04 16:43:55.750556: val auc 0.6446
2026-01-04 16:43:55.753989: Epoch time: 57.04 s
2026-01-04 16:43:56.645625: 
2026-01-04 16:43:56.649215: Epoch 131
2026-01-04 16:43:56.652014: Current learning rate: 6e-05
2026-01-04 16:44:49.185690: train_loss 0.6533
2026-01-04 16:44:49.192017: val_loss 0.6527
2026-01-04 16:44:49.206013: val classification accuracy 0.587
2026-01-04 16:44:49.209533: val auc 0.6172
2026-01-04 16:44:49.212376: Epoch time: 52.54 s
2026-01-04 16:44:50.025487: 
2026-01-04 16:44:50.029691: Epoch 132
2026-01-04 16:44:50.032695: Current learning rate: 6e-05
2026-01-04 16:45:42.551870: train_loss 0.6622
2026-01-04 16:45:42.648068: val_loss 0.646
2026-01-04 16:45:42.652102: val classification accuracy 0.6522
2026-01-04 16:45:42.655512: val auc 0.7051
2026-01-04 16:45:42.658534: Epoch time: 52.53 s
2026-01-04 16:45:43.494045: 
2026-01-04 16:45:43.497950: Epoch 133
2026-01-04 16:45:43.500666: Current learning rate: 6e-05
2026-01-04 16:46:35.647449: train_loss 0.6621
2026-01-04 16:46:35.652192: val_loss 0.6533
2026-01-04 16:46:35.655941: val classification accuracy 0.6522
2026-01-04 16:46:35.658827: val auc 0.6607
2026-01-04 16:46:35.662133: Epoch time: 52.15 s
2026-01-04 16:46:37.346263: 
2026-01-04 16:46:37.350855: Epoch 134
2026-01-04 16:46:37.353779: Current learning rate: 6e-05
2026-01-04 16:47:27.982948: train_loss 0.6704
2026-01-04 16:47:28.006746: val_loss 0.6515
2026-01-04 16:47:28.010030: val classification accuracy 0.6957
2026-01-04 16:47:28.013260: val auc 0.6834
2026-01-04 16:47:28.016019: Epoch time: 50.64 s
2026-01-04 16:47:28.895928: 
2026-01-04 16:47:28.902377: Epoch 135
2026-01-04 16:47:28.906760: Current learning rate: 6e-05
2026-01-04 16:48:26.378398: train_loss 0.6617
2026-01-04 16:48:26.401107: val_loss 0.6607
2026-01-04 16:48:26.416692: val classification accuracy 0.5435
2026-01-04 16:48:26.421379: val auc 0.6078
2026-01-04 16:48:26.424770: Epoch time: 57.48 s
2026-01-04 16:48:27.313312: 
2026-01-04 16:48:27.317446: Epoch 136
2026-01-04 16:48:27.320279: Current learning rate: 6e-05
2026-01-04 16:49:22.693598: train_loss 0.6437
2026-01-04 16:49:22.738404: val_loss 0.6843
2026-01-04 16:49:22.761378: val classification accuracy 0.6304
2026-01-04 16:49:22.765335: val auc 0.6021
2026-01-04 16:49:22.768753: Epoch time: 55.38 s
2026-01-04 16:49:23.642543: 
2026-01-04 16:49:23.646570: Epoch 137
2026-01-04 16:49:23.649367: Current learning rate: 6e-05
2026-01-04 16:50:17.482261: train_loss 0.6472
2026-01-04 16:50:17.487015: val_loss 0.7644
2026-01-04 16:50:17.490701: val classification accuracy 0.5652
2026-01-04 16:50:17.499570: val auc 0.5671
2026-01-04 16:50:17.502430: Epoch time: 53.84 s
2026-01-04 16:50:18.383533: 
2026-01-04 16:50:18.387483: Epoch 138
2026-01-04 16:50:18.390803: Current learning rate: 6e-05
2026-01-04 16:51:09.015015: train_loss 0.6586
2026-01-04 16:51:09.021359: val_loss 0.6668
2026-01-04 16:51:09.025097: val classification accuracy 0.5435
2026-01-04 16:51:09.028210: val auc 0.6295
2026-01-04 16:51:09.031746: Epoch time: 50.63 s
2026-01-04 16:51:10.024421: 
2026-01-04 16:51:10.028671: Epoch 139
2026-01-04 16:51:10.032254: Current learning rate: 6e-05
2026-01-04 16:52:06.482368: train_loss 0.6548
2026-01-04 16:52:06.487974: val_loss 0.6801
2026-01-04 16:52:06.491730: val classification accuracy 0.587
2026-01-04 16:52:06.495233: val auc 0.5699
2026-01-04 16:52:06.499142: Epoch time: 56.46 s
2026-01-04 16:52:07.453598: 
2026-01-04 16:52:07.457493: Epoch 140
2026-01-04 16:52:07.464313: Current learning rate: 6e-05
2026-01-04 16:52:57.159671: train_loss 0.653
2026-01-04 16:52:57.171916: val_loss 0.7462
2026-01-04 16:52:57.175661: val classification accuracy 0.5217
2026-01-04 16:52:57.178730: val auc 0.5076
2026-01-04 16:52:57.181958: Epoch time: 49.71 s
2026-01-04 16:52:58.094159: 
2026-01-04 16:52:58.098135: Epoch 141
2026-01-04 16:52:58.101184: Current learning rate: 6e-05
2026-01-04 16:53:54.675126: train_loss 0.675
2026-01-04 16:53:54.681615: val_loss 0.655
2026-01-04 16:53:54.684482: val classification accuracy 0.587
2026-01-04 16:53:54.687602: val auc 0.6484
2026-01-04 16:53:54.690785: Epoch time: 56.58 s
2026-01-04 16:53:55.652512: 
2026-01-04 16:53:55.656054: Epoch 142
2026-01-04 16:53:55.658836: Current learning rate: 6e-05
2026-01-04 16:54:51.345528: train_loss 0.672
2026-01-04 16:54:51.357939: val_loss 0.646
2026-01-04 16:54:51.361041: val classification accuracy 0.5435
2026-01-04 16:54:51.364072: val auc 0.6427
2026-01-04 16:54:51.367557: Epoch time: 55.69 s
2026-01-04 16:54:52.313632: 
2026-01-04 16:54:52.317392: Epoch 143
2026-01-04 16:54:52.320245: Current learning rate: 6e-05
2026-01-04 16:55:44.768764: train_loss 0.635
2026-01-04 16:55:44.800891: val_loss 0.6088
2026-01-04 16:55:44.804727: val classification accuracy 0.7174
2026-01-04 16:55:44.807725: val auc 0.7524
2026-01-04 16:55:44.810663: Epoch time: 52.46 s
2026-01-04 16:55:45.637069: 
2026-01-04 16:55:45.640900: Epoch 144
2026-01-04 16:55:45.643562: Current learning rate: 6e-05
2026-01-04 16:56:41.490344: train_loss 0.6745
2026-01-04 16:56:41.497667: val_loss 0.6768
2026-01-04 16:56:41.546118: val classification accuracy 0.5435
2026-01-04 16:56:41.555598: val auc 0.5388
2026-01-04 16:56:41.559974: Epoch time: 55.85 s
2026-01-04 16:56:42.496603: 
2026-01-04 16:56:42.500175: Epoch 145
2026-01-04 16:56:42.502980: Current learning rate: 6e-05
2026-01-04 16:57:39.461082: train_loss 0.6565
2026-01-04 16:57:39.467569: val_loss 0.7167
2026-01-04 16:57:39.470779: val classification accuracy 0.5652
2026-01-04 16:57:39.474595: val auc 0.5822
2026-01-04 16:57:39.477807: Epoch time: 56.97 s
2026-01-04 16:57:40.313566: 
2026-01-04 16:57:40.317011: Epoch 146
2026-01-04 16:57:40.319551: Current learning rate: 5e-05
2026-01-04 16:58:32.460665: train_loss 0.6602
2026-01-04 16:58:32.472526: val_loss 0.7062
2026-01-04 16:58:32.476534: val classification accuracy 0.5
2026-01-04 16:58:32.479468: val auc 0.5227
2026-01-04 16:58:32.482479: Epoch time: 52.15 s
2026-01-04 16:58:33.400304: 
2026-01-04 16:58:33.403977: Epoch 147
2026-01-04 16:58:33.407396: Current learning rate: 5e-05
2026-01-04 16:59:28.935312: train_loss 0.6337
2026-01-04 16:59:28.940487: val_loss 0.6353
2026-01-04 16:59:28.944214: val classification accuracy 0.6739
2026-01-04 16:59:28.947226: val auc 0.6749
2026-01-04 16:59:28.950112: Epoch time: 55.54 s
2026-01-04 16:59:30.502640: 
2026-01-04 16:59:30.506233: Epoch 148
2026-01-04 16:59:30.508971: Current learning rate: 5e-05
2026-01-04 17:00:26.924486: train_loss 0.7041
2026-01-04 17:00:26.933909: val_loss 0.6589
2026-01-04 17:00:26.937169: val classification accuracy 0.6087
2026-01-04 17:00:26.940382: val auc 0.6578
2026-01-04 17:00:26.943807: Epoch time: 56.42 s
2026-01-04 17:00:27.842416: 
2026-01-04 17:00:27.846777: Epoch 149
2026-01-04 17:00:27.849809: Current learning rate: 5e-05
2026-01-04 17:01:20.733537: train_loss 0.6626
2026-01-04 17:01:20.738527: val_loss 0.5779
2026-01-04 17:01:20.741625: val classification accuracy 0.7609
2026-01-04 17:01:20.744840: val auc 0.7883
2026-01-04 17:01:20.748513: Epoch time: 52.89 s
2026-01-04 17:01:21.647058: 
2026-01-04 17:01:21.651968: Epoch 150
2026-01-04 17:01:21.655034: Current learning rate: 5e-05
2026-01-04 17:02:17.560837: train_loss 0.6613
2026-01-04 17:02:17.572154: val_loss 0.6669
2026-01-04 17:02:17.575698: val classification accuracy 0.5217
2026-01-04 17:02:17.578798: val auc 0.603
2026-01-04 17:02:17.582107: Epoch time: 55.91 s
2026-01-04 17:02:18.409483: 
2026-01-04 17:02:18.413116: Epoch 151
2026-01-04 17:02:18.416079: Current learning rate: 5e-05
2026-01-04 17:03:14.455014: train_loss 0.6681
2026-01-04 17:03:14.461339: val_loss 0.6748
2026-01-04 17:03:14.470116: val classification accuracy 0.5652
2026-01-04 17:03:14.474676: val auc 0.6295
2026-01-04 17:03:14.478153: Epoch time: 56.05 s
2026-01-04 17:03:15.344827: 
2026-01-04 17:03:15.349007: Epoch 152
2026-01-04 17:03:15.352334: Current learning rate: 5e-05
2026-01-04 17:04:08.661766: train_loss 0.6704
2026-01-04 17:04:08.687534: val_loss 0.6172
2026-01-04 17:04:08.691909: val classification accuracy 0.6304
2026-01-04 17:04:08.695297: val auc 0.7231
2026-01-04 17:04:08.698387: Epoch time: 53.32 s
2026-01-04 17:04:09.590366: 
2026-01-04 17:04:09.599994: Epoch 153
2026-01-04 17:04:09.603147: Current learning rate: 5e-05
2026-01-04 17:05:01.830965: train_loss 0.6624
2026-01-04 17:05:01.835929: val_loss 0.6957
2026-01-04 17:05:01.840030: val classification accuracy 0.5217
2026-01-04 17:05:01.843596: val auc 0.5397
2026-01-04 17:05:01.847109: Epoch time: 52.24 s
2026-01-04 17:05:02.752804: 
2026-01-04 17:05:02.756535: Epoch 154
2026-01-04 17:05:02.759496: Current learning rate: 5e-05
2026-01-04 17:05:52.685733: train_loss 0.6541
2026-01-04 17:05:52.695417: val_loss 0.7202
2026-01-04 17:05:52.699289: val classification accuracy 0.5
2026-01-04 17:05:52.703021: val auc 0.4981
2026-01-04 17:05:52.708061: Epoch time: 49.93 s
2026-01-04 17:05:53.692985: 
2026-01-04 17:05:53.697404: Epoch 155
2026-01-04 17:05:53.700937: Current learning rate: 5e-05
2026-01-04 17:06:44.220225: train_loss 0.6341
2026-01-04 17:06:44.231157: val_loss 0.6597
2026-01-04 17:06:44.234399: val classification accuracy 0.5652
2026-01-04 17:06:44.237676: val auc 0.6144
2026-01-04 17:06:44.240976: Epoch time: 50.53 s
2026-01-04 17:06:45.182569: 
2026-01-04 17:06:45.186306: Epoch 156
2026-01-04 17:06:45.189239: Current learning rate: 5e-05
2026-01-04 17:07:36.131805: train_loss 0.6719
2026-01-04 17:07:36.137050: val_loss 0.6409
2026-01-04 17:07:36.141283: val classification accuracy 0.6522
2026-01-04 17:07:36.144428: val auc 0.6522
2026-01-04 17:07:36.147964: Epoch time: 50.95 s
2026-01-04 17:07:37.116308: 
2026-01-04 17:07:37.120369: Epoch 157
2026-01-04 17:07:37.123495: Current learning rate: 5e-05
2026-01-04 17:08:26.501920: train_loss 0.6423
2026-01-04 17:08:26.507164: val_loss 0.6285
2026-01-04 17:08:26.510744: val classification accuracy 0.6304
2026-01-04 17:08:26.514276: val auc 0.7013
2026-01-04 17:08:26.517821: Epoch time: 49.39 s
2026-01-04 17:08:27.426836: 
2026-01-04 17:08:27.430414: Epoch 158
2026-01-04 17:08:27.433066: Current learning rate: 5e-05
2026-01-04 17:09:20.997160: train_loss 0.6387
2026-01-04 17:09:21.014664: val_loss 0.7242
2026-01-04 17:09:21.019129: val classification accuracy 0.4565
2026-01-04 17:09:21.022930: val auc 0.5198
2026-01-04 17:09:21.026386: Epoch time: 53.57 s
2026-01-04 17:09:21.894833: 
2026-01-04 17:09:21.899083: Epoch 159
2026-01-04 17:09:21.902289: Current learning rate: 5e-05
2026-01-04 17:10:15.984759: train_loss 0.656
2026-01-04 17:10:15.997118: val_loss 0.6457
2026-01-04 17:10:16.000222: val classification accuracy 0.5652
2026-01-04 17:10:16.024963: val auc 0.6881
2026-01-04 17:10:16.069034: Epoch time: 54.09 s
2026-01-04 17:10:16.899648: 
2026-01-04 17:10:16.904104: Epoch 160
2026-01-04 17:10:16.907333: Current learning rate: 5e-05
2026-01-04 17:11:10.473720: train_loss 0.6644
2026-01-04 17:11:10.487038: val_loss 0.6739
2026-01-04 17:11:10.490852: val classification accuracy 0.6522
2026-01-04 17:11:10.501230: val auc 0.6021
2026-01-04 17:11:10.504665: Epoch time: 53.58 s
2026-01-04 17:11:12.159751: 
2026-01-04 17:11:12.164053: Epoch 161
2026-01-04 17:11:12.167274: Current learning rate: 5e-05
2026-01-04 17:12:07.838089: train_loss 0.6499
2026-01-04 17:12:07.846414: val_loss 0.6724
2026-01-04 17:12:07.850675: val classification accuracy 0.587
2026-01-04 17:12:07.854347: val auc 0.5983
2026-01-04 17:12:07.860449: Epoch time: 55.68 s
2026-01-04 17:12:08.692388: 
2026-01-04 17:12:08.696666: Epoch 162
2026-01-04 17:12:08.699795: Current learning rate: 5e-05
2026-01-04 17:13:05.272842: train_loss 0.6487
2026-01-04 17:13:05.280908: val_loss 0.597
2026-01-04 17:13:05.322043: val classification accuracy 0.6957
2026-01-04 17:13:05.331254: val auc 0.7788
2026-01-04 17:13:05.334626: Epoch time: 56.58 s
2026-01-04 17:13:06.268589: 
2026-01-04 17:13:06.272667: Epoch 163
2026-01-04 17:13:06.275933: Current learning rate: 5e-05
2026-01-04 17:14:04.228718: train_loss 0.645
2026-01-04 17:14:04.233699: val_loss 0.668
2026-01-04 17:14:04.253573: val classification accuracy 0.6739
2026-01-04 17:14:04.257382: val auc 0.6446
2026-01-04 17:14:04.260472: Epoch time: 57.96 s
2026-01-04 17:14:05.067449: 
2026-01-04 17:14:05.070756: Epoch 164
2026-01-04 17:14:05.073902: Current learning rate: 5e-05
2026-01-04 17:14:54.541736: train_loss 0.6553
2026-01-04 17:14:54.546156: val_loss 0.5999
2026-01-04 17:14:54.549363: val classification accuracy 0.6304
2026-01-04 17:14:54.552466: val auc 0.8715
2026-01-04 17:14:54.555197: Epoch time: 49.48 s
2026-01-04 17:14:55.404377: 
2026-01-04 17:14:55.407997: Epoch 165
2026-01-04 17:14:55.410749: Current learning rate: 5e-05
2026-01-04 17:15:52.769964: train_loss 0.6424
2026-01-04 17:15:52.777960: val_loss 0.623
2026-01-04 17:15:52.781751: val classification accuracy 0.6304
2026-01-04 17:15:52.786489: val auc 0.6711
2026-01-04 17:15:52.833214: Epoch time: 57.37 s
2026-01-04 17:15:53.712057: 
2026-01-04 17:15:53.715983: Epoch 166
2026-01-04 17:15:53.719202: Current learning rate: 5e-05
2026-01-04 17:16:47.042329: train_loss 0.6644
2026-01-04 17:16:47.048231: val_loss 0.6496
2026-01-04 17:16:47.051854: val classification accuracy 0.6522
2026-01-04 17:16:47.055362: val auc 0.6323
2026-01-04 17:16:47.059014: Epoch time: 53.33 s
2026-01-04 17:16:48.053158: 
2026-01-04 17:16:48.056627: Epoch 167
2026-01-04 17:16:48.059367: Current learning rate: 5e-05
2026-01-04 17:17:39.178181: train_loss 0.6465
2026-01-04 17:17:39.183305: val_loss 0.7017
2026-01-04 17:17:39.187072: val classification accuracy 0.5652
2026-01-04 17:17:39.190558: val auc 0.5879
2026-01-04 17:17:39.197370: Epoch time: 51.13 s
2026-01-04 17:17:40.077760: 
2026-01-04 17:17:40.081555: Epoch 168
2026-01-04 17:17:40.084904: Current learning rate: 5e-05
2026-01-04 17:18:32.743599: train_loss 0.6698
2026-01-04 17:18:32.786201: val_loss 0.667
2026-01-04 17:18:32.794309: val classification accuracy 0.587
2026-01-04 17:18:32.797969: val auc 0.6181
2026-01-04 17:18:32.802097: Epoch time: 52.67 s
2026-01-04 17:18:33.721006: 
2026-01-04 17:18:33.743567: Epoch 169
2026-01-04 17:18:33.747442: Current learning rate: 5e-05
2026-01-04 17:19:32.462754: train_loss 0.6312
2026-01-04 17:19:32.470521: val_loss 0.5585
2026-01-04 17:19:32.481419: val classification accuracy 0.6522
2026-01-04 17:19:32.484816: val auc 0.7902
2026-01-04 17:19:32.487769: Epoch time: 58.74 s
2026-01-04 17:19:33.409906: 
2026-01-04 17:19:33.413415: Epoch 170
2026-01-04 17:19:33.415977: Current learning rate: 5e-05
2026-01-04 17:20:24.014675: train_loss 0.6421
2026-01-04 17:20:24.026946: val_loss 0.7305
2026-01-04 17:20:24.051788: val classification accuracy 0.5652
2026-01-04 17:20:24.070811: val auc 0.535
2026-01-04 17:20:24.076543: Epoch time: 50.61 s
2026-01-04 17:20:24.980763: 
2026-01-04 17:20:24.984487: Epoch 171
2026-01-04 17:20:24.987256: Current learning rate: 5e-05
2026-01-04 17:21:22.723185: train_loss 0.6564
2026-01-04 17:21:22.728565: val_loss 0.6203
2026-01-04 17:21:22.732114: val classification accuracy 0.6087
2026-01-04 17:21:22.735688: val auc 0.6871
2026-01-04 17:21:22.738837: Epoch time: 57.74 s
2026-01-04 17:21:23.638332: 
2026-01-04 17:21:23.642295: Epoch 172
2026-01-04 17:21:23.645628: Current learning rate: 5e-05
2026-01-04 17:22:16.501899: train_loss 0.6503
2026-01-04 17:22:16.555789: val_loss 0.6316
2026-01-04 17:22:16.574556: val classification accuracy 0.6522
2026-01-04 17:22:16.577975: val auc 0.7117
2026-01-04 17:22:16.581138: Epoch time: 52.86 s
2026-01-04 17:22:17.341827: 
2026-01-04 17:22:17.345605: Epoch 173
2026-01-04 17:22:17.349374: Current learning rate: 5e-05
2026-01-04 17:23:04.751935: train_loss 0.6524
2026-01-04 17:23:04.760051: val_loss 0.6493
2026-01-04 17:23:04.764284: val classification accuracy 0.7174
2026-01-04 17:23:04.768464: val auc 0.7382
2026-01-04 17:23:04.772901: Epoch time: 47.41 s
2026-01-04 17:23:06.547900: 
2026-01-04 17:23:06.551463: Epoch 174
2026-01-04 17:23:06.554215: Current learning rate: 5e-05
2026-01-04 17:24:02.454250: train_loss 0.6556
2026-01-04 17:24:02.494719: val_loss 0.659
2026-01-04 17:24:02.498624: val classification accuracy 0.5652
2026-01-04 17:24:02.502230: val auc 0.6408
2026-01-04 17:24:02.505192: Epoch time: 55.91 s
2026-01-04 17:24:03.367440: 
2026-01-04 17:24:03.371457: Epoch 175
2026-01-04 17:24:03.374495: Current learning rate: 5e-05
2026-01-04 17:24:56.811282: train_loss 0.6523
2026-01-04 17:24:56.828583: val_loss 0.6951
2026-01-04 17:24:56.832224: val classification accuracy 0.6087
2026-01-04 17:24:56.849584: val auc 0.5756
2026-01-04 17:24:56.854630: Epoch time: 53.44 s
2026-01-04 17:24:57.710255: 
2026-01-04 17:24:57.713824: Epoch 176
2026-01-04 17:24:57.716639: Current learning rate: 5e-05
2026-01-04 17:25:53.048504: train_loss 0.6327
2026-01-04 17:25:53.055474: val_loss 0.7438
2026-01-04 17:25:53.059108: val classification accuracy 0.5435
2026-01-04 17:25:53.062019: val auc 0.5605
2026-01-04 17:25:53.065406: Epoch time: 55.34 s
2026-01-04 17:25:53.925758: 
2026-01-04 17:25:53.949616: Epoch 177
2026-01-04 17:25:53.955134: Current learning rate: 4e-05
2026-01-04 17:26:47.953218: train_loss 0.6601
2026-01-04 17:26:47.958372: val_loss 0.6092
2026-01-04 17:26:47.961830: val classification accuracy 0.6304
2026-01-04 17:26:47.964868: val auc 0.7675
2026-01-04 17:26:47.968210: Epoch time: 54.03 s
2026-01-04 17:26:48.811271: 
2026-01-04 17:26:48.815400: Epoch 178
2026-01-04 17:26:48.818156: Current learning rate: 4e-05
2026-01-04 17:27:45.488360: train_loss 0.6632
2026-01-04 17:27:45.509014: val_loss 0.6494
2026-01-04 17:27:45.523590: val classification accuracy 0.587
2026-01-04 17:27:45.526533: val auc 0.6805
2026-01-04 17:27:45.529560: Epoch time: 56.68 s
2026-01-04 17:27:46.377562: 
2026-01-04 17:27:46.381190: Epoch 179
2026-01-04 17:27:46.384233: Current learning rate: 4e-05
2026-01-04 17:28:40.131811: train_loss 0.6236
2026-01-04 17:28:40.136319: val_loss 0.6236
2026-01-04 17:28:40.139542: val classification accuracy 0.587
2026-01-04 17:28:40.148954: val auc 0.6758
2026-01-04 17:28:40.156745: Epoch time: 53.76 s
2026-01-04 17:28:41.040238: 
2026-01-04 17:28:41.049760: Epoch 180
2026-01-04 17:28:41.058753: Current learning rate: 4e-05
2026-01-04 17:29:31.882246: train_loss 0.6451
2026-01-04 17:29:31.914714: val_loss 0.696
2026-01-04 17:29:31.919560: val classification accuracy 0.5217
2026-01-04 17:29:31.922776: val auc 0.5624
2026-01-04 17:29:31.946866: Epoch time: 50.84 s
2026-01-04 17:29:32.865507: 
2026-01-04 17:29:32.869221: Epoch 181
2026-01-04 17:29:32.871930: Current learning rate: 4e-05
2026-01-04 17:30:24.344348: train_loss 0.6577
2026-01-04 17:30:24.350764: val_loss 0.67
2026-01-04 17:30:24.354710: val classification accuracy 0.5435
2026-01-04 17:30:24.358213: val auc 0.6219
2026-01-04 17:30:24.361719: Epoch time: 51.48 s
2026-01-04 17:30:25.230478: 
2026-01-04 17:30:25.234161: Epoch 182
2026-01-04 17:30:25.237419: Current learning rate: 4e-05
2026-01-04 17:31:18.682547: train_loss 0.6738
2026-01-04 17:31:18.686985: val_loss 0.6799
2026-01-04 17:31:18.690108: val classification accuracy 0.5435
2026-01-04 17:31:18.693161: val auc 0.604
2026-01-04 17:31:18.696052: Epoch time: 53.45 s
2026-01-04 17:31:19.548969: 
2026-01-04 17:31:19.552637: Epoch 183
2026-01-04 17:31:19.555306: Current learning rate: 4e-05
2026-01-04 17:32:15.436615: train_loss 0.6527
2026-01-04 17:32:15.441220: val_loss 0.6754
2026-01-04 17:32:15.456983: val classification accuracy 0.6087
2026-01-04 17:32:15.490474: val auc 0.6011
2026-01-04 17:32:15.511330: Epoch time: 55.89 s
2026-01-04 17:32:16.366536: 
2026-01-04 17:32:16.370567: Epoch 184
2026-01-04 17:32:16.373702: Current learning rate: 4e-05
2026-01-04 17:33:09.414096: train_loss 0.6569
2026-01-04 17:33:09.420188: val_loss 0.6477
2026-01-04 17:33:09.423885: val classification accuracy 0.6087
2026-01-04 17:33:09.433635: val auc 0.6607
2026-01-04 17:33:09.437192: Epoch time: 53.05 s
2026-01-04 17:33:10.361832: 
2026-01-04 17:33:10.365907: Epoch 185
2026-01-04 17:33:10.369167: Current learning rate: 4e-05
2026-01-04 17:34:02.859137: train_loss 0.6656
2026-01-04 17:34:02.864068: val_loss 0.6469
2026-01-04 17:34:02.867851: val classification accuracy 0.5652
2026-01-04 17:34:02.871435: val auc 0.6153
2026-01-04 17:34:02.875040: Epoch time: 52.5 s
2026-01-04 17:34:03.807632: 
2026-01-04 17:34:03.811288: Epoch 186
2026-01-04 17:34:03.814257: Current learning rate: 4e-05
2026-01-04 17:34:55.345821: train_loss 0.6493
2026-01-04 17:34:55.350153: val_loss 0.6479
2026-01-04 17:34:55.353314: val classification accuracy 0.6739
2026-01-04 17:34:55.356466: val auc 0.6947
2026-01-04 17:34:55.363368: Epoch time: 51.54 s
2026-01-04 17:34:56.282038: 
2026-01-04 17:34:56.285852: Epoch 187
2026-01-04 17:34:56.289521: Current learning rate: 4e-05
2026-01-04 17:35:46.585714: train_loss 0.6442
2026-01-04 17:35:46.592843: val_loss 0.676
2026-01-04 17:35:46.597805: val classification accuracy 0.587
2026-01-04 17:35:46.604442: val auc 0.6106
2026-01-04 17:35:46.625867: Epoch time: 50.3 s
2026-01-04 17:35:48.334141: 
2026-01-04 17:35:48.338285: Epoch 188
2026-01-04 17:35:48.341777: Current learning rate: 4e-05
2026-01-04 17:36:43.431473: train_loss 0.6285
2026-01-04 17:36:43.436605: val_loss 0.5891
2026-01-04 17:36:43.439692: val classification accuracy 0.6304
2026-01-04 17:36:43.442545: val auc 0.7505
2026-01-04 17:36:43.451371: Epoch time: 55.1 s
2026-01-04 17:36:44.373916: 
2026-01-04 17:36:44.377581: Epoch 189
2026-01-04 17:36:44.380415: Current learning rate: 4e-05
2026-01-04 17:37:42.756291: train_loss 0.657
2026-01-04 17:37:42.794020: val_loss 0.6687
2026-01-04 17:37:42.797210: val classification accuracy 0.5217
2026-01-04 17:37:42.800051: val auc 0.6314
2026-01-04 17:37:42.803375: Epoch time: 58.38 s
2026-01-04 17:37:43.732229: 
2026-01-04 17:37:43.736098: Epoch 190
2026-01-04 17:37:43.738728: Current learning rate: 4e-05
2026-01-04 17:38:37.494378: train_loss 0.659
2026-01-04 17:38:37.516503: val_loss 0.6201
2026-01-04 17:38:37.519895: val classification accuracy 0.6739
2026-01-04 17:38:37.523031: val auc 0.6985
2026-01-04 17:38:37.526173: Epoch time: 53.76 s
2026-01-04 17:38:38.427537: 
2026-01-04 17:38:38.431151: Epoch 191
2026-01-04 17:38:38.433895: Current learning rate: 4e-05
2026-01-04 17:39:33.022110: train_loss 0.6471
2026-01-04 17:39:33.097918: val_loss 0.6492
2026-01-04 17:39:33.107095: val classification accuracy 0.6739
2026-01-04 17:39:33.110800: val auc 0.6437
2026-01-04 17:39:33.114313: Epoch time: 54.6 s
2026-01-04 17:39:34.087607: 
2026-01-04 17:39:34.091125: Epoch 192
2026-01-04 17:39:34.093710: Current learning rate: 4e-05
2026-01-04 17:40:28.689477: train_loss 0.6624
2026-01-04 17:40:28.694145: val_loss 0.7015
2026-01-04 17:40:28.697252: val classification accuracy 0.5
2026-01-04 17:40:28.700702: val auc 0.4915
2026-01-04 17:40:28.704240: Epoch time: 54.6 s
2026-01-04 17:40:29.642436: 
2026-01-04 17:40:29.645959: Epoch 193
2026-01-04 17:40:29.648788: Current learning rate: 4e-05
2026-01-04 17:41:25.361518: train_loss 0.6468
2026-01-04 17:41:25.366378: val_loss 0.6491
2026-01-04 17:41:25.369316: val classification accuracy 0.6087
2026-01-04 17:41:25.371994: val auc 0.5926
2026-01-04 17:41:25.374711: Epoch time: 55.72 s
2026-01-04 17:41:26.263606: 
2026-01-04 17:41:26.267094: Epoch 194
2026-01-04 17:41:26.269616: Current learning rate: 4e-05
2026-01-04 17:42:20.618153: train_loss 0.6305
2026-01-04 17:42:20.627237: val_loss 0.6112
2026-01-04 17:42:20.631138: val classification accuracy 0.6087
2026-01-04 17:42:20.635055: val auc 0.7013
2026-01-04 17:42:20.652059: Epoch time: 54.36 s
2026-01-04 17:42:21.571764: 
2026-01-04 17:42:21.575261: Epoch 195
2026-01-04 17:42:21.577861: Current learning rate: 4e-05
2026-01-04 17:43:20.310844: train_loss 0.6568
2026-01-04 17:43:20.315609: val_loss 0.6754
2026-01-04 17:43:20.319740: val classification accuracy 0.6087
2026-01-04 17:43:20.324196: val auc 0.6493
2026-01-04 17:43:20.328043: Epoch time: 58.74 s
2026-01-04 17:43:21.185242: 
2026-01-04 17:43:21.188666: Epoch 196
2026-01-04 17:43:21.191256: Current learning rate: 4e-05
2026-01-04 17:44:16.164520: train_loss 0.6313
2026-01-04 17:44:16.170311: val_loss 0.7556
2026-01-04 17:44:16.173383: val classification accuracy 0.4565
2026-01-04 17:44:16.176506: val auc 0.4376
2026-01-04 17:44:16.179749: Epoch time: 54.98 s
2026-01-04 17:44:16.995788: 
2026-01-04 17:44:16.999516: Epoch 197
2026-01-04 17:44:17.002401: Current learning rate: 4e-05
2026-01-04 17:45:11.063575: train_loss 0.6333
2026-01-04 17:45:11.068187: val_loss 0.7018
2026-01-04 17:45:11.071150: val classification accuracy 0.5435
2026-01-04 17:45:11.073803: val auc 0.5595
2026-01-04 17:45:11.078099: Epoch time: 54.07 s
2026-01-04 17:45:11.920927: 
2026-01-04 17:45:11.924983: Epoch 198
2026-01-04 17:45:11.927648: Current learning rate: 4e-05
2026-01-04 17:46:04.170067: train_loss 0.656
2026-01-04 17:46:04.195400: val_loss 0.7099
2026-01-04 17:46:04.198970: val classification accuracy 0.4565
2026-01-04 17:46:04.202184: val auc 0.5028
2026-01-04 17:46:04.208417: Epoch time: 52.25 s
2026-01-04 17:46:05.049957: 
2026-01-04 17:46:05.053845: Epoch 199
2026-01-04 17:46:05.056935: Current learning rate: 4e-05
2026-01-04 17:47:01.627095: train_loss 0.6576
2026-01-04 17:47:01.632882: val_loss 0.6273
2026-01-04 17:47:01.636348: val classification accuracy 0.587
2026-01-04 17:47:01.639483: val auc 0.6153
2026-01-04 17:47:01.642431: Epoch time: 56.58 s
2026-01-04 17:47:02.546027: 
2026-01-04 17:47:02.550625: Epoch 200
2026-01-04 17:47:02.553789: Current learning rate: 4e-05
2026-01-04 17:47:55.674199: train_loss 0.6331
2026-01-04 17:47:55.679188: val_loss 0.6662
2026-01-04 17:47:55.682011: val classification accuracy 0.587
2026-01-04 17:47:55.684674: val auc 0.6276
2026-01-04 17:47:55.687305: Epoch time: 53.13 s
2026-01-04 17:47:57.442164: 
2026-01-04 17:47:57.445545: Epoch 201
2026-01-04 17:47:57.448240: Current learning rate: 4e-05
2026-01-04 17:48:49.650606: train_loss 0.6699
2026-01-04 17:48:49.655617: val_loss 0.6404
2026-01-04 17:48:49.659863: val classification accuracy 0.6304
2026-01-04 17:48:49.662908: val auc 0.6909
2026-01-04 17:48:49.666047: Epoch time: 52.21 s
2026-01-04 17:48:50.563224: 
2026-01-04 17:48:50.566983: Epoch 202
2026-01-04 17:48:50.570142: Current learning rate: 4e-05
2026-01-04 17:49:46.630462: train_loss 0.6601
2026-01-04 17:49:46.635177: val_loss 0.6872
2026-01-04 17:49:46.638390: val classification accuracy 0.6087
2026-01-04 17:49:46.642524: val auc 0.587
2026-01-04 17:49:46.645637: Epoch time: 56.07 s
2026-01-04 17:49:47.555362: 
2026-01-04 17:49:47.559103: Epoch 203
2026-01-04 17:49:47.561991: Current learning rate: 4e-05
2026-01-04 17:50:43.525907: train_loss 0.6335
2026-01-04 17:50:43.539302: val_loss 0.6971
2026-01-04 17:50:43.542511: val classification accuracy 0.5217
2026-01-04 17:50:43.545332: val auc 0.5312
2026-01-04 17:50:43.548194: Epoch time: 55.97 s
2026-01-04 17:50:44.439362: 
2026-01-04 17:50:44.442993: Epoch 204
2026-01-04 17:50:44.445723: Current learning rate: 4e-05
2026-01-04 17:51:37.073570: train_loss 0.6258
2026-01-04 17:51:37.090526: val_loss 0.6173
2026-01-04 17:51:37.141727: val classification accuracy 0.6304
2026-01-04 17:51:37.145792: val auc 0.6957
2026-01-04 17:51:37.160224: Epoch time: 52.64 s
2026-01-04 17:51:37.179154: Early stopping triggered at epoch 204. Best val_losses=0.5418
2026-01-04 17:51:37.996861: Stopping training early due to early stopping criterion.
2026-01-04 17:51:43.582499: Training done.
2026-01-04 17:51:43.641826: Skipping perform_actual_validation for classification trainer (segmentation-style sliding window is not applicable).
[1;34mwandb[0m: 
[1;34mwandb[0m:  View run [33mViTTrainer_ep300_NoMirroring_x2_fold5[0m at: [34m[0m
[1;34mwandb[0m: Find logs at: [1;35m../../tmp/wandb/wandb/run-20260104_144106-af6lbs7e/logs[0m
