Using device: cuda:0

#######################################################################
Please cite the following paper when using nnU-Net:
Isensee, F., Jaeger, P. F., Kohl, S. A., Petersen, J., & Maier-Hein, K. H. (2021). nnU-Net: a self-configuring method for deep learning-based biomedical image segmentation. Nature methods, 18(2), 203-211.
#######################################################################

2026-01-04 13:46:14.922484: Using torch.compile...
2026-01-04 13:46:20.728092: do_dummy_2d_data_aug: False
2026-01-04 13:46:20.731901: Using splits from existing split file: /hpf/projects/jquon/sumin/nnUNet_data/nnUNet_preprocessed/Dataset033_AVM_T1+C/splits_final.json
2026-01-04 13:46:20.735243: The split file contains 11 splits.
2026-01-04 13:46:20.736904: Desired fold for training: 4
2026-01-04 13:46:20.738396: This split has 470 training and 42 validation cases.
using pin_memory on device 0
using pin_memory on device 0

This is the configuration used by this training:
Configuration name: 3d_fullres
 {'data_identifier': 'nnUNetPlans_3d_fullres', 'preprocessor_name': 'DefaultPreprocessor', 'batch_size': 2, 'patch_size': [160, 224, 192], 'median_image_size_in_voxels': [344.0, 448.0, 429.0], 'spacing': [0.500000923871994, 0.4910714328289032, 0.4910714328289032], 'normalization_schemes': ['ZScoreNormalization'], 'use_mask_for_norm': [False], 'resampling_fn_data': 'resample_data_or_seg_to_shape', 'resampling_fn_seg': 'resample_data_or_seg_to_shape', 'resampling_fn_data_kwargs': {'is_seg': False, 'order': 3, 'order_z': 0, 'force_separate_z': None}, 'resampling_fn_seg_kwargs': {'is_seg': True, 'order': 1, 'order_z': 0, 'force_separate_z': None}, 'resampling_fn_probabilities': 'resample_data_or_seg_to_shape', 'resampling_fn_probabilities_kwargs': {'is_seg': False, 'order': 1, 'order_z': 0, 'force_separate_z': None}, 'architecture': {'network_class_name': 'dynamic_network_architectures.architectures.unet.ResidualEncoderUNet', 'arch_kwargs': {'n_stages': 6, 'features_per_stage': [32, 64, 128, 256, 320, 320], 'conv_op': 'torch.nn.modules.conv.Conv3d', 'kernel_sizes': [[3, 3, 3], [3, 3, 3], [3, 3, 3], [3, 3, 3], [3, 3, 3], [3, 3, 3]], 'strides': [[1, 1, 1], [2, 2, 2], [2, 2, 2], [2, 2, 2], [2, 2, 2], [2, 2, 2]], 'n_blocks_per_stage': [1, 3, 4, 6, 6, 6], 'n_conv_per_stage_decoder': [1, 1, 1, 1, 1], 'conv_bias': True, 'norm_op': 'torch.nn.modules.instancenorm.InstanceNorm3d', 'norm_op_kwargs': {'eps': 1e-05, 'affine': True}, 'dropout_op': None, 'dropout_op_kwargs': None, 'nonlin': 'torch.nn.LeakyReLU', 'nonlin_kwargs': {'inplace': True}}, '_kw_requires_import': ['conv_op', 'norm_op', 'dropout_op', 'nonlin']}, 'batch_dice': True} 

These are the global plan.json settings:
 {'dataset_name': 'Dataset033_AVM_T1+C', 'plans_name': 'nnUNetResEncUNetLPlans', 'original_median_spacing_after_transp': [0.500000923871994, 0.4910714328289032, 0.4910714328289032], 'original_median_shape_after_transp': [330, 448, 424], 'image_reader_writer': 'SimpleITKIO', 'transpose_forward': [0, 1, 2], 'transpose_backward': [0, 1, 2], 'experiment_planner_used': 'nnUNetPlannerResEncL', 'label_manager': 'LabelManager', 'foreground_intensity_properties_per_channel': {'0': {'max': 12113.0, 'mean': 449.843505859375, 'median': 311.0, 'min': 0.0, 'percentile_00_5': 34.0, 'percentile_99_5': 3202.0, 'std': 471.56329345703125}}} 

2026-01-04 13:46:23.410115: Unable to plot network architecture: nnUNet_compile is enabled!
2026-01-04 13:46:23.559429: 
2026-01-04 13:46:23.632459: Epoch 0
2026-01-04 13:46:23.644989: Current learning rate: 0.0001
2026-01-04 13:47:44.546962: train_loss 0.7837
2026-01-04 13:47:44.564651: val_loss 0.7323
2026-01-04 13:47:44.567675: val classification accuracy 0.5238
2026-01-04 13:47:44.573521: val auc 0.4989
2026-01-04 13:47:44.577416: Epoch time: 80.99 s
2026-01-04 13:47:44.580300: Yayy! New best EMA pseudo Dice: 0.4989
2026-01-04 13:47:50.025321: Yayy! New best classification accuracy: 0.5238
2026-01-04 13:47:54.873263: 
2026-01-04 13:47:54.876259: Epoch 1
2026-01-04 13:47:54.878476: Current learning rate: 0.0001
2026-01-04 13:48:47.466947: train_loss 0.6942
2026-01-04 13:48:47.472202: val_loss 0.6682
2026-01-04 13:48:47.475189: val classification accuracy 0.5238
2026-01-04 13:48:47.477405: val auc 0.6735
2026-01-04 13:48:47.479599: Epoch time: 52.59 s
2026-01-04 13:48:47.481651: Yayy! New best EMA pseudo Dice: 0.6735
2026-01-04 13:48:54.004705: 
2026-01-04 13:48:54.008142: Epoch 2
2026-01-04 13:48:54.010436: Current learning rate: 0.0001
2026-01-04 13:49:48.298960: train_loss 0.6925
2026-01-04 13:49:48.332860: val_loss 0.6643
2026-01-04 13:49:48.345732: val classification accuracy 0.5714
2026-01-04 13:49:48.350820: val auc 0.7302
2026-01-04 13:49:48.355129: Epoch time: 54.3 s
2026-01-04 13:49:48.358070: Yayy! New best EMA pseudo Dice: 0.7302
2026-01-04 13:49:53.806005: Yayy! New best classification accuracy: 0.5714
2026-01-04 13:49:59.656259: 
2026-01-04 13:49:59.659471: Epoch 3
2026-01-04 13:49:59.661637: Current learning rate: 0.0001
2026-01-04 13:50:52.566327: train_loss 0.6983
2026-01-04 13:50:52.571481: val_loss 0.6974
2026-01-04 13:50:52.583458: val classification accuracy 0.5238
2026-01-04 13:50:52.586066: val auc 0.5113
2026-01-04 13:50:52.588542: Epoch time: 52.91 s
2026-01-04 13:50:53.433579: 
2026-01-04 13:50:53.436498: Epoch 4
2026-01-04 13:50:53.438561: Current learning rate: 0.0001
2026-01-04 13:51:47.828251: train_loss 0.6915
2026-01-04 13:51:47.831733: val_loss 0.6783
2026-01-04 13:51:47.833957: val classification accuracy 0.5714
2026-01-04 13:51:47.881205: val auc 0.6757
2026-01-04 13:51:47.890002: Epoch time: 54.4 s
2026-01-04 13:51:48.771122: 
2026-01-04 13:51:48.774176: Epoch 5
2026-01-04 13:51:48.775977: Current learning rate: 0.0001
2026-01-04 13:52:42.889948: train_loss 0.6905
2026-01-04 13:52:42.913553: val_loss 0.6999
2026-01-04 13:52:42.941289: val classification accuracy 0.5476
2026-01-04 13:52:42.944466: val auc 0.5249
2026-01-04 13:52:42.946922: Epoch time: 54.12 s
2026-01-04 13:52:43.860352: 
2026-01-04 13:52:43.863388: Epoch 6
2026-01-04 13:52:43.865515: Current learning rate: 0.0001
2026-01-04 13:53:39.266621: train_loss 0.6925
2026-01-04 13:53:39.291909: val_loss 0.6608
2026-01-04 13:53:39.295194: val classification accuracy 0.5714
2026-01-04 13:53:39.297744: val auc 0.7098
2026-01-04 13:53:39.315065: Epoch time: 55.41 s
2026-01-04 13:53:40.114980: 
2026-01-04 13:53:40.127442: Epoch 7
2026-01-04 13:53:40.131160: Current learning rate: 0.0001
2026-01-04 13:54:38.126171: train_loss 0.6899
2026-01-04 13:54:38.143518: val_loss 0.7104
2026-01-04 13:54:38.146680: val classification accuracy 0.4762
2026-01-04 13:54:38.149050: val auc 0.4626
2026-01-04 13:54:38.151287: Epoch time: 58.01 s
2026-01-04 13:54:39.008464: 
2026-01-04 13:54:39.015632: Epoch 8
2026-01-04 13:54:39.018290: Current learning rate: 0.0001
2026-01-04 13:55:28.860516: train_loss 0.6947
2026-01-04 13:55:28.896592: val_loss 0.6801
2026-01-04 13:55:28.899424: val classification accuracy 0.5476
2026-01-04 13:55:28.901755: val auc 0.585
2026-01-04 13:55:28.904015: Epoch time: 49.85 s
2026-01-04 13:55:29.824258: 
2026-01-04 13:55:29.828015: Epoch 9
2026-01-04 13:55:29.830449: Current learning rate: 0.0001
2026-01-04 13:56:17.342572: train_loss 0.6872
2026-01-04 13:56:17.347635: val_loss 0.6913
2026-01-04 13:56:17.350261: val classification accuracy 0.5238
2026-01-04 13:56:17.353091: val auc 0.5306
2026-01-04 13:56:17.355660: Epoch time: 47.52 s
2026-01-04 13:56:18.200229: 
2026-01-04 13:56:18.203580: Epoch 10
2026-01-04 13:56:18.206002: Current learning rate: 0.0001
2026-01-04 13:57:09.551809: train_loss 0.6744
2026-01-04 13:57:09.555913: val_loss 0.6695
2026-01-04 13:57:09.559026: val classification accuracy 0.7143
2026-01-04 13:57:09.562428: val auc 0.6168
2026-01-04 13:57:09.565119: Epoch time: 51.35 s
2026-01-04 13:57:09.567704: Yayy! New best classification accuracy: 0.7143
2026-01-04 13:57:15.501291: 
2026-01-04 13:57:15.504526: Epoch 11
2026-01-04 13:57:15.506805: Current learning rate: 0.0001
2026-01-04 13:58:08.145097: train_loss 0.7067
2026-01-04 13:58:08.158399: val_loss 0.6716
2026-01-04 13:58:08.162158: val classification accuracy 0.5714
2026-01-04 13:58:08.170370: val auc 0.6088
2026-01-04 13:58:08.173772: Epoch time: 52.64 s
2026-01-04 13:58:09.150244: 
2026-01-04 13:58:09.153764: Epoch 12
2026-01-04 13:58:09.156636: Current learning rate: 0.0001
2026-01-04 13:59:08.814548: train_loss 0.6909
2026-01-04 13:59:08.835544: val_loss 0.692
2026-01-04 13:59:08.839170: val classification accuracy 0.619
2026-01-04 13:59:08.842366: val auc 0.5533
2026-01-04 13:59:08.845446: Epoch time: 59.67 s
2026-01-04 13:59:09.880149: 
2026-01-04 13:59:09.884211: Epoch 13
2026-01-04 13:59:09.887161: Current learning rate: 0.0001
2026-01-04 14:00:05.858613: train_loss 0.6885
2026-01-04 14:00:05.863013: val_loss 0.6812
2026-01-04 14:00:05.865911: val classification accuracy 0.5714
2026-01-04 14:00:05.868671: val auc 0.6043
2026-01-04 14:00:05.871292: Epoch time: 55.98 s
2026-01-04 14:00:06.716816: 
2026-01-04 14:00:06.720634: Epoch 14
2026-01-04 14:00:06.723763: Current learning rate: 0.0001
2026-01-04 14:00:59.262527: train_loss 0.6948
2026-01-04 14:00:59.267916: val_loss 0.6844
2026-01-04 14:00:59.270838: val classification accuracy 0.5238
2026-01-04 14:00:59.273585: val auc 0.5748
2026-01-04 14:00:59.276919: Epoch time: 52.55 s
2026-01-04 14:01:00.952967: 
2026-01-04 14:01:00.956571: Epoch 15
2026-01-04 14:01:00.958930: Current learning rate: 0.0001
2026-01-04 14:01:53.974336: train_loss 0.6744
2026-01-04 14:01:53.979978: val_loss 0.7055
2026-01-04 14:01:54.002177: val classification accuracy 0.5
2026-01-04 14:01:54.006272: val auc 0.568
2026-01-04 14:01:54.009916: Epoch time: 53.02 s
2026-01-04 14:01:54.949696: 
2026-01-04 14:01:54.953807: Epoch 16
2026-01-04 14:01:54.956702: Current learning rate: 0.0001
2026-01-04 14:02:48.504088: train_loss 0.6886
2026-01-04 14:02:48.519858: val_loss 0.7394
2026-01-04 14:02:48.523617: val classification accuracy 0.5714
2026-01-04 14:02:48.532612: val auc 0.5828
2026-01-04 14:02:48.535717: Epoch time: 53.56 s
2026-01-04 14:02:49.463724: 
2026-01-04 14:02:49.467791: Epoch 17
2026-01-04 14:02:49.470352: Current learning rate: 9e-05
2026-01-04 14:03:44.159009: train_loss 0.6751
2026-01-04 14:03:44.164706: val_loss 0.6461
2026-01-04 14:03:44.191329: val classification accuracy 0.6429
2026-01-04 14:03:44.195043: val auc 0.7188
2026-01-04 14:03:44.197717: Epoch time: 54.7 s
2026-01-04 14:03:45.165446: 
2026-01-04 14:03:45.168928: Epoch 18
2026-01-04 14:03:45.171844: Current learning rate: 9e-05
2026-01-04 14:04:42.448997: train_loss 0.6733
2026-01-04 14:04:42.455425: val_loss 0.6452
2026-01-04 14:04:42.459034: val classification accuracy 0.5952
2026-01-04 14:04:42.462183: val auc 0.6871
2026-01-04 14:04:42.466334: Epoch time: 57.28 s
2026-01-04 14:04:43.297423: 
2026-01-04 14:04:43.300808: Epoch 19
2026-01-04 14:04:43.304568: Current learning rate: 9e-05
2026-01-04 14:05:39.724057: train_loss 0.6752
2026-01-04 14:05:39.728413: val_loss 0.6518
2026-01-04 14:05:39.731089: val classification accuracy 0.5476
2026-01-04 14:05:39.733685: val auc 0.6576
2026-01-04 14:05:39.737357: Epoch time: 56.43 s
2026-01-04 14:05:45.232494: Saved periodic checkpoint /hpf/projects/jquon/sumin/nnUNet_data/nnUNet_results/Dataset033_AVM_T1+C/ViTTrainer_ep300_NoMirroring_x2__nnUNetResEncUNetLPlans__3d_fullres/fold_4/checkpoint_every20_best_balacc.pth at epoch 19 with val_balanced_accuracy=0.5476
2026-01-04 14:05:49.201990: Saved periodic checkpoint /hpf/projects/jquon/sumin/nnUNet_data/nnUNet_results/Dataset033_AVM_T1+C/ViTTrainer_ep300_NoMirroring_x2__nnUNetResEncUNetLPlans__3d_fullres/fold_4/checkpoint_every20_best_auroc.pth at epoch 19 with val_auc=0.6576
2026-01-04 14:05:49.929271: 
2026-01-04 14:05:49.932866: Epoch 20
2026-01-04 14:05:49.935361: Current learning rate: 9e-05
2026-01-04 14:06:41.189418: train_loss 0.6642
2026-01-04 14:06:41.195470: val_loss 0.6653
2026-01-04 14:06:41.207394: val classification accuracy 0.5238
2026-01-04 14:06:41.210655: val auc 0.5964
2026-01-04 14:06:41.213742: Epoch time: 51.26 s
2026-01-04 14:06:42.134246: 
2026-01-04 14:06:42.138489: Epoch 21
2026-01-04 14:06:42.141101: Current learning rate: 9e-05
2026-01-04 14:07:43.081126: train_loss 0.6864
2026-01-04 14:07:43.085855: val_loss 0.6692
2026-01-04 14:07:43.090188: val classification accuracy 0.619
2026-01-04 14:07:43.116745: val auc 0.6043
2026-01-04 14:07:43.131473: Epoch time: 60.95 s
2026-01-04 14:07:44.004499: 
2026-01-04 14:07:44.008053: Epoch 22
2026-01-04 14:07:44.010584: Current learning rate: 9e-05
2026-01-04 14:08:37.467677: train_loss 0.6881
2026-01-04 14:08:37.471730: val_loss 0.6804
2026-01-04 14:08:37.474482: val classification accuracy 0.619
2026-01-04 14:08:37.477076: val auc 0.6587
2026-01-04 14:08:37.480499: Epoch time: 53.46 s
2026-01-04 14:08:38.356933: 
2026-01-04 14:08:38.361141: Epoch 23
2026-01-04 14:08:38.364387: Current learning rate: 9e-05
2026-01-04 14:09:33.398982: train_loss 0.698
2026-01-04 14:09:33.450390: val_loss 0.6599
2026-01-04 14:09:33.456645: val classification accuracy 0.6905
2026-01-04 14:09:33.460067: val auc 0.6791
2026-01-04 14:09:33.463224: Epoch time: 55.04 s
2026-01-04 14:09:34.303527: 
2026-01-04 14:09:34.307071: Epoch 24
2026-01-04 14:09:34.309523: Current learning rate: 9e-05
2026-01-04 14:10:29.739262: train_loss 0.6704
2026-01-04 14:10:29.756185: val_loss 0.6167
2026-01-04 14:10:29.760162: val classification accuracy 0.619
2026-01-04 14:10:29.763386: val auc 0.8027
2026-01-04 14:10:29.766487: Epoch time: 55.44 s
2026-01-04 14:10:29.769028: Yayy! New best EMA pseudo Dice: 0.8027
2026-01-04 14:10:36.157349: 
2026-01-04 14:10:36.160820: Epoch 25
2026-01-04 14:10:36.163452: Current learning rate: 9e-05
2026-01-04 14:11:29.835534: train_loss 0.6871
2026-01-04 14:11:29.840045: val_loss 0.6881
2026-01-04 14:11:29.842996: val classification accuracy 0.5238
2026-01-04 14:11:29.846835: val auc 0.5862
2026-01-04 14:11:29.849476: Epoch time: 53.68 s
2026-01-04 14:11:30.727714: 
2026-01-04 14:11:30.732509: Epoch 26
2026-01-04 14:11:30.735823: Current learning rate: 9e-05
2026-01-04 14:12:23.879475: train_loss 0.6811
2026-01-04 14:12:23.884942: val_loss 0.651
2026-01-04 14:12:23.929638: val classification accuracy 0.5952
2026-01-04 14:12:23.943198: val auc 0.6814
2026-01-04 14:12:23.946829: Epoch time: 53.15 s
2026-01-04 14:12:24.833053: 
2026-01-04 14:12:24.836470: Epoch 27
2026-01-04 14:12:24.839168: Current learning rate: 9e-05
2026-01-04 14:13:21.913820: train_loss 0.6836
2026-01-04 14:13:21.940076: val_loss 0.6606
2026-01-04 14:13:21.943729: val classification accuracy 0.5714
2026-01-04 14:13:21.947150: val auc 0.7143
2026-01-04 14:13:21.962683: Epoch time: 57.08 s
2026-01-04 14:13:23.643671: 
2026-01-04 14:13:23.646998: Epoch 28
2026-01-04 14:13:23.649201: Current learning rate: 9e-05
2026-01-04 14:14:18.098365: train_loss 0.6918
2026-01-04 14:14:18.104331: val_loss 0.6651
2026-01-04 14:14:18.107838: val classification accuracy 0.619
2026-01-04 14:14:18.111183: val auc 0.6077
2026-01-04 14:14:18.114273: Epoch time: 54.46 s
2026-01-04 14:14:19.021710: 
2026-01-04 14:14:19.025530: Epoch 29
2026-01-04 14:14:19.028579: Current learning rate: 9e-05
2026-01-04 14:15:16.311540: train_loss 0.6777
2026-01-04 14:15:16.318094: val_loss 0.6492
2026-01-04 14:15:16.321068: val classification accuracy 0.6667
2026-01-04 14:15:16.323784: val auc 0.6882
2026-01-04 14:15:16.326236: Epoch time: 57.29 s
2026-01-04 14:15:17.147711: 
2026-01-04 14:15:17.151439: Epoch 30
2026-01-04 14:15:17.154145: Current learning rate: 9e-05
2026-01-04 14:16:09.238244: train_loss 0.6742
2026-01-04 14:16:09.244905: val_loss 0.7224
2026-01-04 14:16:09.248571: val classification accuracy 0.5238
2026-01-04 14:16:09.254635: val auc 0.4751
2026-01-04 14:16:09.258617: Epoch time: 52.09 s
2026-01-04 14:16:10.120526: 
2026-01-04 14:16:10.123712: Epoch 31
2026-01-04 14:16:10.126359: Current learning rate: 9e-05
2026-01-04 14:17:07.750007: train_loss 0.6601
2026-01-04 14:17:07.769995: val_loss 0.6929
2026-01-04 14:17:07.774128: val classification accuracy 0.5
2026-01-04 14:17:07.777968: val auc 0.5329
2026-01-04 14:17:07.781022: Epoch time: 57.63 s
2026-01-04 14:17:08.649689: 
2026-01-04 14:17:08.652858: Epoch 32
2026-01-04 14:17:08.655267: Current learning rate: 9e-05
2026-01-04 14:18:07.246691: train_loss 0.6723
2026-01-04 14:18:07.252174: val_loss 0.7283
2026-01-04 14:18:07.255605: val classification accuracy 0.5
2026-01-04 14:18:07.258531: val auc 0.4456
2026-01-04 14:18:07.261720: Epoch time: 58.6 s
2026-01-04 14:18:08.114649: 
2026-01-04 14:18:08.118304: Epoch 33
2026-01-04 14:18:08.121328: Current learning rate: 9e-05
2026-01-04 14:19:04.762070: train_loss 0.6602
2026-01-04 14:19:04.767409: val_loss 0.6489
2026-01-04 14:19:04.770428: val classification accuracy 0.5952
2026-01-04 14:19:04.773196: val auc 0.6791
2026-01-04 14:19:04.776189: Epoch time: 56.65 s
2026-01-04 14:19:05.681648: 
2026-01-04 14:19:05.685428: Epoch 34
2026-01-04 14:19:05.688301: Current learning rate: 9e-05
2026-01-04 14:20:02.131584: train_loss 0.6834
2026-01-04 14:20:02.135909: val_loss 0.655
2026-01-04 14:20:02.138646: val classification accuracy 0.5952
2026-01-04 14:20:02.141438: val auc 0.6633
2026-01-04 14:20:02.143797: Epoch time: 56.45 s
2026-01-04 14:20:03.017720: 
2026-01-04 14:20:03.021165: Epoch 35
2026-01-04 14:20:03.023717: Current learning rate: 9e-05
2026-01-04 14:20:56.316928: train_loss 0.6745
2026-01-04 14:20:56.322690: val_loss 0.6804
2026-01-04 14:20:56.325588: val classification accuracy 0.5476
2026-01-04 14:20:56.330048: val auc 0.6032
2026-01-04 14:20:56.334030: Epoch time: 53.3 s
2026-01-04 14:20:57.248015: 
2026-01-04 14:20:57.253572: Epoch 36
2026-01-04 14:20:57.256114: Current learning rate: 9e-05
2026-01-04 14:21:48.978026: train_loss 0.6828
2026-01-04 14:21:48.998856: val_loss 0.665
2026-01-04 14:21:49.002459: val classification accuracy 0.5476
2026-01-04 14:21:49.005882: val auc 0.678
2026-01-04 14:21:49.009126: Epoch time: 51.73 s
2026-01-04 14:21:49.870245: 
2026-01-04 14:21:49.873835: Epoch 37
2026-01-04 14:21:49.876611: Current learning rate: 9e-05
2026-01-04 14:22:44.506167: train_loss 0.6991
2026-01-04 14:22:44.518138: val_loss 0.6917
2026-01-04 14:22:44.527366: val classification accuracy 0.5952
2026-01-04 14:22:44.530526: val auc 0.4932
2026-01-04 14:22:44.572503: Epoch time: 54.64 s
2026-01-04 14:22:45.442798: 
2026-01-04 14:22:45.447626: Epoch 38
2026-01-04 14:22:45.450010: Current learning rate: 9e-05
2026-01-04 14:23:38.515709: train_loss 0.6678
2026-01-04 14:23:38.520220: val_loss 0.659
2026-01-04 14:23:38.523127: val classification accuracy 0.5476
2026-01-04 14:23:38.525707: val auc 0.6304
2026-01-04 14:23:38.528670: Epoch time: 53.07 s
2026-01-04 14:23:39.380679: 
2026-01-04 14:23:39.384980: Epoch 39
2026-01-04 14:23:39.388168: Current learning rate: 9e-05
2026-01-04 14:24:32.823696: train_loss 0.6755
2026-01-04 14:24:32.837207: val_loss 0.6693
2026-01-04 14:24:32.840970: val classification accuracy 0.5238
2026-01-04 14:24:32.843973: val auc 0.6111
2026-01-04 14:24:32.846887: Epoch time: 53.44 s
2026-01-04 14:24:33.774143: 
2026-01-04 14:24:33.777736: Epoch 40
2026-01-04 14:24:33.780389: Current learning rate: 9e-05
2026-01-04 14:25:25.938132: train_loss 0.6736
2026-01-04 14:25:25.954538: val_loss 0.6076
2026-01-04 14:25:25.998208: val classification accuracy 0.6429
2026-01-04 14:25:26.013841: val auc 0.7619
2026-01-04 14:25:26.016699: Epoch time: 52.17 s
2026-01-04 14:25:26.847394: 
2026-01-04 14:25:26.851108: Epoch 41
2026-01-04 14:25:26.853745: Current learning rate: 9e-05
2026-01-04 14:26:19.781461: train_loss 0.686
2026-01-04 14:26:19.785795: val_loss 0.6492
2026-01-04 14:26:19.789450: val classification accuracy 0.5952
2026-01-04 14:26:19.803561: val auc 0.6939
2026-01-04 14:26:19.806899: Epoch time: 52.94 s
2026-01-04 14:26:20.765641: 
2026-01-04 14:26:20.769262: Epoch 42
2026-01-04 14:26:20.771871: Current learning rate: 9e-05
2026-01-04 14:27:11.772756: train_loss 0.6659
2026-01-04 14:27:11.824215: val_loss 0.6736
2026-01-04 14:27:11.828122: val classification accuracy 0.5714
2026-01-04 14:27:11.831358: val auc 0.576
2026-01-04 14:27:11.834360: Epoch time: 51.01 s
2026-01-04 14:27:12.761180: 
2026-01-04 14:27:12.764827: Epoch 43
2026-01-04 14:27:12.767485: Current learning rate: 9e-05
2026-01-04 14:28:05.218256: train_loss 0.6921
2026-01-04 14:28:05.229827: val_loss 0.67
2026-01-04 14:28:05.261000: val classification accuracy 0.5
2026-01-04 14:28:05.265227: val auc 0.5873
2026-01-04 14:28:05.269773: Epoch time: 52.46 s
2026-01-04 14:28:06.164087: 
2026-01-04 14:28:06.200013: Epoch 44
2026-01-04 14:28:06.203313: Current learning rate: 9e-05
2026-01-04 14:28:59.883922: train_loss 0.6889
2026-01-04 14:28:59.889349: val_loss 0.6867
2026-01-04 14:28:59.896525: val classification accuracy 0.5238
2026-01-04 14:28:59.900563: val auc 0.6009
2026-01-04 14:28:59.930653: Epoch time: 53.72 s
2026-01-04 14:29:00.866557: 
2026-01-04 14:29:00.870067: Epoch 45
2026-01-04 14:29:00.872566: Current learning rate: 9e-05
2026-01-04 14:29:59.723672: train_loss 0.6773
2026-01-04 14:29:59.728912: val_loss 0.6889
2026-01-04 14:29:59.732266: val classification accuracy 0.5476
2026-01-04 14:29:59.735529: val auc 0.5442
2026-01-04 14:29:59.738865: Epoch time: 58.86 s
2026-01-04 14:30:00.731215: 
2026-01-04 14:30:00.735799: Epoch 46
2026-01-04 14:30:00.738845: Current learning rate: 9e-05
2026-01-04 14:30:55.064947: train_loss 0.6815
2026-01-04 14:30:55.071311: val_loss 0.669
2026-01-04 14:30:55.075017: val classification accuracy 0.5952
2026-01-04 14:30:55.078343: val auc 0.6349
2026-01-04 14:30:55.081921: Epoch time: 54.33 s
2026-01-04 14:30:55.917011: 
2026-01-04 14:30:55.922266: Epoch 47
2026-01-04 14:30:55.926151: Current learning rate: 9e-05
2026-01-04 14:31:48.810544: train_loss 0.6733
2026-01-04 14:31:48.816494: val_loss 0.7323
2026-01-04 14:31:48.819218: val classification accuracy 0.5
2026-01-04 14:31:48.822095: val auc 0.5533
2026-01-04 14:31:48.824880: Epoch time: 52.89 s
2026-01-04 14:31:49.665928: 
2026-01-04 14:31:49.671578: Epoch 48
2026-01-04 14:31:49.674885: Current learning rate: 9e-05
2026-01-04 14:32:41.481509: train_loss 0.6623
2026-01-04 14:32:41.493763: val_loss 0.6826
2026-01-04 14:32:41.497748: val classification accuracy 0.5476
2026-01-04 14:32:41.501255: val auc 0.5918
2026-01-04 14:32:41.504466: Epoch time: 51.82 s
2026-01-04 14:32:42.410105: 
2026-01-04 14:32:42.413795: Epoch 49
2026-01-04 14:32:42.416342: Current learning rate: 9e-05
2026-01-04 14:33:36.124774: train_loss 0.6619
2026-01-04 14:33:36.130733: val_loss 0.6289
2026-01-04 14:33:36.133873: val classification accuracy 0.6667
2026-01-04 14:33:36.136548: val auc 0.7744
2026-01-04 14:33:36.139346: Epoch time: 53.72 s
2026-01-04 14:33:36.962466: 
2026-01-04 14:33:36.965903: Epoch 50
2026-01-04 14:33:36.968521: Current learning rate: 8e-05
2026-01-04 14:34:27.006519: train_loss 0.6548
2026-01-04 14:34:27.013847: val_loss 0.6577
2026-01-04 14:34:27.016978: val classification accuracy 0.5476
2026-01-04 14:34:27.019839: val auc 0.7868
2026-01-04 14:34:27.045294: Epoch time: 50.05 s
2026-01-04 14:34:27.959300: 
2026-01-04 14:34:27.962813: Epoch 51
2026-01-04 14:34:27.965429: Current learning rate: 8e-05
2026-01-04 14:35:24.180022: train_loss 0.6621
2026-01-04 14:35:24.184567: val_loss 0.64
2026-01-04 14:35:24.187441: val classification accuracy 0.6905
2026-01-04 14:35:24.204962: val auc 0.6723
2026-01-04 14:35:24.223482: Epoch time: 56.22 s
2026-01-04 14:35:25.080454: 
2026-01-04 14:35:25.084067: Epoch 52
2026-01-04 14:35:25.086591: Current learning rate: 8e-05
2026-01-04 14:36:19.230396: train_loss 0.6721
2026-01-04 14:36:19.240968: val_loss 0.6198
2026-01-04 14:36:19.244341: val classification accuracy 0.6429
2026-01-04 14:36:19.253839: val auc 0.7687
2026-01-04 14:36:19.258777: Epoch time: 54.15 s
2026-01-04 14:36:20.139067: 
2026-01-04 14:36:20.142807: Epoch 53
2026-01-04 14:36:20.145266: Current learning rate: 8e-05
2026-01-04 14:37:16.027005: train_loss 0.6591
2026-01-04 14:37:16.060663: val_loss 0.6643
2026-01-04 14:37:16.063790: val classification accuracy 0.5476
2026-01-04 14:37:16.066479: val auc 0.6259
2026-01-04 14:37:16.088647: Epoch time: 55.89 s
2026-01-04 14:37:16.936816: 
2026-01-04 14:37:16.940418: Epoch 54
2026-01-04 14:37:16.942948: Current learning rate: 8e-05
2026-01-04 14:38:12.975784: train_loss 0.6709
2026-01-04 14:38:12.980626: val_loss 0.7125
2026-01-04 14:38:12.984260: val classification accuracy 0.5714
2026-01-04 14:38:12.987743: val auc 0.5737
2026-01-04 14:38:13.002241: Epoch time: 56.04 s
2026-01-04 14:38:14.640008: 
2026-01-04 14:38:14.643969: Epoch 55
2026-01-04 14:38:14.646576: Current learning rate: 8e-05
2026-01-04 14:39:11.816737: train_loss 0.6811
2026-01-04 14:39:11.846558: val_loss 0.6275
2026-01-04 14:39:11.849832: val classification accuracy 0.619
2026-01-04 14:39:11.853056: val auc 0.7574
2026-01-04 14:39:11.856279: Epoch time: 57.18 s
2026-01-04 14:39:12.716736: 
2026-01-04 14:39:12.720470: Epoch 56
2026-01-04 14:39:12.723205: Current learning rate: 8e-05
2026-01-04 14:40:05.908128: train_loss 0.6719
2026-01-04 14:40:05.939118: val_loss 0.6554
2026-01-04 14:40:05.942691: val classification accuracy 0.5952
2026-01-04 14:40:05.945780: val auc 0.6735
2026-01-04 14:40:05.948802: Epoch time: 53.19 s
2026-01-04 14:40:06.848704: 
2026-01-04 14:40:06.852853: Epoch 57
2026-01-04 14:40:06.855613: Current learning rate: 8e-05
2026-01-04 14:40:55.709100: train_loss 0.6623
2026-01-04 14:40:55.714214: val_loss 0.6415
2026-01-04 14:40:55.717214: val classification accuracy 0.619
2026-01-04 14:40:55.719980: val auc 0.7052
2026-01-04 14:40:55.722674: Epoch time: 48.86 s
2026-01-04 14:40:56.551656: 
2026-01-04 14:40:56.555702: Epoch 58
2026-01-04 14:40:56.558767: Current learning rate: 8e-05
2026-01-04 14:41:46.839967: train_loss 0.6843
2026-01-04 14:41:46.855636: val_loss 0.6182
2026-01-04 14:41:46.859397: val classification accuracy 0.6667
2026-01-04 14:41:46.862606: val auc 0.7438
2026-01-04 14:41:46.866054: Epoch time: 50.29 s
2026-01-04 14:41:47.753103: 
2026-01-04 14:41:47.756714: Epoch 59
2026-01-04 14:41:47.759402: Current learning rate: 8e-05
2026-01-04 14:42:42.571123: train_loss 0.6693
2026-01-04 14:42:42.577674: val_loss 0.6742
2026-01-04 14:42:42.580807: val classification accuracy 0.5476
2026-01-04 14:42:42.583436: val auc 0.5828
2026-01-04 14:42:42.586080: Epoch time: 54.82 s
2026-01-04 14:42:48.337240: Saved periodic checkpoint /hpf/projects/jquon/sumin/nnUNet_data/nnUNet_results/Dataset033_AVM_T1+C/ViTTrainer_ep300_NoMirroring_x2__nnUNetResEncUNetLPlans__3d_fullres/fold_4/checkpoint_every20_best_balacc.pth at epoch 59 with val_balanced_accuracy=0.5476
2026-01-04 14:42:49.160399: 
2026-01-04 14:42:49.164422: Epoch 60
2026-01-04 14:42:49.167390: Current learning rate: 8e-05
2026-01-04 14:43:42.871225: train_loss 0.684
2026-01-04 14:43:42.876328: val_loss 0.6866
2026-01-04 14:43:42.879527: val classification accuracy 0.5238
2026-01-04 14:43:42.882306: val auc 0.5283
2026-01-04 14:43:42.885264: Epoch time: 53.71 s
2026-01-04 14:43:43.782159: 
2026-01-04 14:43:43.786324: Epoch 61
2026-01-04 14:43:43.789006: Current learning rate: 8e-05
2026-01-04 14:44:32.197549: train_loss 0.6789
2026-01-04 14:44:32.202230: val_loss 0.6834
2026-01-04 14:44:32.204850: val classification accuracy 0.5
2026-01-04 14:44:32.222816: val auc 0.5374
2026-01-04 14:44:32.249834: Epoch time: 48.42 s
2026-01-04 14:44:33.126904: 
2026-01-04 14:44:33.130629: Epoch 62
2026-01-04 14:44:33.133582: Current learning rate: 8e-05
2026-01-04 14:45:26.184824: train_loss 0.6589
2026-01-04 14:45:26.202703: val_loss 0.7041
2026-01-04 14:45:26.206006: val classification accuracy 0.4762
2026-01-04 14:45:26.209325: val auc 0.5465
2026-01-04 14:45:26.212228: Epoch time: 53.06 s
2026-01-04 14:45:27.159577: 
2026-01-04 14:45:27.163096: Epoch 63
2026-01-04 14:45:27.165780: Current learning rate: 8e-05
2026-01-04 14:46:21.326441: train_loss 0.6847
2026-01-04 14:46:21.331573: val_loss 0.6028
2026-01-04 14:46:21.334318: val classification accuracy 0.6905
2026-01-04 14:46:21.337123: val auc 0.7891
2026-01-04 14:46:21.339823: Epoch time: 54.17 s
2026-01-04 14:46:22.247357: 
2026-01-04 14:46:22.250858: Epoch 64
2026-01-04 14:46:22.253471: Current learning rate: 8e-05
2026-01-04 14:47:12.741297: train_loss 0.6586
2026-01-04 14:47:12.814171: val_loss 0.6528
2026-01-04 14:47:12.819246: val classification accuracy 0.5714
2026-01-04 14:47:12.824188: val auc 0.6553
2026-01-04 14:47:12.827431: Epoch time: 50.5 s
2026-01-04 14:47:13.654431: 
2026-01-04 14:47:13.660838: Epoch 65
2026-01-04 14:47:13.664999: Current learning rate: 8e-05
2026-01-04 14:48:04.673225: train_loss 0.6647
2026-01-04 14:48:04.677442: val_loss 0.6128
2026-01-04 14:48:04.680532: val classification accuracy 0.6429
2026-01-04 14:48:04.683234: val auc 0.7574
2026-01-04 14:48:04.686194: Epoch time: 51.03 s
2026-01-04 14:48:05.609669: 
2026-01-04 14:48:05.613460: Epoch 66
2026-01-04 14:48:05.616374: Current learning rate: 8e-05
2026-01-04 14:48:59.588656: train_loss 0.6534
2026-01-04 14:48:59.593907: val_loss 0.6779
2026-01-04 14:48:59.597223: val classification accuracy 0.5714
2026-01-04 14:48:59.600400: val auc 0.6315
2026-01-04 14:48:59.603927: Epoch time: 53.98 s
2026-01-04 14:49:00.481624: 
2026-01-04 14:49:00.485133: Epoch 67
2026-01-04 14:49:00.487899: Current learning rate: 8e-05
2026-01-04 14:49:55.554103: train_loss 0.6613
2026-01-04 14:49:55.558446: val_loss 0.6243
2026-01-04 14:49:55.588949: val classification accuracy 0.5238
2026-01-04 14:49:55.593124: val auc 0.746
2026-01-04 14:49:55.597573: Epoch time: 55.07 s
2026-01-04 14:49:56.530515: 
2026-01-04 14:49:56.534294: Epoch 68
2026-01-04 14:49:56.536828: Current learning rate: 8e-05
2026-01-04 14:50:47.558261: train_loss 0.6715
2026-01-04 14:50:47.681241: val_loss 0.685
2026-01-04 14:50:47.687198: val classification accuracy 0.5714
2026-01-04 14:50:47.691110: val auc 0.568
2026-01-04 14:50:47.694411: Epoch time: 51.03 s
2026-01-04 14:50:48.571250: 
2026-01-04 14:50:48.575091: Epoch 69
2026-01-04 14:50:48.577962: Current learning rate: 8e-05
2026-01-04 14:51:40.923578: train_loss 0.6707
2026-01-04 14:51:40.928172: val_loss 0.6914
2026-01-04 14:51:40.931146: val classification accuracy 0.4762
2026-01-04 14:51:40.934161: val auc 0.551
2026-01-04 14:51:40.964026: Epoch time: 52.35 s
2026-01-04 14:51:41.811589: 
2026-01-04 14:51:41.815568: Epoch 70
2026-01-04 14:51:41.818235: Current learning rate: 8e-05
2026-01-04 14:52:30.758918: train_loss 0.673
2026-01-04 14:52:30.772136: val_loss 0.7195
2026-01-04 14:52:30.775504: val classification accuracy 0.5476
2026-01-04 14:52:30.786400: val auc 0.4909
2026-01-04 14:52:30.793376: Epoch time: 48.95 s
2026-01-04 14:52:31.729066: 
2026-01-04 14:52:31.732622: Epoch 71
2026-01-04 14:52:31.735166: Current learning rate: 8e-05
2026-01-04 14:53:23.921556: train_loss 0.6769
2026-01-04 14:53:23.954634: val_loss 0.6677
2026-01-04 14:53:23.967119: val classification accuracy 0.5952
2026-01-04 14:53:23.970619: val auc 0.6054
2026-01-04 14:53:23.973582: Epoch time: 52.19 s
2026-01-04 14:53:24.826556: 
2026-01-04 14:53:24.830630: Epoch 72
2026-01-04 14:53:24.833685: Current learning rate: 8e-05
2026-01-04 14:54:19.814248: train_loss 0.6573
2026-01-04 14:54:19.837011: val_loss 0.7274
2026-01-04 14:54:19.840420: val classification accuracy 0.4524
2026-01-04 14:54:19.843626: val auc 0.4467
2026-01-04 14:54:19.846898: Epoch time: 54.99 s
2026-01-04 14:54:20.706733: 
2026-01-04 14:54:20.710254: Epoch 73
2026-01-04 14:54:20.713404: Current learning rate: 8e-05
2026-01-04 14:55:17.050928: train_loss 0.6671
2026-01-04 14:55:17.057082: val_loss 0.7579
2026-01-04 14:55:17.064526: val classification accuracy 0.4524
2026-01-04 14:55:17.068061: val auc 0.4082
2026-01-04 14:55:17.071330: Epoch time: 56.35 s
2026-01-04 14:55:17.961311: 
2026-01-04 14:55:17.964891: Epoch 74
2026-01-04 14:55:17.967647: Current learning rate: 8e-05
2026-01-04 14:56:14.532797: train_loss 0.6711
2026-01-04 14:56:14.576034: val_loss 0.594
2026-01-04 14:56:14.580366: val classification accuracy 0.6667
2026-01-04 14:56:14.584358: val auc 0.8764
2026-01-04 14:56:14.588068: Epoch time: 56.57 s
2026-01-04 14:56:14.595568: Yayy! New best EMA pseudo Dice: 0.8764
2026-01-04 14:56:20.850604: 
2026-01-04 14:56:20.853756: Epoch 75
2026-01-04 14:56:20.856744: Current learning rate: 8e-05
2026-01-04 14:57:14.398028: train_loss 0.6866
2026-01-04 14:57:14.411085: val_loss 0.6715
2026-01-04 14:57:14.421817: val classification accuracy 0.5952
2026-01-04 14:57:14.434034: val auc 0.61
2026-01-04 14:57:14.461404: Epoch time: 53.55 s
2026-01-04 14:57:15.352590: 
2026-01-04 14:57:15.356300: Epoch 76
2026-01-04 14:57:15.358996: Current learning rate: 8e-05
2026-01-04 14:58:09.422941: train_loss 0.6652
2026-01-04 14:58:09.440366: val_loss 0.6773
2026-01-04 14:58:09.443114: val classification accuracy 0.5952
2026-01-04 14:58:09.445924: val auc 0.6213
2026-01-04 14:58:09.448467: Epoch time: 54.07 s
2026-01-04 14:58:10.262978: 
2026-01-04 14:58:10.267032: Epoch 77
2026-01-04 14:58:10.269686: Current learning rate: 8e-05
2026-01-04 14:59:05.171787: train_loss 0.6898
2026-01-04 14:59:05.195834: val_loss 0.6825
2026-01-04 14:59:05.199554: val classification accuracy 0.4762
2026-01-04 14:59:05.207417: val auc 0.5442
2026-01-04 14:59:05.211514: Epoch time: 54.91 s
2026-01-04 14:59:06.133632: 
2026-01-04 14:59:06.137230: Epoch 78
2026-01-04 14:59:06.140125: Current learning rate: 8e-05
2026-01-04 14:59:59.905044: train_loss 0.6751
2026-01-04 14:59:59.929396: val_loss 0.5877
2026-01-04 14:59:59.933708: val classification accuracy 0.6905
2026-01-04 14:59:59.937972: val auc 0.7653
2026-01-04 14:59:59.941488: Epoch time: 53.77 s
2026-01-04 15:00:00.857597: 
2026-01-04 15:00:00.861502: Epoch 79
2026-01-04 15:00:00.864937: Current learning rate: 8e-05
2026-01-04 15:00:53.118259: train_loss 0.6585
2026-01-04 15:00:53.123476: val_loss 0.6936
2026-01-04 15:00:53.126483: val classification accuracy 0.5952
2026-01-04 15:00:53.129359: val auc 0.5612
2026-01-04 15:00:53.132715: Epoch time: 52.26 s
2026-01-04 15:00:58.638199: Saved periodic checkpoint /hpf/projects/jquon/sumin/nnUNet_data/nnUNet_results/Dataset033_AVM_T1+C/ViTTrainer_ep300_NoMirroring_x2__nnUNetResEncUNetLPlans__3d_fullres/fold_4/checkpoint_every20_best_balacc.pth at epoch 79 with val_balanced_accuracy=0.5952
2026-01-04 15:00:59.370924: 
2026-01-04 15:00:59.374620: Epoch 80
2026-01-04 15:00:59.377512: Current learning rate: 8e-05
2026-01-04 15:01:53.674088: train_loss 0.662
2026-01-04 15:01:53.689635: val_loss 0.6603
2026-01-04 15:01:53.712579: val classification accuracy 0.6429
2026-01-04 15:01:53.719668: val auc 0.6417
2026-01-04 15:01:53.722528: Epoch time: 54.3 s
2026-01-04 15:01:54.647598: 
2026-01-04 15:01:54.653187: Epoch 81
2026-01-04 15:01:54.656791: Current learning rate: 8e-05
2026-01-04 15:02:45.744251: train_loss 0.6677
2026-01-04 15:02:45.763120: val_loss 0.7125
2026-01-04 15:02:45.767416: val classification accuracy 0.5952
2026-01-04 15:02:45.771441: val auc 0.4739
2026-01-04 15:02:45.775206: Epoch time: 51.1 s
2026-01-04 15:02:47.353542: 
2026-01-04 15:02:47.360689: Epoch 82
2026-01-04 15:02:47.363549: Current learning rate: 8e-05
2026-01-04 15:03:40.777946: train_loss 0.6722
2026-01-04 15:03:40.783108: val_loss 0.6973
2026-01-04 15:03:40.787278: val classification accuracy 0.5238
2026-01-04 15:03:40.821133: val auc 0.6451
2026-01-04 15:03:40.824861: Epoch time: 53.43 s
2026-01-04 15:03:41.652274: 
2026-01-04 15:03:41.655998: Epoch 83
2026-01-04 15:03:41.658458: Current learning rate: 7e-05
2026-01-04 15:04:36.109340: train_loss 0.6572
2026-01-04 15:04:36.129844: val_loss 0.6222
2026-01-04 15:04:36.143157: val classification accuracy 0.6429
2026-01-04 15:04:36.147645: val auc 0.7562
2026-01-04 15:04:36.153413: Epoch time: 54.46 s
2026-01-04 15:04:37.011971: 
2026-01-04 15:04:37.016202: Epoch 84
2026-01-04 15:04:37.019271: Current learning rate: 7e-05
2026-01-04 15:05:27.832549: train_loss 0.6776
2026-01-04 15:05:27.837571: val_loss 0.6634
2026-01-04 15:05:27.840724: val classification accuracy 0.5238
2026-01-04 15:05:27.843629: val auc 0.6213
2026-01-04 15:05:27.847030: Epoch time: 50.82 s
2026-01-04 15:05:28.731135: 
2026-01-04 15:05:28.734686: Epoch 85
2026-01-04 15:05:28.737375: Current learning rate: 7e-05
2026-01-04 15:06:21.358079: train_loss 0.6586
2026-01-04 15:06:21.362768: val_loss 0.7144
2026-01-04 15:06:21.366279: val classification accuracy 0.5238
2026-01-04 15:06:21.370485: val auc 0.4785
2026-01-04 15:06:21.374038: Epoch time: 52.63 s
2026-01-04 15:06:22.291679: 
2026-01-04 15:06:22.297889: Epoch 86
2026-01-04 15:06:22.302273: Current learning rate: 7e-05
2026-01-04 15:07:19.429641: train_loss 0.66
2026-01-04 15:07:19.434499: val_loss 0.7611
2026-01-04 15:07:19.437675: val classification accuracy 0.4524
2026-01-04 15:07:19.440742: val auc 0.4263
2026-01-04 15:07:19.443439: Epoch time: 57.14 s
2026-01-04 15:07:20.272469: 
2026-01-04 15:07:20.276426: Epoch 87
2026-01-04 15:07:20.279258: Current learning rate: 7e-05
2026-01-04 15:08:18.041610: train_loss 0.666
2026-01-04 15:08:18.051687: val_loss 0.6434
2026-01-04 15:08:18.075188: val classification accuracy 0.5476
2026-01-04 15:08:18.085609: val auc 0.627
2026-01-04 15:08:18.089637: Epoch time: 57.77 s
2026-01-04 15:08:18.933767: 
2026-01-04 15:08:18.937018: Epoch 88
2026-01-04 15:08:18.939537: Current learning rate: 7e-05
2026-01-04 15:09:11.945369: train_loss 0.6672
2026-01-04 15:09:11.987137: val_loss 0.7409
2026-01-04 15:09:11.996919: val classification accuracy 0.5
2026-01-04 15:09:12.000591: val auc 0.4739
2026-01-04 15:09:12.035134: Epoch time: 53.01 s
2026-01-04 15:09:13.010871: 
2026-01-04 15:09:13.014389: Epoch 89
2026-01-04 15:09:13.016952: Current learning rate: 7e-05
2026-01-04 15:10:06.258930: train_loss 0.6597
2026-01-04 15:10:06.278572: val_loss 0.6435
2026-01-04 15:10:06.283097: val classification accuracy 0.6667
2026-01-04 15:10:06.286461: val auc 0.6213
2026-01-04 15:10:06.289705: Epoch time: 53.25 s
2026-01-04 15:10:07.113425: 
2026-01-04 15:10:07.117734: Epoch 90
2026-01-04 15:10:07.120771: Current learning rate: 7e-05
2026-01-04 15:11:01.867440: train_loss 0.6434
2026-01-04 15:11:01.872293: val_loss 0.668
2026-01-04 15:11:01.875277: val classification accuracy 0.5714
2026-01-04 15:11:01.878007: val auc 0.6599
2026-01-04 15:11:01.881239: Epoch time: 54.76 s
2026-01-04 15:11:02.870916: 
2026-01-04 15:11:02.874582: Epoch 91
2026-01-04 15:11:02.877278: Current learning rate: 7e-05
2026-01-04 15:11:59.588357: train_loss 0.6809
2026-01-04 15:11:59.593234: val_loss 0.6632
2026-01-04 15:11:59.601455: val classification accuracy 0.619
2026-01-04 15:11:59.605096: val auc 0.695
2026-01-04 15:11:59.613129: Epoch time: 56.72 s
2026-01-04 15:12:00.545208: 
2026-01-04 15:12:00.548867: Epoch 92
2026-01-04 15:12:00.552056: Current learning rate: 7e-05
2026-01-04 15:12:53.077463: train_loss 0.6576
2026-01-04 15:12:53.082109: val_loss 0.6687
2026-01-04 15:12:53.084942: val classification accuracy 0.619
2026-01-04 15:12:53.092032: val auc 0.6485
2026-01-04 15:12:53.095339: Epoch time: 52.53 s
2026-01-04 15:12:53.967628: 
2026-01-04 15:12:53.971263: Epoch 93
2026-01-04 15:12:53.973979: Current learning rate: 7e-05
2026-01-04 15:13:52.131454: train_loss 0.6529
2026-01-04 15:13:52.166356: val_loss 0.6649
2026-01-04 15:13:52.169674: val classification accuracy 0.619
2026-01-04 15:13:52.180412: val auc 0.6542
2026-01-04 15:13:52.183154: Epoch time: 58.16 s
2026-01-04 15:13:52.957392: 
2026-01-04 15:13:52.960827: Epoch 94
2026-01-04 15:13:52.963360: Current learning rate: 7e-05
2026-01-04 15:14:44.586138: train_loss 0.6463
2026-01-04 15:14:44.602758: val_loss 0.634
2026-01-04 15:14:44.606758: val classification accuracy 0.5714
2026-01-04 15:14:44.610212: val auc 0.6542
2026-01-04 15:14:44.613600: Epoch time: 51.63 s
2026-01-04 15:14:46.380266: 
2026-01-04 15:14:46.383993: Epoch 95
2026-01-04 15:14:46.386844: Current learning rate: 7e-05
2026-01-04 15:15:37.817397: train_loss 0.6579
2026-01-04 15:15:37.822980: val_loss 0.6974
2026-01-04 15:15:37.826293: val classification accuracy 0.5476
2026-01-04 15:15:37.829328: val auc 0.5862
2026-01-04 15:15:37.832290: Epoch time: 51.44 s
2026-01-04 15:15:38.849028: 
2026-01-04 15:15:38.852517: Epoch 96
2026-01-04 15:15:38.855013: Current learning rate: 7e-05
2026-01-04 15:16:28.782274: train_loss 0.6717
2026-01-04 15:16:28.789528: val_loss 0.7118
2026-01-04 15:16:28.793031: val classification accuracy 0.4524
2026-01-04 15:16:28.796520: val auc 0.5
2026-01-04 15:16:28.814019: Epoch time: 49.93 s
2026-01-04 15:16:29.665093: 
2026-01-04 15:16:29.668621: Epoch 97
2026-01-04 15:16:29.671379: Current learning rate: 7e-05
2026-01-04 15:17:24.766468: train_loss 0.6628
2026-01-04 15:17:24.811108: val_loss 0.7031
2026-01-04 15:17:24.815127: val classification accuracy 0.5952
2026-01-04 15:17:24.818957: val auc 0.6236
2026-01-04 15:17:24.822550: Epoch time: 55.1 s
2026-01-04 15:17:25.686589: 
2026-01-04 15:17:25.690800: Epoch 98
2026-01-04 15:17:25.693785: Current learning rate: 7e-05
2026-01-04 15:18:17.503824: train_loss 0.6354
2026-01-04 15:18:17.508291: val_loss 0.6521
2026-01-04 15:18:17.511437: val classification accuracy 0.619
2026-01-04 15:18:17.518344: val auc 0.6463
2026-01-04 15:18:17.521835: Epoch time: 51.82 s
2026-01-04 15:18:18.457531: 
2026-01-04 15:18:18.461436: Epoch 99
2026-01-04 15:18:18.464355: Current learning rate: 7e-05
2026-01-04 15:19:17.824024: train_loss 0.6834
2026-01-04 15:19:17.844032: val_loss 0.6657
2026-01-04 15:19:17.848106: val classification accuracy 0.5952
2026-01-04 15:19:17.851431: val auc 0.6077
2026-01-04 15:19:17.855034: Epoch time: 59.37 s
2026-01-04 15:19:18.684469: 
2026-01-04 15:19:18.687946: Epoch 100
2026-01-04 15:19:18.690870: Current learning rate: 7e-05
2026-01-04 15:20:15.945698: train_loss 0.6751
2026-01-04 15:20:15.951602: val_loss 0.6239
2026-01-04 15:20:15.954674: val classification accuracy 0.7143
2026-01-04 15:20:15.957319: val auc 0.7778
2026-01-04 15:20:15.960038: Epoch time: 57.26 s
2026-01-04 15:20:16.848694: 
2026-01-04 15:20:16.852247: Epoch 101
2026-01-04 15:20:16.854812: Current learning rate: 7e-05
2026-01-04 15:21:08.596555: train_loss 0.6631
2026-01-04 15:21:08.655219: val_loss 0.7299
2026-01-04 15:21:08.666152: val classification accuracy 0.5238
2026-01-04 15:21:08.670857: val auc 0.568
2026-01-04 15:21:08.674908: Epoch time: 51.75 s
2026-01-04 15:21:09.511640: 
2026-01-04 15:21:09.515481: Epoch 102
2026-01-04 15:21:09.518392: Current learning rate: 7e-05
2026-01-04 15:22:00.067281: train_loss 0.6713
2026-01-04 15:22:00.078447: val_loss 0.7122
2026-01-04 15:22:00.081950: val classification accuracy 0.5476
2026-01-04 15:22:00.085486: val auc 0.6066
2026-01-04 15:22:00.088940: Epoch time: 50.56 s
2026-01-04 15:22:01.014270: 
2026-01-04 15:22:01.017653: Epoch 103
2026-01-04 15:22:01.020813: Current learning rate: 7e-05
2026-01-04 15:22:55.905870: train_loss 0.6405
2026-01-04 15:22:55.941106: val_loss 0.6569
2026-01-04 15:22:55.947858: val classification accuracy 0.6429
2026-01-04 15:22:55.951641: val auc 0.6576
2026-01-04 15:22:55.967489: Epoch time: 54.89 s
2026-01-04 15:22:56.866190: 
2026-01-04 15:22:56.870392: Epoch 104
2026-01-04 15:22:56.873153: Current learning rate: 7e-05
2026-01-04 15:23:52.229173: train_loss 0.6642
2026-01-04 15:23:52.233762: val_loss 0.6304
2026-01-04 15:23:52.237144: val classification accuracy 0.6429
2026-01-04 15:23:52.240260: val auc 0.6825
2026-01-04 15:23:52.243126: Epoch time: 55.36 s
2026-01-04 15:23:53.080540: 
2026-01-04 15:23:53.084455: Epoch 105
2026-01-04 15:23:53.087300: Current learning rate: 7e-05
2026-01-04 15:24:49.922711: train_loss 0.6561
2026-01-04 15:24:49.931933: val_loss 0.673
2026-01-04 15:24:49.935691: val classification accuracy 0.5476
2026-01-04 15:24:49.939916: val auc 0.6213
2026-01-04 15:24:49.943258: Epoch time: 56.84 s
2026-01-04 15:24:50.791673: 
2026-01-04 15:24:50.799514: Epoch 106
2026-01-04 15:24:50.812672: Current learning rate: 7e-05
2026-01-04 15:25:42.801965: train_loss 0.6642
2026-01-04 15:25:42.826783: val_loss 0.6641
2026-01-04 15:25:42.835142: val classification accuracy 0.5476
2026-01-04 15:25:42.840530: val auc 0.6281
2026-01-04 15:25:42.845230: Epoch time: 52.01 s
2026-01-04 15:25:43.741381: 
2026-01-04 15:25:43.745464: Epoch 107
2026-01-04 15:25:43.748317: Current learning rate: 7e-05
2026-01-04 15:26:37.876869: train_loss 0.6718
2026-01-04 15:26:37.881395: val_loss 0.6662
2026-01-04 15:26:37.886931: val classification accuracy 0.5476
2026-01-04 15:26:37.889725: val auc 0.678
2026-01-04 15:26:37.893075: Epoch time: 54.14 s
2026-01-04 15:26:39.628519: 
2026-01-04 15:26:39.632271: Epoch 108
2026-01-04 15:26:39.634957: Current learning rate: 7e-05
2026-01-04 15:27:32.571053: train_loss 0.6555
2026-01-04 15:27:32.576443: val_loss 0.6699
2026-01-04 15:27:32.580333: val classification accuracy 0.6429
2026-01-04 15:27:32.588894: val auc 0.5805
2026-01-04 15:27:32.592657: Epoch time: 52.94 s
2026-01-04 15:27:33.558929: 
2026-01-04 15:27:33.576030: Epoch 109
2026-01-04 15:27:33.600905: Current learning rate: 7e-05
2026-01-04 15:28:25.968754: train_loss 0.6739
2026-01-04 15:28:25.991282: val_loss 0.6896
2026-01-04 15:28:26.017109: val classification accuracy 0.5
2026-01-04 15:28:26.020841: val auc 0.5986
2026-01-04 15:28:26.024467: Epoch time: 52.41 s
2026-01-04 15:28:26.940205: 
2026-01-04 15:28:26.944250: Epoch 110
2026-01-04 15:28:26.947540: Current learning rate: 7e-05
2026-01-04 15:29:22.192182: train_loss 0.661
2026-01-04 15:29:22.199120: val_loss 0.7098
2026-01-04 15:29:22.203191: val classification accuracy 0.5238
2026-01-04 15:29:22.206760: val auc 0.4977
2026-01-04 15:29:22.210398: Epoch time: 55.25 s
2026-01-04 15:29:23.062606: 
2026-01-04 15:29:23.078365: Epoch 111
2026-01-04 15:29:23.081189: Current learning rate: 7e-05
2026-01-04 15:30:18.760972: train_loss 0.68
2026-01-04 15:30:18.771870: val_loss 0.6817
2026-01-04 15:30:18.777483: val classification accuracy 0.5238
2026-01-04 15:30:18.781483: val auc 0.5816
2026-01-04 15:30:18.784956: Epoch time: 55.7 s
2026-01-04 15:30:19.644894: 
2026-01-04 15:30:19.648188: Epoch 112
2026-01-04 15:30:19.650641: Current learning rate: 7e-05
2026-01-04 15:31:16.757719: train_loss 0.6519
2026-01-04 15:31:16.767581: val_loss 0.7251
2026-01-04 15:31:16.770922: val classification accuracy 0.5952
2026-01-04 15:31:16.774364: val auc 0.4444
2026-01-04 15:31:16.778063: Epoch time: 57.11 s
2026-01-04 15:31:17.629373: 
2026-01-04 15:31:17.633959: Epoch 113
2026-01-04 15:31:17.637565: Current learning rate: 7e-05
2026-01-04 15:32:08.632897: train_loss 0.6598
2026-01-04 15:32:08.651145: val_loss 0.6705
2026-01-04 15:32:08.654810: val classification accuracy 0.5714
2026-01-04 15:32:08.658510: val auc 0.627
2026-01-04 15:32:08.661900: Epoch time: 51.0 s
2026-01-04 15:32:09.550081: 
2026-01-04 15:32:09.553789: Epoch 114
2026-01-04 15:32:09.556691: Current learning rate: 7e-05
2026-01-04 15:33:01.893821: train_loss 0.6598
2026-01-04 15:33:01.899240: val_loss 0.6787
2026-01-04 15:33:01.903266: val classification accuracy 0.619
2026-01-04 15:33:01.921887: val auc 0.644
2026-01-04 15:33:01.926445: Epoch time: 52.34 s
2026-01-04 15:33:02.897159: 
2026-01-04 15:33:02.900647: Epoch 115
2026-01-04 15:33:02.903531: Current learning rate: 6e-05
2026-01-04 15:34:03.309609: train_loss 0.6705
2026-01-04 15:34:03.315255: val_loss 0.7352
2026-01-04 15:34:03.323000: val classification accuracy 0.4762
2026-01-04 15:34:03.325759: val auc 0.4308
2026-01-04 15:34:03.328438: Epoch time: 60.41 s
2026-01-04 15:34:04.143003: 
2026-01-04 15:34:04.146645: Epoch 116
2026-01-04 15:34:04.149399: Current learning rate: 6e-05
2026-01-04 15:34:54.966412: train_loss 0.6458
2026-01-04 15:34:54.984544: val_loss 0.7228
2026-01-04 15:34:54.988022: val classification accuracy 0.5
2026-01-04 15:34:54.991243: val auc 0.4853
2026-01-04 15:34:54.994213: Epoch time: 50.82 s
2026-01-04 15:34:55.818619: 
2026-01-04 15:34:55.822702: Epoch 117
2026-01-04 15:34:55.825915: Current learning rate: 6e-05
2026-01-04 15:35:52.105108: train_loss 0.692
2026-01-04 15:35:52.124276: val_loss 0.6591
2026-01-04 15:35:52.129991: val classification accuracy 0.619
2026-01-04 15:35:52.133643: val auc 0.6905
2026-01-04 15:35:52.136954: Epoch time: 56.29 s
2026-01-04 15:35:53.053143: 
2026-01-04 15:35:53.057351: Epoch 118
2026-01-04 15:35:53.060318: Current learning rate: 6e-05
2026-01-04 15:36:48.011546: train_loss 0.6709
2026-01-04 15:36:48.017199: val_loss 0.6607
2026-01-04 15:36:48.020252: val classification accuracy 0.5476
2026-01-04 15:36:48.023778: val auc 0.6236
2026-01-04 15:36:48.027633: Epoch time: 54.96 s
2026-01-04 15:36:48.959789: 
2026-01-04 15:36:48.963852: Epoch 119
2026-01-04 15:36:48.966992: Current learning rate: 6e-05
2026-01-04 15:37:46.239889: train_loss 0.6515
2026-01-04 15:37:46.245018: val_loss 0.6623
2026-01-04 15:37:46.248221: val classification accuracy 0.5714
2026-01-04 15:37:46.251595: val auc 0.6678
2026-01-04 15:37:46.255234: Epoch time: 57.28 s
2026-01-04 15:37:51.763937: Saved periodic checkpoint /hpf/projects/jquon/sumin/nnUNet_data/nnUNet_results/Dataset033_AVM_T1+C/ViTTrainer_ep300_NoMirroring_x2__nnUNetResEncUNetLPlans__3d_fullres/fold_4/checkpoint_every20_best_auroc.pth at epoch 119 with val_auc=0.6678
2026-01-04 15:37:52.537585: 
2026-01-04 15:37:52.541594: Epoch 120
2026-01-04 15:37:52.544341: Current learning rate: 6e-05
2026-01-04 15:38:46.157649: train_loss 0.6625
2026-01-04 15:38:46.185489: val_loss 0.5923
2026-01-04 15:38:46.191100: val classification accuracy 0.6905
2026-01-04 15:38:46.195070: val auc 0.78
2026-01-04 15:38:46.198428: Epoch time: 53.62 s
2026-01-04 15:38:47.021036: 
2026-01-04 15:38:47.024775: Epoch 121
2026-01-04 15:38:47.027756: Current learning rate: 6e-05
2026-01-04 15:39:40.961953: train_loss 0.6542
2026-01-04 15:39:40.966580: val_loss 0.7302
2026-01-04 15:39:40.969620: val classification accuracy 0.5476
2026-01-04 15:39:40.972473: val auc 0.4864
2026-01-04 15:39:40.975525: Epoch time: 53.94 s
2026-01-04 15:39:42.654627: 
2026-01-04 15:39:42.658037: Epoch 122
2026-01-04 15:39:42.660741: Current learning rate: 6e-05
2026-01-04 15:40:34.345800: train_loss 0.6516
2026-01-04 15:40:34.371617: val_loss 0.6755
2026-01-04 15:40:34.402826: val classification accuracy 0.5
2026-01-04 15:40:34.410288: val auc 0.5896
2026-01-04 15:40:34.414039: Epoch time: 51.69 s
2026-01-04 15:40:35.262545: 
2026-01-04 15:40:35.266279: Epoch 123
2026-01-04 15:40:35.268782: Current learning rate: 6e-05
2026-01-04 15:41:27.343803: train_loss 0.6807
2026-01-04 15:41:27.351150: val_loss 0.6617
2026-01-04 15:41:27.354709: val classification accuracy 0.6667
2026-01-04 15:41:27.358005: val auc 0.6451
2026-01-04 15:41:27.361047: Epoch time: 52.08 s
2026-01-04 15:41:28.214405: 
2026-01-04 15:41:28.217990: Epoch 124
2026-01-04 15:41:28.220647: Current learning rate: 6e-05
2026-01-04 15:42:22.755223: train_loss 0.659
2026-01-04 15:42:22.762259: val_loss 0.6561
2026-01-04 15:42:22.766030: val classification accuracy 0.5952
2026-01-04 15:42:22.769425: val auc 0.6236
2026-01-04 15:42:22.772773: Epoch time: 54.54 s
2026-01-04 15:42:23.733603: 
2026-01-04 15:42:23.738324: Epoch 125
2026-01-04 15:42:23.741440: Current learning rate: 6e-05
2026-01-04 15:43:15.880119: train_loss 0.6431
2026-01-04 15:43:15.884740: val_loss 0.7382
2026-01-04 15:43:15.888000: val classification accuracy 0.5238
2026-01-04 15:43:15.892454: val auc 0.5578
2026-01-04 15:43:15.895704: Epoch time: 52.15 s
2026-01-04 15:43:16.761550: 
2026-01-04 15:43:16.765280: Epoch 126
2026-01-04 15:43:16.767918: Current learning rate: 6e-05
2026-01-04 15:44:06.818471: train_loss 0.6595
2026-01-04 15:44:06.830887: val_loss 0.7131
2026-01-04 15:44:06.842374: val classification accuracy 0.5238
2026-01-04 15:44:06.845368: val auc 0.5692
2026-01-04 15:44:06.848204: Epoch time: 50.06 s
2026-01-04 15:44:07.693599: 
2026-01-04 15:44:07.698408: Epoch 127
2026-01-04 15:44:07.726383: Current learning rate: 6e-05
2026-01-04 15:45:02.788412: train_loss 0.6408
2026-01-04 15:45:02.793643: val_loss 0.6587
2026-01-04 15:45:02.796835: val classification accuracy 0.619
2026-01-04 15:45:02.800354: val auc 0.627
2026-01-04 15:45:02.804390: Epoch time: 55.1 s
2026-01-04 15:45:03.663462: 
2026-01-04 15:45:03.667701: Epoch 128
2026-01-04 15:45:03.670507: Current learning rate: 6e-05
2026-01-04 15:45:58.472938: train_loss 0.654
2026-01-04 15:45:58.479092: val_loss 0.6984
2026-01-04 15:45:58.482888: val classification accuracy 0.5238
2026-01-04 15:45:58.486521: val auc 0.5646
2026-01-04 15:45:58.490391: Epoch time: 54.81 s
2026-01-04 15:45:59.432574: 
2026-01-04 15:45:59.436467: Epoch 129
2026-01-04 15:45:59.439334: Current learning rate: 6e-05
2026-01-04 15:46:57.950988: train_loss 0.6466
2026-01-04 15:46:57.956124: val_loss 0.6679
2026-01-04 15:46:57.959327: val classification accuracy 0.4762
2026-01-04 15:46:57.962442: val auc 0.5896
2026-01-04 15:46:57.965178: Epoch time: 58.52 s
2026-01-04 15:46:58.942870: 
2026-01-04 15:46:58.946466: Epoch 130
2026-01-04 15:46:58.948905: Current learning rate: 6e-05
2026-01-04 15:47:52.902070: train_loss 0.6658
2026-01-04 15:47:52.907326: val_loss 0.6571
2026-01-04 15:47:52.912484: val classification accuracy 0.5952
2026-01-04 15:47:52.921074: val auc 0.6202
2026-01-04 15:47:52.923983: Epoch time: 53.96 s
2026-01-04 15:47:53.750338: 
2026-01-04 15:47:53.753808: Epoch 131
2026-01-04 15:47:53.756445: Current learning rate: 6e-05
2026-01-04 15:48:46.154960: train_loss 0.6511
2026-01-04 15:48:46.161278: val_loss 0.6897
2026-01-04 15:48:46.164337: val classification accuracy 0.4762
2026-01-04 15:48:46.167143: val auc 0.5918
2026-01-04 15:48:46.169951: Epoch time: 52.41 s
2026-01-04 15:48:47.077451: 
2026-01-04 15:48:47.081265: Epoch 132
2026-01-04 15:48:47.084034: Current learning rate: 6e-05
2026-01-04 15:49:41.469430: train_loss 0.6603
2026-01-04 15:49:41.474248: val_loss 0.7224
2026-01-04 15:49:41.477021: val classification accuracy 0.5714
2026-01-04 15:49:41.480235: val auc 0.5034
2026-01-04 15:49:41.483888: Epoch time: 54.39 s
2026-01-04 15:49:42.314795: 
2026-01-04 15:49:42.318293: Epoch 133
2026-01-04 15:49:42.320795: Current learning rate: 6e-05
2026-01-04 15:50:35.274430: train_loss 0.657
2026-01-04 15:50:35.285991: val_loss 0.7109
2026-01-04 15:50:35.289587: val classification accuracy 0.5476
2026-01-04 15:50:35.295104: val auc 0.5102
2026-01-04 15:50:35.298408: Epoch time: 52.96 s
2026-01-04 15:50:36.228929: 
2026-01-04 15:50:36.232704: Epoch 134
2026-01-04 15:50:36.235608: Current learning rate: 6e-05
2026-01-04 15:51:30.220777: train_loss 0.6621
2026-01-04 15:51:30.225816: val_loss 0.6811
2026-01-04 15:51:30.229395: val classification accuracy 0.5238
2026-01-04 15:51:30.232492: val auc 0.5873
2026-01-04 15:51:30.235531: Epoch time: 53.99 s
2026-01-04 15:51:31.112031: 
2026-01-04 15:51:31.115768: Epoch 135
2026-01-04 15:51:31.118406: Current learning rate: 6e-05
2026-01-04 15:52:31.137284: train_loss 0.6579
2026-01-04 15:52:31.141883: val_loss 0.6928
2026-01-04 15:52:31.147007: val classification accuracy 0.5
2026-01-04 15:52:31.150191: val auc 0.5578
2026-01-04 15:52:31.153343: Epoch time: 60.03 s
2026-01-04 15:52:32.940588: 
2026-01-04 15:52:32.944636: Epoch 136
2026-01-04 15:52:32.948031: Current learning rate: 6e-05
2026-01-04 15:53:26.456483: train_loss 0.6561
2026-01-04 15:53:26.474456: val_loss 0.6434
2026-01-04 15:53:26.478520: val classification accuracy 0.5714
2026-01-04 15:53:26.483342: val auc 0.6712
2026-01-04 15:53:26.486941: Epoch time: 53.52 s
2026-01-04 15:53:27.351814: 
2026-01-04 15:53:27.355696: Epoch 137
2026-01-04 15:53:27.359214: Current learning rate: 6e-05
2026-01-04 15:54:24.798149: train_loss 0.6696
2026-01-04 15:54:24.805500: val_loss 0.7046
2026-01-04 15:54:24.816256: val classification accuracy 0.5476
2026-01-04 15:54:24.819992: val auc 0.5669
2026-01-04 15:54:24.823666: Epoch time: 57.45 s
2026-01-04 15:54:25.753599: 
2026-01-04 15:54:25.757388: Epoch 138
2026-01-04 15:54:25.760030: Current learning rate: 6e-05
2026-01-04 15:55:20.737490: train_loss 0.6444
2026-01-04 15:55:20.742280: val_loss 0.6581
2026-01-04 15:55:20.746375: val classification accuracy 0.619
2026-01-04 15:55:20.749981: val auc 0.5884
2026-01-04 15:55:20.753573: Epoch time: 54.98 s
2026-01-04 15:55:21.686208: 
2026-01-04 15:55:21.690213: Epoch 139
2026-01-04 15:55:21.693517: Current learning rate: 6e-05
2026-01-04 15:56:17.272790: train_loss 0.638
2026-01-04 15:56:17.279228: val_loss 0.7687
2026-01-04 15:56:17.282795: val classification accuracy 0.5238
2026-01-04 15:56:17.286296: val auc 0.4592
2026-01-04 15:56:17.289732: Epoch time: 55.59 s
2026-01-04 15:56:18.262012: 
2026-01-04 15:56:18.265777: Epoch 140
2026-01-04 15:56:18.269026: Current learning rate: 6e-05
2026-01-04 15:57:15.375004: train_loss 0.6632
2026-01-04 15:57:15.383548: val_loss 0.6488
2026-01-04 15:57:15.388420: val classification accuracy 0.5952
2026-01-04 15:57:15.391978: val auc 0.6871
2026-01-04 15:57:15.395802: Epoch time: 57.11 s
2026-01-04 15:57:16.319335: 
2026-01-04 15:57:16.322787: Epoch 141
2026-01-04 15:57:16.325487: Current learning rate: 6e-05
2026-01-04 15:58:13.426036: train_loss 0.6357
2026-01-04 15:58:13.432669: val_loss 0.6446
2026-01-04 15:58:13.436725: val classification accuracy 0.5238
2026-01-04 15:58:13.452296: val auc 0.5975
2026-01-04 15:58:13.456899: Epoch time: 57.11 s
2026-01-04 15:58:14.361325: 
2026-01-04 15:58:14.365104: Epoch 142
2026-01-04 15:58:14.367973: Current learning rate: 6e-05
2026-01-04 15:59:08.703325: train_loss 0.6603
2026-01-04 15:59:08.717974: val_loss 0.7105
2026-01-04 15:59:08.721766: val classification accuracy 0.5238
2026-01-04 15:59:08.759604: val auc 0.5181
2026-01-04 15:59:08.763342: Epoch time: 54.34 s
2026-01-04 15:59:09.607411: 
2026-01-04 15:59:09.611396: Epoch 143
2026-01-04 15:59:09.614601: Current learning rate: 6e-05
2026-01-04 16:00:06.148274: train_loss 0.6376
2026-01-04 16:00:06.167650: val_loss 0.56
2026-01-04 16:00:06.202455: val classification accuracy 0.7381
2026-01-04 16:00:06.214689: val auc 0.8027
2026-01-04 16:00:06.218957: Epoch time: 56.54 s
2026-01-04 16:00:06.224137: Yayy! New best classification accuracy: 0.7381
2026-01-04 16:00:11.930041: 
2026-01-04 16:00:11.933739: Epoch 144
2026-01-04 16:00:11.936513: Current learning rate: 6e-05
2026-01-04 16:01:04.641254: train_loss 0.6555
2026-01-04 16:01:04.647454: val_loss 0.6703
2026-01-04 16:01:04.651436: val classification accuracy 0.5
2026-01-04 16:01:04.692500: val auc 0.6156
2026-01-04 16:01:04.706162: Epoch time: 52.71 s
2026-01-04 16:01:05.676961: 
2026-01-04 16:01:05.680740: Epoch 145
2026-01-04 16:01:05.683432: Current learning rate: 6e-05
2026-01-04 16:02:00.531928: train_loss 0.656
2026-01-04 16:02:00.537083: val_loss 0.7073
2026-01-04 16:02:00.540542: val classification accuracy 0.5952
2026-01-04 16:02:00.543744: val auc 0.5397
2026-01-04 16:02:00.547770: Epoch time: 54.86 s
2026-01-04 16:02:01.413251: 
2026-01-04 16:02:01.417086: Epoch 146
2026-01-04 16:02:01.420126: Current learning rate: 5e-05
2026-01-04 16:03:00.690917: train_loss 0.6646
2026-01-04 16:03:00.696440: val_loss 0.7329
2026-01-04 16:03:00.700214: val classification accuracy 0.4286
2026-01-04 16:03:00.703471: val auc 0.4603
2026-01-04 16:03:00.706639: Epoch time: 59.28 s
2026-01-04 16:03:01.522256: 
2026-01-04 16:03:01.526394: Epoch 147
2026-01-04 16:03:01.529217: Current learning rate: 5e-05
2026-01-04 16:03:56.041283: train_loss 0.6492
2026-01-04 16:03:56.046297: val_loss 0.8245
2026-01-04 16:03:56.049468: val classification accuracy 0.4524
2026-01-04 16:03:56.052274: val auc 0.4263
2026-01-04 16:03:56.055025: Epoch time: 54.52 s
2026-01-04 16:03:56.889553: 
2026-01-04 16:03:56.893090: Epoch 148
2026-01-04 16:03:56.895781: Current learning rate: 5e-05
2026-01-04 16:04:48.504468: train_loss 0.6762
2026-01-04 16:04:48.509269: val_loss 0.6781
2026-01-04 16:04:48.512110: val classification accuracy 0.6429
2026-01-04 16:04:48.514763: val auc 0.6009
2026-01-04 16:04:48.522750: Epoch time: 51.62 s
2026-01-04 16:04:50.275017: 
2026-01-04 16:04:50.278856: Epoch 149
2026-01-04 16:04:50.281776: Current learning rate: 5e-05
2026-01-04 16:05:45.650586: train_loss 0.6341
2026-01-04 16:05:45.680480: val_loss 0.7631
2026-01-04 16:05:45.704644: val classification accuracy 0.4762
2026-01-04 16:05:45.711486: val auc 0.4399
2026-01-04 16:05:45.716825: Epoch time: 55.38 s
2026-01-04 16:05:46.659681: 
2026-01-04 16:05:46.664195: Epoch 150
2026-01-04 16:05:46.667686: Current learning rate: 5e-05
2026-01-04 16:06:44.676359: train_loss 0.6379
2026-01-04 16:06:44.689449: val_loss 0.8125
2026-01-04 16:06:44.693243: val classification accuracy 0.381
2026-01-04 16:06:44.696657: val auc 0.2868
2026-01-04 16:06:44.700205: Epoch time: 58.02 s
2026-01-04 16:06:45.537346: 
2026-01-04 16:06:45.541107: Epoch 151
2026-01-04 16:06:45.543983: Current learning rate: 5e-05
2026-01-04 16:07:43.293175: train_loss 0.6902
2026-01-04 16:07:43.298531: val_loss 0.7053
2026-01-04 16:07:43.302192: val classification accuracy 0.5
2026-01-04 16:07:43.305602: val auc 0.5465
2026-01-04 16:07:43.309087: Epoch time: 57.76 s
2026-01-04 16:07:44.233313: 
2026-01-04 16:07:44.237485: Epoch 152
2026-01-04 16:07:44.240816: Current learning rate: 5e-05
2026-01-04 16:08:39.368625: train_loss 0.652
2026-01-04 16:08:39.373448: val_loss 0.6865
2026-01-04 16:08:39.376920: val classification accuracy 0.5714
2026-01-04 16:08:39.380283: val auc 0.5363
2026-01-04 16:08:39.383744: Epoch time: 55.14 s
2026-01-04 16:08:40.230638: 
2026-01-04 16:08:40.234903: Epoch 153
2026-01-04 16:08:40.237883: Current learning rate: 5e-05
2026-01-04 16:09:34.930537: train_loss 0.643
2026-01-04 16:09:34.940465: val_loss 0.702
2026-01-04 16:09:34.959794: val classification accuracy 0.5952
2026-01-04 16:09:34.992206: val auc 0.5669
2026-01-04 16:09:34.996502: Epoch time: 54.7 s
2026-01-04 16:09:35.838129: 
2026-01-04 16:09:35.842334: Epoch 154
2026-01-04 16:09:35.845483: Current learning rate: 5e-05
2026-01-04 16:10:29.827703: train_loss 0.6656
2026-01-04 16:10:29.836176: val_loss 0.5668
2026-01-04 16:10:29.839899: val classification accuracy 0.7143
2026-01-04 16:10:29.845589: val auc 0.8005
2026-01-04 16:10:29.849216: Epoch time: 53.99 s
2026-01-04 16:10:30.772641: 
2026-01-04 16:10:30.776948: Epoch 155
2026-01-04 16:10:30.779967: Current learning rate: 5e-05
2026-01-04 16:11:27.195895: train_loss 0.6569
2026-01-04 16:11:27.201943: val_loss 0.7995
2026-01-04 16:11:27.205195: val classification accuracy 0.4524
2026-01-04 16:11:27.208448: val auc 0.4195
2026-01-04 16:11:27.211970: Epoch time: 56.42 s
2026-01-04 16:11:28.185747: 
2026-01-04 16:11:28.189357: Epoch 156
2026-01-04 16:11:28.192270: Current learning rate: 5e-05
2026-01-04 16:12:23.185691: train_loss 0.6532
2026-01-04 16:12:23.191149: val_loss 0.7793
2026-01-04 16:12:23.194584: val classification accuracy 0.4524
2026-01-04 16:12:23.198021: val auc 0.3832
2026-01-04 16:12:23.201294: Epoch time: 55.0 s
2026-01-04 16:12:24.154722: 
2026-01-04 16:12:24.159025: Epoch 157
2026-01-04 16:12:24.162325: Current learning rate: 5e-05
2026-01-04 16:13:18.182031: train_loss 0.6477
2026-01-04 16:13:18.190111: val_loss 0.6765
2026-01-04 16:13:18.194253: val classification accuracy 0.5
2026-01-04 16:13:18.197757: val auc 0.5714
2026-01-04 16:13:18.201257: Epoch time: 54.03 s
2026-01-04 16:13:19.081684: 
2026-01-04 16:13:19.085265: Epoch 158
2026-01-04 16:13:19.087913: Current learning rate: 5e-05
2026-01-04 16:14:12.722359: train_loss 0.633
2026-01-04 16:14:12.743778: val_loss 0.6903
2026-01-04 16:14:12.802908: val classification accuracy 0.5238
2026-01-04 16:14:12.833147: val auc 0.5454
2026-01-04 16:14:12.837246: Epoch time: 53.64 s
2026-01-04 16:14:13.705393: 
2026-01-04 16:14:13.709334: Epoch 159
2026-01-04 16:14:13.712418: Current learning rate: 5e-05
2026-01-04 16:15:08.481053: train_loss 0.6291
2026-01-04 16:15:08.488122: val_loss 0.6654
2026-01-04 16:15:08.491353: val classification accuracy 0.5714
2026-01-04 16:15:08.494889: val auc 0.619
2026-01-04 16:15:08.498008: Epoch time: 54.78 s
2026-01-04 16:15:09.330006: 
2026-01-04 16:15:09.334110: Epoch 160
2026-01-04 16:15:09.337571: Current learning rate: 5e-05
2026-01-04 16:16:00.589375: train_loss 0.6309
2026-01-04 16:16:00.602259: val_loss 0.7785
2026-01-04 16:16:00.605291: val classification accuracy 0.4524
2026-01-04 16:16:00.608369: val auc 0.3957
2026-01-04 16:16:00.611058: Epoch time: 51.26 s
2026-01-04 16:16:01.386615: 
2026-01-04 16:16:01.390201: Epoch 161
2026-01-04 16:16:01.393167: Current learning rate: 5e-05
2026-01-04 16:16:47.516621: train_loss 0.6416
2026-01-04 16:16:47.522781: val_loss 0.6952
2026-01-04 16:16:47.526743: val classification accuracy 0.5238
2026-01-04 16:16:47.530055: val auc 0.4966
2026-01-04 16:16:47.533517: Epoch time: 46.13 s
2026-01-04 16:16:49.216257: 
2026-01-04 16:16:49.220097: Epoch 162
2026-01-04 16:16:49.223591: Current learning rate: 5e-05
2026-01-04 16:17:46.065258: train_loss 0.6368
2026-01-04 16:17:46.090683: val_loss 0.731
2026-01-04 16:17:46.095279: val classification accuracy 0.4762
2026-01-04 16:17:46.098870: val auc 0.441
2026-01-04 16:17:46.102305: Epoch time: 56.85 s
2026-01-04 16:17:46.943936: 
2026-01-04 16:17:46.947733: Epoch 163
2026-01-04 16:17:46.950454: Current learning rate: 5e-05
2026-01-04 16:18:40.982075: train_loss 0.6553
2026-01-04 16:18:40.987335: val_loss 0.7839
2026-01-04 16:18:40.990885: val classification accuracy 0.4762
2026-01-04 16:18:40.994006: val auc 0.4286
2026-01-04 16:18:40.997173: Epoch time: 54.04 s
2026-01-04 16:18:41.910868: 
2026-01-04 16:18:41.915618: Epoch 164
2026-01-04 16:18:41.918725: Current learning rate: 5e-05
2026-01-04 16:19:37.980948: train_loss 0.6415
2026-01-04 16:19:37.985733: val_loss 0.7558
2026-01-04 16:19:38.026628: val classification accuracy 0.5476
2026-01-04 16:19:38.032231: val auc 0.5329
2026-01-04 16:19:38.036520: Epoch time: 56.07 s
2026-01-04 16:19:38.925786: 
2026-01-04 16:19:38.930176: Epoch 165
2026-01-04 16:19:38.933402: Current learning rate: 5e-05
2026-01-04 16:20:34.480942: train_loss 0.6492
2026-01-04 16:20:34.486274: val_loss 0.6842
2026-01-04 16:20:34.489343: val classification accuracy 0.619
2026-01-04 16:20:34.492511: val auc 0.5828
2026-01-04 16:20:34.495375: Epoch time: 55.56 s
2026-01-04 16:20:35.459541: 
2026-01-04 16:20:35.463771: Epoch 166
2026-01-04 16:20:35.468611: Current learning rate: 5e-05
2026-01-04 16:21:27.164098: train_loss 0.6512
2026-01-04 16:21:27.201917: val_loss 0.7089
2026-01-04 16:21:27.218054: val classification accuracy 0.5952
2026-01-04 16:21:27.221531: val auc 0.5941
2026-01-04 16:21:27.224813: Epoch time: 51.71 s
2026-01-04 16:21:28.086215: 
2026-01-04 16:21:28.089711: Epoch 167
2026-01-04 16:21:28.092278: Current learning rate: 5e-05
2026-01-04 16:22:20.107182: train_loss 0.6465
2026-01-04 16:22:20.112636: val_loss 0.6479
2026-01-04 16:22:20.116238: val classification accuracy 0.619
2026-01-04 16:22:20.133253: val auc 0.6621
2026-01-04 16:22:20.138181: Epoch time: 52.02 s
2026-01-04 16:22:21.043256: 
2026-01-04 16:22:21.047273: Epoch 168
2026-01-04 16:22:21.050310: Current learning rate: 5e-05
2026-01-04 16:23:15.014370: train_loss 0.6293
2026-01-04 16:23:15.020635: val_loss 0.7129
2026-01-04 16:23:15.023898: val classification accuracy 0.6429
2026-01-04 16:23:15.027245: val auc 0.6508
2026-01-04 16:23:15.030907: Epoch time: 53.97 s
2026-01-04 16:23:15.862217: 
2026-01-04 16:23:15.866070: Epoch 169
2026-01-04 16:23:15.868912: Current learning rate: 5e-05
2026-01-04 16:24:06.951648: train_loss 0.651
2026-01-04 16:24:06.956357: val_loss 0.8027
2026-01-04 16:24:06.960110: val classification accuracy 0.3571
2026-01-04 16:24:06.965322: val auc 0.2834
2026-01-04 16:24:06.969212: Epoch time: 51.09 s
2026-01-04 16:24:07.869583: 
2026-01-04 16:24:07.873577: Epoch 170
2026-01-04 16:24:07.876802: Current learning rate: 5e-05
2026-01-04 16:25:00.861184: train_loss 0.6284
2026-01-04 16:25:00.870677: val_loss 0.6814
2026-01-04 16:25:00.874238: val classification accuracy 0.5476
2026-01-04 16:25:00.878508: val auc 0.6372
2026-01-04 16:25:00.882272: Epoch time: 52.99 s
2026-01-04 16:25:01.752529: 
2026-01-04 16:25:01.757749: Epoch 171
2026-01-04 16:25:01.760846: Current learning rate: 5e-05
2026-01-04 16:25:54.172743: train_loss 0.6535
2026-01-04 16:25:54.179692: val_loss 0.6838
2026-01-04 16:25:54.184051: val classification accuracy 0.5714
2026-01-04 16:25:54.188032: val auc 0.5578
2026-01-04 16:25:54.220243: Epoch time: 52.42 s
2026-01-04 16:25:55.123271: 
2026-01-04 16:25:55.127320: Epoch 172
2026-01-04 16:25:55.130388: Current learning rate: 5e-05
2026-01-04 16:26:48.072778: train_loss 0.6365
2026-01-04 16:26:48.077618: val_loss 0.7146
2026-01-04 16:26:48.080600: val classification accuracy 0.5
2026-01-04 16:26:48.083482: val auc 0.4819
2026-01-04 16:26:48.086372: Epoch time: 52.95 s
2026-01-04 16:26:49.004545: 
2026-01-04 16:26:49.009027: Epoch 173
2026-01-04 16:26:49.011988: Current learning rate: 5e-05
2026-01-04 16:27:44.858180: train_loss 0.6595
2026-01-04 16:27:44.863122: val_loss 0.7235
2026-01-04 16:27:44.866591: val classification accuracy 0.5238
2026-01-04 16:27:44.869914: val auc 0.5522
2026-01-04 16:27:44.887017: Epoch time: 55.85 s
2026-01-04 16:27:45.669325: 
2026-01-04 16:27:45.672788: Epoch 174
2026-01-04 16:27:45.675419: Current learning rate: 5e-05
2026-01-04 16:28:42.502589: train_loss 0.6613
2026-01-04 16:28:42.512991: val_loss 0.6863
2026-01-04 16:28:42.516838: val classification accuracy 0.5952
2026-01-04 16:28:42.569617: val auc 0.5329
2026-01-04 16:28:42.623214: Epoch time: 56.83 s
2026-01-04 16:28:43.542087: 
2026-01-04 16:28:43.546405: Epoch 175
2026-01-04 16:28:43.549705: Current learning rate: 5e-05
2026-01-04 16:29:37.202313: train_loss 0.6432
2026-01-04 16:29:37.207438: val_loss 0.6534
2026-01-04 16:29:37.210960: val classification accuracy 0.5714
2026-01-04 16:29:37.214567: val auc 0.6417
2026-01-04 16:29:37.217790: Epoch time: 53.66 s
2026-01-04 16:29:38.839081: 
2026-01-04 16:29:38.843154: Epoch 176
2026-01-04 16:29:38.846192: Current learning rate: 5e-05
2026-01-04 16:30:32.724381: train_loss 0.6525
2026-01-04 16:30:32.734377: val_loss 0.6901
2026-01-04 16:30:32.742951: val classification accuracy 0.5952
2026-01-04 16:30:32.747087: val auc 0.5646
2026-01-04 16:30:32.750871: Epoch time: 53.89 s
2026-01-04 16:30:33.594536: 
2026-01-04 16:30:33.598110: Epoch 177
2026-01-04 16:30:33.600725: Current learning rate: 4e-05
2026-01-04 16:31:27.504847: train_loss 0.6332
2026-01-04 16:31:27.577183: val_loss 0.6598
2026-01-04 16:31:27.583235: val classification accuracy 0.6667
2026-01-04 16:31:27.586763: val auc 0.6825
2026-01-04 16:31:27.590330: Epoch time: 53.91 s
2026-01-04 16:31:28.464729: 
2026-01-04 16:31:28.468685: Epoch 178
2026-01-04 16:31:28.472374: Current learning rate: 4e-05
2026-01-04 16:32:20.710101: train_loss 0.6117
2026-01-04 16:32:20.723221: val_loss 0.8062
2026-01-04 16:32:20.728422: val classification accuracy 0.4762
2026-01-04 16:32:20.732498: val auc 0.4887
2026-01-04 16:32:20.736140: Epoch time: 52.25 s
2026-01-04 16:32:21.736950: 
2026-01-04 16:32:21.740417: Epoch 179
2026-01-04 16:32:21.743250: Current learning rate: 4e-05
2026-01-04 16:33:20.506184: train_loss 0.6473
2026-01-04 16:33:20.513937: val_loss 0.7182
2026-01-04 16:33:20.521071: val classification accuracy 0.5238
2026-01-04 16:33:20.554775: val auc 0.5113
2026-01-04 16:33:20.559037: Epoch time: 58.77 s
2026-01-04 16:33:21.428495: 
2026-01-04 16:33:21.432443: Epoch 180
2026-01-04 16:33:21.436920: Current learning rate: 4e-05
2026-01-04 16:34:12.138817: train_loss 0.6291
2026-01-04 16:34:12.162106: val_loss 0.7095
2026-01-04 16:34:12.165961: val classification accuracy 0.5952
2026-01-04 16:34:12.169202: val auc 0.5329
2026-01-04 16:34:12.172405: Epoch time: 50.71 s
2026-01-04 16:34:13.078686: 
2026-01-04 16:34:13.082604: Epoch 181
2026-01-04 16:34:13.085696: Current learning rate: 4e-05
2026-01-04 16:35:03.021084: train_loss 0.6428
2026-01-04 16:35:03.027527: val_loss 0.708
2026-01-04 16:35:03.030702: val classification accuracy 0.5952
2026-01-04 16:35:03.033646: val auc 0.5714
2026-01-04 16:35:03.036437: Epoch time: 49.94 s
2026-01-04 16:35:03.833678: 
2026-01-04 16:35:03.837669: Epoch 182
2026-01-04 16:35:03.840809: Current learning rate: 4e-05
2026-01-04 16:36:01.355122: train_loss 0.6433
2026-01-04 16:36:01.368355: val_loss 0.6463
2026-01-04 16:36:01.372096: val classification accuracy 0.5
2026-01-04 16:36:01.375253: val auc 0.5964
2026-01-04 16:36:01.427818: Epoch time: 57.52 s
2026-01-04 16:36:02.382737: 
2026-01-04 16:36:02.386626: Epoch 183
2026-01-04 16:36:02.389470: Current learning rate: 4e-05
2026-01-04 16:36:56.596578: train_loss 0.646
2026-01-04 16:36:56.610587: val_loss 0.6886
2026-01-04 16:36:56.615645: val classification accuracy 0.5
2026-01-04 16:36:56.637262: val auc 0.5907
2026-01-04 16:36:56.647515: Epoch time: 54.21 s
2026-01-04 16:36:57.492690: 
2026-01-04 16:36:57.496150: Epoch 184
2026-01-04 16:36:57.498958: Current learning rate: 4e-05
2026-01-04 16:37:51.684029: train_loss 0.6457
2026-01-04 16:37:51.705717: val_loss 0.6924
2026-01-04 16:37:51.726886: val classification accuracy 0.5714
2026-01-04 16:37:51.731220: val auc 0.5771
2026-01-04 16:37:51.735360: Epoch time: 54.19 s
2026-01-04 16:37:52.564469: 
2026-01-04 16:37:52.568830: Epoch 185
2026-01-04 16:37:52.572796: Current learning rate: 4e-05
2026-01-04 16:38:46.221351: train_loss 0.6665
2026-01-04 16:38:46.235736: val_loss 0.7563
2026-01-04 16:38:46.251213: val classification accuracy 0.4762
2026-01-04 16:38:46.262173: val auc 0.4649
2026-01-04 16:38:46.270091: Epoch time: 53.66 s
2026-01-04 16:38:47.246786: 
2026-01-04 16:38:47.250520: Epoch 186
2026-01-04 16:38:47.253912: Current learning rate: 4e-05
2026-01-04 16:39:43.891839: train_loss 0.6149
2026-01-04 16:39:43.896532: val_loss 0.7147
2026-01-04 16:39:43.902777: val classification accuracy 0.5714
2026-01-04 16:39:43.906604: val auc 0.5782
2026-01-04 16:39:43.909846: Epoch time: 56.65 s
2026-01-04 16:39:44.910395: 
2026-01-04 16:39:44.913887: Epoch 187
2026-01-04 16:39:44.916617: Current learning rate: 4e-05
2026-01-04 16:40:40.831835: train_loss 0.6472
2026-01-04 16:40:40.838462: val_loss 0.7729
2026-01-04 16:40:40.842384: val classification accuracy 0.5
2026-01-04 16:40:40.846010: val auc 0.3186
2026-01-04 16:40:40.849757: Epoch time: 55.92 s
2026-01-04 16:40:41.785112: 
2026-01-04 16:40:41.789289: Epoch 188
2026-01-04 16:40:41.792533: Current learning rate: 4e-05
2026-01-04 16:41:35.732368: train_loss 0.6358
2026-01-04 16:41:35.738667: val_loss 0.6767
2026-01-04 16:41:35.747284: val classification accuracy 0.5714
2026-01-04 16:41:35.750550: val auc 0.6644
2026-01-04 16:41:35.753894: Epoch time: 53.95 s
2026-01-04 16:41:36.709988: 
2026-01-04 16:41:36.713675: Epoch 189
2026-01-04 16:41:36.717061: Current learning rate: 4e-05
2026-01-04 16:42:32.413258: train_loss 0.6308
2026-01-04 16:42:32.452925: val_loss 0.6235
2026-01-04 16:42:32.463059: val classification accuracy 0.7143
2026-01-04 16:42:32.467167: val auc 0.7256
2026-01-04 16:42:32.491506: Epoch time: 55.7 s
2026-01-04 16:42:34.119657: 
2026-01-04 16:42:34.123319: Epoch 190
2026-01-04 16:42:34.126578: Current learning rate: 4e-05
2026-01-04 16:43:32.696767: train_loss 0.6669
2026-01-04 16:43:32.704732: val_loss 0.6468
2026-01-04 16:43:32.708859: val classification accuracy 0.619
2026-01-04 16:43:32.712202: val auc 0.6383
2026-01-04 16:43:32.715342: Epoch time: 58.58 s
2026-01-04 16:43:33.544420: 
2026-01-04 16:43:33.547985: Epoch 191
2026-01-04 16:43:33.550734: Current learning rate: 4e-05
2026-01-04 16:44:29.761694: train_loss 0.6031
2026-01-04 16:44:29.773324: val_loss 0.7568
2026-01-04 16:44:29.777443: val classification accuracy 0.4762
2026-01-04 16:44:29.781246: val auc 0.483
2026-01-04 16:44:29.784765: Epoch time: 56.22 s
2026-01-04 16:44:30.733834: 
2026-01-04 16:44:30.740442: Epoch 192
2026-01-04 16:44:30.743508: Current learning rate: 4e-05
2026-01-04 16:45:26.943477: train_loss 0.6085
2026-01-04 16:45:26.976564: val_loss 0.7829
2026-01-04 16:45:26.980088: val classification accuracy 0.5
2026-01-04 16:45:26.983428: val auc 0.4717
2026-01-04 16:45:26.986825: Epoch time: 56.21 s
2026-01-04 16:45:27.857647: 
2026-01-04 16:45:27.861341: Epoch 193
2026-01-04 16:45:27.864138: Current learning rate: 4e-05
2026-01-04 16:46:27.033252: train_loss 0.6564
2026-01-04 16:46:27.052722: val_loss 0.7996
2026-01-04 16:46:27.064948: val classification accuracy 0.381
2026-01-04 16:46:27.097792: val auc 0.381
2026-01-04 16:46:27.111537: Epoch time: 59.18 s
2026-01-04 16:46:28.155414: 
2026-01-04 16:46:28.159474: Epoch 194
2026-01-04 16:46:28.162739: Current learning rate: 4e-05
2026-01-04 16:47:28.625238: train_loss 0.619
2026-01-04 16:47:28.631248: val_loss 0.7292
2026-01-04 16:47:28.635107: val classification accuracy 0.5476
2026-01-04 16:47:28.638849: val auc 0.4898
2026-01-04 16:47:28.642622: Epoch time: 60.47 s
2026-01-04 16:47:29.570676: 
2026-01-04 16:47:29.574787: Epoch 195
2026-01-04 16:47:29.578218: Current learning rate: 4e-05
2026-01-04 16:48:23.769014: train_loss 0.6298
2026-01-04 16:48:23.773816: val_loss 0.705
2026-01-04 16:48:23.784401: val classification accuracy 0.4524
2026-01-04 16:48:23.787765: val auc 0.551
2026-01-04 16:48:23.790973: Epoch time: 54.2 s
2026-01-04 16:48:24.644362: 
2026-01-04 16:48:24.648222: Epoch 196
2026-01-04 16:48:24.650949: Current learning rate: 4e-05
2026-01-04 16:49:14.226418: train_loss 0.6179
2026-01-04 16:49:14.234778: val_loss 0.6986
2026-01-04 16:49:14.238093: val classification accuracy 0.4762
2026-01-04 16:49:14.243955: val auc 0.6213
2026-01-04 16:49:14.260586: Epoch time: 49.58 s
2026-01-04 16:49:15.134377: 
2026-01-04 16:49:15.138881: Epoch 197
2026-01-04 16:49:15.141953: Current learning rate: 4e-05
2026-01-04 16:50:05.856307: train_loss 0.6719
2026-01-04 16:50:05.861977: val_loss 0.6615
2026-01-04 16:50:05.865607: val classification accuracy 0.6667
2026-01-04 16:50:05.868825: val auc 0.6542
2026-01-04 16:50:05.872211: Epoch time: 50.72 s
2026-01-04 16:50:06.782433: 
2026-01-04 16:50:06.785723: Epoch 198
2026-01-04 16:50:06.788298: Current learning rate: 4e-05
2026-01-04 16:51:04.252311: train_loss 0.6299
2026-01-04 16:51:04.269202: val_loss 0.6799
2026-01-04 16:51:04.280281: val classification accuracy 0.5476
2026-01-04 16:51:04.284787: val auc 0.6236
2026-01-04 16:51:04.288406: Epoch time: 57.47 s
2026-01-04 16:51:05.228644: 
2026-01-04 16:51:05.232791: Epoch 199
2026-01-04 16:51:05.236163: Current learning rate: 4e-05
2026-01-04 16:51:57.055402: train_loss 0.6188
2026-01-04 16:51:57.062020: val_loss 0.7153
2026-01-04 16:51:57.101428: val classification accuracy 0.5238
2026-01-04 16:51:57.107114: val auc 0.542
2026-01-04 16:51:57.110520: Epoch time: 51.83 s
2026-01-04 16:51:58.015299: 
2026-01-04 16:51:58.018837: Epoch 200
2026-01-04 16:51:58.022155: Current learning rate: 4e-05
2026-01-04 16:52:55.933282: train_loss 0.6741
2026-01-04 16:52:55.939268: val_loss 0.7288
2026-01-04 16:52:55.942968: val classification accuracy 0.5952
2026-01-04 16:52:55.946562: val auc 0.5442
2026-01-04 16:52:55.950430: Epoch time: 57.92 s
2026-01-04 16:52:56.910819: 
2026-01-04 16:52:56.915594: Epoch 201
2026-01-04 16:52:56.918820: Current learning rate: 4e-05
2026-01-04 16:53:54.333592: train_loss 0.6323
2026-01-04 16:53:54.369608: val_loss 0.6486
2026-01-04 16:53:54.372937: val classification accuracy 0.5952
2026-01-04 16:53:54.376541: val auc 0.6327
2026-01-04 16:53:54.379615: Epoch time: 57.42 s
2026-01-04 16:53:55.221138: 
2026-01-04 16:53:55.225251: Epoch 202
2026-01-04 16:53:55.228589: Current learning rate: 4e-05
2026-01-04 16:54:55.656265: train_loss 0.6387
2026-01-04 16:54:55.669500: val_loss 0.6421
2026-01-04 16:54:55.672666: val classification accuracy 0.6429
2026-01-04 16:54:55.675862: val auc 0.6939
2026-01-04 16:54:55.679060: Epoch time: 60.44 s
2026-01-04 16:54:56.634412: 
2026-01-04 16:54:56.637865: Epoch 203
2026-01-04 16:54:56.641324: Current learning rate: 4e-05
2026-01-04 16:55:49.263792: train_loss 0.678
2026-01-04 16:55:49.279715: val_loss 0.6027
2026-01-04 16:55:49.283454: val classification accuracy 0.6905
2026-01-04 16:55:49.287421: val auc 0.8095
2026-01-04 16:55:49.290962: Epoch time: 52.63 s
2026-01-04 16:55:50.188211: 
2026-01-04 16:55:50.192532: Epoch 204
2026-01-04 16:55:50.195906: Current learning rate: 4e-05
2026-01-04 16:56:42.854525: train_loss 0.6325
2026-01-04 16:56:42.860478: val_loss 0.7076
2026-01-04 16:56:42.864348: val classification accuracy 0.5
2026-01-04 16:56:42.868211: val auc 0.5306
2026-01-04 16:56:42.871291: Epoch time: 52.67 s
2026-01-04 16:56:43.726028: 
2026-01-04 16:56:43.729649: Epoch 205
2026-01-04 16:56:43.732440: Current learning rate: 4e-05
2026-01-04 16:57:37.124978: train_loss 0.6601
2026-01-04 16:57:37.132618: val_loss 0.6992
2026-01-04 16:57:37.148097: val classification accuracy 0.4524
2026-01-04 16:57:37.160471: val auc 0.4739
2026-01-04 16:57:37.163549: Epoch time: 53.4 s
2026-01-04 16:57:38.099117: 
2026-01-04 16:57:38.103066: Epoch 206
2026-01-04 16:57:38.106640: Current learning rate: 4e-05
2026-01-04 16:58:37.015450: train_loss 0.6239
2026-01-04 16:58:37.020646: val_loss 0.7499
2026-01-04 16:58:37.038905: val classification accuracy 0.4286
2026-01-04 16:58:37.050291: val auc 0.458
2026-01-04 16:58:37.053656: Epoch time: 58.92 s
2026-01-04 16:58:37.887764: 
2026-01-04 16:58:37.891102: Epoch 207
2026-01-04 16:58:37.893690: Current learning rate: 3e-05
2026-01-04 16:59:27.058889: train_loss 0.6063
2026-01-04 16:59:27.064137: val_loss 0.7506
2026-01-04 16:59:27.067612: val classification accuracy 0.4762
2026-01-04 16:59:27.070791: val auc 0.458
2026-01-04 16:59:27.073946: Epoch time: 49.17 s
2026-01-04 16:59:27.953442: 
2026-01-04 16:59:27.957247: Epoch 208
2026-01-04 16:59:27.960442: Current learning rate: 3e-05
2026-01-04 17:00:24.596979: train_loss 0.6421
2026-01-04 17:00:24.601852: val_loss 0.6263
2026-01-04 17:00:24.604993: val classification accuracy 0.5952
2026-01-04 17:00:24.608047: val auc 0.6871
2026-01-04 17:00:24.611076: Epoch time: 56.64 s
2026-01-04 17:00:25.542165: 
2026-01-04 17:00:25.545864: Epoch 209
2026-01-04 17:00:25.549042: Current learning rate: 3e-05
2026-01-04 17:01:18.952297: train_loss 0.634
2026-01-04 17:01:18.987234: val_loss 0.5959
2026-01-04 17:01:18.996534: val classification accuracy 0.6667
2026-01-04 17:01:18.999945: val auc 0.7506
2026-01-04 17:01:19.003547: Epoch time: 53.41 s
2026-01-04 17:01:19.835534: 
2026-01-04 17:01:19.839308: Epoch 210
2026-01-04 17:01:19.842070: Current learning rate: 3e-05
2026-01-04 17:02:14.901911: train_loss 0.6329
2026-01-04 17:02:14.916195: val_loss 0.7512
2026-01-04 17:02:14.921111: val classification accuracy 0.4524
2026-01-04 17:02:14.924779: val auc 0.4399
2026-01-04 17:02:14.928185: Epoch time: 55.07 s
2026-01-04 17:02:15.789514: 
2026-01-04 17:02:15.793396: Epoch 211
2026-01-04 17:02:15.799273: Current learning rate: 3e-05
2026-01-04 17:03:07.723312: train_loss 0.6268
2026-01-04 17:03:07.728291: val_loss 0.7257
2026-01-04 17:03:07.732030: val classification accuracy 0.5238
2026-01-04 17:03:07.735363: val auc 0.5113
2026-01-04 17:03:07.738854: Epoch time: 51.93 s
2026-01-04 17:03:08.653677: 
2026-01-04 17:03:08.657341: Epoch 212
2026-01-04 17:03:08.660089: Current learning rate: 3e-05
2026-01-04 17:04:04.331089: train_loss 0.6363
2026-01-04 17:04:04.338962: val_loss 0.7565
2026-01-04 17:04:04.343577: val classification accuracy 0.5952
2026-01-04 17:04:04.347224: val auc 0.5204
2026-01-04 17:04:04.350677: Epoch time: 55.68 s
2026-01-04 17:04:05.192950: 
2026-01-04 17:04:05.196866: Epoch 213
2026-01-04 17:04:05.199680: Current learning rate: 3e-05
2026-01-04 17:04:57.774983: train_loss 0.6386
2026-01-04 17:04:57.790845: val_loss 0.7891
2026-01-04 17:04:57.794495: val classification accuracy 0.4286
2026-01-04 17:04:57.798527: val auc 0.4399
2026-01-04 17:04:57.802330: Epoch time: 52.58 s
2026-01-04 17:04:58.688313: 
2026-01-04 17:04:58.692438: Epoch 214
2026-01-04 17:04:58.695721: Current learning rate: 3e-05
2026-01-04 17:05:52.521312: train_loss 0.6446
2026-01-04 17:05:52.527603: val_loss 0.6792
2026-01-04 17:05:52.531792: val classification accuracy 0.6667
2026-01-04 17:05:52.549686: val auc 0.5975
2026-01-04 17:05:52.553690: Epoch time: 53.83 s
2026-01-04 17:05:53.421562: 
2026-01-04 17:05:53.426747: Epoch 215
2026-01-04 17:05:53.430079: Current learning rate: 3e-05
2026-01-04 17:06:50.447958: train_loss 0.6066
2026-01-04 17:06:50.477626: val_loss 0.7475
2026-01-04 17:06:50.481439: val classification accuracy 0.5952
2026-01-04 17:06:50.485084: val auc 0.6009
2026-01-04 17:06:50.501158: Epoch time: 57.03 s
2026-01-04 17:06:51.472737: 
2026-01-04 17:06:51.476950: Epoch 216
2026-01-04 17:06:51.479943: Current learning rate: 3e-05
2026-01-04 17:07:44.657369: train_loss 0.6494
2026-01-04 17:07:44.681001: val_loss 0.6797
2026-01-04 17:07:44.685379: val classification accuracy 0.5238
2026-01-04 17:07:44.704989: val auc 0.6032
2026-01-04 17:07:44.708747: Epoch time: 53.19 s
2026-01-04 17:07:46.250248: 
2026-01-04 17:07:46.253997: Epoch 217
2026-01-04 17:07:46.257100: Current learning rate: 3e-05
2026-01-04 17:08:41.996255: train_loss 0.6235
2026-01-04 17:08:42.001154: val_loss 0.7117
2026-01-04 17:08:42.004847: val classification accuracy 0.5
2026-01-04 17:08:42.018053: val auc 0.5522
2026-01-04 17:08:42.021582: Epoch time: 55.75 s
2026-01-04 17:08:42.929204: 
2026-01-04 17:08:42.933347: Epoch 218
2026-01-04 17:08:42.936920: Current learning rate: 3e-05
2026-01-04 17:09:37.010381: train_loss 0.6485
2026-01-04 17:09:37.015447: val_loss 0.6466
2026-01-04 17:09:37.019132: val classification accuracy 0.6667
2026-01-04 17:09:37.022571: val auc 0.6621
2026-01-04 17:09:37.025989: Epoch time: 54.08 s
2026-01-04 17:09:37.858152: 
2026-01-04 17:09:37.862183: Epoch 219
2026-01-04 17:09:37.865321: Current learning rate: 3e-05
2026-01-04 17:10:37.051462: train_loss 0.6367
2026-01-04 17:10:37.056454: val_loss 0.6858
2026-01-04 17:10:37.061290: val classification accuracy 0.619
2026-01-04 17:10:37.078631: val auc 0.6077
2026-01-04 17:10:37.082579: Epoch time: 59.19 s
2026-01-04 17:10:42.812467: Saved periodic checkpoint /hpf/projects/jquon/sumin/nnUNet_data/nnUNet_results/Dataset033_AVM_T1+C/ViTTrainer_ep300_NoMirroring_x2__nnUNetResEncUNetLPlans__3d_fullres/fold_4/checkpoint_every20_best_balacc.pth at epoch 219 with val_balanced_accuracy=0.6190
2026-01-04 17:10:43.559261: 
2026-01-04 17:10:43.562994: Epoch 220
2026-01-04 17:10:43.565780: Current learning rate: 3e-05
2026-01-04 17:11:36.020537: train_loss 0.6044
2026-01-04 17:11:36.048862: val_loss 0.7307
2026-01-04 17:11:36.053237: val classification accuracy 0.4524
2026-01-04 17:11:36.057731: val auc 0.5782
2026-01-04 17:11:36.062199: Epoch time: 52.46 s
2026-01-04 17:11:36.927077: 
2026-01-04 17:11:36.933386: Epoch 221
2026-01-04 17:11:36.936753: Current learning rate: 3e-05
2026-01-04 17:12:31.364408: train_loss 0.6245
2026-01-04 17:12:31.374636: val_loss 0.7648
2026-01-04 17:12:31.378406: val classification accuracy 0.5238
2026-01-04 17:12:31.389011: val auc 0.4853
2026-01-04 17:12:31.392540: Epoch time: 54.44 s
2026-01-04 17:12:32.331615: 
2026-01-04 17:12:32.335290: Epoch 222
2026-01-04 17:12:32.338116: Current learning rate: 3e-05
2026-01-04 17:13:27.111145: train_loss 0.6336
2026-01-04 17:13:27.122695: val_loss 0.7477
2026-01-04 17:13:27.136619: val classification accuracy 0.4762
2026-01-04 17:13:27.139958: val auc 0.5442
2026-01-04 17:13:27.160180: Epoch time: 54.78 s
2026-01-04 17:13:28.030593: 
2026-01-04 17:13:28.034275: Epoch 223
2026-01-04 17:13:28.037534: Current learning rate: 3e-05
2026-01-04 17:14:25.525511: train_loss 0.6137
2026-01-04 17:14:25.550681: val_loss 0.7099
2026-01-04 17:14:25.555083: val classification accuracy 0.5238
2026-01-04 17:14:25.559152: val auc 0.5385
2026-01-04 17:14:25.563295: Epoch time: 57.5 s
2026-01-04 17:14:25.566696: Early stopping triggered at epoch 223. Best val_losses=0.5600
2026-01-04 17:14:26.410933: Stopping training early due to early stopping criterion.
2026-01-04 17:14:31.833609: Training done.
2026-01-04 17:14:31.906429: Skipping perform_actual_validation for classification trainer (segmentation-style sliding window is not applicable).
[1;34mwandb[0m: 
[1;34mwandb[0m:  View run [33mViTTrainer_ep300_NoMirroring_x2_fold4[0m at: [34m[0m
[1;34mwandb[0m: Find logs at: [1;35m../../tmp/wandb/wandb/run-20260104_134619-z9in1nyx/logs[0m
