Using device: cuda:0

#######################################################################
Please cite the following paper when using nnU-Net:
Isensee, F., Jaeger, P. F., Kohl, S. A., Petersen, J., & Maier-Hein, K. H. (2021). nnU-Net: a self-configuring method for deep learning-based biomedical image segmentation. Nature methods, 18(2), 203-211.
#######################################################################

2026-01-04 11:00:58.135845: Using torch.compile...
2026-01-04 11:01:04.174636: do_dummy_2d_data_aug: False
2026-01-04 11:01:04.179034: Using splits from existing split file: /hpf/projects/jquon/sumin/nnUNet_data/nnUNet_preprocessed/Dataset033_AVM_T1+C/splits_final.json
2026-01-04 11:01:04.182886: The split file contains 11 splits.
2026-01-04 11:01:04.184740: Desired fold for training: 2
2026-01-04 11:01:04.186409: This split has 465 training and 47 validation cases.
using pin_memory on device 0
using pin_memory on device 0

This is the configuration used by this training:
Configuration name: 3d_fullres
 {'data_identifier': 'nnUNetPlans_3d_fullres', 'preprocessor_name': 'DefaultPreprocessor', 'batch_size': 2, 'patch_size': [160, 224, 192], 'median_image_size_in_voxels': [344.0, 448.0, 429.0], 'spacing': [0.500000923871994, 0.4910714328289032, 0.4910714328289032], 'normalization_schemes': ['ZScoreNormalization'], 'use_mask_for_norm': [False], 'resampling_fn_data': 'resample_data_or_seg_to_shape', 'resampling_fn_seg': 'resample_data_or_seg_to_shape', 'resampling_fn_data_kwargs': {'is_seg': False, 'order': 3, 'order_z': 0, 'force_separate_z': None}, 'resampling_fn_seg_kwargs': {'is_seg': True, 'order': 1, 'order_z': 0, 'force_separate_z': None}, 'resampling_fn_probabilities': 'resample_data_or_seg_to_shape', 'resampling_fn_probabilities_kwargs': {'is_seg': False, 'order': 1, 'order_z': 0, 'force_separate_z': None}, 'architecture': {'network_class_name': 'dynamic_network_architectures.architectures.unet.ResidualEncoderUNet', 'arch_kwargs': {'n_stages': 6, 'features_per_stage': [32, 64, 128, 256, 320, 320], 'conv_op': 'torch.nn.modules.conv.Conv3d', 'kernel_sizes': [[3, 3, 3], [3, 3, 3], [3, 3, 3], [3, 3, 3], [3, 3, 3], [3, 3, 3]], 'strides': [[1, 1, 1], [2, 2, 2], [2, 2, 2], [2, 2, 2], [2, 2, 2], [2, 2, 2]], 'n_blocks_per_stage': [1, 3, 4, 6, 6, 6], 'n_conv_per_stage_decoder': [1, 1, 1, 1, 1], 'conv_bias': True, 'norm_op': 'torch.nn.modules.instancenorm.InstanceNorm3d', 'norm_op_kwargs': {'eps': 1e-05, 'affine': True}, 'dropout_op': None, 'dropout_op_kwargs': None, 'nonlin': 'torch.nn.LeakyReLU', 'nonlin_kwargs': {'inplace': True}}, '_kw_requires_import': ['conv_op', 'norm_op', 'dropout_op', 'nonlin']}, 'batch_dice': True} 

These are the global plan.json settings:
 {'dataset_name': 'Dataset033_AVM_T1+C', 'plans_name': 'nnUNetResEncUNetLPlans', 'original_median_spacing_after_transp': [0.500000923871994, 0.4910714328289032, 0.4910714328289032], 'original_median_shape_after_transp': [330, 448, 424], 'image_reader_writer': 'SimpleITKIO', 'transpose_forward': [0, 1, 2], 'transpose_backward': [0, 1, 2], 'experiment_planner_used': 'nnUNetPlannerResEncL', 'label_manager': 'LabelManager', 'foreground_intensity_properties_per_channel': {'0': {'max': 12113.0, 'mean': 449.843505859375, 'median': 311.0, 'min': 0.0, 'percentile_00_5': 34.0, 'percentile_99_5': 3202.0, 'std': 471.56329345703125}}} 

2026-01-04 11:01:06.770497: Unable to plot network architecture: nnUNet_compile is enabled!
2026-01-04 11:01:06.795816: 
2026-01-04 11:01:06.805463: Epoch 0
2026-01-04 11:01:06.807962: Current learning rate: 0.0001
2026-01-04 11:02:25.519371: train_loss 0.7438
2026-01-04 11:02:25.527475: val_loss 0.7386
2026-01-04 11:02:25.530627: val classification accuracy 0.4783
2026-01-04 11:02:25.536234: val auc 0.5066
2026-01-04 11:02:25.538299: Epoch time: 78.73 s
2026-01-04 11:02:25.540693: Yayy! New best EMA pseudo Dice: 0.5066
2026-01-04 11:02:30.767843: Yayy! New best classification accuracy: 0.4783
2026-01-04 11:02:35.897004: 
2026-01-04 11:02:35.900835: Epoch 1
2026-01-04 11:02:35.906024: Current learning rate: 0.0001
2026-01-04 11:03:34.789302: train_loss 0.7088
2026-01-04 11:03:34.812685: val_loss 0.6897
2026-01-04 11:03:34.846850: val classification accuracy 0.5652
2026-01-04 11:03:34.860130: val auc 0.5879
2026-01-04 11:03:34.869542: Epoch time: 58.89 s
2026-01-04 11:03:34.871722: Yayy! New best EMA pseudo Dice: 0.5879
2026-01-04 11:03:40.437646: Yayy! New best classification accuracy: 0.5652
2026-01-04 11:03:44.865648: 
2026-01-04 11:03:44.869223: Epoch 2
2026-01-04 11:03:44.871754: Current learning rate: 0.0001
2026-01-04 11:04:37.481004: train_loss 0.7065
2026-01-04 11:04:37.485206: val_loss 0.7071
2026-01-04 11:04:37.487712: val classification accuracy 0.5652
2026-01-04 11:04:37.489776: val auc 0.4943
2026-01-04 11:04:37.491627: Epoch time: 52.62 s
2026-01-04 11:04:38.329479: 
2026-01-04 11:04:38.332612: Epoch 3
2026-01-04 11:04:38.334468: Current learning rate: 0.0001
2026-01-04 11:05:33.794406: train_loss 0.6889
2026-01-04 11:05:33.807664: val_loss 0.6713
2026-01-04 11:05:33.811706: val classification accuracy 0.6304
2026-01-04 11:05:33.824365: val auc 0.6909
2026-01-04 11:05:33.827172: Epoch time: 55.47 s
2026-01-04 11:05:33.829009: Yayy! New best EMA pseudo Dice: 0.6909
2026-01-04 11:05:39.323232: Yayy! New best classification accuracy: 0.6304
2026-01-04 11:05:44.177051: 
2026-01-04 11:05:44.180073: Epoch 4
2026-01-04 11:05:44.182260: Current learning rate: 0.0001
2026-01-04 11:06:39.219450: train_loss 0.6834
2026-01-04 11:06:39.240515: val_loss 0.6943
2026-01-04 11:06:39.243739: val classification accuracy 0.5217
2026-01-04 11:06:39.246229: val auc 0.5198
2026-01-04 11:06:39.256514: Epoch time: 55.04 s
2026-01-04 11:06:40.177491: 
2026-01-04 11:06:40.180993: Epoch 5
2026-01-04 11:06:40.183372: Current learning rate: 0.0001
2026-01-04 11:07:36.758398: train_loss 0.7051
2026-01-04 11:07:36.775622: val_loss 0.663
2026-01-04 11:07:36.778338: val classification accuracy 0.6522
2026-01-04 11:07:36.780981: val auc 0.7193
2026-01-04 11:07:36.783696: Epoch time: 56.58 s
2026-01-04 11:07:36.793333: Yayy! New best EMA pseudo Dice: 0.7193
2026-01-04 11:07:42.390584: Yayy! New best classification accuracy: 0.6522
2026-01-04 11:07:46.792347: 
2026-01-04 11:07:46.795191: Epoch 6
2026-01-04 11:07:46.797464: Current learning rate: 0.0001
2026-01-04 11:08:35.826145: train_loss 0.6917
2026-01-04 11:08:35.830205: val_loss 0.6795
2026-01-04 11:08:35.873494: val classification accuracy 0.5435
2026-01-04 11:08:35.876603: val auc 0.5605
2026-01-04 11:08:35.880777: Epoch time: 49.03 s
2026-01-04 11:08:36.750769: 
2026-01-04 11:08:36.754051: Epoch 7
2026-01-04 11:08:36.756058: Current learning rate: 0.0001
2026-01-04 11:09:31.569832: train_loss 0.6875
2026-01-04 11:09:31.599748: val_loss 0.6603
2026-01-04 11:09:31.602395: val classification accuracy 0.6304
2026-01-04 11:09:31.605078: val auc 0.6692
2026-01-04 11:09:31.619331: Epoch time: 54.82 s
2026-01-04 11:09:32.498218: 
2026-01-04 11:09:32.501664: Epoch 8
2026-01-04 11:09:32.503923: Current learning rate: 0.0001
2026-01-04 11:10:28.521165: train_loss 0.6914
2026-01-04 11:10:28.539861: val_loss 0.6469
2026-01-04 11:10:28.542027: val classification accuracy 0.6087
2026-01-04 11:10:28.548022: val auc 0.7108
2026-01-04 11:10:28.550638: Epoch time: 56.02 s
2026-01-04 11:10:29.415230: 
2026-01-04 11:10:29.418168: Epoch 9
2026-01-04 11:10:29.420086: Current learning rate: 0.0001
2026-01-04 11:11:23.976835: train_loss 0.695
2026-01-04 11:11:23.981859: val_loss 0.6813
2026-01-04 11:11:23.984603: val classification accuracy 0.6739
2026-01-04 11:11:23.987340: val auc 0.6078
2026-01-04 11:11:23.989933: Epoch time: 54.56 s
2026-01-04 11:11:23.992554: Yayy! New best classification accuracy: 0.6739
2026-01-04 11:11:30.451706: 
2026-01-04 11:11:30.454816: Epoch 10
2026-01-04 11:11:30.456956: Current learning rate: 0.0001
2026-01-04 11:12:24.057384: train_loss 0.6883
2026-01-04 11:12:24.062829: val_loss 0.6723
2026-01-04 11:12:24.065590: val classification accuracy 0.5652
2026-01-04 11:12:24.068236: val auc 0.6824
2026-01-04 11:12:24.070404: Epoch time: 53.61 s
2026-01-04 11:12:24.941814: 
2026-01-04 11:12:24.945558: Epoch 11
2026-01-04 11:12:24.948011: Current learning rate: 0.0001
2026-01-04 11:13:20.654232: train_loss 0.6746
2026-01-04 11:13:20.670192: val_loss 0.6856
2026-01-04 11:13:20.678555: val classification accuracy 0.4783
2026-01-04 11:13:20.685899: val auc 0.5539
2026-01-04 11:13:20.688762: Epoch time: 55.71 s
2026-01-04 11:13:21.564167: 
2026-01-04 11:13:21.567612: Epoch 12
2026-01-04 11:13:21.570328: Current learning rate: 0.0001
2026-01-04 11:14:17.408716: train_loss 0.701
2026-01-04 11:14:17.414447: val_loss 0.671
2026-01-04 11:14:17.418198: val classification accuracy 0.5652
2026-01-04 11:14:17.421310: val auc 0.6276
2026-01-04 11:14:17.424050: Epoch time: 55.85 s
2026-01-04 11:14:18.224796: 
2026-01-04 11:14:18.229209: Epoch 13
2026-01-04 11:14:18.231860: Current learning rate: 0.0001
2026-01-04 11:15:10.250547: train_loss 0.7026
2026-01-04 11:15:10.274891: val_loss 0.6706
2026-01-04 11:15:10.292562: val classification accuracy 0.6522
2026-01-04 11:15:10.297116: val auc 0.6909
2026-01-04 11:15:10.300468: Epoch time: 52.03 s
2026-01-04 11:15:11.176149: 
2026-01-04 11:15:11.179921: Epoch 14
2026-01-04 11:15:11.182601: Current learning rate: 0.0001
2026-01-04 11:16:08.334167: train_loss 0.6847
2026-01-04 11:16:08.338583: val_loss 0.6725
2026-01-04 11:16:08.341510: val classification accuracy 0.6304
2026-01-04 11:16:08.344324: val auc 0.6503
2026-01-04 11:16:08.347125: Epoch time: 57.16 s
2026-01-04 11:16:09.868510: 
2026-01-04 11:16:09.872026: Epoch 15
2026-01-04 11:16:09.874559: Current learning rate: 0.0001
2026-01-04 11:17:00.337947: train_loss 0.6902
2026-01-04 11:17:00.352006: val_loss 0.6365
2026-01-04 11:17:00.355620: val classification accuracy 0.6739
2026-01-04 11:17:00.377818: val auc 0.8147
2026-01-04 11:17:00.388093: Epoch time: 50.47 s
2026-01-04 11:17:00.391559: Yayy! New best EMA pseudo Dice: 0.8147
2026-01-04 11:17:06.576135: 
2026-01-04 11:17:06.579768: Epoch 16
2026-01-04 11:17:06.582187: Current learning rate: 0.0001
2026-01-04 11:18:04.091902: train_loss 0.6781
2026-01-04 11:18:04.111300: val_loss 0.6679
2026-01-04 11:18:04.114703: val classification accuracy 0.6087
2026-01-04 11:18:04.119196: val auc 0.6333
2026-01-04 11:18:04.150510: Epoch time: 57.52 s
2026-01-04 11:18:05.023064: 
2026-01-04 11:18:05.026975: Epoch 17
2026-01-04 11:18:05.029591: Current learning rate: 9e-05
2026-01-04 11:18:56.907931: train_loss 0.6956
2026-01-04 11:18:56.912535: val_loss 0.6982
2026-01-04 11:18:56.915718: val classification accuracy 0.5217
2026-01-04 11:18:56.918627: val auc 0.5378
2026-01-04 11:18:56.921805: Epoch time: 51.89 s
2026-01-04 11:18:57.767697: 
2026-01-04 11:18:57.771471: Epoch 18
2026-01-04 11:18:57.774639: Current learning rate: 9e-05
2026-01-04 11:19:51.263573: train_loss 0.683
2026-01-04 11:19:51.271908: val_loss 0.71
2026-01-04 11:19:51.281739: val classification accuracy 0.4783
2026-01-04 11:19:51.285093: val auc 0.483
2026-01-04 11:19:51.288286: Epoch time: 53.5 s
2026-01-04 11:19:52.142727: 
2026-01-04 11:19:52.146475: Epoch 19
2026-01-04 11:19:52.149325: Current learning rate: 9e-05
2026-01-04 11:20:46.822296: train_loss 0.6735
2026-01-04 11:20:46.828948: val_loss 0.6549
2026-01-04 11:20:46.831932: val classification accuracy 0.7174
2026-01-04 11:20:46.834787: val auc 0.6692
2026-01-04 11:20:46.837630: Epoch time: 54.68 s
2026-01-04 11:20:52.208406: Saved periodic checkpoint /hpf/projects/jquon/sumin/nnUNet_data/nnUNet_results/Dataset033_AVM_T1+C/ViTTrainer_ep300_NoMirroring_x2__nnUNetResEncUNetLPlans__3d_fullres/fold_2/checkpoint_every20_best_balacc.pth at epoch 19 with val_balanced_accuracy=0.7174
2026-01-04 11:20:55.681842: Saved periodic checkpoint /hpf/projects/jquon/sumin/nnUNet_data/nnUNet_results/Dataset033_AVM_T1+C/ViTTrainer_ep300_NoMirroring_x2__nnUNetResEncUNetLPlans__3d_fullres/fold_2/checkpoint_every20_best_auroc.pth at epoch 19 with val_auc=0.6692
2026-01-04 11:20:55.685171: Yayy! New best classification accuracy: 0.7174
2026-01-04 11:21:01.772774: 
2026-01-04 11:21:01.776735: Epoch 20
2026-01-04 11:21:01.783000: Current learning rate: 9e-05
2026-01-04 11:21:53.854266: train_loss 0.6882
2026-01-04 11:21:53.860473: val_loss 0.6456
2026-01-04 11:21:53.863628: val classification accuracy 0.6522
2026-01-04 11:21:53.866556: val auc 0.6805
2026-01-04 11:21:53.869759: Epoch time: 52.08 s
2026-01-04 11:21:54.749768: 
2026-01-04 11:21:54.753321: Epoch 21
2026-01-04 11:21:54.755775: Current learning rate: 9e-05
2026-01-04 11:22:46.198683: train_loss 0.683
2026-01-04 11:22:46.203124: val_loss 0.6319
2026-01-04 11:22:46.216089: val classification accuracy 0.6304
2026-01-04 11:22:46.219150: val auc 0.6503
2026-01-04 11:22:46.222279: Epoch time: 51.45 s
2026-01-04 11:22:47.128065: 
2026-01-04 11:22:47.132108: Epoch 22
2026-01-04 11:22:47.137712: Current learning rate: 9e-05
2026-01-04 11:23:39.322464: train_loss 0.6906
2026-01-04 11:23:39.327662: val_loss 0.6909
2026-01-04 11:23:39.341667: val classification accuracy 0.5
2026-01-04 11:23:39.344955: val auc 0.569
2026-01-04 11:23:39.348020: Epoch time: 52.2 s
2026-01-04 11:23:40.156722: 
2026-01-04 11:23:40.160619: Epoch 23
2026-01-04 11:23:40.163502: Current learning rate: 9e-05
2026-01-04 11:24:32.852155: train_loss 0.6743
2026-01-04 11:24:32.859273: val_loss 0.637
2026-01-04 11:24:32.863754: val classification accuracy 0.6522
2026-01-04 11:24:32.882252: val auc 0.7476
2026-01-04 11:24:32.885594: Epoch time: 52.7 s
2026-01-04 11:24:33.714775: 
2026-01-04 11:24:33.718413: Epoch 24
2026-01-04 11:24:33.721111: Current learning rate: 9e-05
2026-01-04 11:25:29.183293: train_loss 0.7019
2026-01-04 11:25:29.241758: val_loss 0.6479
2026-01-04 11:25:29.253070: val classification accuracy 0.5652
2026-01-04 11:25:29.256418: val auc 0.6323
2026-01-04 11:25:29.259674: Epoch time: 55.47 s
2026-01-04 11:25:30.178283: 
2026-01-04 11:25:30.182368: Epoch 25
2026-01-04 11:25:30.185044: Current learning rate: 9e-05
2026-01-04 11:26:22.494610: train_loss 0.6856
2026-01-04 11:26:22.512778: val_loss 0.686
2026-01-04 11:26:22.516752: val classification accuracy 0.5217
2026-01-04 11:26:22.522160: val auc 0.4707
2026-01-04 11:26:22.525363: Epoch time: 52.32 s
2026-01-04 11:26:23.463667: 
2026-01-04 11:26:23.467289: Epoch 26
2026-01-04 11:26:23.470005: Current learning rate: 9e-05
2026-01-04 11:27:16.683038: train_loss 0.6859
2026-01-04 11:27:16.691401: val_loss 0.6744
2026-01-04 11:27:16.697897: val classification accuracy 0.587
2026-01-04 11:27:16.700913: val auc 0.6267
2026-01-04 11:27:16.704162: Epoch time: 53.22 s
2026-01-04 11:27:17.607392: 
2026-01-04 11:27:17.611216: Epoch 27
2026-01-04 11:27:17.614002: Current learning rate: 9e-05
2026-01-04 11:28:11.012902: train_loss 0.6629
2026-01-04 11:28:11.021506: val_loss 0.6674
2026-01-04 11:28:11.025543: val classification accuracy 0.5435
2026-01-04 11:28:11.029057: val auc 0.5595
2026-01-04 11:28:11.032506: Epoch time: 53.41 s
2026-01-04 11:28:11.885580: 
2026-01-04 11:28:11.889554: Epoch 28
2026-01-04 11:28:11.892370: Current learning rate: 9e-05
2026-01-04 11:29:07.633575: train_loss 0.6782
2026-01-04 11:29:07.639689: val_loss 0.707
2026-01-04 11:29:07.642682: val classification accuracy 0.5217
2026-01-04 11:29:07.645388: val auc 0.517
2026-01-04 11:29:07.648079: Epoch time: 55.75 s
2026-01-04 11:29:08.564151: 
2026-01-04 11:29:08.568095: Epoch 29
2026-01-04 11:29:08.570762: Current learning rate: 9e-05
2026-01-04 11:30:04.312913: train_loss 0.6775
2026-01-04 11:30:04.337089: val_loss 0.6358
2026-01-04 11:30:04.342124: val classification accuracy 0.6957
2026-01-04 11:30:04.346046: val auc 0.7561
2026-01-04 11:30:04.356589: Epoch time: 55.75 s
2026-01-04 11:30:05.241307: 
2026-01-04 11:30:05.245407: Epoch 30
2026-01-04 11:30:05.248385: Current learning rate: 9e-05
2026-01-04 11:30:56.216014: train_loss 0.6702
2026-01-04 11:30:56.241431: val_loss 0.7178
2026-01-04 11:30:56.255105: val classification accuracy 0.413
2026-01-04 11:30:56.257932: val auc 0.3932
2026-01-04 11:30:56.261234: Epoch time: 50.98 s
2026-01-04 11:30:57.175104: 
2026-01-04 11:30:57.180129: Epoch 31
2026-01-04 11:30:57.183519: Current learning rate: 9e-05
2026-01-04 11:31:53.609194: train_loss 0.6539
2026-01-04 11:31:53.614798: val_loss 0.6597
2026-01-04 11:31:53.636917: val classification accuracy 0.587
2026-01-04 11:31:53.663342: val auc 0.655
2026-01-04 11:31:53.670629: Epoch time: 56.44 s
2026-01-04 11:31:54.656793: 
2026-01-04 11:31:54.660434: Epoch 32
2026-01-04 11:31:54.662962: Current learning rate: 9e-05
2026-01-04 11:32:49.987596: train_loss 0.6921
2026-01-04 11:32:49.994618: val_loss 0.6623
2026-01-04 11:32:49.997963: val classification accuracy 0.6739
2026-01-04 11:32:50.000985: val auc 0.6219
2026-01-04 11:32:50.004329: Epoch time: 55.33 s
2026-01-04 11:32:50.870284: 
2026-01-04 11:32:50.874865: Epoch 33
2026-01-04 11:32:50.878231: Current learning rate: 9e-05
2026-01-04 11:33:43.432016: train_loss 0.6885
2026-01-04 11:33:43.467248: val_loss 0.6119
2026-01-04 11:33:43.471019: val classification accuracy 0.7391
2026-01-04 11:33:43.487835: val auc 0.8195
2026-01-04 11:33:43.491559: Epoch time: 52.56 s
2026-01-04 11:33:43.494324: Yayy! New best EMA pseudo Dice: 0.8195
2026-01-04 11:33:49.307318: Yayy! New best classification accuracy: 0.7391
2026-01-04 11:33:55.131147: 
2026-01-04 11:33:55.134858: Epoch 34
2026-01-04 11:33:55.137638: Current learning rate: 9e-05
2026-01-04 11:34:47.970253: train_loss 0.6726
2026-01-04 11:34:47.975308: val_loss 0.6444
2026-01-04 11:34:47.978706: val classification accuracy 0.6522
2026-01-04 11:34:47.981999: val auc 0.7089
2026-01-04 11:34:47.985454: Epoch time: 52.84 s
2026-01-04 11:34:48.794934: 
2026-01-04 11:34:48.799715: Epoch 35
2026-01-04 11:34:48.802962: Current learning rate: 9e-05
2026-01-04 11:35:45.559375: train_loss 0.6815
2026-01-04 11:35:45.564260: val_loss 0.6848
2026-01-04 11:35:45.567427: val classification accuracy 0.6304
2026-01-04 11:35:45.570764: val auc 0.5898
2026-01-04 11:35:45.574975: Epoch time: 56.77 s
2026-01-04 11:35:46.414249: 
2026-01-04 11:35:46.417572: Epoch 36
2026-01-04 11:35:46.420099: Current learning rate: 9e-05
2026-01-04 11:36:43.148992: train_loss 0.6827
2026-01-04 11:36:43.164053: val_loss 0.7028
2026-01-04 11:36:43.190898: val classification accuracy 0.5217
2026-01-04 11:36:43.196278: val auc 0.5406
2026-01-04 11:36:43.200351: Epoch time: 56.74 s
2026-01-04 11:36:44.060987: 
2026-01-04 11:36:44.064572: Epoch 37
2026-01-04 11:36:44.067062: Current learning rate: 9e-05
2026-01-04 11:37:39.387731: train_loss 0.6486
2026-01-04 11:37:39.432475: val_loss 0.6077
2026-01-04 11:37:39.436814: val classification accuracy 0.6522
2026-01-04 11:37:39.439506: val auc 0.7164
2026-01-04 11:37:39.442346: Epoch time: 55.33 s
2026-01-04 11:37:40.204676: 
2026-01-04 11:37:40.207950: Epoch 38
2026-01-04 11:37:40.210728: Current learning rate: 9e-05
2026-01-04 11:38:30.854385: train_loss 0.691
2026-01-04 11:38:30.858853: val_loss 0.6774
2026-01-04 11:38:30.861767: val classification accuracy 0.6304
2026-01-04 11:38:30.865484: val auc 0.6238
2026-01-04 11:38:30.868843: Epoch time: 50.65 s
2026-01-04 11:38:31.806062: 
2026-01-04 11:38:31.809979: Epoch 39
2026-01-04 11:38:31.812503: Current learning rate: 9e-05
2026-01-04 11:39:29.498989: train_loss 0.6679
2026-01-04 11:39:29.506658: val_loss 0.7029
2026-01-04 11:39:29.509506: val classification accuracy 0.5652
2026-01-04 11:39:29.512312: val auc 0.5236
2026-01-04 11:39:29.515100: Epoch time: 57.69 s
2026-01-04 11:39:30.471641: 
2026-01-04 11:39:30.475066: Epoch 40
2026-01-04 11:39:30.477684: Current learning rate: 9e-05
2026-01-04 11:40:21.999123: train_loss 0.6891
2026-01-04 11:40:22.013095: val_loss 0.6639
2026-01-04 11:40:22.023015: val classification accuracy 0.6087
2026-01-04 11:40:22.026543: val auc 0.7297
2026-01-04 11:40:22.030700: Epoch time: 51.53 s
2026-01-04 11:40:23.664231: 
2026-01-04 11:40:23.667679: Epoch 41
2026-01-04 11:40:23.670325: Current learning rate: 9e-05
2026-01-04 11:41:16.366329: train_loss 0.6809
2026-01-04 11:41:16.381574: val_loss 0.6666
2026-01-04 11:41:16.391627: val classification accuracy 0.6304
2026-01-04 11:41:16.395184: val auc 0.6219
2026-01-04 11:41:16.397909: Epoch time: 52.7 s
2026-01-04 11:41:17.313844: 
2026-01-04 11:41:17.317444: Epoch 42
2026-01-04 11:41:17.319996: Current learning rate: 9e-05
2026-01-04 11:42:11.159542: train_loss 0.6884
2026-01-04 11:42:11.167635: val_loss 0.6397
2026-01-04 11:42:11.171578: val classification accuracy 0.7826
2026-01-04 11:42:11.175246: val auc 0.7344
2026-01-04 11:42:11.178812: Epoch time: 53.85 s
2026-01-04 11:42:11.182001: Yayy! New best classification accuracy: 0.7826
2026-01-04 11:42:17.734789: 
2026-01-04 11:42:17.738494: Epoch 43
2026-01-04 11:42:17.740975: Current learning rate: 9e-05
2026-01-04 11:43:06.080927: train_loss 0.6737
2026-01-04 11:43:06.086092: val_loss 0.6398
2026-01-04 11:43:06.089734: val classification accuracy 0.587
2026-01-04 11:43:06.093160: val auc 0.7864
2026-01-04 11:43:06.096411: Epoch time: 48.35 s
2026-01-04 11:43:06.933038: 
2026-01-04 11:43:06.937989: Epoch 44
2026-01-04 11:43:06.941628: Current learning rate: 9e-05
2026-01-04 11:44:00.557772: train_loss 0.6867
2026-01-04 11:44:00.580491: val_loss 0.6827
2026-01-04 11:44:00.619485: val classification accuracy 0.587
2026-01-04 11:44:00.659770: val auc 0.5482
2026-01-04 11:44:00.662975: Epoch time: 53.63 s
2026-01-04 11:44:01.564909: 
2026-01-04 11:44:01.568567: Epoch 45
2026-01-04 11:44:01.571336: Current learning rate: 9e-05
2026-01-04 11:44:55.111850: train_loss 0.6798
2026-01-04 11:44:55.118307: val_loss 0.6987
2026-01-04 11:44:55.122146: val classification accuracy 0.4783
2026-01-04 11:44:55.125765: val auc 0.5132
2026-01-04 11:44:55.128980: Epoch time: 53.55 s
2026-01-04 11:44:56.045746: 
2026-01-04 11:44:56.049677: Epoch 46
2026-01-04 11:44:56.052587: Current learning rate: 9e-05
2026-01-04 11:45:46.107123: train_loss 0.6901
2026-01-04 11:45:46.121135: val_loss 0.6657
2026-01-04 11:45:46.136630: val classification accuracy 0.6957
2026-01-04 11:45:46.139844: val auc 0.6635
2026-01-04 11:45:46.143343: Epoch time: 50.06 s
2026-01-04 11:45:46.942042: 
2026-01-04 11:45:46.945486: Epoch 47
2026-01-04 11:45:46.948757: Current learning rate: 9e-05
2026-01-04 11:46:42.283285: train_loss 0.6781
2026-01-04 11:46:42.312515: val_loss 0.7059
2026-01-04 11:46:42.315894: val classification accuracy 0.5435
2026-01-04 11:46:42.318842: val auc 0.4565
2026-01-04 11:46:42.321693: Epoch time: 55.34 s
2026-01-04 11:46:43.232290: 
2026-01-04 11:46:43.235727: Epoch 48
2026-01-04 11:46:43.238298: Current learning rate: 9e-05
2026-01-04 11:47:35.984195: train_loss 0.6838
2026-01-04 11:47:36.012439: val_loss 0.674
2026-01-04 11:47:36.016489: val classification accuracy 0.5652
2026-01-04 11:47:36.019922: val auc 0.6862
2026-01-04 11:47:36.023140: Epoch time: 52.75 s
2026-01-04 11:47:36.814811: 
2026-01-04 11:47:36.818292: Epoch 49
2026-01-04 11:47:36.821069: Current learning rate: 9e-05
2026-01-04 11:48:35.035660: train_loss 0.6807
2026-01-04 11:48:35.042670: val_loss 0.6421
2026-01-04 11:48:35.045756: val classification accuracy 0.587
2026-01-04 11:48:35.049798: val auc 0.844
2026-01-04 11:48:35.052615: Epoch time: 58.22 s
2026-01-04 11:48:35.055234: Yayy! New best EMA pseudo Dice: 0.844
2026-01-04 11:48:41.378034: 
2026-01-04 11:48:41.381376: Epoch 50
2026-01-04 11:48:41.383972: Current learning rate: 8e-05
2026-01-04 11:49:34.927480: train_loss 0.6874
2026-01-04 11:49:34.932641: val_loss 0.6632
2026-01-04 11:49:34.949058: val classification accuracy 0.587
2026-01-04 11:49:34.952835: val auc 0.7231
2026-01-04 11:49:34.957429: Epoch time: 53.55 s
2026-01-04 11:49:35.846662: 
2026-01-04 11:49:35.850566: Epoch 51
2026-01-04 11:49:35.853141: Current learning rate: 8e-05
2026-01-04 11:50:29.041585: train_loss 0.6764
2026-01-04 11:50:29.046993: val_loss 0.6523
2026-01-04 11:50:29.050481: val classification accuracy 0.7391
2026-01-04 11:50:29.061640: val auc 0.656
2026-01-04 11:50:29.065401: Epoch time: 53.2 s
2026-01-04 11:50:29.936776: 
2026-01-04 11:50:29.940195: Epoch 52
2026-01-04 11:50:29.942858: Current learning rate: 8e-05
2026-01-04 11:51:21.041666: train_loss 0.6684
2026-01-04 11:51:21.079849: val_loss 0.6443
2026-01-04 11:51:21.099161: val classification accuracy 0.7174
2026-01-04 11:51:21.119952: val auc 0.706
2026-01-04 11:51:21.131684: Epoch time: 51.11 s
2026-01-04 11:51:21.962418: 
2026-01-04 11:51:21.967125: Epoch 53
2026-01-04 11:51:21.970071: Current learning rate: 8e-05
2026-01-04 11:52:17.152081: train_loss 0.6759
2026-01-04 11:52:17.184494: val_loss 0.6671
2026-01-04 11:52:17.188681: val classification accuracy 0.5217
2026-01-04 11:52:17.211794: val auc 0.6484
2026-01-04 11:52:17.233037: Epoch time: 55.19 s
2026-01-04 11:52:18.933280: 
2026-01-04 11:52:18.936950: Epoch 54
2026-01-04 11:52:18.939728: Current learning rate: 8e-05
2026-01-04 11:53:09.803673: train_loss 0.6751
2026-01-04 11:53:09.808632: val_loss 0.7044
2026-01-04 11:53:09.813023: val classification accuracy 0.5217
2026-01-04 11:53:09.816311: val auc 0.5605
2026-01-04 11:53:09.819630: Epoch time: 50.87 s
2026-01-04 11:53:10.670415: 
2026-01-04 11:53:10.674440: Epoch 55
2026-01-04 11:53:10.677152: Current learning rate: 8e-05
2026-01-04 11:54:02.072365: train_loss 0.6715
2026-01-04 11:54:02.077009: val_loss 0.6911
2026-01-04 11:54:02.098810: val classification accuracy 0.587
2026-01-04 11:54:02.103106: val auc 0.5841
2026-01-04 11:54:02.146381: Epoch time: 51.4 s
2026-01-04 11:54:03.045221: 
2026-01-04 11:54:03.048761: Epoch 56
2026-01-04 11:54:03.051431: Current learning rate: 8e-05
2026-01-04 11:54:57.936172: train_loss 0.6717
2026-01-04 11:54:57.962838: val_loss 0.6555
2026-01-04 11:54:57.966121: val classification accuracy 0.6087
2026-01-04 11:54:57.974683: val auc 0.6352
2026-01-04 11:54:57.978211: Epoch time: 54.89 s
2026-01-04 11:54:58.827887: 
2026-01-04 11:54:58.832048: Epoch 57
2026-01-04 11:54:58.834842: Current learning rate: 8e-05
2026-01-04 11:55:51.801761: train_loss 0.6802
2026-01-04 11:55:51.818184: val_loss 0.6342
2026-01-04 11:55:51.821160: val classification accuracy 0.7826
2026-01-04 11:55:51.824615: val auc 0.8025
2026-01-04 11:55:51.827348: Epoch time: 52.97 s
2026-01-04 11:55:52.691164: 
2026-01-04 11:55:52.694808: Epoch 58
2026-01-04 11:55:52.697567: Current learning rate: 8e-05
2026-01-04 11:56:50.758934: train_loss 0.6666
2026-01-04 11:56:50.773861: val_loss 0.6763
2026-01-04 11:56:50.777466: val classification accuracy 0.6304
2026-01-04 11:56:50.780727: val auc 0.6446
2026-01-04 11:56:50.783602: Epoch time: 58.07 s
2026-01-04 11:56:51.692110: 
2026-01-04 11:56:51.695940: Epoch 59
2026-01-04 11:56:51.699023: Current learning rate: 8e-05
2026-01-04 11:57:42.370894: train_loss 0.6647
2026-01-04 11:57:42.394932: val_loss 0.649
2026-01-04 11:57:42.398417: val classification accuracy 0.6739
2026-01-04 11:57:42.405182: val auc 0.6578
2026-01-04 11:57:42.408101: Epoch time: 50.68 s
2026-01-04 11:57:43.192075: 
2026-01-04 11:57:43.196106: Epoch 60
2026-01-04 11:57:43.199105: Current learning rate: 8e-05
2026-01-04 11:58:34.035102: train_loss 0.7008
2026-01-04 11:58:34.040454: val_loss 0.6268
2026-01-04 11:58:34.043607: val classification accuracy 0.6087
2026-01-04 11:58:34.046299: val auc 0.7543
2026-01-04 11:58:34.049452: Epoch time: 50.84 s
2026-01-04 11:58:34.926889: 
2026-01-04 11:58:34.930739: Epoch 61
2026-01-04 11:58:34.933417: Current learning rate: 8e-05
2026-01-04 11:59:32.037707: train_loss 0.6684
2026-01-04 11:59:32.055266: val_loss 0.6718
2026-01-04 11:59:32.062790: val classification accuracy 0.6087
2026-01-04 11:59:32.066057: val auc 0.6248
2026-01-04 11:59:32.069612: Epoch time: 57.11 s
2026-01-04 11:59:32.879481: 
2026-01-04 11:59:32.882869: Epoch 62
2026-01-04 11:59:32.885610: Current learning rate: 8e-05
2026-01-04 12:00:27.695795: train_loss 0.6608
2026-01-04 12:00:27.700511: val_loss 0.7079
2026-01-04 12:00:27.703473: val classification accuracy 0.5217
2026-01-04 12:00:27.706309: val auc 0.4972
2026-01-04 12:00:27.709072: Epoch time: 54.82 s
2026-01-04 12:00:28.554591: 
2026-01-04 12:00:28.558764: Epoch 63
2026-01-04 12:00:28.561746: Current learning rate: 8e-05
2026-01-04 12:01:18.820832: train_loss 0.6642
2026-01-04 12:01:18.826427: val_loss 0.6702
2026-01-04 12:01:18.830024: val classification accuracy 0.5652
2026-01-04 12:01:18.833132: val auc 0.6181
2026-01-04 12:01:18.841287: Epoch time: 50.27 s
2026-01-04 12:01:19.714142: 
2026-01-04 12:01:19.717652: Epoch 64
2026-01-04 12:01:19.720512: Current learning rate: 8e-05
2026-01-04 12:02:14.829512: train_loss 0.6613
2026-01-04 12:02:14.891137: val_loss 0.6738
2026-01-04 12:02:14.924179: val classification accuracy 0.6087
2026-01-04 12:02:14.927400: val auc 0.6087
2026-01-04 12:02:14.930513: Epoch time: 55.12 s
2026-01-04 12:02:15.706287: 
2026-01-04 12:02:15.709968: Epoch 65
2026-01-04 12:02:15.712861: Current learning rate: 8e-05
2026-01-04 12:03:08.556303: train_loss 0.6757
2026-01-04 12:03:08.562863: val_loss 0.7043
2026-01-04 12:03:08.566032: val classification accuracy 0.5652
2026-01-04 12:03:08.568935: val auc 0.4877
2026-01-04 12:03:08.572053: Epoch time: 52.85 s
2026-01-04 12:03:09.477922: 
2026-01-04 12:03:09.505805: Epoch 66
2026-01-04 12:03:09.508382: Current learning rate: 8e-05
2026-01-04 12:04:01.565792: train_loss 0.6727
2026-01-04 12:04:01.575097: val_loss 0.7281
2026-01-04 12:04:01.578804: val classification accuracy 0.5652
2026-01-04 12:04:01.582250: val auc 0.6248
2026-01-04 12:04:01.585899: Epoch time: 52.09 s
2026-01-04 12:04:03.211671: 
2026-01-04 12:04:03.215237: Epoch 67
2026-01-04 12:04:03.218035: Current learning rate: 8e-05
2026-01-04 12:04:55.223781: train_loss 0.6711
2026-01-04 12:04:55.231338: val_loss 0.6595
2026-01-04 12:04:55.235893: val classification accuracy 0.6304
2026-01-04 12:04:55.240215: val auc 0.6522
2026-01-04 12:04:55.243266: Epoch time: 52.01 s
2026-01-04 12:04:56.085449: 
2026-01-04 12:04:56.089213: Epoch 68
2026-01-04 12:04:56.091907: Current learning rate: 8e-05
2026-01-04 12:05:52.889406: train_loss 0.6691
2026-01-04 12:05:52.931039: val_loss 0.7364
2026-01-04 12:05:52.934551: val classification accuracy 0.6087
2026-01-04 12:05:52.948022: val auc 0.5019
2026-01-04 12:05:52.951565: Epoch time: 56.81 s
2026-01-04 12:05:53.887874: 
2026-01-04 12:05:53.891427: Epoch 69
2026-01-04 12:05:53.894179: Current learning rate: 8e-05
2026-01-04 12:06:46.247844: train_loss 0.6872
2026-01-04 12:06:46.278161: val_loss 0.7145
2026-01-04 12:06:46.283002: val classification accuracy 0.5217
2026-01-04 12:06:46.289168: val auc 0.466
2026-01-04 12:06:46.293446: Epoch time: 52.36 s
2026-01-04 12:06:47.203671: 
2026-01-04 12:06:47.207624: Epoch 70
2026-01-04 12:06:47.210501: Current learning rate: 8e-05
2026-01-04 12:07:38.544590: train_loss 0.6741
2026-01-04 12:07:38.549599: val_loss 0.6564
2026-01-04 12:07:38.552862: val classification accuracy 0.587
2026-01-04 12:07:38.555967: val auc 0.655
2026-01-04 12:07:38.559051: Epoch time: 51.34 s
2026-01-04 12:07:39.472280: 
2026-01-04 12:07:39.475920: Epoch 71
2026-01-04 12:07:39.478544: Current learning rate: 8e-05
2026-01-04 12:08:34.430812: train_loss 0.6739
2026-01-04 12:08:34.444102: val_loss 0.6908
2026-01-04 12:08:34.450697: val classification accuracy 0.5652
2026-01-04 12:08:34.453552: val auc 0.5595
2026-01-04 12:08:34.456707: Epoch time: 54.96 s
2026-01-04 12:08:35.296247: 
2026-01-04 12:08:35.300092: Epoch 72
2026-01-04 12:08:35.303143: Current learning rate: 8e-05
2026-01-04 12:09:25.564188: train_loss 0.6742
2026-01-04 12:09:25.568734: val_loss 0.6903
2026-01-04 12:09:25.571417: val classification accuracy 0.5217
2026-01-04 12:09:25.574255: val auc 0.5473
2026-01-04 12:09:25.579775: Epoch time: 50.27 s
2026-01-04 12:09:26.459715: 
2026-01-04 12:09:26.472390: Epoch 73
2026-01-04 12:09:26.478257: Current learning rate: 8e-05
2026-01-04 12:10:21.457028: train_loss 0.6471
2026-01-04 12:10:21.484075: val_loss 0.6828
2026-01-04 12:10:21.487933: val classification accuracy 0.6522
2026-01-04 12:10:21.493125: val auc 0.5898
2026-01-04 12:10:21.496494: Epoch time: 55.0 s
2026-01-04 12:10:22.361517: 
2026-01-04 12:10:22.365212: Epoch 74
2026-01-04 12:10:22.368726: Current learning rate: 8e-05
2026-01-04 12:11:14.102437: train_loss 0.7003
2026-01-04 12:11:14.108624: val_loss 0.6825
2026-01-04 12:11:14.111582: val classification accuracy 0.5652
2026-01-04 12:11:14.114599: val auc 0.5567
2026-01-04 12:11:14.117491: Epoch time: 51.74 s
2026-01-04 12:11:15.009602: 
2026-01-04 12:11:15.021413: Epoch 75
2026-01-04 12:11:15.024169: Current learning rate: 8e-05
2026-01-04 12:12:06.559017: train_loss 0.6675
2026-01-04 12:12:06.568923: val_loss 0.6797
2026-01-04 12:12:06.573133: val classification accuracy 0.6087
2026-01-04 12:12:06.577140: val auc 0.534
2026-01-04 12:12:06.585337: Epoch time: 51.55 s
2026-01-04 12:12:07.456969: 
2026-01-04 12:12:07.461206: Epoch 76
2026-01-04 12:12:07.463953: Current learning rate: 8e-05
2026-01-04 12:13:03.805739: train_loss 0.6556
2026-01-04 12:13:03.811213: val_loss 0.6821
2026-01-04 12:13:03.815062: val classification accuracy 0.587
2026-01-04 12:13:03.832901: val auc 0.6078
2026-01-04 12:13:03.878930: Epoch time: 56.35 s
2026-01-04 12:13:04.774510: 
2026-01-04 12:13:04.788383: Epoch 77
2026-01-04 12:13:04.791772: Current learning rate: 8e-05
2026-01-04 12:14:01.093202: train_loss 0.6885
2026-01-04 12:14:01.097794: val_loss 0.6447
2026-01-04 12:14:01.101667: val classification accuracy 0.6304
2026-01-04 12:14:01.104885: val auc 0.7032
2026-01-04 12:14:01.107983: Epoch time: 56.32 s
2026-01-04 12:14:01.951804: 
2026-01-04 12:14:01.955479: Epoch 78
2026-01-04 12:14:01.958185: Current learning rate: 8e-05
2026-01-04 12:14:58.130580: train_loss 0.6586
2026-01-04 12:14:58.143120: val_loss 0.7215
2026-01-04 12:14:58.154850: val classification accuracy 0.5
2026-01-04 12:14:58.158179: val auc 0.4972
2026-01-04 12:14:58.161334: Epoch time: 56.18 s
2026-01-04 12:14:59.023915: 
2026-01-04 12:14:59.027783: Epoch 79
2026-01-04 12:14:59.030716: Current learning rate: 8e-05
2026-01-04 12:15:51.639250: train_loss 0.6793
2026-01-04 12:15:51.645503: val_loss 0.6962
2026-01-04 12:15:51.677344: val classification accuracy 0.587
2026-01-04 12:15:51.681917: val auc 0.5444
2026-01-04 12:15:51.725451: Epoch time: 52.62 s
2026-01-04 12:15:52.624653: 
2026-01-04 12:15:52.638855: Epoch 80
2026-01-04 12:15:52.641686: Current learning rate: 8e-05
2026-01-04 12:16:48.403302: train_loss 0.6724
2026-01-04 12:16:48.412853: val_loss 0.7233
2026-01-04 12:16:48.416967: val classification accuracy 0.5
2026-01-04 12:16:48.420903: val auc 0.5643
2026-01-04 12:16:48.428462: Epoch time: 55.78 s
2026-01-04 12:16:49.291513: 
2026-01-04 12:16:49.295640: Epoch 81
2026-01-04 12:16:49.298495: Current learning rate: 8e-05
2026-01-04 12:17:39.726932: train_loss 0.6798
2026-01-04 12:17:39.735195: val_loss 0.662
2026-01-04 12:17:39.738578: val classification accuracy 0.4565
2026-01-04 12:17:39.741719: val auc 0.62
2026-01-04 12:17:39.745401: Epoch time: 50.44 s
2026-01-04 12:17:40.587600: 
2026-01-04 12:17:40.591786: Epoch 82
2026-01-04 12:17:40.594729: Current learning rate: 8e-05
2026-01-04 12:18:33.050651: train_loss 0.6679
2026-01-04 12:18:33.060658: val_loss 0.7139
2026-01-04 12:18:33.068278: val classification accuracy 0.4348
2026-01-04 12:18:33.071889: val auc 0.5104
2026-01-04 12:18:33.074993: Epoch time: 52.46 s
2026-01-04 12:18:33.916364: 
2026-01-04 12:18:33.920700: Epoch 83
2026-01-04 12:18:33.924080: Current learning rate: 7e-05
2026-01-04 12:19:30.263690: train_loss 0.6694
2026-01-04 12:19:30.270536: val_loss 0.6324
2026-01-04 12:19:30.274800: val classification accuracy 0.6304
2026-01-04 12:19:30.278529: val auc 0.6701
2026-01-04 12:19:30.281859: Epoch time: 56.35 s
2026-01-04 12:19:31.215554: 
2026-01-04 12:19:31.219306: Epoch 84
2026-01-04 12:19:31.222174: Current learning rate: 7e-05
2026-01-04 12:20:22.345817: train_loss 0.6576
2026-01-04 12:20:22.375419: val_loss 0.7018
2026-01-04 12:20:22.379495: val classification accuracy 0.5435
2026-01-04 12:20:22.383301: val auc 0.6361
2026-01-04 12:20:22.386751: Epoch time: 51.13 s
2026-01-04 12:20:23.299157: 
2026-01-04 12:20:23.303161: Epoch 85
2026-01-04 12:20:23.306447: Current learning rate: 7e-05
2026-01-04 12:21:15.223572: train_loss 0.6612
2026-01-04 12:21:15.230730: val_loss 0.6475
2026-01-04 12:21:15.235083: val classification accuracy 0.6957
2026-01-04 12:21:15.240062: val auc 0.7146
2026-01-04 12:21:15.251094: Epoch time: 51.93 s
2026-01-04 12:21:16.086856: 
2026-01-04 12:21:16.090767: Epoch 86
2026-01-04 12:21:16.093429: Current learning rate: 7e-05
2026-01-04 12:22:10.006607: train_loss 0.6642
2026-01-04 12:22:10.012397: val_loss 0.6701
2026-01-04 12:22:10.015832: val classification accuracy 0.6087
2026-01-04 12:22:10.018979: val auc 0.6285
2026-01-04 12:22:10.022788: Epoch time: 53.92 s
2026-01-04 12:22:10.882724: 
2026-01-04 12:22:10.886459: Epoch 87
2026-01-04 12:22:10.889344: Current learning rate: 7e-05
2026-01-04 12:23:06.322501: train_loss 0.6655
2026-01-04 12:23:06.341913: val_loss 0.6852
2026-01-04 12:23:06.357423: val classification accuracy 0.587
2026-01-04 12:23:06.360332: val auc 0.5577
2026-01-04 12:23:06.363785: Epoch time: 55.44 s
2026-01-04 12:23:07.215307: 
2026-01-04 12:23:07.219353: Epoch 88
2026-01-04 12:23:07.222692: Current learning rate: 7e-05
2026-01-04 12:24:00.366019: train_loss 0.6615
2026-01-04 12:24:00.371065: val_loss 0.6779
2026-01-04 12:24:00.373940: val classification accuracy 0.5652
2026-01-04 12:24:00.376906: val auc 0.6163
2026-01-04 12:24:00.381338: Epoch time: 53.15 s
2026-01-04 12:24:01.302227: 
2026-01-04 12:24:01.306309: Epoch 89
2026-01-04 12:24:01.309725: Current learning rate: 7e-05
2026-01-04 12:24:54.236933: train_loss 0.661
2026-01-04 12:24:54.292108: val_loss 0.7012
2026-01-04 12:24:54.297004: val classification accuracy 0.6087
2026-01-04 12:24:54.300081: val auc 0.5236
2026-01-04 12:24:54.303327: Epoch time: 52.94 s
2026-01-04 12:24:55.197594: 
2026-01-04 12:24:55.202226: Epoch 90
2026-01-04 12:24:55.205849: Current learning rate: 7e-05
2026-01-04 12:25:51.213466: train_loss 0.6531
2026-01-04 12:25:51.218991: val_loss 0.699
2026-01-04 12:25:51.250171: val classification accuracy 0.587
2026-01-04 12:25:51.259363: val auc 0.5898
2026-01-04 12:25:51.262854: Epoch time: 56.02 s
2026-01-04 12:25:52.211592: 
2026-01-04 12:25:52.215585: Epoch 91
2026-01-04 12:25:52.218274: Current learning rate: 7e-05
2026-01-04 12:26:50.746206: train_loss 0.657
2026-01-04 12:26:50.799975: val_loss 0.6833
2026-01-04 12:26:50.803007: val classification accuracy 0.5435
2026-01-04 12:26:50.806238: val auc 0.5699
2026-01-04 12:26:50.809494: Epoch time: 58.54 s
2026-01-04 12:26:51.664632: 
2026-01-04 12:26:51.669374: Epoch 92
2026-01-04 12:26:51.672411: Current learning rate: 7e-05
2026-01-04 12:27:46.532699: train_loss 0.6524
2026-01-04 12:27:46.539959: val_loss 0.7334
2026-01-04 12:27:46.544077: val classification accuracy 0.413
2026-01-04 12:27:46.548753: val auc 0.4575
2026-01-04 12:27:46.552545: Epoch time: 54.87 s
2026-01-04 12:27:47.468657: 
2026-01-04 12:27:47.472580: Epoch 93
2026-01-04 12:27:47.475236: Current learning rate: 7e-05
2026-01-04 12:28:41.674603: train_loss 0.6802
2026-01-04 12:28:41.704760: val_loss 0.7001
2026-01-04 12:28:41.707807: val classification accuracy 0.4783
2026-01-04 12:28:41.715246: val auc 0.5123
2026-01-04 12:28:41.722501: Epoch time: 54.21 s
2026-01-04 12:28:42.614128: 
2026-01-04 12:28:42.617672: Epoch 94
2026-01-04 12:28:42.620422: Current learning rate: 7e-05
2026-01-04 12:29:32.627481: train_loss 0.6619
2026-01-04 12:29:32.680488: val_loss 0.6967
2026-01-04 12:29:32.691126: val classification accuracy 0.5652
2026-01-04 12:29:32.698741: val auc 0.5359
2026-01-04 12:29:32.715937: Epoch time: 50.01 s
2026-01-04 12:29:33.575036: 
2026-01-04 12:29:33.579103: Epoch 95
2026-01-04 12:29:33.582062: Current learning rate: 7e-05
2026-01-04 12:30:27.068926: train_loss 0.6662
2026-01-04 12:30:27.079047: val_loss 0.6989
2026-01-04 12:30:27.088361: val classification accuracy 0.5435
2026-01-04 12:30:27.091363: val auc 0.6087
2026-01-04 12:30:27.094562: Epoch time: 53.5 s
2026-01-04 12:30:27.928042: 
2026-01-04 12:30:27.932016: Epoch 96
2026-01-04 12:30:27.935513: Current learning rate: 7e-05
2026-01-04 12:31:19.302100: train_loss 0.6745
2026-01-04 12:31:19.308147: val_loss 0.7213
2026-01-04 12:31:19.311636: val classification accuracy 0.4565
2026-01-04 12:31:19.322496: val auc 0.5595
2026-01-04 12:31:19.325459: Epoch time: 51.38 s
2026-01-04 12:31:20.132652: 
2026-01-04 12:31:20.145557: Epoch 97
2026-01-04 12:31:20.148950: Current learning rate: 7e-05
2026-01-04 12:32:09.407407: train_loss 0.6625
2026-01-04 12:32:09.412978: val_loss 0.7215
2026-01-04 12:32:09.416695: val classification accuracy 0.4783
2026-01-04 12:32:09.419982: val auc 0.4537
2026-01-04 12:32:09.431124: Epoch time: 49.28 s
2026-01-04 12:32:10.275430: 
2026-01-04 12:32:10.279459: Epoch 98
2026-01-04 12:32:10.283010: Current learning rate: 7e-05
2026-01-04 12:33:01.335843: train_loss 0.6483
2026-01-04 12:33:01.348744: val_loss 0.5953
2026-01-04 12:33:01.355537: val classification accuracy 0.7609
2026-01-04 12:33:01.358806: val auc 0.7883
2026-01-04 12:33:01.362483: Epoch time: 51.06 s
2026-01-04 12:33:02.205680: 
2026-01-04 12:33:02.209823: Epoch 99
2026-01-04 12:33:02.212725: Current learning rate: 7e-05
2026-01-04 12:33:56.738904: train_loss 0.6618
2026-01-04 12:33:56.744382: val_loss 0.6125
2026-01-04 12:33:56.747858: val classification accuracy 0.6957
2026-01-04 12:33:56.758487: val auc 0.741
2026-01-04 12:33:56.761991: Epoch time: 54.53 s
2026-01-04 12:34:02.802536: Saved periodic checkpoint /hpf/projects/jquon/sumin/nnUNet_data/nnUNet_results/Dataset033_AVM_T1+C/ViTTrainer_ep300_NoMirroring_x2__nnUNetResEncUNetLPlans__3d_fullres/fold_2/checkpoint_every20_best_auroc.pth at epoch 99 with val_auc=0.7410
2026-01-04 12:34:03.538679: 
2026-01-04 12:34:03.542125: Epoch 100
2026-01-04 12:34:03.544609: Current learning rate: 7e-05
2026-01-04 12:34:55.950942: train_loss 0.6988
2026-01-04 12:34:55.969467: val_loss 0.6632
2026-01-04 12:34:55.987900: val classification accuracy 0.6739
2026-01-04 12:34:55.992176: val auc 0.6796
2026-01-04 12:34:56.035050: Epoch time: 52.41 s
2026-01-04 12:34:56.909426: 
2026-01-04 12:34:56.913135: Epoch 101
2026-01-04 12:34:56.916064: Current learning rate: 7e-05
2026-01-04 12:35:52.062311: train_loss 0.6539
2026-01-04 12:35:52.120668: val_loss 0.6971
2026-01-04 12:35:52.126785: val classification accuracy 0.5652
2026-01-04 12:35:52.132741: val auc 0.5974
2026-01-04 12:35:52.145010: Epoch time: 55.15 s
2026-01-04 12:35:53.032080: 
2026-01-04 12:35:53.035752: Epoch 102
2026-01-04 12:35:53.038757: Current learning rate: 7e-05
2026-01-04 12:36:48.398973: train_loss 0.6565
2026-01-04 12:36:48.406024: val_loss 0.715
2026-01-04 12:36:48.410726: val classification accuracy 0.5
2026-01-04 12:36:48.414620: val auc 0.5066
2026-01-04 12:36:48.418010: Epoch time: 55.37 s
2026-01-04 12:36:49.286028: 
2026-01-04 12:36:49.290446: Epoch 103
2026-01-04 12:36:49.293409: Current learning rate: 7e-05
2026-01-04 12:37:39.472720: train_loss 0.6774
2026-01-04 12:37:39.517809: val_loss 0.6854
2026-01-04 12:37:39.521480: val classification accuracy 0.6087
2026-01-04 12:37:39.524383: val auc 0.6484
2026-01-04 12:37:39.527167: Epoch time: 50.19 s
2026-01-04 12:37:40.368839: 
2026-01-04 12:37:40.372600: Epoch 104
2026-01-04 12:37:40.375340: Current learning rate: 7e-05
2026-01-04 12:38:33.168385: train_loss 0.6842
2026-01-04 12:38:33.173430: val_loss 0.7132
2026-01-04 12:38:33.177262: val classification accuracy 0.5217
2026-01-04 12:38:33.180678: val auc 0.4338
2026-01-04 12:38:33.183893: Epoch time: 52.8 s
2026-01-04 12:38:34.056053: 
2026-01-04 12:38:34.059563: Epoch 105
2026-01-04 12:38:34.062450: Current learning rate: 7e-05
2026-01-04 12:39:24.870247: train_loss 0.6649
2026-01-04 12:39:24.875941: val_loss 0.7337
2026-01-04 12:39:24.902677: val classification accuracy 0.413
2026-01-04 12:39:24.906367: val auc 0.3299
2026-01-04 12:39:24.910534: Epoch time: 50.82 s
2026-01-04 12:39:25.849986: 
2026-01-04 12:39:25.853635: Epoch 106
2026-01-04 12:39:25.856221: Current learning rate: 7e-05
2026-01-04 12:40:22.617697: train_loss 0.6664
2026-01-04 12:40:22.622111: val_loss 0.7035
2026-01-04 12:40:22.625122: val classification accuracy 0.5435
2026-01-04 12:40:22.628202: val auc 0.4943
2026-01-04 12:40:22.631148: Epoch time: 56.77 s
2026-01-04 12:40:24.290076: 
2026-01-04 12:40:24.294158: Epoch 107
2026-01-04 12:40:24.297080: Current learning rate: 7e-05
2026-01-04 12:41:19.423926: train_loss 0.6593
2026-01-04 12:41:19.431073: val_loss 0.6602
2026-01-04 12:41:19.435087: val classification accuracy 0.6087
2026-01-04 12:41:19.438459: val auc 0.6834
2026-01-04 12:41:19.442050: Epoch time: 55.14 s
2026-01-04 12:41:20.401324: 
2026-01-04 12:41:20.405617: Epoch 108
2026-01-04 12:41:20.408370: Current learning rate: 7e-05
2026-01-04 12:42:09.004252: train_loss 0.6598
2026-01-04 12:42:09.015612: val_loss 0.7677
2026-01-04 12:42:09.020190: val classification accuracy 0.4348
2026-01-04 12:42:09.039829: val auc 0.3535
2026-01-04 12:42:09.045055: Epoch time: 48.6 s
2026-01-04 12:42:09.912432: 
2026-01-04 12:42:09.916107: Epoch 109
2026-01-04 12:42:09.918629: Current learning rate: 7e-05
2026-01-04 12:43:05.830531: train_loss 0.6562
2026-01-04 12:43:05.886836: val_loss 0.7203
2026-01-04 12:43:05.890729: val classification accuracy 0.587
2026-01-04 12:43:05.894453: val auc 0.4934
2026-01-04 12:43:05.897798: Epoch time: 55.92 s
2026-01-04 12:43:06.826889: 
2026-01-04 12:43:06.830886: Epoch 110
2026-01-04 12:43:06.833421: Current learning rate: 7e-05
2026-01-04 12:44:00.411316: train_loss 0.6786
2026-01-04 12:44:00.416424: val_loss 0.7148
2026-01-04 12:44:00.419610: val classification accuracy 0.5435
2026-01-04 12:44:00.422718: val auc 0.4121
2026-01-04 12:44:00.425726: Epoch time: 53.59 s
2026-01-04 12:44:01.248915: 
2026-01-04 12:44:01.252747: Epoch 111
2026-01-04 12:44:01.255378: Current learning rate: 7e-05
2026-01-04 12:44:55.318225: train_loss 0.646
2026-01-04 12:44:55.381629: val_loss 0.7199
2026-01-04 12:44:55.385985: val classification accuracy 0.5435
2026-01-04 12:44:55.389784: val auc 0.5161
2026-01-04 12:44:55.393370: Epoch time: 54.07 s
2026-01-04 12:44:56.178444: 
2026-01-04 12:44:56.181960: Epoch 112
2026-01-04 12:44:56.184617: Current learning rate: 7e-05
2026-01-04 12:45:50.499586: train_loss 0.66
2026-01-04 12:45:50.505254: val_loss 0.7435
2026-01-04 12:45:50.552143: val classification accuracy 0.3478
2026-01-04 12:45:50.556165: val auc 0.3781
2026-01-04 12:45:50.594534: Epoch time: 54.32 s
2026-01-04 12:45:51.409406: 
2026-01-04 12:45:51.413084: Epoch 113
2026-01-04 12:45:51.415970: Current learning rate: 7e-05
2026-01-04 12:46:45.080558: train_loss 0.634
2026-01-04 12:46:45.084957: val_loss 0.812
2026-01-04 12:46:45.087762: val classification accuracy 0.5
2026-01-04 12:46:45.090798: val auc 0.3611
2026-01-04 12:46:45.093463: Epoch time: 53.67 s
2026-01-04 12:46:45.933650: 
2026-01-04 12:46:45.937583: Epoch 114
2026-01-04 12:46:45.940076: Current learning rate: 7e-05
2026-01-04 12:47:40.468057: train_loss 0.6476
2026-01-04 12:47:40.481275: val_loss 0.7563
2026-01-04 12:47:40.499428: val classification accuracy 0.4783
2026-01-04 12:47:40.502518: val auc 0.4631
2026-01-04 12:47:40.506171: Epoch time: 54.54 s
2026-01-04 12:47:41.554817: 
2026-01-04 12:47:41.558788: Epoch 115
2026-01-04 12:47:41.562323: Current learning rate: 6e-05
2026-01-04 12:48:30.627024: train_loss 0.6441
2026-01-04 12:48:30.660046: val_loss 0.7013
2026-01-04 12:48:30.696074: val classification accuracy 0.6957
2026-01-04 12:48:30.703186: val auc 0.6021
2026-01-04 12:48:30.706585: Epoch time: 49.07 s
2026-01-04 12:48:31.556680: 
2026-01-04 12:48:31.560328: Epoch 116
2026-01-04 12:48:31.562988: Current learning rate: 6e-05
2026-01-04 12:49:23.665033: train_loss 0.6643
2026-01-04 12:49:23.711082: val_loss 0.7491
2026-01-04 12:49:23.727783: val classification accuracy 0.5435
2026-01-04 12:49:23.735818: val auc 0.4622
2026-01-04 12:49:23.743200: Epoch time: 52.11 s
2026-01-04 12:49:24.627915: 
2026-01-04 12:49:24.631902: Epoch 117
2026-01-04 12:49:24.635082: Current learning rate: 6e-05
2026-01-04 12:50:20.832657: train_loss 0.6662
2026-01-04 12:50:20.870748: val_loss 0.7041
2026-01-04 12:50:20.874488: val classification accuracy 0.5652
2026-01-04 12:50:20.877890: val auc 0.483
2026-01-04 12:50:20.881936: Epoch time: 56.21 s
2026-01-04 12:50:21.847797: 
2026-01-04 12:50:21.851614: Epoch 118
2026-01-04 12:50:21.854311: Current learning rate: 6e-05
2026-01-04 12:51:15.021249: train_loss 0.6505
2026-01-04 12:51:15.027498: val_loss 0.7036
2026-01-04 12:51:15.031475: val classification accuracy 0.5
2026-01-04 12:51:15.043533: val auc 0.5236
2026-01-04 12:51:15.047227: Epoch time: 53.17 s
2026-01-04 12:51:15.970371: 
2026-01-04 12:51:15.974789: Epoch 119
2026-01-04 12:51:15.978108: Current learning rate: 6e-05
2026-01-04 12:52:06.546447: train_loss 0.6517
2026-01-04 12:52:06.551052: val_loss 0.661
2026-01-04 12:52:06.553793: val classification accuracy 0.587
2026-01-04 12:52:06.556999: val auc 0.6163
2026-01-04 12:52:06.559897: Epoch time: 50.58 s
2026-01-04 12:52:07.402478: 
2026-01-04 12:52:07.406099: Epoch 120
2026-01-04 12:52:07.408819: Current learning rate: 6e-05
2026-01-04 12:53:04.892705: train_loss 0.6558
2026-01-04 12:53:04.908445: val_loss 0.7618
2026-01-04 12:53:04.912567: val classification accuracy 0.4565
2026-01-04 12:53:04.916268: val auc 0.327
2026-01-04 12:53:04.920736: Epoch time: 57.49 s
2026-01-04 12:53:05.827191: 
2026-01-04 12:53:05.831114: Epoch 121
2026-01-04 12:53:05.834073: Current learning rate: 6e-05
2026-01-04 12:53:59.789939: train_loss 0.6679
2026-01-04 12:53:59.819167: val_loss 0.7364
2026-01-04 12:53:59.823310: val classification accuracy 0.5
2026-01-04 12:53:59.831239: val auc 0.4386
2026-01-04 12:53:59.834407: Epoch time: 53.96 s
2026-01-04 12:54:00.663193: 
2026-01-04 12:54:00.666718: Epoch 122
2026-01-04 12:54:00.669518: Current learning rate: 6e-05
2026-01-04 12:54:56.633386: train_loss 0.6603
2026-01-04 12:54:56.641983: val_loss 0.7304
2026-01-04 12:54:56.645318: val classification accuracy 0.3913
2026-01-04 12:54:56.648365: val auc 0.3847
2026-01-04 12:54:56.651711: Epoch time: 55.97 s
2026-01-04 12:54:57.466229: 
2026-01-04 12:54:57.469958: Epoch 123
2026-01-04 12:54:57.472738: Current learning rate: 6e-05
2026-01-04 12:55:48.879293: train_loss 0.6333
2026-01-04 12:55:48.884468: val_loss 0.7599
2026-01-04 12:55:48.888308: val classification accuracy 0.6304
2026-01-04 12:55:48.891823: val auc 0.5974
2026-01-04 12:55:48.895523: Epoch time: 51.41 s
2026-01-04 12:55:49.757256: 
2026-01-04 12:55:49.761013: Epoch 124
2026-01-04 12:55:49.763701: Current learning rate: 6e-05
2026-01-04 12:56:41.761737: train_loss 0.6697
2026-01-04 12:56:41.770530: val_loss 0.6769
2026-01-04 12:56:41.774586: val classification accuracy 0.6522
2026-01-04 12:56:41.777719: val auc 0.5425
2026-01-04 12:56:41.786503: Epoch time: 52.01 s
2026-01-04 12:56:42.719713: 
2026-01-04 12:56:42.723814: Epoch 125
2026-01-04 12:56:42.727013: Current learning rate: 6e-05
2026-01-04 12:57:36.158307: train_loss 0.6566
2026-01-04 12:57:36.172750: val_loss 0.6794
2026-01-04 12:57:36.176009: val classification accuracy 0.6957
2026-01-04 12:57:36.178811: val auc 0.5879
2026-01-04 12:57:36.181846: Epoch time: 53.44 s
2026-01-04 12:57:36.988411: 
2026-01-04 12:57:36.992280: Epoch 126
2026-01-04 12:57:36.995140: Current learning rate: 6e-05
2026-01-04 12:58:29.624925: train_loss 0.6647
2026-01-04 12:58:29.631400: val_loss 0.7342
2026-01-04 12:58:29.634617: val classification accuracy 0.5217
2026-01-04 12:58:29.637861: val auc 0.4981
2026-01-04 12:58:29.640821: Epoch time: 52.64 s
2026-01-04 12:58:30.454010: 
2026-01-04 12:58:30.458465: Epoch 127
2026-01-04 12:58:30.461525: Current learning rate: 6e-05
2026-01-04 12:59:23.699473: train_loss 0.658
2026-01-04 12:59:23.703782: val_loss 0.8077
2026-01-04 12:59:23.706681: val classification accuracy 0.3043
2026-01-04 12:59:23.709948: val auc 0.259
2026-01-04 12:59:23.713310: Epoch time: 53.25 s
2026-01-04 12:59:24.658753: 
2026-01-04 12:59:24.662259: Epoch 128
2026-01-04 12:59:24.664994: Current learning rate: 6e-05
2026-01-04 13:00:12.476432: train_loss 0.6396
2026-01-04 13:00:12.495412: val_loss 0.7504
2026-01-04 13:00:12.499153: val classification accuracy 0.5217
2026-01-04 13:00:12.502429: val auc 0.5085
2026-01-04 13:00:12.506012: Epoch time: 47.82 s
2026-01-04 13:00:13.340023: 
2026-01-04 13:00:13.344092: Epoch 129
2026-01-04 13:00:13.347090: Current learning rate: 6e-05
2026-01-04 13:01:06.306151: train_loss 0.6529
2026-01-04 13:01:06.312458: val_loss 0.7805
2026-01-04 13:01:06.316072: val classification accuracy 0.5
2026-01-04 13:01:06.319480: val auc 0.38
2026-01-04 13:01:06.323353: Epoch time: 52.97 s
2026-01-04 13:01:07.206510: 
2026-01-04 13:01:07.210280: Epoch 130
2026-01-04 13:01:07.213089: Current learning rate: 6e-05
2026-01-04 13:01:59.496621: train_loss 0.6687
2026-01-04 13:01:59.501238: val_loss 0.8066
2026-01-04 13:01:59.504778: val classification accuracy 0.5217
2026-01-04 13:01:59.510813: val auc 0.3894
2026-01-04 13:01:59.514828: Epoch time: 52.29 s
2026-01-04 13:02:00.414516: 
2026-01-04 13:02:00.421414: Epoch 131
2026-01-04 13:02:00.425836: Current learning rate: 6e-05
2026-01-04 13:02:56.061918: train_loss 0.65
2026-01-04 13:02:56.091849: val_loss 0.8161
2026-01-04 13:02:56.095212: val classification accuracy 0.3696
2026-01-04 13:02:56.097994: val auc 0.2949
2026-01-04 13:02:56.100757: Epoch time: 55.65 s
2026-01-04 13:02:57.032362: 
2026-01-04 13:02:57.037021: Epoch 132
2026-01-04 13:02:57.040123: Current learning rate: 6e-05
2026-01-04 13:03:52.389392: train_loss 0.6435
2026-01-04 13:03:52.400841: val_loss 0.7736
2026-01-04 13:03:52.405005: val classification accuracy 0.5652
2026-01-04 13:03:52.408390: val auc 0.4329
2026-01-04 13:03:52.412104: Epoch time: 55.36 s
2026-01-04 13:03:53.250867: 
2026-01-04 13:03:53.254293: Epoch 133
2026-01-04 13:03:53.256789: Current learning rate: 6e-05
2026-01-04 13:04:43.770462: train_loss 0.6617
2026-01-04 13:04:43.775403: val_loss 0.7672
2026-01-04 13:04:43.779092: val classification accuracy 0.413
2026-01-04 13:04:43.782706: val auc 0.3346
2026-01-04 13:04:43.785744: Epoch time: 50.52 s
2026-01-04 13:04:45.404584: 
2026-01-04 13:04:45.408495: Epoch 134
2026-01-04 13:04:45.411426: Current learning rate: 6e-05
2026-01-04 13:05:38.675822: train_loss 0.6423
2026-01-04 13:05:38.680205: val_loss 0.8004
2026-01-04 13:05:38.682985: val classification accuracy 0.587
2026-01-04 13:05:38.685723: val auc 0.4093
2026-01-04 13:05:38.688656: Epoch time: 53.27 s
2026-01-04 13:05:39.585846: 
2026-01-04 13:05:39.590305: Epoch 135
2026-01-04 13:05:39.593500: Current learning rate: 6e-05
2026-01-04 13:06:32.021406: train_loss 0.6374
2026-01-04 13:06:32.043921: val_loss 0.7067
2026-01-04 13:06:32.049179: val classification accuracy 0.5435
2026-01-04 13:06:32.052415: val auc 0.5246
2026-01-04 13:06:32.055794: Epoch time: 52.44 s
2026-01-04 13:06:32.969432: 
2026-01-04 13:06:32.973184: Epoch 136
2026-01-04 13:06:32.976032: Current learning rate: 6e-05
2026-01-04 13:07:29.764234: train_loss 0.6547
2026-01-04 13:07:29.773524: val_loss 0.7918
2026-01-04 13:07:29.783276: val classification accuracy 0.3696
2026-01-04 13:07:29.823261: val auc 0.3204
2026-01-04 13:07:29.833651: Epoch time: 56.8 s
2026-01-04 13:07:30.774195: 
2026-01-04 13:07:30.783008: Epoch 137
2026-01-04 13:07:30.785616: Current learning rate: 6e-05
2026-01-04 13:08:19.710389: train_loss 0.654
2026-01-04 13:08:19.715289: val_loss 0.8368
2026-01-04 13:08:19.718943: val classification accuracy 0.3913
2026-01-04 13:08:19.722135: val auc 0.2713
2026-01-04 13:08:19.725672: Epoch time: 48.94 s
2026-01-04 13:08:20.514642: 
2026-01-04 13:08:20.519183: Epoch 138
2026-01-04 13:08:20.522392: Current learning rate: 6e-05
2026-01-04 13:09:16.741968: train_loss 0.6618
2026-01-04 13:09:16.746034: val_loss 0.733
2026-01-04 13:09:16.749094: val classification accuracy 0.5435
2026-01-04 13:09:16.753625: val auc 0.5066
2026-01-04 13:09:16.756553: Epoch time: 56.23 s
2026-01-04 13:09:17.666929: 
2026-01-04 13:09:17.670308: Epoch 139
2026-01-04 13:09:17.673068: Current learning rate: 6e-05
2026-01-04 13:10:10.050426: train_loss 0.6556
2026-01-04 13:10:10.055329: val_loss 0.7808
2026-01-04 13:10:10.109271: val classification accuracy 0.5217
2026-01-04 13:10:10.121008: val auc 0.4263
2026-01-04 13:10:10.133661: Epoch time: 52.38 s
2026-01-04 13:10:11.056431: 
2026-01-04 13:10:11.060572: Epoch 140
2026-01-04 13:10:11.063315: Current learning rate: 6e-05
2026-01-04 13:11:04.407426: train_loss 0.654
2026-01-04 13:11:04.413021: val_loss 0.7546
2026-01-04 13:11:04.416078: val classification accuracy 0.3913
2026-01-04 13:11:04.418980: val auc 0.3724
2026-01-04 13:11:04.421656: Epoch time: 53.35 s
2026-01-04 13:11:05.349136: 
2026-01-04 13:11:05.353164: Epoch 141
2026-01-04 13:11:05.356299: Current learning rate: 6e-05
2026-01-04 13:11:58.094647: train_loss 0.6479
2026-01-04 13:11:58.103594: val_loss 0.7972
2026-01-04 13:11:58.106563: val classification accuracy 0.3478
2026-01-04 13:11:58.109367: val auc 0.3705
2026-01-04 13:11:58.112970: Epoch time: 52.75 s
2026-01-04 13:11:59.050049: 
2026-01-04 13:11:59.053656: Epoch 142
2026-01-04 13:11:59.056807: Current learning rate: 6e-05
2026-01-04 13:12:54.107788: train_loss 0.6506
2026-01-04 13:12:54.112663: val_loss 0.9004
2026-01-04 13:12:54.116025: val classification accuracy 0.4565
2026-01-04 13:12:54.133073: val auc 0.2259
2026-01-04 13:12:54.136793: Epoch time: 55.06 s
2026-01-04 13:12:54.981122: 
2026-01-04 13:12:54.984788: Epoch 143
2026-01-04 13:12:54.987610: Current learning rate: 6e-05
2026-01-04 13:13:49.748743: train_loss 0.6314
2026-01-04 13:13:49.753533: val_loss 0.6797
2026-01-04 13:13:49.757266: val classification accuracy 0.587
2026-01-04 13:13:49.760997: val auc 0.5747
2026-01-04 13:13:49.777328: Epoch time: 54.77 s
2026-01-04 13:13:50.717793: 
2026-01-04 13:13:50.721420: Epoch 144
2026-01-04 13:13:50.724153: Current learning rate: 6e-05
2026-01-04 13:14:42.068349: train_loss 0.6562
2026-01-04 13:14:42.129672: val_loss 0.7692
2026-01-04 13:14:42.133949: val classification accuracy 0.3043
2026-01-04 13:14:42.137314: val auc 0.3091
2026-01-04 13:14:42.140653: Epoch time: 51.35 s
2026-01-04 13:14:43.032359: 
2026-01-04 13:14:43.036030: Epoch 145
2026-01-04 13:14:43.038724: Current learning rate: 6e-05
2026-01-04 13:15:33.522761: train_loss 0.6329
2026-01-04 13:15:33.529265: val_loss 0.756
2026-01-04 13:15:33.533043: val classification accuracy 0.4783
2026-01-04 13:15:33.538433: val auc 0.4471
2026-01-04 13:15:33.541960: Epoch time: 50.49 s
2026-01-04 13:15:34.458201: 
2026-01-04 13:15:34.461563: Epoch 146
2026-01-04 13:15:34.464122: Current learning rate: 5e-05
2026-01-04 13:16:26.711933: train_loss 0.6399
2026-01-04 13:16:26.770550: val_loss 0.7266
2026-01-04 13:16:26.807638: val classification accuracy 0.5435
2026-01-04 13:16:26.812121: val auc 0.4716
2026-01-04 13:16:26.816048: Epoch time: 52.25 s
2026-01-04 13:16:28.442132: 
2026-01-04 13:16:28.446070: Epoch 147
2026-01-04 13:16:28.449451: Current learning rate: 5e-05
2026-01-04 13:17:17.652189: train_loss 0.6534
2026-01-04 13:17:17.683774: val_loss 0.7243
2026-01-04 13:17:17.688057: val classification accuracy 0.4348
2026-01-04 13:17:17.691890: val auc 0.4433
2026-01-04 13:17:17.706530: Epoch time: 49.21 s
2026-01-04 13:17:18.552569: 
2026-01-04 13:17:18.556112: Epoch 148
2026-01-04 13:17:18.558748: Current learning rate: 5e-05
2026-01-04 13:18:09.251688: train_loss 0.6702
2026-01-04 13:18:09.278940: val_loss 0.7317
2026-01-04 13:18:09.301493: val classification accuracy 0.5217
2026-01-04 13:18:09.305496: val auc 0.4546
2026-01-04 13:18:09.312186: Epoch time: 50.7 s
2026-01-04 13:18:10.264121: 
2026-01-04 13:18:10.268343: Epoch 149
2026-01-04 13:18:10.271832: Current learning rate: 5e-05
2026-01-04 13:19:05.410698: train_loss 0.6527
2026-01-04 13:19:05.436794: val_loss 0.7368
2026-01-04 13:19:05.491213: val classification accuracy 0.413
2026-01-04 13:19:05.535968: val auc 0.4556
2026-01-04 13:19:05.539238: Epoch time: 55.15 s
2026-01-04 13:19:06.397849: 
2026-01-04 13:19:06.402386: Epoch 150
2026-01-04 13:19:06.407887: Current learning rate: 5e-05
2026-01-04 13:19:59.774705: train_loss 0.6415
2026-01-04 13:19:59.779512: val_loss 0.8376
2026-01-04 13:19:59.783144: val classification accuracy 0.3261
2026-01-04 13:19:59.786040: val auc 0.3138
2026-01-04 13:19:59.788893: Epoch time: 53.38 s
2026-01-04 13:20:00.667315: 
2026-01-04 13:20:00.671307: Epoch 151
2026-01-04 13:20:00.674466: Current learning rate: 5e-05
2026-01-04 13:20:58.219302: train_loss 0.6595
2026-01-04 13:20:58.248489: val_loss 0.7996
2026-01-04 13:20:58.252768: val classification accuracy 0.2609
2026-01-04 13:20:58.256603: val auc 0.2864
2026-01-04 13:20:58.260524: Epoch time: 57.55 s
2026-01-04 13:20:59.199458: 
2026-01-04 13:20:59.203228: Epoch 152
2026-01-04 13:20:59.206264: Current learning rate: 5e-05
2026-01-04 13:21:54.037960: train_loss 0.6714
2026-01-04 13:21:54.043263: val_loss 0.7299
2026-01-04 13:21:54.092258: val classification accuracy 0.5
2026-01-04 13:21:54.096499: val auc 0.4112
2026-01-04 13:21:54.100688: Epoch time: 54.84 s
2026-01-04 13:21:54.903368: 
2026-01-04 13:21:54.907212: Epoch 153
2026-01-04 13:21:54.909966: Current learning rate: 5e-05
2026-01-04 13:22:50.895828: train_loss 0.6503
2026-01-04 13:22:50.916407: val_loss 0.8104
2026-01-04 13:22:50.920148: val classification accuracy 0.413
2026-01-04 13:22:50.923286: val auc 0.2798
2026-01-04 13:22:50.947000: Epoch time: 55.99 s
2026-01-04 13:22:51.886377: 
2026-01-04 13:22:51.892612: Epoch 154
2026-01-04 13:22:51.896038: Current learning rate: 5e-05
2026-01-04 13:23:43.310512: train_loss 0.6405
2026-01-04 13:23:43.374012: val_loss 0.8916
2026-01-04 13:23:43.402324: val classification accuracy 0.3043
2026-01-04 13:23:43.405782: val auc 0.2155
2026-01-04 13:23:43.408891: Epoch time: 51.43 s
2026-01-04 13:23:44.268095: 
2026-01-04 13:23:44.271676: Epoch 155
2026-01-04 13:23:44.274246: Current learning rate: 5e-05
2026-01-04 13:24:37.929574: train_loss 0.6275
2026-01-04 13:24:37.934276: val_loss 0.7611
2026-01-04 13:24:37.938184: val classification accuracy 0.4348
2026-01-04 13:24:37.941649: val auc 0.4036
2026-01-04 13:24:37.944747: Epoch time: 53.66 s
2026-01-04 13:24:38.922492: 
2026-01-04 13:24:38.926128: Epoch 156
2026-01-04 13:24:38.928727: Current learning rate: 5e-05
2026-01-04 13:25:30.332510: train_loss 0.643
2026-01-04 13:25:30.349715: val_loss 0.9332
2026-01-04 13:25:30.364651: val classification accuracy 0.3261
2026-01-04 13:25:30.379805: val auc 0.242
2026-01-04 13:25:30.386614: Epoch time: 51.41 s
2026-01-04 13:25:31.293748: 
2026-01-04 13:25:31.297582: Epoch 157
2026-01-04 13:25:31.300595: Current learning rate: 5e-05
2026-01-04 13:26:23.635382: train_loss 0.6181
2026-01-04 13:26:23.650644: val_loss 0.8816
2026-01-04 13:26:23.653778: val classification accuracy 0.2826
2026-01-04 13:26:23.656926: val auc 0.2344
2026-01-04 13:26:23.660496: Epoch time: 52.34 s
2026-01-04 13:26:24.510563: 
2026-01-04 13:26:24.514317: Epoch 158
2026-01-04 13:26:24.517149: Current learning rate: 5e-05
2026-01-04 13:27:19.632985: train_loss 0.6748
2026-01-04 13:27:19.650900: val_loss 0.7096
2026-01-04 13:27:19.663552: val classification accuracy 0.4783
2026-01-04 13:27:19.686771: val auc 0.535
2026-01-04 13:27:19.691250: Epoch time: 55.12 s
2026-01-04 13:27:20.568756: 
2026-01-04 13:27:20.573137: Epoch 159
2026-01-04 13:27:20.577171: Current learning rate: 5e-05
2026-01-04 13:28:13.007158: train_loss 0.6731
2026-01-04 13:28:13.012826: val_loss 0.7805
2026-01-04 13:28:13.016447: val classification accuracy 0.3261
2026-01-04 13:28:13.019864: val auc 0.2609
2026-01-04 13:28:13.023508: Epoch time: 52.44 s
2026-01-04 13:28:13.836428: 
2026-01-04 13:28:13.846179: Epoch 160
2026-01-04 13:28:13.858315: Current learning rate: 5e-05
2026-01-04 13:29:05.273749: train_loss 0.6485
2026-01-04 13:29:05.279794: val_loss 0.8259
2026-01-04 13:29:05.283062: val classification accuracy 0.4565
2026-01-04 13:29:05.286558: val auc 0.3894
2026-01-04 13:29:05.289620: Epoch time: 51.44 s
2026-01-04 13:29:06.940681: 
2026-01-04 13:29:06.944322: Epoch 161
2026-01-04 13:29:06.947111: Current learning rate: 5e-05
2026-01-04 13:30:00.812341: train_loss 0.6257
2026-01-04 13:30:00.846066: val_loss 0.8784
2026-01-04 13:30:00.855960: val classification accuracy 0.2826
2026-01-04 13:30:00.859088: val auc 0.2703
2026-01-04 13:30:00.862389: Epoch time: 53.87 s
2026-01-04 13:30:01.727978: 
2026-01-04 13:30:01.732913: Epoch 162
2026-01-04 13:30:01.736071: Current learning rate: 5e-05
2026-01-04 13:30:59.068443: train_loss 0.6286
2026-01-04 13:30:59.073581: val_loss 0.8905
2026-01-04 13:30:59.077142: val classification accuracy 0.2826
2026-01-04 13:30:59.080413: val auc 0.3006
2026-01-04 13:30:59.084132: Epoch time: 57.34 s
2026-01-04 13:30:59.973259: 
2026-01-04 13:30:59.977367: Epoch 163
2026-01-04 13:30:59.980546: Current learning rate: 5e-05
2026-01-04 13:31:52.428019: train_loss 0.6534
2026-01-04 13:31:52.447790: val_loss 0.7937
2026-01-04 13:31:52.451113: val classification accuracy 0.4565
2026-01-04 13:31:52.453919: val auc 0.4405
2026-01-04 13:31:52.456897: Epoch time: 52.46 s
2026-01-04 13:31:53.419250: 
2026-01-04 13:31:53.423062: Epoch 164
2026-01-04 13:31:53.425983: Current learning rate: 5e-05
2026-01-04 13:32:46.306440: train_loss 0.6249
2026-01-04 13:32:46.312572: val_loss 0.9344
2026-01-04 13:32:46.316648: val classification accuracy 0.3696
2026-01-04 13:32:46.319930: val auc 0.2325
2026-01-04 13:32:46.324020: Epoch time: 52.89 s
2026-01-04 13:32:47.239977: 
2026-01-04 13:32:47.243784: Epoch 165
2026-01-04 13:32:47.246559: Current learning rate: 5e-05
2026-01-04 13:33:40.915430: train_loss 0.6374
2026-01-04 13:33:40.923196: val_loss 0.8261
2026-01-04 13:33:40.926594: val classification accuracy 0.3696
2026-01-04 13:33:40.929776: val auc 0.2306
2026-01-04 13:33:40.933050: Epoch time: 53.68 s
2026-01-04 13:33:41.774886: 
2026-01-04 13:33:41.778419: Epoch 166
2026-01-04 13:33:41.781322: Current learning rate: 5e-05
2026-01-04 13:34:37.469518: train_loss 0.6438
2026-01-04 13:34:37.474583: val_loss 0.8533
2026-01-04 13:34:37.477772: val classification accuracy 0.3913
2026-01-04 13:34:37.481376: val auc 0.3677
2026-01-04 13:34:37.484323: Epoch time: 55.7 s
2026-01-04 13:34:38.359710: 
2026-01-04 13:34:38.363605: Epoch 167
2026-01-04 13:34:38.366815: Current learning rate: 5e-05
2026-01-04 13:35:34.463529: train_loss 0.6534
2026-01-04 13:35:34.477237: val_loss 0.8808
2026-01-04 13:35:34.481859: val classification accuracy 0.3913
2026-01-04 13:35:34.485749: val auc 0.2571
2026-01-04 13:35:34.489331: Epoch time: 56.1 s
2026-01-04 13:35:35.429461: 
2026-01-04 13:35:35.435959: Epoch 168
2026-01-04 13:35:35.439898: Current learning rate: 5e-05
2026-01-04 13:36:28.925251: train_loss 0.6154
2026-01-04 13:36:28.938207: val_loss 0.9111
2026-01-04 13:36:28.942160: val classification accuracy 0.3478
2026-01-04 13:36:28.945661: val auc 0.3327
2026-01-04 13:36:28.948841: Epoch time: 53.5 s
2026-01-04 13:36:29.908568: 
2026-01-04 13:36:29.912283: Epoch 169
2026-01-04 13:36:29.914960: Current learning rate: 5e-05
2026-01-04 13:37:25.155943: train_loss 0.6779
2026-01-04 13:37:25.174843: val_loss 0.8671
2026-01-04 13:37:25.178853: val classification accuracy 0.3478
2026-01-04 13:37:25.184133: val auc 0.189
2026-01-04 13:37:25.187708: Epoch time: 55.25 s
2026-01-04 13:37:26.013470: 
2026-01-04 13:37:26.018121: Epoch 170
2026-01-04 13:37:26.021343: Current learning rate: 5e-05
2026-01-04 13:38:17.981802: train_loss 0.6403
2026-01-04 13:38:17.998446: val_loss 0.93
2026-01-04 13:38:18.001933: val classification accuracy 0.2609
2026-01-04 13:38:18.005080: val auc 0.1701
2026-01-04 13:38:18.008173: Epoch time: 51.97 s
2026-01-04 13:38:18.891955: 
2026-01-04 13:38:18.895617: Epoch 171
2026-01-04 13:38:18.898666: Current learning rate: 5e-05
2026-01-04 13:39:12.851120: train_loss 0.6447
2026-01-04 13:39:12.863589: val_loss 0.7986
2026-01-04 13:39:12.867103: val classification accuracy 0.413
2026-01-04 13:39:12.870865: val auc 0.3204
2026-01-04 13:39:12.874286: Epoch time: 53.96 s
2026-01-04 13:39:13.809025: 
2026-01-04 13:39:13.813276: Epoch 172
2026-01-04 13:39:13.816301: Current learning rate: 5e-05
2026-01-04 13:40:08.886709: train_loss 0.6582
2026-01-04 13:40:08.931208: val_loss 0.8551
2026-01-04 13:40:08.937969: val classification accuracy 0.3261
2026-01-04 13:40:08.942168: val auc 0.2628
2026-01-04 13:40:08.946510: Epoch time: 55.08 s
2026-01-04 13:40:09.815384: 
2026-01-04 13:40:09.819242: Epoch 173
2026-01-04 13:40:09.822508: Current learning rate: 5e-05
2026-01-04 13:41:04.326414: train_loss 0.6168
2026-01-04 13:41:04.377988: val_loss 0.9267
2026-01-04 13:41:04.382347: val classification accuracy 0.3261
2026-01-04 13:41:04.386247: val auc 0.2987
2026-01-04 13:41:04.389585: Epoch time: 54.51 s
2026-01-04 13:41:05.292247: 
2026-01-04 13:41:05.301284: Epoch 174
2026-01-04 13:41:05.305652: Current learning rate: 5e-05
2026-01-04 13:41:57.092693: train_loss 0.6587
2026-01-04 13:41:57.116945: val_loss 0.8678
2026-01-04 13:41:57.120595: val classification accuracy 0.3043
2026-01-04 13:41:57.124330: val auc 0.2439
2026-01-04 13:41:57.127715: Epoch time: 51.8 s
2026-01-04 13:41:58.740305: 
2026-01-04 13:41:58.743949: Epoch 175
2026-01-04 13:41:58.747176: Current learning rate: 5e-05
2026-01-04 13:42:50.136508: train_loss 0.6241
2026-01-04 13:42:50.154208: val_loss 0.9534
2026-01-04 13:42:50.158948: val classification accuracy 0.3478
2026-01-04 13:42:50.163284: val auc 0.2524
2026-01-04 13:42:50.167590: Epoch time: 51.4 s
2026-01-04 13:42:51.093740: 
2026-01-04 13:42:51.097312: Epoch 176
2026-01-04 13:42:51.100097: Current learning rate: 5e-05
2026-01-04 13:43:42.582159: train_loss 0.6423
2026-01-04 13:43:42.589517: val_loss 0.7358
2026-01-04 13:43:42.593271: val classification accuracy 0.413
2026-01-04 13:43:42.596664: val auc 0.4102
2026-01-04 13:43:42.600140: Epoch time: 51.49 s
2026-01-04 13:43:43.497716: 
2026-01-04 13:43:43.518656: Epoch 177
2026-01-04 13:43:43.522526: Current learning rate: 4e-05
2026-01-04 13:44:40.687206: train_loss 0.6356
2026-01-04 13:44:40.702059: val_loss 0.7609
2026-01-04 13:44:40.705734: val classification accuracy 0.5217
2026-01-04 13:44:40.708971: val auc 0.4045
2026-01-04 13:44:40.712250: Epoch time: 57.19 s
2026-01-04 13:44:41.690882: 
2026-01-04 13:44:41.694842: Epoch 178
2026-01-04 13:44:41.698487: Current learning rate: 4e-05
2026-01-04 13:45:38.846141: train_loss 0.6407
2026-01-04 13:45:38.852922: val_loss 0.8199
2026-01-04 13:45:38.856716: val classification accuracy 0.4565
2026-01-04 13:45:38.860359: val auc 0.3497
2026-01-04 13:45:38.864027: Epoch time: 57.16 s
2026-01-04 13:45:38.867200: Early stopping triggered at epoch 178. Best val_losses=0.5953
2026-01-04 13:45:39.808623: Stopping training early due to early stopping criterion.
2026-01-04 13:45:44.745740: Training done.
2026-01-04 13:45:44.787722: Skipping perform_actual_validation for classification trainer (segmentation-style sliding window is not applicable).
[1;34mwandb[0m: 
[1;34mwandb[0m:  View run [33mViTTrainer_ep300_NoMirroring_x2_fold2[0m at: [34m[0m
[1;34mwandb[0m: Find logs at: [1;35m../../tmp/wandb/wandb/run-20260104_110103-aqa77nd5/logs[0m
