Using device: cuda:0

#######################################################################
Please cite the following paper when using nnU-Net:
Isensee, F., Jaeger, P. F., Kohl, S. A., Petersen, J., & Maier-Hein, K. H. (2021). nnU-Net: a self-configuring method for deep learning-based biomedical image segmentation. Nature methods, 18(2), 203-211.
#######################################################################

2025-12-09 00:29:16.421439: Using torch.compile...
2025-12-09 00:29:21.389975: do_dummy_2d_data_aug: False
2025-12-09 00:29:21.393529: Using splits from existing split file: /hpf/projects/jquon/sumin/nnUNet_data/nnUNet_preprocessed/Dataset003_AVM_T1+C/splits_final.json
2025-12-09 00:29:21.396642: The split file contains 5 splits.
2025-12-09 00:29:21.398378: Desired fold for training: 4
2025-12-09 00:29:21.399940: This split has 415 training and 97 validation cases.
using pin_memory on device 0
using pin_memory on device 0

This is the configuration used by this training:
Configuration name: 3d_fullres
 {'data_identifier': 'nnUNetPlans_3d_fullres', 'preprocessor_name': 'DefaultPreprocessor', 'batch_size': 2, 'patch_size': [160, 224, 192], 'median_image_size_in_voxels': [344.0, 448.0, 429.0], 'spacing': [0.500000923871994, 0.4910714328289032, 0.4910714328289032], 'normalization_schemes': ['ZScoreNormalization'], 'use_mask_for_norm': [False], 'resampling_fn_data': 'resample_data_or_seg_to_shape', 'resampling_fn_seg': 'resample_data_or_seg_to_shape', 'resampling_fn_data_kwargs': {'is_seg': False, 'order': 3, 'order_z': 0, 'force_separate_z': None}, 'resampling_fn_seg_kwargs': {'is_seg': True, 'order': 1, 'order_z': 0, 'force_separate_z': None}, 'resampling_fn_probabilities': 'resample_data_or_seg_to_shape', 'resampling_fn_probabilities_kwargs': {'is_seg': False, 'order': 1, 'order_z': 0, 'force_separate_z': None}, 'architecture': {'network_class_name': 'dynamic_network_architectures.architectures.unet.ResidualEncoderUNet', 'arch_kwargs': {'n_stages': 6, 'features_per_stage': [32, 64, 128, 256, 320, 320], 'conv_op': 'torch.nn.modules.conv.Conv3d', 'kernel_sizes': [[3, 3, 3], [3, 3, 3], [3, 3, 3], [3, 3, 3], [3, 3, 3], [3, 3, 3]], 'strides': [[1, 1, 1], [2, 2, 2], [2, 2, 2], [2, 2, 2], [2, 2, 2], [2, 2, 2]], 'n_blocks_per_stage': [1, 3, 4, 6, 6, 6], 'n_conv_per_stage_decoder': [1, 1, 1, 1, 1], 'conv_bias': True, 'norm_op': 'torch.nn.modules.instancenorm.InstanceNorm3d', 'norm_op_kwargs': {'eps': 1e-05, 'affine': True}, 'dropout_op': None, 'dropout_op_kwargs': None, 'nonlin': 'torch.nn.LeakyReLU', 'nonlin_kwargs': {'inplace': True}}, '_kw_requires_import': ['conv_op', 'norm_op', 'dropout_op', 'nonlin']}, 'batch_dice': True} 

These are the global plan.json settings:
 {'dataset_name': 'Dataset003_AVM_T1+C', 'plans_name': 'nnUNetResEncUNetLPlans', 'original_median_spacing_after_transp': [0.500000923871994, 0.4910714328289032, 0.4910714328289032], 'original_median_shape_after_transp': [330, 448, 424], 'image_reader_writer': 'SimpleITKIO', 'transpose_forward': [0, 1, 2], 'transpose_backward': [0, 1, 2], 'experiment_planner_used': 'nnUNetPlannerResEncL', 'label_manager': 'LabelManager', 'foreground_intensity_properties_per_channel': {'0': {'max': 12113.0, 'mean': 449.843505859375, 'median': 311.0, 'min': 0.0, 'percentile_00_5': 34.0, 'percentile_99_5': 3202.0, 'std': 471.56329345703125}}} 

2025-12-09 00:29:24.552014: Unable to plot network architecture: nnUNet_compile is enabled!
2025-12-09 00:29:24.594583: 
2025-12-09 00:29:24.598578: Epoch 0
2025-12-09 00:29:24.600682: Current learning rate: 0.01
2025-12-09 00:30:50.164062: train_loss 1.4733
2025-12-09 00:30:50.190130: val_loss 92.1805
2025-12-09 00:30:50.193567: val classification accuracy 0.5
2025-12-09 00:30:50.198432: val auc 0.4785
2025-12-09 00:30:50.202165: Epoch time: 85.57 s
2025-12-09 00:30:50.204487: Yayy! New best EMA pseudo Dice: 0.4785
2025-12-09 00:30:51.319785: Yayy! New best classification accuracy: 0.5
2025-12-09 00:30:52.991057: 
2025-12-09 00:30:52.994675: Epoch 1
2025-12-09 00:30:52.997067: Current learning rate: 0.00997
2025-12-09 00:31:48.644786: WARNING: NaNs or Infs in validation probabilities at epoch 1. Sanitizing with nan_to_num before metrics.
2025-12-09 00:31:48.656461: train_loss 2.428
2025-12-09 00:31:48.659562: val_loss nan
2025-12-09 00:31:48.662115: val classification accuracy 0.4375
2025-12-09 00:31:48.665143: val auc 0.4525
2025-12-09 00:31:48.667465: Epoch time: 55.67 s
2025-12-09 00:31:49.596239: 
2025-12-09 00:31:49.599265: Epoch 2
2025-12-09 00:31:49.601108: Current learning rate: 0.00994
2025-12-09 00:32:40.508109: WARNING: NaNs or Infs in validation probabilities at epoch 2. Sanitizing with nan_to_num before metrics.
2025-12-09 00:32:40.547607: train_loss 1.4177
2025-12-09 00:32:40.550428: val_loss nan
2025-12-09 00:32:40.552579: val classification accuracy 0.4896
2025-12-09 00:32:40.572697: val auc 0.4796
2025-12-09 00:32:40.575431: Epoch time: 50.95 s
2025-12-09 00:32:40.577423: Yayy! New best EMA pseudo Dice: 0.4796
2025-12-09 00:32:42.082032: 
2025-12-09 00:32:42.085318: Epoch 3
2025-12-09 00:32:42.087605: Current learning rate: 0.00991
2025-12-09 00:33:35.934803: train_loss 0.8129
2025-12-09 00:33:35.949380: val_loss 14.3139
2025-12-09 00:33:35.952085: val classification accuracy 0.4271
2025-12-09 00:33:35.954335: val auc 0.4805
2025-12-09 00:33:35.956993: Epoch time: 53.85 s
2025-12-09 00:33:35.959782: Yayy! New best EMA pseudo Dice: 0.4805
2025-12-09 00:33:37.458561: 
2025-12-09 00:33:37.461681: Epoch 4
2025-12-09 00:33:37.463898: Current learning rate: 0.00988
2025-12-09 00:34:28.925635: train_loss 0.7639
2025-12-09 00:34:28.929979: val_loss 18.0999
2025-12-09 00:34:28.932186: val classification accuracy 0.4479
2025-12-09 00:34:28.934542: val auc 0.4612
2025-12-09 00:34:28.937016: Epoch time: 51.47 s
2025-12-09 00:34:29.816576: 
2025-12-09 00:34:29.819582: Epoch 5
2025-12-09 00:34:29.821581: Current learning rate: 0.00985
2025-12-09 00:35:24.593129: train_loss 0.7671
2025-12-09 00:35:24.597750: val_loss 1.5166
2025-12-09 00:35:24.600513: val classification accuracy 0.4896
2025-12-09 00:35:24.603085: val auc 0.5475
2025-12-09 00:35:24.605849: Epoch time: 54.78 s
2025-12-09 00:35:24.607978: Yayy! New best EMA pseudo Dice: 0.5475
2025-12-09 00:35:26.008294: 
2025-12-09 00:35:26.011444: Epoch 6
2025-12-09 00:35:26.013810: Current learning rate: 0.00982
2025-12-09 00:36:12.801443: train_loss 0.7083
2025-12-09 00:36:12.817165: val_loss 2.7073
2025-12-09 00:36:12.819835: val classification accuracy 0.625
2025-12-09 00:36:12.824415: val auc 0.6046
2025-12-09 00:36:12.826579: Epoch time: 46.79 s
2025-12-09 00:36:12.828309: Yayy! New best EMA pseudo Dice: 0.6046
2025-12-09 00:36:13.548159: Yayy! New best classification accuracy: 0.625
2025-12-09 00:36:15.049323: 
2025-12-09 00:36:15.051886: Epoch 7
2025-12-09 00:36:15.053762: Current learning rate: 0.00979
2025-12-09 00:37:10.139887: train_loss 0.7018
2025-12-09 00:37:10.147542: val_loss 6.9346
2025-12-09 00:37:10.150212: val classification accuracy 0.5104
2025-12-09 00:37:10.152994: val auc 0.5269
2025-12-09 00:37:10.156332: Epoch time: 55.09 s
2025-12-09 00:37:10.995254: 
2025-12-09 00:37:10.998717: Epoch 8
2025-12-09 00:37:11.000870: Current learning rate: 0.00976
2025-12-09 00:38:06.448093: train_loss 0.7098
2025-12-09 00:38:06.461988: val_loss 7.4416
2025-12-09 00:38:06.464221: val classification accuracy 0.5
2025-12-09 00:38:06.467156: val auc 0.5384
2025-12-09 00:38:06.469472: Epoch time: 55.45 s
2025-12-09 00:38:07.230604: 
2025-12-09 00:38:07.233030: Epoch 9
2025-12-09 00:38:07.234820: Current learning rate: 0.00973
2025-12-09 00:39:01.206395: train_loss 0.6695
2025-12-09 00:39:01.210464: val_loss 1.0615
2025-12-09 00:39:01.213397: val classification accuracy 0.5521
2025-12-09 00:39:01.215932: val auc 0.5881
2025-12-09 00:39:01.218384: Epoch time: 53.98 s
2025-12-09 00:39:02.073857: 
2025-12-09 00:39:02.077243: Epoch 10
2025-12-09 00:39:02.079650: Current learning rate: 0.0097
2025-12-09 00:39:50.900470: train_loss 0.6931
2025-12-09 00:39:50.919660: val_loss 2.166
2025-12-09 00:39:50.923986: val classification accuracy 0.5521
2025-12-09 00:39:50.926942: val auc 0.5914
2025-12-09 00:39:50.930090: Epoch time: 48.83 s
2025-12-09 00:39:51.738454: 
2025-12-09 00:39:51.741770: Epoch 11
2025-12-09 00:39:51.744360: Current learning rate: 0.00967
2025-12-09 00:40:43.599304: train_loss 0.6979
2025-12-09 00:40:43.606633: val_loss 2.751
2025-12-09 00:40:43.609691: val classification accuracy 0.4479
2025-12-09 00:40:43.612491: val auc 0.4622
2025-12-09 00:40:43.615327: Epoch time: 51.86 s
2025-12-09 00:40:44.446097: 
2025-12-09 00:40:44.449535: Epoch 12
2025-12-09 00:40:44.451977: Current learning rate: 0.00964
2025-12-09 00:41:38.159437: train_loss 0.6866
2025-12-09 00:41:38.174021: val_loss 2.2031
2025-12-09 00:41:38.181116: val classification accuracy 0.4896
2025-12-09 00:41:38.184441: val auc 0.5503
2025-12-09 00:41:38.187542: Epoch time: 53.72 s
2025-12-09 00:41:39.808247: 
2025-12-09 00:41:39.812116: Epoch 13
2025-12-09 00:41:39.814892: Current learning rate: 0.00961
2025-12-09 00:42:33.259247: train_loss 0.6636
2025-12-09 00:42:33.273517: val_loss 3.9277
2025-12-09 00:42:33.276921: val classification accuracy 0.5
2025-12-09 00:42:33.279851: val auc 0.5386
2025-12-09 00:42:33.283158: Epoch time: 53.45 s
2025-12-09 00:42:34.100616: 
2025-12-09 00:42:34.103834: Epoch 14
2025-12-09 00:42:34.106256: Current learning rate: 0.00958
2025-12-09 00:43:29.365079: WARNING: NaNs or Infs in validation probabilities at epoch 14. Sanitizing with nan_to_num before metrics.
2025-12-09 00:43:29.406757: train_loss 0.7072
2025-12-09 00:43:29.413097: val_loss nan
2025-12-09 00:43:29.416600: val classification accuracy 0.5104
2025-12-09 00:43:29.419668: val auc 0.4761
2025-12-09 00:43:29.423269: Epoch time: 55.31 s
2025-12-09 00:43:30.222508: 
2025-12-09 00:43:30.225769: Epoch 15
2025-12-09 00:43:30.228031: Current learning rate: 0.00955
2025-12-09 00:44:22.673733: train_loss 0.6822
2025-12-09 00:44:22.699128: val_loss 1.4654
2025-12-09 00:44:22.702666: val classification accuracy 0.4688
2025-12-09 00:44:22.705917: val auc 0.487
2025-12-09 00:44:22.719985: Epoch time: 52.45 s
2025-12-09 00:44:23.499809: 
2025-12-09 00:44:23.503320: Epoch 16
2025-12-09 00:44:23.505690: Current learning rate: 0.00952
2025-12-09 00:45:12.925333: train_loss 0.6872
2025-12-09 00:45:12.938200: val_loss 3.9551
2025-12-09 00:45:12.960078: val classification accuracy 0.5729
2025-12-09 00:45:12.963409: val auc 0.564
2025-12-09 00:45:12.982555: Epoch time: 49.43 s
2025-12-09 00:45:13.786688: 
2025-12-09 00:45:13.790383: Epoch 17
2025-12-09 00:45:13.792920: Current learning rate: 0.00949
2025-12-09 00:46:03.118243: train_loss 0.6788
2025-12-09 00:46:03.125299: val_loss 4.6799
2025-12-09 00:46:03.132575: val classification accuracy 0.4479
2025-12-09 00:46:03.135778: val auc 0.5243
2025-12-09 00:46:03.138593: Epoch time: 49.33 s
2025-12-09 00:46:04.493539: 
2025-12-09 00:46:04.496789: Epoch 18
2025-12-09 00:46:04.499320: Current learning rate: 0.00946
2025-12-09 00:46:55.858820: train_loss 0.6831
2025-12-09 00:46:55.863173: val_loss 2.5326
2025-12-09 00:46:55.866171: val classification accuracy 0.5938
2025-12-09 00:46:55.869112: val auc 0.6204
2025-12-09 00:46:55.872099: Epoch time: 51.37 s
2025-12-09 00:46:55.874432: Yayy! New best EMA pseudo Dice: 0.6204
2025-12-09 00:46:57.357771: 
2025-12-09 00:46:57.361348: Epoch 19
2025-12-09 00:46:57.363944: Current learning rate: 0.00943
2025-12-09 00:47:48.574298: train_loss 0.666
2025-12-09 00:47:48.579625: val_loss 1.8008
2025-12-09 00:47:48.582685: val classification accuracy 0.6042
2025-12-09 00:47:48.585488: val auc 0.6311
2025-12-09 00:47:48.588409: Epoch time: 51.22 s
2025-12-09 00:47:49.261372: Saved periodic checkpoint /hpf/projects/jquon/sumin/nnUNet_data/nnUNet_results/Dataset003_AVM_T1+C/DenseNetTrainer_ep300_NoMirroring__nnUNetResEncUNetLPlans__3d_fullres/fold_4/checkpoint_every20_best_balacc.pth at epoch 19 with val_balanced_accuracy=0.6042
2025-12-09 00:47:49.264711: Yayy! New best EMA pseudo Dice: 0.6311
2025-12-09 00:47:50.709455: 
2025-12-09 00:47:50.712650: Epoch 20
2025-12-09 00:47:50.715200: Current learning rate: 0.0094
2025-12-09 00:48:39.044319: train_loss 0.6851
2025-12-09 00:48:39.065409: val_loss 4.5871
2025-12-09 00:48:39.069306: val classification accuracy 0.4896
2025-12-09 00:48:39.072578: val auc 0.4922
2025-12-09 00:48:39.075840: Epoch time: 48.34 s
2025-12-09 00:48:39.874729: 
2025-12-09 00:48:39.878463: Epoch 21
2025-12-09 00:48:39.881151: Current learning rate: 0.00937
2025-12-09 00:49:32.097808: train_loss 0.666
2025-12-09 00:49:32.103208: val_loss 3.5422
2025-12-09 00:49:32.106506: val classification accuracy 0.5208
2025-12-09 00:49:32.109574: val auc 0.4933
2025-12-09 00:49:32.112996: Epoch time: 52.22 s
2025-12-09 00:49:33.023314: 
2025-12-09 00:49:33.026995: Epoch 22
2025-12-09 00:49:33.029706: Current learning rate: 0.00934
2025-12-09 00:50:22.451053: train_loss 0.6733
2025-12-09 00:50:22.521988: val_loss 0.8577
2025-12-09 00:50:22.525383: val classification accuracy 0.5417
2025-12-09 00:50:22.528084: val auc 0.5838
2025-12-09 00:50:22.530536: Epoch time: 49.43 s
2025-12-09 00:50:23.401679: 
2025-12-09 00:50:23.405498: Epoch 23
2025-12-09 00:50:23.408403: Current learning rate: 0.00931
2025-12-09 00:51:14.871138: train_loss 0.6702
2025-12-09 00:51:14.904417: val_loss 2.6869
2025-12-09 00:51:14.907483: val classification accuracy 0.5729
2025-12-09 00:51:14.910122: val auc 0.5425
2025-12-09 00:51:14.921300: Epoch time: 51.47 s
2025-12-09 00:51:15.714553: 
2025-12-09 00:51:15.717933: Epoch 24
2025-12-09 00:51:15.720616: Current learning rate: 0.00928
2025-12-09 00:52:09.619637: train_loss 0.6771
2025-12-09 00:52:09.623988: val_loss 0.706
2025-12-09 00:52:09.626818: val classification accuracy 0.5729
2025-12-09 00:52:09.629380: val auc 0.6272
2025-12-09 00:52:09.632515: Epoch time: 53.91 s
2025-12-09 00:52:10.403109: 
2025-12-09 00:52:10.406657: Epoch 25
2025-12-09 00:52:10.409083: Current learning rate: 0.00925
2025-12-09 00:53:04.529151: train_loss 0.6785
2025-12-09 00:53:04.545808: val_loss 1.0137
2025-12-09 00:53:04.549818: val classification accuracy 0.4688
2025-12-09 00:53:04.552939: val auc 0.4987
2025-12-09 00:53:04.555789: Epoch time: 54.13 s
2025-12-09 00:53:05.361148: 
2025-12-09 00:53:05.365103: Epoch 26
2025-12-09 00:53:05.368266: Current learning rate: 0.00922
2025-12-09 00:53:53.750678: train_loss 0.6778
2025-12-09 00:53:53.755259: val_loss 0.7747
2025-12-09 00:53:53.758325: val classification accuracy 0.5312
2025-12-09 00:53:53.761212: val auc 0.566
2025-12-09 00:53:53.763996: Epoch time: 48.39 s
2025-12-09 00:53:54.571871: 
2025-12-09 00:53:54.575310: Epoch 27
2025-12-09 00:53:54.577684: Current learning rate: 0.00919
2025-12-09 00:54:43.212905: train_loss 0.6766
2025-12-09 00:54:43.217087: val_loss 1.0934
2025-12-09 00:54:43.219703: val classification accuracy 0.5312
2025-12-09 00:54:43.222265: val auc 0.5469
2025-12-09 00:54:43.226384: Epoch time: 48.64 s
2025-12-09 00:54:43.991178: 
2025-12-09 00:54:43.994867: Epoch 28
2025-12-09 00:54:43.997530: Current learning rate: 0.00916
2025-12-09 00:55:37.436737: train_loss 0.6769
2025-12-09 00:55:37.441844: val_loss 0.8948
2025-12-09 00:55:37.445353: val classification accuracy 0.4479
2025-12-09 00:55:37.449002: val auc 0.4657
2025-12-09 00:55:37.452389: Epoch time: 53.45 s
2025-12-09 00:55:38.306691: 
2025-12-09 00:55:38.310782: Epoch 29
2025-12-09 00:55:38.313608: Current learning rate: 0.00913
2025-12-09 00:56:30.456610: train_loss 0.6622
2025-12-09 00:56:30.503992: val_loss 1.0303
2025-12-09 00:56:30.507798: val classification accuracy 0.5938
2025-12-09 00:56:30.511380: val auc 0.6183
2025-12-09 00:56:30.514424: Epoch time: 52.15 s
2025-12-09 00:56:31.295188: 
2025-12-09 00:56:31.298481: Epoch 30
2025-12-09 00:56:31.300803: Current learning rate: 0.0091
2025-12-09 00:57:23.938281: train_loss 0.6577
2025-12-09 00:57:23.942672: val_loss 1.3188
2025-12-09 00:57:23.961581: val classification accuracy 0.5625
2025-12-09 00:57:23.965204: val auc 0.5775
2025-12-09 00:57:23.968118: Epoch time: 52.64 s
2025-12-09 00:57:24.802607: 
2025-12-09 00:57:24.806829: Epoch 31
2025-12-09 00:57:24.809810: Current learning rate: 0.00907
2025-12-09 00:58:17.399889: train_loss 0.6642
2025-12-09 00:58:17.409085: val_loss 1.7273
2025-12-09 00:58:17.411679: val classification accuracy 0.5312
2025-12-09 00:58:17.433287: val auc 0.4896
2025-12-09 00:58:17.436943: Epoch time: 52.6 s
2025-12-09 00:58:18.167910: 
2025-12-09 00:58:18.187363: Epoch 32
2025-12-09 00:58:18.192377: Current learning rate: 0.00903
2025-12-09 00:59:12.715777: train_loss 0.6573
2025-12-09 00:59:12.720824: val_loss 1.7846
2025-12-09 00:59:12.724331: val classification accuracy 0.4896
2025-12-09 00:59:12.728113: val auc 0.5497
2025-12-09 00:59:12.731419: Epoch time: 54.55 s
2025-12-09 00:59:13.573084: 
2025-12-09 00:59:13.576288: Epoch 33
2025-12-09 00:59:13.578864: Current learning rate: 0.009
2025-12-09 01:00:04.845443: train_loss 0.6426
2025-12-09 01:00:04.851066: val_loss 1.5368
2025-12-09 01:00:04.854209: val classification accuracy 0.5312
2025-12-09 01:00:04.857213: val auc 0.5638
2025-12-09 01:00:04.860223: Epoch time: 51.27 s
2025-12-09 01:00:05.695372: 
2025-12-09 01:00:05.699268: Epoch 34
2025-12-09 01:00:05.702033: Current learning rate: 0.00897
2025-12-09 01:00:55.458389: train_loss 0.658
2025-12-09 01:00:55.463754: val_loss 1.1803
2025-12-09 01:00:55.466922: val classification accuracy 0.5833
2025-12-09 01:00:55.469833: val auc 0.5944
2025-12-09 01:00:55.472560: Epoch time: 49.76 s
2025-12-09 01:00:56.275240: 
2025-12-09 01:00:56.278698: Epoch 35
2025-12-09 01:00:56.281229: Current learning rate: 0.00894
2025-12-09 01:01:49.071108: train_loss 0.6273
2025-12-09 01:01:49.112283: val_loss 1.45
2025-12-09 01:01:49.116426: val classification accuracy 0.5208
2025-12-09 01:01:49.119481: val auc 0.5386
2025-12-09 01:01:49.122244: Epoch time: 52.8 s
2025-12-09 01:01:50.009591: 
2025-12-09 01:01:50.012730: Epoch 36
2025-12-09 01:01:50.015157: Current learning rate: 0.00891
2025-12-09 01:02:41.329466: train_loss 0.6867
2025-12-09 01:02:41.333966: val_loss 0.9091
2025-12-09 01:02:41.337748: val classification accuracy 0.4896
2025-12-09 01:02:41.341127: val auc 0.4447
2025-12-09 01:02:41.344137: Epoch time: 51.32 s
2025-12-09 01:02:42.227963: 
2025-12-09 01:02:42.231581: Epoch 37
2025-12-09 01:02:42.234010: Current learning rate: 0.00888
2025-12-09 01:03:34.513255: train_loss 0.6726
2025-12-09 01:03:34.518377: val_loss 1.215
2025-12-09 01:03:34.521739: val classification accuracy 0.4271
2025-12-09 01:03:34.524787: val auc 0.4429
2025-12-09 01:03:34.527700: Epoch time: 52.29 s
2025-12-09 01:03:35.307724: 
2025-12-09 01:03:35.311332: Epoch 38
2025-12-09 01:03:35.313884: Current learning rate: 0.00885
2025-12-09 01:04:29.918546: train_loss 0.6489
2025-12-09 01:04:29.923681: val_loss 0.8002
2025-12-09 01:04:29.936671: val classification accuracy 0.5312
2025-12-09 01:04:29.940911: val auc 0.6029
2025-12-09 01:04:29.944830: Epoch time: 54.61 s
2025-12-09 01:04:30.849303: 
2025-12-09 01:04:30.852809: Epoch 39
2025-12-09 01:04:30.855243: Current learning rate: 0.00882
2025-12-09 01:05:21.481347: train_loss 0.67
2025-12-09 01:05:21.511393: val_loss 0.8629
2025-12-09 01:05:21.515025: val classification accuracy 0.5729
2025-12-09 01:05:21.518007: val auc 0.5697
2025-12-09 01:05:21.521052: Epoch time: 50.63 s
2025-12-09 01:05:22.414207: 
2025-12-09 01:05:22.417718: Epoch 40
2025-12-09 01:05:22.420194: Current learning rate: 0.00879
2025-12-09 01:06:17.684067: train_loss 0.6844
2025-12-09 01:06:17.696661: val_loss 0.7602
2025-12-09 01:06:17.700664: val classification accuracy 0.5208
2025-12-09 01:06:17.703918: val auc 0.5616
2025-12-09 01:06:17.707447: Epoch time: 55.27 s
2025-12-09 01:06:18.484664: 
2025-12-09 01:06:18.488802: Epoch 41
2025-12-09 01:06:18.491592: Current learning rate: 0.00876
2025-12-09 01:07:10.469131: train_loss 0.6437
2025-12-09 01:07:10.474294: val_loss 0.8575
2025-12-09 01:07:10.477214: val classification accuracy 0.5417
2025-12-09 01:07:10.480526: val auc 0.5462
2025-12-09 01:07:10.483707: Epoch time: 51.99 s
2025-12-09 01:07:11.971555: 
2025-12-09 01:07:11.974977: Epoch 42
2025-12-09 01:07:11.977411: Current learning rate: 0.00873
2025-12-09 01:08:06.729480: train_loss 0.6595
2025-12-09 01:08:06.733931: val_loss 0.8863
2025-12-09 01:08:06.737032: val classification accuracy 0.5
2025-12-09 01:08:06.739854: val auc 0.5527
2025-12-09 01:08:06.743240: Epoch time: 54.76 s
2025-12-09 01:08:07.559175: 
2025-12-09 01:08:07.562892: Epoch 43
2025-12-09 01:08:07.565340: Current learning rate: 0.0087
2025-12-09 01:08:56.487311: train_loss 0.6739
2025-12-09 01:08:56.500347: val_loss 1.0468
2025-12-09 01:08:56.507512: val classification accuracy 0.5
2025-12-09 01:08:56.510910: val auc 0.5447
2025-12-09 01:08:56.514071: Epoch time: 48.93 s
2025-12-09 01:08:57.320322: 
2025-12-09 01:08:57.324105: Epoch 44
2025-12-09 01:08:57.326707: Current learning rate: 0.00867
2025-12-09 01:09:50.947715: train_loss 0.6587
2025-12-09 01:09:50.952114: val_loss 0.973
2025-12-09 01:09:50.955336: val classification accuracy 0.5521
2025-12-09 01:09:50.958224: val auc 0.5584
2025-12-09 01:09:50.961987: Epoch time: 53.63 s
2025-12-09 01:09:51.763010: 
2025-12-09 01:09:51.766598: Epoch 45
2025-12-09 01:09:51.769161: Current learning rate: 0.00864
2025-12-09 01:10:44.976214: train_loss 0.6331
2025-12-09 01:10:45.008895: val_loss 0.9146
2025-12-09 01:10:45.015239: val classification accuracy 0.4479
2025-12-09 01:10:45.018123: val auc 0.5037
2025-12-09 01:10:45.026064: Epoch time: 53.21 s
2025-12-09 01:10:45.868998: 
2025-12-09 01:10:45.872484: Epoch 46
2025-12-09 01:10:45.874907: Current learning rate: 0.00861
2025-12-09 01:11:38.841416: train_loss 0.6861
2025-12-09 01:11:38.849929: val_loss 0.8046
2025-12-09 01:11:38.853751: val classification accuracy 0.4688
2025-12-09 01:11:38.881443: val auc 0.4857
2025-12-09 01:11:38.885425: Epoch time: 52.97 s
2025-12-09 01:11:40.282175: 
2025-12-09 01:11:40.285667: Epoch 47
2025-12-09 01:11:40.288188: Current learning rate: 0.00858
2025-12-09 01:12:32.181387: train_loss 0.648
2025-12-09 01:12:32.208247: val_loss 1.9261
2025-12-09 01:12:32.211856: val classification accuracy 0.625
2025-12-09 01:12:32.223178: val auc 0.5851
2025-12-09 01:12:32.228374: Epoch time: 51.9 s
2025-12-09 01:12:33.060395: 
2025-12-09 01:12:33.064590: Epoch 48
2025-12-09 01:12:33.067426: Current learning rate: 0.00855
2025-12-09 01:13:29.786647: train_loss 0.6555
2025-12-09 01:13:29.790704: val_loss 1.0925
2025-12-09 01:13:29.793709: val classification accuracy 0.4688
2025-12-09 01:13:29.797055: val auc 0.5521
2025-12-09 01:13:29.800575: Epoch time: 56.73 s
2025-12-09 01:13:30.649030: 
2025-12-09 01:13:30.652338: Epoch 49
2025-12-09 01:13:30.654693: Current learning rate: 0.00852
2025-12-09 01:14:20.348930: train_loss 0.6522
2025-12-09 01:14:20.353836: val_loss 0.8308
2025-12-09 01:14:20.356777: val classification accuracy 0.5312
2025-12-09 01:14:20.359776: val auc 0.5866
2025-12-09 01:14:20.362663: Epoch time: 49.7 s
2025-12-09 01:14:21.155524: 
2025-12-09 01:14:21.158863: Epoch 50
2025-12-09 01:14:21.161375: Current learning rate: 0.00849
2025-12-09 01:15:15.855293: train_loss 0.6274
2025-12-09 01:15:15.860498: val_loss 1.0914
2025-12-09 01:15:15.863516: val classification accuracy 0.4896
2025-12-09 01:15:15.866493: val auc 0.5098
2025-12-09 01:15:15.880193: Epoch time: 54.7 s
2025-12-09 01:15:16.677686: 
2025-12-09 01:15:16.681552: Epoch 51
2025-12-09 01:15:16.684232: Current learning rate: 0.00846
2025-12-09 01:16:12.251833: train_loss 0.6161
2025-12-09 01:16:12.258414: val_loss 1.1586
2025-12-09 01:16:12.262644: val classification accuracy 0.4896
2025-12-09 01:16:12.265929: val auc 0.5072
2025-12-09 01:16:12.268587: Epoch time: 55.58 s
2025-12-09 01:16:13.643702: 
2025-12-09 01:16:13.647024: Epoch 52
2025-12-09 01:16:13.649293: Current learning rate: 0.00843
2025-12-09 01:17:07.065421: train_loss 0.6716
2025-12-09 01:17:07.070379: val_loss 1.1499
2025-12-09 01:17:07.074347: val classification accuracy 0.5
2025-12-09 01:17:07.077088: val auc 0.5473
2025-12-09 01:17:07.079835: Epoch time: 53.42 s
2025-12-09 01:17:07.871646: 
2025-12-09 01:17:07.875124: Epoch 53
2025-12-09 01:17:07.877560: Current learning rate: 0.00839
2025-12-09 01:17:58.476261: train_loss 0.6475
2025-12-09 01:17:58.493261: val_loss 1.5895
2025-12-09 01:17:58.506099: val classification accuracy 0.4688
2025-12-09 01:17:58.509771: val auc 0.5901
2025-12-09 01:17:58.513160: Epoch time: 50.61 s
2025-12-09 01:17:59.316770: 
2025-12-09 01:17:59.320101: Epoch 54
2025-12-09 01:17:59.322517: Current learning rate: 0.00836
2025-12-09 01:18:54.132922: train_loss 0.6712
2025-12-09 01:18:54.138767: val_loss 0.849
2025-12-09 01:18:54.158522: val classification accuracy 0.4375
2025-12-09 01:18:54.163747: val auc 0.4651
2025-12-09 01:18:54.171089: Epoch time: 54.82 s
2025-12-09 01:18:54.974537: 
2025-12-09 01:18:54.978055: Epoch 55
2025-12-09 01:18:54.980313: Current learning rate: 0.00833
2025-12-09 01:19:46.854819: train_loss 0.6391
2025-12-09 01:19:46.859795: val_loss 1.6558
2025-12-09 01:19:46.862474: val classification accuracy 0.5104
2025-12-09 01:19:46.865342: val auc 0.4926
2025-12-09 01:19:46.868033: Epoch time: 51.88 s
2025-12-09 01:19:47.657055: 
2025-12-09 01:19:47.660363: Epoch 56
2025-12-09 01:19:47.662940: Current learning rate: 0.0083
2025-12-09 01:20:39.970229: train_loss 0.6093
2025-12-09 01:20:39.975302: val_loss 0.9941
2025-12-09 01:20:39.983112: val classification accuracy 0.5312
2025-12-09 01:20:39.986669: val auc 0.6024
2025-12-09 01:20:39.989957: Epoch time: 52.31 s
2025-12-09 01:20:40.772469: 
2025-12-09 01:20:40.776144: Epoch 57
2025-12-09 01:20:40.778834: Current learning rate: 0.00827
2025-12-09 01:21:35.195202: train_loss 0.6339
2025-12-09 01:21:35.200490: val_loss 0.8556
2025-12-09 01:21:35.203857: val classification accuracy 0.5208
2025-12-09 01:21:35.206937: val auc 0.5273
2025-12-09 01:21:35.210382: Epoch time: 54.42 s
2025-12-09 01:21:35.978694: 
2025-12-09 01:21:35.982881: Epoch 58
2025-12-09 01:21:35.986529: Current learning rate: 0.00824
2025-12-09 01:22:30.603116: train_loss 0.6301
2025-12-09 01:22:30.607740: val_loss 1.2585
2025-12-09 01:22:30.611083: val classification accuracy 0.3542
2025-12-09 01:22:30.629528: val auc 0.3492
2025-12-09 01:22:30.648080: Epoch time: 54.63 s
2025-12-09 01:22:31.434442: 
2025-12-09 01:22:31.437932: Epoch 59
2025-12-09 01:22:31.440517: Current learning rate: 0.00821
2025-12-09 01:23:23.388063: train_loss 0.6345
2025-12-09 01:23:23.407380: val_loss 0.7943
2025-12-09 01:23:23.421921: val classification accuracy 0.5208
2025-12-09 01:23:23.425606: val auc 0.5762
2025-12-09 01:23:23.430172: Epoch time: 51.96 s
2025-12-09 01:23:24.223741: 
2025-12-09 01:23:24.227715: Epoch 60
2025-12-09 01:23:24.230675: Current learning rate: 0.00818
2025-12-09 01:24:15.980558: train_loss 0.6314
2025-12-09 01:24:15.990168: val_loss 0.842
2025-12-09 01:24:15.993425: val classification accuracy 0.5104
2025-12-09 01:24:15.996838: val auc 0.4865
2025-12-09 01:24:15.999730: Epoch time: 51.76 s
2025-12-09 01:24:16.777329: 
2025-12-09 01:24:16.781171: Epoch 61
2025-12-09 01:24:16.783764: Current learning rate: 0.00815
2025-12-09 01:25:14.134224: train_loss 0.6511
2025-12-09 01:25:14.145351: val_loss 0.9207
2025-12-09 01:25:14.149169: val classification accuracy 0.5104
2025-12-09 01:25:14.152583: val auc 0.605
2025-12-09 01:25:14.155818: Epoch time: 57.36 s
2025-12-09 01:25:14.934556: 
2025-12-09 01:25:14.938637: Epoch 62
2025-12-09 01:25:14.941635: Current learning rate: 0.00812
2025-12-09 01:26:07.777144: train_loss 0.67
2025-12-09 01:26:07.781559: val_loss 0.7417
2025-12-09 01:26:07.789216: val classification accuracy 0.4792
2025-12-09 01:26:07.800336: val auc 0.5319
2025-12-09 01:26:07.811389: Epoch time: 52.84 s
2025-12-09 01:26:08.588114: 
2025-12-09 01:26:08.591931: Epoch 63
2025-12-09 01:26:08.594737: Current learning rate: 0.00809
2025-12-09 01:26:58.489752: train_loss 0.6625
2025-12-09 01:26:58.495003: val_loss 0.6657
2025-12-09 01:26:58.521922: val classification accuracy 0.5417
2025-12-09 01:26:58.525091: val auc 0.673
2025-12-09 01:26:58.527761: Epoch time: 49.9 s
2025-12-09 01:26:58.530204: Yayy! New best EMA pseudo Dice: 0.673
2025-12-09 01:27:00.032403: 
2025-12-09 01:27:00.036182: Epoch 64
2025-12-09 01:27:00.038838: Current learning rate: 0.00806
2025-12-09 01:27:53.455948: train_loss 0.6508
2025-12-09 01:27:53.464597: val_loss 0.7739
2025-12-09 01:27:53.468049: val classification accuracy 0.5938
2025-12-09 01:27:53.477854: val auc 0.645
2025-12-09 01:27:53.481575: Epoch time: 53.43 s
2025-12-09 01:27:54.394823: 
2025-12-09 01:27:54.398437: Epoch 65
2025-12-09 01:27:54.400962: Current learning rate: 0.00803
2025-12-09 01:28:44.012467: train_loss 0.644
2025-12-09 01:28:44.017817: val_loss 0.842
2025-12-09 01:28:44.021062: val classification accuracy 0.4896
2025-12-09 01:28:44.024196: val auc 0.4865
2025-12-09 01:28:44.027418: Epoch time: 49.62 s
2025-12-09 01:28:44.806247: 
2025-12-09 01:28:44.810070: Epoch 66
2025-12-09 01:28:44.812772: Current learning rate: 0.008
2025-12-09 01:29:33.928828: train_loss 0.6347
2025-12-09 01:29:33.933822: val_loss 1.6708
2025-12-09 01:29:33.936724: val classification accuracy 0.5104
2025-12-09 01:29:33.939479: val auc 0.457
2025-12-09 01:29:33.942330: Epoch time: 49.12 s
2025-12-09 01:29:34.752721: 
2025-12-09 01:29:34.756104: Epoch 67
2025-12-09 01:29:34.758495: Current learning rate: 0.00797
2025-12-09 01:30:24.983727: train_loss 0.5955
2025-12-09 01:30:24.993298: val_loss 1.151
2025-12-09 01:30:24.996628: val classification accuracy 0.6042
2025-12-09 01:30:24.999988: val auc 0.6276
2025-12-09 01:30:25.003595: Epoch time: 50.23 s
2025-12-09 01:30:25.834581: 
2025-12-09 01:30:25.839182: Epoch 68
2025-12-09 01:30:25.842190: Current learning rate: 0.00793
2025-12-09 01:31:17.048140: train_loss 0.6333
2025-12-09 01:31:17.053865: val_loss 0.862
2025-12-09 01:31:17.057235: val classification accuracy 0.4271
2025-12-09 01:31:17.060434: val auc 0.4607
2025-12-09 01:31:17.063773: Epoch time: 51.22 s
2025-12-09 01:31:17.856843: 
2025-12-09 01:31:17.860279: Epoch 69
2025-12-09 01:31:17.862911: Current learning rate: 0.0079
2025-12-09 01:32:10.028257: train_loss 0.6243
2025-12-09 01:32:10.050982: val_loss 0.9292
2025-12-09 01:32:10.055162: val classification accuracy 0.4896
2025-12-09 01:32:10.058665: val auc 0.5621
2025-12-09 01:32:10.061836: Epoch time: 52.17 s
2025-12-09 01:32:10.842261: 
2025-12-09 01:32:10.845792: Epoch 70
2025-12-09 01:32:10.848338: Current learning rate: 0.00787
2025-12-09 01:33:05.026262: train_loss 0.6351
2025-12-09 01:33:05.052205: val_loss 1.4905
2025-12-09 01:33:05.055140: val classification accuracy 0.5208
2025-12-09 01:33:05.057633: val auc 0.5907
2025-12-09 01:33:05.060478: Epoch time: 54.19 s
2025-12-09 01:33:05.867248: 
2025-12-09 01:33:05.870752: Epoch 71
2025-12-09 01:33:05.873378: Current learning rate: 0.00784
2025-12-09 01:33:57.743254: train_loss 0.6224
2025-12-09 01:33:57.753681: val_loss 0.7644
2025-12-09 01:33:57.756604: val classification accuracy 0.5417
2025-12-09 01:33:57.759708: val auc 0.5189
2025-12-09 01:33:57.762662: Epoch time: 51.88 s
2025-12-09 01:33:58.568122: 
2025-12-09 01:33:58.571375: Epoch 72
2025-12-09 01:33:58.573921: Current learning rate: 0.00781
2025-12-09 01:34:51.204708: train_loss 0.6184
2025-12-09 01:34:51.248112: val_loss 0.9625
2025-12-09 01:34:51.256850: val classification accuracy 0.5104
2025-12-09 01:34:51.260948: val auc 0.5052
2025-12-09 01:34:51.264389: Epoch time: 52.64 s
2025-12-09 01:34:52.055847: 
2025-12-09 01:34:52.059012: Epoch 73
2025-12-09 01:34:52.061650: Current learning rate: 0.00778
2025-12-09 01:35:45.234752: train_loss 0.6044
2025-12-09 01:35:45.239465: val_loss 0.9661
2025-12-09 01:35:45.242731: val classification accuracy 0.5417
2025-12-09 01:35:45.245564: val auc 0.5273
2025-12-09 01:35:45.248521: Epoch time: 53.18 s
2025-12-09 01:35:46.146708: 
2025-12-09 01:35:46.150229: Epoch 74
2025-12-09 01:35:46.152889: Current learning rate: 0.00775
2025-12-09 01:36:36.078134: train_loss 0.6408
2025-12-09 01:36:36.084213: val_loss 1.2977
2025-12-09 01:36:36.087507: val classification accuracy 0.4896
2025-12-09 01:36:36.109760: val auc 0.5451
2025-12-09 01:36:36.113184: Epoch time: 49.93 s
2025-12-09 01:36:36.902632: 
2025-12-09 01:36:36.906357: Epoch 75
2025-12-09 01:36:36.908848: Current learning rate: 0.00772
2025-12-09 01:37:29.517397: train_loss 0.6201
2025-12-09 01:37:29.532639: val_loss 1.0627
2025-12-09 01:37:29.535898: val classification accuracy 0.4271
2025-12-09 01:37:29.539213: val auc 0.4538
2025-12-09 01:37:29.542014: Epoch time: 52.62 s
2025-12-09 01:37:30.885616: 
2025-12-09 01:37:30.889235: Epoch 76
2025-12-09 01:37:30.892106: Current learning rate: 0.00769
2025-12-09 01:38:23.330520: train_loss 0.6524
2025-12-09 01:38:23.335061: val_loss 0.9151
2025-12-09 01:38:23.338096: val classification accuracy 0.5
2025-12-09 01:38:23.340832: val auc 0.5473
2025-12-09 01:38:23.344208: Epoch time: 52.45 s
2025-12-09 01:38:24.190423: 
2025-12-09 01:38:24.203522: Epoch 77
2025-12-09 01:38:24.206524: Current learning rate: 0.00766
2025-12-09 01:39:18.179399: train_loss 0.6489
2025-12-09 01:39:18.218425: val_loss 0.8204
2025-12-09 01:39:18.237416: val classification accuracy 0.5312
2025-12-09 01:39:18.241278: val auc 0.5857
2025-12-09 01:39:18.245186: Epoch time: 53.99 s
2025-12-09 01:39:19.088517: 
2025-12-09 01:39:19.092141: Epoch 78
2025-12-09 01:39:19.094790: Current learning rate: 0.00763
2025-12-09 01:40:11.184425: train_loss 0.6483
2025-12-09 01:40:11.190038: val_loss 1.0631
2025-12-09 01:40:11.193346: val classification accuracy 0.5104
2025-12-09 01:40:11.196502: val auc 0.5755
2025-12-09 01:40:11.199692: Epoch time: 52.1 s
2025-12-09 01:40:11.937072: 
2025-12-09 01:40:11.940617: Epoch 79
2025-12-09 01:40:11.943582: Current learning rate: 0.0076
2025-12-09 01:41:06.645452: train_loss 0.6601
2025-12-09 01:41:06.660856: val_loss 1.0249
2025-12-09 01:41:06.670285: val classification accuracy 0.4792
2025-12-09 01:41:06.673384: val auc 0.5035
2025-12-09 01:41:06.676683: Epoch time: 54.71 s
2025-12-09 01:41:07.517805: 
2025-12-09 01:41:07.521909: Epoch 80
2025-12-09 01:41:07.524630: Current learning rate: 0.00756
2025-12-09 01:42:02.200147: train_loss 0.629
2025-12-09 01:42:02.205582: val_loss 0.8379
2025-12-09 01:42:02.208697: val classification accuracy 0.4792
2025-12-09 01:42:02.212076: val auc 0.5816
2025-12-09 01:42:02.215607: Epoch time: 54.68 s
2025-12-09 01:42:03.590754: 
2025-12-09 01:42:03.594320: Epoch 81
2025-12-09 01:42:03.596883: Current learning rate: 0.00753
2025-12-09 01:42:58.340528: train_loss 0.5988
2025-12-09 01:42:58.345256: val_loss 0.7237
2025-12-09 01:42:58.348466: val classification accuracy 0.4479
2025-12-09 01:42:58.351350: val auc 0.5069
2025-12-09 01:42:58.367319: Epoch time: 54.75 s
2025-12-09 01:42:59.238683: 
2025-12-09 01:42:59.241980: Epoch 82
2025-12-09 01:42:59.244824: Current learning rate: 0.0075
2025-12-09 01:43:48.731048: train_loss 0.653
2025-12-09 01:43:48.756062: val_loss 0.8223
2025-12-09 01:43:48.760132: val classification accuracy 0.5208
2025-12-09 01:43:48.764056: val auc 0.5441
2025-12-09 01:43:48.767665: Epoch time: 49.49 s
2025-12-09 01:43:49.570057: 
2025-12-09 01:43:49.573919: Epoch 83
2025-12-09 01:43:49.576965: Current learning rate: 0.00747
2025-12-09 01:44:46.699856: train_loss 0.6139
2025-12-09 01:44:46.726426: val_loss 0.8885
2025-12-09 01:44:46.731091: val classification accuracy 0.4896
2025-12-09 01:44:46.734238: val auc 0.5783
2025-12-09 01:44:46.737306: Epoch time: 57.13 s
2025-12-09 01:44:47.533923: 
2025-12-09 01:44:47.537495: Epoch 84
2025-12-09 01:44:47.539863: Current learning rate: 0.00744
2025-12-09 01:45:38.753746: train_loss 0.6044
2025-12-09 01:45:38.778746: val_loss 1.0467
2025-12-09 01:45:38.782158: val classification accuracy 0.5
2025-12-09 01:45:38.785285: val auc 0.5237
2025-12-09 01:45:38.788081: Epoch time: 51.22 s
2025-12-09 01:45:39.607958: 
2025-12-09 01:45:39.611353: Epoch 85
2025-12-09 01:45:39.613936: Current learning rate: 0.00741
2025-12-09 01:46:31.876848: train_loss 0.6149
2025-12-09 01:46:31.882902: val_loss 1.258
2025-12-09 01:46:31.894905: val classification accuracy 0.4896
2025-12-09 01:46:31.898297: val auc 0.5065
2025-12-09 01:46:31.901444: Epoch time: 52.27 s
2025-12-09 01:46:33.423621: 
2025-12-09 01:46:33.427357: Epoch 86
2025-12-09 01:46:33.430046: Current learning rate: 0.00738
2025-12-09 01:47:28.664292: train_loss 0.6107
2025-12-09 01:47:28.670034: val_loss 0.8894
2025-12-09 01:47:28.673862: val classification accuracy 0.4792
2025-12-09 01:47:28.677473: val auc 0.5263
2025-12-09 01:47:28.694405: Epoch time: 55.24 s
2025-12-09 01:47:29.511852: 
2025-12-09 01:47:29.519505: Epoch 87
2025-12-09 01:47:29.524126: Current learning rate: 0.00735
2025-12-09 01:48:21.214605: train_loss 0.5993
2025-12-09 01:48:21.221226: val_loss 0.9251
2025-12-09 01:48:21.225451: val classification accuracy 0.4583
2025-12-09 01:48:21.229705: val auc 0.4861
2025-12-09 01:48:21.233042: Epoch time: 51.7 s
2025-12-09 01:48:22.090522: 
2025-12-09 01:48:22.093745: Epoch 88
2025-12-09 01:48:22.096341: Current learning rate: 0.00732
2025-12-09 01:49:13.606689: train_loss 0.6057
2025-12-09 01:49:13.611652: val_loss 1.3116
2025-12-09 01:49:13.615065: val classification accuracy 0.5417
2025-12-09 01:49:13.618354: val auc 0.5551
2025-12-09 01:49:13.621650: Epoch time: 51.52 s
2025-12-09 01:49:14.460444: 
2025-12-09 01:49:14.464219: Epoch 89
2025-12-09 01:49:14.467079: Current learning rate: 0.00729
2025-12-09 01:50:08.607090: train_loss 0.6377
2025-12-09 01:50:08.612227: val_loss 0.9536
2025-12-09 01:50:08.615366: val classification accuracy 0.4792
2025-12-09 01:50:08.618477: val auc 0.5169
2025-12-09 01:50:08.621742: Epoch time: 54.15 s
2025-12-09 01:50:09.427021: 
2025-12-09 01:50:09.430361: Epoch 90
2025-12-09 01:50:09.432741: Current learning rate: 0.00725
2025-12-09 01:51:02.970160: train_loss 0.6313
2025-12-09 01:51:02.978739: val_loss 0.9004
2025-12-09 01:51:02.982257: val classification accuracy 0.5312
2025-12-09 01:51:02.985277: val auc 0.6098
2025-12-09 01:51:02.988559: Epoch time: 53.54 s
2025-12-09 01:51:03.780123: 
2025-12-09 01:51:03.784294: Epoch 91
2025-12-09 01:51:03.787139: Current learning rate: 0.00722
2025-12-09 01:51:59.108674: train_loss 0.6166
2025-12-09 01:51:59.117782: val_loss 0.8701
2025-12-09 01:51:59.121447: val classification accuracy 0.5
2025-12-09 01:51:59.151839: val auc 0.5145
2025-12-09 01:51:59.156409: Epoch time: 55.33 s
2025-12-09 01:52:00.036352: 
2025-12-09 01:52:00.040258: Epoch 92
2025-12-09 01:52:00.043504: Current learning rate: 0.00719
2025-12-09 01:52:52.578953: train_loss 0.5871
2025-12-09 01:52:52.583992: val_loss 1.0535
2025-12-09 01:52:52.587349: val classification accuracy 0.4583
2025-12-09 01:52:52.590614: val auc 0.4484
2025-12-09 01:52:52.594136: Epoch time: 52.54 s
2025-12-09 01:52:53.372059: 
2025-12-09 01:52:53.375566: Epoch 93
2025-12-09 01:52:53.378130: Current learning rate: 0.00716
2025-12-09 01:53:46.703411: train_loss 0.5967
2025-12-09 01:53:46.710826: val_loss 1.3435
2025-12-09 01:53:46.714342: val classification accuracy 0.4375
2025-12-09 01:53:46.717850: val auc 0.4375
2025-12-09 01:53:46.721153: Epoch time: 53.33 s
2025-12-09 01:53:47.668643: 
2025-12-09 01:53:47.672250: Epoch 94
2025-12-09 01:53:47.675004: Current learning rate: 0.00713
2025-12-09 01:54:41.572532: train_loss 0.6242
2025-12-09 01:54:41.589053: val_loss 1.2232
2025-12-09 01:54:41.592610: val classification accuracy 0.5208
2025-12-09 01:54:41.614493: val auc 0.605
2025-12-09 01:54:41.618093: Epoch time: 53.91 s
2025-12-09 01:54:42.421394: 
2025-12-09 01:54:42.425041: Epoch 95
2025-12-09 01:54:42.427629: Current learning rate: 0.0071
2025-12-09 01:55:33.001336: train_loss 0.6395
2025-12-09 01:55:33.006555: val_loss 0.999
2025-12-09 01:55:33.009554: val classification accuracy 0.5104
2025-12-09 01:55:33.012592: val auc 0.5386
2025-12-09 01:55:33.015488: Epoch time: 50.58 s
2025-12-09 01:55:33.790557: 
2025-12-09 01:55:33.794276: Epoch 96
2025-12-09 01:55:33.796917: Current learning rate: 0.00707
2025-12-09 01:56:24.542660: train_loss 0.6477
2025-12-09 01:56:24.547218: val_loss 0.7689
2025-12-09 01:56:24.550556: val classification accuracy 0.5104
2025-12-09 01:56:24.553480: val auc 0.5543
2025-12-09 01:56:24.556328: Epoch time: 50.75 s
2025-12-09 01:56:25.379434: 
2025-12-09 01:56:25.382832: Epoch 97
2025-12-09 01:56:25.385444: Current learning rate: 0.00704
2025-12-09 01:57:18.784916: train_loss 0.6529
2025-12-09 01:57:18.790898: val_loss 0.8685
2025-12-09 01:57:18.793996: val classification accuracy 0.4375
2025-12-09 01:57:18.796904: val auc 0.5122
2025-12-09 01:57:18.799633: Epoch time: 53.41 s
2025-12-09 01:57:19.627925: 
2025-12-09 01:57:19.632122: Epoch 98
2025-12-09 01:57:19.634748: Current learning rate: 0.007
2025-12-09 01:58:12.881115: train_loss 0.5931
2025-12-09 01:58:12.885785: val_loss 0.8618
2025-12-09 01:58:12.889050: val classification accuracy 0.5208
2025-12-09 01:58:12.896630: val auc 0.6224
2025-12-09 01:58:12.899710: Epoch time: 53.25 s
2025-12-09 01:58:13.779134: 
2025-12-09 01:58:13.782842: Epoch 99
2025-12-09 01:58:13.785612: Current learning rate: 0.00697
2025-12-09 01:59:05.155535: train_loss 0.6109
2025-12-09 01:59:05.160961: val_loss 0.906
2025-12-09 01:59:05.210955: val classification accuracy 0.5104
2025-12-09 01:59:05.214488: val auc 0.5538
2025-12-09 01:59:05.218492: Epoch time: 51.38 s
2025-12-09 01:59:06.023543: 
2025-12-09 01:59:06.027071: Epoch 100
2025-12-09 01:59:06.029644: Current learning rate: 0.00694
2025-12-09 01:59:56.292081: train_loss 0.6423
2025-12-09 01:59:56.318942: val_loss 0.8658
2025-12-09 01:59:56.323275: val classification accuracy 0.5104
2025-12-09 01:59:56.327981: val auc 0.5699
2025-12-09 01:59:56.331258: Epoch time: 50.27 s
2025-12-09 01:59:57.174821: 
2025-12-09 01:59:57.179011: Epoch 101
2025-12-09 01:59:57.182382: Current learning rate: 0.00691
2025-12-09 02:00:48.941383: train_loss 0.6192
2025-12-09 02:00:48.968302: val_loss 0.895
2025-12-09 02:00:48.971986: val classification accuracy 0.6146
2025-12-09 02:00:48.975247: val auc 0.6022
2025-12-09 02:00:48.983198: Epoch time: 51.77 s
2025-12-09 02:00:49.805550: 
2025-12-09 02:00:49.809231: Epoch 102
2025-12-09 02:00:49.811852: Current learning rate: 0.00688
2025-12-09 02:01:42.779169: train_loss 0.6276
2025-12-09 02:01:42.787921: val_loss 0.8093
2025-12-09 02:01:42.791346: val classification accuracy 0.5625
2025-12-09 02:01:42.794861: val auc 0.566
2025-12-09 02:01:42.797890: Epoch time: 52.98 s
2025-12-09 02:01:43.632086: 
2025-12-09 02:01:43.635754: Epoch 103
2025-12-09 02:01:43.638554: Current learning rate: 0.00685
2025-12-09 02:02:38.116607: train_loss 0.6036
2025-12-09 02:02:38.121987: val_loss 0.873
2025-12-09 02:02:38.126190: val classification accuracy 0.4896
2025-12-09 02:02:38.131566: val auc 0.5015
2025-12-09 02:02:38.136805: Epoch time: 54.49 s
2025-12-09 02:02:38.930032: 
2025-12-09 02:02:38.933841: Epoch 104
2025-12-09 02:02:38.936814: Current learning rate: 0.00682
2025-12-09 02:03:31.192433: train_loss 0.6104
2025-12-09 02:03:31.231984: val_loss 0.795
2025-12-09 02:03:31.259899: val classification accuracy 0.5
2025-12-09 02:03:31.264417: val auc 0.5428
2025-12-09 02:03:31.268568: Epoch time: 52.26 s
2025-12-09 02:03:32.103044: 
2025-12-09 02:03:32.106681: Epoch 105
2025-12-09 02:03:32.109360: Current learning rate: 0.00679
2025-12-09 02:04:22.176734: train_loss 0.5956
2025-12-09 02:04:22.182067: val_loss 0.7399
2025-12-09 02:04:22.185313: val classification accuracy 0.625
2025-12-09 02:04:22.188344: val auc 0.6927
2025-12-09 02:04:22.191373: Epoch time: 50.08 s
2025-12-09 02:04:22.194186: Yayy! New best EMA pseudo Dice: 0.6927
2025-12-09 02:04:23.744227: 
2025-12-09 02:04:23.748111: Epoch 106
2025-12-09 02:04:23.751314: Current learning rate: 0.00675
2025-12-09 02:05:12.856526: train_loss 0.6002
2025-12-09 02:05:13.180451: val_loss 1.1206
2025-12-09 02:05:13.183804: val classification accuracy 0.6458
2025-12-09 02:05:13.187257: val auc 0.6003
2025-12-09 02:05:13.190609: Epoch time: 49.11 s
2025-12-09 02:05:13.193564: Yayy! New best classification accuracy: 0.6458
2025-12-09 02:05:14.754177: 
2025-12-09 02:05:14.757833: Epoch 107
2025-12-09 02:05:14.760407: Current learning rate: 0.00672
2025-12-09 02:06:05.084899: train_loss 0.6211
2025-12-09 02:06:05.090259: val_loss 0.888
2025-12-09 02:06:05.094071: val classification accuracy 0.5521
2025-12-09 02:06:05.097605: val auc 0.572
2025-12-09 02:06:05.100640: Epoch time: 50.33 s
2025-12-09 02:06:05.991165: 
2025-12-09 02:06:05.995323: Epoch 108
2025-12-09 02:06:05.998378: Current learning rate: 0.00669
2025-12-09 02:06:59.604558: train_loss 0.5847
2025-12-09 02:06:59.612155: val_loss 0.9235
2025-12-09 02:06:59.615823: val classification accuracy 0.5729
2025-12-09 02:06:59.619156: val auc 0.6128
2025-12-09 02:06:59.643995: Epoch time: 53.62 s
2025-12-09 02:07:00.435463: 
2025-12-09 02:07:00.439036: Epoch 109
2025-12-09 02:07:00.442044: Current learning rate: 0.00666
2025-12-09 02:07:54.582963: train_loss 0.6422
2025-12-09 02:07:54.588179: val_loss 0.875
2025-12-09 02:07:54.591142: val classification accuracy 0.5833
2025-12-09 02:07:54.597365: val auc 0.6098
2025-12-09 02:07:54.600458: Epoch time: 54.15 s
2025-12-09 02:07:56.099185: 
2025-12-09 02:07:56.102558: Epoch 110
2025-12-09 02:07:56.105211: Current learning rate: 0.00663
2025-12-09 02:08:49.148688: train_loss 0.5795
2025-12-09 02:08:49.152755: val_loss 0.8366
2025-12-09 02:08:49.155909: val classification accuracy 0.5417
2025-12-09 02:08:49.158789: val auc 0.5599
2025-12-09 02:08:49.161452: Epoch time: 53.05 s
2025-12-09 02:08:49.933583: 
2025-12-09 02:08:49.937238: Epoch 111
2025-12-09 02:08:49.939895: Current learning rate: 0.0066
2025-12-09 02:09:43.470697: train_loss 0.6061
2025-12-09 02:09:43.480730: val_loss 0.8651
2025-12-09 02:09:43.483524: val classification accuracy 0.4896
2025-12-09 02:09:43.486253: val auc 0.5063
2025-12-09 02:09:43.489126: Epoch time: 53.54 s
2025-12-09 02:09:44.297229: 
2025-12-09 02:09:44.301196: Epoch 112
2025-12-09 02:09:44.303935: Current learning rate: 0.00657
2025-12-09 02:10:37.015113: train_loss 0.5909
2025-12-09 02:10:37.020260: val_loss 1.2368
2025-12-09 02:10:37.023415: val classification accuracy 0.4062
2025-12-09 02:10:37.027712: val auc 0.416
2025-12-09 02:10:37.031300: Epoch time: 52.72 s
2025-12-09 02:10:37.836521: 
2025-12-09 02:10:37.840097: Epoch 113
2025-12-09 02:10:37.842688: Current learning rate: 0.00654
2025-12-09 02:11:28.618951: train_loss 0.6187
2025-12-09 02:11:28.624679: val_loss 0.8374
2025-12-09 02:11:28.628553: val classification accuracy 0.5521
2025-12-09 02:11:28.656472: val auc 0.5632
2025-12-09 02:11:28.678400: Epoch time: 50.78 s
2025-12-09 02:11:29.441611: 
2025-12-09 02:11:29.445250: Epoch 114
2025-12-09 02:11:29.447944: Current learning rate: 0.0065
2025-12-09 02:12:21.659125: train_loss 0.6149
2025-12-09 02:12:21.664771: val_loss 0.9818
2025-12-09 02:12:21.668528: val classification accuracy 0.4167
2025-12-09 02:12:21.671765: val auc 0.4703
2025-12-09 02:12:21.675093: Epoch time: 52.22 s
2025-12-09 02:12:23.133319: 
2025-12-09 02:12:23.136815: Epoch 115
2025-12-09 02:12:23.139779: Current learning rate: 0.00647
2025-12-09 02:13:15.525483: train_loss 0.6237
2025-12-09 02:13:15.533702: val_loss 0.9589
2025-12-09 02:13:15.537150: val classification accuracy 0.5521
2025-12-09 02:13:15.540285: val auc 0.528
2025-12-09 02:13:15.543223: Epoch time: 52.39 s
2025-12-09 02:13:16.494416: 
2025-12-09 02:13:16.502371: Epoch 116
2025-12-09 02:13:16.505335: Current learning rate: 0.00644
2025-12-09 02:14:10.099716: train_loss 0.6592
2025-12-09 02:14:10.104183: val_loss 0.8973
2025-12-09 02:14:10.107018: val classification accuracy 0.4479
2025-12-09 02:14:10.112246: val auc 0.4579
2025-12-09 02:14:10.115751: Epoch time: 53.61 s
2025-12-09 02:14:10.906741: 
2025-12-09 02:14:10.910396: Epoch 117
2025-12-09 02:14:10.913010: Current learning rate: 0.00641
2025-12-09 02:15:07.923362: train_loss 0.5853
2025-12-09 02:15:07.931905: val_loss 0.8878
2025-12-09 02:15:07.935286: val classification accuracy 0.5208
2025-12-09 02:15:07.938239: val auc 0.5729
2025-12-09 02:15:07.941373: Epoch time: 57.02 s
2025-12-09 02:15:08.763146: 
2025-12-09 02:15:08.766669: Epoch 118
2025-12-09 02:15:08.769526: Current learning rate: 0.00638
2025-12-09 02:16:02.699642: train_loss 0.5785
2025-12-09 02:16:02.716008: val_loss 0.9512
2025-12-09 02:16:02.719675: val classification accuracy 0.5417
2025-12-09 02:16:02.723020: val auc 0.5395
2025-12-09 02:16:02.726083: Epoch time: 53.94 s
2025-12-09 02:16:03.492490: 
2025-12-09 02:16:03.496462: Epoch 119
2025-12-09 02:16:03.499066: Current learning rate: 0.00635
2025-12-09 02:16:55.658656: train_loss 0.5806
2025-12-09 02:16:55.663007: val_loss 1.2534
2025-12-09 02:16:55.666028: val classification accuracy 0.5104
2025-12-09 02:16:55.668718: val auc 0.5052
2025-12-09 02:16:55.671617: Epoch time: 52.17 s
2025-12-09 02:16:57.081494: 
2025-12-09 02:16:57.084740: Epoch 120
2025-12-09 02:16:57.087184: Current learning rate: 0.00631
2025-12-09 02:17:47.257979: train_loss 0.606
2025-12-09 02:17:47.262743: val_loss 0.9645
2025-12-09 02:17:47.265794: val classification accuracy 0.5417
2025-12-09 02:17:47.268723: val auc 0.5621
2025-12-09 02:17:47.272530: Epoch time: 50.18 s
2025-12-09 02:17:48.052303: 
2025-12-09 02:17:48.055433: Epoch 121
2025-12-09 02:17:48.057815: Current learning rate: 0.00628
2025-12-09 02:18:40.373562: train_loss 0.5661
2025-12-09 02:18:40.379437: val_loss 0.9781
2025-12-09 02:18:40.382987: val classification accuracy 0.5208
2025-12-09 02:18:40.386470: val auc 0.4779
2025-12-09 02:18:40.390016: Epoch time: 52.32 s
2025-12-09 02:18:41.263280: 
2025-12-09 02:18:41.266965: Epoch 122
2025-12-09 02:18:41.269866: Current learning rate: 0.00625
2025-12-09 02:19:34.469652: train_loss 0.5626
2025-12-09 02:19:34.474186: val_loss 0.862
2025-12-09 02:19:34.477396: val classification accuracy 0.5312
2025-12-09 02:19:34.480416: val auc 0.6126
2025-12-09 02:19:34.483539: Epoch time: 53.21 s
2025-12-09 02:19:35.261398: 
2025-12-09 02:19:35.264800: Epoch 123
2025-12-09 02:19:35.267396: Current learning rate: 0.00622
2025-12-09 02:20:25.619526: train_loss 0.574
2025-12-09 02:20:25.624737: val_loss 1.0689
2025-12-09 02:20:25.627948: val classification accuracy 0.5104
2025-12-09 02:20:25.630957: val auc 0.5777
2025-12-09 02:20:25.634393: Epoch time: 50.36 s
2025-12-09 02:20:26.452763: 
2025-12-09 02:20:26.456461: Epoch 124
2025-12-09 02:20:26.459181: Current learning rate: 0.00619
2025-12-09 02:21:15.212821: train_loss 0.6222
2025-12-09 02:21:15.222368: val_loss 0.7503
2025-12-09 02:21:15.226174: val classification accuracy 0.4792
2025-12-09 02:21:15.229734: val auc 0.5749
2025-12-09 02:21:15.233108: Epoch time: 48.76 s
2025-12-09 02:21:16.699164: 
2025-12-09 02:21:16.702697: Epoch 125
2025-12-09 02:21:16.705261: Current learning rate: 0.00616
2025-12-09 02:22:09.897605: train_loss 0.6217
2025-12-09 02:22:09.902737: val_loss 0.9362
2025-12-09 02:22:09.905924: val classification accuracy 0.4896
2025-12-09 02:22:09.908888: val auc 0.5037
2025-12-09 02:22:09.911686: Epoch time: 53.2 s
2025-12-09 02:22:10.745656: 
2025-12-09 02:22:10.749408: Epoch 126
2025-12-09 02:22:10.752245: Current learning rate: 0.00612
2025-12-09 02:23:06.212445: train_loss 0.5913
2025-12-09 02:23:06.217111: val_loss 0.9261
2025-12-09 02:23:06.220627: val classification accuracy 0.5
2025-12-09 02:23:06.223690: val auc 0.5612
2025-12-09 02:23:06.226978: Epoch time: 55.47 s
2025-12-09 02:23:07.064600: 
2025-12-09 02:23:07.068544: Epoch 127
2025-12-09 02:23:07.071411: Current learning rate: 0.00609
2025-12-09 02:24:01.751810: train_loss 0.5926
2025-12-09 02:24:01.756793: val_loss 0.8466
2025-12-09 02:24:01.760024: val classification accuracy 0.5104
2025-12-09 02:24:01.764668: val auc 0.5469
2025-12-09 02:24:01.768837: Epoch time: 54.69 s
2025-12-09 02:24:02.680532: 
2025-12-09 02:24:02.684074: Epoch 128
2025-12-09 02:24:02.686768: Current learning rate: 0.00606
2025-12-09 02:24:56.599130: train_loss 0.5737
2025-12-09 02:24:56.609605: val_loss 0.8374
2025-12-09 02:24:56.620994: val classification accuracy 0.625
2025-12-09 02:24:56.624055: val auc 0.6359
2025-12-09 02:24:56.627071: Epoch time: 53.92 s
2025-12-09 02:24:57.415954: 
2025-12-09 02:24:57.419979: Epoch 129
2025-12-09 02:24:57.422632: Current learning rate: 0.00603
2025-12-09 02:25:48.417679: train_loss 0.5522
2025-12-09 02:25:48.423777: val_loss 0.8263
2025-12-09 02:25:48.427509: val classification accuracy 0.4792
2025-12-09 02:25:48.431153: val auc 0.579
2025-12-09 02:25:48.435198: Epoch time: 51.0 s
2025-12-09 02:25:50.223694: 
2025-12-09 02:25:50.227951: Epoch 130
2025-12-09 02:25:50.231027: Current learning rate: 0.006
2025-12-09 02:26:39.392732: train_loss 0.5319
2025-12-09 02:26:39.417119: val_loss 0.9555
2025-12-09 02:26:39.420476: val classification accuracy 0.5312
2025-12-09 02:26:39.423305: val auc 0.546
2025-12-09 02:26:39.426444: Epoch time: 49.17 s
2025-12-09 02:26:40.360405: 
2025-12-09 02:26:40.364557: Epoch 131
2025-12-09 02:26:40.368024: Current learning rate: 0.00597
2025-12-09 02:27:33.866483: train_loss 0.584
2025-12-09 02:27:33.885237: val_loss 0.9978
2025-12-09 02:27:33.888621: val classification accuracy 0.5208
2025-12-09 02:27:33.891790: val auc 0.4323
2025-12-09 02:27:33.894759: Epoch time: 53.51 s
2025-12-09 02:27:34.670716: 
2025-12-09 02:27:34.674033: Epoch 132
2025-12-09 02:27:34.686028: Current learning rate: 0.00593
2025-12-09 02:28:26.780533: train_loss 0.6079
2025-12-09 02:28:26.796395: val_loss 0.8753
2025-12-09 02:28:26.799790: val classification accuracy 0.4583
2025-12-09 02:28:26.803196: val auc 0.4826
2025-12-09 02:28:26.806410: Epoch time: 52.11 s
2025-12-09 02:28:27.730376: 
2025-12-09 02:28:27.734645: Epoch 133
2025-12-09 02:28:27.737453: Current learning rate: 0.0059
2025-12-09 02:29:25.493432: train_loss 0.5821
2025-12-09 02:29:25.509807: val_loss 1.1822
2025-12-09 02:29:25.512887: val classification accuracy 0.4792
2025-12-09 02:29:25.516029: val auc 0.4755
2025-12-09 02:29:25.519065: Epoch time: 57.76 s
2025-12-09 02:29:26.282483: 
2025-12-09 02:29:26.286084: Epoch 134
2025-12-09 02:29:26.288590: Current learning rate: 0.00587
2025-12-09 02:30:18.508324: train_loss 0.5284
2025-12-09 02:30:18.514553: val_loss 1.0155
2025-12-09 02:30:18.518162: val classification accuracy 0.5417
2025-12-09 02:30:18.521674: val auc 0.6122
2025-12-09 02:30:18.525398: Epoch time: 52.23 s
2025-12-09 02:30:19.433889: 
2025-12-09 02:30:19.437467: Epoch 135
2025-12-09 02:30:19.440428: Current learning rate: 0.00584
2025-12-09 02:31:12.417117: train_loss 0.6028
2025-12-09 02:31:12.422920: val_loss 0.8157
2025-12-09 02:31:12.442373: val classification accuracy 0.5104
2025-12-09 02:31:12.445328: val auc 0.4922
2025-12-09 02:31:12.448341: Epoch time: 52.99 s
2025-12-09 02:31:13.241291: 
2025-12-09 02:31:13.244689: Epoch 136
2025-12-09 02:31:13.247349: Current learning rate: 0.00581
2025-12-09 02:32:04.772566: train_loss 0.5576
2025-12-09 02:32:04.778431: val_loss 1.1798
2025-12-09 02:32:04.781936: val classification accuracy 0.5417
2025-12-09 02:32:04.785909: val auc 0.566
2025-12-09 02:32:04.790455: Epoch time: 51.53 s
2025-12-09 02:32:05.592096: 
2025-12-09 02:32:05.596044: Epoch 137
2025-12-09 02:32:05.599183: Current learning rate: 0.00578
2025-12-09 02:32:55.336686: train_loss 0.547
2025-12-09 02:32:55.358651: val_loss 0.9183
2025-12-09 02:32:55.362608: val classification accuracy 0.4688
2025-12-09 02:32:55.366168: val auc 0.4922
2025-12-09 02:32:55.370192: Epoch time: 49.75 s
2025-12-09 02:32:56.260486: 
2025-12-09 02:32:56.264513: Epoch 138
2025-12-09 02:32:56.267818: Current learning rate: 0.00574
2025-12-09 02:33:51.548603: train_loss 0.579
2025-12-09 02:33:51.556195: val_loss 1.1964
2025-12-09 02:33:51.559685: val classification accuracy 0.4375
2025-12-09 02:33:51.563192: val auc 0.4423
2025-12-09 02:33:51.567854: Epoch time: 55.29 s
2025-12-09 02:33:52.337810: 
2025-12-09 02:33:52.341558: Epoch 139
2025-12-09 02:33:52.344613: Current learning rate: 0.00571
2025-12-09 02:34:46.147473: train_loss 0.5828
2025-12-09 02:34:46.152400: val_loss 1.3665
2025-12-09 02:34:46.155385: val classification accuracy 0.4375
2025-12-09 02:34:46.158788: val auc 0.4876
2025-12-09 02:34:46.162104: Epoch time: 53.81 s
2025-12-09 02:34:46.958578: 
2025-12-09 02:34:46.962031: Epoch 140
2025-12-09 02:34:46.964651: Current learning rate: 0.00568
2025-12-09 02:35:40.041049: train_loss 0.5887
2025-12-09 02:35:40.083159: val_loss 0.9021
2025-12-09 02:35:40.105856: val classification accuracy 0.5625
2025-12-09 02:35:40.122699: val auc 0.5506
2025-12-09 02:35:40.126030: Epoch time: 53.08 s
2025-12-09 02:35:40.915303: 
2025-12-09 02:35:40.918852: Epoch 141
2025-12-09 02:35:40.921436: Current learning rate: 0.00565
2025-12-09 02:36:33.629232: train_loss 0.6014
2025-12-09 02:36:33.651938: val_loss 0.9742
2025-12-09 02:36:33.658661: val classification accuracy 0.4896
2025-12-09 02:36:33.662591: val auc 0.5286
2025-12-09 02:36:33.666565: Epoch time: 52.72 s
2025-12-09 02:36:34.482068: 
2025-12-09 02:36:34.485382: Epoch 142
2025-12-09 02:36:34.488087: Current learning rate: 0.00562
2025-12-09 02:37:28.816317: train_loss 0.5451
2025-12-09 02:37:28.821238: val_loss 1.1474
2025-12-09 02:37:28.824730: val classification accuracy 0.5
2025-12-09 02:37:28.827835: val auc 0.5104
2025-12-09 02:37:28.831064: Epoch time: 54.34 s
2025-12-09 02:37:29.608045: 
2025-12-09 02:37:29.611753: Epoch 143
2025-12-09 02:37:29.614350: Current learning rate: 0.00558
2025-12-09 02:38:21.098180: train_loss 0.5256
2025-12-09 02:38:21.104293: val_loss 1.0588
2025-12-09 02:38:21.107648: val classification accuracy 0.5729
2025-12-09 02:38:21.167951: val auc 0.6252
2025-12-09 02:38:21.172283: Epoch time: 51.49 s
2025-12-09 02:38:21.978259: 
2025-12-09 02:38:21.981569: Epoch 144
2025-12-09 02:38:21.984052: Current learning rate: 0.00555
2025-12-09 02:39:16.189524: train_loss 0.5445
2025-12-09 02:39:16.194830: val_loss 1.1788
2025-12-09 02:39:16.198232: val classification accuracy 0.4688
2025-12-09 02:39:16.201420: val auc 0.4286
2025-12-09 02:39:16.205781: Epoch time: 54.21 s
2025-12-09 02:39:16.976321: 
2025-12-09 02:39:16.979939: Epoch 145
2025-12-09 02:39:16.983119: Current learning rate: 0.00552
2025-12-09 02:40:09.085222: train_loss 0.5817
2025-12-09 02:40:09.090591: val_loss 1.2735
2025-12-09 02:40:09.093612: val classification accuracy 0.4688
2025-12-09 02:40:09.096981: val auc 0.5226
2025-12-09 02:40:09.100118: Epoch time: 52.11 s
2025-12-09 02:40:09.935555: 
2025-12-09 02:40:09.939111: Epoch 146
2025-12-09 02:40:09.941840: Current learning rate: 0.00549
2025-12-09 02:40:59.690036: train_loss 0.5923
2025-12-09 02:40:59.699479: val_loss 0.9274
2025-12-09 02:40:59.702868: val classification accuracy 0.5
2025-12-09 02:40:59.707583: val auc 0.5232
2025-12-09 02:40:59.710515: Epoch time: 49.76 s
2025-12-09 02:41:00.534115: 
2025-12-09 02:41:00.537648: Epoch 147
2025-12-09 02:41:00.540270: Current learning rate: 0.00546
2025-12-09 02:41:52.538769: train_loss 0.5474
2025-12-09 02:41:52.544054: val_loss 1.6508
2025-12-09 02:41:52.547133: val classification accuracy 0.4792
2025-12-09 02:41:52.549856: val auc 0.5139
2025-12-09 02:41:52.553156: Epoch time: 52.01 s
2025-12-09 02:41:53.345719: 
2025-12-09 02:41:53.349307: Epoch 148
2025-12-09 02:41:53.352595: Current learning rate: 0.00542
2025-12-09 02:42:45.455401: train_loss 0.583
2025-12-09 02:42:45.459921: val_loss 3.5622
2025-12-09 02:42:45.463401: val classification accuracy 0.5208
2025-12-09 02:42:45.466603: val auc 0.446
2025-12-09 02:42:45.469786: Epoch time: 52.11 s
2025-12-09 02:42:46.226124: 
2025-12-09 02:42:46.229732: Epoch 149
2025-12-09 02:42:46.232554: Current learning rate: 0.00539
2025-12-09 02:43:42.439390: train_loss 0.5599
2025-12-09 02:43:42.491439: val_loss 2.1367
2025-12-09 02:43:42.495097: val classification accuracy 0.5729
2025-12-09 02:43:42.498203: val auc 0.5482
2025-12-09 02:43:42.501342: Epoch time: 56.21 s
2025-12-09 02:43:43.247494: 
2025-12-09 02:43:43.250986: Epoch 150
2025-12-09 02:43:43.253389: Current learning rate: 0.00536
2025-12-09 02:44:35.083456: train_loss 0.5175
2025-12-09 02:44:35.096854: val_loss 1.1848
2025-12-09 02:44:35.100435: val classification accuracy 0.4479
2025-12-09 02:44:35.103393: val auc 0.4362
2025-12-09 02:44:35.106270: Epoch time: 51.84 s
2025-12-09 02:44:35.899657: 
2025-12-09 02:44:35.903138: Epoch 151
2025-12-09 02:44:35.905939: Current learning rate: 0.00533
2025-12-09 02:45:28.687154: train_loss 0.5917
2025-12-09 02:45:28.703356: val_loss 1.7099
2025-12-09 02:45:28.706663: val classification accuracy 0.4792
2025-12-09 02:45:28.709702: val auc 0.5668
2025-12-09 02:45:28.718600: Epoch time: 52.79 s
2025-12-09 02:45:29.527099: 
2025-12-09 02:45:29.530658: Epoch 152
2025-12-09 02:45:29.533309: Current learning rate: 0.00529
2025-12-09 02:46:22.462785: train_loss 0.5637
2025-12-09 02:46:22.476839: val_loss 0.8454
2025-12-09 02:46:22.480545: val classification accuracy 0.5625
2025-12-09 02:46:22.483839: val auc 0.5809
2025-12-09 02:46:22.486819: Epoch time: 52.94 s
2025-12-09 02:46:23.317989: 
2025-12-09 02:46:23.321949: Epoch 153
2025-12-09 02:46:23.324929: Current learning rate: 0.00526
2025-12-09 02:47:16.723330: train_loss 0.5504
2025-12-09 02:47:16.741498: val_loss 1.2004
2025-12-09 02:47:16.745353: val classification accuracy 0.5729
2025-12-09 02:47:16.749001: val auc 0.5844
2025-12-09 02:47:16.752252: Epoch time: 53.41 s
2025-12-09 02:47:17.536587: 
2025-12-09 02:47:17.540358: Epoch 154
2025-12-09 02:47:17.543863: Current learning rate: 0.00523
2025-12-09 02:48:10.684553: train_loss 0.5737
2025-12-09 02:48:10.699703: val_loss 0.8575
2025-12-09 02:48:10.717357: val classification accuracy 0.5312
2025-12-09 02:48:10.726594: val auc 0.5883
2025-12-09 02:48:10.733225: Epoch time: 53.15 s
2025-12-09 02:48:11.561543: 
2025-12-09 02:48:11.565318: Epoch 155
2025-12-09 02:48:11.568532: Current learning rate: 0.0052
2025-12-09 02:49:02.059862: train_loss 0.563
2025-12-09 02:49:02.065208: val_loss 1.8355
2025-12-09 02:49:02.068568: val classification accuracy 0.4688
2025-12-09 02:49:02.071583: val auc 0.4531
2025-12-09 02:49:02.074595: Epoch time: 50.5 s
2025-12-09 02:49:02.858307: 
2025-12-09 02:49:02.861788: Epoch 156
2025-12-09 02:49:02.864478: Current learning rate: 0.00517
2025-12-09 02:49:55.800141: train_loss 0.5609
2025-12-09 02:49:55.805401: val_loss 1.2912
2025-12-09 02:49:55.808352: val classification accuracy 0.5417
2025-12-09 02:49:55.811932: val auc 0.5195
2025-12-09 02:49:55.814972: Epoch time: 52.94 s
2025-12-09 02:49:56.608424: 
2025-12-09 02:49:56.612265: Epoch 157
2025-12-09 02:49:56.615058: Current learning rate: 0.00513
2025-12-09 02:50:52.569635: train_loss 0.5793
2025-12-09 02:50:52.574955: val_loss 1.9431
2025-12-09 02:50:52.578256: val classification accuracy 0.5312
2025-12-09 02:50:52.582624: val auc 0.5516
2025-12-09 02:50:52.586842: Epoch time: 55.96 s
2025-12-09 02:50:53.391527: 
2025-12-09 02:50:53.395099: Epoch 158
2025-12-09 02:50:53.398092: Current learning rate: 0.0051
2025-12-09 02:51:44.307948: train_loss 0.5366
2025-12-09 02:51:44.322567: val_loss 0.8901
2025-12-09 02:51:44.330717: val classification accuracy 0.6146
2025-12-09 02:51:44.334017: val auc 0.635
2025-12-09 02:51:44.337518: Epoch time: 50.92 s
2025-12-09 02:51:45.767400: 
2025-12-09 02:51:45.771189: Epoch 159
2025-12-09 02:51:45.773863: Current learning rate: 0.00507
2025-12-09 02:52:40.112032: train_loss 0.5218
2025-12-09 02:52:40.117387: val_loss 0.9641
2025-12-09 02:52:40.121366: val classification accuracy 0.6354
2025-12-09 02:52:40.125600: val auc 0.6558
2025-12-09 02:52:40.129599: Epoch time: 54.35 s
2025-12-09 02:52:40.933244: Saved periodic checkpoint /hpf/projects/jquon/sumin/nnUNet_data/nnUNet_results/Dataset003_AVM_T1+C/DenseNetTrainer_ep300_NoMirroring__nnUNetResEncUNetLPlans__3d_fullres/fold_4/checkpoint_every20_best_balacc.pth at epoch 159 with val_balanced_accuracy=0.6354
2025-12-09 02:52:41.766646: 
2025-12-09 02:52:41.770346: Epoch 160
2025-12-09 02:52:41.773178: Current learning rate: 0.00504
2025-12-09 02:53:34.760626: train_loss 0.6014
2025-12-09 02:53:34.767119: val_loss 0.8105
2025-12-09 02:53:34.770444: val classification accuracy 0.5
2025-12-09 02:53:34.773479: val auc 0.5549
2025-12-09 02:53:34.776896: Epoch time: 53.0 s
2025-12-09 02:53:35.554328: 
2025-12-09 02:53:35.557773: Epoch 161
2025-12-09 02:53:35.560427: Current learning rate: 0.005
2025-12-09 02:54:26.580646: train_loss 0.5748
2025-12-09 02:54:26.585627: val_loss 0.9449
2025-12-09 02:54:26.589232: val classification accuracy 0.5
2025-12-09 02:54:26.594198: val auc 0.5527
2025-12-09 02:54:26.598108: Epoch time: 51.03 s
2025-12-09 02:54:27.435041: 
2025-12-09 02:54:27.438613: Epoch 162
2025-12-09 02:54:27.441469: Current learning rate: 0.00497
2025-12-09 02:55:22.788945: train_loss 0.526
2025-12-09 02:55:22.814243: val_loss 1.5809
2025-12-09 02:55:22.818223: val classification accuracy 0.5312
2025-12-09 02:55:22.821706: val auc 0.5475
2025-12-09 02:55:22.829381: Epoch time: 55.36 s
2025-12-09 02:55:23.680992: 
2025-12-09 02:55:23.684866: Epoch 163
2025-12-09 02:55:23.687894: Current learning rate: 0.00494
2025-12-09 02:56:16.700513: train_loss 0.5802
2025-12-09 02:56:16.705834: val_loss 0.9019
2025-12-09 02:56:16.709042: val classification accuracy 0.5521
2025-12-09 02:56:16.712082: val auc 0.5773
2025-12-09 02:56:16.714813: Epoch time: 53.02 s
2025-12-09 02:56:16.717750: Early stopping triggered at epoch 163. Best val_losses=0.6657
2025-12-09 02:56:18.190960: Stopping training early due to early stopping criterion.
2025-12-09 02:56:19.046075: Training done.
2025-12-09 02:56:19.086702: Skipping perform_actual_validation for classification trainer (segmentation-style sliding window is not applicable).
[1;34mwandb[0m: 
[1;34mwandb[0m:  View run [33mDenseNetTrainer_ep300_NoMirroring_fold4[0m at: [34m[0m
[1;34mwandb[0m: Find logs at: [1;35m../../tmp/wandb/wandb/run-20251209_002920-lfwd0hqf/logs[0m
