Using device: cuda:0

#######################################################################
Please cite the following paper when using nnU-Net:
Isensee, F., Jaeger, P. F., Kohl, S. A., Petersen, J., & Maier-Hein, K. H. (2021). nnU-Net: a self-configuring method for deep learning-based biomedical image segmentation. Nature methods, 18(2), 203-211.
#######################################################################

2025-12-08 22:28:35.086938: Using torch.compile...
2025-12-08 22:28:41.202387: do_dummy_2d_data_aug: False
2025-12-08 22:28:41.205685: Using splits from existing split file: /hpf/projects/jquon/sumin/nnUNet_data/nnUNet_preprocessed/Dataset003_AVM_T1+C/splits_final.json
2025-12-08 22:28:41.211439: The split file contains 5 splits.
2025-12-08 22:28:41.212951: Desired fold for training: 0
2025-12-08 22:28:41.214373: This split has 425 training and 87 validation cases.
using pin_memory on device 0
using pin_memory on device 0

This is the configuration used by this training:
Configuration name: 3d_fullres
 {'data_identifier': 'nnUNetPlans_3d_fullres', 'preprocessor_name': 'DefaultPreprocessor', 'batch_size': 2, 'patch_size': [160, 224, 192], 'median_image_size_in_voxels': [344.0, 448.0, 429.0], 'spacing': [0.500000923871994, 0.4910714328289032, 0.4910714328289032], 'normalization_schemes': ['ZScoreNormalization'], 'use_mask_for_norm': [False], 'resampling_fn_data': 'resample_data_or_seg_to_shape', 'resampling_fn_seg': 'resample_data_or_seg_to_shape', 'resampling_fn_data_kwargs': {'is_seg': False, 'order': 3, 'order_z': 0, 'force_separate_z': None}, 'resampling_fn_seg_kwargs': {'is_seg': True, 'order': 1, 'order_z': 0, 'force_separate_z': None}, 'resampling_fn_probabilities': 'resample_data_or_seg_to_shape', 'resampling_fn_probabilities_kwargs': {'is_seg': False, 'order': 1, 'order_z': 0, 'force_separate_z': None}, 'architecture': {'network_class_name': 'dynamic_network_architectures.architectures.unet.ResidualEncoderUNet', 'arch_kwargs': {'n_stages': 6, 'features_per_stage': [32, 64, 128, 256, 320, 320], 'conv_op': 'torch.nn.modules.conv.Conv3d', 'kernel_sizes': [[3, 3, 3], [3, 3, 3], [3, 3, 3], [3, 3, 3], [3, 3, 3], [3, 3, 3]], 'strides': [[1, 1, 1], [2, 2, 2], [2, 2, 2], [2, 2, 2], [2, 2, 2], [2, 2, 2]], 'n_blocks_per_stage': [1, 3, 4, 6, 6, 6], 'n_conv_per_stage_decoder': [1, 1, 1, 1, 1], 'conv_bias': True, 'norm_op': 'torch.nn.modules.instancenorm.InstanceNorm3d', 'norm_op_kwargs': {'eps': 1e-05, 'affine': True}, 'dropout_op': None, 'dropout_op_kwargs': None, 'nonlin': 'torch.nn.LeakyReLU', 'nonlin_kwargs': {'inplace': True}}, '_kw_requires_import': ['conv_op', 'norm_op', 'dropout_op', 'nonlin']}, 'batch_dice': True} 

These are the global plan.json settings:
 {'dataset_name': 'Dataset003_AVM_T1+C', 'plans_name': 'nnUNetResEncUNetLPlans', 'original_median_spacing_after_transp': [0.500000923871994, 0.4910714328289032, 0.4910714328289032], 'original_median_shape_after_transp': [330, 448, 424], 'image_reader_writer': 'SimpleITKIO', 'transpose_forward': [0, 1, 2], 'transpose_backward': [0, 1, 2], 'experiment_planner_used': 'nnUNetPlannerResEncL', 'label_manager': 'LabelManager', 'foreground_intensity_properties_per_channel': {'0': {'max': 12113.0, 'mean': 449.843505859375, 'median': 311.0, 'min': 0.0, 'percentile_00_5': 34.0, 'percentile_99_5': 3202.0, 'std': 471.56329345703125}}} 

2025-12-08 22:28:45.716041: Unable to plot network architecture: nnUNet_compile is enabled!
2025-12-08 22:28:45.748023: 
2025-12-08 22:28:45.751684: Epoch 0
2025-12-08 22:28:45.755331: Current learning rate: 0.01
2025-12-08 22:30:13.653536: train_loss 1.6965
2025-12-08 22:30:13.659884: val_loss 11.4774
2025-12-08 22:30:13.663998: val classification accuracy 0.4419
2025-12-08 22:30:13.666687: val auc 0.4684
2025-12-08 22:30:13.669180: Epoch time: 87.91 s
2025-12-08 22:30:13.671054: Yayy! New best EMA pseudo Dice: 0.4684
2025-12-08 22:30:14.316628: Yayy! New best classification accuracy: 0.4419
2025-12-08 22:30:15.828733: 
2025-12-08 22:30:15.831678: Epoch 1
2025-12-08 22:30:15.833469: Current learning rate: 0.00997
2025-12-08 22:31:14.815295: WARNING: NaNs or Infs in validation probabilities at epoch 1. Sanitizing with nan_to_num before metrics.
2025-12-08 22:31:14.825172: train_loss 2.3655
2025-12-08 22:31:14.829447: val_loss nan
2025-12-08 22:31:14.831945: val classification accuracy 0.407
2025-12-08 22:31:14.834336: val auc 0.3905
2025-12-08 22:31:14.837758: Epoch time: 59.0 s
2025-12-08 22:31:15.666403: 
2025-12-08 22:31:15.669863: Epoch 2
2025-12-08 22:31:15.672074: Current learning rate: 0.00994
2025-12-08 22:32:06.598235: WARNING: NaNs or Infs in validation probabilities at epoch 2. Sanitizing with nan_to_num before metrics.
2025-12-08 22:32:06.632537: train_loss 1.5873
2025-12-08 22:32:06.635669: val_loss nan
2025-12-08 22:32:06.639942: val classification accuracy 0.5465
2025-12-08 22:32:06.654377: val auc 0.6017
2025-12-08 22:32:06.658018: Epoch time: 50.97 s
2025-12-08 22:32:06.660258: Yayy! New best EMA pseudo Dice: 0.6017
2025-12-08 22:32:07.469729: Yayy! New best classification accuracy: 0.5465
2025-12-08 22:32:09.043433: 
2025-12-08 22:32:09.046092: Epoch 3
2025-12-08 22:32:09.047947: Current learning rate: 0.00991
2025-12-08 22:33:00.578509: train_loss 0.8191
2025-12-08 22:33:00.585342: val_loss 1.2171
2025-12-08 22:33:00.591465: val classification accuracy 0.4535
2025-12-08 22:33:00.606137: val auc 0.5544
2025-12-08 22:33:00.608657: Epoch time: 51.54 s
2025-12-08 22:33:01.439903: 
2025-12-08 22:33:01.442708: Epoch 4
2025-12-08 22:33:01.444783: Current learning rate: 0.00988
2025-12-08 22:33:50.861862: train_loss 0.7463
2025-12-08 22:33:50.876279: val_loss 2.9816
2025-12-08 22:33:50.878592: val classification accuracy 0.5698
2025-12-08 22:33:50.880832: val auc 0.586
2025-12-08 22:33:50.883271: Epoch time: 49.42 s
2025-12-08 22:33:50.885391: Yayy! New best classification accuracy: 0.5698
2025-12-08 22:33:52.502033: 
2025-12-08 22:33:52.504860: Epoch 5
2025-12-08 22:33:52.507218: Current learning rate: 0.00985
2025-12-08 22:34:42.291980: train_loss 0.7093
2025-12-08 22:34:42.296585: val_loss 6.044
2025-12-08 22:34:42.299415: val classification accuracy 0.4302
2025-12-08 22:34:42.302173: val auc 0.4156
2025-12-08 22:34:42.304729: Epoch time: 49.79 s
2025-12-08 22:34:43.112556: 
2025-12-08 22:34:43.115500: Epoch 6
2025-12-08 22:34:43.117618: Current learning rate: 0.00982
2025-12-08 22:35:34.088258: train_loss 0.7375
2025-12-08 22:35:34.093409: val_loss 1.4399
2025-12-08 22:35:34.096229: val classification accuracy 0.4419
2025-12-08 22:35:34.098650: val auc 0.3818
2025-12-08 22:35:34.101122: Epoch time: 50.98 s
2025-12-08 22:35:34.988026: 
2025-12-08 22:35:34.991122: Epoch 7
2025-12-08 22:35:34.993282: Current learning rate: 0.00979
2025-12-08 22:36:25.132670: WARNING: NaNs or Infs in validation probabilities at epoch 7. Sanitizing with nan_to_num before metrics.
2025-12-08 22:36:25.143301: train_loss 0.6968
2025-12-08 22:36:25.147274: val_loss nan
2025-12-08 22:36:25.150463: val classification accuracy 0.5814
2025-12-08 22:36:25.161105: val auc 0.603
2025-12-08 22:36:25.186193: Epoch time: 50.16 s
2025-12-08 22:36:25.191082: Yayy! New best EMA pseudo Dice: 0.603
2025-12-08 22:36:26.034950: Yayy! New best classification accuracy: 0.5814
2025-12-08 22:36:27.644093: 
2025-12-08 22:36:27.647038: Epoch 8
2025-12-08 22:36:27.649132: Current learning rate: 0.00976
2025-12-08 22:37:19.907714: train_loss 0.6867
2025-12-08 22:37:19.915638: val_loss 1.771
2025-12-08 22:37:19.918259: val classification accuracy 0.5116
2025-12-08 22:37:19.920599: val auc 0.5427
2025-12-08 22:37:19.922840: Epoch time: 52.27 s
2025-12-08 22:37:20.686851: 
2025-12-08 22:37:20.690266: Epoch 9
2025-12-08 22:37:20.692696: Current learning rate: 0.00973
2025-12-08 22:38:11.205579: train_loss 0.6978
2025-12-08 22:38:11.220846: val_loss 3.6862
2025-12-08 22:38:11.224657: val classification accuracy 0.4884
2025-12-08 22:38:11.259289: val auc 0.4916
2025-12-08 22:38:11.262335: Epoch time: 50.52 s
2025-12-08 22:38:12.126420: 
2025-12-08 22:38:12.129471: Epoch 10
2025-12-08 22:38:12.131952: Current learning rate: 0.0097
2025-12-08 22:39:02.102091: train_loss 0.6925
2025-12-08 22:39:02.106244: val_loss 0.7302
2025-12-08 22:39:02.109229: val classification accuracy 0.5116
2025-12-08 22:39:02.120289: val auc 0.5238
2025-12-08 22:39:02.124077: Epoch time: 49.98 s
2025-12-08 22:39:02.905222: 
2025-12-08 22:39:02.908276: Epoch 11
2025-12-08 22:39:02.910725: Current learning rate: 0.00967
2025-12-08 22:39:52.710697: train_loss 0.6633
2025-12-08 22:39:52.741810: val_loss 1.8204
2025-12-08 22:39:52.753125: val classification accuracy 0.6395
2025-12-08 22:39:52.771376: val auc 0.6179
2025-12-08 22:39:52.779654: Epoch time: 49.81 s
2025-12-08 22:39:52.783884: Yayy! New best EMA pseudo Dice: 0.6179
2025-12-08 22:39:53.578586: Yayy! New best classification accuracy: 0.6395
2025-12-08 22:39:55.191278: 
2025-12-08 22:39:55.194957: Epoch 12
2025-12-08 22:39:55.197691: Current learning rate: 0.00964
2025-12-08 22:40:44.831738: train_loss 0.6995
2025-12-08 22:40:44.842332: val_loss 1.1921
2025-12-08 22:40:44.848048: val classification accuracy 0.4884
2025-12-08 22:40:44.853651: val auc 0.4638
2025-12-08 22:40:44.859178: Epoch time: 49.64 s
2025-12-08 22:40:46.568857: 
2025-12-08 22:40:46.576133: Epoch 13
2025-12-08 22:40:46.580523: Current learning rate: 0.00961
2025-12-08 22:41:35.972109: train_loss 0.6939
2025-12-08 22:41:35.976968: val_loss 0.8164
2025-12-08 22:41:35.979990: val classification accuracy 0.4767
2025-12-08 22:41:35.983109: val auc 0.4721
2025-12-08 22:41:35.986248: Epoch time: 49.42 s
2025-12-08 22:41:36.809949: 
2025-12-08 22:41:36.813760: Epoch 14
2025-12-08 22:41:36.816280: Current learning rate: 0.00958
2025-12-08 22:42:27.010902: train_loss 0.688
2025-12-08 22:42:27.015958: val_loss 1.2187
2025-12-08 22:42:27.019240: val classification accuracy 0.5116
2025-12-08 22:42:27.024706: val auc 0.5319
2025-12-08 22:42:27.037522: Epoch time: 50.2 s
2025-12-08 22:42:27.973845: 
2025-12-08 22:42:27.977185: Epoch 15
2025-12-08 22:42:27.979682: Current learning rate: 0.00955
2025-12-08 22:43:19.186115: train_loss 0.6954
2025-12-08 22:43:19.199401: val_loss 1.0744
2025-12-08 22:43:19.202802: val classification accuracy 0.593
2025-12-08 22:43:19.205800: val auc 0.6295
2025-12-08 22:43:19.208617: Epoch time: 51.21 s
2025-12-08 22:43:19.211323: Yayy! New best EMA pseudo Dice: 0.6295
2025-12-08 22:43:20.850355: 
2025-12-08 22:43:20.854010: Epoch 16
2025-12-08 22:43:20.856478: Current learning rate: 0.00952
2025-12-08 22:44:07.813231: train_loss 0.689
2025-12-08 22:44:07.819169: val_loss 0.661
2025-12-08 22:44:07.851132: val classification accuracy 0.6512
2025-12-08 22:44:07.858694: val auc 0.6858
2025-12-08 22:44:07.865561: Epoch time: 46.96 s
2025-12-08 22:44:07.870077: Yayy! New best EMA pseudo Dice: 0.6858
2025-12-08 22:44:08.657385: Yayy! New best classification accuracy: 0.6512
2025-12-08 22:44:10.272839: 
2025-12-08 22:44:10.276688: Epoch 17
2025-12-08 22:44:10.279714: Current learning rate: 0.00949
2025-12-08 22:44:58.250669: train_loss 0.6926
2025-12-08 22:44:58.256855: val_loss 0.7295
2025-12-08 22:44:58.260037: val classification accuracy 0.5698
2025-12-08 22:44:58.262960: val auc 0.537
2025-12-08 22:44:58.265745: Epoch time: 47.98 s
2025-12-08 22:44:59.063048: 
2025-12-08 22:44:59.077943: Epoch 18
2025-12-08 22:44:59.083225: Current learning rate: 0.00946
2025-12-08 22:45:49.318748: train_loss 0.6747
2025-12-08 22:45:49.323482: val_loss 2.3092
2025-12-08 22:45:49.326505: val classification accuracy 0.4884
2025-12-08 22:45:49.329185: val auc 0.5362
2025-12-08 22:45:49.332215: Epoch time: 50.26 s
2025-12-08 22:45:50.157170: 
2025-12-08 22:45:50.160880: Epoch 19
2025-12-08 22:45:50.163388: Current learning rate: 0.00943
2025-12-08 22:46:40.533122: train_loss 0.693
2025-12-08 22:46:40.546720: val_loss 2.2352
2025-12-08 22:46:40.549461: val classification accuracy 0.5233
2025-12-08 22:46:40.551829: val auc 0.5471
2025-12-08 22:46:40.554166: Epoch time: 50.38 s
2025-12-08 22:46:41.436780: Saved periodic checkpoint /hpf/projects/jquon/sumin/nnUNet_data/nnUNet_results/Dataset003_AVM_T1+C/DenseNetTrainer_ep300_NoMirroring__nnUNetResEncUNetLPlans__3d_fullres/fold_0/checkpoint_every20_best_balacc.pth at epoch 19 with val_balanced_accuracy=0.5233
2025-12-08 22:46:42.242736: 
2025-12-08 22:46:42.246496: Epoch 20
2025-12-08 22:46:42.248967: Current learning rate: 0.0094
2025-12-08 22:47:32.202166: train_loss 0.6806
2025-12-08 22:47:32.206156: val_loss 0.8379
2025-12-08 22:47:32.208937: val classification accuracy 0.6047
2025-12-08 22:47:32.211583: val auc 0.5792
2025-12-08 22:47:32.214292: Epoch time: 49.96 s
2025-12-08 22:47:33.008560: 
2025-12-08 22:47:33.011944: Epoch 21
2025-12-08 22:47:33.014230: Current learning rate: 0.00937
2025-12-08 22:48:21.187311: train_loss 0.6576
2025-12-08 22:48:21.192642: val_loss 1.5889
2025-12-08 22:48:21.197214: val classification accuracy 0.4419
2025-12-08 22:48:21.207349: val auc 0.4281
2025-12-08 22:48:21.211112: Epoch time: 48.18 s
2025-12-08 22:48:22.011212: 
2025-12-08 22:48:22.014743: Epoch 22
2025-12-08 22:48:22.017455: Current learning rate: 0.00934
2025-12-08 22:49:11.592965: train_loss 0.6668
2025-12-08 22:49:11.598014: val_loss 0.8205
2025-12-08 22:49:11.601529: val classification accuracy 0.4767
2025-12-08 22:49:11.605104: val auc 0.4397
2025-12-08 22:49:11.628177: Epoch time: 49.58 s
2025-12-08 22:49:12.534536: 
2025-12-08 22:49:12.538366: Epoch 23
2025-12-08 22:49:12.540726: Current learning rate: 0.00931
2025-12-08 22:50:02.631240: train_loss 0.6798
2025-12-08 22:50:02.636067: val_loss 1.8138
2025-12-08 22:50:02.639644: val classification accuracy 0.4767
2025-12-08 22:50:02.642938: val auc 0.4943
2025-12-08 22:50:02.645977: Epoch time: 50.1 s
2025-12-08 22:50:03.452739: 
2025-12-08 22:50:03.456403: Epoch 24
2025-12-08 22:50:03.458966: Current learning rate: 0.00928
2025-12-08 22:50:50.943689: train_loss 0.6651
2025-12-08 22:50:50.947904: val_loss 0.9292
2025-12-08 22:50:50.951315: val classification accuracy 0.5349
2025-12-08 22:50:50.955015: val auc 0.5408
2025-12-08 22:50:50.958200: Epoch time: 47.49 s
2025-12-08 22:50:51.841993: 
2025-12-08 22:50:51.845665: Epoch 25
2025-12-08 22:50:51.848442: Current learning rate: 0.00925
2025-12-08 22:51:40.697281: train_loss 0.682
2025-12-08 22:51:40.702474: val_loss 0.686
2025-12-08 22:51:40.707970: val classification accuracy 0.6628
2025-12-08 22:51:40.711444: val auc 0.7066
2025-12-08 22:51:40.714914: Epoch time: 48.86 s
2025-12-08 22:51:40.717743: Yayy! New best EMA pseudo Dice: 0.7066
2025-12-08 22:51:41.402419: Yayy! New best classification accuracy: 0.6628
2025-12-08 22:51:42.979593: 
2025-12-08 22:51:42.983013: Epoch 26
2025-12-08 22:51:42.985513: Current learning rate: 0.00922
2025-12-08 22:52:33.079904: train_loss 0.6668
2025-12-08 22:52:33.096450: val_loss 1.0355
2025-12-08 22:52:33.115178: val classification accuracy 0.4419
2025-12-08 22:52:33.117943: val auc 0.4527
2025-12-08 22:52:33.120544: Epoch time: 50.1 s
2025-12-08 22:52:33.933710: 
2025-12-08 22:52:33.937099: Epoch 27
2025-12-08 22:52:33.939645: Current learning rate: 0.00919
2025-12-08 22:53:23.436222: train_loss 0.6564
2025-12-08 22:53:23.444068: val_loss 0.9755
2025-12-08 22:53:23.446950: val classification accuracy 0.4419
2025-12-08 22:53:23.449790: val auc 0.4692
2025-12-08 22:53:23.452493: Epoch time: 49.5 s
2025-12-08 22:53:24.315868: 
2025-12-08 22:53:24.319221: Epoch 28
2025-12-08 22:53:24.321768: Current learning rate: 0.00916
2025-12-08 22:54:16.319421: train_loss 0.6777
2025-12-08 22:54:16.352383: val_loss 1.3137
2025-12-08 22:54:16.355909: val classification accuracy 0.4884
2025-12-08 22:54:16.359303: val auc 0.3897
2025-12-08 22:54:16.362432: Epoch time: 52.01 s
2025-12-08 22:54:17.166747: 
2025-12-08 22:54:17.170066: Epoch 29
2025-12-08 22:54:17.172571: Current learning rate: 0.00913
2025-12-08 22:55:04.326938: train_loss 0.678
2025-12-08 22:55:04.331117: val_loss 1.9656
2025-12-08 22:55:04.342364: val classification accuracy 0.4535
2025-12-08 22:55:04.345717: val auc 0.4064
2025-12-08 22:55:04.349219: Epoch time: 47.16 s
2025-12-08 22:55:05.137450: 
2025-12-08 22:55:05.140884: Epoch 30
2025-12-08 22:55:05.150993: Current learning rate: 0.0091
2025-12-08 22:55:51.978241: train_loss 0.6841
2025-12-08 22:55:52.042098: val_loss 0.9709
2025-12-08 22:55:52.048124: val classification accuracy 0.5349
2025-12-08 22:55:52.051527: val auc 0.5268
2025-12-08 22:55:52.054467: Epoch time: 46.84 s
2025-12-08 22:55:52.857033: 
2025-12-08 22:55:52.862226: Epoch 31
2025-12-08 22:55:52.865807: Current learning rate: 0.00907
2025-12-08 22:56:43.448779: train_loss 0.6381
2025-12-08 22:56:43.481423: val_loss 1.0742
2025-12-08 22:56:43.485001: val classification accuracy 0.4884
2025-12-08 22:56:43.487987: val auc 0.5154
2025-12-08 22:56:43.490975: Epoch time: 50.59 s
2025-12-08 22:56:44.943492: 
2025-12-08 22:56:44.946844: Epoch 32
2025-12-08 22:56:44.949233: Current learning rate: 0.00903
2025-12-08 22:57:33.728257: train_loss 0.6489
2025-12-08 22:57:33.733684: val_loss 0.8097
2025-12-08 22:57:33.747818: val classification accuracy 0.5349
2025-12-08 22:57:33.752825: val auc 0.6092
2025-12-08 22:57:33.759301: Epoch time: 48.79 s
2025-12-08 22:57:34.565444: 
2025-12-08 22:57:34.569266: Epoch 33
2025-12-08 22:57:34.571920: Current learning rate: 0.009
2025-12-08 22:58:21.987401: train_loss 0.6605
2025-12-08 22:58:21.993291: val_loss 0.9564
2025-12-08 22:58:22.000589: val classification accuracy 0.5
2025-12-08 22:58:22.003591: val auc 0.4962
2025-12-08 22:58:22.006647: Epoch time: 47.42 s
2025-12-08 22:58:22.830046: 
2025-12-08 22:58:22.833747: Epoch 34
2025-12-08 22:58:22.836432: Current learning rate: 0.00897
2025-12-08 22:59:11.933222: train_loss 0.6964
2025-12-08 22:59:11.945280: val_loss 2.3523
2025-12-08 22:59:11.947998: val classification accuracy 0.4651
2025-12-08 22:59:11.950654: val auc 0.4803
2025-12-08 22:59:11.953779: Epoch time: 49.1 s
2025-12-08 22:59:12.816225: 
2025-12-08 22:59:12.819464: Epoch 35
2025-12-08 22:59:12.821829: Current learning rate: 0.00894
2025-12-08 23:00:01.432360: train_loss 0.6662
2025-12-08 23:00:01.447357: val_loss 0.8344
2025-12-08 23:00:01.451263: val classification accuracy 0.4884
2025-12-08 23:00:01.455639: val auc 0.5471
2025-12-08 23:00:01.459666: Epoch time: 48.62 s
2025-12-08 23:00:02.363266: 
2025-12-08 23:00:02.367369: Epoch 36
2025-12-08 23:00:02.370275: Current learning rate: 0.00891
2025-12-08 23:00:53.151839: train_loss 0.6618
2025-12-08 23:00:53.163317: val_loss 0.9603
2025-12-08 23:00:53.166180: val classification accuracy 0.4535
2025-12-08 23:00:53.169971: val auc 0.477
2025-12-08 23:00:53.184182: Epoch time: 50.79 s
2025-12-08 23:00:54.021236: 
2025-12-08 23:00:54.024910: Epoch 37
2025-12-08 23:00:54.027514: Current learning rate: 0.00888
2025-12-08 23:01:45.241897: train_loss 0.6818
2025-12-08 23:01:45.247240: val_loss 0.7677
2025-12-08 23:01:45.250614: val classification accuracy 0.4884
2025-12-08 23:01:45.253651: val auc 0.5487
2025-12-08 23:01:45.256694: Epoch time: 51.22 s
2025-12-08 23:01:46.087564: 
2025-12-08 23:01:46.091679: Epoch 38
2025-12-08 23:01:46.094543: Current learning rate: 0.00885
2025-12-08 23:02:39.370818: train_loss 0.6793
2025-12-08 23:02:39.374993: val_loss 1.1436
2025-12-08 23:02:39.377773: val classification accuracy 0.4884
2025-12-08 23:02:39.380518: val auc 0.4797
2025-12-08 23:02:39.383363: Epoch time: 53.29 s
2025-12-08 23:02:40.210287: 
2025-12-08 23:02:40.213933: Epoch 39
2025-12-08 23:02:40.216538: Current learning rate: 0.00882
2025-12-08 23:03:30.633276: train_loss 0.6543
2025-12-08 23:03:30.640387: val_loss 1.0102
2025-12-08 23:03:30.643392: val classification accuracy 0.5698
2025-12-08 23:03:30.646019: val auc 0.5105
2025-12-08 23:03:30.648620: Epoch time: 50.42 s
2025-12-08 23:03:31.264745: Saved periodic checkpoint /hpf/projects/jquon/sumin/nnUNet_data/nnUNet_results/Dataset003_AVM_T1+C/DenseNetTrainer_ep300_NoMirroring__nnUNetResEncUNetLPlans__3d_fullres/fold_0/checkpoint_every20_best_balacc.pth at epoch 39 with val_balanced_accuracy=0.5698
2025-12-08 23:03:32.040020: 
2025-12-08 23:03:32.043518: Epoch 40
2025-12-08 23:03:32.045811: Current learning rate: 0.00879
2025-12-08 23:04:22.459865: train_loss 0.6666
2025-12-08 23:04:22.471478: val_loss 1.0388
2025-12-08 23:04:22.474488: val classification accuracy 0.4535
2025-12-08 23:04:22.477202: val auc 0.4292
2025-12-08 23:04:22.480272: Epoch time: 50.42 s
2025-12-08 23:04:23.324206: 
2025-12-08 23:04:23.328232: Epoch 41
2025-12-08 23:04:23.331147: Current learning rate: 0.00876
2025-12-08 23:05:13.450249: train_loss 0.656
2025-12-08 23:05:13.454434: val_loss 1.1955
2025-12-08 23:05:13.457628: val classification accuracy 0.5116
2025-12-08 23:05:13.460464: val auc 0.5557
2025-12-08 23:05:13.463343: Epoch time: 50.13 s
2025-12-08 23:05:14.312937: 
2025-12-08 23:05:14.316566: Epoch 42
2025-12-08 23:05:14.319268: Current learning rate: 0.00873
2025-12-08 23:06:03.460081: train_loss 0.6867
2025-12-08 23:06:03.464354: val_loss 1.6117
2025-12-08 23:06:03.467076: val classification accuracy 0.5465
2025-12-08 23:06:03.469678: val auc 0.4535
2025-12-08 23:06:03.472240: Epoch time: 49.15 s
2025-12-08 23:06:04.286449: 
2025-12-08 23:06:04.289743: Epoch 43
2025-12-08 23:06:04.292244: Current learning rate: 0.0087
2025-12-08 23:06:56.681755: train_loss 0.6633
2025-12-08 23:06:56.694909: val_loss 1.0406
2025-12-08 23:06:56.698488: val classification accuracy 0.5349
2025-12-08 23:06:56.701633: val auc 0.5357
2025-12-08 23:06:56.704776: Epoch time: 52.4 s
2025-12-08 23:06:57.587497: 
2025-12-08 23:06:57.591499: Epoch 44
2025-12-08 23:06:57.594366: Current learning rate: 0.00867
2025-12-08 23:07:49.896597: train_loss 0.6725
2025-12-08 23:07:49.911453: val_loss 1.937
2025-12-08 23:07:49.914752: val classification accuracy 0.4302
2025-12-08 23:07:49.918840: val auc 0.4137
2025-12-08 23:07:49.922091: Epoch time: 52.31 s
2025-12-08 23:07:50.737770: 
2025-12-08 23:07:50.741504: Epoch 45
2025-12-08 23:07:50.744134: Current learning rate: 0.00864
2025-12-08 23:08:40.404569: train_loss 0.6711
2025-12-08 23:08:40.415039: val_loss 1.1396
2025-12-08 23:08:40.418142: val classification accuracy 0.5116
2025-12-08 23:08:40.421269: val auc 0.474
2025-12-08 23:08:40.423972: Epoch time: 49.67 s
2025-12-08 23:08:41.277791: 
2025-12-08 23:08:41.281482: Epoch 46
2025-12-08 23:08:41.284055: Current learning rate: 0.00861
2025-12-08 23:09:32.755172: train_loss 0.6685
2025-12-08 23:09:32.787657: val_loss 0.7726
2025-12-08 23:09:32.791947: val classification accuracy 0.4767
2025-12-08 23:09:32.795655: val auc 0.589
2025-12-08 23:09:32.800137: Epoch time: 51.48 s
2025-12-08 23:09:33.641422: 
2025-12-08 23:09:33.645417: Epoch 47
2025-12-08 23:09:33.648190: Current learning rate: 0.00858
2025-12-08 23:10:28.708488: train_loss 0.6639
2025-12-08 23:10:28.721462: val_loss 1.2318
2025-12-08 23:10:28.724653: val classification accuracy 0.4884
2025-12-08 23:10:28.727622: val auc 0.4713
2025-12-08 23:10:28.730992: Epoch time: 55.07 s
2025-12-08 23:10:29.558979: 
2025-12-08 23:10:29.562215: Epoch 48
2025-12-08 23:10:29.564553: Current learning rate: 0.00855
2025-12-08 23:11:18.469855: train_loss 0.6752
2025-12-08 23:11:18.475401: val_loss 0.8874
2025-12-08 23:11:18.478472: val classification accuracy 0.5
2025-12-08 23:11:18.481520: val auc 0.5019
2025-12-08 23:11:18.484397: Epoch time: 48.91 s
2025-12-08 23:11:19.394349: 
2025-12-08 23:11:19.398274: Epoch 49
2025-12-08 23:11:19.400712: Current learning rate: 0.00852
2025-12-08 23:12:11.657970: train_loss 0.6927
2025-12-08 23:12:11.662769: val_loss 0.8198
2025-12-08 23:12:11.666653: val classification accuracy 0.5116
2025-12-08 23:12:11.669565: val auc 0.4575
2025-12-08 23:12:11.672371: Epoch time: 52.27 s
2025-12-08 23:12:12.561066: 
2025-12-08 23:12:12.564280: Epoch 50
2025-12-08 23:12:12.567184: Current learning rate: 0.00849
2025-12-08 23:13:02.613766: train_loss 0.6955
2025-12-08 23:13:02.621690: val_loss 0.7103
2025-12-08 23:13:02.627125: val classification accuracy 0.5349
2025-12-08 23:13:02.631545: val auc 0.6325
2025-12-08 23:13:02.643064: Epoch time: 50.05 s
2025-12-08 23:13:03.478557: 
2025-12-08 23:13:03.482509: Epoch 51
2025-12-08 23:13:03.485119: Current learning rate: 0.00846
2025-12-08 23:13:51.367487: train_loss 0.6731
2025-12-08 23:13:51.384036: val_loss 0.8096
2025-12-08 23:13:51.386937: val classification accuracy 0.5581
2025-12-08 23:13:51.390304: val auc 0.5262
2025-12-08 23:13:51.393149: Epoch time: 47.89 s
2025-12-08 23:13:52.154634: 
2025-12-08 23:13:52.158269: Epoch 52
2025-12-08 23:13:52.160836: Current learning rate: 0.00843
2025-12-08 23:14:43.556474: train_loss 0.6662
2025-12-08 23:14:43.562398: val_loss 0.9224
2025-12-08 23:14:43.594201: val classification accuracy 0.4767
2025-12-08 23:14:43.598702: val auc 0.5281
2025-12-08 23:14:43.602343: Epoch time: 51.4 s
2025-12-08 23:14:44.429507: 
2025-12-08 23:14:44.433260: Epoch 53
2025-12-08 23:14:44.436128: Current learning rate: 0.00839
2025-12-08 23:15:36.079662: train_loss 0.6639
2025-12-08 23:15:36.086844: val_loss 0.8771
2025-12-08 23:15:36.090484: val classification accuracy 0.5349
2025-12-08 23:15:36.093754: val auc 0.4819
2025-12-08 23:15:36.100645: Epoch time: 51.65 s
2025-12-08 23:15:36.903231: 
2025-12-08 23:15:36.908143: Epoch 54
2025-12-08 23:15:36.910868: Current learning rate: 0.00836
2025-12-08 23:16:29.883228: train_loss 0.6541
2025-12-08 23:16:29.889619: val_loss 0.8731
2025-12-08 23:16:29.902797: val classification accuracy 0.5465
2025-12-08 23:16:29.916704: val auc 0.5863
2025-12-08 23:16:29.921579: Epoch time: 52.98 s
2025-12-08 23:16:30.732912: 
2025-12-08 23:16:30.736664: Epoch 55
2025-12-08 23:16:30.739220: Current learning rate: 0.00833
2025-12-08 23:17:21.174943: train_loss 0.7005
2025-12-08 23:17:21.179571: val_loss 1.8575
2025-12-08 23:17:21.182418: val classification accuracy 0.4651
2025-12-08 23:17:21.185165: val auc 0.4562
2025-12-08 23:17:21.187924: Epoch time: 50.44 s
2025-12-08 23:17:21.968191: 
2025-12-08 23:17:21.972321: Epoch 56
2025-12-08 23:17:21.974808: Current learning rate: 0.0083
2025-12-08 23:18:13.087926: train_loss 0.6823
2025-12-08 23:18:13.091815: val_loss 1.6761
2025-12-08 23:18:13.095397: val classification accuracy 0.5
2025-12-08 23:18:13.098850: val auc 0.4951
2025-12-08 23:18:13.101664: Epoch time: 51.12 s
2025-12-08 23:18:13.905882: 
2025-12-08 23:18:13.909360: Epoch 57
2025-12-08 23:18:13.911775: Current learning rate: 0.00827
2025-12-08 23:19:03.914559: train_loss 0.6611
2025-12-08 23:19:03.919572: val_loss 0.8686
2025-12-08 23:19:03.923505: val classification accuracy 0.5233
2025-12-08 23:19:03.926604: val auc 0.5143
2025-12-08 23:19:03.929746: Epoch time: 50.01 s
2025-12-08 23:19:04.735941: 
2025-12-08 23:19:04.739912: Epoch 58
2025-12-08 23:19:04.742523: Current learning rate: 0.00824
2025-12-08 23:19:56.756126: train_loss 0.6749
2025-12-08 23:19:56.767369: val_loss 0.9953
2025-12-08 23:19:56.777990: val classification accuracy 0.4186
2025-12-08 23:19:56.780891: val auc 0.4665
2025-12-08 23:19:56.783555: Epoch time: 52.02 s
2025-12-08 23:19:57.551400: 
2025-12-08 23:19:57.554567: Epoch 59
2025-12-08 23:19:57.556894: Current learning rate: 0.00821
2025-12-08 23:20:45.749856: train_loss 0.6804
2025-12-08 23:20:45.754077: val_loss 0.7544
2025-12-08 23:20:45.756863: val classification accuracy 0.5698
2025-12-08 23:20:45.760169: val auc 0.5646
2025-12-08 23:20:45.762865: Epoch time: 48.2 s
2025-12-08 23:20:46.628330: 
2025-12-08 23:20:46.633814: Epoch 60
2025-12-08 23:20:46.636217: Current learning rate: 0.00818
2025-12-08 23:21:36.724476: train_loss 0.6623
2025-12-08 23:21:36.728864: val_loss 1.1955
2025-12-08 23:21:36.732065: val classification accuracy 0.5
2025-12-08 23:21:36.734986: val auc 0.4451
2025-12-08 23:21:36.737931: Epoch time: 50.1 s
2025-12-08 23:21:38.266135: 
2025-12-08 23:21:38.269561: Epoch 61
2025-12-08 23:21:38.272232: Current learning rate: 0.00815
2025-12-08 23:22:29.988020: train_loss 0.6539
2025-12-08 23:22:29.993158: val_loss 0.8107
2025-12-08 23:22:29.996603: val classification accuracy 0.5349
2025-12-08 23:22:29.999668: val auc 0.6052
2025-12-08 23:22:30.002796: Epoch time: 51.72 s
2025-12-08 23:22:30.886068: 
2025-12-08 23:22:30.889821: Epoch 62
2025-12-08 23:22:30.892559: Current learning rate: 0.00812
2025-12-08 23:23:21.733279: train_loss 0.64
2025-12-08 23:23:21.737272: val_loss 1.418
2025-12-08 23:23:21.739969: val classification accuracy 0.4651
2025-12-08 23:23:21.742721: val auc 0.4619
2025-12-08 23:23:21.745451: Epoch time: 50.85 s
2025-12-08 23:23:22.582695: 
2025-12-08 23:23:22.586334: Epoch 63
2025-12-08 23:23:22.588941: Current learning rate: 0.00809
2025-12-08 23:24:15.346558: train_loss 0.6446
2025-12-08 23:24:15.351688: val_loss 1.0399
2025-12-08 23:24:15.355558: val classification accuracy 0.5
2025-12-08 23:24:15.378144: val auc 0.4684
2025-12-08 23:24:15.387569: Epoch time: 52.77 s
2025-12-08 23:24:16.169006: 
2025-12-08 23:24:16.172391: Epoch 64
2025-12-08 23:24:16.174805: Current learning rate: 0.00806
2025-12-08 23:25:08.279301: train_loss 0.6496
2025-12-08 23:25:08.304254: val_loss 1.7149
2025-12-08 23:25:08.320639: val classification accuracy 0.4884
2025-12-08 23:25:08.329940: val auc 0.5279
2025-12-08 23:25:08.343340: Epoch time: 52.11 s
2025-12-08 23:25:09.207007: 
2025-12-08 23:25:09.210608: Epoch 65
2025-12-08 23:25:09.213110: Current learning rate: 0.00803
2025-12-08 23:25:59.284220: train_loss 0.6726
2025-12-08 23:25:59.289284: val_loss 1.2432
2025-12-08 23:25:59.292531: val classification accuracy 0.5
2025-12-08 23:25:59.295557: val auc 0.52
2025-12-08 23:25:59.298376: Epoch time: 50.08 s
2025-12-08 23:26:00.188961: 
2025-12-08 23:26:00.192575: Epoch 66
2025-12-08 23:26:00.194945: Current learning rate: 0.008
2025-12-08 23:26:52.465410: train_loss 0.6341
2025-12-08 23:26:52.469744: val_loss 2.7192
2025-12-08 23:26:52.472814: val classification accuracy 0.5233
2025-12-08 23:26:52.515978: val auc 0.4597
2025-12-08 23:26:52.519441: Epoch time: 52.28 s
2025-12-08 23:26:53.412563: 
2025-12-08 23:26:53.416143: Epoch 67
2025-12-08 23:26:53.418954: Current learning rate: 0.00797
2025-12-08 23:27:43.485510: train_loss 0.6506
2025-12-08 23:27:43.489657: val_loss 1.1569
2025-12-08 23:27:43.492289: val classification accuracy 0.5116
2025-12-08 23:27:43.494814: val auc 0.4651
2025-12-08 23:27:43.497439: Epoch time: 50.07 s
2025-12-08 23:27:44.314583: 
2025-12-08 23:27:44.318118: Epoch 68
2025-12-08 23:27:44.320579: Current learning rate: 0.00793
2025-12-08 23:28:34.171966: train_loss 0.6508
2025-12-08 23:28:34.178295: val_loss 2.0496
2025-12-08 23:28:34.181830: val classification accuracy 0.4535
2025-12-08 23:28:34.211627: val auc 0.4484
2025-12-08 23:28:34.215657: Epoch time: 49.86 s
2025-12-08 23:28:35.162109: 
2025-12-08 23:28:35.165559: Epoch 69
2025-12-08 23:28:35.168200: Current learning rate: 0.0079
2025-12-08 23:29:25.592231: train_loss 0.6301
2025-12-08 23:29:25.600811: val_loss 1.0944
2025-12-08 23:29:25.603971: val classification accuracy 0.5581
2025-12-08 23:29:25.606970: val auc 0.4978
2025-12-08 23:29:25.609936: Epoch time: 50.43 s
2025-12-08 23:29:26.467995: 
2025-12-08 23:29:26.471509: Epoch 70
2025-12-08 23:29:26.474035: Current learning rate: 0.00787
2025-12-08 23:30:16.563509: train_loss 0.662
2025-12-08 23:30:16.581200: val_loss 3.0939
2025-12-08 23:30:16.592159: val classification accuracy 0.4884
2025-12-08 23:30:16.606312: val auc 0.4416
2025-12-08 23:30:16.617252: Epoch time: 50.1 s
2025-12-08 23:30:17.606421: 
2025-12-08 23:30:17.610090: Epoch 71
2025-12-08 23:30:17.612770: Current learning rate: 0.00784
2025-12-08 23:31:09.511783: train_loss 0.6501
2025-12-08 23:31:09.545091: val_loss 0.9039
2025-12-08 23:31:09.548988: val classification accuracy 0.6047
2025-12-08 23:31:09.552636: val auc 0.5352
2025-12-08 23:31:09.559992: Epoch time: 51.91 s
2025-12-08 23:31:10.367553: 
2025-12-08 23:31:10.371250: Epoch 72
2025-12-08 23:31:10.373694: Current learning rate: 0.00781
2025-12-08 23:32:01.832204: train_loss 0.6331
2025-12-08 23:32:01.838868: val_loss 1.0576
2025-12-08 23:32:01.841768: val classification accuracy 0.5
2025-12-08 23:32:01.845022: val auc 0.45
2025-12-08 23:32:01.856497: Epoch time: 51.47 s
2025-12-08 23:32:02.777473: 
2025-12-08 23:32:02.781306: Epoch 73
2025-12-08 23:32:02.784765: Current learning rate: 0.00778
2025-12-08 23:32:53.507348: train_loss 0.6513
2025-12-08 23:32:53.543329: val_loss 1.0815
2025-12-08 23:32:53.547188: val classification accuracy 0.5233
2025-12-08 23:32:53.550574: val auc 0.5219
2025-12-08 23:32:53.553986: Epoch time: 50.73 s
2025-12-08 23:32:54.439261: 
2025-12-08 23:32:54.443383: Epoch 74
2025-12-08 23:32:54.446565: Current learning rate: 0.00775
2025-12-08 23:33:43.525641: train_loss 0.6563
2025-12-08 23:33:43.546414: val_loss 0.8071
2025-12-08 23:33:43.560539: val classification accuracy 0.593
2025-12-08 23:33:43.563849: val auc 0.5335
2025-12-08 23:33:43.567054: Epoch time: 49.09 s
2025-12-08 23:33:44.424047: 
2025-12-08 23:33:44.428055: Epoch 75
2025-12-08 23:33:44.431330: Current learning rate: 0.00772
2025-12-08 23:34:35.476945: train_loss 0.6597
2025-12-08 23:34:35.481818: val_loss 1.5201
2025-12-08 23:34:35.485058: val classification accuracy 0.4535
2025-12-08 23:34:35.487983: val auc 0.401
2025-12-08 23:34:35.491541: Epoch time: 51.05 s
2025-12-08 23:34:36.316599: 
2025-12-08 23:34:36.320251: Epoch 76
2025-12-08 23:34:36.322720: Current learning rate: 0.00769
2025-12-08 23:35:27.182006: train_loss 0.6436
2025-12-08 23:35:27.211506: val_loss 1.266
2025-12-08 23:35:27.214672: val classification accuracy 0.5233
2025-12-08 23:35:27.218204: val auc 0.4538
2025-12-08 23:35:27.221168: Epoch time: 50.87 s
2025-12-08 23:35:28.067133: 
2025-12-08 23:35:28.070791: Epoch 77
2025-12-08 23:35:28.073594: Current learning rate: 0.00766
2025-12-08 23:36:19.870473: train_loss 0.6678
2025-12-08 23:36:19.882587: val_loss 0.8175
2025-12-08 23:36:19.886168: val classification accuracy 0.4884
2025-12-08 23:36:19.888949: val auc 0.5722
2025-12-08 23:36:19.892133: Epoch time: 51.81 s
2025-12-08 23:36:20.714717: 
2025-12-08 23:36:20.718305: Epoch 78
2025-12-08 23:36:20.720868: Current learning rate: 0.00763
2025-12-08 23:37:13.460618: train_loss 0.6608
2025-12-08 23:37:13.479762: val_loss 1.2441
2025-12-08 23:37:13.484056: val classification accuracy 0.4767
2025-12-08 23:37:13.488708: val auc 0.4324
2025-12-08 23:37:13.494017: Epoch time: 52.75 s
2025-12-08 23:37:14.402508: 
2025-12-08 23:37:14.407471: Epoch 79
2025-12-08 23:37:14.410263: Current learning rate: 0.0076
2025-12-08 23:38:06.167071: train_loss 0.6758
2025-12-08 23:38:06.172642: val_loss 1.211
2025-12-08 23:38:06.176820: val classification accuracy 0.5581
2025-12-08 23:38:06.181902: val auc 0.5635
2025-12-08 23:38:06.186100: Epoch time: 51.77 s
2025-12-08 23:38:07.111785: 
2025-12-08 23:38:07.115046: Epoch 80
2025-12-08 23:38:07.117704: Current learning rate: 0.00756
2025-12-08 23:38:56.730231: train_loss 0.6977
2025-12-08 23:38:56.750531: val_loss 0.8476
2025-12-08 23:38:56.754197: val classification accuracy 0.5465
2025-12-08 23:38:56.757642: val auc 0.507
2025-12-08 23:38:56.761195: Epoch time: 49.62 s
2025-12-08 23:38:57.653714: 
2025-12-08 23:38:57.658415: Epoch 81
2025-12-08 23:38:57.672853: Current learning rate: 0.00753
2025-12-08 23:39:47.987114: train_loss 0.648
2025-12-08 23:39:47.991838: val_loss 1.4022
2025-12-08 23:39:47.994909: val classification accuracy 0.5
2025-12-08 23:39:47.997716: val auc 0.4689
2025-12-08 23:39:48.000596: Epoch time: 50.34 s
2025-12-08 23:39:48.776887: 
2025-12-08 23:39:48.780294: Epoch 82
2025-12-08 23:39:48.782728: Current learning rate: 0.0075
2025-12-08 23:40:40.522687: train_loss 0.6327
2025-12-08 23:40:40.532992: val_loss 1.0747
2025-12-08 23:40:40.536039: val classification accuracy 0.5349
2025-12-08 23:40:40.538833: val auc 0.5127
2025-12-08 23:40:40.541862: Epoch time: 51.75 s
2025-12-08 23:40:41.428177: 
2025-12-08 23:40:41.431756: Epoch 83
2025-12-08 23:40:41.434544: Current learning rate: 0.00747
2025-12-08 23:41:34.331410: train_loss 0.6698
2025-12-08 23:41:34.335837: val_loss 0.8087
2025-12-08 23:41:34.338833: val classification accuracy 0.5
2025-12-08 23:41:34.341702: val auc 0.5122
2025-12-08 23:41:34.346092: Epoch time: 52.91 s
2025-12-08 23:41:35.173533: 
2025-12-08 23:41:35.177396: Epoch 84
2025-12-08 23:41:35.180236: Current learning rate: 0.00744
2025-12-08 23:42:25.083582: train_loss 0.6551
2025-12-08 23:42:25.088444: val_loss 1.2217
2025-12-08 23:42:25.091883: val classification accuracy 0.5581
2025-12-08 23:42:25.094808: val auc 0.6222
2025-12-08 23:42:25.098532: Epoch time: 49.91 s
2025-12-08 23:42:26.559248: 
2025-12-08 23:42:26.563106: Epoch 85
2025-12-08 23:42:26.566113: Current learning rate: 0.00741
2025-12-08 23:43:18.529355: train_loss 0.6808
2025-12-08 23:43:18.543200: val_loss 0.7595
2025-12-08 23:43:18.546593: val classification accuracy 0.5
2025-12-08 23:43:18.550925: val auc 0.51
2025-12-08 23:43:18.554320: Epoch time: 51.97 s
2025-12-08 23:43:19.410816: 
2025-12-08 23:43:19.414682: Epoch 86
2025-12-08 23:43:19.417273: Current learning rate: 0.00738
2025-12-08 23:44:10.675267: train_loss 0.6545
2025-12-08 23:44:10.682434: val_loss 0.9468
2025-12-08 23:44:10.685644: val classification accuracy 0.4884
2025-12-08 23:44:10.689826: val auc 0.4767
2025-12-08 23:44:10.692806: Epoch time: 51.27 s
2025-12-08 23:44:11.523501: 
2025-12-08 23:44:11.527203: Epoch 87
2025-12-08 23:44:11.529865: Current learning rate: 0.00735
2025-12-08 23:44:59.498109: train_loss 0.6255
2025-12-08 23:44:59.503420: val_loss 1.1824
2025-12-08 23:44:59.506704: val classification accuracy 0.5
2025-12-08 23:44:59.509786: val auc 0.4575
2025-12-08 23:44:59.513021: Epoch time: 47.98 s
2025-12-08 23:45:00.401634: 
2025-12-08 23:45:00.405037: Epoch 88
2025-12-08 23:45:00.407478: Current learning rate: 0.00732
2025-12-08 23:45:50.645616: train_loss 0.6613
2025-12-08 23:45:50.651344: val_loss 0.7203
2025-12-08 23:45:50.654585: val classification accuracy 0.6047
2025-12-08 23:45:50.657693: val auc 0.6904
2025-12-08 23:45:50.670122: Epoch time: 50.25 s
2025-12-08 23:45:51.551073: 
2025-12-08 23:45:51.554773: Epoch 89
2025-12-08 23:45:51.557437: Current learning rate: 0.00729
2025-12-08 23:46:40.374192: train_loss 0.627
2025-12-08 23:46:40.378533: val_loss 0.9467
2025-12-08 23:46:40.381749: val classification accuracy 0.5349
2025-12-08 23:46:40.384704: val auc 0.6095
2025-12-08 23:46:40.387513: Epoch time: 48.82 s
2025-12-08 23:46:41.918908: 
2025-12-08 23:46:41.922908: Epoch 90
2025-12-08 23:46:41.925757: Current learning rate: 0.00725
2025-12-08 23:47:30.065451: train_loss 0.677
2025-12-08 23:47:30.070534: val_loss 0.7464
2025-12-08 23:47:30.074326: val classification accuracy 0.6163
2025-12-08 23:47:30.077781: val auc 0.6306
2025-12-08 23:47:30.081174: Epoch time: 48.15 s
2025-12-08 23:47:30.906430: 
2025-12-08 23:47:30.910284: Epoch 91
2025-12-08 23:47:30.912872: Current learning rate: 0.00722
2025-12-08 23:48:21.620331: train_loss 0.631
2025-12-08 23:48:21.625603: val_loss 0.928
2025-12-08 23:48:21.629756: val classification accuracy 0.5581
2025-12-08 23:48:21.633463: val auc 0.5668
2025-12-08 23:48:21.636456: Epoch time: 50.72 s
2025-12-08 23:48:22.577531: 
2025-12-08 23:48:22.582460: Epoch 92
2025-12-08 23:48:22.585558: Current learning rate: 0.00719
2025-12-08 23:49:10.934723: train_loss 0.6202
2025-12-08 23:49:10.984749: val_loss 0.9015
2025-12-08 23:49:10.987870: val classification accuracy 0.5465
2025-12-08 23:49:11.009970: val auc 0.5744
2025-12-08 23:49:11.026583: Epoch time: 48.36 s
2025-12-08 23:49:11.911948: 
2025-12-08 23:49:11.915998: Epoch 93
2025-12-08 23:49:11.918921: Current learning rate: 0.00716
2025-12-08 23:50:04.346789: train_loss 0.673
2025-12-08 23:50:04.367896: val_loss 0.8793
2025-12-08 23:50:04.371547: val classification accuracy 0.5698
2025-12-08 23:50:04.375056: val auc 0.5754
2025-12-08 23:50:04.378389: Epoch time: 52.44 s
2025-12-08 23:50:05.215057: 
2025-12-08 23:50:05.218936: Epoch 94
2025-12-08 23:50:05.221706: Current learning rate: 0.00713
2025-12-08 23:50:54.026063: train_loss 0.6416
2025-12-08 23:50:54.046650: val_loss 0.9645
2025-12-08 23:50:54.050493: val classification accuracy 0.4767
2025-12-08 23:50:54.053757: val auc 0.5043
2025-12-08 23:50:54.057247: Epoch time: 48.81 s
2025-12-08 23:50:55.698182: 
2025-12-08 23:50:55.702338: Epoch 95
2025-12-08 23:50:55.705080: Current learning rate: 0.0071
2025-12-08 23:51:48.252104: train_loss 0.6842
2025-12-08 23:51:48.259609: val_loss 0.854
2025-12-08 23:51:48.270184: val classification accuracy 0.4884
2025-12-08 23:51:48.273600: val auc 0.4751
2025-12-08 23:51:48.276608: Epoch time: 52.56 s
2025-12-08 23:51:49.041375: 
2025-12-08 23:51:49.045175: Epoch 96
2025-12-08 23:51:49.047842: Current learning rate: 0.00707
2025-12-08 23:52:41.355266: train_loss 0.6209
2025-12-08 23:52:41.360610: val_loss 0.8704
2025-12-08 23:52:41.363292: val classification accuracy 0.6512
2025-12-08 23:52:41.366506: val auc 0.6631
2025-12-08 23:52:41.369151: Epoch time: 52.32 s
2025-12-08 23:52:42.189246: 
2025-12-08 23:52:42.192906: Epoch 97
2025-12-08 23:52:42.195720: Current learning rate: 0.00704
2025-12-08 23:53:33.379196: train_loss 0.6151
2025-12-08 23:53:33.383488: val_loss 0.9023
2025-12-08 23:53:33.386668: val classification accuracy 0.5698
2025-12-08 23:53:33.396194: val auc 0.6009
2025-12-08 23:53:33.399870: Epoch time: 51.19 s
2025-12-08 23:53:34.336263: 
2025-12-08 23:53:34.340260: Epoch 98
2025-12-08 23:53:34.342835: Current learning rate: 0.007
2025-12-08 23:54:25.798061: train_loss 0.6673
2025-12-08 23:54:25.813887: val_loss 0.7843
2025-12-08 23:54:25.817418: val classification accuracy 0.5
2025-12-08 23:54:25.820815: val auc 0.5208
2025-12-08 23:54:25.824071: Epoch time: 51.46 s
2025-12-08 23:54:26.633001: 
2025-12-08 23:54:26.636904: Epoch 99
2025-12-08 23:54:26.639696: Current learning rate: 0.00697
2025-12-08 23:55:16.501733: train_loss 0.6416
2025-12-08 23:55:16.506405: val_loss 0.8901
2025-12-08 23:55:16.509325: val classification accuracy 0.5349
2025-12-08 23:55:16.512227: val auc 0.4919
2025-12-08 23:55:16.514791: Epoch time: 49.87 s
2025-12-08 23:55:18.072504: 
2025-12-08 23:55:18.076188: Epoch 100
2025-12-08 23:55:18.078863: Current learning rate: 0.00694
2025-12-08 23:56:04.800831: train_loss 0.622
2025-12-08 23:56:04.805313: val_loss 1.0749
2025-12-08 23:56:04.808437: val classification accuracy 0.5698
2025-12-08 23:56:04.843398: val auc 0.5717
2025-12-08 23:56:04.846544: Epoch time: 46.73 s
2025-12-08 23:56:05.707686: 
2025-12-08 23:56:05.711215: Epoch 101
2025-12-08 23:56:05.713732: Current learning rate: 0.00691
2025-12-08 23:56:58.469767: train_loss 0.6559
2025-12-08 23:56:58.538239: val_loss 1.1223
2025-12-08 23:56:58.559416: val classification accuracy 0.4186
2025-12-08 23:56:58.562664: val auc 0.4081
2025-12-08 23:56:58.565976: Epoch time: 52.76 s
2025-12-08 23:56:59.386955: 
2025-12-08 23:56:59.391187: Epoch 102
2025-12-08 23:56:59.393930: Current learning rate: 0.00688
2025-12-08 23:57:48.730361: train_loss 0.6148
2025-12-08 23:57:48.750447: val_loss 0.8285
2025-12-08 23:57:48.753595: val classification accuracy 0.5465
2025-12-08 23:57:48.756703: val auc 0.5714
2025-12-08 23:57:48.759454: Epoch time: 49.35 s
2025-12-08 23:57:49.544984: 
2025-12-08 23:57:49.548518: Epoch 103
2025-12-08 23:57:49.551123: Current learning rate: 0.00685
2025-12-08 23:58:40.628386: train_loss 0.6984
2025-12-08 23:58:40.645226: val_loss 0.8732
2025-12-08 23:58:40.648408: val classification accuracy 0.5233
2025-12-08 23:58:40.651556: val auc 0.447
2025-12-08 23:58:40.654432: Epoch time: 51.09 s
2025-12-08 23:58:41.416385: 
2025-12-08 23:58:41.419797: Epoch 104
2025-12-08 23:58:41.422111: Current learning rate: 0.00682
2025-12-08 23:59:32.121160: train_loss 0.6418
2025-12-08 23:59:32.125356: val_loss 0.7567
2025-12-08 23:59:32.130844: val classification accuracy 0.5581
2025-12-08 23:59:32.134843: val auc 0.633
2025-12-08 23:59:32.140909: Epoch time: 50.71 s
2025-12-08 23:59:33.695160: 
2025-12-08 23:59:33.699135: Epoch 105
2025-12-08 23:59:33.701969: Current learning rate: 0.00679
2025-12-09 00:00:21.808200: train_loss 0.6391
2025-12-09 00:00:21.812786: val_loss 1.8962
2025-12-09 00:00:21.815864: val classification accuracy 0.4419
2025-12-09 00:00:21.828558: val auc 0.4262
2025-12-09 00:00:21.839283: Epoch time: 48.11 s
2025-12-09 00:00:22.636276: 
2025-12-09 00:00:22.639980: Epoch 106
2025-12-09 00:00:22.642493: Current learning rate: 0.00675
2025-12-09 00:01:15.114684: train_loss 0.6687
2025-12-09 00:01:15.119853: val_loss 2.1
2025-12-09 00:01:15.123355: val classification accuracy 0.4419
2025-12-09 00:01:15.126544: val auc 0.378
2025-12-09 00:01:15.129820: Epoch time: 52.48 s
2025-12-09 00:01:16.009240: 
2025-12-09 00:01:16.012986: Epoch 107
2025-12-09 00:01:16.015786: Current learning rate: 0.00672
2025-12-09 00:02:08.790198: train_loss 0.6627
2025-12-09 00:02:08.812241: val_loss 0.8516
2025-12-09 00:02:08.815777: val classification accuracy 0.4884
2025-12-09 00:02:08.818830: val auc 0.5014
2025-12-09 00:02:08.821620: Epoch time: 52.78 s
2025-12-09 00:02:09.668782: 
2025-12-09 00:02:09.672386: Epoch 108
2025-12-09 00:02:09.674922: Current learning rate: 0.00669
2025-12-09 00:03:02.928727: train_loss 0.6384
2025-12-09 00:03:02.933434: val_loss 1.1462
2025-12-09 00:03:02.936199: val classification accuracy 0.5814
2025-12-09 00:03:02.938833: val auc 0.6055
2025-12-09 00:03:02.941396: Epoch time: 53.26 s
2025-12-09 00:03:03.755528: 
2025-12-09 00:03:03.759198: Epoch 109
2025-12-09 00:03:03.761961: Current learning rate: 0.00666
2025-12-09 00:03:54.336414: train_loss 0.6509
2025-12-09 00:03:54.341247: val_loss 0.9437
2025-12-09 00:03:54.344286: val classification accuracy 0.5
2025-12-09 00:03:54.347561: val auc 0.5306
2025-12-09 00:03:54.350461: Epoch time: 50.58 s
2025-12-09 00:03:55.170816: 
2025-12-09 00:03:55.192384: Epoch 110
2025-12-09 00:03:55.195218: Current learning rate: 0.00663
2025-12-09 00:04:45.679496: train_loss 0.6216
2025-12-09 00:04:45.709175: val_loss 1.2219
2025-12-09 00:04:45.712510: val classification accuracy 0.407
2025-12-09 00:04:45.715697: val auc 0.391
2025-12-09 00:04:45.718531: Epoch time: 50.51 s
2025-12-09 00:04:46.694537: 
2025-12-09 00:04:46.697931: Epoch 111
2025-12-09 00:04:46.700410: Current learning rate: 0.0066
2025-12-09 00:05:37.724847: train_loss 0.6435
2025-12-09 00:05:37.732692: val_loss 0.7633
2025-12-09 00:05:37.737615: val classification accuracy 0.6628
2025-12-09 00:05:37.742288: val auc 0.7385
2025-12-09 00:05:37.746210: Epoch time: 51.03 s
2025-12-09 00:05:37.749522: Yayy! New best EMA pseudo Dice: 0.7385
2025-12-09 00:05:39.171145: 
2025-12-09 00:05:39.175114: Epoch 112
2025-12-09 00:05:39.177690: Current learning rate: 0.00657
2025-12-09 00:06:29.276289: train_loss 0.6256
2025-12-09 00:06:29.282746: val_loss 1.0189
2025-12-09 00:06:29.291030: val classification accuracy 0.4884
2025-12-09 00:06:29.294351: val auc 0.5149
2025-12-09 00:06:29.299058: Epoch time: 50.11 s
2025-12-09 00:06:30.131538: 
2025-12-09 00:06:30.135134: Epoch 113
2025-12-09 00:06:30.137964: Current learning rate: 0.00654
2025-12-09 00:07:23.127135: train_loss 0.6488
2025-12-09 00:07:23.131946: val_loss 0.8304
2025-12-09 00:07:23.135227: val classification accuracy 0.5581
2025-12-09 00:07:23.138245: val auc 0.5241
2025-12-09 00:07:23.141144: Epoch time: 53.0 s
2025-12-09 00:07:24.051716: 
2025-12-09 00:07:24.055472: Epoch 114
2025-12-09 00:07:24.058350: Current learning rate: 0.0065
2025-12-09 00:08:12.030408: train_loss 0.6123
2025-12-09 00:08:12.049425: val_loss 0.9966
2025-12-09 00:08:12.055609: val classification accuracy 0.5
2025-12-09 00:08:12.060453: val auc 0.4508
2025-12-09 00:08:12.070634: Epoch time: 47.98 s
2025-12-09 00:08:13.002495: 
2025-12-09 00:08:13.006071: Epoch 115
2025-12-09 00:08:13.008526: Current learning rate: 0.00647
2025-12-09 00:09:04.242347: train_loss 0.6479
2025-12-09 00:09:04.262263: val_loss 0.8629
2025-12-09 00:09:04.267891: val classification accuracy 0.5465
2025-12-09 00:09:04.271440: val auc 0.5671
2025-12-09 00:09:04.274952: Epoch time: 51.24 s
2025-12-09 00:09:05.106122: 
2025-12-09 00:09:05.110189: Epoch 116
2025-12-09 00:09:05.112836: Current learning rate: 0.00644
2025-12-09 00:09:56.558411: train_loss 0.6609
2025-12-09 00:09:56.565863: val_loss 0.7932
2025-12-09 00:09:56.569466: val classification accuracy 0.5465
2025-12-09 00:09:56.573159: val auc 0.5324
2025-12-09 00:09:56.576451: Epoch time: 51.45 s
2025-12-09 00:09:56.579609: Early stopping triggered at epoch 116. Best val_losses=0.6610
2025-12-09 00:09:57.427742: Stopping training early due to early stopping criterion.
2025-12-09 00:09:58.158607: Training done.
2025-12-09 00:09:58.220761: Skipping perform_actual_validation for classification trainer (segmentation-style sliding window is not applicable).
[1;34mwandb[0m: 
[1;34mwandb[0m: 🚀 View run [33mDenseNetTrainer_ep300_NoMirroring_fold0[0m at: [34m[0m
[1;34mwandb[0m: Find logs at: [1;35m../../tmp/wandb/wandb/run-20251208_222839-8ptk8kw0/logs[0m
