Using device: cuda:0

#######################################################################
Please cite the following paper when using nnU-Net:
Isensee, F., Jaeger, P. F., Kohl, S. A., Petersen, J., & Maier-Hein, K. H. (2021). nnU-Net: a self-configuring method for deep learning-based biomedical image segmentation. Nature methods, 18(2), 203-211.
#######################################################################

2025-12-08 22:28:35.082805: Using torch.compile...
2025-12-08 22:28:43.198960: do_dummy_2d_data_aug: False
2025-12-08 22:28:43.202328: Using splits from existing split file: /hpf/projects/jquon/sumin/nnUNet_data/nnUNet_preprocessed/Dataset003_AVM_T1+C/splits_final.json
2025-12-08 22:28:43.205192: The split file contains 5 splits.
2025-12-08 22:28:43.207053: Desired fold for training: 1
2025-12-08 22:28:43.208933: This split has 410 training and 102 validation cases.
using pin_memory on device 0
using pin_memory on device 0

This is the configuration used by this training:
Configuration name: 3d_fullres
 {'data_identifier': 'nnUNetPlans_3d_fullres', 'preprocessor_name': 'DefaultPreprocessor', 'batch_size': 2, 'patch_size': [160, 224, 192], 'median_image_size_in_voxels': [344.0, 448.0, 429.0], 'spacing': [0.500000923871994, 0.4910714328289032, 0.4910714328289032], 'normalization_schemes': ['ZScoreNormalization'], 'use_mask_for_norm': [False], 'resampling_fn_data': 'resample_data_or_seg_to_shape', 'resampling_fn_seg': 'resample_data_or_seg_to_shape', 'resampling_fn_data_kwargs': {'is_seg': False, 'order': 3, 'order_z': 0, 'force_separate_z': None}, 'resampling_fn_seg_kwargs': {'is_seg': True, 'order': 1, 'order_z': 0, 'force_separate_z': None}, 'resampling_fn_probabilities': 'resample_data_or_seg_to_shape', 'resampling_fn_probabilities_kwargs': {'is_seg': False, 'order': 1, 'order_z': 0, 'force_separate_z': None}, 'architecture': {'network_class_name': 'dynamic_network_architectures.architectures.unet.ResidualEncoderUNet', 'arch_kwargs': {'n_stages': 6, 'features_per_stage': [32, 64, 128, 256, 320, 320], 'conv_op': 'torch.nn.modules.conv.Conv3d', 'kernel_sizes': [[3, 3, 3], [3, 3, 3], [3, 3, 3], [3, 3, 3], [3, 3, 3], [3, 3, 3]], 'strides': [[1, 1, 1], [2, 2, 2], [2, 2, 2], [2, 2, 2], [2, 2, 2], [2, 2, 2]], 'n_blocks_per_stage': [1, 3, 4, 6, 6, 6], 'n_conv_per_stage_decoder': [1, 1, 1, 1, 1], 'conv_bias': True, 'norm_op': 'torch.nn.modules.instancenorm.InstanceNorm3d', 'norm_op_kwargs': {'eps': 1e-05, 'affine': True}, 'dropout_op': None, 'dropout_op_kwargs': None, 'nonlin': 'torch.nn.LeakyReLU', 'nonlin_kwargs': {'inplace': True}}, '_kw_requires_import': ['conv_op', 'norm_op', 'dropout_op', 'nonlin']}, 'batch_dice': True} 

These are the global plan.json settings:
 {'dataset_name': 'Dataset003_AVM_T1+C', 'plans_name': 'nnUNetResEncUNetLPlans', 'original_median_spacing_after_transp': [0.500000923871994, 0.4910714328289032, 0.4910714328289032], 'original_median_shape_after_transp': [330, 448, 424], 'image_reader_writer': 'SimpleITKIO', 'transpose_forward': [0, 1, 2], 'transpose_backward': [0, 1, 2], 'experiment_planner_used': 'nnUNetPlannerResEncL', 'label_manager': 'LabelManager', 'foreground_intensity_properties_per_channel': {'0': {'max': 12113.0, 'mean': 449.843505859375, 'median': 311.0, 'min': 0.0, 'percentile_00_5': 34.0, 'percentile_99_5': 3202.0, 'std': 471.56329345703125}}} 

2025-12-08 22:28:48.260526: Unable to plot network architecture: nnUNet_compile is enabled!
2025-12-08 22:28:48.287456: 
2025-12-08 22:28:48.290845: Epoch 0
2025-12-08 22:28:48.327291: Current learning rate: 0.01
2025-12-08 22:30:20.147233: train_loss 1.4601
2025-12-08 22:30:20.151171: val_loss 26.2585
2025-12-08 22:30:20.153615: val classification accuracy 0.5098
2025-12-08 22:30:20.155611: val auc 0.3985
2025-12-08 22:30:20.157643: Epoch time: 91.86 s
2025-12-08 22:30:20.159400: Yayy! New best EMA pseudo Dice: 0.3985
2025-12-08 22:30:20.786481: Yayy! New best classification accuracy: 0.5098
2025-12-08 22:30:22.490188: 
2025-12-08 22:30:22.493064: Epoch 1
2025-12-08 22:30:22.495260: Current learning rate: 0.00997
2025-12-08 22:31:19.342915: train_loss 2.0335
2025-12-08 22:31:19.346730: val_loss 4.0089
2025-12-08 22:31:19.349050: val classification accuracy 0.549
2025-12-08 22:31:19.351094: val auc 0.5834
2025-12-08 22:31:19.353257: Epoch time: 56.85 s
2025-12-08 22:31:19.354773: Yayy! New best EMA pseudo Dice: 0.5834
2025-12-08 22:31:20.013337: Yayy! New best classification accuracy: 0.549
2025-12-08 22:31:21.623812: 
2025-12-08 22:31:21.626354: Epoch 2
2025-12-08 22:31:21.628125: Current learning rate: 0.00994
2025-12-08 22:32:13.630515: WARNING: NaNs or Infs in validation probabilities at epoch 2. Sanitizing with nan_to_num before metrics.
2025-12-08 22:32:13.645095: train_loss 1.891
2025-12-08 22:32:13.648011: val_loss nan
2025-12-08 22:32:13.650816: val classification accuracy 0.4412
2025-12-08 22:32:13.653176: val auc 0.4358
2025-12-08 22:32:13.655770: Epoch time: 52.02 s
2025-12-08 22:32:14.522480: 
2025-12-08 22:32:14.525363: Epoch 3
2025-12-08 22:32:14.527253: Current learning rate: 0.00991
2025-12-08 22:33:10.724977: train_loss 0.865
2025-12-08 22:33:10.728778: val_loss 1.2646
2025-12-08 22:33:10.731261: val classification accuracy 0.549
2025-12-08 22:33:10.733626: val auc 0.5869
2025-12-08 22:33:10.744076: Epoch time: 56.2 s
2025-12-08 22:33:10.748856: Yayy! New best EMA pseudo Dice: 0.5869
2025-12-08 22:33:12.332569: 
2025-12-08 22:33:12.336693: Epoch 4
2025-12-08 22:33:12.339218: Current learning rate: 0.00988
2025-12-08 22:34:01.315650: train_loss 0.7391
2025-12-08 22:34:01.319948: val_loss 1.2107
2025-12-08 22:34:01.322471: val classification accuracy 0.598
2025-12-08 22:34:01.325332: val auc 0.6438
2025-12-08 22:34:01.327787: Epoch time: 48.99 s
2025-12-08 22:34:01.329899: Yayy! New best EMA pseudo Dice: 0.6438
2025-12-08 22:34:01.976831: Yayy! New best classification accuracy: 0.598
2025-12-08 22:34:03.569784: 
2025-12-08 22:34:03.572619: Epoch 5
2025-12-08 22:34:03.575105: Current learning rate: 0.00985
2025-12-08 22:34:53.617563: train_loss 0.6957
2025-12-08 22:34:53.621182: val_loss 4.328
2025-12-08 22:34:53.623115: val classification accuracy 0.5098
2025-12-08 22:34:53.625112: val auc 0.484
2025-12-08 22:34:53.627112: Epoch time: 50.05 s
2025-12-08 22:34:54.496047: 
2025-12-08 22:34:54.498705: Epoch 6
2025-12-08 22:34:54.500735: Current learning rate: 0.00982
2025-12-08 22:35:43.989736: train_loss 0.7035
2025-12-08 22:35:44.039978: val_loss 1.0344
2025-12-08 22:35:44.043332: val classification accuracy 0.5392
2025-12-08 22:35:44.046506: val auc 0.5646
2025-12-08 22:35:44.049906: Epoch time: 49.5 s
2025-12-08 22:35:44.862978: 
2025-12-08 22:35:44.866325: Epoch 7
2025-12-08 22:35:44.868524: Current learning rate: 0.00979
2025-12-08 22:36:37.178075: train_loss 0.6804
2025-12-08 22:36:37.181903: val_loss 2.6913
2025-12-08 22:36:37.184589: val classification accuracy 0.5392
2025-12-08 22:36:37.187945: val auc 0.5081
2025-12-08 22:36:37.191542: Epoch time: 52.32 s
2025-12-08 22:36:38.625182: 
2025-12-08 22:36:38.628191: Epoch 8
2025-12-08 22:36:38.630535: Current learning rate: 0.00976
2025-12-08 22:37:26.479598: train_loss 0.6995
2025-12-08 22:37:26.483563: val_loss 5.6843
2025-12-08 22:37:26.485924: val classification accuracy 0.5196
2025-12-08 22:37:26.488142: val auc 0.5967
2025-12-08 22:37:26.490446: Epoch time: 47.86 s
2025-12-08 22:37:27.391041: 
2025-12-08 22:37:27.394023: Epoch 9
2025-12-08 22:37:27.395963: Current learning rate: 0.00973
2025-12-08 22:38:16.903744: train_loss 0.701
2025-12-08 22:38:16.907503: val_loss 1.5637
2025-12-08 22:38:16.909901: val classification accuracy 0.549
2025-12-08 22:38:16.912096: val auc 0.5071
2025-12-08 22:38:16.915377: Epoch time: 49.51 s
2025-12-08 22:38:17.661606: 
2025-12-08 22:38:17.665138: Epoch 10
2025-12-08 22:38:17.667750: Current learning rate: 0.0097
2025-12-08 22:39:10.067443: train_loss 0.6765
2025-12-08 22:39:10.072895: val_loss 1.0826
2025-12-08 22:39:10.076214: val classification accuracy 0.5294
2025-12-08 22:39:10.081746: val auc 0.6334
2025-12-08 22:39:10.085976: Epoch time: 52.41 s
2025-12-08 22:39:10.994038: 
2025-12-08 22:39:10.998115: Epoch 11
2025-12-08 22:39:11.001047: Current learning rate: 0.00967
2025-12-08 22:39:58.196564: train_loss 0.6983
2025-12-08 22:39:58.220178: val_loss 1.5153
2025-12-08 22:39:58.223546: val classification accuracy 0.5196
2025-12-08 22:39:58.245162: val auc 0.4796
2025-12-08 22:39:58.248497: Epoch time: 47.2 s
2025-12-08 22:39:59.061418: 
2025-12-08 22:39:59.064520: Epoch 12
2025-12-08 22:39:59.067599: Current learning rate: 0.00964
2025-12-08 22:40:47.619586: train_loss 0.6758
2025-12-08 22:40:47.635389: val_loss 1.7501
2025-12-08 22:40:47.638731: val classification accuracy 0.4706
2025-12-08 22:40:47.641667: val auc 0.4039
2025-12-08 22:40:47.644672: Epoch time: 48.56 s
2025-12-08 22:40:49.180953: 
2025-12-08 22:40:49.184603: Epoch 13
2025-12-08 22:40:49.187120: Current learning rate: 0.00961
2025-12-08 22:41:44.412313: train_loss 0.6816
2025-12-08 22:41:44.424747: val_loss 2.996
2025-12-08 22:41:44.428951: val classification accuracy 0.5588
2025-12-08 22:41:44.432074: val auc 0.6744
2025-12-08 22:41:44.434914: Epoch time: 55.23 s
2025-12-08 22:41:44.437551: Yayy! New best EMA pseudo Dice: 0.6744
2025-12-08 22:41:45.965332: 
2025-12-08 22:41:45.969055: Epoch 14
2025-12-08 22:41:45.971385: Current learning rate: 0.00958
2025-12-08 22:42:32.692679: train_loss 0.6954
2025-12-08 22:42:32.697710: val_loss 0.7903
2025-12-08 22:42:32.700430: val classification accuracy 0.4804
2025-12-08 22:42:32.704072: val auc 0.4667
2025-12-08 22:42:32.709743: Epoch time: 46.73 s
2025-12-08 22:42:33.489176: 
2025-12-08 22:42:33.492690: Epoch 15
2025-12-08 22:42:33.494941: Current learning rate: 0.00955
2025-12-08 22:43:22.209728: train_loss 0.6919
2025-12-08 22:43:22.214889: val_loss 1.0024
2025-12-08 22:43:22.218300: val classification accuracy 0.5588
2025-12-08 22:43:22.221779: val auc 0.5548
2025-12-08 22:43:22.225400: Epoch time: 48.72 s
2025-12-08 22:43:23.009924: 
2025-12-08 22:43:23.014161: Epoch 16
2025-12-08 22:43:23.017287: Current learning rate: 0.00952
2025-12-08 22:44:12.644096: train_loss 0.695
2025-12-08 22:44:12.661779: val_loss 1.3641
2025-12-08 22:44:12.664623: val classification accuracy 0.5392
2025-12-08 22:44:12.667475: val auc 0.6042
2025-12-08 22:44:12.670382: Epoch time: 49.64 s
2025-12-08 22:44:13.548660: 
2025-12-08 22:44:13.552064: Epoch 17
2025-12-08 22:44:13.554593: Current learning rate: 0.00949
2025-12-08 22:45:08.160832: train_loss 0.6869
2025-12-08 22:45:08.165496: val_loss 1.3206
2025-12-08 22:45:08.168815: val classification accuracy 0.5294
2025-12-08 22:45:08.171767: val auc 0.5202
2025-12-08 22:45:08.174724: Epoch time: 54.61 s
2025-12-08 22:45:08.924956: 
2025-12-08 22:45:08.928367: Epoch 18
2025-12-08 22:45:08.930753: Current learning rate: 0.00946
2025-12-08 22:45:59.912138: WARNING: NaNs or Infs in validation probabilities at epoch 18. Sanitizing with nan_to_num before metrics.
2025-12-08 22:45:59.940428: train_loss 0.6789
2025-12-08 22:45:59.945646: val_loss nan
2025-12-08 22:45:59.968846: val classification accuracy 0.4706
2025-12-08 22:45:59.971886: val auc 0.4485
2025-12-08 22:45:59.974679: Epoch time: 51.02 s
2025-12-08 22:46:00.750279: 
2025-12-08 22:46:00.753905: Epoch 19
2025-12-08 22:46:00.756552: Current learning rate: 0.00943
2025-12-08 22:46:49.687584: train_loss 0.6578
2025-12-08 22:46:49.692760: val_loss 1.4843
2025-12-08 22:46:49.695523: val classification accuracy 0.5294
2025-12-08 22:46:49.698139: val auc 0.6155
2025-12-08 22:46:49.700932: Epoch time: 48.94 s
2025-12-08 22:46:50.369626: Saved periodic checkpoint /hpf/projects/jquon/sumin/nnUNet_data/nnUNet_results/Dataset003_AVM_T1+C/DenseNetTrainer_ep300_NoMirroring__nnUNetResEncUNetLPlans__3d_fullres/fold_1/checkpoint_every20_best_balacc.pth at epoch 19 with val_balanced_accuracy=0.5294
2025-12-08 22:46:51.193621: 
2025-12-08 22:46:51.197351: Epoch 20
2025-12-08 22:46:51.199891: Current learning rate: 0.0094
2025-12-08 22:47:37.794077: train_loss 0.6736
2025-12-08 22:47:37.809787: val_loss 1.3528
2025-12-08 22:47:37.815978: val classification accuracy 0.4314
2025-12-08 22:47:37.822070: val auc 0.4087
2025-12-08 22:47:37.825349: Epoch time: 46.6 s
2025-12-08 22:47:38.609852: 
2025-12-08 22:47:38.613701: Epoch 21
2025-12-08 22:47:38.616364: Current learning rate: 0.00937
2025-12-08 22:48:29.087927: train_loss 0.6782
2025-12-08 22:48:29.092804: val_loss 2.6953
2025-12-08 22:48:29.095910: val classification accuracy 0.5
2025-12-08 22:48:29.098923: val auc 0.5
2025-12-08 22:48:29.102098: Epoch time: 50.48 s
2025-12-08 22:48:29.910560: 
2025-12-08 22:48:29.913746: Epoch 22
2025-12-08 22:48:29.916174: Current learning rate: 0.00934
2025-12-08 22:49:22.632116: train_loss 0.6822
2025-12-08 22:49:22.655409: val_loss 1.4539
2025-12-08 22:49:22.662667: val classification accuracy 0.5
2025-12-08 22:49:22.671962: val auc 0.5027
2025-12-08 22:49:22.677141: Epoch time: 52.72 s
2025-12-08 22:49:23.547013: 
2025-12-08 22:49:23.550758: Epoch 23
2025-12-08 22:49:23.553399: Current learning rate: 0.00931
2025-12-08 22:50:16.519549: train_loss 0.6715
2025-12-08 22:50:16.524734: val_loss 0.8393
2025-12-08 22:50:16.527453: val classification accuracy 0.451
2025-12-08 22:50:16.530708: val auc 0.4717
2025-12-08 22:50:16.533606: Epoch time: 52.97 s
2025-12-08 22:50:17.359608: 
2025-12-08 22:50:17.363103: Epoch 24
2025-12-08 22:50:17.366033: Current learning rate: 0.00928
2025-12-08 22:51:07.671316: train_loss 0.6619
2025-12-08 22:51:07.675905: val_loss 1.1147
2025-12-08 22:51:07.678952: val classification accuracy 0.598
2025-12-08 22:51:07.682158: val auc 0.6551
2025-12-08 22:51:07.685209: Epoch time: 50.31 s
2025-12-08 22:51:08.565443: 
2025-12-08 22:51:08.569501: Epoch 25
2025-12-08 22:51:08.572013: Current learning rate: 0.00925
2025-12-08 22:52:01.726425: train_loss 0.6624
2025-12-08 22:52:01.730922: val_loss 1.0273
2025-12-08 22:52:01.733612: val classification accuracy 0.549
2025-12-08 22:52:01.736238: val auc 0.6028
2025-12-08 22:52:01.739141: Epoch time: 53.16 s
2025-12-08 22:52:02.637735: 
2025-12-08 22:52:02.641050: Epoch 26
2025-12-08 22:52:02.643600: Current learning rate: 0.00922
2025-12-08 22:52:51.879318: train_loss 0.699
2025-12-08 22:52:51.885325: val_loss 0.9594
2025-12-08 22:52:51.888351: val classification accuracy 0.4902
2025-12-08 22:52:51.891204: val auc 0.5431
2025-12-08 22:52:51.893608: Epoch time: 49.24 s
2025-12-08 22:52:52.677257: 
2025-12-08 22:52:52.680862: Epoch 27
2025-12-08 22:52:52.683500: Current learning rate: 0.00919
2025-12-08 22:53:42.532231: train_loss 0.6747
2025-12-08 22:53:42.548749: val_loss 1.1601
2025-12-08 22:53:42.551629: val classification accuracy 0.4706
2025-12-08 22:53:42.554649: val auc 0.4285
2025-12-08 22:53:42.558656: Epoch time: 49.86 s
2025-12-08 22:53:43.334213: 
2025-12-08 22:53:43.337621: Epoch 28
2025-12-08 22:53:43.340284: Current learning rate: 0.00916
2025-12-08 22:54:34.083710: train_loss 0.6781
2025-12-08 22:54:34.087597: val_loss 2.5736
2025-12-08 22:54:34.090343: val classification accuracy 0.4412
2025-12-08 22:54:34.093033: val auc 0.4683
2025-12-08 22:54:34.113181: Epoch time: 50.75 s
2025-12-08 22:54:34.870098: 
2025-12-08 22:54:34.873412: Epoch 29
2025-12-08 22:54:34.875636: Current learning rate: 0.00913
2025-12-08 22:55:27.173281: train_loss 0.6727
2025-12-08 22:55:27.190404: val_loss 1.2604
2025-12-08 22:55:27.193407: val classification accuracy 0.5
2025-12-08 22:55:27.196298: val auc 0.5029
2025-12-08 22:55:27.199118: Epoch time: 52.3 s
2025-12-08 22:55:28.056029: 
2025-12-08 22:55:28.059576: Epoch 30
2025-12-08 22:55:28.061892: Current learning rate: 0.0091
2025-12-08 22:56:16.912434: train_loss 0.6782
2025-12-08 22:56:16.916666: val_loss 0.6626
2025-12-08 22:56:16.920033: val classification accuracy 0.5588
2025-12-08 22:56:16.925432: val auc 0.6188
2025-12-08 22:56:16.936633: Epoch time: 48.86 s
2025-12-08 22:56:17.722227: 
2025-12-08 22:56:17.725689: Epoch 31
2025-12-08 22:56:17.728343: Current learning rate: 0.00907
2025-12-08 22:57:06.787153: train_loss 0.6868
2025-12-08 22:57:06.791776: val_loss 0.6567
2025-12-08 22:57:06.794640: val classification accuracy 0.6078
2025-12-08 22:57:06.797653: val auc 0.6732
2025-12-08 22:57:06.800364: Epoch time: 49.07 s
2025-12-08 22:57:06.802845: Yayy! New best classification accuracy: 0.6078
2025-12-08 22:57:08.235748: 
2025-12-08 22:57:08.239136: Epoch 32
2025-12-08 22:57:08.241552: Current learning rate: 0.00903
2025-12-08 22:57:58.917282: train_loss 0.6542
2025-12-08 22:57:58.926311: val_loss 0.9441
2025-12-08 22:57:58.929460: val classification accuracy 0.5098
2025-12-08 22:57:58.932156: val auc 0.4658
2025-12-08 22:57:58.934647: Epoch time: 50.68 s
2025-12-08 22:57:59.756811: 
2025-12-08 22:57:59.760208: Epoch 33
2025-12-08 22:57:59.762472: Current learning rate: 0.009
2025-12-08 22:58:47.969403: train_loss 0.6898
2025-12-08 22:58:47.980637: val_loss 0.8681
2025-12-08 22:58:47.984716: val classification accuracy 0.4902
2025-12-08 22:58:47.996692: val auc 0.4704
2025-12-08 22:58:48.000582: Epoch time: 48.21 s
2025-12-08 22:58:48.776976: 
2025-12-08 22:58:48.780530: Epoch 34
2025-12-08 22:58:48.782702: Current learning rate: 0.00897
2025-12-08 22:59:40.842513: train_loss 0.6541
2025-12-08 22:59:40.847710: val_loss 0.6896
2025-12-08 22:59:40.850739: val classification accuracy 0.5392
2025-12-08 22:59:40.853522: val auc 0.6048
2025-12-08 22:59:40.856381: Epoch time: 52.07 s
2025-12-08 22:59:41.602091: 
2025-12-08 22:59:41.605221: Epoch 35
2025-12-08 22:59:41.607655: Current learning rate: 0.00894
2025-12-08 23:00:31.703914: train_loss 0.6723
2025-12-08 23:00:31.708424: val_loss 1.0826
2025-12-08 23:00:31.712048: val classification accuracy 0.5
2025-12-08 23:00:31.742675: val auc 0.4781
2025-12-08 23:00:31.763245: Epoch time: 50.1 s
2025-12-08 23:00:32.560848: 
2025-12-08 23:00:32.564067: Epoch 36
2025-12-08 23:00:32.566518: Current learning rate: 0.00891
2025-12-08 23:01:26.167092: train_loss 0.6848
2025-12-08 23:01:26.186921: val_loss 1.0692
2025-12-08 23:01:26.189533: val classification accuracy 0.5
2025-12-08 23:01:26.192185: val auc 0.455
2025-12-08 23:01:26.194967: Epoch time: 53.61 s
2025-12-08 23:01:27.641894: 
2025-12-08 23:01:27.644971: Epoch 37
2025-12-08 23:01:27.647414: Current learning rate: 0.00888
2025-12-08 23:02:19.375047: train_loss 0.6742
2025-12-08 23:02:19.388393: val_loss 1.0384
2025-12-08 23:02:19.391936: val classification accuracy 0.5098
2025-12-08 23:02:19.395024: val auc 0.479
2025-12-08 23:02:19.406515: Epoch time: 51.73 s
2025-12-08 23:02:20.221748: 
2025-12-08 23:02:20.225116: Epoch 38
2025-12-08 23:02:20.227420: Current learning rate: 0.00885
2025-12-08 23:03:12.115896: train_loss 0.6415
2025-12-08 23:03:12.132366: val_loss 1.4007
2025-12-08 23:03:12.135424: val classification accuracy 0.5
2025-12-08 23:03:12.138395: val auc 0.4254
2025-12-08 23:03:12.141127: Epoch time: 51.9 s
2025-12-08 23:03:12.980384: 
2025-12-08 23:03:12.983676: Epoch 39
2025-12-08 23:03:12.986289: Current learning rate: 0.00882
2025-12-08 23:04:05.384472: train_loss 0.6476
2025-12-08 23:04:05.410485: val_loss 2.8168
2025-12-08 23:04:05.415556: val classification accuracy 0.5196
2025-12-08 23:04:05.418579: val auc 0.4985
2025-12-08 23:04:05.421516: Epoch time: 52.41 s
2025-12-08 23:04:06.267568: 
2025-12-08 23:04:06.279775: Epoch 40
2025-12-08 23:04:06.287781: Current learning rate: 0.00879
2025-12-08 23:04:55.935164: train_loss 0.6648
2025-12-08 23:04:55.943095: val_loss 0.9739
2025-12-08 23:04:55.945587: val classification accuracy 0.5392
2025-12-08 23:04:55.948106: val auc 0.5492
2025-12-08 23:04:55.950627: Epoch time: 49.67 s
2025-12-08 23:04:56.702435: 
2025-12-08 23:04:56.705683: Epoch 41
2025-12-08 23:04:56.708110: Current learning rate: 0.00876
2025-12-08 23:05:48.005683: train_loss 0.6716
2025-12-08 23:05:48.021225: val_loss 1.279
2025-12-08 23:05:48.027853: val classification accuracy 0.4216
2025-12-08 23:05:48.031280: val auc 0.3735
2025-12-08 23:05:48.034608: Epoch time: 51.3 s
2025-12-08 23:05:49.456123: 
2025-12-08 23:05:49.459600: Epoch 42
2025-12-08 23:05:49.462148: Current learning rate: 0.00873
2025-12-08 23:06:40.056712: train_loss 0.6714
2025-12-08 23:06:40.086856: val_loss 0.8434
2025-12-08 23:06:40.106817: val classification accuracy 0.5196
2025-12-08 23:06:40.115476: val auc 0.4591
2025-12-08 23:06:40.120657: Epoch time: 50.6 s
2025-12-08 23:06:41.036042: 
2025-12-08 23:06:41.040331: Epoch 43
2025-12-08 23:06:41.043159: Current learning rate: 0.0087
2025-12-08 23:07:33.499049: train_loss 0.6666
2025-12-08 23:07:33.525387: val_loss 0.9383
2025-12-08 23:07:33.528572: val classification accuracy 0.5882
2025-12-08 23:07:33.532361: val auc 0.6361
2025-12-08 23:07:33.536096: Epoch time: 52.47 s
2025-12-08 23:07:34.327185: 
2025-12-08 23:07:34.330514: Epoch 44
2025-12-08 23:07:34.332967: Current learning rate: 0.00867
2025-12-08 23:08:24.419602: train_loss 0.6506
2025-12-08 23:08:24.443609: val_loss 0.7382
2025-12-08 23:08:24.446723: val classification accuracy 0.6471
2025-12-08 23:08:24.449637: val auc 0.6398
2025-12-08 23:08:24.453571: Epoch time: 50.09 s
2025-12-08 23:08:24.456133: Yayy! New best classification accuracy: 0.6471
2025-12-08 23:08:25.842390: 
2025-12-08 23:08:25.845763: Epoch 45
2025-12-08 23:08:25.848164: Current learning rate: 0.00864
2025-12-08 23:09:17.884764: train_loss 0.6197
2025-12-08 23:09:17.890089: val_loss 0.6824
2025-12-08 23:09:17.893311: val classification accuracy 0.6961
2025-12-08 23:09:17.896197: val auc 0.7374
2025-12-08 23:09:17.912493: Epoch time: 52.04 s
2025-12-08 23:09:17.915582: Yayy! New best EMA pseudo Dice: 0.7374
2025-12-08 23:09:18.579836: Yayy! New best classification accuracy: 0.6961
2025-12-08 23:09:20.104188: 
2025-12-08 23:09:20.108553: Epoch 46
2025-12-08 23:09:20.111201: Current learning rate: 0.00861
2025-12-08 23:10:09.675287: train_loss 0.6766
2025-12-08 23:10:09.679566: val_loss 0.632
2025-12-08 23:10:09.682396: val classification accuracy 0.5686
2025-12-08 23:10:09.686495: val auc 0.6757
2025-12-08 23:10:09.689673: Epoch time: 49.57 s
2025-12-08 23:10:10.446943: 
2025-12-08 23:10:10.450266: Epoch 47
2025-12-08 23:10:10.452969: Current learning rate: 0.00858
2025-12-08 23:10:58.119831: train_loss 0.6364
2025-12-08 23:10:58.127021: val_loss 0.8274
2025-12-08 23:10:58.169690: val classification accuracy 0.5686
2025-12-08 23:10:58.193425: val auc 0.6126
2025-12-08 23:10:58.200896: Epoch time: 47.67 s
2025-12-08 23:10:59.071141: 
2025-12-08 23:10:59.074488: Epoch 48
2025-12-08 23:10:59.076955: Current learning rate: 0.00855
2025-12-08 23:11:50.911573: train_loss 0.6282
2025-12-08 23:11:50.915578: val_loss 0.6961
2025-12-08 23:11:50.918456: val classification accuracy 0.6373
2025-12-08 23:11:50.921248: val auc 0.6719
2025-12-08 23:11:50.924015: Epoch time: 51.84 s
2025-12-08 23:11:51.668370: 
2025-12-08 23:11:51.671586: Epoch 49
2025-12-08 23:11:51.674016: Current learning rate: 0.00852
2025-12-08 23:12:45.084712: train_loss 0.6388
2025-12-08 23:12:45.090169: val_loss 0.6486
2025-12-08 23:12:45.108836: val classification accuracy 0.6275
2025-12-08 23:12:45.121602: val auc 0.7259
2025-12-08 23:12:45.124791: Epoch time: 53.42 s
2025-12-08 23:12:45.887225: 
2025-12-08 23:12:45.890812: Epoch 50
2025-12-08 23:12:45.893552: Current learning rate: 0.00849
2025-12-08 23:13:38.242994: train_loss 0.6603
2025-12-08 23:13:38.246974: val_loss 0.728
2025-12-08 23:13:38.249595: val classification accuracy 0.5784
2025-12-08 23:13:38.252199: val auc 0.5725
2025-12-08 23:13:38.254519: Epoch time: 52.36 s
2025-12-08 23:13:39.015802: 
2025-12-08 23:13:39.019470: Epoch 51
2025-12-08 23:13:39.021899: Current learning rate: 0.00846
2025-12-08 23:14:26.858049: train_loss 0.6703
2025-12-08 23:14:26.879151: val_loss 0.634
2025-12-08 23:14:26.882448: val classification accuracy 0.6471
2025-12-08 23:14:26.893785: val auc 0.7024
2025-12-08 23:14:26.899946: Epoch time: 47.84 s
2025-12-08 23:14:27.741886: 
2025-12-08 23:14:27.744910: Epoch 52
2025-12-08 23:14:27.747401: Current learning rate: 0.00843
2025-12-08 23:15:19.302065: train_loss 0.6285
2025-12-08 23:15:19.329486: val_loss 0.7222
2025-12-08 23:15:19.332984: val classification accuracy 0.6373
2025-12-08 23:15:19.336652: val auc 0.6715
2025-12-08 23:15:19.360510: Epoch time: 51.56 s
2025-12-08 23:15:20.161091: 
2025-12-08 23:15:20.164582: Epoch 53
2025-12-08 23:15:20.167135: Current learning rate: 0.00839
2025-12-08 23:16:09.314798: train_loss 0.6467
2025-12-08 23:16:09.321051: val_loss 0.855
2025-12-08 23:16:09.325854: val classification accuracy 0.5294
2025-12-08 23:16:09.328823: val auc 0.4835
2025-12-08 23:16:09.334405: Epoch time: 49.16 s
2025-12-08 23:16:10.178910: 
2025-12-08 23:16:10.182123: Epoch 54
2025-12-08 23:16:10.184635: Current learning rate: 0.00836
2025-12-08 23:16:59.022781: train_loss 0.6268
2025-12-08 23:16:59.026708: val_loss 0.864
2025-12-08 23:16:59.029403: val classification accuracy 0.5784
2025-12-08 23:16:59.032178: val auc 0.5998
2025-12-08 23:16:59.037500: Epoch time: 48.85 s
2025-12-08 23:16:59.793808: 
2025-12-08 23:16:59.797177: Epoch 55
2025-12-08 23:16:59.799597: Current learning rate: 0.00833
2025-12-08 23:17:49.510825: train_loss 0.6746
2025-12-08 23:17:49.517492: val_loss 0.7395
2025-12-08 23:17:49.540470: val classification accuracy 0.5784
2025-12-08 23:17:49.556183: val auc 0.59
2025-12-08 23:17:49.559693: Epoch time: 49.72 s
2025-12-08 23:17:50.354474: 
2025-12-08 23:17:50.357618: Epoch 56
2025-12-08 23:17:50.359954: Current learning rate: 0.0083
2025-12-08 23:18:39.096313: train_loss 0.668
2025-12-08 23:18:39.101572: val_loss 0.8327
2025-12-08 23:18:39.104532: val classification accuracy 0.5
2025-12-08 23:18:39.107407: val auc 0.4789
2025-12-08 23:18:39.110225: Epoch time: 48.74 s
2025-12-08 23:18:39.955420: 
2025-12-08 23:18:39.958788: Epoch 57
2025-12-08 23:18:39.961226: Current learning rate: 0.00827
2025-12-08 23:19:31.364803: train_loss 0.6656
2025-12-08 23:19:31.369713: val_loss 0.7618
2025-12-08 23:19:31.372988: val classification accuracy 0.549
2025-12-08 23:19:31.375825: val auc 0.5219
2025-12-08 23:19:31.378568: Epoch time: 51.41 s
2025-12-08 23:19:32.209953: 
2025-12-08 23:19:32.213286: Epoch 58
2025-12-08 23:19:32.216354: Current learning rate: 0.00824
2025-12-08 23:20:26.159800: train_loss 0.6522
2025-12-08 23:20:26.163870: val_loss 0.7213
2025-12-08 23:20:26.167012: val classification accuracy 0.5882
2025-12-08 23:20:26.169640: val auc 0.6947
2025-12-08 23:20:26.173099: Epoch time: 53.95 s
2025-12-08 23:20:26.949564: 
2025-12-08 23:20:26.952455: Epoch 59
2025-12-08 23:20:26.954651: Current learning rate: 0.00821
2025-12-08 23:21:17.172015: train_loss 0.6401
2025-12-08 23:21:17.181703: val_loss 0.7248
2025-12-08 23:21:17.185646: val classification accuracy 0.5392
2025-12-08 23:21:17.189921: val auc 0.6017
2025-12-08 23:21:17.193864: Epoch time: 50.22 s
2025-12-08 23:21:17.915425: Saved periodic checkpoint /hpf/projects/jquon/sumin/nnUNet_data/nnUNet_results/Dataset003_AVM_T1+C/DenseNetTrainer_ep300_NoMirroring__nnUNetResEncUNetLPlans__3d_fullres/fold_1/checkpoint_every20_best_balacc.pth at epoch 59 with val_balanced_accuracy=0.5392
2025-12-08 23:21:18.703052: 
2025-12-08 23:21:18.706616: Epoch 60
2025-12-08 23:21:18.709198: Current learning rate: 0.00818
2025-12-08 23:22:08.703892: train_loss 0.6188
2025-12-08 23:22:08.708616: val_loss 0.8375
2025-12-08 23:22:08.711726: val classification accuracy 0.5
2025-12-08 23:22:08.714699: val auc 0.5586
2025-12-08 23:22:08.717487: Epoch time: 50.0 s
2025-12-08 23:22:10.075222: 
2025-12-08 23:22:10.079009: Epoch 61
2025-12-08 23:22:10.081711: Current learning rate: 0.00815
2025-12-08 23:23:00.193944: train_loss 0.6565
2025-12-08 23:23:00.199043: val_loss 0.8876
2025-12-08 23:23:00.202248: val classification accuracy 0.4804
2025-12-08 23:23:00.205240: val auc 0.5877
2025-12-08 23:23:00.208397: Epoch time: 50.12 s
2025-12-08 23:23:01.035141: 
2025-12-08 23:23:01.038884: Epoch 62
2025-12-08 23:23:01.041578: Current learning rate: 0.00812
2025-12-08 23:23:50.222112: train_loss 0.6304
2025-12-08 23:23:50.227823: val_loss 0.6919
2025-12-08 23:23:50.231128: val classification accuracy 0.5784
2025-12-08 23:23:50.234843: val auc 0.6738
2025-12-08 23:23:50.238155: Epoch time: 49.19 s
2025-12-08 23:23:51.057711: 
2025-12-08 23:23:51.061132: Epoch 63
2025-12-08 23:23:51.063555: Current learning rate: 0.00809
2025-12-08 23:24:44.375145: train_loss 0.626
2025-12-08 23:24:44.380034: val_loss 0.9809
2025-12-08 23:24:44.410072: val classification accuracy 0.5196
2025-12-08 23:24:44.413898: val auc 0.5925
2025-12-08 23:24:44.417362: Epoch time: 53.32 s
2025-12-08 23:24:45.174577: 
2025-12-08 23:24:45.178380: Epoch 64
2025-12-08 23:24:45.180903: Current learning rate: 0.00806
2025-12-08 23:25:34.727271: train_loss 0.6082
2025-12-08 23:25:34.733058: val_loss 0.8887
2025-12-08 23:25:34.736398: val classification accuracy 0.5686
2025-12-08 23:25:34.739777: val auc 0.5977
2025-12-08 23:25:34.766060: Epoch time: 49.55 s
2025-12-08 23:25:35.565795: 
2025-12-08 23:25:35.569117: Epoch 65
2025-12-08 23:25:35.571564: Current learning rate: 0.00803
2025-12-08 23:26:26.501989: train_loss 0.656
2025-12-08 23:26:26.520460: val_loss 0.7252
2025-12-08 23:26:26.526821: val classification accuracy 0.5784
2025-12-08 23:26:26.532853: val auc 0.6276
2025-12-08 23:26:26.537899: Epoch time: 50.94 s
2025-12-08 23:26:27.962120: 
2025-12-08 23:26:27.965544: Epoch 66
2025-12-08 23:26:27.967934: Current learning rate: 0.008
2025-12-08 23:27:15.770010: train_loss 0.6246
2025-12-08 23:27:15.774272: val_loss 0.9355
2025-12-08 23:27:15.777159: val classification accuracy 0.5
2025-12-08 23:27:15.780001: val auc 0.6159
2025-12-08 23:27:15.783050: Epoch time: 47.81 s
2025-12-08 23:27:16.546012: 
2025-12-08 23:27:16.549533: Epoch 67
2025-12-08 23:27:16.553224: Current learning rate: 0.00797
2025-12-08 23:28:07.492279: train_loss 0.6538
2025-12-08 23:28:07.497278: val_loss 0.9199
2025-12-08 23:28:07.500241: val classification accuracy 0.5
2025-12-08 23:28:07.504219: val auc 0.486
2025-12-08 23:28:07.507051: Epoch time: 50.95 s
2025-12-08 23:28:08.328446: 
2025-12-08 23:28:08.332024: Epoch 68
2025-12-08 23:28:08.334834: Current learning rate: 0.00793
2025-12-08 23:29:00.832583: train_loss 0.6526
2025-12-08 23:29:00.837284: val_loss 0.9978
2025-12-08 23:29:00.840148: val classification accuracy 0.5784
2025-12-08 23:29:00.842580: val auc 0.5369
2025-12-08 23:29:00.845122: Epoch time: 52.51 s
2025-12-08 23:29:01.591005: 
2025-12-08 23:29:01.594344: Epoch 69
2025-12-08 23:29:01.596653: Current learning rate: 0.0079
2025-12-08 23:29:52.377904: train_loss 0.6737
2025-12-08 23:29:52.399532: val_loss 0.7745
2025-12-08 23:29:52.403024: val classification accuracy 0.5784
2025-12-08 23:29:52.406121: val auc 0.5632
2025-12-08 23:29:52.409676: Epoch time: 50.79 s
2025-12-08 23:29:53.241223: 
2025-12-08 23:29:53.244783: Epoch 70
2025-12-08 23:29:53.247421: Current learning rate: 0.00787
2025-12-08 23:30:44.921672: train_loss 0.651
2025-12-08 23:30:44.927686: val_loss 0.9168
2025-12-08 23:30:44.930387: val classification accuracy 0.4216
2025-12-08 23:30:44.933514: val auc 0.3925
2025-12-08 23:30:44.936758: Epoch time: 51.68 s
2025-12-08 23:30:45.717067: 
2025-12-08 23:30:45.720706: Epoch 71
2025-12-08 23:30:45.723382: Current learning rate: 0.00784
2025-12-08 23:31:33.481627: train_loss 0.6376
2025-12-08 23:31:33.486182: val_loss 1.0817
2025-12-08 23:31:33.489136: val classification accuracy 0.5294
2025-12-08 23:31:33.492096: val auc 0.5244
2025-12-08 23:31:33.494954: Epoch time: 47.77 s
2025-12-08 23:31:34.296473: 
2025-12-08 23:31:34.300068: Epoch 72
2025-12-08 23:31:34.302531: Current learning rate: 0.00781
2025-12-08 23:32:25.973499: train_loss 0.5856
2025-12-08 23:32:25.985327: val_loss 0.94
2025-12-08 23:32:25.988918: val classification accuracy 0.4804
2025-12-08 23:32:25.991939: val auc 0.5352
2025-12-08 23:32:26.003571: Epoch time: 51.68 s
2025-12-08 23:32:26.799317: 
2025-12-08 23:32:26.803713: Epoch 73
2025-12-08 23:32:26.806369: Current learning rate: 0.00778
2025-12-08 23:33:16.944638: train_loss 0.639
2025-12-08 23:33:16.959835: val_loss 0.9581
2025-12-08 23:33:16.963198: val classification accuracy 0.5784
2025-12-08 23:33:16.966856: val auc 0.5325
2025-12-08 23:33:16.969983: Epoch time: 50.15 s
2025-12-08 23:33:17.742491: 
2025-12-08 23:33:17.746508: Epoch 74
2025-12-08 23:33:17.749221: Current learning rate: 0.00775
2025-12-08 23:34:09.693094: train_loss 0.5905
2025-12-08 23:34:09.696859: val_loss 1.3379
2025-12-08 23:34:09.699742: val classification accuracy 0.5686
2025-12-08 23:34:09.702458: val auc 0.5775
2025-12-08 23:34:09.705314: Epoch time: 51.95 s
2025-12-08 23:34:10.464014: 
2025-12-08 23:34:10.467623: Epoch 75
2025-12-08 23:34:10.470481: Current learning rate: 0.00772
2025-12-08 23:35:02.030771: train_loss 0.6006
2025-12-08 23:35:02.035341: val_loss 1.1436
2025-12-08 23:35:02.038481: val classification accuracy 0.5098
2025-12-08 23:35:02.041945: val auc 0.5323
2025-12-08 23:35:02.050832: Epoch time: 51.57 s
2025-12-08 23:35:02.853474: 
2025-12-08 23:35:02.859049: Epoch 76
2025-12-08 23:35:02.863500: Current learning rate: 0.00769
2025-12-08 23:35:51.030319: train_loss 0.6299
2025-12-08 23:35:51.039865: val_loss 1.8342
2025-12-08 23:35:51.042564: val classification accuracy 0.4804
2025-12-08 23:35:51.059039: val auc 0.584
2025-12-08 23:35:51.084114: Epoch time: 48.18 s
2025-12-08 23:35:51.989938: 
2025-12-08 23:35:51.993824: Epoch 77
2025-12-08 23:35:51.996328: Current learning rate: 0.00766
2025-12-08 23:36:44.541059: train_loss 0.6448
2025-12-08 23:36:44.545336: val_loss 1.2234
2025-12-08 23:36:44.548070: val classification accuracy 0.5098
2025-12-08 23:36:44.550463: val auc 0.5021
2025-12-08 23:36:44.552864: Epoch time: 52.55 s
2025-12-08 23:36:45.351037: 
2025-12-08 23:36:45.357459: Epoch 78
2025-12-08 23:36:45.364911: Current learning rate: 0.00763
2025-12-08 23:37:33.818144: train_loss 0.6495
2025-12-08 23:37:33.824817: val_loss 1.2229
2025-12-08 23:37:33.827782: val classification accuracy 0.5686
2025-12-08 23:37:33.830893: val auc 0.6451
2025-12-08 23:37:33.833848: Epoch time: 48.47 s
2025-12-08 23:37:34.567908: 
2025-12-08 23:37:34.571330: Epoch 79
2025-12-08 23:37:34.573822: Current learning rate: 0.0076
2025-12-08 23:38:24.669488: train_loss 0.64
2025-12-08 23:38:24.687858: val_loss 1.6517
2025-12-08 23:38:24.691010: val classification accuracy 0.4608
2025-12-08 23:38:24.694908: val auc 0.4441
2025-12-08 23:38:24.698136: Epoch time: 50.1 s
2025-12-08 23:38:25.582083: 
2025-12-08 23:38:25.586103: Epoch 80
2025-12-08 23:38:25.589046: Current learning rate: 0.00756
2025-12-08 23:39:16.109364: train_loss 0.6402
2025-12-08 23:39:16.113576: val_loss 1.0195
2025-12-08 23:39:16.117076: val classification accuracy 0.5784
2025-12-08 23:39:16.129217: val auc 0.5625
2025-12-08 23:39:16.133229: Epoch time: 50.53 s
2025-12-08 23:39:16.864724: 
2025-12-08 23:39:16.868310: Epoch 81
2025-12-08 23:39:16.870759: Current learning rate: 0.00753
2025-12-08 23:40:06.366606: train_loss 0.575
2025-12-08 23:40:06.383599: val_loss 1.1387
2025-12-08 23:40:06.391617: val classification accuracy 0.6471
2025-12-08 23:40:06.396047: val auc 0.6528
2025-12-08 23:40:06.406041: Epoch time: 49.5 s
2025-12-08 23:40:07.284430: 
2025-12-08 23:40:07.288436: Epoch 82
2025-12-08 23:40:07.291475: Current learning rate: 0.0075
2025-12-08 23:40:59.775915: train_loss 0.6292
2025-12-08 23:40:59.781015: val_loss 0.8298
2025-12-08 23:40:59.783772: val classification accuracy 0.5588
2025-12-08 23:40:59.786427: val auc 0.53
2025-12-08 23:40:59.789157: Epoch time: 52.49 s
2025-12-08 23:41:00.581800: 
2025-12-08 23:41:00.585012: Epoch 83
2025-12-08 23:41:00.587483: Current learning rate: 0.00747
2025-12-08 23:41:52.648114: train_loss 0.6318
2025-12-08 23:41:52.672158: val_loss 0.9209
2025-12-08 23:41:52.675228: val classification accuracy 0.5784
2025-12-08 23:41:52.677981: val auc 0.5886
2025-12-08 23:41:52.690204: Epoch time: 52.07 s
2025-12-08 23:41:53.503968: 
2025-12-08 23:41:53.507654: Epoch 84
2025-12-08 23:41:53.510213: Current learning rate: 0.00744
2025-12-08 23:42:45.990062: train_loss 0.6022
2025-12-08 23:42:45.994775: val_loss 1.1026
2025-12-08 23:42:45.998277: val classification accuracy 0.4804
2025-12-08 23:42:46.001565: val auc 0.53
2025-12-08 23:42:46.004535: Epoch time: 52.49 s
2025-12-08 23:42:46.791517: 
2025-12-08 23:42:46.794516: Epoch 85
2025-12-08 23:42:46.797138: Current learning rate: 0.00741
2025-12-08 23:43:33.068998: train_loss 0.5995
2025-12-08 23:43:33.074256: val_loss 5.3038
2025-12-08 23:43:33.078761: val classification accuracy 0.4902
2025-12-08 23:43:33.088365: val auc 0.3439
2025-12-08 23:43:33.091315: Epoch time: 46.28 s
2025-12-08 23:43:33.942389: 
2025-12-08 23:43:33.945506: Epoch 86
2025-12-08 23:43:33.947968: Current learning rate: 0.00738
2025-12-08 23:44:27.584193: train_loss 0.6249
2025-12-08 23:44:27.588341: val_loss 2.4686
2025-12-08 23:44:27.591302: val classification accuracy 0.549
2025-12-08 23:44:27.594114: val auc 0.5158
2025-12-08 23:44:27.596848: Epoch time: 53.64 s
2025-12-08 23:44:28.538537: 
2025-12-08 23:44:28.541801: Epoch 87
2025-12-08 23:44:28.544225: Current learning rate: 0.00735
2025-12-08 23:45:19.280980: train_loss 0.6134
2025-12-08 23:45:19.285532: val_loss 0.944
2025-12-08 23:45:19.288551: val classification accuracy 0.5588
2025-12-08 23:45:19.291457: val auc 0.5202
2025-12-08 23:45:19.294500: Epoch time: 50.74 s
2025-12-08 23:45:20.132656: 
2025-12-08 23:45:20.136624: Epoch 88
2025-12-08 23:45:20.139378: Current learning rate: 0.00732
2025-12-08 23:46:11.681920: train_loss 0.6619
2025-12-08 23:46:11.686047: val_loss 1.0663
2025-12-08 23:46:11.688982: val classification accuracy 0.4706
2025-12-08 23:46:11.691965: val auc 0.4948
2025-12-08 23:46:11.695020: Epoch time: 51.55 s
2025-12-08 23:46:12.445809: 
2025-12-08 23:46:12.449399: Epoch 89
2025-12-08 23:46:12.451887: Current learning rate: 0.00729
2025-12-08 23:47:03.199299: train_loss 0.6277
2025-12-08 23:47:03.208339: val_loss 0.8117
2025-12-08 23:47:03.211034: val classification accuracy 0.5588
2025-12-08 23:47:03.217761: val auc 0.6501
2025-12-08 23:47:03.220711: Epoch time: 50.76 s
2025-12-08 23:47:04.593490: 
2025-12-08 23:47:04.597196: Epoch 90
2025-12-08 23:47:04.599704: Current learning rate: 0.00725
2025-12-08 23:47:55.161268: train_loss 0.5849
2025-12-08 23:47:55.165693: val_loss 0.7283
2025-12-08 23:47:55.169528: val classification accuracy 0.549
2025-12-08 23:47:55.172590: val auc 0.6253
2025-12-08 23:47:55.175517: Epoch time: 50.57 s
2025-12-08 23:47:55.960413: 
2025-12-08 23:47:55.964205: Epoch 91
2025-12-08 23:47:55.966635: Current learning rate: 0.00722
2025-12-08 23:48:49.139184: train_loss 0.6416
2025-12-08 23:48:49.143740: val_loss 0.9027
2025-12-08 23:48:49.146801: val classification accuracy 0.549
2025-12-08 23:48:49.149742: val auc 0.5294
2025-12-08 23:48:49.152584: Epoch time: 53.18 s
2025-12-08 23:48:49.944587: 
2025-12-08 23:48:49.947952: Epoch 92
2025-12-08 23:48:49.950275: Current learning rate: 0.00719
2025-12-08 23:49:39.132476: train_loss 0.6395
2025-12-08 23:49:39.136921: val_loss 0.8134
2025-12-08 23:49:39.149141: val classification accuracy 0.5098
2025-12-08 23:49:39.152912: val auc 0.5632
2025-12-08 23:49:39.155964: Epoch time: 49.19 s
2025-12-08 23:49:39.965528: 
2025-12-08 23:49:39.969437: Epoch 93
2025-12-08 23:49:39.972194: Current learning rate: 0.00716
2025-12-08 23:50:29.915585: train_loss 0.6441
2025-12-08 23:50:29.963261: val_loss 1.9821
2025-12-08 23:50:29.966814: val classification accuracy 0.4804
2025-12-08 23:50:29.970368: val auc 0.3562
2025-12-08 23:50:29.973862: Epoch time: 49.95 s
2025-12-08 23:50:30.816750: 
2025-12-08 23:50:30.820366: Epoch 94
2025-12-08 23:50:30.823080: Current learning rate: 0.00713
2025-12-08 23:51:21.140783: train_loss 0.6272
2025-12-08 23:51:21.145059: val_loss 1.6189
2025-12-08 23:51:21.147853: val classification accuracy 0.4804
2025-12-08 23:51:21.150747: val auc 0.4072
2025-12-08 23:51:21.153828: Epoch time: 50.33 s
2025-12-08 23:51:22.577405: 
2025-12-08 23:51:22.581030: Epoch 95
2025-12-08 23:51:22.583431: Current learning rate: 0.0071
2025-12-08 23:52:15.184263: train_loss 0.6415
2025-12-08 23:52:15.193470: val_loss 0.9965
2025-12-08 23:52:15.222370: val classification accuracy 0.5392
2025-12-08 23:52:15.226267: val auc 0.5167
2025-12-08 23:52:15.229506: Epoch time: 52.61 s
2025-12-08 23:52:16.103103: 
2025-12-08 23:52:16.106395: Epoch 96
2025-12-08 23:52:16.108927: Current learning rate: 0.00707
2025-12-08 23:53:05.498144: train_loss 0.5932
2025-12-08 23:53:05.502681: val_loss 0.9304
2025-12-08 23:53:05.505681: val classification accuracy 0.5588
2025-12-08 23:53:05.508603: val auc 0.6201
2025-12-08 23:53:05.511423: Epoch time: 49.4 s
2025-12-08 23:53:06.245761: 
2025-12-08 23:53:06.249231: Epoch 97
2025-12-08 23:53:06.251980: Current learning rate: 0.00704
2025-12-08 23:54:00.419771: train_loss 0.6643
2025-12-08 23:54:00.424160: val_loss 0.8246
2025-12-08 23:54:00.427578: val classification accuracy 0.5294
2025-12-08 23:54:00.430833: val auc 0.5657
2025-12-08 23:54:00.434219: Epoch time: 54.18 s
2025-12-08 23:54:01.289833: 
2025-12-08 23:54:01.292863: Epoch 98
2025-12-08 23:54:01.295272: Current learning rate: 0.007
2025-12-08 23:54:55.707865: train_loss 0.6117
2025-12-08 23:54:55.712821: val_loss 0.8478
2025-12-08 23:54:55.716068: val classification accuracy 0.6275
2025-12-08 23:54:55.719378: val auc 0.6169
2025-12-08 23:54:55.722575: Epoch time: 54.42 s
2025-12-08 23:54:56.560114: 
2025-12-08 23:54:56.563634: Epoch 99
2025-12-08 23:54:56.566394: Current learning rate: 0.00697
2025-12-08 23:55:48.616411: train_loss 0.62
2025-12-08 23:55:48.620340: val_loss 0.7906
2025-12-08 23:55:48.623007: val classification accuracy 0.5686
2025-12-08 23:55:48.625635: val auc 0.6113
2025-12-08 23:55:48.628540: Epoch time: 52.06 s
2025-12-08 23:55:49.822761: Saved periodic checkpoint /hpf/projects/jquon/sumin/nnUNet_data/nnUNet_results/Dataset003_AVM_T1+C/DenseNetTrainer_ep300_NoMirroring__nnUNetResEncUNetLPlans__3d_fullres/fold_1/checkpoint_every20_best_balacc.pth at epoch 99 with val_balanced_accuracy=0.5686
2025-12-08 23:55:50.531238: 
2025-12-08 23:55:50.534382: Epoch 100
2025-12-08 23:55:50.536732: Current learning rate: 0.00694
2025-12-08 23:56:43.938266: train_loss 0.564
2025-12-08 23:56:43.965059: val_loss 1.4085
2025-12-08 23:56:43.967994: val classification accuracy 0.5196
2025-12-08 23:56:43.972039: val auc 0.5327
2025-12-08 23:56:43.986127: Epoch time: 53.41 s
2025-12-08 23:56:44.776699: 
2025-12-08 23:56:44.780413: Epoch 101
2025-12-08 23:56:44.783379: Current learning rate: 0.00691
2025-12-08 23:57:36.713426: train_loss 0.6521
2025-12-08 23:57:36.720328: val_loss 0.7918
2025-12-08 23:57:36.723447: val classification accuracy 0.549
2025-12-08 23:57:36.726305: val auc 0.5879
2025-12-08 23:57:36.729263: Epoch time: 51.94 s
2025-12-08 23:57:37.531099: 
2025-12-08 23:57:37.534622: Epoch 102
2025-12-08 23:57:37.537385: Current learning rate: 0.00688
2025-12-08 23:58:34.744007: train_loss 0.6314
2025-12-08 23:58:34.748317: val_loss 0.8219
2025-12-08 23:58:34.751339: val classification accuracy 0.5784
2025-12-08 23:58:34.755211: val auc 0.56
2025-12-08 23:58:34.758165: Epoch time: 57.21 s
2025-12-08 23:58:35.545771: 
2025-12-08 23:58:35.549030: Epoch 103
2025-12-08 23:58:35.551547: Current learning rate: 0.00685
2025-12-08 23:59:26.782547: train_loss 0.6121
2025-12-08 23:59:26.787724: val_loss 0.9384
2025-12-08 23:59:26.790670: val classification accuracy 0.5294
2025-12-08 23:59:26.793498: val auc 0.5421
2025-12-08 23:59:26.801540: Epoch time: 51.24 s
2025-12-08 23:59:27.621740: 
2025-12-08 23:59:27.625459: Epoch 104
2025-12-08 23:59:27.627723: Current learning rate: 0.00682
2025-12-09 00:00:20.639215: train_loss 0.5939
2025-12-09 00:00:20.643243: val_loss 0.9092
2025-12-09 00:00:20.646145: val classification accuracy 0.5
2025-12-09 00:00:20.648905: val auc 0.4666
2025-12-09 00:00:20.651619: Epoch time: 53.02 s
2025-12-09 00:00:21.417893: 
2025-12-09 00:00:21.421157: Epoch 105
2025-12-09 00:00:21.423733: Current learning rate: 0.00679
2025-12-09 00:01:13.049933: train_loss 0.6352
2025-12-09 00:01:13.054626: val_loss 1.329
2025-12-09 00:01:13.057932: val classification accuracy 0.5
2025-12-09 00:01:13.060667: val auc 0.4719
2025-12-09 00:01:13.063432: Epoch time: 51.63 s
2025-12-09 00:01:13.932898: 
2025-12-09 00:01:13.936953: Epoch 106
2025-12-09 00:01:13.939401: Current learning rate: 0.00675
2025-12-09 00:02:02.779965: train_loss 0.5861
2025-12-09 00:02:02.784856: val_loss 1.1514
2025-12-09 00:02:02.788021: val classification accuracy 0.4804
2025-12-09 00:02:02.790951: val auc 0.4721
2025-12-09 00:02:02.794600: Epoch time: 48.85 s
2025-12-09 00:02:03.697761: 
2025-12-09 00:02:03.701254: Epoch 107
2025-12-09 00:02:03.705090: Current learning rate: 0.00672
2025-12-09 00:02:54.374606: train_loss 0.6103
2025-12-09 00:02:54.400904: val_loss 1.0441
2025-12-09 00:02:54.407977: val classification accuracy 0.5784
2025-12-09 00:02:54.413909: val auc 0.565
2025-12-09 00:02:54.416845: Epoch time: 50.68 s
2025-12-09 00:02:55.293776: 
2025-12-09 00:02:55.297299: Epoch 108
2025-12-09 00:02:55.300102: Current learning rate: 0.00669
2025-12-09 00:03:47.328741: train_loss 0.5947
2025-12-09 00:03:47.333178: val_loss 0.6801
2025-12-09 00:03:47.336022: val classification accuracy 0.6471
2025-12-09 00:03:47.343372: val auc 0.7291
2025-12-09 00:03:47.346309: Epoch time: 52.04 s
2025-12-09 00:03:48.169146: 
2025-12-09 00:03:48.172385: Epoch 109
2025-12-09 00:03:48.174714: Current learning rate: 0.00666
2025-12-09 00:04:38.727208: train_loss 0.6287
2025-12-09 00:04:38.732208: val_loss 0.6473
2025-12-09 00:04:38.735245: val classification accuracy 0.6667
2025-12-09 00:04:38.738040: val auc 0.7099
2025-12-09 00:04:38.740623: Epoch time: 50.56 s
2025-12-09 00:04:39.571409: 
2025-12-09 00:04:39.575274: Epoch 110
2025-12-09 00:04:39.578021: Current learning rate: 0.00663
2025-12-09 00:05:29.331894: train_loss 0.6014
2025-12-09 00:05:29.336191: val_loss 0.7803
2025-12-09 00:05:29.338849: val classification accuracy 0.5882
2025-12-09 00:05:29.341615: val auc 0.6399
2025-12-09 00:05:29.344737: Epoch time: 49.76 s
2025-12-09 00:05:30.110098: 
2025-12-09 00:05:30.115353: Epoch 111
2025-12-09 00:05:30.118372: Current learning rate: 0.0066
2025-12-09 00:06:22.553838: train_loss 0.5871
2025-12-09 00:06:22.558292: val_loss 0.7311
2025-12-09 00:06:22.561251: val classification accuracy 0.6765
2025-12-09 00:06:22.564738: val auc 0.6895
2025-12-09 00:06:22.568287: Epoch time: 52.45 s
2025-12-09 00:06:23.440579: 
2025-12-09 00:06:23.444098: Epoch 112
2025-12-09 00:06:23.446858: Current learning rate: 0.00657
2025-12-09 00:07:15.461667: train_loss 0.6127
2025-12-09 00:07:15.468564: val_loss 0.6563
2025-12-09 00:07:15.473189: val classification accuracy 0.7059
2025-12-09 00:07:15.476461: val auc 0.7366
2025-12-09 00:07:15.487053: Epoch time: 52.02 s
2025-12-09 00:07:15.497285: Yayy! New best classification accuracy: 0.7059
2025-12-09 00:07:16.960928: 
2025-12-09 00:07:16.964201: Epoch 113
2025-12-09 00:07:16.966491: Current learning rate: 0.00654
2025-12-09 00:08:08.579111: train_loss 0.5811
2025-12-09 00:08:08.593900: val_loss 0.9721
2025-12-09 00:08:08.597052: val classification accuracy 0.6275
2025-12-09 00:08:08.600021: val auc 0.6586
2025-12-09 00:08:08.603296: Epoch time: 51.62 s
2025-12-09 00:08:09.412846: 
2025-12-09 00:08:09.416286: Epoch 114
2025-12-09 00:08:09.418776: Current learning rate: 0.0065
2025-12-09 00:09:03.393866: train_loss 0.6201
2025-12-09 00:09:03.398314: val_loss 0.7546
2025-12-09 00:09:03.401326: val classification accuracy 0.5784
2025-12-09 00:09:03.404354: val auc 0.6344
2025-12-09 00:09:03.406924: Epoch time: 53.98 s
2025-12-09 00:09:04.195812: 
2025-12-09 00:09:04.199228: Epoch 115
2025-12-09 00:09:04.201597: Current learning rate: 0.00647
2025-12-09 00:09:55.011192: train_loss 0.5747
2025-12-09 00:09:55.025481: val_loss 0.8426
2025-12-09 00:09:55.028431: val classification accuracy 0.5392
2025-12-09 00:09:55.031689: val auc 0.5675
2025-12-09 00:09:55.034505: Epoch time: 50.82 s
2025-12-09 00:09:55.821037: 
2025-12-09 00:09:55.824705: Epoch 116
2025-12-09 00:09:55.827182: Current learning rate: 0.00644
2025-12-09 00:10:40.417891: train_loss 0.635
2025-12-09 00:10:40.422512: val_loss 0.8955
2025-12-09 00:10:40.425362: val classification accuracy 0.5588
2025-12-09 00:10:40.428283: val auc 0.5621
2025-12-09 00:10:40.431237: Epoch time: 44.6 s
2025-12-09 00:10:41.166916: 
2025-12-09 00:10:41.170437: Epoch 117
2025-12-09 00:10:41.172916: Current learning rate: 0.00641
2025-12-09 00:11:22.676356: train_loss 0.5557
2025-12-09 00:11:22.684073: val_loss 1.1913
2025-12-09 00:11:22.687085: val classification accuracy 0.5294
2025-12-09 00:11:22.690617: val auc 0.5879
2025-12-09 00:11:22.695016: Epoch time: 41.51 s
2025-12-09 00:11:23.446830: 
2025-12-09 00:11:23.450363: Epoch 118
2025-12-09 00:11:23.452868: Current learning rate: 0.00638
2025-12-09 00:12:05.328489: train_loss 0.6495
2025-12-09 00:12:05.333251: val_loss 0.7952
2025-12-09 00:12:05.338156: val classification accuracy 0.5784
2025-12-09 00:12:05.340783: val auc 0.5871
2025-12-09 00:12:05.343665: Epoch time: 41.88 s
2025-12-09 00:12:06.510082: 
2025-12-09 00:12:06.513265: Epoch 119
2025-12-09 00:12:06.515648: Current learning rate: 0.00635
2025-12-09 00:12:47.441900: train_loss 0.5704
2025-12-09 00:12:47.449070: val_loss 2.2442
2025-12-09 00:12:47.452141: val classification accuracy 0.451
2025-12-09 00:12:47.455024: val auc 0.4287
2025-12-09 00:12:47.459941: Epoch time: 40.93 s
2025-12-09 00:12:48.297933: 
2025-12-09 00:12:48.301454: Epoch 120
2025-12-09 00:12:48.304085: Current learning rate: 0.00631
2025-12-09 00:13:39.522167: train_loss 0.6378
2025-12-09 00:13:39.536473: val_loss 2.6609
2025-12-09 00:13:39.541162: val classification accuracy 0.5196
2025-12-09 00:13:39.544242: val auc 0.4742
2025-12-09 00:13:39.547393: Epoch time: 51.23 s
2025-12-09 00:13:40.297904: 
2025-12-09 00:13:40.301231: Epoch 121
2025-12-09 00:13:40.303723: Current learning rate: 0.00628
2025-12-09 00:14:26.726341: train_loss 0.6338
2025-12-09 00:14:26.731008: val_loss 0.9169
2025-12-09 00:14:26.734093: val classification accuracy 0.4902
2025-12-09 00:14:26.737043: val auc 0.4965
2025-12-09 00:14:26.740405: Epoch time: 46.43 s
2025-12-09 00:14:27.553587: 
2025-12-09 00:14:27.557261: Epoch 122
2025-12-09 00:14:27.559996: Current learning rate: 0.00625
2025-12-09 00:15:16.762973: train_loss 0.61
2025-12-09 00:15:16.767269: val_loss 0.8591
2025-12-09 00:15:16.770504: val classification accuracy 0.5392
2025-12-09 00:15:16.773231: val auc 0.5506
2025-12-09 00:15:16.775861: Epoch time: 49.21 s
2025-12-09 00:15:17.660820: 
2025-12-09 00:15:17.663935: Epoch 123
2025-12-09 00:15:17.666341: Current learning rate: 0.00622
2025-12-09 00:16:07.406001: train_loss 0.5593
2025-12-09 00:16:07.419251: val_loss 1.2353
2025-12-09 00:16:07.422117: val classification accuracy 0.5196
2025-12-09 00:16:07.424864: val auc 0.6244
2025-12-09 00:16:07.428020: Epoch time: 49.75 s
2025-12-09 00:16:08.717819: 
2025-12-09 00:16:08.721772: Epoch 124
2025-12-09 00:16:08.724604: Current learning rate: 0.00619
2025-12-09 00:16:58.105633: train_loss 0.605
2025-12-09 00:16:58.111194: val_loss 1.1936
2025-12-09 00:16:58.115412: val classification accuracy 0.5588
2025-12-09 00:16:58.119497: val auc 0.5286
2025-12-09 00:16:58.123471: Epoch time: 49.39 s
2025-12-09 00:16:58.865103: 
2025-12-09 00:16:58.868775: Epoch 125
2025-12-09 00:16:58.871162: Current learning rate: 0.00616
2025-12-09 00:17:49.592332: train_loss 0.573
2025-12-09 00:17:49.598116: val_loss 1.0776
2025-12-09 00:17:49.602118: val classification accuracy 0.549
2025-12-09 00:17:49.606036: val auc 0.6078
2025-12-09 00:17:49.609892: Epoch time: 50.73 s
2025-12-09 00:17:50.406239: 
2025-12-09 00:17:50.409979: Epoch 126
2025-12-09 00:17:50.413085: Current learning rate: 0.00612
2025-12-09 00:18:38.962011: train_loss 0.6006
2025-12-09 00:18:38.970409: val_loss 1.7047
2025-12-09 00:18:38.980908: val classification accuracy 0.598
2025-12-09 00:18:38.983998: val auc 0.6176
2025-12-09 00:18:38.986854: Epoch time: 48.56 s
2025-12-09 00:18:39.881248: 
2025-12-09 00:18:39.884484: Epoch 127
2025-12-09 00:18:39.886953: Current learning rate: 0.00609
2025-12-09 00:19:32.181023: train_loss 0.579
2025-12-09 00:19:32.185152: val_loss 0.8689
2025-12-09 00:19:32.188060: val classification accuracy 0.5784
2025-12-09 00:19:32.191649: val auc 0.6098
2025-12-09 00:19:32.222962: Epoch time: 52.3 s
2025-12-09 00:19:32.996224: 
2025-12-09 00:19:32.999721: Epoch 128
2025-12-09 00:19:33.002226: Current learning rate: 0.00606
2025-12-09 00:20:26.040032: train_loss 0.5993
2025-12-09 00:20:26.044793: val_loss 0.7323
2025-12-09 00:20:26.048288: val classification accuracy 0.6176
2025-12-09 00:20:26.051310: val auc 0.6449
2025-12-09 00:20:26.054941: Epoch time: 53.05 s
2025-12-09 00:20:27.535003: 
2025-12-09 00:20:27.538766: Epoch 129
2025-12-09 00:20:27.541921: Current learning rate: 0.00603
2025-12-09 00:21:17.887923: train_loss 0.5926
2025-12-09 00:21:17.898575: val_loss 1.4528
2025-12-09 00:21:17.901257: val classification accuracy 0.5686
2025-12-09 00:21:17.903706: val auc 0.4869
2025-12-09 00:21:17.906152: Epoch time: 50.35 s
2025-12-09 00:21:18.721263: 
2025-12-09 00:21:18.724831: Epoch 130
2025-12-09 00:21:18.732136: Current learning rate: 0.006
2025-12-09 00:22:07.910085: train_loss 0.6349
2025-12-09 00:22:07.939107: val_loss 0.8852
2025-12-09 00:22:07.945514: val classification accuracy 0.6176
2025-12-09 00:22:07.948369: val auc 0.6028
2025-12-09 00:22:07.951479: Epoch time: 49.19 s
2025-12-09 00:22:08.767114: 
2025-12-09 00:22:08.770623: Epoch 131
2025-12-09 00:22:08.773116: Current learning rate: 0.00597
2025-12-09 00:23:00.474051: train_loss 0.6195
2025-12-09 00:23:00.495172: val_loss 1.2234
2025-12-09 00:23:00.498187: val classification accuracy 0.5686
2025-12-09 00:23:00.516705: val auc 0.5946
2025-12-09 00:23:00.523682: Epoch time: 51.71 s
2025-12-09 00:23:01.349598: 
2025-12-09 00:23:01.353041: Epoch 132
2025-12-09 00:23:01.355651: Current learning rate: 0.00593
2025-12-09 00:23:49.183125: train_loss 0.582
2025-12-09 00:23:49.187095: val_loss 2.8833
2025-12-09 00:23:49.190794: val classification accuracy 0.4412
2025-12-09 00:23:49.193694: val auc 0.3772
2025-12-09 00:23:49.196745: Epoch time: 47.84 s
2025-12-09 00:23:49.980504: 
2025-12-09 00:23:49.984594: Epoch 133
2025-12-09 00:23:49.987551: Current learning rate: 0.0059
2025-12-09 00:24:39.183798: train_loss 0.5952
2025-12-09 00:24:39.188262: val_loss 0.9423
2025-12-09 00:24:39.191368: val classification accuracy 0.5196
2025-12-09 00:24:39.194171: val auc 0.5602
2025-12-09 00:24:39.197212: Epoch time: 49.2 s
2025-12-09 00:24:40.718549: 
2025-12-09 00:24:40.722299: Epoch 134
2025-12-09 00:24:40.724911: Current learning rate: 0.00587
2025-12-09 00:25:29.964775: train_loss 0.6256
2025-12-09 00:25:29.970869: val_loss 0.7865
2025-12-09 00:25:29.975633: val classification accuracy 0.6373
2025-12-09 00:25:29.980209: val auc 0.707
2025-12-09 00:25:29.984432: Epoch time: 49.25 s
2025-12-09 00:25:30.913338: 
2025-12-09 00:25:30.916606: Epoch 135
2025-12-09 00:25:30.919097: Current learning rate: 0.00584
2025-12-09 00:26:20.006991: train_loss 0.5496
2025-12-09 00:26:20.011346: val_loss 1.0365
2025-12-09 00:26:20.013947: val classification accuracy 0.5686
2025-12-09 00:26:20.016689: val auc 0.5732
2025-12-09 00:26:20.019261: Epoch time: 49.1 s
2025-12-09 00:26:20.890122: 
2025-12-09 00:26:20.893600: Epoch 136
2025-12-09 00:26:20.896086: Current learning rate: 0.00581
2025-12-09 00:27:14.277397: train_loss 0.6
2025-12-09 00:27:14.295207: val_loss 0.9569
2025-12-09 00:27:14.298450: val classification accuracy 0.4804
2025-12-09 00:27:14.301749: val auc 0.5121
2025-12-09 00:27:14.305459: Epoch time: 53.39 s
2025-12-09 00:27:15.095819: 
2025-12-09 00:27:15.099404: Epoch 137
2025-12-09 00:27:15.102067: Current learning rate: 0.00578
2025-12-09 00:28:03.564291: train_loss 0.5651
2025-12-09 00:28:03.569470: val_loss 0.9611
2025-12-09 00:28:03.572624: val classification accuracy 0.5588
2025-12-09 00:28:03.575382: val auc 0.6582
2025-12-09 00:28:03.578119: Epoch time: 48.47 s
2025-12-09 00:28:04.383629: 
2025-12-09 00:28:04.387025: Epoch 138
2025-12-09 00:28:04.389611: Current learning rate: 0.00574
2025-12-09 00:28:55.436001: train_loss 0.618
2025-12-09 00:28:55.455262: val_loss 0.7267
2025-12-09 00:28:55.458462: val classification accuracy 0.6078
2025-12-09 00:28:55.461417: val auc 0.6163
2025-12-09 00:28:55.468352: Epoch time: 51.05 s
2025-12-09 00:28:56.200421: 
2025-12-09 00:28:56.203829: Epoch 139
2025-12-09 00:28:56.206332: Current learning rate: 0.00571
2025-12-09 00:29:45.058061: train_loss 0.5921
2025-12-09 00:29:45.067609: val_loss 0.711
2025-12-09 00:29:45.071003: val classification accuracy 0.5882
2025-12-09 00:29:45.074270: val auc 0.6988
2025-12-09 00:29:45.077601: Epoch time: 48.86 s
2025-12-09 00:29:45.715405: Saved periodic checkpoint /hpf/projects/jquon/sumin/nnUNet_data/nnUNet_results/Dataset003_AVM_T1+C/DenseNetTrainer_ep300_NoMirroring__nnUNetResEncUNetLPlans__3d_fullres/fold_1/checkpoint_every20_best_balacc.pth at epoch 139 with val_balanced_accuracy=0.5882
2025-12-09 00:29:46.522156: 
2025-12-09 00:29:46.526009: Epoch 140
2025-12-09 00:29:46.529137: Current learning rate: 0.00568
2025-12-09 00:30:36.625180: train_loss 0.5662
2025-12-09 00:30:36.646722: val_loss 1.0126
2025-12-09 00:30:36.650650: val classification accuracy 0.5196
2025-12-09 00:30:36.656331: val auc 0.5654
2025-12-09 00:30:36.660348: Epoch time: 50.1 s
2025-12-09 00:30:37.459779: 
2025-12-09 00:30:37.463953: Epoch 141
2025-12-09 00:30:37.467574: Current learning rate: 0.00565
2025-12-09 00:31:29.405372: train_loss 0.532
2025-12-09 00:31:29.411705: val_loss 1.0074
2025-12-09 00:31:29.416352: val classification accuracy 0.5294
2025-12-09 00:31:29.427508: val auc 0.5625
2025-12-09 00:31:29.431780: Epoch time: 51.95 s
2025-12-09 00:31:30.233096: 
2025-12-09 00:31:30.236991: Epoch 142
2025-12-09 00:31:30.240601: Current learning rate: 0.00562
2025-12-09 00:32:19.977356: train_loss 0.5995
2025-12-09 00:32:20.023612: val_loss 0.676
2025-12-09 00:32:20.027416: val classification accuracy 0.6275
2025-12-09 00:32:20.030888: val auc 0.6819
2025-12-09 00:32:20.045807: Epoch time: 49.75 s
2025-12-09 00:32:20.974978: 
2025-12-09 00:32:20.979159: Epoch 143
2025-12-09 00:32:20.982783: Current learning rate: 0.00558
2025-12-09 00:33:11.587429: train_loss 0.5933
2025-12-09 00:33:11.596906: val_loss 1.2212
2025-12-09 00:33:11.600216: val classification accuracy 0.5098
2025-12-09 00:33:11.656199: val auc 0.4833
2025-12-09 00:33:11.660035: Epoch time: 50.61 s
2025-12-09 00:33:12.439406: 
2025-12-09 00:33:12.443118: Epoch 144
2025-12-09 00:33:12.446031: Current learning rate: 0.00555
2025-12-09 00:34:03.505098: train_loss 0.6012
2025-12-09 00:34:03.509888: val_loss 0.7053
2025-12-09 00:34:03.513470: val classification accuracy 0.6176
2025-12-09 00:34:03.517069: val auc 0.672
2025-12-09 00:34:03.520511: Epoch time: 51.07 s
2025-12-09 00:34:04.267962: 
2025-12-09 00:34:04.272176: Epoch 145
2025-12-09 00:34:04.275334: Current learning rate: 0.00552
2025-12-09 00:34:54.583055: train_loss 0.5746
2025-12-09 00:34:54.593391: val_loss 0.9343
2025-12-09 00:34:54.603132: val classification accuracy 0.5392
2025-12-09 00:34:54.619617: val auc 0.6171
2025-12-09 00:34:54.623626: Epoch time: 50.32 s
2025-12-09 00:34:55.417830: 
2025-12-09 00:34:55.421157: Epoch 146
2025-12-09 00:34:55.423606: Current learning rate: 0.00549
2025-12-09 00:35:45.246014: train_loss 0.5847
2025-12-09 00:35:45.254741: val_loss 0.9883
2025-12-09 00:35:45.258132: val classification accuracy 0.5
2025-12-09 00:35:45.261184: val auc 0.5275
2025-12-09 00:35:45.268429: Epoch time: 49.83 s
2025-12-09 00:35:45.271451: Early stopping triggered at epoch 146. Best val_losses=0.6320
2025-12-09 00:35:46.077475: Stopping training early due to early stopping criterion.
2025-12-09 00:35:46.807466: Training done.
2025-12-09 00:35:46.877157: Skipping perform_actual_validation for classification trainer (segmentation-style sliding window is not applicable).
[1;34mwandb[0m: 
[1;34mwandb[0m:  View run [33mDenseNetTrainer_ep300_NoMirroring_fold1[0m at: [34m[0m
[1;34mwandb[0m: Find logs at: [1;35m../../tmp/wandb/wandb/run-20251208_222839-5ftc18yx/logs[0m
