Using device: cuda:0

#######################################################################
Please cite the following paper when using nnU-Net:
Isensee, F., Jaeger, P. F., Kohl, S. A., Petersen, J., & Maier-Hein, K. H. (2021). nnU-Net: a self-configuring method for deep learning-based biomedical image segmentation. Nature methods, 18(2), 203-211.
#######################################################################

2025-12-08 22:28:35.141740: Using torch.compile...
2025-12-08 22:28:43.672067: do_dummy_2d_data_aug: False
2025-12-08 22:28:43.675549: Using splits from existing split file: /hpf/projects/jquon/sumin/nnUNet_data/nnUNet_preprocessed/Dataset003_AVM_T1+C/splits_final.json
2025-12-08 22:28:43.678241: The split file contains 5 splits.
2025-12-08 22:28:43.680327: Desired fold for training: 2
2025-12-08 22:28:43.682041: This split has 392 training and 120 validation cases.
using pin_memory on device 0
using pin_memory on device 0

This is the configuration used by this training:
Configuration name: 3d_fullres
 {'data_identifier': 'nnUNetPlans_3d_fullres', 'preprocessor_name': 'DefaultPreprocessor', 'batch_size': 2, 'patch_size': [160, 224, 192], 'median_image_size_in_voxels': [344.0, 448.0, 429.0], 'spacing': [0.500000923871994, 0.4910714328289032, 0.4910714328289032], 'normalization_schemes': ['ZScoreNormalization'], 'use_mask_for_norm': [False], 'resampling_fn_data': 'resample_data_or_seg_to_shape', 'resampling_fn_seg': 'resample_data_or_seg_to_shape', 'resampling_fn_data_kwargs': {'is_seg': False, 'order': 3, 'order_z': 0, 'force_separate_z': None}, 'resampling_fn_seg_kwargs': {'is_seg': True, 'order': 1, 'order_z': 0, 'force_separate_z': None}, 'resampling_fn_probabilities': 'resample_data_or_seg_to_shape', 'resampling_fn_probabilities_kwargs': {'is_seg': False, 'order': 1, 'order_z': 0, 'force_separate_z': None}, 'architecture': {'network_class_name': 'dynamic_network_architectures.architectures.unet.ResidualEncoderUNet', 'arch_kwargs': {'n_stages': 6, 'features_per_stage': [32, 64, 128, 256, 320, 320], 'conv_op': 'torch.nn.modules.conv.Conv3d', 'kernel_sizes': [[3, 3, 3], [3, 3, 3], [3, 3, 3], [3, 3, 3], [3, 3, 3], [3, 3, 3]], 'strides': [[1, 1, 1], [2, 2, 2], [2, 2, 2], [2, 2, 2], [2, 2, 2], [2, 2, 2]], 'n_blocks_per_stage': [1, 3, 4, 6, 6, 6], 'n_conv_per_stage_decoder': [1, 1, 1, 1, 1], 'conv_bias': True, 'norm_op': 'torch.nn.modules.instancenorm.InstanceNorm3d', 'norm_op_kwargs': {'eps': 1e-05, 'affine': True}, 'dropout_op': None, 'dropout_op_kwargs': None, 'nonlin': 'torch.nn.LeakyReLU', 'nonlin_kwargs': {'inplace': True}}, '_kw_requires_import': ['conv_op', 'norm_op', 'dropout_op', 'nonlin']}, 'batch_dice': True} 

These are the global plan.json settings:
 {'dataset_name': 'Dataset003_AVM_T1+C', 'plans_name': 'nnUNetResEncUNetLPlans', 'original_median_spacing_after_transp': [0.500000923871994, 0.4910714328289032, 0.4910714328289032], 'original_median_shape_after_transp': [330, 448, 424], 'image_reader_writer': 'SimpleITKIO', 'transpose_forward': [0, 1, 2], 'transpose_backward': [0, 1, 2], 'experiment_planner_used': 'nnUNetPlannerResEncL', 'label_manager': 'LabelManager', 'foreground_intensity_properties_per_channel': {'0': {'max': 12113.0, 'mean': 449.843505859375, 'median': 311.0, 'min': 0.0, 'percentile_00_5': 34.0, 'percentile_99_5': 3202.0, 'std': 471.56329345703125}}} 

2025-12-08 22:28:47.955700: Unable to plot network architecture: nnUNet_compile is enabled!
2025-12-08 22:28:47.976277: 
2025-12-08 22:28:47.979983: Epoch 0
2025-12-08 22:28:47.983424: Current learning rate: 0.01
2025-12-08 22:30:28.709653: train_loss 1.3781
2025-12-08 22:30:28.713312: val_loss 8.5955
2025-12-08 22:30:28.715861: val classification accuracy 0.4833
2025-12-08 22:30:28.718552: val auc 0.4525
2025-12-08 22:30:28.720909: Epoch time: 100.74 s
2025-12-08 22:30:28.722672: Yayy! New best EMA pseudo Dice: 0.4525
2025-12-08 22:30:29.495141: Yayy! New best classification accuracy: 0.4833
2025-12-08 22:30:30.922614: 
2025-12-08 22:30:30.925251: Epoch 1
2025-12-08 22:30:30.926961: Current learning rate: 0.00997
2025-12-08 22:31:36.223676: train_loss 2.4113
2025-12-08 22:31:36.227192: val_loss 17.4497
2025-12-08 22:31:36.229339: val classification accuracy 0.5333
2025-12-08 22:31:36.231345: val auc 0.5574
2025-12-08 22:31:36.233314: Epoch time: 65.3 s
2025-12-08 22:31:36.235189: Yayy! New best EMA pseudo Dice: 0.5574
2025-12-08 22:31:36.942019: Yayy! New best classification accuracy: 0.5333
2025-12-08 22:31:38.355840: 
2025-12-08 22:31:38.358550: Epoch 2
2025-12-08 22:31:38.361187: Current learning rate: 0.00994
2025-12-08 22:32:40.219080: train_loss 1.7053
2025-12-08 22:32:40.223194: val_loss 5.2097
2025-12-08 22:32:40.225900: val classification accuracy 0.5917
2025-12-08 22:32:40.246296: val auc 0.6086
2025-12-08 22:32:40.258115: Epoch time: 61.86 s
2025-12-08 22:32:40.260177: Yayy! New best EMA pseudo Dice: 0.6086
2025-12-08 22:32:40.981457: Yayy! New best classification accuracy: 0.5917
2025-12-08 22:32:42.489078: 
2025-12-08 22:32:42.492037: Epoch 3
2025-12-08 22:32:42.494154: Current learning rate: 0.00991
2025-12-08 22:33:41.200540: train_loss 1.061
2025-12-08 22:33:41.204971: val_loss 0.8983
2025-12-08 22:33:41.207243: val classification accuracy 0.4833
2025-12-08 22:33:41.209297: val auc 0.5383
2025-12-08 22:33:41.211467: Epoch time: 58.71 s
2025-12-08 22:33:42.004138: 
2025-12-08 22:33:42.006972: Epoch 4
2025-12-08 22:33:42.008921: Current learning rate: 0.00988
2025-12-08 22:34:43.122774: train_loss 0.7593
2025-12-08 22:34:43.126544: val_loss 1.7389
2025-12-08 22:34:43.129090: val classification accuracy 0.5083
2025-12-08 22:34:43.132094: val auc 0.5621
2025-12-08 22:34:43.134939: Epoch time: 61.12 s
2025-12-08 22:34:43.912580: 
2025-12-08 22:34:43.915635: Epoch 5
2025-12-08 22:34:43.918087: Current learning rate: 0.00985
2025-12-08 22:35:39.990613: train_loss 0.7263
2025-12-08 22:35:39.995363: val_loss 0.9392
2025-12-08 22:35:39.997872: val classification accuracy 0.6
2025-12-08 22:35:40.006792: val auc 0.6339
2025-12-08 22:35:40.009207: Epoch time: 56.08 s
2025-12-08 22:35:40.012412: Yayy! New best EMA pseudo Dice: 0.6339
2025-12-08 22:35:40.690343: Yayy! New best classification accuracy: 0.6
2025-12-08 22:35:42.185426: 
2025-12-08 22:35:42.188411: Epoch 6
2025-12-08 22:35:42.190475: Current learning rate: 0.00982
2025-12-08 22:36:43.637590: train_loss 0.6802
2025-12-08 22:36:43.641723: val_loss 0.706
2025-12-08 22:36:43.644281: val classification accuracy 0.5917
2025-12-08 22:36:43.646683: val auc 0.6096
2025-12-08 22:36:43.649061: Epoch time: 61.45 s
2025-12-08 22:36:44.477799: 
2025-12-08 22:36:44.480633: Epoch 7
2025-12-08 22:36:44.483017: Current learning rate: 0.00979
2025-12-08 22:37:43.497900: train_loss 0.6739
2025-12-08 22:37:43.506718: val_loss 0.8116
2025-12-08 22:37:43.526533: val classification accuracy 0.5417
2025-12-08 22:37:43.529188: val auc 0.6171
2025-12-08 22:37:43.532924: Epoch time: 59.02 s
2025-12-08 22:37:45.048927: 
2025-12-08 22:37:45.051698: Epoch 8
2025-12-08 22:37:45.053646: Current learning rate: 0.00976
2025-12-08 22:38:46.199273: train_loss 0.6986
2025-12-08 22:38:46.203151: val_loss 0.8843
2025-12-08 22:38:46.205324: val classification accuracy 0.525
2025-12-08 22:38:46.207325: val auc 0.5535
2025-12-08 22:38:46.219804: Epoch time: 61.15 s
2025-12-08 22:38:46.996792: 
2025-12-08 22:38:46.999704: Epoch 9
2025-12-08 22:38:47.001514: Current learning rate: 0.00973
2025-12-08 22:39:46.787521: train_loss 0.6911
2025-12-08 22:39:46.792957: val_loss 1.7486
2025-12-08 22:39:46.796099: val classification accuracy 0.6
2025-12-08 22:39:46.800108: val auc 0.6425
2025-12-08 22:39:46.804208: Epoch time: 59.79 s
2025-12-08 22:39:46.807427: Yayy! New best EMA pseudo Dice: 0.6425
2025-12-08 22:39:48.288372: 
2025-12-08 22:39:48.291460: Epoch 10
2025-12-08 22:39:48.293963: Current learning rate: 0.0097
2025-12-08 22:40:46.931498: train_loss 0.7058
2025-12-08 22:40:46.936647: val_loss 0.7123
2025-12-08 22:40:46.939902: val classification accuracy 0.4833
2025-12-08 22:40:46.942996: val auc 0.5403
2025-12-08 22:40:46.945929: Epoch time: 58.64 s
2025-12-08 22:40:47.841433: 
2025-12-08 22:40:47.844634: Epoch 11
2025-12-08 22:40:47.847229: Current learning rate: 0.00967
2025-12-08 22:41:45.628958: train_loss 0.6737
2025-12-08 22:41:45.633719: val_loss 1.8394
2025-12-08 22:41:45.636380: val classification accuracy 0.475
2025-12-08 22:41:45.639194: val auc 0.51
2025-12-08 22:41:45.641775: Epoch time: 57.79 s
2025-12-08 22:41:46.422939: 
2025-12-08 22:41:46.425950: Epoch 12
2025-12-08 22:41:46.428124: Current learning rate: 0.00964
2025-12-08 22:42:48.887376: train_loss 0.6734
2025-12-08 22:42:48.892224: val_loss 0.7018
2025-12-08 22:42:48.897565: val classification accuracy 0.5417
2025-12-08 22:42:48.900935: val auc 0.5989
2025-12-08 22:42:48.904503: Epoch time: 62.47 s
2025-12-08 22:42:49.705714: 
2025-12-08 22:42:49.709187: Epoch 13
2025-12-08 22:42:49.711775: Current learning rate: 0.00961
2025-12-08 22:43:48.869426: train_loss 0.6942
2025-12-08 22:43:48.874632: val_loss 0.7928
2025-12-08 22:43:48.877576: val classification accuracy 0.5917
2025-12-08 22:43:48.880627: val auc 0.5874
2025-12-08 22:43:48.883454: Epoch time: 59.17 s
2025-12-08 22:43:49.764080: 
2025-12-08 22:43:49.767335: Epoch 14
2025-12-08 22:43:49.769817: Current learning rate: 0.00958
2025-12-08 22:44:52.900106: train_loss 0.695
2025-12-08 22:44:52.904962: val_loss 0.666
2025-12-08 22:44:52.907822: val classification accuracy 0.6
2025-12-08 22:44:52.910833: val auc 0.6699
2025-12-08 22:44:52.919358: Epoch time: 63.14 s
2025-12-08 22:44:52.921978: Yayy! New best EMA pseudo Dice: 0.6699
2025-12-08 22:44:54.433753: 
2025-12-08 22:44:54.437461: Epoch 15
2025-12-08 22:44:54.440224: Current learning rate: 0.00955
2025-12-08 22:45:55.578377: train_loss 0.6657
2025-12-08 22:45:55.583489: val_loss 0.8281
2025-12-08 22:45:55.586200: val classification accuracy 0.5917
2025-12-08 22:45:55.588634: val auc 0.6004
2025-12-08 22:45:55.591136: Epoch time: 61.15 s
2025-12-08 22:45:56.355169: 
2025-12-08 22:45:56.358603: Epoch 16
2025-12-08 22:45:56.360898: Current learning rate: 0.00952
2025-12-08 22:46:59.766978: train_loss 0.6705
2025-12-08 22:46:59.772483: val_loss 1.2806
2025-12-08 22:46:59.775980: val classification accuracy 0.5583
2025-12-08 22:46:59.778662: val auc 0.5765
2025-12-08 22:46:59.781608: Epoch time: 63.41 s
2025-12-08 22:47:00.564448: 
2025-12-08 22:47:00.567827: Epoch 17
2025-12-08 22:47:00.570296: Current learning rate: 0.00949
2025-12-08 22:48:03.984670: train_loss 0.649
2025-12-08 22:48:04.016641: val_loss 0.8522
2025-12-08 22:48:04.044158: val classification accuracy 0.575
2025-12-08 22:48:04.071682: val auc 0.591
2025-12-08 22:48:04.074286: Epoch time: 63.42 s
2025-12-08 22:48:04.858123: 
2025-12-08 22:48:04.861233: Epoch 18
2025-12-08 22:48:04.863769: Current learning rate: 0.00946
2025-12-08 22:49:02.100845: train_loss 0.676
2025-12-08 22:49:02.104724: val_loss 0.8352
2025-12-08 22:49:02.107558: val classification accuracy 0.55
2025-12-08 22:49:02.110472: val auc 0.5903
2025-12-08 22:49:02.113134: Epoch time: 57.24 s
2025-12-08 22:49:02.926629: 
2025-12-08 22:49:02.930180: Epoch 19
2025-12-08 22:49:02.932904: Current learning rate: 0.00943
2025-12-08 22:50:03.285089: train_loss 0.6544
2025-12-08 22:50:03.289622: val_loss 1.4302
2025-12-08 22:50:03.293031: val classification accuracy 0.5417
2025-12-08 22:50:03.304931: val auc 0.5146
2025-12-08 22:50:03.307886: Epoch time: 60.36 s
2025-12-08 22:50:03.956573: Saved periodic checkpoint /hpf/projects/jquon/sumin/nnUNet_data/nnUNet_results/Dataset003_AVM_T1+C/DenseNetTrainer_ep300_NoMirroring__nnUNetResEncUNetLPlans__3d_fullres/fold_2/checkpoint_every20_best_balacc.pth at epoch 19 with val_balanced_accuracy=0.5417
2025-12-08 22:50:04.769494: 
2025-12-08 22:50:04.773119: Epoch 20
2025-12-08 22:50:04.775594: Current learning rate: 0.0094
2025-12-08 22:51:06.877343: train_loss 0.6851
2025-12-08 22:51:06.881783: val_loss 0.8325
2025-12-08 22:51:06.884786: val classification accuracy 0.4917
2025-12-08 22:51:06.887603: val auc 0.5085
2025-12-08 22:51:06.890354: Epoch time: 62.11 s
2025-12-08 22:51:07.683726: 
2025-12-08 22:51:07.686955: Epoch 21
2025-12-08 22:51:07.689397: Current learning rate: 0.00937
2025-12-08 22:52:07.926161: train_loss 0.6623
2025-12-08 22:52:07.932351: val_loss 2.2303
2025-12-08 22:52:07.936100: val classification accuracy 0.4833
2025-12-08 22:52:07.939315: val auc 0.5054
2025-12-08 22:52:07.943220: Epoch time: 60.24 s
2025-12-08 22:52:08.706302: 
2025-12-08 22:52:08.709630: Epoch 22
2025-12-08 22:52:08.712216: Current learning rate: 0.00934
2025-12-08 22:53:07.051438: train_loss 0.6328
2025-12-08 22:53:07.055353: val_loss 1.3082
2025-12-08 22:53:07.058174: val classification accuracy 0.6
2025-12-08 22:53:07.061344: val auc 0.6962
2025-12-08 22:53:07.064923: Epoch time: 58.35 s
2025-12-08 22:53:07.067740: Yayy! New best EMA pseudo Dice: 0.6962
2025-12-08 22:53:08.481627: 
2025-12-08 22:53:08.484948: Epoch 23
2025-12-08 22:53:08.487496: Current learning rate: 0.00931
2025-12-08 22:54:07.572422: train_loss 0.6548
2025-12-08 22:54:07.578272: val_loss 0.9084
2025-12-08 22:54:07.581895: val classification accuracy 0.55
2025-12-08 22:54:07.585465: val auc 0.5892
2025-12-08 22:54:07.589555: Epoch time: 59.09 s
2025-12-08 22:54:08.510572: 
2025-12-08 22:54:08.515694: Epoch 24
2025-12-08 22:54:08.519021: Current learning rate: 0.00928
2025-12-08 22:55:08.267864: train_loss 0.6646
2025-12-08 22:55:08.272316: val_loss 0.7988
2025-12-08 22:55:08.275128: val classification accuracy 0.525
2025-12-08 22:55:08.277796: val auc 0.6549
2025-12-08 22:55:08.280676: Epoch time: 59.76 s
2025-12-08 22:55:09.048429: 
2025-12-08 22:55:09.051664: Epoch 25
2025-12-08 22:55:09.054173: Current learning rate: 0.00925
2025-12-08 22:56:10.513210: train_loss 0.6512
2025-12-08 22:56:10.526223: val_loss 1.3197
2025-12-08 22:56:10.535560: val classification accuracy 0.5167
2025-12-08 22:56:10.538486: val auc 0.5321
2025-12-08 22:56:10.541992: Epoch time: 61.47 s
2025-12-08 22:56:11.320005: 
2025-12-08 22:56:11.323921: Epoch 26
2025-12-08 22:56:11.326133: Current learning rate: 0.00922
2025-12-08 22:57:14.679970: train_loss 0.6575
2025-12-08 22:57:14.686543: val_loss 0.8693
2025-12-08 22:57:14.689475: val classification accuracy 0.475
2025-12-08 22:57:14.692274: val auc 0.5167
2025-12-08 22:57:14.694998: Epoch time: 63.36 s
2025-12-08 22:57:16.193602: 
2025-12-08 22:57:16.196702: Epoch 27
2025-12-08 22:57:16.199204: Current learning rate: 0.00919
2025-12-08 22:58:12.605364: train_loss 0.6488
2025-12-08 22:58:12.610457: val_loss 0.8527
2025-12-08 22:58:12.613340: val classification accuracy 0.4833
2025-12-08 22:58:12.616154: val auc 0.5593
2025-12-08 22:58:12.618743: Epoch time: 56.41 s
2025-12-08 22:58:13.444079: 
2025-12-08 22:58:13.447773: Epoch 28
2025-12-08 22:58:13.450076: Current learning rate: 0.00916
2025-12-08 22:59:14.485529: train_loss 0.6601
2025-12-08 22:59:14.489836: val_loss 0.7647
2025-12-08 22:59:14.492738: val classification accuracy 0.5417
2025-12-08 22:59:14.522166: val auc 0.546
2025-12-08 22:59:14.526424: Epoch time: 61.04 s
2025-12-08 22:59:15.334637: 
2025-12-08 22:59:15.338287: Epoch 29
2025-12-08 22:59:15.340840: Current learning rate: 0.00913
2025-12-08 23:00:18.586258: train_loss 0.6511
2025-12-08 23:00:18.591131: val_loss 0.8411
2025-12-08 23:00:18.594319: val classification accuracy 0.5083
2025-12-08 23:00:18.597071: val auc 0.6047
2025-12-08 23:00:18.599797: Epoch time: 63.25 s
2025-12-08 23:00:19.412854: 
2025-12-08 23:00:19.416372: Epoch 30
2025-12-08 23:00:19.418916: Current learning rate: 0.0091
2025-12-08 23:01:21.867943: train_loss 0.6606
2025-12-08 23:01:21.873216: val_loss 0.8642
2025-12-08 23:01:21.876588: val classification accuracy 0.5
2025-12-08 23:01:21.879988: val auc 0.514
2025-12-08 23:01:21.883183: Epoch time: 62.46 s
2025-12-08 23:01:22.695014: 
2025-12-08 23:01:22.698528: Epoch 31
2025-12-08 23:01:22.701093: Current learning rate: 0.00907
2025-12-08 23:02:20.449412: train_loss 0.6557
2025-12-08 23:02:20.456391: val_loss 1.3057
2025-12-08 23:02:20.459291: val classification accuracy 0.55
2025-12-08 23:02:20.461923: val auc 0.5811
2025-12-08 23:02:20.465361: Epoch time: 57.76 s
2025-12-08 23:02:21.260368: 
2025-12-08 23:02:21.264114: Epoch 32
2025-12-08 23:02:21.266685: Current learning rate: 0.00903
2025-12-08 23:03:23.190940: train_loss 0.667
2025-12-08 23:03:23.196329: val_loss 0.9345
2025-12-08 23:03:23.200025: val classification accuracy 0.5167
2025-12-08 23:03:23.203114: val auc 0.531
2025-12-08 23:03:23.206162: Epoch time: 61.93 s
2025-12-08 23:03:24.002846: 
2025-12-08 23:03:24.006482: Epoch 33
2025-12-08 23:03:24.009143: Current learning rate: 0.009
2025-12-08 23:04:27.954525: train_loss 0.6446
2025-12-08 23:04:27.959445: val_loss 1.0928
2025-12-08 23:04:27.962417: val classification accuracy 0.5333
2025-12-08 23:04:27.966368: val auc 0.524
2025-12-08 23:04:27.969290: Epoch time: 63.95 s
2025-12-08 23:04:28.725669: 
2025-12-08 23:04:28.729150: Epoch 34
2025-12-08 23:04:28.731654: Current learning rate: 0.00897
2025-12-08 23:05:27.289547: train_loss 0.658
2025-12-08 23:05:27.300710: val_loss 0.7938
2025-12-08 23:05:27.303991: val classification accuracy 0.4917
2025-12-08 23:05:27.308524: val auc 0.5732
2025-12-08 23:05:27.312026: Epoch time: 58.57 s
2025-12-08 23:05:28.200310: 
2025-12-08 23:05:28.204256: Epoch 35
2025-12-08 23:05:28.206743: Current learning rate: 0.00894
2025-12-08 23:06:33.588376: train_loss 0.6805
2025-12-08 23:06:33.593496: val_loss 0.8301
2025-12-08 23:06:33.596616: val classification accuracy 0.5333
2025-12-08 23:06:33.599389: val auc 0.5797
2025-12-08 23:06:33.601827: Epoch time: 65.39 s
2025-12-08 23:06:34.378375: 
2025-12-08 23:06:34.381821: Epoch 36
2025-12-08 23:06:34.384195: Current learning rate: 0.00891
2025-12-08 23:07:36.452157: train_loss 0.6725
2025-12-08 23:07:36.456238: val_loss 1.5596
2025-12-08 23:07:36.459176: val classification accuracy 0.5583
2025-12-08 23:07:36.461995: val auc 0.5835
2025-12-08 23:07:36.464653: Epoch time: 62.08 s
2025-12-08 23:07:37.293007: 
2025-12-08 23:07:37.296588: Epoch 37
2025-12-08 23:07:37.298951: Current learning rate: 0.00888
2025-12-08 23:08:34.615996: train_loss 0.6724
2025-12-08 23:08:34.621575: val_loss 1.0865
2025-12-08 23:08:34.624766: val classification accuracy 0.5
2025-12-08 23:08:34.628162: val auc 0.519
2025-12-08 23:08:34.632964: Epoch time: 57.32 s
2025-12-08 23:08:35.430929: 
2025-12-08 23:08:35.435292: Epoch 38
2025-12-08 23:08:35.438552: Current learning rate: 0.00885
2025-12-08 23:09:35.080841: train_loss 0.6449
2025-12-08 23:09:35.086122: val_loss 1.0014
2025-12-08 23:09:35.089451: val classification accuracy 0.55
2025-12-08 23:09:35.123977: val auc 0.5686
2025-12-08 23:09:35.127242: Epoch time: 59.65 s
2025-12-08 23:09:35.912744: 
2025-12-08 23:09:35.916710: Epoch 39
2025-12-08 23:09:35.919837: Current learning rate: 0.00882
2025-12-08 23:10:37.733934: train_loss 0.6436
2025-12-08 23:10:37.739713: val_loss 1.6461
2025-12-08 23:10:37.742542: val classification accuracy 0.5833
2025-12-08 23:10:37.745421: val auc 0.5928
2025-12-08 23:10:37.748341: Epoch time: 61.82 s
2025-12-08 23:10:38.411430: Saved periodic checkpoint /hpf/projects/jquon/sumin/nnUNet_data/nnUNet_results/Dataset003_AVM_T1+C/DenseNetTrainer_ep300_NoMirroring__nnUNetResEncUNetLPlans__3d_fullres/fold_2/checkpoint_every20_best_balacc.pth at epoch 39 with val_balanced_accuracy=0.5833
2025-12-08 23:10:39.159156: 
2025-12-08 23:10:39.162317: Epoch 40
2025-12-08 23:10:39.164956: Current learning rate: 0.00879
2025-12-08 23:11:38.675994: train_loss 0.6647
2025-12-08 23:11:38.684337: val_loss 0.9627
2025-12-08 23:11:38.718686: val classification accuracy 0.4833
2025-12-08 23:11:38.722051: val auc 0.4975
2025-12-08 23:11:38.725936: Epoch time: 59.52 s
2025-12-08 23:11:39.608447: 
2025-12-08 23:11:39.612563: Epoch 41
2025-12-08 23:11:39.616074: Current learning rate: 0.00876
2025-12-08 23:12:43.729724: train_loss 0.6323
2025-12-08 23:12:43.734873: val_loss 1.2408
2025-12-08 23:12:43.738478: val classification accuracy 0.4833
2025-12-08 23:12:43.741940: val auc 0.5344
2025-12-08 23:12:43.745630: Epoch time: 64.12 s
2025-12-08 23:12:44.551988: 
2025-12-08 23:12:44.555395: Epoch 42
2025-12-08 23:12:44.558043: Current learning rate: 0.00873
2025-12-08 23:13:47.640600: train_loss 0.6404
2025-12-08 23:13:47.649579: val_loss 1.2775
2025-12-08 23:13:47.652681: val classification accuracy 0.4667
2025-12-08 23:13:47.655468: val auc 0.4544
2025-12-08 23:13:47.658714: Epoch time: 63.09 s
2025-12-08 23:13:48.479137: 
2025-12-08 23:13:48.482623: Epoch 43
2025-12-08 23:13:48.485285: Current learning rate: 0.0087
2025-12-08 23:14:46.386320: train_loss 0.6318
2025-12-08 23:14:46.390455: val_loss 0.8676
2025-12-08 23:14:46.393160: val classification accuracy 0.5167
2025-12-08 23:14:46.396107: val auc 0.5957
2025-12-08 23:14:46.398751: Epoch time: 57.91 s
2025-12-08 23:14:47.199014: 
2025-12-08 23:14:47.202226: Epoch 44
2025-12-08 23:14:47.204803: Current learning rate: 0.00867
2025-12-08 23:15:47.967009: train_loss 0.632
2025-12-08 23:15:47.986505: val_loss 0.9189
2025-12-08 23:15:47.989971: val classification accuracy 0.4833
2025-12-08 23:15:47.992790: val auc 0.5639
2025-12-08 23:15:47.995411: Epoch time: 60.77 s
2025-12-08 23:15:48.817059: 
2025-12-08 23:15:48.820734: Epoch 45
2025-12-08 23:15:48.823111: Current learning rate: 0.00864
2025-12-08 23:16:53.633303: train_loss 0.6619
2025-12-08 23:16:53.642780: val_loss 0.9949
2025-12-08 23:16:53.645684: val classification accuracy 0.5667
2025-12-08 23:16:53.648768: val auc 0.6442
2025-12-08 23:16:53.655447: Epoch time: 64.82 s
2025-12-08 23:16:55.216762: 
2025-12-08 23:16:55.220145: Epoch 46
2025-12-08 23:16:55.222524: Current learning rate: 0.00861
2025-12-08 23:17:59.697591: train_loss 0.636
2025-12-08 23:17:59.701777: val_loss 0.964
2025-12-08 23:17:59.704486: val classification accuracy 0.6
2025-12-08 23:17:59.711418: val auc 0.7322
2025-12-08 23:17:59.714057: Epoch time: 64.48 s
2025-12-08 23:17:59.716883: Yayy! New best EMA pseudo Dice: 0.7322
2025-12-08 23:18:01.214869: 
2025-12-08 23:18:01.218252: Epoch 47
2025-12-08 23:18:01.220684: Current learning rate: 0.00858
2025-12-08 23:19:05.818278: train_loss 0.6497
2025-12-08 23:19:05.822791: val_loss 1.6303
2025-12-08 23:19:05.826136: val classification accuracy 0.5
2025-12-08 23:19:05.828959: val auc 0.5536
2025-12-08 23:19:05.831757: Epoch time: 64.61 s
2025-12-08 23:19:06.659235: 
2025-12-08 23:19:06.662682: Epoch 48
2025-12-08 23:19:06.664954: Current learning rate: 0.00855
2025-12-08 23:20:11.659982: train_loss 0.5945
2025-12-08 23:20:11.666389: val_loss 1.6426
2025-12-08 23:20:11.669664: val classification accuracy 0.5083
2025-12-08 23:20:11.673109: val auc 0.5033
2025-12-08 23:20:11.677951: Epoch time: 65.0 s
2025-12-08 23:20:12.476352: 
2025-12-08 23:20:12.480556: Epoch 49
2025-12-08 23:20:12.483310: Current learning rate: 0.00852
2025-12-08 23:21:12.387802: train_loss 0.6744
2025-12-08 23:21:12.424058: val_loss 0.895
2025-12-08 23:21:12.427593: val classification accuracy 0.475
2025-12-08 23:21:12.430938: val auc 0.4743
2025-12-08 23:21:12.433823: Epoch time: 59.91 s
2025-12-08 23:21:13.250430: 
2025-12-08 23:21:13.253994: Epoch 50
2025-12-08 23:21:13.256291: Current learning rate: 0.00849
2025-12-08 23:22:16.239218: train_loss 0.6413
2025-12-08 23:22:16.248773: val_loss 0.9392
2025-12-08 23:22:16.252211: val classification accuracy 0.5417
2025-12-08 23:22:16.255543: val auc 0.5421
2025-12-08 23:22:16.279392: Epoch time: 62.99 s
2025-12-08 23:22:17.150045: 
2025-12-08 23:22:17.153435: Epoch 51
2025-12-08 23:22:17.155860: Current learning rate: 0.00846
2025-12-08 23:23:18.685205: train_loss 0.6351
2025-12-08 23:23:18.704307: val_loss 1.3845
2025-12-08 23:23:18.707494: val classification accuracy 0.5167
2025-12-08 23:23:18.710336: val auc 0.5276
2025-12-08 23:23:18.713100: Epoch time: 61.54 s
2025-12-08 23:23:19.492149: 
2025-12-08 23:23:19.495462: Epoch 52
2025-12-08 23:23:19.498013: Current learning rate: 0.00843
2025-12-08 23:24:22.362520: train_loss 0.6487
2025-12-08 23:24:22.368195: val_loss 0.9109
2025-12-08 23:24:22.375949: val classification accuracy 0.5583
2025-12-08 23:24:22.378906: val auc 0.566
2025-12-08 23:24:22.382154: Epoch time: 62.87 s
2025-12-08 23:24:23.216314: 
2025-12-08 23:24:23.220020: Epoch 53
2025-12-08 23:24:23.222649: Current learning rate: 0.00839
2025-12-08 23:25:28.656175: train_loss 0.663
2025-12-08 23:25:28.662324: val_loss 1.0527
2025-12-08 23:25:28.665286: val classification accuracy 0.5083
2025-12-08 23:25:28.668851: val auc 0.5264
2025-12-08 23:25:28.672188: Epoch time: 65.44 s
2025-12-08 23:25:29.441087: 
2025-12-08 23:25:29.444533: Epoch 54
2025-12-08 23:25:29.446883: Current learning rate: 0.00836
2025-12-08 23:26:31.132507: train_loss 0.6396
2025-12-08 23:26:31.147671: val_loss 0.8643
2025-12-08 23:26:31.150716: val classification accuracy 0.5667
2025-12-08 23:26:31.154104: val auc 0.5886
2025-12-08 23:26:31.157082: Epoch time: 61.69 s
2025-12-08 23:26:31.970495: 
2025-12-08 23:26:31.973865: Epoch 55
2025-12-08 23:26:31.976241: Current learning rate: 0.00833
2025-12-08 23:27:31.091893: train_loss 0.6273
2025-12-08 23:27:31.099706: val_loss 1.0748
2025-12-08 23:27:31.103045: val classification accuracy 0.5333
2025-12-08 23:27:31.105993: val auc 0.6074
2025-12-08 23:27:31.108847: Epoch time: 59.12 s
2025-12-08 23:27:31.898488: 
2025-12-08 23:27:31.901930: Epoch 56
2025-12-08 23:27:31.904548: Current learning rate: 0.0083
2025-12-08 23:28:36.528482: train_loss 0.5878
2025-12-08 23:28:36.567785: val_loss 2.0009
2025-12-08 23:28:36.571219: val classification accuracy 0.4833
2025-12-08 23:28:36.574341: val auc 0.4843
2025-12-08 23:28:36.593427: Epoch time: 64.63 s
2025-12-08 23:28:37.400003: 
2025-12-08 23:28:37.403286: Epoch 57
2025-12-08 23:28:37.405725: Current learning rate: 0.00827
2025-12-08 23:29:38.933412: train_loss 0.6262
2025-12-08 23:29:38.941092: val_loss 0.9387
2025-12-08 23:29:38.947706: val classification accuracy 0.575
2025-12-08 23:29:38.951545: val auc 0.6531
2025-12-08 23:29:38.954836: Epoch time: 61.54 s
2025-12-08 23:29:39.730978: 
2025-12-08 23:29:39.735015: Epoch 58
2025-12-08 23:29:39.737766: Current learning rate: 0.00824
2025-12-08 23:30:37.462658: train_loss 0.6574
2025-12-08 23:30:37.469048: val_loss 0.7454
2025-12-08 23:30:37.473422: val classification accuracy 0.55
2025-12-08 23:30:37.477778: val auc 0.5924
2025-12-08 23:30:37.482404: Epoch time: 57.73 s
2025-12-08 23:30:38.374507: 
2025-12-08 23:30:38.378284: Epoch 59
2025-12-08 23:30:38.380983: Current learning rate: 0.00821
2025-12-08 23:31:42.771594: train_loss 0.6819
2025-12-08 23:31:42.779739: val_loss 0.9308
2025-12-08 23:31:42.782917: val classification accuracy 0.5
2025-12-08 23:31:42.785842: val auc 0.4982
2025-12-08 23:31:42.788963: Epoch time: 64.4 s
2025-12-08 23:31:43.763634: 
2025-12-08 23:31:43.767061: Epoch 60
2025-12-08 23:31:43.769557: Current learning rate: 0.00818
2025-12-08 23:32:46.257087: train_loss 0.6598
2025-12-08 23:32:46.261616: val_loss 0.6935
2025-12-08 23:32:46.264313: val classification accuracy 0.575
2025-12-08 23:32:46.284693: val auc 0.6733
2025-12-08 23:32:46.288012: Epoch time: 62.5 s
2025-12-08 23:32:47.031211: 
2025-12-08 23:32:47.034463: Epoch 61
2025-12-08 23:32:47.036828: Current learning rate: 0.00815
2025-12-08 23:33:50.087210: train_loss 0.6142
2025-12-08 23:33:50.091935: val_loss 0.8018
2025-12-08 23:33:50.094854: val classification accuracy 0.5833
2025-12-08 23:33:50.097614: val auc 0.6158
2025-12-08 23:33:50.100363: Epoch time: 63.06 s
2025-12-08 23:33:50.862912: 
2025-12-08 23:33:50.866347: Epoch 62
2025-12-08 23:33:50.868860: Current learning rate: 0.00812
2025-12-08 23:34:51.240229: train_loss 0.614
2025-12-08 23:34:51.261995: val_loss 1.1227
2025-12-08 23:34:51.265237: val classification accuracy 0.4167
2025-12-08 23:34:51.271774: val auc 0.5367
2025-12-08 23:34:51.274708: Epoch time: 60.38 s
2025-12-08 23:34:52.109712: 
2025-12-08 23:34:52.113120: Epoch 63
2025-12-08 23:34:52.115543: Current learning rate: 0.00809
2025-12-08 23:35:55.356811: train_loss 0.6595
2025-12-08 23:35:55.392505: val_loss 0.9635
2025-12-08 23:35:55.395884: val classification accuracy 0.5583
2025-12-08 23:35:55.398768: val auc 0.5849
2025-12-08 23:35:55.401477: Epoch time: 63.25 s
2025-12-08 23:35:56.172082: 
2025-12-08 23:35:56.175527: Epoch 64
2025-12-08 23:35:56.178055: Current learning rate: 0.00806
2025-12-08 23:36:59.237345: train_loss 0.6356
2025-12-08 23:36:59.245034: val_loss 1.1609
2025-12-08 23:36:59.247745: val classification accuracy 0.475
2025-12-08 23:36:59.250641: val auc 0.4789
2025-12-08 23:36:59.254176: Epoch time: 63.07 s
2025-12-08 23:37:00.090930: 
2025-12-08 23:37:00.094548: Epoch 65
2025-12-08 23:37:00.097229: Current learning rate: 0.00803
2025-12-08 23:38:01.047142: train_loss 0.6361
2025-12-08 23:38:01.052627: val_loss 0.7544
2025-12-08 23:38:01.055703: val classification accuracy 0.55
2025-12-08 23:38:01.059102: val auc 0.5419
2025-12-08 23:38:01.061835: Epoch time: 60.96 s
2025-12-08 23:38:01.857244: 
2025-12-08 23:38:01.861328: Epoch 66
2025-12-08 23:38:01.863950: Current learning rate: 0.008
2025-12-08 23:39:04.927938: train_loss 0.6498
2025-12-08 23:39:04.953828: val_loss 0.9576
2025-12-08 23:39:04.957181: val classification accuracy 0.4667
2025-12-08 23:39:04.962806: val auc 0.451
2025-12-08 23:39:04.965646: Epoch time: 63.07 s
2025-12-08 23:39:05.751958: 
2025-12-08 23:39:05.755480: Epoch 67
2025-12-08 23:39:05.758097: Current learning rate: 0.00797
2025-12-08 23:40:04.602258: train_loss 0.6242
2025-12-08 23:40:04.625402: val_loss 0.9299
2025-12-08 23:40:04.628752: val classification accuracy 0.525
2025-12-08 23:40:04.631766: val auc 0.5661
2025-12-08 23:40:04.635195: Epoch time: 58.85 s
2025-12-08 23:40:05.414817: 
2025-12-08 23:40:05.418477: Epoch 68
2025-12-08 23:40:05.421472: Current learning rate: 0.00793
2025-12-08 23:41:06.071344: train_loss 0.6426
2025-12-08 23:41:06.091039: val_loss 1.456
2025-12-08 23:41:06.093943: val classification accuracy 0.4667
2025-12-08 23:41:06.096702: val auc 0.4746
2025-12-08 23:41:06.099347: Epoch time: 60.66 s
2025-12-08 23:41:06.836743: 
2025-12-08 23:41:06.840553: Epoch 69
2025-12-08 23:41:06.843201: Current learning rate: 0.0079
2025-12-08 23:42:06.003116: train_loss 0.6459
2025-12-08 23:42:06.008853: val_loss 0.9072
2025-12-08 23:42:06.012051: val classification accuracy 0.4667
2025-12-08 23:42:06.014881: val auc 0.5018
2025-12-08 23:42:06.017712: Epoch time: 59.17 s
2025-12-08 23:42:07.471802: 
2025-12-08 23:42:07.475370: Epoch 70
2025-12-08 23:42:07.477913: Current learning rate: 0.00787
2025-12-08 23:43:10.245819: train_loss 0.636
2025-12-08 23:43:10.251427: val_loss 0.9344
2025-12-08 23:43:10.254509: val classification accuracy 0.525
2025-12-08 23:43:10.257511: val auc 0.5662
2025-12-08 23:43:10.261357: Epoch time: 62.78 s
2025-12-08 23:43:11.149113: 
2025-12-08 23:43:11.152540: Epoch 71
2025-12-08 23:43:11.155239: Current learning rate: 0.00784
2025-12-08 23:44:10.578112: train_loss 0.619
2025-12-08 23:44:10.584893: val_loss 0.9188
2025-12-08 23:44:10.588560: val classification accuracy 0.5083
2025-12-08 23:44:10.592149: val auc 0.5568
2025-12-08 23:44:10.595681: Epoch time: 59.43 s
2025-12-08 23:44:11.423085: 
2025-12-08 23:44:11.426379: Epoch 72
2025-12-08 23:44:11.429077: Current learning rate: 0.00781
2025-12-08 23:45:14.486501: train_loss 0.6494
2025-12-08 23:45:14.492319: val_loss 0.9466
2025-12-08 23:45:14.495261: val classification accuracy 0.5167
2025-12-08 23:45:14.498454: val auc 0.5119
2025-12-08 23:45:14.500830: Epoch time: 63.07 s
2025-12-08 23:45:15.312393: 
2025-12-08 23:45:15.316182: Epoch 73
2025-12-08 23:45:15.319161: Current learning rate: 0.00778
2025-12-08 23:46:18.708034: train_loss 0.6688
2025-12-08 23:46:18.739670: val_loss 1.532
2025-12-08 23:46:18.742919: val classification accuracy 0.425
2025-12-08 23:46:18.746218: val auc 0.3789
2025-12-08 23:46:18.749583: Epoch time: 63.4 s
2025-12-08 23:46:19.544088: 
2025-12-08 23:46:19.547782: Epoch 74
2025-12-08 23:46:19.550459: Current learning rate: 0.00775
2025-12-08 23:47:21.822549: train_loss 0.6442
2025-12-08 23:47:21.845686: val_loss 1.2443
2025-12-08 23:47:21.848915: val classification accuracy 0.5083
2025-12-08 23:47:21.851863: val auc 0.5129
2025-12-08 23:47:21.854859: Epoch time: 62.28 s
2025-12-08 23:47:23.400423: 
2025-12-08 23:47:23.404673: Epoch 75
2025-12-08 23:47:23.407815: Current learning rate: 0.00772
2025-12-08 23:48:25.072312: train_loss 0.6366
2025-12-08 23:48:25.078355: val_loss 0.9024
2025-12-08 23:48:25.081936: val classification accuracy 0.4583
2025-12-08 23:48:25.085345: val auc 0.5192
2025-12-08 23:48:25.088672: Epoch time: 61.67 s
2025-12-08 23:48:25.849650: 
2025-12-08 23:48:25.853208: Epoch 76
2025-12-08 23:48:25.855624: Current learning rate: 0.00769
2025-12-08 23:49:29.186736: train_loss 0.6366
2025-12-08 23:49:29.191809: val_loss 1.3997
2025-12-08 23:49:29.194478: val classification accuracy 0.525
2025-12-08 23:49:29.225620: val auc 0.4704
2025-12-08 23:49:29.236344: Epoch time: 63.34 s
2025-12-08 23:49:30.025439: 
2025-12-08 23:49:30.028668: Epoch 77
2025-12-08 23:49:30.031189: Current learning rate: 0.00766
2025-12-08 23:50:31.895458: train_loss 0.6605
2025-12-08 23:50:31.929343: val_loss 0.8547
2025-12-08 23:50:31.932701: val classification accuracy 0.4667
2025-12-08 23:50:31.935591: val auc 0.5151
2025-12-08 23:50:31.938489: Epoch time: 61.87 s
2025-12-08 23:50:32.796756: 
2025-12-08 23:50:32.800016: Epoch 78
2025-12-08 23:50:32.802495: Current learning rate: 0.00763
2025-12-08 23:51:37.849729: train_loss 0.6338
2025-12-08 23:51:37.865770: val_loss 1.2211
2025-12-08 23:51:37.868932: val classification accuracy 0.4917
2025-12-08 23:51:37.871662: val auc 0.5471
2025-12-08 23:51:37.874757: Epoch time: 65.05 s
2025-12-08 23:51:38.696182: 
2025-12-08 23:51:38.699386: Epoch 79
2025-12-08 23:51:38.701975: Current learning rate: 0.0076
2025-12-08 23:52:47.968338: train_loss 0.6386
2025-12-08 23:52:47.984203: val_loss 1.0812
2025-12-08 23:52:47.987052: val classification accuracy 0.5333
2025-12-08 23:52:47.989701: val auc 0.5133
2025-12-08 23:52:47.992760: Epoch time: 69.27 s
2025-12-08 23:52:48.752296: 
2025-12-08 23:52:48.755462: Epoch 80
2025-12-08 23:52:48.757921: Current learning rate: 0.00756
2025-12-08 23:53:52.819929: train_loss 0.6468
2025-12-08 23:53:52.825193: val_loss 0.9017
2025-12-08 23:53:52.828035: val classification accuracy 0.4583
2025-12-08 23:53:52.831416: val auc 0.4808
2025-12-08 23:53:52.834158: Epoch time: 64.07 s
2025-12-08 23:53:53.619050: 
2025-12-08 23:53:53.623040: Epoch 81
2025-12-08 23:53:53.625613: Current learning rate: 0.00753
2025-12-08 23:54:53.547580: train_loss 0.6481
2025-12-08 23:54:53.554079: val_loss 1.1309
2025-12-08 23:54:53.557360: val classification accuracy 0.5417
2025-12-08 23:54:53.560668: val auc 0.61
2025-12-08 23:54:53.563740: Epoch time: 59.93 s
2025-12-08 23:54:54.374140: 
2025-12-08 23:54:54.377259: Epoch 82
2025-12-08 23:54:54.379618: Current learning rate: 0.0075
2025-12-08 23:55:57.562680: train_loss 0.6713
2025-12-08 23:55:57.568981: val_loss 1.234
2025-12-08 23:55:57.572526: val classification accuracy 0.475
2025-12-08 23:55:57.575857: val auc 0.3964
2025-12-08 23:55:57.579293: Epoch time: 63.19 s
2025-12-08 23:55:58.405657: 
2025-12-08 23:55:58.409854: Epoch 83
2025-12-08 23:55:58.413017: Current learning rate: 0.00747
2025-12-08 23:57:02.783932: train_loss 0.6751
2025-12-08 23:57:02.788271: val_loss 1.0877
2025-12-08 23:57:02.791313: val classification accuracy 0.475
2025-12-08 23:57:02.794355: val auc 0.4811
2025-12-08 23:57:02.797701: Epoch time: 64.38 s
2025-12-08 23:57:03.598574: 
2025-12-08 23:57:03.601799: Epoch 84
2025-12-08 23:57:03.604067: Current learning rate: 0.00744
2025-12-08 23:58:05.664891: train_loss 0.6593
2025-12-08 23:58:05.670517: val_loss 0.9639
2025-12-08 23:58:05.673198: val classification accuracy 0.4667
2025-12-08 23:58:05.675946: val auc 0.4893
2025-12-08 23:58:05.685570: Epoch time: 62.07 s
2025-12-08 23:58:06.463726: 
2025-12-08 23:58:06.468007: Epoch 85
2025-12-08 23:58:06.471094: Current learning rate: 0.00741
2025-12-08 23:59:09.751631: train_loss 0.6077
2025-12-08 23:59:09.757246: val_loss 1.1688
2025-12-08 23:59:09.760579: val classification accuracy 0.575
2025-12-08 23:59:09.763531: val auc 0.5356
2025-12-08 23:59:09.766630: Epoch time: 63.29 s
2025-12-08 23:59:10.547629: 
2025-12-08 23:59:10.551270: Epoch 86
2025-12-08 23:59:10.553739: Current learning rate: 0.00738
2025-12-09 00:00:13.776563: train_loss 0.62
2025-12-09 00:00:13.781328: val_loss 0.9031
2025-12-09 00:00:13.784168: val classification accuracy 0.525
2025-12-09 00:00:13.786978: val auc 0.5579
2025-12-09 00:00:13.789871: Epoch time: 63.23 s
2025-12-09 00:00:14.553668: 
2025-12-09 00:00:14.556991: Epoch 87
2025-12-09 00:00:14.559356: Current learning rate: 0.00735
2025-12-09 00:01:16.793465: train_loss 0.6438
2025-12-09 00:01:16.812524: val_loss 0.9145
2025-12-09 00:01:16.815897: val classification accuracy 0.5
2025-12-09 00:01:16.820506: val auc 0.4643
2025-12-09 00:01:16.823386: Epoch time: 62.24 s
2025-12-09 00:01:17.611981: 
2025-12-09 00:01:17.615774: Epoch 88
2025-12-09 00:01:17.618889: Current learning rate: 0.00732
2025-12-09 00:02:15.680225: train_loss 0.6301
2025-12-09 00:02:15.685571: val_loss 0.924
2025-12-09 00:02:15.688637: val classification accuracy 0.525
2025-12-09 00:02:15.691610: val auc 0.6514
2025-12-09 00:02:15.695166: Epoch time: 58.07 s
2025-12-09 00:02:16.589501: 
2025-12-09 00:02:16.592780: Epoch 89
2025-12-09 00:02:16.595407: Current learning rate: 0.00729
2025-12-09 00:03:15.249872: train_loss 0.6008
2025-12-09 00:03:15.254049: val_loss 1.1221
2025-12-09 00:03:15.256613: val classification accuracy 0.45
2025-12-09 00:03:15.259931: val auc 0.4646
2025-12-09 00:03:15.263057: Epoch time: 58.66 s
2025-12-09 00:03:16.030852: 
2025-12-09 00:03:16.034483: Epoch 90
2025-12-09 00:03:16.037069: Current learning rate: 0.00725
2025-12-09 00:04:14.236765: train_loss 0.6476
2025-12-09 00:04:14.243553: val_loss 0.8953
2025-12-09 00:04:14.246808: val classification accuracy 0.475
2025-12-09 00:04:14.250074: val auc 0.5269
2025-12-09 00:04:14.253017: Epoch time: 58.21 s
2025-12-09 00:04:15.100361: 
2025-12-09 00:04:15.104267: Epoch 91
2025-12-09 00:04:15.107126: Current learning rate: 0.00722
2025-12-09 00:05:18.640472: train_loss 0.6375
2025-12-09 00:05:18.646653: val_loss 0.8908
2025-12-09 00:05:18.650134: val classification accuracy 0.5417
2025-12-09 00:05:18.652843: val auc 0.634
2025-12-09 00:05:18.655455: Epoch time: 63.54 s
2025-12-09 00:05:19.473320: 
2025-12-09 00:05:19.476853: Epoch 92
2025-12-09 00:05:19.479228: Current learning rate: 0.00719
2025-12-09 00:06:21.915855: train_loss 0.6173
2025-12-09 00:06:21.937866: val_loss 1.0102
2025-12-09 00:06:21.941292: val classification accuracy 0.5917
2025-12-09 00:06:21.944632: val auc 0.6219
2025-12-09 00:06:21.962990: Epoch time: 62.45 s
2025-12-09 00:06:22.868320: 
2025-12-09 00:06:22.871660: Epoch 93
2025-12-09 00:06:22.874239: Current learning rate: 0.00716
2025-12-09 00:07:24.322995: train_loss 0.6312
2025-12-09 00:07:24.328067: val_loss 0.8848
2025-12-09 00:07:24.335774: val classification accuracy 0.5667
2025-12-09 00:07:24.339152: val auc 0.5844
2025-12-09 00:07:24.342546: Epoch time: 61.46 s
2025-12-09 00:07:25.128169: 
2025-12-09 00:07:25.131626: Epoch 94
2025-12-09 00:07:25.134566: Current learning rate: 0.00713
2025-12-09 00:08:28.059419: train_loss 0.6315
2025-12-09 00:08:28.073074: val_loss 0.8469
2025-12-09 00:08:28.075864: val classification accuracy 0.5
2025-12-09 00:08:28.079418: val auc 0.4751
2025-12-09 00:08:28.081962: Epoch time: 62.93 s
2025-12-09 00:08:28.826258: 
2025-12-09 00:08:28.829487: Epoch 95
2025-12-09 00:08:28.831906: Current learning rate: 0.0071
2025-12-09 00:09:30.840858: train_loss 0.6048
2025-12-09 00:09:30.845861: val_loss 2.0588
2025-12-09 00:09:30.848839: val classification accuracy 0.5333
2025-12-09 00:09:30.851697: val auc 0.5128
2025-12-09 00:09:30.854653: Epoch time: 62.02 s
2025-12-09 00:09:31.594917: 
2025-12-09 00:09:31.598370: Epoch 96
2025-12-09 00:09:31.601326: Current learning rate: 0.00707
2025-12-09 00:10:26.754226: train_loss 0.6279
2025-12-09 00:10:26.765208: val_loss 0.9115
2025-12-09 00:10:26.768116: val classification accuracy 0.5083
2025-12-09 00:10:26.770744: val auc 0.5106
2025-12-09 00:10:26.773437: Epoch time: 55.16 s
2025-12-09 00:10:27.486096: 
2025-12-09 00:10:27.489456: Epoch 97
2025-12-09 00:10:27.491796: Current learning rate: 0.00704
2025-12-09 00:11:18.761495: train_loss 0.5954
2025-12-09 00:11:18.766023: val_loss 1.4143
2025-12-09 00:11:18.769177: val classification accuracy 0.4417
2025-12-09 00:11:18.772022: val auc 0.4356
2025-12-09 00:11:18.774655: Epoch time: 51.28 s
2025-12-09 00:11:19.530210: 
2025-12-09 00:11:19.533377: Epoch 98
2025-12-09 00:11:19.535837: Current learning rate: 0.007
2025-12-09 00:12:10.721594: train_loss 0.6243
2025-12-09 00:12:10.726281: val_loss 0.9653
2025-12-09 00:12:10.729713: val classification accuracy 0.4833
2025-12-09 00:12:10.733012: val auc 0.4583
2025-12-09 00:12:10.737196: Epoch time: 51.19 s
2025-12-09 00:12:11.447100: 
2025-12-09 00:12:11.450566: Epoch 99
2025-12-09 00:12:11.453016: Current learning rate: 0.00697
2025-12-09 00:13:05.364592: train_loss 0.6491
2025-12-09 00:13:05.368866: val_loss 1.0768
2025-12-09 00:13:05.371503: val classification accuracy 0.4417
2025-12-09 00:13:05.374049: val auc 0.3596
2025-12-09 00:13:05.376968: Epoch time: 53.92 s
2025-12-09 00:13:06.237648: 
2025-12-09 00:13:06.241272: Epoch 100
2025-12-09 00:13:06.243950: Current learning rate: 0.00694
2025-12-09 00:14:08.708353: train_loss 0.6113
2025-12-09 00:14:08.724530: val_loss 1.0126
2025-12-09 00:14:08.727693: val classification accuracy 0.4583
2025-12-09 00:14:08.730514: val auc 0.4494
2025-12-09 00:14:08.733402: Epoch time: 62.47 s
2025-12-09 00:14:09.473502: 
2025-12-09 00:14:09.476911: Epoch 101
2025-12-09 00:14:09.479509: Current learning rate: 0.00691
2025-12-09 00:15:07.348147: train_loss 0.6277
2025-12-09 00:15:07.353710: val_loss 1.0635
2025-12-09 00:15:07.356721: val classification accuracy 0.5167
2025-12-09 00:15:07.360207: val auc 0.4779
2025-12-09 00:15:07.363278: Epoch time: 57.88 s
2025-12-09 00:15:08.131217: 
2025-12-09 00:15:08.134941: Epoch 102
2025-12-09 00:15:08.138614: Current learning rate: 0.00688
2025-12-09 00:16:10.720996: train_loss 0.6374
2025-12-09 00:16:10.725658: val_loss 1.0397
2025-12-09 00:16:10.728597: val classification accuracy 0.4583
2025-12-09 00:16:10.731493: val auc 0.4176
2025-12-09 00:16:10.734698: Epoch time: 62.59 s
2025-12-09 00:16:11.514360: 
2025-12-09 00:16:11.518054: Epoch 103
2025-12-09 00:16:11.520627: Current learning rate: 0.00685
2025-12-09 00:17:13.065395: train_loss 0.66
2025-12-09 00:17:13.099186: val_loss 0.8589
2025-12-09 00:17:13.103937: val classification accuracy 0.4667
2025-12-09 00:17:13.107570: val auc 0.39
2025-12-09 00:17:13.110867: Epoch time: 61.55 s
2025-12-09 00:17:14.547177: 
2025-12-09 00:17:14.550741: Epoch 104
2025-12-09 00:17:14.553284: Current learning rate: 0.00682
2025-12-09 00:18:13.869950: train_loss 0.6302
2025-12-09 00:18:13.875764: val_loss 0.9234
2025-12-09 00:18:13.879822: val classification accuracy 0.525
2025-12-09 00:18:13.894100: val auc 0.5472
2025-12-09 00:18:13.897834: Epoch time: 59.32 s
2025-12-09 00:18:14.761826: 
2025-12-09 00:18:14.765019: Epoch 105
2025-12-09 00:18:14.767574: Current learning rate: 0.00679
2025-12-09 00:19:16.601969: train_loss 0.6176
2025-12-09 00:19:16.607629: val_loss 1.0772
2025-12-09 00:19:16.613454: val classification accuracy 0.5083
2025-12-09 00:19:16.616668: val auc 0.4321
2025-12-09 00:19:16.620625: Epoch time: 61.84 s
2025-12-09 00:19:17.430491: 
2025-12-09 00:19:17.434155: Epoch 106
2025-12-09 00:19:17.436832: Current learning rate: 0.00675
2025-12-09 00:20:15.924276: train_loss 0.5715
2025-12-09 00:20:15.929053: val_loss 1.1478
2025-12-09 00:20:15.932019: val classification accuracy 0.525
2025-12-09 00:20:15.935057: val auc 0.4885
2025-12-09 00:20:15.937886: Epoch time: 58.5 s
2025-12-09 00:20:16.751086: 
2025-12-09 00:20:16.755437: Epoch 107
2025-12-09 00:20:16.758243: Current learning rate: 0.00672
2025-12-09 00:21:17.049164: train_loss 0.5753
2025-12-09 00:21:17.054234: val_loss 1.2857
2025-12-09 00:21:17.057645: val classification accuracy 0.5
2025-12-09 00:21:17.064402: val auc 0.4464
2025-12-09 00:21:17.069223: Epoch time: 60.3 s
2025-12-09 00:21:18.075404: 
2025-12-09 00:21:18.079069: Epoch 108
2025-12-09 00:21:18.081668: Current learning rate: 0.00669
2025-12-09 00:22:21.630265: train_loss 0.6166
2025-12-09 00:22:21.637692: val_loss 1.065
2025-12-09 00:22:21.642273: val classification accuracy 0.5
2025-12-09 00:22:21.645904: val auc 0.4825
2025-12-09 00:22:21.649683: Epoch time: 63.56 s
2025-12-09 00:22:22.387056: 
2025-12-09 00:22:22.390633: Epoch 109
2025-12-09 00:22:22.393127: Current learning rate: 0.00666
2025-12-09 00:23:22.999304: train_loss 0.5948
2025-12-09 00:23:23.004438: val_loss 1.5362
2025-12-09 00:23:23.007433: val classification accuracy 0.475
2025-12-09 00:23:23.010345: val auc 0.4031
2025-12-09 00:23:23.013533: Epoch time: 60.61 s
2025-12-09 00:23:23.873564: 
2025-12-09 00:23:23.876956: Epoch 110
2025-12-09 00:23:23.879362: Current learning rate: 0.00663
2025-12-09 00:24:29.007188: train_loss 0.6396
2025-12-09 00:24:29.012591: val_loss 0.8699
2025-12-09 00:24:29.015491: val classification accuracy 0.4917
2025-12-09 00:24:29.018301: val auc 0.4412
2025-12-09 00:24:29.021367: Epoch time: 65.14 s
2025-12-09 00:24:29.833823: 
2025-12-09 00:24:29.837014: Epoch 111
2025-12-09 00:24:29.839561: Current learning rate: 0.0066
2025-12-09 00:25:33.201841: train_loss 0.6095
2025-12-09 00:25:33.207200: val_loss 1.8229
2025-12-09 00:25:33.210158: val classification accuracy 0.525
2025-12-09 00:25:33.213203: val auc 0.5261
2025-12-09 00:25:33.216287: Epoch time: 63.37 s
2025-12-09 00:25:34.006422: 
2025-12-09 00:25:34.009945: Epoch 112
2025-12-09 00:25:34.012602: Current learning rate: 0.00657
2025-12-09 00:26:41.639400: train_loss 0.5843
2025-12-09 00:26:41.644969: val_loss 0.9056
2025-12-09 00:26:41.647871: val classification accuracy 0.5
2025-12-09 00:26:41.650781: val auc 0.5499
2025-12-09 00:26:41.653800: Epoch time: 67.63 s
2025-12-09 00:26:42.429499: 
2025-12-09 00:26:42.432988: Epoch 113
2025-12-09 00:26:42.435561: Current learning rate: 0.00654
2025-12-09 00:27:45.409240: train_loss 0.6408
2025-12-09 00:27:45.414853: val_loss 1.8221
2025-12-09 00:27:45.424541: val classification accuracy 0.4333
2025-12-09 00:27:45.427743: val auc 0.4565
2025-12-09 00:27:45.430933: Epoch time: 62.98 s
2025-12-09 00:27:46.188508: 
2025-12-09 00:27:46.192145: Epoch 114
2025-12-09 00:27:46.195035: Current learning rate: 0.0065
2025-12-09 00:28:51.326258: train_loss 0.624
2025-12-09 00:28:51.331813: val_loss 0.9287
2025-12-09 00:28:51.334949: val classification accuracy 0.5417
2025-12-09 00:28:51.337842: val auc 0.5758
2025-12-09 00:28:51.340671: Epoch time: 65.14 s
2025-12-09 00:28:51.343246: Early stopping triggered at epoch 114. Best val_losses=0.6660
2025-12-09 00:28:52.116659: Stopping training early due to early stopping criterion.
2025-12-09 00:28:52.812690: Training done.
2025-12-09 00:28:52.851439: Skipping perform_actual_validation for classification trainer (segmentation-style sliding window is not applicable).
[1;34mwandb[0m: 
[1;34mwandb[0m: 🚀 View run [33mDenseNetTrainer_ep300_NoMirroring_fold2[0m at: [34m[0m
[1;34mwandb[0m: Find logs at: [1;35m../../tmp/wandb/wandb/run-20251208_222839-uoqj43pe/logs[0m
