Using device: cuda:0

#######################################################################
Please cite the following paper when using nnU-Net:
Isensee, F., Jaeger, P. F., Kohl, S. A., Petersen, J., & Maier-Hein, K. H. (2021). nnU-Net: a self-configuring method for deep learning-based biomedical image segmentation. Nature methods, 18(2), 203-211.
#######################################################################

2025-12-09 06:24:18.375301: Using torch.compile...
2025-12-09 06:24:23.181056: do_dummy_2d_data_aug: False
2025-12-09 06:24:23.184904: Using splits from existing split file: /hpf/projects/jquon/sumin/nnUNet_data/nnUNet_preprocessed/Dataset003_AVM_T1+C/splits_final.json
2025-12-09 06:24:23.188094: The split file contains 5 splits.
2025-12-09 06:24:23.190073: Desired fold for training: 1
2025-12-09 06:24:23.191918: This split has 410 training and 102 validation cases.
using pin_memory on device 0
using pin_memory on device 0

This is the configuration used by this training:
Configuration name: 3d_fullres
 {'data_identifier': 'nnUNetPlans_3d_fullres', 'preprocessor_name': 'DefaultPreprocessor', 'batch_size': 2, 'patch_size': [160, 224, 192], 'median_image_size_in_voxels': [344.0, 448.0, 429.0], 'spacing': [0.500000923871994, 0.4910714328289032, 0.4910714328289032], 'normalization_schemes': ['ZScoreNormalization'], 'use_mask_for_norm': [False], 'resampling_fn_data': 'resample_data_or_seg_to_shape', 'resampling_fn_seg': 'resample_data_or_seg_to_shape', 'resampling_fn_data_kwargs': {'is_seg': False, 'order': 3, 'order_z': 0, 'force_separate_z': None}, 'resampling_fn_seg_kwargs': {'is_seg': True, 'order': 1, 'order_z': 0, 'force_separate_z': None}, 'resampling_fn_probabilities': 'resample_data_or_seg_to_shape', 'resampling_fn_probabilities_kwargs': {'is_seg': False, 'order': 1, 'order_z': 0, 'force_separate_z': None}, 'architecture': {'network_class_name': 'dynamic_network_architectures.architectures.unet.ResidualEncoderUNet', 'arch_kwargs': {'n_stages': 6, 'features_per_stage': [32, 64, 128, 256, 320, 320], 'conv_op': 'torch.nn.modules.conv.Conv3d', 'kernel_sizes': [[3, 3, 3], [3, 3, 3], [3, 3, 3], [3, 3, 3], [3, 3, 3], [3, 3, 3]], 'strides': [[1, 1, 1], [2, 2, 2], [2, 2, 2], [2, 2, 2], [2, 2, 2], [2, 2, 2]], 'n_blocks_per_stage': [1, 3, 4, 6, 6, 6], 'n_conv_per_stage_decoder': [1, 1, 1, 1, 1], 'conv_bias': True, 'norm_op': 'torch.nn.modules.instancenorm.InstanceNorm3d', 'norm_op_kwargs': {'eps': 1e-05, 'affine': True}, 'dropout_op': None, 'dropout_op_kwargs': None, 'nonlin': 'torch.nn.LeakyReLU', 'nonlin_kwargs': {'inplace': True}}, '_kw_requires_import': ['conv_op', 'norm_op', 'dropout_op', 'nonlin']}, 'batch_dice': True} 

These are the global plan.json settings:
 {'dataset_name': 'Dataset003_AVM_T1+C', 'plans_name': 'nnUNetResEncUNetLPlans', 'original_median_spacing_after_transp': [0.500000923871994, 0.4910714328289032, 0.4910714328289032], 'original_median_shape_after_transp': [330, 448, 424], 'image_reader_writer': 'SimpleITKIO', 'transpose_forward': [0, 1, 2], 'transpose_backward': [0, 1, 2], 'experiment_planner_used': 'nnUNetPlannerResEncL', 'label_manager': 'LabelManager', 'foreground_intensity_properties_per_channel': {'0': {'max': 12113.0, 'mean': 449.843505859375, 'median': 311.0, 'min': 0.0, 'percentile_00_5': 34.0, 'percentile_99_5': 3202.0, 'std': 471.56329345703125}}} 

2025-12-09 06:24:26.035508: Unable to plot network architecture: nnUNet_compile is enabled!
2025-12-09 06:24:26.070459: 
2025-12-09 06:24:26.076535: Epoch 0
2025-12-09 06:24:26.078947: Current learning rate: 0.0001
2025-12-09 06:26:34.163460: train_loss 0.77
2025-12-09 06:26:34.167564: val_loss 0.6975
2025-12-09 06:26:34.169906: val classification accuracy 0.5
2025-12-09 06:26:34.172307: val auc 0.5204
2025-12-09 06:26:34.174637: Epoch time: 128.1 s
2025-12-09 06:26:34.176697: Yayy! New best EMA pseudo Dice: 0.5204
2025-12-09 06:26:35.927486: Yayy! New best classification accuracy: 0.5
2025-12-09 06:26:38.017338: 
2025-12-09 06:26:38.020174: Epoch 1
2025-12-09 06:26:38.022168: Current learning rate: 0.0001
2025-12-09 06:27:42.938653: train_loss 0.7119
2025-12-09 06:27:42.942970: val_loss 0.7095
2025-12-09 06:27:42.945503: val classification accuracy 0.5098
2025-12-09 06:27:42.947565: val auc 0.5006
2025-12-09 06:27:42.949580: Epoch time: 64.92 s
2025-12-09 06:27:42.951414: Yayy! New best classification accuracy: 0.5098
2025-12-09 06:27:45.653153: 
2025-12-09 06:27:45.655755: Epoch 2
2025-12-09 06:27:45.657623: Current learning rate: 0.0001
2025-12-09 06:28:50.191041: train_loss 0.7099
2025-12-09 06:28:50.194491: val_loss 0.7258
2025-12-09 06:28:50.197376: val classification accuracy 0.5196
2025-12-09 06:28:50.199786: val auc 0.4248
2025-12-09 06:28:50.202100: Epoch time: 64.54 s
2025-12-09 06:28:50.203792: Yayy! New best classification accuracy: 0.5196
2025-12-09 06:28:52.835020: 
2025-12-09 06:28:52.838109: Epoch 3
2025-12-09 06:28:52.840079: Current learning rate: 0.0001
2025-12-09 06:29:57.252594: train_loss 0.7145
2025-12-09 06:29:57.256758: val_loss 0.6964
2025-12-09 06:29:57.258977: val classification accuracy 0.4412
2025-12-09 06:29:57.261019: val auc 0.4985
2025-12-09 06:29:57.263749: Epoch time: 64.42 s
2025-12-09 06:29:58.806645: 
2025-12-09 06:29:58.809525: Epoch 4
2025-12-09 06:29:58.811757: Current learning rate: 0.0001
2025-12-09 06:31:03.482969: train_loss 0.714
2025-12-09 06:31:03.486509: val_loss 0.6934
2025-12-09 06:31:03.488499: val classification accuracy 0.5
2025-12-09 06:31:03.490391: val auc 0.5085
2025-12-09 06:31:03.492379: Epoch time: 64.68 s
2025-12-09 06:31:04.273915: 
2025-12-09 06:31:04.276579: Epoch 5
2025-12-09 06:31:04.278501: Current learning rate: 0.0001
2025-12-09 06:32:09.182337: train_loss 0.7184
2025-12-09 06:32:09.186313: val_loss 0.7077
2025-12-09 06:32:09.188467: val classification accuracy 0.5294
2025-12-09 06:32:09.190832: val auc 0.4145
2025-12-09 06:32:09.192821: Epoch time: 64.91 s
2025-12-09 06:32:09.194460: Yayy! New best classification accuracy: 0.5294
2025-12-09 06:32:11.864536: 
2025-12-09 06:32:11.867490: Epoch 6
2025-12-09 06:32:11.870022: Current learning rate: 0.0001
2025-12-09 06:33:16.656468: train_loss 0.7158
2025-12-09 06:33:16.660529: val_loss 0.7026
2025-12-09 06:33:16.662835: val classification accuracy 0.4706
2025-12-09 06:33:16.665076: val auc 0.4823
2025-12-09 06:33:16.667407: Epoch time: 64.79 s
2025-12-09 06:33:17.444547: 
2025-12-09 06:33:17.447415: Epoch 7
2025-12-09 06:33:17.449735: Current learning rate: 0.0001
2025-12-09 06:34:22.225922: train_loss 0.7046
2025-12-09 06:34:22.229794: val_loss 0.6916
2025-12-09 06:34:22.232038: val classification accuracy 0.5294
2025-12-09 06:34:22.234262: val auc 0.5152
2025-12-09 06:34:22.236556: Epoch time: 64.78 s
2025-12-09 06:34:22.958990: 
2025-12-09 06:34:22.961661: Epoch 8
2025-12-09 06:34:22.963572: Current learning rate: 0.0001
2025-12-09 06:35:28.046192: train_loss 0.7162
2025-12-09 06:35:28.050025: val_loss 0.6905
2025-12-09 06:35:28.051991: val classification accuracy 0.5098
2025-12-09 06:35:28.053956: val auc 0.5554
2025-12-09 06:35:28.055892: Epoch time: 65.09 s
2025-12-09 06:35:28.057531: Yayy! New best EMA pseudo Dice: 0.5554
2025-12-09 06:35:30.762001: 
2025-12-09 06:35:30.764784: Epoch 9
2025-12-09 06:35:30.766699: Current learning rate: 0.0001
2025-12-09 06:36:35.654158: train_loss 0.7119
2025-12-09 06:36:35.660355: val_loss 0.7223
2025-12-09 06:36:35.662493: val classification accuracy 0.4804
2025-12-09 06:36:35.664855: val auc 0.4421
2025-12-09 06:36:35.666835: Epoch time: 64.89 s
2025-12-09 06:36:36.428094: 
2025-12-09 06:36:36.430836: Epoch 10
2025-12-09 06:36:36.432966: Current learning rate: 0.0001
2025-12-09 06:37:41.312845: train_loss 0.731
2025-12-09 06:37:41.317780: val_loss 0.7001
2025-12-09 06:37:41.320374: val classification accuracy 0.4412
2025-12-09 06:37:41.322702: val auc 0.4679
2025-12-09 06:37:41.325531: Epoch time: 64.89 s
2025-12-09 06:37:42.045564: 
2025-12-09 06:37:42.048385: Epoch 11
2025-12-09 06:37:42.050460: Current learning rate: 0.0001
2025-12-09 06:38:47.066042: train_loss 0.7006
2025-12-09 06:38:47.077287: val_loss 0.7354
2025-12-09 06:38:47.080014: val classification accuracy 0.3824
2025-12-09 06:38:47.082354: val auc 0.3914
2025-12-09 06:38:47.085085: Epoch time: 65.02 s
2025-12-09 06:38:47.849940: 
2025-12-09 06:38:47.853209: Epoch 12
2025-12-09 06:38:47.855543: Current learning rate: 0.0001
2025-12-09 06:39:53.010852: train_loss 0.7072
2025-12-09 06:39:53.015602: val_loss 0.8018
2025-12-09 06:39:53.018316: val classification accuracy 0.4804
2025-12-09 06:39:53.020955: val auc 0.5062
2025-12-09 06:39:53.024022: Epoch time: 65.16 s
2025-12-09 06:39:53.750049: 
2025-12-09 06:39:53.753210: Epoch 13
2025-12-09 06:39:53.755750: Current learning rate: 0.0001
2025-12-09 06:40:58.405053: train_loss 0.7438
2025-12-09 06:40:58.415566: val_loss 0.6952
2025-12-09 06:40:58.419667: val classification accuracy 0.451
2025-12-09 06:40:58.425716: val auc 0.4837
2025-12-09 06:40:58.429731: Epoch time: 64.66 s
2025-12-09 06:40:59.130224: 
2025-12-09 06:40:59.133644: Epoch 14
2025-12-09 06:40:59.136001: Current learning rate: 0.0001
2025-12-09 06:42:04.174210: train_loss 0.7082
2025-12-09 06:42:04.178308: val_loss 0.6947
2025-12-09 06:42:04.180835: val classification accuracy 0.5
2025-12-09 06:42:04.183266: val auc 0.5296
2025-12-09 06:42:04.185700: Epoch time: 65.05 s
2025-12-09 06:42:04.873852: 
2025-12-09 06:42:04.876863: Epoch 15
2025-12-09 06:42:04.879438: Current learning rate: 0.0001
2025-12-09 06:43:10.240843: train_loss 0.7234
2025-12-09 06:43:10.244622: val_loss 0.6982
2025-12-09 06:43:10.247281: val classification accuracy 0.4902
2025-12-09 06:43:10.249904: val auc 0.4444
2025-12-09 06:43:10.252271: Epoch time: 65.37 s
2025-12-09 06:43:10.965495: 
2025-12-09 06:43:10.968521: Epoch 16
2025-12-09 06:43:10.970958: Current learning rate: 0.0001
2025-12-09 06:44:15.884834: train_loss 0.7252
2025-12-09 06:44:15.888499: val_loss 0.6949
2025-12-09 06:44:15.890811: val classification accuracy 0.4706
2025-12-09 06:44:15.893120: val auc 0.5344
2025-12-09 06:44:15.895482: Epoch time: 64.92 s
2025-12-09 06:44:16.619172: 
2025-12-09 06:44:16.622299: Epoch 17
2025-12-09 06:44:16.624837: Current learning rate: 9e-05
2025-12-09 06:45:21.624712: train_loss 0.7059
2025-12-09 06:45:21.628641: val_loss 0.7066
2025-12-09 06:45:21.631185: val classification accuracy 0.5098
2025-12-09 06:45:21.633711: val auc 0.5008
2025-12-09 06:45:21.635914: Epoch time: 65.01 s
2025-12-09 06:45:22.334083: 
2025-12-09 06:45:22.338071: Epoch 18
2025-12-09 06:45:22.340258: Current learning rate: 9e-05
2025-12-09 06:46:27.359690: train_loss 0.709
2025-12-09 06:46:27.363513: val_loss 0.6857
2025-12-09 06:46:27.366458: val classification accuracy 0.4706
2025-12-09 06:46:27.369812: val auc 0.5392
2025-12-09 06:46:27.372296: Epoch time: 65.03 s
2025-12-09 06:46:28.054215: 
2025-12-09 06:46:28.057525: Epoch 19
2025-12-09 06:46:28.060006: Current learning rate: 9e-05
2025-12-09 06:47:33.107206: train_loss 0.7113
2025-12-09 06:47:33.110657: val_loss 0.6999
2025-12-09 06:47:33.112986: val classification accuracy 0.5098
2025-12-09 06:47:33.115343: val auc 0.5079
2025-12-09 06:47:33.117856: Epoch time: 65.05 s
2025-12-09 06:47:34.805027: Saved periodic checkpoint /hpf/projects/jquon/sumin/nnUNet_data/nnUNet_results/Dataset003_AVM_T1+C/SwinViTTrainer_ep300_NoMirroring__nnUNetResEncUNetLPlans__3d_fullres/fold_1/checkpoint_every20_best_balacc.pth at epoch 19 with val_balanced_accuracy=0.5098
2025-12-09 06:47:36.439734: 
2025-12-09 06:47:36.443142: Epoch 20
2025-12-09 06:47:36.445650: Current learning rate: 9e-05
2025-12-09 06:48:41.270553: train_loss 0.7068
2025-12-09 06:48:41.274521: val_loss 0.7033
2025-12-09 06:48:41.277091: val classification accuracy 0.5
2025-12-09 06:48:41.279692: val auc 0.4862
2025-12-09 06:48:41.282491: Epoch time: 64.83 s
2025-12-09 06:48:42.017545: 
2025-12-09 06:48:42.021175: Epoch 21
2025-12-09 06:48:42.023898: Current learning rate: 9e-05
2025-12-09 06:49:46.995192: train_loss 0.7175
2025-12-09 06:49:47.006159: val_loss 0.6786
2025-12-09 06:49:47.010774: val classification accuracy 0.5098
2025-12-09 06:49:47.017327: val auc 0.5446
2025-12-09 06:49:47.020436: Epoch time: 64.98 s
2025-12-09 06:49:47.752832: 
2025-12-09 06:49:47.756063: Epoch 22
2025-12-09 06:49:47.758682: Current learning rate: 9e-05
2025-12-09 06:50:52.886656: train_loss 0.7204
2025-12-09 06:50:52.890688: val_loss 0.7269
2025-12-09 06:50:52.893496: val classification accuracy 0.5588
2025-12-09 06:50:52.896349: val auc 0.4977
2025-12-09 06:50:52.899164: Epoch time: 65.14 s
2025-12-09 06:50:52.901480: Yayy! New best classification accuracy: 0.5588
2025-12-09 06:50:55.527175: 
2025-12-09 06:50:55.530348: Epoch 23
2025-12-09 06:50:55.532614: Current learning rate: 9e-05
2025-12-09 06:52:00.402360: train_loss 0.7171
2025-12-09 06:52:00.407007: val_loss 0.6986
2025-12-09 06:52:00.410180: val classification accuracy 0.4608
2025-12-09 06:52:00.413000: val auc 0.5217
2025-12-09 06:52:00.415579: Epoch time: 64.88 s
2025-12-09 06:52:01.128207: 
2025-12-09 06:52:01.131421: Epoch 24
2025-12-09 06:52:01.133822: Current learning rate: 9e-05
2025-12-09 06:53:06.327540: train_loss 0.6848
2025-12-09 06:53:06.331640: val_loss 0.7176
2025-12-09 06:53:06.334028: val classification accuracy 0.5392
2025-12-09 06:53:06.336479: val auc 0.5575
2025-12-09 06:53:06.341146: Epoch time: 65.2 s
2025-12-09 06:53:06.343451: Yayy! New best EMA pseudo Dice: 0.5575
2025-12-09 06:53:09.063776: 
2025-12-09 06:53:09.067222: Epoch 25
2025-12-09 06:53:09.069788: Current learning rate: 9e-05
2025-12-09 06:54:14.176501: train_loss 0.7042
2025-12-09 06:54:14.180629: val_loss 0.7043
2025-12-09 06:54:14.183350: val classification accuracy 0.5686
2025-12-09 06:54:14.185915: val auc 0.4994
2025-12-09 06:54:14.188406: Epoch time: 65.11 s
2025-12-09 06:54:14.190684: Yayy! New best classification accuracy: 0.5686
2025-12-09 06:54:16.752195: 
2025-12-09 06:54:16.755357: Epoch 26
2025-12-09 06:54:16.757831: Current learning rate: 9e-05
2025-12-09 06:55:21.743386: train_loss 0.6994
2025-12-09 06:55:21.747691: val_loss 0.7667
2025-12-09 06:55:21.750442: val classification accuracy 0.4118
2025-12-09 06:55:21.753191: val auc 0.2976
2025-12-09 06:55:21.755850: Epoch time: 64.99 s
2025-12-09 06:55:22.475596: 
2025-12-09 06:55:22.478858: Epoch 27
2025-12-09 06:55:22.481507: Current learning rate: 9e-05
2025-12-09 06:56:27.541144: train_loss 0.6974
2025-12-09 06:56:27.554019: val_loss 0.7621
2025-12-09 06:56:27.556718: val classification accuracy 0.4216
2025-12-09 06:56:27.559357: val auc 0.4185
2025-12-09 06:56:27.562064: Epoch time: 65.07 s
2025-12-09 06:56:28.319587: 
2025-12-09 06:56:28.322503: Epoch 28
2025-12-09 06:56:28.325049: Current learning rate: 9e-05
2025-12-09 06:57:33.189509: train_loss 0.7325
2025-12-09 06:57:33.196896: val_loss 0.7155
2025-12-09 06:57:33.199628: val classification accuracy 0.4804
2025-12-09 06:57:33.202119: val auc 0.407
2025-12-09 06:57:33.204736: Epoch time: 64.87 s
2025-12-09 06:57:33.930305: 
2025-12-09 06:57:33.933344: Epoch 29
2025-12-09 06:57:33.935726: Current learning rate: 9e-05
2025-12-09 06:58:38.802150: train_loss 0.7155
2025-12-09 06:58:38.810143: val_loss 0.6862
2025-12-09 06:58:38.812682: val classification accuracy 0.5392
2025-12-09 06:58:38.815472: val auc 0.5629
2025-12-09 06:58:38.818090: Epoch time: 64.87 s
2025-12-09 06:58:38.820822: Yayy! New best EMA pseudo Dice: 0.5629
2025-12-09 06:58:41.268702: 
2025-12-09 06:58:41.271629: Epoch 30
2025-12-09 06:58:41.273782: Current learning rate: 9e-05
2025-12-09 06:59:46.178080: train_loss 0.6951
2025-12-09 06:59:46.182391: val_loss 0.6832
2025-12-09 06:59:46.184847: val classification accuracy 0.549
2025-12-09 06:59:46.187373: val auc 0.6492
2025-12-09 06:59:46.189868: Epoch time: 64.91 s
2025-12-09 06:59:46.192589: Yayy! New best EMA pseudo Dice: 0.6492
2025-12-09 06:59:48.771351: 
2025-12-09 06:59:48.774293: Epoch 31
2025-12-09 06:59:48.776840: Current learning rate: 9e-05
2025-12-09 07:00:53.785083: train_loss 0.7164
2025-12-09 07:00:53.789533: val_loss 0.7885
2025-12-09 07:00:53.792290: val classification accuracy 0.4412
2025-12-09 07:00:53.795213: val auc 0.3541
2025-12-09 07:00:53.798185: Epoch time: 65.02 s
2025-12-09 07:00:54.553858: 
2025-12-09 07:00:54.557394: Epoch 32
2025-12-09 07:00:54.560040: Current learning rate: 9e-05
2025-12-09 07:01:59.698442: train_loss 0.7385
2025-12-09 07:01:59.702912: val_loss 0.7141
2025-12-09 07:01:59.705586: val classification accuracy 0.549
2025-12-09 07:01:59.708344: val auc 0.5848
2025-12-09 07:01:59.710843: Epoch time: 65.15 s
2025-12-09 07:02:00.425920: 
2025-12-09 07:02:00.429060: Epoch 33
2025-12-09 07:02:00.431500: Current learning rate: 9e-05
2025-12-09 07:03:05.409109: train_loss 0.7358
2025-12-09 07:03:05.413418: val_loss 0.6864
2025-12-09 07:03:05.415970: val classification accuracy 0.5588
2025-12-09 07:03:05.418499: val auc 0.5748
2025-12-09 07:03:05.421276: Epoch time: 64.98 s
2025-12-09 07:03:06.135221: 
2025-12-09 07:03:06.139589: Epoch 34
2025-12-09 07:03:06.142264: Current learning rate: 9e-05
2025-12-09 07:04:10.960032: train_loss 0.7069
2025-12-09 07:04:10.967891: val_loss 0.7521
2025-12-09 07:04:10.970584: val classification accuracy 0.3922
2025-12-09 07:04:10.973033: val auc 0.3512
2025-12-09 07:04:10.976079: Epoch time: 64.83 s
2025-12-09 07:04:11.700233: 
2025-12-09 07:04:11.703421: Epoch 35
2025-12-09 07:04:11.705836: Current learning rate: 9e-05
2025-12-09 07:05:16.960648: train_loss 0.6997
2025-12-09 07:05:16.964942: val_loss 0.7071
2025-12-09 07:05:16.967542: val classification accuracy 0.4902
2025-12-09 07:05:16.970160: val auc 0.5548
2025-12-09 07:05:16.972529: Epoch time: 65.26 s
2025-12-09 07:05:18.526020: 
2025-12-09 07:05:18.529359: Epoch 36
2025-12-09 07:05:18.531790: Current learning rate: 9e-05
2025-12-09 07:06:23.710648: train_loss 0.734
2025-12-09 07:06:23.714746: val_loss 0.7237
2025-12-09 07:06:23.717855: val classification accuracy 0.4804
2025-12-09 07:06:23.720755: val auc 0.48
2025-12-09 07:06:23.723445: Epoch time: 65.19 s
2025-12-09 07:06:24.463902: 
2025-12-09 07:06:24.467199: Epoch 37
2025-12-09 07:06:24.469813: Current learning rate: 9e-05
2025-12-09 07:07:29.628911: train_loss 0.6876
2025-12-09 07:07:29.633103: val_loss 0.7587
2025-12-09 07:07:29.635960: val classification accuracy 0.4216
2025-12-09 07:07:29.638946: val auc 0.4037
2025-12-09 07:07:29.642366: Epoch time: 65.17 s
2025-12-09 07:07:30.408447: 
2025-12-09 07:07:30.411673: Epoch 38
2025-12-09 07:07:30.414242: Current learning rate: 9e-05
2025-12-09 07:08:35.538068: train_loss 0.688
2025-12-09 07:08:35.542050: val_loss 0.6722
2025-12-09 07:08:35.544614: val classification accuracy 0.5784
2025-12-09 07:08:35.546973: val auc 0.5953
2025-12-09 07:08:35.549402: Epoch time: 65.13 s
2025-12-09 07:08:35.551784: Yayy! New best classification accuracy: 0.5784
2025-12-09 07:08:38.270260: 
2025-12-09 07:08:38.273688: Epoch 39
2025-12-09 07:08:38.276304: Current learning rate: 9e-05
2025-12-09 07:09:43.359556: train_loss 0.708
2025-12-09 07:09:43.363637: val_loss 0.7809
2025-12-09 07:09:43.366281: val classification accuracy 0.5294
2025-12-09 07:09:43.368746: val auc 0.5333
2025-12-09 07:09:43.371540: Epoch time: 65.09 s
2025-12-09 07:09:45.286615: Saved periodic checkpoint /hpf/projects/jquon/sumin/nnUNet_data/nnUNet_results/Dataset003_AVM_T1+C/SwinViTTrainer_ep300_NoMirroring__nnUNetResEncUNetLPlans__3d_fullres/fold_1/checkpoint_every20_best_balacc.pth at epoch 39 with val_balanced_accuracy=0.5294
2025-12-09 07:09:46.003724: 
2025-12-09 07:09:46.007263: Epoch 40
2025-12-09 07:09:46.009706: Current learning rate: 9e-05
2025-12-09 07:10:51.112599: train_loss 0.7223
2025-12-09 07:10:51.116758: val_loss 0.7363
2025-12-09 07:10:51.119491: val classification accuracy 0.4804
2025-12-09 07:10:51.122242: val auc 0.4635
2025-12-09 07:10:51.124804: Epoch time: 65.11 s
2025-12-09 07:10:51.852661: 
2025-12-09 07:10:51.856193: Epoch 41
2025-12-09 07:10:51.858636: Current learning rate: 9e-05
2025-12-09 07:11:56.859297: train_loss 0.6955
2025-12-09 07:11:56.863438: val_loss 0.7126
2025-12-09 07:11:56.866175: val classification accuracy 0.5588
2025-12-09 07:11:56.869033: val auc 0.5415
2025-12-09 07:11:56.872015: Epoch time: 65.01 s
2025-12-09 07:11:57.601264: 
2025-12-09 07:11:57.605131: Epoch 42
2025-12-09 07:11:57.607813: Current learning rate: 9e-05
2025-12-09 07:13:02.280536: train_loss 0.701
2025-12-09 07:13:02.284666: val_loss 0.7186
2025-12-09 07:13:02.287380: val classification accuracy 0.451
2025-12-09 07:13:02.289850: val auc 0.4846
2025-12-09 07:13:02.292354: Epoch time: 64.68 s
2025-12-09 07:13:03.031706: 
2025-12-09 07:13:03.035185: Epoch 43
2025-12-09 07:13:03.037572: Current learning rate: 9e-05
2025-12-09 07:14:07.600203: train_loss 0.7076
2025-12-09 07:14:07.604244: val_loss 0.6999
2025-12-09 07:14:07.609411: val classification accuracy 0.5784
2025-12-09 07:14:07.612132: val auc 0.5632
2025-12-09 07:14:07.615111: Epoch time: 64.57 s
2025-12-09 07:14:08.370328: 
2025-12-09 07:14:08.373528: Epoch 44
2025-12-09 07:14:08.375911: Current learning rate: 9e-05
2025-12-09 07:15:12.980001: train_loss 0.7023
2025-12-09 07:15:12.984210: val_loss 0.7328
2025-12-09 07:15:12.987028: val classification accuracy 0.549
2025-12-09 07:15:12.989606: val auc 0.5288
2025-12-09 07:15:12.992354: Epoch time: 64.61 s
2025-12-09 07:15:13.713645: 
2025-12-09 07:15:13.716860: Epoch 45
2025-12-09 07:15:13.719524: Current learning rate: 9e-05
2025-12-09 07:16:18.417011: train_loss 0.711
2025-12-09 07:16:18.421326: val_loss 0.6609
2025-12-09 07:16:18.424176: val classification accuracy 0.5882
2025-12-09 07:16:18.427401: val auc 0.6521
2025-12-09 07:16:18.430326: Epoch time: 64.7 s
2025-12-09 07:16:18.435070: Yayy! New best EMA pseudo Dice: 0.6521
2025-12-09 07:16:20.542144: Yayy! New best classification accuracy: 0.5882
2025-12-09 07:16:22.912436: 
2025-12-09 07:16:22.915848: Epoch 46
2025-12-09 07:16:22.918297: Current learning rate: 9e-05
2025-12-09 07:17:27.644333: train_loss 0.7392
2025-12-09 07:17:27.653573: val_loss 0.7809
2025-12-09 07:17:27.656762: val classification accuracy 0.4706
2025-12-09 07:17:27.659597: val auc 0.4729
2025-12-09 07:17:27.662393: Epoch time: 64.73 s
2025-12-09 07:17:28.376721: 
2025-12-09 07:17:28.380072: Epoch 47
2025-12-09 07:17:28.382646: Current learning rate: 9e-05
2025-12-09 07:18:33.386335: train_loss 0.7197
2025-12-09 07:18:33.390661: val_loss 0.6584
2025-12-09 07:18:33.393502: val classification accuracy 0.6078
2025-12-09 07:18:33.396301: val auc 0.6444
2025-12-09 07:18:33.399170: Epoch time: 65.01 s
2025-12-09 07:18:33.401747: Yayy! New best classification accuracy: 0.6078
2025-12-09 07:18:36.099558: 
2025-12-09 07:18:36.103085: Epoch 48
2025-12-09 07:18:36.105997: Current learning rate: 9e-05
2025-12-09 07:19:40.911463: train_loss 0.7245
2025-12-09 07:19:40.915384: val_loss 0.6821
2025-12-09 07:19:40.918280: val classification accuracy 0.598
2025-12-09 07:19:40.921027: val auc 0.5961
2025-12-09 07:19:40.924011: Epoch time: 64.81 s
2025-12-09 07:19:41.680332: 
2025-12-09 07:19:41.683607: Epoch 49
2025-12-09 07:19:41.685919: Current learning rate: 9e-05
2025-12-09 07:20:46.430625: train_loss 0.7195
2025-12-09 07:20:46.435041: val_loss 0.7354
2025-12-09 07:20:46.438014: val classification accuracy 0.5392
2025-12-09 07:20:46.440900: val auc 0.5498
2025-12-09 07:20:46.443961: Epoch time: 64.75 s
2025-12-09 07:20:47.266964: 
2025-12-09 07:20:47.270736: Epoch 50
2025-12-09 07:20:47.273469: Current learning rate: 8e-05
2025-12-09 07:21:52.396618: train_loss 0.7066
2025-12-09 07:21:52.402184: val_loss 0.7305
2025-12-09 07:21:52.405286: val classification accuracy 0.5098
2025-12-09 07:21:52.408520: val auc 0.5017
2025-12-09 07:21:52.411893: Epoch time: 65.13 s
2025-12-09 07:21:53.182092: 
2025-12-09 07:21:53.186080: Epoch 51
2025-12-09 07:21:53.188545: Current learning rate: 8e-05
2025-12-09 07:22:57.899221: train_loss 0.7047
2025-12-09 07:22:57.903156: val_loss 0.688
2025-12-09 07:22:57.905779: val classification accuracy 0.5294
2025-12-09 07:22:57.908475: val auc 0.5515
2025-12-09 07:22:57.911119: Epoch time: 64.72 s
2025-12-09 07:22:59.551718: 
2025-12-09 07:22:59.555126: Epoch 52
2025-12-09 07:22:59.557664: Current learning rate: 8e-05
2025-12-09 07:24:04.622740: train_loss 0.7071
2025-12-09 07:24:04.649761: val_loss 0.7085
2025-12-09 07:24:04.656622: val classification accuracy 0.6373
2025-12-09 07:24:04.662689: val auc 0.6567
2025-12-09 07:24:04.670795: Epoch time: 65.07 s
2025-12-09 07:24:04.678802: Yayy! New best EMA pseudo Dice: 0.6567
2025-12-09 07:24:19.590997: Yayy! New best classification accuracy: 0.6373
2025-12-09 07:24:22.040318: 
2025-12-09 07:24:22.043724: Epoch 53
2025-12-09 07:24:22.046297: Current learning rate: 8e-05
2025-12-09 07:25:26.720665: train_loss 0.692
2025-12-09 07:25:26.725683: val_loss 0.6424
2025-12-09 07:25:26.728551: val classification accuracy 0.6176
2025-12-09 07:25:26.731462: val auc 0.729
2025-12-09 07:25:26.734246: Epoch time: 64.68 s
2025-12-09 07:25:26.736934: Yayy! New best EMA pseudo Dice: 0.729
2025-12-09 07:25:29.445229: 
2025-12-09 07:25:29.449089: Epoch 54
2025-12-09 07:25:29.451583: Current learning rate: 8e-05
2025-12-09 07:26:34.410165: train_loss 0.7045
2025-12-09 07:26:34.414521: val_loss 0.6656
2025-12-09 07:26:34.417192: val classification accuracy 0.6078
2025-12-09 07:26:34.419981: val auc 0.6267
2025-12-09 07:26:34.422865: Epoch time: 64.97 s
2025-12-09 07:26:35.132090: 
2025-12-09 07:26:35.134962: Epoch 55
2025-12-09 07:26:35.137582: Current learning rate: 8e-05
2025-12-09 07:27:40.025727: train_loss 0.6725
2025-12-09 07:27:40.031196: val_loss 0.7061
2025-12-09 07:27:40.034591: val classification accuracy 0.5
2025-12-09 07:27:40.038230: val auc 0.5815
2025-12-09 07:27:40.041283: Epoch time: 64.89 s
2025-12-09 07:27:40.776428: 
2025-12-09 07:27:40.779612: Epoch 56
2025-12-09 07:27:40.782432: Current learning rate: 8e-05
2025-12-09 07:28:45.804132: train_loss 0.6756
2025-12-09 07:28:45.809334: val_loss 0.6818
2025-12-09 07:28:45.812254: val classification accuracy 0.5098
2025-12-09 07:28:45.825761: val auc 0.6111
2025-12-09 07:28:45.832841: Epoch time: 65.03 s
2025-12-09 07:28:46.564724: 
2025-12-09 07:28:46.568291: Epoch 57
2025-12-09 07:28:46.570735: Current learning rate: 8e-05
2025-12-09 07:29:51.508433: train_loss 0.7174
2025-12-09 07:29:51.512203: val_loss 0.6639
2025-12-09 07:29:51.515229: val classification accuracy 0.5882
2025-12-09 07:29:51.517757: val auc 0.6257
2025-12-09 07:29:51.520247: Epoch time: 64.94 s
2025-12-09 07:29:52.240799: 
2025-12-09 07:29:52.244077: Epoch 58
2025-12-09 07:29:52.246408: Current learning rate: 8e-05
2025-12-09 07:30:57.541019: train_loss 0.6833
2025-12-09 07:30:57.544971: val_loss 0.7299
2025-12-09 07:30:57.548346: val classification accuracy 0.5882
2025-12-09 07:30:57.551048: val auc 0.5963
2025-12-09 07:30:57.553784: Epoch time: 65.3 s
2025-12-09 07:30:58.262350: 
2025-12-09 07:30:58.265499: Epoch 59
2025-12-09 07:30:58.268091: Current learning rate: 8e-05
2025-12-09 07:32:03.047315: train_loss 0.7349
2025-12-09 07:32:03.051362: val_loss 0.7176
2025-12-09 07:32:03.054057: val classification accuracy 0.5686
2025-12-09 07:32:03.056456: val auc 0.5794
2025-12-09 07:32:03.058938: Epoch time: 64.79 s
2025-12-09 07:32:04.891718: Saved periodic checkpoint /hpf/projects/jquon/sumin/nnUNet_data/nnUNet_results/Dataset003_AVM_T1+C/SwinViTTrainer_ep300_NoMirroring__nnUNetResEncUNetLPlans__3d_fullres/fold_1/checkpoint_every20_best_balacc.pth at epoch 59 with val_balanced_accuracy=0.5686
2025-12-09 07:32:05.617949: 
2025-12-09 07:32:05.621117: Epoch 60
2025-12-09 07:32:05.623605: Current learning rate: 8e-05
2025-12-09 07:33:10.473534: train_loss 0.7816
2025-12-09 07:33:10.477815: val_loss 0.7783
2025-12-09 07:33:10.481270: val classification accuracy 0.4216
2025-12-09 07:33:10.486107: val auc 0.3845
2025-12-09 07:33:10.490098: Epoch time: 64.86 s
2025-12-09 07:33:11.222768: 
2025-12-09 07:33:11.226265: Epoch 61
2025-12-09 07:33:11.230321: Current learning rate: 8e-05
2025-12-09 07:34:16.197586: train_loss 0.6863
2025-12-09 07:34:16.201775: val_loss 0.7095
2025-12-09 07:34:16.204516: val classification accuracy 0.5098
2025-12-09 07:34:16.207045: val auc 0.5302
2025-12-09 07:34:16.209579: Epoch time: 64.98 s
2025-12-09 07:34:16.950176: 
2025-12-09 07:34:16.953750: Epoch 62
2025-12-09 07:34:16.956445: Current learning rate: 8e-05
2025-12-09 07:35:21.807079: train_loss 0.6974
2025-12-09 07:35:21.812708: val_loss 0.7712
2025-12-09 07:35:21.816319: val classification accuracy 0.4608
2025-12-09 07:35:21.820002: val auc 0.4135
2025-12-09 07:35:21.825251: Epoch time: 64.86 s
2025-12-09 07:35:22.588848: 
2025-12-09 07:35:22.592423: Epoch 63
2025-12-09 07:35:22.595297: Current learning rate: 8e-05
2025-12-09 07:36:28.341189: train_loss 0.6838
2025-12-09 07:36:28.345541: val_loss 0.6956
2025-12-09 07:36:28.348356: val classification accuracy 0.549
2025-12-09 07:36:28.352911: val auc 0.5765
2025-12-09 07:36:28.356014: Epoch time: 65.75 s
2025-12-09 07:36:29.113574: 
2025-12-09 07:36:29.116789: Epoch 64
2025-12-09 07:36:29.119310: Current learning rate: 8e-05
2025-12-09 07:37:34.131340: train_loss 0.7236
2025-12-09 07:37:34.135489: val_loss 0.6751
2025-12-09 07:37:34.138234: val classification accuracy 0.6275
2025-12-09 07:37:34.140791: val auc 0.6574
2025-12-09 07:37:34.143205: Epoch time: 65.02 s
2025-12-09 07:37:34.893064: 
2025-12-09 07:37:34.895913: Epoch 65
2025-12-09 07:37:34.898345: Current learning rate: 8e-05
2025-12-09 07:38:40.030097: train_loss 0.6997
2025-12-09 07:38:40.034311: val_loss 0.738
2025-12-09 07:38:40.037087: val classification accuracy 0.5196
2025-12-09 07:38:40.039641: val auc 0.5481
2025-12-09 07:38:40.042870: Epoch time: 65.14 s
2025-12-09 07:38:40.788459: 
2025-12-09 07:38:40.791590: Epoch 66
2025-12-09 07:38:40.793964: Current learning rate: 8e-05
2025-12-09 07:39:45.902998: train_loss 0.7558
2025-12-09 07:39:45.907130: val_loss 0.7974
2025-12-09 07:39:45.909767: val classification accuracy 0.4804
2025-12-09 07:39:45.912756: val auc 0.4487
2025-12-09 07:39:45.915766: Epoch time: 65.12 s
2025-12-09 07:39:47.492388: 
2025-12-09 07:39:47.496090: Epoch 67
2025-12-09 07:39:47.498479: Current learning rate: 8e-05
2025-12-09 07:40:52.558863: train_loss 0.7193
2025-12-09 07:40:52.562783: val_loss 0.6923
2025-12-09 07:40:52.565350: val classification accuracy 0.5196
2025-12-09 07:40:52.567844: val auc 0.5463
2025-12-09 07:40:52.570678: Epoch time: 65.07 s
2025-12-09 07:40:53.309641: 
2025-12-09 07:40:53.313179: Epoch 68
2025-12-09 07:40:53.317443: Current learning rate: 8e-05
2025-12-09 07:41:57.986595: train_loss 0.7032
2025-12-09 07:41:57.990420: val_loss 0.7017
2025-12-09 07:41:57.993068: val classification accuracy 0.5784
2025-12-09 07:41:57.995881: val auc 0.5802
2025-12-09 07:41:57.998512: Epoch time: 64.68 s
2025-12-09 07:41:58.729577: 
2025-12-09 07:41:58.733369: Epoch 69
2025-12-09 07:41:58.735835: Current learning rate: 8e-05
2025-12-09 07:43:03.460899: train_loss 0.7116
2025-12-09 07:43:03.465636: val_loss 0.6832
2025-12-09 07:43:03.468298: val classification accuracy 0.5098
2025-12-09 07:43:03.471231: val auc 0.5957
2025-12-09 07:43:03.474159: Epoch time: 64.73 s
2025-12-09 07:43:04.262383: 
2025-12-09 07:43:04.265643: Epoch 70
2025-12-09 07:43:04.268143: Current learning rate: 8e-05
2025-12-09 07:44:08.678352: train_loss 0.7492
2025-12-09 07:44:08.683612: val_loss 0.6743
2025-12-09 07:44:08.697918: val classification accuracy 0.6078
2025-12-09 07:44:08.701033: val auc 0.609
2025-12-09 07:44:08.704138: Epoch time: 64.42 s
2025-12-09 07:44:09.505946: 
2025-12-09 07:44:09.509337: Epoch 71
2025-12-09 07:44:09.512388: Current learning rate: 8e-05
2025-12-09 07:45:14.429944: train_loss 0.6897
2025-12-09 07:45:14.434893: val_loss 0.7294
2025-12-09 07:45:14.438227: val classification accuracy 0.5098
2025-12-09 07:45:14.440867: val auc 0.4969
2025-12-09 07:45:14.444439: Epoch time: 64.93 s
2025-12-09 07:45:15.199294: 
2025-12-09 07:45:15.202462: Epoch 72
2025-12-09 07:45:15.204790: Current learning rate: 8e-05
2025-12-09 07:46:20.511973: train_loss 0.6991
2025-12-09 07:46:20.516118: val_loss 0.6887
2025-12-09 07:46:20.518712: val classification accuracy 0.5196
2025-12-09 07:46:20.521379: val auc 0.5461
2025-12-09 07:46:20.524279: Epoch time: 65.31 s
2025-12-09 07:46:21.258817: 
2025-12-09 07:46:21.262113: Epoch 73
2025-12-09 07:46:21.264549: Current learning rate: 8e-05
2025-12-09 07:47:26.409419: train_loss 0.6715
2025-12-09 07:47:26.413434: val_loss 0.845
2025-12-09 07:47:26.416656: val classification accuracy 0.4314
2025-12-09 07:47:26.419477: val auc 0.4204
2025-12-09 07:47:26.422294: Epoch time: 65.15 s
2025-12-09 07:47:27.218088: 
2025-12-09 07:47:27.221379: Epoch 74
2025-12-09 07:47:27.224109: Current learning rate: 8e-05
2025-12-09 07:48:32.229353: train_loss 0.6983
2025-12-09 07:48:32.233869: val_loss 0.6872
2025-12-09 07:48:32.236886: val classification accuracy 0.5784
2025-12-09 07:48:32.239958: val auc 0.5627
2025-12-09 07:48:32.243271: Epoch time: 65.01 s
2025-12-09 07:48:32.993963: 
2025-12-09 07:48:32.997484: Epoch 75
2025-12-09 07:48:33.000257: Current learning rate: 8e-05
2025-12-09 07:49:37.843690: train_loss 0.6558
2025-12-09 07:49:37.849847: val_loss 0.6201
2025-12-09 07:49:37.863298: val classification accuracy 0.6176
2025-12-09 07:49:37.866506: val auc 0.7145
2025-12-09 07:49:37.869352: Epoch time: 64.85 s
2025-12-09 07:49:38.657865: 
2025-12-09 07:49:38.661055: Epoch 76
2025-12-09 07:49:38.663676: Current learning rate: 8e-05
2025-12-09 07:50:43.724447: train_loss 0.6938
2025-12-09 07:50:43.729723: val_loss 0.7075
2025-12-09 07:50:43.732732: val classification accuracy 0.5392
2025-12-09 07:50:43.736229: val auc 0.5065
2025-12-09 07:50:43.740469: Epoch time: 65.07 s
2025-12-09 07:50:44.461411: 
2025-12-09 07:50:44.465088: Epoch 77
2025-12-09 07:50:44.467750: Current learning rate: 8e-05
2025-12-09 07:51:49.655642: train_loss 0.6667
2025-12-09 07:51:49.660580: val_loss 0.6525
2025-12-09 07:51:49.663812: val classification accuracy 0.6275
2025-12-09 07:51:49.667328: val auc 0.6611
2025-12-09 07:51:49.670833: Epoch time: 65.2 s
2025-12-09 07:51:50.495890: 
2025-12-09 07:51:50.499476: Epoch 78
2025-12-09 07:51:50.502240: Current learning rate: 8e-05
2025-12-09 07:52:55.540122: train_loss 0.7084
2025-12-09 07:52:55.552442: val_loss 0.6942
2025-12-09 07:52:55.557476: val classification accuracy 0.5294
2025-12-09 07:52:55.561557: val auc 0.5738
2025-12-09 07:52:55.564950: Epoch time: 65.05 s
2025-12-09 07:52:56.275232: 
2025-12-09 07:52:56.278652: Epoch 79
2025-12-09 07:52:56.281122: Current learning rate: 8e-05
2025-12-09 07:54:01.251978: train_loss 0.6849
2025-12-09 07:54:01.260668: val_loss 0.6915
2025-12-09 07:54:01.280138: val classification accuracy 0.5784
2025-12-09 07:54:01.283092: val auc 0.5679
2025-12-09 07:54:01.291789: Epoch time: 64.98 s
2025-12-09 07:54:03.455771: Saved periodic checkpoint /hpf/projects/jquon/sumin/nnUNet_data/nnUNet_results/Dataset003_AVM_T1+C/SwinViTTrainer_ep300_NoMirroring__nnUNetResEncUNetLPlans__3d_fullres/fold_1/checkpoint_every20_best_balacc.pth at epoch 79 with val_balanced_accuracy=0.5784
2025-12-09 07:54:04.272438: 
2025-12-09 07:54:04.275934: Epoch 80
2025-12-09 07:54:04.279862: Current learning rate: 8e-05
2025-12-09 07:55:09.205741: train_loss 0.683
2025-12-09 07:55:09.211279: val_loss 0.6692
2025-12-09 07:55:09.214339: val classification accuracy 0.5392
2025-12-09 07:55:09.216965: val auc 0.5996
2025-12-09 07:55:09.219972: Epoch time: 64.93 s
2025-12-09 07:55:09.927739: 
2025-12-09 07:55:09.931084: Epoch 81
2025-12-09 07:55:09.933483: Current learning rate: 8e-05
2025-12-09 07:56:14.767514: train_loss 0.679
2025-12-09 07:56:14.848164: val_loss 0.691
2025-12-09 07:56:14.862575: val classification accuracy 0.5784
2025-12-09 07:56:14.876641: val auc 0.5915
2025-12-09 07:56:14.881634: Epoch time: 64.84 s
2025-12-09 07:56:15.729247: 
2025-12-09 07:56:15.733263: Epoch 82
2025-12-09 07:56:15.737242: Current learning rate: 8e-05
2025-12-09 07:57:20.085694: train_loss 0.691
2025-12-09 07:57:20.093912: val_loss 0.67
2025-12-09 07:57:20.096619: val classification accuracy 0.5686
2025-12-09 07:57:20.104826: val auc 0.6315
2025-12-09 07:57:20.107562: Epoch time: 64.36 s
2025-12-09 07:57:21.635447: 
2025-12-09 07:57:21.638973: Epoch 83
2025-12-09 07:57:21.641450: Current learning rate: 7e-05
2025-12-09 07:58:26.218140: train_loss 0.6787
2025-12-09 07:58:26.223194: val_loss 0.76
2025-12-09 07:58:26.226565: val classification accuracy 0.5686
2025-12-09 07:58:26.229559: val auc 0.5542
2025-12-09 07:58:26.232514: Epoch time: 64.58 s
2025-12-09 07:58:26.955582: 
2025-12-09 07:58:26.959396: Epoch 84
2025-12-09 07:58:26.963192: Current learning rate: 7e-05
2025-12-09 07:59:31.785040: train_loss 0.7018
2025-12-09 07:59:31.789946: val_loss 0.7204
2025-12-09 07:59:31.793189: val classification accuracy 0.4706
2025-12-09 07:59:31.796157: val auc 0.5129
2025-12-09 07:59:31.798988: Epoch time: 64.83 s
2025-12-09 07:59:32.552802: 
2025-12-09 07:59:32.556768: Epoch 85
2025-12-09 07:59:32.563310: Current learning rate: 7e-05
2025-12-09 08:00:37.668049: train_loss 0.68
2025-12-09 08:00:37.675193: val_loss 0.6811
2025-12-09 08:00:37.677906: val classification accuracy 0.598
2025-12-09 08:00:37.680577: val auc 0.6
2025-12-09 08:00:37.683573: Epoch time: 65.12 s
2025-12-09 08:00:38.390685: 
2025-12-09 08:00:38.393974: Epoch 86
2025-12-09 08:00:38.396333: Current learning rate: 7e-05
2025-12-09 08:01:43.553942: train_loss 0.6606
2025-12-09 08:01:43.560998: val_loss 0.674
2025-12-09 08:01:43.564828: val classification accuracy 0.5294
2025-12-09 08:01:43.567854: val auc 0.5873
2025-12-09 08:01:43.571030: Epoch time: 65.16 s
2025-12-09 08:01:44.391241: 
2025-12-09 08:01:44.396859: Epoch 87
2025-12-09 08:01:44.400391: Current learning rate: 7e-05
2025-12-09 08:02:49.648962: train_loss 0.7131
2025-12-09 08:02:49.670591: val_loss 0.7226
2025-12-09 08:02:49.674338: val classification accuracy 0.5098
2025-12-09 08:02:49.677354: val auc 0.5023
2025-12-09 08:02:49.680087: Epoch time: 65.26 s
2025-12-09 08:02:50.403045: 
2025-12-09 08:02:50.406558: Epoch 88
2025-12-09 08:02:50.409333: Current learning rate: 7e-05
2025-12-09 08:03:55.742740: train_loss 0.7047
2025-12-09 08:03:55.746412: val_loss 0.7463
2025-12-09 08:03:55.748943: val classification accuracy 0.5196
2025-12-09 08:03:55.751407: val auc 0.5559
2025-12-09 08:03:55.753988: Epoch time: 65.34 s
2025-12-09 08:03:56.449746: 
2025-12-09 08:03:56.452886: Epoch 89
2025-12-09 08:03:56.457553: Current learning rate: 7e-05
2025-12-09 08:05:00.107788: train_loss 0.7229
2025-12-09 08:05:00.122377: val_loss 0.8109
2025-12-09 08:05:00.125482: val classification accuracy 0.5
2025-12-09 08:05:00.128890: val auc 0.4825
2025-12-09 08:05:00.133247: Epoch time: 63.66 s
2025-12-09 08:05:00.838713: 
2025-12-09 08:05:00.845501: Epoch 90
2025-12-09 08:05:00.853247: Current learning rate: 7e-05
2025-12-09 08:06:04.726696: train_loss 0.7335
2025-12-09 08:06:04.731259: val_loss 0.9482
2025-12-09 08:06:04.734935: val classification accuracy 0.4804
2025-12-09 08:06:04.738024: val auc 0.4523
2025-12-09 08:06:04.740595: Epoch time: 63.89 s
2025-12-09 08:06:05.426983: 
2025-12-09 08:06:05.430093: Epoch 91
2025-12-09 08:06:05.432592: Current learning rate: 7e-05
2025-12-09 08:07:09.018216: train_loss 0.6798
2025-12-09 08:07:09.111950: val_loss 0.6513
2025-12-09 08:07:09.115186: val classification accuracy 0.6667
2025-12-09 08:07:09.118179: val auc 0.668
2025-12-09 08:07:09.126004: Epoch time: 63.59 s
2025-12-09 08:07:09.134550: Yayy! New best classification accuracy: 0.6667
2025-12-09 08:07:12.238935: 
2025-12-09 08:07:12.242645: Epoch 92
2025-12-09 08:07:12.245313: Current learning rate: 7e-05
2025-12-09 08:08:17.528561: train_loss 0.6616
2025-12-09 08:08:17.532830: val_loss 0.6451
2025-12-09 08:08:17.536371: val classification accuracy 0.6569
2025-12-09 08:08:17.539298: val auc 0.6842
2025-12-09 08:08:17.542343: Epoch time: 65.29 s
2025-12-09 08:08:18.305527: 
2025-12-09 08:08:18.309007: Epoch 93
2025-12-09 08:08:18.311524: Current learning rate: 7e-05
2025-12-09 08:09:23.203200: train_loss 0.6647
2025-12-09 08:09:23.206957: val_loss 0.7005
2025-12-09 08:09:23.209815: val classification accuracy 0.549
2025-12-09 08:09:23.212624: val auc 0.5688
2025-12-09 08:09:23.215310: Epoch time: 64.9 s
2025-12-09 08:09:23.931588: 
2025-12-09 08:09:23.935300: Epoch 94
2025-12-09 08:09:23.937902: Current learning rate: 7e-05
2025-12-09 08:10:30.807141: train_loss 0.6787
2025-12-09 08:10:30.813993: val_loss 0.6692
2025-12-09 08:10:30.817434: val classification accuracy 0.5784
2025-12-09 08:10:30.821437: val auc 0.615
2025-12-09 08:10:30.824882: Epoch time: 66.88 s
2025-12-09 08:10:31.535504: 
2025-12-09 08:10:31.541137: Epoch 95
2025-12-09 08:10:31.545489: Current learning rate: 7e-05
2025-12-09 08:11:38.794093: train_loss 0.6723
2025-12-09 08:11:38.797983: val_loss 0.6769
2025-12-09 08:11:38.800942: val classification accuracy 0.5294
2025-12-09 08:11:38.803960: val auc 0.584
2025-12-09 08:11:38.806706: Epoch time: 67.26 s
2025-12-09 08:11:39.677499: 
2025-12-09 08:11:39.680930: Epoch 96
2025-12-09 08:11:39.683696: Current learning rate: 7e-05
2025-12-09 08:12:46.857889: train_loss 0.6643
2025-12-09 08:12:46.906254: val_loss 0.7204
2025-12-09 08:12:46.909758: val classification accuracy 0.4804
2025-12-09 08:12:46.912507: val auc 0.5409
2025-12-09 08:12:46.915884: Epoch time: 67.18 s
2025-12-09 08:12:47.660804: 
2025-12-09 08:12:47.664064: Epoch 97
2025-12-09 08:12:47.666568: Current learning rate: 7e-05
2025-12-09 08:13:54.018531: train_loss 0.6501
2025-12-09 08:13:54.023583: val_loss 0.6916
2025-12-09 08:13:54.027062: val classification accuracy 0.5196
2025-12-09 08:13:54.030649: val auc 0.5754
2025-12-09 08:13:54.033722: Epoch time: 66.36 s
2025-12-09 08:13:54.739864: 
2025-12-09 08:13:54.743326: Epoch 98
2025-12-09 08:13:54.745729: Current learning rate: 7e-05
2025-12-09 08:15:01.335406: train_loss 0.6703
2025-12-09 08:15:01.349001: val_loss 0.7283
2025-12-09 08:15:01.363956: val classification accuracy 0.4804
2025-12-09 08:15:01.366911: val auc 0.4894
2025-12-09 08:15:01.369463: Epoch time: 66.6 s
2025-12-09 08:15:02.289092: 
2025-12-09 08:15:02.301017: Epoch 99
2025-12-09 08:15:02.303758: Current learning rate: 7e-05
2025-12-09 08:16:09.111165: train_loss 0.6773
2025-12-09 08:16:09.239036: val_loss 0.7249
2025-12-09 08:16:09.241649: val classification accuracy 0.4804
2025-12-09 08:16:09.244220: val auc 0.4992
2025-12-09 08:16:09.247105: Epoch time: 66.82 s
2025-12-09 08:16:10.100562: 
2025-12-09 08:16:10.104608: Epoch 100
2025-12-09 08:16:10.107560: Current learning rate: 7e-05
2025-12-09 08:17:16.790167: train_loss 0.6856
2025-12-09 08:17:16.794329: val_loss 0.6982
2025-12-09 08:17:16.797836: val classification accuracy 0.5392
2025-12-09 08:17:16.800893: val auc 0.5823
2025-12-09 08:17:16.803789: Epoch time: 66.69 s
2025-12-09 08:17:17.523760: 
2025-12-09 08:17:17.528883: Epoch 101
2025-12-09 08:17:17.532020: Current learning rate: 7e-05
2025-12-09 08:18:23.739384: train_loss 0.6768
2025-12-09 08:18:23.752275: val_loss 0.64
2025-12-09 08:18:23.759880: val classification accuracy 0.6667
2025-12-09 08:18:23.762458: val auc 0.6936
2025-12-09 08:18:23.770510: Epoch time: 66.22 s
2025-12-09 08:18:24.489947: 
2025-12-09 08:18:24.495339: Epoch 102
2025-12-09 08:18:24.501036: Current learning rate: 7e-05
2025-12-09 08:19:31.188454: train_loss 0.6826
2025-12-09 08:19:31.199455: val_loss 0.6116
2025-12-09 08:19:31.203110: val classification accuracy 0.6569
2025-12-09 08:19:31.206131: val auc 0.7195
2025-12-09 08:19:31.210787: Epoch time: 66.7 s
2025-12-09 08:19:31.952131: 
2025-12-09 08:19:31.961794: Epoch 103
2025-12-09 08:19:31.965176: Current learning rate: 7e-05
2025-12-09 08:20:38.515013: train_loss 0.6507
2025-12-09 08:20:38.534191: val_loss 0.6966
2025-12-09 08:20:38.539570: val classification accuracy 0.4902
2025-12-09 08:20:38.542447: val auc 0.5627
2025-12-09 08:20:38.557267: Epoch time: 66.56 s
2025-12-09 08:20:39.293994: 
2025-12-09 08:20:39.297675: Epoch 104
2025-12-09 08:20:39.301708: Current learning rate: 7e-05
2025-12-09 08:21:46.724974: train_loss 0.68
2025-12-09 08:21:46.729831: val_loss 0.744
2025-12-09 08:21:46.732767: val classification accuracy 0.4804
2025-12-09 08:21:46.735530: val auc 0.5442
2025-12-09 08:21:46.738261: Epoch time: 67.43 s
2025-12-09 08:21:47.461489: 
2025-12-09 08:21:47.465062: Epoch 105
2025-12-09 08:21:47.467853: Current learning rate: 7e-05
2025-12-09 08:22:54.441857: train_loss 0.6783
2025-12-09 08:22:54.480741: val_loss 0.6508
2025-12-09 08:22:54.484502: val classification accuracy 0.6275
2025-12-09 08:22:54.487543: val auc 0.6474
2025-12-09 08:22:54.490986: Epoch time: 66.98 s
2025-12-09 08:22:55.245573: 
2025-12-09 08:22:55.249110: Epoch 106
2025-12-09 08:22:55.251896: Current learning rate: 7e-05
2025-12-09 08:24:00.537163: train_loss 0.6832
2025-12-09 08:24:00.546139: val_loss 0.6656
2025-12-09 08:24:00.549237: val classification accuracy 0.549
2025-12-09 08:24:00.556804: val auc 0.6259
2025-12-09 08:24:00.559598: Epoch time: 65.29 s
2025-12-09 08:24:01.328694: 
2025-12-09 08:24:01.332122: Epoch 107
2025-12-09 08:24:01.334821: Current learning rate: 7e-05
2025-12-09 08:25:07.074181: train_loss 0.6736
2025-12-09 08:25:07.086209: val_loss 0.6468
2025-12-09 08:25:07.090094: val classification accuracy 0.6176
2025-12-09 08:25:07.093613: val auc 0.6665
2025-12-09 08:25:07.102795: Epoch time: 65.75 s
2025-12-09 08:25:07.899546: 
2025-12-09 08:25:07.903584: Epoch 108
2025-12-09 08:25:07.907984: Current learning rate: 7e-05
2025-12-09 08:26:14.571241: train_loss 0.6754
2025-12-09 08:26:14.576459: val_loss 0.7072
2025-12-09 08:26:14.579782: val classification accuracy 0.5
2025-12-09 08:26:14.582376: val auc 0.5477
2025-12-09 08:26:14.585401: Epoch time: 66.67 s
2025-12-09 08:26:15.303099: 
2025-12-09 08:26:15.306377: Epoch 109
2025-12-09 08:26:15.309711: Current learning rate: 7e-05
2025-12-09 08:27:21.700607: train_loss 0.6724
2025-12-09 08:27:21.704721: val_loss 0.6462
2025-12-09 08:27:21.707526: val classification accuracy 0.6275
2025-12-09 08:27:21.710329: val auc 0.7203
2025-12-09 08:27:21.713181: Epoch time: 66.4 s
2025-12-09 08:27:22.402308: 
2025-12-09 08:27:22.405585: Epoch 110
2025-12-09 08:27:22.408291: Current learning rate: 7e-05
2025-12-09 08:28:29.324214: train_loss 0.7009
2025-12-09 08:28:29.336320: val_loss 0.7077
2025-12-09 08:28:29.344754: val classification accuracy 0.5294
2025-12-09 08:28:29.352051: val auc 0.5346
2025-12-09 08:28:29.358606: Epoch time: 66.92 s
2025-12-09 08:28:30.096291: 
2025-12-09 08:28:30.101721: Epoch 111
2025-12-09 08:28:30.113882: Current learning rate: 7e-05
2025-12-09 08:29:35.994499: train_loss 0.6842
2025-12-09 08:29:35.998552: val_loss 0.6747
2025-12-09 08:29:36.001700: val classification accuracy 0.549
2025-12-09 08:29:36.004575: val auc 0.6148
2025-12-09 08:29:36.007923: Epoch time: 65.9 s
2025-12-09 08:29:36.706824: 
2025-12-09 08:29:36.710306: Epoch 112
2025-12-09 08:29:36.712921: Current learning rate: 7e-05
2025-12-09 08:30:42.787384: train_loss 0.6718
2025-12-09 08:30:42.804421: val_loss 0.6594
2025-12-09 08:30:42.822902: val classification accuracy 0.598
2025-12-09 08:30:42.826268: val auc 0.6521
2025-12-09 08:30:42.836434: Epoch time: 66.08 s
2025-12-09 08:30:43.572754: 
2025-12-09 08:30:43.576107: Epoch 113
2025-12-09 08:30:43.578529: Current learning rate: 7e-05
2025-12-09 08:31:50.428709: train_loss 0.6724
2025-12-09 08:31:50.432834: val_loss 0.6885
2025-12-09 08:31:50.435527: val classification accuracy 0.5098
2025-12-09 08:31:50.438249: val auc 0.5596
2025-12-09 08:31:50.440887: Epoch time: 66.86 s
2025-12-09 08:31:51.916499: 
2025-12-09 08:31:51.919627: Epoch 114
2025-12-09 08:31:51.922009: Current learning rate: 7e-05
2025-12-09 08:32:59.324092: train_loss 0.6719
2025-12-09 08:32:59.366729: val_loss 0.7125
2025-12-09 08:32:59.380988: val classification accuracy 0.5588
2025-12-09 08:32:59.384022: val auc 0.5492
2025-12-09 08:32:59.433558: Epoch time: 67.41 s
2025-12-09 08:33:00.146790: 
2025-12-09 08:33:00.151136: Epoch 115
2025-12-09 08:33:00.154189: Current learning rate: 6e-05
2025-12-09 08:34:07.256137: train_loss 0.7235
2025-12-09 08:34:07.262325: val_loss 0.6716
2025-12-09 08:34:07.267405: val classification accuracy 0.5686
2025-12-09 08:34:07.277843: val auc 0.5892
2025-12-09 08:34:07.280852: Epoch time: 67.11 s
2025-12-09 08:34:08.098098: 
2025-12-09 08:34:08.105800: Epoch 116
2025-12-09 08:34:08.110118: Current learning rate: 6e-05
2025-12-09 08:35:15.024091: train_loss 0.6828
2025-12-09 08:35:15.032764: val_loss 0.735
2025-12-09 08:35:15.039317: val classification accuracy 0.5
2025-12-09 08:35:15.043580: val auc 0.5079
2025-12-09 08:35:15.056048: Epoch time: 66.93 s
2025-12-09 08:35:15.835198: 
2025-12-09 08:35:15.845537: Epoch 117
2025-12-09 08:35:15.850658: Current learning rate: 6e-05
2025-12-09 08:36:23.214022: train_loss 0.6584
2025-12-09 08:36:23.249208: val_loss 0.7134
2025-12-09 08:36:23.253266: val classification accuracy 0.5294
2025-12-09 08:36:23.256452: val auc 0.5038
2025-12-09 08:36:23.259701: Epoch time: 67.38 s
2025-12-09 08:36:23.970995: 
2025-12-09 08:36:23.974756: Epoch 118
2025-12-09 08:36:23.978406: Current learning rate: 6e-05
2025-12-09 08:37:30.280111: train_loss 0.666
2025-12-09 08:37:30.286093: val_loss 0.6943
2025-12-09 08:37:30.292679: val classification accuracy 0.5
2025-12-09 08:37:30.300726: val auc 0.5894
2025-12-09 08:37:30.313812: Epoch time: 66.31 s
2025-12-09 08:37:31.039775: 
2025-12-09 08:37:31.051238: Epoch 119
2025-12-09 08:37:31.055838: Current learning rate: 6e-05
2025-12-09 08:38:37.099670: train_loss 0.6753
2025-12-09 08:38:37.105189: val_loss 0.7108
2025-12-09 08:38:37.108494: val classification accuracy 0.549
2025-12-09 08:38:37.111493: val auc 0.5486
2025-12-09 08:38:37.114595: Epoch time: 66.06 s
2025-12-09 08:38:37.911222: 
2025-12-09 08:38:37.915104: Epoch 120
2025-12-09 08:38:37.918010: Current learning rate: 6e-05
2025-12-09 08:39:43.630201: train_loss 0.6773
2025-12-09 08:39:43.654397: val_loss 0.8324
2025-12-09 08:39:43.676317: val classification accuracy 0.4412
2025-12-09 08:39:43.688965: val auc 0.4327
2025-12-09 08:39:43.696902: Epoch time: 65.72 s
2025-12-09 08:39:44.720910: 
2025-12-09 08:39:44.726752: Epoch 121
2025-12-09 08:39:44.733416: Current learning rate: 6e-05
2025-12-09 08:40:51.680033: train_loss 0.6393
2025-12-09 08:40:51.684975: val_loss 0.6967
2025-12-09 08:40:51.689959: val classification accuracy 0.5588
2025-12-09 08:40:51.695682: val auc 0.6009
2025-12-09 08:40:51.701455: Epoch time: 66.96 s
2025-12-09 08:40:52.445535: 
2025-12-09 08:40:52.449359: Epoch 122
2025-12-09 08:40:52.452822: Current learning rate: 6e-05
2025-12-09 08:41:58.959045: train_loss 0.6552
2025-12-09 08:41:59.075079: val_loss 0.7478
2025-12-09 08:41:59.078670: val classification accuracy 0.5
2025-12-09 08:41:59.081536: val auc 0.5469
2025-12-09 08:41:59.084200: Epoch time: 66.51 s
2025-12-09 08:41:59.863786: 
2025-12-09 08:41:59.867566: Epoch 123
2025-12-09 08:41:59.871174: Current learning rate: 6e-05
2025-12-09 08:43:06.655658: train_loss 0.6927
2025-12-09 08:43:06.688628: val_loss 0.6589
2025-12-09 08:43:06.694135: val classification accuracy 0.6471
2025-12-09 08:43:06.709464: val auc 0.6636
2025-12-09 08:43:06.715575: Epoch time: 66.79 s
2025-12-09 08:43:07.614621: 
2025-12-09 08:43:07.644846: Epoch 124
2025-12-09 08:43:07.647663: Current learning rate: 6e-05
2025-12-09 08:44:14.458184: train_loss 0.6758
2025-12-09 08:44:14.462471: val_loss 0.7125
2025-12-09 08:44:14.465944: val classification accuracy 0.5098
2025-12-09 08:44:14.468895: val auc 0.5442
2025-12-09 08:44:14.472367: Epoch time: 66.84 s
2025-12-09 08:44:15.368503: 
2025-12-09 08:44:15.372226: Epoch 125
2025-12-09 08:44:15.374645: Current learning rate: 6e-05
2025-12-09 08:45:21.696386: train_loss 0.6804
2025-12-09 08:45:21.830922: val_loss 0.6905
2025-12-09 08:45:21.845728: val classification accuracy 0.5294
2025-12-09 08:45:21.864056: val auc 0.5425
2025-12-09 08:45:21.877013: Epoch time: 66.33 s
2025-12-09 08:45:22.693026: 
2025-12-09 08:45:22.698458: Epoch 126
2025-12-09 08:45:22.703290: Current learning rate: 6e-05
2025-12-09 08:46:28.525811: train_loss 0.6763
2025-12-09 08:46:28.572040: val_loss 0.5927
2025-12-09 08:46:28.575405: val classification accuracy 0.6863
2025-12-09 08:46:28.578828: val auc 0.7593
2025-12-09 08:46:28.581995: Epoch time: 65.83 s
2025-12-09 08:46:28.584678: Yayy! New best EMA pseudo Dice: 0.7593
2025-12-09 08:46:30.508885: Yayy! New best classification accuracy: 0.6863
2025-12-09 08:46:32.775333: 
2025-12-09 08:46:32.780616: Epoch 127
2025-12-09 08:46:32.784471: Current learning rate: 6e-05
2025-12-09 08:47:39.132871: train_loss 0.6628
2025-12-09 08:47:39.138159: val_loss 0.6282
2025-12-09 08:47:39.141672: val classification accuracy 0.6471
2025-12-09 08:47:39.145447: val auc 0.6976
2025-12-09 08:47:39.149046: Epoch time: 66.36 s
2025-12-09 08:47:40.105688: 
2025-12-09 08:47:40.108870: Epoch 128
2025-12-09 08:47:40.111337: Current learning rate: 6e-05
2025-12-09 08:48:45.842968: train_loss 0.6947
2025-12-09 08:48:45.848964: val_loss 0.6721
2025-12-09 08:48:45.853251: val classification accuracy 0.6078
2025-12-09 08:48:45.859894: val auc 0.6205
2025-12-09 08:48:45.864090: Epoch time: 65.74 s
2025-12-09 08:48:46.716039: 
2025-12-09 08:48:46.721016: Epoch 129
2025-12-09 08:48:46.724198: Current learning rate: 6e-05
2025-12-09 08:49:53.328771: train_loss 0.7158
2025-12-09 08:49:53.341023: val_loss 0.768
2025-12-09 08:49:53.350145: val classification accuracy 0.4608
2025-12-09 08:49:53.354023: val auc 0.4775
2025-12-09 08:49:53.360885: Epoch time: 66.61 s
2025-12-09 08:49:54.916054: 
2025-12-09 08:49:54.919830: Epoch 130
2025-12-09 08:49:54.926323: Current learning rate: 6e-05
2025-12-09 08:51:01.546459: train_loss 0.6631
2025-12-09 08:51:01.550687: val_loss 0.7744
2025-12-09 08:51:01.553396: val classification accuracy 0.4608
2025-12-09 08:51:01.556268: val auc 0.4958
2025-12-09 08:51:01.559066: Epoch time: 66.63 s
2025-12-09 08:51:02.286478: 
2025-12-09 08:51:02.291074: Epoch 131
2025-12-09 08:51:02.307465: Current learning rate: 6e-05
2025-12-09 08:52:10.223718: train_loss 0.6561
2025-12-09 08:52:10.228927: val_loss 0.6661
2025-12-09 08:52:10.233078: val classification accuracy 0.598
2025-12-09 08:52:10.239894: val auc 0.6398
2025-12-09 08:52:10.242766: Epoch time: 67.94 s
2025-12-09 08:52:10.984305: 
2025-12-09 08:52:10.987613: Epoch 132
2025-12-09 08:52:10.997327: Current learning rate: 6e-05
2025-12-09 08:53:17.345103: train_loss 0.7211
2025-12-09 08:53:17.349630: val_loss 0.718
2025-12-09 08:53:17.352823: val classification accuracy 0.5098
2025-12-09 08:53:17.356194: val auc 0.5296
2025-12-09 08:53:17.359128: Epoch time: 66.36 s
2025-12-09 08:53:18.106312: 
2025-12-09 08:53:18.109882: Epoch 133
2025-12-09 08:53:18.112438: Current learning rate: 6e-05
2025-12-09 08:54:23.501335: train_loss 0.672
2025-12-09 08:54:23.518320: val_loss 0.7426
2025-12-09 08:54:23.524978: val classification accuracy 0.4608
2025-12-09 08:54:23.528963: val auc 0.4617
2025-12-09 08:54:23.540118: Epoch time: 65.4 s
2025-12-09 08:54:24.248343: 
2025-12-09 08:54:24.251862: Epoch 134
2025-12-09 08:54:24.263068: Current learning rate: 6e-05
2025-12-09 08:55:30.134224: train_loss 0.6961
2025-12-09 08:55:30.138640: val_loss 0.6212
2025-12-09 08:55:30.141365: val classification accuracy 0.6569
2025-12-09 08:55:30.144095: val auc 0.7339
2025-12-09 08:55:30.148604: Epoch time: 65.89 s
2025-12-09 08:55:30.947638: 
2025-12-09 08:55:30.969134: Epoch 135
2025-12-09 08:55:30.984349: Current learning rate: 6e-05
2025-12-09 08:56:37.741079: train_loss 0.6688
2025-12-09 08:56:37.800833: val_loss 0.717
2025-12-09 08:56:37.807196: val classification accuracy 0.451
2025-12-09 08:56:37.811956: val auc 0.5294
2025-12-09 08:56:37.816599: Epoch time: 66.79 s
2025-12-09 08:56:38.684565: 
2025-12-09 08:56:38.688780: Epoch 136
2025-12-09 08:56:38.692118: Current learning rate: 6e-05
2025-12-09 08:57:45.788988: train_loss 0.6418
2025-12-09 08:57:45.793430: val_loss 0.6671
2025-12-09 08:57:45.796603: val classification accuracy 0.6275
2025-12-09 08:57:45.799595: val auc 0.6699
2025-12-09 08:57:45.802485: Epoch time: 67.11 s
2025-12-09 08:57:46.533942: 
2025-12-09 08:57:46.537297: Epoch 137
2025-12-09 08:57:46.539771: Current learning rate: 6e-05
2025-12-09 08:58:53.802939: train_loss 0.6418
2025-12-09 08:58:53.859017: val_loss 0.7612
2025-12-09 08:58:53.862325: val classification accuracy 0.4902
2025-12-09 08:58:53.865163: val auc 0.5479
2025-12-09 08:58:53.868289: Epoch time: 67.27 s
2025-12-09 08:58:54.634326: 
2025-12-09 08:58:54.637677: Epoch 138
2025-12-09 08:58:54.641203: Current learning rate: 6e-05
2025-12-09 09:00:01.758470: train_loss 0.6433
2025-12-09 09:00:01.764977: val_loss 0.7645
2025-12-09 09:00:01.769095: val classification accuracy 0.4804
2025-12-09 09:00:01.772278: val auc 0.4898
2025-12-09 09:00:01.782605: Epoch time: 67.13 s
2025-12-09 09:00:02.504303: 
2025-12-09 09:00:02.509528: Epoch 139
2025-12-09 09:00:02.512268: Current learning rate: 6e-05
2025-12-09 09:01:10.292709: train_loss 0.6711
2025-12-09 09:01:10.407928: val_loss 0.7461
2025-12-09 09:01:10.412989: val classification accuracy 0.4902
2025-12-09 09:01:10.417006: val auc 0.5265
2025-12-09 09:01:10.420383: Epoch time: 67.79 s
2025-12-09 09:01:11.166375: 
2025-12-09 09:01:11.170490: Epoch 140
2025-12-09 09:01:11.173556: Current learning rate: 6e-05
2025-12-09 09:02:18.124333: train_loss 0.6813
2025-12-09 09:02:18.263205: val_loss 0.7335
2025-12-09 09:02:18.295072: val classification accuracy 0.5196
2025-12-09 09:02:18.309901: val auc 0.5188
2025-12-09 09:02:18.312784: Epoch time: 66.96 s
2025-12-09 09:02:19.161584: 
2025-12-09 09:02:19.171731: Epoch 141
2025-12-09 09:02:19.182526: Current learning rate: 6e-05
2025-12-09 09:03:25.539198: train_loss 0.6213
2025-12-09 09:03:25.543575: val_loss 0.6916
2025-12-09 09:03:25.546492: val classification accuracy 0.6078
2025-12-09 09:03:25.549972: val auc 0.6488
2025-12-09 09:03:25.552982: Epoch time: 66.38 s
2025-12-09 09:03:26.261509: 
2025-12-09 09:03:26.264766: Epoch 142
2025-12-09 09:03:26.267417: Current learning rate: 6e-05
2025-12-09 09:04:32.750951: train_loss 0.6585
2025-12-09 09:04:32.765338: val_loss 0.6921
2025-12-09 09:04:32.772271: val classification accuracy 0.5686
2025-12-09 09:04:32.775925: val auc 0.5536
2025-12-09 09:04:32.780572: Epoch time: 66.49 s
2025-12-09 09:04:33.508797: 
2025-12-09 09:04:33.513533: Epoch 143
2025-12-09 09:04:33.516664: Current learning rate: 6e-05
2025-12-09 09:05:40.676893: train_loss 0.6805
2025-12-09 09:05:40.692961: val_loss 0.6889
2025-12-09 09:05:40.697089: val classification accuracy 0.6176
2025-12-09 09:05:40.700964: val auc 0.6142
2025-12-09 09:05:40.705664: Epoch time: 67.17 s
2025-12-09 09:05:41.414995: 
2025-12-09 09:05:41.418590: Epoch 144
2025-12-09 09:05:41.421259: Current learning rate: 6e-05
2025-12-09 09:06:47.938549: train_loss 0.6828
2025-12-09 09:06:47.989227: val_loss 0.6772
2025-12-09 09:06:47.993187: val classification accuracy 0.6176
2025-12-09 09:06:47.997129: val auc 0.6309
2025-12-09 09:06:48.000535: Epoch time: 66.52 s
2025-12-09 09:06:48.841348: 
2025-12-09 09:06:48.844963: Epoch 145
2025-12-09 09:06:48.848060: Current learning rate: 6e-05
2025-12-09 09:07:55.275247: train_loss 0.6906
2025-12-09 09:07:55.284192: val_loss 0.7321
2025-12-09 09:07:55.290025: val classification accuracy 0.5686
2025-12-09 09:07:55.294327: val auc 0.5955
2025-12-09 09:07:55.299604: Epoch time: 66.44 s
2025-12-09 09:07:56.986007: 
2025-12-09 09:07:56.989938: Epoch 146
2025-12-09 09:07:56.993391: Current learning rate: 5e-05
2025-12-09 09:09:02.608633: train_loss 0.6452
2025-12-09 09:09:02.679509: val_loss 0.8489
2025-12-09 09:09:02.686093: val classification accuracy 0.4804
2025-12-09 09:09:02.693620: val auc 0.4792
2025-12-09 09:09:02.698573: Epoch time: 65.62 s
2025-12-09 09:09:03.628593: 
2025-12-09 09:09:03.638523: Epoch 147
2025-12-09 09:09:03.641559: Current learning rate: 5e-05
2025-12-09 09:10:09.083912: train_loss 0.6813
2025-12-09 09:10:09.090378: val_loss 0.6891
2025-12-09 09:10:09.095137: val classification accuracy 0.6078
2025-12-09 09:10:09.098772: val auc 0.6032
2025-12-09 09:10:09.102998: Epoch time: 65.46 s
2025-12-09 09:10:09.889481: 
2025-12-09 09:10:09.893358: Epoch 148
2025-12-09 09:10:09.896987: Current learning rate: 5e-05
2025-12-09 09:11:17.467968: train_loss 0.6737
2025-12-09 09:11:17.477772: val_loss 0.6775
2025-12-09 09:11:17.482020: val classification accuracy 0.5882
2025-12-09 09:11:17.488950: val auc 0.6138
2025-12-09 09:11:17.492734: Epoch time: 67.58 s
2025-12-09 09:11:18.368014: 
2025-12-09 09:11:18.372253: Epoch 149
2025-12-09 09:11:18.376290: Current learning rate: 5e-05
2025-12-09 09:12:24.596750: train_loss 0.6634
2025-12-09 09:12:24.605737: val_loss 0.672
2025-12-09 09:12:24.610068: val classification accuracy 0.5882
2025-12-09 09:12:24.614765: val auc 0.618
2025-12-09 09:12:24.618870: Epoch time: 66.23 s
2025-12-09 09:12:25.688292: 
2025-12-09 09:12:25.691986: Epoch 150
2025-12-09 09:12:25.695083: Current learning rate: 5e-05
2025-12-09 09:13:31.992408: train_loss 0.6786
2025-12-09 09:13:32.002405: val_loss 0.6709
2025-12-09 09:13:32.009355: val classification accuracy 0.6176
2025-12-09 09:13:32.017801: val auc 0.6328
2025-12-09 09:13:32.024202: Epoch time: 66.31 s
2025-12-09 09:13:32.796694: 
2025-12-09 09:13:32.801327: Epoch 151
2025-12-09 09:13:32.805243: Current learning rate: 5e-05
2025-12-09 09:14:39.493039: train_loss 0.6568
2025-12-09 09:14:39.600130: val_loss 0.7166
2025-12-09 09:14:39.604167: val classification accuracy 0.549
2025-12-09 09:14:39.607899: val auc 0.5509
2025-12-09 09:14:39.611986: Epoch time: 66.7 s
2025-12-09 09:14:40.500544: 
2025-12-09 09:14:40.514568: Epoch 152
2025-12-09 09:14:40.519389: Current learning rate: 5e-05
2025-12-09 09:15:46.843950: train_loss 0.6818
2025-12-09 09:15:46.851332: val_loss 0.677
2025-12-09 09:15:46.855082: val classification accuracy 0.5196
2025-12-09 09:15:46.862092: val auc 0.5898
2025-12-09 09:15:46.866795: Epoch time: 66.34 s
2025-12-09 09:15:47.807730: 
2025-12-09 09:15:47.811612: Epoch 153
2025-12-09 09:15:47.815805: Current learning rate: 5e-05
2025-12-09 09:16:55.160021: train_loss 0.6476
2025-12-09 09:16:55.242840: val_loss 0.6632
2025-12-09 09:16:55.246662: val classification accuracy 0.5784
2025-12-09 09:16:55.250929: val auc 0.6288
2025-12-09 09:16:55.254910: Epoch time: 67.35 s
2025-12-09 09:16:56.074678: 
2025-12-09 09:16:56.078798: Epoch 154
2025-12-09 09:16:56.083977: Current learning rate: 5e-05
2025-12-09 09:18:02.488077: train_loss 0.6447
2025-12-09 09:18:02.688034: val_loss 0.7082
2025-12-09 09:18:02.693501: val classification accuracy 0.5784
2025-12-09 09:18:02.698379: val auc 0.6086
2025-12-09 09:18:02.703329: Epoch time: 66.41 s
2025-12-09 09:18:03.796566: 
2025-12-09 09:18:03.801297: Epoch 155
2025-12-09 09:18:03.805297: Current learning rate: 5e-05
2025-12-09 09:19:10.413299: train_loss 0.6576
2025-12-09 09:19:10.522210: val_loss 0.6968
2025-12-09 09:19:10.526061: val classification accuracy 0.5686
2025-12-09 09:19:10.529781: val auc 0.5879
2025-12-09 09:19:10.533772: Epoch time: 66.62 s
2025-12-09 09:19:11.376964: 
2025-12-09 09:19:11.380718: Epoch 156
2025-12-09 09:19:11.383960: Current learning rate: 5e-05
2025-12-09 09:20:18.469287: train_loss 0.654
2025-12-09 09:20:18.476638: val_loss 0.6939
2025-12-09 09:20:18.480986: val classification accuracy 0.5392
2025-12-09 09:20:18.487326: val auc 0.5823
2025-12-09 09:20:18.492013: Epoch time: 67.09 s
2025-12-09 09:20:19.480861: 
2025-12-09 09:20:19.486253: Epoch 157
2025-12-09 09:20:19.490193: Current learning rate: 5e-05
2025-12-09 09:21:26.318424: train_loss 0.6801
2025-12-09 09:21:26.487751: val_loss 0.6566
2025-12-09 09:21:26.493078: val classification accuracy 0.598
2025-12-09 09:21:26.495914: val auc 0.6498
2025-12-09 09:21:26.586302: Epoch time: 66.84 s
2025-12-09 09:21:27.540310: 
2025-12-09 09:21:27.545500: Epoch 158
2025-12-09 09:21:27.549295: Current learning rate: 5e-05
2025-12-09 09:22:34.197145: train_loss 0.675
2025-12-09 09:22:34.277589: val_loss 0.7014
2025-12-09 09:22:34.361413: val classification accuracy 0.4902
2025-12-09 09:22:34.367369: val auc 0.5117
2025-12-09 09:22:34.380582: Epoch time: 66.66 s
2025-12-09 09:22:35.413109: 
2025-12-09 09:22:35.417409: Epoch 159
2025-12-09 09:22:35.421330: Current learning rate: 5e-05
2025-12-09 09:23:41.959839: train_loss 0.6512
2025-12-09 09:23:41.968060: val_loss 0.6891
2025-12-09 09:23:41.973191: val classification accuracy 0.5686
2025-12-09 09:23:41.977380: val auc 0.588
2025-12-09 09:23:41.981178: Epoch time: 66.55 s
2025-12-09 09:23:43.107315: 
2025-12-09 09:23:43.112713: Epoch 160
2025-12-09 09:23:43.117961: Current learning rate: 5e-05
2025-12-09 09:24:48.419060: train_loss 0.6512
2025-12-09 09:24:48.575506: val_loss 0.7754
2025-12-09 09:24:48.584353: val classification accuracy 0.4902
2025-12-09 09:24:48.709360: val auc 0.4854
2025-12-09 09:24:48.732073: Epoch time: 65.31 s
2025-12-09 09:24:50.293317: 
2025-12-09 09:24:50.299073: Epoch 161
2025-12-09 09:24:50.307158: Current learning rate: 5e-05
2025-12-09 09:25:56.985780: train_loss 0.6516
2025-12-09 09:25:57.137630: val_loss 0.6751
2025-12-09 09:25:57.141225: val classification accuracy 0.5686
2025-12-09 09:25:57.145340: val auc 0.6161
2025-12-09 09:25:57.149192: Epoch time: 66.69 s
2025-12-09 09:25:59.000893: 
2025-12-09 09:25:59.005864: Epoch 162
2025-12-09 09:25:59.009022: Current learning rate: 5e-05
2025-12-09 09:27:05.212914: train_loss 0.6414
2025-12-09 09:27:05.383945: val_loss 0.7708
2025-12-09 09:27:05.392789: val classification accuracy 0.4804
2025-12-09 09:27:05.397216: val auc 0.4827
2025-12-09 09:27:05.401311: Epoch time: 66.21 s
2025-12-09 09:27:06.130998: 
2025-12-09 09:27:06.136188: Epoch 163
2025-12-09 09:27:06.142150: Current learning rate: 5e-05
2025-12-09 09:28:12.540799: train_loss 0.6412
2025-12-09 09:28:12.709049: val_loss 0.7058
2025-12-09 09:28:12.714660: val classification accuracy 0.549
2025-12-09 09:28:12.719553: val auc 0.573
2025-12-09 09:28:12.724883: Epoch time: 66.41 s
2025-12-09 09:28:13.651709: 
2025-12-09 09:28:13.656139: Epoch 164
2025-12-09 09:28:13.660115: Current learning rate: 5e-05
2025-12-09 09:29:20.205172: train_loss 0.6523
2025-12-09 09:29:20.214728: val_loss 0.7361
2025-12-09 09:29:20.218168: val classification accuracy 0.5392
2025-12-09 09:29:20.221959: val auc 0.5461
2025-12-09 09:29:20.225584: Epoch time: 66.55 s
2025-12-09 09:29:21.065663: 
2025-12-09 09:29:21.070041: Epoch 165
2025-12-09 09:29:21.074279: Current learning rate: 5e-05
2025-12-09 09:30:27.132261: train_loss 0.6476
2025-12-09 09:30:27.141340: val_loss 0.8009
2025-12-09 09:30:27.146537: val classification accuracy 0.4706
2025-12-09 09:30:27.150527: val auc 0.4756
2025-12-09 09:30:27.154947: Epoch time: 66.07 s
2025-12-09 09:30:27.965864: 
2025-12-09 09:30:27.996537: Epoch 166
2025-12-09 09:30:28.015394: Current learning rate: 5e-05
2025-12-09 09:31:35.694311: train_loss 0.6577
2025-12-09 09:31:35.779395: val_loss 0.6891
2025-12-09 09:31:35.805138: val classification accuracy 0.6373
2025-12-09 09:31:35.827450: val auc 0.6549
2025-12-09 09:31:35.836715: Epoch time: 67.73 s
2025-12-09 09:31:36.747651: 
2025-12-09 09:31:36.752746: Epoch 167
2025-12-09 09:31:36.756389: Current learning rate: 5e-05
2025-12-09 09:32:43.995644: train_loss 0.6824
2025-12-09 09:32:44.008312: val_loss 0.7202
2025-12-09 09:32:44.012845: val classification accuracy 0.549
2025-12-09 09:32:44.015974: val auc 0.5304
2025-12-09 09:32:44.020356: Epoch time: 67.25 s
2025-12-09 09:32:44.958944: 
2025-12-09 09:32:44.963800: Epoch 168
2025-12-09 09:32:44.968073: Current learning rate: 5e-05
2025-12-09 09:33:52.339842: train_loss 0.6611
2025-12-09 09:33:52.436802: val_loss 0.6336
2025-12-09 09:33:52.441825: val classification accuracy 0.598
2025-12-09 09:33:52.445709: val auc 0.6999
2025-12-09 09:33:52.453049: Epoch time: 67.38 s
2025-12-09 09:33:53.426316: 
2025-12-09 09:33:53.430545: Epoch 169
2025-12-09 09:33:53.434714: Current learning rate: 5e-05
2025-12-09 09:34:59.934574: train_loss 0.6638
2025-12-09 09:35:00.012056: val_loss 0.6948
2025-12-09 09:35:00.017159: val classification accuracy 0.5294
2025-12-09 09:35:00.021725: val auc 0.5694
2025-12-09 09:35:00.026349: Epoch time: 66.51 s
2025-12-09 09:35:00.791242: 
2025-12-09 09:35:00.796719: Epoch 170
2025-12-09 09:35:00.800392: Current learning rate: 5e-05
2025-12-09 09:36:06.744354: train_loss 0.6123
2025-12-09 09:36:06.944990: val_loss 0.725
2025-12-09 09:36:06.949972: val classification accuracy 0.5686
2025-12-09 09:36:06.954141: val auc 0.5971
2025-12-09 09:36:06.958838: Epoch time: 65.95 s
2025-12-09 09:36:07.879236: 
2025-12-09 09:36:07.885312: Epoch 171
2025-12-09 09:36:07.890822: Current learning rate: 5e-05
2025-12-09 09:37:14.264703: train_loss 0.6542
2025-12-09 09:37:14.271960: val_loss 0.69
2025-12-09 09:37:14.277645: val classification accuracy 0.5588
2025-12-09 09:37:14.283118: val auc 0.6098
2025-12-09 09:37:14.287280: Epoch time: 66.39 s
2025-12-09 09:37:15.141121: 
2025-12-09 09:37:15.146380: Epoch 172
2025-12-09 09:37:15.150511: Current learning rate: 5e-05
2025-12-09 09:38:22.474547: train_loss 0.663
2025-12-09 09:38:22.482066: val_loss 0.6868
2025-12-09 09:38:22.486307: val classification accuracy 0.5686
2025-12-09 09:38:22.490486: val auc 0.6151
2025-12-09 09:38:22.495209: Epoch time: 67.33 s
2025-12-09 09:38:23.456001: 
2025-12-09 09:38:23.460749: Epoch 173
2025-12-09 09:38:23.464115: Current learning rate: 5e-05
2025-12-09 09:39:28.882649: train_loss 0.6568
2025-12-09 09:39:28.998983: val_loss 0.7072
2025-12-09 09:39:29.002544: val classification accuracy 0.4902
2025-12-09 09:39:29.005671: val auc 0.5233
2025-12-09 09:39:29.009024: Epoch time: 65.43 s
2025-12-09 09:39:30.174720: 
2025-12-09 09:39:30.179702: Epoch 174
2025-12-09 09:39:30.188892: Current learning rate: 5e-05
2025-12-09 09:40:35.714873: train_loss 0.6468
2025-12-09 09:40:35.853228: val_loss 0.75
2025-12-09 09:40:35.859998: val classification accuracy 0.4902
2025-12-09 09:40:35.870754: val auc 0.4915
2025-12-09 09:40:35.875168: Epoch time: 65.54 s
2025-12-09 09:40:36.797907: 
2025-12-09 09:40:36.804695: Epoch 175
2025-12-09 09:40:36.811333: Current learning rate: 5e-05
2025-12-09 09:41:43.737278: train_loss 0.6577
2025-12-09 09:41:43.744503: val_loss 0.7136
2025-12-09 09:41:43.748794: val classification accuracy 0.5588
2025-12-09 09:41:43.753388: val auc 0.5563
2025-12-09 09:41:43.758519: Epoch time: 66.94 s
2025-12-09 09:41:44.480655: 
2025-12-09 09:41:44.486260: Epoch 176
2025-12-09 09:41:44.490909: Current learning rate: 5e-05
2025-12-09 09:42:50.789752: train_loss 0.6482
2025-12-09 09:42:50.817298: val_loss 0.8422
2025-12-09 09:42:50.823477: val classification accuracy 0.451
2025-12-09 09:42:50.826725: val auc 0.4539
2025-12-09 09:42:50.829700: Epoch time: 66.31 s
2025-12-09 09:42:51.683362: 
2025-12-09 09:42:51.687671: Epoch 177
2025-12-09 09:42:51.690812: Current learning rate: 4e-05
2025-12-09 09:43:58.458915: train_loss 0.6906
2025-12-09 09:43:58.463073: val_loss 0.6508
2025-12-09 09:43:58.476605: val classification accuracy 0.6078
2025-12-09 09:43:58.491740: val auc 0.6819
2025-12-09 09:43:58.498470: Epoch time: 66.78 s
2025-12-09 09:44:00.200409: 
2025-12-09 09:44:00.210211: Epoch 178
2025-12-09 09:44:00.213631: Current learning rate: 4e-05
2025-12-09 09:45:06.541582: train_loss 0.6657
2025-12-09 09:45:06.704830: val_loss 0.7155
2025-12-09 09:45:06.709249: val classification accuracy 0.5294
2025-12-09 09:45:06.713593: val auc 0.5183
2025-12-09 09:45:06.717441: Epoch time: 66.34 s
2025-12-09 09:45:07.553929: 
2025-12-09 09:45:07.558631: Epoch 179
2025-12-09 09:45:07.562350: Current learning rate: 4e-05
2025-12-09 09:46:14.667679: train_loss 0.6657
2025-12-09 09:46:14.913111: val_loss 0.7096
2025-12-09 09:46:14.924402: val classification accuracy 0.5
2025-12-09 09:46:14.927865: val auc 0.5617
2025-12-09 09:46:14.933288: Epoch time: 67.11 s
2025-12-09 09:46:16.049145: 
2025-12-09 09:46:16.125402: Epoch 180
2025-12-09 09:46:16.182971: Current learning rate: 4e-05
2025-12-09 09:47:22.138985: train_loss 0.6452
2025-12-09 09:47:22.145543: val_loss 0.6909
2025-12-09 09:47:22.158119: val classification accuracy 0.5882
2025-12-09 09:47:22.166178: val auc 0.6151
2025-12-09 09:47:22.171905: Epoch time: 66.09 s
2025-12-09 09:47:23.164171: 
2025-12-09 09:47:23.168094: Epoch 181
2025-12-09 09:47:23.179092: Current learning rate: 4e-05
2025-12-09 09:48:29.496515: train_loss 0.6474
2025-12-09 09:48:29.710693: val_loss 0.6928
2025-12-09 09:48:29.715729: val classification accuracy 0.5882
2025-12-09 09:48:29.723225: val auc 0.5888
2025-12-09 09:48:29.729022: Epoch time: 66.33 s
2025-12-09 09:48:30.646784: 
2025-12-09 09:48:30.651472: Epoch 182
2025-12-09 09:48:30.656859: Current learning rate: 4e-05
2025-12-09 09:49:37.463975: train_loss 0.6656
2025-12-09 09:49:37.475346: val_loss 0.6997
2025-12-09 09:49:37.479570: val classification accuracy 0.549
2025-12-09 09:49:37.483663: val auc 0.578
2025-12-09 09:49:37.507970: Epoch time: 66.82 s
2025-12-09 09:49:38.480129: 
2025-12-09 09:49:38.490456: Epoch 183
2025-12-09 09:49:38.496095: Current learning rate: 4e-05
2025-12-09 09:50:45.130487: train_loss 0.6367
2025-12-09 09:50:45.345628: val_loss 0.7338
2025-12-09 09:50:45.351907: val classification accuracy 0.549
2025-12-09 09:50:45.355783: val auc 0.5546
2025-12-09 09:50:45.362500: Epoch time: 66.65 s
2025-12-09 09:50:46.411059: 
2025-12-09 09:50:46.419642: Epoch 184
2025-12-09 09:50:46.427947: Current learning rate: 4e-05
2025-12-09 09:51:52.751621: train_loss 0.6454
2025-12-09 09:51:52.916098: val_loss 0.7509
2025-12-09 09:51:52.919436: val classification accuracy 0.5392
2025-12-09 09:51:52.922915: val auc 0.5517
2025-12-09 09:51:52.926507: Epoch time: 66.34 s
2025-12-09 09:51:53.867205: 
2025-12-09 09:51:53.871261: Epoch 185
2025-12-09 09:51:53.874813: Current learning rate: 4e-05
2025-12-09 09:53:01.113845: train_loss 0.6194
2025-12-09 09:53:01.237390: val_loss 0.6604
2025-12-09 09:53:01.257642: val classification accuracy 0.598
2025-12-09 09:53:01.261741: val auc 0.6622
2025-12-09 09:53:01.266394: Epoch time: 67.25 s
2025-12-09 09:53:02.157770: 
2025-12-09 09:53:02.161280: Epoch 186
2025-12-09 09:53:02.266847: Current learning rate: 4e-05
2025-12-09 09:54:08.720566: train_loss 0.6417
2025-12-09 09:54:08.739008: val_loss 0.7366
2025-12-09 09:54:08.772037: val classification accuracy 0.5392
2025-12-09 09:54:08.787089: val auc 0.5213
2025-12-09 09:54:08.803049: Epoch time: 66.56 s
2025-12-09 09:54:10.028209: 
2025-12-09 09:54:10.033731: Epoch 187
2025-12-09 09:54:10.042353: Current learning rate: 4e-05
2025-12-09 09:55:15.106011: train_loss 0.6264
2025-12-09 09:55:15.253829: val_loss 0.6788
2025-12-09 09:55:15.266474: val classification accuracy 0.6275
2025-12-09 09:55:15.270110: val auc 0.6161
2025-12-09 09:55:15.274283: Epoch time: 65.08 s
2025-12-09 09:55:16.117966: 
2025-12-09 09:55:16.122641: Epoch 188
2025-12-09 09:55:16.126407: Current learning rate: 4e-05
2025-12-09 09:56:22.505337: train_loss 0.6501
2025-12-09 09:56:22.742310: val_loss 0.712
2025-12-09 09:56:22.746354: val classification accuracy 0.5392
2025-12-09 09:56:22.749592: val auc 0.565
2025-12-09 09:56:22.753079: Epoch time: 66.39 s
2025-12-09 09:56:23.518145: 
2025-12-09 09:56:23.523306: Epoch 189
2025-12-09 09:56:23.527557: Current learning rate: 4e-05
2025-12-09 09:57:30.321552: train_loss 0.6552
2025-12-09 09:57:30.530415: val_loss 0.7607
2025-12-09 09:57:30.536029: val classification accuracy 0.451
2025-12-09 09:57:30.539308: val auc 0.4516
2025-12-09 09:57:30.542523: Epoch time: 66.8 s
2025-12-09 09:57:31.588564: 
2025-12-09 09:57:31.593260: Epoch 190
2025-12-09 09:57:31.597179: Current learning rate: 4e-05
2025-12-09 09:58:38.351374: train_loss 0.6488
2025-12-09 09:58:38.564827: val_loss 0.6609
2025-12-09 09:58:38.571293: val classification accuracy 0.5686
2025-12-09 09:58:38.577148: val auc 0.6651
2025-12-09 09:58:38.591325: Epoch time: 66.76 s
2025-12-09 09:58:39.772603: 
2025-12-09 09:58:39.783663: Epoch 191
2025-12-09 09:58:39.787799: Current learning rate: 4e-05
2025-12-09 09:59:46.080055: train_loss 0.6518
2025-12-09 09:59:46.211409: val_loss 0.6915
2025-12-09 09:59:46.216215: val classification accuracy 0.5196
2025-12-09 09:59:46.221615: val auc 0.5392
2025-12-09 09:59:46.225616: Epoch time: 66.31 s
2025-12-09 09:59:47.054219: 
2025-12-09 09:59:47.059098: Epoch 192
2025-12-09 09:59:47.062792: Current learning rate: 4e-05
2025-12-09 10:00:54.510987: train_loss 0.5977
2025-12-09 10:00:54.619887: val_loss 0.8125
2025-12-09 10:00:54.624582: val classification accuracy 0.4804
2025-12-09 10:00:54.628640: val auc 0.4894
2025-12-09 10:00:54.632926: Epoch time: 67.46 s
2025-12-09 10:00:55.446778: 
2025-12-09 10:00:55.451199: Epoch 193
2025-12-09 10:00:55.454731: Current learning rate: 4e-05
2025-12-09 10:02:03.041142: train_loss 0.6595
2025-12-09 10:02:03.195402: val_loss 0.6697
2025-12-09 10:02:03.200441: val classification accuracy 0.6176
2025-12-09 10:02:03.204464: val auc 0.6426
2025-12-09 10:02:03.208798: Epoch time: 67.6 s
2025-12-09 10:02:03.932592: 
2025-12-09 10:02:03.936647: Epoch 194
2025-12-09 10:02:03.940637: Current learning rate: 4e-05
2025-12-09 10:03:10.302632: train_loss 0.6623
2025-12-09 10:03:10.307528: val_loss 0.7425
2025-12-09 10:03:10.311010: val classification accuracy 0.4902
2025-12-09 10:03:10.314166: val auc 0.5135
2025-12-09 10:03:10.317219: Epoch time: 66.37 s
2025-12-09 10:03:11.060891: 
2025-12-09 10:03:11.064431: Epoch 195
2025-12-09 10:03:11.067425: Current learning rate: 4e-05
2025-12-09 10:04:18.257853: train_loss 0.6313
2025-12-09 10:04:18.263755: val_loss 0.758
2025-12-09 10:04:18.267804: val classification accuracy 0.4804
2025-12-09 10:04:18.272016: val auc 0.5313
2025-12-09 10:04:18.275451: Epoch time: 67.2 s
2025-12-09 10:04:19.001416: 
2025-12-09 10:04:19.006732: Epoch 196
2025-12-09 10:04:19.010736: Current learning rate: 4e-05
2025-12-09 10:05:25.974339: train_loss 0.6341
2025-12-09 10:05:25.979514: val_loss 0.7451
2025-12-09 10:05:25.982963: val classification accuracy 0.549
2025-12-09 10:05:25.986202: val auc 0.5569
2025-12-09 10:05:25.989552: Epoch time: 66.97 s
2025-12-09 10:05:26.708653: 
2025-12-09 10:05:26.712677: Epoch 197
2025-12-09 10:05:26.716101: Current learning rate: 4e-05
2025-12-09 10:06:33.197374: train_loss 0.6461
2025-12-09 10:06:33.203604: val_loss 0.7061
2025-12-09 10:06:33.208194: val classification accuracy 0.5882
2025-12-09 10:06:33.212914: val auc 0.604
2025-12-09 10:06:33.217834: Epoch time: 66.49 s
2025-12-09 10:06:33.980827: 
2025-12-09 10:06:33.986699: Epoch 198
2025-12-09 10:06:33.991955: Current learning rate: 4e-05
2025-12-09 10:07:40.675744: train_loss 0.6361
2025-12-09 10:07:40.681351: val_loss 0.7423
2025-12-09 10:07:40.684559: val classification accuracy 0.5588
2025-12-09 10:07:40.687894: val auc 0.5148
2025-12-09 10:07:40.691156: Epoch time: 66.7 s
2025-12-09 10:07:41.437350: 
2025-12-09 10:07:41.440899: Epoch 199
2025-12-09 10:07:41.443723: Current learning rate: 4e-05
2025-12-09 10:08:48.580773: train_loss 0.6497
2025-12-09 10:08:48.597985: val_loss 0.6919
2025-12-09 10:08:48.602758: val classification accuracy 0.6078
2025-12-09 10:08:48.606814: val auc 0.6157
2025-12-09 10:08:48.611817: Epoch time: 67.14 s
2025-12-09 10:08:50.898418: Saved periodic checkpoint /hpf/projects/jquon/sumin/nnUNet_data/nnUNet_results/Dataset003_AVM_T1+C/SwinViTTrainer_ep300_NoMirroring__nnUNetResEncUNetLPlans__3d_fullres/fold_1/checkpoint_every20_best_balacc.pth at epoch 199 with val_balanced_accuracy=0.6078
2025-12-09 10:08:51.639336: 
2025-12-09 10:08:51.643427: Epoch 200
2025-12-09 10:08:51.646833: Current learning rate: 4e-05
2025-12-09 10:09:57.056008: train_loss 0.6394
2025-12-09 10:09:57.060941: val_loss 0.7451
2025-12-09 10:09:57.064746: val classification accuracy 0.549
2025-12-09 10:09:57.068360: val auc 0.5584
2025-12-09 10:09:57.071689: Epoch time: 65.42 s
2025-12-09 10:09:57.799490: 
2025-12-09 10:09:57.803066: Epoch 201
2025-12-09 10:09:57.806431: Current learning rate: 4e-05
2025-12-09 10:11:04.172786: train_loss 0.6517
2025-12-09 10:11:04.178766: val_loss 0.8042
2025-12-09 10:11:04.182634: val classification accuracy 0.4608
2025-12-09 10:11:04.186667: val auc 0.436
2025-12-09 10:11:04.190679: Epoch time: 66.37 s
2025-12-09 10:11:04.941582: 
2025-12-09 10:11:04.945869: Epoch 202
2025-12-09 10:11:04.949617: Current learning rate: 4e-05
2025-12-09 10:12:11.788263: train_loss 0.6451
2025-12-09 10:12:11.876353: val_loss 0.7876
2025-12-09 10:12:11.880606: val classification accuracy 0.5
2025-12-09 10:12:11.885965: val auc 0.4629
2025-12-09 10:12:11.891741: Epoch time: 66.85 s
2025-12-09 10:12:12.635336: 
2025-12-09 10:12:12.640130: Epoch 203
2025-12-09 10:12:12.643624: Current learning rate: 4e-05
2025-12-09 10:13:19.589272: train_loss 0.6358
2025-12-09 10:13:19.596052: val_loss 0.6877
2025-12-09 10:13:19.601470: val classification accuracy 0.6176
2025-12-09 10:13:19.605105: val auc 0.6371
2025-12-09 10:13:19.609318: Epoch time: 66.96 s
2025-12-09 10:13:20.553267: 
2025-12-09 10:13:20.558093: Epoch 204
2025-12-09 10:13:20.562153: Current learning rate: 4e-05
2025-12-09 10:14:27.614031: train_loss 0.6388
2025-12-09 10:14:27.645476: val_loss 0.6453
2025-12-09 10:14:27.651791: val classification accuracy 0.6569
2025-12-09 10:14:27.656525: val auc 0.6876
2025-12-09 10:14:27.660853: Epoch time: 67.06 s
2025-12-09 10:14:28.426900: 
2025-12-09 10:14:28.432124: Epoch 205
2025-12-09 10:14:28.435778: Current learning rate: 4e-05
2025-12-09 10:15:35.066436: train_loss 0.6508
2025-12-09 10:15:35.071284: val_loss 0.6744
2025-12-09 10:15:35.074622: val classification accuracy 0.5784
2025-12-09 10:15:35.077940: val auc 0.6273
2025-12-09 10:15:35.081360: Epoch time: 66.64 s
2025-12-09 10:15:35.813095: 
2025-12-09 10:15:35.816821: Epoch 206
2025-12-09 10:15:35.819860: Current learning rate: 4e-05
2025-12-09 10:16:42.951816: train_loss 0.642
2025-12-09 10:16:42.957162: val_loss 0.7465
2025-12-09 10:16:42.966849: val classification accuracy 0.4804
2025-12-09 10:16:42.978652: val auc 0.4771
2025-12-09 10:16:42.982201: Epoch time: 67.14 s
2025-12-09 10:16:43.718343: 
2025-12-09 10:16:43.722605: Epoch 207
2025-12-09 10:16:43.725904: Current learning rate: 3e-05
2025-12-09 10:17:50.077557: train_loss 0.6345
2025-12-09 10:17:50.085353: val_loss 0.742
2025-12-09 10:17:50.090120: val classification accuracy 0.5588
2025-12-09 10:17:50.094710: val auc 0.5381
2025-12-09 10:17:50.100180: Epoch time: 66.36 s
2025-12-09 10:17:50.932301: 
2025-12-09 10:17:50.936380: Epoch 208
2025-12-09 10:17:50.940614: Current learning rate: 3e-05
2025-12-09 10:18:57.495651: train_loss 0.6497
2025-12-09 10:18:57.501842: val_loss 0.7395
2025-12-09 10:18:57.505620: val classification accuracy 0.5196
2025-12-09 10:18:57.509567: val auc 0.4925
2025-12-09 10:18:57.513048: Epoch time: 66.56 s
2025-12-09 10:18:59.109600: 
2025-12-09 10:18:59.115382: Epoch 209
2025-12-09 10:18:59.120497: Current learning rate: 3e-05
2025-12-09 10:20:06.789275: train_loss 0.6486
2025-12-09 10:20:06.804536: val_loss 0.6816
2025-12-09 10:20:06.809516: val classification accuracy 0.5882
2025-12-09 10:20:06.812925: val auc 0.6175
2025-12-09 10:20:06.816350: Epoch time: 67.68 s
2025-12-09 10:20:07.551622: 
2025-12-09 10:20:07.556025: Epoch 210
2025-12-09 10:20:07.559469: Current learning rate: 3e-05
2025-12-09 10:21:12.954104: train_loss 0.6244
2025-12-09 10:21:12.960008: val_loss 0.6644
2025-12-09 10:21:12.964141: val classification accuracy 0.6078
2025-12-09 10:21:12.968112: val auc 0.6597
2025-12-09 10:21:12.972804: Epoch time: 65.4 s
2025-12-09 10:21:13.675260: 
2025-12-09 10:21:13.679714: Epoch 211
2025-12-09 10:21:13.683970: Current learning rate: 3e-05
2025-12-09 10:22:17.833300: train_loss 0.6105
2025-12-09 10:22:17.838629: val_loss 0.7118
2025-12-09 10:22:17.841982: val classification accuracy 0.5882
2025-12-09 10:22:17.845588: val auc 0.5757
2025-12-09 10:22:17.849003: Epoch time: 64.16 s
2025-12-09 10:22:18.572309: 
2025-12-09 10:22:18.576503: Epoch 212
2025-12-09 10:22:18.580034: Current learning rate: 3e-05
2025-12-09 10:23:24.875839: train_loss 0.6466
2025-12-09 10:23:24.881028: val_loss 0.7455
2025-12-09 10:23:24.884298: val classification accuracy 0.4804
2025-12-09 10:23:24.887258: val auc 0.5242
2025-12-09 10:23:24.890473: Epoch time: 66.3 s
2025-12-09 10:23:25.573143: 
2025-12-09 10:23:25.576826: Epoch 213
2025-12-09 10:23:25.579532: Current learning rate: 3e-05
2025-12-09 10:24:30.970238: train_loss 0.6348
2025-12-09 10:24:30.976764: val_loss 0.6978
2025-12-09 10:24:30.980816: val classification accuracy 0.6078
2025-12-09 10:24:30.984770: val auc 0.6077
2025-12-09 10:24:30.988431: Epoch time: 65.4 s
2025-12-09 10:24:31.784187: 
2025-12-09 10:24:31.789522: Epoch 214
2025-12-09 10:24:31.794193: Current learning rate: 3e-05
2025-12-09 10:25:36.584235: train_loss 0.6441
2025-12-09 10:25:36.589027: val_loss 0.6868
2025-12-09 10:25:36.592080: val classification accuracy 0.6078
2025-12-09 10:25:36.595438: val auc 0.6223
2025-12-09 10:25:36.598582: Epoch time: 64.8 s
2025-12-09 10:25:37.353598: 
2025-12-09 10:25:37.357651: Epoch 215
2025-12-09 10:25:37.360825: Current learning rate: 3e-05
2025-12-09 10:26:44.613648: train_loss 0.637
2025-12-09 10:26:44.619689: val_loss 0.6932
2025-12-09 10:26:44.624144: val classification accuracy 0.6373
2025-12-09 10:26:44.628264: val auc 0.6155
2025-12-09 10:26:44.632796: Epoch time: 67.26 s
2025-12-09 10:26:45.432385: 
2025-12-09 10:26:45.436594: Epoch 216
2025-12-09 10:26:45.440001: Current learning rate: 3e-05
2025-12-09 10:27:52.806836: train_loss 0.6314
2025-12-09 10:27:52.816635: val_loss 0.7906
2025-12-09 10:27:52.821829: val classification accuracy 0.5098
2025-12-09 10:27:52.826564: val auc 0.4762
2025-12-09 10:27:52.830978: Epoch time: 67.38 s
2025-12-09 10:27:53.595202: 
2025-12-09 10:27:53.599951: Epoch 217
2025-12-09 10:27:53.604481: Current learning rate: 3e-05
2025-12-09 10:28:58.525698: train_loss 0.6594
2025-12-09 10:28:58.533769: val_loss 0.7015
2025-12-09 10:28:58.538564: val classification accuracy 0.549
2025-12-09 10:28:58.542899: val auc 0.5408
2025-12-09 10:28:58.546970: Epoch time: 64.93 s
2025-12-09 10:28:59.292963: 
2025-12-09 10:28:59.297243: Epoch 218
2025-12-09 10:28:59.300674: Current learning rate: 3e-05
2025-12-09 10:30:03.991892: train_loss 0.6301
2025-12-09 10:30:04.001067: val_loss 0.6921
2025-12-09 10:30:04.005754: val classification accuracy 0.549
2025-12-09 10:30:04.010509: val auc 0.6205
2025-12-09 10:30:04.015261: Epoch time: 64.7 s
2025-12-09 10:30:04.797809: 
2025-12-09 10:30:04.802228: Epoch 219
2025-12-09 10:30:04.806344: Current learning rate: 3e-05
2025-12-09 10:31:10.827518: train_loss 0.6281
2025-12-09 10:31:10.834224: val_loss 0.6619
2025-12-09 10:31:10.838722: val classification accuracy 0.6667
2025-12-09 10:31:10.842496: val auc 0.6609
2025-12-09 10:31:10.846400: Epoch time: 66.03 s
2025-12-09 10:31:13.221686: Saved periodic checkpoint /hpf/projects/jquon/sumin/nnUNet_data/nnUNet_results/Dataset003_AVM_T1+C/SwinViTTrainer_ep300_NoMirroring__nnUNetResEncUNetLPlans__3d_fullres/fold_1/checkpoint_every20_best_balacc.pth at epoch 219 with val_balanced_accuracy=0.6667
2025-12-09 10:31:13.931094: 
2025-12-09 10:31:13.940923: Epoch 220
2025-12-09 10:31:13.944635: Current learning rate: 3e-05
2025-12-09 10:32:19.719706: train_loss 0.6331
2025-12-09 10:32:19.725261: val_loss 0.8211
2025-12-09 10:32:19.728970: val classification accuracy 0.4314
2025-12-09 10:32:19.732691: val auc 0.4344
2025-12-09 10:32:19.736215: Epoch time: 65.79 s
2025-12-09 10:32:20.430188: 
2025-12-09 10:32:20.434114: Epoch 221
2025-12-09 10:32:20.437501: Current learning rate: 3e-05
2025-12-09 10:33:26.422540: train_loss 0.6375
2025-12-09 10:33:26.428808: val_loss 0.6381
2025-12-09 10:33:26.432867: val classification accuracy 0.6667
2025-12-09 10:33:26.436694: val auc 0.7024
2025-12-09 10:33:26.440549: Epoch time: 65.99 s
2025-12-09 10:33:27.159359: 
2025-12-09 10:33:27.166019: Epoch 222
2025-12-09 10:33:27.169300: Current learning rate: 3e-05
2025-12-09 10:34:33.619149: train_loss 0.6577
2025-12-09 10:34:33.624699: val_loss 0.712
2025-12-09 10:34:33.627932: val classification accuracy 0.598
2025-12-09 10:34:33.631425: val auc 0.5627
2025-12-09 10:34:33.634657: Epoch time: 66.46 s
2025-12-09 10:34:34.367831: 
2025-12-09 10:34:34.371413: Epoch 223
2025-12-09 10:34:34.374581: Current learning rate: 3e-05
2025-12-09 10:35:41.363918: train_loss 0.6241
2025-12-09 10:35:41.371358: val_loss 0.7569
2025-12-09 10:35:41.379379: val classification accuracy 0.4804
2025-12-09 10:35:41.387889: val auc 0.4904
2025-12-09 10:35:41.394301: Epoch time: 67.0 s
2025-12-09 10:35:42.157907: 
2025-12-09 10:35:42.163364: Epoch 224
2025-12-09 10:35:42.167166: Current learning rate: 3e-05
2025-12-09 10:36:48.525709: train_loss 0.6187
2025-12-09 10:36:48.531044: val_loss 0.7968
2025-12-09 10:36:48.535437: val classification accuracy 0.4804
2025-12-09 10:36:48.538801: val auc 0.4498
2025-12-09 10:36:48.542314: Epoch time: 66.37 s
2025-12-09 10:36:50.050915: 
2025-12-09 10:36:50.054395: Epoch 225
2025-12-09 10:36:50.057279: Current learning rate: 3e-05
2025-12-09 10:37:56.663066: train_loss 0.6304
2025-12-09 10:37:56.668440: val_loss 0.7278
2025-12-09 10:37:56.671819: val classification accuracy 0.5686
2025-12-09 10:37:56.675369: val auc 0.5859
2025-12-09 10:37:56.679105: Epoch time: 66.61 s
2025-12-09 10:37:57.380774: 
2025-12-09 10:37:57.384626: Epoch 226
2025-12-09 10:37:57.387844: Current learning rate: 3e-05
2025-12-09 10:39:04.884086: train_loss 0.6364
2025-12-09 10:39:04.889017: val_loss 0.6941
2025-12-09 10:39:04.892520: val classification accuracy 0.5882
2025-12-09 10:39:04.895578: val auc 0.634
2025-12-09 10:39:04.898958: Epoch time: 67.5 s
2025-12-09 10:39:04.901828: Early stopping triggered at epoch 226. Best val_losses=0.5927
2025-12-09 10:39:05.636244: Stopping training early due to early stopping criterion.
2025-12-09 10:39:07.947128: Training done.
2025-12-09 10:39:07.953695: Skipping perform_actual_validation for classification trainer (segmentation-style sliding window is not applicable).
[1;34mwandb[0m: 
[1;34mwandb[0m:  View run [33mSwinViTTrainer_ep300_NoMirroring_fold1[0m at: [34m[0m
[1;34mwandb[0m: Find logs at: [1;35m../../tmp/wandb/wandb/run-20251209_062422-ctma9yv1/logs[0m
