Using device: cuda:0

#######################################################################
Please cite the following paper when using nnU-Net:
Isensee, F., Jaeger, P. F., Kohl, S. A., Petersen, J., & Maier-Hein, K. H. (2021). nnU-Net: a self-configuring method for deep learning-based biomedical image segmentation. Nature methods, 18(2), 203-211.
#######################################################################

2025-12-09 05:13:37.248515: Using torch.compile...
2025-12-09 05:13:42.191913: do_dummy_2d_data_aug: False
2025-12-09 05:13:42.195437: Using splits from existing split file: /hpf/projects/jquon/sumin/nnUNet_data/nnUNet_preprocessed/Dataset003_AVM_T1+C/splits_final.json
2025-12-09 05:13:42.198493: The split file contains 5 splits.
2025-12-09 05:13:42.200205: Desired fold for training: 4
2025-12-09 05:13:42.201867: This split has 415 training and 97 validation cases.
using pin_memory on device 0
using pin_memory on device 0

This is the configuration used by this training:
Configuration name: 3d_fullres
 {'data_identifier': 'nnUNetPlans_3d_fullres', 'preprocessor_name': 'DefaultPreprocessor', 'batch_size': 2, 'patch_size': [160, 224, 192], 'median_image_size_in_voxels': [344.0, 448.0, 429.0], 'spacing': [0.500000923871994, 0.4910714328289032, 0.4910714328289032], 'normalization_schemes': ['ZScoreNormalization'], 'use_mask_for_norm': [False], 'resampling_fn_data': 'resample_data_or_seg_to_shape', 'resampling_fn_seg': 'resample_data_or_seg_to_shape', 'resampling_fn_data_kwargs': {'is_seg': False, 'order': 3, 'order_z': 0, 'force_separate_z': None}, 'resampling_fn_seg_kwargs': {'is_seg': True, 'order': 1, 'order_z': 0, 'force_separate_z': None}, 'resampling_fn_probabilities': 'resample_data_or_seg_to_shape', 'resampling_fn_probabilities_kwargs': {'is_seg': False, 'order': 1, 'order_z': 0, 'force_separate_z': None}, 'architecture': {'network_class_name': 'dynamic_network_architectures.architectures.unet.ResidualEncoderUNet', 'arch_kwargs': {'n_stages': 6, 'features_per_stage': [32, 64, 128, 256, 320, 320], 'conv_op': 'torch.nn.modules.conv.Conv3d', 'kernel_sizes': [[3, 3, 3], [3, 3, 3], [3, 3, 3], [3, 3, 3], [3, 3, 3], [3, 3, 3]], 'strides': [[1, 1, 1], [2, 2, 2], [2, 2, 2], [2, 2, 2], [2, 2, 2], [2, 2, 2]], 'n_blocks_per_stage': [1, 3, 4, 6, 6, 6], 'n_conv_per_stage_decoder': [1, 1, 1, 1, 1], 'conv_bias': True, 'norm_op': 'torch.nn.modules.instancenorm.InstanceNorm3d', 'norm_op_kwargs': {'eps': 1e-05, 'affine': True}, 'dropout_op': None, 'dropout_op_kwargs': None, 'nonlin': 'torch.nn.LeakyReLU', 'nonlin_kwargs': {'inplace': True}}, '_kw_requires_import': ['conv_op', 'norm_op', 'dropout_op', 'nonlin']}, 'batch_dice': True} 

These are the global plan.json settings:
 {'dataset_name': 'Dataset003_AVM_T1+C', 'plans_name': 'nnUNetResEncUNetLPlans', 'original_median_spacing_after_transp': [0.500000923871994, 0.4910714328289032, 0.4910714328289032], 'original_median_shape_after_transp': [330, 448, 424], 'image_reader_writer': 'SimpleITKIO', 'transpose_forward': [0, 1, 2], 'transpose_backward': [0, 1, 2], 'experiment_planner_used': 'nnUNetPlannerResEncL', 'label_manager': 'LabelManager', 'foreground_intensity_properties_per_channel': {'0': {'max': 12113.0, 'mean': 449.843505859375, 'median': 311.0, 'min': 0.0, 'percentile_00_5': 34.0, 'percentile_99_5': 3202.0, 'std': 471.56329345703125}}} 

2025-12-09 05:13:45.132983: Unable to plot network architecture: nnUNet_compile is enabled!
2025-12-09 05:13:45.156465: 
2025-12-09 05:13:45.159692: Epoch 0
2025-12-09 05:13:45.169042: Current learning rate: 0.01
2025-12-09 05:15:01.797705: train_loss 2.0752
2025-12-09 05:15:01.805708: val_loss 32.9186
2025-12-09 05:15:01.809036: val classification accuracy 0.5417
2025-12-09 05:15:01.811708: val auc 0.5417
2025-12-09 05:15:01.814106: Epoch time: 76.64 s
2025-12-09 05:15:01.816311: Yayy! New best EMA pseudo Dice: 0.5417
2025-12-09 05:15:04.339245: Yayy! New best classification accuracy: 0.5417
2025-12-09 05:15:06.908697: 
2025-12-09 05:15:06.912138: Epoch 1
2025-12-09 05:15:06.914574: Current learning rate: 0.00997
2025-12-09 05:16:05.131501: train_loss 1.196
2025-12-09 05:16:05.150622: val_loss 4.1456
2025-12-09 05:16:05.153131: val classification accuracy 0.4792
2025-12-09 05:16:05.178959: val auc 0.5471
2025-12-09 05:16:05.181582: Epoch time: 58.22 s
2025-12-09 05:16:05.220306: Yayy! New best EMA pseudo Dice: 0.5471
2025-12-09 05:16:08.397371: 
2025-12-09 05:16:08.400213: Epoch 2
2025-12-09 05:16:08.402588: Current learning rate: 0.00994
2025-12-09 05:17:02.420374: train_loss 0.8729
2025-12-09 05:17:02.444158: val_loss 1.0776
2025-12-09 05:17:02.457821: val classification accuracy 0.5521
2025-12-09 05:17:02.460801: val auc 0.61
2025-12-09 05:17:02.463790: Epoch time: 54.02 s
2025-12-09 05:17:02.466719: Yayy! New best EMA pseudo Dice: 0.61
2025-12-09 05:17:04.863022: Yayy! New best classification accuracy: 0.5521
2025-12-09 05:17:07.433622: 
2025-12-09 05:17:07.436396: Epoch 3
2025-12-09 05:17:07.438470: Current learning rate: 0.00991
2025-12-09 05:17:58.051249: train_loss 0.7434
2025-12-09 05:17:58.059420: val_loss 12.8326
2025-12-09 05:17:58.095180: val classification accuracy 0.5625
2025-12-09 05:17:58.111657: val auc 0.605
2025-12-09 05:17:58.114162: Epoch time: 50.62 s
2025-12-09 05:17:58.116558: Yayy! New best classification accuracy: 0.5625
2025-12-09 05:18:01.422767: 
2025-12-09 05:18:01.425807: Epoch 4
2025-12-09 05:18:01.427882: Current learning rate: 0.00988
2025-12-09 05:18:53.854827: train_loss 0.6899
2025-12-09 05:18:53.863485: val_loss 4.1505
2025-12-09 05:18:53.865415: val classification accuracy 0.5417
2025-12-09 05:18:53.867419: val auc 0.4783
2025-12-09 05:18:53.869367: Epoch time: 52.43 s
2025-12-09 05:18:54.655805: 
2025-12-09 05:18:54.658129: Epoch 5
2025-12-09 05:18:54.659749: Current learning rate: 0.00985
2025-12-09 05:19:47.430864: train_loss 0.7043
2025-12-09 05:19:47.435004: val_loss 7.1071
2025-12-09 05:19:47.437678: val classification accuracy 0.4271
2025-12-09 05:19:47.440273: val auc 0.3789
2025-12-09 05:19:47.442813: Epoch time: 52.78 s
2025-12-09 05:19:48.191256: 
2025-12-09 05:19:48.193998: Epoch 6
2025-12-09 05:19:48.195864: Current learning rate: 0.00982
2025-12-09 05:20:39.211968: train_loss 0.695
2025-12-09 05:20:39.217403: val_loss 1.2778
2025-12-09 05:20:39.220273: val classification accuracy 0.5
2025-12-09 05:20:39.223051: val auc 0.5408
2025-12-09 05:20:39.225634: Epoch time: 51.02 s
2025-12-09 05:20:40.037347: 
2025-12-09 05:20:40.040450: Epoch 7
2025-12-09 05:20:40.042705: Current learning rate: 0.00979
2025-12-09 05:21:31.080963: train_loss 0.6864
2025-12-09 05:21:31.085335: val_loss 0.8252
2025-12-09 05:21:31.087844: val classification accuracy 0.4896
2025-12-09 05:21:31.090117: val auc 0.5514
2025-12-09 05:21:31.092287: Epoch time: 51.05 s
2025-12-09 05:21:31.832428: 
2025-12-09 05:21:31.835299: Epoch 8
2025-12-09 05:21:31.837194: Current learning rate: 0.00976
2025-12-09 05:22:23.352663: train_loss 0.6909
2025-12-09 05:22:23.356221: val_loss 0.7717
2025-12-09 05:22:23.358504: val classification accuracy 0.5417
2025-12-09 05:22:23.360662: val auc 0.5443
2025-12-09 05:22:23.362687: Epoch time: 51.52 s
2025-12-09 05:22:24.205380: 
2025-12-09 05:22:24.208118: Epoch 9
2025-12-09 05:22:24.209886: Current learning rate: 0.00973
2025-12-09 05:23:19.149912: train_loss 0.6841
2025-12-09 05:23:19.186256: val_loss 0.6865
2025-12-09 05:23:19.189571: val classification accuracy 0.5312
2025-12-09 05:23:19.192499: val auc 0.572
2025-12-09 05:23:19.195211: Epoch time: 54.95 s
2025-12-09 05:23:20.054625: 
2025-12-09 05:23:20.056958: Epoch 10
2025-12-09 05:23:20.058624: Current learning rate: 0.0097
2025-12-09 05:24:13.258296: train_loss 0.6843
2025-12-09 05:24:13.287635: val_loss 0.9346
2025-12-09 05:24:13.306115: val classification accuracy 0.4792
2025-12-09 05:24:13.309821: val auc 0.4996
2025-12-09 05:24:13.312722: Epoch time: 53.2 s
2025-12-09 05:24:14.147681: 
2025-12-09 05:24:14.150682: Epoch 11
2025-12-09 05:24:14.152849: Current learning rate: 0.00967
2025-12-09 05:25:05.457497: train_loss 0.6661
2025-12-09 05:25:05.461587: val_loss 1.006
2025-12-09 05:25:05.464339: val classification accuracy 0.4896
2025-12-09 05:25:05.467118: val auc 0.505
2025-12-09 05:25:05.469609: Epoch time: 51.31 s
2025-12-09 05:25:06.267506: 
2025-12-09 05:25:06.271107: Epoch 12
2025-12-09 05:25:06.273556: Current learning rate: 0.00964
2025-12-09 05:25:53.907063: train_loss 0.693
2025-12-09 05:25:53.922590: val_loss 0.9777
2025-12-09 05:25:53.930552: val classification accuracy 0.4688
2025-12-09 05:25:53.934425: val auc 0.4286
2025-12-09 05:25:53.938598: Epoch time: 47.64 s
2025-12-09 05:25:54.760633: 
2025-12-09 05:25:54.764542: Epoch 13
2025-12-09 05:25:54.767027: Current learning rate: 0.00961
2025-12-09 05:26:46.776227: train_loss 0.6777
2025-12-09 05:26:46.788005: val_loss 1.182
2025-12-09 05:26:46.790762: val classification accuracy 0.5521
2025-12-09 05:26:46.793359: val auc 0.4972
2025-12-09 05:26:46.796308: Epoch time: 52.02 s
2025-12-09 05:26:47.569708: 
2025-12-09 05:26:47.572751: Epoch 14
2025-12-09 05:26:47.575150: Current learning rate: 0.00958
2025-12-09 05:27:40.764677: train_loss 0.6581
2025-12-09 05:27:40.768559: val_loss 0.9055
2025-12-09 05:27:40.771207: val classification accuracy 0.5208
2025-12-09 05:27:40.773726: val auc 0.5232
2025-12-09 05:27:40.776144: Epoch time: 53.2 s
2025-12-09 05:27:41.578989: 
2025-12-09 05:27:41.582536: Epoch 15
2025-12-09 05:27:41.584936: Current learning rate: 0.00955
2025-12-09 05:28:32.910319: train_loss 0.6483
2025-12-09 05:28:32.950790: val_loss 1.3696
2025-12-09 05:28:32.964304: val classification accuracy 0.4688
2025-12-09 05:28:32.968118: val auc 0.4839
2025-12-09 05:28:32.971257: Epoch time: 51.33 s
2025-12-09 05:28:33.808765: 
2025-12-09 05:28:33.812280: Epoch 16
2025-12-09 05:28:33.814739: Current learning rate: 0.00952
2025-12-09 05:29:27.822651: train_loss 0.6925
2025-12-09 05:29:27.828487: val_loss 0.8359
2025-12-09 05:29:27.831582: val classification accuracy 0.4688
2025-12-09 05:29:27.834367: val auc 0.3945
2025-12-09 05:29:27.837244: Epoch time: 54.02 s
2025-12-09 05:29:28.655501: 
2025-12-09 05:29:28.658702: Epoch 17
2025-12-09 05:29:28.661403: Current learning rate: 0.00949
2025-12-09 05:30:19.320321: train_loss 0.6948
2025-12-09 05:30:19.325528: val_loss 0.8393
2025-12-09 05:30:19.328873: val classification accuracy 0.5521
2025-12-09 05:30:19.332443: val auc 0.5343
2025-12-09 05:30:19.335861: Epoch time: 50.67 s
2025-12-09 05:30:20.136059: 
2025-12-09 05:30:20.139651: Epoch 18
2025-12-09 05:30:20.142102: Current learning rate: 0.00946
2025-12-09 05:31:11.991643: train_loss 0.6858
2025-12-09 05:31:11.996388: val_loss 1.8762
2025-12-09 05:31:12.004014: val classification accuracy 0.4479
2025-12-09 05:31:12.009038: val auc 0.4451
2025-12-09 05:31:12.011543: Epoch time: 51.86 s
2025-12-09 05:31:12.827840: 
2025-12-09 05:31:12.831319: Epoch 19
2025-12-09 05:31:12.833864: Current learning rate: 0.00943
2025-12-09 05:32:06.293126: train_loss 0.6761
2025-12-09 05:32:06.298661: val_loss 5.1867
2025-12-09 05:32:06.301851: val classification accuracy 0.4896
2025-12-09 05:32:06.304900: val auc 0.495
2025-12-09 05:32:06.307939: Epoch time: 53.47 s
2025-12-09 05:32:08.569027: Saved periodic checkpoint /hpf/projects/jquon/sumin/nnUNet_data/nnUNet_results/Dataset003_AVM_T1+C/SEResNetTrainer_ep300_NoMirroring__nnUNetResEncUNetLPlans__3d_fullres/fold_4/checkpoint_every20_best_balacc.pth at epoch 19 with val_balanced_accuracy=0.4896
2025-12-09 05:32:09.367992: 
2025-12-09 05:32:09.371178: Epoch 20
2025-12-09 05:32:09.373458: Current learning rate: 0.0094
2025-12-09 05:32:57.082521: train_loss 0.6936
2025-12-09 05:32:57.087334: val_loss 9.3226
2025-12-09 05:32:57.090570: val classification accuracy 0.5417
2025-12-09 05:32:57.093319: val auc 0.5948
2025-12-09 05:32:57.096311: Epoch time: 47.72 s
2025-12-09 05:32:57.925004: 
2025-12-09 05:32:57.928224: Epoch 21
2025-12-09 05:32:57.930536: Current learning rate: 0.00937
2025-12-09 05:33:48.221258: train_loss 0.6906
2025-12-09 05:33:48.234942: val_loss 2.4237
2025-12-09 05:33:48.237668: val classification accuracy 0.4375
2025-12-09 05:33:48.240345: val auc 0.4965
2025-12-09 05:33:48.242926: Epoch time: 50.3 s
2025-12-09 05:33:49.736937: 
2025-12-09 05:33:49.740893: Epoch 22
2025-12-09 05:33:49.743390: Current learning rate: 0.00934
2025-12-09 05:34:39.375236: train_loss 0.6858
2025-12-09 05:34:39.379060: val_loss 3.2967
2025-12-09 05:34:39.386929: val classification accuracy 0.5104
2025-12-09 05:34:39.391109: val auc 0.5267
2025-12-09 05:34:39.396346: Epoch time: 49.64 s
2025-12-09 05:34:40.222907: 
2025-12-09 05:34:40.226270: Epoch 23
2025-12-09 05:34:40.228866: Current learning rate: 0.00931
2025-12-09 05:35:32.608176: train_loss 0.6916
2025-12-09 05:35:32.616571: val_loss 1.9744
2025-12-09 05:35:32.619638: val classification accuracy 0.5208
2025-12-09 05:35:32.622871: val auc 0.5488
2025-12-09 05:35:32.625668: Epoch time: 52.39 s
2025-12-09 05:35:33.455540: 
2025-12-09 05:35:33.458854: Epoch 24
2025-12-09 05:35:33.461020: Current learning rate: 0.00928
2025-12-09 05:36:23.697273: train_loss 0.6933
2025-12-09 05:36:23.723579: val_loss 3.1021
2025-12-09 05:36:23.729809: val classification accuracy 0.5625
2025-12-09 05:36:23.735230: val auc 0.5892
2025-12-09 05:36:23.739430: Epoch time: 50.24 s
2025-12-09 05:36:24.575226: 
2025-12-09 05:36:24.579305: Epoch 25
2025-12-09 05:36:24.582316: Current learning rate: 0.00925
2025-12-09 05:37:16.054359: train_loss 0.6688
2025-12-09 05:37:16.059865: val_loss 11.8934
2025-12-09 05:37:16.063019: val classification accuracy 0.5521
2025-12-09 05:37:16.066115: val auc 0.528
2025-12-09 05:37:16.089535: Epoch time: 51.48 s
2025-12-09 05:37:16.919064: 
2025-12-09 05:37:16.922343: Epoch 26
2025-12-09 05:37:16.924581: Current learning rate: 0.00922
2025-12-09 05:38:07.822696: train_loss 0.6676
2025-12-09 05:38:07.831630: val_loss 2.1245
2025-12-09 05:38:07.838396: val classification accuracy 0.5625
2025-12-09 05:38:07.841867: val auc 0.5825
2025-12-09 05:38:07.844806: Epoch time: 50.9 s
2025-12-09 05:38:08.667430: 
2025-12-09 05:38:08.671461: Epoch 27
2025-12-09 05:38:08.674190: Current learning rate: 0.00919
2025-12-09 05:39:05.044337: train_loss 0.6712
2025-12-09 05:39:05.067194: val_loss 1.8706
2025-12-09 05:39:05.073854: val classification accuracy 0.5312
2025-12-09 05:39:05.076586: val auc 0.503
2025-12-09 05:39:05.084771: Epoch time: 56.38 s
2025-12-09 05:39:05.909299: 
2025-12-09 05:39:05.912999: Epoch 28
2025-12-09 05:39:05.915398: Current learning rate: 0.00916
2025-12-09 05:39:57.908167: train_loss 0.6662
2025-12-09 05:39:57.925054: val_loss 1.1906
2025-12-09 05:39:57.928410: val classification accuracy 0.6771
2025-12-09 05:39:57.930951: val auc 0.6688
2025-12-09 05:39:57.933354: Epoch time: 52.0 s
2025-12-09 05:39:57.935519: Yayy! New best EMA pseudo Dice: 0.6688
2025-12-09 05:40:00.417077: Yayy! New best classification accuracy: 0.6771
2025-12-09 05:40:03.040436: 
2025-12-09 05:40:03.043562: Epoch 29
2025-12-09 05:40:03.045734: Current learning rate: 0.00913
2025-12-09 05:40:53.919742: train_loss 0.6633
2025-12-09 05:40:53.924076: val_loss 1.173
2025-12-09 05:40:53.927262: val classification accuracy 0.5833
2025-12-09 05:40:53.930614: val auc 0.6139
2025-12-09 05:40:53.933535: Epoch time: 50.88 s
2025-12-09 05:40:54.708861: 
2025-12-09 05:40:54.712369: Epoch 30
2025-12-09 05:40:54.714912: Current learning rate: 0.0091
2025-12-09 05:41:46.186743: train_loss 0.6578
2025-12-09 05:41:46.192407: val_loss 0.8883
2025-12-09 05:41:46.199354: val classification accuracy 0.6354
2025-12-09 05:41:46.231035: val auc 0.6632
2025-12-09 05:41:46.236907: Epoch time: 51.48 s
2025-12-09 05:41:47.084743: 
2025-12-09 05:41:47.088130: Epoch 31
2025-12-09 05:41:47.090571: Current learning rate: 0.00907
2025-12-09 05:42:39.769619: train_loss 0.6717
2025-12-09 05:42:39.775003: val_loss 1.4763
2025-12-09 05:42:39.777980: val classification accuracy 0.5521
2025-12-09 05:42:39.780585: val auc 0.5263
2025-12-09 05:42:39.783316: Epoch time: 52.69 s
2025-12-09 05:42:40.709205: 
2025-12-09 05:42:40.712698: Epoch 32
2025-12-09 05:42:40.715121: Current learning rate: 0.00903
2025-12-09 05:43:31.654809: train_loss 0.662
2025-12-09 05:43:31.659476: val_loss 0.884
2025-12-09 05:43:31.662380: val classification accuracy 0.5104
2025-12-09 05:43:31.665675: val auc 0.5727
2025-12-09 05:43:31.668902: Epoch time: 50.95 s
2025-12-09 05:43:32.460831: 
2025-12-09 05:43:32.463881: Epoch 33
2025-12-09 05:43:32.466279: Current learning rate: 0.009
2025-12-09 05:44:22.463287: train_loss 0.6923
2025-12-09 05:44:22.467909: val_loss 1.7229
2025-12-09 05:44:22.471130: val classification accuracy 0.4583
2025-12-09 05:44:22.474185: val auc 0.4514
2025-12-09 05:44:22.477674: Epoch time: 50.0 s
2025-12-09 05:44:23.333350: 
2025-12-09 05:44:23.336944: Epoch 34
2025-12-09 05:44:23.339759: Current learning rate: 0.00897
2025-12-09 05:45:15.992357: train_loss 0.6581
2025-12-09 05:45:16.004148: val_loss 0.8004
2025-12-09 05:45:16.007354: val classification accuracy 0.5104
2025-12-09 05:45:16.010335: val auc 0.5753
2025-12-09 05:45:16.013391: Epoch time: 52.66 s
2025-12-09 05:45:17.644191: 
2025-12-09 05:45:17.648392: Epoch 35
2025-12-09 05:45:17.651200: Current learning rate: 0.00894
2025-12-09 05:46:09.550081: train_loss 0.6831
2025-12-09 05:46:09.558457: val_loss 0.693
2025-12-09 05:46:09.561286: val classification accuracy 0.5104
2025-12-09 05:46:09.563981: val auc 0.5161
2025-12-09 05:46:09.573291: Epoch time: 51.91 s
2025-12-09 05:46:10.351687: 
2025-12-09 05:46:10.355239: Epoch 36
2025-12-09 05:46:10.357455: Current learning rate: 0.00891
2025-12-09 05:47:01.216804: train_loss 0.6867
2025-12-09 05:47:01.220905: val_loss 0.7291
2025-12-09 05:47:01.223593: val classification accuracy 0.5521
2025-12-09 05:47:01.226307: val auc 0.5634
2025-12-09 05:47:01.228812: Epoch time: 50.87 s
2025-12-09 05:47:02.052946: 
2025-12-09 05:47:02.056337: Epoch 37
2025-12-09 05:47:02.058802: Current learning rate: 0.00888
2025-12-09 05:47:56.020118: train_loss 0.6725
2025-12-09 05:47:56.037238: val_loss 0.7982
2025-12-09 05:47:56.040632: val classification accuracy 0.5833
2025-12-09 05:47:56.043522: val auc 0.6189
2025-12-09 05:47:56.046459: Epoch time: 53.97 s
2025-12-09 05:47:56.847463: 
2025-12-09 05:47:56.851203: Epoch 38
2025-12-09 05:47:56.853691: Current learning rate: 0.00885
2025-12-09 05:48:49.431962: train_loss 0.6552
2025-12-09 05:48:49.450882: val_loss 0.867
2025-12-09 05:48:49.453886: val classification accuracy 0.4688
2025-12-09 05:48:49.457117: val auc 0.4926
2025-12-09 05:48:49.459866: Epoch time: 52.59 s
2025-12-09 05:48:50.247869: 
2025-12-09 05:48:50.251103: Epoch 39
2025-12-09 05:48:50.253500: Current learning rate: 0.00882
2025-12-09 05:49:38.942966: train_loss 0.6572
2025-12-09 05:49:38.953075: val_loss 0.6975
2025-12-09 05:49:38.957222: val classification accuracy 0.6146
2025-12-09 05:49:38.973696: val auc 0.6009
2025-12-09 05:49:38.978606: Epoch time: 48.7 s
2025-12-09 05:49:41.335312: Saved periodic checkpoint /hpf/projects/jquon/sumin/nnUNet_data/nnUNet_results/Dataset003_AVM_T1+C/SEResNetTrainer_ep300_NoMirroring__nnUNetResEncUNetLPlans__3d_fullres/fold_4/checkpoint_every20_best_balacc.pth at epoch 39 with val_balanced_accuracy=0.6146
2025-12-09 05:49:42.057028: 
2025-12-09 05:49:42.060297: Epoch 40
2025-12-09 05:49:42.062734: Current learning rate: 0.00879
2025-12-09 05:50:32.494160: train_loss 0.6758
2025-12-09 05:50:32.505137: val_loss 0.6744
2025-12-09 05:50:32.508037: val classification accuracy 0.5312
2025-12-09 05:50:32.511105: val auc 0.6621
2025-12-09 05:50:32.514058: Epoch time: 50.44 s
2025-12-09 05:50:33.389496: 
2025-12-09 05:50:33.392781: Epoch 41
2025-12-09 05:50:33.395403: Current learning rate: 0.00876
2025-12-09 05:51:26.966973: train_loss 0.6638
2025-12-09 05:51:26.975299: val_loss 0.7021
2025-12-09 05:51:26.979078: val classification accuracy 0.6354
2025-12-09 05:51:26.992722: val auc 0.6306
2025-12-09 05:51:27.018963: Epoch time: 53.58 s
2025-12-09 05:51:27.871233: 
2025-12-09 05:51:27.875153: Epoch 42
2025-12-09 05:51:27.877782: Current learning rate: 0.00873
2025-12-09 05:52:20.139313: train_loss 0.6764
2025-12-09 05:52:20.146422: val_loss 0.7075
2025-12-09 05:52:20.149764: val classification accuracy 0.6042
2025-12-09 05:52:20.153280: val auc 0.6055
2025-12-09 05:52:20.156357: Epoch time: 52.27 s
2025-12-09 05:52:21.094130: 
2025-12-09 05:52:21.097795: Epoch 43
2025-12-09 05:52:21.100364: Current learning rate: 0.0087
2025-12-09 05:53:15.079586: train_loss 0.6483
2025-12-09 05:53:15.083785: val_loss 0.7161
2025-12-09 05:53:15.086748: val classification accuracy 0.5417
2025-12-09 05:53:15.089608: val auc 0.602
2025-12-09 05:53:15.114355: Epoch time: 53.99 s
2025-12-09 05:53:15.918138: 
2025-12-09 05:53:15.922502: Epoch 44
2025-12-09 05:53:15.925337: Current learning rate: 0.00867
2025-12-09 05:54:07.484942: train_loss 0.6109
2025-12-09 05:54:07.490411: val_loss 0.7828
2025-12-09 05:54:07.493413: val classification accuracy 0.5625
2025-12-09 05:54:07.496384: val auc 0.5959
2025-12-09 05:54:07.499237: Epoch time: 51.57 s
2025-12-09 05:54:08.325907: 
2025-12-09 05:54:08.329022: Epoch 45
2025-12-09 05:54:08.331375: Current learning rate: 0.00864
2025-12-09 05:54:56.675363: train_loss 0.6595
2025-12-09 05:54:56.679104: val_loss 0.8466
2025-12-09 05:54:56.681930: val classification accuracy 0.5208
2025-12-09 05:54:56.687856: val auc 0.5334
2025-12-09 05:54:56.691366: Epoch time: 48.35 s
2025-12-09 05:54:57.419468: 
2025-12-09 05:54:57.422359: Epoch 46
2025-12-09 05:54:57.424803: Current learning rate: 0.00861
2025-12-09 05:55:45.376366: train_loss 0.6276
2025-12-09 05:55:45.384377: val_loss 0.655
2025-12-09 05:55:45.403241: val classification accuracy 0.625
2025-12-09 05:55:45.420222: val auc 0.6591
2025-12-09 05:55:45.436647: Epoch time: 47.96 s
2025-12-09 05:55:46.202021: 
2025-12-09 05:55:46.205132: Epoch 47
2025-12-09 05:55:46.207517: Current learning rate: 0.00858
2025-12-09 05:56:36.340839: train_loss 0.6384
2025-12-09 05:56:36.345803: val_loss 0.8983
2025-12-09 05:56:36.348940: val classification accuracy 0.5104
2025-12-09 05:56:36.363588: val auc 0.5072
2025-12-09 05:56:36.367234: Epoch time: 50.14 s
2025-12-09 05:56:37.288634: 
2025-12-09 05:56:37.292414: Epoch 48
2025-12-09 05:56:37.294912: Current learning rate: 0.00855
2025-12-09 05:57:29.112311: train_loss 0.5984
2025-12-09 05:57:29.116801: val_loss 1.0067
2025-12-09 05:57:29.120076: val classification accuracy 0.5521
2025-12-09 05:57:29.128580: val auc 0.5679
2025-12-09 05:57:29.131685: Epoch time: 51.82 s
2025-12-09 05:57:29.921800: 
2025-12-09 05:57:29.924932: Epoch 49
2025-12-09 05:57:29.927406: Current learning rate: 0.00852
2025-12-09 05:58:21.004760: train_loss 0.6348
2025-12-09 05:58:21.008921: val_loss 0.8026
2025-12-09 05:58:21.011605: val classification accuracy 0.5521
2025-12-09 05:58:21.014344: val auc 0.6046
2025-12-09 05:58:21.020766: Epoch time: 51.08 s
2025-12-09 05:58:21.800589: 
2025-12-09 05:58:21.803725: Epoch 50
2025-12-09 05:58:21.806133: Current learning rate: 0.00849
2025-12-09 05:59:09.554006: train_loss 0.6558
2025-12-09 05:59:09.558585: val_loss 0.7986
2025-12-09 05:59:09.561603: val classification accuracy 0.4792
2025-12-09 05:59:09.564451: val auc 0.5777
2025-12-09 05:59:09.568000: Epoch time: 47.75 s
2025-12-09 05:59:10.478238: 
2025-12-09 05:59:10.481565: Epoch 51
2025-12-09 05:59:10.484222: Current learning rate: 0.00846
2025-12-09 05:59:56.852433: train_loss 0.6445
2025-12-09 05:59:56.859831: val_loss 0.7821
2025-12-09 05:59:56.862627: val classification accuracy 0.4792
2025-12-09 05:59:56.866226: val auc 0.4681
2025-12-09 05:59:56.869224: Epoch time: 46.38 s
2025-12-09 05:59:57.657316: 
2025-12-09 05:59:57.660785: Epoch 52
2025-12-09 05:59:57.663406: Current learning rate: 0.00843
2025-12-09 06:00:45.801913: train_loss 0.6026
2025-12-09 06:00:45.807799: val_loss 0.6965
2025-12-09 06:00:45.811848: val classification accuracy 0.6146
2025-12-09 06:00:45.814819: val auc 0.7257
2025-12-09 06:00:45.817816: Epoch time: 48.15 s
2025-12-09 06:00:45.826663: Yayy! New best EMA pseudo Dice: 0.7257
2025-12-09 06:00:49.028198: 
2025-12-09 06:00:49.031686: Epoch 53
2025-12-09 06:00:49.033972: Current learning rate: 0.00839
2025-12-09 06:01:38.401443: train_loss 0.6803
2025-12-09 06:01:38.407228: val_loss 0.7797
2025-12-09 06:01:38.410475: val classification accuracy 0.4896
2025-12-09 06:01:38.444739: val auc 0.5206
2025-12-09 06:01:38.448519: Epoch time: 49.37 s
2025-12-09 06:01:39.280142: 
2025-12-09 06:01:39.283507: Epoch 54
2025-12-09 06:01:39.286053: Current learning rate: 0.00836
2025-12-09 06:02:30.321420: train_loss 0.6528
2025-12-09 06:02:30.325595: val_loss 0.8825
2025-12-09 06:02:30.328319: val classification accuracy 0.4792
2025-12-09 06:02:30.331087: val auc 0.4891
2025-12-09 06:02:30.333721: Epoch time: 51.04 s
2025-12-09 06:02:31.074750: 
2025-12-09 06:02:31.077999: Epoch 55
2025-12-09 06:02:31.080445: Current learning rate: 0.00833
2025-12-09 06:03:22.097972: train_loss 0.6439
2025-12-09 06:03:22.102041: val_loss 0.6473
2025-12-09 06:03:22.104994: val classification accuracy 0.5833
2025-12-09 06:03:22.107554: val auc 0.6532
2025-12-09 06:03:22.109902: Epoch time: 51.02 s
2025-12-09 06:03:22.921591: 
2025-12-09 06:03:22.925117: Epoch 56
2025-12-09 06:03:22.927662: Current learning rate: 0.0083
2025-12-09 06:04:11.358787: train_loss 0.634
2025-12-09 06:04:11.363049: val_loss 0.7003
2025-12-09 06:04:11.367444: val classification accuracy 0.5729
2025-12-09 06:04:11.400818: val auc 0.6215
2025-12-09 06:04:11.404559: Epoch time: 48.44 s
2025-12-09 06:04:12.253726: 
2025-12-09 06:04:12.256855: Epoch 57
2025-12-09 06:04:12.259304: Current learning rate: 0.00827
2025-12-09 06:05:02.506920: train_loss 0.6594
2025-12-09 06:05:02.512077: val_loss 0.8094
2025-12-09 06:05:02.515017: val classification accuracy 0.6562
2025-12-09 06:05:02.517531: val auc 0.6439
2025-12-09 06:05:02.520199: Epoch time: 50.25 s
2025-12-09 06:05:03.346173: 
2025-12-09 06:05:03.354750: Epoch 58
2025-12-09 06:05:03.356955: Current learning rate: 0.00824
2025-12-09 06:05:52.704959: train_loss 0.6455
2025-12-09 06:05:52.709315: val_loss 0.7775
2025-12-09 06:05:52.712073: val classification accuracy 0.5833
2025-12-09 06:05:52.721532: val auc 0.6011
2025-12-09 06:05:52.724634: Epoch time: 49.36 s
2025-12-09 06:05:53.461384: 
2025-12-09 06:05:53.464794: Epoch 59
2025-12-09 06:05:53.466944: Current learning rate: 0.00821
2025-12-09 06:06:43.278701: train_loss 0.6129
2025-12-09 06:06:43.301177: val_loss 0.8551
2025-12-09 06:06:43.305219: val classification accuracy 0.6042
2025-12-09 06:06:43.308793: val auc 0.5916
2025-12-09 06:06:43.312250: Epoch time: 49.82 s
2025-12-09 06:06:44.076859: 
2025-12-09 06:06:44.080488: Epoch 60
2025-12-09 06:06:44.083302: Current learning rate: 0.00818
2025-12-09 06:07:35.276657: train_loss 0.6254
2025-12-09 06:07:35.281077: val_loss 0.7889
2025-12-09 06:07:35.283920: val classification accuracy 0.5
2025-12-09 06:07:35.286831: val auc 0.543
2025-12-09 06:07:35.290431: Epoch time: 51.2 s
2025-12-09 06:07:36.113616: 
2025-12-09 06:07:36.118804: Epoch 61
2025-12-09 06:07:36.121576: Current learning rate: 0.00815
2025-12-09 06:08:27.778847: train_loss 0.6288
2025-12-09 06:08:27.784009: val_loss 0.9027
2025-12-09 06:08:27.786902: val classification accuracy 0.5208
2025-12-09 06:08:27.789280: val auc 0.5516
2025-12-09 06:08:27.791706: Epoch time: 51.67 s
2025-12-09 06:08:29.169621: 
2025-12-09 06:08:29.172956: Epoch 62
2025-12-09 06:08:29.175446: Current learning rate: 0.00812
2025-12-09 06:09:19.644061: train_loss 0.6444
2025-12-09 06:09:19.650028: val_loss 0.8097
2025-12-09 06:09:19.653009: val classification accuracy 0.5417
2025-12-09 06:09:19.655761: val auc 0.503
2025-12-09 06:09:19.658417: Epoch time: 50.48 s
2025-12-09 06:09:20.439764: 
2025-12-09 06:09:20.442985: Epoch 63
2025-12-09 06:09:20.445430: Current learning rate: 0.00809
2025-12-09 06:10:10.279862: train_loss 0.6692
2025-12-09 06:10:10.284129: val_loss 0.6653
2025-12-09 06:10:10.287019: val classification accuracy 0.6354
2025-12-09 06:10:10.293049: val auc 0.6417
2025-12-09 06:10:10.298459: Epoch time: 49.84 s
2025-12-09 06:10:11.072620: 
2025-12-09 06:10:11.076469: Epoch 64
2025-12-09 06:10:11.079093: Current learning rate: 0.00806
2025-12-09 06:11:03.698706: train_loss 0.6333
2025-12-09 06:11:03.702724: val_loss 0.7168
2025-12-09 06:11:03.705531: val classification accuracy 0.5625
2025-12-09 06:11:03.708372: val auc 0.6107
2025-12-09 06:11:03.710906: Epoch time: 52.63 s
2025-12-09 06:11:04.481814: 
2025-12-09 06:11:04.485172: Epoch 65
2025-12-09 06:11:04.488050: Current learning rate: 0.00803
2025-12-09 06:11:53.067249: train_loss 0.6181
2025-12-09 06:11:53.072240: val_loss 0.7669
2025-12-09 06:11:53.074967: val classification accuracy 0.6458
2025-12-09 06:11:53.081867: val auc 0.6493
2025-12-09 06:11:53.084918: Epoch time: 48.59 s
2025-12-09 06:11:53.891699: 
2025-12-09 06:11:53.897105: Epoch 66
2025-12-09 06:11:53.900714: Current learning rate: 0.008
2025-12-09 06:12:41.469473: train_loss 0.6066
2025-12-09 06:12:41.475840: val_loss 0.8956
2025-12-09 06:12:41.479821: val classification accuracy 0.5625
2025-12-09 06:12:41.483784: val auc 0.5914
2025-12-09 06:12:41.488479: Epoch time: 47.58 s
2025-12-09 06:12:42.254498: 
2025-12-09 06:12:42.257609: Epoch 67
2025-12-09 06:12:42.259968: Current learning rate: 0.00797
2025-12-09 06:13:33.230736: train_loss 0.6107
2025-12-09 06:13:33.235730: val_loss 0.753
2025-12-09 06:13:33.238805: val classification accuracy 0.4479
2025-12-09 06:13:33.242018: val auc 0.4989
2025-12-09 06:13:33.245106: Epoch time: 50.98 s
2025-12-09 06:13:34.065930: 
2025-12-09 06:13:34.069318: Epoch 68
2025-12-09 06:13:34.071956: Current learning rate: 0.00793
2025-12-09 06:14:25.713428: train_loss 0.6403
2025-12-09 06:14:25.726737: val_loss 0.7234
2025-12-09 06:14:25.730540: val classification accuracy 0.5625
2025-12-09 06:14:25.751514: val auc 0.6092
2025-12-09 06:14:25.792043: Epoch time: 51.65 s
2025-12-09 06:14:26.649891: 
2025-12-09 06:14:26.653204: Epoch 69
2025-12-09 06:14:26.655691: Current learning rate: 0.0079
2025-12-09 06:15:15.398982: train_loss 0.5808
2025-12-09 06:15:15.423323: val_loss 1.0077
2025-12-09 06:15:15.444789: val classification accuracy 0.6042
2025-12-09 06:15:15.447597: val auc 0.6847
2025-12-09 06:15:15.461373: Epoch time: 48.75 s
2025-12-09 06:15:16.426582: 
2025-12-09 06:15:16.430066: Epoch 70
2025-12-09 06:15:16.432551: Current learning rate: 0.00787
2025-12-09 06:16:07.942498: train_loss 0.6404
2025-12-09 06:16:07.947154: val_loss 0.7804
2025-12-09 06:16:07.950472: val classification accuracy 0.5521
2025-12-09 06:16:07.953552: val auc 0.5664
2025-12-09 06:16:07.956754: Epoch time: 51.52 s
2025-12-09 06:16:08.781687: 
2025-12-09 06:16:08.786070: Epoch 71
2025-12-09 06:16:08.789247: Current learning rate: 0.00784
2025-12-09 06:17:01.220832: train_loss 0.6061
2025-12-09 06:17:01.228194: val_loss 0.8946
2025-12-09 06:17:01.231073: val classification accuracy 0.5312
2025-12-09 06:17:01.285932: val auc 0.5215
2025-12-09 06:17:01.289345: Epoch time: 52.44 s
2025-12-09 06:17:02.060381: 
2025-12-09 06:17:02.063819: Epoch 72
2025-12-09 06:17:02.068403: Current learning rate: 0.00781
2025-12-09 06:17:52.607421: train_loss 0.6089
2025-12-09 06:17:52.615955: val_loss 0.8849
2025-12-09 06:17:52.623955: val classification accuracy 0.5521
2025-12-09 06:17:52.627028: val auc 0.5942
2025-12-09 06:17:52.629943: Epoch time: 50.55 s
2025-12-09 06:17:53.400095: 
2025-12-09 06:17:53.403774: Epoch 73
2025-12-09 06:17:53.406340: Current learning rate: 0.00778
2025-12-09 06:18:44.744817: train_loss 0.5853
2025-12-09 06:18:44.750334: val_loss 0.9874
2025-12-09 06:18:44.753965: val classification accuracy 0.5833
2025-12-09 06:18:44.798832: val auc 0.5636
2025-12-09 06:18:44.802310: Epoch time: 51.35 s
2025-12-09 06:18:45.583227: 
2025-12-09 06:18:45.586389: Epoch 74
2025-12-09 06:18:45.588975: Current learning rate: 0.00775
2025-12-09 06:19:37.125582: train_loss 0.6366
2025-12-09 06:19:37.129801: val_loss 0.6821
2025-12-09 06:19:37.132429: val classification accuracy 0.5208
2025-12-09 06:19:37.135176: val auc 0.6035
2025-12-09 06:19:37.137777: Epoch time: 51.54 s
2025-12-09 06:19:38.660121: 
2025-12-09 06:19:38.663656: Epoch 75
2025-12-09 06:19:38.666131: Current learning rate: 0.00772
2025-12-09 06:20:27.203171: train_loss 0.6159
2025-12-09 06:20:27.207792: val_loss 0.942
2025-12-09 06:20:27.211118: val classification accuracy 0.4792
2025-12-09 06:20:27.214429: val auc 0.5009
2025-12-09 06:20:27.217356: Epoch time: 48.54 s
2025-12-09 06:20:27.959205: 
2025-12-09 06:20:27.963758: Epoch 76
2025-12-09 06:20:27.966955: Current learning rate: 0.00769
2025-12-09 06:21:16.676758: train_loss 0.6231
2025-12-09 06:21:16.698731: val_loss 0.844
2025-12-09 06:21:16.703696: val classification accuracy 0.4792
2025-12-09 06:21:16.707971: val auc 0.5093
2025-12-09 06:21:16.712286: Epoch time: 48.72 s
2025-12-09 06:21:17.503257: 
2025-12-09 06:21:17.507314: Epoch 77
2025-12-09 06:21:17.510136: Current learning rate: 0.00766
2025-12-09 06:22:09.965708: train_loss 0.6311
2025-12-09 06:22:09.971657: val_loss 0.6707
2025-12-09 06:22:09.975399: val classification accuracy 0.6042
2025-12-09 06:22:09.978086: val auc 0.6756
2025-12-09 06:22:09.980830: Epoch time: 52.46 s
2025-12-09 06:22:10.740352: 
2025-12-09 06:22:10.743826: Epoch 78
2025-12-09 06:22:10.746259: Current learning rate: 0.00763
2025-12-09 06:23:03.454469: train_loss 0.6138
2025-12-09 06:23:03.459453: val_loss 0.8202
2025-12-09 06:23:03.463355: val classification accuracy 0.4792
2025-12-09 06:23:03.467268: val auc 0.5221
2025-12-09 06:23:03.471176: Epoch time: 52.72 s
2025-12-09 06:23:04.287511: 
2025-12-09 06:23:04.292104: Epoch 79
2025-12-09 06:23:04.294802: Current learning rate: 0.0076
2025-12-09 06:23:54.480850: train_loss 0.5651
2025-12-09 06:23:54.484941: val_loss 0.9338
2025-12-09 06:23:54.487671: val classification accuracy 0.5417
2025-12-09 06:23:54.490189: val auc 0.576
2025-12-09 06:23:54.492807: Epoch time: 50.19 s
2025-12-09 06:23:55.253037: 
2025-12-09 06:23:55.257110: Epoch 80
2025-12-09 06:23:55.259712: Current learning rate: 0.00756
2025-12-09 06:24:39.388561: train_loss 0.6411
2025-12-09 06:24:39.392581: val_loss 0.7563
2025-12-09 06:24:39.402776: val classification accuracy 0.5
2025-12-09 06:24:39.424088: val auc 0.5195
2025-12-09 06:24:39.427092: Epoch time: 44.14 s
2025-12-09 06:24:40.151561: 
2025-12-09 06:24:40.154920: Epoch 81
2025-12-09 06:24:40.157417: Current learning rate: 0.00753
2025-12-09 06:25:27.555867: train_loss 0.5614
2025-12-09 06:25:27.586504: val_loss 0.976
2025-12-09 06:25:27.610417: val classification accuracy 0.5104
2025-12-09 06:25:27.613697: val auc 0.5907
2025-12-09 06:25:27.616549: Epoch time: 47.41 s
2025-12-09 06:25:28.490947: 
2025-12-09 06:25:28.494716: Epoch 82
2025-12-09 06:25:28.497354: Current learning rate: 0.0075
2025-12-09 06:26:19.992445: train_loss 0.5915
2025-12-09 06:26:19.997495: val_loss 0.8391
2025-12-09 06:26:20.000766: val classification accuracy 0.5104
2025-12-09 06:26:20.003944: val auc 0.5994
2025-12-09 06:26:20.006992: Epoch time: 51.5 s
2025-12-09 06:26:20.791588: 
2025-12-09 06:26:20.794983: Epoch 83
2025-12-09 06:26:20.797554: Current learning rate: 0.00747
2025-12-09 06:27:06.647999: train_loss 0.5655
2025-12-09 06:27:06.652063: val_loss 0.9208
2025-12-09 06:27:06.655014: val classification accuracy 0.5938
2025-12-09 06:27:06.658198: val auc 0.6081
2025-12-09 06:27:06.661136: Epoch time: 45.86 s
2025-12-09 06:27:07.453863: 
2025-12-09 06:27:07.457253: Epoch 84
2025-12-09 06:27:07.459688: Current learning rate: 0.00744
2025-12-09 06:27:54.981022: train_loss 0.5904
2025-12-09 06:27:54.985277: val_loss 1.0715
2025-12-09 06:27:54.988253: val classification accuracy 0.4896
2025-12-09 06:27:54.991056: val auc 0.5237
2025-12-09 06:27:54.994072: Epoch time: 47.53 s
2025-12-09 06:27:55.861019: 
2025-12-09 06:27:55.864497: Epoch 85
2025-12-09 06:27:55.867013: Current learning rate: 0.00741
2025-12-09 06:28:44.498265: train_loss 0.6086
2025-12-09 06:28:44.503587: val_loss 0.9075
2025-12-09 06:28:44.517914: val classification accuracy 0.5729
2025-12-09 06:28:44.520997: val auc 0.5642
2025-12-09 06:28:44.550287: Epoch time: 48.64 s
2025-12-09 06:28:45.324330: 
2025-12-09 06:28:45.327669: Epoch 86
2025-12-09 06:28:45.330310: Current learning rate: 0.00738
2025-12-09 06:29:33.890493: train_loss 0.6447
2025-12-09 06:29:33.926448: val_loss 0.7367
2025-12-09 06:29:33.941944: val classification accuracy 0.5521
2025-12-09 06:29:33.945278: val auc 0.5499
2025-12-09 06:29:33.949342: Epoch time: 48.57 s
2025-12-09 06:29:34.760194: 
2025-12-09 06:29:34.763491: Epoch 87
2025-12-09 06:29:34.765993: Current learning rate: 0.00735
2025-12-09 06:30:22.003951: train_loss 0.5907
2025-12-09 06:30:22.009098: val_loss 1.0966
2025-12-09 06:30:22.012252: val classification accuracy 0.5104
2025-12-09 06:30:22.015289: val auc 0.5152
2025-12-09 06:30:22.018788: Epoch time: 47.25 s
2025-12-09 06:30:22.823160: 
2025-12-09 06:30:22.826468: Epoch 88
2025-12-09 06:30:22.828955: Current learning rate: 0.00732
2025-12-09 06:31:09.550104: train_loss 0.5319
2025-12-09 06:31:09.554456: val_loss 1.152
2025-12-09 06:31:09.564090: val classification accuracy 0.5625
2025-12-09 06:31:09.567354: val auc 0.5851
2025-12-09 06:31:09.570568: Epoch time: 46.73 s
2025-12-09 06:31:11.121384: 
2025-12-09 06:31:11.125521: Epoch 89
2025-12-09 06:31:11.128321: Current learning rate: 0.00729
2025-12-09 06:31:54.595048: train_loss 0.6353
2025-12-09 06:31:54.610177: val_loss 0.7372
2025-12-09 06:31:54.613316: val classification accuracy 0.625
2025-12-09 06:31:54.628269: val auc 0.6476
2025-12-09 06:31:54.636046: Epoch time: 43.48 s
2025-12-09 06:31:55.397663: 
2025-12-09 06:31:55.400818: Epoch 90
2025-12-09 06:31:55.403291: Current learning rate: 0.00725
2025-12-09 06:32:40.012040: train_loss 0.6048
2025-12-09 06:32:40.063380: val_loss 0.7302
2025-12-09 06:32:40.083790: val classification accuracy 0.6146
2025-12-09 06:32:40.089129: val auc 0.6519
2025-12-09 06:32:40.092125: Epoch time: 44.62 s
2025-12-09 06:32:40.889998: 
2025-12-09 06:32:40.894228: Epoch 91
2025-12-09 06:32:40.897350: Current learning rate: 0.00722
2025-12-09 06:33:30.700328: train_loss 0.6108
2025-12-09 06:33:30.710008: val_loss 0.7471
2025-12-09 06:33:30.713577: val classification accuracy 0.5521
2025-12-09 06:33:30.716500: val auc 0.6248
2025-12-09 06:33:30.719506: Epoch time: 49.81 s
2025-12-09 06:33:31.492945: 
2025-12-09 06:33:31.496239: Epoch 92
2025-12-09 06:33:31.498724: Current learning rate: 0.00719
2025-12-09 06:34:18.969326: train_loss 0.5687
2025-12-09 06:34:18.980858: val_loss 0.8606
2025-12-09 06:34:18.983834: val classification accuracy 0.5
2025-12-09 06:34:18.987379: val auc 0.5035
2025-12-09 06:34:18.990185: Epoch time: 47.48 s
2025-12-09 06:34:19.871332: 
2025-12-09 06:34:19.874464: Epoch 93
2025-12-09 06:34:19.876803: Current learning rate: 0.00716
2025-12-09 06:35:05.437004: train_loss 0.5159
2025-12-09 06:35:05.442545: val_loss 0.9794
2025-12-09 06:35:05.446081: val classification accuracy 0.5208
2025-12-09 06:35:05.449380: val auc 0.5855
2025-12-09 06:35:05.452267: Epoch time: 45.57 s
2025-12-09 06:35:06.291382: 
2025-12-09 06:35:06.294575: Epoch 94
2025-12-09 06:35:06.296760: Current learning rate: 0.00713
2025-12-09 06:35:55.927253: train_loss 0.5666
2025-12-09 06:35:55.932359: val_loss 0.8908
2025-12-09 06:35:55.935639: val classification accuracy 0.4479
2025-12-09 06:35:55.938626: val auc 0.5007
2025-12-09 06:35:55.954800: Epoch time: 49.64 s
2025-12-09 06:35:56.713725: 
2025-12-09 06:35:56.717222: Epoch 95
2025-12-09 06:35:56.719772: Current learning rate: 0.0071
2025-12-09 06:36:44.283021: train_loss 0.5632
2025-12-09 06:36:44.286971: val_loss 0.8373
2025-12-09 06:36:44.289703: val classification accuracy 0.5208
2025-12-09 06:36:44.293450: val auc 0.5707
2025-12-09 06:36:44.296395: Epoch time: 47.57 s
2025-12-09 06:36:45.038225: 
2025-12-09 06:36:45.041704: Epoch 96
2025-12-09 06:36:45.044386: Current learning rate: 0.00707
2025-12-09 06:37:33.710371: train_loss 0.5835
2025-12-09 06:37:33.714915: val_loss 0.7262
2025-12-09 06:37:33.718172: val classification accuracy 0.5833
2025-12-09 06:37:33.721123: val auc 0.6146
2025-12-09 06:37:33.724564: Epoch time: 48.67 s
2025-12-09 06:37:34.570936: 
2025-12-09 06:37:34.574064: Epoch 97
2025-12-09 06:37:34.576309: Current learning rate: 0.00704
2025-12-09 06:38:22.245225: train_loss 0.5688
2025-12-09 06:38:22.249359: val_loss 1.0309
2025-12-09 06:38:22.252113: val classification accuracy 0.5521
2025-12-09 06:38:22.254925: val auc 0.5007
2025-12-09 06:38:22.257786: Epoch time: 47.68 s
2025-12-09 06:38:23.011902: 
2025-12-09 06:38:23.015225: Epoch 98
2025-12-09 06:38:23.017901: Current learning rate: 0.007
2025-12-09 06:39:14.448249: train_loss 0.55
2025-12-09 06:39:14.452538: val_loss 0.8261
2025-12-09 06:39:14.455163: val classification accuracy 0.6146
2025-12-09 06:39:14.457904: val auc 0.6493
2025-12-09 06:39:14.463713: Epoch time: 51.44 s
2025-12-09 06:39:15.265179: 
2025-12-09 06:39:15.268654: Epoch 99
2025-12-09 06:39:15.271386: Current learning rate: 0.00697
2025-12-09 06:40:03.886666: train_loss 0.5939
2025-12-09 06:40:03.898112: val_loss 0.8945
2025-12-09 06:40:03.902021: val classification accuracy 0.4896
2025-12-09 06:40:03.905626: val auc 0.4972
2025-12-09 06:40:03.909417: Epoch time: 48.62 s
2025-12-09 06:40:04.745788: 
2025-12-09 06:40:04.749055: Epoch 100
2025-12-09 06:40:04.751818: Current learning rate: 0.00694
2025-12-09 06:40:54.671582: train_loss 0.569
2025-12-09 06:40:54.678437: val_loss 1.1295
2025-12-09 06:40:54.682119: val classification accuracy 0.4896
2025-12-09 06:40:54.684610: val auc 0.5369
2025-12-09 06:40:54.687617: Epoch time: 49.93 s
2025-12-09 06:40:55.471286: 
2025-12-09 06:40:55.474541: Epoch 101
2025-12-09 06:40:55.477378: Current learning rate: 0.00691
2025-12-09 06:41:44.439799: train_loss 0.6331
2025-12-09 06:41:44.445015: val_loss 0.6265
2025-12-09 06:41:44.448003: val classification accuracy 0.6562
2025-12-09 06:41:44.450719: val auc 0.6988
2025-12-09 06:41:44.453507: Epoch time: 48.97 s
2025-12-09 06:41:45.266654: 
2025-12-09 06:41:45.269978: Epoch 102
2025-12-09 06:41:45.272692: Current learning rate: 0.00688
2025-12-09 06:42:33.916358: train_loss 0.5593
2025-12-09 06:42:33.934466: val_loss 0.8508
2025-12-09 06:42:33.937854: val classification accuracy 0.5833
2025-12-09 06:42:33.940900: val auc 0.6005
2025-12-09 06:42:33.944221: Epoch time: 48.65 s
2025-12-09 06:42:34.742342: 
2025-12-09 06:42:34.746001: Epoch 103
2025-12-09 06:42:34.748522: Current learning rate: 0.00685
2025-12-09 06:43:22.858790: train_loss 0.5347
2025-12-09 06:43:22.871119: val_loss 0.8558
2025-12-09 06:43:22.875554: val classification accuracy 0.6042
2025-12-09 06:43:22.882358: val auc 0.6033
2025-12-09 06:43:22.885444: Epoch time: 48.12 s
2025-12-09 06:43:23.679013: 
2025-12-09 06:43:23.683948: Epoch 104
2025-12-09 06:43:23.687511: Current learning rate: 0.00682
2025-12-09 06:44:12.773136: train_loss 0.5992
2025-12-09 06:44:12.778328: val_loss 0.7969
2025-12-09 06:44:12.780833: val classification accuracy 0.5833
2025-12-09 06:44:12.783566: val auc 0.6026
2025-12-09 06:44:12.786505: Epoch time: 49.1 s
2025-12-09 06:44:13.571088: 
2025-12-09 06:44:13.574217: Epoch 105
2025-12-09 06:44:13.576589: Current learning rate: 0.00679
2025-12-09 06:44:57.351650: train_loss 0.5183
2025-12-09 06:44:57.355643: val_loss 1.0111
2025-12-09 06:44:57.358656: val classification accuracy 0.5833
2025-12-09 06:44:57.363031: val auc 0.6042
2025-12-09 06:44:57.366276: Epoch time: 43.78 s
2025-12-09 06:44:58.165250: 
2025-12-09 06:44:58.168533: Epoch 106
2025-12-09 06:44:58.171154: Current learning rate: 0.00675
2025-12-09 06:45:47.734777: train_loss 0.5327
2025-12-09 06:45:47.739403: val_loss 0.6939
2025-12-09 06:45:47.742364: val classification accuracy 0.6354
2025-12-09 06:45:47.745309: val auc 0.6745
2025-12-09 06:45:47.748385: Epoch time: 49.57 s
2025-12-09 06:45:48.533118: 
2025-12-09 06:45:48.536983: Epoch 107
2025-12-09 06:45:48.539590: Current learning rate: 0.00672
2025-12-09 06:46:39.108780: train_loss 0.5324
2025-12-09 06:46:39.119036: val_loss 0.7884
2025-12-09 06:46:39.121986: val classification accuracy 0.5625
2025-12-09 06:46:39.124971: val auc 0.6424
2025-12-09 06:46:39.127728: Epoch time: 50.58 s
2025-12-09 06:46:39.874713: 
2025-12-09 06:46:39.878006: Epoch 108
2025-12-09 06:46:39.880322: Current learning rate: 0.00669
2025-12-09 06:47:26.817081: train_loss 0.5398
2025-12-09 06:47:26.823255: val_loss 0.8483
2025-12-09 06:47:26.826055: val classification accuracy 0.4792
2025-12-09 06:47:26.828746: val auc 0.5217
2025-12-09 06:47:26.831319: Epoch time: 46.94 s
2025-12-09 06:47:27.610800: 
2025-12-09 06:47:27.613882: Epoch 109
2025-12-09 06:47:27.616462: Current learning rate: 0.00666
2025-12-09 06:48:19.805179: train_loss 0.554
2025-12-09 06:48:19.809558: val_loss 0.8248
2025-12-09 06:48:19.812567: val classification accuracy 0.4688
2025-12-09 06:48:19.815626: val auc 0.5267
2025-12-09 06:48:19.821934: Epoch time: 52.2 s
2025-12-09 06:48:20.555968: 
2025-12-09 06:48:20.559217: Epoch 110
2025-12-09 06:48:20.564363: Current learning rate: 0.00663
2025-12-09 06:49:08.541610: train_loss 0.5685
2025-12-09 06:49:08.545791: val_loss 0.726
2025-12-09 06:49:08.548713: val classification accuracy 0.5729
2025-12-09 06:49:08.551581: val auc 0.6128
2025-12-09 06:49:08.554190: Epoch time: 47.99 s
2025-12-09 06:49:09.292345: 
2025-12-09 06:49:09.295618: Epoch 111
2025-12-09 06:49:09.298119: Current learning rate: 0.0066
2025-12-09 06:49:58.048451: train_loss 0.5985
2025-12-09 06:49:58.052704: val_loss 0.8282
2025-12-09 06:49:58.055542: val classification accuracy 0.5
2025-12-09 06:49:58.058711: val auc 0.5658
2025-12-09 06:49:58.062584: Epoch time: 48.76 s
2025-12-09 06:49:58.832469: 
2025-12-09 06:49:58.836008: Epoch 112
2025-12-09 06:49:58.838627: Current learning rate: 0.00657
2025-12-09 06:50:47.249236: train_loss 0.5065
2025-12-09 06:50:47.253839: val_loss 0.8957
2025-12-09 06:50:47.256713: val classification accuracy 0.6146
2025-12-09 06:50:47.259496: val auc 0.6124
2025-12-09 06:50:47.262083: Epoch time: 48.42 s
2025-12-09 06:50:47.985705: 
2025-12-09 06:50:47.988754: Epoch 113
2025-12-09 06:50:47.991162: Current learning rate: 0.00654
2025-12-09 06:51:34.463181: train_loss 0.4747
2025-12-09 06:51:34.467648: val_loss 0.9724
2025-12-09 06:51:34.471173: val classification accuracy 0.5833
2025-12-09 06:51:34.474412: val auc 0.6667
2025-12-09 06:51:34.477371: Epoch time: 46.48 s
2025-12-09 06:51:35.260482: 
2025-12-09 06:51:35.263882: Epoch 114
2025-12-09 06:51:35.266277: Current learning rate: 0.0065
2025-12-09 06:52:23.027446: train_loss 0.5989
2025-12-09 06:52:23.031683: val_loss 0.8693
2025-12-09 06:52:23.034469: val classification accuracy 0.5833
2025-12-09 06:52:23.037123: val auc 0.6285
2025-12-09 06:52:23.040662: Epoch time: 47.77 s
2025-12-09 06:52:23.779609: 
2025-12-09 06:52:23.782794: Epoch 115
2025-12-09 06:52:23.785362: Current learning rate: 0.00647
2025-12-09 06:53:12.436441: train_loss 0.5402
2025-12-09 06:53:12.442961: val_loss 0.9111
2025-12-09 06:53:12.446398: val classification accuracy 0.5729
2025-12-09 06:53:12.449473: val auc 0.6063
2025-12-09 06:53:12.452510: Epoch time: 48.66 s
2025-12-09 06:53:14.017004: 
2025-12-09 06:53:14.020085: Epoch 116
2025-12-09 06:53:14.022406: Current learning rate: 0.00644
2025-12-09 06:54:09.448694: train_loss 0.5059
2025-12-09 06:54:09.460774: val_loss 0.9137
2025-12-09 06:54:09.468212: val classification accuracy 0.5625
2025-12-09 06:54:09.479281: val auc 0.5662
2025-12-09 06:54:09.491148: Epoch time: 55.43 s
2025-12-09 06:54:10.341792: 
2025-12-09 06:54:10.368676: Epoch 117
2025-12-09 06:54:10.410933: Current learning rate: 0.00641
2025-12-09 06:54:58.617121: train_loss 0.5223
2025-12-09 06:54:58.621296: val_loss 0.8537
2025-12-09 06:54:58.624470: val classification accuracy 0.6354
2025-12-09 06:54:58.646104: val auc 0.6842
2025-12-09 06:54:58.649351: Epoch time: 48.28 s
2025-12-09 06:54:59.433432: 
2025-12-09 06:54:59.436736: Epoch 118
2025-12-09 06:54:59.439440: Current learning rate: 0.00638
2025-12-09 06:55:48.211994: train_loss 0.5125
2025-12-09 06:55:48.226760: val_loss 1.2036
2025-12-09 06:55:48.230284: val classification accuracy 0.5625
2025-12-09 06:55:48.233408: val auc 0.5729
2025-12-09 06:55:48.236317: Epoch time: 48.78 s
2025-12-09 06:55:49.001729: 
2025-12-09 06:55:49.005315: Epoch 119
2025-12-09 06:55:49.007812: Current learning rate: 0.00635
2025-12-09 06:56:39.853186: train_loss 0.5639
2025-12-09 06:56:39.857939: val_loss 0.8436
2025-12-09 06:56:39.861080: val classification accuracy 0.4792
2025-12-09 06:56:39.863941: val auc 0.5471
2025-12-09 06:56:39.866940: Epoch time: 50.85 s
2025-12-09 06:56:40.603994: 
2025-12-09 06:56:40.607262: Epoch 120
2025-12-09 06:56:40.609666: Current learning rate: 0.00631
2025-12-09 06:57:30.207582: train_loss 0.5468
2025-12-09 06:57:30.211940: val_loss 0.9052
2025-12-09 06:57:30.215244: val classification accuracy 0.5521
2025-12-09 06:57:30.218053: val auc 0.5608
2025-12-09 06:57:30.221066: Epoch time: 49.6 s
2025-12-09 06:57:30.978746: 
2025-12-09 06:57:30.982178: Epoch 121
2025-12-09 06:57:30.984858: Current learning rate: 0.00628
2025-12-09 06:58:21.997647: train_loss 0.591
2025-12-09 06:58:22.072337: val_loss 0.7547
2025-12-09 06:58:22.076137: val classification accuracy 0.5938
2025-12-09 06:58:22.081416: val auc 0.6191
2025-12-09 06:58:22.089268: Epoch time: 51.02 s
2025-12-09 06:58:22.815114: 
2025-12-09 06:58:22.818668: Epoch 122
2025-12-09 06:58:22.821272: Current learning rate: 0.00625
2025-12-09 06:59:11.213527: train_loss 0.5442
2025-12-09 06:59:11.218056: val_loss 0.8556
2025-12-09 06:59:11.221037: val classification accuracy 0.5625
2025-12-09 06:59:11.223900: val auc 0.6144
2025-12-09 06:59:11.226506: Epoch time: 48.4 s
2025-12-09 06:59:12.105610: 
2025-12-09 06:59:12.109031: Epoch 123
2025-12-09 06:59:12.111722: Current learning rate: 0.00622
2025-12-09 06:59:57.892494: train_loss 0.5034
2025-12-09 06:59:57.896849: val_loss 1.0029
2025-12-09 06:59:57.899703: val classification accuracy 0.4896
2025-12-09 06:59:57.902311: val auc 0.5367
2025-12-09 06:59:57.905118: Epoch time: 45.79 s
2025-12-09 06:59:58.663990: 
2025-12-09 06:59:58.667773: Epoch 124
2025-12-09 06:59:58.670562: Current learning rate: 0.00619
2025-12-09 07:00:47.114809: train_loss 0.5176
2025-12-09 07:00:47.119044: val_loss 0.998
2025-12-09 07:00:47.122118: val classification accuracy 0.5208
2025-12-09 07:00:47.124678: val auc 0.5818
2025-12-09 07:00:47.127393: Epoch time: 48.45 s
2025-12-09 07:00:47.872524: 
2025-12-09 07:00:47.875786: Epoch 125
2025-12-09 07:00:47.878461: Current learning rate: 0.00616
2025-12-09 07:01:38.329606: train_loss 0.4964
2025-12-09 07:01:38.362076: val_loss 1.0406
2025-12-09 07:01:38.378511: val classification accuracy 0.5312
2025-12-09 07:01:38.383528: val auc 0.5792
2025-12-09 07:01:38.386831: Epoch time: 50.46 s
2025-12-09 07:01:39.117338: 
2025-12-09 07:01:39.120916: Epoch 126
2025-12-09 07:01:39.123516: Current learning rate: 0.00612
2025-12-09 07:02:33.458497: train_loss 0.539
2025-12-09 07:02:33.485935: val_loss 0.688
2025-12-09 07:02:33.490422: val classification accuracy 0.6875
2025-12-09 07:02:33.493788: val auc 0.6955
2025-12-09 07:02:33.497146: Epoch time: 54.34 s
2025-12-09 07:02:33.506530: Yayy! New best classification accuracy: 0.6875
2025-12-09 07:02:36.686720: 
2025-12-09 07:02:36.690291: Epoch 127
2025-12-09 07:02:36.692610: Current learning rate: 0.00609
2025-12-09 07:03:26.087119: train_loss 0.5444
2025-12-09 07:03:26.091534: val_loss 0.8741
2025-12-09 07:03:26.094494: val classification accuracy 0.4792
2025-12-09 07:03:26.097289: val auc 0.549
2025-12-09 07:03:26.101580: Epoch time: 49.4 s
2025-12-09 07:03:26.866948: 
2025-12-09 07:03:26.870272: Epoch 128
2025-12-09 07:03:26.872711: Current learning rate: 0.00606
2025-12-09 07:04:18.421382: train_loss 0.5372
2025-12-09 07:04:18.433029: val_loss 0.794
2025-12-09 07:04:18.436310: val classification accuracy 0.6354
2025-12-09 07:04:18.439361: val auc 0.6248
2025-12-09 07:04:18.444261: Epoch time: 51.56 s
2025-12-09 07:04:19.214108: 
2025-12-09 07:04:19.217646: Epoch 129
2025-12-09 07:04:19.220042: Current learning rate: 0.00603
2025-12-09 07:05:06.455195: train_loss 0.5065
2025-12-09 07:05:06.459507: val_loss 0.8506
2025-12-09 07:05:06.462344: val classification accuracy 0.5625
2025-12-09 07:05:06.464730: val auc 0.6039
2025-12-09 07:05:06.467132: Epoch time: 47.24 s
2025-12-09 07:05:07.265123: 
2025-12-09 07:05:07.268221: Epoch 130
2025-12-09 07:05:07.270539: Current learning rate: 0.006
2025-12-09 07:05:53.351951: train_loss 0.4746
2025-12-09 07:05:53.361080: val_loss 1.1104
2025-12-09 07:05:53.364752: val classification accuracy 0.4583
2025-12-09 07:05:53.367524: val auc 0.4848
2025-12-09 07:05:53.370354: Epoch time: 46.09 s
2025-12-09 07:05:54.111249: 
2025-12-09 07:05:54.114575: Epoch 131
2025-12-09 07:05:54.116992: Current learning rate: 0.00597
2025-12-09 07:06:39.123028: train_loss 0.5342
2025-12-09 07:06:39.128382: val_loss 0.8854
2025-12-09 07:06:39.131654: val classification accuracy 0.5417
2025-12-09 07:06:39.134867: val auc 0.5367
2025-12-09 07:06:39.137932: Epoch time: 45.01 s
2025-12-09 07:06:39.969398: 
2025-12-09 07:06:39.972912: Epoch 132
2025-12-09 07:06:39.975526: Current learning rate: 0.00593
2025-12-09 07:07:30.077515: train_loss 0.5065
2025-12-09 07:07:30.081436: val_loss 0.7473
2025-12-09 07:07:30.085003: val classification accuracy 0.6354
2025-12-09 07:07:30.088031: val auc 0.6901
2025-12-09 07:07:30.090794: Epoch time: 50.11 s
2025-12-09 07:07:30.833933: 
2025-12-09 07:07:30.837336: Epoch 133
2025-12-09 07:07:30.839996: Current learning rate: 0.0059
2025-12-09 07:08:17.014921: train_loss 0.5282
2025-12-09 07:08:17.031097: val_loss 0.8796
2025-12-09 07:08:17.034726: val classification accuracy 0.4896
2025-12-09 07:08:17.037748: val auc 0.5336
2025-12-09 07:08:17.040739: Epoch time: 46.18 s
2025-12-09 07:08:17.812157: 
2025-12-09 07:08:17.815613: Epoch 134
2025-12-09 07:08:17.818447: Current learning rate: 0.00587
2025-12-09 07:09:07.516353: train_loss 0.5139
2025-12-09 07:09:07.520575: val_loss 0.9669
2025-12-09 07:09:07.523925: val classification accuracy 0.5417
2025-12-09 07:09:07.526451: val auc 0.5276
2025-12-09 07:09:07.528907: Epoch time: 49.71 s
2025-12-09 07:09:08.285238: 
2025-12-09 07:09:08.288630: Epoch 135
2025-12-09 07:09:08.291170: Current learning rate: 0.00584
2025-12-09 07:09:52.601716: train_loss 0.495
2025-12-09 07:09:52.606383: val_loss 0.8845
2025-12-09 07:09:52.610505: val classification accuracy 0.5625
2025-12-09 07:09:52.614171: val auc 0.5879
2025-12-09 07:09:52.617723: Epoch time: 44.32 s
2025-12-09 07:09:53.349591: 
2025-12-09 07:09:53.353109: Epoch 136
2025-12-09 07:09:53.357053: Current learning rate: 0.00581
2025-12-09 07:10:41.061495: train_loss 0.5581
2025-12-09 07:10:41.066234: val_loss 0.7869
2025-12-09 07:10:41.069508: val classification accuracy 0.5521
2025-12-09 07:10:41.072554: val auc 0.628
2025-12-09 07:10:41.075621: Epoch time: 47.71 s
2025-12-09 07:10:41.884104: 
2025-12-09 07:10:41.887832: Epoch 137
2025-12-09 07:10:41.890810: Current learning rate: 0.00578
2025-12-09 07:11:31.179176: train_loss 0.532
2025-12-09 07:11:31.183465: val_loss 0.9023
2025-12-09 07:11:31.205009: val classification accuracy 0.5312
2025-12-09 07:11:31.228129: val auc 0.6013
2025-12-09 07:11:31.231603: Epoch time: 49.3 s
2025-12-09 07:11:31.994543: 
2025-12-09 07:11:31.999919: Epoch 138
2025-12-09 07:11:32.003769: Current learning rate: 0.00574
2025-12-09 07:12:21.611362: train_loss 0.4862
2025-12-09 07:12:21.616569: val_loss 0.8826
2025-12-09 07:12:21.619570: val classification accuracy 0.5729
2025-12-09 07:12:21.622277: val auc 0.6168
2025-12-09 07:12:21.624871: Epoch time: 49.62 s
2025-12-09 07:12:22.375627: 
2025-12-09 07:12:22.379003: Epoch 139
2025-12-09 07:12:22.381613: Current learning rate: 0.00571
2025-12-09 07:13:09.558959: train_loss 0.5567
2025-12-09 07:13:09.573445: val_loss 0.8313
2025-12-09 07:13:09.577013: val classification accuracy 0.4792
2025-12-09 07:13:09.579809: val auc 0.5653
2025-12-09 07:13:09.582593: Epoch time: 47.18 s
2025-12-09 07:13:10.336575: 
2025-12-09 07:13:10.340027: Epoch 140
2025-12-09 07:13:10.342480: Current learning rate: 0.00568
2025-12-09 07:13:56.287645: train_loss 0.5257
2025-12-09 07:13:56.292540: val_loss 0.9086
2025-12-09 07:13:56.295521: val classification accuracy 0.4896
2025-12-09 07:13:56.298259: val auc 0.5414
2025-12-09 07:13:56.301276: Epoch time: 45.95 s
2025-12-09 07:13:57.051660: 
2025-12-09 07:13:57.055080: Epoch 141
2025-12-09 07:13:57.057683: Current learning rate: 0.00565
2025-12-09 07:14:44.897210: train_loss 0.4863
2025-12-09 07:14:44.902906: val_loss 0.9991
2025-12-09 07:14:44.906468: val classification accuracy 0.5417
2025-12-09 07:14:44.909193: val auc 0.5842
2025-12-09 07:14:44.911825: Epoch time: 47.85 s
2025-12-09 07:14:45.622594: 
2025-12-09 07:14:45.625673: Epoch 142
2025-12-09 07:14:45.628155: Current learning rate: 0.00562
2025-12-09 07:15:34.163161: train_loss 0.5536
2025-12-09 07:15:34.168122: val_loss 0.7294
2025-12-09 07:15:34.171200: val classification accuracy 0.5521
2025-12-09 07:15:34.175140: val auc 0.6209
2025-12-09 07:15:34.180178: Epoch time: 48.54 s
2025-12-09 07:15:35.679238: 
2025-12-09 07:15:35.682754: Epoch 143
2025-12-09 07:15:35.685440: Current learning rate: 0.00558
2025-12-09 07:16:23.342994: train_loss 0.5341
2025-12-09 07:16:23.366492: val_loss 0.836
2025-12-09 07:16:23.371135: val classification accuracy 0.5625
2025-12-09 07:16:23.375064: val auc 0.6191
2025-12-09 07:16:23.385262: Epoch time: 47.66 s
2025-12-09 07:16:24.158133: 
2025-12-09 07:16:24.161434: Epoch 144
2025-12-09 07:16:24.163903: Current learning rate: 0.00555
2025-12-09 07:17:08.524064: train_loss 0.5155
2025-12-09 07:17:08.538175: val_loss 1.0888
2025-12-09 07:17:08.541446: val classification accuracy 0.4583
2025-12-09 07:17:08.544387: val auc 0.4757
2025-12-09 07:17:08.547431: Epoch time: 44.37 s
2025-12-09 07:17:09.321312: 
2025-12-09 07:17:09.324240: Epoch 145
2025-12-09 07:17:09.326588: Current learning rate: 0.00552
2025-12-09 07:17:51.801804: train_loss 0.4963
2025-12-09 07:17:51.806218: val_loss 0.932
2025-12-09 07:17:51.809258: val classification accuracy 0.5625
2025-12-09 07:17:51.812256: val auc 0.5543
2025-12-09 07:17:51.815275: Epoch time: 42.48 s
2025-12-09 07:17:52.620611: 
2025-12-09 07:17:52.624411: Epoch 146
2025-12-09 07:17:52.626927: Current learning rate: 0.00549
2025-12-09 07:18:37.133241: train_loss 0.5262
2025-12-09 07:18:37.138009: val_loss 0.7446
2025-12-09 07:18:37.151457: val classification accuracy 0.6042
2025-12-09 07:18:37.154789: val auc 0.6734
2025-12-09 07:18:37.157798: Epoch time: 44.51 s
2025-12-09 07:18:37.915808: 
2025-12-09 07:18:37.919526: Epoch 147
2025-12-09 07:18:37.922219: Current learning rate: 0.00546
2025-12-09 07:19:24.879135: train_loss 0.4842
2025-12-09 07:19:24.946940: val_loss 0.8968
2025-12-09 07:19:24.967236: val classification accuracy 0.5625
2025-12-09 07:19:24.970714: val auc 0.6146
2025-12-09 07:19:24.973691: Epoch time: 46.96 s
2025-12-09 07:19:25.705204: 
2025-12-09 07:19:25.708379: Epoch 148
2025-12-09 07:19:25.711139: Current learning rate: 0.00542
2025-12-09 07:20:12.308000: train_loss 0.5052
2025-12-09 07:20:12.352384: val_loss 1.2399
2025-12-09 07:20:12.355481: val classification accuracy 0.4688
2025-12-09 07:20:12.358590: val auc 0.4855
2025-12-09 07:20:12.361708: Epoch time: 46.6 s
2025-12-09 07:20:13.109690: 
2025-12-09 07:20:13.113063: Epoch 149
2025-12-09 07:20:13.115666: Current learning rate: 0.00539
2025-12-09 07:21:01.374767: train_loss 0.5025
2025-12-09 07:21:01.382540: val_loss 1.0083
2025-12-09 07:21:01.386442: val classification accuracy 0.5417
2025-12-09 07:21:01.389690: val auc 0.6408
2025-12-09 07:21:01.393264: Epoch time: 48.27 s
2025-12-09 07:21:02.158495: 
2025-12-09 07:21:02.161950: Epoch 150
2025-12-09 07:21:02.164741: Current learning rate: 0.00536
2025-12-09 07:21:53.779985: train_loss 0.5098
2025-12-09 07:21:53.784939: val_loss 0.8883
2025-12-09 07:21:53.787743: val classification accuracy 0.5625
2025-12-09 07:21:53.790538: val auc 0.5712
2025-12-09 07:21:53.793838: Epoch time: 51.62 s
2025-12-09 07:21:54.541805: 
2025-12-09 07:21:54.544966: Epoch 151
2025-12-09 07:21:54.547500: Current learning rate: 0.00533
2025-12-09 07:22:41.240392: train_loss 0.5023
2025-12-09 07:22:41.269155: val_loss 0.9964
2025-12-09 07:22:41.273244: val classification accuracy 0.5521
2025-12-09 07:22:41.277127: val auc 0.5404
2025-12-09 07:22:41.280010: Epoch time: 46.7 s
2025-12-09 07:22:42.011445: 
2025-12-09 07:22:42.014786: Epoch 152
2025-12-09 07:22:42.017213: Current learning rate: 0.00529
2025-12-09 07:23:30.232702: train_loss 0.539
2025-12-09 07:23:30.236688: val_loss 0.9735
2025-12-09 07:23:30.239271: val classification accuracy 0.5312
2025-12-09 07:23:30.242081: val auc 0.5605
2025-12-09 07:23:30.244572: Epoch time: 48.22 s
2025-12-09 07:23:31.049676: 
2025-12-09 07:23:31.052947: Epoch 153
2025-12-09 07:23:31.055409: Current learning rate: 0.00526
2025-12-09 07:24:32.129057: train_loss 0.5008
2025-12-09 07:24:32.135311: val_loss 0.7781
2025-12-09 07:24:32.147617: val classification accuracy 0.5938
2025-12-09 07:24:32.162437: val auc 0.6213
2025-12-09 07:24:32.165579: Epoch time: 61.08 s
2025-12-09 07:24:32.917356: 
2025-12-09 07:24:32.921584: Epoch 154
2025-12-09 07:24:32.925030: Current learning rate: 0.00523
2025-12-09 07:25:21.853170: train_loss 0.5422
2025-12-09 07:25:21.871905: val_loss 0.8001
2025-12-09 07:25:21.875473: val classification accuracy 0.5
2025-12-09 07:25:21.878265: val auc 0.5857
2025-12-09 07:25:21.881281: Epoch time: 48.94 s
2025-12-09 07:25:22.674856: 
2025-12-09 07:25:22.678515: Epoch 155
2025-12-09 07:25:22.681149: Current learning rate: 0.0052
2025-12-09 07:26:11.625841: train_loss 0.5108
2025-12-09 07:26:11.641230: val_loss 0.8371
2025-12-09 07:26:11.644131: val classification accuracy 0.5521
2025-12-09 07:26:11.647365: val auc 0.5916
2025-12-09 07:26:11.650295: Epoch time: 48.95 s
2025-12-09 07:26:12.426965: 
2025-12-09 07:26:12.430234: Epoch 156
2025-12-09 07:26:12.433138: Current learning rate: 0.00517
2025-12-09 07:26:59.680350: train_loss 0.5373
2025-12-09 07:26:59.685791: val_loss 0.8875
2025-12-09 07:26:59.689390: val classification accuracy 0.5417
2025-12-09 07:26:59.692846: val auc 0.5558
2025-12-09 07:26:59.701154: Epoch time: 47.25 s
2025-12-09 07:27:00.481853: 
2025-12-09 07:27:00.485591: Epoch 157
2025-12-09 07:27:00.488116: Current learning rate: 0.00513
2025-12-09 07:27:48.111701: train_loss 0.524
2025-12-09 07:27:48.121205: val_loss 0.9003
2025-12-09 07:27:48.131670: val classification accuracy 0.5312
2025-12-09 07:27:48.134709: val auc 0.5362
2025-12-09 07:27:48.137918: Epoch time: 47.63 s
2025-12-09 07:27:48.945530: 
2025-12-09 07:27:48.949224: Epoch 158
2025-12-09 07:27:48.951993: Current learning rate: 0.0051
2025-12-09 07:28:38.615718: train_loss 0.4574
2025-12-09 07:28:38.620245: val_loss 0.9896
2025-12-09 07:28:38.623349: val classification accuracy 0.5417
2025-12-09 07:28:38.626775: val auc 0.5827
2025-12-09 07:28:38.630334: Epoch time: 49.67 s
2025-12-09 07:28:39.416578: 
2025-12-09 07:28:39.420077: Epoch 159
2025-12-09 07:28:39.422639: Current learning rate: 0.00507
2025-12-09 07:29:27.649365: train_loss 0.5641
2025-12-09 07:29:27.653623: val_loss 0.8708
2025-12-09 07:29:27.657082: val classification accuracy 0.5625
2025-12-09 07:29:27.660027: val auc 0.5955
2025-12-09 07:29:27.663044: Epoch time: 48.23 s
2025-12-09 07:29:28.427703: 
2025-12-09 07:29:28.430867: Epoch 160
2025-12-09 07:29:28.433375: Current learning rate: 0.00504
2025-12-09 07:30:15.287466: train_loss 0.5022
2025-12-09 07:30:15.292179: val_loss 1.178
2025-12-09 07:30:15.295201: val classification accuracy 0.4792
2025-12-09 07:30:15.298140: val auc 0.5052
2025-12-09 07:30:15.300815: Epoch time: 46.86 s
2025-12-09 07:30:16.061896: 
2025-12-09 07:30:16.065229: Epoch 161
2025-12-09 07:30:16.067797: Current learning rate: 0.005
2025-12-09 07:31:04.102060: train_loss 0.4981
2025-12-09 07:31:04.107883: val_loss 0.9758
2025-12-09 07:31:04.111079: val classification accuracy 0.5312
2025-12-09 07:31:04.114697: val auc 0.6003
2025-12-09 07:31:04.117898: Epoch time: 48.04 s
2025-12-09 07:31:04.915485: 
2025-12-09 07:31:04.918792: Epoch 162
2025-12-09 07:31:04.921286: Current learning rate: 0.00497
2025-12-09 07:31:52.840568: train_loss 0.4863
2025-12-09 07:31:52.845943: val_loss 1.0016
2025-12-09 07:31:52.849265: val classification accuracy 0.5208
2025-12-09 07:31:52.852890: val auc 0.5736
2025-12-09 07:31:52.856390: Epoch time: 47.93 s
2025-12-09 07:31:53.718632: 
2025-12-09 07:31:53.722607: Epoch 163
2025-12-09 07:31:53.725905: Current learning rate: 0.00494
2025-12-09 07:32:41.085195: train_loss 0.4702
2025-12-09 07:32:41.098202: val_loss 0.8438
2025-12-09 07:32:41.150246: val classification accuracy 0.6042
2025-12-09 07:32:41.171682: val auc 0.674
2025-12-09 07:32:41.175091: Epoch time: 47.37 s
2025-12-09 07:32:42.106170: 
2025-12-09 07:32:42.110098: Epoch 164
2025-12-09 07:32:42.113042: Current learning rate: 0.00491
2025-12-09 07:33:34.576023: train_loss 0.3798
2025-12-09 07:33:34.603257: val_loss 1.0897
2025-12-09 07:33:34.608643: val classification accuracy 0.5
2025-12-09 07:33:34.612250: val auc 0.5807
2025-12-09 07:33:34.618910: Epoch time: 52.47 s
2025-12-09 07:33:35.404143: 
2025-12-09 07:33:35.407646: Epoch 165
2025-12-09 07:33:35.411308: Current learning rate: 0.00487
2025-12-09 07:34:24.180231: train_loss 0.4438
2025-12-09 07:34:24.184773: val_loss 1.0362
2025-12-09 07:34:24.187353: val classification accuracy 0.5729
2025-12-09 07:34:24.190082: val auc 0.6226
2025-12-09 07:34:24.192706: Epoch time: 48.78 s
2025-12-09 07:34:24.969656: 
2025-12-09 07:34:24.972727: Epoch 166
2025-12-09 07:34:24.975198: Current learning rate: 0.00484
2025-12-09 07:35:15.817158: train_loss 0.489
2025-12-09 07:35:15.821324: val_loss 0.9557
2025-12-09 07:35:15.824502: val classification accuracy 0.5417
2025-12-09 07:35:15.827659: val auc 0.5738
2025-12-09 07:35:15.830714: Epoch time: 50.85 s
2025-12-09 07:35:16.612022: 
2025-12-09 07:35:16.615415: Epoch 167
2025-12-09 07:35:16.618021: Current learning rate: 0.00481
2025-12-09 07:36:08.175265: train_loss 0.3911
2025-12-09 07:36:08.190145: val_loss 1.1664
2025-12-09 07:36:08.193675: val classification accuracy 0.5417
2025-12-09 07:36:08.197083: val auc 0.5812
2025-12-09 07:36:08.203555: Epoch time: 51.56 s
2025-12-09 07:36:08.988339: 
2025-12-09 07:36:08.991631: Epoch 168
2025-12-09 07:36:08.994366: Current learning rate: 0.00478
2025-12-09 07:36:56.408569: train_loss 0.4979
2025-12-09 07:36:56.413223: val_loss 0.9254
2025-12-09 07:36:56.416664: val classification accuracy 0.5729
2025-12-09 07:36:56.419781: val auc 0.5875
2025-12-09 07:36:56.422840: Epoch time: 47.42 s
2025-12-09 07:36:57.198001: 
2025-12-09 07:36:57.201194: Epoch 169
2025-12-09 07:36:57.203543: Current learning rate: 0.00474
2025-12-09 07:37:46.253287: train_loss 0.5393
2025-12-09 07:37:46.280837: val_loss 0.9326
2025-12-09 07:37:46.284402: val classification accuracy 0.4896
2025-12-09 07:37:46.287385: val auc 0.5953
2025-12-09 07:37:46.304096: Epoch time: 49.06 s
2025-12-09 07:37:47.671144: 
2025-12-09 07:37:47.674990: Epoch 170
2025-12-09 07:37:47.678242: Current learning rate: 0.00471
2025-12-09 07:38:37.657900: train_loss 0.5031
2025-12-09 07:38:37.671695: val_loss 0.989
2025-12-09 07:38:37.674999: val classification accuracy 0.5417
2025-12-09 07:38:37.678279: val auc 0.5608
2025-12-09 07:38:37.681180: Epoch time: 49.99 s
2025-12-09 07:38:38.447001: 
2025-12-09 07:38:38.450461: Epoch 171
2025-12-09 07:38:38.453551: Current learning rate: 0.00468
2025-12-09 07:39:25.658077: train_loss 0.3827
2025-12-09 07:39:25.665660: val_loss 1.29
2025-12-09 07:39:25.668810: val classification accuracy 0.5521
2025-12-09 07:39:25.671670: val auc 0.6128
2025-12-09 07:39:25.674445: Epoch time: 47.21 s
2025-12-09 07:39:26.424218: 
2025-12-09 07:39:26.427906: Epoch 172
2025-12-09 07:39:26.430421: Current learning rate: 0.00465
2025-12-09 07:40:12.352629: train_loss 0.4399
2025-12-09 07:40:12.367285: val_loss 1.0024
2025-12-09 07:40:12.371521: val classification accuracy 0.5208
2025-12-09 07:40:12.375200: val auc 0.6005
2025-12-09 07:40:12.379069: Epoch time: 45.93 s
2025-12-09 07:40:13.169570: 
2025-12-09 07:40:13.173166: Epoch 173
2025-12-09 07:40:13.175758: Current learning rate: 0.00461
2025-12-09 07:40:58.410963: train_loss 0.4763
2025-12-09 07:40:58.434771: val_loss 0.9182
2025-12-09 07:40:58.438834: val classification accuracy 0.5417
2025-12-09 07:40:58.442096: val auc 0.5914
2025-12-09 07:40:58.444930: Epoch time: 45.24 s
2025-12-09 07:40:59.195395: 
2025-12-09 07:40:59.199028: Epoch 174
2025-12-09 07:40:59.201380: Current learning rate: 0.00458
2025-12-09 07:41:45.399320: train_loss 0.3972
2025-12-09 07:41:45.403716: val_loss 0.9135
2025-12-09 07:41:45.406910: val classification accuracy 0.6146
2025-12-09 07:41:45.415046: val auc 0.6565
2025-12-09 07:41:45.418217: Epoch time: 46.21 s
2025-12-09 07:41:46.221066: 
2025-12-09 07:41:46.224674: Epoch 175
2025-12-09 07:41:46.227505: Current learning rate: 0.00455
2025-12-09 07:42:31.211086: train_loss 0.4564
2025-12-09 07:42:31.216267: val_loss 0.9602
2025-12-09 07:42:31.219367: val classification accuracy 0.5521
2025-12-09 07:42:31.222147: val auc 0.5757
2025-12-09 07:42:31.224919: Epoch time: 44.99 s
2025-12-09 07:42:32.024713: 
2025-12-09 07:42:32.028337: Epoch 176
2025-12-09 07:42:32.031192: Current learning rate: 0.00452
2025-12-09 07:43:18.764571: train_loss 0.4885
2025-12-09 07:43:18.789977: val_loss 0.8248
2025-12-09 07:43:18.815468: val classification accuracy 0.5417
2025-12-09 07:43:18.818302: val auc 0.6005
2025-12-09 07:43:18.820795: Epoch time: 46.74 s
2025-12-09 07:43:19.585168: 
2025-12-09 07:43:19.588397: Epoch 177
2025-12-09 07:43:19.590849: Current learning rate: 0.00448
2025-12-09 07:44:08.541125: train_loss 0.4071
2025-12-09 07:44:08.545559: val_loss 1.3594
2025-12-09 07:44:08.548493: val classification accuracy 0.4896
2025-12-09 07:44:08.551099: val auc 0.4674
2025-12-09 07:44:08.554085: Epoch time: 48.96 s
2025-12-09 07:44:09.258494: 
2025-12-09 07:44:09.264252: Epoch 178
2025-12-09 07:44:09.268346: Current learning rate: 0.00445
2025-12-09 07:44:54.196362: train_loss 0.41
2025-12-09 07:44:54.200824: val_loss 0.969
2025-12-09 07:44:54.203984: val classification accuracy 0.5625
2025-12-09 07:44:54.206964: val auc 0.5894
2025-12-09 07:44:54.209737: Epoch time: 44.94 s
2025-12-09 07:44:54.967472: 
2025-12-09 07:44:54.970807: Epoch 179
2025-12-09 07:44:54.973569: Current learning rate: 0.00442
2025-12-09 07:45:44.213605: train_loss 0.509
2025-12-09 07:45:44.219625: val_loss 1.0221
2025-12-09 07:45:44.224036: val classification accuracy 0.5938
2025-12-09 07:45:44.227038: val auc 0.645
2025-12-09 07:45:44.229823: Epoch time: 49.25 s
2025-12-09 07:45:45.041427: 
2025-12-09 07:45:45.045218: Epoch 180
2025-12-09 07:45:45.048197: Current learning rate: 0.00438
2025-12-09 07:46:31.237226: train_loss 0.5558
2025-12-09 07:46:31.241348: val_loss 0.8072
2025-12-09 07:46:31.244485: val classification accuracy 0.5104
2025-12-09 07:46:31.247404: val auc 0.5929
2025-12-09 07:46:31.250394: Epoch time: 46.2 s
2025-12-09 07:46:31.965405: 
2025-12-09 07:46:31.968978: Epoch 181
2025-12-09 07:46:31.971596: Current learning rate: 0.00435
2025-12-09 07:47:22.341620: train_loss 0.5204
2025-12-09 07:47:22.347580: val_loss 0.7431
2025-12-09 07:47:22.351175: val classification accuracy 0.6042
2025-12-09 07:47:22.354361: val auc 0.645
2025-12-09 07:47:22.357724: Epoch time: 50.38 s
2025-12-09 07:47:23.130673: 
2025-12-09 07:47:23.134399: Epoch 182
2025-12-09 07:47:23.137388: Current learning rate: 0.00432
2025-12-09 07:48:11.899607: train_loss 0.4758
2025-12-09 07:48:11.906071: val_loss 1.0166
2025-12-09 07:48:11.909310: val classification accuracy 0.5729
2025-12-09 07:48:11.912127: val auc 0.5779
2025-12-09 07:48:11.915097: Epoch time: 48.77 s
2025-12-09 07:48:13.415647: 
2025-12-09 07:48:13.419107: Epoch 183
2025-12-09 07:48:13.422035: Current learning rate: 0.00429
2025-12-09 07:49:01.275259: train_loss 0.3822
2025-12-09 07:49:01.295572: val_loss 1.2317
2025-12-09 07:49:01.298989: val classification accuracy 0.5625
2025-12-09 07:49:01.302117: val auc 0.5397
2025-12-09 07:49:01.305635: Epoch time: 47.86 s
2025-12-09 07:49:02.086427: 
2025-12-09 07:49:02.090250: Epoch 184
2025-12-09 07:49:02.093203: Current learning rate: 0.00425
2025-12-09 07:49:47.957373: train_loss 0.4506
2025-12-09 07:49:47.965171: val_loss 0.9138
2025-12-09 07:49:47.968508: val classification accuracy 0.5833
2025-12-09 07:49:47.972009: val auc 0.7038
2025-12-09 07:49:47.975273: Epoch time: 45.87 s
2025-12-09 07:49:48.744313: 
2025-12-09 07:49:48.748103: Epoch 185
2025-12-09 07:49:48.751605: Current learning rate: 0.00422
2025-12-09 07:50:38.252221: train_loss 0.4567
2025-12-09 07:50:38.275637: val_loss 1.0013
2025-12-09 07:50:38.280025: val classification accuracy 0.5104
2025-12-09 07:50:38.283528: val auc 0.599
2025-12-09 07:50:38.287093: Epoch time: 49.51 s
2025-12-09 07:50:39.053355: 
2025-12-09 07:50:39.057150: Epoch 186
2025-12-09 07:50:39.060511: Current learning rate: 0.00419
2025-12-09 07:51:27.160559: train_loss 0.4262
2025-12-09 07:51:27.167426: val_loss 0.8538
2025-12-09 07:51:27.171357: val classification accuracy 0.5625
2025-12-09 07:51:27.174425: val auc 0.6207
2025-12-09 07:51:27.177391: Epoch time: 48.11 s
2025-12-09 07:51:27.928799: 
2025-12-09 07:51:27.932121: Epoch 187
2025-12-09 07:51:27.934628: Current learning rate: 0.00415
2025-12-09 07:52:15.783937: train_loss 0.4133
2025-12-09 07:52:15.790356: val_loss 1.0997
2025-12-09 07:52:15.793595: val classification accuracy 0.5521
2025-12-09 07:52:15.796605: val auc 0.5514
2025-12-09 07:52:15.799614: Epoch time: 47.86 s
2025-12-09 07:52:16.556618: 
2025-12-09 07:52:16.560457: Epoch 188
2025-12-09 07:52:16.563803: Current learning rate: 0.00412
2025-12-09 07:53:03.601108: train_loss 0.3788
2025-12-09 07:53:03.609512: val_loss 1.2746
2025-12-09 07:53:03.612494: val classification accuracy 0.5104
2025-12-09 07:53:03.615287: val auc 0.5898
2025-12-09 07:53:03.618187: Epoch time: 47.05 s
2025-12-09 07:53:04.407855: 
2025-12-09 07:53:04.411242: Epoch 189
2025-12-09 07:53:04.413906: Current learning rate: 0.00409
2025-12-09 07:53:58.095049: train_loss 0.4568
2025-12-09 07:53:58.104316: val_loss 1.0828
2025-12-09 07:53:58.107885: val classification accuracy 0.4792
2025-12-09 07:53:58.111448: val auc 0.607
2025-12-09 07:53:58.114683: Epoch time: 53.69 s
2025-12-09 07:53:58.908100: 
2025-12-09 07:53:58.913167: Epoch 190
2025-12-09 07:53:58.916412: Current learning rate: 0.00405
2025-12-09 07:54:47.896165: train_loss 0.4543
2025-12-09 07:54:47.943001: val_loss 1.1025
2025-12-09 07:54:47.947128: val classification accuracy 0.4271
2025-12-09 07:54:47.950663: val auc 0.5004
2025-12-09 07:54:47.954122: Epoch time: 48.99 s
2025-12-09 07:54:48.820730: 
2025-12-09 07:54:48.824431: Epoch 191
2025-12-09 07:54:48.827209: Current learning rate: 0.00402
2025-12-09 07:55:34.935277: train_loss 0.449
2025-12-09 07:55:34.963830: val_loss 1.1449
2025-12-09 07:55:34.969249: val classification accuracy 0.4792
2025-12-09 07:55:34.976629: val auc 0.4865
2025-12-09 07:55:34.979930: Epoch time: 46.12 s
2025-12-09 07:55:35.766845: 
2025-12-09 07:55:35.776431: Epoch 192
2025-12-09 07:55:35.779551: Current learning rate: 0.00399
2025-12-09 07:56:23.446185: train_loss 0.4405
2025-12-09 07:56:23.452769: val_loss 0.9017
2025-12-09 07:56:23.457515: val classification accuracy 0.5521
2025-12-09 07:56:23.461034: val auc 0.6092
2025-12-09 07:56:23.464395: Epoch time: 47.68 s
2025-12-09 07:56:24.318765: 
2025-12-09 07:56:24.322702: Epoch 193
2025-12-09 07:56:24.328264: Current learning rate: 0.00395
2025-12-09 07:57:14.761412: train_loss 0.4863
2025-12-09 07:57:14.766961: val_loss 0.9229
2025-12-09 07:57:14.771240: val classification accuracy 0.4792
2025-12-09 07:57:14.775216: val auc 0.5601
2025-12-09 07:57:14.779318: Epoch time: 50.44 s
2025-12-09 07:57:15.600235: 
2025-12-09 07:57:15.604081: Epoch 194
2025-12-09 07:57:15.606942: Current learning rate: 0.00392
2025-12-09 07:58:02.374410: train_loss 0.4653
2025-12-09 07:58:02.382191: val_loss 0.9401
2025-12-09 07:58:02.385498: val classification accuracy 0.5521
2025-12-09 07:58:02.389504: val auc 0.6599
2025-12-09 07:58:02.392693: Epoch time: 46.78 s
2025-12-09 07:58:03.184994: 
2025-12-09 07:58:03.188512: Epoch 195
2025-12-09 07:58:03.191448: Current learning rate: 0.00389
2025-12-09 07:58:50.138824: train_loss 0.4155
2025-12-09 07:58:50.161767: val_loss 1.0641
2025-12-09 07:58:50.165433: val classification accuracy 0.5208
2025-12-09 07:58:50.168431: val auc 0.5901
2025-12-09 07:58:50.174148: Epoch time: 46.96 s
2025-12-09 07:58:50.936951: 
2025-12-09 07:58:50.943300: Epoch 196
2025-12-09 07:58:50.946514: Current learning rate: 0.00385
2025-12-09 07:59:37.775899: train_loss 0.4343
2025-12-09 07:59:37.790053: val_loss 1.0529
2025-12-09 07:59:37.793469: val classification accuracy 0.5104
2025-12-09 07:59:37.796584: val auc 0.5831
2025-12-09 07:59:37.799870: Epoch time: 46.84 s
2025-12-09 07:59:39.253351: 
2025-12-09 07:59:39.260390: Epoch 197
2025-12-09 07:59:39.264552: Current learning rate: 0.00382
2025-12-09 08:00:30.905889: train_loss 0.3836
2025-12-09 08:00:30.911655: val_loss 1.0019
2025-12-09 08:00:30.915468: val classification accuracy 0.5729
2025-12-09 08:00:30.918474: val auc 0.6254
2025-12-09 08:00:30.921566: Epoch time: 51.65 s
2025-12-09 08:00:31.649442: 
2025-12-09 08:00:31.652904: Epoch 198
2025-12-09 08:00:31.655423: Current learning rate: 0.00379
2025-12-09 08:01:18.968606: train_loss 0.4563
2025-12-09 08:01:18.974073: val_loss 1.0812
2025-12-09 08:01:18.978437: val classification accuracy 0.4896
2025-12-09 08:01:19.009187: val auc 0.5464
2025-12-09 08:01:19.013208: Epoch time: 47.32 s
2025-12-09 08:01:19.836799: 
2025-12-09 08:01:19.840766: Epoch 199
2025-12-09 08:01:19.848603: Current learning rate: 0.00375
2025-12-09 08:02:08.856034: train_loss 0.3796
2025-12-09 08:02:08.861066: val_loss 1.3715
2025-12-09 08:02:08.864018: val classification accuracy 0.5625
2025-12-09 08:02:08.866851: val auc 0.5603
2025-12-09 08:02:08.870156: Epoch time: 49.02 s
2025-12-09 08:02:09.698158: 
2025-12-09 08:02:09.701638: Epoch 200
2025-12-09 08:02:09.704337: Current learning rate: 0.00372
2025-12-09 08:03:00.701077: train_loss 0.4213
2025-12-09 08:03:00.705421: val_loss 1.1144
2025-12-09 08:03:00.710063: val classification accuracy 0.5312
2025-12-09 08:03:00.713112: val auc 0.6161
2025-12-09 08:03:00.716095: Epoch time: 51.0 s
2025-12-09 08:03:01.507897: 
2025-12-09 08:03:01.512047: Epoch 201
2025-12-09 08:03:01.514730: Current learning rate: 0.00369
2025-12-09 08:03:48.765720: train_loss 0.3776
2025-12-09 08:03:48.792744: val_loss 1.0096
2025-12-09 08:03:48.799729: val classification accuracy 0.5729
2025-12-09 08:03:48.828300: val auc 0.5933
2025-12-09 08:03:48.833628: Epoch time: 47.26 s
2025-12-09 08:03:48.837248: Early stopping triggered at epoch 201. Best val_losses=0.6265
2025-12-09 08:03:49.627579: Stopping training early due to early stopping criterion.
2025-12-09 08:03:52.412121: Training done.
2025-12-09 08:03:52.473705: Skipping perform_actual_validation for classification trainer (segmentation-style sliding window is not applicable).
[1;34mwandb[0m: 
[1;34mwandb[0m:  View run [33mSEResNetTrainer_ep300_NoMirroring_fold4[0m at: [34m[0m
[1;34mwandb[0m: Find logs at: [1;35m../../tmp/wandb/wandb/run-20251209_051341-286yo1q5/logs[0m
