Using device: cuda:0

#######################################################################
Please cite the following paper when using nnU-Net:
Isensee, F., Jaeger, P. F., Kohl, S. A., Petersen, J., & Maier-Hein, K. H. (2021). nnU-Net: a self-configuring method for deep learning-based biomedical image segmentation. Nature methods, 18(2), 203-211.
#######################################################################

2025-12-09 05:54:52.404854: Using torch.compile...
2025-12-09 05:54:57.697365: do_dummy_2d_data_aug: False
2025-12-09 05:54:57.700525: Using splits from existing split file: /hpf/projects/jquon/sumin/nnUNet_data/nnUNet_preprocessed/Dataset003_AVM_T1+C/splits_final.json
2025-12-09 05:54:57.703219: The split file contains 5 splits.
2025-12-09 05:54:57.704678: Desired fold for training: 0
2025-12-09 05:54:57.706207: This split has 425 training and 87 validation cases.
using pin_memory on device 0
using pin_memory on device 0

This is the configuration used by this training:
Configuration name: 3d_fullres
 {'data_identifier': 'nnUNetPlans_3d_fullres', 'preprocessor_name': 'DefaultPreprocessor', 'batch_size': 2, 'patch_size': [160, 224, 192], 'median_image_size_in_voxels': [344.0, 448.0, 429.0], 'spacing': [0.500000923871994, 0.4910714328289032, 0.4910714328289032], 'normalization_schemes': ['ZScoreNormalization'], 'use_mask_for_norm': [False], 'resampling_fn_data': 'resample_data_or_seg_to_shape', 'resampling_fn_seg': 'resample_data_or_seg_to_shape', 'resampling_fn_data_kwargs': {'is_seg': False, 'order': 3, 'order_z': 0, 'force_separate_z': None}, 'resampling_fn_seg_kwargs': {'is_seg': True, 'order': 1, 'order_z': 0, 'force_separate_z': None}, 'resampling_fn_probabilities': 'resample_data_or_seg_to_shape', 'resampling_fn_probabilities_kwargs': {'is_seg': False, 'order': 1, 'order_z': 0, 'force_separate_z': None}, 'architecture': {'network_class_name': 'dynamic_network_architectures.architectures.unet.ResidualEncoderUNet', 'arch_kwargs': {'n_stages': 6, 'features_per_stage': [32, 64, 128, 256, 320, 320], 'conv_op': 'torch.nn.modules.conv.Conv3d', 'kernel_sizes': [[3, 3, 3], [3, 3, 3], [3, 3, 3], [3, 3, 3], [3, 3, 3], [3, 3, 3]], 'strides': [[1, 1, 1], [2, 2, 2], [2, 2, 2], [2, 2, 2], [2, 2, 2], [2, 2, 2]], 'n_blocks_per_stage': [1, 3, 4, 6, 6, 6], 'n_conv_per_stage_decoder': [1, 1, 1, 1, 1], 'conv_bias': True, 'norm_op': 'torch.nn.modules.instancenorm.InstanceNorm3d', 'norm_op_kwargs': {'eps': 1e-05, 'affine': True}, 'dropout_op': None, 'dropout_op_kwargs': None, 'nonlin': 'torch.nn.LeakyReLU', 'nonlin_kwargs': {'inplace': True}}, '_kw_requires_import': ['conv_op', 'norm_op', 'dropout_op', 'nonlin']}, 'batch_dice': True} 

These are the global plan.json settings:
 {'dataset_name': 'Dataset003_AVM_T1+C', 'plans_name': 'nnUNetResEncUNetLPlans', 'original_median_spacing_after_transp': [0.500000923871994, 0.4910714328289032, 0.4910714328289032], 'original_median_shape_after_transp': [330, 448, 424], 'image_reader_writer': 'SimpleITKIO', 'transpose_forward': [0, 1, 2], 'transpose_backward': [0, 1, 2], 'experiment_planner_used': 'nnUNetPlannerResEncL', 'label_manager': 'LabelManager', 'foreground_intensity_properties_per_channel': {'0': {'max': 12113.0, 'mean': 449.843505859375, 'median': 311.0, 'min': 0.0, 'percentile_00_5': 34.0, 'percentile_99_5': 3202.0, 'std': 471.56329345703125}}} 

2025-12-09 05:55:12.787124: Unable to plot network architecture: nnUNet_compile is enabled!
2025-12-09 05:55:12.818286: 
2025-12-09 05:55:12.823171: Epoch 0
2025-12-09 05:55:12.832864: Current learning rate: 0.0001
2025-12-09 05:57:12.019763: train_loss 0.7769
2025-12-09 05:57:12.024005: val_loss 0.7536
2025-12-09 05:57:12.026085: val classification accuracy 0.4767
2025-12-09 05:57:12.028520: val auc 0.3843
2025-12-09 05:57:12.030446: Epoch time: 119.2 s
2025-12-09 05:57:12.032228: Yayy! New best EMA pseudo Dice: 0.3843
2025-12-09 05:57:13.855111: Yayy! New best classification accuracy: 0.4767
2025-12-09 05:57:16.523387: 
2025-12-09 05:57:16.526244: Epoch 1
2025-12-09 05:57:16.528317: Current learning rate: 0.0001
2025-12-09 05:58:20.985891: train_loss 0.7176
2025-12-09 05:58:20.990147: val_loss 0.6961
2025-12-09 05:58:20.992565: val classification accuracy 0.4767
2025-12-09 05:58:20.995031: val auc 0.4897
2025-12-09 05:58:20.997325: Epoch time: 64.46 s
2025-12-09 05:58:20.999189: Yayy! New best EMA pseudo Dice: 0.4897
2025-12-09 05:58:23.595251: 
2025-12-09 05:58:23.597947: Epoch 2
2025-12-09 05:58:23.599784: Current learning rate: 0.0001
2025-12-09 05:59:28.200371: train_loss 0.7154
2025-12-09 05:59:28.204903: val_loss 0.6966
2025-12-09 05:59:28.207283: val classification accuracy 0.5
2025-12-09 05:59:28.209635: val auc 0.5481
2025-12-09 05:59:28.212111: Epoch time: 64.61 s
2025-12-09 05:59:28.213971: Yayy! New best EMA pseudo Dice: 0.5481
2025-12-09 05:59:30.103299: Yayy! New best classification accuracy: 0.5
2025-12-09 05:59:32.247008: 
2025-12-09 05:59:32.250188: Epoch 3
2025-12-09 05:59:32.252499: Current learning rate: 0.0001
2025-12-09 06:00:36.656739: train_loss 0.7182
2025-12-09 06:00:36.660918: val_loss 0.6916
2025-12-09 06:00:36.663244: val classification accuracy 0.5233
2025-12-09 06:00:36.665434: val auc 0.5484
2025-12-09 06:00:36.667769: Epoch time: 64.41 s
2025-12-09 06:00:36.669551: Yayy! New best EMA pseudo Dice: 0.5484
2025-12-09 06:00:38.452522: Yayy! New best classification accuracy: 0.5233
2025-12-09 06:00:41.421623: 
2025-12-09 06:00:41.424739: Epoch 4
2025-12-09 06:00:41.427148: Current learning rate: 0.0001
2025-12-09 06:01:46.180738: train_loss 0.7148
2025-12-09 06:01:46.184643: val_loss 0.6952
2025-12-09 06:01:46.186913: val classification accuracy 0.5
2025-12-09 06:01:46.188907: val auc 0.569
2025-12-09 06:01:46.190922: Epoch time: 64.76 s
2025-12-09 06:01:46.192753: Yayy! New best EMA pseudo Dice: 0.569
2025-12-09 06:01:48.916727: 
2025-12-09 06:01:48.919253: Epoch 5
2025-12-09 06:01:48.921237: Current learning rate: 0.0001
2025-12-09 06:02:53.391980: train_loss 0.7292
2025-12-09 06:02:53.395750: val_loss 0.6995
2025-12-09 06:02:53.397748: val classification accuracy 0.5
2025-12-09 06:02:53.399668: val auc 0.5322
2025-12-09 06:02:53.401433: Epoch time: 64.48 s
2025-12-09 06:02:54.140847: 
2025-12-09 06:02:54.143649: Epoch 6
2025-12-09 06:02:54.145565: Current learning rate: 0.0001
2025-12-09 06:03:58.026172: train_loss 0.7225
2025-12-09 06:03:58.030564: val_loss 0.7237
2025-12-09 06:03:58.032956: val classification accuracy 0.5
2025-12-09 06:03:58.035341: val auc 0.7082
2025-12-09 06:03:58.038083: Epoch time: 63.89 s
2025-12-09 06:03:58.040219: Yayy! New best EMA pseudo Dice: 0.7082
2025-12-09 06:04:00.571251: 
2025-12-09 06:04:00.573682: Epoch 7
2025-12-09 06:04:00.575449: Current learning rate: 0.0001
2025-12-09 06:05:05.022566: train_loss 0.7281
2025-12-09 06:05:05.027158: val_loss 0.6969
2025-12-09 06:05:05.029809: val classification accuracy 0.5
2025-12-09 06:05:05.032668: val auc 0.46
2025-12-09 06:05:05.035359: Epoch time: 64.45 s
2025-12-09 06:05:05.823406: 
2025-12-09 06:05:05.827196: Epoch 8
2025-12-09 06:05:05.829958: Current learning rate: 0.0001
2025-12-09 06:06:09.896994: train_loss 0.7365
2025-12-09 06:06:09.901282: val_loss 0.6928
2025-12-09 06:06:09.903617: val classification accuracy 0.5
2025-12-09 06:06:09.905756: val auc 0.5389
2025-12-09 06:06:09.908165: Epoch time: 64.07 s
2025-12-09 06:06:10.644328: 
2025-12-09 06:06:10.647632: Epoch 9
2025-12-09 06:06:10.650017: Current learning rate: 0.0001
2025-12-09 06:07:15.321330: train_loss 0.719
2025-12-09 06:07:15.325588: val_loss 0.6926
2025-12-09 06:07:15.328123: val classification accuracy 0.5
2025-12-09 06:07:15.330656: val auc 0.5792
2025-12-09 06:07:15.333498: Epoch time: 64.68 s
2025-12-09 06:07:16.128574: 
2025-12-09 06:07:16.131616: Epoch 10
2025-12-09 06:07:16.133973: Current learning rate: 0.0001
2025-12-09 06:08:20.874309: train_loss 0.7268
2025-12-09 06:08:20.879083: val_loss 0.6937
2025-12-09 06:08:20.882341: val classification accuracy 0.5116
2025-12-09 06:08:20.885392: val auc 0.4892
2025-12-09 06:08:20.888160: Epoch time: 64.75 s
2025-12-09 06:08:21.753073: 
2025-12-09 06:08:21.756587: Epoch 11
2025-12-09 06:08:21.759338: Current learning rate: 0.0001
2025-12-09 06:09:26.164719: train_loss 0.7092
2025-12-09 06:09:26.169533: val_loss 0.6918
2025-12-09 06:09:26.172422: val classification accuracy 0.5
2025-12-09 06:09:26.175185: val auc 0.6403
2025-12-09 06:09:26.178279: Epoch time: 64.41 s
2025-12-09 06:09:26.988803: 
2025-12-09 06:09:26.992410: Epoch 12
2025-12-09 06:09:26.995013: Current learning rate: 0.0001
2025-12-09 06:10:31.486834: train_loss 0.7147
2025-12-09 06:10:31.491795: val_loss 0.6932
2025-12-09 06:10:31.494962: val classification accuracy 0.5
2025-12-09 06:10:31.497596: val auc 0.5857
2025-12-09 06:10:31.500797: Epoch time: 64.5 s
2025-12-09 06:10:32.241559: 
2025-12-09 06:10:32.245050: Epoch 13
2025-12-09 06:10:32.247595: Current learning rate: 0.0001
2025-12-09 06:11:36.557765: train_loss 0.7371
2025-12-09 06:11:36.562843: val_loss 0.7
2025-12-09 06:11:36.565636: val classification accuracy 0.5
2025-12-09 06:11:36.568456: val auc 0.5097
2025-12-09 06:11:36.571397: Epoch time: 64.32 s
2025-12-09 06:11:37.308303: 
2025-12-09 06:11:37.311780: Epoch 14
2025-12-09 06:11:37.314345: Current learning rate: 0.0001
2025-12-09 06:12:41.859614: train_loss 0.7223
2025-12-09 06:12:41.863638: val_loss 0.6912
2025-12-09 06:12:41.866301: val classification accuracy 0.5
2025-12-09 06:12:41.868928: val auc 0.5395
2025-12-09 06:12:41.871586: Epoch time: 64.55 s
2025-12-09 06:12:42.578526: 
2025-12-09 06:12:42.581884: Epoch 15
2025-12-09 06:12:42.584394: Current learning rate: 0.0001
2025-12-09 06:13:46.977477: train_loss 0.7087
2025-12-09 06:13:46.982203: val_loss 0.6829
2025-12-09 06:13:46.986866: val classification accuracy 0.5814
2025-12-09 06:13:46.989439: val auc 0.5765
2025-12-09 06:13:46.991784: Epoch time: 64.4 s
2025-12-09 06:13:46.993896: Yayy! New best classification accuracy: 0.5814
2025-12-09 06:13:49.690713: 
2025-12-09 06:13:49.693942: Epoch 16
2025-12-09 06:13:49.696392: Current learning rate: 0.0001
2025-12-09 06:14:54.712342: train_loss 0.7261
2025-12-09 06:14:54.717266: val_loss 0.6791
2025-12-09 06:14:54.720130: val classification accuracy 0.5465
2025-12-09 06:14:54.722935: val auc 0.6114
2025-12-09 06:14:54.725542: Epoch time: 65.02 s
2025-12-09 06:14:55.511182: 
2025-12-09 06:14:55.514298: Epoch 17
2025-12-09 06:14:55.516728: Current learning rate: 9e-05
2025-12-09 06:15:59.995903: train_loss 0.7138
2025-12-09 06:16:00.000834: val_loss 0.6877
2025-12-09 06:16:00.003750: val classification accuracy 0.5
2025-12-09 06:16:00.006564: val auc 0.6747
2025-12-09 06:16:00.009204: Epoch time: 64.49 s
2025-12-09 06:16:00.839642: 
2025-12-09 06:16:00.842885: Epoch 18
2025-12-09 06:16:00.845316: Current learning rate: 9e-05
2025-12-09 06:17:05.562723: train_loss 0.7258
2025-12-09 06:17:05.567335: val_loss 0.6914
2025-12-09 06:17:05.569852: val classification accuracy 0.5349
2025-12-09 06:17:05.572374: val auc 0.5654
2025-12-09 06:17:05.574869: Epoch time: 64.72 s
2025-12-09 06:17:06.419834: 
2025-12-09 06:17:06.423125: Epoch 19
2025-12-09 06:17:06.425462: Current learning rate: 9e-05
2025-12-09 06:18:11.013104: train_loss 0.7356
2025-12-09 06:18:11.018641: val_loss 0.7045
2025-12-09 06:18:11.021568: val classification accuracy 0.5233
2025-12-09 06:18:11.024044: val auc 0.4859
2025-12-09 06:18:11.026796: Epoch time: 64.59 s
2025-12-09 06:18:13.080045: Saved periodic checkpoint /hpf/projects/jquon/sumin/nnUNet_data/nnUNet_results/Dataset003_AVM_T1+C/SwinViTTrainer_ep300_NoMirroring__nnUNetResEncUNetLPlans__3d_fullres/fold_0/checkpoint_every20_best_balacc.pth at epoch 19 with val_balanced_accuracy=0.5233
2025-12-09 06:18:14.734840: 
2025-12-09 06:18:14.738079: Epoch 20
2025-12-09 06:18:14.740784: Current learning rate: 9e-05
2025-12-09 06:19:19.365427: train_loss 0.7198
2025-12-09 06:19:19.370645: val_loss 0.6957
2025-12-09 06:19:19.374103: val classification accuracy 0.5
2025-12-09 06:19:19.377099: val auc 0.4803
2025-12-09 06:19:19.379949: Epoch time: 64.63 s
2025-12-09 06:19:20.117468: 
2025-12-09 06:19:20.120900: Epoch 21
2025-12-09 06:19:20.123471: Current learning rate: 9e-05
2025-12-09 06:20:24.698864: train_loss 0.7088
2025-12-09 06:20:24.703064: val_loss 0.6923
2025-12-09 06:20:24.706087: val classification accuracy 0.4767
2025-12-09 06:20:24.708731: val auc 0.5292
2025-12-09 06:20:24.711200: Epoch time: 64.58 s
2025-12-09 06:20:25.469938: 
2025-12-09 06:20:25.473670: Epoch 22
2025-12-09 06:20:25.476611: Current learning rate: 9e-05
2025-12-09 06:21:30.053136: train_loss 0.7244
2025-12-09 06:21:30.075699: val_loss 0.6867
2025-12-09 06:21:30.093810: val classification accuracy 0.5233
2025-12-09 06:21:30.100614: val auc 0.5684
2025-12-09 06:21:30.105838: Epoch time: 64.58 s
2025-12-09 06:21:30.874033: 
2025-12-09 06:21:30.877393: Epoch 23
2025-12-09 06:21:30.879609: Current learning rate: 9e-05
2025-12-09 06:22:35.146468: train_loss 0.7174
2025-12-09 06:22:35.151327: val_loss 0.6953
2025-12-09 06:22:35.154308: val classification accuracy 0.5
2025-12-09 06:22:35.157286: val auc 0.5314
2025-12-09 06:22:35.159954: Epoch time: 64.27 s
2025-12-09 06:22:35.889092: 
2025-12-09 06:22:35.892571: Epoch 24
2025-12-09 06:22:35.895228: Current learning rate: 9e-05
2025-12-09 06:23:40.393776: train_loss 0.7323
2025-12-09 06:23:40.398997: val_loss 0.6647
2025-12-09 06:23:40.404723: val classification accuracy 0.593
2025-12-09 06:23:40.407959: val auc 0.6406
2025-12-09 06:23:40.411034: Epoch time: 64.51 s
2025-12-09 06:23:40.413529: Yayy! New best classification accuracy: 0.593
2025-12-09 06:23:43.088016: 
2025-12-09 06:23:43.091717: Epoch 25
2025-12-09 06:23:43.094914: Current learning rate: 9e-05
2025-12-09 06:24:46.811711: train_loss 0.7153
2025-12-09 06:24:46.815408: val_loss 0.7124
2025-12-09 06:24:46.818094: val classification accuracy 0.5349
2025-12-09 06:24:46.820558: val auc 0.5292
2025-12-09 06:24:46.823219: Epoch time: 63.72 s
2025-12-09 06:24:47.513268: 
2025-12-09 06:24:47.516557: Epoch 26
2025-12-09 06:24:47.519003: Current learning rate: 9e-05
2025-12-09 06:25:51.556761: train_loss 0.704
2025-12-09 06:25:51.561617: val_loss 0.6939
2025-12-09 06:25:51.564526: val classification accuracy 0.4884
2025-12-09 06:25:51.567317: val auc 0.5376
2025-12-09 06:25:51.570058: Epoch time: 64.04 s
2025-12-09 06:25:52.318421: 
2025-12-09 06:25:52.321955: Epoch 27
2025-12-09 06:25:52.324584: Current learning rate: 9e-05
2025-12-09 06:26:56.574989: train_loss 0.7112
2025-12-09 06:26:56.583928: val_loss 0.6961
2025-12-09 06:26:56.586342: val classification accuracy 0.4884
2025-12-09 06:26:56.588661: val auc 0.5527
2025-12-09 06:26:56.591198: Epoch time: 64.26 s
2025-12-09 06:26:57.375022: 
2025-12-09 06:26:57.379302: Epoch 28
2025-12-09 06:26:57.381662: Current learning rate: 9e-05
2025-12-09 06:28:01.727771: train_loss 0.7245
2025-12-09 06:28:01.733113: val_loss 0.6927
2025-12-09 06:28:01.736496: val classification accuracy 0.5116
2025-12-09 06:28:01.741266: val auc 0.5173
2025-12-09 06:28:01.744427: Epoch time: 64.35 s
2025-12-09 06:28:02.478999: 
2025-12-09 06:28:02.482634: Epoch 29
2025-12-09 06:28:02.484998: Current learning rate: 9e-05
2025-12-09 06:29:06.535580: train_loss 0.7138
2025-12-09 06:29:06.540123: val_loss 0.7431
2025-12-09 06:29:06.542715: val classification accuracy 0.4884
2025-12-09 06:29:06.545369: val auc 0.4383
2025-12-09 06:29:06.547889: Epoch time: 64.06 s
2025-12-09 06:29:07.333400: 
2025-12-09 06:29:07.336650: Epoch 30
2025-12-09 06:29:07.339203: Current learning rate: 9e-05
2025-12-09 06:30:11.821299: train_loss 0.7225
2025-12-09 06:30:11.825366: val_loss 0.7167
2025-12-09 06:30:11.827800: val classification accuracy 0.4884
2025-12-09 06:30:11.830265: val auc 0.5065
2025-12-09 06:30:11.832768: Epoch time: 64.49 s
2025-12-09 06:30:12.549750: 
2025-12-09 06:30:12.553182: Epoch 31
2025-12-09 06:30:12.555865: Current learning rate: 9e-05
2025-12-09 06:31:16.927177: train_loss 0.7192
2025-12-09 06:31:16.931701: val_loss 0.7228
2025-12-09 06:31:16.934544: val classification accuracy 0.593
2025-12-09 06:31:16.937370: val auc 0.5625
2025-12-09 06:31:16.940121: Epoch time: 64.38 s
2025-12-09 06:31:17.663368: 
2025-12-09 06:31:17.666701: Epoch 32
2025-12-09 06:31:17.669298: Current learning rate: 9e-05
2025-12-09 06:32:21.572313: train_loss 0.7546
2025-12-09 06:32:21.600886: val_loss 0.7043
2025-12-09 06:32:21.610959: val classification accuracy 0.5581
2025-12-09 06:32:21.617342: val auc 0.5254
2025-12-09 06:32:21.622464: Epoch time: 63.91 s
2025-12-09 06:32:22.351767: 
2025-12-09 06:32:22.355672: Epoch 33
2025-12-09 06:32:22.357926: Current learning rate: 9e-05
2025-12-09 06:33:25.748939: train_loss 0.7182
2025-12-09 06:33:25.753283: val_loss 0.7136
2025-12-09 06:33:25.756096: val classification accuracy 0.4535
2025-12-09 06:33:25.759087: val auc 0.4762
2025-12-09 06:33:25.761853: Epoch time: 63.4 s
2025-12-09 06:33:26.499722: 
2025-12-09 06:33:26.502944: Epoch 34
2025-12-09 06:33:26.505187: Current learning rate: 9e-05
2025-12-09 06:34:29.715675: train_loss 0.7264
2025-12-09 06:34:29.720067: val_loss 0.8111
2025-12-09 06:34:29.722920: val classification accuracy 0.4186
2025-12-09 06:34:29.726209: val auc 0.377
2025-12-09 06:34:29.728963: Epoch time: 63.22 s
2025-12-09 06:34:30.449713: 
2025-12-09 06:34:30.453017: Epoch 35
2025-12-09 06:34:30.455661: Current learning rate: 9e-05
2025-12-09 06:35:34.544827: train_loss 0.7025
2025-12-09 06:35:34.549274: val_loss 0.6952
2025-12-09 06:35:34.551764: val classification accuracy 0.4884
2025-12-09 06:35:34.554112: val auc 0.5468
2025-12-09 06:35:34.556452: Epoch time: 64.1 s
2025-12-09 06:35:35.296791: 
2025-12-09 06:35:35.300129: Epoch 36
2025-12-09 06:35:35.302503: Current learning rate: 9e-05
2025-12-09 06:36:38.751366: train_loss 0.7044
2025-12-09 06:36:38.755682: val_loss 0.6924
2025-12-09 06:36:38.758319: val classification accuracy 0.5465
2025-12-09 06:36:38.760962: val auc 0.5746
2025-12-09 06:36:38.763848: Epoch time: 63.46 s
2025-12-09 06:36:39.485629: 
2025-12-09 06:36:39.489010: Epoch 37
2025-12-09 06:36:39.491470: Current learning rate: 9e-05
2025-12-09 06:37:42.817533: train_loss 0.7442
2025-12-09 06:37:42.821473: val_loss 0.6649
2025-12-09 06:37:42.824079: val classification accuracy 0.5698
2025-12-09 06:37:42.826655: val auc 0.6728
2025-12-09 06:37:42.829196: Epoch time: 63.33 s
2025-12-09 06:37:43.546224: 
2025-12-09 06:37:43.549351: Epoch 38
2025-12-09 06:37:43.551858: Current learning rate: 9e-05
2025-12-09 06:38:48.097868: train_loss 0.7313
2025-12-09 06:38:48.101725: val_loss 0.7012
2025-12-09 06:38:48.104550: val classification accuracy 0.4651
2025-12-09 06:38:48.107050: val auc 0.559
2025-12-09 06:38:48.109556: Epoch time: 64.55 s
2025-12-09 06:38:48.796229: 
2025-12-09 06:38:48.799325: Epoch 39
2025-12-09 06:38:48.801755: Current learning rate: 9e-05
2025-12-09 06:39:53.277858: train_loss 0.7181
2025-12-09 06:39:53.292332: val_loss 0.7053
2025-12-09 06:39:53.295022: val classification accuracy 0.5116
2025-12-09 06:39:53.297834: val auc 0.4373
2025-12-09 06:39:53.300645: Epoch time: 64.48 s
2025-12-09 06:39:53.992364: 
2025-12-09 06:39:53.995406: Epoch 40
2025-12-09 06:39:53.997664: Current learning rate: 9e-05
2025-12-09 06:40:58.455155: train_loss 0.7043
2025-12-09 06:40:58.459059: val_loss 0.7187
2025-12-09 06:40:58.461869: val classification accuracy 0.4767
2025-12-09 06:40:58.464534: val auc 0.4762
2025-12-09 06:40:58.467171: Epoch time: 64.46 s
2025-12-09 06:40:59.162319: 
2025-12-09 06:40:59.165215: Epoch 41
2025-12-09 06:40:59.167549: Current learning rate: 9e-05
2025-12-09 06:42:03.875899: train_loss 0.7661
2025-12-09 06:42:03.880277: val_loss 0.911
2025-12-09 06:42:03.882814: val classification accuracy 0.4302
2025-12-09 06:42:03.885223: val auc 0.4127
2025-12-09 06:42:03.887586: Epoch time: 64.71 s
2025-12-09 06:42:04.607692: 
2025-12-09 06:42:04.610696: Epoch 42
2025-12-09 06:42:04.612938: Current learning rate: 9e-05
2025-12-09 06:43:09.187988: train_loss 0.7881
2025-12-09 06:43:09.192755: val_loss 0.7103
2025-12-09 06:43:09.195428: val classification accuracy 0.4767
2025-12-09 06:43:09.197837: val auc 0.4467
2025-12-09 06:43:09.200566: Epoch time: 64.58 s
2025-12-09 06:43:09.907834: 
2025-12-09 06:43:09.911061: Epoch 43
2025-12-09 06:43:09.913660: Current learning rate: 9e-05
2025-12-09 06:44:14.325679: train_loss 0.7059
2025-12-09 06:44:14.330357: val_loss 0.6985
2025-12-09 06:44:14.333158: val classification accuracy 0.5116
2025-12-09 06:44:14.335841: val auc 0.5541
2025-12-09 06:44:14.338610: Epoch time: 64.42 s
2025-12-09 06:44:15.120604: 
2025-12-09 06:44:15.123771: Epoch 44
2025-12-09 06:44:15.126118: Current learning rate: 9e-05
2025-12-09 06:45:19.730006: train_loss 0.7188
2025-12-09 06:45:19.742105: val_loss 0.6869
2025-12-09 06:45:19.745573: val classification accuracy 0.6047
2025-12-09 06:45:19.748458: val auc 0.5838
2025-12-09 06:45:19.751178: Epoch time: 64.61 s
2025-12-09 06:45:19.753554: Yayy! New best classification accuracy: 0.6047
2025-12-09 06:45:22.324497: 
2025-12-09 06:45:22.328044: Epoch 45
2025-12-09 06:45:22.330429: Current learning rate: 9e-05
2025-12-09 06:46:27.087379: train_loss 0.7039
2025-12-09 06:46:27.091724: val_loss 0.7005
2025-12-09 06:46:27.094215: val classification accuracy 0.5465
2025-12-09 06:46:27.096964: val auc 0.5333
2025-12-09 06:46:27.099609: Epoch time: 64.76 s
2025-12-09 06:46:27.828224: 
2025-12-09 06:46:27.831218: Epoch 46
2025-12-09 06:46:27.833711: Current learning rate: 9e-05
2025-12-09 06:47:32.226622: train_loss 0.7234
2025-12-09 06:47:32.230269: val_loss 0.6871
2025-12-09 06:47:32.232495: val classification accuracy 0.4767
2025-12-09 06:47:32.234957: val auc 0.5479
2025-12-09 06:47:32.237486: Epoch time: 64.4 s
2025-12-09 06:47:32.958920: 
2025-12-09 06:47:32.962204: Epoch 47
2025-12-09 06:47:32.964381: Current learning rate: 9e-05
2025-12-09 06:48:37.275600: train_loss 0.6972
2025-12-09 06:48:37.280544: val_loss 0.6834
2025-12-09 06:48:37.283183: val classification accuracy 0.5814
2025-12-09 06:48:37.286033: val auc 0.5606
2025-12-09 06:48:37.288926: Epoch time: 64.32 s
2025-12-09 06:48:38.110419: 
2025-12-09 06:48:38.113784: Epoch 48
2025-12-09 06:48:38.116429: Current learning rate: 9e-05
2025-12-09 06:49:42.406673: train_loss 0.706
2025-12-09 06:49:42.411695: val_loss 0.749
2025-12-09 06:49:42.414557: val classification accuracy 0.5349
2025-12-09 06:49:42.417340: val auc 0.5946
2025-12-09 06:49:42.420099: Epoch time: 64.3 s
2025-12-09 06:49:43.135848: 
2025-12-09 06:49:43.139503: Epoch 49
2025-12-09 06:49:43.142077: Current learning rate: 9e-05
2025-12-09 06:50:47.538153: train_loss 0.7373
2025-12-09 06:50:47.542406: val_loss 0.9561
2025-12-09 06:50:47.545224: val classification accuracy 0.4302
2025-12-09 06:50:47.548181: val auc 0.3856
2025-12-09 06:50:47.557448: Epoch time: 64.4 s
2025-12-09 06:50:48.297075: 
2025-12-09 06:50:48.300579: Epoch 50
2025-12-09 06:50:48.302939: Current learning rate: 8e-05
2025-12-09 06:51:52.687056: train_loss 0.7073
2025-12-09 06:51:52.698942: val_loss 0.6956
2025-12-09 06:51:52.705812: val classification accuracy 0.5
2025-12-09 06:51:52.709079: val auc 0.5073
2025-12-09 06:51:52.711946: Epoch time: 64.39 s
2025-12-09 06:51:54.319264: 
2025-12-09 06:51:54.322691: Epoch 51
2025-12-09 06:51:54.325280: Current learning rate: 8e-05
2025-12-09 06:52:58.608222: train_loss 0.7004
2025-12-09 06:52:58.613225: val_loss 0.6816
2025-12-09 06:52:58.616339: val classification accuracy 0.5349
2025-12-09 06:52:58.619648: val auc 0.5638
2025-12-09 06:52:58.625620: Epoch time: 64.29 s
2025-12-09 06:52:59.340861: 
2025-12-09 06:52:59.344561: Epoch 52
2025-12-09 06:52:59.347147: Current learning rate: 8e-05
2025-12-09 06:54:04.233280: train_loss 0.7371
2025-12-09 06:54:04.238339: val_loss 0.7555
2025-12-09 06:54:04.241484: val classification accuracy 0.4302
2025-12-09 06:54:04.244293: val auc 0.397
2025-12-09 06:54:04.247122: Epoch time: 64.89 s
2025-12-09 06:54:04.975367: 
2025-12-09 06:54:04.979115: Epoch 53
2025-12-09 06:54:04.981797: Current learning rate: 8e-05
2025-12-09 06:55:09.019107: train_loss 0.6949
2025-12-09 06:55:09.023845: val_loss 0.726
2025-12-09 06:55:09.027040: val classification accuracy 0.4535
2025-12-09 06:55:09.029804: val auc 0.4724
2025-12-09 06:55:09.033134: Epoch time: 64.04 s
2025-12-09 06:55:09.839869: 
2025-12-09 06:55:09.843067: Epoch 54
2025-12-09 06:55:09.845650: Current learning rate: 8e-05
2025-12-09 06:56:13.669997: train_loss 0.7036
2025-12-09 06:56:13.675766: val_loss 0.6793
2025-12-09 06:56:13.688100: val classification accuracy 0.5116
2025-12-09 06:56:13.691210: val auc 0.5909
2025-12-09 06:56:13.694036: Epoch time: 63.83 s
2025-12-09 06:56:14.422571: 
2025-12-09 06:56:14.426001: Epoch 55
2025-12-09 06:56:14.428436: Current learning rate: 8e-05
2025-12-09 06:57:17.739071: train_loss 0.7384
2025-12-09 06:57:17.746855: val_loss 0.6906
2025-12-09 06:57:17.749553: val classification accuracy 0.5233
2025-12-09 06:57:17.752654: val auc 0.5749
2025-12-09 06:57:17.755344: Epoch time: 63.32 s
2025-12-09 06:57:18.510053: 
2025-12-09 06:57:18.513668: Epoch 56
2025-12-09 06:57:18.516323: Current learning rate: 8e-05
2025-12-09 06:58:22.573272: train_loss 0.7375
2025-12-09 06:58:22.577565: val_loss 0.7203
2025-12-09 06:58:22.580118: val classification accuracy 0.4535
2025-12-09 06:58:22.582593: val auc 0.4108
2025-12-09 06:58:22.585218: Epoch time: 64.06 s
2025-12-09 06:58:23.294527: 
2025-12-09 06:58:23.297889: Epoch 57
2025-12-09 06:58:23.300504: Current learning rate: 8e-05
2025-12-09 06:59:27.602533: train_loss 0.7259
2025-12-09 06:59:27.607182: val_loss 0.8839
2025-12-09 06:59:27.609991: val classification accuracy 0.4884
2025-12-09 06:59:27.613018: val auc 0.5392
2025-12-09 06:59:27.615632: Epoch time: 64.31 s
2025-12-09 06:59:28.392174: 
2025-12-09 06:59:28.395488: Epoch 58
2025-12-09 06:59:28.397812: Current learning rate: 8e-05
2025-12-09 07:00:32.712544: train_loss 0.9202
2025-12-09 07:00:32.717701: val_loss 0.7921
2025-12-09 07:00:32.720796: val classification accuracy 0.5581
2025-12-09 07:00:32.723676: val auc 0.5146
2025-12-09 07:00:32.727043: Epoch time: 64.32 s
2025-12-09 07:00:33.492509: 
2025-12-09 07:00:33.497071: Epoch 59
2025-12-09 07:00:33.499633: Current learning rate: 8e-05
2025-12-09 07:01:37.944675: train_loss 0.7455
2025-12-09 07:01:37.951283: val_loss 0.7119
2025-12-09 07:01:37.954021: val classification accuracy 0.5349
2025-12-09 07:01:37.957087: val auc 0.5173
2025-12-09 07:01:37.959944: Epoch time: 64.45 s
2025-12-09 07:01:39.914964: Saved periodic checkpoint /hpf/projects/jquon/sumin/nnUNet_data/nnUNet_results/Dataset003_AVM_T1+C/SwinViTTrainer_ep300_NoMirroring__nnUNetResEncUNetLPlans__3d_fullres/fold_0/checkpoint_every20_best_balacc.pth at epoch 59 with val_balanced_accuracy=0.5349
2025-12-09 07:01:40.638463: 
2025-12-09 07:01:40.641665: Epoch 60
2025-12-09 07:01:40.644336: Current learning rate: 8e-05
2025-12-09 07:02:45.157661: train_loss 0.7073
2025-12-09 07:02:45.162502: val_loss 0.7149
2025-12-09 07:02:45.165368: val classification accuracy 0.4302
2025-12-09 07:02:45.168162: val auc 0.5089
2025-12-09 07:02:45.171092: Epoch time: 64.52 s
2025-12-09 07:02:45.931945: 
2025-12-09 07:02:45.935199: Epoch 61
2025-12-09 07:02:45.937602: Current learning rate: 8e-05
2025-12-09 07:03:50.268960: train_loss 0.7045
2025-12-09 07:03:50.288998: val_loss 0.7053
2025-12-09 07:03:50.291805: val classification accuracy 0.5349
2025-12-09 07:03:50.294333: val auc 0.5257
2025-12-09 07:03:50.296898: Epoch time: 64.34 s
2025-12-09 07:03:51.004433: 
2025-12-09 07:03:51.007779: Epoch 62
2025-12-09 07:03:51.010165: Current learning rate: 8e-05
2025-12-09 07:04:55.319065: train_loss 0.6906
2025-12-09 07:04:55.323805: val_loss 0.6783
2025-12-09 07:04:55.326533: val classification accuracy 0.6279
2025-12-09 07:04:55.329091: val auc 0.6079
2025-12-09 07:04:55.335579: Epoch time: 64.32 s
2025-12-09 07:04:55.338036: Yayy! New best classification accuracy: 0.6279
2025-12-09 07:04:57.995076: 
2025-12-09 07:04:57.999198: Epoch 63
2025-12-09 07:04:58.002027: Current learning rate: 8e-05
2025-12-09 07:06:02.296319: train_loss 0.6944
2025-12-09 07:06:02.301661: val_loss 0.7322
2025-12-09 07:06:02.304806: val classification accuracy 0.5
2025-12-09 07:06:02.307713: val auc 0.5522
2025-12-09 07:06:02.310370: Epoch time: 64.3 s
2025-12-09 07:06:03.087428: 
2025-12-09 07:06:03.090942: Epoch 64
2025-12-09 07:06:03.093357: Current learning rate: 8e-05
2025-12-09 07:07:07.407774: train_loss 0.6944
2025-12-09 07:07:07.412592: val_loss 0.7041
2025-12-09 07:07:07.415735: val classification accuracy 0.5698
2025-12-09 07:07:07.418995: val auc 0.5652
2025-12-09 07:07:07.422154: Epoch time: 64.32 s
2025-12-09 07:07:08.173687: 
2025-12-09 07:07:08.177252: Epoch 65
2025-12-09 07:07:08.179866: Current learning rate: 8e-05
2025-12-09 07:08:12.408051: train_loss 0.7318
2025-12-09 07:08:12.413318: val_loss 0.7215
2025-12-09 07:08:12.416729: val classification accuracy 0.4767
2025-12-09 07:08:12.419636: val auc 0.4924
2025-12-09 07:08:12.422471: Epoch time: 64.24 s
2025-12-09 07:08:13.172470: 
2025-12-09 07:08:13.176108: Epoch 66
2025-12-09 07:08:13.179073: Current learning rate: 8e-05
2025-12-09 07:09:17.746068: train_loss 0.6925
2025-12-09 07:09:17.750943: val_loss 0.6845
2025-12-09 07:09:17.754102: val classification accuracy 0.5465
2025-12-09 07:09:17.756972: val auc 0.5884
2025-12-09 07:09:17.759610: Epoch time: 64.57 s
2025-12-09 07:09:19.484833: 
2025-12-09 07:09:19.488108: Epoch 67
2025-12-09 07:09:19.490696: Current learning rate: 8e-05
2025-12-09 07:10:24.012590: train_loss 0.6771
2025-12-09 07:10:24.017284: val_loss 0.688
2025-12-09 07:10:24.020001: val classification accuracy 0.6163
2025-12-09 07:10:24.022728: val auc 0.6079
2025-12-09 07:10:24.025354: Epoch time: 64.53 s
2025-12-09 07:10:24.750175: 
2025-12-09 07:10:24.753524: Epoch 68
2025-12-09 07:10:24.755980: Current learning rate: 8e-05
2025-12-09 07:11:29.022376: train_loss 0.6667
2025-12-09 07:11:29.027430: val_loss 0.7082
2025-12-09 07:11:29.031291: val classification accuracy 0.5349
2025-12-09 07:11:29.034010: val auc 0.5306
2025-12-09 07:11:29.036711: Epoch time: 64.27 s
2025-12-09 07:11:29.797648: 
2025-12-09 07:11:29.801395: Epoch 69
2025-12-09 07:11:29.804296: Current learning rate: 8e-05
2025-12-09 07:12:33.778715: train_loss 0.699
2025-12-09 07:12:33.783702: val_loss 0.6834
2025-12-09 07:12:33.787015: val classification accuracy 0.5814
2025-12-09 07:12:33.790104: val auc 0.5836
2025-12-09 07:12:33.793543: Epoch time: 63.98 s
2025-12-09 07:12:34.544013: 
2025-12-09 07:12:34.547546: Epoch 70
2025-12-09 07:12:34.550207: Current learning rate: 8e-05
2025-12-09 07:13:38.846680: train_loss 0.6738
2025-12-09 07:13:38.851756: val_loss 0.6817
2025-12-09 07:13:38.855617: val classification accuracy 0.5698
2025-12-09 07:13:38.858447: val auc 0.5952
2025-12-09 07:13:38.861362: Epoch time: 64.3 s
2025-12-09 07:13:39.601720: 
2025-12-09 07:13:39.605193: Epoch 71
2025-12-09 07:13:39.607686: Current learning rate: 8e-05
2025-12-09 07:14:43.408866: train_loss 0.7227
2025-12-09 07:14:43.413909: val_loss 0.6741
2025-12-09 07:14:43.416841: val classification accuracy 0.6395
2025-12-09 07:14:43.419830: val auc 0.6582
2025-12-09 07:14:43.422651: Epoch time: 63.81 s
2025-12-09 07:14:43.425220: Yayy! New best classification accuracy: 0.6395
2025-12-09 07:14:46.220726: 
2025-12-09 07:14:46.223834: Epoch 72
2025-12-09 07:14:46.226351: Current learning rate: 8e-05
2025-12-09 07:15:50.170027: train_loss 0.736
2025-12-09 07:15:50.175601: val_loss 0.6846
2025-12-09 07:15:50.178516: val classification accuracy 0.5
2025-12-09 07:15:50.181515: val auc 0.556
2025-12-09 07:15:50.197140: Epoch time: 63.95 s
2025-12-09 07:15:50.940453: 
2025-12-09 07:15:50.944215: Epoch 73
2025-12-09 07:15:50.946823: Current learning rate: 8e-05
2025-12-09 07:16:54.692329: train_loss 0.6843
2025-12-09 07:16:54.697091: val_loss 0.7039
2025-12-09 07:16:54.699902: val classification accuracy 0.5116
2025-12-09 07:16:54.702407: val auc 0.5898
2025-12-09 07:16:54.705361: Epoch time: 63.75 s
2025-12-09 07:16:55.444631: 
2025-12-09 07:16:55.447843: Epoch 74
2025-12-09 07:16:55.450362: Current learning rate: 8e-05
2025-12-09 07:17:59.591923: train_loss 0.679
2025-12-09 07:17:59.597226: val_loss 0.6401
2025-12-09 07:17:59.600431: val classification accuracy 0.6163
2025-12-09 07:17:59.603400: val auc 0.6796
2025-12-09 07:17:59.605989: Epoch time: 64.15 s
2025-12-09 07:18:00.343815: 
2025-12-09 07:18:00.347724: Epoch 75
2025-12-09 07:18:00.350310: Current learning rate: 8e-05
2025-12-09 07:19:04.585496: train_loss 0.6575
2025-12-09 07:19:04.590052: val_loss 0.7332
2025-12-09 07:19:04.592513: val classification accuracy 0.5465
2025-12-09 07:19:04.595201: val auc 0.5303
2025-12-09 07:19:04.598108: Epoch time: 64.24 s
2025-12-09 07:19:05.348935: 
2025-12-09 07:19:05.352450: Epoch 76
2025-12-09 07:19:05.355442: Current learning rate: 8e-05
2025-12-09 07:20:09.416753: train_loss 0.6681
2025-12-09 07:20:09.421363: val_loss 0.6965
2025-12-09 07:20:09.424333: val classification accuracy 0.5581
2025-12-09 07:20:09.427196: val auc 0.5911
2025-12-09 07:20:09.430093: Epoch time: 64.07 s
2025-12-09 07:20:10.164731: 
2025-12-09 07:20:10.168443: Epoch 77
2025-12-09 07:20:10.170922: Current learning rate: 8e-05
2025-12-09 07:21:14.478910: train_loss 0.682
2025-12-09 07:21:14.483488: val_loss 0.6781
2025-12-09 07:21:14.486373: val classification accuracy 0.593
2025-12-09 07:21:14.489003: val auc 0.6001
2025-12-09 07:21:14.491650: Epoch time: 64.32 s
2025-12-09 07:21:15.241496: 
2025-12-09 07:21:15.244852: Epoch 78
2025-12-09 07:21:15.247163: Current learning rate: 8e-05
2025-12-09 07:22:19.612904: train_loss 0.6754
2025-12-09 07:22:19.634787: val_loss 0.6582
2025-12-09 07:22:19.642065: val classification accuracy 0.593
2025-12-09 07:22:19.647847: val auc 0.6663
2025-12-09 07:22:19.652852: Epoch time: 64.37 s
2025-12-09 07:22:20.422215: 
2025-12-09 07:22:20.426091: Epoch 79
2025-12-09 07:22:20.428803: Current learning rate: 8e-05
2025-12-09 07:23:24.999489: train_loss 0.6905
2025-12-09 07:23:25.004056: val_loss 0.6824
2025-12-09 07:23:25.006640: val classification accuracy 0.593
2025-12-09 07:23:25.009155: val auc 0.6017
2025-12-09 07:23:25.012106: Epoch time: 64.58 s
2025-12-09 07:23:26.961395: Saved periodic checkpoint /hpf/projects/jquon/sumin/nnUNet_data/nnUNet_results/Dataset003_AVM_T1+C/SwinViTTrainer_ep300_NoMirroring__nnUNetResEncUNetLPlans__3d_fullres/fold_0/checkpoint_every20_best_balacc.pth at epoch 79 with val_balanced_accuracy=0.5930
2025-12-09 07:23:27.746336: 
2025-12-09 07:23:27.753753: Epoch 80
2025-12-09 07:23:27.758841: Current learning rate: 8e-05
2025-12-09 07:24:43.615475: train_loss 0.6768
2025-12-09 07:24:43.620249: val_loss 0.6348
2025-12-09 07:24:43.623244: val classification accuracy 0.6279
2025-12-09 07:24:43.626249: val auc 0.7069
2025-12-09 07:24:43.629107: Epoch time: 75.88 s
2025-12-09 07:24:44.374090: 
2025-12-09 07:24:44.377512: Epoch 81
2025-12-09 07:24:44.380089: Current learning rate: 8e-05
2025-12-09 07:25:48.379381: train_loss 0.679
2025-12-09 07:25:48.384480: val_loss 0.7121
2025-12-09 07:25:48.387567: val classification accuracy 0.4884
2025-12-09 07:25:48.391025: val auc 0.53
2025-12-09 07:25:48.393987: Epoch time: 64.01 s
2025-12-09 07:25:49.124179: 
2025-12-09 07:25:49.128139: Epoch 82
2025-12-09 07:25:49.130832: Current learning rate: 8e-05
2025-12-09 07:26:53.162830: train_loss 0.6792
2025-12-09 07:26:53.170416: val_loss 0.6725
2025-12-09 07:26:53.173388: val classification accuracy 0.5814
2025-12-09 07:26:53.176484: val auc 0.6128
2025-12-09 07:26:53.180001: Epoch time: 64.04 s
2025-12-09 07:26:54.685048: 
2025-12-09 07:26:54.688619: Epoch 83
2025-12-09 07:26:54.691194: Current learning rate: 7e-05
2025-12-09 07:27:58.497816: train_loss 0.6809
2025-12-09 07:27:58.503074: val_loss 0.663
2025-12-09 07:27:58.506221: val classification accuracy 0.5814
2025-12-09 07:27:58.509097: val auc 0.6225
2025-12-09 07:27:58.511956: Epoch time: 63.81 s
2025-12-09 07:27:59.250966: 
2025-12-09 07:27:59.254723: Epoch 84
2025-12-09 07:27:59.257428: Current learning rate: 7e-05
2025-12-09 07:29:03.537329: train_loss 0.6829
2025-12-09 07:29:03.542050: val_loss 0.6142
2025-12-09 07:29:03.544675: val classification accuracy 0.6977
2025-12-09 07:29:03.547280: val auc 0.752
2025-12-09 07:29:03.550146: Epoch time: 64.29 s
2025-12-09 07:29:03.552633: Yayy! New best EMA pseudo Dice: 0.752
2025-12-09 07:29:05.510637: Yayy! New best classification accuracy: 0.6977
2025-12-09 07:29:07.689470: 
2025-12-09 07:29:07.692921: Epoch 85
2025-12-09 07:29:07.695495: Current learning rate: 7e-05
2025-12-09 07:30:12.111697: train_loss 0.7027
2025-12-09 07:30:12.116951: val_loss 0.6714
2025-12-09 07:30:12.119933: val classification accuracy 0.6163
2025-12-09 07:30:12.122857: val auc 0.6228
2025-12-09 07:30:12.125988: Epoch time: 64.42 s
2025-12-09 07:30:12.875687: 
2025-12-09 07:30:12.879440: Epoch 86
2025-12-09 07:30:12.881922: Current learning rate: 7e-05
2025-12-09 07:31:17.349874: train_loss 0.6933
2025-12-09 07:31:17.354601: val_loss 0.7576
2025-12-09 07:31:17.357628: val classification accuracy 0.5116
2025-12-09 07:31:17.360189: val auc 0.4849
2025-12-09 07:31:17.362767: Epoch time: 64.48 s
2025-12-09 07:31:18.104475: 
2025-12-09 07:31:18.107549: Epoch 87
2025-12-09 07:31:18.110113: Current learning rate: 7e-05
2025-12-09 07:32:22.565455: train_loss 0.7161
2025-12-09 07:32:22.570563: val_loss 0.7543
2025-12-09 07:32:22.573398: val classification accuracy 0.5349
2025-12-09 07:32:22.576218: val auc 0.4878
2025-12-09 07:32:22.579062: Epoch time: 64.46 s
2025-12-09 07:32:23.296311: 
2025-12-09 07:32:23.299911: Epoch 88
2025-12-09 07:32:23.302433: Current learning rate: 7e-05
2025-12-09 07:33:27.520525: train_loss 0.6787
2025-12-09 07:33:27.525350: val_loss 0.8237
2025-12-09 07:33:27.528620: val classification accuracy 0.4651
2025-12-09 07:33:27.531488: val auc 0.4581
2025-12-09 07:33:27.534365: Epoch time: 64.23 s
2025-12-09 07:33:28.282175: 
2025-12-09 07:33:28.287052: Epoch 89
2025-12-09 07:33:28.290164: Current learning rate: 7e-05
2025-12-09 07:34:32.614053: train_loss 0.6815
2025-12-09 07:34:32.620200: val_loss 0.6908
2025-12-09 07:34:32.640242: val classification accuracy 0.5116
2025-12-09 07:34:32.644109: val auc 0.5411
2025-12-09 07:34:32.647279: Epoch time: 64.33 s
2025-12-09 07:34:33.370731: 
2025-12-09 07:34:33.374528: Epoch 90
2025-12-09 07:34:33.377308: Current learning rate: 7e-05
2025-12-09 07:35:37.389254: train_loss 0.69
2025-12-09 07:35:37.440198: val_loss 0.6986
2025-12-09 07:35:37.443761: val classification accuracy 0.6279
2025-12-09 07:35:37.447761: val auc 0.6425
2025-12-09 07:35:37.451463: Epoch time: 64.02 s
2025-12-09 07:35:38.183216: 
2025-12-09 07:35:38.187795: Epoch 91
2025-12-09 07:35:38.190511: Current learning rate: 7e-05
2025-12-09 07:36:42.424013: train_loss 0.668
2025-12-09 07:36:42.431397: val_loss 0.747
2025-12-09 07:36:42.434412: val classification accuracy 0.4651
2025-12-09 07:36:42.437998: val auc 0.5008
2025-12-09 07:36:42.440820: Epoch time: 64.24 s
2025-12-09 07:36:43.167989: 
2025-12-09 07:36:43.171516: Epoch 92
2025-12-09 07:36:43.174015: Current learning rate: 7e-05
2025-12-09 07:37:47.843305: train_loss 0.6641
2025-12-09 07:37:47.847438: val_loss 0.7123
2025-12-09 07:37:47.850183: val classification accuracy 0.4767
2025-12-09 07:37:47.852821: val auc 0.5611
2025-12-09 07:37:47.856114: Epoch time: 64.68 s
2025-12-09 07:37:48.586950: 
2025-12-09 07:37:48.590774: Epoch 93
2025-12-09 07:37:48.593523: Current learning rate: 7e-05
2025-12-09 07:38:52.970628: train_loss 0.6785
2025-12-09 07:38:52.991285: val_loss 0.645
2025-12-09 07:38:52.999317: val classification accuracy 0.686
2025-12-09 07:38:53.004830: val auc 0.7104
2025-12-09 07:38:53.009229: Epoch time: 64.38 s
2025-12-09 07:38:53.742119: 
2025-12-09 07:38:53.745374: Epoch 94
2025-12-09 07:38:53.747858: Current learning rate: 7e-05
2025-12-09 07:39:57.821948: train_loss 0.668
2025-12-09 07:39:57.826840: val_loss 0.7076
2025-12-09 07:39:57.829897: val classification accuracy 0.5
2025-12-09 07:39:57.833068: val auc 0.5035
2025-12-09 07:39:57.835734: Epoch time: 64.08 s
2025-12-09 07:39:58.562607: 
2025-12-09 07:39:58.566481: Epoch 95
2025-12-09 07:39:58.569446: Current learning rate: 7e-05
2025-12-09 07:41:03.060278: train_loss 0.6764
2025-12-09 07:41:03.081890: val_loss 0.7252
2025-12-09 07:41:03.087013: val classification accuracy 0.5349
2025-12-09 07:41:03.090509: val auc 0.5698
2025-12-09 07:41:03.093940: Epoch time: 64.5 s
2025-12-09 07:41:03.838271: 
2025-12-09 07:41:03.844008: Epoch 96
2025-12-09 07:41:03.846789: Current learning rate: 7e-05
2025-12-09 07:42:08.307940: train_loss 0.652
2025-12-09 07:42:08.312579: val_loss 0.7256
2025-12-09 07:42:08.315778: val classification accuracy 0.5465
2025-12-09 07:42:08.318614: val auc 0.6209
2025-12-09 07:42:08.321309: Epoch time: 64.47 s
2025-12-09 07:42:09.053534: 
2025-12-09 07:42:09.057096: Epoch 97
2025-12-09 07:42:09.059844: Current learning rate: 7e-05
2025-12-09 07:43:13.030699: train_loss 0.7213
2025-12-09 07:43:13.035607: val_loss 0.6477
2025-12-09 07:43:13.039062: val classification accuracy 0.5698
2025-12-09 07:43:13.042047: val auc 0.7442
2025-12-09 07:43:13.045433: Epoch time: 63.98 s
2025-12-09 07:43:13.797097: 
2025-12-09 07:43:13.800939: Epoch 98
2025-12-09 07:43:13.803899: Current learning rate: 7e-05
2025-12-09 07:44:18.036602: train_loss 0.6606
2025-12-09 07:44:18.041502: val_loss 0.7345
2025-12-09 07:44:18.045011: val classification accuracy 0.5465
2025-12-09 07:44:18.048324: val auc 0.6084
2025-12-09 07:44:18.051613: Epoch time: 64.24 s
2025-12-09 07:44:19.589206: 
2025-12-09 07:44:19.593014: Epoch 99
2025-12-09 07:44:19.595829: Current learning rate: 7e-05
2025-12-09 07:45:23.829864: train_loss 0.6959
2025-12-09 07:45:23.837857: val_loss 0.6444
2025-12-09 07:45:23.840974: val classification accuracy 0.6163
2025-12-09 07:45:23.844023: val auc 0.7217
2025-12-09 07:45:23.847194: Epoch time: 64.24 s
2025-12-09 07:45:25.841775: Saved periodic checkpoint /hpf/projects/jquon/sumin/nnUNet_data/nnUNet_results/Dataset003_AVM_T1+C/SwinViTTrainer_ep300_NoMirroring__nnUNetResEncUNetLPlans__3d_fullres/fold_0/checkpoint_every20_best_balacc.pth at epoch 99 with val_balanced_accuracy=0.6163
2025-12-09 07:45:26.580026: 
2025-12-09 07:45:26.583841: Epoch 100
2025-12-09 07:45:26.586479: Current learning rate: 7e-05
2025-12-09 07:46:30.612163: train_loss 0.687
2025-12-09 07:46:30.616906: val_loss 0.7
2025-12-09 07:46:30.619765: val classification accuracy 0.5581
2025-12-09 07:46:30.622839: val auc 0.5281
2025-12-09 07:46:30.625697: Epoch time: 64.03 s
2025-12-09 07:46:31.386741: 
2025-12-09 07:46:31.390350: Epoch 101
2025-12-09 07:46:31.392763: Current learning rate: 7e-05
2025-12-09 07:47:35.584128: train_loss 0.6924
2025-12-09 07:47:35.588424: val_loss 0.6984
2025-12-09 07:47:35.591882: val classification accuracy 0.5116
2025-12-09 07:47:35.594966: val auc 0.5338
2025-12-09 07:47:35.598283: Epoch time: 64.2 s
2025-12-09 07:47:36.349501: 
2025-12-09 07:47:36.353124: Epoch 102
2025-12-09 07:47:36.355764: Current learning rate: 7e-05
2025-12-09 07:48:40.301014: train_loss 0.6803
2025-12-09 07:48:40.306285: val_loss 0.757
2025-12-09 07:48:40.309339: val classification accuracy 0.5465
2025-12-09 07:48:40.312193: val auc 0.5435
2025-12-09 07:48:40.316887: Epoch time: 63.95 s
2025-12-09 07:48:41.074763: 
2025-12-09 07:48:41.078372: Epoch 103
2025-12-09 07:48:41.085224: Current learning rate: 7e-05
2025-12-09 07:49:45.233085: train_loss 0.6736
2025-12-09 07:49:45.237890: val_loss 0.7336
2025-12-09 07:49:45.241211: val classification accuracy 0.4767
2025-12-09 07:49:45.244382: val auc 0.5297
2025-12-09 07:49:45.247422: Epoch time: 64.16 s
2025-12-09 07:49:45.985416: 
2025-12-09 07:49:45.989075: Epoch 104
2025-12-09 07:49:45.991905: Current learning rate: 7e-05
2025-12-09 07:50:50.303184: train_loss 0.6528
2025-12-09 07:50:50.307754: val_loss 0.6615
2025-12-09 07:50:50.310897: val classification accuracy 0.6047
2025-12-09 07:50:50.313781: val auc 0.6441
2025-12-09 07:50:50.316701: Epoch time: 64.32 s
2025-12-09 07:50:51.069729: 
2025-12-09 07:50:51.073080: Epoch 105
2025-12-09 07:50:51.075753: Current learning rate: 7e-05
2025-12-09 07:51:55.291330: train_loss 0.6808
2025-12-09 07:51:55.295717: val_loss 0.6739
2025-12-09 07:51:55.298232: val classification accuracy 0.5349
2025-12-09 07:51:55.301190: val auc 0.6049
2025-12-09 07:51:55.308355: Epoch time: 64.22 s
2025-12-09 07:51:56.073745: 
2025-12-09 07:51:56.077007: Epoch 106
2025-12-09 07:51:56.079667: Current learning rate: 7e-05
2025-12-09 07:53:00.759277: train_loss 0.67
2025-12-09 07:53:00.773165: val_loss 0.6437
2025-12-09 07:53:00.778449: val classification accuracy 0.6163
2025-12-09 07:53:00.781830: val auc 0.7044
2025-12-09 07:53:00.786251: Epoch time: 64.69 s
2025-12-09 07:53:01.576232: 
2025-12-09 07:53:01.590367: Epoch 107
2025-12-09 07:53:01.595641: Current learning rate: 7e-05
2025-12-09 07:54:06.168409: train_loss 0.6675
2025-12-09 07:54:06.281061: val_loss 0.6905
2025-12-09 07:54:06.289909: val classification accuracy 0.6512
2025-12-09 07:54:06.294315: val auc 0.5984
2025-12-09 07:54:06.299264: Epoch time: 64.59 s
2025-12-09 07:54:07.124321: 
2025-12-09 07:54:07.130338: Epoch 108
2025-12-09 07:54:07.134008: Current learning rate: 7e-05
2025-12-09 07:55:11.691449: train_loss 0.67
2025-12-09 07:55:11.695315: val_loss 0.712
2025-12-09 07:55:11.698445: val classification accuracy 0.5233
2025-12-09 07:55:11.701325: val auc 0.5579
2025-12-09 07:55:11.704116: Epoch time: 64.57 s
2025-12-09 07:55:12.432988: 
2025-12-09 07:55:12.436491: Epoch 109
2025-12-09 07:55:12.439066: Current learning rate: 7e-05
2025-12-09 07:56:16.542692: train_loss 0.6959
2025-12-09 07:56:16.548032: val_loss 0.654
2025-12-09 07:56:16.551629: val classification accuracy 0.5698
2025-12-09 07:56:16.554906: val auc 0.6763
2025-12-09 07:56:16.558121: Epoch time: 64.11 s
2025-12-09 07:56:17.433124: 
2025-12-09 07:56:17.437124: Epoch 110
2025-12-09 07:56:17.440473: Current learning rate: 7e-05
2025-12-09 07:57:21.843098: train_loss 0.6487
2025-12-09 07:57:21.847564: val_loss 0.6791
2025-12-09 07:57:21.851943: val classification accuracy 0.5349
2025-12-09 07:57:21.855794: val auc 0.5982
2025-12-09 07:57:21.858919: Epoch time: 64.41 s
2025-12-09 07:57:22.591553: 
2025-12-09 07:57:22.595080: Epoch 111
2025-12-09 07:57:22.598300: Current learning rate: 7e-05
2025-12-09 07:58:27.381995: train_loss 0.7195
2025-12-09 07:58:27.385988: val_loss 0.7245
2025-12-09 07:58:27.388988: val classification accuracy 0.5349
2025-12-09 07:58:27.394400: val auc 0.6236
2025-12-09 07:58:27.397685: Epoch time: 64.79 s
2025-12-09 07:58:28.170959: 
2025-12-09 07:58:28.175169: Epoch 112
2025-12-09 07:58:28.178734: Current learning rate: 7e-05
2025-12-09 07:59:32.840903: train_loss 0.6801
2025-12-09 07:59:32.853171: val_loss 0.7035
2025-12-09 07:59:32.858173: val classification accuracy 0.5116
2025-12-09 07:59:32.863698: val auc 0.5068
2025-12-09 07:59:32.870574: Epoch time: 64.67 s
2025-12-09 07:59:33.586719: 
2025-12-09 07:59:33.590430: Epoch 113
2025-12-09 07:59:33.593006: Current learning rate: 7e-05
2025-12-09 08:00:38.009793: train_loss 0.6953
2025-12-09 08:00:38.013727: val_loss 0.8112
2025-12-09 08:00:38.016458: val classification accuracy 0.4884
2025-12-09 08:00:38.019265: val auc 0.5005
2025-12-09 08:00:38.022197: Epoch time: 64.42 s
2025-12-09 08:00:38.752529: 
2025-12-09 08:00:38.756410: Epoch 114
2025-12-09 08:00:38.758761: Current learning rate: 7e-05
2025-12-09 08:01:43.964996: train_loss 0.6673
2025-12-09 08:01:43.969431: val_loss 0.6955
2025-12-09 08:01:43.972159: val classification accuracy 0.5698
2025-12-09 08:01:43.974888: val auc 0.603
2025-12-09 08:01:43.978048: Epoch time: 65.21 s
2025-12-09 08:01:44.689163: 
2025-12-09 08:01:44.692624: Epoch 115
2025-12-09 08:01:44.697346: Current learning rate: 6e-05
2025-12-09 08:02:49.091456: train_loss 0.6636
2025-12-09 08:02:49.101651: val_loss 0.704
2025-12-09 08:02:49.105177: val classification accuracy 0.5814
2025-12-09 08:02:49.109108: val auc 0.5511
2025-12-09 08:02:49.112720: Epoch time: 64.4 s
2025-12-09 08:02:49.819676: 
2025-12-09 08:02:49.822896: Epoch 116
2025-12-09 08:02:49.825290: Current learning rate: 6e-05
2025-12-09 08:03:54.605565: train_loss 0.6709
2025-12-09 08:03:54.609592: val_loss 0.7036
2025-12-09 08:03:54.612802: val classification accuracy 0.5349
2025-12-09 08:03:54.615490: val auc 0.5744
2025-12-09 08:03:54.620683: Epoch time: 64.79 s
2025-12-09 08:03:55.319622: 
2025-12-09 08:03:55.322548: Epoch 117
2025-12-09 08:03:55.325113: Current learning rate: 6e-05
2025-12-09 08:04:58.330835: train_loss 0.6728
2025-12-09 08:04:58.343295: val_loss 0.7101
2025-12-09 08:04:58.346405: val classification accuracy 0.5465
2025-12-09 08:04:58.349162: val auc 0.6187
2025-12-09 08:04:58.353009: Epoch time: 63.01 s
2025-12-09 08:04:59.044397: 
2025-12-09 08:04:59.048332: Epoch 118
2025-12-09 08:04:59.050656: Current learning rate: 6e-05
2025-12-09 08:06:01.809825: train_loss 0.6775
2025-12-09 08:06:01.826087: val_loss 0.6747
2025-12-09 08:06:01.828642: val classification accuracy 0.6047
2025-12-09 08:06:01.831289: val auc 0.6201
2025-12-09 08:06:01.834616: Epoch time: 62.77 s
2025-12-09 08:06:02.521453: 
2025-12-09 08:06:02.524832: Epoch 119
2025-12-09 08:06:02.527096: Current learning rate: 6e-05
2025-12-09 08:07:05.696309: train_loss 0.6603
2025-12-09 08:07:05.702635: val_loss 0.6536
2025-12-09 08:07:05.706698: val classification accuracy 0.6163
2025-12-09 08:07:05.709838: val auc 0.6998
2025-12-09 08:07:05.712815: Epoch time: 63.18 s
2025-12-09 08:07:06.471291: 
2025-12-09 08:07:06.475809: Epoch 120
2025-12-09 08:07:06.478461: Current learning rate: 6e-05
2025-12-09 08:08:11.040397: train_loss 0.6903
2025-12-09 08:08:11.122086: val_loss 0.7057
2025-12-09 08:08:11.128703: val classification accuracy 0.5698
2025-12-09 08:08:11.142167: val auc 0.5998
2025-12-09 08:08:11.149769: Epoch time: 64.57 s
2025-12-09 08:08:12.104696: 
2025-12-09 08:08:12.110574: Epoch 121
2025-12-09 08:08:12.115151: Current learning rate: 6e-05
2025-12-09 08:09:16.844869: train_loss 0.6794
2025-12-09 08:09:16.922929: val_loss 0.6888
2025-12-09 08:09:16.926291: val classification accuracy 0.5465
2025-12-09 08:09:16.929849: val auc 0.5681
2025-12-09 08:09:16.936408: Epoch time: 64.74 s
2025-12-09 08:09:17.676173: 
2025-12-09 08:09:17.680085: Epoch 122
2025-12-09 08:09:17.683103: Current learning rate: 6e-05
2025-12-09 08:10:24.107476: train_loss 0.6776
2025-12-09 08:10:24.166777: val_loss 0.7953
2025-12-09 08:10:24.201962: val classification accuracy 0.593
2025-12-09 08:10:24.207823: val auc 0.6479
2025-12-09 08:10:24.211008: Epoch time: 66.43 s
2025-12-09 08:10:24.953115: 
2025-12-09 08:10:24.962867: Epoch 123
2025-12-09 08:10:24.975018: Current learning rate: 6e-05
2025-12-09 08:11:31.447183: train_loss 0.7279
2025-12-09 08:11:31.451999: val_loss 0.611
2025-12-09 08:11:31.454966: val classification accuracy 0.686
2025-12-09 08:11:31.457942: val auc 0.7523
2025-12-09 08:11:31.461009: Epoch time: 66.5 s
2025-12-09 08:11:31.463530: Yayy! New best EMA pseudo Dice: 0.7523
2025-12-09 08:11:34.078638: 
2025-12-09 08:11:34.082011: Epoch 124
2025-12-09 08:11:34.084601: Current learning rate: 6e-05
2025-12-09 08:12:40.225728: train_loss 0.6774
2025-12-09 08:12:40.230337: val_loss 0.6846
2025-12-09 08:12:40.233454: val classification accuracy 0.5465
2025-12-09 08:12:40.236394: val auc 0.586
2025-12-09 08:12:40.238989: Epoch time: 66.15 s
2025-12-09 08:12:41.010374: 
2025-12-09 08:12:41.013834: Epoch 125
2025-12-09 08:12:41.017153: Current learning rate: 6e-05
2025-12-09 08:13:47.014637: train_loss 0.6737
2025-12-09 08:13:47.043817: val_loss 0.68
2025-12-09 08:13:47.056680: val classification accuracy 0.5349
2025-12-09 08:13:47.059297: val auc 0.6236
2025-12-09 08:13:47.063814: Epoch time: 66.01 s
2025-12-09 08:13:47.846897: 
2025-12-09 08:13:47.857047: Epoch 126
2025-12-09 08:13:47.864891: Current learning rate: 6e-05
2025-12-09 08:14:53.057779: train_loss 0.6652
2025-12-09 08:14:53.095735: val_loss 0.6773
2025-12-09 08:14:53.102429: val classification accuracy 0.593
2025-12-09 08:14:53.126555: val auc 0.5822
2025-12-09 08:14:53.144866: Epoch time: 65.21 s
2025-12-09 08:14:54.115124: 
2025-12-09 08:14:54.118560: Epoch 127
2025-12-09 08:14:54.120956: Current learning rate: 6e-05
2025-12-09 08:16:00.064779: train_loss 0.6891
2025-12-09 08:16:00.212252: val_loss 0.7089
2025-12-09 08:16:00.227929: val classification accuracy 0.4651
2025-12-09 08:16:00.232980: val auc 0.4908
2025-12-09 08:16:00.259625: Epoch time: 65.95 s
2025-12-09 08:16:01.157706: 
2025-12-09 08:16:01.176124: Epoch 128
2025-12-09 08:16:01.181379: Current learning rate: 6e-05
2025-12-09 08:17:07.690272: train_loss 0.6494
2025-12-09 08:17:07.722885: val_loss 0.6826
2025-12-09 08:17:07.734580: val classification accuracy 0.6395
2025-12-09 08:17:07.739722: val auc 0.649
2025-12-09 08:17:07.742932: Epoch time: 66.53 s
2025-12-09 08:17:08.476830: 
2025-12-09 08:17:08.483565: Epoch 129
2025-12-09 08:17:08.487303: Current learning rate: 6e-05
2025-12-09 08:18:14.097698: train_loss 0.6808
2025-12-09 08:18:14.105246: val_loss 0.6502
2025-12-09 08:18:14.108541: val classification accuracy 0.7209
2025-12-09 08:18:14.133382: val auc 0.6796
2025-12-09 08:18:14.157619: Epoch time: 65.62 s
2025-12-09 08:18:14.160902: Yayy! New best classification accuracy: 0.7209
2025-12-09 08:18:17.773711: 
2025-12-09 08:18:17.778934: Epoch 130
2025-12-09 08:18:17.782327: Current learning rate: 6e-05
2025-12-09 08:19:23.595577: train_loss 0.6615
2025-12-09 08:19:23.607430: val_loss 0.7559
2025-12-09 08:19:23.614330: val classification accuracy 0.5465
2025-12-09 08:19:23.620784: val auc 0.5411
2025-12-09 08:19:23.625956: Epoch time: 65.82 s
2025-12-09 08:19:24.368751: 
2025-12-09 08:19:24.372343: Epoch 131
2025-12-09 08:19:24.374926: Current learning rate: 6e-05
2025-12-09 08:20:30.123921: train_loss 0.6911
2025-12-09 08:20:30.165368: val_loss 0.6505
2025-12-09 08:20:30.170207: val classification accuracy 0.6628
2025-12-09 08:20:30.174116: val auc 0.6858
2025-12-09 08:20:30.205183: Epoch time: 65.76 s
2025-12-09 08:20:30.941351: 
2025-12-09 08:20:30.945505: Epoch 132
2025-12-09 08:20:30.950682: Current learning rate: 6e-05
2025-12-09 08:21:37.572659: train_loss 0.6629
2025-12-09 08:21:37.579298: val_loss 0.6581
2025-12-09 08:21:37.584520: val classification accuracy 0.5698
2025-12-09 08:21:37.589473: val auc 0.6433
2025-12-09 08:21:37.592266: Epoch time: 66.63 s
2025-12-09 08:21:38.356714: 
2025-12-09 08:21:38.362668: Epoch 133
2025-12-09 08:21:38.366318: Current learning rate: 6e-05
2025-12-09 08:22:44.752757: train_loss 0.6412
2025-12-09 08:22:44.794683: val_loss 0.6894
2025-12-09 08:22:44.798032: val classification accuracy 0.5465
2025-12-09 08:22:44.801508: val auc 0.5936
2025-12-09 08:22:44.804822: Epoch time: 66.4 s
2025-12-09 08:22:45.645162: 
2025-12-09 08:22:45.651845: Epoch 134
2025-12-09 08:22:45.655972: Current learning rate: 6e-05
2025-12-09 08:23:49.947087: train_loss 0.6667
2025-12-09 08:23:49.977952: val_loss 0.6377
2025-12-09 08:23:49.983300: val classification accuracy 0.6163
2025-12-09 08:23:49.988572: val auc 0.735
2025-12-09 08:23:49.994032: Epoch time: 64.3 s
2025-12-09 08:23:50.767814: 
2025-12-09 08:23:50.775403: Epoch 135
2025-12-09 08:23:50.779787: Current learning rate: 6e-05
2025-12-09 08:24:56.256298: train_loss 0.6425
2025-12-09 08:24:56.352179: val_loss 0.6047
2025-12-09 08:24:56.360548: val classification accuracy 0.6744
2025-12-09 08:24:56.363743: val auc 0.7277
2025-12-09 08:24:56.366576: Epoch time: 65.49 s
2025-12-09 08:24:57.197857: 
2025-12-09 08:24:57.204535: Epoch 136
2025-12-09 08:24:57.210711: Current learning rate: 6e-05
2025-12-09 08:26:02.877808: train_loss 0.6288
2025-12-09 08:26:02.890693: val_loss 0.7231
2025-12-09 08:26:02.897719: val classification accuracy 0.6047
2025-12-09 08:26:02.904177: val auc 0.6203
2025-12-09 08:26:02.909483: Epoch time: 65.68 s
2025-12-09 08:26:03.683542: 
2025-12-09 08:26:03.687300: Epoch 137
2025-12-09 08:26:03.690011: Current learning rate: 6e-05
2025-12-09 08:27:09.183068: train_loss 0.6699
2025-12-09 08:27:09.188897: val_loss 0.7531
2025-12-09 08:27:09.191987: val classification accuracy 0.5349
2025-12-09 08:27:09.201181: val auc 0.5008
2025-12-09 08:27:09.206701: Epoch time: 65.5 s
2025-12-09 08:27:09.959380: 
2025-12-09 08:27:09.962759: Epoch 138
2025-12-09 08:27:09.965417: Current learning rate: 6e-05
2025-12-09 08:28:16.383124: train_loss 0.6509
2025-12-09 08:28:16.387762: val_loss 0.591
2025-12-09 08:28:16.390295: val classification accuracy 0.6744
2025-12-09 08:28:16.393068: val auc 0.7626
2025-12-09 08:28:16.395926: Epoch time: 66.42 s
2025-12-09 08:28:16.398515: Yayy! New best EMA pseudo Dice: 0.7626
2025-12-09 08:28:19.119723: 
2025-12-09 08:28:19.129582: Epoch 139
2025-12-09 08:28:19.134269: Current learning rate: 6e-05
2025-12-09 08:29:24.672859: train_loss 0.6551
2025-12-09 08:29:24.681039: val_loss 0.5698
2025-12-09 08:29:24.685529: val classification accuracy 0.8023
2025-12-09 08:29:24.689520: val auc 0.8634
2025-12-09 08:29:24.693639: Epoch time: 65.55 s
2025-12-09 08:29:26.806368: Saved periodic checkpoint /hpf/projects/jquon/sumin/nnUNet_data/nnUNet_results/Dataset003_AVM_T1+C/SwinViTTrainer_ep300_NoMirroring__nnUNetResEncUNetLPlans__3d_fullres/fold_0/checkpoint_every20_best_balacc.pth at epoch 139 with val_balanced_accuracy=0.8023
2025-12-09 08:29:26.818640: Yayy! New best EMA pseudo Dice: 0.8634
2025-12-09 08:29:28.913670: Yayy! New best classification accuracy: 0.8023
2025-12-09 08:29:31.236327: 
2025-12-09 08:29:31.239991: Epoch 140
2025-12-09 08:29:31.246438: Current learning rate: 6e-05
2025-12-09 08:30:37.027276: train_loss 0.6783
2025-12-09 08:30:37.058095: val_loss 0.7345
2025-12-09 08:30:37.077124: val classification accuracy 0.5349
2025-12-09 08:30:37.095323: val auc 0.573
2025-12-09 08:30:37.113053: Epoch time: 65.79 s
2025-12-09 08:30:37.884690: 
2025-12-09 08:30:37.892119: Epoch 141
2025-12-09 08:30:37.894678: Current learning rate: 6e-05
2025-12-09 08:31:42.990979: train_loss 0.6634
2025-12-09 08:31:42.996907: val_loss 0.6391
2025-12-09 08:31:43.000399: val classification accuracy 0.6744
2025-12-09 08:31:43.003922: val auc 0.686
2025-12-09 08:31:43.007467: Epoch time: 65.11 s
2025-12-09 08:31:43.740395: 
2025-12-09 08:31:43.744159: Epoch 142
2025-12-09 08:31:43.747165: Current learning rate: 6e-05
2025-12-09 08:32:48.610760: train_loss 0.653
2025-12-09 08:32:48.624642: val_loss 0.6219
2025-12-09 08:32:48.629380: val classification accuracy 0.686
2025-12-09 08:32:48.633610: val auc 0.7618
2025-12-09 08:32:48.637962: Epoch time: 64.87 s
2025-12-09 08:32:49.391621: 
2025-12-09 08:32:49.396301: Epoch 143
2025-12-09 08:32:49.399764: Current learning rate: 6e-05
2025-12-09 08:33:55.088850: train_loss 0.658
2025-12-09 08:33:55.109009: val_loss 0.6146
2025-12-09 08:33:55.119421: val classification accuracy 0.7093
2025-12-09 08:33:55.126157: val auc 0.7098
2025-12-09 08:33:55.131128: Epoch time: 65.7 s
2025-12-09 08:33:55.885252: 
2025-12-09 08:33:55.888699: Epoch 144
2025-12-09 08:33:55.895040: Current learning rate: 6e-05
2025-12-09 08:35:01.263957: train_loss 0.6421
2025-12-09 08:35:01.285367: val_loss 0.6073
2025-12-09 08:35:01.292252: val classification accuracy 0.6628
2025-12-09 08:35:01.298726: val auc 0.7301
2025-12-09 08:35:01.303782: Epoch time: 65.38 s
2025-12-09 08:35:02.067759: 
2025-12-09 08:35:02.071421: Epoch 145
2025-12-09 08:35:02.074101: Current learning rate: 6e-05
2025-12-09 08:36:07.565072: train_loss 0.6634
2025-12-09 08:36:07.570974: val_loss 0.6636
2025-12-09 08:36:07.574040: val classification accuracy 0.5581
2025-12-09 08:36:07.577561: val auc 0.6193
2025-12-09 08:36:07.580656: Epoch time: 65.5 s
2025-12-09 08:36:09.102030: 
2025-12-09 08:36:09.105311: Epoch 146
2025-12-09 08:36:09.107960: Current learning rate: 5e-05
2025-12-09 08:37:14.401610: train_loss 0.6378
2025-12-09 08:37:14.407601: val_loss 0.6604
2025-12-09 08:37:14.411048: val classification accuracy 0.593
2025-12-09 08:37:14.414932: val auc 0.6468
2025-12-09 08:37:14.418099: Epoch time: 65.3 s
2025-12-09 08:37:15.159741: 
2025-12-09 08:37:15.163791: Epoch 147
2025-12-09 08:37:15.167045: Current learning rate: 5e-05
2025-12-09 08:38:20.915661: train_loss 0.6436
2025-12-09 08:38:20.957939: val_loss 0.6916
2025-12-09 08:38:20.961375: val classification accuracy 0.5465
2025-12-09 08:38:20.964541: val auc 0.5538
2025-12-09 08:38:20.967670: Epoch time: 65.76 s
2025-12-09 08:38:21.804189: 
2025-12-09 08:38:21.808263: Epoch 148
2025-12-09 08:38:21.813025: Current learning rate: 5e-05
2025-12-09 08:39:25.967708: train_loss 0.6523
2025-12-09 08:39:25.975969: val_loss 0.6467
2025-12-09 08:39:25.979733: val classification accuracy 0.593
2025-12-09 08:39:25.984673: val auc 0.6533
2025-12-09 08:39:25.989192: Epoch time: 64.16 s
2025-12-09 08:39:26.800755: 
2025-12-09 08:39:26.804514: Epoch 149
2025-12-09 08:39:26.808091: Current learning rate: 5e-05
2025-12-09 08:40:33.252445: train_loss 0.6719
2025-12-09 08:40:33.272620: val_loss 0.6507
2025-12-09 08:40:33.281069: val classification accuracy 0.6977
2025-12-09 08:40:33.284317: val auc 0.7374
2025-12-09 08:40:33.291116: Epoch time: 66.45 s
2025-12-09 08:40:34.104952: 
2025-12-09 08:40:34.116671: Epoch 150
2025-12-09 08:40:34.123706: Current learning rate: 5e-05
2025-12-09 08:41:40.382730: train_loss 0.6505
2025-12-09 08:41:40.387937: val_loss 0.6117
2025-12-09 08:41:40.391747: val classification accuracy 0.7093
2025-12-09 08:41:40.395307: val auc 0.7461
2025-12-09 08:41:40.398766: Epoch time: 66.28 s
2025-12-09 08:41:41.260186: 
2025-12-09 08:41:41.268990: Epoch 151
2025-12-09 08:41:41.280090: Current learning rate: 5e-05
2025-12-09 08:42:47.163845: train_loss 0.6597
2025-12-09 08:42:47.174995: val_loss 0.6784
2025-12-09 08:42:47.179842: val classification accuracy 0.5698
2025-12-09 08:42:47.182937: val auc 0.5917
2025-12-09 08:42:47.186494: Epoch time: 65.9 s
2025-12-09 08:42:47.914181: 
2025-12-09 08:42:47.934124: Epoch 152
2025-12-09 08:42:47.946408: Current learning rate: 5e-05
2025-12-09 08:43:54.479292: train_loss 0.6752
2025-12-09 08:43:54.571162: val_loss 0.6615
2025-12-09 08:43:54.574834: val classification accuracy 0.6279
2025-12-09 08:43:54.577884: val auc 0.6474
2025-12-09 08:43:54.580666: Epoch time: 66.57 s
2025-12-09 08:43:55.437466: 
2025-12-09 08:43:55.448704: Epoch 153
2025-12-09 08:43:55.455442: Current learning rate: 5e-05
2025-12-09 08:45:01.212210: train_loss 0.6453
2025-12-09 08:45:01.217865: val_loss 0.6459
2025-12-09 08:45:01.222593: val classification accuracy 0.6395
2025-12-09 08:45:01.225995: val auc 0.6977
2025-12-09 08:45:01.230487: Epoch time: 65.78 s
2025-12-09 08:45:01.949606: 
2025-12-09 08:45:01.953418: Epoch 154
2025-12-09 08:45:01.956271: Current learning rate: 5e-05
2025-12-09 08:46:07.208714: train_loss 0.6582
2025-12-09 08:46:07.336767: val_loss 0.6288
2025-12-09 08:46:07.339959: val classification accuracy 0.6163
2025-12-09 08:46:07.343067: val auc 0.7088
2025-12-09 08:46:07.346027: Epoch time: 65.26 s
2025-12-09 08:46:08.070438: 
2025-12-09 08:46:08.076128: Epoch 155
2025-12-09 08:46:08.079960: Current learning rate: 5e-05
2025-12-09 08:47:13.196571: train_loss 0.6624
2025-12-09 08:47:13.213392: val_loss 0.6779
2025-12-09 08:47:13.217158: val classification accuracy 0.6047
2025-12-09 08:47:13.222507: val auc 0.6195
2025-12-09 08:47:13.227067: Epoch time: 65.13 s
2025-12-09 08:47:14.009172: 
2025-12-09 08:47:14.015288: Epoch 156
2025-12-09 08:47:14.018682: Current learning rate: 5e-05
2025-12-09 08:48:18.871692: train_loss 0.6726
2025-12-09 08:48:18.878469: val_loss 0.6528
2025-12-09 08:48:18.882664: val classification accuracy 0.5698
2025-12-09 08:48:18.886402: val auc 0.6525
2025-12-09 08:48:18.891080: Epoch time: 64.86 s
2025-12-09 08:48:19.620067: 
2025-12-09 08:48:19.623910: Epoch 157
2025-12-09 08:48:19.626950: Current learning rate: 5e-05
2025-12-09 08:49:24.528898: train_loss 0.6707
2025-12-09 08:49:24.636520: val_loss 0.6349
2025-12-09 08:49:24.640308: val classification accuracy 0.6744
2025-12-09 08:49:24.643675: val auc 0.7198
2025-12-09 08:49:24.647637: Epoch time: 64.91 s
2025-12-09 08:49:25.388637: 
2025-12-09 08:49:25.392317: Epoch 158
2025-12-09 08:49:25.396222: Current learning rate: 5e-05
2025-12-09 08:50:31.127044: train_loss 0.649
2025-12-09 08:50:31.272468: val_loss 0.709
2025-12-09 08:50:31.290663: val classification accuracy 0.5
2025-12-09 08:50:31.293815: val auc 0.5349
2025-12-09 08:50:31.300470: Epoch time: 65.74 s
2025-12-09 08:50:32.134767: 
2025-12-09 08:50:32.148726: Epoch 159
2025-12-09 08:50:32.151854: Current learning rate: 5e-05
2025-12-09 08:51:38.607053: train_loss 0.6443
2025-12-09 08:51:38.623898: val_loss 0.6272
2025-12-09 08:51:38.627109: val classification accuracy 0.6744
2025-12-09 08:51:38.631669: val auc 0.7207
2025-12-09 08:51:38.635262: Epoch time: 66.47 s
2025-12-09 08:51:39.389593: 
2025-12-09 08:51:39.393221: Epoch 160
2025-12-09 08:51:39.395905: Current learning rate: 5e-05
2025-12-09 08:52:45.517934: train_loss 0.6525
2025-12-09 08:52:45.541299: val_loss 0.6196
2025-12-09 08:52:45.544752: val classification accuracy 0.6744
2025-12-09 08:52:45.547558: val auc 0.7131
2025-12-09 08:52:45.550201: Epoch time: 66.13 s
2025-12-09 08:52:46.303403: 
2025-12-09 08:52:46.307176: Epoch 161
2025-12-09 08:52:46.310259: Current learning rate: 5e-05
2025-12-09 08:53:50.944971: train_loss 0.6783
2025-12-09 08:53:50.950759: val_loss 0.6777
2025-12-09 08:53:50.954311: val classification accuracy 0.5581
2025-12-09 08:53:50.957677: val auc 0.5938
2025-12-09 08:53:50.961019: Epoch time: 64.64 s
2025-12-09 08:53:52.561572: 
2025-12-09 08:53:52.565460: Epoch 162
2025-12-09 08:53:52.568106: Current learning rate: 5e-05
2025-12-09 08:54:56.870261: train_loss 0.6621
2025-12-09 08:54:56.876114: val_loss 0.6965
2025-12-09 08:54:56.879668: val classification accuracy 0.5581
2025-12-09 08:54:56.883776: val auc 0.5568
2025-12-09 08:54:56.887290: Epoch time: 64.31 s
2025-12-09 08:54:57.647690: 
2025-12-09 08:54:57.651438: Epoch 163
2025-12-09 08:54:57.654904: Current learning rate: 5e-05
2025-12-09 08:56:03.138569: train_loss 0.6458
2025-12-09 08:56:03.144432: val_loss 0.695
2025-12-09 08:56:03.148361: val classification accuracy 0.5465
2025-12-09 08:56:03.151835: val auc 0.6068
2025-12-09 08:56:03.156644: Epoch time: 65.49 s
2025-12-09 08:56:04.041396: 
2025-12-09 08:56:04.045676: Epoch 164
2025-12-09 08:56:04.050049: Current learning rate: 5e-05
2025-12-09 08:57:10.582783: train_loss 0.6332
2025-12-09 08:57:10.591076: val_loss 0.6542
2025-12-09 08:57:10.594364: val classification accuracy 0.5465
2025-12-09 08:57:10.598904: val auc 0.633
2025-12-09 08:57:10.602395: Epoch time: 66.54 s
2025-12-09 08:57:11.357744: 
2025-12-09 08:57:11.361446: Epoch 165
2025-12-09 08:57:11.364201: Current learning rate: 5e-05
2025-12-09 08:58:17.919216: train_loss 0.6857
2025-12-09 08:58:17.924076: val_loss 0.6818
2025-12-09 08:58:17.927433: val classification accuracy 0.5698
2025-12-09 08:58:17.930534: val auc 0.6195
2025-12-09 08:58:17.933692: Epoch time: 66.56 s
2025-12-09 08:58:18.660224: 
2025-12-09 08:58:18.663774: Epoch 166
2025-12-09 08:58:18.666423: Current learning rate: 5e-05
2025-12-09 08:59:24.512210: train_loss 0.6266
2025-12-09 08:59:24.517174: val_loss 0.6036
2025-12-09 08:59:24.521111: val classification accuracy 0.6395
2025-12-09 08:59:24.526066: val auc 0.7518
2025-12-09 08:59:24.529445: Epoch time: 65.85 s
2025-12-09 08:59:25.360307: 
2025-12-09 08:59:25.365331: Epoch 167
2025-12-09 08:59:25.374346: Current learning rate: 5e-05
2025-12-09 09:00:30.470462: train_loss 0.6605
2025-12-09 09:00:30.477366: val_loss 0.6543
2025-12-09 09:00:30.480997: val classification accuracy 0.593
2025-12-09 09:00:30.484330: val auc 0.6869
2025-12-09 09:00:30.487856: Epoch time: 65.11 s
2025-12-09 09:00:31.292984: 
2025-12-09 09:00:31.296448: Epoch 168
2025-12-09 09:00:31.299309: Current learning rate: 5e-05
2025-12-09 09:01:37.908915: train_loss 0.6675
2025-12-09 09:01:37.931623: val_loss 0.6523
2025-12-09 09:01:37.937536: val classification accuracy 0.6279
2025-12-09 09:01:37.950117: val auc 0.6458
2025-12-09 09:01:37.954362: Epoch time: 66.62 s
2025-12-09 09:01:38.850400: 
2025-12-09 09:01:38.857095: Epoch 169
2025-12-09 09:01:38.862884: Current learning rate: 5e-05
2025-12-09 09:02:44.943226: train_loss 0.6441
2025-12-09 09:02:45.071921: val_loss 0.6074
2025-12-09 09:02:45.082265: val classification accuracy 0.6744
2025-12-09 09:02:45.085967: val auc 0.7163
2025-12-09 09:02:45.098506: Epoch time: 66.09 s
2025-12-09 09:02:45.899210: 
2025-12-09 09:02:45.903330: Epoch 170
2025-12-09 09:02:45.907418: Current learning rate: 5e-05
2025-12-09 09:03:51.560861: train_loss 0.6377
2025-12-09 09:03:51.567136: val_loss 0.6477
2025-12-09 09:03:51.570449: val classification accuracy 0.6279
2025-12-09 09:03:51.573698: val auc 0.7482
2025-12-09 09:03:51.576819: Epoch time: 65.66 s
2025-12-09 09:03:52.310459: 
2025-12-09 09:03:52.313946: Epoch 171
2025-12-09 09:03:52.316704: Current learning rate: 5e-05
2025-12-09 09:04:58.573521: train_loss 0.675
2025-12-09 09:04:58.581294: val_loss 0.6536
2025-12-09 09:04:58.585150: val classification accuracy 0.6279
2025-12-09 09:04:58.588219: val auc 0.7071
2025-12-09 09:04:58.591813: Epoch time: 66.26 s
2025-12-09 09:04:59.400670: 
2025-12-09 09:04:59.408207: Epoch 172
2025-12-09 09:04:59.414704: Current learning rate: 5e-05
2025-12-09 09:06:06.014237: train_loss 0.6389
2025-12-09 09:06:06.023395: val_loss 0.6458
2025-12-09 09:06:06.027445: val classification accuracy 0.6279
2025-12-09 09:06:06.033256: val auc 0.6528
2025-12-09 09:06:06.037734: Epoch time: 66.61 s
2025-12-09 09:06:06.794625: 
2025-12-09 09:06:06.799631: Epoch 173
2025-12-09 09:06:06.804243: Current learning rate: 5e-05
2025-12-09 09:07:12.427052: train_loss 0.6461
2025-12-09 09:07:12.444684: val_loss 0.6441
2025-12-09 09:07:12.449670: val classification accuracy 0.6744
2025-12-09 09:07:12.455135: val auc 0.7044
2025-12-09 09:07:12.459759: Epoch time: 65.63 s
2025-12-09 09:07:13.321244: 
2025-12-09 09:07:13.327399: Epoch 174
2025-12-09 09:07:13.331273: Current learning rate: 5e-05
2025-12-09 09:08:18.580199: train_loss 0.6434
2025-12-09 09:08:18.641587: val_loss 0.617
2025-12-09 09:08:18.645818: val classification accuracy 0.6279
2025-12-09 09:08:18.650790: val auc 0.7098
2025-12-09 09:08:18.655677: Epoch time: 65.26 s
2025-12-09 09:08:19.581606: 
2025-12-09 09:08:19.588980: Epoch 175
2025-12-09 09:08:19.606835: Current learning rate: 5e-05
2025-12-09 09:09:24.335783: train_loss 0.6467
2025-12-09 09:09:24.480206: val_loss 0.5822
2025-12-09 09:09:24.490822: val classification accuracy 0.6977
2025-12-09 09:09:24.501295: val auc 0.7826
2025-12-09 09:09:24.507188: Epoch time: 64.76 s
2025-12-09 09:09:25.414369: 
2025-12-09 09:09:25.420597: Epoch 176
2025-12-09 09:09:25.424315: Current learning rate: 5e-05
2025-12-09 09:10:30.734262: train_loss 0.6526
2025-12-09 09:10:30.777045: val_loss 0.66
2025-12-09 09:10:30.784865: val classification accuracy 0.5581
2025-12-09 09:10:30.791340: val auc 0.6449
2025-12-09 09:10:30.799281: Epoch time: 65.32 s
2025-12-09 09:10:31.770579: 
2025-12-09 09:10:31.774328: Epoch 177
2025-12-09 09:10:31.863995: Current learning rate: 4e-05
2025-12-09 09:11:38.428856: train_loss 0.6437
2025-12-09 09:11:38.434794: val_loss 0.6118
2025-12-09 09:11:38.438585: val classification accuracy 0.6512
2025-12-09 09:11:38.442351: val auc 0.7309
2025-12-09 09:11:38.445992: Epoch time: 66.66 s
2025-12-09 09:11:39.373393: 
2025-12-09 09:11:39.381296: Epoch 178
2025-12-09 09:11:39.385728: Current learning rate: 4e-05
2025-12-09 09:12:45.168045: train_loss 0.6207
2025-12-09 09:12:45.190381: val_loss 0.6461
2025-12-09 09:12:45.196440: val classification accuracy 0.5698
2025-12-09 09:12:45.204142: val auc 0.6452
2025-12-09 09:12:45.208796: Epoch time: 65.8 s
2025-12-09 09:12:46.102887: 
2025-12-09 09:12:46.107322: Epoch 179
2025-12-09 09:12:46.114573: Current learning rate: 4e-05
2025-12-09 09:13:51.336860: train_loss 0.6579
2025-12-09 09:13:51.344385: val_loss 0.6659
2025-12-09 09:13:51.348849: val classification accuracy 0.593
2025-12-09 09:13:51.352901: val auc 0.6317
2025-12-09 09:13:51.357984: Epoch time: 65.24 s
2025-12-09 09:13:52.105115: 
2025-12-09 09:13:52.109710: Epoch 180
2025-12-09 09:13:52.114002: Current learning rate: 4e-05
2025-12-09 09:14:57.701529: train_loss 0.6303
2025-12-09 09:14:57.716608: val_loss 0.656
2025-12-09 09:14:57.721858: val classification accuracy 0.6047
2025-12-09 09:14:57.726337: val auc 0.6685
2025-12-09 09:14:57.730302: Epoch time: 65.6 s
2025-12-09 09:14:58.591668: 
2025-12-09 09:14:58.595958: Epoch 181
2025-12-09 09:14:58.601482: Current learning rate: 4e-05
2025-12-09 09:16:04.476059: train_loss 0.6397
2025-12-09 09:16:04.617275: val_loss 0.674
2025-12-09 09:16:04.622049: val classification accuracy 0.6163
2025-12-09 09:16:04.626142: val auc 0.662
2025-12-09 09:16:04.630447: Epoch time: 65.89 s
2025-12-09 09:16:05.749157: 
2025-12-09 09:16:05.760315: Epoch 182
2025-12-09 09:16:05.766484: Current learning rate: 4e-05
2025-12-09 09:17:11.976952: train_loss 0.647
2025-12-09 09:17:12.120066: val_loss 0.6557
2025-12-09 09:17:12.140422: val classification accuracy 0.6163
2025-12-09 09:17:12.148671: val auc 0.632
2025-12-09 09:17:12.156032: Epoch time: 66.23 s
2025-12-09 09:17:12.924643: 
2025-12-09 09:17:12.929850: Epoch 183
2025-12-09 09:17:12.933285: Current learning rate: 4e-05
2025-12-09 09:18:18.992746: train_loss 0.6626
2025-12-09 09:18:19.004825: val_loss 0.6407
2025-12-09 09:18:19.017886: val classification accuracy 0.6744
2025-12-09 09:18:19.025782: val auc 0.699
2025-12-09 09:18:19.029153: Epoch time: 66.07 s
2025-12-09 09:18:19.773476: 
2025-12-09 09:18:19.784479: Epoch 184
2025-12-09 09:18:19.794432: Current learning rate: 4e-05
2025-12-09 09:19:25.683956: train_loss 0.6455
2025-12-09 09:19:25.790322: val_loss 0.6177
2025-12-09 09:19:25.794719: val classification accuracy 0.6279
2025-12-09 09:19:25.799790: val auc 0.7274
2025-12-09 09:19:25.804308: Epoch time: 65.91 s
2025-12-09 09:19:26.725800: 
2025-12-09 09:19:26.731849: Epoch 185
2025-12-09 09:19:26.736791: Current learning rate: 4e-05
2025-12-09 09:20:32.857634: train_loss 0.6599
2025-12-09 09:20:32.979420: val_loss 0.6473
2025-12-09 09:20:32.992608: val classification accuracy 0.593
2025-12-09 09:20:33.018252: val auc 0.6766
2025-12-09 09:20:33.029624: Epoch time: 66.13 s
2025-12-09 09:20:34.066390: 
2025-12-09 09:20:34.071593: Epoch 186
2025-12-09 09:20:34.076567: Current learning rate: 4e-05
2025-12-09 09:21:39.242110: train_loss 0.639
2025-12-09 09:21:39.384795: val_loss 0.5985
2025-12-09 09:21:39.393811: val classification accuracy 0.7326
2025-12-09 09:21:39.398359: val auc 0.7445
2025-12-09 09:21:39.404692: Epoch time: 65.18 s
2025-12-09 09:21:40.337986: 
2025-12-09 09:21:40.341648: Epoch 187
2025-12-09 09:21:40.344656: Current learning rate: 4e-05
2025-12-09 09:22:46.984640: train_loss 0.6582
2025-12-09 09:22:47.214270: val_loss 0.6298
2025-12-09 09:22:47.218132: val classification accuracy 0.7209
2025-12-09 09:22:47.222679: val auc 0.7509
2025-12-09 09:22:47.227573: Epoch time: 66.65 s
2025-12-09 09:22:48.067897: 
2025-12-09 09:22:48.073388: Epoch 188
2025-12-09 09:22:48.078118: Current learning rate: 4e-05
2025-12-09 09:23:53.490438: train_loss 0.6315
2025-12-09 09:23:53.498810: val_loss 0.5843
2025-12-09 09:23:53.503832: val classification accuracy 0.7093
2025-12-09 09:23:53.509285: val auc 0.7761
2025-12-09 09:23:53.515335: Epoch time: 65.42 s
2025-12-09 09:23:54.318434: 
2025-12-09 09:23:54.324497: Epoch 189
2025-12-09 09:23:54.330981: Current learning rate: 4e-05
2025-12-09 09:24:59.049780: train_loss 0.6505
2025-12-09 09:24:59.216630: val_loss 0.6316
2025-12-09 09:24:59.219993: val classification accuracy 0.593
2025-12-09 09:24:59.223566: val auc 0.6906
2025-12-09 09:24:59.228363: Epoch time: 64.73 s
2025-12-09 09:25:00.146958: 
2025-12-09 09:25:00.150883: Epoch 190
2025-12-09 09:25:00.153902: Current learning rate: 4e-05
2025-12-09 09:26:05.853660: train_loss 0.6597
2025-12-09 09:26:05.863335: val_loss 0.6433
2025-12-09 09:26:05.868035: val classification accuracy 0.6047
2025-12-09 09:26:05.872167: val auc 0.6766
2025-12-09 09:26:05.877713: Epoch time: 65.71 s
2025-12-09 09:26:06.764799: 
2025-12-09 09:26:06.769557: Epoch 191
2025-12-09 09:26:06.773302: Current learning rate: 4e-05
2025-12-09 09:27:12.286550: train_loss 0.6315
2025-12-09 09:27:12.393084: val_loss 0.7181
2025-12-09 09:27:12.403188: val classification accuracy 0.5116
2025-12-09 09:27:12.415693: val auc 0.5871
2025-12-09 09:27:12.430201: Epoch time: 65.52 s
2025-12-09 09:27:13.376539: 
2025-12-09 09:27:13.392541: Epoch 192
2025-12-09 09:27:13.396438: Current learning rate: 4e-05
2025-12-09 09:28:18.973785: train_loss 0.655
2025-12-09 09:28:19.107375: val_loss 0.612
2025-12-09 09:28:19.110862: val classification accuracy 0.6744
2025-12-09 09:28:19.113997: val auc 0.7374
2025-12-09 09:28:19.117317: Epoch time: 65.6 s
2025-12-09 09:28:20.752355: 
2025-12-09 09:28:20.757968: Epoch 193
2025-12-09 09:28:20.763311: Current learning rate: 4e-05
2025-12-09 09:29:26.896500: train_loss 0.6459
2025-12-09 09:29:27.107395: val_loss 0.6597
2025-12-09 09:29:27.113849: val classification accuracy 0.6047
2025-12-09 09:29:27.118222: val auc 0.6682
2025-12-09 09:29:27.122048: Epoch time: 66.15 s
2025-12-09 09:29:28.007638: 
2025-12-09 09:29:28.013563: Epoch 194
2025-12-09 09:29:28.018952: Current learning rate: 4e-05
2025-12-09 09:30:34.137680: train_loss 0.6262
2025-12-09 09:30:34.146091: val_loss 0.6214
2025-12-09 09:30:34.150055: val classification accuracy 0.686
2025-12-09 09:30:34.155899: val auc 0.7385
2025-12-09 09:30:34.160587: Epoch time: 66.13 s
2025-12-09 09:30:34.954461: 
2025-12-09 09:30:34.959971: Epoch 195
2025-12-09 09:30:34.965525: Current learning rate: 4e-05
2025-12-09 09:31:42.389053: train_loss 0.6229
2025-12-09 09:31:42.557451: val_loss 0.6069
2025-12-09 09:31:42.563119: val classification accuracy 0.7093
2025-12-09 09:31:42.567286: val auc 0.7328
2025-12-09 09:31:42.571604: Epoch time: 67.44 s
2025-12-09 09:31:43.506478: 
2025-12-09 09:31:43.513229: Epoch 196
2025-12-09 09:31:43.518847: Current learning rate: 4e-05
2025-12-09 09:32:48.913124: train_loss 0.6461
2025-12-09 09:32:48.926250: val_loss 0.629
2025-12-09 09:32:48.932946: val classification accuracy 0.6395
2025-12-09 09:32:48.937898: val auc 0.6796
2025-12-09 09:32:48.944160: Epoch time: 65.41 s
2025-12-09 09:32:49.885805: 
2025-12-09 09:32:49.891483: Epoch 197
2025-12-09 09:32:49.895514: Current learning rate: 4e-05
2025-12-09 09:33:56.504471: train_loss 0.6248
2025-12-09 09:33:56.609645: val_loss 0.6232
2025-12-09 09:33:56.613764: val classification accuracy 0.6977
2025-12-09 09:33:56.618771: val auc 0.7334
2025-12-09 09:33:56.622581: Epoch time: 66.62 s
2025-12-09 09:33:57.490972: 
2025-12-09 09:33:57.495542: Epoch 198
2025-12-09 09:33:57.499341: Current learning rate: 4e-05
2025-12-09 09:35:03.258121: train_loss 0.6437
2025-12-09 09:35:03.275318: val_loss 0.6366
2025-12-09 09:35:03.281979: val classification accuracy 0.6163
2025-12-09 09:35:03.286635: val auc 0.675
2025-12-09 09:35:03.291012: Epoch time: 65.77 s
2025-12-09 09:35:04.095415: 
2025-12-09 09:35:04.101310: Epoch 199
2025-12-09 09:35:04.106445: Current learning rate: 4e-05
2025-12-09 09:36:09.145479: train_loss 0.6484
2025-12-09 09:36:09.328669: val_loss 0.6442
2025-12-09 09:36:09.333022: val classification accuracy 0.6047
2025-12-09 09:36:09.337360: val auc 0.6828
2025-12-09 09:36:09.341283: Epoch time: 65.05 s
2025-12-09 09:36:10.364547: 
2025-12-09 09:36:10.368994: Epoch 200
2025-12-09 09:36:10.372408: Current learning rate: 4e-05
2025-12-09 09:37:16.032765: train_loss 0.64
2025-12-09 09:37:16.039010: val_loss 0.582
2025-12-09 09:37:16.042881: val classification accuracy 0.6977
2025-12-09 09:37:16.046649: val auc 0.7799
2025-12-09 09:37:16.050106: Epoch time: 65.67 s
2025-12-09 09:37:16.835459: 
2025-12-09 09:37:16.839290: Epoch 201
2025-12-09 09:37:16.842721: Current learning rate: 4e-05
2025-12-09 09:38:23.486432: train_loss 0.6649
2025-12-09 09:38:23.666006: val_loss 0.6398
2025-12-09 09:38:23.670250: val classification accuracy 0.6163
2025-12-09 09:38:23.674797: val auc 0.6882
2025-12-09 09:38:23.678919: Epoch time: 66.65 s
2025-12-09 09:38:24.531595: 
2025-12-09 09:38:24.535697: Epoch 202
2025-12-09 09:38:24.539746: Current learning rate: 4e-05
2025-12-09 09:39:29.628849: train_loss 0.6237
2025-12-09 09:39:29.750552: val_loss 0.6885
2025-12-09 09:39:29.754206: val classification accuracy 0.5814
2025-12-09 09:39:29.759187: val auc 0.6033
2025-12-09 09:39:29.762745: Epoch time: 65.1 s
2025-12-09 09:39:30.576807: 
2025-12-09 09:39:30.580968: Epoch 203
2025-12-09 09:39:30.585235: Current learning rate: 4e-05
2025-12-09 09:40:35.264975: train_loss 0.6095
2025-12-09 09:40:35.370234: val_loss 0.6464
2025-12-09 09:40:35.382931: val classification accuracy 0.6512
2025-12-09 09:40:35.386731: val auc 0.6974
2025-12-09 09:40:35.390659: Epoch time: 64.69 s
2025-12-09 09:40:36.235589: 
2025-12-09 09:40:36.240498: Epoch 204
2025-12-09 09:40:36.266231: Current learning rate: 4e-05
2025-12-09 09:41:42.671550: train_loss 0.634
2025-12-09 09:41:42.906487: val_loss 0.6828
2025-12-09 09:41:42.928363: val classification accuracy 0.5814
2025-12-09 09:41:42.934797: val auc 0.6214
2025-12-09 09:41:42.939509: Epoch time: 66.44 s
2025-12-09 09:41:43.800457: 
2025-12-09 09:41:43.819368: Epoch 205
2025-12-09 09:41:43.827531: Current learning rate: 4e-05
2025-12-09 09:42:50.130648: train_loss 0.6291
2025-12-09 09:42:50.151522: val_loss 0.5849
2025-12-09 09:42:50.156300: val classification accuracy 0.6512
2025-12-09 09:42:50.160395: val auc 0.7485
2025-12-09 09:42:50.163582: Epoch time: 66.33 s
2025-12-09 09:42:51.155849: 
2025-12-09 09:42:51.163828: Epoch 206
2025-12-09 09:42:51.167744: Current learning rate: 4e-05
2025-12-09 09:43:57.188423: train_loss 0.6573
2025-12-09 09:43:57.210643: val_loss 0.616
2025-12-09 09:43:57.228754: val classification accuracy 0.686
2025-12-09 09:43:57.246665: val auc 0.7515
2025-12-09 09:43:57.254093: Epoch time: 66.03 s
2025-12-09 09:43:58.234603: 
2025-12-09 09:43:58.239494: Epoch 207
2025-12-09 09:43:58.264260: Current learning rate: 3e-05
2025-12-09 09:45:04.213345: train_loss 0.6259
2025-12-09 09:45:04.409391: val_loss 0.6037
2025-12-09 09:45:04.429370: val classification accuracy 0.7442
2025-12-09 09:45:04.446688: val auc 0.762
2025-12-09 09:45:04.459202: Epoch time: 65.98 s
2025-12-09 09:45:05.293615: 
2025-12-09 09:45:05.298738: Epoch 208
2025-12-09 09:45:05.304601: Current learning rate: 3e-05
2025-12-09 09:46:11.608266: train_loss 0.6474
2025-12-09 09:46:11.712491: val_loss 0.6277
2025-12-09 09:46:11.728966: val classification accuracy 0.6512
2025-12-09 09:46:11.745453: val auc 0.6993
2025-12-09 09:46:11.752323: Epoch time: 66.32 s
2025-12-09 09:46:13.432260: 
2025-12-09 09:46:13.473859: Epoch 209
2025-12-09 09:46:13.482118: Current learning rate: 3e-05
2025-12-09 09:47:18.582047: train_loss 0.6024
2025-12-09 09:47:18.711687: val_loss 0.6515
2025-12-09 09:47:18.719440: val classification accuracy 0.6163
2025-12-09 09:47:18.724299: val auc 0.6869
2025-12-09 09:47:18.728582: Epoch time: 65.15 s
2025-12-09 09:47:19.650108: 
2025-12-09 09:47:19.653956: Epoch 210
2025-12-09 09:47:19.657174: Current learning rate: 3e-05
2025-12-09 09:48:25.645108: train_loss 0.625
2025-12-09 09:48:25.698809: val_loss 0.6448
2025-12-09 09:48:25.703194: val classification accuracy 0.593
2025-12-09 09:48:25.706568: val auc 0.6631
2025-12-09 09:48:25.710271: Epoch time: 66.0 s
2025-12-09 09:48:26.455217: 
2025-12-09 09:48:26.459860: Epoch 211
2025-12-09 09:48:26.464609: Current learning rate: 3e-05
2025-12-09 09:49:32.815342: train_loss 0.6557
2025-12-09 09:49:32.998751: val_loss 0.6421
2025-12-09 09:49:33.016322: val classification accuracy 0.6047
2025-12-09 09:49:33.022405: val auc 0.6858
2025-12-09 09:49:33.027226: Epoch time: 66.36 s
2025-12-09 09:49:33.925701: 
2025-12-09 09:49:33.929756: Epoch 212
2025-12-09 09:49:33.933275: Current learning rate: 3e-05
2025-12-09 09:50:39.714127: train_loss 0.6398
2025-12-09 09:50:39.873610: val_loss 0.6018
2025-12-09 09:50:39.880335: val classification accuracy 0.6512
2025-12-09 09:50:39.884369: val auc 0.7271
2025-12-09 09:50:39.888039: Epoch time: 65.79 s
2025-12-09 09:50:40.821486: 
2025-12-09 09:50:40.829162: Epoch 213
2025-12-09 09:50:40.840236: Current learning rate: 3e-05
2025-12-09 09:51:46.274910: train_loss 0.6547
2025-12-09 09:51:46.299613: val_loss 0.6316
2025-12-09 09:51:46.304402: val classification accuracy 0.6512
2025-12-09 09:51:46.308993: val auc 0.7301
2025-12-09 09:51:46.313446: Epoch time: 65.45 s
2025-12-09 09:51:47.496090: 
2025-12-09 09:51:47.500267: Epoch 214
2025-12-09 09:51:47.503648: Current learning rate: 3e-05
2025-12-09 09:52:53.344285: train_loss 0.6477
2025-12-09 09:52:53.378196: val_loss 0.6823
2025-12-09 09:52:53.383757: val classification accuracy 0.5814
2025-12-09 09:52:53.389168: val auc 0.6057
2025-12-09 09:52:53.393859: Epoch time: 65.85 s
2025-12-09 09:52:54.577185: 
2025-12-09 09:52:54.580681: Epoch 215
2025-12-09 09:52:54.672551: Current learning rate: 3e-05
2025-12-09 09:54:01.045495: train_loss 0.6097
2025-12-09 09:54:01.269074: val_loss 0.6175
2025-12-09 09:54:01.272714: val classification accuracy 0.6163
2025-12-09 09:54:01.276310: val auc 0.7136
2025-12-09 09:54:01.279933: Epoch time: 66.47 s
2025-12-09 09:54:02.080081: 
2025-12-09 09:54:02.087121: Epoch 216
2025-12-09 09:54:02.092535: Current learning rate: 3e-05
2025-12-09 09:55:06.732491: train_loss 0.6545
2025-12-09 09:55:06.806439: val_loss 0.6773
2025-12-09 09:55:06.810186: val classification accuracy 0.5233
2025-12-09 09:55:06.813851: val auc 0.5806
2025-12-09 09:55:06.817334: Epoch time: 64.65 s
2025-12-09 09:55:07.528871: 
2025-12-09 09:55:07.533089: Epoch 217
2025-12-09 09:55:07.538344: Current learning rate: 3e-05
2025-12-09 09:56:13.651963: train_loss 0.6258
2025-12-09 09:56:13.685309: val_loss 0.5739
2025-12-09 09:56:13.688593: val classification accuracy 0.7209
2025-12-09 09:56:13.692299: val auc 0.7647
2025-12-09 09:56:13.695711: Epoch time: 66.12 s
2025-12-09 09:56:14.418736: 
2025-12-09 09:56:14.423027: Epoch 218
2025-12-09 09:56:14.426198: Current learning rate: 3e-05
2025-12-09 09:57:20.559320: train_loss 0.6318
2025-12-09 09:57:20.582571: val_loss 0.5932
2025-12-09 09:57:20.587735: val classification accuracy 0.7093
2025-12-09 09:57:20.614565: val auc 0.7761
2025-12-09 09:57:20.620624: Epoch time: 66.14 s
2025-12-09 09:57:21.564896: 
2025-12-09 09:57:21.591806: Epoch 219
2025-12-09 09:57:21.598907: Current learning rate: 3e-05
2025-12-09 09:58:27.316891: train_loss 0.627
2025-12-09 09:58:27.339272: val_loss 0.6949
2025-12-09 09:58:27.343010: val classification accuracy 0.5814
2025-12-09 09:58:27.355327: val auc 0.5992
2025-12-09 09:58:27.359421: Epoch time: 65.75 s
2025-12-09 09:58:28.356349: 
2025-12-09 09:58:28.361849: Epoch 220
2025-12-09 09:58:28.366174: Current learning rate: 3e-05
2025-12-09 09:59:33.818855: train_loss 0.6235
2025-12-09 09:59:34.064575: val_loss 0.6581
2025-12-09 09:59:34.069785: val classification accuracy 0.5814
2025-12-09 09:59:34.080436: val auc 0.6447
2025-12-09 09:59:34.093976: Epoch time: 65.46 s
2025-12-09 09:59:35.077744: 
2025-12-09 09:59:35.084069: Epoch 221
2025-12-09 09:59:35.089158: Current learning rate: 3e-05
2025-12-09 10:00:41.741403: train_loss 0.6346
2025-12-09 10:00:41.917589: val_loss 0.601
2025-12-09 10:00:41.921510: val classification accuracy 0.6047
2025-12-09 10:00:41.925927: val auc 0.7028
2025-12-09 10:00:41.929772: Epoch time: 66.66 s
2025-12-09 10:00:42.834462: 
2025-12-09 10:00:42.838720: Epoch 222
2025-12-09 10:00:42.842833: Current learning rate: 3e-05
2025-12-09 10:01:48.840322: train_loss 0.6382
2025-12-09 10:01:49.106854: val_loss 0.614
2025-12-09 10:01:49.118948: val classification accuracy 0.686
2025-12-09 10:01:49.176633: val auc 0.7253
2025-12-09 10:01:49.235510: Epoch time: 66.01 s
2025-12-09 10:01:50.294008: 
2025-12-09 10:01:50.314072: Epoch 223
2025-12-09 10:01:50.317921: Current learning rate: 3e-05
2025-12-09 10:02:55.097802: train_loss 0.6281
2025-12-09 10:02:55.103959: val_loss 0.7007
2025-12-09 10:02:55.107939: val classification accuracy 0.5581
2025-12-09 10:02:55.112203: val auc 0.6011
2025-12-09 10:02:55.115999: Epoch time: 64.8 s
2025-12-09 10:02:55.853790: 
2025-12-09 10:02:55.861135: Epoch 224
2025-12-09 10:02:55.867171: Current learning rate: 3e-05
2025-12-09 10:04:02.052911: train_loss 0.6414
2025-12-09 10:04:02.058931: val_loss 0.6343
2025-12-09 10:04:02.062567: val classification accuracy 0.593
2025-12-09 10:04:02.066112: val auc 0.7034
2025-12-09 10:04:02.069471: Epoch time: 66.2 s
2025-12-09 10:04:03.603628: 
2025-12-09 10:04:03.607609: Epoch 225
2025-12-09 10:04:03.611128: Current learning rate: 3e-05
2025-12-09 10:05:09.949983: train_loss 0.6467
2025-12-09 10:05:09.962337: val_loss 0.6034
2025-12-09 10:05:09.971528: val classification accuracy 0.6744
2025-12-09 10:05:09.978440: val auc 0.7564
2025-12-09 10:05:09.984650: Epoch time: 66.35 s
2025-12-09 10:05:10.731181: 
2025-12-09 10:05:10.734895: Epoch 226
2025-12-09 10:05:10.738299: Current learning rate: 3e-05
2025-12-09 10:06:16.305497: train_loss 0.621
2025-12-09 10:06:16.312088: val_loss 0.6292
2025-12-09 10:06:16.315905: val classification accuracy 0.6163
2025-12-09 10:06:16.319432: val auc 0.7009
2025-12-09 10:06:16.323113: Epoch time: 65.58 s
2025-12-09 10:06:17.103374: 
2025-12-09 10:06:17.107565: Epoch 227
2025-12-09 10:06:17.111010: Current learning rate: 3e-05
2025-12-09 10:07:22.869532: train_loss 0.5843
2025-12-09 10:07:22.877637: val_loss 0.6419
2025-12-09 10:07:22.882118: val classification accuracy 0.6395
2025-12-09 10:07:22.889140: val auc 0.682
2025-12-09 10:07:22.894953: Epoch time: 65.77 s
2025-12-09 10:07:23.666871: 
2025-12-09 10:07:23.671403: Epoch 228
2025-12-09 10:07:23.675113: Current learning rate: 3e-05
2025-12-09 10:08:29.963369: train_loss 0.6392
2025-12-09 10:08:29.994413: val_loss 0.6891
2025-12-09 10:08:29.997905: val classification accuracy 0.5
2025-12-09 10:08:30.003258: val auc 0.5771
2025-12-09 10:08:30.007369: Epoch time: 66.3 s
2025-12-09 10:08:30.762048: 
2025-12-09 10:08:30.767464: Epoch 229
2025-12-09 10:08:30.771937: Current learning rate: 3e-05
2025-12-09 10:09:35.689789: train_loss 0.6207
2025-12-09 10:09:35.696471: val_loss 0.6093
2025-12-09 10:09:35.700575: val classification accuracy 0.6163
2025-12-09 10:09:35.704512: val auc 0.7134
2025-12-09 10:09:35.707896: Epoch time: 64.93 s
2025-12-09 10:09:36.446972: 
2025-12-09 10:09:36.450845: Epoch 230
2025-12-09 10:09:36.454352: Current learning rate: 3e-05
2025-12-09 10:10:41.922787: train_loss 0.6454
2025-12-09 10:10:41.929868: val_loss 0.7013
2025-12-09 10:10:41.938175: val classification accuracy 0.5698
2025-12-09 10:10:41.943519: val auc 0.5844
2025-12-09 10:10:41.949207: Epoch time: 65.48 s
2025-12-09 10:10:42.676525: 
2025-12-09 10:10:42.682190: Epoch 231
2025-12-09 10:10:42.686460: Current learning rate: 3e-05
2025-12-09 10:11:47.825126: train_loss 0.6072
2025-12-09 10:11:47.832862: val_loss 0.6082
2025-12-09 10:11:47.837686: val classification accuracy 0.6744
2025-12-09 10:11:47.841848: val auc 0.7263
2025-12-09 10:11:47.846437: Epoch time: 65.15 s
2025-12-09 10:11:48.589473: 
2025-12-09 10:11:48.594798: Epoch 232
2025-12-09 10:11:48.599446: Current learning rate: 3e-05
2025-12-09 10:12:54.573911: train_loss 0.6518
2025-12-09 10:12:54.592692: val_loss 0.6234
2025-12-09 10:12:54.600909: val classification accuracy 0.6628
2025-12-09 10:12:54.607715: val auc 0.7198
2025-12-09 10:12:54.613632: Epoch time: 65.99 s
2025-12-09 10:12:55.375159: 
2025-12-09 10:12:55.379960: Epoch 233
2025-12-09 10:12:55.383337: Current learning rate: 3e-05
2025-12-09 10:14:00.769612: train_loss 0.6082
2025-12-09 10:14:00.777346: val_loss 0.5764
2025-12-09 10:14:00.781454: val classification accuracy 0.7093
2025-12-09 10:14:00.785526: val auc 0.7731
2025-12-09 10:14:00.791759: Epoch time: 65.4 s
2025-12-09 10:14:01.549474: 
2025-12-09 10:14:01.553801: Epoch 234
2025-12-09 10:14:01.557724: Current learning rate: 3e-05
2025-12-09 10:15:07.123337: train_loss 0.6383
2025-12-09 10:15:07.129666: val_loss 0.6448
2025-12-09 10:15:07.133756: val classification accuracy 0.6279
2025-12-09 10:15:07.137180: val auc 0.6901
2025-12-09 10:15:07.141002: Epoch time: 65.58 s
2025-12-09 10:15:07.874473: 
2025-12-09 10:15:07.878527: Epoch 235
2025-12-09 10:15:07.882138: Current learning rate: 3e-05
2025-12-09 10:16:13.824158: train_loss 0.6005
2025-12-09 10:16:13.830215: val_loss 0.6265
2025-12-09 10:16:13.833934: val classification accuracy 0.6047
2025-12-09 10:16:13.837720: val auc 0.6933
2025-12-09 10:16:13.841754: Epoch time: 65.95 s
2025-12-09 10:16:14.578745: 
2025-12-09 10:16:14.582624: Epoch 236
2025-12-09 10:16:14.586066: Current learning rate: 2e-05
2025-12-09 10:17:20.304209: train_loss 0.6365
2025-12-09 10:17:20.309035: val_loss 0.6287
2025-12-09 10:17:20.312645: val classification accuracy 0.6512
2025-12-09 10:17:20.315819: val auc 0.7012
2025-12-09 10:17:20.319277: Epoch time: 65.73 s
2025-12-09 10:17:21.048202: 
2025-12-09 10:17:21.051767: Epoch 237
2025-12-09 10:17:21.055009: Current learning rate: 2e-05
2025-12-09 10:18:26.804106: train_loss 0.6161
2025-12-09 10:18:26.810608: val_loss 0.6141
2025-12-09 10:18:26.814903: val classification accuracy 0.6744
2025-12-09 10:18:26.819625: val auc 0.7171
2025-12-09 10:18:26.823324: Epoch time: 65.76 s
2025-12-09 10:18:27.565027: 
2025-12-09 10:18:27.573255: Epoch 238
2025-12-09 10:18:27.576478: Current learning rate: 2e-05
2025-12-09 10:19:33.322684: train_loss 0.6401
2025-12-09 10:19:33.328177: val_loss 0.6446
2025-12-09 10:19:33.331998: val classification accuracy 0.6395
2025-12-09 10:19:33.335719: val auc 0.7009
2025-12-09 10:19:33.339769: Epoch time: 65.76 s
2025-12-09 10:19:34.080522: 
2025-12-09 10:19:34.084561: Epoch 239
2025-12-09 10:19:34.088045: Current learning rate: 2e-05
2025-12-09 10:20:39.913376: train_loss 0.6182
2025-12-09 10:20:39.918322: val_loss 0.6137
2025-12-09 10:20:39.921843: val classification accuracy 0.6744
2025-12-09 10:20:39.925323: val auc 0.7198
2025-12-09 10:20:39.928864: Epoch time: 65.83 s
2025-12-09 10:20:39.931987: Early stopping triggered at epoch 239. Best val_losses=0.5698
2025-12-09 10:20:40.669595: Stopping training early due to early stopping criterion.
2025-12-09 10:20:44.015452: Training done.
2025-12-09 10:20:44.023956: Skipping perform_actual_validation for classification trainer (segmentation-style sliding window is not applicable).
[1;34mwandb[0m: 
[1;34mwandb[0m:  View run [33mSwinViTTrainer_ep300_NoMirroring_fold0[0m at: [34m[0m
[1;34mwandb[0m: Find logs at: [1;35m../../tmp/wandb/wandb/run-20251209_055456-ojampxfx/logs[0m
