Using device: cuda:0

#######################################################################
Please cite the following paper when using nnU-Net:
Isensee, F., Jaeger, P. F., Kohl, S. A., Petersen, J., & Maier-Hein, K. H. (2021). nnU-Net: a self-configuring method for deep learning-based biomedical image segmentation. Nature methods, 18(2), 203-211.
#######################################################################

2025-12-09 00:36:11.275912: Using torch.compile...
2025-12-09 00:36:16.399576: do_dummy_2d_data_aug: False
2025-12-09 00:36:16.403954: Using splits from existing split file: /hpf/projects/jquon/sumin/nnUNet_data/nnUNet_preprocessed/Dataset003_AVM_T1+C/splits_final.json
2025-12-09 00:36:16.407707: The split file contains 5 splits.
2025-12-09 00:36:16.410031: Desired fold for training: 0
2025-12-09 00:36:16.411994: This split has 425 training and 87 validation cases.
using pin_memory on device 0
using pin_memory on device 0

This is the configuration used by this training:
Configuration name: 3d_fullres
 {'data_identifier': 'nnUNetPlans_3d_fullres', 'preprocessor_name': 'DefaultPreprocessor', 'batch_size': 2, 'patch_size': [160, 224, 192], 'median_image_size_in_voxels': [344.0, 448.0, 429.0], 'spacing': [0.500000923871994, 0.4910714328289032, 0.4910714328289032], 'normalization_schemes': ['ZScoreNormalization'], 'use_mask_for_norm': [False], 'resampling_fn_data': 'resample_data_or_seg_to_shape', 'resampling_fn_seg': 'resample_data_or_seg_to_shape', 'resampling_fn_data_kwargs': {'is_seg': False, 'order': 3, 'order_z': 0, 'force_separate_z': None}, 'resampling_fn_seg_kwargs': {'is_seg': True, 'order': 1, 'order_z': 0, 'force_separate_z': None}, 'resampling_fn_probabilities': 'resample_data_or_seg_to_shape', 'resampling_fn_probabilities_kwargs': {'is_seg': False, 'order': 1, 'order_z': 0, 'force_separate_z': None}, 'architecture': {'network_class_name': 'dynamic_network_architectures.architectures.unet.ResidualEncoderUNet', 'arch_kwargs': {'n_stages': 6, 'features_per_stage': [32, 64, 128, 256, 320, 320], 'conv_op': 'torch.nn.modules.conv.Conv3d', 'kernel_sizes': [[3, 3, 3], [3, 3, 3], [3, 3, 3], [3, 3, 3], [3, 3, 3], [3, 3, 3]], 'strides': [[1, 1, 1], [2, 2, 2], [2, 2, 2], [2, 2, 2], [2, 2, 2], [2, 2, 2]], 'n_blocks_per_stage': [1, 3, 4, 6, 6, 6], 'n_conv_per_stage_decoder': [1, 1, 1, 1, 1], 'conv_bias': True, 'norm_op': 'torch.nn.modules.instancenorm.InstanceNorm3d', 'norm_op_kwargs': {'eps': 1e-05, 'affine': True}, 'dropout_op': None, 'dropout_op_kwargs': None, 'nonlin': 'torch.nn.LeakyReLU', 'nonlin_kwargs': {'inplace': True}}, '_kw_requires_import': ['conv_op', 'norm_op', 'dropout_op', 'nonlin']}, 'batch_dice': True} 

These are the global plan.json settings:
 {'dataset_name': 'Dataset003_AVM_T1+C', 'plans_name': 'nnUNetResEncUNetLPlans', 'original_median_spacing_after_transp': [0.500000923871994, 0.4910714328289032, 0.4910714328289032], 'original_median_shape_after_transp': [330, 448, 424], 'image_reader_writer': 'SimpleITKIO', 'transpose_forward': [0, 1, 2], 'transpose_backward': [0, 1, 2], 'experiment_planner_used': 'nnUNetPlannerResEncL', 'label_manager': 'LabelManager', 'foreground_intensity_properties_per_channel': {'0': {'max': 12113.0, 'mean': 449.843505859375, 'median': 311.0, 'min': 0.0, 'percentile_00_5': 34.0, 'percentile_99_5': 3202.0, 'std': 471.56329345703125}}} 

2025-12-09 00:36:19.159523: Unable to plot network architecture: nnUNet_compile is enabled!
2025-12-09 00:36:19.184864: 
2025-12-09 00:36:19.188099: Epoch 0
2025-12-09 00:36:19.199621: Current learning rate: 0.01
2025-12-09 00:37:38.929492: train_loss 1.4574
2025-12-09 00:37:38.938700: val_loss 0.9788
2025-12-09 00:37:38.942569: val classification accuracy 0.5
2025-12-09 00:37:38.948690: val auc 0.4492
2025-12-09 00:37:38.952137: Epoch time: 79.75 s
2025-12-09 00:37:38.954964: Yayy! New best EMA pseudo Dice: 0.4492
2025-12-09 00:37:41.561943: Yayy! New best classification accuracy: 0.5
2025-12-09 00:37:44.066441: 
2025-12-09 00:37:44.069589: Epoch 1
2025-12-09 00:37:44.071942: Current learning rate: 0.00997
2025-12-09 00:38:39.312322: train_loss 1.1631
2025-12-09 00:38:39.334459: val_loss 3.9627
2025-12-09 00:38:39.337356: val classification accuracy 0.5116
2025-12-09 00:38:39.341778: val auc 0.5257
2025-12-09 00:38:39.344789: Epoch time: 55.25 s
2025-12-09 00:38:39.347035: Yayy! New best EMA pseudo Dice: 0.5257
2025-12-09 00:38:42.126840: Yayy! New best classification accuracy: 0.5116
2025-12-09 00:38:44.882584: 
2025-12-09 00:38:44.885140: Epoch 2
2025-12-09 00:38:44.886977: Current learning rate: 0.00994
2025-12-09 00:39:35.495250: train_loss 0.7946
2025-12-09 00:39:35.499835: val_loss 1.2334
2025-12-09 00:39:35.502239: val classification accuracy 0.5349
2025-12-09 00:39:35.504385: val auc 0.4792
2025-12-09 00:39:35.506854: Epoch time: 50.61 s
2025-12-09 00:39:35.508795: Yayy! New best classification accuracy: 0.5349
2025-12-09 00:39:39.152984: 
2025-12-09 00:39:39.155854: Epoch 3
2025-12-09 00:39:39.157763: Current learning rate: 0.00991
2025-12-09 00:40:29.681577: train_loss 0.7189
2025-12-09 00:40:29.686236: val_loss 0.6891
2025-12-09 00:40:29.688986: val classification accuracy 0.6163
2025-12-09 00:40:29.691596: val auc 0.5973
2025-12-09 00:40:29.694252: Epoch time: 50.53 s
2025-12-09 00:40:29.696441: Yayy! New best EMA pseudo Dice: 0.5973
2025-12-09 00:40:32.454660: Yayy! New best classification accuracy: 0.6163
2025-12-09 00:40:35.030632: 
2025-12-09 00:40:35.033736: Epoch 4
2025-12-09 00:40:35.035983: Current learning rate: 0.00988
2025-12-09 00:41:22.343102: train_loss 0.6872
2025-12-09 00:41:22.349931: val_loss 1.2098
2025-12-09 00:41:22.351833: val classification accuracy 0.6163
2025-12-09 00:41:22.354206: val auc 0.5554
2025-12-09 00:41:22.356539: Epoch time: 47.31 s
2025-12-09 00:41:23.177293: 
2025-12-09 00:41:23.180378: Epoch 5
2025-12-09 00:41:23.182339: Current learning rate: 0.00985
2025-12-09 00:42:17.674321: train_loss 0.699
2025-12-09 00:42:17.679018: val_loss 0.7801
2025-12-09 00:42:17.682000: val classification accuracy 0.5581
2025-12-09 00:42:17.684495: val auc 0.5703
2025-12-09 00:42:17.694075: Epoch time: 54.5 s
2025-12-09 00:42:18.514132: 
2025-12-09 00:42:18.517235: Epoch 6
2025-12-09 00:42:18.519523: Current learning rate: 0.00982
2025-12-09 00:43:07.164084: train_loss 0.6775
2025-12-09 00:43:07.168025: val_loss 1.1392
2025-12-09 00:43:07.170415: val classification accuracy 0.4884
2025-12-09 00:43:07.172431: val auc 0.5279
2025-12-09 00:43:07.174333: Epoch time: 48.65 s
2025-12-09 00:43:07.961457: 
2025-12-09 00:43:07.964256: Epoch 7
2025-12-09 00:43:07.966112: Current learning rate: 0.00979
2025-12-09 00:44:00.769228: train_loss 0.6771
2025-12-09 00:44:00.788398: val_loss 1.0623
2025-12-09 00:44:00.814867: val classification accuracy 0.6395
2025-12-09 00:44:00.847046: val auc 0.6566
2025-12-09 00:44:00.849902: Epoch time: 52.81 s
2025-12-09 00:44:00.852498: Yayy! New best EMA pseudo Dice: 0.6566
2025-12-09 00:44:03.368788: Yayy! New best classification accuracy: 0.6395
2025-12-09 00:44:06.596525: 
2025-12-09 00:44:06.598759: Epoch 8
2025-12-09 00:44:06.600526: Current learning rate: 0.00976
2025-12-09 00:44:54.115952: train_loss 0.6963
2025-12-09 00:44:54.148505: val_loss 1.1593
2025-12-09 00:44:54.151005: val classification accuracy 0.5814
2025-12-09 00:44:54.153238: val auc 0.6317
2025-12-09 00:44:54.155227: Epoch time: 47.52 s
2025-12-09 00:44:54.976445: 
2025-12-09 00:44:54.979383: Epoch 9
2025-12-09 00:44:54.981302: Current learning rate: 0.00973
2025-12-09 00:45:47.358381: train_loss 0.6745
2025-12-09 00:45:47.364971: val_loss 2.2898
2025-12-09 00:45:47.367553: val classification accuracy 0.4419
2025-12-09 00:45:47.386031: val auc 0.444
2025-12-09 00:45:47.390373: Epoch time: 52.38 s
2025-12-09 00:45:48.331503: 
2025-12-09 00:45:48.335282: Epoch 10
2025-12-09 00:45:48.337784: Current learning rate: 0.0097
2025-12-09 00:46:41.040704: train_loss 0.7011
2025-12-09 00:46:41.044855: val_loss 0.6855
2025-12-09 00:46:41.047803: val classification accuracy 0.5698
2025-12-09 00:46:41.050965: val auc 0.6087
2025-12-09 00:46:41.054014: Epoch time: 52.71 s
2025-12-09 00:46:41.933110: 
2025-12-09 00:46:41.936673: Epoch 11
2025-12-09 00:46:41.939103: Current learning rate: 0.00967
2025-12-09 00:47:34.958584: train_loss 0.6915
2025-12-09 00:47:35.013070: val_loss 0.7001
2025-12-09 00:47:35.017323: val classification accuracy 0.4535
2025-12-09 00:47:35.020636: val auc 0.4659
2025-12-09 00:47:35.033931: Epoch time: 53.03 s
2025-12-09 00:47:35.843859: 
2025-12-09 00:47:35.847844: Epoch 12
2025-12-09 00:47:35.850778: Current learning rate: 0.00964
2025-12-09 00:48:27.644247: train_loss 0.6916
2025-12-09 00:48:27.648533: val_loss 0.8764
2025-12-09 00:48:27.651489: val classification accuracy 0.6395
2025-12-09 00:48:27.654449: val auc 0.633
2025-12-09 00:48:27.657323: Epoch time: 51.8 s
2025-12-09 00:48:28.475504: 
2025-12-09 00:48:28.479848: Epoch 13
2025-12-09 00:48:28.483501: Current learning rate: 0.00961
2025-12-09 00:49:20.538223: train_loss 0.6871
2025-12-09 00:49:20.554817: val_loss 0.6669
2025-12-09 00:49:20.562161: val classification accuracy 0.6163
2025-12-09 00:49:20.566416: val auc 0.5779
2025-12-09 00:49:20.569630: Epoch time: 52.07 s
2025-12-09 00:49:21.377430: 
2025-12-09 00:49:21.381758: Epoch 14
2025-12-09 00:49:21.384606: Current learning rate: 0.00958
2025-12-09 00:50:13.968699: train_loss 0.6684
2025-12-09 00:50:13.974786: val_loss 0.8501
2025-12-09 00:50:13.978495: val classification accuracy 0.5
2025-12-09 00:50:14.007046: val auc 0.4881
2025-12-09 00:50:14.010989: Epoch time: 52.59 s
2025-12-09 00:50:14.964414: 
2025-12-09 00:50:14.968082: Epoch 15
2025-12-09 00:50:14.970619: Current learning rate: 0.00955
2025-12-09 00:51:06.487186: train_loss 0.6946
2025-12-09 00:51:06.494097: val_loss 0.6651
2025-12-09 00:51:06.497871: val classification accuracy 0.6047
2025-12-09 00:51:06.500834: val auc 0.6449
2025-12-09 00:51:06.503987: Epoch time: 51.52 s
2025-12-09 00:51:07.304665: 
2025-12-09 00:51:07.308619: Epoch 16
2025-12-09 00:51:07.311538: Current learning rate: 0.00952
2025-12-09 00:51:58.301347: train_loss 0.6976
2025-12-09 00:51:58.313011: val_loss 0.7464
2025-12-09 00:51:58.316445: val classification accuracy 0.4419
2025-12-09 00:51:58.319658: val auc 0.4083
2025-12-09 00:51:58.323712: Epoch time: 51.0 s
2025-12-09 00:51:59.103367: 
2025-12-09 00:51:59.107128: Epoch 17
2025-12-09 00:51:59.109671: Current learning rate: 0.00949
2025-12-09 00:52:50.515425: train_loss 0.683
2025-12-09 00:52:50.540469: val_loss 0.7492
2025-12-09 00:52:50.544064: val classification accuracy 0.4419
2025-12-09 00:52:50.547184: val auc 0.4308
2025-12-09 00:52:50.550167: Epoch time: 51.41 s
2025-12-09 00:52:51.408629: 
2025-12-09 00:52:51.422265: Epoch 18
2025-12-09 00:52:51.424834: Current learning rate: 0.00946
2025-12-09 00:53:45.728323: train_loss 0.6772
2025-12-09 00:53:45.733751: val_loss 1.6215
2025-12-09 00:53:45.737250: val classification accuracy 0.4767
2025-12-09 00:53:45.740245: val auc 0.464
2025-12-09 00:53:45.743325: Epoch time: 54.32 s
2025-12-09 00:53:46.690283: 
2025-12-09 00:53:46.693971: Epoch 19
2025-12-09 00:53:46.696612: Current learning rate: 0.00943
2025-12-09 00:54:36.671252: train_loss 0.6676
2025-12-09 00:54:36.677139: val_loss 0.9191
2025-12-09 00:54:36.681129: val classification accuracy 0.4186
2025-12-09 00:54:36.684635: val auc 0.4354
2025-12-09 00:54:36.688603: Epoch time: 49.98 s
2025-12-09 00:54:39.320889: Saved periodic checkpoint /hpf/projects/jquon/sumin/nnUNet_data/nnUNet_results/Dataset003_AVM_T1+C/SEResNetTrainer_ep300_NoMirroring__nnUNetResEncUNetLPlans__3d_fullres/fold_0/checkpoint_every20_best_balacc.pth at epoch 19 with val_balanced_accuracy=0.4186
2025-12-09 00:54:40.040295: 
2025-12-09 00:54:40.043403: Epoch 20
2025-12-09 00:54:40.045966: Current learning rate: 0.0094
2025-12-09 00:55:33.328963: train_loss 0.6956
2025-12-09 00:55:33.333250: val_loss 0.6735
2025-12-09 00:55:33.337042: val classification accuracy 0.5698
2025-12-09 00:55:33.339916: val auc 0.6466
2025-12-09 00:55:33.342604: Epoch time: 53.29 s
2025-12-09 00:55:34.905227: 
2025-12-09 00:55:34.909171: Epoch 21
2025-12-09 00:55:34.911717: Current learning rate: 0.00937
2025-12-09 00:56:26.229455: train_loss 0.6605
2025-12-09 00:56:26.241031: val_loss 0.6944
2025-12-09 00:56:26.244402: val classification accuracy 0.593
2025-12-09 00:56:26.247335: val auc 0.6387
2025-12-09 00:56:26.250373: Epoch time: 51.33 s
2025-12-09 00:56:27.126606: 
2025-12-09 00:56:27.130631: Epoch 22
2025-12-09 00:56:27.133357: Current learning rate: 0.00934
2025-12-09 00:57:18.269603: train_loss 0.6982
2025-12-09 00:57:18.274092: val_loss 0.7379
2025-12-09 00:57:18.277140: val classification accuracy 0.4884
2025-12-09 00:57:18.279841: val auc 0.4335
2025-12-09 00:57:18.282723: Epoch time: 51.14 s
2025-12-09 00:57:19.140602: 
2025-12-09 00:57:19.144181: Epoch 23
2025-12-09 00:57:19.146611: Current learning rate: 0.00931
2025-12-09 00:58:13.883949: train_loss 0.6597
2025-12-09 00:58:13.890660: val_loss 0.7014
2025-12-09 00:58:13.894425: val classification accuracy 0.5349
2025-12-09 00:58:13.898306: val auc 0.6579
2025-12-09 00:58:13.902225: Epoch time: 54.74 s
2025-12-09 00:58:13.906331: Yayy! New best EMA pseudo Dice: 0.6579
2025-12-09 00:58:17.445873: 
2025-12-09 00:58:17.449681: Epoch 24
2025-12-09 00:58:17.451991: Current learning rate: 0.00928
2025-12-09 00:59:04.821510: train_loss 0.6687
2025-12-09 00:59:04.843999: val_loss 0.7282
2025-12-09 00:59:04.847139: val classification accuracy 0.5465
2025-12-09 00:59:04.850175: val auc 0.5141
2025-12-09 00:59:04.853376: Epoch time: 47.38 s
2025-12-09 00:59:05.650751: 
2025-12-09 00:59:05.655003: Epoch 25
2025-12-09 00:59:05.657286: Current learning rate: 0.00925
2025-12-09 00:59:57.729305: train_loss 0.683
2025-12-09 00:59:57.744203: val_loss 0.7182
2025-12-09 00:59:57.748605: val classification accuracy 0.4884
2025-12-09 00:59:57.751690: val auc 0.473
2025-12-09 00:59:57.754377: Epoch time: 52.08 s
2025-12-09 00:59:58.567572: 
2025-12-09 00:59:58.571458: Epoch 26
2025-12-09 00:59:58.574276: Current learning rate: 0.00922
2025-12-09 01:00:50.577637: train_loss 0.6537
2025-12-09 01:00:50.583473: val_loss 0.7783
2025-12-09 01:00:50.587151: val classification accuracy 0.4767
2025-12-09 01:00:50.606782: val auc 0.4316
2025-12-09 01:00:50.609716: Epoch time: 52.01 s
2025-12-09 01:00:51.417180: 
2025-12-09 01:00:51.420745: Epoch 27
2025-12-09 01:00:51.423466: Current learning rate: 0.00919
2025-12-09 01:01:43.579416: train_loss 0.6732
2025-12-09 01:01:43.589344: val_loss 0.7218
2025-12-09 01:01:43.592082: val classification accuracy 0.5581
2025-12-09 01:01:43.594598: val auc 0.5887
2025-12-09 01:01:43.597472: Epoch time: 52.16 s
2025-12-09 01:01:44.367994: 
2025-12-09 01:01:44.371621: Epoch 28
2025-12-09 01:01:44.374346: Current learning rate: 0.00916
2025-12-09 01:02:35.026259: train_loss 0.6711
2025-12-09 01:02:35.065040: val_loss 0.6892
2025-12-09 01:02:35.068155: val classification accuracy 0.5465
2025-12-09 01:02:35.070994: val auc 0.5936
2025-12-09 01:02:35.074467: Epoch time: 50.66 s
2025-12-09 01:02:35.992579: 
2025-12-09 01:02:35.996777: Epoch 29
2025-12-09 01:02:35.999637: Current learning rate: 0.00913
2025-12-09 01:03:25.185465: train_loss 0.6676
2025-12-09 01:03:25.190603: val_loss 0.7782
2025-12-09 01:03:25.193756: val classification accuracy 0.4884
2025-12-09 01:03:25.196640: val auc 0.5019
2025-12-09 01:03:25.199790: Epoch time: 49.2 s
2025-12-09 01:03:25.971810: 
2025-12-09 01:03:25.975743: Epoch 30
2025-12-09 01:03:25.978342: Current learning rate: 0.0091
2025-12-09 01:04:19.180578: train_loss 0.6574
2025-12-09 01:04:19.189008: val_loss 0.6603
2025-12-09 01:04:19.191961: val classification accuracy 0.6279
2025-12-09 01:04:19.194927: val auc 0.6609
2025-12-09 01:04:19.197480: Epoch time: 53.21 s
2025-12-09 01:04:19.199741: Yayy! New best EMA pseudo Dice: 0.6609
2025-12-09 01:04:22.600658: 
2025-12-09 01:04:22.604346: Epoch 31
2025-12-09 01:04:22.607021: Current learning rate: 0.00907
2025-12-09 01:05:11.531348: train_loss 0.6478
2025-12-09 01:05:13.512763: val_loss 0.7219
2025-12-09 01:05:13.515788: val classification accuracy 0.5698
2025-12-09 01:05:13.518981: val auc 0.5982
2025-12-09 01:05:13.521801: Epoch time: 48.93 s
2025-12-09 01:05:14.314995: 
2025-12-09 01:05:14.318681: Epoch 32
2025-12-09 01:05:14.321060: Current learning rate: 0.00903
2025-12-09 01:06:05.010816: train_loss 0.6317
2025-12-09 01:06:05.015710: val_loss 0.7353
2025-12-09 01:06:05.019078: val classification accuracy 0.5349
2025-12-09 01:06:05.022261: val auc 0.5763
2025-12-09 01:06:05.025590: Epoch time: 50.7 s
2025-12-09 01:06:05.864635: 
2025-12-09 01:06:05.868251: Epoch 33
2025-12-09 01:06:05.870898: Current learning rate: 0.009
2025-12-09 01:06:57.101230: train_loss 0.6936
2025-12-09 01:06:57.123256: val_loss 0.7501
2025-12-09 01:06:57.127379: val classification accuracy 0.4535
2025-12-09 01:06:57.139523: val auc 0.374
2025-12-09 01:06:57.144293: Epoch time: 51.24 s
2025-12-09 01:06:57.945608: 
2025-12-09 01:06:57.949777: Epoch 34
2025-12-09 01:06:57.952622: Current learning rate: 0.00897
2025-12-09 01:07:50.217612: train_loss 0.6548
2025-12-09 01:07:50.223531: val_loss 0.8982
2025-12-09 01:07:50.227418: val classification accuracy 0.5465
2025-12-09 01:07:50.231493: val auc 0.5419
2025-12-09 01:07:50.235454: Epoch time: 52.27 s
2025-12-09 01:07:52.048853: 
2025-12-09 01:07:52.052216: Epoch 35
2025-12-09 01:07:52.055123: Current learning rate: 0.00894
2025-12-09 01:08:42.442155: train_loss 0.6562
2025-12-09 01:08:42.452907: val_loss 0.6959
2025-12-09 01:08:42.456574: val classification accuracy 0.5814
2025-12-09 01:08:42.459512: val auc 0.6517
2025-12-09 01:08:42.462310: Epoch time: 50.39 s
2025-12-09 01:08:43.242796: 
2025-12-09 01:08:43.246650: Epoch 36
2025-12-09 01:08:43.249388: Current learning rate: 0.00891
2025-12-09 01:09:33.859350: train_loss 0.6803
2025-12-09 01:09:33.864188: val_loss 0.7968
2025-12-09 01:09:33.867135: val classification accuracy 0.5349
2025-12-09 01:09:33.869843: val auc 0.5051
2025-12-09 01:09:33.872578: Epoch time: 50.62 s
2025-12-09 01:09:34.752018: 
2025-12-09 01:09:34.755435: Epoch 37
2025-12-09 01:09:34.758128: Current learning rate: 0.00888
2025-12-09 01:10:27.245679: train_loss 0.6531
2025-12-09 01:10:27.251668: val_loss 0.9222
2025-12-09 01:10:27.254771: val classification accuracy 0.3953
2025-12-09 01:10:27.258147: val auc 0.3724
2025-12-09 01:10:27.263139: Epoch time: 52.5 s
2025-12-09 01:10:28.216896: 
2025-12-09 01:10:28.220520: Epoch 38
2025-12-09 01:10:28.223068: Current learning rate: 0.00885
2025-12-09 01:11:16.639383: train_loss 0.6553
2025-12-09 01:11:16.660251: val_loss 0.7886
2025-12-09 01:11:16.663784: val classification accuracy 0.5233
2025-12-09 01:11:16.666909: val auc 0.546
2025-12-09 01:11:16.670037: Epoch time: 48.42 s
2025-12-09 01:11:17.428257: 
2025-12-09 01:11:17.431634: Epoch 39
2025-12-09 01:11:17.434193: Current learning rate: 0.00882
2025-12-09 01:12:07.804408: train_loss 0.6856
2025-12-09 01:12:07.831799: val_loss 0.7304
2025-12-09 01:12:07.835007: val classification accuracy 0.593
2025-12-09 01:12:07.837850: val auc 0.5879
2025-12-09 01:12:07.841249: Epoch time: 50.38 s
2025-12-09 01:12:10.455256: Saved periodic checkpoint /hpf/projects/jquon/sumin/nnUNet_data/nnUNet_results/Dataset003_AVM_T1+C/SEResNetTrainer_ep300_NoMirroring__nnUNetResEncUNetLPlans__3d_fullres/fold_0/checkpoint_every20_best_balacc.pth at epoch 39 with val_balanced_accuracy=0.5930
2025-12-09 01:12:11.189326: 
2025-12-09 01:12:11.192843: Epoch 40
2025-12-09 01:12:11.195485: Current learning rate: 0.00879
2025-12-09 01:13:03.599427: train_loss 0.6415
2025-12-09 01:13:03.604481: val_loss 0.8452
2025-12-09 01:13:03.607565: val classification accuracy 0.4767
2025-12-09 01:13:03.610699: val auc 0.5084
2025-12-09 01:13:03.613573: Epoch time: 52.41 s
2025-12-09 01:13:04.401488: 
2025-12-09 01:13:04.405461: Epoch 41
2025-12-09 01:13:04.408272: Current learning rate: 0.00876
2025-12-09 01:13:54.193541: train_loss 0.638
2025-12-09 01:13:54.199174: val_loss 0.7075
2025-12-09 01:13:54.202726: val classification accuracy 0.5116
2025-12-09 01:13:54.205783: val auc 0.5617
2025-12-09 01:13:54.209107: Epoch time: 49.79 s
2025-12-09 01:13:55.023911: 
2025-12-09 01:13:55.027321: Epoch 42
2025-12-09 01:13:55.029686: Current learning rate: 0.00873
2025-12-09 01:14:47.379101: train_loss 0.6433
2025-12-09 01:14:47.383416: val_loss 0.6497
2025-12-09 01:14:47.388757: val classification accuracy 0.686
2025-12-09 01:14:47.393912: val auc 0.715
2025-12-09 01:14:47.398086: Epoch time: 52.36 s
2025-12-09 01:14:47.401333: Yayy! New best EMA pseudo Dice: 0.715
2025-12-09 01:14:50.053930: Yayy! New best classification accuracy: 0.686
2025-12-09 01:14:52.605563: 
2025-12-09 01:14:52.608951: Epoch 43
2025-12-09 01:14:52.611618: Current learning rate: 0.0087
2025-12-09 01:15:44.348197: train_loss 0.6311
2025-12-09 01:15:44.353889: val_loss 0.8026
2025-12-09 01:15:44.357999: val classification accuracy 0.5465
2025-12-09 01:15:44.372989: val auc 0.5717
2025-12-09 01:15:44.376805: Epoch time: 51.74 s
2025-12-09 01:15:45.225905: 
2025-12-09 01:15:45.229416: Epoch 44
2025-12-09 01:15:45.232059: Current learning rate: 0.00867
2025-12-09 01:16:38.877648: train_loss 0.6538
2025-12-09 01:16:38.882546: val_loss 0.7602
2025-12-09 01:16:38.886344: val classification accuracy 0.593
2025-12-09 01:16:38.894683: val auc 0.5435
2025-12-09 01:16:38.897345: Epoch time: 53.65 s
2025-12-09 01:16:39.867331: 
2025-12-09 01:16:39.870645: Epoch 45
2025-12-09 01:16:39.873181: Current learning rate: 0.00864
2025-12-09 01:17:29.013863: train_loss 0.6679
2025-12-09 01:17:29.047721: val_loss 0.6624
2025-12-09 01:17:29.051255: val classification accuracy 0.6279
2025-12-09 01:17:29.054200: val auc 0.6696
2025-12-09 01:17:29.057646: Epoch time: 49.15 s
2025-12-09 01:17:29.941030: 
2025-12-09 01:17:29.944412: Epoch 46
2025-12-09 01:17:29.947067: Current learning rate: 0.00861
2025-12-09 01:18:22.519588: train_loss 0.6754
2025-12-09 01:18:22.568439: val_loss 0.7445
2025-12-09 01:18:22.571774: val classification accuracy 0.5116
2025-12-09 01:18:22.574845: val auc 0.576
2025-12-09 01:18:22.578297: Epoch time: 52.58 s
2025-12-09 01:18:23.377017: 
2025-12-09 01:18:23.380706: Epoch 47
2025-12-09 01:18:23.383299: Current learning rate: 0.00858
2025-12-09 01:19:15.461198: train_loss 0.6374
2025-12-09 01:19:15.481869: val_loss 0.829
2025-12-09 01:19:15.485129: val classification accuracy 0.4767
2025-12-09 01:19:15.487659: val auc 0.5181
2025-12-09 01:19:15.490482: Epoch time: 52.09 s
2025-12-09 01:19:16.306302: 
2025-12-09 01:19:16.310151: Epoch 48
2025-12-09 01:19:16.312650: Current learning rate: 0.00855
2025-12-09 01:20:11.893466: train_loss 0.6495
2025-12-09 01:20:11.897748: val_loss 0.8001
2025-12-09 01:20:11.900921: val classification accuracy 0.5349
2025-12-09 01:20:11.903561: val auc 0.5187
2025-12-09 01:20:11.906136: Epoch time: 55.59 s
2025-12-09 01:20:12.730784: 
2025-12-09 01:20:12.734348: Epoch 49
2025-12-09 01:20:12.736806: Current learning rate: 0.00852
2025-12-09 01:21:04.995127: train_loss 0.6448
2025-12-09 01:21:05.000282: val_loss 0.7106
2025-12-09 01:21:05.003298: val classification accuracy 0.6279
2025-12-09 01:21:05.006604: val auc 0.6371
2025-12-09 01:21:05.009746: Epoch time: 52.27 s
2025-12-09 01:21:05.948503: 
2025-12-09 01:21:05.953127: Epoch 50
2025-12-09 01:21:05.956130: Current learning rate: 0.00849
2025-12-09 01:21:56.470396: train_loss 0.6003
2025-12-09 01:21:56.483702: val_loss 0.7105
2025-12-09 01:21:56.504749: val classification accuracy 0.5116
2025-12-09 01:21:56.508566: val auc 0.5717
2025-12-09 01:21:56.511813: Epoch time: 50.52 s
2025-12-09 01:21:57.340736: 
2025-12-09 01:21:57.345359: Epoch 51
2025-12-09 01:21:57.348500: Current learning rate: 0.00846
2025-12-09 01:22:49.105186: train_loss 0.6602
2025-12-09 01:22:49.133021: val_loss 0.7862
2025-12-09 01:22:49.145292: val classification accuracy 0.4884
2025-12-09 01:22:49.149199: val auc 0.4521
2025-12-09 01:22:49.152547: Epoch time: 51.77 s
2025-12-09 01:22:49.975472: 
2025-12-09 01:22:49.979111: Epoch 52
2025-12-09 01:22:49.981904: Current learning rate: 0.00843
2025-12-09 01:23:40.400269: train_loss 0.6633
2025-12-09 01:23:40.411971: val_loss 0.8211
2025-12-09 01:23:40.425728: val classification accuracy 0.4651
2025-12-09 01:23:40.434678: val auc 0.4694
2025-12-09 01:23:40.437769: Epoch time: 50.43 s
2025-12-09 01:23:41.302464: 
2025-12-09 01:23:41.306258: Epoch 53
2025-12-09 01:23:41.308671: Current learning rate: 0.00839
2025-12-09 01:24:33.921183: train_loss 0.6684
2025-12-09 01:24:33.945481: val_loss 0.7817
2025-12-09 01:24:33.951612: val classification accuracy 0.5116
2025-12-09 01:24:33.954994: val auc 0.5111
2025-12-09 01:24:33.958423: Epoch time: 52.62 s
2025-12-09 01:24:34.789209: 
2025-12-09 01:24:34.793944: Epoch 54
2025-12-09 01:24:34.796848: Current learning rate: 0.00836
2025-12-09 01:25:26.229196: train_loss 0.6751
2025-12-09 01:25:26.235840: val_loss 0.7482
2025-12-09 01:25:26.240058: val classification accuracy 0.4767
2025-12-09 01:25:26.243002: val auc 0.5427
2025-12-09 01:25:26.248613: Epoch time: 51.44 s
2025-12-09 01:25:27.134780: 
2025-12-09 01:25:27.138503: Epoch 55
2025-12-09 01:25:27.141020: Current learning rate: 0.00833
2025-12-09 01:26:20.305190: train_loss 0.6437
2025-12-09 01:26:20.309983: val_loss 0.8844
2025-12-09 01:26:20.313071: val classification accuracy 0.4535
2025-12-09 01:26:20.315845: val auc 0.5246
2025-12-09 01:26:20.319242: Epoch time: 53.17 s
2025-12-09 01:26:21.122505: 
2025-12-09 01:26:21.125931: Epoch 56
2025-12-09 01:26:21.128361: Current learning rate: 0.0083
2025-12-09 01:27:13.572371: train_loss 0.6572
2025-12-09 01:27:13.586210: val_loss 0.9045
2025-12-09 01:27:13.589538: val classification accuracy 0.4884
2025-12-09 01:27:13.592602: val auc 0.4616
2025-12-09 01:27:13.595578: Epoch time: 52.45 s
2025-12-09 01:27:14.389117: 
2025-12-09 01:27:14.393227: Epoch 57
2025-12-09 01:27:14.395636: Current learning rate: 0.00827
2025-12-09 01:28:05.061312: train_loss 0.632
2025-12-09 01:28:05.082182: val_loss 0.687
2025-12-09 01:28:05.086345: val classification accuracy 0.5698
2025-12-09 01:28:05.089906: val auc 0.6368
2025-12-09 01:28:05.092865: Epoch time: 50.67 s
2025-12-09 01:28:06.001740: 
2025-12-09 01:28:06.005764: Epoch 58
2025-12-09 01:28:06.008495: Current learning rate: 0.00824
2025-12-09 01:29:01.251282: train_loss 0.6495
2025-12-09 01:29:01.255730: val_loss 0.775
2025-12-09 01:29:01.258699: val classification accuracy 0.5581
2025-12-09 01:29:01.261632: val auc 0.6471
2025-12-09 01:29:01.264534: Epoch time: 55.25 s
2025-12-09 01:29:02.116558: 
2025-12-09 01:29:02.119935: Epoch 59
2025-12-09 01:29:02.122377: Current learning rate: 0.00821
2025-12-09 01:29:50.509192: train_loss 0.6581
2025-12-09 01:29:50.568195: val_loss 0.7055
2025-12-09 01:29:50.582065: val classification accuracy 0.5
2025-12-09 01:29:50.585830: val auc 0.5416
2025-12-09 01:29:50.589081: Epoch time: 48.39 s
2025-12-09 01:29:51.520530: 
2025-12-09 01:29:51.524361: Epoch 60
2025-12-09 01:29:51.527023: Current learning rate: 0.00818
2025-12-09 01:30:42.546395: train_loss 0.6644
2025-12-09 01:30:42.553281: val_loss 0.8935
2025-12-09 01:30:42.556555: val classification accuracy 0.5581
2025-12-09 01:30:42.582806: val auc 0.5546
2025-12-09 01:30:42.601421: Epoch time: 51.03 s
2025-12-09 01:30:43.423604: 
2025-12-09 01:30:43.427234: Epoch 61
2025-12-09 01:30:43.429815: Current learning rate: 0.00815
2025-12-09 01:31:35.341754: train_loss 0.654
2025-12-09 01:31:35.347170: val_loss 0.7219
2025-12-09 01:31:35.350895: val classification accuracy 0.6395
2025-12-09 01:31:35.354120: val auc 0.5995
2025-12-09 01:31:35.357244: Epoch time: 51.92 s
2025-12-09 01:31:36.865678: 
2025-12-09 01:31:36.869301: Epoch 62
2025-12-09 01:31:36.871964: Current learning rate: 0.00812
2025-12-09 01:32:29.108306: train_loss 0.6539
2025-12-09 01:32:29.133361: val_loss 0.7343
2025-12-09 01:32:29.140027: val classification accuracy 0.5814
2025-12-09 01:32:29.145305: val auc 0.6284
2025-12-09 01:32:29.150577: Epoch time: 52.24 s
2025-12-09 01:32:29.977148: 
2025-12-09 01:32:29.981823: Epoch 63
2025-12-09 01:32:29.984723: Current learning rate: 0.00809
2025-12-09 01:33:23.412812: train_loss 0.6108
2025-12-09 01:33:23.419619: val_loss 0.8359
2025-12-09 01:33:23.423453: val classification accuracy 0.593
2025-12-09 01:33:23.427065: val auc 0.5928
2025-12-09 01:33:23.430225: Epoch time: 53.44 s
2025-12-09 01:33:24.371665: 
2025-12-09 01:33:24.375398: Epoch 64
2025-12-09 01:33:24.378356: Current learning rate: 0.00806
2025-12-09 01:34:15.318910: train_loss 0.6209
2025-12-09 01:34:15.358698: val_loss 0.8723
2025-12-09 01:34:15.364165: val classification accuracy 0.5
2025-12-09 01:34:15.371818: val auc 0.5727
2025-12-09 01:34:15.401640: Epoch time: 50.95 s
2025-12-09 01:34:16.220157: 
2025-12-09 01:34:16.224491: Epoch 65
2025-12-09 01:34:16.227312: Current learning rate: 0.00803
2025-12-09 01:35:09.681495: train_loss 0.6491
2025-12-09 01:35:09.715531: val_loss 0.7955
2025-12-09 01:35:09.763463: val classification accuracy 0.593
2025-12-09 01:35:09.767840: val auc 0.5952
2025-12-09 01:35:09.774087: Epoch time: 53.46 s
2025-12-09 01:35:10.580626: 
2025-12-09 01:35:10.584528: Epoch 66
2025-12-09 01:35:10.587328: Current learning rate: 0.008
2025-12-09 01:36:01.260593: train_loss 0.5956
2025-12-09 01:36:01.266005: val_loss 0.6594
2025-12-09 01:36:01.269841: val classification accuracy 0.6628
2025-12-09 01:36:01.273865: val auc 0.6961
2025-12-09 01:36:01.277491: Epoch time: 50.68 s
2025-12-09 01:36:02.160262: 
2025-12-09 01:36:02.163952: Epoch 67
2025-12-09 01:36:02.166517: Current learning rate: 0.00797
2025-12-09 01:36:54.853756: train_loss 0.5971
2025-12-09 01:36:54.859682: val_loss 0.7987
2025-12-09 01:36:54.862906: val classification accuracy 0.5
2025-12-09 01:36:54.866017: val auc 0.5614
2025-12-09 01:36:54.868938: Epoch time: 52.69 s
2025-12-09 01:36:55.788974: 
2025-12-09 01:36:55.792338: Epoch 68
2025-12-09 01:36:55.794733: Current learning rate: 0.00793
2025-12-09 01:37:47.598081: train_loss 0.6368
2025-12-09 01:37:47.607246: val_loss 0.6404
2025-12-09 01:37:47.614869: val classification accuracy 0.6395
2025-12-09 01:37:47.618886: val auc 0.7004
2025-12-09 01:37:47.623155: Epoch time: 51.81 s
2025-12-09 01:37:48.475027: 
2025-12-09 01:37:48.478752: Epoch 69
2025-12-09 01:37:48.481382: Current learning rate: 0.0079
2025-12-09 01:38:42.206556: train_loss 0.5774
2025-12-09 01:38:42.212974: val_loss 0.7502
2025-12-09 01:38:42.216067: val classification accuracy 0.5698
2025-12-09 01:38:42.219095: val auc 0.5979
2025-12-09 01:38:42.222208: Epoch time: 53.73 s
2025-12-09 01:38:42.983164: 
2025-12-09 01:38:42.987163: Epoch 70
2025-12-09 01:38:42.989943: Current learning rate: 0.00787
2025-12-09 01:39:34.505169: train_loss 0.6214
2025-12-09 01:39:34.536320: val_loss 0.7898
2025-12-09 01:39:34.539648: val classification accuracy 0.593
2025-12-09 01:39:34.542684: val auc 0.5506
2025-12-09 01:39:34.545686: Epoch time: 51.52 s
2025-12-09 01:39:35.318952: 
2025-12-09 01:39:35.322503: Epoch 71
2025-12-09 01:39:35.325108: Current learning rate: 0.00784
2025-12-09 01:40:24.433437: train_loss 0.6476
2025-12-09 01:40:24.439193: val_loss 0.7489
2025-12-09 01:40:24.441868: val classification accuracy 0.4651
2025-12-09 01:40:24.445013: val auc 0.4873
2025-12-09 01:40:24.447914: Epoch time: 49.12 s
2025-12-09 01:40:25.295253: 
2025-12-09 01:40:25.298970: Epoch 72
2025-12-09 01:40:25.301967: Current learning rate: 0.00781
2025-12-09 01:41:18.814206: train_loss 0.6365
2025-12-09 01:41:18.831584: val_loss 0.7225
2025-12-09 01:41:18.835058: val classification accuracy 0.6047
2025-12-09 01:41:18.838512: val auc 0.6379
2025-12-09 01:41:18.841951: Epoch time: 53.52 s
2025-12-09 01:41:19.673456: 
2025-12-09 01:41:19.676999: Epoch 73
2025-12-09 01:41:19.679566: Current learning rate: 0.00778
2025-12-09 01:42:09.365688: train_loss 0.6374
2025-12-09 01:42:09.371191: val_loss 0.7376
2025-12-09 01:42:09.374483: val classification accuracy 0.4884
2025-12-09 01:42:09.377666: val auc 0.5898
2025-12-09 01:42:09.380803: Epoch time: 49.69 s
2025-12-09 01:42:10.200996: 
2025-12-09 01:42:10.205134: Epoch 74
2025-12-09 01:42:10.207762: Current learning rate: 0.00775
2025-12-09 01:43:00.242631: train_loss 0.6144
2025-12-09 01:43:00.273466: val_loss 0.7332
2025-12-09 01:43:00.284024: val classification accuracy 0.593
2025-12-09 01:43:00.287673: val auc 0.6309
2025-12-09 01:43:00.290939: Epoch time: 50.04 s
2025-12-09 01:43:01.074256: 
2025-12-09 01:43:01.078179: Epoch 75
2025-12-09 01:43:01.080907: Current learning rate: 0.00772
2025-12-09 01:43:51.432736: train_loss 0.6093
2025-12-09 01:43:51.457737: val_loss 0.8838
2025-12-09 01:43:51.461565: val classification accuracy 0.6395
2025-12-09 01:43:51.464906: val auc 0.6809
2025-12-09 01:43:51.468919: Epoch time: 50.36 s
2025-12-09 01:43:52.357270: 
2025-12-09 01:43:52.361351: Epoch 76
2025-12-09 01:43:52.364066: Current learning rate: 0.00769
2025-12-09 01:44:42.178443: train_loss 0.654
2025-12-09 01:44:42.183585: val_loss 0.7785
2025-12-09 01:44:42.186701: val classification accuracy 0.4884
2025-12-09 01:44:42.190171: val auc 0.4978
2025-12-09 01:44:42.193568: Epoch time: 49.82 s
2025-12-09 01:44:43.112895: 
2025-12-09 01:44:43.116506: Epoch 77
2025-12-09 01:44:43.119196: Current learning rate: 0.00766
2025-12-09 01:45:36.905219: train_loss 0.6314
2025-12-09 01:45:36.910767: val_loss 0.8445
2025-12-09 01:45:36.913675: val classification accuracy 0.4767
2025-12-09 01:45:36.917578: val auc 0.5133
2025-12-09 01:45:36.920713: Epoch time: 53.79 s
2025-12-09 01:45:37.829188: 
2025-12-09 01:45:37.832539: Epoch 78
2025-12-09 01:45:37.835315: Current learning rate: 0.00763
2025-12-09 01:46:29.253846: train_loss 0.6285
2025-12-09 01:46:29.276938: val_loss 0.7118
2025-12-09 01:46:29.285502: val classification accuracy 0.5698
2025-12-09 01:46:29.288899: val auc 0.622
2025-12-09 01:46:29.291768: Epoch time: 51.43 s
2025-12-09 01:46:30.223133: 
2025-12-09 01:46:30.226697: Epoch 79
2025-12-09 01:46:30.229248: Current learning rate: 0.0076
2025-12-09 01:47:21.831732: train_loss 0.6389
2025-12-09 01:47:21.836680: val_loss 0.6562
2025-12-09 01:47:21.840221: val classification accuracy 0.6744
2025-12-09 01:47:21.843601: val auc 0.6574
2025-12-09 01:47:21.847385: Epoch time: 51.61 s
2025-12-09 01:47:24.805696: Saved periodic checkpoint /hpf/projects/jquon/sumin/nnUNet_data/nnUNet_results/Dataset003_AVM_T1+C/SEResNetTrainer_ep300_NoMirroring__nnUNetResEncUNetLPlans__3d_fullres/fold_0/checkpoint_every20_best_balacc.pth at epoch 79 with val_balanced_accuracy=0.6744
2025-12-09 01:47:25.540445: 
2025-12-09 01:47:25.544680: Epoch 80
2025-12-09 01:47:25.547697: Current learning rate: 0.00756
2025-12-09 01:48:16.535787: train_loss 0.5801
2025-12-09 01:48:16.554498: val_loss 0.7497
2025-12-09 01:48:16.558501: val classification accuracy 0.5349
2025-12-09 01:48:16.561960: val auc 0.5949
2025-12-09 01:48:16.564831: Epoch time: 51.0 s
2025-12-09 01:48:17.358438: 
2025-12-09 01:48:17.361757: Epoch 81
2025-12-09 01:48:17.364294: Current learning rate: 0.00753
2025-12-09 01:49:08.347042: train_loss 0.6204
2025-12-09 01:49:08.371306: val_loss 0.8544
2025-12-09 01:49:08.374886: val classification accuracy 0.5233
2025-12-09 01:49:08.378221: val auc 0.5157
2025-12-09 01:49:08.381445: Epoch time: 50.99 s
2025-12-09 01:49:09.196487: 
2025-12-09 01:49:09.200211: Epoch 82
2025-12-09 01:49:09.202750: Current learning rate: 0.0075
2025-12-09 01:50:00.512160: train_loss 0.6324
2025-12-09 01:50:00.530529: val_loss 0.6983
2025-12-09 01:50:00.539909: val classification accuracy 0.5698
2025-12-09 01:50:00.565994: val auc 0.5936
2025-12-09 01:50:00.582438: Epoch time: 51.32 s
2025-12-09 01:50:01.524015: 
2025-12-09 01:50:01.527932: Epoch 83
2025-12-09 01:50:01.531184: Current learning rate: 0.00747
2025-12-09 01:50:54.715301: train_loss 0.6129
2025-12-09 01:50:54.721380: val_loss 0.7863
2025-12-09 01:50:54.727330: val classification accuracy 0.593
2025-12-09 01:50:54.750432: val auc 0.6263
2025-12-09 01:50:54.754781: Epoch time: 53.19 s
2025-12-09 01:50:55.651701: 
2025-12-09 01:50:55.656347: Epoch 84
2025-12-09 01:50:55.659667: Current learning rate: 0.00744
2025-12-09 01:51:45.565759: train_loss 0.6065
2025-12-09 01:51:45.587428: val_loss 0.8489
2025-12-09 01:51:45.590635: val classification accuracy 0.5581
2025-12-09 01:51:45.593883: val auc 0.5544
2025-12-09 01:51:45.597516: Epoch time: 49.92 s
2025-12-09 01:51:46.393273: 
2025-12-09 01:51:46.396931: Epoch 85
2025-12-09 01:51:46.400237: Current learning rate: 0.00741
2025-12-09 01:52:38.305978: train_loss 0.5815
2025-12-09 01:52:38.314332: val_loss 1.002
2025-12-09 01:52:38.318053: val classification accuracy 0.6047
2025-12-09 01:52:38.321712: val auc 0.6201
2025-12-09 01:52:38.325152: Epoch time: 51.91 s
2025-12-09 01:52:39.363206: 
2025-12-09 01:52:39.366987: Epoch 86
2025-12-09 01:52:39.369790: Current learning rate: 0.00738
2025-12-09 01:53:33.164047: train_loss 0.6064
2025-12-09 01:53:33.184052: val_loss 0.8496
2025-12-09 01:53:33.188009: val classification accuracy 0.5116
2025-12-09 01:53:33.191521: val auc 0.6092
2025-12-09 01:53:33.195058: Epoch time: 53.8 s
2025-12-09 01:53:34.051557: 
2025-12-09 01:53:34.055486: Epoch 87
2025-12-09 01:53:34.058264: Current learning rate: 0.00735
2025-12-09 01:54:25.700687: train_loss 0.6298
2025-12-09 01:54:25.706353: val_loss 0.8358
2025-12-09 01:54:25.709789: val classification accuracy 0.5233
2025-12-09 01:54:25.712955: val auc 0.583
2025-12-09 01:54:25.716017: Epoch time: 51.65 s
2025-12-09 01:54:26.504613: 
2025-12-09 01:54:26.508436: Epoch 88
2025-12-09 01:54:26.511324: Current learning rate: 0.00732
2025-12-09 01:55:21.335745: train_loss 0.6464
2025-12-09 01:55:21.353660: val_loss 0.5696
2025-12-09 01:55:21.357028: val classification accuracy 0.6977
2025-12-09 01:55:21.373459: val auc 0.7791
2025-12-09 01:55:21.378473: Epoch time: 54.83 s
2025-12-09 01:55:21.382628: Yayy! New best EMA pseudo Dice: 0.7791
2025-12-09 01:55:24.053217: Yayy! New best classification accuracy: 0.6977
2025-12-09 01:55:27.612814: 
2025-12-09 01:55:27.617069: Epoch 89
2025-12-09 01:55:27.620346: Current learning rate: 0.00729
2025-12-09 01:56:20.625597: train_loss 0.6164
2025-12-09 01:56:20.631589: val_loss 0.7884
2025-12-09 01:56:20.635222: val classification accuracy 0.5465
2025-12-09 01:56:20.638573: val auc 0.5665
2025-12-09 01:56:20.641857: Epoch time: 53.01 s
2025-12-09 01:56:21.498754: 
2025-12-09 01:56:21.502120: Epoch 90
2025-12-09 01:56:21.504957: Current learning rate: 0.00725
2025-12-09 01:57:13.624195: train_loss 0.6125
2025-12-09 01:57:13.630347: val_loss 0.7196
2025-12-09 01:57:13.633832: val classification accuracy 0.5581
2025-12-09 01:57:13.637417: val auc 0.6041
2025-12-09 01:57:13.654740: Epoch time: 52.13 s
2025-12-09 01:57:14.482026: 
2025-12-09 01:57:14.485502: Epoch 91
2025-12-09 01:57:14.488511: Current learning rate: 0.00722
2025-12-09 01:58:08.055208: train_loss 0.6137
2025-12-09 01:58:08.060238: val_loss 0.6098
2025-12-09 01:58:08.063658: val classification accuracy 0.6395
2025-12-09 01:58:08.066660: val auc 0.7223
2025-12-09 01:58:08.069416: Epoch time: 53.57 s
2025-12-09 01:58:08.873452: 
2025-12-09 01:58:08.877218: Epoch 92
2025-12-09 01:58:08.879827: Current learning rate: 0.00719
2025-12-09 01:59:00.218066: train_loss 0.5956
2025-12-09 01:59:00.245910: val_loss 0.7498
2025-12-09 01:59:00.249107: val classification accuracy 0.6163
2025-12-09 01:59:00.273073: val auc 0.6341
2025-12-09 01:59:00.277339: Epoch time: 51.35 s
2025-12-09 01:59:01.201585: 
2025-12-09 01:59:01.205156: Epoch 93
2025-12-09 01:59:01.207750: Current learning rate: 0.00716
2025-12-09 01:59:52.221105: train_loss 0.6006
2025-12-09 01:59:52.226535: val_loss 0.7118
2025-12-09 01:59:52.229897: val classification accuracy 0.5814
2025-12-09 01:59:52.233215: val auc 0.632
2025-12-09 01:59:52.236406: Epoch time: 51.02 s
2025-12-09 01:59:53.065145: 
2025-12-09 01:59:53.068995: Epoch 94
2025-12-09 01:59:53.071666: Current learning rate: 0.00713
2025-12-09 02:00:45.347468: train_loss 0.6025
2025-12-09 02:00:45.353857: val_loss 0.8695
2025-12-09 02:00:45.357305: val classification accuracy 0.5465
2025-12-09 02:00:45.360164: val auc 0.5516
2025-12-09 02:00:45.363087: Epoch time: 52.28 s
2025-12-09 02:00:46.150295: 
2025-12-09 02:00:46.154122: Epoch 95
2025-12-09 02:00:46.157727: Current learning rate: 0.0071
2025-12-09 02:01:34.781552: train_loss 0.5859
2025-12-09 02:01:34.788826: val_loss 0.6609
2025-12-09 02:01:34.792604: val classification accuracy 0.686
2025-12-09 02:01:34.796142: val auc 0.7707
2025-12-09 02:01:34.800452: Epoch time: 48.63 s
2025-12-09 02:01:35.648143: 
2025-12-09 02:01:35.652235: Epoch 96
2025-12-09 02:01:35.654991: Current learning rate: 0.00707
2025-12-09 02:02:26.442696: train_loss 0.5702
2025-12-09 02:02:26.449079: val_loss 0.8836
2025-12-09 02:02:26.452787: val classification accuracy 0.5233
2025-12-09 02:02:26.464805: val auc 0.5514
2025-12-09 02:02:26.468029: Epoch time: 50.8 s
2025-12-09 02:02:27.376268: 
2025-12-09 02:02:27.380099: Epoch 97
2025-12-09 02:02:27.383200: Current learning rate: 0.00704
2025-12-09 02:03:17.551272: train_loss 0.6107
2025-12-09 02:03:17.556304: val_loss 0.7635
2025-12-09 02:03:17.559133: val classification accuracy 0.4767
2025-12-09 02:03:17.562674: val auc 0.5495
2025-12-09 02:03:17.566070: Epoch time: 50.18 s
2025-12-09 02:03:18.420167: 
2025-12-09 02:03:18.423928: Epoch 98
2025-12-09 02:03:18.426488: Current learning rate: 0.007
2025-12-09 02:04:09.150974: train_loss 0.6023
2025-12-09 02:04:09.170430: val_loss 0.7405
2025-12-09 02:04:09.178273: val classification accuracy 0.6279
2025-12-09 02:04:09.181624: val auc 0.6182
2025-12-09 02:04:09.184848: Epoch time: 50.73 s
2025-12-09 02:04:09.984186: 
2025-12-09 02:04:09.988291: Epoch 99
2025-12-09 02:04:09.991189: Current learning rate: 0.00697
2025-12-09 02:05:02.264230: train_loss 0.5947
2025-12-09 02:05:02.275465: val_loss 0.8742
2025-12-09 02:05:02.279052: val classification accuracy 0.5581
2025-12-09 02:05:02.281891: val auc 0.583
2025-12-09 02:05:02.285195: Epoch time: 52.28 s
2025-12-09 02:05:03.178858: 
2025-12-09 02:05:03.182597: Epoch 100
2025-12-09 02:05:03.185226: Current learning rate: 0.00694
2025-12-09 02:05:55.397459: train_loss 0.6074
2025-12-09 02:05:55.403436: val_loss 0.7783
2025-12-09 02:05:55.406816: val classification accuracy 0.5233
2025-12-09 02:05:55.410796: val auc 0.5884
2025-12-09 02:05:55.413845: Epoch time: 52.22 s
2025-12-09 02:05:56.277088: 
2025-12-09 02:05:56.281249: Epoch 101
2025-12-09 02:05:56.283818: Current learning rate: 0.00691
2025-12-09 02:06:48.616389: train_loss 0.6153
2025-12-09 02:06:48.634704: val_loss 0.7045
2025-12-09 02:06:48.639029: val classification accuracy 0.5349
2025-12-09 02:06:48.642253: val auc 0.6082
2025-12-09 02:06:48.645336: Epoch time: 52.34 s
2025-12-09 02:06:50.237191: 
2025-12-09 02:06:50.240727: Epoch 102
2025-12-09 02:06:50.243748: Current learning rate: 0.00688
2025-12-09 02:07:42.581771: train_loss 0.6104
2025-12-09 02:07:42.605051: val_loss 0.8255
2025-12-09 02:07:42.608890: val classification accuracy 0.593
2025-12-09 02:07:42.612735: val auc 0.5679
2025-12-09 02:07:42.621199: Epoch time: 52.35 s
2025-12-09 02:07:43.546257: 
2025-12-09 02:07:43.550152: Epoch 103
2025-12-09 02:07:43.553588: Current learning rate: 0.00685
2025-12-09 02:08:36.331106: train_loss 0.6074
2025-12-09 02:08:36.336286: val_loss 0.7455
2025-12-09 02:08:36.339600: val classification accuracy 0.5465
2025-12-09 02:08:36.342804: val auc 0.6425
2025-12-09 02:08:36.346106: Epoch time: 52.79 s
2025-12-09 02:08:37.198644: 
2025-12-09 02:08:37.202212: Epoch 104
2025-12-09 02:08:37.204954: Current learning rate: 0.00682
2025-12-09 02:09:30.228229: train_loss 0.6048
2025-12-09 02:09:30.238181: val_loss 0.8506
2025-12-09 02:09:30.242140: val classification accuracy 0.5116
2025-12-09 02:09:30.246155: val auc 0.4535
2025-12-09 02:09:30.249697: Epoch time: 53.03 s
2025-12-09 02:09:31.151693: 
2025-12-09 02:09:31.173112: Epoch 105
2025-12-09 02:09:31.179011: Current learning rate: 0.00679
2025-12-09 02:10:23.039449: train_loss 0.6128
2025-12-09 02:10:23.051426: val_loss 0.8364
2025-12-09 02:10:23.054756: val classification accuracy 0.4767
2025-12-09 02:10:23.057352: val auc 0.526
2025-12-09 02:10:23.059885: Epoch time: 51.89 s
2025-12-09 02:10:23.871386: 
2025-12-09 02:10:23.874936: Epoch 106
2025-12-09 02:10:23.877588: Current learning rate: 0.00675
2025-12-09 02:11:14.269291: train_loss 0.6185
2025-12-09 02:11:14.274501: val_loss 0.8677
2025-12-09 02:11:14.277256: val classification accuracy 0.5465
2025-12-09 02:11:14.279948: val auc 0.5684
2025-12-09 02:11:14.282954: Epoch time: 50.4 s
2025-12-09 02:11:15.096175: 
2025-12-09 02:11:15.099610: Epoch 107
2025-12-09 02:11:15.102152: Current learning rate: 0.00672
2025-12-09 02:12:07.801732: train_loss 0.6113
2025-12-09 02:12:07.828978: val_loss 0.8787
2025-12-09 02:12:07.833660: val classification accuracy 0.593
2025-12-09 02:12:07.838140: val auc 0.5771
2025-12-09 02:12:07.842117: Epoch time: 52.71 s
2025-12-09 02:12:08.667148: 
2025-12-09 02:12:08.671448: Epoch 108
2025-12-09 02:12:08.674537: Current learning rate: 0.00669
2025-12-09 02:13:01.644099: train_loss 0.6346
2025-12-09 02:13:01.661929: val_loss 0.6774
2025-12-09 02:13:01.665979: val classification accuracy 0.6512
2025-12-09 02:13:01.681035: val auc 0.6931
2025-12-09 02:13:01.685426: Epoch time: 52.98 s
2025-12-09 02:13:02.550254: 
2025-12-09 02:13:02.553960: Epoch 109
2025-12-09 02:13:02.556656: Current learning rate: 0.00666
2025-12-09 02:13:52.519094: train_loss 0.5919
2025-12-09 02:13:52.523937: val_loss 0.6062
2025-12-09 02:13:52.527302: val classification accuracy 0.686
2025-12-09 02:13:52.530607: val auc 0.7653
2025-12-09 02:13:52.533736: Epoch time: 49.97 s
2025-12-09 02:13:53.353420: 
2025-12-09 02:13:53.356850: Epoch 110
2025-12-09 02:13:53.359540: Current learning rate: 0.00663
2025-12-09 02:14:43.819628: train_loss 0.6167
2025-12-09 02:14:43.824710: val_loss 0.6738
2025-12-09 02:14:43.828278: val classification accuracy 0.6163
2025-12-09 02:14:43.831523: val auc 0.6668
2025-12-09 02:14:43.835608: Epoch time: 50.47 s
2025-12-09 02:14:44.752101: 
2025-12-09 02:14:44.756128: Epoch 111
2025-12-09 02:14:44.758808: Current learning rate: 0.0066
2025-12-09 02:15:33.250771: train_loss 0.5691
2025-12-09 02:15:33.259833: val_loss 0.9604
2025-12-09 02:15:33.263438: val classification accuracy 0.5581
2025-12-09 02:15:33.267093: val auc 0.5406
2025-12-09 02:15:33.270005: Epoch time: 48.5 s
2025-12-09 02:15:34.178513: 
2025-12-09 02:15:34.182183: Epoch 112
2025-12-09 02:15:34.184975: Current learning rate: 0.00657
2025-12-09 02:16:26.530325: train_loss 0.5814
2025-12-09 02:16:26.538397: val_loss 0.8335
2025-12-09 02:16:26.542192: val classification accuracy 0.4419
2025-12-09 02:16:26.545219: val auc 0.4862
2025-12-09 02:16:26.548793: Epoch time: 52.35 s
2025-12-09 02:16:27.348872: 
2025-12-09 02:16:27.352396: Epoch 113
2025-12-09 02:16:27.355101: Current learning rate: 0.00654
2025-12-09 02:17:18.114000: train_loss 0.5741
2025-12-09 02:17:18.118351: val_loss 0.8276
2025-12-09 02:17:18.122480: val classification accuracy 0.5814
2025-12-09 02:17:18.125601: val auc 0.6493
2025-12-09 02:17:18.128825: Epoch time: 50.77 s
2025-12-09 02:17:19.038580: 
2025-12-09 02:17:19.042541: Epoch 114
2025-12-09 02:17:19.045509: Current learning rate: 0.0065
2025-12-09 02:18:09.317086: train_loss 0.6224
2025-12-09 02:18:09.322146: val_loss 0.7708
2025-12-09 02:18:09.326688: val classification accuracy 0.5465
2025-12-09 02:18:09.330804: val auc 0.5676
2025-12-09 02:18:09.349513: Epoch time: 50.28 s
2025-12-09 02:18:10.205103: 
2025-12-09 02:18:10.208978: Epoch 115
2025-12-09 02:18:10.211616: Current learning rate: 0.00647
2025-12-09 02:19:01.848975: train_loss 0.6028
2025-12-09 02:19:01.853489: val_loss 0.7358
2025-12-09 02:19:01.856957: val classification accuracy 0.6047
2025-12-09 02:19:01.860197: val auc 0.6111
2025-12-09 02:19:01.863378: Epoch time: 51.65 s
2025-12-09 02:19:03.535513: 
2025-12-09 02:19:03.539089: Epoch 116
2025-12-09 02:19:03.541889: Current learning rate: 0.00644
2025-12-09 02:19:56.365014: train_loss 0.638
2025-12-09 02:19:56.372079: val_loss 0.7165
2025-12-09 02:19:56.377153: val classification accuracy 0.593
2025-12-09 02:19:56.381073: val auc 0.5665
2025-12-09 02:19:56.384539: Epoch time: 52.83 s
2025-12-09 02:19:57.329163: 
2025-12-09 02:19:57.332817: Epoch 117
2025-12-09 02:19:57.335590: Current learning rate: 0.00641
2025-12-09 02:20:49.060173: train_loss 0.5842
2025-12-09 02:20:49.081052: val_loss 0.7572
2025-12-09 02:20:49.084787: val classification accuracy 0.593
2025-12-09 02:20:49.088442: val auc 0.6609
2025-12-09 02:20:49.091819: Epoch time: 51.73 s
2025-12-09 02:20:49.929399: 
2025-12-09 02:20:49.933890: Epoch 118
2025-12-09 02:20:49.936908: Current learning rate: 0.00638
2025-12-09 02:21:41.392514: train_loss 0.598
2025-12-09 02:21:41.405570: val_loss 0.6643
2025-12-09 02:21:41.409570: val classification accuracy 0.6279
2025-12-09 02:21:41.413286: val auc 0.7415
2025-12-09 02:21:41.417142: Epoch time: 51.46 s
2025-12-09 02:21:42.370811: 
2025-12-09 02:21:42.374646: Epoch 119
2025-12-09 02:21:42.377513: Current learning rate: 0.00635
2025-12-09 02:22:32.669789: train_loss 0.6037
2025-12-09 02:22:32.694741: val_loss 0.699
2025-12-09 02:22:32.701944: val classification accuracy 0.5581
2025-12-09 02:22:32.707084: val auc 0.7082
2025-12-09 02:22:32.710269: Epoch time: 50.3 s
2025-12-09 02:22:33.637599: 
2025-12-09 02:22:33.641074: Epoch 120
2025-12-09 02:22:33.643950: Current learning rate: 0.00631
2025-12-09 02:23:26.431427: train_loss 0.604
2025-12-09 02:23:26.436682: val_loss 0.7057
2025-12-09 02:23:26.440231: val classification accuracy 0.5698
2025-12-09 02:23:26.443222: val auc 0.7261
2025-12-09 02:23:26.447114: Epoch time: 52.8 s
2025-12-09 02:23:27.243209: 
2025-12-09 02:23:27.246934: Epoch 121
2025-12-09 02:23:27.249849: Current learning rate: 0.00628
2025-12-09 02:24:18.979535: train_loss 0.5888
2025-12-09 02:24:18.999846: val_loss 0.7385
2025-12-09 02:24:19.006972: val classification accuracy 0.5581
2025-12-09 02:24:19.019152: val auc 0.5622
2025-12-09 02:24:19.022537: Epoch time: 51.74 s
2025-12-09 02:24:19.851698: 
2025-12-09 02:24:19.855779: Epoch 122
2025-12-09 02:24:19.858887: Current learning rate: 0.00625
2025-12-09 02:25:12.576403: train_loss 0.5686
2025-12-09 02:25:12.581640: val_loss 0.8506
2025-12-09 02:25:12.589550: val classification accuracy 0.5465
2025-12-09 02:25:12.593160: val auc 0.6003
2025-12-09 02:25:12.596865: Epoch time: 52.73 s
2025-12-09 02:25:13.395211: 
2025-12-09 02:25:13.399112: Epoch 123
2025-12-09 02:25:13.401820: Current learning rate: 0.00622
2025-12-09 02:26:04.046376: train_loss 0.5097
2025-12-09 02:26:04.051494: val_loss 0.9439
2025-12-09 02:26:04.054541: val classification accuracy 0.5233
2025-12-09 02:26:04.058346: val auc 0.5803
2025-12-09 02:26:04.061667: Epoch time: 50.65 s
2025-12-09 02:26:04.829762: 
2025-12-09 02:26:04.833460: Epoch 124
2025-12-09 02:26:04.836435: Current learning rate: 0.00619
2025-12-09 02:27:00.317037: train_loss 0.5738
2025-12-09 02:27:00.323125: val_loss 0.8937
2025-12-09 02:27:00.327172: val classification accuracy 0.5116
2025-12-09 02:27:00.331297: val auc 0.5349
2025-12-09 02:27:00.334893: Epoch time: 55.49 s
2025-12-09 02:27:01.194372: 
2025-12-09 02:27:01.197770: Epoch 125
2025-12-09 02:27:01.200407: Current learning rate: 0.00616
2025-12-09 02:27:54.897544: train_loss 0.5883
2025-12-09 02:27:54.946176: val_loss 0.7223
2025-12-09 02:27:54.965417: val classification accuracy 0.6163
2025-12-09 02:27:54.968531: val auc 0.6636
2025-12-09 02:27:54.971309: Epoch time: 53.7 s
2025-12-09 02:27:55.777360: 
2025-12-09 02:27:55.781066: Epoch 126
2025-12-09 02:27:55.784065: Current learning rate: 0.00612
2025-12-09 02:28:49.335344: train_loss 0.5988
2025-12-09 02:28:49.356068: val_loss 0.6864
2025-12-09 02:28:49.359474: val classification accuracy 0.5698
2025-12-09 02:28:49.362864: val auc 0.6485
2025-12-09 02:28:49.366066: Epoch time: 53.56 s
2025-12-09 02:28:50.192502: 
2025-12-09 02:28:50.196404: Epoch 127
2025-12-09 02:28:50.199219: Current learning rate: 0.00609
2025-12-09 02:29:38.051934: train_loss 0.5897
2025-12-09 02:29:38.061721: val_loss 0.8008
2025-12-09 02:29:38.065384: val classification accuracy 0.4767
2025-12-09 02:29:38.068733: val auc 0.49
2025-12-09 02:29:38.072551: Epoch time: 47.86 s
2025-12-09 02:29:38.904907: 
2025-12-09 02:29:38.909175: Epoch 128
2025-12-09 02:29:38.912560: Current learning rate: 0.00606
2025-12-09 02:30:28.093703: train_loss 0.6117
2025-12-09 02:30:28.103832: val_loss 0.7237
2025-12-09 02:30:28.107215: val classification accuracy 0.6395
2025-12-09 02:30:28.110607: val auc 0.639
2025-12-09 02:30:28.147137: Epoch time: 49.19 s
2025-12-09 02:30:28.952407: 
2025-12-09 02:30:28.956264: Epoch 129
2025-12-09 02:30:28.959467: Current learning rate: 0.00603
2025-12-09 02:31:22.333645: train_loss 0.62
2025-12-09 02:31:22.339641: val_loss 0.6756
2025-12-09 02:31:22.343489: val classification accuracy 0.5581
2025-12-09 02:31:22.347076: val auc 0.666
2025-12-09 02:31:22.355413: Epoch time: 53.38 s
2025-12-09 02:31:23.971312: 
2025-12-09 02:31:23.975713: Epoch 130
2025-12-09 02:31:23.979135: Current learning rate: 0.006
2025-12-09 02:32:14.616871: train_loss 0.5631
2025-12-09 02:32:14.625236: val_loss 0.7442
2025-12-09 02:32:14.628353: val classification accuracy 0.6279
2025-12-09 02:32:14.631454: val auc 0.6401
2025-12-09 02:32:14.634971: Epoch time: 50.65 s
2025-12-09 02:32:15.437542: 
2025-12-09 02:32:15.442699: Epoch 131
2025-12-09 02:32:15.445922: Current learning rate: 0.00597
2025-12-09 02:33:07.696078: train_loss 0.6299
2025-12-09 02:33:07.700337: val_loss 0.8329
2025-12-09 02:33:07.703215: val classification accuracy 0.4767
2025-12-09 02:33:07.705990: val auc 0.5449
2025-12-09 02:33:07.708614: Epoch time: 52.26 s
2025-12-09 02:33:08.616350: 
2025-12-09 02:33:08.619948: Epoch 132
2025-12-09 02:33:08.622562: Current learning rate: 0.00593
2025-12-09 02:34:01.532501: train_loss 0.6143
2025-12-09 02:34:01.538352: val_loss 0.6572
2025-12-09 02:34:01.541672: val classification accuracy 0.5698
2025-12-09 02:34:01.545848: val auc 0.719
2025-12-09 02:34:01.548896: Epoch time: 52.92 s
2025-12-09 02:34:02.485971: 
2025-12-09 02:34:02.489521: Epoch 133
2025-12-09 02:34:02.492130: Current learning rate: 0.0059
2025-12-09 02:34:55.983305: train_loss 0.5156
2025-12-09 02:34:55.987787: val_loss 0.8779
2025-12-09 02:34:55.990925: val classification accuracy 0.593
2025-12-09 02:34:55.994009: val auc 0.6376
2025-12-09 02:34:55.996990: Epoch time: 53.5 s
2025-12-09 02:34:56.828525: 
2025-12-09 02:34:56.832012: Epoch 134
2025-12-09 02:34:56.834447: Current learning rate: 0.00587
2025-12-09 02:35:52.296501: train_loss 0.5904
2025-12-09 02:35:52.302582: val_loss 0.8149
2025-12-09 02:35:52.305773: val classification accuracy 0.5116
2025-12-09 02:35:52.309180: val auc 0.5911
2025-12-09 02:35:52.312024: Epoch time: 55.47 s
2025-12-09 02:35:53.128029: 
2025-12-09 02:35:53.131602: Epoch 135
2025-12-09 02:35:53.134296: Current learning rate: 0.00584
2025-12-09 02:36:44.728941: train_loss 0.6026
2025-12-09 02:36:44.755386: val_loss 0.7596
2025-12-09 02:36:44.758976: val classification accuracy 0.5814
2025-12-09 02:36:44.762467: val auc 0.5465
2025-12-09 02:36:44.765849: Epoch time: 51.6 s
2025-12-09 02:36:45.557102: 
2025-12-09 02:36:45.560935: Epoch 136
2025-12-09 02:36:45.563763: Current learning rate: 0.00581
2025-12-09 02:37:38.388225: train_loss 0.5692
2025-12-09 02:37:38.446155: val_loss 0.7481
2025-12-09 02:37:38.449778: val classification accuracy 0.5814
2025-12-09 02:37:38.452955: val auc 0.6417
2025-12-09 02:37:38.455937: Epoch time: 52.83 s
2025-12-09 02:37:39.288671: 
2025-12-09 02:37:39.292521: Epoch 137
2025-12-09 02:37:39.295917: Current learning rate: 0.00578
2025-12-09 02:38:33.928121: train_loss 0.5284
2025-12-09 02:38:33.955291: val_loss 0.6275
2025-12-09 02:38:33.959268: val classification accuracy 0.7442
2025-12-09 02:38:33.962926: val auc 0.7555
2025-12-09 02:38:33.965833: Epoch time: 54.64 s
2025-12-09 02:38:33.969219: Yayy! New best classification accuracy: 0.7442
2025-12-09 02:38:37.601984: 
2025-12-09 02:38:37.606102: Epoch 138
2025-12-09 02:38:37.609063: Current learning rate: 0.00574
2025-12-09 02:39:26.767526: train_loss 0.5834
2025-12-09 02:39:26.772818: val_loss 0.7532
2025-12-09 02:39:26.775849: val classification accuracy 0.6047
2025-12-09 02:39:26.778960: val auc 0.6885
2025-12-09 02:39:26.781951: Epoch time: 49.17 s
2025-12-09 02:39:27.563729: 
2025-12-09 02:39:27.567313: Epoch 139
2025-12-09 02:39:27.570000: Current learning rate: 0.00571
2025-12-09 02:40:20.704333: train_loss 0.5683
2025-12-09 02:40:20.709477: val_loss 0.7563
2025-12-09 02:40:20.713521: val classification accuracy 0.6279
2025-12-09 02:40:20.717390: val auc 0.6236
2025-12-09 02:40:20.720725: Epoch time: 53.14 s
2025-12-09 02:40:21.641433: 
2025-12-09 02:40:21.645491: Epoch 140
2025-12-09 02:40:21.648621: Current learning rate: 0.00568
2025-12-09 02:41:14.120499: train_loss 0.5686
2025-12-09 02:41:14.125784: val_loss 0.982
2025-12-09 02:41:14.128925: val classification accuracy 0.4302
2025-12-09 02:41:14.132012: val auc 0.4665
2025-12-09 02:41:14.136988: Epoch time: 52.48 s
2025-12-09 02:41:15.000736: 
2025-12-09 02:41:15.006010: Epoch 141
2025-12-09 02:41:15.012610: Current learning rate: 0.00565
2025-12-09 02:42:09.350293: train_loss 0.594
2025-12-09 02:42:09.355261: val_loss 0.6438
2025-12-09 02:42:09.358635: val classification accuracy 0.5814
2025-12-09 02:42:09.361994: val auc 0.6928
2025-12-09 02:42:09.365499: Epoch time: 54.35 s
2025-12-09 02:42:10.192032: 
2025-12-09 02:42:10.196140: Epoch 142
2025-12-09 02:42:10.199661: Current learning rate: 0.00562
2025-12-09 02:43:04.795299: train_loss 0.5603
2025-12-09 02:43:04.800724: val_loss 0.8027
2025-12-09 02:43:04.803818: val classification accuracy 0.6047
2025-12-09 02:43:04.807164: val auc 0.6101
2025-12-09 02:43:04.811191: Epoch time: 54.6 s
2025-12-09 02:43:06.456906: 
2025-12-09 02:43:06.460852: Epoch 143
2025-12-09 02:43:06.464025: Current learning rate: 0.00558
2025-12-09 02:43:58.436400: train_loss 0.5676
2025-12-09 02:43:58.444769: val_loss 0.7831
2025-12-09 02:43:58.457209: val classification accuracy 0.5233
2025-12-09 02:43:58.460935: val auc 0.6176
2025-12-09 02:43:58.464458: Epoch time: 51.98 s
2025-12-09 02:43:59.366099: 
2025-12-09 02:43:59.370398: Epoch 144
2025-12-09 02:43:59.374218: Current learning rate: 0.00555
2025-12-09 02:44:51.630252: train_loss 0.567
2025-12-09 02:44:51.643123: val_loss 0.6688
2025-12-09 02:44:51.651516: val classification accuracy 0.6512
2025-12-09 02:44:51.655655: val auc 0.6814
2025-12-09 02:44:51.659307: Epoch time: 52.27 s
2025-12-09 02:44:52.553845: 
2025-12-09 02:44:52.557709: Epoch 145
2025-12-09 02:44:52.560448: Current learning rate: 0.00552
2025-12-09 02:45:45.896291: train_loss 0.5731
2025-12-09 02:45:45.901263: val_loss 0.8796
2025-12-09 02:45:45.904257: val classification accuracy 0.5
2025-12-09 02:45:45.907044: val auc 0.5476
2025-12-09 02:45:45.909882: Epoch time: 53.34 s
2025-12-09 02:45:46.748204: 
2025-12-09 02:45:46.752037: Epoch 146
2025-12-09 02:45:46.755165: Current learning rate: 0.00549
2025-12-09 02:46:37.523734: train_loss 0.5972
2025-12-09 02:46:37.529320: val_loss 0.7992
2025-12-09 02:46:37.533108: val classification accuracy 0.5349
2025-12-09 02:46:37.536855: val auc 0.5176
2025-12-09 02:46:37.544866: Epoch time: 50.78 s
2025-12-09 02:46:38.358403: 
2025-12-09 02:46:38.362115: Epoch 147
2025-12-09 02:46:38.364866: Current learning rate: 0.00546
2025-12-09 02:47:26.662870: train_loss 0.541
2025-12-09 02:47:26.670117: val_loss 1.079
2025-12-09 02:47:26.673884: val classification accuracy 0.5465
2025-12-09 02:47:26.676977: val auc 0.5571
2025-12-09 02:47:26.679993: Epoch time: 48.31 s
2025-12-09 02:47:27.598315: 
2025-12-09 02:47:27.602515: Epoch 148
2025-12-09 02:47:27.605846: Current learning rate: 0.00542
2025-12-09 02:48:20.980403: train_loss 0.5391
2025-12-09 02:48:20.986241: val_loss 0.9011
2025-12-09 02:48:20.993679: val classification accuracy 0.6744
2025-12-09 02:48:20.997633: val auc 0.7047
2025-12-09 02:48:21.000944: Epoch time: 53.38 s
2025-12-09 02:48:21.945177: 
2025-12-09 02:48:21.949057: Epoch 149
2025-12-09 02:48:21.952611: Current learning rate: 0.00539
2025-12-09 02:49:11.093914: train_loss 0.6337
2025-12-09 02:49:11.098675: val_loss 0.6633
2025-12-09 02:49:11.102310: val classification accuracy 0.6163
2025-12-09 02:49:11.105510: val auc 0.6787
2025-12-09 02:49:11.108970: Epoch time: 49.15 s
2025-12-09 02:49:11.914006: 
2025-12-09 02:49:11.917557: Epoch 150
2025-12-09 02:49:11.920382: Current learning rate: 0.00536
2025-12-09 02:50:05.826311: train_loss 0.5518
2025-12-09 02:50:05.831231: val_loss 1.0049
2025-12-09 02:50:05.834272: val classification accuracy 0.5116
2025-12-09 02:50:05.837137: val auc 0.5468
2025-12-09 02:50:05.841001: Epoch time: 53.91 s
2025-12-09 02:50:06.723481: 
2025-12-09 02:50:06.726957: Epoch 151
2025-12-09 02:50:06.729504: Current learning rate: 0.00533
2025-12-09 02:50:58.334045: train_loss 0.5729
2025-12-09 02:50:58.339651: val_loss 0.9228
2025-12-09 02:50:58.343014: val classification accuracy 0.5698
2025-12-09 02:50:58.351724: val auc 0.5719
2025-12-09 02:50:58.355450: Epoch time: 51.61 s
2025-12-09 02:50:59.197576: 
2025-12-09 02:50:59.201813: Epoch 152
2025-12-09 02:50:59.205287: Current learning rate: 0.00529
2025-12-09 02:51:57.165955: train_loss 0.5741
2025-12-09 02:51:57.171651: val_loss 0.7709
2025-12-09 02:51:57.175634: val classification accuracy 0.5581
2025-12-09 02:51:57.179262: val auc 0.6041
2025-12-09 02:51:57.183038: Epoch time: 57.97 s
2025-12-09 02:51:58.039851: 
2025-12-09 02:51:58.043990: Epoch 153
2025-12-09 02:51:58.047469: Current learning rate: 0.00526
2025-12-09 02:52:49.478101: train_loss 0.5175
2025-12-09 02:52:49.489631: val_loss 0.8407
2025-12-09 02:52:49.515994: val classification accuracy 0.6279
2025-12-09 02:52:49.520490: val auc 0.6203
2025-12-09 02:52:49.526562: Epoch time: 51.44 s
2025-12-09 02:52:50.416744: 
2025-12-09 02:52:50.420526: Epoch 154
2025-12-09 02:52:50.424233: Current learning rate: 0.00523
2025-12-09 02:53:45.989859: train_loss 0.5751
2025-12-09 02:53:45.995977: val_loss 0.8337
2025-12-09 02:53:46.000192: val classification accuracy 0.5814
2025-12-09 02:53:46.004118: val auc 0.5454
2025-12-09 02:53:46.008050: Epoch time: 55.57 s
2025-12-09 02:53:46.894905: 
2025-12-09 02:53:46.899989: Epoch 155
2025-12-09 02:53:46.903580: Current learning rate: 0.0052
2025-12-09 02:54:37.225221: train_loss 0.5431
2025-12-09 02:54:37.231695: val_loss 0.8574
2025-12-09 02:54:37.235889: val classification accuracy 0.6163
2025-12-09 02:54:37.239336: val auc 0.6766
2025-12-09 02:54:37.242743: Epoch time: 50.33 s
2025-12-09 02:54:38.072499: 
2025-12-09 02:54:38.076159: Epoch 156
2025-12-09 02:54:38.078950: Current learning rate: 0.00517
2025-12-09 02:55:30.993248: train_loss 0.5043
2025-12-09 02:55:30.999228: val_loss 1.1712
2025-12-09 02:55:31.002224: val classification accuracy 0.5233
2025-12-09 02:55:31.005151: val auc 0.5108
2025-12-09 02:55:31.008260: Epoch time: 52.92 s
2025-12-09 02:55:31.798725: 
2025-12-09 02:55:31.802329: Epoch 157
2025-12-09 02:55:31.805100: Current learning rate: 0.00513
2025-12-09 02:56:22.096805: train_loss 0.5708
2025-12-09 02:56:22.106720: val_loss 0.7708
2025-12-09 02:56:22.109972: val classification accuracy 0.5465
2025-12-09 02:56:22.113127: val auc 0.5982
2025-12-09 02:56:22.129479: Epoch time: 50.3 s
2025-12-09 02:56:22.855276: 
2025-12-09 02:56:22.858975: Epoch 158
2025-12-09 02:56:22.861720: Current learning rate: 0.0051
2025-12-09 02:57:10.132193: train_loss 0.5697
2025-12-09 02:57:10.142474: val_loss 0.9305
2025-12-09 02:57:10.146087: val classification accuracy 0.593
2025-12-09 02:57:10.149657: val auc 0.556
2025-12-09 02:57:10.152798: Epoch time: 47.28 s
2025-12-09 02:57:11.065006: 
2025-12-09 02:57:11.068747: Epoch 159
2025-12-09 02:57:11.071679: Current learning rate: 0.00507
2025-12-09 02:58:07.014933: train_loss 0.5797
2025-12-09 02:58:07.020587: val_loss 0.7915
2025-12-09 02:58:07.024332: val classification accuracy 0.5116
2025-12-09 02:58:07.027721: val auc 0.5749
2025-12-09 02:58:07.030782: Epoch time: 55.95 s
2025-12-09 02:58:07.978805: 
2025-12-09 02:58:07.982433: Epoch 160
2025-12-09 02:58:07.985573: Current learning rate: 0.00504
2025-12-09 02:59:01.824343: train_loss 0.507
2025-12-09 02:59:01.831859: val_loss 0.7236
2025-12-09 02:59:01.834909: val classification accuracy 0.6977
2025-12-09 02:59:01.842271: val auc 0.6933
2025-12-09 02:59:01.846284: Epoch time: 53.85 s
2025-12-09 02:59:02.675496: 
2025-12-09 02:59:02.679014: Epoch 161
2025-12-09 02:59:02.681989: Current learning rate: 0.005
2025-12-09 02:59:54.283268: train_loss 0.6041
2025-12-09 02:59:54.288527: val_loss 0.5912
2025-12-09 02:59:54.292095: val classification accuracy 0.7558
2025-12-09 02:59:54.295771: val auc 0.7712
2025-12-09 02:59:54.298996: Epoch time: 51.61 s
2025-12-09 02:59:54.302677: Yayy! New best classification accuracy: 0.7558
2025-12-09 02:59:57.612944: 
2025-12-09 02:59:57.616707: Epoch 162
2025-12-09 02:59:57.619496: Current learning rate: 0.00497
2025-12-09 03:00:46.671644: train_loss 0.5847
2025-12-09 03:00:46.683554: val_loss 0.7642
2025-12-09 03:00:46.687438: val classification accuracy 0.5581
2025-12-09 03:00:46.691170: val auc 0.6252
2025-12-09 03:00:46.694846: Epoch time: 49.06 s
2025-12-09 03:00:47.636121: 
2025-12-09 03:00:47.645683: Epoch 163
2025-12-09 03:00:47.648399: Current learning rate: 0.00494
2025-12-09 03:01:41.096305: train_loss 0.5358
2025-12-09 03:01:41.100977: val_loss 0.7086
2025-12-09 03:01:41.104416: val classification accuracy 0.6628
2025-12-09 03:01:41.108141: val auc 0.7036
2025-12-09 03:01:41.111538: Epoch time: 53.46 s
2025-12-09 03:01:41.924925: 
2025-12-09 03:01:41.929205: Epoch 164
2025-12-09 03:01:41.932423: Current learning rate: 0.00491
2025-12-09 03:02:33.217017: train_loss 0.5844
2025-12-09 03:02:33.222370: val_loss 0.7747
2025-12-09 03:02:33.225493: val classification accuracy 0.5698
2025-12-09 03:02:33.228523: val auc 0.6201
2025-12-09 03:02:33.231673: Epoch time: 51.29 s
2025-12-09 03:02:34.128525: 
2025-12-09 03:02:34.132343: Epoch 165
2025-12-09 03:02:34.135020: Current learning rate: 0.00487
2025-12-09 03:03:27.377532: train_loss 0.4929
2025-12-09 03:03:27.391968: val_loss 0.7671
2025-12-09 03:03:27.395639: val classification accuracy 0.6279
2025-12-09 03:03:27.398939: val auc 0.7274
2025-12-09 03:03:27.402139: Epoch time: 53.25 s
2025-12-09 03:03:28.227929: 
2025-12-09 03:03:28.231384: Epoch 166
2025-12-09 03:03:28.233983: Current learning rate: 0.00484
2025-12-09 03:04:19.520822: train_loss 0.5826
2025-12-09 03:04:19.526144: val_loss 0.6142
2025-12-09 03:04:19.545880: val classification accuracy 0.6279
2025-12-09 03:04:19.549383: val auc 0.7242
2025-12-09 03:04:19.559287: Epoch time: 51.29 s
2025-12-09 03:04:20.464356: 
2025-12-09 03:04:20.468159: Epoch 167
2025-12-09 03:04:20.470852: Current learning rate: 0.00481
2025-12-09 03:05:12.308616: train_loss 0.489
2025-12-09 03:05:12.493134: val_loss 1.1509
2025-12-09 03:05:12.497343: val classification accuracy 0.5349
2025-12-09 03:05:12.501230: val auc 0.5752
2025-12-09 03:05:12.505620: Epoch time: 51.85 s
2025-12-09 03:05:13.283625: 
2025-12-09 03:05:13.287291: Epoch 168
2025-12-09 03:05:13.290108: Current learning rate: 0.00478
2025-12-09 03:06:02.568936: train_loss 0.5256
2025-12-09 03:06:02.587184: val_loss 0.9071
2025-12-09 03:06:02.592363: val classification accuracy 0.5581
2025-12-09 03:06:02.596016: val auc 0.5865
2025-12-09 03:06:02.599509: Epoch time: 49.29 s
2025-12-09 03:06:03.443829: 
2025-12-09 03:06:03.447865: Epoch 169
2025-12-09 03:06:03.451139: Current learning rate: 0.00474
2025-12-09 03:06:55.609104: train_loss 0.5065
2025-12-09 03:06:55.622722: val_loss 0.8123
2025-12-09 03:06:55.628848: val classification accuracy 0.6395
2025-12-09 03:06:55.632322: val auc 0.6211
2025-12-09 03:06:55.637531: Epoch time: 52.17 s
2025-12-09 03:06:57.336905: 
2025-12-09 03:06:57.340477: Epoch 170
2025-12-09 03:06:57.343417: Current learning rate: 0.00471
2025-12-09 03:07:48.731172: train_loss 0.4916
2025-12-09 03:07:48.736258: val_loss 0.8844
2025-12-09 03:07:48.740028: val classification accuracy 0.593
2025-12-09 03:07:48.743461: val auc 0.6152
2025-12-09 03:07:48.746883: Epoch time: 51.4 s
2025-12-09 03:07:49.633044: 
2025-12-09 03:07:49.637158: Epoch 171
2025-12-09 03:07:49.640160: Current learning rate: 0.00468
2025-12-09 03:08:43.248202: train_loss 0.4874
2025-12-09 03:08:43.254691: val_loss 0.8591
2025-12-09 03:08:43.259445: val classification accuracy 0.5698
2025-12-09 03:08:43.263466: val auc 0.6068
2025-12-09 03:08:43.267505: Epoch time: 53.62 s
2025-12-09 03:08:44.185517: 
2025-12-09 03:08:44.189750: Epoch 172
2025-12-09 03:08:44.193203: Current learning rate: 0.00465
2025-12-09 03:09:33.227297: train_loss 0.5109
2025-12-09 03:09:33.243406: val_loss 0.7547
2025-12-09 03:09:33.247273: val classification accuracy 0.5698
2025-12-09 03:09:33.250673: val auc 0.6971
2025-12-09 03:09:33.254207: Epoch time: 49.04 s
2025-12-09 03:09:34.087613: 
2025-12-09 03:09:34.091628: Epoch 173
2025-12-09 03:09:34.095045: Current learning rate: 0.00461
2025-12-09 03:10:24.769224: train_loss 0.5308
2025-12-09 03:10:24.788046: val_loss 0.7965
2025-12-09 03:10:24.791932: val classification accuracy 0.6512
2025-12-09 03:10:24.796966: val auc 0.6552
2025-12-09 03:10:24.810089: Epoch time: 50.68 s
2025-12-09 03:10:25.693295: 
2025-12-09 03:10:25.696723: Epoch 174
2025-12-09 03:10:25.700058: Current learning rate: 0.00458
2025-12-09 03:11:16.078556: train_loss 0.5867
2025-12-09 03:11:16.087178: val_loss 0.6888
2025-12-09 03:11:16.091245: val classification accuracy 0.593
2025-12-09 03:11:16.095032: val auc 0.6833
2025-12-09 03:11:16.098464: Epoch time: 50.39 s
2025-12-09 03:11:16.977952: 
2025-12-09 03:11:16.981857: Epoch 175
2025-12-09 03:11:16.985179: Current learning rate: 0.00455
2025-12-09 03:12:05.739176: train_loss 0.5348
2025-12-09 03:12:05.744517: val_loss 0.6936
2025-12-09 03:12:05.747669: val classification accuracy 0.5581
2025-12-09 03:12:05.750437: val auc 0.6671
2025-12-09 03:12:05.752918: Epoch time: 48.76 s
2025-12-09 03:12:06.522843: 
2025-12-09 03:12:06.528013: Epoch 176
2025-12-09 03:12:06.530859: Current learning rate: 0.00452
2025-12-09 03:12:56.813143: train_loss 0.5289
2025-12-09 03:12:56.825942: val_loss 1.0093
2025-12-09 03:12:56.829483: val classification accuracy 0.5
2025-12-09 03:12:56.832904: val auc 0.543
2025-12-09 03:12:56.836677: Epoch time: 50.29 s
2025-12-09 03:12:57.671970: 
2025-12-09 03:12:57.675943: Epoch 177
2025-12-09 03:12:57.679023: Current learning rate: 0.00448
2025-12-09 03:13:50.662081: train_loss 0.5006
2025-12-09 03:13:50.668030: val_loss 0.8768
2025-12-09 03:13:50.672660: val classification accuracy 0.5349
2025-12-09 03:13:50.676502: val auc 0.5882
2025-12-09 03:13:50.687090: Epoch time: 52.99 s
2025-12-09 03:13:51.617751: 
2025-12-09 03:13:51.621353: Epoch 178
2025-12-09 03:13:51.624558: Current learning rate: 0.00445
2025-12-09 03:14:45.991563: train_loss 0.5254
2025-12-09 03:14:46.049253: val_loss 0.7734
2025-12-09 03:14:46.065511: val classification accuracy 0.5698
2025-12-09 03:14:46.077916: val auc 0.6382
2025-12-09 03:14:46.081721: Epoch time: 54.38 s
2025-12-09 03:14:47.021811: 
2025-12-09 03:14:47.026610: Epoch 179
2025-12-09 03:14:47.030432: Current learning rate: 0.00442
2025-12-09 03:15:39.112271: train_loss 0.5396
2025-12-09 03:15:39.117994: val_loss 0.7646
2025-12-09 03:15:39.121899: val classification accuracy 0.6279
2025-12-09 03:15:39.125303: val auc 0.6706
2025-12-09 03:15:39.128757: Epoch time: 52.09 s
2025-12-09 03:15:39.963843: 
2025-12-09 03:15:39.967266: Epoch 180
2025-12-09 03:15:39.969927: Current learning rate: 0.00438
2025-12-09 03:16:30.616836: train_loss 0.5547
2025-12-09 03:16:30.622500: val_loss 0.8213
2025-12-09 03:16:30.626354: val classification accuracy 0.5465
2025-12-09 03:16:30.630473: val auc 0.5841
2025-12-09 03:16:30.634080: Epoch time: 50.65 s
2025-12-09 03:16:31.537999: 
2025-12-09 03:16:31.541487: Epoch 181
2025-12-09 03:16:31.544359: Current learning rate: 0.00435
2025-12-09 03:17:25.859859: train_loss 0.5465
2025-12-09 03:17:25.865165: val_loss 0.6232
2025-12-09 03:17:25.868598: val classification accuracy 0.6977
2025-12-09 03:17:25.871899: val auc 0.7664
2025-12-09 03:17:25.875026: Epoch time: 54.32 s
2025-12-09 03:17:26.692185: 
2025-12-09 03:17:26.696244: Epoch 182
2025-12-09 03:17:26.699505: Current learning rate: 0.00432
2025-12-09 03:18:17.580037: train_loss 0.5134
2025-12-09 03:18:17.586033: val_loss 0.7807
2025-12-09 03:18:17.589714: val classification accuracy 0.5814
2025-12-09 03:18:17.594625: val auc 0.6971
2025-12-09 03:18:17.597825: Epoch time: 50.89 s
2025-12-09 03:18:19.222528: 
2025-12-09 03:18:19.225803: Epoch 183
2025-12-09 03:18:19.228416: Current learning rate: 0.00429
2025-12-09 03:19:11.702919: train_loss 0.5419
2025-12-09 03:19:11.709370: val_loss 0.9172
2025-12-09 03:19:11.713975: val classification accuracy 0.6047
2025-12-09 03:19:11.717586: val auc 0.6336
2025-12-09 03:19:11.720860: Epoch time: 52.48 s
2025-12-09 03:19:12.522701: 
2025-12-09 03:19:12.526844: Epoch 184
2025-12-09 03:19:12.529932: Current learning rate: 0.00425
2025-12-09 03:20:07.617091: train_loss 0.4913
2025-12-09 03:20:07.622033: val_loss 0.9298
2025-12-09 03:20:07.625387: val classification accuracy 0.4884
2025-12-09 03:20:07.628652: val auc 0.5738
2025-12-09 03:20:07.632228: Epoch time: 55.1 s
2025-12-09 03:20:08.421541: 
2025-12-09 03:20:08.425605: Epoch 185
2025-12-09 03:20:08.429293: Current learning rate: 0.00422
2025-12-09 03:20:59.838405: train_loss 0.4382
2025-12-09 03:20:59.842948: val_loss 1.2368
2025-12-09 03:20:59.845750: val classification accuracy 0.5
2025-12-09 03:20:59.849477: val auc 0.5214
2025-12-09 03:20:59.852458: Epoch time: 51.42 s
2025-12-09 03:21:00.730777: 
2025-12-09 03:21:00.734310: Epoch 186
2025-12-09 03:21:00.737066: Current learning rate: 0.00419
2025-12-09 03:21:54.671943: train_loss 0.5436
2025-12-09 03:21:54.724375: val_loss 0.7593
2025-12-09 03:21:54.728456: val classification accuracy 0.6279
2025-12-09 03:21:54.731843: val auc 0.6187
2025-12-09 03:21:54.735179: Epoch time: 53.94 s
2025-12-09 03:21:55.558274: 
2025-12-09 03:21:55.562135: Epoch 187
2025-12-09 03:21:55.565211: Current learning rate: 0.00415
2025-12-09 03:22:51.594243: train_loss 0.5186
2025-12-09 03:22:51.611732: val_loss 0.7685
2025-12-09 03:22:51.677901: val classification accuracy 0.6744
2025-12-09 03:22:51.682698: val auc 0.689
2025-12-09 03:22:51.686860: Epoch time: 56.04 s
2025-12-09 03:22:52.666851: 
2025-12-09 03:22:52.671854: Epoch 188
2025-12-09 03:22:52.675281: Current learning rate: 0.00412
2025-12-09 03:23:46.040558: train_loss 0.5538
2025-12-09 03:23:46.045850: val_loss 1.0111
2025-12-09 03:23:46.049339: val classification accuracy 0.5
2025-12-09 03:23:46.053837: val auc 0.5871
2025-12-09 03:23:46.058037: Epoch time: 53.38 s
2025-12-09 03:23:46.061045: Early stopping triggered at epoch 188. Best val_losses=0.5696
2025-12-09 03:23:46.925232: Stopping training early due to early stopping criterion.
2025-12-09 03:23:49.499620: Training done.
2025-12-09 03:23:49.512245: Skipping perform_actual_validation for classification trainer (segmentation-style sliding window is not applicable).
[1;34mwandb[0m: 
[1;34mwandb[0m:  View run [33mSEResNetTrainer_ep300_NoMirroring_fold0[0m at: [34m[0m
[1;34mwandb[0m: Find logs at: [1;35m../../tmp/wandb/wandb/run-20251209_003615-qwbqrasf/logs[0m
