Using device: cuda:0

#######################################################################
Please cite the following paper when using nnU-Net:
Isensee, F., Jaeger, P. F., Kohl, S. A., Petersen, J., & Maier-Hein, K. H. (2021). nnU-Net: a self-configuring method for deep learning-based biomedical image segmentation. Nature methods, 18(2), 203-211.
#######################################################################

2025-12-09 04:37:44.188433: Using torch.compile...
2025-12-09 04:37:50.094206: do_dummy_2d_data_aug: False
2025-12-09 04:37:50.098592: Using splits from existing split file: /hpf/projects/jquon/sumin/nnUNet_data/nnUNet_preprocessed/Dataset003_AVM_T1+C/splits_final.json
2025-12-09 04:37:50.101525: The split file contains 5 splits.
2025-12-09 04:37:50.103124: Desired fold for training: 3
2025-12-09 04:37:50.104674: This split has 406 training and 106 validation cases.
using pin_memory on device 0
using pin_memory on device 0

This is the configuration used by this training:
Configuration name: 3d_fullres
 {'data_identifier': 'nnUNetPlans_3d_fullres', 'preprocessor_name': 'DefaultPreprocessor', 'batch_size': 2, 'patch_size': [160, 224, 192], 'median_image_size_in_voxels': [344.0, 448.0, 429.0], 'spacing': [0.500000923871994, 0.4910714328289032, 0.4910714328289032], 'normalization_schemes': ['ZScoreNormalization'], 'use_mask_for_norm': [False], 'resampling_fn_data': 'resample_data_or_seg_to_shape', 'resampling_fn_seg': 'resample_data_or_seg_to_shape', 'resampling_fn_data_kwargs': {'is_seg': False, 'order': 3, 'order_z': 0, 'force_separate_z': None}, 'resampling_fn_seg_kwargs': {'is_seg': True, 'order': 1, 'order_z': 0, 'force_separate_z': None}, 'resampling_fn_probabilities': 'resample_data_or_seg_to_shape', 'resampling_fn_probabilities_kwargs': {'is_seg': False, 'order': 1, 'order_z': 0, 'force_separate_z': None}, 'architecture': {'network_class_name': 'dynamic_network_architectures.architectures.unet.ResidualEncoderUNet', 'arch_kwargs': {'n_stages': 6, 'features_per_stage': [32, 64, 128, 256, 320, 320], 'conv_op': 'torch.nn.modules.conv.Conv3d', 'kernel_sizes': [[3, 3, 3], [3, 3, 3], [3, 3, 3], [3, 3, 3], [3, 3, 3], [3, 3, 3]], 'strides': [[1, 1, 1], [2, 2, 2], [2, 2, 2], [2, 2, 2], [2, 2, 2], [2, 2, 2]], 'n_blocks_per_stage': [1, 3, 4, 6, 6, 6], 'n_conv_per_stage_decoder': [1, 1, 1, 1, 1], 'conv_bias': True, 'norm_op': 'torch.nn.modules.instancenorm.InstanceNorm3d', 'norm_op_kwargs': {'eps': 1e-05, 'affine': True}, 'dropout_op': None, 'dropout_op_kwargs': None, 'nonlin': 'torch.nn.LeakyReLU', 'nonlin_kwargs': {'inplace': True}}, '_kw_requires_import': ['conv_op', 'norm_op', 'dropout_op', 'nonlin']}, 'batch_dice': True} 

These are the global plan.json settings:
 {'dataset_name': 'Dataset003_AVM_T1+C', 'plans_name': 'nnUNetResEncUNetLPlans', 'original_median_spacing_after_transp': [0.500000923871994, 0.4910714328289032, 0.4910714328289032], 'original_median_shape_after_transp': [330, 448, 424], 'image_reader_writer': 'SimpleITKIO', 'transpose_forward': [0, 1, 2], 'transpose_backward': [0, 1, 2], 'experiment_planner_used': 'nnUNetPlannerResEncL', 'label_manager': 'LabelManager', 'foreground_intensity_properties_per_channel': {'0': {'max': 12113.0, 'mean': 449.843505859375, 'median': 311.0, 'min': 0.0, 'percentile_00_5': 34.0, 'percentile_99_5': 3202.0, 'std': 471.56329345703125}}} 

2025-12-09 04:37:53.481358: Unable to plot network architecture: nnUNet_compile is enabled!
2025-12-09 04:37:53.539585: 
2025-12-09 04:37:53.549825: Epoch 0
2025-12-09 04:37:53.553491: Current learning rate: 0.01
2025-12-09 04:39:12.586710: train_loss 1.4577
2025-12-09 04:39:12.596514: val_loss 7.2117
2025-12-09 04:39:12.598840: val classification accuracy 0.4623
2025-12-09 04:39:12.601386: val auc 0.4886
2025-12-09 04:39:12.603816: Epoch time: 79.05 s
2025-12-09 04:39:12.606034: Yayy! New best EMA pseudo Dice: 0.4886
2025-12-09 04:39:15.025317: Yayy! New best classification accuracy: 0.4623
2025-12-09 04:39:17.717090: 
2025-12-09 04:39:17.720018: Epoch 1
2025-12-09 04:39:17.722209: Current learning rate: 0.00997
2025-12-09 04:40:16.764605: train_loss 0.8668
2025-12-09 04:40:16.773607: val_loss 3.8782
2025-12-09 04:40:16.776135: val classification accuracy 0.6226
2025-12-09 04:40:16.778155: val auc 0.6657
2025-12-09 04:40:16.780047: Epoch time: 59.05 s
2025-12-09 04:40:16.781763: Yayy! New best EMA pseudo Dice: 0.6657
2025-12-09 04:40:19.469904: Yayy! New best classification accuracy: 0.6226
2025-12-09 04:40:22.147912: 
2025-12-09 04:40:22.152472: Epoch 2
2025-12-09 04:40:22.155310: Current learning rate: 0.00994
2025-12-09 04:41:15.189265: train_loss 0.8283
2025-12-09 04:41:15.193921: val_loss 0.7721
2025-12-09 04:41:15.196550: val classification accuracy 0.5472
2025-12-09 04:41:15.199221: val auc 0.5541
2025-12-09 04:41:15.201808: Epoch time: 53.05 s
2025-12-09 04:41:16.069063: 
2025-12-09 04:41:16.072510: Epoch 3
2025-12-09 04:41:16.074848: Current learning rate: 0.00991
2025-12-09 04:42:07.365512: train_loss 0.722
2025-12-09 04:42:07.404265: val_loss 2.3234
2025-12-09 04:42:07.407509: val classification accuracy 0.5566
2025-12-09 04:42:07.410052: val auc 0.673
2025-12-09 04:42:07.412602: Epoch time: 51.3 s
2025-12-09 04:42:07.414798: Yayy! New best EMA pseudo Dice: 0.673
2025-12-09 04:42:10.723047: 
2025-12-09 04:42:10.725931: Epoch 4
2025-12-09 04:42:10.728155: Current learning rate: 0.00988
2025-12-09 04:43:00.090897: train_loss 0.6959
2025-12-09 04:43:00.095140: val_loss 3.3235
2025-12-09 04:43:00.098243: val classification accuracy 0.6415
2025-12-09 04:43:00.100843: val auc 0.6399
2025-12-09 04:43:00.103659: Epoch time: 49.37 s
2025-12-09 04:43:00.106586: Yayy! New best classification accuracy: 0.6415
2025-12-09 04:43:03.372802: 
2025-12-09 04:43:03.375635: Epoch 5
2025-12-09 04:43:03.377712: Current learning rate: 0.00985
2025-12-09 04:43:56.501595: train_loss 0.6995
2025-12-09 04:43:56.508897: val_loss 1.0292
2025-12-09 04:43:56.512363: val classification accuracy 0.5472
2025-12-09 04:43:56.514985: val auc 0.5577
2025-12-09 04:43:56.517909: Epoch time: 53.13 s
2025-12-09 04:43:57.283229: 
2025-12-09 04:43:57.286660: Epoch 6
2025-12-09 04:43:57.288604: Current learning rate: 0.00982
2025-12-09 04:44:49.152666: train_loss 0.7019
2025-12-09 04:44:49.156908: val_loss 1.9033
2025-12-09 04:44:49.160054: val classification accuracy 0.6038
2025-12-09 04:44:49.162594: val auc 0.6508
2025-12-09 04:44:49.165126: Epoch time: 51.87 s
2025-12-09 04:44:50.086046: 
2025-12-09 04:44:50.089316: Epoch 7
2025-12-09 04:44:50.091471: Current learning rate: 0.00979
2025-12-09 04:45:43.038318: train_loss 0.6826
2025-12-09 04:45:43.048733: val_loss 1.3291
2025-12-09 04:45:43.051125: val classification accuracy 0.5943
2025-12-09 04:45:43.054200: val auc 0.6317
2025-12-09 04:45:43.056783: Epoch time: 52.95 s
2025-12-09 04:45:43.799142: 
2025-12-09 04:45:43.801999: Epoch 8
2025-12-09 04:45:43.803854: Current learning rate: 0.00976
2025-12-09 04:46:36.291927: train_loss 0.688
2025-12-09 04:46:36.299072: val_loss 1.5091
2025-12-09 04:46:36.301611: val classification accuracy 0.6226
2025-12-09 04:46:36.304041: val auc 0.6714
2025-12-09 04:46:36.306364: Epoch time: 52.49 s
2025-12-09 04:46:37.103400: 
2025-12-09 04:46:37.106566: Epoch 9
2025-12-09 04:46:37.108709: Current learning rate: 0.00973
2025-12-09 04:47:28.454622: train_loss 0.6939
2025-12-09 04:47:28.461275: val_loss 1.0676
2025-12-09 04:47:28.465367: val classification accuracy 0.5472
2025-12-09 04:47:28.468918: val auc 0.6006
2025-12-09 04:47:28.472322: Epoch time: 51.35 s
2025-12-09 04:47:29.243249: 
2025-12-09 04:47:29.246423: Epoch 10
2025-12-09 04:47:29.248515: Current learning rate: 0.0097
2025-12-09 04:48:24.043696: train_loss 0.6946
2025-12-09 04:48:24.049484: val_loss 0.9799
2025-12-09 04:48:24.052233: val classification accuracy 0.3679
2025-12-09 04:48:24.054956: val auc 0.3788
2025-12-09 04:48:24.057652: Epoch time: 54.8 s
2025-12-09 04:48:24.979056: 
2025-12-09 04:48:24.982180: Epoch 11
2025-12-09 04:48:24.984673: Current learning rate: 0.00967
2025-12-09 04:49:13.920975: WARNING: NaNs or Infs in validation probabilities at epoch 11. Sanitizing with nan_to_num before metrics.
2025-12-09 04:49:13.932417: train_loss 0.6913
2025-12-09 04:49:13.936181: val_loss nan
2025-12-09 04:49:13.939397: val classification accuracy 0.6132
2025-12-09 04:49:13.943297: val auc 0.6657
2025-12-09 04:49:13.946211: Epoch time: 48.95 s
2025-12-09 04:49:14.751286: 
2025-12-09 04:49:14.754771: Epoch 12
2025-12-09 04:49:14.757165: Current learning rate: 0.00964
2025-12-09 04:50:08.898655: WARNING: NaNs or Infs in validation probabilities at epoch 12. Sanitizing with nan_to_num before metrics.
2025-12-09 04:50:08.907022: train_loss 0.7037
2025-12-09 04:50:08.909950: val_loss nan
2025-12-09 04:50:08.919613: val classification accuracy 0.5377
2025-12-09 04:50:08.922572: val auc 0.6095
2025-12-09 04:50:08.925083: Epoch time: 54.16 s
2025-12-09 04:50:09.711293: 
2025-12-09 04:50:09.719949: Epoch 13
2025-12-09 04:50:09.724315: Current learning rate: 0.00961
2025-12-09 04:50:59.740024: WARNING: NaNs or Infs in validation probabilities at epoch 13. Sanitizing with nan_to_num before metrics.
2025-12-09 04:50:59.756185: train_loss 0.6883
2025-12-09 04:50:59.761804: val_loss nan
2025-12-09 04:50:59.766330: val classification accuracy 0.5472
2025-12-09 04:50:59.770450: val auc 0.568
2025-12-09 04:50:59.775825: Epoch time: 50.05 s
2025-12-09 04:51:00.577801: 
2025-12-09 04:51:00.583017: Epoch 14
2025-12-09 04:51:00.585528: Current learning rate: 0.00958
2025-12-09 04:51:54.878398: WARNING: NaNs or Infs in validation probabilities at epoch 14. Sanitizing with nan_to_num before metrics.
2025-12-09 04:51:54.890139: train_loss 0.6878
2025-12-09 04:51:54.899732: val_loss nan
2025-12-09 04:51:54.903454: val classification accuracy 0.6415
2025-12-09 04:51:54.906467: val auc 0.6387
2025-12-09 04:51:54.909344: Epoch time: 54.31 s
2025-12-09 04:51:55.775760: 
2025-12-09 04:51:55.779620: Epoch 15
2025-12-09 04:51:55.782046: Current learning rate: 0.00955
2025-12-09 04:52:48.793980: WARNING: NaNs or Infs in validation probabilities at epoch 15. Sanitizing with nan_to_num before metrics.
2025-12-09 04:52:48.841839: train_loss 0.7061
2025-12-09 04:52:48.846851: val_loss nan
2025-12-09 04:52:48.850187: val classification accuracy 0.5377
2025-12-09 04:52:48.853189: val auc 0.4683
2025-12-09 04:52:48.856150: Epoch time: 53.07 s
2025-12-09 04:52:49.639062: 
2025-12-09 04:52:49.642673: Epoch 16
2025-12-09 04:52:49.645303: Current learning rate: 0.00952
2025-12-09 04:53:43.242577: WARNING: NaNs or Infs in validation probabilities at epoch 16. Sanitizing with nan_to_num before metrics.
2025-12-09 04:53:43.252598: train_loss 0.6838
2025-12-09 04:53:43.256212: val_loss nan
2025-12-09 04:53:43.259032: val classification accuracy 0.566
2025-12-09 04:53:43.262665: val auc 0.654
2025-12-09 04:53:43.265969: Epoch time: 53.61 s
2025-12-09 04:53:44.055588: 
2025-12-09 04:53:44.059179: Epoch 17
2025-12-09 04:53:44.061543: Current learning rate: 0.00949
2025-12-09 04:54:32.682668: train_loss 0.6932
2025-12-09 04:54:32.697799: val_loss 1.57
2025-12-09 04:54:32.700510: val classification accuracy 0.6038
2025-12-09 04:54:32.703037: val auc 0.649
2025-12-09 04:54:32.705566: Epoch time: 48.63 s
2025-12-09 04:54:33.445854: 
2025-12-09 04:54:33.449398: Epoch 18
2025-12-09 04:54:33.451760: Current learning rate: 0.00946
2025-12-09 04:55:23.694184: train_loss 0.686
2025-12-09 04:55:23.699293: val_loss 2.0386
2025-12-09 04:55:23.702339: val classification accuracy 0.6509
2025-12-09 04:55:23.705525: val auc 0.7161
2025-12-09 04:55:23.709033: Epoch time: 50.25 s
2025-12-09 04:55:23.711738: Yayy! New best EMA pseudo Dice: 0.7161
2025-12-09 04:55:26.184279: Yayy! New best classification accuracy: 0.6509
2025-12-09 04:55:28.991064: 
2025-12-09 04:55:28.995032: Epoch 19
2025-12-09 04:55:28.997695: Current learning rate: 0.00943
2025-12-09 04:56:20.495241: train_loss 0.6779
2025-12-09 04:56:20.500324: val_loss 2.5367
2025-12-09 04:56:20.503290: val classification accuracy 0.6321
2025-12-09 04:56:20.506277: val auc 0.654
2025-12-09 04:56:20.509140: Epoch time: 51.51 s
2025-12-09 04:56:22.730193: Saved periodic checkpoint /hpf/projects/jquon/sumin/nnUNet_data/nnUNet_results/Dataset003_AVM_T1+C/SEResNetTrainer_ep300_NoMirroring__nnUNetResEncUNetLPlans__3d_fullres/fold_3/checkpoint_every20_best_balacc.pth at epoch 19 with val_balanced_accuracy=0.6321
2025-12-09 04:56:23.614151: 
2025-12-09 04:56:23.617583: Epoch 20
2025-12-09 04:56:23.620176: Current learning rate: 0.0094
2025-12-09 04:57:11.870185: train_loss 0.6906
2025-12-09 04:57:11.874022: val_loss 0.6231
2025-12-09 04:57:11.877009: val classification accuracy 0.6509
2025-12-09 04:57:11.880218: val auc 0.7399
2025-12-09 04:57:11.910457: Epoch time: 48.26 s
2025-12-09 04:57:11.913802: Yayy! New best EMA pseudo Dice: 0.7399
2025-12-09 04:57:15.564852: 
2025-12-09 04:57:15.568146: Epoch 21
2025-12-09 04:57:15.570434: Current learning rate: 0.00937
2025-12-09 04:58:07.606102: train_loss 0.6766
2025-12-09 04:58:07.610672: val_loss 2.2508
2025-12-09 04:58:07.613542: val classification accuracy 0.6415
2025-12-09 04:58:07.616245: val auc 0.6807
2025-12-09 04:58:07.618736: Epoch time: 52.04 s
2025-12-09 04:58:08.516466: 
2025-12-09 04:58:08.519974: Epoch 22
2025-12-09 04:58:08.522643: Current learning rate: 0.00934
2025-12-09 04:59:00.658798: train_loss 0.6839
2025-12-09 04:59:00.664795: val_loss 0.994
2025-12-09 04:59:00.668815: val classification accuracy 0.6038
2025-12-09 04:59:00.671998: val auc 0.6588
2025-12-09 04:59:00.675709: Epoch time: 52.14 s
2025-12-09 04:59:01.449792: 
2025-12-09 04:59:01.453620: Epoch 23
2025-12-09 04:59:01.456266: Current learning rate: 0.00931
2025-12-09 04:59:50.193619: train_loss 0.6944
2025-12-09 04:59:50.198115: val_loss 0.6706
2025-12-09 04:59:50.201049: val classification accuracy 0.5943
2025-12-09 04:59:50.209657: val auc 0.6467
2025-12-09 04:59:50.212712: Epoch time: 48.75 s
2025-12-09 04:59:51.048105: 
2025-12-09 04:59:51.051608: Epoch 24
2025-12-09 04:59:51.054027: Current learning rate: 0.00928
2025-12-09 05:00:42.705389: train_loss 0.6792
2025-12-09 05:00:42.719949: val_loss 0.8971
2025-12-09 05:00:42.723529: val classification accuracy 0.6132
2025-12-09 05:00:42.727004: val auc 0.6509
2025-12-09 05:00:42.730168: Epoch time: 51.66 s
2025-12-09 05:00:43.528238: 
2025-12-09 05:00:43.532006: Epoch 25
2025-12-09 05:00:43.534521: Current learning rate: 0.00925
2025-12-09 05:01:34.069910: train_loss 0.7077
2025-12-09 05:01:34.080633: val_loss 0.9242
2025-12-09 05:01:34.103751: val classification accuracy 0.5755
2025-12-09 05:01:34.120697: val auc 0.5445
2025-12-09 05:01:34.126318: Epoch time: 50.54 s
2025-12-09 05:01:35.046749: 
2025-12-09 05:01:35.050446: Epoch 26
2025-12-09 05:01:35.052893: Current learning rate: 0.00922
2025-12-09 05:02:26.693707: train_loss 0.694
2025-12-09 05:02:26.746413: val_loss 1.3228
2025-12-09 05:02:26.756203: val classification accuracy 0.5755
2025-12-09 05:02:26.759695: val auc 0.6892
2025-12-09 05:02:26.762663: Epoch time: 51.65 s
2025-12-09 05:02:27.602546: 
2025-12-09 05:02:27.606953: Epoch 27
2025-12-09 05:02:27.609864: Current learning rate: 0.00919
2025-12-09 05:03:15.856239: train_loss 0.6903
2025-12-09 05:03:15.859928: val_loss 1.7314
2025-12-09 05:03:15.862610: val classification accuracy 0.6321
2025-12-09 05:03:15.865230: val auc 0.6816
2025-12-09 05:03:15.867954: Epoch time: 48.26 s
2025-12-09 05:03:16.632551: 
2025-12-09 05:03:16.635717: Epoch 28
2025-12-09 05:03:16.637817: Current learning rate: 0.00916
2025-12-09 05:04:05.644813: train_loss 0.6884
2025-12-09 05:04:05.649259: val_loss 0.9762
2025-12-09 05:04:05.652194: val classification accuracy 0.5472
2025-12-09 05:04:05.654886: val auc 0.6371
2025-12-09 05:04:05.657489: Epoch time: 49.01 s
2025-12-09 05:04:06.545167: 
2025-12-09 05:04:06.548568: Epoch 29
2025-12-09 05:04:06.550914: Current learning rate: 0.00913
2025-12-09 05:04:55.277556: train_loss 0.6639
2025-12-09 05:04:55.282181: val_loss 0.8479
2025-12-09 05:04:55.285213: val classification accuracy 0.6792
2025-12-09 05:04:55.294544: val auc 0.7401
2025-12-09 05:04:55.297701: Epoch time: 48.73 s
2025-12-09 05:04:55.300215: Yayy! New best EMA pseudo Dice: 0.7401
2025-12-09 05:04:57.486107: Yayy! New best classification accuracy: 0.6792
2025-12-09 05:05:00.148863: 
2025-12-09 05:05:00.152164: Epoch 30
2025-12-09 05:05:00.154804: Current learning rate: 0.0091
2025-12-09 05:05:51.113466: train_loss 0.6883
2025-12-09 05:05:51.117782: val_loss 0.7088
2025-12-09 05:05:51.120779: val classification accuracy 0.6226
2025-12-09 05:05:51.123956: val auc 0.6636
2025-12-09 05:05:51.127027: Epoch time: 50.97 s
2025-12-09 05:05:51.896466: 
2025-12-09 05:05:51.900150: Epoch 31
2025-12-09 05:05:51.902586: Current learning rate: 0.00907
2025-12-09 05:06:42.589015: train_loss 0.6766
2025-12-09 05:06:42.596852: val_loss 0.8625
2025-12-09 05:06:42.599986: val classification accuracy 0.5849
2025-12-09 05:06:42.602766: val auc 0.5691
2025-12-09 05:06:42.606020: Epoch time: 50.69 s
2025-12-09 05:06:43.344929: 
2025-12-09 05:06:43.348372: Epoch 32
2025-12-09 05:06:43.350782: Current learning rate: 0.00903
2025-12-09 05:07:37.031653: train_loss 0.6772
2025-12-09 05:07:37.036172: val_loss 1.1958
2025-12-09 05:07:37.039794: val classification accuracy 0.6415
2025-12-09 05:07:37.042724: val auc 0.6561
2025-12-09 05:07:37.045689: Epoch time: 53.69 s
2025-12-09 05:07:37.940334: 
2025-12-09 05:07:37.944390: Epoch 33
2025-12-09 05:07:37.947038: Current learning rate: 0.009
2025-12-09 05:08:33.057992: train_loss 0.6765
2025-12-09 05:08:33.093105: val_loss 2.0224
2025-12-09 05:08:33.096133: val classification accuracy 0.566
2025-12-09 05:08:33.099781: val auc 0.5922
2025-12-09 05:08:33.102316: Epoch time: 55.12 s
2025-12-09 05:08:33.976892: 
2025-12-09 05:08:33.980873: Epoch 34
2025-12-09 05:08:33.983563: Current learning rate: 0.00897
2025-12-09 05:09:27.232270: train_loss 0.6615
2025-12-09 05:09:27.244118: val_loss 1.9363
2025-12-09 05:09:27.247791: val classification accuracy 0.6698
2025-12-09 05:09:27.251175: val auc 0.7307
2025-12-09 05:09:27.254016: Epoch time: 53.26 s
2025-12-09 05:09:28.913707: 
2025-12-09 05:09:28.918285: Epoch 35
2025-12-09 05:09:28.921515: Current learning rate: 0.00894
2025-12-09 05:10:17.808604: train_loss 0.6845
2025-12-09 05:10:17.844285: val_loss 1.4232
2025-12-09 05:10:17.848269: val classification accuracy 0.6509
2025-12-09 05:10:17.851320: val auc 0.7241
2025-12-09 05:10:17.854129: Epoch time: 48.9 s
2025-12-09 05:10:18.686518: 
2025-12-09 05:10:18.689978: Epoch 36
2025-12-09 05:10:18.693541: Current learning rate: 0.00891
2025-12-09 05:11:13.101134: train_loss 0.686
2025-12-09 05:11:13.132795: val_loss 0.8537
2025-12-09 05:11:13.136894: val classification accuracy 0.6698
2025-12-09 05:11:13.140820: val auc 0.7056
2025-12-09 05:11:13.144267: Epoch time: 54.42 s
2025-12-09 05:11:13.925608: 
2025-12-09 05:11:13.937261: Epoch 37
2025-12-09 05:11:13.942916: Current learning rate: 0.00888
2025-12-09 05:12:00.491211: train_loss 0.68
2025-12-09 05:12:00.518833: val_loss 0.6661
2025-12-09 05:12:00.522148: val classification accuracy 0.6792
2025-12-09 05:12:00.525276: val auc 0.7796
2025-12-09 05:12:00.528727: Epoch time: 46.57 s
2025-12-09 05:12:00.531295: Yayy! New best EMA pseudo Dice: 0.7796
2025-12-09 05:12:03.753238: 
2025-12-09 05:12:03.756718: Epoch 38
2025-12-09 05:12:03.759324: Current learning rate: 0.00885
2025-12-09 05:12:54.401809: train_loss 0.6758
2025-12-09 05:12:54.406653: val_loss 1.0437
2025-12-09 05:12:54.409885: val classification accuracy 0.5377
2025-12-09 05:12:54.412603: val auc 0.5883
2025-12-09 05:12:54.416199: Epoch time: 50.65 s
2025-12-09 05:12:55.315915: 
2025-12-09 05:12:55.320071: Epoch 39
2025-12-09 05:12:55.322991: Current learning rate: 0.00882
2025-12-09 05:13:41.343359: train_loss 0.677
2025-12-09 05:13:41.347615: val_loss 0.646
2025-12-09 05:13:41.350512: val classification accuracy 0.5849
2025-12-09 05:13:41.353565: val auc 0.6682
2025-12-09 05:13:41.363755: Epoch time: 46.03 s
2025-12-09 05:13:42.103117: 
2025-12-09 05:13:42.106429: Epoch 40
2025-12-09 05:13:42.108775: Current learning rate: 0.00879
2025-12-09 05:14:35.764673: train_loss 0.6574
2025-12-09 05:14:35.770485: val_loss 1.9089
2025-12-09 05:14:35.775098: val classification accuracy 0.717
2025-12-09 05:14:35.778600: val auc 0.7544
2025-12-09 05:14:35.793955: Epoch time: 53.66 s
2025-12-09 05:14:35.797802: Yayy! New best classification accuracy: 0.717
2025-12-09 05:14:39.036904: 
2025-12-09 05:14:39.040613: Epoch 41
2025-12-09 05:14:39.043014: Current learning rate: 0.00876
2025-12-09 05:15:30.666278: train_loss 0.6403
2025-12-09 05:15:30.712659: val_loss 1.3528
2025-12-09 05:15:30.730393: val classification accuracy 0.5849
2025-12-09 05:15:30.734366: val auc 0.626
2025-12-09 05:15:30.737728: Epoch time: 51.63 s
2025-12-09 05:15:31.524502: 
2025-12-09 05:15:31.527899: Epoch 42
2025-12-09 05:15:31.530280: Current learning rate: 0.00873
2025-12-09 05:16:24.301590: train_loss 0.6924
2025-12-09 05:16:24.306780: val_loss 0.7352
2025-12-09 05:16:24.309990: val classification accuracy 0.5849
2025-12-09 05:16:24.312803: val auc 0.6323
2025-12-09 05:16:24.315592: Epoch time: 52.78 s
2025-12-09 05:16:25.104179: 
2025-12-09 05:16:25.107820: Epoch 43
2025-12-09 05:16:25.110168: Current learning rate: 0.0087
2025-12-09 05:17:15.055325: train_loss 0.6772
2025-12-09 05:17:15.059834: val_loss 0.8364
2025-12-09 05:17:15.062934: val classification accuracy 0.5472
2025-12-09 05:17:15.065860: val auc 0.5619
2025-12-09 05:17:15.069113: Epoch time: 49.95 s
2025-12-09 05:17:15.892556: 
2025-12-09 05:17:15.896005: Epoch 44
2025-12-09 05:17:15.898653: Current learning rate: 0.00867
2025-12-09 05:18:05.787445: train_loss 0.6775
2025-12-09 05:18:05.795308: val_loss 0.8796
2025-12-09 05:18:05.798191: val classification accuracy 0.6038
2025-12-09 05:18:05.800895: val auc 0.6531
2025-12-09 05:18:05.803529: Epoch time: 49.9 s
2025-12-09 05:18:06.678225: 
2025-12-09 05:18:06.681583: Epoch 45
2025-12-09 05:18:06.684226: Current learning rate: 0.00864
2025-12-09 05:19:00.316998: train_loss 0.6199
2025-12-09 05:19:00.322123: val_loss 0.6466
2025-12-09 05:19:00.325293: val classification accuracy 0.7075
2025-12-09 05:19:00.328815: val auc 0.7786
2025-12-09 05:19:00.355467: Epoch time: 53.64 s
2025-12-09 05:19:01.119226: 
2025-12-09 05:19:01.123120: Epoch 46
2025-12-09 05:19:01.125662: Current learning rate: 0.00861
2025-12-09 05:19:52.938380: train_loss 0.6992
2025-12-09 05:19:52.950239: val_loss 0.656
2025-12-09 05:19:52.954296: val classification accuracy 0.6226
2025-12-09 05:19:52.957312: val auc 0.6198
2025-12-09 05:19:52.960299: Epoch time: 51.82 s
2025-12-09 05:19:53.764589: 
2025-12-09 05:19:53.767722: Epoch 47
2025-12-09 05:19:53.770345: Current learning rate: 0.00858
2025-12-09 05:20:43.469243: train_loss 0.6672
2025-12-09 05:20:43.473545: val_loss 1.3805
2025-12-09 05:20:43.476478: val classification accuracy 0.5566
2025-12-09 05:20:43.479106: val auc 0.5128
2025-12-09 05:20:43.481813: Epoch time: 49.71 s
2025-12-09 05:20:44.982202: 
2025-12-09 05:20:44.985551: Epoch 48
2025-12-09 05:20:44.987834: Current learning rate: 0.00855
2025-12-09 05:21:35.568567: train_loss 0.664
2025-12-09 05:21:35.573381: val_loss 0.6988
2025-12-09 05:21:35.576332: val classification accuracy 0.6415
2025-12-09 05:21:35.579250: val auc 0.6627
2025-12-09 05:21:35.581926: Epoch time: 50.59 s
2025-12-09 05:21:36.392286: 
2025-12-09 05:21:36.407743: Epoch 49
2025-12-09 05:21:36.414659: Current learning rate: 0.00852
2025-12-09 05:22:28.385685: train_loss 0.654
2025-12-09 05:22:28.396158: val_loss 0.8014
2025-12-09 05:22:28.399521: val classification accuracy 0.5283
2025-12-09 05:22:28.402105: val auc 0.6018
2025-12-09 05:22:28.404459: Epoch time: 52.0 s
2025-12-09 05:22:29.269980: 
2025-12-09 05:22:29.273300: Epoch 50
2025-12-09 05:22:29.275841: Current learning rate: 0.00849
2025-12-09 05:23:23.013476: train_loss 0.6873
2025-12-09 05:23:23.019183: val_loss 0.8029
2025-12-09 05:23:23.022610: val classification accuracy 0.5472
2025-12-09 05:23:23.026115: val auc 0.5862
2025-12-09 05:23:23.029470: Epoch time: 53.74 s
2025-12-09 05:23:23.897334: 
2025-12-09 05:23:23.901278: Epoch 51
2025-12-09 05:23:23.903944: Current learning rate: 0.00846
2025-12-09 05:24:17.261918: train_loss 0.6468
2025-12-09 05:24:17.266909: val_loss 0.789
2025-12-09 05:24:17.271950: val classification accuracy 0.5849
2025-12-09 05:24:17.274845: val auc 0.5707
2025-12-09 05:24:17.280167: Epoch time: 53.37 s
2025-12-09 05:24:18.100769: 
2025-12-09 05:24:18.104437: Epoch 52
2025-12-09 05:24:18.106981: Current learning rate: 0.00843
2025-12-09 05:25:10.114536: train_loss 0.6723
2025-12-09 05:25:10.145161: val_loss 0.6997
2025-12-09 05:25:10.148669: val classification accuracy 0.6132
2025-12-09 05:25:10.151679: val auc 0.6312
2025-12-09 05:25:10.154782: Epoch time: 52.02 s
2025-12-09 05:25:11.009866: 
2025-12-09 05:25:11.013472: Epoch 53
2025-12-09 05:25:11.016180: Current learning rate: 0.00839
2025-12-09 05:26:05.415766: train_loss 0.6727
2025-12-09 05:26:05.420207: val_loss 0.8812
2025-12-09 05:26:05.423132: val classification accuracy 0.6604
2025-12-09 05:26:05.425868: val auc 0.7277
2025-12-09 05:26:05.428905: Epoch time: 54.41 s
2025-12-09 05:26:06.170203: 
2025-12-09 05:26:06.173640: Epoch 54
2025-12-09 05:26:06.176213: Current learning rate: 0.00836
2025-12-09 05:26:56.827593: train_loss 0.6655
2025-12-09 05:26:56.832911: val_loss 0.6704
2025-12-09 05:26:56.835920: val classification accuracy 0.5849
2025-12-09 05:26:56.838857: val auc 0.6508
2025-12-09 05:26:56.842047: Epoch time: 50.66 s
2025-12-09 05:26:57.628771: 
2025-12-09 05:26:57.632357: Epoch 55
2025-12-09 05:26:57.634832: Current learning rate: 0.00833
2025-12-09 05:27:51.360797: train_loss 0.6595
2025-12-09 05:27:51.366221: val_loss 0.8679
2025-12-09 05:27:51.370354: val classification accuracy 0.5283
2025-12-09 05:27:51.374758: val auc 0.5644
2025-12-09 05:27:51.378837: Epoch time: 53.73 s
2025-12-09 05:27:52.216499: 
2025-12-09 05:27:52.220051: Epoch 56
2025-12-09 05:27:52.222695: Current learning rate: 0.0083
2025-12-09 05:28:43.179275: train_loss 0.6982
2025-12-09 05:28:43.184639: val_loss 0.6926
2025-12-09 05:28:43.187407: val classification accuracy 0.6415
2025-12-09 05:28:43.190802: val auc 0.6307
2025-12-09 05:28:43.193815: Epoch time: 50.96 s
2025-12-09 05:28:43.957495: 
2025-12-09 05:28:43.960884: Epoch 57
2025-12-09 05:28:43.963443: Current learning rate: 0.00827
2025-12-09 05:29:35.606120: train_loss 0.6842
2025-12-09 05:29:35.611368: val_loss 0.7302
2025-12-09 05:29:35.615400: val classification accuracy 0.4811
2025-12-09 05:29:35.618660: val auc 0.4945
2025-12-09 05:29:35.621532: Epoch time: 51.65 s
2025-12-09 05:29:36.476177: 
2025-12-09 05:29:36.479498: Epoch 58
2025-12-09 05:29:36.482058: Current learning rate: 0.00824
2025-12-09 05:30:31.411423: train_loss 0.6502
2025-12-09 05:30:31.420136: val_loss 0.8032
2025-12-09 05:30:31.430585: val classification accuracy 0.6415
2025-12-09 05:30:31.433724: val auc 0.6155
2025-12-09 05:30:31.436580: Epoch time: 54.94 s
2025-12-09 05:30:32.338235: 
2025-12-09 05:30:32.342252: Epoch 59
2025-12-09 05:30:32.345110: Current learning rate: 0.00821
2025-12-09 05:31:22.277489: train_loss 0.6705
2025-12-09 05:31:22.282315: val_loss 0.7258
2025-12-09 05:31:22.285210: val classification accuracy 0.5849
2025-12-09 05:31:22.288356: val auc 0.5879
2025-12-09 05:31:22.291287: Epoch time: 49.94 s
2025-12-09 05:31:23.182260: 
2025-12-09 05:31:23.186013: Epoch 60
2025-12-09 05:31:23.188746: Current learning rate: 0.00818
2025-12-09 05:32:13.598313: train_loss 0.6829
2025-12-09 05:32:13.631047: val_loss 0.79
2025-12-09 05:32:13.633826: val classification accuracy 0.4528
2025-12-09 05:32:13.636338: val auc 0.4681
2025-12-09 05:32:13.639448: Epoch time: 50.42 s
2025-12-09 05:32:14.415165: 
2025-12-09 05:32:14.418423: Epoch 61
2025-12-09 05:32:14.420917: Current learning rate: 0.00815
2025-12-09 05:33:03.703348: train_loss 0.677
2025-12-09 05:33:03.707865: val_loss 0.7538
2025-12-09 05:33:03.710822: val classification accuracy 0.5094
2025-12-09 05:33:03.713827: val auc 0.584
2025-12-09 05:33:03.716710: Epoch time: 49.29 s
2025-12-09 05:33:05.299243: 
2025-12-09 05:33:05.302787: Epoch 62
2025-12-09 05:33:05.305366: Current learning rate: 0.00812
2025-12-09 05:33:56.108500: train_loss 0.6747
2025-12-09 05:33:56.112788: val_loss 1.3895
2025-12-09 05:33:56.115508: val classification accuracy 0.5755
2025-12-09 05:33:56.118273: val auc 0.642
2025-12-09 05:33:56.120988: Epoch time: 50.81 s
2025-12-09 05:33:56.949616: 
2025-12-09 05:33:56.955616: Epoch 63
2025-12-09 05:33:56.960108: Current learning rate: 0.00809
2025-12-09 05:34:45.357227: train_loss 0.6503
2025-12-09 05:34:45.362033: val_loss 0.7994
2025-12-09 05:34:45.365093: val classification accuracy 0.5377
2025-12-09 05:34:45.367764: val auc 0.579
2025-12-09 05:34:45.370661: Epoch time: 48.41 s
2025-12-09 05:34:46.143539: 
2025-12-09 05:34:46.146801: Epoch 64
2025-12-09 05:34:46.149223: Current learning rate: 0.00806
2025-12-09 05:35:37.108330: train_loss 0.6727
2025-12-09 05:35:37.129483: val_loss 0.6853
2025-12-09 05:35:37.132681: val classification accuracy 0.6887
2025-12-09 05:35:37.135798: val auc 0.7369
2025-12-09 05:35:37.138748: Epoch time: 50.97 s
2025-12-09 05:35:38.032326: 
2025-12-09 05:35:38.036510: Epoch 65
2025-12-09 05:35:38.039465: Current learning rate: 0.00803
2025-12-09 05:36:29.055401: train_loss 0.6838
2025-12-09 05:36:29.060166: val_loss 0.6433
2025-12-09 05:36:29.063378: val classification accuracy 0.6698
2025-12-09 05:36:29.078422: val auc 0.686
2025-12-09 05:36:29.081575: Epoch time: 51.02 s
2025-12-09 05:36:29.977932: 
2025-12-09 05:36:29.981407: Epoch 66
2025-12-09 05:36:29.984089: Current learning rate: 0.008
2025-12-09 05:37:22.672119: train_loss 0.6644
2025-12-09 05:37:22.684805: val_loss 0.7194
2025-12-09 05:37:22.691543: val classification accuracy 0.6887
2025-12-09 05:37:22.694123: val auc 0.6931
2025-12-09 05:37:22.696661: Epoch time: 52.7 s
2025-12-09 05:37:23.489798: 
2025-12-09 05:37:23.493279: Epoch 67
2025-12-09 05:37:23.495942: Current learning rate: 0.00797
2025-12-09 05:38:18.905363: train_loss 0.644
2025-12-09 05:38:18.910203: val_loss 0.8271
2025-12-09 05:38:18.913056: val classification accuracy 0.6698
2025-12-09 05:38:18.915586: val auc 0.6849
2025-12-09 05:38:18.918311: Epoch time: 55.42 s
2025-12-09 05:38:19.745962: 
2025-12-09 05:38:19.749585: Epoch 68
2025-12-09 05:38:19.752233: Current learning rate: 0.00793
2025-12-09 05:39:09.145268: train_loss 0.6908
2025-12-09 05:39:09.168010: val_loss 0.6332
2025-12-09 05:39:09.170934: val classification accuracy 0.6981
2025-12-09 05:39:09.173524: val auc 0.7355
2025-12-09 05:39:09.176010: Epoch time: 49.4 s
2025-12-09 05:39:09.977749: 
2025-12-09 05:39:09.981132: Epoch 69
2025-12-09 05:39:09.983955: Current learning rate: 0.0079
2025-12-09 05:40:01.519846: train_loss 0.6564
2025-12-09 05:40:01.534379: val_loss 0.7246
2025-12-09 05:40:01.537235: val classification accuracy 0.5566
2025-12-09 05:40:01.539786: val auc 0.6077
2025-12-09 05:40:01.553410: Epoch time: 51.54 s
2025-12-09 05:40:02.274493: 
2025-12-09 05:40:02.277886: Epoch 70
2025-12-09 05:40:02.280411: Current learning rate: 0.00787
2025-12-09 05:40:53.813895: train_loss 0.6527
2025-12-09 05:40:53.818330: val_loss 0.8357
2025-12-09 05:40:53.823518: val classification accuracy 0.6415
2025-12-09 05:40:53.827395: val auc 0.6871
2025-12-09 05:40:53.830928: Epoch time: 51.54 s
2025-12-09 05:40:54.638203: 
2025-12-09 05:40:54.641404: Epoch 71
2025-12-09 05:40:54.644164: Current learning rate: 0.00784
2025-12-09 05:41:48.701020: train_loss 0.6463
2025-12-09 05:41:48.707031: val_loss 0.7757
2025-12-09 05:41:48.710979: val classification accuracy 0.5472
2025-12-09 05:41:48.741571: val auc 0.5653
2025-12-09 05:41:48.744899: Epoch time: 54.06 s
2025-12-09 05:41:49.505884: 
2025-12-09 05:41:49.509675: Epoch 72
2025-12-09 05:41:49.512425: Current learning rate: 0.00781
2025-12-09 05:42:42.444494: train_loss 0.6787
2025-12-09 05:42:42.449300: val_loss 0.7212
2025-12-09 05:42:42.452429: val classification accuracy 0.5283
2025-12-09 05:42:42.455403: val auc 0.6166
2025-12-09 05:42:42.458771: Epoch time: 52.94 s
2025-12-09 05:42:43.284622: 
2025-12-09 05:42:43.289717: Epoch 73
2025-12-09 05:42:43.293866: Current learning rate: 0.00778
2025-12-09 05:43:36.703343: train_loss 0.6593
2025-12-09 05:43:36.713998: val_loss 0.7125
2025-12-09 05:43:36.717936: val classification accuracy 0.5189
2025-12-09 05:43:36.721036: val auc 0.6223
2025-12-09 05:43:36.724272: Epoch time: 53.42 s
2025-12-09 05:43:37.575939: 
2025-12-09 05:43:37.580093: Epoch 74
2025-12-09 05:43:37.582840: Current learning rate: 0.00775
2025-12-09 05:44:27.975549: train_loss 0.664
2025-12-09 05:44:27.988553: val_loss 0.6481
2025-12-09 05:44:27.994217: val classification accuracy 0.6415
2025-12-09 05:44:27.997156: val auc 0.6924
2025-12-09 05:44:28.000315: Epoch time: 50.4 s
2025-12-09 05:44:29.691252: 
2025-12-09 05:44:29.695015: Epoch 75
2025-12-09 05:44:29.697492: Current learning rate: 0.00772
2025-12-09 05:45:20.190017: train_loss 0.672
2025-12-09 05:45:20.219608: val_loss 0.7552
2025-12-09 05:45:20.223137: val classification accuracy 0.4906
2025-12-09 05:45:20.226183: val auc 0.5239
2025-12-09 05:45:20.229522: Epoch time: 50.5 s
2025-12-09 05:45:21.058315: 
2025-12-09 05:45:21.061971: Epoch 76
2025-12-09 05:45:21.064364: Current learning rate: 0.00769
2025-12-09 05:46:13.589318: train_loss 0.6918
2025-12-09 05:46:13.593576: val_loss 0.6809
2025-12-09 05:46:13.596995: val classification accuracy 0.5755
2025-12-09 05:46:13.600328: val auc 0.625
2025-12-09 05:46:13.603442: Epoch time: 52.53 s
2025-12-09 05:46:14.411036: 
2025-12-09 05:46:14.414706: Epoch 77
2025-12-09 05:46:14.417236: Current learning rate: 0.00766
2025-12-09 05:47:08.989525: train_loss 0.6543
2025-12-09 05:47:08.993673: val_loss 0.7911
2025-12-09 05:47:08.996592: val classification accuracy 0.6132
2025-12-09 05:47:08.999272: val auc 0.597
2025-12-09 05:47:09.001906: Epoch time: 54.58 s
2025-12-09 05:47:09.830644: 
2025-12-09 05:47:09.833926: Epoch 78
2025-12-09 05:47:09.836111: Current learning rate: 0.00763
2025-12-09 05:48:02.998708: train_loss 0.6331
2025-12-09 05:48:03.011953: val_loss 0.7032
2025-12-09 05:48:03.015019: val classification accuracy 0.6887
2025-12-09 05:48:03.024186: val auc 0.7268
2025-12-09 05:48:03.029661: Epoch time: 53.17 s
2025-12-09 05:48:03.834631: 
2025-12-09 05:48:03.838064: Epoch 79
2025-12-09 05:48:03.840456: Current learning rate: 0.0076
2025-12-09 05:48:55.186323: train_loss 0.607
2025-12-09 05:48:55.200076: val_loss 0.7194
2025-12-09 05:48:55.203166: val classification accuracy 0.566
2025-12-09 05:48:55.233493: val auc 0.6073
2025-12-09 05:48:55.236696: Epoch time: 51.35 s
2025-12-09 05:48:56.089254: 
2025-12-09 05:48:56.094853: Epoch 80
2025-12-09 05:48:56.097370: Current learning rate: 0.00756
2025-12-09 05:49:47.457330: train_loss 0.6822
2025-12-09 05:49:47.461890: val_loss 0.7283
2025-12-09 05:49:47.466248: val classification accuracy 0.566
2025-12-09 05:49:47.469493: val auc 0.5183
2025-12-09 05:49:47.472431: Epoch time: 51.37 s
2025-12-09 05:49:48.326969: 
2025-12-09 05:49:48.330956: Epoch 81
2025-12-09 05:49:48.334064: Current learning rate: 0.00753
2025-12-09 05:50:41.721481: train_loss 0.6315
2025-12-09 05:50:41.725815: val_loss 0.7247
2025-12-09 05:50:41.728803: val classification accuracy 0.6038
2025-12-09 05:50:41.731744: val auc 0.6721
2025-12-09 05:50:41.734828: Epoch time: 53.4 s
2025-12-09 05:50:42.497339: 
2025-12-09 05:50:42.501129: Epoch 82
2025-12-09 05:50:42.503783: Current learning rate: 0.0075
2025-12-09 05:51:33.974575: train_loss 0.6302
2025-12-09 05:51:33.981021: val_loss 0.7109
2025-12-09 05:51:33.988747: val classification accuracy 0.5189
2025-12-09 05:51:33.991515: val auc 0.5901
2025-12-09 05:51:33.994161: Epoch time: 51.48 s
2025-12-09 05:51:34.833907: 
2025-12-09 05:51:34.836975: Epoch 83
2025-12-09 05:51:34.839367: Current learning rate: 0.00747
2025-12-09 05:52:25.768303: train_loss 0.6858
2025-12-09 05:52:25.776793: val_loss 0.6761
2025-12-09 05:52:25.782767: val classification accuracy 0.5755
2025-12-09 05:52:25.785885: val auc 0.6234
2025-12-09 05:52:25.789107: Epoch time: 50.94 s
2025-12-09 05:52:26.571193: 
2025-12-09 05:52:26.574561: Epoch 84
2025-12-09 05:52:26.577228: Current learning rate: 0.00744
2025-12-09 05:53:16.970392: train_loss 0.645
2025-12-09 05:53:16.979355: val_loss 0.817
2025-12-09 05:53:16.983284: val classification accuracy 0.5
2025-12-09 05:53:16.986488: val auc 0.5596
2025-12-09 05:53:16.989297: Epoch time: 50.4 s
2025-12-09 05:53:17.839243: 
2025-12-09 05:53:17.843019: Epoch 85
2025-12-09 05:53:17.845620: Current learning rate: 0.00741
2025-12-09 05:54:10.841544: train_loss 0.6546
2025-12-09 05:54:10.847713: val_loss 0.6846
2025-12-09 05:54:10.851069: val classification accuracy 0.6038
2025-12-09 05:54:10.854270: val auc 0.6451
2025-12-09 05:54:10.857458: Epoch time: 53.0 s
2025-12-09 05:54:11.690183: 
2025-12-09 05:54:11.693819: Epoch 86
2025-12-09 05:54:11.696811: Current learning rate: 0.00738
2025-12-09 05:54:57.648622: train_loss 0.6073
2025-12-09 05:54:57.652375: val_loss 0.8824
2025-12-09 05:54:57.655293: val classification accuracy 0.5566
2025-12-09 05:54:57.657932: val auc 0.6082
2025-12-09 05:54:57.660996: Epoch time: 45.96 s
2025-12-09 05:54:58.396367: 
2025-12-09 05:54:58.399888: Epoch 87
2025-12-09 05:54:58.402507: Current learning rate: 0.00735
2025-12-09 05:55:44.210746: train_loss 0.6839
2025-12-09 05:55:44.218410: val_loss 0.7161
2025-12-09 05:55:44.223681: val classification accuracy 0.4717
2025-12-09 05:55:44.230380: val auc 0.4881
2025-12-09 05:55:44.233317: Epoch time: 45.82 s
2025-12-09 05:55:45.704839: 
2025-12-09 05:55:45.707749: Epoch 88
2025-12-09 05:55:45.710185: Current learning rate: 0.00732
2025-12-09 05:56:33.622223: train_loss 0.6367
2025-12-09 05:56:33.638792: val_loss 0.6864
2025-12-09 05:56:33.642085: val classification accuracy 0.6792
2025-12-09 05:56:33.645105: val auc 0.7204
2025-12-09 05:56:33.648987: Epoch time: 47.92 s
2025-12-09 05:56:34.461250: 
2025-12-09 05:56:34.465345: Epoch 89
2025-12-09 05:56:34.468223: Current learning rate: 0.00729
2025-12-09 05:57:22.059572: train_loss 0.6421
2025-12-09 05:57:22.064113: val_loss 0.8206
2025-12-09 05:57:22.083954: val classification accuracy 0.5189
2025-12-09 05:57:22.087743: val auc 0.4984
2025-12-09 05:57:22.090848: Epoch time: 47.6 s
2025-12-09 05:57:22.868427: 
2025-12-09 05:57:22.872028: Epoch 90
2025-12-09 05:57:22.874715: Current learning rate: 0.00725
2025-12-09 05:58:15.670173: train_loss 0.6644
2025-12-09 05:58:15.689767: val_loss 0.702
2025-12-09 05:58:15.696683: val classification accuracy 0.5472
2025-12-09 05:58:15.702042: val auc 0.6056
2025-12-09 05:58:15.708031: Epoch time: 52.8 s
2025-12-09 05:58:16.503378: 
2025-12-09 05:58:16.506963: Epoch 91
2025-12-09 05:58:16.509627: Current learning rate: 0.00722
2025-12-09 05:59:06.601264: train_loss 0.6305
2025-12-09 05:59:06.609579: val_loss 0.7162
2025-12-09 05:59:06.612612: val classification accuracy 0.5755
2025-12-09 05:59:06.615651: val auc 0.6237
2025-12-09 05:59:06.618482: Epoch time: 50.1 s
2025-12-09 05:59:07.490817: 
2025-12-09 05:59:07.494655: Epoch 92
2025-12-09 05:59:07.497418: Current learning rate: 0.00719
2025-12-09 05:59:56.288944: train_loss 0.6657
2025-12-09 05:59:56.293341: val_loss 0.7048
2025-12-09 05:59:56.296559: val classification accuracy 0.5943
2025-12-09 05:59:56.299704: val auc 0.6193
2025-12-09 05:59:56.303625: Epoch time: 48.8 s
2025-12-09 05:59:57.094327: 
2025-12-09 05:59:57.097823: Epoch 93
2025-12-09 05:59:57.100434: Current learning rate: 0.00716
2025-12-09 06:00:50.503583: train_loss 0.6283
2025-12-09 06:00:50.520984: val_loss 0.7514
2025-12-09 06:00:50.524373: val classification accuracy 0.5189
2025-12-09 06:00:50.528631: val auc 0.5862
2025-12-09 06:00:50.532125: Epoch time: 53.41 s
2025-12-09 06:00:51.378280: 
2025-12-09 06:00:51.381780: Epoch 94
2025-12-09 06:00:51.384618: Current learning rate: 0.00713
2025-12-09 06:01:38.418254: train_loss 0.6484
2025-12-09 06:01:38.428892: val_loss 0.7072
2025-12-09 06:01:38.445078: val classification accuracy 0.5943
2025-12-09 06:01:38.476094: val auc 0.6177
2025-12-09 06:01:38.482368: Epoch time: 47.04 s
2025-12-09 06:01:39.312355: 
2025-12-09 06:01:39.315702: Epoch 95
2025-12-09 06:01:39.318805: Current learning rate: 0.0071
2025-12-09 06:02:29.634023: train_loss 0.6411
2025-12-09 06:02:29.648242: val_loss 0.7184
2025-12-09 06:02:29.651350: val classification accuracy 0.5566
2025-12-09 06:02:29.654431: val auc 0.5771
2025-12-09 06:02:29.657501: Epoch time: 50.32 s
2025-12-09 06:02:30.447131: 
2025-12-09 06:02:30.450758: Epoch 96
2025-12-09 06:02:30.453190: Current learning rate: 0.00707
2025-12-09 06:03:19.119917: train_loss 0.679
2025-12-09 06:03:19.148166: val_loss 0.7039
2025-12-09 06:03:19.165161: val classification accuracy 0.5472
2025-12-09 06:03:19.168862: val auc 0.6061
2025-12-09 06:03:19.172700: Epoch time: 48.67 s
2025-12-09 06:03:19.951331: 
2025-12-09 06:03:19.954722: Epoch 97
2025-12-09 06:03:19.957791: Current learning rate: 0.00704
2025-12-09 06:04:07.887305: train_loss 0.6347
2025-12-09 06:04:07.892351: val_loss 0.8998
2025-12-09 06:04:07.895650: val classification accuracy 0.4717
2025-12-09 06:04:07.898626: val auc 0.443
2025-12-09 06:04:07.901814: Epoch time: 47.94 s
2025-12-09 06:04:08.678058: 
2025-12-09 06:04:08.684070: Epoch 98
2025-12-09 06:04:08.688519: Current learning rate: 0.007
2025-12-09 06:04:57.277258: train_loss 0.6555
2025-12-09 06:04:57.294117: val_loss 0.7326
2025-12-09 06:04:57.297338: val classification accuracy 0.5566
2025-12-09 06:04:57.308233: val auc 0.5787
2025-12-09 06:04:57.318640: Epoch time: 48.61 s
2025-12-09 06:04:58.133811: 
2025-12-09 06:04:58.137571: Epoch 99
2025-12-09 06:04:58.140083: Current learning rate: 0.00697
2025-12-09 06:05:50.427332: train_loss 0.6225
2025-12-09 06:05:50.432678: val_loss 0.962
2025-12-09 06:05:50.435457: val classification accuracy 0.4811
2025-12-09 06:05:50.438258: val auc 0.4295
2025-12-09 06:05:50.441008: Epoch time: 52.29 s
2025-12-09 06:05:51.343360: 
2025-12-09 06:05:51.348153: Epoch 100
2025-12-09 06:05:51.351753: Current learning rate: 0.00694
2025-12-09 06:06:41.049893: train_loss 0.6304
2025-12-09 06:06:41.054234: val_loss 0.7595
2025-12-09 06:06:41.057775: val classification accuracy 0.5094
2025-12-09 06:06:41.061018: val auc 0.5735
2025-12-09 06:06:41.063981: Epoch time: 49.71 s
2025-12-09 06:06:41.872743: 
2025-12-09 06:06:41.876365: Epoch 101
2025-12-09 06:06:41.878883: Current learning rate: 0.00691
2025-12-09 06:07:33.034286: train_loss 0.6276
2025-12-09 06:07:33.039098: val_loss 0.734
2025-12-09 06:07:33.041966: val classification accuracy 0.5566
2025-12-09 06:07:33.044835: val auc 0.5872
2025-12-09 06:07:33.047599: Epoch time: 51.16 s
2025-12-09 06:07:34.591888: 
2025-12-09 06:07:34.595562: Epoch 102
2025-12-09 06:07:34.598163: Current learning rate: 0.00688
2025-12-09 06:08:22.785391: train_loss 0.6366
2025-12-09 06:08:22.807610: val_loss 0.9845
2025-12-09 06:08:22.810858: val classification accuracy 0.4906
2025-12-09 06:08:22.813792: val auc 0.4578
2025-12-09 06:08:22.816684: Epoch time: 48.19 s
2025-12-09 06:08:23.591280: 
2025-12-09 06:08:23.594734: Epoch 103
2025-12-09 06:08:23.597321: Current learning rate: 0.00685
2025-12-09 06:09:14.160650: train_loss 0.6379
2025-12-09 06:09:14.174593: val_loss 0.7775
2025-12-09 06:09:14.180188: val classification accuracy 0.5189
2025-12-09 06:09:14.185434: val auc 0.6145
2025-12-09 06:09:14.189996: Epoch time: 50.57 s
2025-12-09 06:09:15.044000: 
2025-12-09 06:09:15.048064: Epoch 104
2025-12-09 06:09:15.050833: Current learning rate: 0.00682
2025-12-09 06:10:03.338045: train_loss 0.6457
2025-12-09 06:10:03.355405: val_loss 0.6878
2025-12-09 06:10:03.358858: val classification accuracy 0.566
2025-12-09 06:10:03.362167: val auc 0.5874
2025-12-09 06:10:03.365246: Epoch time: 48.3 s
2025-12-09 06:10:04.119281: 
2025-12-09 06:10:04.122617: Epoch 105
2025-12-09 06:10:04.125084: Current learning rate: 0.00679
2025-12-09 06:10:55.838539: train_loss 0.6664
2025-12-09 06:10:55.845617: val_loss 0.716
2025-12-09 06:10:55.848824: val classification accuracy 0.5566
2025-12-09 06:10:55.852322: val auc 0.5918
2025-12-09 06:10:55.856072: Epoch time: 51.72 s
2025-12-09 06:10:56.712232: 
2025-12-09 06:10:56.715724: Epoch 106
2025-12-09 06:10:56.718137: Current learning rate: 0.00675
2025-12-09 06:11:48.397794: train_loss 0.6295
2025-12-09 06:11:48.402632: val_loss 0.8247
2025-12-09 06:11:48.415207: val classification accuracy 0.5283
2025-12-09 06:11:48.418266: val auc 0.5199
2025-12-09 06:11:48.421189: Epoch time: 51.69 s
2025-12-09 06:11:49.225672: 
2025-12-09 06:11:49.229058: Epoch 107
2025-12-09 06:11:49.231617: Current learning rate: 0.00672
2025-12-09 06:12:41.248385: train_loss 0.6387
2025-12-09 06:12:41.253404: val_loss 0.7234
2025-12-09 06:12:41.256355: val classification accuracy 0.6132
2025-12-09 06:12:41.259174: val auc 0.6454
2025-12-09 06:12:41.261987: Epoch time: 52.02 s
2025-12-09 06:12:42.095804: 
2025-12-09 06:12:42.099018: Epoch 108
2025-12-09 06:12:42.101385: Current learning rate: 0.00669
2025-12-09 06:13:37.359659: train_loss 0.6456
2025-12-09 06:13:37.363570: val_loss 0.663
2025-12-09 06:13:37.366346: val classification accuracy 0.6038
2025-12-09 06:13:37.369190: val auc 0.6588
2025-12-09 06:13:37.371802: Epoch time: 55.27 s
2025-12-09 06:13:38.103330: 
2025-12-09 06:13:38.106661: Epoch 109
2025-12-09 06:13:38.109224: Current learning rate: 0.00666
2025-12-09 06:14:29.639658: train_loss 0.6441
2025-12-09 06:14:29.644245: val_loss 0.6914
2025-12-09 06:14:29.662642: val classification accuracy 0.5566
2025-12-09 06:14:29.665862: val auc 0.6563
2025-12-09 06:14:29.668660: Epoch time: 51.54 s
2025-12-09 06:14:30.420231: 
2025-12-09 06:14:30.423307: Epoch 110
2025-12-09 06:14:30.425623: Current learning rate: 0.00663
2025-12-09 06:15:20.160501: train_loss 0.6206
2025-12-09 06:15:20.165545: val_loss 0.816
2025-12-09 06:15:20.169188: val classification accuracy 0.5189
2025-12-09 06:15:20.173069: val auc 0.578
2025-12-09 06:15:20.181246: Epoch time: 49.74 s
2025-12-09 06:15:21.008412: 
2025-12-09 06:15:21.011753: Epoch 111
2025-12-09 06:15:21.014351: Current learning rate: 0.0066
2025-12-09 06:16:10.925055: train_loss 0.6336
2025-12-09 06:16:10.931271: val_loss 0.7381
2025-12-09 06:16:10.934913: val classification accuracy 0.5566
2025-12-09 06:16:10.937647: val auc 0.5954
2025-12-09 06:16:10.963652: Epoch time: 49.92 s
2025-12-09 06:16:11.764518: 
2025-12-09 06:16:11.767898: Epoch 112
2025-12-09 06:16:11.770498: Current learning rate: 0.00657
2025-12-09 06:17:03.620668: train_loss 0.6086
2025-12-09 06:17:03.626294: val_loss 0.8489
2025-12-09 06:17:03.629032: val classification accuracy 0.5755
2025-12-09 06:17:03.631559: val auc 0.5459
2025-12-09 06:17:03.634385: Epoch time: 51.86 s
2025-12-09 06:17:04.395572: 
2025-12-09 06:17:04.398823: Epoch 113
2025-12-09 06:17:04.401249: Current learning rate: 0.00654
2025-12-09 06:17:51.537802: train_loss 0.6432
2025-12-09 06:17:51.543636: val_loss 0.7045
2025-12-09 06:17:51.546928: val classification accuracy 0.5755
2025-12-09 06:17:51.550332: val auc 0.629
2025-12-09 06:17:51.553575: Epoch time: 47.14 s
2025-12-09 06:17:52.472658: 
2025-12-09 06:17:52.476729: Epoch 114
2025-12-09 06:17:52.479723: Current learning rate: 0.0065
2025-12-09 06:18:44.761011: train_loss 0.6324
2025-12-09 06:18:44.765122: val_loss 0.6608
2025-12-09 06:18:44.768099: val classification accuracy 0.6038
2025-12-09 06:18:44.770865: val auc 0.6468
2025-12-09 06:18:44.773746: Epoch time: 52.29 s
2025-12-09 06:18:46.223062: 
2025-12-09 06:18:46.226698: Epoch 115
2025-12-09 06:18:46.229301: Current learning rate: 0.00647
2025-12-09 06:19:35.705389: train_loss 0.6276
2025-12-09 06:19:35.726331: val_loss 0.7683
2025-12-09 06:19:35.729722: val classification accuracy 0.6226
2025-12-09 06:19:35.734131: val auc 0.6161
2025-12-09 06:19:35.747440: Epoch time: 49.48 s
2025-12-09 06:19:36.513196: 
2025-12-09 06:19:36.516971: Epoch 116
2025-12-09 06:19:36.519681: Current learning rate: 0.00644
2025-12-09 06:20:24.254108: train_loss 0.6161
2025-12-09 06:20:24.258427: val_loss 0.7282
2025-12-09 06:20:24.261146: val classification accuracy 0.5849
2025-12-09 06:20:24.264440: val auc 0.621
2025-12-09 06:20:24.267290: Epoch time: 47.74 s
2025-12-09 06:20:25.121623: 
2025-12-09 06:20:25.124837: Epoch 117
2025-12-09 06:20:25.127201: Current learning rate: 0.00641
2025-12-09 06:21:15.828832: train_loss 0.6103
2025-12-09 06:21:15.834110: val_loss 0.7843
2025-12-09 06:21:15.837153: val classification accuracy 0.5377
2025-12-09 06:21:15.839926: val auc 0.587
2025-12-09 06:21:15.842731: Epoch time: 50.71 s
2025-12-09 06:21:16.730609: 
2025-12-09 06:21:16.734329: Epoch 118
2025-12-09 06:21:16.737025: Current learning rate: 0.00638
2025-12-09 06:22:06.640925: train_loss 0.6527
2025-12-09 06:22:06.647994: val_loss 0.7276
2025-12-09 06:22:06.651935: val classification accuracy 0.5566
2025-12-09 06:22:06.654929: val auc 0.5555
2025-12-09 06:22:06.658110: Epoch time: 49.91 s
2025-12-09 06:22:07.445656: 
2025-12-09 06:22:07.449084: Epoch 119
2025-12-09 06:22:07.451838: Current learning rate: 0.00635
2025-12-09 06:22:57.777843: train_loss 0.6245
2025-12-09 06:22:57.782858: val_loss 0.749
2025-12-09 06:22:57.786447: val classification accuracy 0.566
2025-12-09 06:22:57.790530: val auc 0.5999
2025-12-09 06:22:57.793978: Epoch time: 50.33 s
2025-12-09 06:22:58.572317: 
2025-12-09 06:22:58.576599: Epoch 120
2025-12-09 06:22:58.580190: Current learning rate: 0.00631
2025-12-09 06:23:49.799742: train_loss 0.5805
2025-12-09 06:23:49.803899: val_loss 0.8235
2025-12-09 06:23:49.806717: val classification accuracy 0.5
2025-12-09 06:23:49.809436: val auc 0.5667
2025-12-09 06:23:49.812596: Epoch time: 51.23 s
2025-12-09 06:23:49.815238: Early stopping triggered at epoch 120. Best val_losses=0.6231
2025-12-09 06:23:50.618033: Stopping training early due to early stopping criterion.
2025-12-09 06:23:52.992662: Training done.
2025-12-09 06:23:53.030432: Skipping perform_actual_validation for classification trainer (segmentation-style sliding window is not applicable).
[1;34mwandb[0m: 
[1;34mwandb[0m:  View run [33mSEResNetTrainer_ep300_NoMirroring_fold3[0m at: [34m[0m
[1;34mwandb[0m: Find logs at: [1;35m../../tmp/wandb/wandb/run-20251209_043749-32jxs2qy/logs[0m
