Using device: cuda:0

#######################################################################
Please cite the following paper when using nnU-Net:
Isensee, F., Jaeger, P. F., Kohl, S. A., Petersen, J., & Maier-Hein, K. H. (2021). nnU-Net: a self-configuring method for deep learning-based biomedical image segmentation. Nature methods, 18(2), 203-211.
#######################################################################

2025-12-09 02:56:50.683037: Using torch.compile...
2025-12-09 02:56:57.056229: do_dummy_2d_data_aug: False
2025-12-09 02:56:57.060413: Using splits from existing split file: /hpf/projects/jquon/sumin/nnUNet_data/nnUNet_preprocessed/Dataset003_AVM_T1+C/splits_final.json
2025-12-09 02:56:57.063523: The split file contains 5 splits.
2025-12-09 02:56:57.065275: Desired fold for training: 1
2025-12-09 02:56:57.066988: This split has 410 training and 102 validation cases.
using pin_memory on device 0
using pin_memory on device 0

This is the configuration used by this training:
Configuration name: 3d_fullres
 {'data_identifier': 'nnUNetPlans_3d_fullres', 'preprocessor_name': 'DefaultPreprocessor', 'batch_size': 2, 'patch_size': [160, 224, 192], 'median_image_size_in_voxels': [344.0, 448.0, 429.0], 'spacing': [0.500000923871994, 0.4910714328289032, 0.4910714328289032], 'normalization_schemes': ['ZScoreNormalization'], 'use_mask_for_norm': [False], 'resampling_fn_data': 'resample_data_or_seg_to_shape', 'resampling_fn_seg': 'resample_data_or_seg_to_shape', 'resampling_fn_data_kwargs': {'is_seg': False, 'order': 3, 'order_z': 0, 'force_separate_z': None}, 'resampling_fn_seg_kwargs': {'is_seg': True, 'order': 1, 'order_z': 0, 'force_separate_z': None}, 'resampling_fn_probabilities': 'resample_data_or_seg_to_shape', 'resampling_fn_probabilities_kwargs': {'is_seg': False, 'order': 1, 'order_z': 0, 'force_separate_z': None}, 'architecture': {'network_class_name': 'dynamic_network_architectures.architectures.unet.ResidualEncoderUNet', 'arch_kwargs': {'n_stages': 6, 'features_per_stage': [32, 64, 128, 256, 320, 320], 'conv_op': 'torch.nn.modules.conv.Conv3d', 'kernel_sizes': [[3, 3, 3], [3, 3, 3], [3, 3, 3], [3, 3, 3], [3, 3, 3], [3, 3, 3]], 'strides': [[1, 1, 1], [2, 2, 2], [2, 2, 2], [2, 2, 2], [2, 2, 2], [2, 2, 2]], 'n_blocks_per_stage': [1, 3, 4, 6, 6, 6], 'n_conv_per_stage_decoder': [1, 1, 1, 1, 1], 'conv_bias': True, 'norm_op': 'torch.nn.modules.instancenorm.InstanceNorm3d', 'norm_op_kwargs': {'eps': 1e-05, 'affine': True}, 'dropout_op': None, 'dropout_op_kwargs': None, 'nonlin': 'torch.nn.LeakyReLU', 'nonlin_kwargs': {'inplace': True}}, '_kw_requires_import': ['conv_op', 'norm_op', 'dropout_op', 'nonlin']}, 'batch_dice': True} 

These are the global plan.json settings:
 {'dataset_name': 'Dataset003_AVM_T1+C', 'plans_name': 'nnUNetResEncUNetLPlans', 'original_median_spacing_after_transp': [0.500000923871994, 0.4910714328289032, 0.4910714328289032], 'original_median_shape_after_transp': [330, 448, 424], 'image_reader_writer': 'SimpleITKIO', 'transpose_forward': [0, 1, 2], 'transpose_backward': [0, 1, 2], 'experiment_planner_used': 'nnUNetPlannerResEncL', 'label_manager': 'LabelManager', 'foreground_intensity_properties_per_channel': {'0': {'max': 12113.0, 'mean': 449.843505859375, 'median': 311.0, 'min': 0.0, 'percentile_00_5': 34.0, 'percentile_99_5': 3202.0, 'std': 471.56329345703125}}} 

2025-12-09 02:57:00.126479: Unable to plot network architecture: nnUNet_compile is enabled!
2025-12-09 02:57:00.168269: 
2025-12-09 02:57:00.180417: Epoch 0
2025-12-09 02:57:00.182652: Current learning rate: 0.01
2025-12-09 02:58:24.147897: train_loss 1.4485
2025-12-09 02:58:24.152507: val_loss 1.8033
2025-12-09 02:58:24.154715: val classification accuracy 0.4902
2025-12-09 02:58:24.156917: val auc 0.6071
2025-12-09 02:58:24.159388: Epoch time: 83.98 s
2025-12-09 02:58:24.161495: Yayy! New best EMA pseudo Dice: 0.6071
2025-12-09 02:58:26.645156: Yayy! New best classification accuracy: 0.4902
2025-12-09 02:58:29.336622: 
2025-12-09 02:58:29.340016: Epoch 1
2025-12-09 02:58:29.342208: Current learning rate: 0.00997
2025-12-09 02:59:25.788711: train_loss 1.1021
2025-12-09 02:59:25.794283: val_loss 1.1745
2025-12-09 02:59:25.808913: val classification accuracy 0.4118
2025-12-09 02:59:25.836473: val auc 0.3629
2025-12-09 02:59:25.838673: Epoch time: 56.45 s
2025-12-09 02:59:26.616657: 
2025-12-09 02:59:26.619357: Epoch 2
2025-12-09 02:59:26.621428: Current learning rate: 0.00994
2025-12-09 03:00:21.345271: train_loss 0.9496
2025-12-09 03:00:21.377288: val_loss 0.6774
2025-12-09 03:00:21.380230: val classification accuracy 0.5882
2025-12-09 03:00:21.383379: val auc 0.6021
2025-12-09 03:00:21.386136: Epoch time: 54.73 s
2025-12-09 03:00:21.388062: Yayy! New best classification accuracy: 0.5882
2025-12-09 03:00:24.818710: 
2025-12-09 03:00:24.821342: Epoch 3
2025-12-09 03:00:24.823109: Current learning rate: 0.00991
2025-12-09 03:01:20.734023: train_loss 0.7062
2025-12-09 03:01:20.799803: val_loss 0.7339
2025-12-09 03:01:20.863433: val classification accuracy 0.5196
2025-12-09 03:01:20.877559: val auc 0.5517
2025-12-09 03:01:20.900801: Epoch time: 55.92 s
2025-12-09 03:01:21.865822: 
2025-12-09 03:01:21.868397: Epoch 4
2025-12-09 03:01:21.870233: Current learning rate: 0.00988
2025-12-09 03:02:11.917928: train_loss 0.6981
2025-12-09 03:02:11.961790: val_loss 0.6854
2025-12-09 03:02:11.965818: val classification accuracy 0.5
2025-12-09 03:02:11.968166: val auc 0.5646
2025-12-09 03:02:11.970267: Epoch time: 50.05 s
2025-12-09 03:02:12.861365: 
2025-12-09 03:02:12.864996: Epoch 5
2025-12-09 03:02:12.866847: Current learning rate: 0.00985
2025-12-09 03:03:02.527887: train_loss 0.6949
2025-12-09 03:03:02.531935: val_loss 0.6857
2025-12-09 03:03:02.535537: val classification accuracy 0.4902
2025-12-09 03:03:02.538166: val auc 0.4423
2025-12-09 03:03:02.540724: Epoch time: 49.67 s
2025-12-09 03:03:03.411820: 
2025-12-09 03:03:03.414862: Epoch 6
2025-12-09 03:03:03.417008: Current learning rate: 0.00982
2025-12-09 03:03:55.430000: train_loss 0.6717
2025-12-09 03:03:55.457566: val_loss 0.6371
2025-12-09 03:03:55.484794: val classification accuracy 0.598
2025-12-09 03:03:55.487061: val auc 0.6226
2025-12-09 03:03:55.488972: Epoch time: 52.02 s
2025-12-09 03:03:55.490731: Yayy! New best EMA pseudo Dice: 0.6226
2025-12-09 03:03:58.166179: Yayy! New best classification accuracy: 0.598
2025-12-09 03:04:00.618046: 
2025-12-09 03:04:00.620658: Epoch 7
2025-12-09 03:04:00.622351: Current learning rate: 0.00979
2025-12-09 03:04:54.466622: train_loss 0.6965
2025-12-09 03:04:54.474647: val_loss 0.6372
2025-12-09 03:04:54.477512: val classification accuracy 0.6176
2025-12-09 03:04:54.480427: val auc 0.6863
2025-12-09 03:04:54.489125: Epoch time: 53.85 s
2025-12-09 03:04:54.491366: Yayy! New best EMA pseudo Dice: 0.6863
2025-12-09 03:04:57.345971: Yayy! New best classification accuracy: 0.6176
2025-12-09 03:05:00.539195: 
2025-12-09 03:05:00.541891: Epoch 8
2025-12-09 03:05:00.543697: Current learning rate: 0.00976
2025-12-09 03:05:55.705368: train_loss 0.6898
2025-12-09 03:05:55.712185: val_loss 0.7328
2025-12-09 03:05:55.714835: val classification accuracy 0.5686
2025-12-09 03:05:55.717280: val auc 0.7195
2025-12-09 03:05:55.719983: Epoch time: 55.17 s
2025-12-09 03:05:55.722335: Yayy! New best EMA pseudo Dice: 0.7195
2025-12-09 03:05:59.330276: 
2025-12-09 03:05:59.333101: Epoch 9
2025-12-09 03:05:59.335196: Current learning rate: 0.00973
2025-12-09 03:06:52.371982: train_loss 0.6937
2025-12-09 03:06:52.376328: val_loss 0.8516
2025-12-09 03:06:52.378515: val classification accuracy 0.5784
2025-12-09 03:06:52.380780: val auc 0.6459
2025-12-09 03:06:52.382913: Epoch time: 53.04 s
2025-12-09 03:06:53.196336: 
2025-12-09 03:06:53.199741: Epoch 10
2025-12-09 03:06:53.201847: Current learning rate: 0.0097
2025-12-09 03:07:46.317270: train_loss 0.6825
2025-12-09 03:07:46.330219: val_loss 0.6841
2025-12-09 03:07:46.333654: val classification accuracy 0.5392
2025-12-09 03:07:46.336629: val auc 0.6232
2025-12-09 03:07:46.339600: Epoch time: 53.12 s
2025-12-09 03:07:47.176831: 
2025-12-09 03:07:47.180417: Epoch 11
2025-12-09 03:07:47.182968: Current learning rate: 0.00967
2025-12-09 03:08:43.158032: train_loss 0.6649
2025-12-09 03:08:43.163601: val_loss 0.6496
2025-12-09 03:08:43.171513: val classification accuracy 0.6176
2025-12-09 03:08:43.175070: val auc 0.6596
2025-12-09 03:08:43.178423: Epoch time: 55.98 s
2025-12-09 03:08:44.039537: 
2025-12-09 03:08:44.042815: Epoch 12
2025-12-09 03:08:44.045146: Current learning rate: 0.00964
2025-12-09 03:09:33.913167: train_loss 0.6682
2025-12-09 03:09:33.918194: val_loss 0.818
2025-12-09 03:09:33.921399: val classification accuracy 0.5588
2025-12-09 03:09:33.924325: val auc 0.6167
2025-12-09 03:09:33.933176: Epoch time: 49.87 s
2025-12-09 03:09:34.766983: 
2025-12-09 03:09:34.770482: Epoch 13
2025-12-09 03:09:34.772648: Current learning rate: 0.00961
2025-12-09 03:10:25.421247: train_loss 0.6862
2025-12-09 03:10:25.427511: val_loss 0.9888
2025-12-09 03:10:25.430449: val classification accuracy 0.5588
2025-12-09 03:10:25.433022: val auc 0.5467
2025-12-09 03:10:25.435947: Epoch time: 50.66 s
2025-12-09 03:10:26.251573: 
2025-12-09 03:10:26.255324: Epoch 14
2025-12-09 03:10:26.257657: Current learning rate: 0.00958
2025-12-09 03:11:17.862485: train_loss 0.6644
2025-12-09 03:11:17.876518: val_loss 0.7125
2025-12-09 03:11:17.907142: val classification accuracy 0.5196
2025-12-09 03:11:17.911029: val auc 0.4358
2025-12-09 03:11:17.915833: Epoch time: 51.61 s
2025-12-09 03:11:18.772399: 
2025-12-09 03:11:18.775891: Epoch 15
2025-12-09 03:11:18.778437: Current learning rate: 0.00955
2025-12-09 03:12:10.613780: train_loss 0.6906
2025-12-09 03:12:10.618356: val_loss 0.981
2025-12-09 03:12:10.621085: val classification accuracy 0.5
2025-12-09 03:12:10.623782: val auc 0.5334
2025-12-09 03:12:10.626300: Epoch time: 51.84 s
2025-12-09 03:12:11.465697: 
2025-12-09 03:12:11.469106: Epoch 16
2025-12-09 03:12:11.471812: Current learning rate: 0.00952
2025-12-09 03:13:06.087408: train_loss 0.6677
2025-12-09 03:13:06.132123: val_loss 1.1061
2025-12-09 03:13:06.137256: val classification accuracy 0.4706
2025-12-09 03:13:06.168773: val auc 0.4443
2025-12-09 03:13:06.172946: Epoch time: 54.62 s
2025-12-09 03:13:06.973324: 
2025-12-09 03:13:06.976655: Epoch 17
2025-12-09 03:13:06.979076: Current learning rate: 0.00949
2025-12-09 03:14:03.101829: train_loss 0.6599
2025-12-09 03:14:03.106236: val_loss 1.8495
2025-12-09 03:14:03.111090: val classification accuracy 0.451
2025-12-09 03:14:03.114291: val auc 0.4369
2025-12-09 03:14:03.117390: Epoch time: 56.13 s
2025-12-09 03:14:03.935623: 
2025-12-09 03:14:03.939356: Epoch 18
2025-12-09 03:14:03.941942: Current learning rate: 0.00946
2025-12-09 03:15:00.054530: train_loss 0.6649
2025-12-09 03:15:00.077316: val_loss 1.3382
2025-12-09 03:15:00.081242: val classification accuracy 0.5294
2025-12-09 03:15:00.084405: val auc 0.5211
2025-12-09 03:15:00.087461: Epoch time: 56.12 s
2025-12-09 03:15:00.897147: 
2025-12-09 03:15:00.900420: Epoch 19
2025-12-09 03:15:00.902869: Current learning rate: 0.00943
2025-12-09 03:15:51.759176: train_loss 0.6494
2025-12-09 03:15:51.764890: val_loss 0.7869
2025-12-09 03:15:51.769205: val classification accuracy 0.549
2025-12-09 03:15:51.773500: val auc 0.5531
2025-12-09 03:15:51.777504: Epoch time: 50.86 s
2025-12-09 03:15:54.407752: Saved periodic checkpoint /hpf/projects/jquon/sumin/nnUNet_data/nnUNet_results/Dataset003_AVM_T1+C/SEResNetTrainer_ep300_NoMirroring__nnUNetResEncUNetLPlans__3d_fullres/fold_1/checkpoint_every20_best_balacc.pth at epoch 19 with val_balanced_accuracy=0.5490
2025-12-09 03:15:55.122947: 
2025-12-09 03:15:55.126147: Epoch 20
2025-12-09 03:15:55.128587: Current learning rate: 0.0094
2025-12-09 03:16:48.986856: train_loss 0.6805
2025-12-09 03:16:48.992769: val_loss 0.8042
2025-12-09 03:16:49.002910: val classification accuracy 0.5588
2025-12-09 03:16:49.005927: val auc 0.5527
2025-12-09 03:16:49.009101: Epoch time: 53.87 s
2025-12-09 03:16:49.878742: 
2025-12-09 03:16:49.882244: Epoch 21
2025-12-09 03:16:49.884676: Current learning rate: 0.00937
2025-12-09 03:17:40.163929: train_loss 0.6667
2025-12-09 03:17:40.181033: val_loss 0.6701
2025-12-09 03:17:40.188111: val classification accuracy 0.6176
2025-12-09 03:17:40.192523: val auc 0.6486
2025-12-09 03:17:40.195053: Epoch time: 50.29 s
2025-12-09 03:17:41.627774: 
2025-12-09 03:17:41.631054: Epoch 22
2025-12-09 03:17:41.633439: Current learning rate: 0.00934
2025-12-09 03:18:37.032586: train_loss 0.6703
2025-12-09 03:18:37.037084: val_loss 0.7397
2025-12-09 03:18:37.061362: val classification accuracy 0.4804
2025-12-09 03:18:37.064903: val auc 0.4135
2025-12-09 03:18:37.067748: Epoch time: 55.41 s
2025-12-09 03:18:37.849306: 
2025-12-09 03:18:37.852696: Epoch 23
2025-12-09 03:18:37.855194: Current learning rate: 0.00931
2025-12-09 03:19:35.121217: train_loss 0.6599
2025-12-09 03:19:35.135257: val_loss 1.0293
2025-12-09 03:19:35.138350: val classification accuracy 0.4804
2025-12-09 03:19:35.141627: val auc 0.5617
2025-12-09 03:19:35.144425: Epoch time: 57.27 s
2025-12-09 03:19:35.974023: 
2025-12-09 03:19:35.977052: Epoch 24
2025-12-09 03:19:35.979893: Current learning rate: 0.00928
2025-12-09 03:20:25.759098: train_loss 0.6722
2025-12-09 03:20:25.763571: val_loss 0.8749
2025-12-09 03:20:25.766203: val classification accuracy 0.5294
2025-12-09 03:20:25.769648: val auc 0.5502
2025-12-09 03:20:25.772688: Epoch time: 49.79 s
2025-12-09 03:20:26.621530: 
2025-12-09 03:20:26.625439: Epoch 25
2025-12-09 03:20:26.628231: Current learning rate: 0.00925
2025-12-09 03:21:18.838929: train_loss 0.6639
2025-12-09 03:21:18.844231: val_loss 0.9374
2025-12-09 03:21:18.846713: val classification accuracy 0.4902
2025-12-09 03:21:18.849235: val auc 0.4629
2025-12-09 03:21:18.851744: Epoch time: 52.22 s
2025-12-09 03:21:19.605643: 
2025-12-09 03:21:19.608729: Epoch 26
2025-12-09 03:21:19.611321: Current learning rate: 0.00922
2025-12-09 03:22:13.064954: train_loss 0.6429
2025-12-09 03:22:13.069729: val_loss 0.999
2025-12-09 03:22:13.072631: val classification accuracy 0.4804
2025-12-09 03:22:13.075316: val auc 0.4848
2025-12-09 03:22:13.077852: Epoch time: 53.46 s
2025-12-09 03:22:13.853250: 
2025-12-09 03:22:13.856859: Epoch 27
2025-12-09 03:22:13.859297: Current learning rate: 0.00919
2025-12-09 03:23:12.383844: train_loss 0.6495
2025-12-09 03:23:12.388281: val_loss 0.7968
2025-12-09 03:23:12.392455: val classification accuracy 0.5392
2025-12-09 03:23:12.395474: val auc 0.5288
2025-12-09 03:23:12.398082: Epoch time: 58.53 s
2025-12-09 03:23:13.197308: 
2025-12-09 03:23:13.200898: Epoch 28
2025-12-09 03:23:13.203325: Current learning rate: 0.00916
2025-12-09 03:24:05.906532: train_loss 0.6591
2025-12-09 03:24:05.911252: val_loss 0.7271
2025-12-09 03:24:05.913829: val classification accuracy 0.5588
2025-12-09 03:24:05.916468: val auc 0.6211
2025-12-09 03:24:05.919190: Epoch time: 52.71 s
2025-12-09 03:24:06.671977: 
2025-12-09 03:24:06.674944: Epoch 29
2025-12-09 03:24:06.677189: Current learning rate: 0.00913
2025-12-09 03:24:59.095562: train_loss 0.6664
2025-12-09 03:24:59.108840: val_loss 0.7349
2025-12-09 03:24:59.113156: val classification accuracy 0.5686
2025-12-09 03:24:59.117814: val auc 0.6
2025-12-09 03:24:59.121808: Epoch time: 52.42 s
2025-12-09 03:25:00.001075: 
2025-12-09 03:25:00.004565: Epoch 30
2025-12-09 03:25:00.006668: Current learning rate: 0.0091
2025-12-09 03:25:50.848595: train_loss 0.662
2025-12-09 03:25:50.853625: val_loss 0.7505
2025-12-09 03:25:50.856900: val classification accuracy 0.6471
2025-12-09 03:25:50.874328: val auc 0.6621
2025-12-09 03:25:50.899245: Epoch time: 50.85 s
2025-12-09 03:25:50.946178: Yayy! New best classification accuracy: 0.6471
2025-12-09 03:25:54.314652: 
2025-12-09 03:25:54.318041: Epoch 31
2025-12-09 03:25:54.320652: Current learning rate: 0.00907
2025-12-09 03:26:46.043938: train_loss 0.659
2025-12-09 03:26:46.048695: val_loss 2.5335
2025-12-09 03:26:46.051149: val classification accuracy 0.6078
2025-12-09 03:26:46.053538: val auc 0.6188
2025-12-09 03:26:46.056085: Epoch time: 51.73 s
2025-12-09 03:26:46.853105: 
2025-12-09 03:26:46.857637: Epoch 32
2025-12-09 03:26:46.861346: Current learning rate: 0.00903
2025-12-09 03:27:41.050443: train_loss 0.6772
2025-12-09 03:27:41.054425: val_loss 0.6953
2025-12-09 03:27:41.057312: val classification accuracy 0.5294
2025-12-09 03:27:41.060080: val auc 0.5481
2025-12-09 03:27:41.062636: Epoch time: 54.2 s
2025-12-09 03:27:41.816791: 
2025-12-09 03:27:41.819825: Epoch 33
2025-12-09 03:27:41.822219: Current learning rate: 0.009
2025-12-09 03:28:34.188056: train_loss 0.6696
2025-12-09 03:28:34.193262: val_loss 0.8614
2025-12-09 03:28:34.196523: val classification accuracy 0.6275
2025-12-09 03:28:34.199677: val auc 0.6015
2025-12-09 03:28:34.223714: Epoch time: 52.37 s
2025-12-09 03:28:35.118328: 
2025-12-09 03:28:35.121860: Epoch 34
2025-12-09 03:28:35.124532: Current learning rate: 0.00897
2025-12-09 03:29:31.687493: train_loss 0.6357
2025-12-09 03:29:31.691801: val_loss 1.0153
2025-12-09 03:29:31.694628: val classification accuracy 0.4608
2025-12-09 03:29:31.697238: val auc 0.5104
2025-12-09 03:29:31.700102: Epoch time: 56.57 s
2025-12-09 03:29:33.126507: 
2025-12-09 03:29:33.130004: Epoch 35
2025-12-09 03:29:33.132680: Current learning rate: 0.00894
2025-12-09 03:30:25.739604: train_loss 0.6236
2025-12-09 03:30:25.744242: val_loss 0.9295
2025-12-09 03:30:25.747036: val classification accuracy 0.5784
2025-12-09 03:30:25.749540: val auc 0.5998
2025-12-09 03:30:25.753093: Epoch time: 52.61 s
2025-12-09 03:30:26.557597: 
2025-12-09 03:30:26.560749: Epoch 36
2025-12-09 03:30:26.562958: Current learning rate: 0.00891
2025-12-09 03:31:18.342746: train_loss 0.6406
2025-12-09 03:31:18.348401: val_loss 1.0562
2025-12-09 03:31:18.351728: val classification accuracy 0.5784
2025-12-09 03:31:18.384240: val auc 0.5235
2025-12-09 03:31:18.408211: Epoch time: 51.79 s
2025-12-09 03:31:19.154488: 
2025-12-09 03:31:19.158034: Epoch 37
2025-12-09 03:31:19.160618: Current learning rate: 0.00888
2025-12-09 03:32:10.119971: train_loss 0.6605
2025-12-09 03:32:10.125902: val_loss 0.802
2025-12-09 03:32:10.128520: val classification accuracy 0.5784
2025-12-09 03:32:10.131315: val auc 0.5631
2025-12-09 03:32:10.133956: Epoch time: 50.97 s
2025-12-09 03:32:10.892966: 
2025-12-09 03:32:10.896599: Epoch 38
2025-12-09 03:32:10.899075: Current learning rate: 0.00885
2025-12-09 03:33:01.641287: train_loss 0.6585
2025-12-09 03:33:01.670854: val_loss 0.6885
2025-12-09 03:33:01.673979: val classification accuracy 0.5784
2025-12-09 03:33:01.677316: val auc 0.6101
2025-12-09 03:33:01.680667: Epoch time: 50.75 s
2025-12-09 03:33:02.524765: 
2025-12-09 03:33:02.528420: Epoch 39
2025-12-09 03:33:02.530865: Current learning rate: 0.00882
2025-12-09 03:33:50.125076: train_loss 0.6352
2025-12-09 03:33:50.130991: val_loss 1.0147
2025-12-09 03:33:50.133948: val classification accuracy 0.549
2025-12-09 03:33:50.137107: val auc 0.5327
2025-12-09 03:33:50.140411: Epoch time: 47.6 s
2025-12-09 03:33:50.927245: 
2025-12-09 03:33:50.930336: Epoch 40
2025-12-09 03:33:50.932750: Current learning rate: 0.00879
2025-12-09 03:34:44.666060: train_loss 0.6402
2025-12-09 03:34:44.670483: val_loss 0.8121
2025-12-09 03:34:44.673487: val classification accuracy 0.598
2025-12-09 03:34:44.676477: val auc 0.6113
2025-12-09 03:34:44.679386: Epoch time: 53.74 s
2025-12-09 03:34:45.458150: 
2025-12-09 03:34:45.462217: Epoch 41
2025-12-09 03:34:45.464698: Current learning rate: 0.00876
2025-12-09 03:35:40.058681: train_loss 0.6396
2025-12-09 03:35:40.063796: val_loss 0.742
2025-12-09 03:35:40.066591: val classification accuracy 0.5098
2025-12-09 03:35:40.069769: val auc 0.5817
2025-12-09 03:35:40.072137: Epoch time: 54.6 s
2025-12-09 03:35:40.904305: 
2025-12-09 03:35:40.907954: Epoch 42
2025-12-09 03:35:40.910440: Current learning rate: 0.00873
2025-12-09 03:36:33.554969: train_loss 0.6386
2025-12-09 03:36:33.585607: val_loss 0.7013
2025-12-09 03:36:33.589027: val classification accuracy 0.549
2025-12-09 03:36:33.609933: val auc 0.6399
2025-12-09 03:36:33.623583: Epoch time: 52.65 s
2025-12-09 03:36:34.495233: 
2025-12-09 03:36:34.498548: Epoch 43
2025-12-09 03:36:34.501290: Current learning rate: 0.0087
2025-12-09 03:37:25.280969: train_loss 0.6269
2025-12-09 03:37:25.286041: val_loss 0.8732
2025-12-09 03:37:25.289452: val classification accuracy 0.4608
2025-12-09 03:37:25.292694: val auc 0.4567
2025-12-09 03:37:25.295985: Epoch time: 50.79 s
2025-12-09 03:37:26.101341: 
2025-12-09 03:37:26.104610: Epoch 44
2025-12-09 03:37:26.107019: Current learning rate: 0.00867
2025-12-09 03:38:21.737531: train_loss 0.6085
2025-12-09 03:38:21.743431: val_loss 1.0202
2025-12-09 03:38:21.764164: val classification accuracy 0.5294
2025-12-09 03:38:21.767169: val auc 0.5185
2025-12-09 03:38:21.769590: Epoch time: 55.64 s
2025-12-09 03:38:22.558949: 
2025-12-09 03:38:22.562112: Epoch 45
2025-12-09 03:38:22.564606: Current learning rate: 0.00864
2025-12-09 03:39:14.822316: train_loss 0.6496
2025-12-09 03:39:14.831841: val_loss 0.9221
2025-12-09 03:39:14.853043: val classification accuracy 0.5196
2025-12-09 03:39:14.856252: val auc 0.5217
2025-12-09 03:39:14.859825: Epoch time: 52.26 s
2025-12-09 03:39:15.632563: 
2025-12-09 03:39:15.635961: Epoch 46
2025-12-09 03:39:15.638136: Current learning rate: 0.00861
2025-12-09 03:40:09.501722: train_loss 0.6645
2025-12-09 03:40:09.506573: val_loss 0.6689
2025-12-09 03:40:09.509410: val classification accuracy 0.6373
2025-12-09 03:40:09.512735: val auc 0.6657
2025-12-09 03:40:09.518142: Epoch time: 53.87 s
2025-12-09 03:40:10.288646: 
2025-12-09 03:40:10.292042: Epoch 47
2025-12-09 03:40:10.294243: Current learning rate: 0.00858
2025-12-09 03:41:00.233565: train_loss 0.6349
2025-12-09 03:41:00.238954: val_loss 0.7206
2025-12-09 03:41:00.241858: val classification accuracy 0.549
2025-12-09 03:41:00.244834: val auc 0.5917
2025-12-09 03:41:00.247667: Epoch time: 49.95 s
2025-12-09 03:41:01.044323: 
2025-12-09 03:41:01.047684: Epoch 48
2025-12-09 03:41:01.050105: Current learning rate: 0.00855
2025-12-09 03:41:53.689807: train_loss 0.6113
2025-12-09 03:41:53.694429: val_loss 0.7657
2025-12-09 03:41:53.697398: val classification accuracy 0.598
2025-12-09 03:41:53.700241: val auc 0.5707
2025-12-09 03:41:53.702958: Epoch time: 52.65 s
2025-12-09 03:41:54.484763: 
2025-12-09 03:41:54.488406: Epoch 49
2025-12-09 03:41:54.490890: Current learning rate: 0.00852
2025-12-09 03:42:48.297351: train_loss 0.6441
2025-12-09 03:42:48.338378: val_loss 0.7135
2025-12-09 03:42:48.343685: val classification accuracy 0.5784
2025-12-09 03:42:48.346267: val auc 0.5923
2025-12-09 03:42:48.348612: Epoch time: 53.81 s
2025-12-09 03:42:49.189172: 
2025-12-09 03:42:49.193092: Epoch 50
2025-12-09 03:42:49.195634: Current learning rate: 0.00849
2025-12-09 03:43:42.239336: train_loss 0.5975
2025-12-09 03:43:42.243867: val_loss 0.9576
2025-12-09 03:43:42.314444: val classification accuracy 0.5784
2025-12-09 03:43:42.321225: val auc 0.5725
2025-12-09 03:43:42.324124: Epoch time: 53.05 s
2025-12-09 03:43:43.093605: 
2025-12-09 03:43:43.097113: Epoch 51
2025-12-09 03:43:43.099462: Current learning rate: 0.00846
2025-12-09 03:44:35.648700: train_loss 0.67
2025-12-09 03:44:35.674091: val_loss 0.6071
2025-12-09 03:44:35.677124: val classification accuracy 0.7059
2025-12-09 03:44:35.680671: val auc 0.7672
2025-12-09 03:44:35.684800: Epoch time: 52.56 s
2025-12-09 03:44:35.687579: Yayy! New best EMA pseudo Dice: 0.7672
2025-12-09 03:44:38.436628: Yayy! New best classification accuracy: 0.7059
2025-12-09 03:44:41.176691: 
2025-12-09 03:44:41.180047: Epoch 52
2025-12-09 03:44:41.182451: Current learning rate: 0.00843
2025-12-09 03:45:33.780413: train_loss 0.6564
2025-12-09 03:45:33.785246: val_loss 0.7135
2025-12-09 03:45:33.788201: val classification accuracy 0.5196
2025-12-09 03:45:33.791116: val auc 0.5136
2025-12-09 03:45:33.794169: Epoch time: 52.61 s
2025-12-09 03:45:34.602494: 
2025-12-09 03:45:34.605836: Epoch 53
2025-12-09 03:45:34.608309: Current learning rate: 0.00839
2025-12-09 03:46:29.616271: train_loss 0.6168
2025-12-09 03:46:29.622395: val_loss 0.8264
2025-12-09 03:46:29.625514: val classification accuracy 0.4804
2025-12-09 03:46:29.628635: val auc 0.5621
2025-12-09 03:46:29.631461: Epoch time: 55.02 s
2025-12-09 03:46:30.422413: 
2025-12-09 03:46:30.425511: Epoch 54
2025-12-09 03:46:30.427857: Current learning rate: 0.00836
2025-12-09 03:47:27.143078: train_loss 0.6215
2025-12-09 03:47:27.147811: val_loss 0.7269
2025-12-09 03:47:27.150758: val classification accuracy 0.5686
2025-12-09 03:47:27.156729: val auc 0.6036
2025-12-09 03:47:27.159421: Epoch time: 56.72 s
2025-12-09 03:47:27.944915: 
2025-12-09 03:47:27.948451: Epoch 55
2025-12-09 03:47:27.950916: Current learning rate: 0.00833
2025-12-09 03:48:23.509156: train_loss 0.6219
2025-12-09 03:48:23.513955: val_loss 0.7153
2025-12-09 03:48:23.517111: val classification accuracy 0.6078
2025-12-09 03:48:23.520051: val auc 0.6384
2025-12-09 03:48:23.523016: Epoch time: 55.57 s
2025-12-09 03:48:24.323284: 
2025-12-09 03:48:24.326678: Epoch 56
2025-12-09 03:48:24.329202: Current learning rate: 0.0083
2025-12-09 03:49:16.043348: train_loss 0.655
2025-12-09 03:49:16.047179: val_loss 0.6993
2025-12-09 03:49:16.049761: val classification accuracy 0.6471
2025-12-09 03:49:16.052312: val auc 0.6002
2025-12-09 03:49:16.055102: Epoch time: 51.72 s
2025-12-09 03:49:16.812811: 
2025-12-09 03:49:16.816107: Epoch 57
2025-12-09 03:49:16.818502: Current learning rate: 0.00827
2025-12-09 03:50:07.168779: train_loss 0.6037
2025-12-09 03:50:07.186620: val_loss 0.8288
2025-12-09 03:50:07.189999: val classification accuracy 0.5392
2025-12-09 03:50:07.193470: val auc 0.6424
2025-12-09 03:50:07.196441: Epoch time: 50.36 s
2025-12-09 03:50:07.957531: 
2025-12-09 03:50:07.960801: Epoch 58
2025-12-09 03:50:07.963368: Current learning rate: 0.00824
2025-12-09 03:50:58.064832: train_loss 0.619
2025-12-09 03:50:58.074006: val_loss 0.6154
2025-12-09 03:50:58.077546: val classification accuracy 0.6961
2025-12-09 03:50:58.080894: val auc 0.7597
2025-12-09 03:50:58.084724: Epoch time: 50.11 s
2025-12-09 03:50:58.844969: 
2025-12-09 03:50:58.849119: Epoch 59
2025-12-09 03:50:58.851719: Current learning rate: 0.00821
2025-12-09 03:51:49.296434: train_loss 0.6476
2025-12-09 03:51:49.312396: val_loss 0.7469
2025-12-09 03:51:49.316499: val classification accuracy 0.5294
2025-12-09 03:51:49.321568: val auc 0.6107
2025-12-09 03:51:49.325046: Epoch time: 50.45 s
2025-12-09 03:51:50.105855: 
2025-12-09 03:51:50.109938: Epoch 60
2025-12-09 03:51:50.112520: Current learning rate: 0.00818
2025-12-09 03:52:43.303444: train_loss 0.6089
2025-12-09 03:52:43.308488: val_loss 0.845
2025-12-09 03:52:43.312258: val classification accuracy 0.549
2025-12-09 03:52:43.315689: val auc 0.603
2025-12-09 03:52:43.319247: Epoch time: 53.2 s
2025-12-09 03:52:44.214285: 
2025-12-09 03:52:44.217899: Epoch 61
2025-12-09 03:52:44.220454: Current learning rate: 0.00815
2025-12-09 03:53:37.315601: train_loss 0.5766
2025-12-09 03:53:37.320852: val_loss 0.7459
2025-12-09 03:53:37.325179: val classification accuracy 0.6176
2025-12-09 03:53:37.362745: val auc 0.7157
2025-12-09 03:53:37.372675: Epoch time: 53.1 s
2025-12-09 03:53:38.834945: 
2025-12-09 03:53:38.844015: Epoch 62
2025-12-09 03:53:38.851429: Current learning rate: 0.00812
2025-12-09 03:54:29.291996: train_loss 0.645
2025-12-09 03:54:29.317135: val_loss 0.7513
2025-12-09 03:54:29.321430: val classification accuracy 0.5784
2025-12-09 03:54:29.324754: val auc 0.5619
2025-12-09 03:54:29.327724: Epoch time: 50.46 s
2025-12-09 03:54:30.133833: 
2025-12-09 03:54:30.137124: Epoch 63
2025-12-09 03:54:30.139663: Current learning rate: 0.00809
2025-12-09 03:55:23.251294: train_loss 0.5699
2025-12-09 03:55:23.262844: val_loss 0.7434
2025-12-09 03:55:23.266448: val classification accuracy 0.549
2025-12-09 03:55:23.270083: val auc 0.6153
2025-12-09 03:55:23.273504: Epoch time: 53.12 s
2025-12-09 03:55:24.078148: 
2025-12-09 03:55:24.081525: Epoch 64
2025-12-09 03:55:24.084014: Current learning rate: 0.00806
2025-12-09 03:56:15.892454: train_loss 0.5965
2025-12-09 03:56:15.897251: val_loss 0.7702
2025-12-09 03:56:15.900397: val classification accuracy 0.549
2025-12-09 03:56:15.903493: val auc 0.5425
2025-12-09 03:56:15.906497: Epoch time: 51.82 s
2025-12-09 03:56:16.672022: 
2025-12-09 03:56:16.675591: Epoch 65
2025-12-09 03:56:16.678214: Current learning rate: 0.00803
2025-12-09 03:57:08.120714: train_loss 0.6177
2025-12-09 03:57:08.133292: val_loss 0.7662
2025-12-09 03:57:08.137101: val classification accuracy 0.598
2025-12-09 03:57:08.140152: val auc 0.6413
2025-12-09 03:57:08.143165: Epoch time: 51.45 s
2025-12-09 03:57:09.030858: 
2025-12-09 03:57:09.034297: Epoch 66
2025-12-09 03:57:09.036787: Current learning rate: 0.008
2025-12-09 03:57:59.994217: train_loss 0.5837
2025-12-09 03:57:59.998747: val_loss 1.6168
2025-12-09 03:58:00.001734: val classification accuracy 0.6373
2025-12-09 03:58:00.004345: val auc 0.7013
2025-12-09 03:58:00.007221: Epoch time: 50.96 s
2025-12-09 03:58:00.820764: 
2025-12-09 03:58:00.823930: Epoch 67
2025-12-09 03:58:00.826410: Current learning rate: 0.00797
2025-12-09 03:58:52.765473: train_loss 0.6654
2025-12-09 03:58:52.776258: val_loss 0.965
2025-12-09 03:58:52.779716: val classification accuracy 0.4804
2025-12-09 03:58:52.806050: val auc 0.4596
2025-12-09 03:58:52.811772: Epoch time: 51.95 s
2025-12-09 03:58:53.635260: 
2025-12-09 03:58:53.639293: Epoch 68
2025-12-09 03:58:53.642312: Current learning rate: 0.00793
2025-12-09 03:59:44.579723: train_loss 0.6468
2025-12-09 03:59:44.586759: val_loss 0.6214
2025-12-09 03:59:44.590314: val classification accuracy 0.6667
2025-12-09 03:59:44.594029: val auc 0.7238
2025-12-09 03:59:44.597612: Epoch time: 50.95 s
2025-12-09 03:59:45.386176: 
2025-12-09 03:59:45.389586: Epoch 69
2025-12-09 03:59:45.392212: Current learning rate: 0.0079
2025-12-09 04:00:38.557816: train_loss 0.6169
2025-12-09 04:00:38.561971: val_loss 1.0326
2025-12-09 04:00:38.565091: val classification accuracy 0.5686
2025-12-09 04:00:38.568066: val auc 0.5667
2025-12-09 04:00:38.571285: Epoch time: 53.17 s
2025-12-09 04:00:39.354198: 
2025-12-09 04:00:39.357626: Epoch 70
2025-12-09 04:00:39.360218: Current learning rate: 0.00787
2025-12-09 04:01:31.936664: train_loss 0.6548
2025-12-09 04:01:31.943413: val_loss 0.6774
2025-12-09 04:01:31.946655: val classification accuracy 0.6275
2025-12-09 04:01:31.949539: val auc 0.6555
2025-12-09 04:01:31.952461: Epoch time: 52.58 s
2025-12-09 04:01:32.719688: 
2025-12-09 04:01:32.723012: Epoch 71
2025-12-09 04:01:32.725413: Current learning rate: 0.00784
2025-12-09 04:02:23.964121: train_loss 0.6547
2025-12-09 04:02:23.970067: val_loss 0.8391
2025-12-09 04:02:23.973441: val classification accuracy 0.4412
2025-12-09 04:02:23.976752: val auc 0.5046
2025-12-09 04:02:23.980012: Epoch time: 51.25 s
2025-12-09 04:02:24.792774: 
2025-12-09 04:02:24.796583: Epoch 72
2025-12-09 04:02:24.799605: Current learning rate: 0.00781
2025-12-09 04:03:22.418638: train_loss 0.5736
2025-12-09 04:03:22.423005: val_loss 0.7214
2025-12-09 04:03:22.425960: val classification accuracy 0.6275
2025-12-09 04:03:22.429072: val auc 0.6426
2025-12-09 04:03:22.431953: Epoch time: 57.63 s
2025-12-09 04:03:23.210132: 
2025-12-09 04:03:23.213380: Epoch 73
2025-12-09 04:03:23.215864: Current learning rate: 0.00778
2025-12-09 04:04:12.327349: train_loss 0.5841
2025-12-09 04:04:12.334298: val_loss 0.7633
2025-12-09 04:04:12.337944: val classification accuracy 0.5588
2025-12-09 04:04:12.341410: val auc 0.6459
2025-12-09 04:04:12.351494: Epoch time: 49.12 s
2025-12-09 04:04:13.137113: 
2025-12-09 04:04:13.140467: Epoch 74
2025-12-09 04:04:13.143033: Current learning rate: 0.00775
2025-12-09 04:05:04.889284: train_loss 0.6149
2025-12-09 04:05:04.893464: val_loss 0.7027
2025-12-09 04:05:04.925051: val classification accuracy 0.549
2025-12-09 04:05:04.928708: val auc 0.6069
2025-12-09 04:05:04.932014: Epoch time: 51.75 s
2025-12-09 04:05:06.472672: 
2025-12-09 04:05:06.476286: Epoch 75
2025-12-09 04:05:06.478941: Current learning rate: 0.00772
2025-12-09 04:05:57.796585: train_loss 0.5904
2025-12-09 04:05:57.810122: val_loss 0.7864
2025-12-09 04:05:57.813623: val classification accuracy 0.5784
2025-12-09 04:05:57.816777: val auc 0.6328
2025-12-09 04:05:57.819887: Epoch time: 51.33 s
2025-12-09 04:05:58.610618: 
2025-12-09 04:05:58.614447: Epoch 76
2025-12-09 04:05:58.617279: Current learning rate: 0.00769
2025-12-09 04:06:50.410047: train_loss 0.6215
2025-12-09 04:06:50.416166: val_loss 0.755
2025-12-09 04:06:50.419352: val classification accuracy 0.549
2025-12-09 04:06:50.422376: val auc 0.5977
2025-12-09 04:06:50.425247: Epoch time: 51.8 s
2025-12-09 04:06:51.239528: 
2025-12-09 04:06:51.242714: Epoch 77
2025-12-09 04:06:51.245218: Current learning rate: 0.00766
2025-12-09 04:07:41.476696: train_loss 0.635
2025-12-09 04:07:41.500125: val_loss 0.6434
2025-12-09 04:07:41.503587: val classification accuracy 0.6471
2025-12-09 04:07:41.516306: val auc 0.7132
2025-12-09 04:07:41.519629: Epoch time: 50.24 s
2025-12-09 04:07:42.347836: 
2025-12-09 04:07:42.351433: Epoch 78
2025-12-09 04:07:42.354056: Current learning rate: 0.00763
2025-12-09 04:08:32.748544: train_loss 0.6141
2025-12-09 04:08:32.754540: val_loss 0.7548
2025-12-09 04:08:32.758452: val classification accuracy 0.5686
2025-12-09 04:08:32.762604: val auc 0.5777
2025-12-09 04:08:32.766245: Epoch time: 50.4 s
2025-12-09 04:08:33.577320: 
2025-12-09 04:08:33.580885: Epoch 79
2025-12-09 04:08:33.583643: Current learning rate: 0.0076
2025-12-09 04:09:24.976339: train_loss 0.6026
2025-12-09 04:09:24.995036: val_loss 0.7182
2025-12-09 04:09:25.005414: val classification accuracy 0.598
2025-12-09 04:09:25.008970: val auc 0.6521
2025-12-09 04:09:25.012275: Epoch time: 51.4 s
2025-12-09 04:09:27.683476: Saved periodic checkpoint /hpf/projects/jquon/sumin/nnUNet_data/nnUNet_results/Dataset003_AVM_T1+C/SEResNetTrainer_ep300_NoMirroring__nnUNetResEncUNetLPlans__3d_fullres/fold_1/checkpoint_every20_best_balacc.pth at epoch 79 with val_balanced_accuracy=0.5980
2025-12-09 04:09:28.400991: 
2025-12-09 04:09:28.404244: Epoch 80
2025-12-09 04:09:28.406907: Current learning rate: 0.00756
2025-12-09 04:10:20.384835: train_loss 0.5886
2025-12-09 04:10:20.393132: val_loss 0.7502
2025-12-09 04:10:20.399420: val classification accuracy 0.5196
2025-12-09 04:10:20.403651: val auc 0.5805
2025-12-09 04:10:20.407248: Epoch time: 51.99 s
2025-12-09 04:10:21.196534: 
2025-12-09 04:10:21.200063: Epoch 81
2025-12-09 04:10:21.202678: Current learning rate: 0.00753
2025-12-09 04:11:13.242552: train_loss 0.6169
2025-12-09 04:11:13.247751: val_loss 0.7583
2025-12-09 04:11:13.250617: val classification accuracy 0.5588
2025-12-09 04:11:13.253234: val auc 0.593
2025-12-09 04:11:13.256047: Epoch time: 52.05 s
2025-12-09 04:11:14.198051: 
2025-12-09 04:11:14.201687: Epoch 82
2025-12-09 04:11:14.204420: Current learning rate: 0.0075
2025-12-09 04:12:08.559355: train_loss 0.6139
2025-12-09 04:12:08.564743: val_loss 0.798
2025-12-09 04:12:08.567942: val classification accuracy 0.5
2025-12-09 04:12:08.570753: val auc 0.5433
2025-12-09 04:12:08.573681: Epoch time: 54.36 s
2025-12-09 04:12:09.320888: 
2025-12-09 04:12:09.324342: Epoch 83
2025-12-09 04:12:09.326920: Current learning rate: 0.00747
2025-12-09 04:13:00.893681: train_loss 0.6279
2025-12-09 04:13:00.898329: val_loss 0.773
2025-12-09 04:13:00.901619: val classification accuracy 0.5
2025-12-09 04:13:00.905380: val auc 0.5481
2025-12-09 04:13:00.908504: Epoch time: 51.57 s
2025-12-09 04:13:01.707368: 
2025-12-09 04:13:01.711167: Epoch 84
2025-12-09 04:13:01.713596: Current learning rate: 0.00744
2025-12-09 04:13:53.452275: train_loss 0.613
2025-12-09 04:13:53.462144: val_loss 0.7189
2025-12-09 04:13:53.465089: val classification accuracy 0.5882
2025-12-09 04:13:53.468169: val auc 0.599
2025-12-09 04:13:53.471057: Epoch time: 51.75 s
2025-12-09 04:13:54.392648: 
2025-12-09 04:13:54.396417: Epoch 85
2025-12-09 04:13:54.399187: Current learning rate: 0.00741
2025-12-09 04:14:46.416440: train_loss 0.5515
2025-12-09 04:14:46.422081: val_loss 0.8692
2025-12-09 04:14:46.424891: val classification accuracy 0.5392
2025-12-09 04:14:46.427738: val auc 0.5527
2025-12-09 04:14:46.430625: Epoch time: 52.03 s
2025-12-09 04:14:47.274911: 
2025-12-09 04:14:47.278603: Epoch 86
2025-12-09 04:14:47.281796: Current learning rate: 0.00738
2025-12-09 04:15:37.497281: train_loss 0.6003
2025-12-09 04:15:37.510479: val_loss 0.8602
2025-12-09 04:15:37.513759: val classification accuracy 0.4804
2025-12-09 04:15:37.516757: val auc 0.485
2025-12-09 04:15:37.519793: Epoch time: 50.22 s
2025-12-09 04:15:38.280181: 
2025-12-09 04:15:38.283805: Epoch 87
2025-12-09 04:15:38.286373: Current learning rate: 0.00735
2025-12-09 04:16:30.727371: train_loss 0.5601
2025-12-09 04:16:30.731948: val_loss 0.7796
2025-12-09 04:16:30.734984: val classification accuracy 0.4608
2025-12-09 04:16:30.737795: val auc 0.6476
2025-12-09 04:16:30.740984: Epoch time: 52.45 s
2025-12-09 04:16:31.500660: 
2025-12-09 04:16:31.503990: Epoch 88
2025-12-09 04:16:31.506687: Current learning rate: 0.00732
2025-12-09 04:17:20.796663: train_loss 0.6096
2025-12-09 04:17:20.831417: val_loss 0.8601
2025-12-09 04:17:20.835199: val classification accuracy 0.4314
2025-12-09 04:17:20.838366: val auc 0.4756
2025-12-09 04:17:20.841450: Epoch time: 49.3 s
2025-12-09 04:17:21.655774: 
2025-12-09 04:17:21.659490: Epoch 89
2025-12-09 04:17:21.661870: Current learning rate: 0.00729
2025-12-09 04:18:15.822705: train_loss 0.5508
2025-12-09 04:18:15.826654: val_loss 0.7914
2025-12-09 04:18:15.829238: val classification accuracy 0.5588
2025-12-09 04:18:15.831751: val auc 0.648
2025-12-09 04:18:15.834770: Epoch time: 54.17 s
2025-12-09 04:18:16.623055: 
2025-12-09 04:18:16.626487: Epoch 90
2025-12-09 04:18:16.629443: Current learning rate: 0.00725
2025-12-09 04:19:08.415297: train_loss 0.5833
2025-12-09 04:19:08.420997: val_loss 0.843
2025-12-09 04:19:08.424339: val classification accuracy 0.4902
2025-12-09 04:19:08.427466: val auc 0.5761
2025-12-09 04:19:08.430359: Epoch time: 51.79 s
2025-12-09 04:19:09.257980: 
2025-12-09 04:19:09.261662: Epoch 91
2025-12-09 04:19:09.264214: Current learning rate: 0.00722
2025-12-09 04:20:01.906436: train_loss 0.6003
2025-12-09 04:20:01.911472: val_loss 0.6962
2025-12-09 04:20:01.914362: val classification accuracy 0.6078
2025-12-09 04:20:01.917288: val auc 0.687
2025-12-09 04:20:01.919902: Epoch time: 52.65 s
2025-12-09 04:20:02.689736: 
2025-12-09 04:20:02.693125: Epoch 92
2025-12-09 04:20:02.695666: Current learning rate: 0.00719
2025-12-09 04:20:57.181574: train_loss 0.6015
2025-12-09 04:20:57.185747: val_loss 0.7596
2025-12-09 04:20:57.188691: val classification accuracy 0.6176
2025-12-09 04:20:57.191693: val auc 0.6371
2025-12-09 04:20:57.194636: Epoch time: 54.49 s
2025-12-09 04:20:57.984544: 
2025-12-09 04:20:57.988935: Epoch 93
2025-12-09 04:20:57.992038: Current learning rate: 0.00716
2025-12-09 04:21:49.560290: train_loss 0.5723
2025-12-09 04:21:49.566801: val_loss 0.6818
2025-12-09 04:21:49.570305: val classification accuracy 0.598
2025-12-09 04:21:49.573324: val auc 0.6824
2025-12-09 04:21:49.576418: Epoch time: 51.58 s
2025-12-09 04:21:50.366826: 
2025-12-09 04:21:50.370612: Epoch 94
2025-12-09 04:21:50.373150: Current learning rate: 0.00713
2025-12-09 04:22:44.481330: train_loss 0.5838
2025-12-09 04:22:44.511421: val_loss 0.9111
2025-12-09 04:22:44.515294: val classification accuracy 0.6569
2025-12-09 04:22:44.518849: val auc 0.6449
2025-12-09 04:22:44.522230: Epoch time: 54.12 s
2025-12-09 04:22:45.353161: 
2025-12-09 04:22:45.357202: Epoch 95
2025-12-09 04:22:45.360099: Current learning rate: 0.0071
2025-12-09 04:23:39.680067: train_loss 0.5691
2025-12-09 04:23:39.684734: val_loss 0.679
2025-12-09 04:23:39.687756: val classification accuracy 0.6078
2025-12-09 04:23:39.690814: val auc 0.6446
2025-12-09 04:23:39.693598: Epoch time: 54.33 s
2025-12-09 04:23:40.465159: 
2025-12-09 04:23:40.468760: Epoch 96
2025-12-09 04:23:40.471203: Current learning rate: 0.00707
2025-12-09 04:24:34.053709: train_loss 0.5798
2025-12-09 04:24:34.083002: val_loss 0.8719
2025-12-09 04:24:34.087768: val classification accuracy 0.5294
2025-12-09 04:24:34.091837: val auc 0.5281
2025-12-09 04:24:34.099638: Epoch time: 53.59 s
2025-12-09 04:24:35.076496: 
2025-12-09 04:24:35.080646: Epoch 97
2025-12-09 04:24:35.083359: Current learning rate: 0.00704
2025-12-09 04:25:31.956377: train_loss 0.6093
2025-12-09 04:25:31.975010: val_loss 0.8284
2025-12-09 04:25:31.995971: val classification accuracy 0.5098
2025-12-09 04:25:31.999319: val auc 0.4873
2025-12-09 04:25:32.003068: Epoch time: 56.88 s
2025-12-09 04:25:32.815951: 
2025-12-09 04:25:32.819763: Epoch 98
2025-12-09 04:25:32.822645: Current learning rate: 0.007
2025-12-09 04:26:26.574984: train_loss 0.6721
2025-12-09 04:26:26.581030: val_loss 0.7365
2025-12-09 04:26:26.584797: val classification accuracy 0.4902
2025-12-09 04:26:26.597594: val auc 0.451
2025-12-09 04:26:26.600747: Epoch time: 53.76 s
2025-12-09 04:26:27.383826: 
2025-12-09 04:26:27.387716: Epoch 99
2025-12-09 04:26:27.390431: Current learning rate: 0.00697
2025-12-09 04:27:22.014759: train_loss 0.5926
2025-12-09 04:27:22.020886: val_loss 0.8074
2025-12-09 04:27:22.027862: val classification accuracy 0.5784
2025-12-09 04:27:22.031164: val auc 0.5986
2025-12-09 04:27:22.034194: Epoch time: 54.63 s
2025-12-09 04:27:22.831132: 
2025-12-09 04:27:22.834252: Epoch 100
2025-12-09 04:27:22.836475: Current learning rate: 0.00694
2025-12-09 04:28:19.451581: train_loss 0.553
2025-12-09 04:28:19.456962: val_loss 0.9034
2025-12-09 04:28:19.460239: val classification accuracy 0.598
2025-12-09 04:28:19.463211: val auc 0.5698
2025-12-09 04:28:19.466688: Epoch time: 56.62 s
2025-12-09 04:28:20.216327: 
2025-12-09 04:28:20.219717: Epoch 101
2025-12-09 04:28:20.222421: Current learning rate: 0.00691
2025-12-09 04:29:13.270229: train_loss 0.5685
2025-12-09 04:29:13.275515: val_loss 0.7256
2025-12-09 04:29:13.278395: val classification accuracy 0.6176
2025-12-09 04:29:13.281351: val auc 0.6651
2025-12-09 04:29:13.284137: Epoch time: 53.06 s
2025-12-09 04:29:14.673910: 
2025-12-09 04:29:14.677098: Epoch 102
2025-12-09 04:29:14.679581: Current learning rate: 0.00688
2025-12-09 04:30:05.227093: train_loss 0.5536
2025-12-09 04:30:05.231117: val_loss 0.9207
2025-12-09 04:30:05.234015: val classification accuracy 0.549
2025-12-09 04:30:05.236854: val auc 0.6513
2025-12-09 04:30:05.239503: Epoch time: 50.55 s
2025-12-09 04:30:06.063853: 
2025-12-09 04:30:06.067343: Epoch 103
2025-12-09 04:30:06.069911: Current learning rate: 0.00685
2025-12-09 04:30:53.548719: train_loss 0.5707
2025-12-09 04:30:53.571408: val_loss 0.7802
2025-12-09 04:30:53.574296: val classification accuracy 0.549
2025-12-09 04:30:53.577411: val auc 0.6284
2025-12-09 04:30:53.580113: Epoch time: 47.49 s
2025-12-09 04:30:54.326456: 
2025-12-09 04:30:54.330269: Epoch 104
2025-12-09 04:30:54.332809: Current learning rate: 0.00682
2025-12-09 04:31:45.219838: train_loss 0.5918
2025-12-09 04:31:45.224979: val_loss 0.8399
2025-12-09 04:31:45.228168: val classification accuracy 0.549
2025-12-09 04:31:45.231101: val auc 0.5575
2025-12-09 04:31:45.233821: Epoch time: 50.89 s
2025-12-09 04:31:46.025075: 
2025-12-09 04:31:46.028422: Epoch 105
2025-12-09 04:31:46.030914: Current learning rate: 0.00679
2025-12-09 04:32:36.693379: train_loss 0.5694
2025-12-09 04:32:36.698193: val_loss 0.7842
2025-12-09 04:32:36.701348: val classification accuracy 0.549
2025-12-09 04:32:36.704283: val auc 0.58
2025-12-09 04:32:36.707559: Epoch time: 50.67 s
2025-12-09 04:32:37.493913: 
2025-12-09 04:32:37.497601: Epoch 106
2025-12-09 04:32:37.500148: Current learning rate: 0.00675
2025-12-09 04:33:29.294386: train_loss 0.5154
2025-12-09 04:33:29.298898: val_loss 1.027
2025-12-09 04:33:29.302027: val classification accuracy 0.5588
2025-12-09 04:33:29.305016: val auc 0.6088
2025-12-09 04:33:29.307780: Epoch time: 51.8 s
2025-12-09 04:33:30.128304: 
2025-12-09 04:33:30.131758: Epoch 107
2025-12-09 04:33:30.134519: Current learning rate: 0.00672
2025-12-09 04:34:21.260619: train_loss 0.5378
2025-12-09 04:34:21.266577: val_loss 1.2489
2025-12-09 04:34:21.269832: val classification accuracy 0.3922
2025-12-09 04:34:21.295408: val auc 0.3895
2025-12-09 04:34:21.299383: Epoch time: 51.13 s
2025-12-09 04:34:22.086113: 
2025-12-09 04:34:22.090183: Epoch 108
2025-12-09 04:34:22.092955: Current learning rate: 0.00669
2025-12-09 04:35:12.628189: train_loss 0.5841
2025-12-09 04:35:12.632785: val_loss 0.7132
2025-12-09 04:35:12.636057: val classification accuracy 0.5882
2025-12-09 04:35:12.638953: val auc 0.6507
2025-12-09 04:35:12.641958: Epoch time: 50.54 s
2025-12-09 04:35:13.368626: 
2025-12-09 04:35:13.372310: Epoch 109
2025-12-09 04:35:13.374914: Current learning rate: 0.00666
2025-12-09 04:35:56.982728: train_loss 0.5484
2025-12-09 04:35:56.987089: val_loss 0.8912
2025-12-09 04:35:56.989986: val classification accuracy 0.5588
2025-12-09 04:35:56.992739: val auc 0.623
2025-12-09 04:35:56.995459: Epoch time: 43.62 s
2025-12-09 04:35:57.754047: 
2025-12-09 04:35:57.757464: Epoch 110
2025-12-09 04:35:57.759830: Current learning rate: 0.00663
2025-12-09 04:36:44.245667: train_loss 0.5475
2025-12-09 04:36:44.249544: val_loss 0.8587
2025-12-09 04:36:44.252189: val classification accuracy 0.6275
2025-12-09 04:36:44.254551: val auc 0.5967
2025-12-09 04:36:44.256916: Epoch time: 46.49 s
2025-12-09 04:36:45.040142: 
2025-12-09 04:36:45.043684: Epoch 111
2025-12-09 04:36:45.046398: Current learning rate: 0.0066
2025-12-09 04:37:31.472102: train_loss 0.5358
2025-12-09 04:37:31.487843: val_loss 0.8799
2025-12-09 04:37:31.494851: val classification accuracy 0.5294
2025-12-09 04:37:31.502852: val auc 0.5998
2025-12-09 04:37:31.505554: Epoch time: 46.43 s
2025-12-09 04:37:32.241400: 
2025-12-09 04:37:32.244748: Epoch 112
2025-12-09 04:37:32.247091: Current learning rate: 0.00657
2025-12-09 04:38:20.853936: train_loss 0.5863
2025-12-09 04:38:20.869496: val_loss 0.7143
2025-12-09 04:38:20.874974: val classification accuracy 0.4804
2025-12-09 04:38:20.889062: val auc 0.6
2025-12-09 04:38:20.897468: Epoch time: 48.61 s
2025-12-09 04:38:21.763956: 
2025-12-09 04:38:21.767305: Epoch 113
2025-12-09 04:38:21.770145: Current learning rate: 0.00654
2025-12-09 04:39:14.534256: train_loss 0.5712
2025-12-09 04:39:14.539010: val_loss 0.8201
2025-12-09 04:39:14.542188: val classification accuracy 0.549
2025-12-09 04:39:14.545199: val auc 0.649
2025-12-09 04:39:14.548185: Epoch time: 52.77 s
2025-12-09 04:39:15.312971: 
2025-12-09 04:39:15.316346: Epoch 114
2025-12-09 04:39:15.318742: Current learning rate: 0.0065
2025-12-09 04:40:08.833009: train_loss 0.5481
2025-12-09 04:40:08.854161: val_loss 0.7113
2025-12-09 04:40:08.875300: val classification accuracy 0.5882
2025-12-09 04:40:08.878924: val auc 0.694
2025-12-09 04:40:08.891230: Epoch time: 53.52 s
2025-12-09 04:40:09.744914: 
2025-12-09 04:40:09.748664: Epoch 115
2025-12-09 04:40:09.751322: Current learning rate: 0.00647
2025-12-09 04:41:03.691611: train_loss 0.6424
2025-12-09 04:41:03.697157: val_loss 0.7324
2025-12-09 04:41:03.700421: val classification accuracy 0.4804
2025-12-09 04:41:03.703432: val auc 0.545
2025-12-09 04:41:03.706211: Epoch time: 53.95 s
2025-12-09 04:41:04.492331: 
2025-12-09 04:41:04.495714: Epoch 116
2025-12-09 04:41:04.498396: Current learning rate: 0.00644
2025-12-09 04:41:57.072055: train_loss 0.5226
2025-12-09 04:41:57.081125: val_loss 1.0413
2025-12-09 04:41:57.084585: val classification accuracy 0.5784
2025-12-09 04:41:57.116676: val auc 0.6061
2025-12-09 04:41:57.119739: Epoch time: 52.58 s
2025-12-09 04:41:57.911535: 
2025-12-09 04:41:57.914945: Epoch 117
2025-12-09 04:41:57.917418: Current learning rate: 0.00641
2025-12-09 04:42:48.820214: train_loss 0.4958
2025-12-09 04:42:48.827541: val_loss 0.9018
2025-12-09 04:42:48.830714: val classification accuracy 0.5784
2025-12-09 04:42:48.834188: val auc 0.6355
2025-12-09 04:42:48.837510: Epoch time: 50.91 s
2025-12-09 04:42:49.633621: 
2025-12-09 04:42:49.637384: Epoch 118
2025-12-09 04:42:49.640126: Current learning rate: 0.00638
2025-12-09 04:43:39.540313: train_loss 0.6355
2025-12-09 04:43:39.544935: val_loss 0.8259
2025-12-09 04:43:39.547774: val classification accuracy 0.5392
2025-12-09 04:43:39.550508: val auc 0.5617
2025-12-09 04:43:39.553043: Epoch time: 49.91 s
2025-12-09 04:43:40.351349: 
2025-12-09 04:43:40.354768: Epoch 119
2025-12-09 04:43:40.357254: Current learning rate: 0.00635
2025-12-09 04:44:32.397417: train_loss 0.5908
2025-12-09 04:44:32.403043: val_loss 0.6866
2025-12-09 04:44:32.406252: val classification accuracy 0.598
2025-12-09 04:44:32.409436: val auc 0.6751
2025-12-09 04:44:32.412919: Epoch time: 52.05 s
2025-12-09 04:44:33.261256: 
2025-12-09 04:44:33.265093: Epoch 120
2025-12-09 04:44:33.267447: Current learning rate: 0.00631
2025-12-09 04:45:26.723649: train_loss 0.5502
2025-12-09 04:45:26.728704: val_loss 0.8443
2025-12-09 04:45:26.732018: val classification accuracy 0.4804
2025-12-09 04:45:26.735172: val auc 0.5625
2025-12-09 04:45:26.738502: Epoch time: 53.46 s
2025-12-09 04:45:27.542778: 
2025-12-09 04:45:27.546329: Epoch 121
2025-12-09 04:45:27.548783: Current learning rate: 0.00628
2025-12-09 04:46:20.967113: train_loss 0.5776
2025-12-09 04:46:20.971141: val_loss 0.934
2025-12-09 04:46:20.973825: val classification accuracy 0.4216
2025-12-09 04:46:20.976525: val auc 0.4602
2025-12-09 04:46:20.979334: Epoch time: 53.43 s
2025-12-09 04:46:21.721693: 
2025-12-09 04:46:21.724911: Epoch 122
2025-12-09 04:46:21.727370: Current learning rate: 0.00625
2025-12-09 04:47:12.011161: train_loss 0.575
2025-12-09 04:47:12.016067: val_loss 1.0897
2025-12-09 04:47:12.019190: val classification accuracy 0.451
2025-12-09 04:47:12.021987: val auc 0.4012
2025-12-09 04:47:12.025060: Epoch time: 50.29 s
2025-12-09 04:47:12.814945: 
2025-12-09 04:47:12.818327: Epoch 123
2025-12-09 04:47:12.820919: Current learning rate: 0.00622
2025-12-09 04:48:08.966645: train_loss 0.5399
2025-12-09 04:48:08.970811: val_loss 1.0377
2025-12-09 04:48:08.973769: val classification accuracy 0.4608
2025-12-09 04:48:08.976708: val auc 0.5198
2025-12-09 04:48:08.979277: Epoch time: 56.15 s
2025-12-09 04:48:09.716681: 
2025-12-09 04:48:09.720129: Epoch 124
2025-12-09 04:48:09.722648: Current learning rate: 0.00619
2025-12-09 04:49:03.718139: train_loss 0.5663
2025-12-09 04:49:03.738756: val_loss 0.865
2025-12-09 04:49:03.742751: val classification accuracy 0.5294
2025-12-09 04:49:03.746485: val auc 0.5884
2025-12-09 04:49:03.749678: Epoch time: 54.0 s
2025-12-09 04:49:04.531173: 
2025-12-09 04:49:04.534510: Epoch 125
2025-12-09 04:49:04.537191: Current learning rate: 0.00616
2025-12-09 04:49:58.424493: train_loss 0.62
2025-12-09 04:49:58.450987: val_loss 0.8148
2025-12-09 04:49:58.454057: val classification accuracy 0.5294
2025-12-09 04:49:58.457114: val auc 0.5686
2025-12-09 04:49:58.459999: Epoch time: 53.89 s
2025-12-09 04:49:59.240501: 
2025-12-09 04:49:59.243709: Epoch 126
2025-12-09 04:49:59.246114: Current learning rate: 0.00612
2025-12-09 04:50:55.554850: train_loss 0.6092
2025-12-09 04:50:55.559949: val_loss 0.6468
2025-12-09 04:50:55.563725: val classification accuracy 0.6275
2025-12-09 04:50:55.566907: val auc 0.7364
2025-12-09 04:50:55.570202: Epoch time: 56.32 s
2025-12-09 04:50:56.430283: 
2025-12-09 04:50:56.434565: Epoch 127
2025-12-09 04:50:56.438329: Current learning rate: 0.00609
2025-12-09 04:51:50.473046: train_loss 0.5767
2025-12-09 04:51:50.477756: val_loss 0.6997
2025-12-09 04:51:50.480520: val classification accuracy 0.549
2025-12-09 04:51:50.483575: val auc 0.6353
2025-12-09 04:51:50.486956: Epoch time: 54.04 s
2025-12-09 04:51:51.294242: 
2025-12-09 04:51:51.297572: Epoch 128
2025-12-09 04:51:51.300314: Current learning rate: 0.00606
2025-12-09 04:52:41.516414: train_loss 0.5341
2025-12-09 04:52:41.520976: val_loss 1.0169
2025-12-09 04:52:41.524200: val classification accuracy 0.4314
2025-12-09 04:52:41.527253: val auc 0.5094
2025-12-09 04:52:41.530153: Epoch time: 50.22 s
2025-12-09 04:52:43.041221: 
2025-12-09 04:52:43.045217: Epoch 129
2025-12-09 04:52:43.048742: Current learning rate: 0.00603
2025-12-09 04:53:33.385089: train_loss 0.6012
2025-12-09 04:53:33.447984: val_loss 0.7964
2025-12-09 04:53:33.452002: val classification accuracy 0.549
2025-12-09 04:53:33.455925: val auc 0.5044
2025-12-09 04:53:33.459275: Epoch time: 50.35 s
2025-12-09 04:53:34.234278: 
2025-12-09 04:53:34.238103: Epoch 130
2025-12-09 04:53:34.241165: Current learning rate: 0.006
2025-12-09 04:54:28.725762: train_loss 0.5528
2025-12-09 04:54:28.759995: val_loss 1.154
2025-12-09 04:54:28.763494: val classification accuracy 0.4804
2025-12-09 04:54:28.767106: val auc 0.4558
2025-12-09 04:54:28.771003: Epoch time: 54.49 s
2025-12-09 04:54:29.532746: 
2025-12-09 04:54:29.536596: Epoch 131
2025-12-09 04:54:29.539473: Current learning rate: 0.00597
2025-12-09 04:55:22.101017: train_loss 0.5074
2025-12-09 04:55:22.105336: val_loss 0.8065
2025-12-09 04:55:22.108628: val classification accuracy 0.5686
2025-12-09 04:55:22.111670: val auc 0.6236
2025-12-09 04:55:22.114439: Epoch time: 52.57 s
2025-12-09 04:55:22.986110: 
2025-12-09 04:55:22.989596: Epoch 132
2025-12-09 04:55:22.992148: Current learning rate: 0.00593
2025-12-09 04:56:14.035044: train_loss 0.5148
2025-12-09 04:56:14.039938: val_loss 0.8548
2025-12-09 04:56:14.043431: val classification accuracy 0.6373
2025-12-09 04:56:14.047201: val auc 0.6763
2025-12-09 04:56:14.051046: Epoch time: 51.05 s
2025-12-09 04:56:14.849682: 
2025-12-09 04:56:14.853175: Epoch 133
2025-12-09 04:56:14.855718: Current learning rate: 0.0059
2025-12-09 04:57:06.715804: train_loss 0.6008
2025-12-09 04:57:06.727476: val_loss 0.8198
2025-12-09 04:57:06.762534: val classification accuracy 0.5882
2025-12-09 04:57:06.766731: val auc 0.6528
2025-12-09 04:57:06.770007: Epoch time: 51.87 s
2025-12-09 04:57:07.600516: 
2025-12-09 04:57:07.604033: Epoch 134
2025-12-09 04:57:07.606661: Current learning rate: 0.00587
2025-12-09 04:57:57.350771: train_loss 0.594
2025-12-09 04:57:57.354769: val_loss 0.8012
2025-12-09 04:57:57.357811: val classification accuracy 0.5098
2025-12-09 04:57:57.360691: val auc 0.61
2025-12-09 04:57:57.363576: Epoch time: 49.75 s
2025-12-09 04:57:58.207660: 
2025-12-09 04:57:58.211001: Epoch 135
2025-12-09 04:57:58.213521: Current learning rate: 0.00584
2025-12-09 04:58:49.628001: train_loss 0.5892
2025-12-09 04:58:49.633794: val_loss 0.7689
2025-12-09 04:58:49.638129: val classification accuracy 0.6176
2025-12-09 04:58:49.641711: val auc 0.6446
2025-12-09 04:58:49.645081: Epoch time: 51.42 s
2025-12-09 04:58:50.410066: 
2025-12-09 04:58:50.413615: Epoch 136
2025-12-09 04:58:50.416432: Current learning rate: 0.00581
2025-12-09 04:59:39.126323: train_loss 0.5245
2025-12-09 04:59:39.130619: val_loss 0.8049
2025-12-09 04:59:39.133593: val classification accuracy 0.598
2025-12-09 04:59:39.136563: val auc 0.6549
2025-12-09 04:59:39.139627: Epoch time: 48.72 s
2025-12-09 04:59:39.924549: 
2025-12-09 04:59:39.927993: Epoch 137
2025-12-09 04:59:39.930619: Current learning rate: 0.00578
2025-12-09 05:00:31.059127: train_loss 0.5113
2025-12-09 05:00:31.089195: val_loss 0.9035
2025-12-09 05:00:31.094806: val classification accuracy 0.5588
2025-12-09 05:00:31.098182: val auc 0.5548
2025-12-09 05:00:31.101429: Epoch time: 51.14 s
2025-12-09 05:00:31.939080: 
2025-12-09 05:00:31.942269: Epoch 138
2025-12-09 05:00:31.944897: Current learning rate: 0.00574
2025-12-09 05:01:22.355272: train_loss 0.5612
2025-12-09 05:01:22.360252: val_loss 0.7714
2025-12-09 05:01:22.363422: val classification accuracy 0.6078
2025-12-09 05:01:22.366529: val auc 0.6413
2025-12-09 05:01:22.369448: Epoch time: 50.42 s
2025-12-09 05:01:23.131958: 
2025-12-09 05:01:23.135548: Epoch 139
2025-12-09 05:01:23.138062: Current learning rate: 0.00571
2025-12-09 05:02:18.573915: train_loss 0.484
2025-12-09 05:02:18.578683: val_loss 0.9017
2025-12-09 05:02:18.581761: val classification accuracy 0.5098
2025-12-09 05:02:18.584764: val auc 0.5627
2025-12-09 05:02:18.587639: Epoch time: 55.44 s
2025-12-09 05:02:19.339742: 
2025-12-09 05:02:19.343034: Epoch 140
2025-12-09 05:02:19.345616: Current learning rate: 0.00568
2025-12-09 05:03:12.427395: train_loss 0.5935
2025-12-09 05:03:12.447910: val_loss 0.8152
2025-12-09 05:03:12.459488: val classification accuracy 0.5686
2025-12-09 05:03:12.462677: val auc 0.6201
2025-12-09 05:03:12.466117: Epoch time: 53.09 s
2025-12-09 05:03:13.352393: 
2025-12-09 05:03:13.355861: Epoch 141
2025-12-09 05:03:13.358560: Current learning rate: 0.00565
2025-12-09 05:04:07.088897: train_loss 0.5194
2025-12-09 05:04:07.093451: val_loss 0.7418
2025-12-09 05:04:07.096451: val classification accuracy 0.6373
2025-12-09 05:04:07.099350: val auc 0.6424
2025-12-09 05:04:07.114090: Epoch time: 53.74 s
2025-12-09 05:04:07.940331: 
2025-12-09 05:04:07.943763: Epoch 142
2025-12-09 05:04:07.946139: Current learning rate: 0.00562
2025-12-09 05:05:01.039335: train_loss 0.54
2025-12-09 05:05:01.055560: val_loss 0.8025
2025-12-09 05:05:01.060847: val classification accuracy 0.5294
2025-12-09 05:05:01.063888: val auc 0.5975
2025-12-09 05:05:01.066796: Epoch time: 53.1 s
2025-12-09 05:05:02.753584: 
2025-12-09 05:05:02.757190: Epoch 143
2025-12-09 05:05:02.759972: Current learning rate: 0.00558
2025-12-09 05:05:58.597335: train_loss 0.49
2025-12-09 05:05:58.602074: val_loss 0.685
2025-12-09 05:05:58.605417: val classification accuracy 0.6373
2025-12-09 05:05:58.613358: val auc 0.714
2025-12-09 05:05:58.642463: Epoch time: 55.85 s
2025-12-09 05:05:59.643047: 
2025-12-09 05:05:59.647072: Epoch 144
2025-12-09 05:05:59.650095: Current learning rate: 0.00555
2025-12-09 05:06:53.020388: train_loss 0.5529
2025-12-09 05:06:53.024446: val_loss 0.8913
2025-12-09 05:06:53.027318: val classification accuracy 0.4902
2025-12-09 05:06:53.030670: val auc 0.5917
2025-12-09 05:06:53.033664: Epoch time: 53.38 s
2025-12-09 05:06:53.871641: 
2025-12-09 05:06:53.875289: Epoch 145
2025-12-09 05:06:53.878155: Current learning rate: 0.00552
2025-12-09 05:07:48.032361: train_loss 0.5635
2025-12-09 05:07:48.043952: val_loss 0.8109
2025-12-09 05:07:48.048279: val classification accuracy 0.5392
2025-12-09 05:07:48.052160: val auc 0.6144
2025-12-09 05:07:48.056048: Epoch time: 54.16 s
2025-12-09 05:07:48.892837: 
2025-12-09 05:07:48.896338: Epoch 146
2025-12-09 05:07:48.900185: Current learning rate: 0.00549
2025-12-09 05:08:43.468983: train_loss 0.5862
2025-12-09 05:08:43.474769: val_loss 0.6329
2025-12-09 05:08:43.478096: val classification accuracy 0.6373
2025-12-09 05:08:43.481816: val auc 0.7259
2025-12-09 05:08:43.485576: Epoch time: 54.58 s
2025-12-09 05:08:44.289402: 
2025-12-09 05:08:44.293349: Epoch 147
2025-12-09 05:08:44.296067: Current learning rate: 0.00546
2025-12-09 05:09:38.154781: train_loss 0.5302
2025-12-09 05:09:38.160105: val_loss 0.9016
2025-12-09 05:09:38.164055: val classification accuracy 0.5686
2025-12-09 05:09:38.167949: val auc 0.5675
2025-12-09 05:09:38.171551: Epoch time: 53.87 s
2025-12-09 05:09:38.983606: 
2025-12-09 05:09:38.987566: Epoch 148
2025-12-09 05:09:38.990655: Current learning rate: 0.00542
2025-12-09 05:10:31.194398: train_loss 0.4777
2025-12-09 05:10:31.199500: val_loss 0.8133
2025-12-09 05:10:31.204547: val classification accuracy 0.5392
2025-12-09 05:10:31.208872: val auc 0.6546
2025-12-09 05:10:31.212910: Epoch time: 52.21 s
2025-12-09 05:10:32.067932: 
2025-12-09 05:10:32.071947: Epoch 149
2025-12-09 05:10:32.074745: Current learning rate: 0.00539
2025-12-09 05:11:27.213502: train_loss 0.5063
2025-12-09 05:11:27.219072: val_loss 0.6971
2025-12-09 05:11:27.222283: val classification accuracy 0.6471
2025-12-09 05:11:27.230169: val auc 0.7418
2025-12-09 05:11:27.233779: Epoch time: 55.15 s
2025-12-09 05:11:28.014304: 
2025-12-09 05:11:28.017977: Epoch 150
2025-12-09 05:11:28.020531: Current learning rate: 0.00536
2025-12-09 05:12:18.822175: train_loss 0.4827
2025-12-09 05:12:18.828840: val_loss 0.6694
2025-12-09 05:12:18.832787: val classification accuracy 0.6863
2025-12-09 05:12:18.836285: val auc 0.7509
2025-12-09 05:12:18.839432: Epoch time: 50.81 s
2025-12-09 05:12:19.583464: 
2025-12-09 05:12:19.586926: Epoch 151
2025-12-09 05:12:19.589596: Current learning rate: 0.00533
2025-12-09 05:13:09.133129: train_loss 0.4932
2025-12-09 05:13:09.165015: val_loss 0.6623
2025-12-09 05:13:09.169030: val classification accuracy 0.7451
2025-12-09 05:13:09.172256: val auc 0.742
2025-12-09 05:13:09.178801: Epoch time: 49.55 s
2025-12-09 05:13:09.181392: Yayy! New best classification accuracy: 0.7451
2025-12-09 05:13:11.608773: Early stopping triggered at epoch 151. Best val_losses=0.6071
2025-12-09 05:13:12.413767: Stopping training early due to early stopping criterion.
2025-12-09 05:13:14.295820: Training done.
2025-12-09 05:13:14.354013: Skipping perform_actual_validation for classification trainer (segmentation-style sliding window is not applicable).
[1;34mwandb[0m: 
[1;34mwandb[0m:  View run [33mSEResNetTrainer_ep300_NoMirroring_fold1[0m at: [34m[0m
[1;34mwandb[0m: Find logs at: [1;35m../../tmp/wandb/wandb/run-20251209_025655-qnmjjjbd/logs[0m
