Using device: cuda:0

#######################################################################
Please cite the following paper when using nnU-Net:
Isensee, F., Jaeger, P. F., Kohl, S. A., Petersen, J., & Maier-Hein, K. H. (2021). nnU-Net: a self-configuring method for deep learning-based biomedical image segmentation. Nature methods, 18(2), 203-211.
#######################################################################

2025-12-09 10:21:21.938374: Using torch.compile...
2025-12-09 10:21:29.154328: do_dummy_2d_data_aug: False
2025-12-09 10:21:29.159572: Using splits from existing split file: /hpf/projects/jquon/sumin/nnUNet_data/nnUNet_preprocessed/Dataset003_AVM_T1+C/splits_final.json
2025-12-09 10:21:29.162999: The split file contains 5 splits.
2025-12-09 10:21:29.164833: Desired fold for training: 3
2025-12-09 10:21:29.166751: This split has 406 training and 106 validation cases.
using pin_memory on device 0
using pin_memory on device 0

This is the configuration used by this training:
Configuration name: 3d_fullres
 {'data_identifier': 'nnUNetPlans_3d_fullres', 'preprocessor_name': 'DefaultPreprocessor', 'batch_size': 2, 'patch_size': [160, 224, 192], 'median_image_size_in_voxels': [344.0, 448.0, 429.0], 'spacing': [0.500000923871994, 0.4910714328289032, 0.4910714328289032], 'normalization_schemes': ['ZScoreNormalization'], 'use_mask_for_norm': [False], 'resampling_fn_data': 'resample_data_or_seg_to_shape', 'resampling_fn_seg': 'resample_data_or_seg_to_shape', 'resampling_fn_data_kwargs': {'is_seg': False, 'order': 3, 'order_z': 0, 'force_separate_z': None}, 'resampling_fn_seg_kwargs': {'is_seg': True, 'order': 1, 'order_z': 0, 'force_separate_z': None}, 'resampling_fn_probabilities': 'resample_data_or_seg_to_shape', 'resampling_fn_probabilities_kwargs': {'is_seg': False, 'order': 1, 'order_z': 0, 'force_separate_z': None}, 'architecture': {'network_class_name': 'dynamic_network_architectures.architectures.unet.ResidualEncoderUNet', 'arch_kwargs': {'n_stages': 6, 'features_per_stage': [32, 64, 128, 256, 320, 320], 'conv_op': 'torch.nn.modules.conv.Conv3d', 'kernel_sizes': [[3, 3, 3], [3, 3, 3], [3, 3, 3], [3, 3, 3], [3, 3, 3], [3, 3, 3]], 'strides': [[1, 1, 1], [2, 2, 2], [2, 2, 2], [2, 2, 2], [2, 2, 2], [2, 2, 2]], 'n_blocks_per_stage': [1, 3, 4, 6, 6, 6], 'n_conv_per_stage_decoder': [1, 1, 1, 1, 1], 'conv_bias': True, 'norm_op': 'torch.nn.modules.instancenorm.InstanceNorm3d', 'norm_op_kwargs': {'eps': 1e-05, 'affine': True}, 'dropout_op': None, 'dropout_op_kwargs': None, 'nonlin': 'torch.nn.LeakyReLU', 'nonlin_kwargs': {'inplace': True}}, '_kw_requires_import': ['conv_op', 'norm_op', 'dropout_op', 'nonlin']}, 'batch_dice': True} 

These are the global plan.json settings:
 {'dataset_name': 'Dataset003_AVM_T1+C', 'plans_name': 'nnUNetResEncUNetLPlans', 'original_median_spacing_after_transp': [0.500000923871994, 0.4910714328289032, 0.4910714328289032], 'original_median_shape_after_transp': [330, 448, 424], 'image_reader_writer': 'SimpleITKIO', 'transpose_forward': [0, 1, 2], 'transpose_backward': [0, 1, 2], 'experiment_planner_used': 'nnUNetPlannerResEncL', 'label_manager': 'LabelManager', 'foreground_intensity_properties_per_channel': {'0': {'max': 12113.0, 'mean': 449.843505859375, 'median': 311.0, 'min': 0.0, 'percentile_00_5': 34.0, 'percentile_99_5': 3202.0, 'std': 471.56329345703125}}} 

2025-12-09 10:21:31.815555: Unable to plot network architecture: nnUNet_compile is enabled!
2025-12-09 10:21:31.881068: 
2025-12-09 10:21:31.884749: Epoch 0
2025-12-09 10:21:31.887618: Current learning rate: 0.0001
2025-12-09 10:23:34.871038: train_loss 0.7735
2025-12-09 10:23:34.875801: val_loss 0.6944
2025-12-09 10:23:34.878923: val classification accuracy 0.566
2025-12-09 10:23:34.881896: val auc 0.6105
2025-12-09 10:23:34.884826: Epoch time: 122.99 s
2025-12-09 10:23:34.887104: Yayy! New best EMA pseudo Dice: 0.6105
2025-12-09 10:23:37.151658: Yayy! New best classification accuracy: 0.566
2025-12-09 10:23:39.292149: 
2025-12-09 10:23:39.295118: Epoch 1
2025-12-09 10:23:39.297494: Current learning rate: 0.0001
2025-12-09 10:24:44.448862: train_loss 0.7071
2025-12-09 10:24:44.454477: val_loss 0.6997
2025-12-09 10:24:44.457463: val classification accuracy 0.5094
2025-12-09 10:24:44.460770: val auc 0.529
2025-12-09 10:24:44.464578: Epoch time: 65.16 s
2025-12-09 10:24:45.201143: 
2025-12-09 10:24:45.204317: Epoch 2
2025-12-09 10:24:45.206707: Current learning rate: 0.0001
2025-12-09 10:25:49.843457: train_loss 0.7218
2025-12-09 10:25:49.847576: val_loss 0.688
2025-12-09 10:25:49.850338: val classification accuracy 0.5377
2025-12-09 10:25:49.853299: val auc 0.5764
2025-12-09 10:25:49.856233: Epoch time: 64.64 s
2025-12-09 10:25:50.575759: 
2025-12-09 10:25:50.578647: Epoch 3
2025-12-09 10:25:50.580804: Current learning rate: 0.0001
2025-12-09 10:26:57.561017: train_loss 0.721
2025-12-09 10:26:57.565205: val_loss 0.7383
2025-12-09 10:26:57.567377: val classification accuracy 0.4811
2025-12-09 10:26:57.569486: val auc 0.4608
2025-12-09 10:26:57.571437: Epoch time: 66.99 s
2025-12-09 10:26:59.152993: 
2025-12-09 10:26:59.155672: Epoch 4
2025-12-09 10:26:59.157707: Current learning rate: 0.0001
2025-12-09 10:28:05.702301: train_loss 0.714
2025-12-09 10:28:05.734332: val_loss 0.7198
2025-12-09 10:28:05.737550: val classification accuracy 0.5
2025-12-09 10:28:05.740889: val auc 0.4405
2025-12-09 10:28:05.744115: Epoch time: 66.55 s
2025-12-09 10:28:06.520773: 
2025-12-09 10:28:06.523989: Epoch 5
2025-12-09 10:28:06.526505: Current learning rate: 0.0001
2025-12-09 10:29:11.141793: train_loss 0.71
2025-12-09 10:29:11.146668: val_loss 0.7073
2025-12-09 10:29:11.152065: val classification accuracy 0.4906
2025-12-09 10:29:11.156325: val auc 0.5324
2025-12-09 10:29:11.158962: Epoch time: 64.62 s
2025-12-09 10:29:11.864730: 
2025-12-09 10:29:11.867563: Epoch 6
2025-12-09 10:29:11.869513: Current learning rate: 0.0001
2025-12-09 10:30:17.282182: train_loss 0.7094
2025-12-09 10:30:17.291894: val_loss 0.6976
2025-12-09 10:30:17.294775: val classification accuracy 0.4528
2025-12-09 10:30:17.297235: val auc 0.5157
2025-12-09 10:30:17.300089: Epoch time: 65.42 s
2025-12-09 10:30:18.085223: 
2025-12-09 10:30:18.088566: Epoch 7
2025-12-09 10:30:18.091066: Current learning rate: 0.0001
2025-12-09 10:31:23.831832: train_loss 0.7139
2025-12-09 10:31:23.836441: val_loss 0.7202
2025-12-09 10:31:23.838944: val classification accuracy 0.5094
2025-12-09 10:31:23.841322: val auc 0.5105
2025-12-09 10:31:23.844800: Epoch time: 65.75 s
2025-12-09 10:31:24.590576: 
2025-12-09 10:31:24.593655: Epoch 8
2025-12-09 10:31:24.595937: Current learning rate: 0.0001
2025-12-09 10:32:30.331844: train_loss 0.7023
2025-12-09 10:32:30.336272: val_loss 0.6788
2025-12-09 10:32:30.338758: val classification accuracy 0.566
2025-12-09 10:32:30.341203: val auc 0.5993
2025-12-09 10:32:30.343601: Epoch time: 65.74 s
2025-12-09 10:32:31.079659: 
2025-12-09 10:32:31.082821: Epoch 9
2025-12-09 10:32:31.085073: Current learning rate: 0.0001
2025-12-09 10:33:37.183724: train_loss 0.6976
2025-12-09 10:33:37.187844: val_loss 0.6677
2025-12-09 10:33:37.190290: val classification accuracy 0.6321
2025-12-09 10:33:37.192815: val auc 0.6456
2025-12-09 10:33:37.195284: Epoch time: 66.11 s
2025-12-09 10:33:37.197238: Yayy! New best EMA pseudo Dice: 0.6456
2025-12-09 10:33:39.405372: Yayy! New best classification accuracy: 0.6321
2025-12-09 10:33:41.651201: 
2025-12-09 10:33:41.654443: Epoch 10
2025-12-09 10:33:41.659571: Current learning rate: 0.0001
2025-12-09 10:34:48.462063: train_loss 0.6929
2025-12-09 10:34:48.493408: val_loss 0.7394
2025-12-09 10:34:48.518956: val classification accuracy 0.5189
2025-12-09 10:34:48.531862: val auc 0.5082
2025-12-09 10:34:48.540069: Epoch time: 66.81 s
2025-12-09 10:34:49.288594: 
2025-12-09 10:34:49.292594: Epoch 11
2025-12-09 10:34:49.295347: Current learning rate: 0.0001
2025-12-09 10:35:56.258924: train_loss 0.7053
2025-12-09 10:35:56.263549: val_loss 0.7154
2025-12-09 10:35:56.266534: val classification accuracy 0.5283
2025-12-09 10:35:56.269473: val auc 0.5199
2025-12-09 10:35:56.272139: Epoch time: 66.97 s
2025-12-09 10:35:57.017438: 
2025-12-09 10:35:57.020861: Epoch 12
2025-12-09 10:35:57.023620: Current learning rate: 0.0001
2025-12-09 10:37:02.809044: train_loss 0.7209
2025-12-09 10:37:02.813999: val_loss 0.7441
2025-12-09 10:37:02.817645: val classification accuracy 0.5
2025-12-09 10:37:02.820833: val auc 0.4799
2025-12-09 10:37:02.824411: Epoch time: 65.79 s
2025-12-09 10:37:03.601271: 
2025-12-09 10:37:03.604647: Epoch 13
2025-12-09 10:37:03.607168: Current learning rate: 0.0001
2025-12-09 10:38:10.182977: train_loss 0.7035
2025-12-09 10:38:10.191214: val_loss 0.7242
2025-12-09 10:38:10.197233: val classification accuracy 0.4717
2025-12-09 10:38:10.202966: val auc 0.4569
2025-12-09 10:38:10.209032: Epoch time: 66.58 s
2025-12-09 10:38:10.954943: 
2025-12-09 10:38:10.960049: Epoch 14
2025-12-09 10:38:10.963843: Current learning rate: 0.0001
2025-12-09 10:39:17.769807: train_loss 0.7245
2025-12-09 10:39:17.776684: val_loss 0.7162
2025-12-09 10:39:17.779385: val classification accuracy 0.5094
2025-12-09 10:39:17.782336: val auc 0.5317
2025-12-09 10:39:17.785168: Epoch time: 66.82 s
2025-12-09 10:39:18.474328: 
2025-12-09 10:39:18.477690: Epoch 15
2025-12-09 10:39:18.480219: Current learning rate: 0.0001
2025-12-09 10:40:23.268906: train_loss 0.7176
2025-12-09 10:40:23.273528: val_loss 0.6858
2025-12-09 10:40:23.276624: val classification accuracy 0.5472
2025-12-09 10:40:23.279695: val auc 0.54
2025-12-09 10:40:23.282764: Epoch time: 64.8 s
2025-12-09 10:40:24.079215: 
2025-12-09 10:40:24.082850: Epoch 16
2025-12-09 10:40:24.086039: Current learning rate: 0.0001
2025-12-09 10:41:28.915541: train_loss 0.7321
2025-12-09 10:41:28.920358: val_loss 0.6777
2025-12-09 10:41:28.923332: val classification accuracy 0.566
2025-12-09 10:41:28.926151: val auc 0.659
2025-12-09 10:41:28.929193: Epoch time: 64.84 s
2025-12-09 10:41:28.932047: Yayy! New best EMA pseudo Dice: 0.659
2025-12-09 10:41:32.022829: 
2025-12-09 10:41:32.027952: Epoch 17
2025-12-09 10:41:32.033303: Current learning rate: 9e-05
2025-12-09 10:42:36.684501: train_loss 0.713
2025-12-09 10:42:36.689655: val_loss 0.6872
2025-12-09 10:42:36.692937: val classification accuracy 0.5566
2025-12-09 10:42:36.696126: val auc 0.5703
2025-12-09 10:42:36.699590: Epoch time: 64.66 s
2025-12-09 10:42:37.436872: 
2025-12-09 10:42:37.440819: Epoch 18
2025-12-09 10:42:37.443840: Current learning rate: 9e-05
2025-12-09 10:43:42.008930: train_loss 0.738
2025-12-09 10:43:42.013216: val_loss 0.8151
2025-12-09 10:43:42.015889: val classification accuracy 0.5283
2025-12-09 10:43:42.018849: val auc 0.4867
2025-12-09 10:43:42.021568: Epoch time: 64.57 s
2025-12-09 10:43:42.785912: 
2025-12-09 10:43:42.789365: Epoch 19
2025-12-09 10:43:42.792328: Current learning rate: 9e-05
2025-12-09 10:44:47.819186: train_loss 0.772
2025-12-09 10:44:47.831941: val_loss 0.6831
2025-12-09 10:44:47.835443: val classification accuracy 0.5566
2025-12-09 10:44:47.849165: val auc 0.5671
2025-12-09 10:44:47.851907: Epoch time: 65.03 s
2025-12-09 10:44:49.858345: Saved periodic checkpoint /hpf/projects/jquon/sumin/nnUNet_data/nnUNet_results/Dataset003_AVM_T1+C/SwinViTTrainer_ep300_NoMirroring__nnUNetResEncUNetLPlans__3d_fullres/fold_3/checkpoint_every20_best_balacc.pth at epoch 19 with val_balanced_accuracy=0.5566
2025-12-09 10:44:51.462779: 
2025-12-09 10:44:51.466330: Epoch 20
2025-12-09 10:44:51.469089: Current learning rate: 9e-05
2025-12-09 10:45:56.555625: train_loss 0.7273
2025-12-09 10:45:56.562331: val_loss 0.7778
2025-12-09 10:45:56.567159: val classification accuracy 0.3868
2025-12-09 10:45:56.572144: val auc 0.4066
2025-12-09 10:45:56.575358: Epoch time: 65.09 s
2025-12-09 10:45:57.358665: 
2025-12-09 10:45:57.364077: Epoch 21
2025-12-09 10:45:57.368705: Current learning rate: 9e-05
2025-12-09 10:47:02.080123: train_loss 0.7043
2025-12-09 10:47:02.085027: val_loss 0.68
2025-12-09 10:47:02.088232: val classification accuracy 0.566
2025-12-09 10:47:02.091104: val auc 0.5926
2025-12-09 10:47:02.094290: Epoch time: 64.72 s
2025-12-09 10:47:02.826924: 
2025-12-09 10:47:02.830555: Epoch 22
2025-12-09 10:47:02.833130: Current learning rate: 9e-05
2025-12-09 10:48:07.441988: train_loss 0.711
2025-12-09 10:48:07.446600: val_loss 0.6865
2025-12-09 10:48:07.449540: val classification accuracy 0.5283
2025-12-09 10:48:07.452431: val auc 0.5578
2025-12-09 10:48:07.455406: Epoch time: 64.62 s
2025-12-09 10:48:08.187923: 
2025-12-09 10:48:08.191505: Epoch 23
2025-12-09 10:48:08.194528: Current learning rate: 9e-05
2025-12-09 10:49:13.096322: train_loss 0.705
2025-12-09 10:49:13.101435: val_loss 0.69
2025-12-09 10:49:13.104629: val classification accuracy 0.5849
2025-12-09 10:49:13.107922: val auc 0.5643
2025-12-09 10:49:13.111339: Epoch time: 64.91 s
2025-12-09 10:49:13.840241: 
2025-12-09 10:49:13.844216: Epoch 24
2025-12-09 10:49:13.847444: Current learning rate: 9e-05
2025-12-09 10:50:19.271734: train_loss 0.7097
2025-12-09 10:50:19.276364: val_loss 0.8984
2025-12-09 10:50:19.279648: val classification accuracy 0.4151
2025-12-09 10:50:19.282712: val auc 0.4096
2025-12-09 10:50:19.286032: Epoch time: 65.43 s
2025-12-09 10:50:20.072859: 
2025-12-09 10:50:20.076566: Epoch 25
2025-12-09 10:50:20.079221: Current learning rate: 9e-05
2025-12-09 10:51:25.234215: train_loss 0.7147
2025-12-09 10:51:25.239159: val_loss 0.6683
2025-12-09 10:51:25.242288: val classification accuracy 0.5566
2025-12-09 10:51:25.245500: val auc 0.6545
2025-12-09 10:51:25.248186: Epoch time: 65.16 s
2025-12-09 10:51:25.993396: 
2025-12-09 10:51:25.996933: Epoch 26
2025-12-09 10:51:25.999715: Current learning rate: 9e-05
2025-12-09 10:52:30.647865: train_loss 0.7243
2025-12-09 10:52:30.652928: val_loss 0.6751
2025-12-09 10:52:30.656199: val classification accuracy 0.566
2025-12-09 10:52:30.659554: val auc 0.6061
2025-12-09 10:52:30.662509: Epoch time: 64.66 s
2025-12-09 10:52:31.390767: 
2025-12-09 10:52:31.394339: Epoch 27
2025-12-09 10:52:31.397097: Current learning rate: 9e-05
2025-12-09 10:53:36.320137: train_loss 0.7473
2025-12-09 10:53:36.327411: val_loss 0.7148
2025-12-09 10:53:36.331953: val classification accuracy 0.5566
2025-12-09 10:53:36.336642: val auc 0.5917
2025-12-09 10:53:36.340534: Epoch time: 64.93 s
2025-12-09 10:53:37.082625: 
2025-12-09 10:53:37.086136: Epoch 28
2025-12-09 10:53:37.088806: Current learning rate: 9e-05
2025-12-09 10:54:41.921227: train_loss 0.7333
2025-12-09 10:54:41.926323: val_loss 0.6678
2025-12-09 10:54:41.929843: val classification accuracy 0.6509
2025-12-09 10:54:41.933414: val auc 0.6492
2025-12-09 10:54:41.936682: Epoch time: 64.84 s
2025-12-09 10:54:41.939619: Yayy! New best classification accuracy: 0.6509
2025-12-09 10:54:44.930283: 
2025-12-09 10:54:44.933988: Epoch 29
2025-12-09 10:54:44.936605: Current learning rate: 9e-05
2025-12-09 10:55:49.839119: train_loss 0.7178
2025-12-09 10:55:49.845198: val_loss 0.7063
2025-12-09 10:55:49.849553: val classification accuracy 0.4623
2025-12-09 10:55:49.853313: val auc 0.4991
2025-12-09 10:55:49.857399: Epoch time: 64.91 s
2025-12-09 10:55:50.581345: 
2025-12-09 10:55:50.585007: Epoch 30
2025-12-09 10:55:50.587907: Current learning rate: 9e-05
2025-12-09 10:56:55.371097: train_loss 0.7266
2025-12-09 10:56:55.379133: val_loss 0.6729
2025-12-09 10:56:55.384835: val classification accuracy 0.5472
2025-12-09 10:56:55.389776: val auc 0.6312
2025-12-09 10:56:55.394436: Epoch time: 64.79 s
2025-12-09 10:56:56.142863: 
2025-12-09 10:56:56.146624: Epoch 31
2025-12-09 10:56:56.149425: Current learning rate: 9e-05
2025-12-09 10:58:01.023496: train_loss 0.7057
2025-12-09 10:58:01.028679: val_loss 0.6971
2025-12-09 10:58:01.031770: val classification accuracy 0.5566
2025-12-09 10:58:01.034785: val auc 0.5657
2025-12-09 10:58:01.037903: Epoch time: 64.88 s
2025-12-09 10:58:01.778090: 
2025-12-09 10:58:01.781603: Epoch 32
2025-12-09 10:58:01.784630: Current learning rate: 9e-05
2025-12-09 10:59:06.452649: train_loss 0.7831
2025-12-09 10:59:06.457996: val_loss 0.6382
2025-12-09 10:59:06.461397: val classification accuracy 0.6226
2025-12-09 10:59:06.464862: val auc 0.6832
2025-12-09 10:59:06.468942: Epoch time: 64.68 s
2025-12-09 10:59:06.471884: Yayy! New best EMA pseudo Dice: 0.6832
2025-12-09 10:59:09.244227: 
2025-12-09 10:59:09.247859: Epoch 33
2025-12-09 10:59:09.250832: Current learning rate: 9e-05
2025-12-09 11:00:14.010680: train_loss 0.7141
2025-12-09 11:00:14.015537: val_loss 0.6984
2025-12-09 11:00:14.018982: val classification accuracy 0.5943
2025-12-09 11:00:14.026904: val auc 0.6027
2025-12-09 11:00:14.034187: Epoch time: 64.77 s
2025-12-09 11:00:14.829554: 
2025-12-09 11:00:14.833133: Epoch 34
2025-12-09 11:00:14.835898: Current learning rate: 9e-05
2025-12-09 11:01:19.895359: train_loss 0.699
2025-12-09 11:01:19.900154: val_loss 0.7218
2025-12-09 11:01:19.904051: val classification accuracy 0.4811
2025-12-09 11:01:19.907218: val auc 0.4699
2025-12-09 11:01:19.910518: Epoch time: 65.07 s
2025-12-09 11:01:20.703218: 
2025-12-09 11:01:20.706942: Epoch 35
2025-12-09 11:01:20.709713: Current learning rate: 9e-05
2025-12-09 11:02:26.640412: train_loss 0.697
2025-12-09 11:02:26.644850: val_loss 0.6804
2025-12-09 11:02:26.648077: val classification accuracy 0.5377
2025-12-09 11:02:26.651231: val auc 0.6139
2025-12-09 11:02:26.654532: Epoch time: 65.94 s
2025-12-09 11:02:27.389291: 
2025-12-09 11:02:27.393004: Epoch 36
2025-12-09 11:02:27.396382: Current learning rate: 9e-05
2025-12-09 11:03:32.287748: train_loss 0.7395
2025-12-09 11:03:32.293105: val_loss 0.681
2025-12-09 11:03:32.296550: val classification accuracy 0.5943
2025-12-09 11:03:32.299834: val auc 0.6442
2025-12-09 11:03:32.303078: Epoch time: 64.9 s
2025-12-09 11:03:33.034307: 
2025-12-09 11:03:33.038350: Epoch 37
2025-12-09 11:03:33.041579: Current learning rate: 9e-05
2025-12-09 11:04:38.096744: train_loss 0.7075
2025-12-09 11:04:38.101475: val_loss 0.8062
2025-12-09 11:04:38.104554: val classification accuracy 0.5472
2025-12-09 11:04:38.107931: val auc 0.5831
2025-12-09 11:04:38.110959: Epoch time: 65.06 s
2025-12-09 11:04:38.891900: 
2025-12-09 11:04:38.895306: Epoch 38
2025-12-09 11:04:38.897699: Current learning rate: 9e-05
2025-12-09 11:05:44.423109: train_loss 0.747
2025-12-09 11:05:44.427591: val_loss 0.8044
2025-12-09 11:05:44.430788: val classification accuracy 0.5755
2025-12-09 11:05:44.433736: val auc 0.5756
2025-12-09 11:05:44.436756: Epoch time: 65.53 s
2025-12-09 11:05:45.215718: 
2025-12-09 11:05:45.219183: Epoch 39
2025-12-09 11:05:45.222659: Current learning rate: 9e-05
2025-12-09 11:06:50.353801: train_loss 0.7573
2025-12-09 11:06:50.370325: val_loss 0.8377
2025-12-09 11:06:50.373624: val classification accuracy 0.4151
2025-12-09 11:06:50.376853: val auc 0.3692
2025-12-09 11:06:50.379580: Epoch time: 65.14 s
2025-12-09 11:06:51.157357: 
2025-12-09 11:06:51.161001: Epoch 40
2025-12-09 11:06:51.164291: Current learning rate: 9e-05
2025-12-09 11:07:56.171787: train_loss 0.7336
2025-12-09 11:07:56.176369: val_loss 0.8091
2025-12-09 11:07:56.179285: val classification accuracy 0.4528
2025-12-09 11:07:56.182261: val auc 0.4454
2025-12-09 11:07:56.185003: Epoch time: 65.02 s
2025-12-09 11:07:56.926709: 
2025-12-09 11:07:56.930305: Epoch 41
2025-12-09 11:07:56.932835: Current learning rate: 9e-05
2025-12-09 11:09:01.915917: train_loss 0.7211
2025-12-09 11:09:01.920472: val_loss 0.6969
2025-12-09 11:09:01.923739: val classification accuracy 0.5
2025-12-09 11:09:01.926685: val auc 0.5689
2025-12-09 11:09:01.929627: Epoch time: 64.99 s
2025-12-09 11:09:02.685186: 
2025-12-09 11:09:02.688916: Epoch 42
2025-12-09 11:09:02.691697: Current learning rate: 9e-05
2025-12-09 11:10:07.729751: train_loss 0.7121
2025-12-09 11:10:07.734501: val_loss 0.714
2025-12-09 11:10:07.737569: val classification accuracy 0.4434
2025-12-09 11:10:07.740404: val auc 0.4972
2025-12-09 11:10:07.743194: Epoch time: 65.05 s
2025-12-09 11:10:08.523948: 
2025-12-09 11:10:08.527543: Epoch 43
2025-12-09 11:10:08.530368: Current learning rate: 9e-05
2025-12-09 11:11:13.534061: train_loss 0.7089
2025-12-09 11:11:13.546903: val_loss 0.7284
2025-12-09 11:11:13.549919: val classification accuracy 0.4623
2025-12-09 11:11:13.552553: val auc 0.4945
2025-12-09 11:11:13.555233: Epoch time: 65.01 s
2025-12-09 11:11:14.290916: 
2025-12-09 11:11:14.294496: Epoch 44
2025-12-09 11:11:14.297128: Current learning rate: 9e-05
2025-12-09 11:12:18.939296: train_loss 0.7443
2025-12-09 11:12:18.943848: val_loss 0.6912
2025-12-09 11:12:18.947196: val classification accuracy 0.5472
2025-12-09 11:12:18.950409: val auc 0.5614
2025-12-09 11:12:18.953384: Epoch time: 64.65 s
2025-12-09 11:12:19.693093: 
2025-12-09 11:12:19.696779: Epoch 45
2025-12-09 11:12:19.699465: Current learning rate: 9e-05
2025-12-09 11:13:24.354754: train_loss 0.7001
2025-12-09 11:13:24.359689: val_loss 0.6813
2025-12-09 11:13:24.362850: val classification accuracy 0.5849
2025-12-09 11:13:24.365929: val auc 0.6365
2025-12-09 11:13:24.368883: Epoch time: 64.66 s
2025-12-09 11:13:25.100259: 
2025-12-09 11:13:25.103655: Epoch 46
2025-12-09 11:13:25.106287: Current learning rate: 9e-05
2025-12-09 11:14:30.005450: train_loss 0.7191
2025-12-09 11:14:30.010385: val_loss 0.7229
2025-12-09 11:14:30.013517: val classification accuracy 0.5283
2025-12-09 11:14:30.016727: val auc 0.4902
2025-12-09 11:14:30.019527: Epoch time: 64.91 s
2025-12-09 11:14:30.735959: 
2025-12-09 11:14:30.739640: Epoch 47
2025-12-09 11:14:30.742301: Current learning rate: 9e-05
2025-12-09 11:15:35.335423: train_loss 0.8079
2025-12-09 11:15:35.339942: val_loss 0.8195
2025-12-09 11:15:35.342947: val classification accuracy 0.5
2025-12-09 11:15:35.345945: val auc 0.487
2025-12-09 11:15:35.348951: Epoch time: 64.6 s
2025-12-09 11:15:36.126074: 
2025-12-09 11:15:36.129845: Epoch 48
2025-12-09 11:15:36.132715: Current learning rate: 9e-05
2025-12-09 11:16:41.289703: train_loss 0.7289
2025-12-09 11:16:41.294601: val_loss 0.7297
2025-12-09 11:16:41.297981: val classification accuracy 0.4623
2025-12-09 11:16:41.301140: val auc 0.4697
2025-12-09 11:16:41.304325: Epoch time: 65.16 s
2025-12-09 11:16:42.038065: 
2025-12-09 11:16:42.041962: Epoch 49
2025-12-09 11:16:42.044607: Current learning rate: 9e-05
2025-12-09 11:17:46.644278: train_loss 0.6973
2025-12-09 11:17:46.648892: val_loss 0.7064
2025-12-09 11:17:46.652386: val classification accuracy 0.4623
2025-12-09 11:17:46.655949: val auc 0.566
2025-12-09 11:17:46.659543: Epoch time: 64.61 s
2025-12-09 11:17:47.387908: 
2025-12-09 11:17:47.391659: Epoch 50
2025-12-09 11:17:47.395581: Current learning rate: 8e-05
2025-12-09 11:18:52.208565: train_loss 0.7174
2025-12-09 11:18:52.213012: val_loss 0.6734
2025-12-09 11:18:52.215762: val classification accuracy 0.6226
2025-12-09 11:18:52.218466: val auc 0.6347
2025-12-09 11:18:52.221635: Epoch time: 64.82 s
2025-12-09 11:18:53.855115: 
2025-12-09 11:18:53.858837: Epoch 51
2025-12-09 11:18:53.861565: Current learning rate: 8e-05
2025-12-09 11:19:59.158144: train_loss 0.7081
2025-12-09 11:19:59.162742: val_loss 0.674
2025-12-09 11:19:59.165554: val classification accuracy 0.6038
2025-12-09 11:19:59.168528: val auc 0.6461
2025-12-09 11:19:59.171934: Epoch time: 65.3 s
2025-12-09 11:19:59.936282: 
2025-12-09 11:19:59.942074: Epoch 52
2025-12-09 11:19:59.945312: Current learning rate: 8e-05
2025-12-09 11:21:05.412639: train_loss 0.6906
2025-12-09 11:21:05.417523: val_loss 0.6817
2025-12-09 11:21:05.420632: val classification accuracy 0.5849
2025-12-09 11:21:05.423871: val auc 0.6043
2025-12-09 11:21:05.426958: Epoch time: 65.48 s
2025-12-09 11:21:06.165549: 
2025-12-09 11:21:06.169354: Epoch 53
2025-12-09 11:21:06.172145: Current learning rate: 8e-05
2025-12-09 11:22:10.254707: train_loss 0.6857
2025-12-09 11:22:10.259397: val_loss 0.6832
2025-12-09 11:22:10.262768: val classification accuracy 0.566
2025-12-09 11:22:10.265776: val auc 0.5733
2025-12-09 11:22:10.268927: Epoch time: 64.09 s
2025-12-09 11:22:11.006030: 
2025-12-09 11:22:11.009433: Epoch 54
2025-12-09 11:22:11.012032: Current learning rate: 8e-05
2025-12-09 11:23:15.072718: train_loss 0.7067
2025-12-09 11:23:15.077196: val_loss 0.6604
2025-12-09 11:23:15.080033: val classification accuracy 0.5943
2025-12-09 11:23:15.082807: val auc 0.6663
2025-12-09 11:23:15.085792: Epoch time: 64.07 s
2025-12-09 11:23:15.827848: 
2025-12-09 11:23:15.831330: Epoch 55
2025-12-09 11:23:15.833737: Current learning rate: 8e-05
2025-12-09 11:24:20.220238: train_loss 0.6923
2025-12-09 11:24:20.225996: val_loss 0.6786
2025-12-09 11:24:20.235291: val classification accuracy 0.5566
2025-12-09 11:24:20.238468: val auc 0.604
2025-12-09 11:24:20.241400: Epoch time: 64.39 s
2025-12-09 11:24:21.017307: 
2025-12-09 11:24:21.020593: Epoch 56
2025-12-09 11:24:21.023196: Current learning rate: 8e-05
2025-12-09 11:25:26.308981: train_loss 0.6968
2025-12-09 11:25:26.313696: val_loss 0.6768
2025-12-09 11:25:26.316579: val classification accuracy 0.5943
2025-12-09 11:25:26.319506: val auc 0.6098
2025-12-09 11:25:26.322524: Epoch time: 65.29 s
2025-12-09 11:25:27.117353: 
2025-12-09 11:25:27.121099: Epoch 57
2025-12-09 11:25:27.123809: Current learning rate: 8e-05
2025-12-09 11:26:32.404818: train_loss 0.6929
2025-12-09 11:26:32.418461: val_loss 0.7119
2025-12-09 11:26:32.424935: val classification accuracy 0.5566
2025-12-09 11:26:32.430340: val auc 0.5449
2025-12-09 11:26:32.435101: Epoch time: 65.29 s
2025-12-09 11:26:33.171930: 
2025-12-09 11:26:33.175113: Epoch 58
2025-12-09 11:26:33.177648: Current learning rate: 8e-05
2025-12-09 11:27:38.383434: train_loss 0.7038
2025-12-09 11:27:38.387826: val_loss 0.7584
2025-12-09 11:27:38.390373: val classification accuracy 0.5
2025-12-09 11:27:38.392920: val auc 0.4954
2025-12-09 11:27:38.395798: Epoch time: 65.21 s
2025-12-09 11:27:39.171920: 
2025-12-09 11:27:39.175184: Epoch 59
2025-12-09 11:27:39.177767: Current learning rate: 8e-05
2025-12-09 11:28:44.329567: train_loss 0.7081
2025-12-09 11:28:44.334315: val_loss 0.6906
2025-12-09 11:28:44.337429: val classification accuracy 0.5
2025-12-09 11:28:44.340446: val auc 0.5607
2025-12-09 11:28:44.343679: Epoch time: 65.16 s
2025-12-09 11:28:45.090497: 
2025-12-09 11:28:45.094071: Epoch 60
2025-12-09 11:28:45.096824: Current learning rate: 8e-05
2025-12-09 11:29:49.838209: train_loss 0.7141
2025-12-09 11:29:49.843454: val_loss 0.6907
2025-12-09 11:29:49.846588: val classification accuracy 0.5377
2025-12-09 11:29:49.849725: val auc 0.5509
2025-12-09 11:29:49.852763: Epoch time: 64.75 s
2025-12-09 11:29:50.576362: 
2025-12-09 11:29:50.579738: Epoch 61
2025-12-09 11:29:50.582256: Current learning rate: 8e-05
2025-12-09 11:30:55.606663: train_loss 0.7095
2025-12-09 11:30:55.612781: val_loss 0.6409
2025-12-09 11:30:55.616464: val classification accuracy 0.6415
2025-12-09 11:30:55.620525: val auc 0.7004
2025-12-09 11:30:55.634913: Epoch time: 65.03 s
2025-12-09 11:30:55.637920: Yayy! New best EMA pseudo Dice: 0.7004
2025-12-09 11:30:58.564015: 
2025-12-09 11:30:58.568110: Epoch 62
2025-12-09 11:30:58.571254: Current learning rate: 8e-05
2025-12-09 11:32:03.468106: train_loss 0.6934
2025-12-09 11:32:03.473213: val_loss 0.6749
2025-12-09 11:32:03.476427: val classification accuracy 0.5849
2025-12-09 11:32:03.479359: val auc 0.621
2025-12-09 11:32:03.482239: Epoch time: 64.91 s
2025-12-09 11:32:04.200891: 
2025-12-09 11:32:04.204413: Epoch 63
2025-12-09 11:32:04.207150: Current learning rate: 8e-05
2025-12-09 11:33:09.443686: train_loss 0.7073
2025-12-09 11:33:09.448965: val_loss 0.6969
2025-12-09 11:33:09.452189: val classification accuracy 0.4623
2025-12-09 11:33:09.455564: val auc 0.4697
2025-12-09 11:33:09.458847: Epoch time: 65.24 s
2025-12-09 11:33:10.212396: 
2025-12-09 11:33:10.216261: Epoch 64
2025-12-09 11:33:10.218912: Current learning rate: 8e-05
2025-12-09 11:34:15.410684: train_loss 0.7103
2025-12-09 11:34:15.415358: val_loss 0.7044
2025-12-09 11:34:15.418374: val classification accuracy 0.4623
2025-12-09 11:34:15.421533: val auc 0.4774
2025-12-09 11:34:15.424434: Epoch time: 65.2 s
2025-12-09 11:34:16.172146: 
2025-12-09 11:34:16.175673: Epoch 65
2025-12-09 11:34:16.178190: Current learning rate: 8e-05
2025-12-09 11:35:21.367746: train_loss 0.702
2025-12-09 11:35:21.372283: val_loss 0.7011
2025-12-09 11:35:21.375330: val classification accuracy 0.4623
2025-12-09 11:35:21.378261: val auc 0.4774
2025-12-09 11:35:21.380982: Epoch time: 65.2 s
2025-12-09 11:35:22.119609: 
2025-12-09 11:35:22.123165: Epoch 66
2025-12-09 11:35:22.125623: Current learning rate: 8e-05
2025-12-09 11:36:26.718183: train_loss 0.6897
2025-12-09 11:36:26.722744: val_loss 0.7429
2025-12-09 11:36:26.725562: val classification accuracy 0.5189
2025-12-09 11:36:26.728545: val auc 0.5135
2025-12-09 11:36:26.731557: Epoch time: 64.6 s
2025-12-09 11:36:28.151615: 
2025-12-09 11:36:28.155372: Epoch 67
2025-12-09 11:36:28.157838: Current learning rate: 8e-05
2025-12-09 11:37:32.936370: train_loss 0.7022
2025-12-09 11:37:32.940888: val_loss 0.7352
2025-12-09 11:37:32.943811: val classification accuracy 0.4811
2025-12-09 11:37:32.946961: val auc 0.5061
2025-12-09 11:37:32.950187: Epoch time: 64.79 s
2025-12-09 11:37:33.663896: 
2025-12-09 11:37:33.667589: Epoch 68
2025-12-09 11:37:33.670234: Current learning rate: 8e-05
2025-12-09 11:38:38.724459: train_loss 0.6891
2025-12-09 11:38:38.729156: val_loss 0.6752
2025-12-09 11:38:38.732160: val classification accuracy 0.5472
2025-12-09 11:38:38.735193: val auc 0.6307
2025-12-09 11:38:38.738060: Epoch time: 65.06 s
2025-12-09 11:38:39.464110: 
2025-12-09 11:38:39.467957: Epoch 69
2025-12-09 11:38:39.471277: Current learning rate: 8e-05
2025-12-09 11:39:44.402303: train_loss 0.6737
2025-12-09 11:39:44.407682: val_loss 0.6889
2025-12-09 11:39:44.410761: val classification accuracy 0.5283
2025-12-09 11:39:44.414146: val auc 0.5888
2025-12-09 11:39:44.417262: Epoch time: 64.94 s
2025-12-09 11:39:45.150750: 
2025-12-09 11:39:45.154441: Epoch 70
2025-12-09 11:39:45.157295: Current learning rate: 8e-05
2025-12-09 11:40:50.236895: train_loss 0.701
2025-12-09 11:40:50.241455: val_loss 0.6847
2025-12-09 11:40:50.244364: val classification accuracy 0.566
2025-12-09 11:40:50.247344: val auc 0.5566
2025-12-09 11:40:50.250201: Epoch time: 65.09 s
2025-12-09 11:40:50.963292: 
2025-12-09 11:40:50.966522: Epoch 71
2025-12-09 11:40:50.969048: Current learning rate: 8e-05
2025-12-09 11:41:55.624959: train_loss 0.6883
2025-12-09 11:41:55.629747: val_loss 0.6891
2025-12-09 11:41:55.633202: val classification accuracy 0.5755
2025-12-09 11:41:55.636239: val auc 0.6194
2025-12-09 11:41:55.639462: Epoch time: 64.66 s
2025-12-09 11:41:56.380198: 
2025-12-09 11:41:56.384005: Epoch 72
2025-12-09 11:41:56.386685: Current learning rate: 8e-05
2025-12-09 11:43:01.420381: train_loss 0.6951
2025-12-09 11:43:01.424548: val_loss 0.6822
2025-12-09 11:43:01.427131: val classification accuracy 0.5283
2025-12-09 11:43:01.429682: val auc 0.6022
2025-12-09 11:43:01.432530: Epoch time: 65.04 s
2025-12-09 11:43:02.156721: 
2025-12-09 11:43:02.160242: Epoch 73
2025-12-09 11:43:02.162704: Current learning rate: 8e-05
2025-12-09 11:44:06.471351: train_loss 0.6982
2025-12-09 11:44:06.475768: val_loss 0.7305
2025-12-09 11:44:06.478861: val classification accuracy 0.4057
2025-12-09 11:44:06.481810: val auc 0.3594
2025-12-09 11:44:06.484808: Epoch time: 64.32 s
2025-12-09 11:44:07.220219: 
2025-12-09 11:44:07.223696: Epoch 74
2025-12-09 11:44:07.226259: Current learning rate: 8e-05
2025-12-09 11:45:12.140321: train_loss 0.7016
2025-12-09 11:45:12.144550: val_loss 0.6929
2025-12-09 11:45:12.147626: val classification accuracy 0.566
2025-12-09 11:45:12.150895: val auc 0.5552
2025-12-09 11:45:12.153785: Epoch time: 64.92 s
2025-12-09 11:45:12.906028: 
2025-12-09 11:45:12.909639: Epoch 75
2025-12-09 11:45:12.912041: Current learning rate: 8e-05
2025-12-09 11:46:17.381551: train_loss 0.7038
2025-12-09 11:46:17.385439: val_loss 0.6881
2025-12-09 11:46:17.388506: val classification accuracy 0.5566
2025-12-09 11:46:17.391695: val auc 0.576
2025-12-09 11:46:17.394623: Epoch time: 64.48 s
2025-12-09 11:46:18.123095: 
2025-12-09 11:46:18.126554: Epoch 76
2025-12-09 11:46:18.128968: Current learning rate: 8e-05
2025-12-09 11:47:23.118059: train_loss 0.6901
2025-12-09 11:47:23.122498: val_loss 0.6855
2025-12-09 11:47:23.125631: val classification accuracy 0.5472
2025-12-09 11:47:23.129193: val auc 0.6137
2025-12-09 11:47:23.132117: Epoch time: 65.0 s
2025-12-09 11:47:23.876809: 
2025-12-09 11:47:23.880439: Epoch 77
2025-12-09 11:47:23.883149: Current learning rate: 8e-05
2025-12-09 11:48:29.078640: train_loss 0.6859
2025-12-09 11:48:29.083070: val_loss 0.6466
2025-12-09 11:48:29.085944: val classification accuracy 0.6226
2025-12-09 11:48:29.088821: val auc 0.6919
2025-12-09 11:48:29.091814: Epoch time: 65.2 s
2025-12-09 11:48:29.917664: 
2025-12-09 11:48:29.921299: Epoch 78
2025-12-09 11:48:29.924214: Current learning rate: 8e-05
2025-12-09 11:49:34.960898: train_loss 0.6994
2025-12-09 11:49:34.965419: val_loss 0.6788
2025-12-09 11:49:34.968296: val classification accuracy 0.5849
2025-12-09 11:49:34.971215: val auc 0.5812
2025-12-09 11:49:34.973984: Epoch time: 65.04 s
2025-12-09 11:49:35.701787: 
2025-12-09 11:49:35.705633: Epoch 79
2025-12-09 11:49:35.708472: Current learning rate: 8e-05
2025-12-09 11:50:40.560147: train_loss 0.6934
2025-12-09 11:50:40.565232: val_loss 0.6417
2025-12-09 11:50:40.568561: val classification accuracy 0.6415
2025-12-09 11:50:40.571611: val auc 0.6969
2025-12-09 11:50:40.574839: Epoch time: 64.86 s
2025-12-09 11:50:42.619872: Saved periodic checkpoint /hpf/projects/jquon/sumin/nnUNet_data/nnUNet_results/Dataset003_AVM_T1+C/SwinViTTrainer_ep300_NoMirroring__nnUNetResEncUNetLPlans__3d_fullres/fold_3/checkpoint_every20_best_balacc.pth at epoch 79 with val_balanced_accuracy=0.6415
2025-12-09 11:50:43.383820: 
2025-12-09 11:50:43.387384: Epoch 80
2025-12-09 11:50:43.390054: Current learning rate: 8e-05
2025-12-09 11:51:48.447911: train_loss 0.6687
2025-12-09 11:51:48.452362: val_loss 0.8069
2025-12-09 11:51:48.455343: val classification accuracy 0.4623
2025-12-09 11:51:48.458480: val auc 0.4867
2025-12-09 11:51:48.461406: Epoch time: 65.07 s
2025-12-09 11:51:49.247079: 
2025-12-09 11:51:49.251091: Epoch 81
2025-12-09 11:51:49.253896: Current learning rate: 8e-05
2025-12-09 11:52:54.620471: train_loss 0.6781
2025-12-09 11:52:54.627147: val_loss 0.6692
2025-12-09 11:52:54.638232: val classification accuracy 0.6038
2025-12-09 11:52:54.646072: val auc 0.66
2025-12-09 11:52:54.651952: Epoch time: 65.37 s
2025-12-09 11:52:55.388631: 
2025-12-09 11:52:55.392229: Epoch 82
2025-12-09 11:52:55.394913: Current learning rate: 8e-05
2025-12-09 11:54:00.011015: train_loss 0.6808
2025-12-09 11:54:00.015551: val_loss 0.6868
2025-12-09 11:54:00.018969: val classification accuracy 0.6132
2025-12-09 11:54:00.022173: val auc 0.5805
2025-12-09 11:54:00.025375: Epoch time: 64.62 s
2025-12-09 11:54:01.509838: 
2025-12-09 11:54:01.513452: Epoch 83
2025-12-09 11:54:01.516055: Current learning rate: 7e-05
2025-12-09 11:55:06.430030: train_loss 0.6772
2025-12-09 11:55:06.434199: val_loss 0.652
2025-12-09 11:55:06.437546: val classification accuracy 0.566
2025-12-09 11:55:06.440547: val auc 0.6394
2025-12-09 11:55:06.443795: Epoch time: 64.92 s
2025-12-09 11:55:07.180186: 
2025-12-09 11:55:07.183784: Epoch 84
2025-12-09 11:55:07.186558: Current learning rate: 7e-05
2025-12-09 11:56:12.084004: train_loss 0.6836
2025-12-09 11:56:12.088966: val_loss 0.705
2025-12-09 11:56:12.091852: val classification accuracy 0.5377
2025-12-09 11:56:12.094797: val auc 0.5417
2025-12-09 11:56:12.097863: Epoch time: 64.9 s
2025-12-09 11:56:12.843943: 
2025-12-09 11:56:12.848143: Epoch 85
2025-12-09 11:56:12.850713: Current learning rate: 7e-05
2025-12-09 11:57:17.857554: train_loss 0.7014
2025-12-09 11:57:17.862365: val_loss 0.7055
2025-12-09 11:57:17.865578: val classification accuracy 0.3774
2025-12-09 11:57:17.868631: val auc 0.3854
2025-12-09 11:57:17.872678: Epoch time: 65.01 s
2025-12-09 11:57:18.610622: 
2025-12-09 11:57:18.614341: Epoch 86
2025-12-09 11:57:18.617234: Current learning rate: 7e-05
2025-12-09 11:58:23.643408: train_loss 0.6821
2025-12-09 11:58:23.647991: val_loss 0.6801
2025-12-09 11:58:23.650886: val classification accuracy 0.566
2025-12-09 11:58:23.653959: val auc 0.5927
2025-12-09 11:58:23.656840: Epoch time: 65.03 s
2025-12-09 11:58:24.385281: 
2025-12-09 11:58:24.389056: Epoch 87
2025-12-09 11:58:24.391865: Current learning rate: 7e-05
2025-12-09 11:59:29.165229: train_loss 0.6674
2025-12-09 11:59:29.169950: val_loss 0.6419
2025-12-09 11:59:29.173221: val classification accuracy 0.5566
2025-12-09 11:59:29.176272: val auc 0.6627
2025-12-09 11:59:29.179338: Epoch time: 64.78 s
2025-12-09 11:59:29.908816: 
2025-12-09 11:59:29.912360: Epoch 88
2025-12-09 11:59:29.914881: Current learning rate: 7e-05
2025-12-09 12:00:34.328953: train_loss 0.6947
2025-12-09 12:00:34.333640: val_loss 0.6862
2025-12-09 12:00:34.336980: val classification accuracy 0.5
2025-12-09 12:00:34.340094: val auc 0.5511
2025-12-09 12:00:34.343394: Epoch time: 64.42 s
2025-12-09 12:00:35.092996: 
2025-12-09 12:00:35.096493: Epoch 89
2025-12-09 12:00:35.099032: Current learning rate: 7e-05
2025-12-09 12:01:39.872182: train_loss 0.6918
2025-12-09 12:01:39.886960: val_loss 0.7124
2025-12-09 12:01:39.891906: val classification accuracy 0.4811
2025-12-09 12:01:39.895207: val auc 0.4699
2025-12-09 12:01:39.898418: Epoch time: 64.78 s
2025-12-09 12:01:40.647980: 
2025-12-09 12:01:40.651792: Epoch 90
2025-12-09 12:01:40.654617: Current learning rate: 7e-05
2025-12-09 12:02:45.258952: train_loss 0.6732
2025-12-09 12:02:45.263842: val_loss 0.7009
2025-12-09 12:02:45.267494: val classification accuracy 0.5472
2025-12-09 12:02:45.271313: val auc 0.5805
2025-12-09 12:02:45.274924: Epoch time: 64.61 s
2025-12-09 12:02:46.010890: 
2025-12-09 12:02:46.015023: Epoch 91
2025-12-09 12:02:46.019518: Current learning rate: 7e-05
2025-12-09 12:03:50.603588: train_loss 0.6892
2025-12-09 12:03:50.608573: val_loss 0.6806
2025-12-09 12:03:50.611608: val classification accuracy 0.566
2025-12-09 12:03:50.614717: val auc 0.5997
2025-12-09 12:03:50.617889: Epoch time: 64.59 s
2025-12-09 12:03:51.356524: 
2025-12-09 12:03:51.360314: Epoch 92
2025-12-09 12:03:51.363154: Current learning rate: 7e-05
2025-12-09 12:04:56.084868: train_loss 0.6871
2025-12-09 12:04:56.089451: val_loss 0.6587
2025-12-09 12:04:56.092288: val classification accuracy 0.6415
2025-12-09 12:04:56.095409: val auc 0.7293
2025-12-09 12:04:56.098263: Epoch time: 64.73 s
2025-12-09 12:04:56.100883: Yayy! New best EMA pseudo Dice: 0.7293
2025-12-09 12:04:58.923954: 
2025-12-09 12:04:58.927590: Epoch 93
2025-12-09 12:04:58.930184: Current learning rate: 7e-05
2025-12-09 12:06:03.476698: train_loss 0.6815
2025-12-09 12:06:03.481399: val_loss 0.6701
2025-12-09 12:06:03.484236: val classification accuracy 0.5566
2025-12-09 12:06:03.487453: val auc 0.6234
2025-12-09 12:06:03.490221: Epoch time: 64.55 s
2025-12-09 12:06:04.228703: 
2025-12-09 12:06:04.232487: Epoch 94
2025-12-09 12:06:04.235193: Current learning rate: 7e-05
2025-12-09 12:07:08.887349: train_loss 0.6823
2025-12-09 12:07:08.892732: val_loss 0.6688
2025-12-09 12:07:08.896424: val classification accuracy 0.5943
2025-12-09 12:07:08.899859: val auc 0.5967
2025-12-09 12:07:08.903417: Epoch time: 64.66 s
2025-12-09 12:07:09.635644: 
2025-12-09 12:07:09.641567: Epoch 95
2025-12-09 12:07:09.644405: Current learning rate: 7e-05
2025-12-09 12:08:14.584508: train_loss 0.6795
2025-12-09 12:08:14.589346: val_loss 0.6638
2025-12-09 12:08:14.592827: val classification accuracy 0.5755
2025-12-09 12:08:14.595988: val auc 0.6262
2025-12-09 12:08:14.599390: Epoch time: 64.95 s
2025-12-09 12:08:15.394599: 
2025-12-09 12:08:15.405629: Epoch 96
2025-12-09 12:08:15.408983: Current learning rate: 7e-05
2025-12-09 12:09:20.437289: train_loss 0.6916
2025-12-09 12:09:20.446464: val_loss 0.6839
2025-12-09 12:09:20.450523: val classification accuracy 0.5189
2025-12-09 12:09:20.454288: val auc 0.5748
2025-12-09 12:09:20.458029: Epoch time: 65.05 s
2025-12-09 12:09:21.288901: 
2025-12-09 12:09:21.292636: Epoch 97
2025-12-09 12:09:21.295561: Current learning rate: 7e-05
2025-12-09 12:10:26.188956: train_loss 0.6876
2025-12-09 12:10:26.193873: val_loss 0.724
2025-12-09 12:10:26.196870: val classification accuracy 0.4623
2025-12-09 12:10:26.199891: val auc 0.4562
2025-12-09 12:10:26.202904: Epoch time: 64.9 s
2025-12-09 12:10:27.894967: 
2025-12-09 12:10:27.898834: Epoch 98
2025-12-09 12:10:27.901534: Current learning rate: 7e-05
2025-12-09 12:11:33.138034: train_loss 0.6941
2025-12-09 12:11:33.143070: val_loss 0.6795
2025-12-09 12:11:33.146086: val classification accuracy 0.6038
2025-12-09 12:11:33.149444: val auc 0.6185
2025-12-09 12:11:33.152489: Epoch time: 65.24 s
2025-12-09 12:11:33.880414: 
2025-12-09 12:11:33.883952: Epoch 99
2025-12-09 12:11:33.886791: Current learning rate: 7e-05
2025-12-09 12:12:38.952052: train_loss 0.6873
2025-12-09 12:12:38.956896: val_loss 0.6822
2025-12-09 12:12:38.960205: val classification accuracy 0.4906
2025-12-09 12:12:38.963387: val auc 0.5618
2025-12-09 12:12:38.966825: Epoch time: 65.07 s
2025-12-09 12:12:39.706687: 
2025-12-09 12:12:39.710486: Epoch 100
2025-12-09 12:12:39.713419: Current learning rate: 7e-05
2025-12-09 12:13:44.771018: train_loss 0.6784
2025-12-09 12:13:44.783349: val_loss 0.6959
2025-12-09 12:13:44.789652: val classification accuracy 0.5755
2025-12-09 12:13:44.794716: val auc 0.5678
2025-12-09 12:13:44.799133: Epoch time: 65.07 s
2025-12-09 12:13:45.531887: 
2025-12-09 12:13:45.535705: Epoch 101
2025-12-09 12:13:45.538391: Current learning rate: 7e-05
2025-12-09 12:14:50.364191: train_loss 0.6929
2025-12-09 12:14:50.368314: val_loss 0.6752
2025-12-09 12:14:50.371598: val classification accuracy 0.566
2025-12-09 12:14:50.374568: val auc 0.6109
2025-12-09 12:14:50.377592: Epoch time: 64.83 s
2025-12-09 12:14:51.119574: 
2025-12-09 12:14:51.123245: Epoch 102
2025-12-09 12:14:51.126004: Current learning rate: 7e-05
2025-12-09 12:15:56.134846: train_loss 0.667
2025-12-09 12:15:56.139696: val_loss 0.664
2025-12-09 12:15:56.142411: val classification accuracy 0.5943
2025-12-09 12:15:56.145251: val auc 0.6454
2025-12-09 12:15:56.148076: Epoch time: 65.02 s
2025-12-09 12:15:56.906008: 
2025-12-09 12:15:56.909523: Epoch 103
2025-12-09 12:15:56.912019: Current learning rate: 7e-05
2025-12-09 12:17:02.228316: train_loss 0.6883
2025-12-09 12:17:02.232939: val_loss 0.677
2025-12-09 12:17:02.236041: val classification accuracy 0.5566
2025-12-09 12:17:02.239034: val auc 0.6063
2025-12-09 12:17:02.248406: Epoch time: 65.32 s
2025-12-09 12:17:03.053549: 
2025-12-09 12:17:03.056940: Epoch 104
2025-12-09 12:17:03.059680: Current learning rate: 7e-05
2025-12-09 12:18:07.948764: train_loss 0.6817
2025-12-09 12:18:07.952751: val_loss 0.6713
2025-12-09 12:18:07.955866: val classification accuracy 0.6038
2025-12-09 12:18:07.958651: val auc 0.599
2025-12-09 12:18:07.961507: Epoch time: 64.9 s
2025-12-09 12:18:08.695676: 
2025-12-09 12:18:08.699057: Epoch 105
2025-12-09 12:18:08.701600: Current learning rate: 7e-05
2025-12-09 12:19:13.990799: train_loss 0.6828
2025-12-09 12:19:13.996094: val_loss 0.6893
2025-12-09 12:19:13.999512: val classification accuracy 0.5283
2025-12-09 12:19:14.002843: val auc 0.5151
2025-12-09 12:19:14.006133: Epoch time: 65.3 s
2025-12-09 12:19:14.751351: 
2025-12-09 12:19:14.754973: Epoch 106
2025-12-09 12:19:14.757829: Current learning rate: 7e-05
2025-12-09 12:20:19.896365: train_loss 0.6904
2025-12-09 12:20:19.905516: val_loss 0.6552
2025-12-09 12:20:19.908837: val classification accuracy 0.6509
2025-12-09 12:20:19.911579: val auc 0.6944
2025-12-09 12:20:19.914602: Epoch time: 65.15 s
2025-12-09 12:20:20.681510: 
2025-12-09 12:20:20.685004: Epoch 107
2025-12-09 12:20:20.687583: Current learning rate: 7e-05
2025-12-09 12:21:26.103395: train_loss 0.6842
2025-12-09 12:21:26.107742: val_loss 0.6667
2025-12-09 12:21:26.110537: val classification accuracy 0.6038
2025-12-09 12:21:26.113369: val auc 0.6289
2025-12-09 12:21:26.116340: Epoch time: 65.42 s
2025-12-09 12:21:26.887165: 
2025-12-09 12:21:26.890955: Epoch 108
2025-12-09 12:21:26.894140: Current learning rate: 7e-05
2025-12-09 12:22:32.102966: train_loss 0.6797
2025-12-09 12:22:32.107154: val_loss 0.6704
2025-12-09 12:22:32.110461: val classification accuracy 0.6415
2025-12-09 12:22:32.113601: val auc 0.6396
2025-12-09 12:22:32.116950: Epoch time: 65.22 s
2025-12-09 12:22:32.840811: 
2025-12-09 12:22:32.844255: Epoch 109
2025-12-09 12:22:32.846800: Current learning rate: 7e-05
2025-12-09 12:23:38.073518: train_loss 0.6879
2025-12-09 12:23:38.078005: val_loss 0.6719
2025-12-09 12:23:38.080720: val classification accuracy 0.5943
2025-12-09 12:23:38.083571: val auc 0.67
2025-12-09 12:23:38.086567: Epoch time: 65.23 s
2025-12-09 12:23:38.815554: 
2025-12-09 12:23:38.818959: Epoch 110
2025-12-09 12:23:38.821478: Current learning rate: 7e-05
2025-12-09 12:24:43.602712: train_loss 0.6813
2025-12-09 12:24:43.607016: val_loss 0.6939
2025-12-09 12:24:43.610426: val classification accuracy 0.5377
2025-12-09 12:24:43.613478: val auc 0.5773
2025-12-09 12:24:43.617095: Epoch time: 64.79 s
2025-12-09 12:24:44.354854: 
2025-12-09 12:24:44.358745: Epoch 111
2025-12-09 12:24:44.361517: Current learning rate: 7e-05
2025-12-09 12:25:49.283471: train_loss 0.6855
2025-12-09 12:25:49.544990: val_loss 0.6521
2025-12-09 12:25:49.548746: val classification accuracy 0.6698
2025-12-09 12:25:49.552209: val auc 0.7602
2025-12-09 12:25:49.555989: Epoch time: 64.93 s
2025-12-09 12:25:49.558974: Yayy! New best EMA pseudo Dice: 0.7602
2025-12-09 12:25:51.711614: Yayy! New best classification accuracy: 0.6698
2025-12-09 12:25:53.734552: 
2025-12-09 12:25:53.737890: Epoch 112
2025-12-09 12:25:53.740461: Current learning rate: 7e-05
2025-12-09 12:26:58.483077: train_loss 0.6847
2025-12-09 12:26:58.487857: val_loss 0.6948
2025-12-09 12:26:58.491355: val classification accuracy 0.5566
2025-12-09 12:26:58.494345: val auc 0.5484
2025-12-09 12:26:58.497607: Epoch time: 64.75 s
2025-12-09 12:26:59.253937: 
2025-12-09 12:26:59.257656: Epoch 113
2025-12-09 12:26:59.260455: Current learning rate: 7e-05
2025-12-09 12:28:04.264087: train_loss 0.6636
2025-12-09 12:28:04.268745: val_loss 0.6988
2025-12-09 12:28:04.272414: val classification accuracy 0.5849
2025-12-09 12:28:04.275416: val auc 0.5611
2025-12-09 12:28:04.278982: Epoch time: 65.01 s
2025-12-09 12:28:05.852407: 
2025-12-09 12:28:05.856141: Epoch 114
2025-12-09 12:28:05.858756: Current learning rate: 7e-05
2025-12-09 12:29:10.611833: train_loss 0.6819
2025-12-09 12:29:10.616241: val_loss 0.6769
2025-12-09 12:29:10.619239: val classification accuracy 0.5566
2025-12-09 12:29:10.622668: val auc 0.5974
2025-12-09 12:29:10.625471: Epoch time: 64.76 s
2025-12-09 12:29:11.348359: 
2025-12-09 12:29:11.351800: Epoch 115
2025-12-09 12:29:11.354393: Current learning rate: 6e-05
2025-12-09 12:30:16.060070: train_loss 0.6705
2025-12-09 12:30:16.064184: val_loss 0.7097
2025-12-09 12:30:16.067425: val classification accuracy 0.5472
2025-12-09 12:30:16.070168: val auc 0.5295
2025-12-09 12:30:16.072954: Epoch time: 64.71 s
2025-12-09 12:30:16.803005: 
2025-12-09 12:30:16.806561: Epoch 116
2025-12-09 12:30:16.809317: Current learning rate: 6e-05
2025-12-09 12:31:21.852499: train_loss 0.6695
2025-12-09 12:31:21.856895: val_loss 0.7161
2025-12-09 12:31:21.859530: val classification accuracy 0.5283
2025-12-09 12:31:21.862426: val auc 0.5126
2025-12-09 12:31:21.865373: Epoch time: 65.05 s
2025-12-09 12:31:22.626349: 
2025-12-09 12:31:22.631768: Epoch 117
2025-12-09 12:31:22.635510: Current learning rate: 6e-05
2025-12-09 12:32:27.740089: train_loss 0.6612
2025-12-09 12:32:27.745107: val_loss 0.6766
2025-12-09 12:32:27.747926: val classification accuracy 0.5566
2025-12-09 12:32:27.750952: val auc 0.5967
2025-12-09 12:32:27.754162: Epoch time: 65.12 s
2025-12-09 12:32:28.474627: 
2025-12-09 12:32:28.478432: Epoch 118
2025-12-09 12:32:28.481524: Current learning rate: 6e-05
2025-12-09 12:33:33.782597: train_loss 0.6777
2025-12-09 12:33:33.787300: val_loss 0.633
2025-12-09 12:33:33.790555: val classification accuracy 0.6321
2025-12-09 12:33:33.793629: val auc 0.6846
2025-12-09 12:33:33.796973: Epoch time: 65.31 s
2025-12-09 12:33:34.601782: 
2025-12-09 12:33:34.605601: Epoch 119
2025-12-09 12:33:34.608585: Current learning rate: 6e-05
2025-12-09 12:34:39.455935: train_loss 0.6809
2025-12-09 12:34:39.460588: val_loss 0.6508
2025-12-09 12:34:39.464086: val classification accuracy 0.6415
2025-12-09 12:34:39.467077: val auc 0.6897
2025-12-09 12:34:39.470527: Epoch time: 64.86 s
2025-12-09 12:34:41.455928: Saved periodic checkpoint /hpf/projects/jquon/sumin/nnUNet_data/nnUNet_results/Dataset003_AVM_T1+C/SwinViTTrainer_ep300_NoMirroring__nnUNetResEncUNetLPlans__3d_fullres/fold_3/checkpoint_every20_best_balacc.pth at epoch 119 with val_balanced_accuracy=0.6415
2025-12-09 12:34:42.200293: 
2025-12-09 12:34:42.204065: Epoch 120
2025-12-09 12:34:42.206951: Current learning rate: 6e-05
2025-12-09 12:35:47.167351: train_loss 0.6894
2025-12-09 12:35:47.172077: val_loss 0.6635
2025-12-09 12:35:47.175131: val classification accuracy 0.5943
2025-12-09 12:35:47.178312: val auc 0.6604
2025-12-09 12:35:47.181024: Epoch time: 64.97 s
2025-12-09 12:35:47.930542: 
2025-12-09 12:35:47.934076: Epoch 121
2025-12-09 12:35:47.936513: Current learning rate: 6e-05
2025-12-09 12:36:52.982127: train_loss 0.6655
2025-12-09 12:36:52.987062: val_loss 0.7191
2025-12-09 12:36:52.990295: val classification accuracy 0.5094
2025-12-09 12:36:52.993810: val auc 0.5133
2025-12-09 12:36:52.997152: Epoch time: 65.05 s
2025-12-09 12:36:53.738078: 
2025-12-09 12:36:53.741706: Epoch 122
2025-12-09 12:36:53.744418: Current learning rate: 6e-05
2025-12-09 12:37:58.700240: train_loss 0.6579
2025-12-09 12:37:58.705232: val_loss 0.6636
2025-12-09 12:37:58.708489: val classification accuracy 0.6132
2025-12-09 12:37:58.711736: val auc 0.6508
2025-12-09 12:37:58.715151: Epoch time: 64.96 s
2025-12-09 12:37:59.484044: 
2025-12-09 12:37:59.487728: Epoch 123
2025-12-09 12:37:59.490609: Current learning rate: 6e-05
2025-12-09 12:39:04.383795: train_loss 0.6782
2025-12-09 12:39:04.388444: val_loss 0.6704
2025-12-09 12:39:04.391442: val classification accuracy 0.566
2025-12-09 12:39:04.394489: val auc 0.5924
2025-12-09 12:39:04.397390: Epoch time: 64.9 s
2025-12-09 12:39:05.191760: 
2025-12-09 12:39:05.195570: Epoch 124
2025-12-09 12:39:05.198503: Current learning rate: 6e-05
2025-12-09 12:40:09.856797: train_loss 0.6718
2025-12-09 12:40:09.861763: val_loss 0.6452
2025-12-09 12:40:09.864978: val classification accuracy 0.6321
2025-12-09 12:40:09.867820: val auc 0.6622
2025-12-09 12:40:09.870725: Epoch time: 64.67 s
2025-12-09 12:40:10.612542: 
2025-12-09 12:40:10.616151: Epoch 125
2025-12-09 12:40:10.618828: Current learning rate: 6e-05
2025-12-09 12:41:15.454742: train_loss 0.6773
2025-12-09 12:41:15.459629: val_loss 0.6357
2025-12-09 12:41:15.462776: val classification accuracy 0.6698
2025-12-09 12:41:15.465913: val auc 0.7061
2025-12-09 12:41:15.469131: Epoch time: 64.84 s
2025-12-09 12:41:16.206266: 
2025-12-09 12:41:16.209921: Epoch 126
2025-12-09 12:41:16.212780: Current learning rate: 6e-05
2025-12-09 12:42:21.164125: train_loss 0.6737
2025-12-09 12:42:21.169085: val_loss 0.6898
2025-12-09 12:42:21.171899: val classification accuracy 0.5189
2025-12-09 12:42:21.174767: val auc 0.5433
2025-12-09 12:42:21.177735: Epoch time: 64.96 s
2025-12-09 12:42:21.967620: 
2025-12-09 12:42:21.971036: Epoch 127
2025-12-09 12:42:21.973672: Current learning rate: 6e-05
2025-12-09 12:43:27.273332: train_loss 0.6795
2025-12-09 12:43:27.277395: val_loss 0.6882
2025-12-09 12:43:27.280240: val classification accuracy 0.5377
2025-12-09 12:43:27.283009: val auc 0.6056
2025-12-09 12:43:27.285783: Epoch time: 65.31 s
2025-12-09 12:43:28.034385: 
2025-12-09 12:43:28.037855: Epoch 128
2025-12-09 12:43:28.040600: Current learning rate: 6e-05
2025-12-09 12:44:33.025373: train_loss 0.6721
2025-12-09 12:44:33.029702: val_loss 0.6877
2025-12-09 12:44:33.032911: val classification accuracy 0.5849
2025-12-09 12:44:33.036012: val auc 0.6038
2025-12-09 12:44:33.039338: Epoch time: 64.99 s
2025-12-09 12:44:33.809061: 
2025-12-09 12:44:33.812338: Epoch 129
2025-12-09 12:44:33.814883: Current learning rate: 6e-05
2025-12-09 12:45:38.585979: train_loss 0.6761
2025-12-09 12:45:38.592190: val_loss 0.6285
2025-12-09 12:45:38.595538: val classification accuracy 0.5943
2025-12-09 12:45:38.598618: val auc 0.7047
2025-12-09 12:45:38.601655: Epoch time: 64.78 s
2025-12-09 12:45:40.277938: 
2025-12-09 12:45:40.281953: Epoch 130
2025-12-09 12:45:40.284992: Current learning rate: 6e-05
2025-12-09 12:46:45.552538: train_loss 0.6958
2025-12-09 12:46:45.557138: val_loss 0.663
2025-12-09 12:46:45.560173: val classification accuracy 0.6132
2025-12-09 12:46:45.563211: val auc 0.6826
2025-12-09 12:46:45.566072: Epoch time: 65.28 s
2025-12-09 12:46:46.316318: 
2025-12-09 12:46:46.319704: Epoch 131
2025-12-09 12:46:46.322165: Current learning rate: 6e-05
2025-12-09 12:47:51.549715: train_loss 0.6783
2025-12-09 12:47:51.554454: val_loss 0.6638
2025-12-09 12:47:51.557531: val classification accuracy 0.5094
2025-12-09 12:47:51.560918: val auc 0.6189
2025-12-09 12:47:51.564109: Epoch time: 65.23 s
2025-12-09 12:47:52.321951: 
2025-12-09 12:47:52.325480: Epoch 132
2025-12-09 12:47:52.328089: Current learning rate: 6e-05
2025-12-09 12:48:57.597486: train_loss 0.6642
2025-12-09 12:48:57.601657: val_loss 0.6517
2025-12-09 12:48:57.604624: val classification accuracy 0.6321
2025-12-09 12:48:57.607257: val auc 0.6785
2025-12-09 12:48:57.610061: Epoch time: 65.28 s
2025-12-09 12:48:58.331621: 
2025-12-09 12:48:58.335228: Epoch 133
2025-12-09 12:48:58.338136: Current learning rate: 6e-05
2025-12-09 12:50:03.628383: train_loss 0.6824
2025-12-09 12:50:03.632798: val_loss 0.6541
2025-12-09 12:50:03.635984: val classification accuracy 0.5943
2025-12-09 12:50:03.639301: val auc 0.6638
2025-12-09 12:50:03.642430: Epoch time: 65.3 s
2025-12-09 12:50:04.371459: 
2025-12-09 12:50:04.375907: Epoch 134
2025-12-09 12:50:04.379990: Current learning rate: 6e-05
2025-12-09 12:51:09.500173: train_loss 0.6806
2025-12-09 12:51:09.504252: val_loss 0.643
2025-12-09 12:51:09.507145: val classification accuracy 0.6132
2025-12-09 12:51:09.510119: val auc 0.6744
2025-12-09 12:51:09.513070: Epoch time: 65.13 s
2025-12-09 12:51:10.253756: 
2025-12-09 12:51:10.257238: Epoch 135
2025-12-09 12:51:10.260191: Current learning rate: 6e-05
2025-12-09 12:52:14.973755: train_loss 0.6594
2025-12-09 12:52:14.978062: val_loss 0.695
2025-12-09 12:52:14.980807: val classification accuracy 0.5472
2025-12-09 12:52:14.983566: val auc 0.5546
2025-12-09 12:52:14.986669: Epoch time: 64.72 s
2025-12-09 12:52:15.737069: 
2025-12-09 12:52:15.740648: Epoch 136
2025-12-09 12:52:15.743384: Current learning rate: 6e-05
2025-12-09 12:53:20.393353: train_loss 0.6714
2025-12-09 12:53:20.398144: val_loss 0.6684
2025-12-09 12:53:20.401233: val classification accuracy 0.5283
2025-12-09 12:53:20.404782: val auc 0.6207
2025-12-09 12:53:20.407926: Epoch time: 64.66 s
2025-12-09 12:53:21.150103: 
2025-12-09 12:53:21.153803: Epoch 137
2025-12-09 12:53:21.156539: Current learning rate: 6e-05
2025-12-09 12:54:25.938721: train_loss 0.689
2025-12-09 12:54:25.943040: val_loss 0.7043
2025-12-09 12:54:25.945837: val classification accuracy 0.4623
2025-12-09 12:54:25.948808: val auc 0.515
2025-12-09 12:54:25.951815: Epoch time: 64.79 s
2025-12-09 12:54:26.691929: 
2025-12-09 12:54:26.695379: Epoch 138
2025-12-09 12:54:26.697908: Current learning rate: 6e-05
2025-12-09 12:55:31.296439: train_loss 0.6821
2025-12-09 12:55:31.300649: val_loss 0.6659
2025-12-09 12:55:31.303453: val classification accuracy 0.5849
2025-12-09 12:55:31.306065: val auc 0.6646
2025-12-09 12:55:31.309224: Epoch time: 64.61 s
2025-12-09 12:55:32.030393: 
2025-12-09 12:55:32.033782: Epoch 139
2025-12-09 12:55:32.036300: Current learning rate: 6e-05
2025-12-09 12:56:36.972571: train_loss 0.6794
2025-12-09 12:56:36.977185: val_loss 0.6921
2025-12-09 12:56:36.980424: val classification accuracy 0.5472
2025-12-09 12:56:36.983642: val auc 0.552
2025-12-09 12:56:36.986937: Epoch time: 64.94 s
2025-12-09 12:56:37.744372: 
2025-12-09 12:56:37.748270: Epoch 140
2025-12-09 12:56:37.751342: Current learning rate: 6e-05
2025-12-09 12:57:42.125564: train_loss 0.6651
2025-12-09 12:57:42.129916: val_loss 0.6427
2025-12-09 12:57:42.133523: val classification accuracy 0.6792
2025-12-09 12:57:42.136595: val auc 0.7081
2025-12-09 12:57:42.139690: Epoch time: 64.38 s
2025-12-09 12:57:42.142663: Yayy! New best classification accuracy: 0.6792
2025-12-09 12:57:45.101592: 
2025-12-09 12:57:45.105581: Epoch 141
2025-12-09 12:57:45.108475: Current learning rate: 6e-05
2025-12-09 12:58:50.102981: train_loss 0.6701
2025-12-09 12:58:50.107546: val_loss 0.6586
2025-12-09 12:58:50.111025: val classification accuracy 0.6698
2025-12-09 12:58:50.114014: val auc 0.6737
2025-12-09 12:58:50.117076: Epoch time: 65.0 s
2025-12-09 12:58:50.848552: 
2025-12-09 12:58:50.852237: Epoch 142
2025-12-09 12:58:50.854899: Current learning rate: 6e-05
2025-12-09 12:59:55.887501: train_loss 0.6572
2025-12-09 12:59:55.892396: val_loss 0.6612
2025-12-09 12:59:55.895706: val classification accuracy 0.5943
2025-12-09 12:59:55.898964: val auc 0.6132
2025-12-09 12:59:55.902092: Epoch time: 65.04 s
2025-12-09 12:59:56.624521: 
2025-12-09 12:59:56.628319: Epoch 143
2025-12-09 12:59:56.631483: Current learning rate: 6e-05
2025-12-09 13:01:01.655147: train_loss 0.6777
2025-12-09 13:01:01.660189: val_loss 0.6796
2025-12-09 13:01:01.663389: val classification accuracy 0.566
2025-12-09 13:01:01.666892: val auc 0.5936
2025-12-09 13:01:01.670118: Epoch time: 65.03 s
2025-12-09 13:01:02.400960: 
2025-12-09 13:01:02.404748: Epoch 144
2025-12-09 13:01:02.408191: Current learning rate: 6e-05
2025-12-09 13:02:07.619422: train_loss 0.665
2025-12-09 13:02:07.624093: val_loss 0.5826
2025-12-09 13:02:07.627478: val classification accuracy 0.7358
2025-12-09 13:02:07.631032: val auc 0.7951
2025-12-09 13:02:07.634398: Epoch time: 65.22 s
2025-12-09 13:02:07.637147: Yayy! New best EMA pseudo Dice: 0.7951
2025-12-09 13:02:09.677556: Yayy! New best classification accuracy: 0.7358
2025-12-09 13:02:11.681869: 
2025-12-09 13:02:11.685765: Epoch 145
2025-12-09 13:02:11.689548: Current learning rate: 6e-05
2025-12-09 13:03:16.098980: train_loss 0.6739
2025-12-09 13:03:16.103868: val_loss 0.7032
2025-12-09 13:03:16.106814: val classification accuracy 0.4811
2025-12-09 13:03:16.109845: val auc 0.4968
2025-12-09 13:03:16.112826: Epoch time: 64.42 s
2025-12-09 13:03:17.674882: 
2025-12-09 13:03:17.678761: Epoch 146
2025-12-09 13:03:17.682175: Current learning rate: 5e-05
2025-12-09 13:04:22.649920: train_loss 0.6821
2025-12-09 13:04:22.655115: val_loss 0.6899
2025-12-09 13:04:22.658496: val classification accuracy 0.5472
2025-12-09 13:04:22.661596: val auc 0.625
2025-12-09 13:04:22.664636: Epoch time: 64.98 s
2025-12-09 13:04:23.391105: 
2025-12-09 13:04:23.394590: Epoch 147
2025-12-09 13:04:23.397108: Current learning rate: 5e-05
2025-12-09 13:05:28.082267: train_loss 0.6752
2025-12-09 13:05:28.087321: val_loss 0.6725
2025-12-09 13:05:28.090178: val classification accuracy 0.5943
2025-12-09 13:05:28.093203: val auc 0.6
2025-12-09 13:05:28.097000: Epoch time: 64.69 s
2025-12-09 13:05:28.847548: 
2025-12-09 13:05:28.851357: Epoch 148
2025-12-09 13:05:28.854063: Current learning rate: 5e-05
2025-12-09 13:06:33.452017: train_loss 0.6685
2025-12-09 13:06:33.456949: val_loss 0.6779
2025-12-09 13:06:33.460325: val classification accuracy 0.5566
2025-12-09 13:06:33.463473: val auc 0.5635
2025-12-09 13:06:33.466667: Epoch time: 64.61 s
2025-12-09 13:06:34.218570: 
2025-12-09 13:06:34.222407: Epoch 149
2025-12-09 13:06:34.225255: Current learning rate: 5e-05
2025-12-09 13:07:38.994628: train_loss 0.6776
2025-12-09 13:07:39.000035: val_loss 0.6435
2025-12-09 13:07:39.003571: val classification accuracy 0.6981
2025-12-09 13:07:39.006942: val auc 0.7075
2025-12-09 13:07:39.010450: Epoch time: 64.78 s
2025-12-09 13:07:39.730282: 
2025-12-09 13:07:39.733886: Epoch 150
2025-12-09 13:07:39.736640: Current learning rate: 5e-05
2025-12-09 13:08:44.478005: train_loss 0.6766
2025-12-09 13:08:44.483331: val_loss 0.6714
2025-12-09 13:08:44.486523: val classification accuracy 0.5849
2025-12-09 13:08:44.489748: val auc 0.6177
2025-12-09 13:08:44.493275: Epoch time: 64.75 s
2025-12-09 13:08:45.242701: 
2025-12-09 13:08:45.246508: Epoch 151
2025-12-09 13:08:45.249400: Current learning rate: 5e-05
2025-12-09 13:09:50.007109: train_loss 0.6574
2025-12-09 13:09:50.012579: val_loss 0.6646
2025-12-09 13:09:50.015807: val classification accuracy 0.5566
2025-12-09 13:09:50.018869: val auc 0.6114
2025-12-09 13:09:50.021658: Epoch time: 64.77 s
2025-12-09 13:09:50.747448: 
2025-12-09 13:09:50.751364: Epoch 152
2025-12-09 13:09:50.754633: Current learning rate: 5e-05
2025-12-09 13:10:56.026683: train_loss 0.6668
2025-12-09 13:10:56.031890: val_loss 0.6701
2025-12-09 13:10:56.035969: val classification accuracy 0.5943
2025-12-09 13:10:56.039611: val auc 0.6248
2025-12-09 13:10:56.043040: Epoch time: 65.28 s
2025-12-09 13:10:56.805918: 
2025-12-09 13:10:56.809504: Epoch 153
2025-12-09 13:10:56.812303: Current learning rate: 5e-05
2025-12-09 13:12:01.543020: train_loss 0.6879
2025-12-09 13:12:01.548196: val_loss 0.6728
2025-12-09 13:12:01.551172: val classification accuracy 0.5566
2025-12-09 13:12:01.554140: val auc 0.6743
2025-12-09 13:12:01.557176: Epoch time: 64.74 s
2025-12-09 13:12:02.319740: 
2025-12-09 13:12:02.323541: Epoch 154
2025-12-09 13:12:02.326941: Current learning rate: 5e-05
2025-12-09 13:13:07.041506: train_loss 0.6817
2025-12-09 13:13:07.046623: val_loss 0.677
2025-12-09 13:13:07.050025: val classification accuracy 0.6415
2025-12-09 13:13:07.053649: val auc 0.6145
2025-12-09 13:13:07.056764: Epoch time: 64.72 s
2025-12-09 13:13:07.807040: 
2025-12-09 13:13:07.810383: Epoch 155
2025-12-09 13:13:07.813161: Current learning rate: 5e-05
2025-12-09 13:14:12.992962: train_loss 0.6696
2025-12-09 13:14:12.998559: val_loss 0.6913
2025-12-09 13:14:13.001944: val classification accuracy 0.6038
2025-12-09 13:14:13.005435: val auc 0.6032
2025-12-09 13:14:13.008821: Epoch time: 65.19 s
2025-12-09 13:14:13.749220: 
2025-12-09 13:14:13.753620: Epoch 156
2025-12-09 13:14:13.757105: Current learning rate: 5e-05
2025-12-09 13:15:18.773127: train_loss 0.6821
2025-12-09 13:15:18.784752: val_loss 0.6649
2025-12-09 13:15:18.787988: val classification accuracy 0.6226
2025-12-09 13:15:18.790974: val auc 0.6609
2025-12-09 13:15:18.793834: Epoch time: 65.03 s
2025-12-09 13:15:19.517699: 
2025-12-09 13:15:19.521116: Epoch 157
2025-12-09 13:15:19.523766: Current learning rate: 5e-05
2025-12-09 13:16:24.435407: train_loss 0.6548
2025-12-09 13:16:24.440706: val_loss 0.6664
2025-12-09 13:16:24.444230: val classification accuracy 0.5755
2025-12-09 13:16:24.447327: val auc 0.6328
2025-12-09 13:16:24.450719: Epoch time: 64.92 s
2025-12-09 13:16:25.190463: 
2025-12-09 13:16:25.193970: Epoch 158
2025-12-09 13:16:25.196567: Current learning rate: 5e-05
2025-12-09 13:17:29.702191: train_loss 0.6609
2025-12-09 13:17:29.707716: val_loss 0.6298
2025-12-09 13:17:29.711189: val classification accuracy 0.6509
2025-12-09 13:17:29.714216: val auc 0.7013
2025-12-09 13:17:29.717332: Epoch time: 64.51 s
2025-12-09 13:17:30.447408: 
2025-12-09 13:17:30.455070: Epoch 159
2025-12-09 13:17:30.457931: Current learning rate: 5e-05
2025-12-09 13:18:35.124319: train_loss 0.6651
2025-12-09 13:18:35.129051: val_loss 0.7015
2025-12-09 13:18:35.132150: val classification accuracy 0.5566
2025-12-09 13:18:35.135147: val auc 0.5682
2025-12-09 13:18:35.138176: Epoch time: 64.68 s
2025-12-09 13:18:35.876839: 
2025-12-09 13:18:35.880197: Epoch 160
2025-12-09 13:18:35.882691: Current learning rate: 5e-05
2025-12-09 13:19:41.024211: train_loss 0.6696
2025-12-09 13:19:41.028588: val_loss 0.6705
2025-12-09 13:19:41.031683: val classification accuracy 0.5755
2025-12-09 13:19:41.034464: val auc 0.659
2025-12-09 13:19:41.037256: Epoch time: 65.15 s
2025-12-09 13:19:41.750547: 
2025-12-09 13:19:41.754467: Epoch 161
2025-12-09 13:19:41.758228: Current learning rate: 5e-05
2025-12-09 13:20:47.548673: train_loss 0.6826
2025-12-09 13:20:47.554850: val_loss 0.6694
2025-12-09 13:20:47.559124: val classification accuracy 0.5849
2025-12-09 13:20:47.563199: val auc 0.6538
2025-12-09 13:20:47.566907: Epoch time: 65.8 s
2025-12-09 13:20:48.278779: 
2025-12-09 13:20:48.282806: Epoch 162
2025-12-09 13:20:48.285473: Current learning rate: 5e-05
2025-12-09 13:21:53.240244: train_loss 0.6574
2025-12-09 13:21:53.244516: val_loss 0.6849
2025-12-09 13:21:53.248013: val classification accuracy 0.5283
2025-12-09 13:21:53.250814: val auc 0.5845
2025-12-09 13:21:53.254045: Epoch time: 64.96 s
2025-12-09 13:21:53.976447: 
2025-12-09 13:21:53.980108: Epoch 163
2025-12-09 13:21:53.983325: Current learning rate: 5e-05
2025-12-09 13:22:59.341367: train_loss 0.6816
2025-12-09 13:22:59.345713: val_loss 0.6737
2025-12-09 13:22:59.348632: val classification accuracy 0.566
2025-12-09 13:22:59.351555: val auc 0.5764
2025-12-09 13:22:59.354500: Epoch time: 65.37 s
2025-12-09 13:23:00.081365: 
2025-12-09 13:23:00.084836: Epoch 164
2025-12-09 13:23:00.087716: Current learning rate: 5e-05
2025-12-09 13:24:04.765265: train_loss 0.6739
2025-12-09 13:24:04.781025: val_loss 0.6715
2025-12-09 13:24:04.784425: val classification accuracy 0.5755
2025-12-09 13:24:04.787584: val auc 0.5883
2025-12-09 13:24:04.790804: Epoch time: 64.69 s
2025-12-09 13:24:05.543004: 
2025-12-09 13:24:05.546819: Epoch 165
2025-12-09 13:24:05.549985: Current learning rate: 5e-05
2025-12-09 13:25:10.974061: train_loss 0.6648
2025-12-09 13:25:10.978977: val_loss 0.6628
2025-12-09 13:25:10.982378: val classification accuracy 0.6226
2025-12-09 13:25:10.985694: val auc 0.6355
2025-12-09 13:25:10.988899: Epoch time: 65.43 s
2025-12-09 13:25:11.789819: 
2025-12-09 13:25:11.793587: Epoch 166
2025-12-09 13:25:11.796433: Current learning rate: 5e-05
2025-12-09 13:26:17.126316: train_loss 0.6726
2025-12-09 13:26:17.130948: val_loss 0.6687
2025-12-09 13:26:17.134018: val classification accuracy 0.5849
2025-12-09 13:26:17.138120: val auc 0.6415
2025-12-09 13:26:17.141682: Epoch time: 65.34 s
2025-12-09 13:26:17.920958: 
2025-12-09 13:26:17.924775: Epoch 167
2025-12-09 13:26:17.927642: Current learning rate: 5e-05
2025-12-09 13:27:23.056280: train_loss 0.6743
2025-12-09 13:27:23.060995: val_loss 0.6585
2025-12-09 13:27:23.064353: val classification accuracy 0.5849
2025-12-09 13:27:23.067437: val auc 0.6702
2025-12-09 13:27:23.070643: Epoch time: 65.14 s
2025-12-09 13:27:23.827646: 
2025-12-09 13:27:23.831395: Epoch 168
2025-12-09 13:27:23.834034: Current learning rate: 5e-05
2025-12-09 13:28:28.669434: train_loss 0.653
2025-12-09 13:28:28.691625: val_loss 0.6603
2025-12-09 13:28:28.695229: val classification accuracy 0.5755
2025-12-09 13:28:28.698576: val auc 0.6371
2025-12-09 13:28:28.701582: Epoch time: 64.84 s
2025-12-09 13:28:29.436132: 
2025-12-09 13:28:29.440014: Epoch 169
2025-12-09 13:28:29.443268: Current learning rate: 5e-05
2025-12-09 13:29:34.479515: train_loss 0.6763
2025-12-09 13:29:34.484189: val_loss 0.6701
2025-12-09 13:29:34.487448: val classification accuracy 0.566
2025-12-09 13:29:34.490306: val auc 0.6036
2025-12-09 13:29:34.493440: Epoch time: 65.04 s
2025-12-09 13:29:35.239905: 
2025-12-09 13:29:35.243407: Epoch 170
2025-12-09 13:29:35.246085: Current learning rate: 5e-05
2025-12-09 13:30:40.592494: train_loss 0.6595
2025-12-09 13:30:40.597010: val_loss 0.6922
2025-12-09 13:30:40.600305: val classification accuracy 0.566
2025-12-09 13:30:40.603550: val auc 0.5792
2025-12-09 13:30:40.606985: Epoch time: 65.35 s
2025-12-09 13:30:41.338244: 
2025-12-09 13:30:41.341512: Epoch 171
2025-12-09 13:30:41.344221: Current learning rate: 5e-05
2025-12-09 13:31:46.117565: train_loss 0.6705
2025-12-09 13:31:46.122588: val_loss 0.6524
2025-12-09 13:31:46.126274: val classification accuracy 0.6038
2025-12-09 13:31:46.129336: val auc 0.646
2025-12-09 13:31:46.132702: Epoch time: 64.78 s
2025-12-09 13:31:46.852206: 
2025-12-09 13:31:46.856342: Epoch 172
2025-12-09 13:31:46.859735: Current learning rate: 5e-05
2025-12-09 13:32:51.713481: train_loss 0.6648
2025-12-09 13:32:51.718482: val_loss 0.6499
2025-12-09 13:32:51.721671: val classification accuracy 0.6509
2025-12-09 13:32:51.724761: val auc 0.6903
2025-12-09 13:32:51.727870: Epoch time: 64.86 s
2025-12-09 13:32:52.452957: 
2025-12-09 13:32:52.456824: Epoch 173
2025-12-09 13:32:52.459579: Current learning rate: 5e-05
2025-12-09 13:33:57.021195: train_loss 0.6618
2025-12-09 13:33:57.025845: val_loss 0.6641
2025-12-09 13:33:57.029197: val classification accuracy 0.6226
2025-12-09 13:33:57.032178: val auc 0.639
2025-12-09 13:33:57.035410: Epoch time: 64.57 s
2025-12-09 13:33:57.776056: 
2025-12-09 13:33:57.779953: Epoch 174
2025-12-09 13:33:57.782609: Current learning rate: 5e-05
2025-12-09 13:35:02.406945: train_loss 0.6625
2025-12-09 13:35:02.411500: val_loss 0.6515
2025-12-09 13:35:02.414729: val classification accuracy 0.5755
2025-12-09 13:35:02.417900: val auc 0.6707
2025-12-09 13:35:02.420807: Epoch time: 64.63 s
2025-12-09 13:35:03.157152: 
2025-12-09 13:35:03.160848: Epoch 175
2025-12-09 13:35:03.163770: Current learning rate: 5e-05
2025-12-09 13:36:07.741220: train_loss 0.6531
2025-12-09 13:36:07.751662: val_loss 0.6725
2025-12-09 13:36:07.754761: val classification accuracy 0.5755
2025-12-09 13:36:07.757730: val auc 0.6134
2025-12-09 13:36:07.760383: Epoch time: 64.59 s
2025-12-09 13:36:08.496251: 
2025-12-09 13:36:08.499472: Epoch 176
2025-12-09 13:36:08.502162: Current learning rate: 5e-05
2025-12-09 13:37:13.352324: train_loss 0.656
2025-12-09 13:37:13.357559: val_loss 0.6576
2025-12-09 13:37:13.361043: val classification accuracy 0.5943
2025-12-09 13:37:13.364465: val auc 0.6581
2025-12-09 13:37:13.367865: Epoch time: 64.86 s
2025-12-09 13:37:14.932618: 
2025-12-09 13:37:14.936221: Epoch 177
2025-12-09 13:37:14.939087: Current learning rate: 4e-05
2025-12-09 13:38:20.199658: train_loss 0.6355
2025-12-09 13:38:20.204293: val_loss 0.6335
2025-12-09 13:38:20.207121: val classification accuracy 0.6698
2025-12-09 13:38:20.210072: val auc 0.6841
2025-12-09 13:38:20.213107: Epoch time: 65.27 s
2025-12-09 13:38:20.933175: 
2025-12-09 13:38:20.936829: Epoch 178
2025-12-09 13:38:20.939545: Current learning rate: 4e-05
2025-12-09 13:39:26.281360: train_loss 0.6777
2025-12-09 13:39:26.286032: val_loss 0.6549
2025-12-09 13:39:26.289227: val classification accuracy 0.6132
2025-12-09 13:39:26.292647: val auc 0.6387
2025-12-09 13:39:26.295975: Epoch time: 65.35 s
2025-12-09 13:39:27.113724: 
2025-12-09 13:39:27.117246: Epoch 179
2025-12-09 13:39:27.119903: Current learning rate: 4e-05
2025-12-09 13:40:31.973378: train_loss 0.6419
2025-12-09 13:40:31.978046: val_loss 0.6813
2025-12-09 13:40:31.981220: val classification accuracy 0.5472
2025-12-09 13:40:31.984492: val auc 0.5837
2025-12-09 13:40:31.987326: Epoch time: 64.86 s
2025-12-09 13:40:32.784174: 
2025-12-09 13:40:32.787735: Epoch 180
2025-12-09 13:40:32.790467: Current learning rate: 4e-05
2025-12-09 13:41:37.807000: train_loss 0.6582
2025-12-09 13:41:37.811843: val_loss 0.6803
2025-12-09 13:41:37.814850: val classification accuracy 0.5755
2025-12-09 13:41:37.818422: val auc 0.6166
2025-12-09 13:41:37.821300: Epoch time: 65.02 s
2025-12-09 13:41:38.576147: 
2025-12-09 13:41:38.579545: Epoch 181
2025-12-09 13:41:38.582217: Current learning rate: 4e-05
2025-12-09 13:42:43.376499: train_loss 0.6531
2025-12-09 13:42:43.381028: val_loss 0.614
2025-12-09 13:42:43.384476: val classification accuracy 0.6604
2025-12-09 13:42:43.387682: val auc 0.7049
2025-12-09 13:42:43.391396: Epoch time: 64.8 s
2025-12-09 13:42:44.132560: 
2025-12-09 13:42:44.136109: Epoch 182
2025-12-09 13:42:44.138900: Current learning rate: 4e-05
2025-12-09 13:43:48.874325: train_loss 0.6512
2025-12-09 13:43:48.879114: val_loss 0.6492
2025-12-09 13:43:48.892608: val classification accuracy 0.5943
2025-12-09 13:43:48.899085: val auc 0.6504
2025-12-09 13:43:48.904054: Epoch time: 64.74 s
2025-12-09 13:43:49.642499: 
2025-12-09 13:43:49.646045: Epoch 183
2025-12-09 13:43:49.648563: Current learning rate: 4e-05
2025-12-09 13:44:54.984723: train_loss 0.6494
2025-12-09 13:44:54.988953: val_loss 0.6558
2025-12-09 13:44:54.992084: val classification accuracy 0.6132
2025-12-09 13:44:54.995068: val auc 0.6488
2025-12-09 13:44:54.997972: Epoch time: 65.34 s
2025-12-09 13:44:55.719851: 
2025-12-09 13:44:55.723360: Epoch 184
2025-12-09 13:44:55.725957: Current learning rate: 4e-05
2025-12-09 13:46:01.098811: train_loss 0.6926
2025-12-09 13:46:01.124291: val_loss 0.6739
2025-12-09 13:46:01.127481: val classification accuracy 0.5755
2025-12-09 13:46:01.130921: val auc 0.6007
2025-12-09 13:46:01.133859: Epoch time: 65.38 s
2025-12-09 13:46:01.888965: 
2025-12-09 13:46:01.892936: Epoch 185
2025-12-09 13:46:01.895646: Current learning rate: 4e-05
2025-12-09 13:47:07.019278: train_loss 0.6666
2025-12-09 13:47:07.023818: val_loss 0.6497
2025-12-09 13:47:07.027255: val classification accuracy 0.6226
2025-12-09 13:47:07.031621: val auc 0.6944
2025-12-09 13:47:07.035468: Epoch time: 65.13 s
2025-12-09 13:47:07.812036: 
2025-12-09 13:47:07.815793: Epoch 186
2025-12-09 13:47:07.819039: Current learning rate: 4e-05
2025-12-09 13:48:12.838056: train_loss 0.6726
2025-12-09 13:48:12.842829: val_loss 0.6605
2025-12-09 13:48:12.846596: val classification accuracy 0.6321
2025-12-09 13:48:12.849848: val auc 0.6673
2025-12-09 13:48:12.852993: Epoch time: 65.03 s
2025-12-09 13:48:13.603908: 
2025-12-09 13:48:13.607695: Epoch 187
2025-12-09 13:48:13.610586: Current learning rate: 4e-05
2025-12-09 13:49:18.625455: train_loss 0.6674
2025-12-09 13:49:18.630292: val_loss 0.6533
2025-12-09 13:49:18.633496: val classification accuracy 0.6132
2025-12-09 13:49:18.636619: val auc 0.6593
2025-12-09 13:49:18.639966: Epoch time: 65.02 s
2025-12-09 13:49:19.367239: 
2025-12-09 13:49:19.371254: Epoch 188
2025-12-09 13:49:19.374080: Current learning rate: 4e-05
2025-12-09 13:50:24.495605: train_loss 0.6717
2025-12-09 13:50:24.500058: val_loss 0.6658
2025-12-09 13:50:24.502949: val classification accuracy 0.6226
2025-12-09 13:50:24.506329: val auc 0.6953
2025-12-09 13:50:24.509267: Epoch time: 65.13 s
2025-12-09 13:50:25.285444: 
2025-12-09 13:50:25.288763: Epoch 189
2025-12-09 13:50:25.291272: Current learning rate: 4e-05
2025-12-09 13:51:30.415648: train_loss 0.6547
2025-12-09 13:51:30.420858: val_loss 0.6751
2025-12-09 13:51:30.424582: val classification accuracy 0.5377
2025-12-09 13:51:30.428160: val auc 0.6169
2025-12-09 13:51:30.431757: Epoch time: 65.13 s
2025-12-09 13:51:31.163725: 
2025-12-09 13:51:31.167752: Epoch 190
2025-12-09 13:51:31.170581: Current learning rate: 4e-05
2025-12-09 13:52:36.058304: train_loss 0.6597
2025-12-09 13:52:36.079170: val_loss 0.6395
2025-12-09 13:52:36.082592: val classification accuracy 0.6132
2025-12-09 13:52:36.085508: val auc 0.6385
2025-12-09 13:52:36.088466: Epoch time: 64.9 s
2025-12-09 13:52:36.828993: 
2025-12-09 13:52:36.832977: Epoch 191
2025-12-09 13:52:36.835721: Current learning rate: 4e-05
2025-12-09 13:53:41.780490: train_loss 0.6634
2025-12-09 13:53:41.785372: val_loss 0.7036
2025-12-09 13:53:41.788577: val classification accuracy 0.5094
2025-12-09 13:53:41.791681: val auc 0.553
2025-12-09 13:53:41.795093: Epoch time: 64.95 s
2025-12-09 13:53:42.532116: 
2025-12-09 13:53:42.535680: Epoch 192
2025-12-09 13:53:42.538391: Current learning rate: 4e-05
2025-12-09 13:54:47.085988: train_loss 0.6718
2025-12-09 13:54:47.090937: val_loss 0.6335
2025-12-09 13:54:47.094347: val classification accuracy 0.6698
2025-12-09 13:54:47.097372: val auc 0.7229
2025-12-09 13:54:47.100458: Epoch time: 64.56 s
2025-12-09 13:54:48.668918: 
2025-12-09 13:54:48.672482: Epoch 193
2025-12-09 13:54:48.675274: Current learning rate: 4e-05
2025-12-09 13:55:53.361823: train_loss 0.6766
2025-12-09 13:55:53.366828: val_loss 0.6705
2025-12-09 13:55:53.370034: val classification accuracy 0.6226
2025-12-09 13:55:53.373163: val auc 0.6178
2025-12-09 13:55:53.376156: Epoch time: 64.69 s
2025-12-09 13:55:54.127020: 
2025-12-09 13:55:54.130801: Epoch 194
2025-12-09 13:55:54.133483: Current learning rate: 4e-05
2025-12-09 13:56:59.298674: train_loss 0.6774
2025-12-09 13:56:59.304327: val_loss 0.6641
2025-12-09 13:56:59.308858: val classification accuracy 0.5943
2025-12-09 13:56:59.312586: val auc 0.6666
2025-12-09 13:56:59.316489: Epoch time: 65.17 s
2025-12-09 13:57:00.053918: 
2025-12-09 13:57:00.057388: Epoch 195
2025-12-09 13:57:00.060307: Current learning rate: 4e-05
2025-12-09 13:58:05.200987: train_loss 0.6539
2025-12-09 13:58:05.205765: val_loss 0.6731
2025-12-09 13:58:05.209255: val classification accuracy 0.5566
2025-12-09 13:58:05.212538: val auc 0.6784
2025-12-09 13:58:05.215616: Epoch time: 65.15 s
2025-12-09 13:58:05.962735: 
2025-12-09 13:58:05.966247: Epoch 196
2025-12-09 13:58:05.969093: Current learning rate: 4e-05
2025-12-09 13:59:11.136650: train_loss 0.6477
2025-12-09 13:59:11.141160: val_loss 0.6592
2025-12-09 13:59:11.144292: val classification accuracy 0.6226
2025-12-09 13:59:11.147359: val auc 0.6412
2025-12-09 13:59:11.150793: Epoch time: 65.18 s
2025-12-09 13:59:11.875550: 
2025-12-09 13:59:11.879081: Epoch 197
2025-12-09 13:59:11.881816: Current learning rate: 4e-05
2025-12-09 14:00:17.217743: train_loss 0.6487
2025-12-09 14:00:17.223130: val_loss 0.6823
2025-12-09 14:00:17.226907: val classification accuracy 0.5849
2025-12-09 14:00:17.229707: val auc 0.584
2025-12-09 14:00:17.232738: Epoch time: 65.34 s
2025-12-09 14:00:17.978257: 
2025-12-09 14:00:17.981775: Epoch 198
2025-12-09 14:00:17.984386: Current learning rate: 4e-05
2025-12-09 14:01:23.014706: train_loss 0.6611
2025-12-09 14:01:23.020923: val_loss 0.6904
2025-12-09 14:01:23.024845: val classification accuracy 0.5943
2025-12-09 14:01:23.028225: val auc 0.5842
2025-12-09 14:01:23.032397: Epoch time: 65.04 s
2025-12-09 14:01:23.768417: 
2025-12-09 14:01:23.772435: Epoch 199
2025-12-09 14:01:23.776019: Current learning rate: 4e-05
2025-12-09 14:02:28.971897: train_loss 0.6489
2025-12-09 14:02:28.976278: val_loss 0.7424
2025-12-09 14:02:28.979622: val classification accuracy 0.4811
2025-12-09 14:02:28.982536: val auc 0.489
2025-12-09 14:02:28.985451: Epoch time: 65.2 s
2025-12-09 14:02:29.717077: 
2025-12-09 14:02:29.720359: Epoch 200
2025-12-09 14:02:29.723016: Current learning rate: 4e-05
2025-12-09 14:03:34.690447: train_loss 0.6602
2025-12-09 14:03:34.695084: val_loss 0.6974
2025-12-09 14:03:34.698549: val classification accuracy 0.5094
2025-12-09 14:03:34.701742: val auc 0.5892
2025-12-09 14:03:34.705062: Epoch time: 64.97 s
2025-12-09 14:03:35.444154: 
2025-12-09 14:03:35.448022: Epoch 201
2025-12-09 14:03:35.451177: Current learning rate: 4e-05
2025-12-09 14:04:40.235374: train_loss 0.6612
2025-12-09 14:04:40.241562: val_loss 0.6482
2025-12-09 14:04:40.245663: val classification accuracy 0.6132
2025-12-09 14:04:40.249633: val auc 0.6796
2025-12-09 14:04:40.253571: Epoch time: 64.79 s
2025-12-09 14:04:40.986680: 
2025-12-09 14:04:40.990618: Epoch 202
2025-12-09 14:04:40.993393: Current learning rate: 4e-05
2025-12-09 14:05:45.752223: train_loss 0.6567
2025-12-09 14:05:45.757501: val_loss 0.6622
2025-12-09 14:05:45.761313: val classification accuracy 0.5943
2025-12-09 14:05:45.764560: val auc 0.6718
2025-12-09 14:05:45.768183: Epoch time: 64.77 s
2025-12-09 14:05:46.495015: 
2025-12-09 14:05:46.499097: Epoch 203
2025-12-09 14:05:46.501800: Current learning rate: 4e-05
2025-12-09 14:06:51.202409: train_loss 0.6669
2025-12-09 14:06:51.206935: val_loss 0.6617
2025-12-09 14:06:51.210205: val classification accuracy 0.6509
2025-12-09 14:06:51.213498: val auc 0.6595
2025-12-09 14:06:51.216607: Epoch time: 64.71 s
2025-12-09 14:06:51.955206: 
2025-12-09 14:06:51.958946: Epoch 204
2025-12-09 14:06:51.961552: Current learning rate: 4e-05
2025-12-09 14:07:56.515730: train_loss 0.6621
2025-12-09 14:07:56.519940: val_loss 0.68
2025-12-09 14:07:56.523043: val classification accuracy 0.5755
2025-12-09 14:07:56.525798: val auc 0.5892
2025-12-09 14:07:56.528516: Epoch time: 64.56 s
2025-12-09 14:07:57.261573: 
2025-12-09 14:07:57.265047: Epoch 205
2025-12-09 14:07:57.267572: Current learning rate: 4e-05
2025-12-09 14:09:02.033503: train_loss 0.647
2025-12-09 14:09:02.037816: val_loss 0.6914
2025-12-09 14:09:02.040767: val classification accuracy 0.5283
2025-12-09 14:09:02.043697: val auc 0.5427
2025-12-09 14:09:02.046918: Epoch time: 64.77 s
2025-12-09 14:09:02.782403: 
2025-12-09 14:09:02.786355: Epoch 206
2025-12-09 14:09:02.789122: Current learning rate: 4e-05
2025-12-09 14:10:07.940924: train_loss 0.6663
2025-12-09 14:10:07.945287: val_loss 0.6627
2025-12-09 14:10:07.948223: val classification accuracy 0.6321
2025-12-09 14:10:07.951365: val auc 0.7042
2025-12-09 14:10:07.954896: Epoch time: 65.16 s
2025-12-09 14:10:08.674136: 
2025-12-09 14:10:08.677684: Epoch 207
2025-12-09 14:10:08.680321: Current learning rate: 3e-05
2025-12-09 14:11:13.485544: train_loss 0.6751
2025-12-09 14:11:13.490458: val_loss 0.6645
2025-12-09 14:11:13.493688: val classification accuracy 0.6226
2025-12-09 14:11:13.496924: val auc 0.6511
2025-12-09 14:11:13.500019: Epoch time: 64.81 s
2025-12-09 14:11:14.248533: 
2025-12-09 14:11:14.252095: Epoch 208
2025-12-09 14:11:14.255037: Current learning rate: 3e-05
2025-12-09 14:12:19.267127: train_loss 0.6648
2025-12-09 14:12:19.272323: val_loss 0.6895
2025-12-09 14:12:19.275476: val classification accuracy 0.5566
2025-12-09 14:12:19.278861: val auc 0.568
2025-12-09 14:12:19.281720: Epoch time: 65.02 s
2025-12-09 14:12:20.946105: 
2025-12-09 14:12:20.949687: Epoch 209
2025-12-09 14:12:20.952333: Current learning rate: 3e-05
2025-12-09 14:13:25.963937: train_loss 0.6575
2025-12-09 14:13:25.968401: val_loss 0.6728
2025-12-09 14:13:25.972270: val classification accuracy 0.5566
2025-12-09 14:13:25.975385: val auc 0.6242
2025-12-09 14:13:25.978468: Epoch time: 65.02 s
2025-12-09 14:13:26.689391: 
2025-12-09 14:13:26.692873: Epoch 210
2025-12-09 14:13:26.695443: Current learning rate: 3e-05
2025-12-09 14:14:31.878527: train_loss 0.6532
2025-12-09 14:14:31.883460: val_loss 0.6637
2025-12-09 14:14:31.887101: val classification accuracy 0.5943
2025-12-09 14:14:31.890163: val auc 0.6444
2025-12-09 14:14:31.893253: Epoch time: 65.19 s
2025-12-09 14:14:32.626592: 
2025-12-09 14:14:32.630225: Epoch 211
2025-12-09 14:14:32.632786: Current learning rate: 3e-05
2025-12-09 14:15:37.804981: train_loss 0.6572
2025-12-09 14:15:37.809527: val_loss 0.6577
2025-12-09 14:15:37.812817: val classification accuracy 0.5943
2025-12-09 14:15:37.816109: val auc 0.6435
2025-12-09 14:15:37.819254: Epoch time: 65.18 s
2025-12-09 14:15:38.607549: 
2025-12-09 14:15:38.611229: Epoch 212
2025-12-09 14:15:38.613992: Current learning rate: 3e-05
2025-12-09 14:16:43.862285: train_loss 0.6468
2025-12-09 14:16:43.866657: val_loss 0.6678
2025-12-09 14:16:43.869779: val classification accuracy 0.5849
2025-12-09 14:16:43.872670: val auc 0.6072
2025-12-09 14:16:43.875749: Epoch time: 65.26 s
2025-12-09 14:16:44.605457: 
2025-12-09 14:16:44.608790: Epoch 213
2025-12-09 14:16:44.611485: Current learning rate: 3e-05
2025-12-09 14:17:49.778085: train_loss 0.6633
2025-12-09 14:17:49.782567: val_loss 0.6615
2025-12-09 14:17:49.785913: val classification accuracy 0.5943
2025-12-09 14:17:49.789042: val auc 0.6349
2025-12-09 14:17:49.792407: Epoch time: 65.17 s
2025-12-09 14:17:50.596382: 
2025-12-09 14:17:50.600278: Epoch 214
2025-12-09 14:17:50.603684: Current learning rate: 3e-05
2025-12-09 14:18:55.513472: train_loss 0.6553
2025-12-09 14:18:55.518242: val_loss 0.6355
2025-12-09 14:18:55.521759: val classification accuracy 0.6038
2025-12-09 14:18:55.526995: val auc 0.6921
2025-12-09 14:18:55.530660: Epoch time: 64.92 s
2025-12-09 14:18:56.325054: 
2025-12-09 14:18:56.328890: Epoch 215
2025-12-09 14:18:56.332130: Current learning rate: 3e-05
2025-12-09 14:20:01.521909: train_loss 0.6412
2025-12-09 14:20:01.526925: val_loss 0.6532
2025-12-09 14:20:01.530430: val classification accuracy 0.566
2025-12-09 14:20:01.533577: val auc 0.6321
2025-12-09 14:20:01.536810: Epoch time: 65.2 s
2025-12-09 14:20:02.263627: 
2025-12-09 14:20:02.267298: Epoch 216
2025-12-09 14:20:02.269994: Current learning rate: 3e-05
2025-12-09 14:21:07.444035: train_loss 0.6676
2025-12-09 14:21:07.448733: val_loss 0.6555
2025-12-09 14:21:07.452050: val classification accuracy 0.5943
2025-12-09 14:21:07.455332: val auc 0.6728
2025-12-09 14:21:07.458434: Epoch time: 65.18 s
2025-12-09 14:21:08.217853: 
2025-12-09 14:21:08.221662: Epoch 217
2025-12-09 14:21:08.224739: Current learning rate: 3e-05
2025-12-09 14:22:13.564150: train_loss 0.6595
2025-12-09 14:22:13.568911: val_loss 0.6592
2025-12-09 14:22:13.572039: val classification accuracy 0.6226
2025-12-09 14:22:13.575159: val auc 0.649
2025-12-09 14:22:13.578089: Epoch time: 65.35 s
2025-12-09 14:22:14.325804: 
2025-12-09 14:22:14.329618: Epoch 218
2025-12-09 14:22:14.332425: Current learning rate: 3e-05
2025-12-09 14:23:19.187244: train_loss 0.6671
2025-12-09 14:23:19.193099: val_loss 0.6582
2025-12-09 14:23:19.203382: val classification accuracy 0.6038
2025-12-09 14:23:19.213990: val auc 0.6362
2025-12-09 14:23:19.220754: Epoch time: 64.86 s
2025-12-09 14:23:19.965339: 
2025-12-09 14:23:19.969043: Epoch 219
2025-12-09 14:23:19.972004: Current learning rate: 3e-05
2025-12-09 14:24:24.781637: train_loss 0.6617
2025-12-09 14:24:24.807915: val_loss 0.6663
2025-12-09 14:24:24.811457: val classification accuracy 0.5755
2025-12-09 14:24:24.814691: val auc 0.6225
2025-12-09 14:24:24.818007: Epoch time: 64.82 s
2025-12-09 14:24:25.552798: 
2025-12-09 14:24:25.556277: Epoch 220
2025-12-09 14:24:25.559204: Current learning rate: 3e-05
2025-12-09 14:25:30.715552: train_loss 0.6449
2025-12-09 14:25:30.720212: val_loss 0.6721
2025-12-09 14:25:30.723426: val classification accuracy 0.6132
2025-12-09 14:25:30.726365: val auc 0.6367
2025-12-09 14:25:30.729374: Epoch time: 65.16 s
2025-12-09 14:25:31.483725: 
2025-12-09 14:25:31.487492: Epoch 221
2025-12-09 14:25:31.490683: Current learning rate: 3e-05
2025-12-09 14:26:36.573324: train_loss 0.6524
2025-12-09 14:26:36.577743: val_loss 0.6133
2025-12-09 14:26:36.580843: val classification accuracy 0.6509
2025-12-09 14:26:36.584188: val auc 0.743
2025-12-09 14:26:36.587119: Epoch time: 65.09 s
2025-12-09 14:26:37.329241: 
2025-12-09 14:26:37.332832: Epoch 222
2025-12-09 14:26:37.335535: Current learning rate: 3e-05
2025-12-09 14:27:42.222632: train_loss 0.649
2025-12-09 14:27:42.228956: val_loss 0.6752
2025-12-09 14:27:42.232959: val classification accuracy 0.5755
2025-12-09 14:27:42.237712: val auc 0.6363
2025-12-09 14:27:42.242275: Epoch time: 64.89 s
2025-12-09 14:27:43.024545: 
2025-12-09 14:27:43.028491: Epoch 223
2025-12-09 14:27:43.031886: Current learning rate: 3e-05
2025-12-09 14:28:48.080315: train_loss 0.6551
2025-12-09 14:28:48.084949: val_loss 0.6664
2025-12-09 14:28:48.088176: val classification accuracy 0.6038
2025-12-09 14:28:48.091630: val auc 0.6073
2025-12-09 14:28:48.095160: Epoch time: 65.06 s
2025-12-09 14:28:48.846142: 
2025-12-09 14:28:48.849998: Epoch 224
2025-12-09 14:28:48.853472: Current learning rate: 3e-05
2025-12-09 14:29:53.914163: train_loss 0.6528
2025-12-09 14:29:53.919038: val_loss 0.6556
2025-12-09 14:29:53.922579: val classification accuracy 0.6226
2025-12-09 14:29:53.925734: val auc 0.6723
2025-12-09 14:29:53.929475: Epoch time: 65.07 s
2025-12-09 14:29:55.641047: 
2025-12-09 14:29:55.644448: Epoch 225
2025-12-09 14:29:55.649551: Current learning rate: 3e-05
2025-12-09 14:31:00.362420: train_loss 0.6543
2025-12-09 14:31:00.366917: val_loss 0.6687
2025-12-09 14:31:00.370331: val classification accuracy 0.566
2025-12-09 14:31:00.373364: val auc 0.5938
2025-12-09 14:31:00.376678: Epoch time: 64.72 s
2025-12-09 14:31:01.106744: 
2025-12-09 14:31:01.110656: Epoch 226
2025-12-09 14:31:01.113974: Current learning rate: 3e-05
2025-12-09 14:32:05.768342: train_loss 0.6513
2025-12-09 14:32:05.773178: val_loss 0.7082
2025-12-09 14:32:05.776346: val classification accuracy 0.5472
2025-12-09 14:32:05.779507: val auc 0.5577
2025-12-09 14:32:05.782773: Epoch time: 64.66 s
2025-12-09 14:32:06.534223: 
2025-12-09 14:32:06.538046: Epoch 227
2025-12-09 14:32:06.540737: Current learning rate: 3e-05
2025-12-09 14:33:11.286478: train_loss 0.6417
2025-12-09 14:33:11.291499: val_loss 0.6089
2025-12-09 14:33:11.294772: val classification accuracy 0.6509
2025-12-09 14:33:11.297601: val auc 0.7302
2025-12-09 14:33:11.300757: Epoch time: 64.75 s
2025-12-09 14:33:12.055697: 
2025-12-09 14:33:12.059478: Epoch 228
2025-12-09 14:33:12.062639: Current learning rate: 3e-05
2025-12-09 14:34:17.158854: train_loss 0.6483
2025-12-09 14:34:17.163908: val_loss 0.6537
2025-12-09 14:34:17.166981: val classification accuracy 0.6415
2025-12-09 14:34:17.170086: val auc 0.6664
2025-12-09 14:34:17.173237: Epoch time: 65.1 s
2025-12-09 14:34:17.937021: 
2025-12-09 14:34:17.940701: Epoch 229
2025-12-09 14:34:17.943706: Current learning rate: 3e-05
2025-12-09 14:35:23.159332: train_loss 0.6415
2025-12-09 14:35:23.175822: val_loss 0.6901
2025-12-09 14:35:23.179366: val classification accuracy 0.5849
2025-12-09 14:35:23.182716: val auc 0.5744
2025-12-09 14:35:23.185950: Epoch time: 65.22 s
2025-12-09 14:35:23.987670: 
2025-12-09 14:35:23.991568: Epoch 230
2025-12-09 14:35:23.994370: Current learning rate: 3e-05
2025-12-09 14:36:29.156017: train_loss 0.655
2025-12-09 14:36:29.161354: val_loss 0.6817
2025-12-09 14:36:29.164248: val classification accuracy 0.5943
2025-12-09 14:36:29.167239: val auc 0.5589
2025-12-09 14:36:29.170580: Epoch time: 65.17 s
2025-12-09 14:36:29.930889: 
2025-12-09 14:36:29.934518: Epoch 231
2025-12-09 14:36:29.937310: Current learning rate: 3e-05
2025-12-09 14:37:35.440833: train_loss 0.6595
2025-12-09 14:37:35.445735: val_loss 0.6375
2025-12-09 14:37:35.449208: val classification accuracy 0.6698
2025-12-09 14:37:35.452297: val auc 0.6942
2025-12-09 14:37:35.456203: Epoch time: 65.51 s
2025-12-09 14:37:36.208562: 
2025-12-09 14:37:36.212214: Epoch 232
2025-12-09 14:37:36.214916: Current learning rate: 3e-05
2025-12-09 14:38:41.254445: train_loss 0.6771
2025-12-09 14:38:41.259460: val_loss 0.698
2025-12-09 14:38:41.262776: val classification accuracy 0.5094
2025-12-09 14:38:41.265682: val auc 0.5395
2025-12-09 14:38:41.268681: Epoch time: 65.05 s
2025-12-09 14:38:41.983084: 
2025-12-09 14:38:41.986653: Epoch 233
2025-12-09 14:38:41.989352: Current learning rate: 3e-05
2025-12-09 14:39:46.942552: train_loss 0.6465
2025-12-09 14:39:46.947470: val_loss 0.6671
2025-12-09 14:39:46.951170: val classification accuracy 0.5849
2025-12-09 14:39:46.954249: val auc 0.639
2025-12-09 14:39:46.957636: Epoch time: 64.96 s
2025-12-09 14:39:47.675956: 
2025-12-09 14:39:47.680096: Epoch 234
2025-12-09 14:39:47.683624: Current learning rate: 3e-05
2025-12-09 14:40:52.941052: train_loss 0.6591
2025-12-09 14:40:52.945865: val_loss 0.7094
2025-12-09 14:40:52.949514: val classification accuracy 0.6132
2025-12-09 14:40:52.952967: val auc 0.6257
2025-12-09 14:40:52.956536: Epoch time: 65.27 s
2025-12-09 14:40:53.758933: 
2025-12-09 14:40:53.763149: Epoch 235
2025-12-09 14:40:53.766286: Current learning rate: 3e-05
2025-12-09 14:41:58.780093: train_loss 0.6542
2025-12-09 14:41:58.784963: val_loss 0.7007
2025-12-09 14:41:58.788216: val classification accuracy 0.5943
2025-12-09 14:41:58.791614: val auc 0.6467
2025-12-09 14:41:58.794625: Epoch time: 65.02 s
2025-12-09 14:41:59.556522: 
2025-12-09 14:41:59.560067: Epoch 236
2025-12-09 14:41:59.562968: Current learning rate: 2e-05
2025-12-09 14:43:04.915515: train_loss 0.6452
2025-12-09 14:43:04.920357: val_loss 0.6576
2025-12-09 14:43:04.923344: val classification accuracy 0.6226
2025-12-09 14:43:04.926492: val auc 0.6531
2025-12-09 14:43:04.929532: Epoch time: 65.36 s
2025-12-09 14:43:05.699421: 
2025-12-09 14:43:05.702924: Epoch 237
2025-12-09 14:43:05.706033: Current learning rate: 2e-05
2025-12-09 14:44:10.173778: train_loss 0.6245
2025-12-09 14:44:10.178601: val_loss 0.6996
2025-12-09 14:44:10.182223: val classification accuracy 0.5189
2025-12-09 14:44:10.185394: val auc 0.6178
2025-12-09 14:44:10.188631: Epoch time: 64.48 s
2025-12-09 14:44:10.921226: 
2025-12-09 14:44:10.924892: Epoch 238
2025-12-09 14:44:10.927705: Current learning rate: 2e-05
2025-12-09 14:45:15.594809: train_loss 0.6634
2025-12-09 14:45:15.599646: val_loss 0.6706
2025-12-09 14:45:15.603064: val classification accuracy 0.4811
2025-12-09 14:45:15.610167: val auc 0.6757
2025-12-09 14:45:15.613811: Epoch time: 64.67 s
2025-12-09 14:45:16.352604: 
2025-12-09 14:45:16.356266: Epoch 239
2025-12-09 14:45:16.359823: Current learning rate: 2e-05
2025-12-09 14:46:21.002538: train_loss 0.6496
2025-12-09 14:46:21.007476: val_loss 0.6601
2025-12-09 14:46:21.011112: val classification accuracy 0.6226
2025-12-09 14:46:21.014103: val auc 0.6766
2025-12-09 14:46:21.017005: Epoch time: 64.65 s
2025-12-09 14:46:21.739824: 
2025-12-09 14:46:21.743555: Epoch 240
2025-12-09 14:46:21.746451: Current learning rate: 2e-05
2025-12-09 14:47:25.873415: train_loss 0.6666
2025-12-09 14:47:25.877726: val_loss 0.6944
2025-12-09 14:47:25.881445: val classification accuracy 0.5377
2025-12-09 14:47:25.884429: val auc 0.5926
2025-12-09 14:47:25.887540: Epoch time: 64.13 s
2025-12-09 14:47:26.590113: 
2025-12-09 14:47:26.593720: Epoch 241
2025-12-09 14:47:26.596477: Current learning rate: 2e-05
2025-12-09 14:48:30.778589: train_loss 0.6616
2025-12-09 14:48:30.785437: val_loss 0.6346
2025-12-09 14:48:30.790860: val classification accuracy 0.6132
2025-12-09 14:48:30.794535: val auc 0.7004
2025-12-09 14:48:30.799582: Epoch time: 64.19 s
2025-12-09 14:48:31.498394: 
2025-12-09 14:48:31.501920: Epoch 242
2025-12-09 14:48:31.505337: Current learning rate: 2e-05
2025-12-09 14:49:35.004995: train_loss 0.6547
2025-12-09 14:49:35.009001: val_loss 0.6548
2025-12-09 14:49:35.012439: val classification accuracy 0.6698
2025-12-09 14:49:35.015188: val auc 0.6803
2025-12-09 14:49:35.018136: Epoch time: 63.51 s
2025-12-09 14:49:35.714834: 
2025-12-09 14:49:35.718157: Epoch 243
2025-12-09 14:49:35.720620: Current learning rate: 2e-05
2025-12-09 14:50:40.775952: train_loss 0.6608
2025-12-09 14:50:40.780594: val_loss 0.669
2025-12-09 14:50:40.783905: val classification accuracy 0.5755
2025-12-09 14:50:40.787377: val auc 0.61
2025-12-09 14:50:40.790672: Epoch time: 65.06 s
2025-12-09 14:50:41.548102: 
2025-12-09 14:50:41.552548: Epoch 244
2025-12-09 14:50:41.556184: Current learning rate: 2e-05
2025-12-09 14:51:46.278781: train_loss 0.6393
2025-12-09 14:51:46.283470: val_loss 0.6734
2025-12-09 14:51:46.286762: val classification accuracy 0.5094
2025-12-09 14:51:46.290068: val auc 0.6098
2025-12-09 14:51:46.293177: Epoch time: 64.73 s
2025-12-09 14:51:46.295990: Early stopping triggered at epoch 244. Best val_losses=0.5826
2025-12-09 14:51:47.027727: Stopping training early due to early stopping criterion.
2025-12-09 14:51:49.140548: Training done.
2025-12-09 14:51:49.147235: Skipping perform_actual_validation for classification trainer (segmentation-style sliding window is not applicable).
[1;34mwandb[0m: 
[1;34mwandb[0m:  View run [33mSwinViTTrainer_ep300_NoMirroring_fold3[0m at: [34m[0m
[1;34mwandb[0m: Find logs at: [1;35m../../tmp/wandb/wandb/run-20251209_102128-zi0g23kp/logs[0m
