Using device: cuda:0

#######################################################################
Please cite the following paper when using nnU-Net:
Isensee, F., Jaeger, P. F., Kohl, S. A., Petersen, J., & Maier-Hein, K. H. (2021). nnU-Net: a self-configuring method for deep learning-based biomedical image segmentation. Nature methods, 18(2), 203-211.
#######################################################################

2025-12-09 08:06:38.903393: Using torch.compile...
2025-12-09 08:06:52.501128: do_dummy_2d_data_aug: False
2025-12-09 08:06:52.507750: Using splits from existing split file: /hpf/projects/jquon/sumin/nnUNet_data/nnUNet_preprocessed/Dataset003_AVM_T1+C/splits_final.json
2025-12-09 08:06:52.513644: The split file contains 5 splits.
2025-12-09 08:06:52.516982: Desired fold for training: 2
2025-12-09 08:06:52.519921: This split has 392 training and 120 validation cases.
using pin_memory on device 0
using pin_memory on device 0

This is the configuration used by this training:
Configuration name: 3d_fullres
 {'data_identifier': 'nnUNetPlans_3d_fullres', 'preprocessor_name': 'DefaultPreprocessor', 'batch_size': 2, 'patch_size': [160, 224, 192], 'median_image_size_in_voxels': [344.0, 448.0, 429.0], 'spacing': [0.500000923871994, 0.4910714328289032, 0.4910714328289032], 'normalization_schemes': ['ZScoreNormalization'], 'use_mask_for_norm': [False], 'resampling_fn_data': 'resample_data_or_seg_to_shape', 'resampling_fn_seg': 'resample_data_or_seg_to_shape', 'resampling_fn_data_kwargs': {'is_seg': False, 'order': 3, 'order_z': 0, 'force_separate_z': None}, 'resampling_fn_seg_kwargs': {'is_seg': True, 'order': 1, 'order_z': 0, 'force_separate_z': None}, 'resampling_fn_probabilities': 'resample_data_or_seg_to_shape', 'resampling_fn_probabilities_kwargs': {'is_seg': False, 'order': 1, 'order_z': 0, 'force_separate_z': None}, 'architecture': {'network_class_name': 'dynamic_network_architectures.architectures.unet.ResidualEncoderUNet', 'arch_kwargs': {'n_stages': 6, 'features_per_stage': [32, 64, 128, 256, 320, 320], 'conv_op': 'torch.nn.modules.conv.Conv3d', 'kernel_sizes': [[3, 3, 3], [3, 3, 3], [3, 3, 3], [3, 3, 3], [3, 3, 3], [3, 3, 3]], 'strides': [[1, 1, 1], [2, 2, 2], [2, 2, 2], [2, 2, 2], [2, 2, 2], [2, 2, 2]], 'n_blocks_per_stage': [1, 3, 4, 6, 6, 6], 'n_conv_per_stage_decoder': [1, 1, 1, 1, 1], 'conv_bias': True, 'norm_op': 'torch.nn.modules.instancenorm.InstanceNorm3d', 'norm_op_kwargs': {'eps': 1e-05, 'affine': True}, 'dropout_op': None, 'dropout_op_kwargs': None, 'nonlin': 'torch.nn.LeakyReLU', 'nonlin_kwargs': {'inplace': True}}, '_kw_requires_import': ['conv_op', 'norm_op', 'dropout_op', 'nonlin']}, 'batch_dice': True} 

These are the global plan.json settings:
 {'dataset_name': 'Dataset003_AVM_T1+C', 'plans_name': 'nnUNetResEncUNetLPlans', 'original_median_spacing_after_transp': [0.500000923871994, 0.4910714328289032, 0.4910714328289032], 'original_median_shape_after_transp': [330, 448, 424], 'image_reader_writer': 'SimpleITKIO', 'transpose_forward': [0, 1, 2], 'transpose_backward': [0, 1, 2], 'experiment_planner_used': 'nnUNetPlannerResEncL', 'label_manager': 'LabelManager', 'foreground_intensity_properties_per_channel': {'0': {'max': 12113.0, 'mean': 449.843505859375, 'median': 311.0, 'min': 0.0, 'percentile_00_5': 34.0, 'percentile_99_5': 3202.0, 'std': 471.56329345703125}}} 

2025-12-09 08:06:55.844451: Unable to plot network architecture: nnUNet_compile is enabled!
2025-12-09 08:06:55.868073: 
2025-12-09 08:06:55.898095: Epoch 0
2025-12-09 08:06:55.960713: Current learning rate: 0.0001
2025-12-09 08:09:14.129038: train_loss 0.7277
2025-12-09 08:09:14.133273: val_loss 0.6915
2025-12-09 08:09:14.138791: val classification accuracy 0.5083
2025-12-09 08:09:14.141305: val auc 0.5347
2025-12-09 08:09:14.143618: Epoch time: 138.26 s
2025-12-09 08:09:14.145372: Yayy! New best EMA pseudo Dice: 0.5347
2025-12-09 08:09:16.271963: Yayy! New best classification accuracy: 0.5083
2025-12-09 08:09:18.530139: 
2025-12-09 08:09:18.533092: Epoch 1
2025-12-09 08:09:18.535312: Current learning rate: 0.0001
2025-12-09 08:10:25.259130: train_loss 0.7068
2025-12-09 08:10:25.267433: val_loss 0.6944
2025-12-09 08:10:25.270069: val classification accuracy 0.5
2025-12-09 08:10:25.273390: val auc 0.6888
2025-12-09 08:10:25.282652: Epoch time: 66.73 s
2025-12-09 08:10:25.284976: Yayy! New best EMA pseudo Dice: 0.6888
2025-12-09 08:10:28.024252: 
2025-12-09 08:10:28.027890: Epoch 2
2025-12-09 08:10:28.030344: Current learning rate: 0.0001
2025-12-09 08:11:34.994061: train_loss 0.732
2025-12-09 08:11:34.997530: val_loss 0.6932
2025-12-09 08:11:34.999703: val classification accuracy 0.5
2025-12-09 08:11:35.001926: val auc 0.6358
2025-12-09 08:11:35.005960: Epoch time: 66.97 s
2025-12-09 08:11:35.710207: 
2025-12-09 08:11:35.713927: Epoch 3
2025-12-09 08:11:35.716157: Current learning rate: 0.0001
2025-12-09 08:12:42.294458: train_loss 0.7466
2025-12-09 08:12:42.299802: val_loss 0.6982
2025-12-09 08:12:42.305685: val classification accuracy 0.5
2025-12-09 08:12:42.310306: val auc 0.5967
2025-12-09 08:12:42.314857: Epoch time: 66.59 s
2025-12-09 08:12:43.751302: 
2025-12-09 08:12:43.755256: Epoch 4
2025-12-09 08:12:43.758293: Current learning rate: 0.0001
2025-12-09 08:13:50.346928: train_loss 0.7252
2025-12-09 08:13:50.350299: val_loss 0.6925
2025-12-09 08:13:50.352424: val classification accuracy 0.5
2025-12-09 08:13:50.354315: val auc 0.5962
2025-12-09 08:13:50.356349: Epoch time: 66.6 s
2025-12-09 08:13:51.069687: 
2025-12-09 08:13:51.081117: Epoch 5
2025-12-09 08:13:51.086534: Current learning rate: 0.0001
2025-12-09 08:14:56.374804: train_loss 0.723
2025-12-09 08:14:56.378777: val_loss 0.6882
2025-12-09 08:14:56.380964: val classification accuracy 0.5917
2025-12-09 08:14:56.383107: val auc 0.6453
2025-12-09 08:14:56.385215: Epoch time: 65.31 s
2025-12-09 08:14:56.387093: Yayy! New best classification accuracy: 0.5917
2025-12-09 08:14:59.548213: 
2025-12-09 08:14:59.552333: Epoch 6
2025-12-09 08:14:59.554258: Current learning rate: 0.0001
2025-12-09 08:16:05.463229: train_loss 0.7087
2025-12-09 08:16:05.475675: val_loss 0.6932
2025-12-09 08:16:05.481551: val classification accuracy 0.5
2025-12-09 08:16:05.483883: val auc 0.6612
2025-12-09 08:16:05.489852: Epoch time: 65.92 s
2025-12-09 08:16:06.278737: 
2025-12-09 08:16:06.282861: Epoch 7
2025-12-09 08:16:06.284637: Current learning rate: 0.0001
2025-12-09 08:17:12.953054: train_loss 0.7154
2025-12-09 08:17:12.962594: val_loss 0.7195
2025-12-09 08:17:12.965365: val classification accuracy 0.5
2025-12-09 08:17:12.972682: val auc 0.5757
2025-12-09 08:17:12.979597: Epoch time: 66.68 s
2025-12-09 08:17:13.699918: 
2025-12-09 08:17:13.705128: Epoch 8
2025-12-09 08:17:13.707391: Current learning rate: 0.0001
2025-12-09 08:18:20.245413: train_loss 0.7349
2025-12-09 08:18:20.269193: val_loss 0.6859
2025-12-09 08:18:20.274301: val classification accuracy 0.525
2025-12-09 08:18:20.277059: val auc 0.6549
2025-12-09 08:18:20.279263: Epoch time: 66.55 s
2025-12-09 08:18:20.987523: 
2025-12-09 08:18:20.991042: Epoch 9
2025-12-09 08:18:20.995305: Current learning rate: 0.0001
2025-12-09 08:19:27.201473: train_loss 0.7291
2025-12-09 08:19:27.204481: val_loss 0.6889
2025-12-09 08:19:27.206438: val classification accuracy 0.5417
2025-12-09 08:19:27.208301: val auc 0.5669
2025-12-09 08:19:27.210363: Epoch time: 66.22 s
2025-12-09 08:19:27.913834: 
2025-12-09 08:19:27.916348: Epoch 10
2025-12-09 08:19:27.918256: Current learning rate: 0.0001
2025-12-09 08:20:33.640808: train_loss 0.7167
2025-12-09 08:20:33.663124: val_loss 0.7018
2025-12-09 08:20:33.669966: val classification accuracy 0.5
2025-12-09 08:20:33.673008: val auc 0.6122
2025-12-09 08:20:33.677634: Epoch time: 65.73 s
2025-12-09 08:20:34.394115: 
2025-12-09 08:20:34.419437: Epoch 11
2025-12-09 08:20:34.427960: Current learning rate: 0.0001
2025-12-09 08:21:41.271142: train_loss 0.7265
2025-12-09 08:21:41.275833: val_loss 0.6899
2025-12-09 08:21:41.278760: val classification accuracy 0.5083
2025-12-09 08:21:41.281482: val auc 0.5589
2025-12-09 08:21:41.283987: Epoch time: 66.88 s
2025-12-09 08:21:41.981904: 
2025-12-09 08:21:41.984750: Epoch 12
2025-12-09 08:21:41.987078: Current learning rate: 0.0001
2025-12-09 08:22:48.517802: train_loss 0.7296
2025-12-09 08:22:48.547547: val_loss 0.6932
2025-12-09 08:22:48.560309: val classification accuracy 0.4667
2025-12-09 08:22:48.580146: val auc 0.5014
2025-12-09 08:22:48.587105: Epoch time: 66.54 s
2025-12-09 08:22:49.319698: 
2025-12-09 08:22:49.322932: Epoch 13
2025-12-09 08:22:49.325611: Current learning rate: 0.0001
2025-12-09 08:23:54.373269: train_loss 0.7335
2025-12-09 08:23:54.377404: val_loss 0.688
2025-12-09 08:23:54.380612: val classification accuracy 0.5583
2025-12-09 08:23:54.383684: val auc 0.5849
2025-12-09 08:23:54.386371: Epoch time: 65.05 s
2025-12-09 08:23:55.096000: 
2025-12-09 08:23:55.099859: Epoch 14
2025-12-09 08:23:55.102658: Current learning rate: 0.0001
2025-12-09 08:25:01.240888: train_loss 0.7167
2025-12-09 08:25:01.276341: val_loss 0.6539
2025-12-09 08:25:01.311783: val classification accuracy 0.6167
2025-12-09 08:25:01.314666: val auc 0.7008
2025-12-09 08:25:01.380273: Epoch time: 66.15 s
2025-12-09 08:25:01.382893: Yayy! New best EMA pseudo Dice: 0.7008
2025-12-09 08:25:03.477768: Yayy! New best classification accuracy: 0.6167
2025-12-09 08:25:06.054136: 
2025-12-09 08:25:06.057783: Epoch 15
2025-12-09 08:25:06.060565: Current learning rate: 0.0001
2025-12-09 08:26:11.982924: train_loss 0.7094
2025-12-09 08:26:11.986548: val_loss 0.6779
2025-12-09 08:26:11.989327: val classification accuracy 0.5917
2025-12-09 08:26:11.991820: val auc 0.6232
2025-12-09 08:26:11.994258: Epoch time: 65.93 s
2025-12-09 08:26:12.699979: 
2025-12-09 08:26:12.703073: Epoch 16
2025-12-09 08:26:12.705399: Current learning rate: 0.0001
2025-12-09 08:27:19.499440: train_loss 0.7116
2025-12-09 08:27:19.503031: val_loss 0.667
2025-12-09 08:27:19.505479: val classification accuracy 0.5917
2025-12-09 08:27:19.508576: val auc 0.645
2025-12-09 08:27:19.511074: Epoch time: 66.8 s
2025-12-09 08:27:20.194815: 
2025-12-09 08:27:20.197759: Epoch 17
2025-12-09 08:27:20.200020: Current learning rate: 9e-05
2025-12-09 08:28:26.527363: train_loss 0.7388
2025-12-09 08:28:26.531075: val_loss 0.6841
2025-12-09 08:28:26.533585: val classification accuracy 0.525
2025-12-09 08:28:26.536425: val auc 0.6312
2025-12-09 08:28:26.539077: Epoch time: 66.33 s
2025-12-09 08:28:27.257236: 
2025-12-09 08:28:27.260415: Epoch 18
2025-12-09 08:28:27.262995: Current learning rate: 9e-05
2025-12-09 08:29:32.851611: train_loss 0.7038
2025-12-09 08:29:32.855687: val_loss 0.6975
2025-12-09 08:29:32.858333: val classification accuracy 0.5083
2025-12-09 08:29:32.860839: val auc 0.5518
2025-12-09 08:29:32.863475: Epoch time: 65.6 s
2025-12-09 08:29:33.560662: 
2025-12-09 08:29:33.564005: Epoch 19
2025-12-09 08:29:33.567399: Current learning rate: 9e-05
2025-12-09 08:30:39.672911: train_loss 0.7259
2025-12-09 08:30:39.686236: val_loss 0.7058
2025-12-09 08:30:39.690648: val classification accuracy 0.525
2025-12-09 08:30:39.693508: val auc 0.5064
2025-12-09 08:30:39.696465: Epoch time: 66.11 s
2025-12-09 08:30:41.711982: Saved periodic checkpoint /hpf/projects/jquon/sumin/nnUNet_data/nnUNet_results/Dataset003_AVM_T1+C/SwinViTTrainer_ep300_NoMirroring__nnUNetResEncUNetLPlans__3d_fullres/fold_2/checkpoint_every20_best_balacc.pth at epoch 19 with val_balanced_accuracy=0.5250
2025-12-09 08:30:43.094375: 
2025-12-09 08:30:43.097309: Epoch 20
2025-12-09 08:30:43.099633: Current learning rate: 9e-05
2025-12-09 08:31:49.783886: train_loss 0.7137
2025-12-09 08:31:49.789209: val_loss 0.6626
2025-12-09 08:31:49.791773: val classification accuracy 0.6833
2025-12-09 08:31:49.794322: val auc 0.679
2025-12-09 08:31:49.796882: Epoch time: 66.69 s
2025-12-09 08:31:49.799005: Yayy! New best classification accuracy: 0.6833
2025-12-09 08:31:52.266547: 
2025-12-09 08:31:52.269453: Epoch 21
2025-12-09 08:31:52.271848: Current learning rate: 9e-05
2025-12-09 08:32:58.768624: train_loss 0.7118
2025-12-09 08:32:58.776177: val_loss 0.6842
2025-12-09 08:32:58.780309: val classification accuracy 0.5
2025-12-09 08:32:58.784507: val auc 0.7271
2025-12-09 08:32:58.787566: Epoch time: 66.5 s
2025-12-09 08:32:58.790982: Yayy! New best EMA pseudo Dice: 0.7271
2025-12-09 08:33:01.508122: 
2025-12-09 08:33:01.511106: Epoch 22
2025-12-09 08:33:01.521059: Current learning rate: 9e-05
2025-12-09 08:34:08.290020: train_loss 0.7148
2025-12-09 08:34:08.297158: val_loss 0.652
2025-12-09 08:34:08.299918: val classification accuracy 0.7
2025-12-09 08:34:08.302760: val auc 0.7354
2025-12-09 08:34:08.305541: Epoch time: 66.78 s
2025-12-09 08:34:08.308246: Yayy! New best EMA pseudo Dice: 0.7354
2025-12-09 08:34:10.237489: Yayy! New best classification accuracy: 0.7
2025-12-09 08:34:12.199545: 
2025-12-09 08:34:12.202707: Epoch 23
2025-12-09 08:34:12.211261: Current learning rate: 9e-05
2025-12-09 08:35:18.853790: train_loss 0.6975
2025-12-09 08:35:18.860384: val_loss 0.654
2025-12-09 08:35:18.865936: val classification accuracy 0.6083
2025-12-09 08:35:18.868531: val auc 0.6703
2025-12-09 08:35:18.872014: Epoch time: 66.66 s
2025-12-09 08:35:19.600824: 
2025-12-09 08:35:19.604010: Epoch 24
2025-12-09 08:35:19.606827: Current learning rate: 9e-05
2025-12-09 08:36:26.174426: train_loss 0.6968
2025-12-09 08:36:26.228500: val_loss 0.6158
2025-12-09 08:36:26.231165: val classification accuracy 0.6667
2025-12-09 08:36:26.233695: val auc 0.7394
2025-12-09 08:36:26.236394: Epoch time: 66.57 s
2025-12-09 08:36:26.238439: Yayy! New best EMA pseudo Dice: 0.7394
2025-12-09 08:36:29.253545: 
2025-12-09 08:36:29.256546: Epoch 25
2025-12-09 08:36:29.258978: Current learning rate: 9e-05
2025-12-09 08:37:35.679099: train_loss 0.7356
2025-12-09 08:37:35.685933: val_loss 0.6932
2025-12-09 08:37:35.691006: val classification accuracy 0.5
2025-12-09 08:37:35.694816: val auc 0.7644
2025-12-09 08:37:35.697715: Epoch time: 66.43 s
2025-12-09 08:37:35.700531: Yayy! New best EMA pseudo Dice: 0.7644
2025-12-09 08:37:38.580241: 
2025-12-09 08:37:38.585402: Epoch 26
2025-12-09 08:37:38.591948: Current learning rate: 9e-05
2025-12-09 08:38:44.591722: train_loss 0.7022
2025-12-09 08:38:44.636457: val_loss 0.6853
2025-12-09 08:38:44.640622: val classification accuracy 0.5
2025-12-09 08:38:44.646147: val auc 0.6982
2025-12-09 08:38:44.650698: Epoch time: 66.01 s
2025-12-09 08:38:45.374225: 
2025-12-09 08:38:45.377949: Epoch 27
2025-12-09 08:38:45.381798: Current learning rate: 9e-05
2025-12-09 08:39:51.348825: train_loss 0.7396
2025-12-09 08:39:51.357711: val_loss 0.6836
2025-12-09 08:39:51.366751: val classification accuracy 0.5417
2025-12-09 08:39:51.378156: val auc 0.6786
2025-12-09 08:39:51.389982: Epoch time: 65.98 s
2025-12-09 08:39:52.202062: 
2025-12-09 08:39:52.206960: Epoch 28
2025-12-09 08:39:52.211473: Current learning rate: 9e-05
2025-12-09 08:40:59.139337: train_loss 0.6991
2025-12-09 08:40:59.285396: val_loss 0.7154
2025-12-09 08:40:59.288301: val classification accuracy 0.5
2025-12-09 08:40:59.291185: val auc 0.6088
2025-12-09 08:40:59.294120: Epoch time: 66.94 s
2025-12-09 08:41:00.072278: 
2025-12-09 08:41:00.078608: Epoch 29
2025-12-09 08:41:00.081727: Current learning rate: 9e-05
2025-12-09 08:42:06.011377: train_loss 0.7134
2025-12-09 08:42:06.022029: val_loss 0.6658
2025-12-09 08:42:06.025710: val classification accuracy 0.6333
2025-12-09 08:42:06.034281: val auc 0.6433
2025-12-09 08:42:06.038541: Epoch time: 65.94 s
2025-12-09 08:42:06.979478: 
2025-12-09 08:42:06.984319: Epoch 30
2025-12-09 08:42:06.986938: Current learning rate: 9e-05
2025-12-09 08:43:13.173458: train_loss 0.7219
2025-12-09 08:43:13.186395: val_loss 0.7035
2025-12-09 08:43:13.189362: val classification accuracy 0.4667
2025-12-09 08:43:13.192047: val auc 0.4972
2025-12-09 08:43:13.195008: Epoch time: 66.2 s
2025-12-09 08:43:14.257744: 
2025-12-09 08:43:14.263587: Epoch 31
2025-12-09 08:43:14.269828: Current learning rate: 9e-05
2025-12-09 08:44:20.469696: train_loss 0.7391
2025-12-09 08:44:20.474789: val_loss 0.6935
2025-12-09 08:44:20.479319: val classification accuracy 0.4417
2025-12-09 08:44:20.482822: val auc 0.4553
2025-12-09 08:44:20.486505: Epoch time: 66.21 s
2025-12-09 08:44:21.317857: 
2025-12-09 08:44:21.323105: Epoch 32
2025-12-09 08:44:21.328436: Current learning rate: 9e-05
2025-12-09 08:45:27.441088: train_loss 0.7249
2025-12-09 08:45:27.510991: val_loss 0.6945
2025-12-09 08:45:27.516195: val classification accuracy 0.5
2025-12-09 08:45:27.524648: val auc 0.3799
2025-12-09 08:45:27.527718: Epoch time: 66.12 s
2025-12-09 08:45:28.240841: 
2025-12-09 08:45:28.244365: Epoch 33
2025-12-09 08:45:28.252226: Current learning rate: 9e-05
2025-12-09 08:46:33.890986: train_loss 0.7157
2025-12-09 08:46:33.895154: val_loss 0.6907
2025-12-09 08:46:33.897933: val classification accuracy 0.5167
2025-12-09 08:46:33.901242: val auc 0.6231
2025-12-09 08:46:33.904016: Epoch time: 65.65 s
2025-12-09 08:46:34.604185: 
2025-12-09 08:46:34.607572: Epoch 34
2025-12-09 08:46:34.611925: Current learning rate: 9e-05
2025-12-09 08:47:40.433233: train_loss 0.7212
2025-12-09 08:47:40.536836: val_loss 0.6732
2025-12-09 08:47:40.543498: val classification accuracy 0.6583
2025-12-09 08:47:40.548742: val auc 0.7288
2025-12-09 08:47:40.555037: Epoch time: 65.83 s
2025-12-09 08:47:41.253859: 
2025-12-09 08:47:41.257553: Epoch 35
2025-12-09 08:47:41.260206: Current learning rate: 9e-05
2025-12-09 08:48:47.771514: train_loss 0.7182
2025-12-09 08:48:47.795425: val_loss 0.6639
2025-12-09 08:48:47.802262: val classification accuracy 0.575
2025-12-09 08:48:47.806300: val auc 0.7347
2025-12-09 08:48:47.810831: Epoch time: 66.52 s
2025-12-09 08:48:48.513973: 
2025-12-09 08:48:48.517621: Epoch 36
2025-12-09 08:48:48.522189: Current learning rate: 9e-05
2025-12-09 08:49:54.674132: train_loss 0.6953
2025-12-09 08:49:54.778932: val_loss 0.6798
2025-12-09 08:49:54.782210: val classification accuracy 0.6
2025-12-09 08:49:54.787448: val auc 0.5965
2025-12-09 08:49:54.792467: Epoch time: 66.16 s
2025-12-09 08:49:55.525609: 
2025-12-09 08:49:55.529251: Epoch 37
2025-12-09 08:49:55.532571: Current learning rate: 9e-05
2025-12-09 08:51:02.460968: train_loss 0.7019
2025-12-09 08:51:02.472377: val_loss 0.6602
2025-12-09 08:51:02.477671: val classification accuracy 0.5667
2025-12-09 08:51:02.484295: val auc 0.6704
2025-12-09 08:51:02.491689: Epoch time: 66.94 s
2025-12-09 08:51:03.201047: 
2025-12-09 08:51:03.204254: Epoch 38
2025-12-09 08:51:03.206753: Current learning rate: 9e-05
2025-12-09 08:52:10.304196: train_loss 0.699
2025-12-09 08:52:10.309942: val_loss 0.6452
2025-12-09 08:52:10.313725: val classification accuracy 0.7083
2025-12-09 08:52:10.316972: val auc 0.7
2025-12-09 08:52:10.321160: Epoch time: 67.1 s
2025-12-09 08:52:10.323550: Yayy! New best classification accuracy: 0.7083
2025-12-09 08:52:12.989796: 
2025-12-09 08:52:12.993595: Epoch 39
2025-12-09 08:52:12.996690: Current learning rate: 9e-05
2025-12-09 08:53:18.907419: train_loss 0.7091
2025-12-09 08:53:18.911364: val_loss 0.6872
2025-12-09 08:53:18.914090: val classification accuracy 0.55
2025-12-09 08:53:18.916683: val auc 0.5575
2025-12-09 08:53:18.919127: Epoch time: 65.92 s
2025-12-09 08:53:20.905026: Saved periodic checkpoint /hpf/projects/jquon/sumin/nnUNet_data/nnUNet_results/Dataset003_AVM_T1+C/SwinViTTrainer_ep300_NoMirroring__nnUNetResEncUNetLPlans__3d_fullres/fold_2/checkpoint_every20_best_balacc.pth at epoch 39 with val_balanced_accuracy=0.5500
2025-12-09 08:53:21.617103: 
2025-12-09 08:53:21.622131: Epoch 40
2025-12-09 08:53:21.625906: Current learning rate: 9e-05
2025-12-09 08:54:26.452916: train_loss 0.7206
2025-12-09 08:54:26.456578: val_loss 0.6826
2025-12-09 08:54:26.459299: val classification accuracy 0.55
2025-12-09 08:54:26.461935: val auc 0.5774
2025-12-09 08:54:26.464573: Epoch time: 64.84 s
2025-12-09 08:54:27.158402: 
2025-12-09 08:54:27.161482: Epoch 41
2025-12-09 08:54:27.163829: Current learning rate: 9e-05
2025-12-09 08:55:32.686641: train_loss 0.7144
2025-12-09 08:55:32.698863: val_loss 0.6978
2025-12-09 08:55:32.701446: val classification accuracy 0.5583
2025-12-09 08:55:32.704164: val auc 0.5489
2025-12-09 08:55:32.706952: Epoch time: 65.53 s
2025-12-09 08:55:33.418621: 
2025-12-09 08:55:33.423349: Epoch 42
2025-12-09 08:55:33.430059: Current learning rate: 9e-05
2025-12-09 08:56:39.909831: train_loss 0.7009
2025-12-09 08:56:39.914474: val_loss 0.7023
2025-12-09 08:56:39.918018: val classification accuracy 0.5
2025-12-09 08:56:39.922020: val auc 0.5158
2025-12-09 08:56:39.925237: Epoch time: 66.49 s
2025-12-09 08:56:40.737180: 
2025-12-09 08:56:40.743393: Epoch 43
2025-12-09 08:56:40.746104: Current learning rate: 9e-05
2025-12-09 08:57:46.958174: train_loss 0.7072
2025-12-09 08:57:46.961959: val_loss 0.6562
2025-12-09 08:57:46.964621: val classification accuracy 0.5917
2025-12-09 08:57:46.967131: val auc 0.6856
2025-12-09 08:57:46.969790: Epoch time: 66.22 s
2025-12-09 08:57:47.662259: 
2025-12-09 08:57:47.665409: Epoch 44
2025-12-09 08:57:47.667968: Current learning rate: 9e-05
2025-12-09 08:58:54.282087: train_loss 0.7127
2025-12-09 08:58:54.286200: val_loss 0.6939
2025-12-09 08:58:54.288819: val classification accuracy 0.5083
2025-12-09 08:58:54.291609: val auc 0.5524
2025-12-09 08:58:54.294941: Epoch time: 66.62 s
2025-12-09 08:58:55.032717: 
2025-12-09 08:58:55.035857: Epoch 45
2025-12-09 08:58:55.038187: Current learning rate: 9e-05
2025-12-09 09:00:02.546602: train_loss 0.6914
2025-12-09 09:00:02.553070: val_loss 0.6774
2025-12-09 09:00:02.555698: val classification accuracy 0.5667
2025-12-09 09:00:02.558137: val auc 0.6207
2025-12-09 09:00:02.560900: Epoch time: 67.52 s
2025-12-09 09:00:03.258590: 
2025-12-09 09:00:03.261672: Epoch 46
2025-12-09 09:00:03.264135: Current learning rate: 9e-05
2025-12-09 09:01:10.242455: train_loss 0.7292
2025-12-09 09:01:10.407757: val_loss 0.6751
2025-12-09 09:01:10.413035: val classification accuracy 0.6333
2025-12-09 09:01:10.417586: val auc 0.6957
2025-12-09 09:01:10.420221: Epoch time: 66.99 s
2025-12-09 09:01:11.167083: 
2025-12-09 09:01:11.170325: Epoch 47
2025-12-09 09:01:11.172702: Current learning rate: 9e-05
2025-12-09 09:02:17.540323: train_loss 0.68
2025-12-09 09:02:17.676467: val_loss 0.7185
2025-12-09 09:02:17.679130: val classification accuracy 0.5083
2025-12-09 09:02:17.681566: val auc 0.4901
2025-12-09 09:02:17.684158: Epoch time: 66.37 s
2025-12-09 09:02:18.567929: 
2025-12-09 09:02:18.573757: Epoch 48
2025-12-09 09:02:18.580236: Current learning rate: 9e-05
2025-12-09 09:03:24.726749: train_loss 0.7261
2025-12-09 09:03:24.730897: val_loss 0.6833
2025-12-09 09:03:24.734222: val classification accuracy 0.5333
2025-12-09 09:03:24.738364: val auc 0.6243
2025-12-09 09:03:24.742804: Epoch time: 66.16 s
2025-12-09 09:03:25.458925: 
2025-12-09 09:03:25.462637: Epoch 49
2025-12-09 09:03:25.465233: Current learning rate: 9e-05
2025-12-09 09:04:31.583978: train_loss 0.6985
2025-12-09 09:04:31.591189: val_loss 0.7001
2025-12-09 09:04:31.594771: val classification accuracy 0.5083
2025-12-09 09:04:31.599209: val auc 0.5282
2025-12-09 09:04:31.602405: Epoch time: 66.13 s
2025-12-09 09:04:32.366356: 
2025-12-09 09:04:32.369771: Epoch 50
2025-12-09 09:04:32.373144: Current learning rate: 8e-05
2025-12-09 09:05:38.780398: train_loss 0.7141
2025-12-09 09:05:38.806556: val_loss 0.6905
2025-12-09 09:05:38.812258: val classification accuracy 0.5667
2025-12-09 09:05:38.815482: val auc 0.6654
2025-12-09 09:05:38.819358: Epoch time: 66.42 s
2025-12-09 09:05:40.309921: 
2025-12-09 09:05:40.317611: Epoch 51
2025-12-09 09:05:40.320280: Current learning rate: 8e-05
2025-12-09 09:06:46.707155: train_loss 0.7172
2025-12-09 09:06:46.843900: val_loss 0.6795
2025-12-09 09:06:46.848047: val classification accuracy 0.5667
2025-12-09 09:06:46.851410: val auc 0.5993
2025-12-09 09:06:46.854484: Epoch time: 66.4 s
2025-12-09 09:06:47.945548: 
2025-12-09 09:06:47.953274: Epoch 52
2025-12-09 09:06:47.957242: Current learning rate: 8e-05
2025-12-09 09:07:53.815681: train_loss 0.7129
2025-12-09 09:07:53.970484: val_loss 0.6807
2025-12-09 09:07:53.975213: val classification accuracy 0.5333
2025-12-09 09:07:53.980423: val auc 0.6271
2025-12-09 09:07:53.983774: Epoch time: 65.87 s
2025-12-09 09:07:54.865392: 
2025-12-09 09:07:54.869103: Epoch 53
2025-12-09 09:07:54.872103: Current learning rate: 8e-05
2025-12-09 09:09:00.275338: train_loss 0.7005
2025-12-09 09:09:00.349688: val_loss 0.6946
2025-12-09 09:09:00.354871: val classification accuracy 0.5417
2025-12-09 09:09:00.362323: val auc 0.5685
2025-12-09 09:09:00.366331: Epoch time: 65.41 s
2025-12-09 09:09:01.223084: 
2025-12-09 09:09:01.228668: Epoch 54
2025-12-09 09:09:01.239682: Current learning rate: 8e-05
2025-12-09 09:10:06.487462: train_loss 0.7187
2025-12-09 09:10:06.595063: val_loss 0.6924
2025-12-09 09:10:06.598719: val classification accuracy 0.5083
2025-12-09 09:10:06.607858: val auc 0.5938
2025-12-09 09:10:06.611055: Epoch time: 65.27 s
2025-12-09 09:10:07.324732: 
2025-12-09 09:10:07.328477: Epoch 55
2025-12-09 09:10:07.331921: Current learning rate: 8e-05
2025-12-09 09:11:14.185416: train_loss 0.7176
2025-12-09 09:11:14.411820: val_loss 0.6882
2025-12-09 09:11:14.415070: val classification accuracy 0.5083
2025-12-09 09:11:14.418233: val auc 0.6271
2025-12-09 09:11:14.420994: Epoch time: 66.86 s
2025-12-09 09:11:15.206695: 
2025-12-09 09:11:15.210936: Epoch 56
2025-12-09 09:11:15.214130: Current learning rate: 8e-05
2025-12-09 09:12:21.385574: train_loss 0.6953
2025-12-09 09:12:21.545882: val_loss 0.6938
2025-12-09 09:12:21.637488: val classification accuracy 0.5667
2025-12-09 09:12:21.642582: val auc 0.5649
2025-12-09 09:12:21.647330: Epoch time: 66.18 s
2025-12-09 09:12:22.559417: 
2025-12-09 09:12:22.567339: Epoch 57
2025-12-09 09:12:22.573138: Current learning rate: 8e-05
2025-12-09 09:13:28.689763: train_loss 0.7077
2025-12-09 09:13:28.847005: val_loss 0.724
2025-12-09 09:13:28.850899: val classification accuracy 0.4917
2025-12-09 09:13:28.854443: val auc 0.4943
2025-12-09 09:13:28.857925: Epoch time: 66.13 s
2025-12-09 09:13:29.720041: 
2025-12-09 09:13:29.725370: Epoch 58
2025-12-09 09:13:29.728769: Current learning rate: 8e-05
2025-12-09 09:14:35.775111: train_loss 0.6882
2025-12-09 09:14:35.785985: val_loss 0.6768
2025-12-09 09:14:35.790184: val classification accuracy 0.575
2025-12-09 09:14:35.794951: val auc 0.6047
2025-12-09 09:14:35.799984: Epoch time: 66.06 s
2025-12-09 09:14:36.673795: 
2025-12-09 09:14:36.677824: Epoch 59
2025-12-09 09:14:36.683717: Current learning rate: 8e-05
2025-12-09 09:15:42.637059: train_loss 0.6982
2025-12-09 09:15:42.855418: val_loss 0.689
2025-12-09 09:15:42.859478: val classification accuracy 0.5083
2025-12-09 09:15:42.864348: val auc 0.5633
2025-12-09 09:15:42.867585: Epoch time: 65.96 s
2025-12-09 09:15:43.574103: 
2025-12-09 09:15:43.579049: Epoch 60
2025-12-09 09:15:43.585749: Current learning rate: 8e-05
2025-12-09 09:16:49.821394: train_loss 0.682
2025-12-09 09:16:49.826529: val_loss 0.7098
2025-12-09 09:16:49.830369: val classification accuracy 0.4833
2025-12-09 09:16:49.835329: val auc 0.5172
2025-12-09 09:16:49.838904: Epoch time: 66.25 s
2025-12-09 09:16:50.548956: 
2025-12-09 09:16:50.552989: Epoch 61
2025-12-09 09:16:50.556631: Current learning rate: 8e-05
2025-12-09 09:17:57.182343: train_loss 0.7023
2025-12-09 09:17:57.318671: val_loss 0.7008
2025-12-09 09:17:57.322407: val classification accuracy 0.525
2025-12-09 09:17:57.326363: val auc 0.5972
2025-12-09 09:17:57.329990: Epoch time: 66.63 s
2025-12-09 09:17:58.236373: 
2025-12-09 09:17:58.240441: Epoch 62
2025-12-09 09:17:58.243432: Current learning rate: 8e-05
2025-12-09 09:19:04.713542: train_loss 0.6992
2025-12-09 09:19:04.721327: val_loss 0.6931
2025-12-09 09:19:04.730721: val classification accuracy 0.5
2025-12-09 09:19:04.735116: val auc 0.5718
2025-12-09 09:19:04.740865: Epoch time: 66.48 s
2025-12-09 09:19:05.685843: 
2025-12-09 09:19:05.691812: Epoch 63
2025-12-09 09:19:05.694847: Current learning rate: 8e-05
2025-12-09 09:20:12.146324: train_loss 0.6945
2025-12-09 09:20:12.168527: val_loss 0.706
2025-12-09 09:20:12.171502: val classification accuracy 0.5417
2025-12-09 09:20:12.176271: val auc 0.6271
2025-12-09 09:20:12.183760: Epoch time: 66.46 s
2025-12-09 09:20:13.425937: 
2025-12-09 09:20:13.429157: Epoch 64
2025-12-09 09:20:13.431740: Current learning rate: 8e-05
2025-12-09 09:21:19.459793: train_loss 0.7068
2025-12-09 09:21:19.508413: val_loss 0.6916
2025-12-09 09:21:19.520313: val classification accuracy 0.5333
2025-12-09 09:21:19.524164: val auc 0.5469
2025-12-09 09:21:19.528181: Epoch time: 66.04 s
2025-12-09 09:21:20.299783: 
2025-12-09 09:21:20.303582: Epoch 65
2025-12-09 09:21:20.307325: Current learning rate: 8e-05
2025-12-09 09:22:25.930029: train_loss 0.7214
2025-12-09 09:22:26.137851: val_loss 0.6776
2025-12-09 09:22:26.141078: val classification accuracy 0.575
2025-12-09 09:22:26.144570: val auc 0.6204
2025-12-09 09:22:26.147674: Epoch time: 65.63 s
2025-12-09 09:22:26.982856: 
2025-12-09 09:22:26.988392: Epoch 66
2025-12-09 09:22:26.995585: Current learning rate: 8e-05
2025-12-09 09:23:33.671417: train_loss 0.6985
2025-12-09 09:23:33.677404: val_loss 0.6773
2025-12-09 09:23:33.681649: val classification accuracy 0.575
2025-12-09 09:23:33.685136: val auc 0.6522
2025-12-09 09:23:33.688184: Epoch time: 66.69 s
2025-12-09 09:23:34.512414: 
2025-12-09 09:23:34.518118: Epoch 67
2025-12-09 09:23:34.522407: Current learning rate: 8e-05
2025-12-09 09:24:39.459906: train_loss 0.7043
2025-12-09 09:24:39.642393: val_loss 0.6935
2025-12-09 09:24:39.645418: val classification accuracy 0.5167
2025-12-09 09:24:39.649091: val auc 0.5056
2025-12-09 09:24:39.652132: Epoch time: 64.95 s
2025-12-09 09:24:40.411120: 
2025-12-09 09:24:40.414427: Epoch 68
2025-12-09 09:24:40.416982: Current learning rate: 8e-05
2025-12-09 09:25:46.230040: train_loss 0.7012
2025-12-09 09:25:46.292431: val_loss 0.6798
2025-12-09 09:25:46.302786: val classification accuracy 0.6
2025-12-09 09:25:46.307186: val auc 0.6121
2025-12-09 09:25:46.315615: Epoch time: 65.82 s
2025-12-09 09:25:47.196564: 
2025-12-09 09:25:47.200444: Epoch 69
2025-12-09 09:25:47.204805: Current learning rate: 8e-05
2025-12-09 09:26:53.075313: train_loss 0.7022
2025-12-09 09:26:53.114553: val_loss 0.7225
2025-12-09 09:26:53.120883: val classification accuracy 0.5333
2025-12-09 09:26:53.124349: val auc 0.5533
2025-12-09 09:26:53.127716: Epoch time: 65.88 s
2025-12-09 09:26:53.839541: 
2025-12-09 09:26:53.844155: Epoch 70
2025-12-09 09:26:53.847900: Current learning rate: 8e-05
2025-12-09 09:27:59.730003: train_loss 0.692
2025-12-09 09:27:59.773310: val_loss 0.7007
2025-12-09 09:27:59.779213: val classification accuracy 0.5083
2025-12-09 09:27:59.786869: val auc 0.5354
2025-12-09 09:27:59.791721: Epoch time: 65.89 s
2025-12-09 09:28:00.785317: 
2025-12-09 09:28:00.790248: Epoch 71
2025-12-09 09:28:00.794286: Current learning rate: 8e-05
2025-12-09 09:29:06.855467: train_loss 0.6875
2025-12-09 09:29:06.879884: val_loss 0.7269
2025-12-09 09:29:06.883779: val classification accuracy 0.5167
2025-12-09 09:29:06.887023: val auc 0.5742
2025-12-09 09:29:06.891689: Epoch time: 66.07 s
2025-12-09 09:29:07.609219: 
2025-12-09 09:29:07.613328: Epoch 72
2025-12-09 09:29:07.617403: Current learning rate: 8e-05
2025-12-09 09:30:14.330025: train_loss 0.6954
2025-12-09 09:30:14.556072: val_loss 0.7143
2025-12-09 09:30:14.559646: val classification accuracy 0.5
2025-12-09 09:30:14.562980: val auc 0.4906
2025-12-09 09:30:14.566527: Epoch time: 66.72 s
2025-12-09 09:30:15.445473: 
2025-12-09 09:30:15.450660: Epoch 73
2025-12-09 09:30:15.455467: Current learning rate: 8e-05
2025-12-09 09:31:22.261191: train_loss 0.6782
2025-12-09 09:31:22.478401: val_loss 0.6639
2025-12-09 09:31:22.482994: val classification accuracy 0.5417
2025-12-09 09:31:22.487050: val auc 0.6294
2025-12-09 09:31:22.490943: Epoch time: 66.82 s
2025-12-09 09:31:23.316248: 
2025-12-09 09:31:23.319752: Epoch 74
2025-12-09 09:31:23.337273: Current learning rate: 8e-05
2025-12-09 09:32:29.958503: train_loss 0.7109
2025-12-09 09:32:29.969424: val_loss 0.6497
2025-12-09 09:32:29.977018: val classification accuracy 0.6667
2025-12-09 09:32:29.981539: val auc 0.6912
2025-12-09 09:32:29.987394: Epoch time: 66.64 s
2025-12-09 09:32:31.078467: 
2025-12-09 09:32:31.082986: Epoch 75
2025-12-09 09:32:31.086410: Current learning rate: 8e-05
2025-12-09 09:33:37.307582: train_loss 0.7097
2025-12-09 09:33:37.463129: val_loss 0.7319
2025-12-09 09:33:37.475392: val classification accuracy 0.5
2025-12-09 09:33:37.483235: val auc 0.4839
2025-12-09 09:33:37.489627: Epoch time: 66.23 s
2025-12-09 09:33:38.303208: 
2025-12-09 09:33:38.313082: Epoch 76
2025-12-09 09:33:38.317991: Current learning rate: 8e-05
2025-12-09 09:34:44.285694: train_loss 0.7074
2025-12-09 09:34:44.446465: val_loss 0.7157
2025-12-09 09:34:44.450060: val classification accuracy 0.55
2025-12-09 09:34:44.453344: val auc 0.5219
2025-12-09 09:34:44.456559: Epoch time: 65.98 s
2025-12-09 09:34:45.276447: 
2025-12-09 09:34:45.279762: Epoch 77
2025-12-09 09:34:45.282503: Current learning rate: 8e-05
2025-12-09 09:35:51.496279: train_loss 0.6941
2025-12-09 09:35:51.733751: val_loss 0.6746
2025-12-09 09:35:51.737720: val classification accuracy 0.575
2025-12-09 09:35:51.741093: val auc 0.636
2025-12-09 09:35:51.746707: Epoch time: 66.22 s
2025-12-09 09:35:52.711345: 
2025-12-09 09:35:52.714653: Epoch 78
2025-12-09 09:35:52.717425: Current learning rate: 8e-05
2025-12-09 09:36:58.375420: train_loss 0.7146
2025-12-09 09:36:58.443734: val_loss 0.6863
2025-12-09 09:36:58.447989: val classification accuracy 0.5417
2025-12-09 09:36:58.451776: val auc 0.6036
2025-12-09 09:36:58.455834: Epoch time: 65.67 s
2025-12-09 09:36:59.371550: 
2025-12-09 09:36:59.374895: Epoch 79
2025-12-09 09:36:59.377868: Current learning rate: 8e-05
2025-12-09 09:38:06.207437: train_loss 0.7043
2025-12-09 09:38:06.278180: val_loss 0.6975
2025-12-09 09:38:06.284032: val classification accuracy 0.5417
2025-12-09 09:38:06.288174: val auc 0.53
2025-12-09 09:38:06.297793: Epoch time: 66.84 s
2025-12-09 09:38:07.163636: 
2025-12-09 09:38:07.168620: Epoch 80
2025-12-09 09:38:07.174304: Current learning rate: 8e-05
2025-12-09 09:39:12.656229: train_loss 0.6987
2025-12-09 09:39:12.664112: val_loss 0.7641
2025-12-09 09:39:12.667951: val classification accuracy 0.4833
2025-12-09 09:39:12.671931: val auc 0.5375
2025-12-09 09:39:12.676343: Epoch time: 65.49 s
2025-12-09 09:39:13.796497: 
2025-12-09 09:39:13.800904: Epoch 81
2025-12-09 09:39:13.803955: Current learning rate: 8e-05
2025-12-09 09:40:19.304178: train_loss 0.694
2025-12-09 09:40:19.489727: val_loss 0.784
2025-12-09 09:40:19.494575: val classification accuracy 0.475
2025-12-09 09:40:19.498368: val auc 0.4465
2025-12-09 09:40:19.503277: Epoch time: 65.51 s
2025-12-09 09:40:21.063349: 
2025-12-09 09:40:21.067399: Epoch 82
2025-12-09 09:40:21.070937: Current learning rate: 8e-05
2025-12-09 09:41:27.278544: train_loss 0.7093
2025-12-09 09:41:27.409678: val_loss 0.6804
2025-12-09 09:41:27.429652: val classification accuracy 0.55
2025-12-09 09:41:27.449687: val auc 0.5921
2025-12-09 09:41:27.469980: Epoch time: 66.22 s
2025-12-09 09:41:28.541660: 
2025-12-09 09:41:28.549018: Epoch 83
2025-12-09 09:41:28.552266: Current learning rate: 7e-05
2025-12-09 09:42:35.201529: train_loss 0.6952
2025-12-09 09:42:35.380970: val_loss 0.6852
2025-12-09 09:42:35.385094: val classification accuracy 0.575
2025-12-09 09:42:35.388036: val auc 0.5921
2025-12-09 09:42:35.390865: Epoch time: 66.66 s
2025-12-09 09:42:36.100081: 
2025-12-09 09:42:36.104133: Epoch 84
2025-12-09 09:42:36.107578: Current learning rate: 7e-05
2025-12-09 09:43:42.213233: train_loss 0.7113
2025-12-09 09:43:42.230515: val_loss 0.7064
2025-12-09 09:43:42.235155: val classification accuracy 0.5083
2025-12-09 09:43:42.246529: val auc 0.5017
2025-12-09 09:43:42.251483: Epoch time: 66.11 s
2025-12-09 09:43:43.175622: 
2025-12-09 09:43:43.187504: Epoch 85
2025-12-09 09:43:43.194294: Current learning rate: 7e-05
2025-12-09 09:44:49.497643: train_loss 0.6974
2025-12-09 09:44:49.557301: val_loss 0.7313
2025-12-09 09:44:49.561383: val classification accuracy 0.4667
2025-12-09 09:44:49.568796: val auc 0.4644
2025-12-09 09:44:49.572293: Epoch time: 66.32 s
2025-12-09 09:44:50.479181: 
2025-12-09 09:44:50.482357: Epoch 86
2025-12-09 09:44:50.484686: Current learning rate: 7e-05
2025-12-09 09:45:56.752530: train_loss 0.6919
2025-12-09 09:45:56.900488: val_loss 0.7099
2025-12-09 09:45:56.905183: val classification accuracy 0.5167
2025-12-09 09:45:56.908712: val auc 0.5312
2025-12-09 09:45:56.911727: Epoch time: 66.27 s
2025-12-09 09:45:57.773259: 
2025-12-09 09:45:57.780997: Epoch 87
2025-12-09 09:45:57.785426: Current learning rate: 7e-05
2025-12-09 09:47:03.697342: train_loss 0.6854
2025-12-09 09:47:03.866004: val_loss 0.6868
2025-12-09 09:47:03.873330: val classification accuracy 0.5
2025-12-09 09:47:03.876285: val auc 0.566
2025-12-09 09:47:03.879756: Epoch time: 65.93 s
2025-12-09 09:47:04.693263: 
2025-12-09 09:47:04.698044: Epoch 88
2025-12-09 09:47:04.701109: Current learning rate: 7e-05
2025-12-09 09:48:09.834791: train_loss 0.7047
2025-12-09 09:48:10.070818: val_loss 0.7141
2025-12-09 09:48:10.078644: val classification accuracy 0.4833
2025-12-09 09:48:10.084330: val auc 0.5079
2025-12-09 09:48:10.089159: Epoch time: 65.14 s
2025-12-09 09:48:10.955928: 
2025-12-09 09:48:10.960089: Epoch 89
2025-12-09 09:48:10.963439: Current learning rate: 7e-05
2025-12-09 09:49:17.291231: train_loss 0.6856
2025-12-09 09:49:17.319919: val_loss 0.7442
2025-12-09 09:49:17.324406: val classification accuracy 0.375
2025-12-09 09:49:17.328676: val auc 0.3868
2025-12-09 09:49:17.332761: Epoch time: 66.34 s
2025-12-09 09:49:18.060372: 
2025-12-09 09:49:18.065762: Epoch 90
2025-12-09 09:49:18.068975: Current learning rate: 7e-05
2025-12-09 09:50:24.550512: train_loss 0.681
2025-12-09 09:50:24.653144: val_loss 0.9788
2025-12-09 09:50:24.657163: val classification accuracy 0.4917
2025-12-09 09:50:24.660835: val auc 0.4644
2025-12-09 09:50:24.664266: Epoch time: 66.49 s
2025-12-09 09:50:25.518287: 
2025-12-09 09:50:25.523972: Epoch 91
2025-12-09 09:50:25.527709: Current learning rate: 7e-05
2025-12-09 09:51:31.044939: train_loss 0.7144
2025-12-09 09:51:31.151353: val_loss 0.6753
2025-12-09 09:51:31.159982: val classification accuracy 0.5667
2025-12-09 09:51:31.163740: val auc 0.6371
2025-12-09 09:51:31.168119: Epoch time: 65.53 s
2025-12-09 09:51:32.219168: 
2025-12-09 09:51:32.222731: Epoch 92
2025-12-09 09:51:32.230447: Current learning rate: 7e-05
2025-12-09 09:52:37.881452: train_loss 0.7045
2025-12-09 09:52:37.967474: val_loss 0.7374
2025-12-09 09:52:37.970791: val classification accuracy 0.5
2025-12-09 09:52:37.974410: val auc 0.6213
2025-12-09 09:52:37.978144: Epoch time: 65.66 s
2025-12-09 09:52:38.953795: 
2025-12-09 09:52:39.041172: Epoch 93
2025-12-09 09:52:39.048928: Current learning rate: 7e-05
2025-12-09 09:53:45.927049: train_loss 0.7
2025-12-09 09:53:45.958108: val_loss 0.7211
2025-12-09 09:53:45.962865: val classification accuracy 0.4917
2025-12-09 09:53:45.972134: val auc 0.5003
2025-12-09 09:53:45.978091: Epoch time: 66.97 s
2025-12-09 09:53:46.945345: 
2025-12-09 09:53:46.948819: Epoch 94
2025-12-09 09:53:47.031333: Current learning rate: 7e-05
2025-12-09 09:54:51.933232: train_loss 0.6674
2025-12-09 09:54:52.028996: val_loss 0.8142
2025-12-09 09:54:52.033079: val classification accuracy 0.4917
2025-12-09 09:54:52.036636: val auc 0.486
2025-12-09 09:54:52.040243: Epoch time: 64.99 s
2025-12-09 09:54:52.970632: 
2025-12-09 09:54:52.978487: Epoch 95
2025-12-09 09:54:52.985513: Current learning rate: 7e-05
2025-12-09 09:55:58.486292: train_loss 0.6803
2025-12-09 09:55:58.518490: val_loss 0.7095
2025-12-09 09:55:58.522899: val classification accuracy 0.4917
2025-12-09 09:55:58.526897: val auc 0.5339
2025-12-09 09:55:58.530463: Epoch time: 65.52 s
2025-12-09 09:55:59.377540: 
2025-12-09 09:55:59.382748: Epoch 96
2025-12-09 09:55:59.385826: Current learning rate: 7e-05
2025-12-09 09:57:05.521807: train_loss 0.6686
2025-12-09 09:57:05.566858: val_loss 0.7089
2025-12-09 09:57:05.576105: val classification accuracy 0.475
2025-12-09 09:57:05.579441: val auc 0.5712
2025-12-09 09:57:05.588110: Epoch time: 66.15 s
2025-12-09 09:57:06.447179: 
2025-12-09 09:57:06.451089: Epoch 97
2025-12-09 09:57:06.454685: Current learning rate: 7e-05
2025-12-09 09:58:13.259138: train_loss 0.6564
2025-12-09 09:58:13.335978: val_loss 0.8575
2025-12-09 09:58:13.342400: val classification accuracy 0.4917
2025-12-09 09:58:13.349782: val auc 0.4368
2025-12-09 09:58:13.354641: Epoch time: 66.81 s
2025-12-09 09:58:14.888975: 
2025-12-09 09:58:14.892891: Epoch 98
2025-12-09 09:58:14.896308: Current learning rate: 7e-05
2025-12-09 09:59:21.322128: train_loss 0.7053
2025-12-09 09:59:21.326924: val_loss 0.7027
2025-12-09 09:59:21.338644: val classification accuracy 0.5083
2025-12-09 09:59:21.359035: val auc 0.5168
2025-12-09 09:59:21.363278: Epoch time: 66.43 s
2025-12-09 09:59:22.332963: 
2025-12-09 09:59:22.336687: Epoch 99
2025-12-09 09:59:22.339493: Current learning rate: 7e-05
2025-12-09 10:00:28.615936: train_loss 0.7071
2025-12-09 10:00:28.782436: val_loss 0.679
2025-12-09 10:00:28.785831: val classification accuracy 0.5417
2025-12-09 10:00:28.789113: val auc 0.5797
2025-12-09 10:00:28.792340: Epoch time: 66.28 s
2025-12-09 10:00:29.814786: 
2025-12-09 10:00:29.818644: Epoch 100
2025-12-09 10:00:29.822126: Current learning rate: 7e-05
2025-12-09 10:01:36.524088: train_loss 0.6802
2025-12-09 10:01:36.731670: val_loss 0.8323
2025-12-09 10:01:36.735713: val classification accuracy 0.5
2025-12-09 10:01:36.740151: val auc 0.6115
2025-12-09 10:01:36.745617: Epoch time: 66.71 s
2025-12-09 10:01:37.713007: 
2025-12-09 10:01:37.716889: Epoch 101
2025-12-09 10:01:37.720006: Current learning rate: 7e-05
2025-12-09 10:02:43.276943: train_loss 0.7045
2025-12-09 10:02:43.334426: val_loss 0.7058
2025-12-09 10:02:43.338419: val classification accuracy 0.5
2025-12-09 10:02:43.341863: val auc 0.5851
2025-12-09 10:02:43.345900: Epoch time: 65.57 s
2025-12-09 10:02:44.061761: 
2025-12-09 10:02:44.066259: Epoch 102
2025-12-09 10:02:44.069391: Current learning rate: 7e-05
2025-12-09 10:03:50.398353: train_loss 0.7034
2025-12-09 10:03:50.420457: val_loss 0.7883
2025-12-09 10:03:50.425754: val classification accuracy 0.4917
2025-12-09 10:03:50.430950: val auc 0.4874
2025-12-09 10:03:50.435820: Epoch time: 66.34 s
2025-12-09 10:03:51.174506: 
2025-12-09 10:03:51.177946: Epoch 103
2025-12-09 10:03:51.180890: Current learning rate: 7e-05
2025-12-09 10:04:57.951593: train_loss 0.6768
2025-12-09 10:04:57.957292: val_loss 0.9085
2025-12-09 10:04:57.960767: val classification accuracy 0.5
2025-12-09 10:04:57.964305: val auc 0.6154
2025-12-09 10:04:57.967411: Epoch time: 66.78 s
2025-12-09 10:04:58.682378: 
2025-12-09 10:04:58.686002: Epoch 104
2025-12-09 10:04:58.689115: Current learning rate: 7e-05
2025-12-09 10:06:04.853260: train_loss 0.7269
2025-12-09 10:06:04.863980: val_loss 0.6974
2025-12-09 10:06:04.867034: val classification accuracy 0.5083
2025-12-09 10:06:04.870735: val auc 0.524
2025-12-09 10:06:04.873715: Epoch time: 66.17 s
2025-12-09 10:06:05.569994: 
2025-12-09 10:06:05.573183: Epoch 105
2025-12-09 10:06:05.577158: Current learning rate: 7e-05
2025-12-09 10:07:11.756012: train_loss 0.6749
2025-12-09 10:07:11.763322: val_loss 0.8319
2025-12-09 10:07:11.767305: val classification accuracy 0.4917
2025-12-09 10:07:11.771119: val auc 0.4968
2025-12-09 10:07:11.775434: Epoch time: 66.19 s
2025-12-09 10:07:12.500494: 
2025-12-09 10:07:12.504956: Epoch 106
2025-12-09 10:07:12.509298: Current learning rate: 7e-05
2025-12-09 10:08:18.472753: train_loss 0.6947
2025-12-09 10:08:18.537924: val_loss 0.7897
2025-12-09 10:08:18.541312: val classification accuracy 0.4917
2025-12-09 10:08:18.545214: val auc 0.4385
2025-12-09 10:08:18.548859: Epoch time: 65.97 s
2025-12-09 10:08:19.260563: 
2025-12-09 10:08:19.264477: Epoch 107
2025-12-09 10:08:19.268144: Current learning rate: 7e-05
2025-12-09 10:09:24.747597: train_loss 0.7173
2025-12-09 10:09:24.754198: val_loss 0.7058
2025-12-09 10:09:24.758317: val classification accuracy 0.5
2025-12-09 10:09:24.762578: val auc 0.5249
2025-12-09 10:09:24.766291: Epoch time: 65.49 s
2025-12-09 10:09:25.477551: 
2025-12-09 10:09:25.481469: Epoch 108
2025-12-09 10:09:25.484828: Current learning rate: 7e-05
2025-12-09 10:10:30.907692: train_loss 0.7141
2025-12-09 10:10:30.912914: val_loss 0.7087
2025-12-09 10:10:30.917270: val classification accuracy 0.425
2025-12-09 10:10:30.921463: val auc 0.4746
2025-12-09 10:10:30.925118: Epoch time: 65.43 s
2025-12-09 10:10:31.624477: 
2025-12-09 10:10:31.629273: Epoch 109
2025-12-09 10:10:31.632688: Current learning rate: 7e-05
2025-12-09 10:11:37.727981: train_loss 0.6901
2025-12-09 10:11:37.733750: val_loss 0.7684
2025-12-09 10:11:37.737265: val classification accuracy 0.4417
2025-12-09 10:11:37.740870: val auc 0.4342
2025-12-09 10:11:37.744142: Epoch time: 66.1 s
2025-12-09 10:11:38.453494: 
2025-12-09 10:11:38.457134: Epoch 110
2025-12-09 10:11:38.460726: Current learning rate: 7e-05
2025-12-09 10:12:45.232592: train_loss 0.6735
2025-12-09 10:12:45.268857: val_loss 0.7345
2025-12-09 10:12:45.277948: val classification accuracy 0.5167
2025-12-09 10:12:45.282915: val auc 0.5256
2025-12-09 10:12:45.291620: Epoch time: 66.78 s
2025-12-09 10:12:46.049572: 
2025-12-09 10:12:46.054085: Epoch 111
2025-12-09 10:12:46.057858: Current learning rate: 7e-05
2025-12-09 10:13:52.557449: train_loss 0.7108
2025-12-09 10:13:52.563347: val_loss 0.7335
2025-12-09 10:13:52.567093: val classification accuracy 0.5
2025-12-09 10:13:52.571596: val auc 0.4806
2025-12-09 10:13:52.574825: Epoch time: 66.51 s
2025-12-09 10:13:53.280496: 
2025-12-09 10:13:53.285802: Epoch 112
2025-12-09 10:13:53.291021: Current learning rate: 7e-05
2025-12-09 10:14:59.435183: train_loss 0.6761
2025-12-09 10:14:59.440152: val_loss 0.7327
2025-12-09 10:14:59.443826: val classification accuracy 0.5
2025-12-09 10:14:59.447454: val auc 0.4281
2025-12-09 10:14:59.450872: Epoch time: 66.16 s
2025-12-09 10:15:00.180542: 
2025-12-09 10:15:00.184366: Epoch 113
2025-12-09 10:15:00.187355: Current learning rate: 7e-05
2025-12-09 10:16:07.757779: train_loss 0.6824
2025-12-09 10:16:07.764041: val_loss 0.841
2025-12-09 10:16:07.767406: val classification accuracy 0.4917
2025-12-09 10:16:07.770951: val auc 0.4578
2025-12-09 10:16:07.774314: Epoch time: 67.58 s
2025-12-09 10:16:08.484224: 
2025-12-09 10:16:08.487797: Epoch 114
2025-12-09 10:16:08.491680: Current learning rate: 7e-05
2025-12-09 10:17:14.624961: train_loss 0.6984
2025-12-09 10:17:14.630632: val_loss 0.7966
2025-12-09 10:17:14.634466: val classification accuracy 0.4833
2025-12-09 10:17:14.637549: val auc 0.4492
2025-12-09 10:17:14.640804: Epoch time: 66.14 s
2025-12-09 10:17:15.351716: 
2025-12-09 10:17:15.355418: Epoch 115
2025-12-09 10:17:15.358712: Current learning rate: 6e-05
2025-12-09 10:18:21.531925: train_loss 0.6833
2025-12-09 10:18:21.544943: val_loss 0.8094
2025-12-09 10:18:21.549898: val classification accuracy 0.5
2025-12-09 10:18:21.553581: val auc 0.4404
2025-12-09 10:18:21.557239: Epoch time: 66.18 s
2025-12-09 10:18:22.295397: 
2025-12-09 10:18:22.298789: Epoch 116
2025-12-09 10:18:22.301847: Current learning rate: 6e-05
2025-12-09 10:19:28.337143: train_loss 0.684
2025-12-09 10:19:28.343371: val_loss 0.8994
2025-12-09 10:19:28.347204: val classification accuracy 0.4917
2025-12-09 10:19:28.350966: val auc 0.4088
2025-12-09 10:19:28.354330: Epoch time: 66.04 s
2025-12-09 10:19:29.075851: 
2025-12-09 10:19:29.079713: Epoch 117
2025-12-09 10:19:29.083694: Current learning rate: 6e-05
2025-12-09 10:20:35.680678: train_loss 0.6809
2025-12-09 10:20:35.686654: val_loss 0.8259
2025-12-09 10:20:35.690079: val classification accuracy 0.475
2025-12-09 10:20:35.693104: val auc 0.4694
2025-12-09 10:20:35.696527: Epoch time: 66.61 s
2025-12-09 10:20:36.397874: 
2025-12-09 10:20:36.401423: Epoch 118
2025-12-09 10:20:36.404307: Current learning rate: 6e-05
2025-12-09 10:21:40.547128: train_loss 0.6786
2025-12-09 10:21:40.552043: val_loss 0.7114
2025-12-09 10:21:40.555289: val classification accuracy 0.55
2025-12-09 10:21:40.559041: val auc 0.5488
2025-12-09 10:21:40.561820: Epoch time: 64.15 s
2025-12-09 10:21:41.256952: 
2025-12-09 10:21:41.260528: Epoch 119
2025-12-09 10:21:41.263241: Current learning rate: 6e-05
2025-12-09 10:22:46.241689: train_loss 0.6663
2025-12-09 10:22:46.246960: val_loss 0.6984
2025-12-09 10:22:46.250352: val classification accuracy 0.55
2025-12-09 10:22:46.253476: val auc 0.549
2025-12-09 10:22:46.256687: Epoch time: 64.99 s
2025-12-09 10:22:46.970676: 
2025-12-09 10:22:46.974429: Epoch 120
2025-12-09 10:22:46.977963: Current learning rate: 6e-05
2025-12-09 10:23:52.870903: train_loss 0.6438
2025-12-09 10:23:52.877319: val_loss 0.8714
2025-12-09 10:23:52.881081: val classification accuracy 0.5417
2025-12-09 10:23:52.884198: val auc 0.5528
2025-12-09 10:23:52.887399: Epoch time: 65.9 s
2025-12-09 10:23:53.597815: 
2025-12-09 10:23:53.601205: Epoch 121
2025-12-09 10:23:53.604041: Current learning rate: 6e-05
2025-12-09 10:24:59.262737: train_loss 0.6844
2025-12-09 10:24:59.268444: val_loss 0.7311
2025-12-09 10:24:59.272192: val classification accuracy 0.525
2025-12-09 10:24:59.275792: val auc 0.5511
2025-12-09 10:24:59.280119: Epoch time: 65.67 s
2025-12-09 10:24:59.992785: 
2025-12-09 10:24:59.999494: Epoch 122
2025-12-09 10:25:00.002709: Current learning rate: 6e-05
2025-12-09 10:26:05.463555: train_loss 0.6784
2025-12-09 10:26:05.470528: val_loss 0.8437
2025-12-09 10:26:05.474005: val classification accuracy 0.4917
2025-12-09 10:26:05.477654: val auc 0.4367
2025-12-09 10:26:05.480934: Epoch time: 65.47 s
2025-12-09 10:26:06.176719: 
2025-12-09 10:26:06.180159: Epoch 123
2025-12-09 10:26:06.182761: Current learning rate: 6e-05
2025-12-09 10:27:13.775864: train_loss 0.6951
2025-12-09 10:27:13.782672: val_loss 0.7815
2025-12-09 10:27:13.786678: val classification accuracy 0.4667
2025-12-09 10:27:13.790112: val auc 0.434
2025-12-09 10:27:13.794232: Epoch time: 67.6 s
2025-12-09 10:27:14.517503: 
2025-12-09 10:27:14.521260: Epoch 124
2025-12-09 10:27:14.524224: Current learning rate: 6e-05
2025-12-09 10:28:20.587788: train_loss 0.6766
2025-12-09 10:28:20.600785: val_loss 0.7944
2025-12-09 10:28:20.607008: val classification accuracy 0.4833
2025-12-09 10:28:20.613423: val auc 0.4553
2025-12-09 10:28:20.618426: Epoch time: 66.07 s
2025-12-09 10:28:20.622592: Early stopping triggered at epoch 124. Best val_losses=0.6158
2025-12-09 10:28:21.337342: Stopping training early due to early stopping criterion.
2025-12-09 10:28:23.848507: Training done.
2025-12-09 10:28:23.854129: Skipping perform_actual_validation for classification trainer (segmentation-style sliding window is not applicable).
[1;34mwandb[0m: 
[1;34mwandb[0m:  View run [33mSwinViTTrainer_ep300_NoMirroring_fold2[0m at: [34m[0m
[1;34mwandb[0m: Find logs at: [1;35m../../tmp/wandb/wandb/run-20251209_080648-b0smhuyq/logs[0m
