Using device: cuda:0

#######################################################################
Please cite the following paper when using nnU-Net:
Isensee, F., Jaeger, P. F., Kohl, S. A., Petersen, J., & Maier-Hein, K. H. (2021). nnU-Net: a self-configuring method for deep learning-based biomedical image segmentation. Nature methods, 18(2), 203-211.
#######################################################################

2025-12-09 03:24:13.466093: Using torch.compile...
2025-12-09 03:24:18.547001: do_dummy_2d_data_aug: False
2025-12-09 03:24:18.551482: Using splits from existing split file: /hpf/projects/jquon/sumin/nnUNet_data/nnUNet_preprocessed/Dataset003_AVM_T1+C/splits_final.json
2025-12-09 03:24:18.554660: The split file contains 5 splits.
2025-12-09 03:24:18.556503: Desired fold for training: 2
2025-12-09 03:24:18.558271: This split has 392 training and 120 validation cases.
using pin_memory on device 0
using pin_memory on device 0

This is the configuration used by this training:
Configuration name: 3d_fullres
 {'data_identifier': 'nnUNetPlans_3d_fullres', 'preprocessor_name': 'DefaultPreprocessor', 'batch_size': 2, 'patch_size': [160, 224, 192], 'median_image_size_in_voxels': [344.0, 448.0, 429.0], 'spacing': [0.500000923871994, 0.4910714328289032, 0.4910714328289032], 'normalization_schemes': ['ZScoreNormalization'], 'use_mask_for_norm': [False], 'resampling_fn_data': 'resample_data_or_seg_to_shape', 'resampling_fn_seg': 'resample_data_or_seg_to_shape', 'resampling_fn_data_kwargs': {'is_seg': False, 'order': 3, 'order_z': 0, 'force_separate_z': None}, 'resampling_fn_seg_kwargs': {'is_seg': True, 'order': 1, 'order_z': 0, 'force_separate_z': None}, 'resampling_fn_probabilities': 'resample_data_or_seg_to_shape', 'resampling_fn_probabilities_kwargs': {'is_seg': False, 'order': 1, 'order_z': 0, 'force_separate_z': None}, 'architecture': {'network_class_name': 'dynamic_network_architectures.architectures.unet.ResidualEncoderUNet', 'arch_kwargs': {'n_stages': 6, 'features_per_stage': [32, 64, 128, 256, 320, 320], 'conv_op': 'torch.nn.modules.conv.Conv3d', 'kernel_sizes': [[3, 3, 3], [3, 3, 3], [3, 3, 3], [3, 3, 3], [3, 3, 3], [3, 3, 3]], 'strides': [[1, 1, 1], [2, 2, 2], [2, 2, 2], [2, 2, 2], [2, 2, 2], [2, 2, 2]], 'n_blocks_per_stage': [1, 3, 4, 6, 6, 6], 'n_conv_per_stage_decoder': [1, 1, 1, 1, 1], 'conv_bias': True, 'norm_op': 'torch.nn.modules.instancenorm.InstanceNorm3d', 'norm_op_kwargs': {'eps': 1e-05, 'affine': True}, 'dropout_op': None, 'dropout_op_kwargs': None, 'nonlin': 'torch.nn.LeakyReLU', 'nonlin_kwargs': {'inplace': True}}, '_kw_requires_import': ['conv_op', 'norm_op', 'dropout_op', 'nonlin']}, 'batch_dice': True} 

These are the global plan.json settings:
 {'dataset_name': 'Dataset003_AVM_T1+C', 'plans_name': 'nnUNetResEncUNetLPlans', 'original_median_spacing_after_transp': [0.500000923871994, 0.4910714328289032, 0.4910714328289032], 'original_median_shape_after_transp': [330, 448, 424], 'image_reader_writer': 'SimpleITKIO', 'transpose_forward': [0, 1, 2], 'transpose_backward': [0, 1, 2], 'experiment_planner_used': 'nnUNetPlannerResEncL', 'label_manager': 'LabelManager', 'foreground_intensity_properties_per_channel': {'0': {'max': 12113.0, 'mean': 449.843505859375, 'median': 311.0, 'min': 0.0, 'percentile_00_5': 34.0, 'percentile_99_5': 3202.0, 'std': 471.56329345703125}}} 

2025-12-09 03:24:21.295674: Unable to plot network architecture: nnUNet_compile is enabled!
2025-12-09 03:24:21.344777: 
2025-12-09 03:24:21.348681: Epoch 0
2025-12-09 03:24:21.351195: Current learning rate: 0.01
2025-12-09 03:25:43.970299: train_loss 1.1198
2025-12-09 03:25:43.974564: val_loss 12.7757
2025-12-09 03:25:43.976869: val classification accuracy 0.525
2025-12-09 03:25:43.979138: val auc 0.4936
2025-12-09 03:25:43.981525: Epoch time: 82.63 s
2025-12-09 03:25:43.983618: Yayy! New best EMA pseudo Dice: 0.4936
2025-12-09 03:25:46.622555: Yayy! New best classification accuracy: 0.525
2025-12-09 03:25:49.532447: 
2025-12-09 03:25:49.535278: Epoch 1
2025-12-09 03:25:49.537317: Current learning rate: 0.00997
2025-12-09 03:26:39.513940: train_loss 1.0521
2025-12-09 03:26:39.519279: val_loss 0.8904
2025-12-09 03:26:39.522825: val classification accuracy 0.4833
2025-12-09 03:26:39.526218: val auc 0.5021
2025-12-09 03:26:39.543410: Epoch time: 49.98 s
2025-12-09 03:26:39.548660: Yayy! New best EMA pseudo Dice: 0.5021
2025-12-09 03:26:43.090958: 
2025-12-09 03:26:43.093974: Epoch 2
2025-12-09 03:26:43.095951: Current learning rate: 0.00994
2025-12-09 03:27:33.519060: train_loss 0.7777
2025-12-09 03:27:33.523768: val_loss 0.972
2025-12-09 03:27:33.527353: val classification accuracy 0.5
2025-12-09 03:27:33.530113: val auc 0.609
2025-12-09 03:27:33.532855: Epoch time: 50.43 s
2025-12-09 03:27:33.534917: Yayy! New best EMA pseudo Dice: 0.609
2025-12-09 03:27:36.975931: 
2025-12-09 03:27:36.979020: Epoch 3
2025-12-09 03:27:36.981159: Current learning rate: 0.00991
2025-12-09 03:28:29.068029: train_loss 0.7128
2025-12-09 03:28:29.072272: val_loss 0.9221
2025-12-09 03:28:29.074934: val classification accuracy 0.525
2025-12-09 03:28:29.077352: val auc 0.5278
2025-12-09 03:28:29.079762: Epoch time: 52.09 s
2025-12-09 03:28:29.847604: 
2025-12-09 03:28:29.850822: Epoch 4
2025-12-09 03:28:29.853094: Current learning rate: 0.00988
2025-12-09 03:29:19.119157: train_loss 0.6843
2025-12-09 03:29:19.141668: val_loss 0.7998
2025-12-09 03:29:19.144382: val classification accuracy 0.4667
2025-12-09 03:29:19.146723: val auc 0.4607
2025-12-09 03:29:19.148916: Epoch time: 49.27 s
2025-12-09 03:29:19.923945: 
2025-12-09 03:29:19.927480: Epoch 5
2025-12-09 03:29:19.929770: Current learning rate: 0.00985
2025-12-09 03:30:07.385437: train_loss 0.7001
2025-12-09 03:30:07.390923: val_loss 0.7057
2025-12-09 03:30:07.393868: val classification accuracy 0.5
2025-12-09 03:30:07.397166: val auc 0.5186
2025-12-09 03:30:07.400010: Epoch time: 47.46 s
2025-12-09 03:30:08.179398: 
2025-12-09 03:30:08.182423: Epoch 6
2025-12-09 03:30:08.184608: Current learning rate: 0.00982
2025-12-09 03:31:05.161022: train_loss 0.7032
2025-12-09 03:31:05.165338: val_loss 0.6842
2025-12-09 03:31:05.167466: val classification accuracy 0.5583
2025-12-09 03:31:05.169739: val auc 0.5806
2025-12-09 03:31:05.172134: Epoch time: 56.98 s
2025-12-09 03:31:05.174051: Yayy! New best classification accuracy: 0.5583
2025-12-09 03:31:08.546799: 
2025-12-09 03:31:08.549628: Epoch 7
2025-12-09 03:31:08.551511: Current learning rate: 0.00979
2025-12-09 03:32:02.417832: train_loss 0.6929
2025-12-09 03:32:02.422604: val_loss 0.7163
2025-12-09 03:32:02.425174: val classification accuracy 0.525
2025-12-09 03:32:02.427795: val auc 0.4928
2025-12-09 03:32:02.439000: Epoch time: 53.87 s
2025-12-09 03:32:03.196078: 
2025-12-09 03:32:03.199184: Epoch 8
2025-12-09 03:32:03.201309: Current learning rate: 0.00976
2025-12-09 03:32:50.299649: train_loss 0.6849
2025-12-09 03:32:50.304222: val_loss 0.7529
2025-12-09 03:32:50.306744: val classification accuracy 0.4417
2025-12-09 03:32:50.309248: val auc 0.4532
2025-12-09 03:32:50.311837: Epoch time: 47.1 s
2025-12-09 03:32:51.172754: 
2025-12-09 03:32:51.175799: Epoch 9
2025-12-09 03:32:51.177943: Current learning rate: 0.00973
2025-12-09 03:33:42.859159: train_loss 0.6816
2025-12-09 03:33:42.879395: val_loss 0.7967
2025-12-09 03:33:42.882490: val classification accuracy 0.4917
2025-12-09 03:33:42.890177: val auc 0.4458
2025-12-09 03:33:42.893912: Epoch time: 51.69 s
2025-12-09 03:33:43.701227: 
2025-12-09 03:33:43.703976: Epoch 10
2025-12-09 03:33:43.706059: Current learning rate: 0.0097
2025-12-09 03:34:36.295143: train_loss 0.6915
2025-12-09 03:34:36.299088: val_loss 0.7279
2025-12-09 03:34:36.301902: val classification accuracy 0.5167
2025-12-09 03:34:36.304973: val auc 0.5919
2025-12-09 03:34:36.307448: Epoch time: 52.6 s
2025-12-09 03:34:37.062470: 
2025-12-09 03:34:37.067390: Epoch 11
2025-12-09 03:34:37.070691: Current learning rate: 0.00967
2025-12-09 03:35:27.784860: train_loss 0.6744
2025-12-09 03:35:27.817684: val_loss 0.7036
2025-12-09 03:35:27.821089: val classification accuracy 0.5333
2025-12-09 03:35:27.824429: val auc 0.5314
2025-12-09 03:35:27.828024: Epoch time: 50.72 s
2025-12-09 03:35:28.665094: 
2025-12-09 03:35:28.668519: Epoch 12
2025-12-09 03:35:28.671137: Current learning rate: 0.00964
2025-12-09 03:36:20.422127: train_loss 0.6954
2025-12-09 03:36:20.427128: val_loss 0.7019
2025-12-09 03:36:20.430373: val classification accuracy 0.6
2025-12-09 03:36:20.433469: val auc 0.5999
2025-12-09 03:36:20.436740: Epoch time: 51.76 s
2025-12-09 03:36:20.439192: Yayy! New best classification accuracy: 0.6
2025-12-09 03:36:23.900600: 
2025-12-09 03:36:23.904246: Epoch 13
2025-12-09 03:36:23.906740: Current learning rate: 0.00961
2025-12-09 03:37:14.217754: train_loss 0.6484
2025-12-09 03:37:14.222843: val_loss 0.7229
2025-12-09 03:37:14.225679: val classification accuracy 0.5
2025-12-09 03:37:14.228200: val auc 0.5308
2025-12-09 03:37:14.231040: Epoch time: 50.32 s
2025-12-09 03:37:15.091372: 
2025-12-09 03:37:15.094725: Epoch 14
2025-12-09 03:37:15.097099: Current learning rate: 0.00958
2025-12-09 03:38:09.332142: train_loss 0.6576
2025-12-09 03:38:09.336543: val_loss 0.9041
2025-12-09 03:38:09.339476: val classification accuracy 0.55
2025-12-09 03:38:09.341918: val auc 0.6031
2025-12-09 03:38:09.344485: Epoch time: 54.24 s
2025-12-09 03:38:10.170500: 
2025-12-09 03:38:10.174262: Epoch 15
2025-12-09 03:38:10.176990: Current learning rate: 0.00955
2025-12-09 03:39:02.478495: train_loss 0.625
2025-12-09 03:39:02.483832: val_loss 0.7116
2025-12-09 03:39:02.487037: val classification accuracy 0.5167
2025-12-09 03:39:02.490004: val auc 0.5954
2025-12-09 03:39:02.492900: Epoch time: 52.31 s
2025-12-09 03:39:03.266164: 
2025-12-09 03:39:03.269527: Epoch 16
2025-12-09 03:39:03.272062: Current learning rate: 0.00952
2025-12-09 03:39:56.849284: train_loss 0.6549
2025-12-09 03:39:56.855121: val_loss 0.8261
2025-12-09 03:39:56.864911: val classification accuracy 0.5417
2025-12-09 03:39:56.868662: val auc 0.5562
2025-12-09 03:39:56.871906: Epoch time: 53.58 s
2025-12-09 03:39:57.698447: 
2025-12-09 03:39:57.702407: Epoch 17
2025-12-09 03:39:57.704795: Current learning rate: 0.00949
2025-12-09 03:40:50.779547: train_loss 0.679
2025-12-09 03:40:50.784293: val_loss 0.8359
2025-12-09 03:40:50.787477: val classification accuracy 0.5083
2025-12-09 03:40:50.790508: val auc 0.5544
2025-12-09 03:40:50.793681: Epoch time: 53.08 s
2025-12-09 03:40:51.536776: 
2025-12-09 03:40:51.540292: Epoch 18
2025-12-09 03:40:51.543065: Current learning rate: 0.00946
2025-12-09 03:41:45.160166: train_loss 0.6864
2025-12-09 03:41:45.164900: val_loss 0.7145
2025-12-09 03:41:45.167815: val classification accuracy 0.5167
2025-12-09 03:41:45.171013: val auc 0.5625
2025-12-09 03:41:45.174723: Epoch time: 53.62 s
2025-12-09 03:41:45.926589: 
2025-12-09 03:41:45.929954: Epoch 19
2025-12-09 03:41:45.932390: Current learning rate: 0.00943
2025-12-09 03:42:36.476535: train_loss 0.6575
2025-12-09 03:42:36.481845: val_loss 0.7307
2025-12-09 03:42:36.485033: val classification accuracy 0.5417
2025-12-09 03:42:36.488064: val auc 0.5525
2025-12-09 03:42:36.491102: Epoch time: 50.55 s
2025-12-09 03:42:38.932983: Saved periodic checkpoint /hpf/projects/jquon/sumin/nnUNet_data/nnUNet_results/Dataset003_AVM_T1+C/SEResNetTrainer_ep300_NoMirroring__nnUNetResEncUNetLPlans__3d_fullres/fold_2/checkpoint_every20_best_balacc.pth at epoch 19 with val_balanced_accuracy=0.5417
2025-12-09 03:42:39.673268: 
2025-12-09 03:42:39.676632: Epoch 20
2025-12-09 03:42:39.679216: Current learning rate: 0.0094
2025-12-09 03:43:33.955131: train_loss 0.6454
2025-12-09 03:43:33.965668: val_loss 0.7744
2025-12-09 03:43:33.977012: val classification accuracy 0.5833
2025-12-09 03:43:33.980041: val auc 0.5857
2025-12-09 03:43:33.982805: Epoch time: 54.28 s
2025-12-09 03:43:34.826100: 
2025-12-09 03:43:34.829873: Epoch 21
2025-12-09 03:43:34.832759: Current learning rate: 0.00937
2025-12-09 03:44:27.130450: train_loss 0.6858
2025-12-09 03:44:27.135779: val_loss 0.7097
2025-12-09 03:44:27.139121: val classification accuracy 0.5667
2025-12-09 03:44:27.152004: val auc 0.6008
2025-12-09 03:44:27.155394: Epoch time: 52.31 s
2025-12-09 03:44:28.019661: 
2025-12-09 03:44:28.023263: Epoch 22
2025-12-09 03:44:28.025832: Current learning rate: 0.00934
2025-12-09 03:45:19.516537: train_loss 0.6622
2025-12-09 03:45:19.521626: val_loss 0.7347
2025-12-09 03:45:19.524904: val classification accuracy 0.5333
2025-12-09 03:45:19.527664: val auc 0.7085
2025-12-09 03:45:19.531643: Epoch time: 51.5 s
2025-12-09 03:45:19.540704: Yayy! New best EMA pseudo Dice: 0.7085
2025-12-09 03:45:22.978117: 
2025-12-09 03:45:22.981738: Epoch 23
2025-12-09 03:45:22.984250: Current learning rate: 0.00931
2025-12-09 03:46:13.370696: train_loss 0.6281
2025-12-09 03:46:13.380828: val_loss 0.7363
2025-12-09 03:46:13.384599: val classification accuracy 0.625
2025-12-09 03:46:13.387945: val auc 0.6271
2025-12-09 03:46:13.390957: Epoch time: 50.39 s
2025-12-09 03:46:13.394389: Yayy! New best classification accuracy: 0.625
2025-12-09 03:46:16.628779: 
2025-12-09 03:46:16.632211: Epoch 24
2025-12-09 03:46:16.634925: Current learning rate: 0.00928
2025-12-09 03:47:07.977106: train_loss 0.6856
2025-12-09 03:47:07.982176: val_loss 0.7055
2025-12-09 03:47:07.985382: val classification accuracy 0.5083
2025-12-09 03:47:07.989403: val auc 0.5567
2025-12-09 03:47:07.992376: Epoch time: 51.35 s
2025-12-09 03:47:08.743486: 
2025-12-09 03:47:08.746725: Epoch 25
2025-12-09 03:47:08.748954: Current learning rate: 0.00925
2025-12-09 03:47:59.314251: train_loss 0.6632
2025-12-09 03:47:59.318140: val_loss 0.7277
2025-12-09 03:47:59.321049: val classification accuracy 0.5417
2025-12-09 03:47:59.323529: val auc 0.6075
2025-12-09 03:47:59.326045: Epoch time: 50.57 s
2025-12-09 03:48:00.124008: 
2025-12-09 03:48:00.127715: Epoch 26
2025-12-09 03:48:00.130302: Current learning rate: 0.00922
2025-12-09 03:48:52.815325: train_loss 0.6723
2025-12-09 03:48:52.820148: val_loss 0.711
2025-12-09 03:48:52.823555: val classification accuracy 0.4833
2025-12-09 03:48:52.826473: val auc 0.5389
2025-12-09 03:48:52.844134: Epoch time: 52.69 s
2025-12-09 03:48:53.602972: 
2025-12-09 03:48:53.606513: Epoch 27
2025-12-09 03:48:53.609007: Current learning rate: 0.00919
2025-12-09 03:49:46.170392: train_loss 0.6749
2025-12-09 03:49:46.204396: val_loss 0.7571
2025-12-09 03:49:46.207736: val classification accuracy 0.5333
2025-12-09 03:49:46.211004: val auc 0.5412
2025-12-09 03:49:46.213841: Epoch time: 52.57 s
2025-12-09 03:49:46.983084: 
2025-12-09 03:49:46.986931: Epoch 28
2025-12-09 03:49:46.989796: Current learning rate: 0.00916
2025-12-09 03:50:37.397421: train_loss 0.6507
2025-12-09 03:50:37.415068: val_loss 0.8421
2025-12-09 03:50:37.418048: val classification accuracy 0.5083
2025-12-09 03:50:37.420801: val auc 0.5485
2025-12-09 03:50:37.424407: Epoch time: 50.42 s
2025-12-09 03:50:38.215605: 
2025-12-09 03:50:38.219156: Epoch 29
2025-12-09 03:50:38.221737: Current learning rate: 0.00913
2025-12-09 03:51:29.213866: train_loss 0.6448
2025-12-09 03:51:29.220856: val_loss 0.7066
2025-12-09 03:51:29.224812: val classification accuracy 0.55
2025-12-09 03:51:29.228772: val auc 0.6538
2025-12-09 03:51:29.232789: Epoch time: 51.0 s
2025-12-09 03:51:30.070316: 
2025-12-09 03:51:30.074072: Epoch 30
2025-12-09 03:51:30.076616: Current learning rate: 0.0091
2025-12-09 03:52:23.386229: train_loss 0.645
2025-12-09 03:52:23.391648: val_loss 0.818
2025-12-09 03:52:23.395114: val classification accuracy 0.55
2025-12-09 03:52:23.398618: val auc 0.6011
2025-12-09 03:52:23.401513: Epoch time: 53.32 s
2025-12-09 03:52:24.246580: 
2025-12-09 03:52:24.249828: Epoch 31
2025-12-09 03:52:24.252376: Current learning rate: 0.00907
2025-12-09 03:53:16.003435: train_loss 0.6341
2025-12-09 03:53:16.009232: val_loss 0.739
2025-12-09 03:53:16.012851: val classification accuracy 0.5
2025-12-09 03:53:16.015885: val auc 0.5892
2025-12-09 03:53:16.019006: Epoch time: 51.76 s
2025-12-09 03:53:16.881104: 
2025-12-09 03:53:16.884893: Epoch 32
2025-12-09 03:53:16.887706: Current learning rate: 0.00903
2025-12-09 03:54:08.152048: train_loss 0.6624
2025-12-09 03:54:08.157240: val_loss 0.7542
2025-12-09 03:54:08.160435: val classification accuracy 0.5083
2025-12-09 03:54:08.163705: val auc 0.4817
2025-12-09 03:54:08.167228: Epoch time: 51.27 s
2025-12-09 03:54:09.117250: 
2025-12-09 03:54:09.120914: Epoch 33
2025-12-09 03:54:09.123556: Current learning rate: 0.009
2025-12-09 03:54:58.769427: train_loss 0.6382
2025-12-09 03:54:58.800257: val_loss 0.8164
2025-12-09 03:54:58.803913: val classification accuracy 0.5083
2025-12-09 03:54:58.807239: val auc 0.581
2025-12-09 03:54:58.811010: Epoch time: 49.65 s
2025-12-09 03:54:59.652329: 
2025-12-09 03:54:59.655662: Epoch 34
2025-12-09 03:54:59.657985: Current learning rate: 0.00897
2025-12-09 03:55:52.475699: train_loss 0.643
2025-12-09 03:55:52.479827: val_loss 0.7472
2025-12-09 03:55:52.482754: val classification accuracy 0.525
2025-12-09 03:55:52.485415: val auc 0.5329
2025-12-09 03:55:52.488225: Epoch time: 52.82 s
2025-12-09 03:55:53.257200: 
2025-12-09 03:55:53.260677: Epoch 35
2025-12-09 03:55:53.263052: Current learning rate: 0.00894
2025-12-09 03:56:45.676720: train_loss 0.6345
2025-12-09 03:56:45.682519: val_loss 0.763
2025-12-09 03:56:45.686194: val classification accuracy 0.6333
2025-12-09 03:56:45.689495: val auc 0.655
2025-12-09 03:56:45.698292: Epoch time: 52.42 s
2025-12-09 03:56:45.703677: Yayy! New best classification accuracy: 0.6333
2025-12-09 03:56:49.027727: 
2025-12-09 03:56:49.031281: Epoch 36
2025-12-09 03:56:49.033991: Current learning rate: 0.00891
2025-12-09 03:57:45.915859: train_loss 0.6378
2025-12-09 03:57:45.942319: val_loss 0.6801
2025-12-09 03:57:45.945520: val classification accuracy 0.6333
2025-12-09 03:57:45.949149: val auc 0.6514
2025-12-09 03:57:45.952081: Epoch time: 56.89 s
2025-12-09 03:57:46.782757: 
2025-12-09 03:57:46.786462: Epoch 37
2025-12-09 03:57:46.789089: Current learning rate: 0.00888
2025-12-09 03:58:40.033465: train_loss 0.6002
2025-12-09 03:58:40.042757: val_loss 0.8161
2025-12-09 03:58:40.045958: val classification accuracy 0.5167
2025-12-09 03:58:40.048591: val auc 0.6246
2025-12-09 03:58:40.051653: Epoch time: 53.25 s
2025-12-09 03:58:40.856296: 
2025-12-09 03:58:40.859714: Epoch 38
2025-12-09 03:58:40.862220: Current learning rate: 0.00885
2025-12-09 03:59:29.480240: train_loss 0.6456
2025-12-09 03:59:29.485827: val_loss 0.8292
2025-12-09 03:59:29.489103: val classification accuracy 0.5417
2025-12-09 03:59:29.492564: val auc 0.4714
2025-12-09 03:59:29.495884: Epoch time: 48.63 s
2025-12-09 03:59:30.283085: 
2025-12-09 03:59:30.287035: Epoch 39
2025-12-09 03:59:30.290025: Current learning rate: 0.00882
2025-12-09 04:00:22.380188: train_loss 0.6168
2025-12-09 04:00:22.385170: val_loss 0.787
2025-12-09 04:00:22.388351: val classification accuracy 0.5917
2025-12-09 04:00:22.391395: val auc 0.6562
2025-12-09 04:00:22.394257: Epoch time: 52.1 s
2025-12-09 04:00:25.029577: Saved periodic checkpoint /hpf/projects/jquon/sumin/nnUNet_data/nnUNet_results/Dataset003_AVM_T1+C/SEResNetTrainer_ep300_NoMirroring__nnUNetResEncUNetLPlans__3d_fullres/fold_2/checkpoint_every20_best_balacc.pth at epoch 39 with val_balanced_accuracy=0.5917
2025-12-09 04:00:25.841148: 
2025-12-09 04:00:25.844314: Epoch 40
2025-12-09 04:00:25.846794: Current learning rate: 0.00879
2025-12-09 04:01:16.283330: train_loss 0.6482
2025-12-09 04:01:16.288998: val_loss 0.7173
2025-12-09 04:01:16.292432: val classification accuracy 0.5833
2025-12-09 04:01:16.295803: val auc 0.674
2025-12-09 04:01:16.298975: Epoch time: 50.44 s
2025-12-09 04:01:17.246325: 
2025-12-09 04:01:17.250903: Epoch 41
2025-12-09 04:01:17.253757: Current learning rate: 0.00876
2025-12-09 04:02:08.323302: train_loss 0.6337
2025-12-09 04:02:08.328255: val_loss 0.686
2025-12-09 04:02:08.331370: val classification accuracy 0.5833
2025-12-09 04:02:08.334147: val auc 0.699
2025-12-09 04:02:08.336969: Epoch time: 51.08 s
2025-12-09 04:02:09.202796: 
2025-12-09 04:02:09.206639: Epoch 42
2025-12-09 04:02:09.209532: Current learning rate: 0.00873
2025-12-09 04:03:04.317833: train_loss 0.5972
2025-12-09 04:03:04.323142: val_loss 0.9341
2025-12-09 04:03:04.326090: val classification accuracy 0.5583
2025-12-09 04:03:04.329217: val auc 0.5965
2025-12-09 04:03:04.332300: Epoch time: 55.12 s
2025-12-09 04:03:05.105951: 
2025-12-09 04:03:05.109297: Epoch 43
2025-12-09 04:03:05.111969: Current learning rate: 0.0087
2025-12-09 04:03:56.452389: train_loss 0.6232
2025-12-09 04:03:56.457596: val_loss 0.7256
2025-12-09 04:03:56.460611: val classification accuracy 0.6417
2025-12-09 04:03:56.463555: val auc 0.6533
2025-12-09 04:03:56.466279: Epoch time: 51.35 s
2025-12-09 04:03:56.468902: Yayy! New best classification accuracy: 0.6417
2025-12-09 04:04:00.058437: 
2025-12-09 04:04:00.062050: Epoch 44
2025-12-09 04:04:00.064770: Current learning rate: 0.00867
2025-12-09 04:04:51.766914: train_loss 0.5648
2025-12-09 04:04:51.771869: val_loss 1.0113
2025-12-09 04:04:51.777251: val classification accuracy 0.4833
2025-12-09 04:04:51.780493: val auc 0.4418
2025-12-09 04:04:51.783644: Epoch time: 51.71 s
2025-12-09 04:04:52.580368: 
2025-12-09 04:04:52.583889: Epoch 45
2025-12-09 04:04:52.586389: Current learning rate: 0.00864
2025-12-09 04:05:42.160422: train_loss 0.5965
2025-12-09 04:05:42.166830: val_loss 0.7637
2025-12-09 04:05:42.181653: val classification accuracy 0.5833
2025-12-09 04:05:42.184967: val auc 0.6522
2025-12-09 04:05:42.188145: Epoch time: 49.58 s
2025-12-09 04:05:43.027166: 
2025-12-09 04:05:43.030746: Epoch 46
2025-12-09 04:05:43.033509: Current learning rate: 0.00861
2025-12-09 04:06:33.491240: train_loss 0.6675
2025-12-09 04:06:33.496494: val_loss 0.7263
2025-12-09 04:06:33.499927: val classification accuracy 0.525
2025-12-09 04:06:33.502702: val auc 0.5799
2025-12-09 04:06:33.505662: Epoch time: 50.47 s
2025-12-09 04:06:34.268567: 
2025-12-09 04:06:34.271988: Epoch 47
2025-12-09 04:06:34.274557: Current learning rate: 0.00858
2025-12-09 04:07:24.002446: train_loss 0.6363
2025-12-09 04:07:24.007039: val_loss 0.701
2025-12-09 04:07:24.009928: val classification accuracy 0.5917
2025-12-09 04:07:24.024422: val auc 0.6975
2025-12-09 04:07:24.042799: Epoch time: 49.74 s
2025-12-09 04:07:25.560913: 
2025-12-09 04:07:25.564949: Epoch 48
2025-12-09 04:07:25.568110: Current learning rate: 0.00855
2025-12-09 04:08:19.564728: train_loss 0.5876
2025-12-09 04:08:19.569339: val_loss 1.0813
2025-12-09 04:08:19.594510: val classification accuracy 0.5833
2025-12-09 04:08:19.599539: val auc 0.564
2025-12-09 04:08:19.602214: Epoch time: 54.01 s
2025-12-09 04:08:20.375483: 
2025-12-09 04:08:20.379091: Epoch 49
2025-12-09 04:08:20.381495: Current learning rate: 0.00852
2025-12-09 04:09:14.556634: train_loss 0.613
2025-12-09 04:09:14.561774: val_loss 0.7356
2025-12-09 04:09:14.565085: val classification accuracy 0.5667
2025-12-09 04:09:14.572848: val auc 0.5788
2025-12-09 04:09:14.577007: Epoch time: 54.18 s
2025-12-09 04:09:15.464144: 
2025-12-09 04:09:15.467645: Epoch 50
2025-12-09 04:09:15.470148: Current learning rate: 0.00849
2025-12-09 04:10:05.641586: train_loss 0.5923
2025-12-09 04:10:05.684188: val_loss 0.6836
2025-12-09 04:10:05.695288: val classification accuracy 0.5917
2025-12-09 04:10:05.698151: val auc 0.6339
2025-12-09 04:10:05.700802: Epoch time: 50.18 s
2025-12-09 04:10:06.455999: 
2025-12-09 04:10:06.459389: Epoch 51
2025-12-09 04:10:06.461705: Current learning rate: 0.00846
2025-12-09 04:10:59.612428: train_loss 0.6365
2025-12-09 04:10:59.616776: val_loss 0.7815
2025-12-09 04:10:59.619625: val classification accuracy 0.5
2025-12-09 04:10:59.622635: val auc 0.5115
2025-12-09 04:10:59.625625: Epoch time: 53.16 s
2025-12-09 04:11:00.568298: 
2025-12-09 04:11:00.572220: Epoch 52
2025-12-09 04:11:00.575423: Current learning rate: 0.00843
2025-12-09 04:11:52.209352: train_loss 0.6374
2025-12-09 04:11:52.227724: val_loss 0.7899
2025-12-09 04:11:52.231216: val classification accuracy 0.5667
2025-12-09 04:11:52.234398: val auc 0.6367
2025-12-09 04:11:52.237233: Epoch time: 51.64 s
2025-12-09 04:11:53.049082: 
2025-12-09 04:11:53.052786: Epoch 53
2025-12-09 04:11:53.055461: Current learning rate: 0.00839
2025-12-09 04:12:45.469590: train_loss 0.6483
2025-12-09 04:12:45.474935: val_loss 0.7308
2025-12-09 04:12:45.478966: val classification accuracy 0.65
2025-12-09 04:12:45.482703: val auc 0.6425
2025-12-09 04:12:45.486750: Epoch time: 52.42 s
2025-12-09 04:12:45.489632: Yayy! New best classification accuracy: 0.65
2025-12-09 04:12:48.877439: 
2025-12-09 04:12:48.882172: Epoch 54
2025-12-09 04:12:48.885941: Current learning rate: 0.00836
2025-12-09 04:13:40.498923: train_loss 0.6102
2025-12-09 04:13:40.515497: val_loss 0.7525
2025-12-09 04:13:40.519341: val classification accuracy 0.5083
2025-12-09 04:13:40.522920: val auc 0.5788
2025-12-09 04:13:40.526942: Epoch time: 51.62 s
2025-12-09 04:13:41.380703: 
2025-12-09 04:13:41.384424: Epoch 55
2025-12-09 04:13:41.387279: Current learning rate: 0.00833
2025-12-09 04:14:33.857589: train_loss 0.6344
2025-12-09 04:14:33.886333: val_loss 0.7142
2025-12-09 04:14:33.889619: val classification accuracy 0.5583
2025-12-09 04:14:33.893193: val auc 0.5949
2025-12-09 04:14:33.895930: Epoch time: 52.48 s
2025-12-09 04:14:34.687388: 
2025-12-09 04:14:34.690677: Epoch 56
2025-12-09 04:14:34.693397: Current learning rate: 0.0083
2025-12-09 04:15:21.467337: train_loss 0.5571
2025-12-09 04:15:21.473396: val_loss 0.8669
2025-12-09 04:15:21.500707: val classification accuracy 0.55
2025-12-09 04:15:21.504725: val auc 0.6501
2025-12-09 04:15:21.508029: Epoch time: 46.78 s
2025-12-09 04:15:22.278810: 
2025-12-09 04:15:22.282863: Epoch 57
2025-12-09 04:15:22.285847: Current learning rate: 0.00827
2025-12-09 04:16:15.666927: train_loss 0.6335
2025-12-09 04:16:15.671912: val_loss 0.6822
2025-12-09 04:16:15.674862: val classification accuracy 0.5833
2025-12-09 04:16:15.677785: val auc 0.6342
2025-12-09 04:16:15.680659: Epoch time: 53.39 s
2025-12-09 04:16:16.448376: 
2025-12-09 04:16:16.451838: Epoch 58
2025-12-09 04:16:16.454308: Current learning rate: 0.00824
2025-12-09 04:17:06.920042: train_loss 0.5886
2025-12-09 04:17:06.926589: val_loss 0.8009
2025-12-09 04:17:06.929739: val classification accuracy 0.5333
2025-12-09 04:17:06.932991: val auc 0.5626
2025-12-09 04:17:06.936044: Epoch time: 50.47 s
2025-12-09 04:17:07.777701: 
2025-12-09 04:17:07.781465: Epoch 59
2025-12-09 04:17:07.784145: Current learning rate: 0.00821
2025-12-09 04:18:01.273664: train_loss 0.5411
2025-12-09 04:18:01.282809: val_loss 0.9827
2025-12-09 04:18:01.286745: val classification accuracy 0.5417
2025-12-09 04:18:01.290606: val auc 0.601
2025-12-09 04:18:01.293545: Epoch time: 53.5 s
2025-12-09 04:18:02.118442: 
2025-12-09 04:18:02.122296: Epoch 60
2025-12-09 04:18:02.124901: Current learning rate: 0.00818
2025-12-09 04:18:56.392195: train_loss 0.5863
2025-12-09 04:18:56.396892: val_loss 0.7847
2025-12-09 04:18:56.415122: val classification accuracy 0.5667
2025-12-09 04:18:56.418043: val auc 0.6521
2025-12-09 04:18:56.420795: Epoch time: 54.28 s
2025-12-09 04:18:57.932680: 
2025-12-09 04:18:57.936328: Epoch 61
2025-12-09 04:18:57.938897: Current learning rate: 0.00815
2025-12-09 04:19:53.404503: train_loss 0.5817
2025-12-09 04:19:53.409858: val_loss 0.7488
2025-12-09 04:19:53.413168: val classification accuracy 0.6417
2025-12-09 04:19:53.416384: val auc 0.6393
2025-12-09 04:19:53.419674: Epoch time: 55.47 s
2025-12-09 04:19:54.198788: 
2025-12-09 04:19:54.202628: Epoch 62
2025-12-09 04:19:54.205270: Current learning rate: 0.00812
2025-12-09 04:20:46.170697: train_loss 0.5817
2025-12-09 04:20:46.177258: val_loss 0.7997
2025-12-09 04:20:46.180632: val classification accuracy 0.575
2025-12-09 04:20:46.186042: val auc 0.5989
2025-12-09 04:20:46.190020: Epoch time: 51.97 s
2025-12-09 04:20:46.984891: 
2025-12-09 04:20:46.988405: Epoch 63
2025-12-09 04:20:46.990804: Current learning rate: 0.00809
2025-12-09 04:21:38.483626: train_loss 0.5879
2025-12-09 04:21:38.509709: val_loss 1.0394
2025-12-09 04:21:38.512969: val classification accuracy 0.45
2025-12-09 04:21:38.515599: val auc 0.5517
2025-12-09 04:21:38.518207: Epoch time: 51.5 s
2025-12-09 04:21:39.368118: 
2025-12-09 04:21:39.373669: Epoch 64
2025-12-09 04:21:39.376727: Current learning rate: 0.00806
2025-12-09 04:22:33.036220: train_loss 0.5639
2025-12-09 04:22:33.041204: val_loss 0.9249
2025-12-09 04:22:33.044102: val classification accuracy 0.525
2025-12-09 04:22:33.046718: val auc 0.5235
2025-12-09 04:22:33.049530: Epoch time: 53.67 s
2025-12-09 04:22:33.831907: 
2025-12-09 04:22:33.835636: Epoch 65
2025-12-09 04:22:33.838220: Current learning rate: 0.00803
2025-12-09 04:23:24.579633: train_loss 0.58
2025-12-09 04:23:24.599318: val_loss 0.8179
2025-12-09 04:23:24.613539: val classification accuracy 0.5333
2025-12-09 04:23:24.617493: val auc 0.5442
2025-12-09 04:23:24.621654: Epoch time: 50.75 s
2025-12-09 04:23:25.400030: 
2025-12-09 04:23:25.403475: Epoch 66
2025-12-09 04:23:25.405936: Current learning rate: 0.008
2025-12-09 04:24:19.366894: train_loss 0.5775
2025-12-09 04:24:19.392538: val_loss 0.8184
2025-12-09 04:24:19.396280: val classification accuracy 0.5917
2025-12-09 04:24:19.399914: val auc 0.5851
2025-12-09 04:24:19.413135: Epoch time: 53.97 s
2025-12-09 04:24:20.297380: 
2025-12-09 04:24:20.300871: Epoch 67
2025-12-09 04:24:20.303550: Current learning rate: 0.00797
2025-12-09 04:25:13.267719: train_loss 0.562
2025-12-09 04:25:13.273348: val_loss 0.862
2025-12-09 04:25:13.276097: val classification accuracy 0.4667
2025-12-09 04:25:13.278903: val auc 0.5978
2025-12-09 04:25:13.281743: Epoch time: 52.97 s
2025-12-09 04:25:14.082592: 
2025-12-09 04:25:14.085727: Epoch 68
2025-12-09 04:25:14.088279: Current learning rate: 0.00793
2025-12-09 04:26:08.403933: train_loss 0.5908
2025-12-09 04:26:08.409832: val_loss 0.6684
2025-12-09 04:26:08.413852: val classification accuracy 0.6667
2025-12-09 04:26:08.417355: val auc 0.7029
2025-12-09 04:26:08.420689: Epoch time: 54.32 s
2025-12-09 04:26:08.423629: Yayy! New best classification accuracy: 0.6667
2025-12-09 04:26:11.588610: 
2025-12-09 04:26:11.592116: Epoch 69
2025-12-09 04:26:11.594714: Current learning rate: 0.0079
2025-12-09 04:27:04.480062: train_loss 0.5805
2025-12-09 04:27:04.486013: val_loss 1.1152
2025-12-09 04:27:04.489288: val classification accuracy 0.4917
2025-12-09 04:27:04.492280: val auc 0.4389
2025-12-09 04:27:04.495264: Epoch time: 52.89 s
2025-12-09 04:27:05.308752: 
2025-12-09 04:27:05.312991: Epoch 70
2025-12-09 04:27:05.315890: Current learning rate: 0.00787
2025-12-09 04:27:55.011600: train_loss 0.5565
2025-12-09 04:27:55.016372: val_loss 0.875
2025-12-09 04:27:55.019800: val classification accuracy 0.55
2025-12-09 04:27:55.030186: val auc 0.6038
2025-12-09 04:27:55.033813: Epoch time: 49.7 s
2025-12-09 04:27:55.803322: 
2025-12-09 04:27:55.807051: Epoch 71
2025-12-09 04:27:55.809555: Current learning rate: 0.00784
2025-12-09 04:28:47.628222: train_loss 0.5482
2025-12-09 04:28:47.633538: val_loss 0.9255
2025-12-09 04:28:47.636564: val classification accuracy 0.5583
2025-12-09 04:28:47.639757: val auc 0.5953
2025-12-09 04:28:47.642647: Epoch time: 51.83 s
2025-12-09 04:28:48.437327: 
2025-12-09 04:28:48.440743: Epoch 72
2025-12-09 04:28:48.443335: Current learning rate: 0.00781
2025-12-09 04:29:41.034660: train_loss 0.5931
2025-12-09 04:29:41.041266: val_loss 0.7011
2025-12-09 04:29:41.044862: val classification accuracy 0.6
2025-12-09 04:29:41.048677: val auc 0.689
2025-12-09 04:29:41.052038: Epoch time: 52.6 s
2025-12-09 04:29:41.899528: 
2025-12-09 04:29:41.903161: Epoch 73
2025-12-09 04:29:41.905724: Current learning rate: 0.00778
2025-12-09 04:30:34.320247: train_loss 0.5362
2025-12-09 04:30:34.325617: val_loss 1.0393
2025-12-09 04:30:34.328722: val classification accuracy 0.5667
2025-12-09 04:30:34.331796: val auc 0.6386
2025-12-09 04:30:34.341750: Epoch time: 52.42 s
2025-12-09 04:30:35.184697: 
2025-12-09 04:30:35.188540: Epoch 74
2025-12-09 04:30:35.191500: Current learning rate: 0.00775
2025-12-09 04:31:29.619476: train_loss 0.495
2025-12-09 04:31:29.637053: val_loss 0.8438
2025-12-09 04:31:29.640299: val classification accuracy 0.5917
2025-12-09 04:31:29.643580: val auc 0.671
2025-12-09 04:31:29.646836: Epoch time: 54.44 s
2025-12-09 04:31:30.435899: 
2025-12-09 04:31:30.439596: Epoch 75
2025-12-09 04:31:30.442144: Current learning rate: 0.00772
2025-12-09 04:32:25.501825: train_loss 0.5659
2025-12-09 04:32:25.531328: val_loss 0.7868
2025-12-09 04:32:25.546324: val classification accuracy 0.6
2025-12-09 04:32:25.553201: val auc 0.6038
2025-12-09 04:32:25.557338: Epoch time: 55.07 s
2025-12-09 04:32:26.406451: 
2025-12-09 04:32:26.410110: Epoch 76
2025-12-09 04:32:26.412936: Current learning rate: 0.00769
2025-12-09 04:33:18.046385: train_loss 0.5592
2025-12-09 04:33:18.052786: val_loss 0.9329
2025-12-09 04:33:18.055315: val classification accuracy 0.4833
2025-12-09 04:33:18.058479: val auc 0.5294
2025-12-09 04:33:18.061502: Epoch time: 51.64 s
2025-12-09 04:33:18.841597: 
2025-12-09 04:33:18.845099: Epoch 77
2025-12-09 04:33:18.847516: Current learning rate: 0.00766
2025-12-09 04:34:09.750128: train_loss 0.516
2025-12-09 04:34:09.755115: val_loss 0.8349
2025-12-09 04:34:09.758001: val classification accuracy 0.6583
2025-12-09 04:34:09.760906: val auc 0.7354
2025-12-09 04:34:09.763705: Epoch time: 50.91 s
2025-12-09 04:34:09.766161: Yayy! New best EMA pseudo Dice: 0.7354
2025-12-09 04:34:13.120165: 
2025-12-09 04:34:13.123632: Epoch 78
2025-12-09 04:34:13.126376: Current learning rate: 0.00763
2025-12-09 04:35:02.713794: train_loss 0.4826
2025-12-09 04:35:02.718758: val_loss 0.9139
2025-12-09 04:35:02.722339: val classification accuracy 0.55
2025-12-09 04:35:02.725950: val auc 0.6118
2025-12-09 04:35:02.729926: Epoch time: 49.59 s
2025-12-09 04:35:03.608526: 
2025-12-09 04:35:03.612275: Epoch 79
2025-12-09 04:35:03.615010: Current learning rate: 0.0076
2025-12-09 04:35:49.093196: train_loss 0.5523
2025-12-09 04:35:49.097662: val_loss 0.9313
2025-12-09 04:35:49.100530: val classification accuracy 0.4917
2025-12-09 04:35:49.103198: val auc 0.5693
2025-12-09 04:35:49.105845: Epoch time: 45.49 s
2025-12-09 04:35:49.832494: 
2025-12-09 04:35:49.835934: Epoch 80
2025-12-09 04:35:49.838466: Current learning rate: 0.00756
2025-12-09 04:36:31.997390: train_loss 0.4872
2025-12-09 04:36:32.001390: val_loss 1.0386
2025-12-09 04:36:32.004154: val classification accuracy 0.525
2025-12-09 04:36:32.007066: val auc 0.5222
2025-12-09 04:36:32.009732: Epoch time: 42.17 s
2025-12-09 04:36:32.748937: 
2025-12-09 04:36:32.752285: Epoch 81
2025-12-09 04:36:32.754822: Current learning rate: 0.00753
2025-12-09 04:37:19.266691: train_loss 0.4682
2025-12-09 04:37:19.271481: val_loss 0.89
2025-12-09 04:37:19.274575: val classification accuracy 0.5583
2025-12-09 04:37:19.277342: val auc 0.6096
2025-12-09 04:37:19.280679: Epoch time: 46.52 s
2025-12-09 04:37:20.041104: 
2025-12-09 04:37:20.044483: Epoch 82
2025-12-09 04:37:20.047710: Current learning rate: 0.0075
2025-12-09 04:38:07.301355: train_loss 0.4844
2025-12-09 04:38:07.309308: val_loss 0.9676
2025-12-09 04:38:07.313376: val classification accuracy 0.5
2025-12-09 04:38:07.317090: val auc 0.5257
2025-12-09 04:38:07.320834: Epoch time: 47.26 s
2025-12-09 04:38:08.225289: 
2025-12-09 04:38:08.228836: Epoch 83
2025-12-09 04:38:08.231523: Current learning rate: 0.00747
2025-12-09 04:39:01.154032: train_loss 0.5089
2025-12-09 04:39:01.160293: val_loss 0.9561
2025-12-09 04:39:01.163626: val classification accuracy 0.5917
2025-12-09 04:39:01.169477: val auc 0.5943
2025-12-09 04:39:01.172592: Epoch time: 52.93 s
2025-12-09 04:39:02.045098: 
2025-12-09 04:39:02.049397: Epoch 84
2025-12-09 04:39:02.051821: Current learning rate: 0.00744
2025-12-09 04:39:51.012789: train_loss 0.5013
2025-12-09 04:39:51.017133: val_loss 1.2372
2025-12-09 04:39:51.020053: val classification accuracy 0.4667
2025-12-09 04:39:51.022894: val auc 0.4921
2025-12-09 04:39:51.025673: Epoch time: 48.97 s
2025-12-09 04:39:51.795569: 
2025-12-09 04:39:51.798728: Epoch 85
2025-12-09 04:39:51.801110: Current learning rate: 0.00741
2025-12-09 04:40:41.617235: train_loss 0.6333
2025-12-09 04:40:41.621601: val_loss 0.9396
2025-12-09 04:40:41.643063: val classification accuracy 0.5
2025-12-09 04:40:41.646281: val auc 0.5351
2025-12-09 04:40:41.649341: Epoch time: 49.82 s
2025-12-09 04:40:42.478510: 
2025-12-09 04:40:42.481658: Epoch 86
2025-12-09 04:40:42.484305: Current learning rate: 0.00738
2025-12-09 04:41:32.167749: train_loss 0.5686
2025-12-09 04:41:32.173140: val_loss 0.912
2025-12-09 04:41:32.176305: val classification accuracy 0.5
2025-12-09 04:41:32.179655: val auc 0.5429
2025-12-09 04:41:32.182956: Epoch time: 49.69 s
2025-12-09 04:41:32.979548: 
2025-12-09 04:41:32.983339: Epoch 87
2025-12-09 04:41:32.986118: Current learning rate: 0.00735
2025-12-09 04:42:24.403222: train_loss 0.4655
2025-12-09 04:42:24.409267: val_loss 1.1479
2025-12-09 04:42:24.413768: val classification accuracy 0.5167
2025-12-09 04:42:24.417659: val auc 0.4962
2025-12-09 04:42:24.421465: Epoch time: 51.42 s
2025-12-09 04:42:26.008533: 
2025-12-09 04:42:26.012417: Epoch 88
2025-12-09 04:42:26.014983: Current learning rate: 0.00732
2025-12-09 04:43:15.472761: train_loss 0.4719
2025-12-09 04:43:15.491956: val_loss 1.1764
2025-12-09 04:43:15.515216: val classification accuracy 0.5583
2025-12-09 04:43:15.520108: val auc 0.5571
2025-12-09 04:43:15.540606: Epoch time: 49.47 s
2025-12-09 04:43:16.385866: 
2025-12-09 04:43:16.389850: Epoch 89
2025-12-09 04:43:16.392815: Current learning rate: 0.00729
2025-12-09 04:44:09.850514: train_loss 0.4628
2025-12-09 04:44:09.857903: val_loss 0.8831
2025-12-09 04:44:09.861176: val classification accuracy 0.5667
2025-12-09 04:44:09.864117: val auc 0.616
2025-12-09 04:44:09.867003: Epoch time: 53.47 s
2025-12-09 04:44:10.671234: 
2025-12-09 04:44:10.674986: Epoch 90
2025-12-09 04:44:10.677610: Current learning rate: 0.00725
2025-12-09 04:45:04.170382: train_loss 0.5112
2025-12-09 04:45:04.204166: val_loss 0.9506
2025-12-09 04:45:04.210261: val classification accuracy 0.5917
2025-12-09 04:45:04.213334: val auc 0.6425
2025-12-09 04:45:04.235260: Epoch time: 53.5 s
2025-12-09 04:45:05.010504: 
2025-12-09 04:45:05.014018: Epoch 91
2025-12-09 04:45:05.016616: Current learning rate: 0.00722
2025-12-09 04:46:00.371581: train_loss 0.5472
2025-12-09 04:46:00.378582: val_loss 0.7061
2025-12-09 04:46:00.381587: val classification accuracy 0.5583
2025-12-09 04:46:00.384250: val auc 0.6689
2025-12-09 04:46:00.386842: Epoch time: 55.36 s
2025-12-09 04:46:01.295153: 
2025-12-09 04:46:01.298916: Epoch 92
2025-12-09 04:46:01.301518: Current learning rate: 0.00719
2025-12-09 04:46:53.764401: train_loss 0.5019
2025-12-09 04:46:53.796440: val_loss 0.8424
2025-12-09 04:46:53.812237: val classification accuracy 0.575
2025-12-09 04:46:53.815384: val auc 0.67
2025-12-09 04:46:53.818593: Epoch time: 52.47 s
2025-12-09 04:46:54.663193: 
2025-12-09 04:46:54.667890: Epoch 93
2025-12-09 04:46:54.671610: Current learning rate: 0.00716
2025-12-09 04:47:46.970107: train_loss 0.5298
2025-12-09 04:47:46.974480: val_loss 0.9034
2025-12-09 04:47:46.977786: val classification accuracy 0.4917
2025-12-09 04:47:46.980934: val auc 0.5712
2025-12-09 04:47:46.983913: Epoch time: 52.31 s
2025-12-09 04:47:47.766489: 
2025-12-09 04:47:47.771661: Epoch 94
2025-12-09 04:47:47.775028: Current learning rate: 0.00713
2025-12-09 04:48:37.562630: train_loss 0.4732
2025-12-09 04:48:37.571074: val_loss 1.3324
2025-12-09 04:48:37.574571: val classification accuracy 0.4917
2025-12-09 04:48:37.577920: val auc 0.481
2025-12-09 04:48:37.581156: Epoch time: 49.8 s
2025-12-09 04:48:38.328588: 
2025-12-09 04:48:38.332747: Epoch 95
2025-12-09 04:48:38.335995: Current learning rate: 0.0071
2025-12-09 04:49:28.721756: train_loss 0.4819
2025-12-09 04:49:28.727169: val_loss 0.7557
2025-12-09 04:49:28.730477: val classification accuracy 0.6083
2025-12-09 04:49:28.733654: val auc 0.665
2025-12-09 04:49:28.736927: Epoch time: 50.39 s
2025-12-09 04:49:29.596532: 
2025-12-09 04:49:29.600228: Epoch 96
2025-12-09 04:49:29.603170: Current learning rate: 0.00707
2025-12-09 04:50:20.448956: train_loss 0.4457
2025-12-09 04:50:20.453472: val_loss 0.9516
2025-12-09 04:50:20.465599: val classification accuracy 0.525
2025-12-09 04:50:20.500744: val auc 0.5475
2025-12-09 04:50:20.505477: Epoch time: 50.85 s
2025-12-09 04:50:21.313065: 
2025-12-09 04:50:21.317105: Epoch 97
2025-12-09 04:50:21.319768: Current learning rate: 0.00704
2025-12-09 04:51:09.770417: train_loss 0.4663
2025-12-09 04:51:09.794909: val_loss 1.3507
2025-12-09 04:51:09.798374: val classification accuracy 0.4167
2025-12-09 04:51:09.801708: val auc 0.46
2025-12-09 04:51:09.805713: Epoch time: 48.46 s
2025-12-09 04:51:10.699600: 
2025-12-09 04:51:10.703035: Epoch 98
2025-12-09 04:51:10.705688: Current learning rate: 0.007
2025-12-09 04:52:00.693487: train_loss 0.4642
2025-12-09 04:52:00.697931: val_loss 1.2765
2025-12-09 04:52:00.700663: val classification accuracy 0.55
2025-12-09 04:52:00.703778: val auc 0.5796
2025-12-09 04:52:00.706764: Epoch time: 50.0 s
2025-12-09 04:52:01.506162: 
2025-12-09 04:52:01.509895: Epoch 99
2025-12-09 04:52:01.512789: Current learning rate: 0.00697
2025-12-09 04:52:54.135003: train_loss 0.5055
2025-12-09 04:52:54.139619: val_loss 0.9228
2025-12-09 04:52:54.143172: val classification accuracy 0.5583
2025-12-09 04:52:54.146898: val auc 0.5747
2025-12-09 04:52:54.150591: Epoch time: 52.63 s
2025-12-09 04:52:54.977574: 
2025-12-09 04:52:54.980894: Epoch 100
2025-12-09 04:52:54.983642: Current learning rate: 0.00694
2025-12-09 04:53:51.398370: train_loss 0.4528
2025-12-09 04:53:51.407545: val_loss 0.8429
2025-12-09 04:53:51.410731: val classification accuracy 0.5917
2025-12-09 04:53:51.417809: val auc 0.6922
2025-12-09 04:53:51.425683: Epoch time: 56.42 s
2025-12-09 04:53:53.007703: 
2025-12-09 04:53:53.016551: Epoch 101
2025-12-09 04:53:53.023521: Current learning rate: 0.00691
2025-12-09 04:54:46.317211: train_loss 0.4422
2025-12-09 04:54:46.321666: val_loss 1.058
2025-12-09 04:54:46.325408: val classification accuracy 0.5667
2025-12-09 04:54:46.328461: val auc 0.5418
2025-12-09 04:54:46.331705: Epoch time: 53.31 s
2025-12-09 04:54:47.083226: 
2025-12-09 04:54:47.086850: Epoch 102
2025-12-09 04:54:47.089395: Current learning rate: 0.00688
2025-12-09 04:55:43.209373: train_loss 0.3953
2025-12-09 04:55:43.214182: val_loss 0.9681
2025-12-09 04:55:43.217091: val classification accuracy 0.6167
2025-12-09 04:55:43.219800: val auc 0.6707
2025-12-09 04:55:43.222491: Epoch time: 56.13 s
2025-12-09 04:55:43.989990: 
2025-12-09 04:55:43.993567: Epoch 103
2025-12-09 04:55:43.996102: Current learning rate: 0.00685
2025-12-09 04:56:36.088253: train_loss 0.4515
2025-12-09 04:56:36.092934: val_loss 1.362
2025-12-09 04:56:36.096493: val classification accuracy 0.5167
2025-12-09 04:56:36.100404: val auc 0.5362
2025-12-09 04:56:36.104330: Epoch time: 52.1 s
2025-12-09 04:56:36.964523: 
2025-12-09 04:56:36.968091: Epoch 104
2025-12-09 04:56:36.970921: Current learning rate: 0.00682
2025-12-09 04:57:29.526159: train_loss 0.4805
2025-12-09 04:57:29.531222: val_loss 1.043
2025-12-09 04:57:29.534748: val classification accuracy 0.4583
2025-12-09 04:57:29.538227: val auc 0.5097
2025-12-09 04:57:29.542134: Epoch time: 52.56 s
2025-12-09 04:57:30.391093: 
2025-12-09 04:57:30.395658: Epoch 105
2025-12-09 04:57:30.399505: Current learning rate: 0.00679
2025-12-09 04:58:19.814742: train_loss 0.5375
2025-12-09 04:58:19.819169: val_loss 1.2378
2025-12-09 04:58:19.822402: val classification accuracy 0.4833
2025-12-09 04:58:19.825598: val auc 0.491
2025-12-09 04:58:19.828751: Epoch time: 49.43 s
2025-12-09 04:58:20.676799: 
2025-12-09 04:58:20.680250: Epoch 106
2025-12-09 04:58:20.682827: Current learning rate: 0.00675
2025-12-09 04:59:12.857085: train_loss 0.4268
2025-12-09 04:59:12.862411: val_loss 1.2749
2025-12-09 04:59:12.865445: val classification accuracy 0.5583
2025-12-09 04:59:12.868195: val auc 0.5122
2025-12-09 04:59:12.871076: Epoch time: 52.18 s
2025-12-09 04:59:13.636849: 
2025-12-09 04:59:13.640658: Epoch 107
2025-12-09 04:59:13.643080: Current learning rate: 0.00672
2025-12-09 05:00:05.764191: train_loss 0.429
2025-12-09 05:00:05.768581: val_loss 1.363
2025-12-09 05:00:05.771336: val classification accuracy 0.5083
2025-12-09 05:00:05.773994: val auc 0.5561
2025-12-09 05:00:05.776823: Epoch time: 52.13 s
2025-12-09 05:00:06.530823: 
2025-12-09 05:00:06.534153: Epoch 108
2025-12-09 05:00:06.536501: Current learning rate: 0.00669
2025-12-09 05:00:57.755111: train_loss 0.3456
2025-12-09 05:00:57.781322: val_loss 1.6295
2025-12-09 05:00:57.784554: val classification accuracy 0.4833
2025-12-09 05:00:57.787418: val auc 0.5385
2025-12-09 05:00:57.790606: Epoch time: 51.23 s
2025-12-09 05:00:58.637625: 
2025-12-09 05:00:58.641831: Epoch 109
2025-12-09 05:00:58.644596: Current learning rate: 0.00666
2025-12-09 05:01:51.885437: train_loss 0.4189
2025-12-09 05:01:51.896076: val_loss 1.0363
2025-12-09 05:01:51.902284: val classification accuracy 0.5333
2025-12-09 05:01:51.907749: val auc 0.6004
2025-12-09 05:01:51.927679: Epoch time: 53.25 s
2025-12-09 05:01:52.706132: 
2025-12-09 05:01:52.709515: Epoch 110
2025-12-09 05:01:52.711949: Current learning rate: 0.00663
2025-12-09 05:02:42.706747: train_loss 0.432
2025-12-09 05:02:42.712840: val_loss 1.0964
2025-12-09 05:02:42.715808: val classification accuracy 0.5417
2025-12-09 05:02:42.719068: val auc 0.5732
2025-12-09 05:02:42.723253: Epoch time: 50.0 s
2025-12-09 05:02:43.616497: 
2025-12-09 05:02:43.620139: Epoch 111
2025-12-09 05:02:43.622582: Current learning rate: 0.0066
2025-12-09 05:03:37.637814: train_loss 0.4364
2025-12-09 05:03:37.644742: val_loss 1.2878
2025-12-09 05:03:37.647937: val classification accuracy 0.475
2025-12-09 05:03:37.651335: val auc 0.4778
2025-12-09 05:03:37.654146: Epoch time: 54.02 s
2025-12-09 05:03:38.435713: 
2025-12-09 05:03:38.439272: Epoch 112
2025-12-09 05:03:38.441709: Current learning rate: 0.00657
2025-12-09 05:04:32.007360: train_loss 0.4398
2025-12-09 05:04:32.013615: val_loss 1.2025
2025-12-09 05:04:32.017731: val classification accuracy 0.4833
2025-12-09 05:04:32.021069: val auc 0.4314
2025-12-09 05:04:32.024763: Epoch time: 53.57 s
2025-12-09 05:04:32.834441: 
2025-12-09 05:04:32.840350: Epoch 113
2025-12-09 05:04:32.844715: Current learning rate: 0.00654
2025-12-09 05:05:22.476820: train_loss 0.4098
2025-12-09 05:05:22.482300: val_loss 1.1349
2025-12-09 05:05:22.485641: val classification accuracy 0.4917
2025-12-09 05:05:22.496973: val auc 0.5293
2025-12-09 05:05:22.500448: Epoch time: 49.65 s
2025-12-09 05:05:23.387714: 
2025-12-09 05:05:23.392147: Epoch 114
2025-12-09 05:05:23.395727: Current learning rate: 0.0065
2025-12-09 05:06:15.339457: train_loss 0.3548
2025-12-09 05:06:15.348506: val_loss 1.5235
2025-12-09 05:06:15.351622: val classification accuracy 0.5
2025-12-09 05:06:15.354498: val auc 0.466
2025-12-09 05:06:15.357314: Epoch time: 51.95 s
2025-12-09 05:06:16.888010: 
2025-12-09 05:06:16.891508: Epoch 115
2025-12-09 05:06:16.893978: Current learning rate: 0.00647
2025-12-09 05:07:09.529957: train_loss 0.4863
2025-12-09 05:07:09.534923: val_loss 1.0339
2025-12-09 05:07:09.554942: val classification accuracy 0.475
2025-12-09 05:07:09.558646: val auc 0.5212
2025-12-09 05:07:09.561819: Epoch time: 52.64 s
2025-12-09 05:07:10.311744: 
2025-12-09 05:07:10.316563: Epoch 116
2025-12-09 05:07:10.319636: Current learning rate: 0.00644
2025-12-09 05:08:01.912919: train_loss 0.4642
2025-12-09 05:08:01.918995: val_loss 1.4016
2025-12-09 05:08:01.922968: val classification accuracy 0.5
2025-12-09 05:08:01.926617: val auc 0.5963
2025-12-09 05:08:01.930117: Epoch time: 51.6 s
2025-12-09 05:08:02.819411: 
2025-12-09 05:08:02.823556: Epoch 117
2025-12-09 05:08:02.826490: Current learning rate: 0.00641
2025-12-09 05:08:56.933008: train_loss 0.3739
2025-12-09 05:08:56.937840: val_loss 1.4381
2025-12-09 05:08:56.940872: val classification accuracy 0.4667
2025-12-09 05:08:56.943732: val auc 0.4817
2025-12-09 05:08:56.953798: Epoch time: 54.12 s
2025-12-09 05:08:57.721121: 
2025-12-09 05:08:57.724653: Epoch 118
2025-12-09 05:08:57.727066: Current learning rate: 0.00638
2025-12-09 05:09:46.979237: train_loss 0.3697
2025-12-09 05:09:46.993118: val_loss 1.2807
2025-12-09 05:09:46.996414: val classification accuracy 0.475
2025-12-09 05:09:46.999711: val auc 0.5293
2025-12-09 05:09:47.002899: Epoch time: 49.26 s
2025-12-09 05:09:47.772239: 
2025-12-09 05:09:47.776240: Epoch 119
2025-12-09 05:09:47.778871: Current learning rate: 0.00635
2025-12-09 05:10:38.718476: train_loss 0.3923
2025-12-09 05:10:38.723361: val_loss 1.3514
2025-12-09 05:10:38.726862: val classification accuracy 0.525
2025-12-09 05:10:38.730454: val auc 0.4786
2025-12-09 05:10:38.734327: Epoch time: 50.95 s
2025-12-09 05:10:39.549330: 
2025-12-09 05:10:39.553059: Epoch 120
2025-12-09 05:10:39.555750: Current learning rate: 0.00631
2025-12-09 05:11:33.190919: train_loss 0.4778
2025-12-09 05:11:33.218622: val_loss 1.1642
2025-12-09 05:11:33.222764: val classification accuracy 0.5417
2025-12-09 05:11:33.226170: val auc 0.5536
2025-12-09 05:11:33.229554: Epoch time: 53.64 s
2025-12-09 05:11:34.020379: 
2025-12-09 05:11:34.024596: Epoch 121
2025-12-09 05:11:34.027448: Current learning rate: 0.00628
2025-12-09 05:12:27.850209: train_loss 0.444
2025-12-09 05:12:27.855122: val_loss 1.5643
2025-12-09 05:12:27.858456: val classification accuracy 0.4083
2025-12-09 05:12:27.861377: val auc 0.3628
2025-12-09 05:12:27.864190: Epoch time: 53.83 s
2025-12-09 05:12:28.707525: 
2025-12-09 05:12:28.711141: Epoch 122
2025-12-09 05:12:28.713940: Current learning rate: 0.00625
2025-12-09 05:13:19.003101: train_loss 0.3882
2025-12-09 05:13:19.013967: val_loss 1.1835
2025-12-09 05:13:19.016818: val classification accuracy 0.5167
2025-12-09 05:13:19.019441: val auc 0.5106
2025-12-09 05:13:19.022297: Epoch time: 50.3 s
2025-12-09 05:13:19.801220: 
2025-12-09 05:13:19.804215: Epoch 123
2025-12-09 05:13:19.806837: Current learning rate: 0.00622
2025-12-09 05:14:09.830106: train_loss 0.3847
2025-12-09 05:14:09.843401: val_loss 1.2436
2025-12-09 05:14:09.846663: val classification accuracy 0.5
2025-12-09 05:14:09.849504: val auc 0.4828
2025-12-09 05:14:09.852170: Epoch time: 50.03 s
2025-12-09 05:14:10.688145: 
2025-12-09 05:14:10.691713: Epoch 124
2025-12-09 05:14:10.694248: Current learning rate: 0.00619
2025-12-09 05:15:01.929871: train_loss 0.3943
2025-12-09 05:15:01.934582: val_loss 1.2914
2025-12-09 05:15:01.937823: val classification accuracy 0.4417
2025-12-09 05:15:01.940833: val auc 0.4808
2025-12-09 05:15:01.943766: Epoch time: 51.24 s
2025-12-09 05:15:02.806486: 
2025-12-09 05:15:02.809819: Epoch 125
2025-12-09 05:15:02.812541: Current learning rate: 0.00616
2025-12-09 05:15:54.618938: train_loss 0.4328
2025-12-09 05:15:54.624373: val_loss 1.4353
2025-12-09 05:15:54.627889: val classification accuracy 0.4167
2025-12-09 05:15:54.631754: val auc 0.4304
2025-12-09 05:15:54.635573: Epoch time: 51.81 s
2025-12-09 05:15:55.459357: 
2025-12-09 05:15:55.463120: Epoch 126
2025-12-09 05:15:55.465938: Current learning rate: 0.00612
2025-12-09 05:16:46.870346: train_loss 0.3958
2025-12-09 05:16:46.875191: val_loss 1.2739
2025-12-09 05:16:46.878566: val classification accuracy 0.4083
2025-12-09 05:16:46.881665: val auc 0.4404
2025-12-09 05:16:46.885442: Epoch time: 51.41 s
2025-12-09 05:16:47.767866: 
2025-12-09 05:16:47.771906: Epoch 127
2025-12-09 05:16:47.774632: Current learning rate: 0.00609
2025-12-09 05:17:39.470657: train_loss 0.3973
2025-12-09 05:17:39.479645: val_loss 1.6516
2025-12-09 05:17:39.485341: val classification accuracy 0.4667
2025-12-09 05:17:39.491027: val auc 0.4304
2025-12-09 05:17:39.495025: Epoch time: 51.7 s
2025-12-09 05:17:41.097394: 
2025-12-09 05:17:41.100788: Epoch 128
2025-12-09 05:17:41.103407: Current learning rate: 0.00606
2025-12-09 05:18:36.522172: train_loss 0.3873
2025-12-09 05:18:36.537154: val_loss 1.255
2025-12-09 05:18:36.539959: val classification accuracy 0.475
2025-12-09 05:18:36.542790: val auc 0.4594
2025-12-09 05:18:36.545633: Epoch time: 55.43 s
2025-12-09 05:18:37.359175: 
2025-12-09 05:18:37.362745: Epoch 129
2025-12-09 05:18:37.365268: Current learning rate: 0.00603
2025-12-09 05:19:29.071461: train_loss 0.4473
2025-12-09 05:19:29.093165: val_loss 1.1651
2025-12-09 05:19:29.096272: val classification accuracy 0.475
2025-12-09 05:19:29.099096: val auc 0.4636
2025-12-09 05:19:29.102190: Epoch time: 51.71 s
2025-12-09 05:19:29.860640: 
2025-12-09 05:19:29.864327: Epoch 130
2025-12-09 05:19:29.867033: Current learning rate: 0.006
2025-12-09 05:20:20.922230: train_loss 0.4285
2025-12-09 05:20:20.936706: val_loss 1.2736
2025-12-09 05:20:20.952112: val classification accuracy 0.4917
2025-12-09 05:20:20.965849: val auc 0.5111
2025-12-09 05:20:20.977809: Epoch time: 51.06 s
2025-12-09 05:20:21.797628: 
2025-12-09 05:20:21.801378: Epoch 131
2025-12-09 05:20:21.803813: Current learning rate: 0.00597
2025-12-09 05:21:15.192943: train_loss 0.3627
2025-12-09 05:21:15.198226: val_loss 1.4074
2025-12-09 05:21:15.201321: val classification accuracy 0.4667
2025-12-09 05:21:15.204792: val auc 0.54
2025-12-09 05:21:15.208101: Epoch time: 53.4 s
2025-12-09 05:21:16.053238: 
2025-12-09 05:21:16.056841: Epoch 132
2025-12-09 05:21:16.059564: Current learning rate: 0.00593
2025-12-09 05:22:09.346514: train_loss 0.4452
2025-12-09 05:22:09.352008: val_loss 1.3082
2025-12-09 05:22:09.355047: val classification accuracy 0.4833
2025-12-09 05:22:09.357770: val auc 0.5369
2025-12-09 05:22:09.360523: Epoch time: 53.29 s
2025-12-09 05:22:10.155900: 
2025-12-09 05:22:10.159542: Epoch 133
2025-12-09 05:22:10.162696: Current learning rate: 0.0059
2025-12-09 05:23:04.204529: train_loss 0.4035
2025-12-09 05:23:04.231146: val_loss 1.2208
2025-12-09 05:23:04.234702: val classification accuracy 0.525
2025-12-09 05:23:04.237952: val auc 0.4914
2025-12-09 05:23:04.240917: Epoch time: 54.05 s
2025-12-09 05:23:05.001977: 
2025-12-09 05:23:05.005648: Epoch 134
2025-12-09 05:23:05.008258: Current learning rate: 0.00587
2025-12-09 05:23:57.468229: train_loss 0.3577
2025-12-09 05:23:57.473306: val_loss 1.3284
2025-12-09 05:23:57.476821: val classification accuracy 0.4667
2025-12-09 05:23:57.501550: val auc 0.445
2025-12-09 05:23:57.505177: Epoch time: 52.47 s
2025-12-09 05:23:58.253328: 
2025-12-09 05:23:58.256934: Epoch 135
2025-12-09 05:23:58.259542: Current learning rate: 0.00584
2025-12-09 05:24:52.746901: train_loss 0.3404
2025-12-09 05:24:52.753241: val_loss 1.3695
2025-12-09 05:24:52.756664: val classification accuracy 0.5417
2025-12-09 05:24:52.760013: val auc 0.5443
2025-12-09 05:24:52.763261: Epoch time: 54.49 s
2025-12-09 05:24:53.523508: 
2025-12-09 05:24:53.527173: Epoch 136
2025-12-09 05:24:53.529806: Current learning rate: 0.00581
2025-12-09 05:25:46.282149: train_loss 0.395
2025-12-09 05:25:46.286861: val_loss 1.4332
2025-12-09 05:25:46.289680: val classification accuracy 0.4917
2025-12-09 05:25:46.292542: val auc 0.52
2025-12-09 05:25:46.295676: Epoch time: 52.76 s
2025-12-09 05:25:47.078708: 
2025-12-09 05:25:47.082471: Epoch 137
2025-12-09 05:25:47.085307: Current learning rate: 0.00578
2025-12-09 05:26:38.112158: train_loss 0.3231
2025-12-09 05:26:38.118233: val_loss 1.3847
2025-12-09 05:26:38.122815: val classification accuracy 0.475
2025-12-09 05:26:38.127225: val auc 0.5381
2025-12-09 05:26:38.148448: Epoch time: 51.03 s
2025-12-09 05:26:39.013765: 
2025-12-09 05:26:39.017486: Epoch 138
2025-12-09 05:26:39.020504: Current learning rate: 0.00574
2025-12-09 05:27:31.146386: train_loss 0.3249
2025-12-09 05:27:31.151995: val_loss 1.3828
2025-12-09 05:27:31.157009: val classification accuracy 0.4917
2025-12-09 05:27:31.160820: val auc 0.4976
2025-12-09 05:27:31.164501: Epoch time: 52.13 s
2025-12-09 05:27:32.037604: 
2025-12-09 05:27:32.040844: Epoch 139
2025-12-09 05:27:32.043617: Current learning rate: 0.00571
2025-12-09 05:28:26.208481: train_loss 0.297
2025-12-09 05:28:26.221621: val_loss 1.3177
2025-12-09 05:28:26.225079: val classification accuracy 0.4917
2025-12-09 05:28:26.228233: val auc 0.5279
2025-12-09 05:28:26.231608: Epoch time: 54.17 s
2025-12-09 05:28:27.031669: 
2025-12-09 05:28:27.035660: Epoch 140
2025-12-09 05:28:27.038748: Current learning rate: 0.00568
2025-12-09 05:29:16.680125: train_loss 0.3041
2025-12-09 05:29:16.685239: val_loss 1.6488
2025-12-09 05:29:16.688721: val classification accuracy 0.525
2025-12-09 05:29:16.691842: val auc 0.4753
2025-12-09 05:29:16.719526: Epoch time: 49.65 s
2025-12-09 05:29:18.189023: 
2025-12-09 05:29:18.192568: Epoch 141
2025-12-09 05:29:18.195075: Current learning rate: 0.00565
2025-12-09 05:30:11.432951: train_loss 0.4026
2025-12-09 05:30:11.438477: val_loss 1.0781
2025-12-09 05:30:11.442183: val classification accuracy 0.475
2025-12-09 05:30:11.446213: val auc 0.5474
2025-12-09 05:30:11.449589: Epoch time: 53.25 s
2025-12-09 05:30:12.275754: 
2025-12-09 05:30:12.279768: Epoch 142
2025-12-09 05:30:12.282270: Current learning rate: 0.00562
2025-12-09 05:31:02.215790: train_loss 0.3304
2025-12-09 05:31:02.220303: val_loss 1.4818
2025-12-09 05:31:02.223740: val classification accuracy 0.5167
2025-12-09 05:31:02.226499: val auc 0.5582
2025-12-09 05:31:02.229357: Epoch time: 49.94 s
2025-12-09 05:31:03.099097: 
2025-12-09 05:31:03.102626: Epoch 143
2025-12-09 05:31:03.105189: Current learning rate: 0.00558
2025-12-09 05:31:54.769103: train_loss 0.3149
2025-12-09 05:31:54.798498: val_loss 1.3718
2025-12-09 05:31:54.802016: val classification accuracy 0.5
2025-12-09 05:31:54.805263: val auc 0.4743
2025-12-09 05:31:54.808314: Epoch time: 51.67 s
2025-12-09 05:31:55.656718: 
2025-12-09 05:31:55.660327: Epoch 144
2025-12-09 05:31:55.663018: Current learning rate: 0.00555
2025-12-09 05:32:49.374832: train_loss 0.3855
2025-12-09 05:32:49.382325: val_loss 1.4412
2025-12-09 05:32:49.386486: val classification accuracy 0.4583
2025-12-09 05:32:49.389754: val auc 0.5375
2025-12-09 05:32:49.392699: Epoch time: 53.72 s
2025-12-09 05:32:50.153144: 
2025-12-09 05:32:50.157306: Epoch 145
2025-12-09 05:32:50.160240: Current learning rate: 0.00552
2025-12-09 05:33:45.095080: train_loss 0.3471
2025-12-09 05:33:45.099953: val_loss 1.318
2025-12-09 05:33:45.106618: val classification accuracy 0.5167
2025-12-09 05:33:45.109820: val auc 0.7011
2025-12-09 05:33:45.113114: Epoch time: 54.94 s
2025-12-09 05:33:45.928886: 
2025-12-09 05:33:45.932881: Epoch 146
2025-12-09 05:33:45.935894: Current learning rate: 0.00549
2025-12-09 05:34:37.967399: train_loss 0.3866
2025-12-09 05:34:37.973796: val_loss 1.4316
2025-12-09 05:34:37.977142: val classification accuracy 0.45
2025-12-09 05:34:37.980980: val auc 0.4262
2025-12-09 05:34:37.984283: Epoch time: 52.04 s
2025-12-09 05:34:38.875910: 
2025-12-09 05:34:38.879790: Epoch 147
2025-12-09 05:34:38.882677: Current learning rate: 0.00546
2025-12-09 05:35:30.969845: train_loss 0.3943
2025-12-09 05:35:30.975160: val_loss 1.8188
2025-12-09 05:35:30.978412: val classification accuracy 0.4583
2025-12-09 05:35:30.981807: val auc 0.4117
2025-12-09 05:35:30.984866: Epoch time: 52.1 s
2025-12-09 05:35:31.791788: 
2025-12-09 05:35:31.795640: Epoch 148
2025-12-09 05:35:31.798292: Current learning rate: 0.00542
2025-12-09 05:36:26.332423: train_loss 0.346
2025-12-09 05:36:26.338246: val_loss 2.0722
2025-12-09 05:36:26.341720: val classification accuracy 0.4667
2025-12-09 05:36:26.344950: val auc 0.4447
2025-12-09 05:36:26.348975: Epoch time: 54.54 s
2025-12-09 05:36:27.230661: 
2025-12-09 05:36:27.234666: Epoch 149
2025-12-09 05:36:27.237373: Current learning rate: 0.00539
2025-12-09 05:37:22.369647: train_loss 0.3167
2025-12-09 05:37:22.383085: val_loss 1.4635
2025-12-09 05:37:22.395308: val classification accuracy 0.5167
2025-12-09 05:37:22.399173: val auc 0.5161
2025-12-09 05:37:22.402141: Epoch time: 55.14 s
2025-12-09 05:37:23.209833: 
2025-12-09 05:37:23.213754: Epoch 150
2025-12-09 05:37:23.216690: Current learning rate: 0.00536
2025-12-09 05:38:17.881225: train_loss 0.415
2025-12-09 05:38:17.888130: val_loss 1.1805
2025-12-09 05:38:17.891331: val classification accuracy 0.5333
2025-12-09 05:38:17.894158: val auc 0.5486
2025-12-09 05:38:17.896697: Epoch time: 54.67 s
2025-12-09 05:38:18.662028: 
2025-12-09 05:38:18.665560: Epoch 151
2025-12-09 05:38:18.668279: Current learning rate: 0.00533
2025-12-09 05:39:13.012105: train_loss 0.343
2025-12-09 05:39:13.016624: val_loss 1.4495
2025-12-09 05:39:13.020049: val classification accuracy 0.475
2025-12-09 05:39:13.023591: val auc 0.5188
2025-12-09 05:39:13.027475: Epoch time: 54.35 s
2025-12-09 05:39:13.837103: 
2025-12-09 05:39:13.840968: Epoch 152
2025-12-09 05:39:13.844297: Current learning rate: 0.00529
2025-12-09 05:40:07.410540: train_loss 0.246
2025-12-09 05:40:07.415392: val_loss 1.96
2025-12-09 05:40:07.418579: val classification accuracy 0.5083
2025-12-09 05:40:07.421651: val auc 0.5485
2025-12-09 05:40:07.424602: Epoch time: 53.57 s
2025-12-09 05:40:08.171910: 
2025-12-09 05:40:08.175600: Epoch 153
2025-12-09 05:40:08.178218: Current learning rate: 0.00526
2025-12-09 05:41:01.632920: train_loss 0.3094
2025-12-09 05:41:01.681966: val_loss 1.4478
2025-12-09 05:41:01.685060: val classification accuracy 0.4667
2025-12-09 05:41:01.688020: val auc 0.5656
2025-12-09 05:41:01.690833: Epoch time: 53.46 s
2025-12-09 05:41:02.463349: 
2025-12-09 05:41:02.466777: Epoch 154
2025-12-09 05:41:02.469404: Current learning rate: 0.00523
2025-12-09 05:41:55.839975: train_loss 0.3429
2025-12-09 05:41:55.845633: val_loss 1.1744
2025-12-09 05:41:55.849030: val classification accuracy 0.5
2025-12-09 05:41:55.852889: val auc 0.5262
2025-12-09 05:41:55.856412: Epoch time: 53.38 s
2025-12-09 05:41:57.405265: 
2025-12-09 05:41:57.408768: Epoch 155
2025-12-09 05:41:57.411368: Current learning rate: 0.0052
2025-12-09 05:42:51.368255: train_loss 0.3569
2025-12-09 05:42:51.372614: val_loss 1.9842
2025-12-09 05:42:51.375664: val classification accuracy 0.425
2025-12-09 05:42:51.378532: val auc 0.4886
2025-12-09 05:42:51.381454: Epoch time: 53.96 s
2025-12-09 05:42:52.200247: 
2025-12-09 05:42:52.203614: Epoch 156
2025-12-09 05:42:52.206288: Current learning rate: 0.00517
2025-12-09 05:43:41.519183: train_loss 0.3502
2025-12-09 05:43:41.524109: val_loss 1.6693
2025-12-09 05:43:41.527103: val classification accuracy 0.45
2025-12-09 05:43:41.530135: val auc 0.3215
2025-12-09 05:43:41.533472: Epoch time: 49.32 s
2025-12-09 05:43:42.293721: 
2025-12-09 05:43:42.297127: Epoch 157
2025-12-09 05:43:42.299847: Current learning rate: 0.00513
2025-12-09 05:44:29.909469: train_loss 0.2776
2025-12-09 05:44:29.924974: val_loss 1.8755
2025-12-09 05:44:29.929769: val classification accuracy 0.4917
2025-12-09 05:44:29.932919: val auc 0.5256
2025-12-09 05:44:29.936061: Epoch time: 47.62 s
2025-12-09 05:44:30.731163: 
2025-12-09 05:44:30.735199: Epoch 158
2025-12-09 05:44:30.738329: Current learning rate: 0.0051
2025-12-09 05:45:24.300834: train_loss 0.3291
2025-12-09 05:45:24.305831: val_loss 1.3898
2025-12-09 05:45:24.309131: val classification accuracy 0.5167
2025-12-09 05:45:24.312426: val auc 0.5571
2025-12-09 05:45:24.315573: Epoch time: 53.57 s
2025-12-09 05:45:25.103767: 
2025-12-09 05:45:25.109108: Epoch 159
2025-12-09 05:45:25.113093: Current learning rate: 0.00507
2025-12-09 05:46:16.411697: train_loss 0.3001
2025-12-09 05:46:16.416406: val_loss 1.9103
2025-12-09 05:46:16.419442: val classification accuracy 0.4667
2025-12-09 05:46:16.422378: val auc 0.516
2025-12-09 05:46:16.425095: Epoch time: 51.31 s
2025-12-09 05:46:17.168469: 
2025-12-09 05:46:17.171948: Epoch 160
2025-12-09 05:46:17.174608: Current learning rate: 0.00504
2025-12-09 05:47:08.840008: train_loss 0.332
2025-12-09 05:47:08.849239: val_loss 1.5758
2025-12-09 05:47:08.852334: val classification accuracy 0.4833
2025-12-09 05:47:08.855423: val auc 0.5004
2025-12-09 05:47:08.858833: Epoch time: 51.67 s
2025-12-09 05:47:09.609720: 
2025-12-09 05:47:09.613323: Epoch 161
2025-12-09 05:47:09.615897: Current learning rate: 0.005
2025-12-09 05:48:00.952949: train_loss 0.3107
2025-12-09 05:48:00.958342: val_loss 1.2871
2025-12-09 05:48:00.963575: val classification accuracy 0.4917
2025-12-09 05:48:00.967759: val auc 0.5819
2025-12-09 05:48:00.971724: Epoch time: 51.34 s
2025-12-09 05:48:01.783780: 
2025-12-09 05:48:01.788004: Epoch 162
2025-12-09 05:48:01.790890: Current learning rate: 0.00497
2025-12-09 05:48:54.021464: train_loss 0.2911
2025-12-09 05:48:54.028375: val_loss 1.5638
2025-12-09 05:48:54.031852: val classification accuracy 0.4833
2025-12-09 05:48:54.035066: val auc 0.5662
2025-12-09 05:48:54.038463: Epoch time: 52.24 s
2025-12-09 05:48:54.920594: 
2025-12-09 05:48:54.924520: Epoch 163
2025-12-09 05:48:54.927144: Current learning rate: 0.00494
2025-12-09 05:49:48.265890: train_loss 0.3122
2025-12-09 05:49:48.271298: val_loss 1.5706
2025-12-09 05:49:48.274978: val classification accuracy 0.4417
2025-12-09 05:49:48.278716: val auc 0.509
2025-12-09 05:49:48.283255: Epoch time: 53.35 s
2025-12-09 05:49:49.108564: 
2025-12-09 05:49:49.112370: Epoch 164
2025-12-09 05:49:49.115174: Current learning rate: 0.00491
2025-12-09 05:50:47.029705: train_loss 0.3537
2025-12-09 05:50:47.043035: val_loss 1.5983
2025-12-09 05:50:47.047640: val classification accuracy 0.475
2025-12-09 05:50:47.051005: val auc 0.5372
2025-12-09 05:50:47.054775: Epoch time: 57.92 s
2025-12-09 05:50:47.936496: 
2025-12-09 05:50:47.940400: Epoch 165
2025-12-09 05:50:47.943443: Current learning rate: 0.00487
2025-12-09 05:51:40.482030: train_loss 0.2836
2025-12-09 05:51:40.487189: val_loss 1.52
2025-12-09 05:51:40.491262: val classification accuracy 0.4917
2025-12-09 05:51:40.495267: val auc 0.4636
2025-12-09 05:51:40.510386: Epoch time: 52.55 s
2025-12-09 05:51:41.294622: 
2025-12-09 05:51:41.298209: Epoch 166
2025-12-09 05:51:41.301251: Current learning rate: 0.00484
2025-12-09 05:52:35.197170: train_loss 0.2784
2025-12-09 05:52:35.202261: val_loss 1.5097
2025-12-09 05:52:35.205458: val classification accuracy 0.475
2025-12-09 05:52:35.209445: val auc 0.526
2025-12-09 05:52:35.212319: Epoch time: 53.9 s
2025-12-09 05:52:35.968905: 
2025-12-09 05:52:35.972448: Epoch 167
2025-12-09 05:52:35.974911: Current learning rate: 0.00481
2025-12-09 05:53:32.015059: train_loss 0.369
2025-12-09 05:53:32.023791: val_loss 1.1712
2025-12-09 05:53:32.027940: val classification accuracy 0.55
2025-12-09 05:53:32.031566: val auc 0.5897
2025-12-09 05:53:32.035043: Epoch time: 56.05 s
2025-12-09 05:53:32.875804: 
2025-12-09 05:53:32.879512: Epoch 168
2025-12-09 05:53:32.882174: Current learning rate: 0.00478
2025-12-09 05:54:23.407084: train_loss 0.297
2025-12-09 05:54:23.443756: val_loss 1.378
2025-12-09 05:54:23.491273: val classification accuracy 0.4833
2025-12-09 05:54:23.494743: val auc 0.5789
2025-12-09 05:54:23.498928: Epoch time: 50.53 s
2025-12-09 05:54:23.502138: Early stopping triggered at epoch 168. Best val_losses=0.6684
2025-12-09 05:54:24.334681: Stopping training early due to early stopping criterion.
2025-12-09 05:54:26.729063: Training done.
2025-12-09 05:54:26.733596: Skipping perform_actual_validation for classification trainer (segmentation-style sliding window is not applicable).
[1;34mwandb[0m: 
[1;34mwandb[0m:  View run [33mSEResNetTrainer_ep300_NoMirroring_fold2[0m at: [34m[0m
[1;34mwandb[0m: Find logs at: [1;35m../../tmp/wandb/wandb/run-20251209_032417-40al183m/logs[0m
