Using device: cuda:0

#######################################################################
Please cite the following paper when using nnU-Net:
Isensee, F., Jaeger, P. F., Kohl, S. A., Petersen, J., & Maier-Hein, K. H. (2021). nnU-Net: a self-configuring method for deep learning-based biomedical image segmentation. Nature methods, 18(2), 203-211.
#######################################################################

2025-12-09 17:09:41.039659: Using torch.compile...
2025-12-09 17:09:49.768380: do_dummy_2d_data_aug: False
2025-12-09 17:09:49.774723: Using splits from existing split file: /hpf/projects/jquon/sumin/nnUNet_data/nnUNet_preprocessed/Dataset003_AVM_T1+C/splits_final.json
2025-12-09 17:09:49.779240: The split file contains 5 splits.
2025-12-09 17:09:49.782293: Desired fold for training: 4
2025-12-09 17:09:49.784855: This split has 415 training and 97 validation cases.
using pin_memory on device 0
using pin_memory on device 0

This is the configuration used by this training:
Configuration name: 3d_fullres
 {'data_identifier': 'nnUNetPlans_3d_fullres', 'preprocessor_name': 'DefaultPreprocessor', 'batch_size': 2, 'patch_size': [160, 224, 192], 'median_image_size_in_voxels': [344.0, 448.0, 429.0], 'spacing': [0.500000923871994, 0.4910714328289032, 0.4910714328289032], 'normalization_schemes': ['ZScoreNormalization'], 'use_mask_for_norm': [False], 'resampling_fn_data': 'resample_data_or_seg_to_shape', 'resampling_fn_seg': 'resample_data_or_seg_to_shape', 'resampling_fn_data_kwargs': {'is_seg': False, 'order': 3, 'order_z': 0, 'force_separate_z': None}, 'resampling_fn_seg_kwargs': {'is_seg': True, 'order': 1, 'order_z': 0, 'force_separate_z': None}, 'resampling_fn_probabilities': 'resample_data_or_seg_to_shape', 'resampling_fn_probabilities_kwargs': {'is_seg': False, 'order': 1, 'order_z': 0, 'force_separate_z': None}, 'architecture': {'network_class_name': 'dynamic_network_architectures.architectures.unet.ResidualEncoderUNet', 'arch_kwargs': {'n_stages': 6, 'features_per_stage': [32, 64, 128, 256, 320, 320], 'conv_op': 'torch.nn.modules.conv.Conv3d', 'kernel_sizes': [[3, 3, 3], [3, 3, 3], [3, 3, 3], [3, 3, 3], [3, 3, 3], [3, 3, 3]], 'strides': [[1, 1, 1], [2, 2, 2], [2, 2, 2], [2, 2, 2], [2, 2, 2], [2, 2, 2]], 'n_blocks_per_stage': [1, 3, 4, 6, 6, 6], 'n_conv_per_stage_decoder': [1, 1, 1, 1, 1], 'conv_bias': True, 'norm_op': 'torch.nn.modules.instancenorm.InstanceNorm3d', 'norm_op_kwargs': {'eps': 1e-05, 'affine': True}, 'dropout_op': None, 'dropout_op_kwargs': None, 'nonlin': 'torch.nn.LeakyReLU', 'nonlin_kwargs': {'inplace': True}}, '_kw_requires_import': ['conv_op', 'norm_op', 'dropout_op', 'nonlin']}, 'batch_dice': True} 

These are the global plan.json settings:
 {'dataset_name': 'Dataset003_AVM_T1+C', 'plans_name': 'nnUNetResEncUNetLPlans', 'original_median_spacing_after_transp': [0.500000923871994, 0.4910714328289032, 0.4910714328289032], 'original_median_shape_after_transp': [330, 448, 424], 'image_reader_writer': 'SimpleITKIO', 'transpose_forward': [0, 1, 2], 'transpose_backward': [0, 1, 2], 'experiment_planner_used': 'nnUNetPlannerResEncL', 'label_manager': 'LabelManager', 'foreground_intensity_properties_per_channel': {'0': {'max': 12113.0, 'mean': 449.843505859375, 'median': 311.0, 'min': 0.0, 'percentile_00_5': 34.0, 'percentile_99_5': 3202.0, 'std': 471.56329345703125}}} 

2025-12-09 17:09:52.917052: Unable to plot network architecture: nnUNet_compile is enabled!
2025-12-09 17:09:52.949496: 
2025-12-09 17:09:52.957266: Epoch 0
2025-12-09 17:09:52.961792: Current learning rate: 0.0001
2025-12-09 17:11:11.179053: train_loss 0.7736
2025-12-09 17:11:11.185951: val_loss 0.698
2025-12-09 17:11:11.188325: val classification accuracy 0.5521
2025-12-09 17:11:11.192030: val auc 0.5093
2025-12-09 17:11:11.194508: Epoch time: 78.23 s
2025-12-09 17:11:11.196698: Yayy! New best EMA pseudo Dice: 0.5093
2025-12-09 17:11:15.470857: Yayy! New best classification accuracy: 0.5521
2025-12-09 17:11:19.736996: 
2025-12-09 17:11:19.740314: Epoch 1
2025-12-09 17:11:19.742889: Current learning rate: 0.0001
2025-12-09 17:12:16.583601: train_loss 0.6975
2025-12-09 17:12:16.604649: val_loss 0.6977
2025-12-09 17:12:16.607823: val classification accuracy 0.4792
2025-12-09 17:12:16.611342: val auc 0.4829
2025-12-09 17:12:16.642249: Epoch time: 56.85 s
2025-12-09 17:12:17.557470: 
2025-12-09 17:12:17.560828: Epoch 2
2025-12-09 17:12:17.563410: Current learning rate: 0.0001
2025-12-09 17:13:09.106117: train_loss 0.6826
2025-12-09 17:13:09.113575: val_loss 0.6786
2025-12-09 17:13:09.116513: val classification accuracy 0.5833
2025-12-09 17:13:09.118968: val auc 0.5974
2025-12-09 17:13:09.121126: Epoch time: 51.55 s
2025-12-09 17:13:09.123256: Yayy! New best EMA pseudo Dice: 0.5974
2025-12-09 17:13:14.763947: Yayy! New best classification accuracy: 0.5833
2025-12-09 17:13:20.985128: 
2025-12-09 17:13:20.989391: Epoch 3
2025-12-09 17:13:20.992068: Current learning rate: 0.0001
2025-12-09 17:14:15.721131: train_loss 0.6891
2025-12-09 17:14:15.725106: val_loss 0.7245
2025-12-09 17:14:15.728722: val classification accuracy 0.4896
2025-12-09 17:14:15.736961: val auc 0.5299
2025-12-09 17:14:15.739778: Epoch time: 54.74 s
2025-12-09 17:14:16.501402: 
2025-12-09 17:14:16.504273: Epoch 4
2025-12-09 17:14:16.506579: Current learning rate: 0.0001
2025-12-09 17:15:08.232172: train_loss 0.6962
2025-12-09 17:15:08.237930: val_loss 0.6864
2025-12-09 17:15:08.240438: val classification accuracy 0.5417
2025-12-09 17:15:08.242944: val auc 0.5766
2025-12-09 17:15:08.247280: Epoch time: 51.73 s
2025-12-09 17:15:09.057348: 
2025-12-09 17:15:09.060828: Epoch 5
2025-12-09 17:15:09.063845: Current learning rate: 0.0001
2025-12-09 17:16:02.141458: train_loss 0.6974
2025-12-09 17:16:02.169835: val_loss 0.7076
2025-12-09 17:16:02.172915: val classification accuracy 0.4896
2025-12-09 17:16:02.175511: val auc 0.5239
2025-12-09 17:16:02.178218: Epoch time: 53.09 s
2025-12-09 17:16:02.989364: 
2025-12-09 17:16:02.992334: Epoch 6
2025-12-09 17:16:02.994315: Current learning rate: 0.0001
2025-12-09 17:16:52.647341: train_loss 0.688
2025-12-09 17:16:52.655578: val_loss 0.6947
2025-12-09 17:16:52.680733: val classification accuracy 0.5417
2025-12-09 17:16:52.689823: val auc 0.5404
2025-12-09 17:16:52.716340: Epoch time: 49.66 s
2025-12-09 17:16:53.591276: 
2025-12-09 17:16:53.594809: Epoch 7
2025-12-09 17:16:53.598601: Current learning rate: 0.0001
2025-12-09 17:17:44.418904: train_loss 0.6892
2025-12-09 17:17:44.434252: val_loss 0.6803
2025-12-09 17:17:44.462176: val classification accuracy 0.5312
2025-12-09 17:17:44.464820: val auc 0.6033
2025-12-09 17:17:44.467186: Epoch time: 50.83 s
2025-12-09 17:17:44.469669: Yayy! New best EMA pseudo Dice: 0.6033
2025-12-09 17:17:50.377756: 
2025-12-09 17:17:50.382106: Epoch 8
2025-12-09 17:17:50.385274: Current learning rate: 0.0001
2025-12-09 17:18:42.688931: train_loss 0.6976
2025-12-09 17:18:42.696762: val_loss 0.6929
2025-12-09 17:18:42.717985: val classification accuracy 0.5521
2025-12-09 17:18:42.721534: val auc 0.5352
2025-12-09 17:18:42.728415: Epoch time: 52.31 s
2025-12-09 17:18:43.668318: 
2025-12-09 17:18:43.672139: Epoch 9
2025-12-09 17:18:43.677006: Current learning rate: 0.0001
2025-12-09 17:19:33.717904: train_loss 0.6843
2025-12-09 17:19:33.746027: val_loss 0.7434
2025-12-09 17:19:33.748883: val classification accuracy 0.3854
2025-12-09 17:19:33.751757: val auc 0.4431
2025-12-09 17:19:33.754500: Epoch time: 50.05 s
2025-12-09 17:19:34.569468: 
2025-12-09 17:19:34.572637: Epoch 10
2025-12-09 17:19:34.574810: Current learning rate: 0.0001
2025-12-09 17:20:25.699090: train_loss 0.6924
2025-12-09 17:20:25.703063: val_loss 0.6829
2025-12-09 17:20:25.705708: val classification accuracy 0.5729
2025-12-09 17:20:25.708436: val auc 0.5868
2025-12-09 17:20:25.710810: Epoch time: 51.13 s
2025-12-09 17:20:26.625303: 
2025-12-09 17:20:26.629325: Epoch 11
2025-12-09 17:20:26.632055: Current learning rate: 0.0001
2025-12-09 17:21:19.772018: train_loss 0.6765
2025-12-09 17:21:19.778751: val_loss 0.6694
2025-12-09 17:21:19.782080: val classification accuracy 0.5729
2025-12-09 17:21:19.784812: val auc 0.6363
2025-12-09 17:21:19.787390: Epoch time: 53.15 s
2025-12-09 17:21:19.827274: Yayy! New best EMA pseudo Dice: 0.6363
2025-12-09 17:21:26.226118: 
2025-12-09 17:21:26.230356: Epoch 12
2025-12-09 17:21:26.233382: Current learning rate: 0.0001
2025-12-09 17:22:20.491684: train_loss 0.6992
2025-12-09 17:22:20.497248: val_loss 0.6984
2025-12-09 17:22:20.500201: val classification accuracy 0.5208
2025-12-09 17:22:20.503370: val auc 0.5015
2025-12-09 17:22:20.506351: Epoch time: 54.27 s
2025-12-09 17:22:21.338121: 
2025-12-09 17:22:21.342211: Epoch 13
2025-12-09 17:22:21.345175: Current learning rate: 0.0001
2025-12-09 17:23:17.241535: train_loss 0.6751
2025-12-09 17:23:17.247295: val_loss 0.6999
2025-12-09 17:23:17.251442: val classification accuracy 0.5104
2025-12-09 17:23:17.254579: val auc 0.5308
2025-12-09 17:23:17.258334: Epoch time: 55.9 s
2025-12-09 17:23:18.783133: 
2025-12-09 17:23:18.786594: Epoch 14
2025-12-09 17:23:18.789731: Current learning rate: 0.0001
2025-12-09 17:24:05.122725: train_loss 0.6838
2025-12-09 17:24:05.172287: val_loss 0.6644
2025-12-09 17:24:05.175930: val classification accuracy 0.5938
2025-12-09 17:24:05.227180: val auc 0.6283
2025-12-09 17:24:05.230010: Epoch time: 46.34 s
2025-12-09 17:24:05.233676: Yayy! New best classification accuracy: 0.5938
2025-12-09 17:24:11.254113: 
2025-12-09 17:24:11.257208: Epoch 15
2025-12-09 17:24:11.259692: Current learning rate: 0.0001
2025-12-09 17:24:53.707159: train_loss 0.6894
2025-12-09 17:24:53.712499: val_loss 0.688
2025-12-09 17:24:53.715598: val classification accuracy 0.5104
2025-12-09 17:24:53.718576: val auc 0.5369
2025-12-09 17:24:53.734374: Epoch time: 42.45 s
2025-12-09 17:24:54.490921: 
2025-12-09 17:24:54.494604: Epoch 16
2025-12-09 17:24:54.497473: Current learning rate: 0.0001
2025-12-09 17:25:37.955640: train_loss 0.6865
2025-12-09 17:25:37.974309: val_loss 0.6694
2025-12-09 17:25:37.979543: val classification accuracy 0.6354
2025-12-09 17:25:37.982595: val auc 0.6361
2025-12-09 17:25:37.987420: Epoch time: 43.47 s
2025-12-09 17:25:37.990382: Yayy! New best classification accuracy: 0.6354
2025-12-09 17:25:43.984131: 
2025-12-09 17:25:43.987652: Epoch 17
2025-12-09 17:25:43.990052: Current learning rate: 9e-05
2025-12-09 17:26:24.992189: train_loss 0.6814
2025-12-09 17:26:25.009060: val_loss 0.7242
2025-12-09 17:26:25.012137: val classification accuracy 0.4896
2025-12-09 17:26:25.015146: val auc 0.4603
2025-12-09 17:26:25.018030: Epoch time: 41.01 s
2025-12-09 17:26:25.819858: 
2025-12-09 17:26:25.825955: Epoch 18
2025-12-09 17:26:25.828572: Current learning rate: 9e-05
2025-12-09 17:27:07.629184: train_loss 0.6903
2025-12-09 17:27:07.633299: val_loss 0.6757
2025-12-09 17:27:07.636610: val classification accuracy 0.5833
2025-12-09 17:27:07.639504: val auc 0.6018
2025-12-09 17:27:07.642283: Epoch time: 41.81 s
2025-12-09 17:27:08.408680: 
2025-12-09 17:27:08.412061: Epoch 19
2025-12-09 17:27:08.414588: Current learning rate: 9e-05
2025-12-09 17:27:51.106007: train_loss 0.6785
2025-12-09 17:27:51.110104: val_loss 0.6807
2025-12-09 17:27:51.112748: val classification accuracy 0.5312
2025-12-09 17:27:51.115465: val auc 0.572
2025-12-09 17:27:51.118049: Epoch time: 42.7 s
2025-12-09 17:27:55.469800: Saved periodic checkpoint /hpf/projects/jquon/sumin/nnUNet_data/nnUNet_results/Dataset003_AVM_T1+C/ViTTrainer_ep300_NoMirroring__nnUNetResEncUNetLPlans__3d_fullres/fold_4/checkpoint_every20_best_balacc.pth at epoch 19 with val_balanced_accuracy=0.5312
2025-12-09 17:27:56.179536: 
2025-12-09 17:27:56.184197: Epoch 20
2025-12-09 17:27:56.189740: Current learning rate: 9e-05
2025-12-09 17:28:38.169920: train_loss 0.6812
2025-12-09 17:28:38.174734: val_loss 0.6887
2025-12-09 17:28:38.178646: val classification accuracy 0.5208
2025-12-09 17:28:38.181648: val auc 0.5629
2025-12-09 17:28:38.184456: Epoch time: 41.99 s
2025-12-09 17:28:38.916470: 
2025-12-09 17:28:38.919746: Epoch 21
2025-12-09 17:28:38.922374: Current learning rate: 9e-05
2025-12-09 17:29:20.145312: train_loss 0.6799
2025-12-09 17:29:20.161566: val_loss 0.6832
2025-12-09 17:29:20.165232: val classification accuracy 0.5938
2025-12-09 17:29:20.168181: val auc 0.5764
2025-12-09 17:29:20.171099: Epoch time: 41.23 s
2025-12-09 17:29:20.892635: 
2025-12-09 17:29:20.895967: Epoch 22
2025-12-09 17:29:20.898672: Current learning rate: 9e-05
2025-12-09 17:30:02.230089: train_loss 0.6885
2025-12-09 17:30:02.238141: val_loss 0.6969
2025-12-09 17:30:02.240926: val classification accuracy 0.5521
2025-12-09 17:30:02.243656: val auc 0.5922
2025-12-09 17:30:02.246642: Epoch time: 41.34 s
2025-12-09 17:30:03.041069: 
2025-12-09 17:30:03.044174: Epoch 23
2025-12-09 17:30:03.046892: Current learning rate: 9e-05
2025-12-09 17:30:44.777015: train_loss 0.6903
2025-12-09 17:30:44.803278: val_loss 0.6937
2025-12-09 17:30:44.809988: val classification accuracy 0.5417
2025-12-09 17:30:44.815096: val auc 0.5829
2025-12-09 17:30:44.818002: Epoch time: 41.74 s
2025-12-09 17:30:45.563739: 
2025-12-09 17:30:45.572385: Epoch 24
2025-12-09 17:30:45.575637: Current learning rate: 9e-05
2025-12-09 17:31:27.574827: train_loss 0.6824
2025-12-09 17:31:27.579729: val_loss 0.6746
2025-12-09 17:31:27.586313: val classification accuracy 0.5938
2025-12-09 17:31:27.589474: val auc 0.6367
2025-12-09 17:31:27.591948: Epoch time: 42.01 s
2025-12-09 17:31:27.593998: Yayy! New best EMA pseudo Dice: 0.6367
2025-12-09 17:31:33.777236: 
2025-12-09 17:31:33.780961: Epoch 25
2025-12-09 17:31:33.783590: Current learning rate: 9e-05
2025-12-09 17:32:16.441263: train_loss 0.6758
2025-12-09 17:32:16.447006: val_loss 0.7401
2025-12-09 17:32:16.449690: val classification accuracy 0.5417
2025-12-09 17:32:16.452728: val auc 0.4839
2025-12-09 17:32:16.470756: Epoch time: 42.67 s
2025-12-09 17:32:17.247675: 
2025-12-09 17:32:17.250800: Epoch 26
2025-12-09 17:32:17.253093: Current learning rate: 9e-05
2025-12-09 17:32:59.633492: train_loss 0.6781
2025-12-09 17:32:59.641483: val_loss 0.6473
2025-12-09 17:32:59.653574: val classification accuracy 0.6042
2025-12-09 17:32:59.662795: val auc 0.6786
2025-12-09 17:32:59.667166: Epoch time: 42.39 s
2025-12-09 17:32:59.669861: Yayy! New best EMA pseudo Dice: 0.6786
2025-12-09 17:33:06.088045: 
2025-12-09 17:33:06.091647: Epoch 27
2025-12-09 17:33:06.094143: Current learning rate: 9e-05
2025-12-09 17:33:50.492084: train_loss 0.6904
2025-12-09 17:33:50.523102: val_loss 0.6652
2025-12-09 17:33:50.530062: val classification accuracy 0.5729
2025-12-09 17:33:50.532776: val auc 0.6315
2025-12-09 17:33:50.535143: Epoch time: 44.41 s
2025-12-09 17:33:51.295897: 
2025-12-09 17:33:51.298982: Epoch 28
2025-12-09 17:33:51.301267: Current learning rate: 9e-05
2025-12-09 17:34:33.162240: train_loss 0.6803
2025-12-09 17:34:33.191033: val_loss 0.6718
2025-12-09 17:34:33.194572: val classification accuracy 0.6042
2025-12-09 17:34:33.197609: val auc 0.6194
2025-12-09 17:34:33.200650: Epoch time: 41.87 s
2025-12-09 17:34:33.994985: 
2025-12-09 17:34:33.998394: Epoch 29
2025-12-09 17:34:34.000687: Current learning rate: 9e-05
2025-12-09 17:35:16.879110: train_loss 0.6826
2025-12-09 17:35:16.884000: val_loss 0.6818
2025-12-09 17:35:16.886966: val classification accuracy 0.5417
2025-12-09 17:35:16.889981: val auc 0.5831
2025-12-09 17:35:16.893109: Epoch time: 42.89 s
2025-12-09 17:35:17.673985: 
2025-12-09 17:35:17.677341: Epoch 30
2025-12-09 17:35:17.679963: Current learning rate: 9e-05
2025-12-09 17:36:00.488023: train_loss 0.666
2025-12-09 17:36:00.492529: val_loss 0.6588
2025-12-09 17:36:00.495509: val classification accuracy 0.6042
2025-12-09 17:36:00.501856: val auc 0.6424
2025-12-09 17:36:00.505082: Epoch time: 42.82 s
2025-12-09 17:36:01.294919: 
2025-12-09 17:36:01.298089: Epoch 31
2025-12-09 17:36:01.300424: Current learning rate: 9e-05
2025-12-09 17:36:45.393110: train_loss 0.6594
2025-12-09 17:36:45.412650: val_loss 0.6836
2025-12-09 17:36:45.424455: val classification accuracy 0.5104
2025-12-09 17:36:45.427537: val auc 0.628
2025-12-09 17:36:45.430468: Epoch time: 44.1 s
2025-12-09 17:36:46.195411: 
2025-12-09 17:36:46.198729: Epoch 32
2025-12-09 17:36:46.201279: Current learning rate: 9e-05
2025-12-09 17:37:30.441048: train_loss 0.6531
2025-12-09 17:37:30.446801: val_loss 0.7821
2025-12-09 17:37:30.449459: val classification accuracy 0.4688
2025-12-09 17:37:30.452340: val auc 0.4688
2025-12-09 17:37:30.455217: Epoch time: 44.25 s
2025-12-09 17:37:31.302265: 
2025-12-09 17:37:31.305725: Epoch 33
2025-12-09 17:37:31.308234: Current learning rate: 9e-05
2025-12-09 17:38:16.921938: train_loss 0.6868
2025-12-09 17:38:16.926024: val_loss 0.6794
2025-12-09 17:38:16.928817: val classification accuracy 0.5729
2025-12-09 17:38:16.931793: val auc 0.574
2025-12-09 17:38:16.934710: Epoch time: 45.62 s
2025-12-09 17:38:17.670969: 
2025-12-09 17:38:17.674401: Epoch 34
2025-12-09 17:38:17.676870: Current learning rate: 9e-05
2025-12-09 17:38:59.939549: train_loss 0.6759
2025-12-09 17:38:59.943826: val_loss 0.6589
2025-12-09 17:38:59.946771: val classification accuracy 0.6042
2025-12-09 17:38:59.949620: val auc 0.6311
2025-12-09 17:38:59.952649: Epoch time: 42.27 s
2025-12-09 17:39:00.727000: 
2025-12-09 17:39:00.730187: Epoch 35
2025-12-09 17:39:00.732742: Current learning rate: 9e-05
2025-12-09 17:39:44.535804: train_loss 0.6767
2025-12-09 17:39:44.540131: val_loss 0.6866
2025-12-09 17:39:44.566499: val classification accuracy 0.5312
2025-12-09 17:39:44.569846: val auc 0.5547
2025-12-09 17:39:44.572747: Epoch time: 43.81 s
2025-12-09 17:39:45.317251: 
2025-12-09 17:39:45.320287: Epoch 36
2025-12-09 17:39:45.323020: Current learning rate: 9e-05
2025-12-09 17:40:28.672512: train_loss 0.678
2025-12-09 17:40:28.676494: val_loss 0.6733
2025-12-09 17:40:28.679114: val classification accuracy 0.5312
2025-12-09 17:40:28.681643: val auc 0.5985
2025-12-09 17:40:28.684051: Epoch time: 43.36 s
2025-12-09 17:40:29.437954: 
2025-12-09 17:40:29.441460: Epoch 37
2025-12-09 17:40:29.445171: Current learning rate: 9e-05
2025-12-09 17:41:11.965970: train_loss 0.6556
2025-12-09 17:41:11.972413: val_loss 0.7291
2025-12-09 17:41:11.975739: val classification accuracy 0.4479
2025-12-09 17:41:11.978908: val auc 0.3754
2025-12-09 17:41:11.982287: Epoch time: 42.53 s
2025-12-09 17:41:12.708693: 
2025-12-09 17:41:12.712243: Epoch 38
2025-12-09 17:41:12.714984: Current learning rate: 9e-05
2025-12-09 17:41:56.562828: train_loss 0.6914
2025-12-09 17:41:56.568094: val_loss 0.7011
2025-12-09 17:41:56.575420: val classification accuracy 0.4896
2025-12-09 17:41:56.579324: val auc 0.528
2025-12-09 17:41:56.587357: Epoch time: 43.86 s
2025-12-09 17:41:57.333827: 
2025-12-09 17:41:57.337049: Epoch 39
2025-12-09 17:41:57.339366: Current learning rate: 9e-05
2025-12-09 17:42:39.236365: train_loss 0.6784
2025-12-09 17:42:39.241232: val_loss 0.6366
2025-12-09 17:42:39.244475: val classification accuracy 0.6562
2025-12-09 17:42:39.247306: val auc 0.7567
2025-12-09 17:42:39.250396: Epoch time: 41.9 s
2025-12-09 17:42:43.647078: Saved periodic checkpoint /hpf/projects/jquon/sumin/nnUNet_data/nnUNet_results/Dataset003_AVM_T1+C/ViTTrainer_ep300_NoMirroring__nnUNetResEncUNetLPlans__3d_fullres/fold_4/checkpoint_every20_best_balacc.pth at epoch 39 with val_balanced_accuracy=0.6562
2025-12-09 17:42:43.650508: Yayy! New best EMA pseudo Dice: 0.7567
2025-12-09 17:42:48.769177: Yayy! New best classification accuracy: 0.6562
2025-12-09 17:42:53.603409: 
2025-12-09 17:42:53.606994: Epoch 40
2025-12-09 17:42:53.609732: Current learning rate: 9e-05
2025-12-09 17:43:37.633396: train_loss 0.6816
2025-12-09 17:43:37.648159: val_loss 0.6668
2025-12-09 17:43:37.651114: val classification accuracy 0.5938
2025-12-09 17:43:37.654097: val auc 0.6604
2025-12-09 17:43:37.656795: Epoch time: 44.03 s
2025-12-09 17:43:38.440896: 
2025-12-09 17:43:38.444072: Epoch 41
2025-12-09 17:43:38.446290: Current learning rate: 9e-05
2025-12-09 17:44:22.522534: train_loss 0.6744
2025-12-09 17:44:22.528359: val_loss 0.6858
2025-12-09 17:44:22.531058: val classification accuracy 0.5625
2025-12-09 17:44:22.534435: val auc 0.5786
2025-12-09 17:44:22.537793: Epoch time: 44.08 s
2025-12-09 17:44:23.285711: 
2025-12-09 17:44:23.288660: Epoch 42
2025-12-09 17:44:23.291125: Current learning rate: 9e-05
2025-12-09 17:45:03.553972: train_loss 0.6623
2025-12-09 17:45:03.557884: val_loss 0.6585
2025-12-09 17:45:03.560654: val classification accuracy 0.5833
2025-12-09 17:45:03.563522: val auc 0.6543
2025-12-09 17:45:03.566222: Epoch time: 40.27 s
2025-12-09 17:45:04.301832: 
2025-12-09 17:45:04.305107: Epoch 43
2025-12-09 17:45:04.307301: Current learning rate: 9e-05
2025-12-09 17:45:44.070781: train_loss 0.6645
2025-12-09 17:45:44.075800: val_loss 0.6662
2025-12-09 17:45:44.078868: val classification accuracy 0.5833
2025-12-09 17:45:44.087469: val auc 0.6042
2025-12-09 17:45:44.090724: Epoch time: 39.77 s
2025-12-09 17:45:44.813922: 
2025-12-09 17:45:44.817094: Epoch 44
2025-12-09 17:45:44.819409: Current learning rate: 9e-05
2025-12-09 17:46:24.437738: train_loss 0.6825
2025-12-09 17:46:24.441538: val_loss 0.7005
2025-12-09 17:46:24.444028: val classification accuracy 0.5417
2025-12-09 17:46:24.446503: val auc 0.5276
2025-12-09 17:46:24.448808: Epoch time: 39.62 s
2025-12-09 17:46:25.197371: 
2025-12-09 17:46:25.200451: Epoch 45
2025-12-09 17:46:25.202636: Current learning rate: 9e-05
2025-12-09 17:47:02.631234: train_loss 0.6888
2025-12-09 17:47:02.636985: val_loss 0.692
2025-12-09 17:47:02.640328: val classification accuracy 0.5625
2025-12-09 17:47:02.643227: val auc 0.5501
2025-12-09 17:47:02.646025: Epoch time: 37.43 s
2025-12-09 17:47:03.342812: 
2025-12-09 17:47:03.346277: Epoch 46
2025-12-09 17:47:03.350393: Current learning rate: 9e-05
2025-12-09 17:47:44.384569: train_loss 0.6778
2025-12-09 17:47:44.388174: val_loss 0.6606
2025-12-09 17:47:44.390945: val classification accuracy 0.5417
2025-12-09 17:47:44.394955: val auc 0.6124
2025-12-09 17:47:44.397426: Epoch time: 41.04 s
2025-12-09 17:47:45.127384: 
2025-12-09 17:47:45.130749: Epoch 47
2025-12-09 17:47:45.133147: Current learning rate: 9e-05
2025-12-09 17:48:21.944725: train_loss 0.674
2025-12-09 17:48:21.950674: val_loss 0.7456
2025-12-09 17:48:21.953411: val classification accuracy 0.4896
2025-12-09 17:48:21.956118: val auc 0.5278
2025-12-09 17:48:21.958976: Epoch time: 36.82 s
2025-12-09 17:48:22.682405: 
2025-12-09 17:48:22.685583: Epoch 48
2025-12-09 17:48:22.688098: Current learning rate: 9e-05
2025-12-09 17:49:02.522981: train_loss 0.6956
2025-12-09 17:49:02.537698: val_loss 0.6946
2025-12-09 17:49:02.540057: val classification accuracy 0.5312
2025-12-09 17:49:02.542360: val auc 0.5556
2025-12-09 17:49:02.544633: Epoch time: 39.84 s
2025-12-09 17:49:03.238668: 
2025-12-09 17:49:03.241676: Epoch 49
2025-12-09 17:49:03.243761: Current learning rate: 9e-05
2025-12-09 17:49:42.076345: train_loss 0.6698
2025-12-09 17:49:42.094209: val_loss 0.6403
2025-12-09 17:49:42.099460: val classification accuracy 0.625
2025-12-09 17:49:42.102381: val auc 0.679
2025-12-09 17:49:42.104699: Epoch time: 38.84 s
2025-12-09 17:49:42.819114: 
2025-12-09 17:49:42.822365: Epoch 50
2025-12-09 17:49:42.825039: Current learning rate: 8e-05
2025-12-09 17:50:20.671548: train_loss 0.663
2025-12-09 17:50:20.682187: val_loss 0.6781
2025-12-09 17:50:20.687310: val classification accuracy 0.5729
2025-12-09 17:50:20.690104: val auc 0.615
2025-12-09 17:50:20.692928: Epoch time: 37.85 s
2025-12-09 17:50:21.401790: 
2025-12-09 17:50:21.405077: Epoch 51
2025-12-09 17:50:21.407578: Current learning rate: 8e-05
2025-12-09 17:51:00.556707: train_loss 0.6743
2025-12-09 17:51:00.560907: val_loss 0.7193
2025-12-09 17:51:00.563253: val classification accuracy 0.5104
2025-12-09 17:51:00.565863: val auc 0.5217
2025-12-09 17:51:00.568968: Epoch time: 39.16 s
2025-12-09 17:51:01.264047: 
2025-12-09 17:51:01.266819: Epoch 52
2025-12-09 17:51:01.269141: Current learning rate: 8e-05
2025-12-09 17:51:38.834522: train_loss 0.6638
2025-12-09 17:51:38.837846: val_loss 0.6994
2025-12-09 17:51:38.840156: val classification accuracy 0.5521
2025-12-09 17:51:38.842366: val auc 0.5388
2025-12-09 17:51:38.844597: Epoch time: 37.57 s
2025-12-09 17:51:39.537011: 
2025-12-09 17:51:39.540186: Epoch 53
2025-12-09 17:51:39.542388: Current learning rate: 8e-05
2025-12-09 17:52:19.434012: train_loss 0.6759
2025-12-09 17:52:19.438113: val_loss 0.6919
2025-12-09 17:52:19.440567: val classification accuracy 0.5312
2025-12-09 17:52:19.460106: val auc 0.6178
2025-12-09 17:52:19.473497: Epoch time: 39.9 s
2025-12-09 17:52:20.157071: 
2025-12-09 17:52:20.161053: Epoch 54
2025-12-09 17:52:20.163307: Current learning rate: 8e-05
2025-12-09 17:52:59.842849: train_loss 0.665
2025-12-09 17:52:59.846903: val_loss 0.7254
2025-12-09 17:52:59.849625: val classification accuracy 0.5521
2025-12-09 17:52:59.852324: val auc 0.5369
2025-12-09 17:52:59.855681: Epoch time: 39.69 s
2025-12-09 17:53:00.558483: 
2025-12-09 17:53:00.561567: Epoch 55
2025-12-09 17:53:00.563944: Current learning rate: 8e-05
2025-12-09 17:53:37.831777: train_loss 0.6632
2025-12-09 17:53:37.840051: val_loss 0.665
2025-12-09 17:53:37.858864: val classification accuracy 0.6042
2025-12-09 17:53:37.861858: val auc 0.6456
2025-12-09 17:53:37.866770: Epoch time: 37.27 s
2025-12-09 17:53:38.572031: 
2025-12-09 17:53:38.575501: Epoch 56
2025-12-09 17:53:38.577798: Current learning rate: 8e-05
2025-12-09 17:54:17.847783: train_loss 0.6777
2025-12-09 17:54:17.886576: val_loss 0.6958
2025-12-09 17:54:17.889390: val classification accuracy 0.5312
2025-12-09 17:54:17.899720: val auc 0.6135
2025-12-09 17:54:17.903033: Epoch time: 39.28 s
2025-12-09 17:54:18.598168: 
2025-12-09 17:54:18.601245: Epoch 57
2025-12-09 17:54:18.603785: Current learning rate: 8e-05
2025-12-09 17:54:57.172721: train_loss 0.6652
2025-12-09 17:54:57.180612: val_loss 0.6456
2025-12-09 17:54:57.187380: val classification accuracy 0.6354
2025-12-09 17:54:57.192322: val auc 0.6664
2025-12-09 17:54:57.238633: Epoch time: 38.58 s
2025-12-09 17:54:57.945381: 
2025-12-09 17:54:57.948313: Epoch 58
2025-12-09 17:54:57.950831: Current learning rate: 8e-05
2025-12-09 17:55:33.439410: train_loss 0.6776
2025-12-09 17:55:33.468330: val_loss 0.7039
2025-12-09 17:55:33.474782: val classification accuracy 0.5208
2025-12-09 17:55:33.478528: val auc 0.5482
2025-12-09 17:55:33.481261: Epoch time: 35.5 s
2025-12-09 17:55:34.179342: 
2025-12-09 17:55:34.182507: Epoch 59
2025-12-09 17:55:34.184872: Current learning rate: 8e-05
2025-12-09 17:56:11.593176: train_loss 0.678
2025-12-09 17:56:11.609970: val_loss 0.6655
2025-12-09 17:56:11.613243: val classification accuracy 0.5625
2025-12-09 17:56:11.615963: val auc 0.6376
2025-12-09 17:56:11.618864: Epoch time: 37.41 s
2025-12-09 17:56:12.343783: 
2025-12-09 17:56:12.346984: Epoch 60
2025-12-09 17:56:12.349699: Current learning rate: 8e-05
2025-12-09 17:56:51.807233: train_loss 0.6445
2025-12-09 17:56:51.811170: val_loss 0.6794
2025-12-09 17:56:51.814088: val classification accuracy 0.5729
2025-12-09 17:56:51.816897: val auc 0.6003
2025-12-09 17:56:51.820063: Epoch time: 39.46 s
2025-12-09 17:56:52.521380: 
2025-12-09 17:56:52.524637: Epoch 61
2025-12-09 17:56:52.527374: Current learning rate: 8e-05
2025-12-09 17:57:30.598300: train_loss 0.6844
2025-12-09 17:57:30.602576: val_loss 0.7119
2025-12-09 17:57:30.605119: val classification accuracy 0.4896
2025-12-09 17:57:30.607838: val auc 0.4566
2025-12-09 17:57:30.610615: Epoch time: 38.08 s
2025-12-09 17:57:31.284437: 
2025-12-09 17:57:31.287701: Epoch 62
2025-12-09 17:57:31.290391: Current learning rate: 8e-05
2025-12-09 17:58:11.150570: train_loss 0.6643
2025-12-09 17:58:11.154655: val_loss 0.6725
2025-12-09 17:58:11.157433: val classification accuracy 0.5833
2025-12-09 17:58:11.163362: val auc 0.577
2025-12-09 17:58:11.176858: Epoch time: 39.87 s
2025-12-09 17:58:11.865227: 
2025-12-09 17:58:11.868590: Epoch 63
2025-12-09 17:58:11.871188: Current learning rate: 8e-05
2025-12-09 17:58:50.180422: train_loss 0.6757
2025-12-09 17:58:50.196024: val_loss 0.681
2025-12-09 17:58:50.204376: val classification accuracy 0.5208
2025-12-09 17:58:50.207012: val auc 0.5471
2025-12-09 17:58:50.209682: Epoch time: 38.32 s
2025-12-09 17:58:50.907745: 
2025-12-09 17:58:50.910860: Epoch 64
2025-12-09 17:58:50.913221: Current learning rate: 8e-05
2025-12-09 17:59:29.270844: train_loss 0.6712
2025-12-09 17:59:29.289442: val_loss 0.6749
2025-12-09 17:59:29.292401: val classification accuracy 0.5521
2025-12-09 17:59:29.295537: val auc 0.5844
2025-12-09 17:59:29.297935: Epoch time: 38.36 s
2025-12-09 17:59:30.013425: 
2025-12-09 17:59:30.016331: Epoch 65
2025-12-09 17:59:30.018640: Current learning rate: 8e-05
2025-12-09 18:00:10.611982: train_loss 0.6587
2025-12-09 18:00:10.616672: val_loss 0.6965
2025-12-09 18:00:10.619605: val classification accuracy 0.5833
2025-12-09 18:00:10.622426: val auc 0.5645
2025-12-09 18:00:10.626267: Epoch time: 40.6 s
2025-12-09 18:00:11.330363: 
2025-12-09 18:00:11.333821: Epoch 66
2025-12-09 18:00:11.336807: Current learning rate: 8e-05
2025-12-09 18:00:51.002118: train_loss 0.6681
2025-12-09 18:00:51.006447: val_loss 0.6608
2025-12-09 18:00:51.011422: val classification accuracy 0.6667
2025-12-09 18:00:51.014370: val auc 0.6814
2025-12-09 18:00:51.017403: Epoch time: 39.67 s
2025-12-09 18:00:51.019715: Yayy! New best classification accuracy: 0.6667
2025-12-09 18:00:57.330142: 
2025-12-09 18:00:57.333492: Epoch 67
2025-12-09 18:00:57.335950: Current learning rate: 8e-05
2025-12-09 18:01:35.195504: train_loss 0.6829
2025-12-09 18:01:35.200105: val_loss 0.7009
2025-12-09 18:01:35.216285: val classification accuracy 0.5312
2025-12-09 18:01:35.218749: val auc 0.5102
2025-12-09 18:01:35.221124: Epoch time: 37.87 s
2025-12-09 18:01:35.920561: 
2025-12-09 18:01:35.923674: Epoch 68
2025-12-09 18:01:35.926111: Current learning rate: 8e-05
2025-12-09 18:02:14.506443: train_loss 0.6587
2025-12-09 18:02:14.510196: val_loss 0.6749
2025-12-09 18:02:14.513146: val classification accuracy 0.5625
2025-12-09 18:02:14.515723: val auc 0.6276
2025-12-09 18:02:14.518141: Epoch time: 38.59 s
2025-12-09 18:02:15.221834: 
2025-12-09 18:02:15.225181: Epoch 69
2025-12-09 18:02:15.227538: Current learning rate: 8e-05
2025-12-09 18:02:56.238984: train_loss 0.6797
2025-12-09 18:02:56.267799: val_loss 0.6894
2025-12-09 18:02:56.273702: val classification accuracy 0.5833
2025-12-09 18:02:56.281847: val auc 0.5979
2025-12-09 18:02:56.285045: Epoch time: 41.02 s
2025-12-09 18:02:57.014591: 
2025-12-09 18:02:57.017703: Epoch 70
2025-12-09 18:02:57.020129: Current learning rate: 8e-05
2025-12-09 18:03:37.923122: train_loss 0.667
2025-12-09 18:03:37.927075: val_loss 0.6897
2025-12-09 18:03:37.930099: val classification accuracy 0.5729
2025-12-09 18:03:37.933375: val auc 0.5831
2025-12-09 18:03:37.936480: Epoch time: 40.91 s
2025-12-09 18:03:38.734783: 
2025-12-09 18:03:38.738277: Epoch 71
2025-12-09 18:03:38.741054: Current learning rate: 8e-05
2025-12-09 18:04:19.958009: train_loss 0.6609
2025-12-09 18:04:19.990744: val_loss 0.6963
2025-12-09 18:04:19.994779: val classification accuracy 0.5312
2025-12-09 18:04:19.997906: val auc 0.5729
2025-12-09 18:04:20.001027: Epoch time: 41.22 s
2025-12-09 18:04:20.699704: 
2025-12-09 18:04:20.703207: Epoch 72
2025-12-09 18:04:20.706081: Current learning rate: 8e-05
2025-12-09 18:05:01.044830: train_loss 0.6676
2025-12-09 18:05:01.065020: val_loss 0.7086
2025-12-09 18:05:01.067640: val classification accuracy 0.5312
2025-12-09 18:05:01.070213: val auc 0.605
2025-12-09 18:05:01.072938: Epoch time: 40.35 s
2025-12-09 18:05:01.756660: 
2025-12-09 18:05:01.760198: Epoch 73
2025-12-09 18:05:01.762608: Current learning rate: 8e-05
2025-12-09 18:05:39.906164: train_loss 0.6803
2025-12-09 18:05:39.910652: val_loss 0.7334
2025-12-09 18:05:39.913985: val classification accuracy 0.5
2025-12-09 18:05:39.916702: val auc 0.4848
2025-12-09 18:05:39.919604: Epoch time: 38.15 s
2025-12-09 18:05:40.659710: 
2025-12-09 18:05:40.663110: Epoch 74
2025-12-09 18:05:40.665893: Current learning rate: 8e-05
2025-12-09 18:06:20.386696: train_loss 0.679
2025-12-09 18:06:20.390705: val_loss 0.7425
2025-12-09 18:06:20.394074: val classification accuracy 0.4792
2025-12-09 18:06:20.397088: val auc 0.4271
2025-12-09 18:06:20.400164: Epoch time: 39.73 s
2025-12-09 18:06:21.097335: 
2025-12-09 18:06:21.100394: Epoch 75
2025-12-09 18:06:21.102919: Current learning rate: 8e-05
2025-12-09 18:06:59.287348: train_loss 0.6618
2025-12-09 18:06:59.293820: val_loss 0.6546
2025-12-09 18:06:59.297935: val classification accuracy 0.6354
2025-12-09 18:06:59.300766: val auc 0.633
2025-12-09 18:06:59.303898: Epoch time: 38.19 s
2025-12-09 18:06:59.986531: 
2025-12-09 18:06:59.989995: Epoch 76
2025-12-09 18:06:59.992848: Current learning rate: 8e-05
2025-12-09 18:07:38.903481: train_loss 0.6628
2025-12-09 18:07:38.912781: val_loss 0.6437
2025-12-09 18:07:38.915553: val classification accuracy 0.6354
2025-12-09 18:07:38.919439: val auc 0.6504
2025-12-09 18:07:38.922808: Epoch time: 38.92 s
2025-12-09 18:07:39.661916: 
2025-12-09 18:07:39.665492: Epoch 77
2025-12-09 18:07:39.671173: Current learning rate: 8e-05
2025-12-09 18:08:18.703861: train_loss 0.6541
2025-12-09 18:08:18.734915: val_loss 0.6812
2025-12-09 18:08:18.737956: val classification accuracy 0.5833
2025-12-09 18:08:18.740558: val auc 0.6159
2025-12-09 18:08:18.743209: Epoch time: 39.04 s
2025-12-09 18:08:19.447747: 
2025-12-09 18:08:19.451319: Epoch 78
2025-12-09 18:08:19.453855: Current learning rate: 8e-05
2025-12-09 18:08:59.487210: train_loss 0.665
2025-12-09 18:08:59.490777: val_loss 0.6953
2025-12-09 18:08:59.493370: val classification accuracy 0.5833
2025-12-09 18:08:59.497586: val auc 0.5985
2025-12-09 18:08:59.500527: Epoch time: 40.04 s
2025-12-09 18:09:00.187042: 
2025-12-09 18:09:00.189991: Epoch 79
2025-12-09 18:09:00.192184: Current learning rate: 8e-05
2025-12-09 18:09:36.577393: train_loss 0.6667
2025-12-09 18:09:36.592688: val_loss 0.6673
2025-12-09 18:09:36.595670: val classification accuracy 0.6562
2025-12-09 18:09:36.598908: val auc 0.6293
2025-12-09 18:09:36.602076: Epoch time: 36.39 s
2025-12-09 18:09:37.811214: 
2025-12-09 18:09:37.814330: Epoch 80
2025-12-09 18:09:37.816926: Current learning rate: 8e-05
2025-12-09 18:10:15.601091: train_loss 0.6483
2025-12-09 18:10:15.612128: val_loss 0.7242
2025-12-09 18:10:15.664219: val classification accuracy 0.5312
2025-12-09 18:10:15.667593: val auc 0.4998
2025-12-09 18:10:15.672317: Epoch time: 37.79 s
2025-12-09 18:10:16.375270: 
2025-12-09 18:10:16.384321: Epoch 81
2025-12-09 18:10:16.392411: Current learning rate: 8e-05
2025-12-09 18:10:56.251575: train_loss 0.6536
2025-12-09 18:10:56.255672: val_loss 0.6707
2025-12-09 18:10:56.258184: val classification accuracy 0.5833
2025-12-09 18:10:56.260626: val auc 0.6732
2025-12-09 18:10:56.263713: Epoch time: 39.88 s
2025-12-09 18:10:56.955563: 
2025-12-09 18:10:56.958615: Epoch 82
2025-12-09 18:10:56.961063: Current learning rate: 8e-05
2025-12-09 18:11:34.967097: train_loss 0.6608
2025-12-09 18:11:34.980569: val_loss 0.7103
2025-12-09 18:11:34.988869: val classification accuracy 0.5521
2025-12-09 18:11:34.993406: val auc 0.5566
2025-12-09 18:11:34.999987: Epoch time: 38.01 s
2025-12-09 18:11:35.720635: 
2025-12-09 18:11:35.724459: Epoch 83
2025-12-09 18:11:35.733181: Current learning rate: 7e-05
2025-12-09 18:12:16.381144: train_loss 0.6698
2025-12-09 18:12:16.385670: val_loss 0.6566
2025-12-09 18:12:16.388681: val classification accuracy 0.5625
2025-12-09 18:12:16.391608: val auc 0.6059
2025-12-09 18:12:16.394981: Epoch time: 40.66 s
2025-12-09 18:12:17.117018: 
2025-12-09 18:12:17.120346: Epoch 84
2025-12-09 18:12:17.122757: Current learning rate: 7e-05
2025-12-09 18:12:55.642183: train_loss 0.6302
2025-12-09 18:12:55.646514: val_loss 0.8627
2025-12-09 18:12:55.649263: val classification accuracy 0.5104
2025-12-09 18:12:55.652464: val auc 0.4553
2025-12-09 18:12:55.654999: Epoch time: 38.53 s
2025-12-09 18:12:56.347068: 
2025-12-09 18:12:56.350042: Epoch 85
2025-12-09 18:12:56.352419: Current learning rate: 7e-05
2025-12-09 18:13:34.862577: train_loss 0.6818
2025-12-09 18:13:34.877904: val_loss 0.7025
2025-12-09 18:13:34.881252: val classification accuracy 0.5312
2025-12-09 18:13:34.883994: val auc 0.5278
2025-12-09 18:13:34.886720: Epoch time: 38.52 s
2025-12-09 18:13:35.582988: 
2025-12-09 18:13:35.586223: Epoch 86
2025-12-09 18:13:35.588786: Current learning rate: 7e-05
2025-12-09 18:14:17.152192: train_loss 0.6489
2025-12-09 18:14:17.156136: val_loss 0.6667
2025-12-09 18:14:17.159002: val classification accuracy 0.5833
2025-12-09 18:14:17.161425: val auc 0.6293
2025-12-09 18:14:17.163837: Epoch time: 41.57 s
2025-12-09 18:14:17.903701: 
2025-12-09 18:14:17.906826: Epoch 87
2025-12-09 18:14:17.909258: Current learning rate: 7e-05
2025-12-09 18:14:57.093503: train_loss 0.6711
2025-12-09 18:14:57.098166: val_loss 0.6689
2025-12-09 18:14:57.100926: val classification accuracy 0.5521
2025-12-09 18:14:57.105589: val auc 0.6044
2025-12-09 18:14:57.109150: Epoch time: 39.19 s
2025-12-09 18:14:57.809545: 
2025-12-09 18:14:57.812753: Epoch 88
2025-12-09 18:14:57.815412: Current learning rate: 7e-05
2025-12-09 18:15:36.907204: train_loss 0.6879
2025-12-09 18:15:36.912344: val_loss 0.6536
2025-12-09 18:15:36.916509: val classification accuracy 0.6146
2025-12-09 18:15:36.921431: val auc 0.6456
2025-12-09 18:15:36.924410: Epoch time: 39.1 s
2025-12-09 18:15:37.641778: 
2025-12-09 18:15:37.644985: Epoch 89
2025-12-09 18:15:37.647372: Current learning rate: 7e-05
2025-12-09 18:16:14.047846: train_loss 0.6692
2025-12-09 18:16:14.059861: val_loss 0.651
2025-12-09 18:16:14.067940: val classification accuracy 0.6146
2025-12-09 18:16:14.070633: val auc 0.6604
2025-12-09 18:16:14.073261: Epoch time: 36.41 s
2025-12-09 18:16:14.774287: 
2025-12-09 18:16:14.778103: Epoch 90
2025-12-09 18:16:14.780386: Current learning rate: 7e-05
2025-12-09 18:16:54.380596: train_loss 0.6584
2025-12-09 18:16:54.406088: val_loss 0.716
2025-12-09 18:16:54.410710: val classification accuracy 0.5312
2025-12-09 18:16:54.413423: val auc 0.52
2025-12-09 18:16:54.418854: Epoch time: 39.61 s
2025-12-09 18:16:55.112077: 
2025-12-09 18:16:55.115313: Epoch 91
2025-12-09 18:16:55.117719: Current learning rate: 7e-05
2025-12-09 18:17:31.480135: train_loss 0.6687
2025-12-09 18:17:31.484173: val_loss 0.6657
2025-12-09 18:17:31.486490: val classification accuracy 0.6042
2025-12-09 18:17:31.488926: val auc 0.6257
2025-12-09 18:17:31.491890: Epoch time: 36.37 s
2025-12-09 18:17:32.223572: 
2025-12-09 18:17:32.226576: Epoch 92
2025-12-09 18:17:32.229079: Current learning rate: 7e-05
2025-12-09 18:18:11.351124: train_loss 0.6588
2025-12-09 18:18:11.375798: val_loss 0.7352
2025-12-09 18:18:11.378589: val classification accuracy 0.5312
2025-12-09 18:18:11.381359: val auc 0.5603
2025-12-09 18:18:11.384279: Epoch time: 39.13 s
2025-12-09 18:18:12.545788: 
2025-12-09 18:18:12.548892: Epoch 93
2025-12-09 18:18:12.551287: Current learning rate: 7e-05
2025-12-09 18:18:50.345929: train_loss 0.6728
2025-12-09 18:18:50.371988: val_loss 0.6881
2025-12-09 18:18:50.374981: val classification accuracy 0.5417
2025-12-09 18:18:50.377891: val auc 0.5412
2025-12-09 18:18:50.387076: Epoch time: 37.8 s
2025-12-09 18:18:51.071628: 
2025-12-09 18:18:51.074870: Epoch 94
2025-12-09 18:18:51.077139: Current learning rate: 7e-05
2025-12-09 18:19:29.446941: train_loss 0.656
2025-12-09 18:19:29.453904: val_loss 0.6713
2025-12-09 18:19:29.463919: val classification accuracy 0.6146
2025-12-09 18:19:29.467001: val auc 0.6265
2025-12-09 18:19:29.469552: Epoch time: 38.38 s
2025-12-09 18:19:30.157569: 
2025-12-09 18:19:30.160858: Epoch 95
2025-12-09 18:19:30.163176: Current learning rate: 7e-05
2025-12-09 18:20:08.853758: train_loss 0.6319
2025-12-09 18:20:08.858208: val_loss 0.6199
2025-12-09 18:20:08.861663: val classification accuracy 0.6562
2025-12-09 18:20:08.864541: val auc 0.6927
2025-12-09 18:20:08.871911: Epoch time: 38.7 s
2025-12-09 18:20:09.584271: 
2025-12-09 18:20:09.587743: Epoch 96
2025-12-09 18:20:09.590183: Current learning rate: 7e-05
2025-12-09 18:20:48.070637: train_loss 0.6656
2025-12-09 18:20:48.074234: val_loss 0.6849
2025-12-09 18:20:48.077493: val classification accuracy 0.5833
2025-12-09 18:20:48.084368: val auc 0.5868
2025-12-09 18:20:48.087114: Epoch time: 38.49 s
2025-12-09 18:20:48.776250: 
2025-12-09 18:20:48.779569: Epoch 97
2025-12-09 18:20:48.781941: Current learning rate: 7e-05
2025-12-09 18:21:26.658334: train_loss 0.6428
2025-12-09 18:21:26.682354: val_loss 0.6462
2025-12-09 18:21:26.692331: val classification accuracy 0.6562
2025-12-09 18:21:26.699335: val auc 0.6732
2025-12-09 18:21:26.704843: Epoch time: 37.88 s
2025-12-09 18:21:27.435214: 
2025-12-09 18:21:27.442444: Epoch 98
2025-12-09 18:21:27.455265: Current learning rate: 7e-05
2025-12-09 18:22:05.840092: train_loss 0.6484
2025-12-09 18:22:05.859694: val_loss 0.8126
2025-12-09 18:22:05.869167: val classification accuracy 0.4896
2025-12-09 18:22:05.872075: val auc 0.5176
2025-12-09 18:22:05.875433: Epoch time: 38.41 s
2025-12-09 18:22:06.587529: 
2025-12-09 18:22:06.599373: Epoch 99
2025-12-09 18:22:06.605751: Current learning rate: 7e-05
2025-12-09 18:22:44.843728: train_loss 0.6486
2025-12-09 18:22:44.848359: val_loss 0.7328
2025-12-09 18:22:44.850962: val classification accuracy 0.4896
2025-12-09 18:22:44.883997: val auc 0.5061
2025-12-09 18:22:44.887138: Epoch time: 38.26 s
2025-12-09 18:22:45.595913: 
2025-12-09 18:22:45.600698: Epoch 100
2025-12-09 18:22:45.603225: Current learning rate: 7e-05
2025-12-09 18:23:25.407794: train_loss 0.6591
2025-12-09 18:23:25.414736: val_loss 0.6986
2025-12-09 18:23:25.417929: val classification accuracy 0.5729
2025-12-09 18:23:25.420597: val auc 0.5677
2025-12-09 18:23:25.423306: Epoch time: 39.81 s
2025-12-09 18:23:26.123269: 
2025-12-09 18:23:26.126344: Epoch 101
2025-12-09 18:23:26.128485: Current learning rate: 7e-05
2025-12-09 18:24:06.199984: train_loss 0.6272
2025-12-09 18:24:06.204671: val_loss 0.7578
2025-12-09 18:24:06.207869: val classification accuracy 0.5729
2025-12-09 18:24:06.210659: val auc 0.6345
2025-12-09 18:24:06.213798: Epoch time: 40.08 s
2025-12-09 18:24:06.925207: 
2025-12-09 18:24:06.928248: Epoch 102
2025-12-09 18:24:06.930551: Current learning rate: 7e-05
2025-12-09 18:24:44.892639: train_loss 0.6765
2025-12-09 18:24:44.901566: val_loss 0.7335
2025-12-09 18:24:44.937011: val classification accuracy 0.5625
2025-12-09 18:24:44.939799: val auc 0.5165
2025-12-09 18:24:44.944364: Epoch time: 37.97 s
2025-12-09 18:24:45.630742: 
2025-12-09 18:24:45.634417: Epoch 103
2025-12-09 18:24:45.638470: Current learning rate: 7e-05
2025-12-09 18:25:26.084510: train_loss 0.6391
2025-12-09 18:25:26.115640: val_loss 0.6895
2025-12-09 18:25:26.145973: val classification accuracy 0.625
2025-12-09 18:25:26.149587: val auc 0.6172
2025-12-09 18:25:26.152790: Epoch time: 40.45 s
2025-12-09 18:25:26.875008: 
2025-12-09 18:25:26.878167: Epoch 104
2025-12-09 18:25:26.880893: Current learning rate: 7e-05
2025-12-09 18:26:04.326171: train_loss 0.6661
2025-12-09 18:26:04.331275: val_loss 0.7201
2025-12-09 18:26:04.334243: val classification accuracy 0.5312
2025-12-09 18:26:04.337286: val auc 0.5184
2025-12-09 18:26:04.340156: Epoch time: 37.45 s
2025-12-09 18:26:05.027866: 
2025-12-09 18:26:05.031390: Epoch 105
2025-12-09 18:26:05.035543: Current learning rate: 7e-05
2025-12-09 18:26:45.651954: train_loss 0.6613
2025-12-09 18:26:45.656347: val_loss 0.6617
2025-12-09 18:26:45.659265: val classification accuracy 0.5625
2025-12-09 18:26:45.662552: val auc 0.6185
2025-12-09 18:26:45.683093: Epoch time: 40.63 s
2025-12-09 18:26:46.889819: 
2025-12-09 18:26:46.896675: Epoch 106
2025-12-09 18:26:46.901175: Current learning rate: 7e-05
2025-12-09 18:27:25.209004: train_loss 0.6677
2025-12-09 18:27:25.213254: val_loss 0.705
2025-12-09 18:27:25.216395: val classification accuracy 0.5104
2025-12-09 18:27:25.227672: val auc 0.5388
2025-12-09 18:27:25.235703: Epoch time: 38.32 s
2025-12-09 18:27:25.939213: 
2025-12-09 18:27:25.942522: Epoch 107
2025-12-09 18:27:25.945024: Current learning rate: 7e-05
2025-12-09 18:28:06.016859: train_loss 0.6452
2025-12-09 18:28:06.021138: val_loss 0.7076
2025-12-09 18:28:06.023776: val classification accuracy 0.5417
2025-12-09 18:28:06.026380: val auc 0.5414
2025-12-09 18:28:06.028755: Epoch time: 40.08 s
2025-12-09 18:28:06.723823: 
2025-12-09 18:28:06.726748: Epoch 108
2025-12-09 18:28:06.729308: Current learning rate: 7e-05
2025-12-09 18:28:46.696660: train_loss 0.6491
2025-12-09 18:28:46.705332: val_loss 0.6791
2025-12-09 18:28:46.707860: val classification accuracy 0.5208
2025-12-09 18:28:46.710406: val auc 0.5779
2025-12-09 18:28:46.713025: Epoch time: 39.97 s
2025-12-09 18:28:47.397416: 
2025-12-09 18:28:47.400755: Epoch 109
2025-12-09 18:28:47.403120: Current learning rate: 7e-05
2025-12-09 18:29:26.305511: train_loss 0.6324
2025-12-09 18:29:26.321418: val_loss 0.7281
2025-12-09 18:29:26.335920: val classification accuracy 0.5208
2025-12-09 18:29:26.338456: val auc 0.551
2025-12-09 18:29:26.340914: Epoch time: 38.91 s
2025-12-09 18:29:27.054986: 
2025-12-09 18:29:27.058166: Epoch 110
2025-12-09 18:29:27.060445: Current learning rate: 7e-05
2025-12-09 18:30:07.995085: train_loss 0.6549
2025-12-09 18:30:08.005718: val_loss 0.6757
2025-12-09 18:30:08.019795: val classification accuracy 0.5625
2025-12-09 18:30:08.023229: val auc 0.6137
2025-12-09 18:30:08.027559: Epoch time: 40.94 s
2025-12-09 18:30:08.713511: 
2025-12-09 18:30:08.716666: Epoch 111
2025-12-09 18:30:08.719347: Current learning rate: 7e-05
2025-12-09 18:30:45.095771: train_loss 0.651
2025-12-09 18:30:45.117824: val_loss 0.6443
2025-12-09 18:30:45.121862: val classification accuracy 0.6042
2025-12-09 18:30:45.124792: val auc 0.6966
2025-12-09 18:30:45.128218: Epoch time: 36.38 s
2025-12-09 18:30:45.839013: 
2025-12-09 18:30:45.842171: Epoch 112
2025-12-09 18:30:45.844456: Current learning rate: 7e-05
2025-12-09 18:31:25.922889: train_loss 0.6735
2025-12-09 18:31:25.936543: val_loss 0.7125
2025-12-09 18:31:25.939623: val classification accuracy 0.5
2025-12-09 18:31:25.942494: val auc 0.5208
2025-12-09 18:31:25.962829: Epoch time: 40.08 s
2025-12-09 18:31:26.640626: 
2025-12-09 18:31:26.647814: Epoch 113
2025-12-09 18:31:26.652346: Current learning rate: 7e-05
2025-12-09 18:32:05.209965: train_loss 0.6661
2025-12-09 18:32:05.232434: val_loss 0.6757
2025-12-09 18:32:05.235323: val classification accuracy 0.5833
2025-12-09 18:32:05.238220: val auc 0.5911
2025-12-09 18:32:05.241356: Epoch time: 38.57 s
2025-12-09 18:32:05.914088: 
2025-12-09 18:32:05.917088: Epoch 114
2025-12-09 18:32:05.919475: Current learning rate: 7e-05
2025-12-09 18:32:44.752905: train_loss 0.6486
2025-12-09 18:32:44.756740: val_loss 0.7272
2025-12-09 18:32:44.759218: val classification accuracy 0.5208
2025-12-09 18:32:44.761849: val auc 0.5293
2025-12-09 18:32:44.764430: Epoch time: 38.84 s
2025-12-09 18:32:45.461872: 
2025-12-09 18:32:45.465117: Epoch 115
2025-12-09 18:32:45.467644: Current learning rate: 6e-05
2025-12-09 18:33:26.099396: train_loss 0.6621
2025-12-09 18:33:26.125442: val_loss 0.6785
2025-12-09 18:33:26.129735: val classification accuracy 0.5521
2025-12-09 18:33:26.133038: val auc 0.5495
2025-12-09 18:33:26.136045: Epoch time: 40.64 s
2025-12-09 18:33:26.831392: 
2025-12-09 18:33:26.834502: Epoch 116
2025-12-09 18:33:26.837105: Current learning rate: 6e-05
2025-12-09 18:34:02.892533: train_loss 0.6621
2025-12-09 18:34:02.897434: val_loss 0.7022
2025-12-09 18:34:02.900042: val classification accuracy 0.5521
2025-12-09 18:34:02.904074: val auc 0.5434
2025-12-09 18:34:02.906886: Epoch time: 36.06 s
2025-12-09 18:34:03.608864: 
2025-12-09 18:34:03.612061: Epoch 117
2025-12-09 18:34:03.614610: Current learning rate: 6e-05
2025-12-09 18:34:43.568872: train_loss 0.6637
2025-12-09 18:34:43.573644: val_loss 0.6719
2025-12-09 18:34:43.576202: val classification accuracy 0.5729
2025-12-09 18:34:43.578704: val auc 0.5994
2025-12-09 18:34:43.581429: Epoch time: 39.96 s
2025-12-09 18:34:44.310915: 
2025-12-09 18:34:44.314431: Epoch 118
2025-12-09 18:34:44.316761: Current learning rate: 6e-05
2025-12-09 18:35:20.813399: train_loss 0.6564
2025-12-09 18:35:20.823530: val_loss 0.7103
2025-12-09 18:35:20.827650: val classification accuracy 0.5729
2025-12-09 18:35:20.830809: val auc 0.5634
2025-12-09 18:35:20.833757: Epoch time: 36.5 s
2025-12-09 18:35:21.981772: 
2025-12-09 18:35:21.985704: Epoch 119
2025-12-09 18:35:21.988530: Current learning rate: 6e-05
2025-12-09 18:36:01.818196: train_loss 0.6453
2025-12-09 18:36:01.822618: val_loss 0.6942
2025-12-09 18:36:01.825279: val classification accuracy 0.6042
2025-12-09 18:36:01.828057: val auc 0.5914
2025-12-09 18:36:01.830980: Epoch time: 39.84 s
2025-12-09 18:36:02.558010: 
2025-12-09 18:36:02.562083: Epoch 120
2025-12-09 18:36:02.564653: Current learning rate: 6e-05
2025-12-09 18:36:41.078653: train_loss 0.6481
2025-12-09 18:36:41.083151: val_loss 0.7391
2025-12-09 18:36:41.086184: val classification accuracy 0.5312
2025-12-09 18:36:41.089064: val auc 0.5447
2025-12-09 18:36:41.092434: Epoch time: 38.52 s
2025-12-09 18:36:41.772082: 
2025-12-09 18:36:41.775167: Epoch 121
2025-12-09 18:36:41.777678: Current learning rate: 6e-05
2025-12-09 18:37:20.527493: train_loss 0.6663
2025-12-09 18:37:20.533586: val_loss 0.7001
2025-12-09 18:37:20.536585: val classification accuracy 0.5729
2025-12-09 18:37:20.539236: val auc 0.5393
2025-12-09 18:37:20.542144: Epoch time: 38.76 s
2025-12-09 18:37:21.260076: 
2025-12-09 18:37:21.264541: Epoch 122
2025-12-09 18:37:21.267590: Current learning rate: 6e-05
2025-12-09 18:37:59.803480: train_loss 0.6421
2025-12-09 18:37:59.807601: val_loss 0.7321
2025-12-09 18:37:59.816778: val classification accuracy 0.5208
2025-12-09 18:37:59.820215: val auc 0.5085
2025-12-09 18:37:59.823545: Epoch time: 38.54 s
2025-12-09 18:38:00.546321: 
2025-12-09 18:38:00.549402: Epoch 123
2025-12-09 18:38:00.551953: Current learning rate: 6e-05
2025-12-09 18:38:39.282013: train_loss 0.6621
2025-12-09 18:38:39.287432: val_loss 0.7151
2025-12-09 18:38:39.291296: val classification accuracy 0.5521
2025-12-09 18:38:39.310943: val auc 0.4967
2025-12-09 18:38:39.325148: Epoch time: 38.74 s
2025-12-09 18:38:40.030951: 
2025-12-09 18:38:40.034568: Epoch 124
2025-12-09 18:38:40.038275: Current learning rate: 6e-05
2025-12-09 18:39:18.432272: train_loss 0.6676
2025-12-09 18:39:18.439362: val_loss 0.6966
2025-12-09 18:39:18.443530: val classification accuracy 0.5417
2025-12-09 18:39:18.446405: val auc 0.5401
2025-12-09 18:39:18.449809: Epoch time: 38.4 s
2025-12-09 18:39:19.146223: 
2025-12-09 18:39:19.149561: Epoch 125
2025-12-09 18:39:19.151849: Current learning rate: 6e-05
2025-12-09 18:39:57.934537: train_loss 0.654
2025-12-09 18:39:57.941994: val_loss 0.653
2025-12-09 18:39:57.946218: val classification accuracy 0.5833
2025-12-09 18:39:57.948639: val auc 0.6404
2025-12-09 18:39:57.951628: Epoch time: 38.79 s
2025-12-09 18:39:58.655589: 
2025-12-09 18:39:58.658750: Epoch 126
2025-12-09 18:39:58.661120: Current learning rate: 6e-05
2025-12-09 18:40:37.865906: train_loss 0.6636
2025-12-09 18:40:37.871459: val_loss 0.695
2025-12-09 18:40:37.875314: val classification accuracy 0.4896
2025-12-09 18:40:37.886993: val auc 0.559
2025-12-09 18:40:37.918685: Epoch time: 39.21 s
2025-12-09 18:40:38.630618: 
2025-12-09 18:40:38.633932: Epoch 127
2025-12-09 18:40:38.636361: Current learning rate: 6e-05
2025-12-09 18:41:19.294393: train_loss 0.663
2025-12-09 18:41:19.304605: val_loss 0.7023
2025-12-09 18:41:19.308460: val classification accuracy 0.5312
2025-12-09 18:41:19.311518: val auc 0.5777
2025-12-09 18:41:19.314465: Epoch time: 40.66 s
2025-12-09 18:41:20.029384: 
2025-12-09 18:41:20.032668: Epoch 128
2025-12-09 18:41:20.035045: Current learning rate: 6e-05
2025-12-09 18:41:58.894402: train_loss 0.6642
2025-12-09 18:41:58.898336: val_loss 0.6983
2025-12-09 18:41:58.915063: val classification accuracy 0.5312
2025-12-09 18:41:58.917908: val auc 0.5575
2025-12-09 18:41:58.920640: Epoch time: 38.87 s
2025-12-09 18:41:59.622915: 
2025-12-09 18:41:59.626950: Epoch 129
2025-12-09 18:41:59.629565: Current learning rate: 6e-05
2025-12-09 18:42:39.396097: train_loss 0.651
2025-12-09 18:42:39.400891: val_loss 0.6697
2025-12-09 18:42:39.404221: val classification accuracy 0.5938
2025-12-09 18:42:39.407658: val auc 0.6122
2025-12-09 18:42:39.411195: Epoch time: 39.77 s
2025-12-09 18:42:40.114978: 
2025-12-09 18:42:40.118379: Epoch 130
2025-12-09 18:42:40.121682: Current learning rate: 6e-05
2025-12-09 18:43:20.224753: train_loss 0.6392
2025-12-09 18:43:20.228515: val_loss 0.6446
2025-12-09 18:43:20.239321: val classification accuracy 0.6667
2025-12-09 18:43:20.242368: val auc 0.6838
2025-12-09 18:43:20.245170: Epoch time: 40.11 s
2025-12-09 18:43:20.935782: 
2025-12-09 18:43:20.939245: Epoch 131
2025-12-09 18:43:20.941769: Current learning rate: 6e-05
2025-12-09 18:44:01.250502: train_loss 0.6497
2025-12-09 18:44:01.264296: val_loss 0.6622
2025-12-09 18:44:01.267366: val classification accuracy 0.5729
2025-12-09 18:44:01.284694: val auc 0.6515
2025-12-09 18:44:01.294667: Epoch time: 40.32 s
2025-12-09 18:44:02.041702: 
2025-12-09 18:44:02.045471: Epoch 132
2025-12-09 18:44:02.049278: Current learning rate: 6e-05
2025-12-09 18:44:39.855462: train_loss 0.6458
2025-12-09 18:44:39.858757: val_loss 0.7358
2025-12-09 18:44:39.861565: val classification accuracy 0.5
2025-12-09 18:44:39.864708: val auc 0.4549
2025-12-09 18:44:39.867179: Epoch time: 37.81 s
2025-12-09 18:44:40.992318: 
2025-12-09 18:44:40.995530: Epoch 133
2025-12-09 18:44:40.998102: Current learning rate: 6e-05
2025-12-09 18:45:17.731084: train_loss 0.6434
2025-12-09 18:45:17.742617: val_loss 0.7056
2025-12-09 18:45:17.745914: val classification accuracy 0.5208
2025-12-09 18:45:17.749015: val auc 0.5766
2025-12-09 18:45:17.751679: Epoch time: 36.74 s
2025-12-09 18:45:18.474714: 
2025-12-09 18:45:18.478275: Epoch 134
2025-12-09 18:45:18.480890: Current learning rate: 6e-05
2025-12-09 18:45:57.064461: train_loss 0.6578
2025-12-09 18:45:57.071197: val_loss 0.7333
2025-12-09 18:45:57.097438: val classification accuracy 0.4583
2025-12-09 18:45:57.102640: val auc 0.4785
2025-12-09 18:45:57.106662: Epoch time: 38.59 s
2025-12-09 18:45:57.844850: 
2025-12-09 18:45:57.848262: Epoch 135
2025-12-09 18:45:57.851828: Current learning rate: 6e-05
2025-12-09 18:46:34.839678: train_loss 0.6255
2025-12-09 18:46:34.845304: val_loss 0.7
2025-12-09 18:46:34.848008: val classification accuracy 0.5833
2025-12-09 18:46:34.850621: val auc 0.6089
2025-12-09 18:46:34.853168: Epoch time: 37.0 s
2025-12-09 18:46:35.545790: 
2025-12-09 18:46:35.549084: Epoch 136
2025-12-09 18:46:35.551551: Current learning rate: 6e-05
2025-12-09 18:47:15.588977: train_loss 0.6669
2025-12-09 18:47:15.603019: val_loss 0.7208
2025-12-09 18:47:15.605698: val classification accuracy 0.5417
2025-12-09 18:47:15.608178: val auc 0.554
2025-12-09 18:47:15.610792: Epoch time: 40.04 s
2025-12-09 18:47:16.338951: 
2025-12-09 18:47:16.342215: Epoch 137
2025-12-09 18:47:16.344484: Current learning rate: 6e-05
2025-12-09 18:47:54.615350: train_loss 0.6563
2025-12-09 18:47:54.619697: val_loss 0.686
2025-12-09 18:47:54.622716: val classification accuracy 0.5729
2025-12-09 18:47:54.625305: val auc 0.5766
2025-12-09 18:47:54.627800: Epoch time: 38.28 s
2025-12-09 18:47:55.409197: 
2025-12-09 18:47:55.412364: Epoch 138
2025-12-09 18:47:55.414767: Current learning rate: 6e-05
2025-12-09 18:48:35.402637: train_loss 0.6688
2025-12-09 18:48:35.406501: val_loss 0.6849
2025-12-09 18:48:35.409122: val classification accuracy 0.5521
2025-12-09 18:48:35.411528: val auc 0.5803
2025-12-09 18:48:35.414817: Epoch time: 39.99 s
2025-12-09 18:48:36.105826: 
2025-12-09 18:48:36.108913: Epoch 139
2025-12-09 18:48:36.111305: Current learning rate: 6e-05
2025-12-09 18:49:13.341331: train_loss 0.6434
2025-12-09 18:49:13.345913: val_loss 0.7236
2025-12-09 18:49:13.348328: val classification accuracy 0.5625
2025-12-09 18:49:13.350690: val auc 0.5868
2025-12-09 18:49:13.353453: Epoch time: 37.24 s
2025-12-09 18:49:14.032110: 
2025-12-09 18:49:14.035473: Epoch 140
2025-12-09 18:49:14.037870: Current learning rate: 6e-05
2025-12-09 18:49:49.838630: train_loss 0.6613
2025-12-09 18:49:49.843169: val_loss 0.7671
2025-12-09 18:49:49.857567: val classification accuracy 0.4896
2025-12-09 18:49:49.870260: val auc 0.5028
2025-12-09 18:49:49.873727: Epoch time: 35.81 s
2025-12-09 18:49:50.560431: 
2025-12-09 18:49:50.563816: Epoch 141
2025-12-09 18:49:50.566456: Current learning rate: 6e-05
2025-12-09 18:50:28.709196: train_loss 0.6449
2025-12-09 18:50:28.737614: val_loss 0.7834
2025-12-09 18:50:28.740702: val classification accuracy 0.4896
2025-12-09 18:50:28.747285: val auc 0.4781
2025-12-09 18:50:28.750059: Epoch time: 38.15 s
2025-12-09 18:50:29.449327: 
2025-12-09 18:50:29.452554: Epoch 142
2025-12-09 18:50:29.455066: Current learning rate: 6e-05
2025-12-09 18:51:07.815103: train_loss 0.6609
2025-12-09 18:51:07.819013: val_loss 0.7673
2025-12-09 18:51:07.823032: val classification accuracy 0.4896
2025-12-09 18:51:07.825976: val auc 0.4855
2025-12-09 18:51:07.835994: Epoch time: 38.37 s
2025-12-09 18:51:08.524433: 
2025-12-09 18:51:08.527658: Epoch 143
2025-12-09 18:51:08.530125: Current learning rate: 6e-05
2025-12-09 18:51:46.173047: train_loss 0.6484
2025-12-09 18:51:46.177619: val_loss 0.69
2025-12-09 18:51:46.180144: val classification accuracy 0.5208
2025-12-09 18:51:46.183317: val auc 0.5467
2025-12-09 18:51:46.186282: Epoch time: 37.65 s
2025-12-09 18:51:46.884243: 
2025-12-09 18:51:46.887364: Epoch 144
2025-12-09 18:51:46.889607: Current learning rate: 6e-05
2025-12-09 18:52:25.215952: train_loss 0.6404
2025-12-09 18:52:25.222431: val_loss 0.6971
2025-12-09 18:52:25.229706: val classification accuracy 0.5729
2025-12-09 18:52:25.232560: val auc 0.6165
2025-12-09 18:52:25.235355: Epoch time: 38.33 s
2025-12-09 18:52:25.955357: 
2025-12-09 18:52:25.958563: Epoch 145
2025-12-09 18:52:25.961146: Current learning rate: 6e-05
2025-12-09 18:52:59.805956: train_loss 0.6634
2025-12-09 18:52:59.810696: val_loss 0.6384
2025-12-09 18:52:59.813238: val classification accuracy 0.6146
2025-12-09 18:52:59.815800: val auc 0.656
2025-12-09 18:52:59.848285: Epoch time: 33.85 s
2025-12-09 18:53:01.044614: 
2025-12-09 18:53:01.047848: Epoch 146
2025-12-09 18:53:01.050259: Current learning rate: 5e-05
2025-12-09 18:53:38.292793: train_loss 0.6453
2025-12-09 18:53:38.298784: val_loss 0.7364
2025-12-09 18:53:38.303700: val classification accuracy 0.5312
2025-12-09 18:53:38.306653: val auc 0.5642
2025-12-09 18:53:38.309413: Epoch time: 37.25 s
2025-12-09 18:53:39.034587: 
2025-12-09 18:53:39.038594: Epoch 147
2025-12-09 18:53:39.041190: Current learning rate: 5e-05
2025-12-09 18:54:17.489221: train_loss 0.6458
2025-12-09 18:54:17.518237: val_loss 0.6842
2025-12-09 18:54:17.525082: val classification accuracy 0.5417
2025-12-09 18:54:17.528051: val auc 0.6434
2025-12-09 18:54:17.530919: Epoch time: 38.46 s
2025-12-09 18:54:18.260348: 
2025-12-09 18:54:18.263604: Epoch 148
2025-12-09 18:54:18.266070: Current learning rate: 5e-05
2025-12-09 18:54:56.859797: train_loss 0.6514
2025-12-09 18:54:56.863328: val_loss 0.717
2025-12-09 18:54:56.866292: val classification accuracy 0.5104
2025-12-09 18:54:56.869393: val auc 0.5464
2025-12-09 18:54:56.875101: Epoch time: 38.6 s
2025-12-09 18:54:57.601490: 
2025-12-09 18:54:57.604839: Epoch 149
2025-12-09 18:54:57.607385: Current learning rate: 5e-05
2025-12-09 18:55:35.794129: train_loss 0.6378
2025-12-09 18:55:35.799195: val_loss 0.7642
2025-12-09 18:55:35.828587: val classification accuracy 0.5521
2025-12-09 18:55:35.831678: val auc 0.5232
2025-12-09 18:55:35.834779: Epoch time: 38.19 s
2025-12-09 18:55:36.530466: 
2025-12-09 18:55:36.533809: Epoch 150
2025-12-09 18:55:36.536350: Current learning rate: 5e-05
2025-12-09 18:56:15.158567: train_loss 0.64
2025-12-09 18:56:15.162695: val_loss 0.7003
2025-12-09 18:56:15.165508: val classification accuracy 0.5729
2025-12-09 18:56:15.168548: val auc 0.5751
2025-12-09 18:56:15.171634: Epoch time: 38.63 s
2025-12-09 18:56:15.865272: 
2025-12-09 18:56:15.868739: Epoch 151
2025-12-09 18:56:15.871190: Current learning rate: 5e-05
2025-12-09 18:56:56.624823: train_loss 0.6552
2025-12-09 18:56:56.633158: val_loss 0.7137
2025-12-09 18:56:56.636052: val classification accuracy 0.5833
2025-12-09 18:56:56.638999: val auc 0.5538
2025-12-09 18:56:56.642044: Epoch time: 40.76 s
2025-12-09 18:56:57.329024: 
2025-12-09 18:56:57.332399: Epoch 152
2025-12-09 18:56:57.335337: Current learning rate: 5e-05
2025-12-09 18:57:39.102424: train_loss 0.6385
2025-12-09 18:57:39.105889: val_loss 0.739
2025-12-09 18:57:39.108596: val classification accuracy 0.5208
2025-12-09 18:57:39.111179: val auc 0.5148
2025-12-09 18:57:39.114599: Epoch time: 41.77 s
2025-12-09 18:57:39.837266: 
2025-12-09 18:57:39.840559: Epoch 153
2025-12-09 18:57:39.843206: Current learning rate: 5e-05
2025-12-09 18:58:17.776679: train_loss 0.6369
2025-12-09 18:58:17.781191: val_loss 0.6765
2025-12-09 18:58:17.784083: val classification accuracy 0.5938
2025-12-09 18:58:17.787046: val auc 0.6276
2025-12-09 18:58:17.790095: Epoch time: 37.94 s
2025-12-09 18:58:18.508311: 
2025-12-09 18:58:18.511980: Epoch 154
2025-12-09 18:58:18.514508: Current learning rate: 5e-05
2025-12-09 18:58:59.314366: train_loss 0.6524
2025-12-09 18:58:59.318373: val_loss 0.7436
2025-12-09 18:58:59.321432: val classification accuracy 0.5
2025-12-09 18:58:59.327384: val auc 0.5046
2025-12-09 18:58:59.330189: Epoch time: 40.81 s
2025-12-09 18:59:00.024598: 
2025-12-09 18:59:00.027986: Epoch 155
2025-12-09 18:59:00.030634: Current learning rate: 5e-05
2025-12-09 18:59:39.805165: train_loss 0.6427
2025-12-09 18:59:39.809974: val_loss 0.7175
2025-12-09 18:59:39.812804: val classification accuracy 0.5938
2025-12-09 18:59:39.815446: val auc 0.6159
2025-12-09 18:59:39.830116: Epoch time: 39.78 s
2025-12-09 18:59:40.543381: 
2025-12-09 18:59:40.546928: Epoch 156
2025-12-09 18:59:40.549536: Current learning rate: 5e-05
2025-12-09 19:00:21.491983: train_loss 0.6506
2025-12-09 19:00:21.498520: val_loss 0.7283
2025-12-09 19:00:21.501600: val classification accuracy 0.5104
2025-12-09 19:00:21.504304: val auc 0.5046
2025-12-09 19:00:21.506800: Epoch time: 40.95 s
2025-12-09 19:00:22.204396: 
2025-12-09 19:00:22.207646: Epoch 157
2025-12-09 19:00:22.210118: Current learning rate: 5e-05
2025-12-09 19:01:01.033993: train_loss 0.6566
2025-12-09 19:01:01.053342: val_loss 0.6527
2025-12-09 19:01:01.056561: val classification accuracy 0.6146
2025-12-09 19:01:01.059562: val auc 0.6385
2025-12-09 19:01:01.062527: Epoch time: 38.83 s
2025-12-09 19:01:01.746211: 
2025-12-09 19:01:01.750101: Epoch 158
2025-12-09 19:01:01.752797: Current learning rate: 5e-05
2025-12-09 19:01:41.054955: train_loss 0.6514
2025-12-09 19:01:41.059239: val_loss 0.7046
2025-12-09 19:01:41.063777: val classification accuracy 0.5417
2025-12-09 19:01:41.066624: val auc 0.5625
2025-12-09 19:01:41.069888: Epoch time: 39.31 s
2025-12-09 19:01:42.258457: 
2025-12-09 19:01:42.261733: Epoch 159
2025-12-09 19:01:42.264461: Current learning rate: 5e-05
2025-12-09 19:02:19.519233: train_loss 0.6547
2025-12-09 19:02:19.525500: val_loss 0.7039
2025-12-09 19:02:19.528441: val classification accuracy 0.4792
2025-12-09 19:02:19.531397: val auc 0.5471
2025-12-09 19:02:19.534278: Epoch time: 37.26 s
2025-12-09 19:02:20.238284: 
2025-12-09 19:02:20.241705: Epoch 160
2025-12-09 19:02:20.244342: Current learning rate: 5e-05
2025-12-09 19:02:56.931304: train_loss 0.6599
2025-12-09 19:02:56.936425: val_loss 0.7445
2025-12-09 19:02:56.940299: val classification accuracy 0.5417
2025-12-09 19:02:56.943119: val auc 0.4887
2025-12-09 19:02:56.945720: Epoch time: 36.69 s
2025-12-09 19:02:57.635612: 
2025-12-09 19:02:57.638976: Epoch 161
2025-12-09 19:02:57.641324: Current learning rate: 5e-05
2025-12-09 19:03:37.061292: train_loss 0.6593
2025-12-09 19:03:37.066003: val_loss 0.7127
2025-12-09 19:03:37.090320: val classification accuracy 0.5625
2025-12-09 19:03:37.093414: val auc 0.5736
2025-12-09 19:03:37.099366: Epoch time: 39.43 s
2025-12-09 19:03:37.799976: 
2025-12-09 19:03:37.803295: Epoch 162
2025-12-09 19:03:37.805772: Current learning rate: 5e-05
2025-12-09 19:04:17.710112: train_loss 0.6357
2025-12-09 19:04:17.716545: val_loss 0.7565
2025-12-09 19:04:17.740482: val classification accuracy 0.5208
2025-12-09 19:04:17.752712: val auc 0.5401
2025-12-09 19:04:17.756189: Epoch time: 39.91 s
2025-12-09 19:04:18.460524: 
2025-12-09 19:04:18.463857: Epoch 163
2025-12-09 19:04:18.466367: Current learning rate: 5e-05
2025-12-09 19:04:56.566311: train_loss 0.6413
2025-12-09 19:04:56.570612: val_loss 0.7451
2025-12-09 19:04:56.573466: val classification accuracy 0.4792
2025-12-09 19:04:56.576266: val auc 0.4774
2025-12-09 19:04:56.578996: Epoch time: 38.11 s
2025-12-09 19:04:57.263755: 
2025-12-09 19:04:57.266885: Epoch 164
2025-12-09 19:04:57.269487: Current learning rate: 5e-05
2025-12-09 19:05:35.995154: train_loss 0.6603
2025-12-09 19:05:36.030431: val_loss 0.7176
2025-12-09 19:05:36.033479: val classification accuracy 0.5729
2025-12-09 19:05:36.036571: val auc 0.5668
2025-12-09 19:05:36.039567: Epoch time: 38.73 s
2025-12-09 19:05:36.755728: 
2025-12-09 19:05:36.759379: Epoch 165
2025-12-09 19:05:36.761959: Current learning rate: 5e-05
2025-12-09 19:06:16.357051: train_loss 0.6496
2025-12-09 19:06:16.370919: val_loss 0.7262
2025-12-09 19:06:16.373655: val classification accuracy 0.5729
2025-12-09 19:06:16.376174: val auc 0.4952
2025-12-09 19:06:16.378676: Epoch time: 39.6 s
2025-12-09 19:06:17.104535: 
2025-12-09 19:06:17.109083: Epoch 166
2025-12-09 19:06:17.111712: Current learning rate: 5e-05
2025-12-09 19:06:57.422692: train_loss 0.6095
2025-12-09 19:06:57.435647: val_loss 0.7461
2025-12-09 19:06:57.439494: val classification accuracy 0.5625
2025-12-09 19:06:57.457623: val auc 0.5512
2025-12-09 19:06:57.460793: Epoch time: 40.32 s
2025-12-09 19:06:58.141966: 
2025-12-09 19:06:58.145251: Epoch 167
2025-12-09 19:06:58.147713: Current learning rate: 5e-05
2025-12-09 19:07:35.275689: train_loss 0.6192
2025-12-09 19:07:35.280327: val_loss 0.7757
2025-12-09 19:07:35.283261: val classification accuracy 0.5833
2025-12-09 19:07:35.286095: val auc 0.5308
2025-12-09 19:07:35.289029: Epoch time: 37.13 s
2025-12-09 19:07:35.979331: 
2025-12-09 19:07:35.982656: Epoch 168
2025-12-09 19:07:35.985222: Current learning rate: 5e-05
2025-12-09 19:08:17.120724: train_loss 0.6441
2025-12-09 19:08:17.124569: val_loss 0.6531
2025-12-09 19:08:17.127477: val classification accuracy 0.5729
2025-12-09 19:08:17.130487: val auc 0.6382
2025-12-09 19:08:17.133283: Epoch time: 41.14 s
2025-12-09 19:08:17.840738: 
2025-12-09 19:08:17.843858: Epoch 169
2025-12-09 19:08:17.846307: Current learning rate: 5e-05
2025-12-09 19:08:57.710949: train_loss 0.6342
2025-12-09 19:08:57.727939: val_loss 0.653
2025-12-09 19:08:57.731051: val classification accuracy 0.6146
2025-12-09 19:08:57.734164: val auc 0.6619
2025-12-09 19:08:57.738237: Epoch time: 39.87 s
2025-12-09 19:08:58.448025: 
2025-12-09 19:08:58.451483: Epoch 170
2025-12-09 19:08:58.453963: Current learning rate: 5e-05
2025-12-09 19:09:34.348277: train_loss 0.6529
2025-12-09 19:09:34.364481: val_loss 0.7236
2025-12-09 19:09:34.367564: val classification accuracy 0.4896
2025-12-09 19:09:34.370661: val auc 0.5197
2025-12-09 19:09:34.374104: Epoch time: 35.9 s
2025-12-09 19:09:35.107167: 
2025-12-09 19:09:35.132514: Epoch 171
2025-12-09 19:09:35.136820: Current learning rate: 5e-05
2025-12-09 19:10:17.912281: train_loss 0.6262
2025-12-09 19:10:17.918070: val_loss 0.7678
2025-12-09 19:10:17.923654: val classification accuracy 0.5
2025-12-09 19:10:17.927144: val auc 0.505
2025-12-09 19:10:17.930621: Epoch time: 42.81 s
2025-12-09 19:10:18.646263: 
2025-12-09 19:10:18.650243: Epoch 172
2025-12-09 19:10:18.652913: Current learning rate: 5e-05
2025-12-09 19:10:57.280707: train_loss 0.6396
2025-12-09 19:10:57.318703: val_loss 0.7347
2025-12-09 19:10:57.322063: val classification accuracy 0.5625
2025-12-09 19:10:57.325264: val auc 0.5608
2025-12-09 19:10:57.327954: Epoch time: 38.64 s
2025-12-09 19:10:58.595286: 
2025-12-09 19:10:58.598358: Epoch 173
2025-12-09 19:10:58.600781: Current learning rate: 5e-05
2025-12-09 19:11:36.963007: train_loss 0.6562
2025-12-09 19:11:36.968740: val_loss 0.718
2025-12-09 19:11:36.971577: val classification accuracy 0.5417
2025-12-09 19:11:36.974128: val auc 0.5119
2025-12-09 19:11:36.976549: Epoch time: 38.37 s
2025-12-09 19:11:37.664718: 
2025-12-09 19:11:37.668182: Epoch 174
2025-12-09 19:11:37.671033: Current learning rate: 5e-05
2025-12-09 19:12:16.533698: train_loss 0.6713
2025-12-09 19:12:16.538991: val_loss 0.6552
2025-12-09 19:12:16.541946: val classification accuracy 0.5521
2025-12-09 19:12:16.544701: val auc 0.6428
2025-12-09 19:12:16.547447: Epoch time: 38.87 s
2025-12-09 19:12:17.269311: 
2025-12-09 19:12:17.272572: Epoch 175
2025-12-09 19:12:17.274963: Current learning rate: 5e-05
2025-12-09 19:12:56.787346: train_loss 0.6578
2025-12-09 19:12:56.812093: val_loss 0.7074
2025-12-09 19:12:56.814837: val classification accuracy 0.6042
2025-12-09 19:12:56.817614: val auc 0.5979
2025-12-09 19:12:56.820359: Epoch time: 39.52 s
2025-12-09 19:12:57.508856: 
2025-12-09 19:12:57.511907: Epoch 176
2025-12-09 19:12:57.514199: Current learning rate: 5e-05
2025-12-09 19:13:36.583920: train_loss 0.6427
2025-12-09 19:13:36.605626: val_loss 0.6892
2025-12-09 19:13:36.609045: val classification accuracy 0.6042
2025-12-09 19:13:36.612157: val auc 0.6265
2025-12-09 19:13:36.615061: Epoch time: 39.08 s
2025-12-09 19:13:37.324894: 
2025-12-09 19:13:37.328697: Epoch 177
2025-12-09 19:13:37.331332: Current learning rate: 4e-05
2025-12-09 19:14:16.229232: train_loss 0.6303
2025-12-09 19:14:16.235601: val_loss 0.744
2025-12-09 19:14:16.238359: val classification accuracy 0.5104
2025-12-09 19:14:16.241128: val auc 0.5243
2025-12-09 19:14:16.243997: Epoch time: 38.91 s
2025-12-09 19:14:16.926430: 
2025-12-09 19:14:16.929888: Epoch 178
2025-12-09 19:14:16.932427: Current learning rate: 4e-05
2025-12-09 19:14:56.694399: train_loss 0.6348
2025-12-09 19:14:56.698633: val_loss 0.7003
2025-12-09 19:14:56.701736: val classification accuracy 0.5312
2025-12-09 19:14:56.704591: val auc 0.5334
2025-12-09 19:14:56.707809: Epoch time: 39.77 s
2025-12-09 19:14:57.434186: 
2025-12-09 19:14:57.437429: Epoch 179
2025-12-09 19:14:57.440045: Current learning rate: 4e-05
2025-12-09 19:15:34.266831: train_loss 0.6584
2025-12-09 19:15:34.278555: val_loss 0.628
2025-12-09 19:15:34.281417: val classification accuracy 0.6458
2025-12-09 19:15:34.284194: val auc 0.702
2025-12-09 19:15:34.286785: Epoch time: 36.83 s
2025-12-09 19:15:34.988773: 
2025-12-09 19:15:34.991961: Epoch 180
2025-12-09 19:15:34.994263: Current learning rate: 4e-05
2025-12-09 19:16:11.249561: train_loss 0.6413
2025-12-09 19:16:11.253656: val_loss 0.6956
2025-12-09 19:16:11.265811: val classification accuracy 0.5938
2025-12-09 19:16:11.269686: val auc 0.6675
2025-12-09 19:16:11.273243: Epoch time: 36.26 s
2025-12-09 19:16:11.985594: 
2025-12-09 19:16:11.989340: Epoch 181
2025-12-09 19:16:11.991810: Current learning rate: 4e-05
2025-12-09 19:16:50.847014: train_loss 0.6535
2025-12-09 19:16:50.853261: val_loss 0.6435
2025-12-09 19:16:50.856137: val classification accuracy 0.5833
2025-12-09 19:16:50.859725: val auc 0.6291
2025-12-09 19:16:50.862592: Epoch time: 38.86 s
2025-12-09 19:16:51.586772: 
2025-12-09 19:16:51.589964: Epoch 182
2025-12-09 19:16:51.592422: Current learning rate: 4e-05
2025-12-09 19:17:30.498925: train_loss 0.6288
2025-12-09 19:17:30.523262: val_loss 0.7522
2025-12-09 19:17:30.569568: val classification accuracy 0.5729
2025-12-09 19:17:30.586794: val auc 0.6172
2025-12-09 19:17:30.589981: Epoch time: 38.91 s
2025-12-09 19:17:31.301129: 
2025-12-09 19:17:31.304900: Epoch 183
2025-12-09 19:17:31.307603: Current learning rate: 4e-05
2025-12-09 19:18:12.343737: train_loss 0.6371
2025-12-09 19:18:12.354231: val_loss 0.6896
2025-12-09 19:18:12.357125: val classification accuracy 0.5625
2025-12-09 19:18:12.359988: val auc 0.5679
2025-12-09 19:18:12.362819: Epoch time: 41.04 s
2025-12-09 19:18:13.047327: 
2025-12-09 19:18:13.050833: Epoch 184
2025-12-09 19:18:13.053309: Current learning rate: 4e-05
2025-12-09 19:18:54.408732: train_loss 0.6428
2025-12-09 19:18:54.412863: val_loss 0.734
2025-12-09 19:18:54.420068: val classification accuracy 0.5104
2025-12-09 19:18:54.423192: val auc 0.6048
2025-12-09 19:18:54.426321: Epoch time: 41.36 s
2025-12-09 19:18:55.131095: 
2025-12-09 19:18:55.134709: Epoch 185
2025-12-09 19:18:55.137359: Current learning rate: 4e-05
2025-12-09 19:19:31.705599: train_loss 0.6257
2025-12-09 19:19:31.710063: val_loss 0.799
2025-12-09 19:19:31.730850: val classification accuracy 0.4896
2025-12-09 19:19:31.734076: val auc 0.4366
2025-12-09 19:19:31.737226: Epoch time: 36.58 s
2025-12-09 19:19:32.941704: 
2025-12-09 19:19:32.945283: Epoch 186
2025-12-09 19:19:32.947857: Current learning rate: 4e-05
2025-12-09 19:20:11.273997: train_loss 0.631
2025-12-09 19:20:11.277900: val_loss 0.6986
2025-12-09 19:20:11.281056: val classification accuracy 0.5729
2025-12-09 19:20:11.284038: val auc 0.5608
2025-12-09 19:20:11.287651: Epoch time: 38.33 s
2025-12-09 19:20:11.976183: 
2025-12-09 19:20:11.979852: Epoch 187
2025-12-09 19:20:11.982572: Current learning rate: 4e-05
2025-12-09 19:20:52.369870: train_loss 0.6716
2025-12-09 19:20:52.382585: val_loss 0.6704
2025-12-09 19:20:52.385501: val classification accuracy 0.5417
2025-12-09 19:20:52.388064: val auc 0.6066
2025-12-09 19:20:52.390645: Epoch time: 40.39 s
2025-12-09 19:20:53.087285: 
2025-12-09 19:20:53.090545: Epoch 188
2025-12-09 19:20:53.092986: Current learning rate: 4e-05
2025-12-09 19:21:34.741581: train_loss 0.6368
2025-12-09 19:21:34.745829: val_loss 0.7064
2025-12-09 19:21:34.748609: val classification accuracy 0.5208
2025-12-09 19:21:34.751477: val auc 0.5271
2025-12-09 19:21:34.754530: Epoch time: 41.66 s
2025-12-09 19:21:35.464904: 
2025-12-09 19:21:35.468165: Epoch 189
2025-12-09 19:21:35.470621: Current learning rate: 4e-05
2025-12-09 19:22:11.974524: train_loss 0.6202
2025-12-09 19:22:11.993546: val_loss 0.7093
2025-12-09 19:22:11.996888: val classification accuracy 0.5208
2025-12-09 19:22:11.999928: val auc 0.582
2025-12-09 19:22:12.004590: Epoch time: 36.51 s
2025-12-09 19:22:12.708992: 
2025-12-09 19:22:12.712230: Epoch 190
2025-12-09 19:22:12.714744: Current learning rate: 4e-05
2025-12-09 19:22:52.938828: train_loss 0.6062
2025-12-09 19:22:52.943079: val_loss 0.7359
2025-12-09 19:22:52.946577: val classification accuracy 0.5521
2025-12-09 19:22:52.949783: val auc 0.5217
2025-12-09 19:22:52.952754: Epoch time: 40.23 s
2025-12-09 19:22:53.654841: 
2025-12-09 19:22:53.658047: Epoch 191
2025-12-09 19:22:53.660510: Current learning rate: 4e-05
2025-12-09 19:23:34.468553: train_loss 0.6464
2025-12-09 19:23:34.474187: val_loss 0.719
2025-12-09 19:23:34.490147: val classification accuracy 0.5833
2025-12-09 19:23:34.503911: val auc 0.5751
2025-12-09 19:23:34.507126: Epoch time: 40.81 s
2025-12-09 19:23:35.224511: 
2025-12-09 19:23:35.228054: Epoch 192
2025-12-09 19:23:35.230770: Current learning rate: 4e-05
2025-12-09 19:24:14.205492: train_loss 0.63
2025-12-09 19:24:14.210948: val_loss 0.6779
2025-12-09 19:24:14.213898: val classification accuracy 0.6042
2025-12-09 19:24:14.216879: val auc 0.6165
2025-12-09 19:24:14.219746: Epoch time: 38.98 s
2025-12-09 19:24:14.908778: 
2025-12-09 19:24:14.912281: Epoch 193
2025-12-09 19:24:14.914762: Current learning rate: 4e-05
2025-12-09 19:24:50.716826: train_loss 0.6215
2025-12-09 19:24:50.721437: val_loss 0.665
2025-12-09 19:24:50.724191: val classification accuracy 0.5833
2025-12-09 19:24:50.727012: val auc 0.63
2025-12-09 19:24:50.729948: Epoch time: 35.81 s
2025-12-09 19:24:51.438414: 
2025-12-09 19:24:51.441833: Epoch 194
2025-12-09 19:24:51.444373: Current learning rate: 4e-05
2025-12-09 19:25:29.974579: train_loss 0.6267
2025-12-09 19:25:29.979111: val_loss 0.7626
2025-12-09 19:25:29.981803: val classification accuracy 0.5625
2025-12-09 19:25:29.984302: val auc 0.582
2025-12-09 19:25:29.986937: Epoch time: 38.54 s
2025-12-09 19:25:30.729016: 
2025-12-09 19:25:30.732228: Epoch 195
2025-12-09 19:25:30.734701: Current learning rate: 4e-05
2025-12-09 19:26:08.076745: train_loss 0.6505
2025-12-09 19:26:08.081631: val_loss 0.7258
2025-12-09 19:26:08.084740: val classification accuracy 0.5312
2025-12-09 19:26:08.089015: val auc 0.5197
2025-12-09 19:26:08.092189: Epoch time: 37.35 s
2025-12-09 19:26:08.094789: Early stopping triggered at epoch 195. Best val_losses=0.6199
2025-12-09 19:26:08.794538: Stopping training early due to early stopping criterion.
2025-12-09 19:26:13.700321: Training done.
2025-12-09 19:26:13.705573: Skipping perform_actual_validation for classification trainer (segmentation-style sliding window is not applicable).
[1;34mwandb[0m: 
[1;34mwandb[0m:  View run [33mViTTrainer_ep300_NoMirroring_fold4[0m at: [34m[0m
[1;34mwandb[0m: Find logs at: [1;35m../../tmp/wandb/wandb/run-20251209_170948-nc46ffd4/logs[0m
