Using device: cuda:0

#######################################################################
Please cite the following paper when using nnU-Net:
Isensee, F., Jaeger, P. F., Kohl, S. A., Petersen, J., & Maier-Hein, K. H. (2021). nnU-Net: a self-configuring method for deep learning-based biomedical image segmentation. Nature methods, 18(2), 203-211.
#######################################################################

2025-12-09 14:52:16.529973: Using torch.compile...
2025-12-09 14:52:24.369118: do_dummy_2d_data_aug: False
2025-12-09 14:52:24.373514: Using splits from existing split file: /hpf/projects/jquon/sumin/nnUNet_data/nnUNet_preprocessed/Dataset003_AVM_T1+C/splits_final.json
2025-12-09 14:52:24.376872: The split file contains 5 splits.
2025-12-09 14:52:24.378690: Desired fold for training: 2
2025-12-09 14:52:24.380331: This split has 392 training and 120 validation cases.
using pin_memory on device 0
using pin_memory on device 0

This is the configuration used by this training:
Configuration name: 3d_fullres
 {'data_identifier': 'nnUNetPlans_3d_fullres', 'preprocessor_name': 'DefaultPreprocessor', 'batch_size': 2, 'patch_size': [160, 224, 192], 'median_image_size_in_voxels': [344.0, 448.0, 429.0], 'spacing': [0.500000923871994, 0.4910714328289032, 0.4910714328289032], 'normalization_schemes': ['ZScoreNormalization'], 'use_mask_for_norm': [False], 'resampling_fn_data': 'resample_data_or_seg_to_shape', 'resampling_fn_seg': 'resample_data_or_seg_to_shape', 'resampling_fn_data_kwargs': {'is_seg': False, 'order': 3, 'order_z': 0, 'force_separate_z': None}, 'resampling_fn_seg_kwargs': {'is_seg': True, 'order': 1, 'order_z': 0, 'force_separate_z': None}, 'resampling_fn_probabilities': 'resample_data_or_seg_to_shape', 'resampling_fn_probabilities_kwargs': {'is_seg': False, 'order': 1, 'order_z': 0, 'force_separate_z': None}, 'architecture': {'network_class_name': 'dynamic_network_architectures.architectures.unet.ResidualEncoderUNet', 'arch_kwargs': {'n_stages': 6, 'features_per_stage': [32, 64, 128, 256, 320, 320], 'conv_op': 'torch.nn.modules.conv.Conv3d', 'kernel_sizes': [[3, 3, 3], [3, 3, 3], [3, 3, 3], [3, 3, 3], [3, 3, 3], [3, 3, 3]], 'strides': [[1, 1, 1], [2, 2, 2], [2, 2, 2], [2, 2, 2], [2, 2, 2], [2, 2, 2]], 'n_blocks_per_stage': [1, 3, 4, 6, 6, 6], 'n_conv_per_stage_decoder': [1, 1, 1, 1, 1], 'conv_bias': True, 'norm_op': 'torch.nn.modules.instancenorm.InstanceNorm3d', 'norm_op_kwargs': {'eps': 1e-05, 'affine': True}, 'dropout_op': None, 'dropout_op_kwargs': None, 'nonlin': 'torch.nn.LeakyReLU', 'nonlin_kwargs': {'inplace': True}}, '_kw_requires_import': ['conv_op', 'norm_op', 'dropout_op', 'nonlin']}, 'batch_dice': True} 

These are the global plan.json settings:
 {'dataset_name': 'Dataset003_AVM_T1+C', 'plans_name': 'nnUNetResEncUNetLPlans', 'original_median_spacing_after_transp': [0.500000923871994, 0.4910714328289032, 0.4910714328289032], 'original_median_shape_after_transp': [330, 448, 424], 'image_reader_writer': 'SimpleITKIO', 'transpose_forward': [0, 1, 2], 'transpose_backward': [0, 1, 2], 'experiment_planner_used': 'nnUNetPlannerResEncL', 'label_manager': 'LabelManager', 'foreground_intensity_properties_per_channel': {'0': {'max': 12113.0, 'mean': 449.843505859375, 'median': 311.0, 'min': 0.0, 'percentile_00_5': 34.0, 'percentile_99_5': 3202.0, 'std': 471.56329345703125}}} 

2025-12-09 14:52:38.578465: Unable to plot network architecture: nnUNet_compile is enabled!
2025-12-09 14:52:38.616798: 
2025-12-09 14:52:38.645777: Epoch 0
2025-12-09 14:52:38.652596: Current learning rate: 0.0001
2025-12-09 14:53:46.643402: train_loss 0.7714
2025-12-09 14:53:46.650884: val_loss 0.6702
2025-12-09 14:53:46.661752: val classification accuracy 0.6
2025-12-09 14:53:46.665505: val auc 0.6375
2025-12-09 14:53:46.673237: Epoch time: 68.03 s
2025-12-09 14:53:46.682804: Yayy! New best EMA pseudo Dice: 0.6375
2025-12-09 14:53:52.102271: Yayy! New best classification accuracy: 0.6
2025-12-09 14:53:56.702484: 
2025-12-09 14:53:56.714524: Epoch 1
2025-12-09 14:53:56.716504: Current learning rate: 0.0001
2025-12-09 14:54:53.694793: train_loss 0.6985
2025-12-09 14:54:53.701277: val_loss 0.6565
2025-12-09 14:54:53.706254: val classification accuracy 0.6833
2025-12-09 14:54:53.709496: val auc 0.7608
2025-12-09 14:54:53.712212: Epoch time: 56.99 s
2025-12-09 14:54:53.716135: Yayy! New best EMA pseudo Dice: 0.7608
2025-12-09 14:54:59.235136: Yayy! New best classification accuracy: 0.6833
2025-12-09 14:55:03.712834: 
2025-12-09 14:55:03.719593: Epoch 2
2025-12-09 14:55:03.721324: Current learning rate: 0.0001
2025-12-09 14:55:53.864574: train_loss 0.6939
2025-12-09 14:55:53.869098: val_loss 0.6844
2025-12-09 14:55:53.871520: val classification accuracy 0.55
2025-12-09 14:55:53.873637: val auc 0.5815
2025-12-09 14:55:53.876285: Epoch time: 50.15 s
2025-12-09 14:55:54.741174: 
2025-12-09 14:55:54.744244: Epoch 3
2025-12-09 14:55:54.746195: Current learning rate: 0.0001
2025-12-09 14:56:45.348145: train_loss 0.7078
2025-12-09 14:56:45.352227: val_loss 0.7408
2025-12-09 14:56:45.354815: val classification accuracy 0.4583
2025-12-09 14:56:45.357827: val auc 0.4507
2025-12-09 14:56:45.365143: Epoch time: 50.61 s
2025-12-09 14:56:46.148241: 
2025-12-09 14:56:46.152736: Epoch 4
2025-12-09 14:56:46.155655: Current learning rate: 0.0001
2025-12-09 14:57:35.419618: train_loss 0.6834
2025-12-09 14:57:35.424345: val_loss 0.6909
2025-12-09 14:57:35.428894: val classification accuracy 0.5417
2025-12-09 14:57:35.431832: val auc 0.5619
2025-12-09 14:57:35.436174: Epoch time: 49.27 s
2025-12-09 14:57:36.269550: 
2025-12-09 14:57:36.275723: Epoch 5
2025-12-09 14:57:36.279007: Current learning rate: 0.0001
2025-12-09 14:58:28.743629: train_loss 0.6934
2025-12-09 14:58:28.772737: val_loss 0.6892
2025-12-09 14:58:28.794510: val classification accuracy 0.5667
2025-12-09 14:58:28.808500: val auc 0.5935
2025-12-09 14:58:28.810614: Epoch time: 52.48 s
2025-12-09 14:58:29.606259: 
2025-12-09 14:58:29.609019: Epoch 6
2025-12-09 14:58:29.610907: Current learning rate: 0.0001
2025-12-09 14:59:19.943885: train_loss 0.6865
2025-12-09 14:59:19.974559: val_loss 0.7033
2025-12-09 14:59:19.978972: val classification accuracy 0.5167
2025-12-09 14:59:19.983059: val auc 0.5069
2025-12-09 14:59:19.986206: Epoch time: 50.34 s
2025-12-09 14:59:20.864349: 
2025-12-09 14:59:20.871449: Epoch 7
2025-12-09 14:59:20.876258: Current learning rate: 0.0001
2025-12-09 15:00:13.366859: train_loss 0.6965
2025-12-09 15:00:13.370764: val_loss 0.675
2025-12-09 15:00:13.373002: val classification accuracy 0.5583
2025-12-09 15:00:13.375318: val auc 0.6804
2025-12-09 15:00:13.377953: Epoch time: 52.5 s
2025-12-09 15:00:14.272431: 
2025-12-09 15:00:14.275060: Epoch 8
2025-12-09 15:00:14.277783: Current learning rate: 0.0001
2025-12-09 15:01:04.505363: train_loss 0.6832
2025-12-09 15:01:04.509435: val_loss 0.6848
2025-12-09 15:01:04.512046: val classification accuracy 0.5667
2025-12-09 15:01:04.514824: val auc 0.5779
2025-12-09 15:01:04.517188: Epoch time: 50.23 s
2025-12-09 15:01:05.316139: 
2025-12-09 15:01:05.319818: Epoch 9
2025-12-09 15:01:05.322293: Current learning rate: 0.0001
2025-12-09 15:01:57.559741: train_loss 0.6943
2025-12-09 15:01:57.576450: val_loss 0.6725
2025-12-09 15:01:57.578685: val classification accuracy 0.6
2025-12-09 15:01:57.580673: val auc 0.6449
2025-12-09 15:01:57.582577: Epoch time: 52.24 s
2025-12-09 15:01:58.427444: 
2025-12-09 15:01:58.430183: Epoch 10
2025-12-09 15:01:58.432078: Current learning rate: 0.0001
2025-12-09 15:02:46.669966: train_loss 0.6941
2025-12-09 15:02:46.674551: val_loss 0.678
2025-12-09 15:02:46.677220: val classification accuracy 0.55
2025-12-09 15:02:46.679968: val auc 0.6381
2025-12-09 15:02:46.683042: Epoch time: 48.24 s
2025-12-09 15:02:47.539560: 
2025-12-09 15:02:47.542936: Epoch 11
2025-12-09 15:02:47.545364: Current learning rate: 0.0001
2025-12-09 15:03:37.659439: train_loss 0.6839
2025-12-09 15:03:37.664416: val_loss 0.6834
2025-12-09 15:03:37.667074: val classification accuracy 0.575
2025-12-09 15:03:37.669937: val auc 0.571
2025-12-09 15:03:37.672915: Epoch time: 50.12 s
2025-12-09 15:03:38.434952: 
2025-12-09 15:03:38.438837: Epoch 12
2025-12-09 15:03:38.441356: Current learning rate: 0.0001
2025-12-09 15:04:29.797274: train_loss 0.6723
2025-12-09 15:04:29.823300: val_loss 0.6534
2025-12-09 15:04:29.826855: val classification accuracy 0.6333
2025-12-09 15:04:29.830023: val auc 0.6833
2025-12-09 15:04:29.833169: Epoch time: 51.36 s
2025-12-09 15:04:30.588587: 
2025-12-09 15:04:30.592423: Epoch 13
2025-12-09 15:04:30.594987: Current learning rate: 0.0001
2025-12-09 15:05:22.561931: train_loss 0.699
2025-12-09 15:05:22.566494: val_loss 0.6974
2025-12-09 15:05:22.569500: val classification accuracy 0.475
2025-12-09 15:05:22.572713: val auc 0.5171
2025-12-09 15:05:22.575499: Epoch time: 51.97 s
2025-12-09 15:05:23.941870: 
2025-12-09 15:05:23.945622: Epoch 14
2025-12-09 15:05:23.948538: Current learning rate: 0.0001
2025-12-09 15:06:14.238168: train_loss 0.6847
2025-12-09 15:06:14.246009: val_loss 0.6596
2025-12-09 15:06:14.248683: val classification accuracy 0.5417
2025-12-09 15:06:14.251508: val auc 0.7144
2025-12-09 15:06:14.254415: Epoch time: 50.3 s
2025-12-09 15:06:15.138711: 
2025-12-09 15:06:15.142860: Epoch 15
2025-12-09 15:06:15.145946: Current learning rate: 0.0001
2025-12-09 15:07:07.345192: train_loss 0.683
2025-12-09 15:07:07.350110: val_loss 0.6293
2025-12-09 15:07:07.353382: val classification accuracy 0.65
2025-12-09 15:07:07.356368: val auc 0.7417
2025-12-09 15:07:07.359358: Epoch time: 52.21 s
2025-12-09 15:07:08.105314: 
2025-12-09 15:07:08.111404: Epoch 16
2025-12-09 15:07:08.116388: Current learning rate: 0.0001
2025-12-09 15:07:59.714344: train_loss 0.6879
2025-12-09 15:07:59.771816: val_loss 0.6956
2025-12-09 15:07:59.793551: val classification accuracy 0.475
2025-12-09 15:07:59.801561: val auc 0.5339
2025-12-09 15:07:59.812493: Epoch time: 51.61 s
2025-12-09 15:08:00.632588: 
2025-12-09 15:08:00.637898: Epoch 17
2025-12-09 15:08:00.641364: Current learning rate: 9e-05
2025-12-09 15:08:49.556533: train_loss 0.6804
2025-12-09 15:08:49.574401: val_loss 0.6872
2025-12-09 15:08:49.586199: val classification accuracy 0.575
2025-12-09 15:08:49.589332: val auc 0.5546
2025-12-09 15:08:49.593586: Epoch time: 48.92 s
2025-12-09 15:08:50.383785: 
2025-12-09 15:08:50.387009: Epoch 18
2025-12-09 15:08:50.390226: Current learning rate: 9e-05
2025-12-09 15:09:39.859234: train_loss 0.6864
2025-12-09 15:09:39.869096: val_loss 0.6795
2025-12-09 15:09:39.903031: val classification accuracy 0.5833
2025-12-09 15:09:39.928976: val auc 0.5878
2025-12-09 15:09:39.934255: Epoch time: 49.48 s
2025-12-09 15:09:40.737867: 
2025-12-09 15:09:40.741417: Epoch 19
2025-12-09 15:09:40.744130: Current learning rate: 9e-05
2025-12-09 15:10:34.625157: train_loss 0.6596
2025-12-09 15:10:34.632449: val_loss 0.6925
2025-12-09 15:10:34.643248: val classification accuracy 0.5583
2025-12-09 15:10:34.648221: val auc 0.5793
2025-12-09 15:10:34.653516: Epoch time: 53.89 s
2025-12-09 15:10:39.851382: Saved periodic checkpoint /hpf/projects/jquon/sumin/nnUNet_data/nnUNet_results/Dataset003_AVM_T1+C/ViTTrainer_ep300_NoMirroring__nnUNetResEncUNetLPlans__3d_fullres/fold_2/checkpoint_every20_best_balacc.pth at epoch 19 with val_balanced_accuracy=0.5583
2025-12-09 15:10:40.620662: 
2025-12-09 15:10:40.624181: Epoch 20
2025-12-09 15:10:40.626748: Current learning rate: 9e-05
2025-12-09 15:11:32.023149: train_loss 0.6945
2025-12-09 15:11:32.029362: val_loss 0.6674
2025-12-09 15:11:32.032857: val classification accuracy 0.6
2025-12-09 15:11:32.036061: val auc 0.6286
2025-12-09 15:11:32.039410: Epoch time: 51.4 s
2025-12-09 15:11:32.855848: 
2025-12-09 15:11:32.866159: Epoch 21
2025-12-09 15:11:32.878411: Current learning rate: 9e-05
2025-12-09 15:12:25.870241: train_loss 0.6841
2025-12-09 15:12:25.882821: val_loss 0.6521
2025-12-09 15:12:25.890966: val classification accuracy 0.6
2025-12-09 15:12:25.896409: val auc 0.7038
2025-12-09 15:12:25.900760: Epoch time: 53.02 s
2025-12-09 15:12:26.752537: 
2025-12-09 15:12:26.756018: Epoch 22
2025-12-09 15:12:26.760367: Current learning rate: 9e-05
2025-12-09 15:13:16.973199: train_loss 0.6953
2025-12-09 15:13:16.976889: val_loss 0.6871
2025-12-09 15:13:16.979496: val classification accuracy 0.6083
2025-12-09 15:13:16.982248: val auc 0.5657
2025-12-09 15:13:16.985127: Epoch time: 50.22 s
2025-12-09 15:13:17.693365: 
2025-12-09 15:13:17.697066: Epoch 23
2025-12-09 15:13:17.699617: Current learning rate: 9e-05
2025-12-09 15:14:06.625239: train_loss 0.6912
2025-12-09 15:14:06.629768: val_loss 0.6838
2025-12-09 15:14:06.632680: val classification accuracy 0.5583
2025-12-09 15:14:06.638126: val auc 0.5858
2025-12-09 15:14:06.643226: Epoch time: 48.93 s
2025-12-09 15:14:07.411921: 
2025-12-09 15:14:07.415364: Epoch 24
2025-12-09 15:14:07.417956: Current learning rate: 9e-05
2025-12-09 15:14:53.541309: train_loss 0.6789
2025-12-09 15:14:53.545925: val_loss 0.6554
2025-12-09 15:14:53.549309: val classification accuracy 0.7
2025-12-09 15:14:53.552465: val auc 0.7288
2025-12-09 15:14:53.555834: Epoch time: 46.13 s
2025-12-09 15:14:53.559104: Yayy! New best classification accuracy: 0.7
2025-12-09 15:14:58.973004: 
2025-12-09 15:14:58.976414: Epoch 25
2025-12-09 15:14:58.978819: Current learning rate: 9e-05
2025-12-09 15:15:49.422409: train_loss 0.6638
2025-12-09 15:15:49.440202: val_loss 0.6415
2025-12-09 15:15:49.443976: val classification accuracy 0.7083
2025-12-09 15:15:49.447543: val auc 0.7081
2025-12-09 15:15:49.450839: Epoch time: 50.45 s
2025-12-09 15:15:49.454009: Yayy! New best classification accuracy: 0.7083
2025-12-09 15:15:54.489019: 
2025-12-09 15:15:54.492159: Epoch 26
2025-12-09 15:15:54.494466: Current learning rate: 9e-05
2025-12-09 15:16:41.371917: train_loss 0.685
2025-12-09 15:16:41.375851: val_loss 0.6832
2025-12-09 15:16:41.380258: val classification accuracy 0.575
2025-12-09 15:16:41.382807: val auc 0.5843
2025-12-09 15:16:41.385380: Epoch time: 46.88 s
2025-12-09 15:16:42.769424: 
2025-12-09 15:16:42.773219: Epoch 27
2025-12-09 15:16:42.775806: Current learning rate: 9e-05
2025-12-09 15:17:35.341327: train_loss 0.6722
2025-12-09 15:17:35.355072: val_loss 0.6528
2025-12-09 15:17:35.358923: val classification accuracy 0.6333
2025-12-09 15:17:35.364674: val auc 0.6796
2025-12-09 15:17:35.368676: Epoch time: 52.57 s
2025-12-09 15:17:36.176575: 
2025-12-09 15:17:36.182696: Epoch 28
2025-12-09 15:17:36.187938: Current learning rate: 9e-05
2025-12-09 15:18:27.533525: train_loss 0.6735
2025-12-09 15:18:27.537737: val_loss 0.6579
2025-12-09 15:18:27.540548: val classification accuracy 0.6167
2025-12-09 15:18:27.543339: val auc 0.6476
2025-12-09 15:18:27.546569: Epoch time: 51.36 s
2025-12-09 15:18:28.439448: 
2025-12-09 15:18:28.443495: Epoch 29
2025-12-09 15:18:28.446213: Current learning rate: 9e-05
2025-12-09 15:19:19.752724: train_loss 0.6889
2025-12-09 15:19:19.756666: val_loss 0.6659
2025-12-09 15:19:19.759383: val classification accuracy 0.5667
2025-12-09 15:19:19.772357: val auc 0.6461
2025-12-09 15:19:19.775147: Epoch time: 51.31 s
2025-12-09 15:19:20.542554: 
2025-12-09 15:19:20.545754: Epoch 30
2025-12-09 15:19:20.548111: Current learning rate: 9e-05
2025-12-09 15:20:11.150488: train_loss 0.6853
2025-12-09 15:20:11.155222: val_loss 0.6606
2025-12-09 15:20:11.158282: val classification accuracy 0.6
2025-12-09 15:20:11.161297: val auc 0.6582
2025-12-09 15:20:11.164522: Epoch time: 50.61 s
2025-12-09 15:20:12.018337: 
2025-12-09 15:20:12.021668: Epoch 31
2025-12-09 15:20:12.024509: Current learning rate: 9e-05
2025-12-09 15:21:01.116410: train_loss 0.6858
2025-12-09 15:21:01.123884: val_loss 0.6824
2025-12-09 15:21:01.126687: val classification accuracy 0.525
2025-12-09 15:21:01.129463: val auc 0.6699
2025-12-09 15:21:01.132655: Epoch time: 49.1 s
2025-12-09 15:21:02.025382: 
2025-12-09 15:21:02.029451: Epoch 32
2025-12-09 15:21:02.032708: Current learning rate: 9e-05
2025-12-09 15:21:54.110000: train_loss 0.6748
2025-12-09 15:21:54.114460: val_loss 0.673
2025-12-09 15:21:54.117018: val classification accuracy 0.5583
2025-12-09 15:21:54.119460: val auc 0.6004
2025-12-09 15:21:54.122768: Epoch time: 52.09 s
2025-12-09 15:21:55.024343: 
2025-12-09 15:21:55.031956: Epoch 33
2025-12-09 15:21:55.035988: Current learning rate: 9e-05
2025-12-09 15:22:45.893228: train_loss 0.6919
2025-12-09 15:22:45.897856: val_loss 0.6628
2025-12-09 15:22:45.900729: val classification accuracy 0.5833
2025-12-09 15:22:45.903904: val auc 0.6686
2025-12-09 15:22:45.906895: Epoch time: 50.87 s
2025-12-09 15:22:46.787988: 
2025-12-09 15:22:46.791560: Epoch 34
2025-12-09 15:22:46.794057: Current learning rate: 9e-05
2025-12-09 15:23:34.802757: train_loss 0.6931
2025-12-09 15:23:34.824619: val_loss 0.6686
2025-12-09 15:23:34.828427: val classification accuracy 0.5917
2025-12-09 15:23:34.831732: val auc 0.6838
2025-12-09 15:23:34.834871: Epoch time: 48.02 s
2025-12-09 15:23:35.723586: 
2025-12-09 15:23:35.727664: Epoch 35
2025-12-09 15:23:35.730329: Current learning rate: 9e-05
2025-12-09 15:24:27.837721: train_loss 0.6876
2025-12-09 15:24:27.849472: val_loss 0.6604
2025-12-09 15:24:27.852700: val classification accuracy 0.6583
2025-12-09 15:24:27.855469: val auc 0.7247
2025-12-09 15:24:27.858562: Epoch time: 52.12 s
2025-12-09 15:24:28.771177: 
2025-12-09 15:24:28.774433: Epoch 36
2025-12-09 15:24:28.776929: Current learning rate: 9e-05
2025-12-09 15:25:15.043777: train_loss 0.6773
2025-12-09 15:25:15.058587: val_loss 0.6819
2025-12-09 15:25:15.061545: val classification accuracy 0.575
2025-12-09 15:25:15.064262: val auc 0.5803
2025-12-09 15:25:15.067578: Epoch time: 46.27 s
2025-12-09 15:25:15.831340: 
2025-12-09 15:25:15.834631: Epoch 37
2025-12-09 15:25:15.837119: Current learning rate: 9e-05
2025-12-09 15:26:08.931705: train_loss 0.6829
2025-12-09 15:26:08.946326: val_loss 0.6601
2025-12-09 15:26:08.949531: val classification accuracy 0.6333
2025-12-09 15:26:08.952528: val auc 0.6671
2025-12-09 15:26:08.955310: Epoch time: 53.1 s
2025-12-09 15:26:09.788440: 
2025-12-09 15:26:09.793759: Epoch 38
2025-12-09 15:26:09.796422: Current learning rate: 9e-05
2025-12-09 15:26:57.550064: train_loss 0.6813
2025-12-09 15:26:57.585076: val_loss 0.6577
2025-12-09 15:26:57.589912: val classification accuracy 0.6083
2025-12-09 15:26:57.601132: val auc 0.6682
2025-12-09 15:26:57.604363: Epoch time: 47.76 s
2025-12-09 15:26:58.476667: 
2025-12-09 15:26:58.480488: Epoch 39
2025-12-09 15:26:58.483104: Current learning rate: 9e-05
2025-12-09 15:27:50.667846: train_loss 0.6849
2025-12-09 15:27:50.672673: val_loss 0.6664
2025-12-09 15:27:50.677493: val classification accuracy 0.6167
2025-12-09 15:27:50.691204: val auc 0.6472
2025-12-09 15:27:50.701020: Epoch time: 52.19 s
2025-12-09 15:27:56.038683: Saved periodic checkpoint /hpf/projects/jquon/sumin/nnUNet_data/nnUNet_results/Dataset003_AVM_T1+C/ViTTrainer_ep300_NoMirroring__nnUNetResEncUNetLPlans__3d_fullres/fold_2/checkpoint_every20_best_balacc.pth at epoch 39 with val_balanced_accuracy=0.6167
2025-12-09 15:27:57.405853: 
2025-12-09 15:27:57.409653: Epoch 40
2025-12-09 15:27:57.412173: Current learning rate: 9e-05
2025-12-09 15:28:47.569438: train_loss 0.6797
2025-12-09 15:28:47.573698: val_loss 0.6396
2025-12-09 15:28:47.577329: val classification accuracy 0.6833
2025-12-09 15:28:47.580566: val auc 0.7471
2025-12-09 15:28:47.583762: Epoch time: 50.16 s
2025-12-09 15:28:48.404005: 
2025-12-09 15:28:48.407675: Epoch 41
2025-12-09 15:28:48.410083: Current learning rate: 9e-05
2025-12-09 15:29:38.663234: train_loss 0.6647
2025-12-09 15:29:38.667070: val_loss 0.6551
2025-12-09 15:29:38.669530: val classification accuracy 0.5583
2025-12-09 15:29:38.672164: val auc 0.7496
2025-12-09 15:29:38.674855: Epoch time: 50.26 s
2025-12-09 15:29:39.449150: 
2025-12-09 15:29:39.453500: Epoch 42
2025-12-09 15:29:39.457106: Current learning rate: 9e-05
2025-12-09 15:30:32.225718: train_loss 0.6713
2025-12-09 15:30:32.229887: val_loss 0.6518
2025-12-09 15:30:32.232963: val classification accuracy 0.5667
2025-12-09 15:30:32.236026: val auc 0.7036
2025-12-09 15:30:32.238867: Epoch time: 52.78 s
2025-12-09 15:30:33.024399: 
2025-12-09 15:30:33.028196: Epoch 43
2025-12-09 15:30:33.030820: Current learning rate: 9e-05
2025-12-09 15:31:24.038367: train_loss 0.6656
2025-12-09 15:31:24.062462: val_loss 0.6798
2025-12-09 15:31:24.065742: val classification accuracy 0.6083
2025-12-09 15:31:24.069003: val auc 0.5993
2025-12-09 15:31:24.072209: Epoch time: 51.02 s
2025-12-09 15:31:24.952843: 
2025-12-09 15:31:24.956956: Epoch 44
2025-12-09 15:31:24.959832: Current learning rate: 9e-05
2025-12-09 15:32:16.018620: train_loss 0.6756
2025-12-09 15:32:16.036507: val_loss 0.6825
2025-12-09 15:32:16.045605: val classification accuracy 0.5417
2025-12-09 15:32:16.063310: val auc 0.6501
2025-12-09 15:32:16.068278: Epoch time: 51.07 s
2025-12-09 15:32:16.902059: 
2025-12-09 15:32:16.905545: Epoch 45
2025-12-09 15:32:16.907833: Current learning rate: 9e-05
2025-12-09 15:33:10.526255: train_loss 0.6727
2025-12-09 15:33:10.531941: val_loss 0.6773
2025-12-09 15:33:10.535289: val classification accuracy 0.6167
2025-12-09 15:33:10.547987: val auc 0.6165
2025-12-09 15:33:10.552077: Epoch time: 53.63 s
2025-12-09 15:33:11.375517: 
2025-12-09 15:33:11.379244: Epoch 46
2025-12-09 15:33:11.381979: Current learning rate: 9e-05
2025-12-09 15:34:01.576239: train_loss 0.6571
2025-12-09 15:34:01.581816: val_loss 0.6443
2025-12-09 15:34:01.584771: val classification accuracy 0.5833
2025-12-09 15:34:01.587817: val auc 0.6731
2025-12-09 15:34:01.591799: Epoch time: 50.2 s
2025-12-09 15:34:02.371991: 
2025-12-09 15:34:02.375772: Epoch 47
2025-12-09 15:34:02.378402: Current learning rate: 9e-05
2025-12-09 15:34:51.726497: train_loss 0.6958
2025-12-09 15:34:51.734191: val_loss 0.6973
2025-12-09 15:34:51.737767: val classification accuracy 0.5083
2025-12-09 15:34:51.741032: val auc 0.6101
2025-12-09 15:34:51.752111: Epoch time: 49.36 s
2025-12-09 15:34:52.529220: 
2025-12-09 15:34:52.532880: Epoch 48
2025-12-09 15:34:52.535449: Current learning rate: 9e-05
2025-12-09 15:35:43.396900: train_loss 0.6774
2025-12-09 15:35:43.422715: val_loss 0.6628
2025-12-09 15:35:43.425987: val classification accuracy 0.625
2025-12-09 15:35:43.429013: val auc 0.6554
2025-12-09 15:35:43.431922: Epoch time: 50.87 s
2025-12-09 15:35:44.176041: 
2025-12-09 15:35:44.179611: Epoch 49
2025-12-09 15:35:44.182232: Current learning rate: 9e-05
2025-12-09 15:36:31.535745: train_loss 0.6769
2025-12-09 15:36:31.541727: val_loss 0.6283
2025-12-09 15:36:31.544773: val classification accuracy 0.7167
2025-12-09 15:36:31.547740: val auc 0.7307
2025-12-09 15:36:31.550836: Epoch time: 47.36 s
2025-12-09 15:36:31.553510: Yayy! New best classification accuracy: 0.7167
2025-12-09 15:36:37.585393: 
2025-12-09 15:36:37.588882: Epoch 50
2025-12-09 15:36:37.591180: Current learning rate: 8e-05
2025-12-09 15:37:27.353387: train_loss 0.6595
2025-12-09 15:37:27.375520: val_loss 0.6323
2025-12-09 15:37:27.378020: val classification accuracy 0.6667
2025-12-09 15:37:27.380626: val auc 0.7346
2025-12-09 15:37:27.383059: Epoch time: 49.77 s
2025-12-09 15:37:28.169639: 
2025-12-09 15:37:28.172804: Epoch 51
2025-12-09 15:37:28.175404: Current learning rate: 8e-05
2025-12-09 15:38:19.744261: train_loss 0.6739
2025-12-09 15:38:19.751747: val_loss 0.6213
2025-12-09 15:38:19.754920: val classification accuracy 0.6917
2025-12-09 15:38:19.758282: val auc 0.7421
2025-12-09 15:38:19.761569: Epoch time: 51.58 s
2025-12-09 15:38:20.611414: 
2025-12-09 15:38:20.615080: Epoch 52
2025-12-09 15:38:20.617418: Current learning rate: 8e-05
2025-12-09 15:39:09.128251: train_loss 0.68
2025-12-09 15:39:09.133472: val_loss 0.6568
2025-12-09 15:39:09.136773: val classification accuracy 0.5667
2025-12-09 15:39:09.140679: val auc 0.6614
2025-12-09 15:39:09.144117: Epoch time: 48.52 s
2025-12-09 15:39:10.063706: 
2025-12-09 15:39:10.066931: Epoch 53
2025-12-09 15:39:10.069578: Current learning rate: 8e-05
2025-12-09 15:39:56.736954: train_loss 0.6746
2025-12-09 15:39:56.764027: val_loss 0.651
2025-12-09 15:39:56.767252: val classification accuracy 0.6417
2025-12-09 15:39:56.770157: val auc 0.6976
2025-12-09 15:39:56.772935: Epoch time: 46.67 s
2025-12-09 15:39:57.603406: 
2025-12-09 15:39:57.607190: Epoch 54
2025-12-09 15:39:57.610058: Current learning rate: 8e-05
2025-12-09 15:40:47.322267: train_loss 0.6668
2025-12-09 15:40:47.327408: val_loss 0.6396
2025-12-09 15:40:47.331145: val classification accuracy 0.6333
2025-12-09 15:40:47.333807: val auc 0.7036
2025-12-09 15:40:47.336869: Epoch time: 49.72 s
2025-12-09 15:40:48.168600: 
2025-12-09 15:40:48.172168: Epoch 55
2025-12-09 15:40:48.174734: Current learning rate: 8e-05
2025-12-09 15:41:39.625167: train_loss 0.6942
2025-12-09 15:41:39.634679: val_loss 0.6642
2025-12-09 15:41:39.638522: val classification accuracy 0.5833
2025-12-09 15:41:39.642110: val auc 0.6553
2025-12-09 15:41:39.645124: Epoch time: 51.46 s
2025-12-09 15:41:40.422105: 
2025-12-09 15:41:40.425566: Epoch 56
2025-12-09 15:41:40.428553: Current learning rate: 8e-05
2025-12-09 15:42:33.920604: train_loss 0.6721
2025-12-09 15:42:33.925537: val_loss 0.6699
2025-12-09 15:42:33.929083: val classification accuracy 0.5667
2025-12-09 15:42:33.932341: val auc 0.6072
2025-12-09 15:42:33.953232: Epoch time: 53.5 s
2025-12-09 15:42:34.737317: 
2025-12-09 15:42:34.740501: Epoch 57
2025-12-09 15:42:34.743072: Current learning rate: 8e-05
2025-12-09 15:43:24.012864: train_loss 0.6746
2025-12-09 15:43:24.017234: val_loss 0.6574
2025-12-09 15:43:24.020299: val classification accuracy 0.625
2025-12-09 15:43:24.023317: val auc 0.6636
2025-12-09 15:43:24.026287: Epoch time: 49.28 s
2025-12-09 15:43:24.891962: 
2025-12-09 15:43:24.895782: Epoch 58
2025-12-09 15:43:24.898491: Current learning rate: 8e-05
2025-12-09 15:44:12.662822: train_loss 0.6769
2025-12-09 15:44:12.667121: val_loss 0.6974
2025-12-09 15:44:12.669775: val classification accuracy 0.5083
2025-12-09 15:44:12.672382: val auc 0.6281
2025-12-09 15:44:12.675802: Epoch time: 47.77 s
2025-12-09 15:44:13.445441: 
2025-12-09 15:44:13.448921: Epoch 59
2025-12-09 15:44:13.451428: Current learning rate: 8e-05
2025-12-09 15:45:05.531080: train_loss 0.6831
2025-12-09 15:45:05.534755: val_loss 0.6846
2025-12-09 15:45:05.537195: val classification accuracy 0.5333
2025-12-09 15:45:05.540073: val auc 0.6008
2025-12-09 15:45:05.542859: Epoch time: 52.09 s
2025-12-09 15:45:06.317679: 
2025-12-09 15:45:06.320901: Epoch 60
2025-12-09 15:45:06.323279: Current learning rate: 8e-05
2025-12-09 15:45:58.075147: train_loss 0.6896
2025-12-09 15:45:58.079754: val_loss 0.6691
2025-12-09 15:45:58.082898: val classification accuracy 0.5833
2025-12-09 15:45:58.085922: val auc 0.6643
2025-12-09 15:45:58.089072: Epoch time: 51.76 s
2025-12-09 15:45:58.831797: 
2025-12-09 15:45:58.835365: Epoch 61
2025-12-09 15:45:58.837775: Current learning rate: 8e-05
2025-12-09 15:46:52.059909: train_loss 0.6659
2025-12-09 15:46:52.090464: val_loss 0.6596
2025-12-09 15:46:52.093520: val classification accuracy 0.5583
2025-12-09 15:46:52.096076: val auc 0.6454
2025-12-09 15:46:52.098627: Epoch time: 53.23 s
2025-12-09 15:46:52.894520: 
2025-12-09 15:46:52.898746: Epoch 62
2025-12-09 15:46:52.901721: Current learning rate: 8e-05
2025-12-09 15:47:43.720987: train_loss 0.6846
2025-12-09 15:47:43.726538: val_loss 0.656
2025-12-09 15:47:43.729626: val classification accuracy 0.6417
2025-12-09 15:47:43.732998: val auc 0.6582
2025-12-09 15:47:43.736012: Epoch time: 50.83 s
2025-12-09 15:47:44.497368: 
2025-12-09 15:47:44.501034: Epoch 63
2025-12-09 15:47:44.503554: Current learning rate: 8e-05
2025-12-09 15:48:34.696945: train_loss 0.6765
2025-12-09 15:48:34.726863: val_loss 0.6634
2025-12-09 15:48:34.734185: val classification accuracy 0.5833
2025-12-09 15:48:34.739968: val auc 0.6451
2025-12-09 15:48:34.745202: Epoch time: 50.2 s
2025-12-09 15:48:35.627415: 
2025-12-09 15:48:35.631114: Epoch 64
2025-12-09 15:48:35.634262: Current learning rate: 8e-05
2025-12-09 15:49:24.429442: train_loss 0.6862
2025-12-09 15:49:24.448385: val_loss 0.703
2025-12-09 15:49:24.454126: val classification accuracy 0.4667
2025-12-09 15:49:24.457438: val auc 0.4783
2025-12-09 15:49:24.460638: Epoch time: 48.8 s
2025-12-09 15:49:25.300222: 
2025-12-09 15:49:25.303689: Epoch 65
2025-12-09 15:49:25.306155: Current learning rate: 8e-05
2025-12-09 15:50:16.351739: train_loss 0.6781
2025-12-09 15:50:16.355692: val_loss 0.6619
2025-12-09 15:50:16.358711: val classification accuracy 0.6
2025-12-09 15:50:16.361574: val auc 0.6524
2025-12-09 15:50:16.364035: Epoch time: 51.05 s
2025-12-09 15:50:17.789290: 
2025-12-09 15:50:17.792464: Epoch 66
2025-12-09 15:50:17.794942: Current learning rate: 8e-05
2025-12-09 15:51:09.724425: train_loss 0.6622
2025-12-09 15:51:09.728452: val_loss 0.671
2025-12-09 15:51:09.731663: val classification accuracy 0.5583
2025-12-09 15:51:09.734672: val auc 0.6172
2025-12-09 15:51:09.737428: Epoch time: 51.94 s
2025-12-09 15:51:10.582651: 
2025-12-09 15:51:10.586139: Epoch 67
2025-12-09 15:51:10.588871: Current learning rate: 8e-05
2025-12-09 15:52:03.740580: train_loss 0.6821
2025-12-09 15:52:03.757904: val_loss 0.6808
2025-12-09 15:52:03.791685: val classification accuracy 0.525
2025-12-09 15:52:03.798506: val auc 0.6103
2025-12-09 15:52:03.802993: Epoch time: 53.16 s
2025-12-09 15:52:04.599384: 
2025-12-09 15:52:04.603247: Epoch 68
2025-12-09 15:52:04.607142: Current learning rate: 8e-05
2025-12-09 15:52:58.815037: train_loss 0.6953
2025-12-09 15:52:58.818895: val_loss 0.6682
2025-12-09 15:52:58.821277: val classification accuracy 0.6333
2025-12-09 15:52:58.823606: val auc 0.6571
2025-12-09 15:52:58.826099: Epoch time: 54.22 s
2025-12-09 15:52:59.630040: 
2025-12-09 15:52:59.633606: Epoch 69
2025-12-09 15:52:59.636103: Current learning rate: 8e-05
2025-12-09 15:53:51.282368: train_loss 0.6579
2025-12-09 15:53:51.288744: val_loss 0.6778
2025-12-09 15:53:51.292162: val classification accuracy 0.55
2025-12-09 15:53:51.295040: val auc 0.6492
2025-12-09 15:53:51.298016: Epoch time: 51.65 s
2025-12-09 15:53:52.083245: 
2025-12-09 15:53:52.086570: Epoch 70
2025-12-09 15:53:52.088906: Current learning rate: 8e-05
2025-12-09 15:54:43.927855: train_loss 0.6759
2025-12-09 15:54:43.938368: val_loss 0.6301
2025-12-09 15:54:43.942567: val classification accuracy 0.7083
2025-12-09 15:54:43.946279: val auc 0.7482
2025-12-09 15:54:43.951153: Epoch time: 51.85 s
2025-12-09 15:54:44.750719: 
2025-12-09 15:54:44.755127: Epoch 71
2025-12-09 15:54:44.757930: Current learning rate: 8e-05
2025-12-09 15:55:35.643969: train_loss 0.6673
2025-12-09 15:55:35.649149: val_loss 0.6554
2025-12-09 15:55:35.652205: val classification accuracy 0.6583
2025-12-09 15:55:35.655304: val auc 0.6862
2025-12-09 15:55:35.658226: Epoch time: 50.89 s
2025-12-09 15:55:36.487712: 
2025-12-09 15:55:36.491815: Epoch 72
2025-12-09 15:55:36.494999: Current learning rate: 8e-05
2025-12-09 15:56:27.009352: train_loss 0.6801
2025-12-09 15:56:27.014052: val_loss 0.7003
2025-12-09 15:56:27.017179: val classification accuracy 0.5083
2025-12-09 15:56:27.020080: val auc 0.5518
2025-12-09 15:56:27.023181: Epoch time: 50.52 s
2025-12-09 15:56:27.874511: 
2025-12-09 15:56:27.878244: Epoch 73
2025-12-09 15:56:27.880923: Current learning rate: 8e-05
2025-12-09 15:57:22.760087: train_loss 0.6686
2025-12-09 15:57:22.764377: val_loss 0.6425
2025-12-09 15:57:22.767660: val classification accuracy 0.625
2025-12-09 15:57:22.770799: val auc 0.6985
2025-12-09 15:57:22.773826: Epoch time: 54.89 s
2025-12-09 15:57:23.639342: 
2025-12-09 15:57:23.642656: Epoch 74
2025-12-09 15:57:23.645265: Current learning rate: 8e-05
2025-12-09 15:58:15.677433: train_loss 0.6576
2025-12-09 15:58:15.682000: val_loss 0.6739
2025-12-09 15:58:15.685775: val classification accuracy 0.625
2025-12-09 15:58:15.688707: val auc 0.5942
2025-12-09 15:58:15.691727: Epoch time: 52.04 s
2025-12-09 15:58:16.478946: 
2025-12-09 15:58:16.482140: Epoch 75
2025-12-09 15:58:16.484672: Current learning rate: 8e-05
2025-12-09 15:59:10.650950: train_loss 0.6752
2025-12-09 15:59:10.657663: val_loss 0.6526
2025-12-09 15:59:10.663246: val classification accuracy 0.65
2025-12-09 15:59:10.670316: val auc 0.6933
2025-12-09 15:59:10.675690: Epoch time: 54.17 s
2025-12-09 15:59:11.539399: 
2025-12-09 15:59:11.543487: Epoch 76
2025-12-09 15:59:11.546239: Current learning rate: 8e-05
2025-12-09 16:00:01.937327: train_loss 0.6686
2025-12-09 16:00:01.942114: val_loss 0.6719
2025-12-09 16:00:01.945178: val classification accuracy 0.5833
2025-12-09 16:00:01.966038: val auc 0.5938
2025-12-09 16:00:01.970742: Epoch time: 50.4 s
2025-12-09 16:00:02.683795: 
2025-12-09 16:00:02.687503: Epoch 77
2025-12-09 16:00:02.690111: Current learning rate: 8e-05
2025-12-09 16:00:58.323048: train_loss 0.6781
2025-12-09 16:00:58.328204: val_loss 0.6671
2025-12-09 16:00:58.331759: val classification accuracy 0.625
2025-12-09 16:00:58.335103: val auc 0.6536
2025-12-09 16:00:58.338599: Epoch time: 55.64 s
2025-12-09 16:00:59.188863: 
2025-12-09 16:00:59.192842: Epoch 78
2025-12-09 16:00:59.195689: Current learning rate: 8e-05
2025-12-09 16:01:51.840288: train_loss 0.6784
2025-12-09 16:01:51.847270: val_loss 0.649
2025-12-09 16:01:51.862070: val classification accuracy 0.5667
2025-12-09 16:01:51.876713: val auc 0.6738
2025-12-09 16:01:51.880474: Epoch time: 52.65 s
2025-12-09 16:01:52.808838: 
2025-12-09 16:01:52.812891: Epoch 79
2025-12-09 16:01:52.815489: Current learning rate: 8e-05
2025-12-09 16:02:42.432886: train_loss 0.6848
2025-12-09 16:02:42.440422: val_loss 0.68
2025-12-09 16:02:42.445732: val classification accuracy 0.5583
2025-12-09 16:02:42.449430: val auc 0.6369
2025-12-09 16:02:42.452780: Epoch time: 49.63 s
2025-12-09 16:02:43.296751: 
2025-12-09 16:02:43.300673: Epoch 80
2025-12-09 16:02:43.303416: Current learning rate: 8e-05
2025-12-09 16:03:32.934582: train_loss 0.6652
2025-12-09 16:03:32.939025: val_loss 0.629
2025-12-09 16:03:32.942726: val classification accuracy 0.6833
2025-12-09 16:03:32.945759: val auc 0.7268
2025-12-09 16:03:32.948593: Epoch time: 49.64 s
2025-12-09 16:03:33.744791: 
2025-12-09 16:03:33.747976: Epoch 81
2025-12-09 16:03:33.750588: Current learning rate: 8e-05
2025-12-09 16:04:26.697374: train_loss 0.6717
2025-12-09 16:04:26.701670: val_loss 0.657
2025-12-09 16:04:26.704818: val classification accuracy 0.5833
2025-12-09 16:04:26.708333: val auc 0.6883
2025-12-09 16:04:26.711463: Epoch time: 52.95 s
2025-12-09 16:04:27.554555: 
2025-12-09 16:04:27.558045: Epoch 82
2025-12-09 16:04:27.560704: Current learning rate: 8e-05
2025-12-09 16:05:18.727906: train_loss 0.6542
2025-12-09 16:05:18.733158: val_loss 0.6507
2025-12-09 16:05:18.736658: val classification accuracy 0.6417
2025-12-09 16:05:18.739686: val auc 0.7481
2025-12-09 16:05:18.743307: Epoch time: 51.17 s
2025-12-09 16:05:19.538459: 
2025-12-09 16:05:19.542269: Epoch 83
2025-12-09 16:05:19.544997: Current learning rate: 7e-05
2025-12-09 16:06:10.133269: train_loss 0.6761
2025-12-09 16:06:10.141027: val_loss 0.6778
2025-12-09 16:06:10.144870: val classification accuracy 0.5417
2025-12-09 16:06:10.148157: val auc 0.5649
2025-12-09 16:06:10.151546: Epoch time: 50.6 s
2025-12-09 16:06:10.976379: 
2025-12-09 16:06:10.982972: Epoch 84
2025-12-09 16:06:10.986180: Current learning rate: 7e-05
2025-12-09 16:07:02.952681: train_loss 0.6669
2025-12-09 16:07:02.957148: val_loss 0.6464
2025-12-09 16:07:02.960746: val classification accuracy 0.6583
2025-12-09 16:07:02.963858: val auc 0.6676
2025-12-09 16:07:02.967087: Epoch time: 51.98 s
2025-12-09 16:07:03.864288: 
2025-12-09 16:07:03.868105: Epoch 85
2025-12-09 16:07:03.870922: Current learning rate: 7e-05
2025-12-09 16:07:59.946390: train_loss 0.6767
2025-12-09 16:07:59.951128: val_loss 0.6787
2025-12-09 16:07:59.954908: val classification accuracy 0.5917
2025-12-09 16:07:59.958033: val auc 0.6069
2025-12-09 16:07:59.961131: Epoch time: 56.08 s
2025-12-09 16:08:00.806806: 
2025-12-09 16:08:00.809998: Epoch 86
2025-12-09 16:08:00.812590: Current learning rate: 7e-05
2025-12-09 16:08:51.857415: train_loss 0.6706
2025-12-09 16:08:51.872200: val_loss 0.6867
2025-12-09 16:08:51.882641: val classification accuracy 0.5167
2025-12-09 16:08:51.886134: val auc 0.5868
2025-12-09 16:08:51.889487: Epoch time: 51.05 s
2025-12-09 16:08:52.719840: 
2025-12-09 16:08:52.725114: Epoch 87
2025-12-09 16:08:52.732238: Current learning rate: 7e-05
2025-12-09 16:09:44.612145: train_loss 0.6518
2025-12-09 16:09:44.616963: val_loss 0.6732
2025-12-09 16:09:44.623276: val classification accuracy 0.6167
2025-12-09 16:09:44.626405: val auc 0.6204
2025-12-09 16:09:44.629734: Epoch time: 51.89 s
2025-12-09 16:09:45.401803: 
2025-12-09 16:09:45.405897: Epoch 88
2025-12-09 16:09:45.408623: Current learning rate: 7e-05
2025-12-09 16:10:33.500305: train_loss 0.6612
2025-12-09 16:10:33.509173: val_loss 0.6919
2025-12-09 16:10:33.512763: val classification accuracy 0.55
2025-12-09 16:10:33.516211: val auc 0.5865
2025-12-09 16:10:33.519733: Epoch time: 48.1 s
2025-12-09 16:10:34.426264: 
2025-12-09 16:10:34.430120: Epoch 89
2025-12-09 16:10:34.432939: Current learning rate: 7e-05
2025-12-09 16:11:28.389405: train_loss 0.646
2025-12-09 16:11:28.394457: val_loss 0.7012
2025-12-09 16:11:28.397571: val classification accuracy 0.5917
2025-12-09 16:11:28.400669: val auc 0.5908
2025-12-09 16:11:28.403693: Epoch time: 53.96 s
2025-12-09 16:11:29.180666: 
2025-12-09 16:11:29.184382: Epoch 90
2025-12-09 16:11:29.186927: Current learning rate: 7e-05
2025-12-09 16:12:18.434171: train_loss 0.6586
2025-12-09 16:12:18.440750: val_loss 0.6882
2025-12-09 16:12:18.465939: val classification accuracy 0.5667
2025-12-09 16:12:18.470126: val auc 0.5996
2025-12-09 16:12:18.473682: Epoch time: 49.25 s
2025-12-09 16:12:19.314252: 
2025-12-09 16:12:19.317938: Epoch 91
2025-12-09 16:12:19.320782: Current learning rate: 7e-05
2025-12-09 16:13:13.762846: train_loss 0.6631
2025-12-09 16:13:13.767711: val_loss 0.7154
2025-12-09 16:13:13.770771: val classification accuracy 0.5667
2025-12-09 16:13:13.773695: val auc 0.5349
2025-12-09 16:13:13.776951: Epoch time: 54.45 s
2025-12-09 16:13:15.318599: 
2025-12-09 16:13:15.322156: Epoch 92
2025-12-09 16:13:15.324784: Current learning rate: 7e-05
2025-12-09 16:14:09.747439: train_loss 0.6394
2025-12-09 16:14:09.766296: val_loss 0.66
2025-12-09 16:14:09.769437: val classification accuracy 0.6083
2025-12-09 16:14:09.772549: val auc 0.6268
2025-12-09 16:14:09.776163: Epoch time: 54.43 s
2025-12-09 16:14:10.547633: 
2025-12-09 16:14:10.551128: Epoch 93
2025-12-09 16:14:10.553742: Current learning rate: 7e-05
2025-12-09 16:15:04.355772: train_loss 0.661
2025-12-09 16:15:04.360204: val_loss 0.6839
2025-12-09 16:15:04.362998: val classification accuracy 0.55
2025-12-09 16:15:04.365705: val auc 0.5835
2025-12-09 16:15:04.370070: Epoch time: 53.81 s
2025-12-09 16:15:05.226104: 
2025-12-09 16:15:05.229897: Epoch 94
2025-12-09 16:15:05.232593: Current learning rate: 7e-05
2025-12-09 16:15:59.165278: train_loss 0.6429
2025-12-09 16:15:59.170790: val_loss 0.7419
2025-12-09 16:15:59.195478: val classification accuracy 0.55
2025-12-09 16:15:59.206990: val auc 0.569
2025-12-09 16:15:59.217133: Epoch time: 53.94 s
2025-12-09 16:16:00.035175: 
2025-12-09 16:16:00.038934: Epoch 95
2025-12-09 16:16:00.041884: Current learning rate: 7e-05
2025-12-09 16:16:52.725785: train_loss 0.6592
2025-12-09 16:16:52.730541: val_loss 0.7288
2025-12-09 16:16:52.733848: val classification accuracy 0.4667
2025-12-09 16:16:52.736868: val auc 0.5697
2025-12-09 16:16:52.739666: Epoch time: 52.69 s
2025-12-09 16:16:53.568316: 
2025-12-09 16:16:53.571825: Epoch 96
2025-12-09 16:16:53.575268: Current learning rate: 7e-05
2025-12-09 16:17:46.709252: train_loss 0.6855
2025-12-09 16:17:46.713689: val_loss 0.6278
2025-12-09 16:17:46.716956: val classification accuracy 0.6083
2025-12-09 16:17:46.719916: val auc 0.6785
2025-12-09 16:17:46.723136: Epoch time: 53.14 s
2025-12-09 16:17:47.475857: 
2025-12-09 16:17:47.479719: Epoch 97
2025-12-09 16:17:47.482372: Current learning rate: 7e-05
2025-12-09 16:18:38.170418: train_loss 0.6801
2025-12-09 16:18:38.188751: val_loss 0.6817
2025-12-09 16:18:38.191833: val classification accuracy 0.525
2025-12-09 16:18:38.194968: val auc 0.6392
2025-12-09 16:18:38.197821: Epoch time: 50.7 s
2025-12-09 16:18:39.114866: 
2025-12-09 16:18:39.125918: Epoch 98
2025-12-09 16:18:39.137456: Current learning rate: 7e-05
2025-12-09 16:19:28.803992: train_loss 0.6717
2025-12-09 16:19:28.808481: val_loss 0.6562
2025-12-09 16:19:28.814904: val classification accuracy 0.6583
2025-12-09 16:19:28.830003: val auc 0.6669
2025-12-09 16:19:28.832952: Epoch time: 49.69 s
2025-12-09 16:19:29.661914: 
2025-12-09 16:19:29.665018: Epoch 99
2025-12-09 16:19:29.667479: Current learning rate: 7e-05
2025-12-09 16:20:22.509761: train_loss 0.6632
2025-12-09 16:20:22.515017: val_loss 0.657
2025-12-09 16:20:22.517898: val classification accuracy 0.6083
2025-12-09 16:20:22.520725: val auc 0.6665
2025-12-09 16:20:22.549491: Epoch time: 52.85 s
2025-12-09 16:20:23.330772: 
2025-12-09 16:20:23.334106: Epoch 100
2025-12-09 16:20:23.336655: Current learning rate: 7e-05
2025-12-09 16:21:15.224908: train_loss 0.6739
2025-12-09 16:21:15.229651: val_loss 0.6757
2025-12-09 16:21:15.233488: val classification accuracy 0.6
2025-12-09 16:21:15.237130: val auc 0.6172
2025-12-09 16:21:15.240405: Epoch time: 51.9 s
2025-12-09 16:21:16.043227: 
2025-12-09 16:21:16.047411: Epoch 101
2025-12-09 16:21:16.050067: Current learning rate: 7e-05
2025-12-09 16:22:06.875135: train_loss 0.6765
2025-12-09 16:22:06.880584: val_loss 0.6929
2025-12-09 16:22:06.883779: val classification accuracy 0.525
2025-12-09 16:22:06.887117: val auc 0.5767
2025-12-09 16:22:06.890365: Epoch time: 50.83 s
2025-12-09 16:22:07.680731: 
2025-12-09 16:22:07.684591: Epoch 102
2025-12-09 16:22:07.687350: Current learning rate: 7e-05
2025-12-09 16:22:59.406999: train_loss 0.6614
2025-12-09 16:22:59.412173: val_loss 0.6565
2025-12-09 16:22:59.415715: val classification accuracy 0.55
2025-12-09 16:22:59.419806: val auc 0.66
2025-12-09 16:22:59.423219: Epoch time: 51.73 s
2025-12-09 16:23:00.205031: 
2025-12-09 16:23:00.208807: Epoch 103
2025-12-09 16:23:00.213362: Current learning rate: 7e-05
2025-12-09 16:23:48.974490: train_loss 0.6728
2025-12-09 16:23:48.980682: val_loss 0.683
2025-12-09 16:23:48.987262: val classification accuracy 0.5417
2025-12-09 16:23:48.991326: val auc 0.5801
2025-12-09 16:23:48.995147: Epoch time: 48.77 s
2025-12-09 16:23:49.854479: 
2025-12-09 16:23:49.858709: Epoch 104
2025-12-09 16:23:49.861845: Current learning rate: 7e-05
2025-12-09 16:24:43.628310: train_loss 0.654
2025-12-09 16:24:43.647460: val_loss 0.6532
2025-12-09 16:24:43.650681: val classification accuracy 0.5833
2025-12-09 16:24:43.653655: val auc 0.6842
2025-12-09 16:24:43.656641: Epoch time: 53.78 s
2025-12-09 16:24:44.424946: 
2025-12-09 16:24:44.428699: Epoch 105
2025-12-09 16:24:44.431439: Current learning rate: 7e-05
2025-12-09 16:25:33.710413: train_loss 0.6694
2025-12-09 16:25:33.728254: val_loss 0.6595
2025-12-09 16:25:33.731581: val classification accuracy 0.6667
2025-12-09 16:25:33.736576: val auc 0.6494
2025-12-09 16:25:33.740364: Epoch time: 49.29 s
2025-12-09 16:25:34.768897: 
2025-12-09 16:25:34.774785: Epoch 106
2025-12-09 16:25:34.778923: Current learning rate: 7e-05
2025-12-09 16:26:25.626387: train_loss 0.6513
2025-12-09 16:26:25.630833: val_loss 0.693
2025-12-09 16:26:25.634634: val classification accuracy 0.5583
2025-12-09 16:26:25.658765: val auc 0.5626
2025-12-09 16:26:25.666106: Epoch time: 50.86 s
2025-12-09 16:26:26.463902: 
2025-12-09 16:26:26.467383: Epoch 107
2025-12-09 16:26:26.470080: Current learning rate: 7e-05
2025-12-09 16:27:20.431094: train_loss 0.6599
2025-12-09 16:27:20.436888: val_loss 0.7005
2025-12-09 16:27:20.441467: val classification accuracy 0.5167
2025-12-09 16:27:20.451155: val auc 0.5281
2025-12-09 16:27:20.456148: Epoch time: 53.97 s
2025-12-09 16:27:21.296516: 
2025-12-09 16:27:21.300708: Epoch 108
2025-12-09 16:27:21.303636: Current learning rate: 7e-05
2025-12-09 16:28:17.719626: train_loss 0.6792
2025-12-09 16:28:17.724362: val_loss 0.6552
2025-12-09 16:28:17.727543: val classification accuracy 0.625
2025-12-09 16:28:17.730836: val auc 0.6353
2025-12-09 16:28:17.734110: Epoch time: 56.42 s
2025-12-09 16:28:18.543323: 
2025-12-09 16:28:18.546747: Epoch 109
2025-12-09 16:28:18.549218: Current learning rate: 7e-05
2025-12-09 16:29:11.990860: train_loss 0.6616
2025-12-09 16:29:11.995723: val_loss 0.6517
2025-12-09 16:29:12.000293: val classification accuracy 0.625
2025-12-09 16:29:12.003477: val auc 0.6494
2025-12-09 16:29:12.006968: Epoch time: 53.45 s
2025-12-09 16:29:12.874460: 
2025-12-09 16:29:12.880491: Epoch 110
2025-12-09 16:29:12.885003: Current learning rate: 7e-05
2025-12-09 16:30:07.117749: train_loss 0.6649
2025-12-09 16:30:07.135641: val_loss 0.6918
2025-12-09 16:30:07.140115: val classification accuracy 0.5167
2025-12-09 16:30:07.145068: val auc 0.5412
2025-12-09 16:30:07.148513: Epoch time: 54.25 s
2025-12-09 16:30:07.932214: 
2025-12-09 16:30:07.936329: Epoch 111
2025-12-09 16:30:07.939451: Current learning rate: 7e-05
2025-12-09 16:31:00.349715: train_loss 0.6613
2025-12-09 16:31:00.381657: val_loss 0.6714
2025-12-09 16:31:00.385386: val classification accuracy 0.6083
2025-12-09 16:31:00.389452: val auc 0.6114
2025-12-09 16:31:00.393342: Epoch time: 52.42 s
2025-12-09 16:31:01.209932: 
2025-12-09 16:31:01.213533: Epoch 112
2025-12-09 16:31:01.216935: Current learning rate: 7e-05
2025-12-09 16:31:53.451686: train_loss 0.656
2025-12-09 16:31:53.463714: val_loss 0.7056
2025-12-09 16:31:53.467201: val classification accuracy 0.5
2025-12-09 16:31:53.470687: val auc 0.5982
2025-12-09 16:31:53.473814: Epoch time: 52.24 s
2025-12-09 16:31:54.258148: 
2025-12-09 16:31:54.261894: Epoch 113
2025-12-09 16:31:54.264531: Current learning rate: 7e-05
2025-12-09 16:32:46.469370: train_loss 0.6603
2025-12-09 16:32:46.474391: val_loss 0.6995
2025-12-09 16:32:46.523799: val classification accuracy 0.5583
2025-12-09 16:32:46.539899: val auc 0.561
2025-12-09 16:32:46.543810: Epoch time: 52.21 s
2025-12-09 16:32:47.406053: 
2025-12-09 16:32:47.412670: Epoch 114
2025-12-09 16:32:47.425467: Current learning rate: 7e-05
2025-12-09 16:33:40.621586: train_loss 0.6556
2025-12-09 16:33:40.625928: val_loss 0.7252
2025-12-09 16:33:40.629120: val classification accuracy 0.5583
2025-12-09 16:33:40.632258: val auc 0.5869
2025-12-09 16:33:40.635406: Epoch time: 53.22 s
2025-12-09 16:33:41.418518: 
2025-12-09 16:33:41.422438: Epoch 115
2025-12-09 16:33:41.425537: Current learning rate: 6e-05
2025-12-09 16:34:30.596028: train_loss 0.6692
2025-12-09 16:34:30.612315: val_loss 0.7038
2025-12-09 16:34:30.615909: val classification accuracy 0.5167
2025-12-09 16:34:30.619152: val auc 0.581
2025-12-09 16:34:30.622924: Epoch time: 49.18 s
2025-12-09 16:34:31.473057: 
2025-12-09 16:34:31.486017: Epoch 116
2025-12-09 16:34:31.492314: Current learning rate: 6e-05
2025-12-09 16:35:26.888121: train_loss 0.65
2025-12-09 16:35:26.894832: val_loss 0.662
2025-12-09 16:35:26.900594: val classification accuracy 0.55
2025-12-09 16:35:26.908191: val auc 0.6244
2025-12-09 16:35:26.913231: Epoch time: 55.42 s
2025-12-09 16:35:27.737013: 
2025-12-09 16:35:27.743470: Epoch 117
2025-12-09 16:35:27.749290: Current learning rate: 6e-05
2025-12-09 16:36:18.795210: train_loss 0.6672
2025-12-09 16:36:18.802926: val_loss 0.6782
2025-12-09 16:36:18.806154: val classification accuracy 0.6
2025-12-09 16:36:18.814039: val auc 0.6331
2025-12-09 16:36:18.820034: Epoch time: 51.06 s
2025-12-09 16:36:20.330501: 
2025-12-09 16:36:20.334157: Epoch 118
2025-12-09 16:36:20.336702: Current learning rate: 6e-05
2025-12-09 16:37:16.863760: train_loss 0.6629
2025-12-09 16:37:16.868578: val_loss 0.6703
2025-12-09 16:37:16.871849: val classification accuracy 0.55
2025-12-09 16:37:16.876033: val auc 0.591
2025-12-09 16:37:16.879997: Epoch time: 56.53 s
2025-12-09 16:37:17.664819: 
2025-12-09 16:37:17.668743: Epoch 119
2025-12-09 16:37:17.672305: Current learning rate: 6e-05
2025-12-09 16:38:08.483793: train_loss 0.6644
2025-12-09 16:38:08.513774: val_loss 0.6349
2025-12-09 16:38:08.522692: val classification accuracy 0.55
2025-12-09 16:38:08.527594: val auc 0.6569
2025-12-09 16:38:08.531314: Epoch time: 50.82 s
2025-12-09 16:38:09.286705: 
2025-12-09 16:38:09.291802: Epoch 120
2025-12-09 16:38:09.295892: Current learning rate: 6e-05
2025-12-09 16:39:05.862897: train_loss 0.6616
2025-12-09 16:39:05.870819: val_loss 0.6669
2025-12-09 16:39:05.880968: val classification accuracy 0.5417
2025-12-09 16:39:05.884716: val auc 0.5961
2025-12-09 16:39:05.888088: Epoch time: 56.58 s
2025-12-09 16:39:06.681984: 
2025-12-09 16:39:06.686037: Epoch 121
2025-12-09 16:39:06.690432: Current learning rate: 6e-05
2025-12-09 16:39:58.373748: train_loss 0.6442
2025-12-09 16:39:58.401517: val_loss 0.6935
2025-12-09 16:39:58.404952: val classification accuracy 0.5583
2025-12-09 16:39:58.439229: val auc 0.5864
2025-12-09 16:39:58.442624: Epoch time: 51.69 s
2025-12-09 16:39:59.223041: 
2025-12-09 16:39:59.226723: Epoch 122
2025-12-09 16:39:59.229295: Current learning rate: 6e-05
2025-12-09 16:40:49.992373: train_loss 0.6429
2025-12-09 16:40:49.997402: val_loss 0.7879
2025-12-09 16:40:50.001081: val classification accuracy 0.4417
2025-12-09 16:40:50.004303: val auc 0.4244
2025-12-09 16:40:50.007798: Epoch time: 50.77 s
2025-12-09 16:40:50.847285: 
2025-12-09 16:40:50.851223: Epoch 123
2025-12-09 16:40:50.854139: Current learning rate: 6e-05
2025-12-09 16:41:42.547645: train_loss 0.6407
2025-12-09 16:41:42.560036: val_loss 0.6795
2025-12-09 16:41:42.564706: val classification accuracy 0.6
2025-12-09 16:41:42.569865: val auc 0.6201
2025-12-09 16:41:42.574588: Epoch time: 51.7 s
2025-12-09 16:41:43.365972: 
2025-12-09 16:41:43.370035: Epoch 124
2025-12-09 16:41:43.373384: Current learning rate: 6e-05
2025-12-09 16:42:34.910343: train_loss 0.6627
2025-12-09 16:42:35.018181: val_loss 0.7607
2025-12-09 16:42:35.021312: val classification accuracy 0.4667
2025-12-09 16:42:35.024400: val auc 0.4832
2025-12-09 16:42:35.027555: Epoch time: 51.55 s
2025-12-09 16:42:35.809096: 
2025-12-09 16:42:35.812933: Epoch 125
2025-12-09 16:42:35.815860: Current learning rate: 6e-05
2025-12-09 16:43:29.329129: train_loss 0.6433
2025-12-09 16:43:29.354035: val_loss 0.7137
2025-12-09 16:43:29.357401: val classification accuracy 0.5917
2025-12-09 16:43:29.360450: val auc 0.5776
2025-12-09 16:43:29.363565: Epoch time: 53.52 s
2025-12-09 16:43:30.150742: 
2025-12-09 16:43:30.154108: Epoch 126
2025-12-09 16:43:30.156870: Current learning rate: 6e-05
2025-12-09 16:44:22.525026: train_loss 0.6737
2025-12-09 16:44:22.529980: val_loss 0.737
2025-12-09 16:44:22.533515: val classification accuracy 0.5833
2025-12-09 16:44:22.540097: val auc 0.5036
2025-12-09 16:44:22.543645: Epoch time: 52.38 s
2025-12-09 16:44:23.309659: 
2025-12-09 16:44:23.313112: Epoch 127
2025-12-09 16:44:23.315716: Current learning rate: 6e-05
2025-12-09 16:45:15.869499: train_loss 0.6613
2025-12-09 16:45:15.875219: val_loss 0.7194
2025-12-09 16:45:15.878675: val classification accuracy 0.5
2025-12-09 16:45:15.881776: val auc 0.5311
2025-12-09 16:45:15.885091: Epoch time: 52.56 s
2025-12-09 16:45:16.674954: 
2025-12-09 16:45:16.678402: Epoch 128
2025-12-09 16:45:16.681028: Current learning rate: 6e-05
2025-12-09 16:46:13.690083: train_loss 0.6493
2025-12-09 16:46:13.699434: val_loss 0.7828
2025-12-09 16:46:13.702601: val classification accuracy 0.4167
2025-12-09 16:46:13.705766: val auc 0.4654
2025-12-09 16:46:13.710227: Epoch time: 57.02 s
2025-12-09 16:46:14.549263: 
2025-12-09 16:46:14.553276: Epoch 129
2025-12-09 16:46:14.556162: Current learning rate: 6e-05
2025-12-09 16:47:08.558362: train_loss 0.6683
2025-12-09 16:47:08.591738: val_loss 0.7027
2025-12-09 16:47:08.594588: val classification accuracy 0.5417
2025-12-09 16:47:08.597730: val auc 0.5671
2025-12-09 16:47:08.600585: Epoch time: 54.01 s
2025-12-09 16:47:09.373327: 
2025-12-09 16:47:09.376930: Epoch 130
2025-12-09 16:47:09.379889: Current learning rate: 6e-05
2025-12-09 16:47:59.791574: train_loss 0.6561
2025-12-09 16:47:59.799235: val_loss 0.7121
2025-12-09 16:47:59.805937: val classification accuracy 0.5167
2025-12-09 16:47:59.809675: val auc 0.5496
2025-12-09 16:47:59.813515: Epoch time: 50.42 s
2025-12-09 16:48:01.261233: 
2025-12-09 16:48:01.265367: Epoch 131
2025-12-09 16:48:01.268643: Current learning rate: 6e-05
2025-12-09 16:48:55.499116: train_loss 0.6261
2025-12-09 16:48:55.504147: val_loss 0.8121
2025-12-09 16:48:55.509495: val classification accuracy 0.3833
2025-12-09 16:48:55.513248: val auc 0.3753
2025-12-09 16:48:55.517560: Epoch time: 54.24 s
2025-12-09 16:48:56.304660: 
2025-12-09 16:48:56.309033: Epoch 132
2025-12-09 16:48:56.314670: Current learning rate: 6e-05
2025-12-09 16:49:49.171521: train_loss 0.6505
2025-12-09 16:49:49.178237: val_loss 0.7062
2025-12-09 16:49:49.185395: val classification accuracy 0.4833
2025-12-09 16:49:49.194889: val auc 0.53
2025-12-09 16:49:49.200659: Epoch time: 52.87 s
2025-12-09 16:49:50.034801: 
2025-12-09 16:49:50.039014: Epoch 133
2025-12-09 16:49:50.041818: Current learning rate: 6e-05
2025-12-09 16:50:43.382612: train_loss 0.6471
2025-12-09 16:50:43.392541: val_loss 0.6957
2025-12-09 16:50:43.396176: val classification accuracy 0.5667
2025-12-09 16:50:43.399472: val auc 0.6106
2025-12-09 16:50:43.403064: Epoch time: 53.35 s
2025-12-09 16:50:44.253811: 
2025-12-09 16:50:44.258101: Epoch 134
2025-12-09 16:50:44.261829: Current learning rate: 6e-05
2025-12-09 16:51:34.414851: train_loss 0.6556
2025-12-09 16:51:34.447888: val_loss 0.7021
2025-12-09 16:51:34.451909: val classification accuracy 0.525
2025-12-09 16:51:34.455994: val auc 0.5717
2025-12-09 16:51:34.462395: Epoch time: 50.16 s
2025-12-09 16:51:35.337182: 
2025-12-09 16:51:35.340456: Epoch 135
2025-12-09 16:51:35.343154: Current learning rate: 6e-05
2025-12-09 16:52:31.341849: train_loss 0.6637
2025-12-09 16:52:31.349490: val_loss 0.7079
2025-12-09 16:52:31.352936: val classification accuracy 0.475
2025-12-09 16:52:31.356248: val auc 0.5139
2025-12-09 16:52:31.360348: Epoch time: 56.01 s
2025-12-09 16:52:32.203726: 
2025-12-09 16:52:32.207171: Epoch 136
2025-12-09 16:52:32.209895: Current learning rate: 6e-05
2025-12-09 16:53:24.116535: train_loss 0.6522
2025-12-09 16:53:24.121896: val_loss 0.7501
2025-12-09 16:53:24.128945: val classification accuracy 0.4083
2025-12-09 16:53:24.132494: val auc 0.4288
2025-12-09 16:53:24.137765: Epoch time: 51.91 s
2025-12-09 16:53:24.959645: 
2025-12-09 16:53:24.964885: Epoch 137
2025-12-09 16:53:24.968059: Current learning rate: 6e-05
2025-12-09 16:54:18.318574: train_loss 0.6617
2025-12-09 16:54:18.323587: val_loss 0.6918
2025-12-09 16:54:18.326992: val classification accuracy 0.525
2025-12-09 16:54:18.330017: val auc 0.5483
2025-12-09 16:54:18.333345: Epoch time: 53.36 s
2025-12-09 16:54:19.091542: 
2025-12-09 16:54:19.095145: Epoch 138
2025-12-09 16:54:19.097726: Current learning rate: 6e-05
2025-12-09 16:55:12.137462: train_loss 0.6504
2025-12-09 16:55:12.143268: val_loss 0.7449
2025-12-09 16:55:12.146572: val classification accuracy 0.4917
2025-12-09 16:55:12.149578: val auc 0.4708
2025-12-09 16:55:12.153186: Epoch time: 53.05 s
2025-12-09 16:55:13.001579: 
2025-12-09 16:55:13.005263: Epoch 139
2025-12-09 16:55:13.007994: Current learning rate: 6e-05
2025-12-09 16:56:09.456328: train_loss 0.6398
2025-12-09 16:56:09.487665: val_loss 0.731
2025-12-09 16:56:09.491260: val classification accuracy 0.5
2025-12-09 16:56:09.494387: val auc 0.5035
2025-12-09 16:56:09.497355: Epoch time: 56.46 s
2025-12-09 16:56:10.268913: 
2025-12-09 16:56:10.272403: Epoch 140
2025-12-09 16:56:10.274945: Current learning rate: 6e-05
2025-12-09 16:57:01.512653: train_loss 0.6486
2025-12-09 16:57:01.517532: val_loss 0.6988
2025-12-09 16:57:01.526233: val classification accuracy 0.4667
2025-12-09 16:57:01.529393: val auc 0.545
2025-12-09 16:57:01.532670: Epoch time: 51.24 s
2025-12-09 16:57:02.385979: 
2025-12-09 16:57:02.389371: Epoch 141
2025-12-09 16:57:02.392082: Current learning rate: 6e-05
2025-12-09 16:57:58.522199: train_loss 0.6449
2025-12-09 16:57:58.527354: val_loss 0.7757
2025-12-09 16:57:58.530521: val classification accuracy 0.475
2025-12-09 16:57:58.533377: val auc 0.4829
2025-12-09 16:57:58.536614: Epoch time: 56.14 s
2025-12-09 16:57:59.336841: 
2025-12-09 16:57:59.340884: Epoch 142
2025-12-09 16:57:59.343579: Current learning rate: 6e-05
2025-12-09 16:58:54.206350: train_loss 0.6278
2025-12-09 16:58:54.220568: val_loss 0.7518
2025-12-09 16:58:54.223890: val classification accuracy 0.5167
2025-12-09 16:58:54.226836: val auc 0.4839
2025-12-09 16:58:54.229856: Epoch time: 54.87 s
2025-12-09 16:58:55.090695: 
2025-12-09 16:58:55.097666: Epoch 143
2025-12-09 16:58:55.104738: Current learning rate: 6e-05
2025-12-09 16:59:48.313446: train_loss 0.6309
2025-12-09 16:59:48.320128: val_loss 0.7692
2025-12-09 16:59:48.323669: val classification accuracy 0.5333
2025-12-09 16:59:48.326863: val auc 0.505
2025-12-09 16:59:48.330772: Epoch time: 53.22 s
2025-12-09 16:59:49.105817: 
2025-12-09 16:59:49.109632: Epoch 144
2025-12-09 16:59:49.112712: Current learning rate: 6e-05
2025-12-09 17:00:41.807705: train_loss 0.6601
2025-12-09 17:00:41.812989: val_loss 0.6693
2025-12-09 17:00:41.816096: val classification accuracy 0.6167
2025-12-09 17:00:41.838567: val auc 0.6162
2025-12-09 17:00:41.841653: Epoch time: 52.7 s
2025-12-09 17:00:42.673646: 
2025-12-09 17:00:42.677775: Epoch 145
2025-12-09 17:00:42.681415: Current learning rate: 6e-05
2025-12-09 17:01:34.356076: train_loss 0.6571
2025-12-09 17:01:34.361299: val_loss 0.6702
2025-12-09 17:01:34.364167: val classification accuracy 0.5167
2025-12-09 17:01:34.366910: val auc 0.5814
2025-12-09 17:01:34.370035: Epoch time: 51.68 s
2025-12-09 17:01:35.138399: 
2025-12-09 17:01:35.141716: Epoch 146
2025-12-09 17:01:35.144287: Current learning rate: 5e-05
2025-12-09 17:02:26.504102: train_loss 0.6168
2025-12-09 17:02:26.508616: val_loss 0.7726
2025-12-09 17:02:26.513017: val classification accuracy 0.5167
2025-12-09 17:02:26.516462: val auc 0.4767
2025-12-09 17:02:26.520392: Epoch time: 51.37 s
2025-12-09 17:02:27.291866: 
2025-12-09 17:02:27.295610: Epoch 147
2025-12-09 17:02:27.298331: Current learning rate: 5e-05
2025-12-09 17:03:20.321052: train_loss 0.6541
2025-12-09 17:03:20.325253: val_loss 0.7955
2025-12-09 17:03:20.328550: val classification accuracy 0.4083
2025-12-09 17:03:20.331295: val auc 0.3122
2025-12-09 17:03:20.334180: Epoch time: 53.03 s
2025-12-09 17:03:21.094370: 
2025-12-09 17:03:21.097475: Epoch 148
2025-12-09 17:03:21.100241: Current learning rate: 5e-05
2025-12-09 17:04:15.368275: train_loss 0.6557
2025-12-09 17:04:15.373654: val_loss 0.7557
2025-12-09 17:04:15.377429: val classification accuracy 0.4667
2025-12-09 17:04:15.395303: val auc 0.4206
2025-12-09 17:04:15.399302: Epoch time: 54.27 s
2025-12-09 17:04:16.228137: 
2025-12-09 17:04:16.232049: Epoch 149
2025-12-09 17:04:16.234839: Current learning rate: 5e-05
2025-12-09 17:05:09.322070: train_loss 0.6254
2025-12-09 17:05:09.335469: val_loss 0.7296
2025-12-09 17:05:09.347933: val classification accuracy 0.4917
2025-12-09 17:05:09.351396: val auc 0.535
2025-12-09 17:05:09.354885: Epoch time: 53.09 s
2025-12-09 17:05:10.229086: 
2025-12-09 17:05:10.232980: Epoch 150
2025-12-09 17:05:10.235801: Current learning rate: 5e-05
2025-12-09 17:06:02.576685: train_loss 0.6327
2025-12-09 17:06:02.582168: val_loss 0.7529
2025-12-09 17:06:02.589008: val classification accuracy 0.4917
2025-12-09 17:06:02.594022: val auc 0.4764
2025-12-09 17:06:02.598075: Epoch time: 52.35 s
2025-12-09 17:06:03.387753: 
2025-12-09 17:06:03.391656: Epoch 151
2025-12-09 17:06:03.397384: Current learning rate: 5e-05
2025-12-09 17:06:56.093507: train_loss 0.6531
2025-12-09 17:06:56.141790: val_loss 0.8111
2025-12-09 17:06:56.158206: val classification accuracy 0.4417
2025-12-09 17:06:56.161129: val auc 0.401
2025-12-09 17:06:56.163969: Epoch time: 52.71 s
2025-12-09 17:06:56.166920: Early stopping triggered at epoch 151. Best val_losses=0.6213
2025-12-09 17:06:56.902949: Stopping training early due to early stopping criterion.
2025-12-09 17:07:02.103912: Training done.
2025-12-09 17:07:02.157139: Skipping perform_actual_validation for classification trainer (segmentation-style sliding window is not applicable).
[1;34mwandb[0m: 
[1;34mwandb[0m:  View run [33mViTTrainer_ep300_NoMirroring_fold2[0m at: [34m[0m
[1;34mwandb[0m: Find logs at: [1;35m../../tmp/wandb/wandb/run-20251209_145223-01rop0rx/logs[0m
