Using device: cuda:0

#######################################################################
Please cite the following paper when using nnU-Net:
Isensee, F., Jaeger, P. F., Kohl, S. A., Petersen, J., & Maier-Hein, K. H. (2021). nnU-Net: a self-configuring method for deep learning-based biomedical image segmentation. Nature methods, 18(2), 203-211.
#######################################################################

2025-12-09 14:49:33.679161: Using torch.compile...
2025-12-09 14:49:39.917660: do_dummy_2d_data_aug: False
2025-12-09 14:49:39.922030: Using splits from existing split file: /hpf/projects/jquon/sumin/nnUNet_data/nnUNet_preprocessed/Dataset003_AVM_T1+C/splits_final.json
2025-12-09 14:49:39.924982: The split file contains 5 splits.
2025-12-09 14:49:39.926639: Desired fold for training: 1
2025-12-09 14:49:39.928241: This split has 410 training and 102 validation cases.
using pin_memory on device 0
using pin_memory on device 0

This is the configuration used by this training:
Configuration name: 3d_fullres
 {'data_identifier': 'nnUNetPlans_3d_fullres', 'preprocessor_name': 'DefaultPreprocessor', 'batch_size': 2, 'patch_size': [160, 224, 192], 'median_image_size_in_voxels': [344.0, 448.0, 429.0], 'spacing': [0.500000923871994, 0.4910714328289032, 0.4910714328289032], 'normalization_schemes': ['ZScoreNormalization'], 'use_mask_for_norm': [False], 'resampling_fn_data': 'resample_data_or_seg_to_shape', 'resampling_fn_seg': 'resample_data_or_seg_to_shape', 'resampling_fn_data_kwargs': {'is_seg': False, 'order': 3, 'order_z': 0, 'force_separate_z': None}, 'resampling_fn_seg_kwargs': {'is_seg': True, 'order': 1, 'order_z': 0, 'force_separate_z': None}, 'resampling_fn_probabilities': 'resample_data_or_seg_to_shape', 'resampling_fn_probabilities_kwargs': {'is_seg': False, 'order': 1, 'order_z': 0, 'force_separate_z': None}, 'architecture': {'network_class_name': 'dynamic_network_architectures.architectures.unet.ResidualEncoderUNet', 'arch_kwargs': {'n_stages': 6, 'features_per_stage': [32, 64, 128, 256, 320, 320], 'conv_op': 'torch.nn.modules.conv.Conv3d', 'kernel_sizes': [[3, 3, 3], [3, 3, 3], [3, 3, 3], [3, 3, 3], [3, 3, 3], [3, 3, 3]], 'strides': [[1, 1, 1], [2, 2, 2], [2, 2, 2], [2, 2, 2], [2, 2, 2], [2, 2, 2]], 'n_blocks_per_stage': [1, 3, 4, 6, 6, 6], 'n_conv_per_stage_decoder': [1, 1, 1, 1, 1], 'conv_bias': True, 'norm_op': 'torch.nn.modules.instancenorm.InstanceNorm3d', 'norm_op_kwargs': {'eps': 1e-05, 'affine': True}, 'dropout_op': None, 'dropout_op_kwargs': None, 'nonlin': 'torch.nn.LeakyReLU', 'nonlin_kwargs': {'inplace': True}}, '_kw_requires_import': ['conv_op', 'norm_op', 'dropout_op', 'nonlin']}, 'batch_dice': True} 

These are the global plan.json settings:
 {'dataset_name': 'Dataset003_AVM_T1+C', 'plans_name': 'nnUNetResEncUNetLPlans', 'original_median_spacing_after_transp': [0.500000923871994, 0.4910714328289032, 0.4910714328289032], 'original_median_shape_after_transp': [330, 448, 424], 'image_reader_writer': 'SimpleITKIO', 'transpose_forward': [0, 1, 2], 'transpose_backward': [0, 1, 2], 'experiment_planner_used': 'nnUNetPlannerResEncL', 'label_manager': 'LabelManager', 'foreground_intensity_properties_per_channel': {'0': {'max': 12113.0, 'mean': 449.843505859375, 'median': 311.0, 'min': 0.0, 'percentile_00_5': 34.0, 'percentile_99_5': 3202.0, 'std': 471.56329345703125}}} 

2025-12-09 14:49:42.692638: Unable to plot network architecture: nnUNet_compile is enabled!
2025-12-09 14:49:42.714904: 
2025-12-09 14:49:42.745323: Epoch 0
2025-12-09 14:49:42.751622: Current learning rate: 0.0001
2025-12-09 14:50:56.496771: train_loss 0.7753
2025-12-09 14:50:56.512661: val_loss 0.6821
2025-12-09 14:50:56.517250: val classification accuracy 0.5784
2025-12-09 14:50:56.523380: val auc 0.6059
2025-12-09 14:50:56.534560: Epoch time: 73.78 s
2025-12-09 14:50:56.544066: Yayy! New best EMA pseudo Dice: 0.6059
2025-12-09 14:51:02.400032: Yayy! New best classification accuracy: 0.5784
2025-12-09 14:51:07.075614: 
2025-12-09 14:51:07.078929: Epoch 1
2025-12-09 14:51:07.084767: Current learning rate: 0.0001
2025-12-09 14:51:56.167726: train_loss 0.6831
2025-12-09 14:51:56.171445: val_loss 0.7049
2025-12-09 14:51:56.173513: val classification accuracy 0.451
2025-12-09 14:51:56.175648: val auc 0.4748
2025-12-09 14:51:56.178532: Epoch time: 49.09 s
2025-12-09 14:51:57.499079: 
2025-12-09 14:51:57.501354: Epoch 2
2025-12-09 14:51:57.503247: Current learning rate: 0.0001
2025-12-09 14:52:42.733511: train_loss 0.6975
2025-12-09 14:52:42.740819: val_loss 0.702
2025-12-09 14:52:42.743605: val classification accuracy 0.4902
2025-12-09 14:52:42.746249: val auc 0.5358
2025-12-09 14:52:42.748818: Epoch time: 45.24 s
2025-12-09 14:52:43.502272: 
2025-12-09 14:52:43.505336: Epoch 3
2025-12-09 14:52:43.507442: Current learning rate: 0.0001
2025-12-09 14:53:34.502565: train_loss 0.6797
2025-12-09 14:53:34.512438: val_loss 0.7012
2025-12-09 14:53:34.516314: val classification accuracy 0.4608
2025-12-09 14:53:34.519979: val auc 0.4704
2025-12-09 14:53:34.522977: Epoch time: 51.0 s
2025-12-09 14:53:35.350949: 
2025-12-09 14:53:35.354295: Epoch 4
2025-12-09 14:53:35.357267: Current learning rate: 0.0001
2025-12-09 14:54:21.658254: train_loss 0.6882
2025-12-09 14:54:21.662296: val_loss 0.7095
2025-12-09 14:54:21.664722: val classification accuracy 0.4706
2025-12-09 14:54:21.667118: val auc 0.5167
2025-12-09 14:54:21.669402: Epoch time: 46.31 s
2025-12-09 14:54:22.440679: 
2025-12-09 14:54:22.443530: Epoch 5
2025-12-09 14:54:22.445617: Current learning rate: 0.0001
2025-12-09 14:55:12.318981: train_loss 0.6727
2025-12-09 14:55:12.324991: val_loss 0.7244
2025-12-09 14:55:12.354435: val classification accuracy 0.4608
2025-12-09 14:55:12.358430: val auc 0.4973
2025-12-09 14:55:12.361976: Epoch time: 49.88 s
2025-12-09 14:55:13.155304: 
2025-12-09 14:55:13.162459: Epoch 6
2025-12-09 14:55:13.165975: Current learning rate: 0.0001
2025-12-09 14:56:03.858571: train_loss 0.6932
2025-12-09 14:56:03.869394: val_loss 0.6804
2025-12-09 14:56:03.876641: val classification accuracy 0.5098
2025-12-09 14:56:03.881562: val auc 0.5667
2025-12-09 14:56:03.887730: Epoch time: 50.7 s
2025-12-09 14:56:04.763536: 
2025-12-09 14:56:04.767184: Epoch 7
2025-12-09 14:56:04.770089: Current learning rate: 0.0001
2025-12-09 14:56:58.033267: train_loss 0.6861
2025-12-09 14:56:58.039774: val_loss 0.6835
2025-12-09 14:56:58.044935: val classification accuracy 0.5784
2025-12-09 14:56:58.050845: val auc 0.5613
2025-12-09 14:56:58.053672: Epoch time: 53.27 s
2025-12-09 14:56:58.953419: 
2025-12-09 14:56:58.956266: Epoch 8
2025-12-09 14:56:58.958580: Current learning rate: 0.0001
2025-12-09 14:57:48.938495: train_loss 0.6621
2025-12-09 14:57:48.971572: val_loss 0.7475
2025-12-09 14:57:48.977246: val classification accuracy 0.4314
2025-12-09 14:57:48.996573: val auc 0.4564
2025-12-09 14:57:49.000068: Epoch time: 49.99 s
2025-12-09 14:57:49.871856: 
2025-12-09 14:57:49.880027: Epoch 9
2025-12-09 14:57:49.882034: Current learning rate: 0.0001
2025-12-09 14:58:39.197484: train_loss 0.6866
2025-12-09 14:58:39.200939: val_loss 0.6971
2025-12-09 14:58:39.203420: val classification accuracy 0.5196
2025-12-09 14:58:39.205650: val auc 0.5417
2025-12-09 14:58:39.208302: Epoch time: 49.33 s
2025-12-09 14:58:40.047796: 
2025-12-09 14:58:40.050418: Epoch 10
2025-12-09 14:58:40.052359: Current learning rate: 0.0001
2025-12-09 14:59:29.407181: train_loss 0.7007
2025-12-09 14:59:29.443459: val_loss 0.7065
2025-12-09 14:59:29.459663: val classification accuracy 0.4804
2025-12-09 14:59:29.478744: val auc 0.4368
2025-12-09 14:59:29.484839: Epoch time: 49.36 s
2025-12-09 14:59:30.278705: 
2025-12-09 14:59:30.285714: Epoch 11
2025-12-09 14:59:30.300071: Current learning rate: 0.0001
2025-12-09 15:00:19.486178: train_loss 0.6906
2025-12-09 15:00:19.494042: val_loss 0.6881
2025-12-09 15:00:19.496903: val classification accuracy 0.5294
2025-12-09 15:00:19.510846: val auc 0.559
2025-12-09 15:00:19.515668: Epoch time: 49.21 s
2025-12-09 15:00:20.386847: 
2025-12-09 15:00:20.390759: Epoch 12
2025-12-09 15:00:20.393670: Current learning rate: 0.0001
2025-12-09 15:01:11.359457: train_loss 0.6784
2025-12-09 15:01:11.363547: val_loss 0.7268
2025-12-09 15:01:11.366322: val classification accuracy 0.4706
2025-12-09 15:01:11.369264: val auc 0.4815
2025-12-09 15:01:11.372528: Epoch time: 50.97 s
2025-12-09 15:01:12.244464: 
2025-12-09 15:01:12.247937: Epoch 13
2025-12-09 15:01:12.250443: Current learning rate: 0.0001
2025-12-09 15:01:59.289606: train_loss 0.6703
2025-12-09 15:01:59.294491: val_loss 0.6967
2025-12-09 15:01:59.297397: val classification accuracy 0.5392
2025-12-09 15:01:59.300157: val auc 0.5546
2025-12-09 15:01:59.305723: Epoch time: 47.05 s
2025-12-09 15:02:00.234992: 
2025-12-09 15:02:00.239588: Epoch 14
2025-12-09 15:02:00.242663: Current learning rate: 0.0001
2025-12-09 15:02:48.744924: train_loss 0.7017
2025-12-09 15:02:48.749230: val_loss 0.6952
2025-12-09 15:02:48.751890: val classification accuracy 0.4902
2025-12-09 15:02:48.754500: val auc 0.505
2025-12-09 15:02:48.757340: Epoch time: 48.51 s
2025-12-09 15:02:50.166764: 
2025-12-09 15:02:50.170290: Epoch 15
2025-12-09 15:02:50.172686: Current learning rate: 0.0001
2025-12-09 15:03:39.831186: train_loss 0.6929
2025-12-09 15:03:39.849742: val_loss 0.6989
2025-12-09 15:03:39.853166: val classification accuracy 0.4412
2025-12-09 15:03:39.856219: val auc 0.4765
2025-12-09 15:03:39.859749: Epoch time: 49.67 s
2025-12-09 15:03:40.705259: 
2025-12-09 15:03:40.708963: Epoch 16
2025-12-09 15:03:40.711896: Current learning rate: 0.0001
2025-12-09 15:04:34.899151: train_loss 0.6853
2025-12-09 15:04:34.904022: val_loss 0.7023
2025-12-09 15:04:34.907517: val classification accuracy 0.4706
2025-12-09 15:04:34.910204: val auc 0.4908
2025-12-09 15:04:34.913195: Epoch time: 54.19 s
2025-12-09 15:04:35.674291: 
2025-12-09 15:04:35.678147: Epoch 17
2025-12-09 15:04:35.680759: Current learning rate: 9e-05
2025-12-09 15:05:24.868806: train_loss 0.6847
2025-12-09 15:05:24.896264: val_loss 0.685
2025-12-09 15:05:24.900405: val classification accuracy 0.5294
2025-12-09 15:05:24.903656: val auc 0.5442
2025-12-09 15:05:24.907556: Epoch time: 49.2 s
2025-12-09 15:05:25.668520: 
2025-12-09 15:05:25.671608: Epoch 18
2025-12-09 15:05:25.673982: Current learning rate: 9e-05
2025-12-09 15:06:13.210891: train_loss 0.679
2025-12-09 15:06:13.216081: val_loss 0.6818
2025-12-09 15:06:13.220006: val classification accuracy 0.5
2025-12-09 15:06:13.222895: val auc 0.579
2025-12-09 15:06:13.226228: Epoch time: 47.54 s
2025-12-09 15:06:14.146171: 
2025-12-09 15:06:14.149980: Epoch 19
2025-12-09 15:06:14.152366: Current learning rate: 9e-05
2025-12-09 15:07:01.330713: train_loss 0.6768
2025-12-09 15:07:01.346355: val_loss 0.7361
2025-12-09 15:07:01.356633: val classification accuracy 0.4608
2025-12-09 15:07:01.369623: val auc 0.45
2025-12-09 15:07:01.374271: Epoch time: 47.19 s
2025-12-09 15:07:06.764176: Saved periodic checkpoint /hpf/projects/jquon/sumin/nnUNet_data/nnUNet_results/Dataset003_AVM_T1+C/ViTTrainer_ep300_NoMirroring__nnUNetResEncUNetLPlans__3d_fullres/fold_1/checkpoint_every20_best_balacc.pth at epoch 19 with val_balanced_accuracy=0.4608
2025-12-09 15:07:07.538358: 
2025-12-09 15:07:07.541555: Epoch 20
2025-12-09 15:07:07.543996: Current learning rate: 9e-05
2025-12-09 15:07:57.942747: train_loss 0.6971
2025-12-09 15:07:57.951366: val_loss 0.6723
2025-12-09 15:07:57.960589: val classification accuracy 0.5392
2025-12-09 15:07:57.964507: val auc 0.624
2025-12-09 15:07:57.968334: Epoch time: 50.41 s
2025-12-09 15:07:57.971517: Yayy! New best EMA pseudo Dice: 0.624
2025-12-09 15:08:04.304112: 
2025-12-09 15:08:04.312530: Epoch 21
2025-12-09 15:08:04.321952: Current learning rate: 9e-05
2025-12-09 15:08:49.631157: train_loss 0.6782
2025-12-09 15:08:49.652644: val_loss 0.6778
2025-12-09 15:08:49.659366: val classification accuracy 0.6078
2025-12-09 15:08:49.663458: val auc 0.6221
2025-12-09 15:08:49.668213: Epoch time: 45.33 s
2025-12-09 15:08:49.677042: Yayy! New best classification accuracy: 0.6078
2025-12-09 15:08:55.653572: 
2025-12-09 15:08:55.663096: Epoch 22
2025-12-09 15:08:55.666214: Current learning rate: 9e-05
2025-12-09 15:09:45.512109: train_loss 0.6808
2025-12-09 15:09:45.525218: val_loss 0.677
2025-12-09 15:09:45.528994: val classification accuracy 0.5294
2025-12-09 15:09:45.532137: val auc 0.5938
2025-12-09 15:09:45.534897: Epoch time: 49.86 s
2025-12-09 15:09:46.295285: 
2025-12-09 15:09:46.299099: Epoch 23
2025-12-09 15:09:46.303976: Current learning rate: 9e-05
2025-12-09 15:10:38.452222: train_loss 0.6998
2025-12-09 15:10:38.462600: val_loss 0.7089
2025-12-09 15:10:38.468700: val classification accuracy 0.402
2025-12-09 15:10:38.472663: val auc 0.4529
2025-12-09 15:10:38.478243: Epoch time: 52.16 s
2025-12-09 15:10:39.241374: 
2025-12-09 15:10:39.244462: Epoch 24
2025-12-09 15:10:39.247998: Current learning rate: 9e-05
2025-12-09 15:11:31.392330: train_loss 0.682
2025-12-09 15:11:31.410011: val_loss 0.6975
2025-12-09 15:11:31.413811: val classification accuracy 0.4608
2025-12-09 15:11:31.424349: val auc 0.4892
2025-12-09 15:11:31.430028: Epoch time: 52.15 s
2025-12-09 15:11:32.389395: 
2025-12-09 15:11:32.394946: Epoch 25
2025-12-09 15:11:32.398988: Current learning rate: 9e-05
2025-12-09 15:12:22.939483: train_loss 0.6821
2025-12-09 15:12:22.953593: val_loss 0.7167
2025-12-09 15:12:22.956640: val classification accuracy 0.5098
2025-12-09 15:12:22.960545: val auc 0.4767
2025-12-09 15:12:22.966727: Epoch time: 50.55 s
2025-12-09 15:12:23.749714: 
2025-12-09 15:12:23.755183: Epoch 26
2025-12-09 15:12:23.763166: Current learning rate: 9e-05
2025-12-09 15:13:11.241553: train_loss 0.6752
2025-12-09 15:13:11.245962: val_loss 0.6717
2025-12-09 15:13:11.248766: val classification accuracy 0.5392
2025-12-09 15:13:11.251886: val auc 0.6309
2025-12-09 15:13:11.254795: Epoch time: 47.49 s
2025-12-09 15:13:11.257391: Yayy! New best EMA pseudo Dice: 0.6309
2025-12-09 15:13:17.217057: 
2025-12-09 15:13:17.220492: Epoch 27
2025-12-09 15:13:17.222949: Current learning rate: 9e-05
2025-12-09 15:14:05.655047: train_loss 0.693
2025-12-09 15:14:05.659669: val_loss 0.6874
2025-12-09 15:14:05.662665: val classification accuracy 0.5
2025-12-09 15:14:05.665596: val auc 0.5238
2025-12-09 15:14:05.691871: Epoch time: 48.44 s
2025-12-09 15:14:07.200511: 
2025-12-09 15:14:07.203768: Epoch 28
2025-12-09 15:14:07.206141: Current learning rate: 9e-05
2025-12-09 15:14:57.120796: train_loss 0.68
2025-12-09 15:14:57.125313: val_loss 0.6914
2025-12-09 15:14:57.166570: val classification accuracy 0.549
2025-12-09 15:14:57.175967: val auc 0.55
2025-12-09 15:14:57.179196: Epoch time: 49.92 s
2025-12-09 15:14:57.958781: 
2025-12-09 15:14:57.962315: Epoch 29
2025-12-09 15:14:57.965100: Current learning rate: 9e-05
2025-12-09 15:15:49.468585: train_loss 0.6702
2025-12-09 15:15:49.486084: val_loss 0.6828
2025-12-09 15:15:49.489510: val classification accuracy 0.549
2025-12-09 15:15:49.493112: val auc 0.6328
2025-12-09 15:15:49.496358: Epoch time: 51.51 s
2025-12-09 15:15:49.499240: Yayy! New best EMA pseudo Dice: 0.6328
2025-12-09 15:15:55.331772: 
2025-12-09 15:15:55.335258: Epoch 30
2025-12-09 15:15:55.344342: Current learning rate: 9e-05
2025-12-09 15:16:47.349956: train_loss 0.6671
2025-12-09 15:16:47.356630: val_loss 0.6684
2025-12-09 15:16:47.373157: val classification accuracy 0.5588
2025-12-09 15:16:47.376347: val auc 0.6128
2025-12-09 15:16:47.379472: Epoch time: 52.02 s
2025-12-09 15:16:48.264683: 
2025-12-09 15:16:48.268074: Epoch 31
2025-12-09 15:16:48.270540: Current learning rate: 9e-05
2025-12-09 15:17:38.064583: train_loss 0.6865
2025-12-09 15:17:38.075120: val_loss 0.7419
2025-12-09 15:17:38.080775: val classification accuracy 0.4118
2025-12-09 15:17:38.085858: val auc 0.3806
2025-12-09 15:17:38.090277: Epoch time: 49.8 s
2025-12-09 15:17:38.915247: 
2025-12-09 15:17:38.919192: Epoch 32
2025-12-09 15:17:38.922083: Current learning rate: 9e-05
2025-12-09 15:18:29.167535: train_loss 0.6712
2025-12-09 15:18:29.213236: val_loss 0.6869
2025-12-09 15:18:29.217927: val classification accuracy 0.4902
2025-12-09 15:18:29.222208: val auc 0.5452
2025-12-09 15:18:29.228478: Epoch time: 50.25 s
2025-12-09 15:18:30.096483: 
2025-12-09 15:18:30.100457: Epoch 33
2025-12-09 15:18:30.103206: Current learning rate: 9e-05
2025-12-09 15:19:23.847580: train_loss 0.6864
2025-12-09 15:19:23.871234: val_loss 0.6871
2025-12-09 15:19:23.874854: val classification accuracy 0.549
2025-12-09 15:19:23.878193: val auc 0.5402
2025-12-09 15:19:23.887032: Epoch time: 53.75 s
2025-12-09 15:19:24.719663: 
2025-12-09 15:19:24.723115: Epoch 34
2025-12-09 15:19:24.725533: Current learning rate: 9e-05
2025-12-09 15:20:12.146044: train_loss 0.6744
2025-12-09 15:20:12.151293: val_loss 0.6784
2025-12-09 15:20:12.174603: val classification accuracy 0.5294
2025-12-09 15:20:12.177254: val auc 0.5978
2025-12-09 15:20:12.179793: Epoch time: 47.43 s
2025-12-09 15:20:12.968385: 
2025-12-09 15:20:12.971841: Epoch 35
2025-12-09 15:20:12.974402: Current learning rate: 9e-05
2025-12-09 15:21:03.304806: train_loss 0.6639
2025-12-09 15:21:03.309091: val_loss 0.7396
2025-12-09 15:21:03.312306: val classification accuracy 0.5
2025-12-09 15:21:03.316576: val auc 0.5907
2025-12-09 15:21:03.319589: Epoch time: 50.34 s
2025-12-09 15:21:04.171013: 
2025-12-09 15:21:04.174738: Epoch 36
2025-12-09 15:21:04.177222: Current learning rate: 9e-05
2025-12-09 15:21:56.812309: train_loss 0.6693
2025-12-09 15:21:56.819226: val_loss 0.7052
2025-12-09 15:21:56.824749: val classification accuracy 0.5294
2025-12-09 15:21:56.838784: val auc 0.5667
2025-12-09 15:21:56.842272: Epoch time: 52.64 s
2025-12-09 15:21:57.752491: 
2025-12-09 15:21:57.759259: Epoch 37
2025-12-09 15:21:57.762126: Current learning rate: 9e-05
2025-12-09 15:22:45.525111: train_loss 0.6726
2025-12-09 15:22:45.529765: val_loss 0.6711
2025-12-09 15:22:45.532721: val classification accuracy 0.5588
2025-12-09 15:22:45.535589: val auc 0.5717
2025-12-09 15:22:45.538675: Epoch time: 47.77 s
2025-12-09 15:22:46.321929: 
2025-12-09 15:22:46.326070: Epoch 38
2025-12-09 15:22:46.328477: Current learning rate: 9e-05
2025-12-09 15:23:37.578326: train_loss 0.6801
2025-12-09 15:23:37.603680: val_loss 0.6898
2025-12-09 15:23:37.606889: val classification accuracy 0.4706
2025-12-09 15:23:37.634075: val auc 0.5598
2025-12-09 15:23:37.642721: Epoch time: 51.26 s
2025-12-09 15:23:38.444038: 
2025-12-09 15:23:38.448100: Epoch 39
2025-12-09 15:23:38.450766: Current learning rate: 9e-05
2025-12-09 15:24:29.143147: train_loss 0.6813
2025-12-09 15:24:29.155663: val_loss 0.6729
2025-12-09 15:24:29.159109: val classification accuracy 0.6176
2025-12-09 15:24:29.163485: val auc 0.5875
2025-12-09 15:24:29.184541: Epoch time: 50.7 s
2025-12-09 15:24:34.695719: Saved periodic checkpoint /hpf/projects/jquon/sumin/nnUNet_data/nnUNet_results/Dataset003_AVM_T1+C/ViTTrainer_ep300_NoMirroring__nnUNetResEncUNetLPlans__3d_fullres/fold_1/checkpoint_every20_best_balacc.pth at epoch 39 with val_balanced_accuracy=0.6176
2025-12-09 15:24:34.699173: Yayy! New best classification accuracy: 0.6176
2025-12-09 15:24:40.791377: 
2025-12-09 15:24:40.794594: Epoch 40
2025-12-09 15:24:40.797076: Current learning rate: 9e-05
2025-12-09 15:25:28.968306: train_loss 0.6722
2025-12-09 15:25:28.978817: val_loss 0.681
2025-12-09 15:25:28.981629: val classification accuracy 0.5196
2025-12-09 15:25:28.988282: val auc 0.6401
2025-12-09 15:25:28.991329: Epoch time: 48.18 s
2025-12-09 15:25:28.994614: Yayy! New best EMA pseudo Dice: 0.6401
2025-12-09 15:25:35.442138: 
2025-12-09 15:25:35.445606: Epoch 41
2025-12-09 15:25:35.448165: Current learning rate: 9e-05
2025-12-09 15:26:27.341649: train_loss 0.678
2025-12-09 15:26:27.345938: val_loss 0.7028
2025-12-09 15:26:27.348861: val classification accuracy 0.5196
2025-12-09 15:26:27.351598: val auc 0.5185
2025-12-09 15:26:27.354243: Epoch time: 51.9 s
2025-12-09 15:26:28.139941: 
2025-12-09 15:26:28.143522: Epoch 42
2025-12-09 15:26:28.146036: Current learning rate: 9e-05
2025-12-09 15:27:18.604758: train_loss 0.677
2025-12-09 15:27:18.616134: val_loss 0.6745
2025-12-09 15:27:18.620468: val classification accuracy 0.5686
2025-12-09 15:27:18.624088: val auc 0.6017
2025-12-09 15:27:18.628284: Epoch time: 50.47 s
2025-12-09 15:27:19.449311: 
2025-12-09 15:27:19.455100: Epoch 43
2025-12-09 15:27:19.458136: Current learning rate: 9e-05
2025-12-09 15:28:10.315781: train_loss 0.6602
2025-12-09 15:28:10.340235: val_loss 0.6992
2025-12-09 15:28:10.354934: val classification accuracy 0.5196
2025-12-09 15:28:10.358537: val auc 0.5311
2025-12-09 15:28:10.361662: Epoch time: 50.87 s
2025-12-09 15:28:11.139742: 
2025-12-09 15:28:11.143152: Epoch 44
2025-12-09 15:28:11.145620: Current learning rate: 9e-05
2025-12-09 15:28:59.619209: train_loss 0.6802
2025-12-09 15:28:59.630934: val_loss 0.6723
2025-12-09 15:28:59.634563: val classification accuracy 0.5392
2025-12-09 15:28:59.638599: val auc 0.5894
2025-12-09 15:28:59.642374: Epoch time: 48.48 s
2025-12-09 15:29:00.475046: 
2025-12-09 15:29:00.478702: Epoch 45
2025-12-09 15:29:00.481187: Current learning rate: 9e-05
2025-12-09 15:29:51.425201: train_loss 0.6682
2025-12-09 15:29:51.435910: val_loss 0.6999
2025-12-09 15:29:51.441624: val classification accuracy 0.5686
2025-12-09 15:29:51.446652: val auc 0.5265
2025-12-09 15:29:51.452478: Epoch time: 50.95 s
2025-12-09 15:29:52.232755: 
2025-12-09 15:29:52.236741: Epoch 46
2025-12-09 15:29:52.239704: Current learning rate: 9e-05
2025-12-09 15:30:42.002360: train_loss 0.6772
2025-12-09 15:30:42.010392: val_loss 0.6951
2025-12-09 15:30:42.013507: val classification accuracy 0.5294
2025-12-09 15:30:42.016858: val auc 0.5367
2025-12-09 15:30:42.019806: Epoch time: 49.77 s
2025-12-09 15:30:42.890249: 
2025-12-09 15:30:42.893775: Epoch 47
2025-12-09 15:30:42.896244: Current learning rate: 9e-05
2025-12-09 15:31:35.893304: train_loss 0.6804
2025-12-09 15:31:35.897222: val_loss 0.7127
2025-12-09 15:31:35.899598: val classification accuracy 0.451
2025-12-09 15:31:35.902666: val auc 0.495
2025-12-09 15:31:35.905217: Epoch time: 53.0 s
2025-12-09 15:31:36.671630: 
2025-12-09 15:31:36.675172: Epoch 48
2025-12-09 15:31:36.677794: Current learning rate: 9e-05
2025-12-09 15:32:28.008304: train_loss 0.671
2025-12-09 15:32:28.020358: val_loss 0.7017
2025-12-09 15:32:28.049584: val classification accuracy 0.5196
2025-12-09 15:32:28.075491: val auc 0.5173
2025-12-09 15:32:28.080023: Epoch time: 51.34 s
2025-12-09 15:32:28.932547: 
2025-12-09 15:32:28.937290: Epoch 49
2025-12-09 15:32:28.940298: Current learning rate: 9e-05
2025-12-09 15:33:19.020919: train_loss 0.6782
2025-12-09 15:33:19.026075: val_loss 0.6695
2025-12-09 15:33:19.029192: val classification accuracy 0.5588
2025-12-09 15:33:19.031983: val auc 0.6201
2025-12-09 15:33:19.034885: Epoch time: 50.09 s
2025-12-09 15:33:19.793909: 
2025-12-09 15:33:19.797220: Epoch 50
2025-12-09 15:33:19.799668: Current learning rate: 8e-05
2025-12-09 15:34:09.470500: train_loss 0.672
2025-12-09 15:34:09.477338: val_loss 0.7033
2025-12-09 15:34:09.491905: val classification accuracy 0.4412
2025-12-09 15:34:09.495262: val auc 0.485
2025-12-09 15:34:09.498581: Epoch time: 49.68 s
2025-12-09 15:34:10.388031: 
2025-12-09 15:34:10.391656: Epoch 51
2025-12-09 15:34:10.394574: Current learning rate: 8e-05
2025-12-09 15:34:58.664191: train_loss 0.6789
2025-12-09 15:34:58.669599: val_loss 0.7202
2025-12-09 15:34:58.682420: val classification accuracy 0.5294
2025-12-09 15:34:58.726752: val auc 0.5331
2025-12-09 15:34:58.730144: Epoch time: 48.28 s
2025-12-09 15:34:59.479025: 
2025-12-09 15:34:59.482667: Epoch 52
2025-12-09 15:34:59.485231: Current learning rate: 8e-05
2025-12-09 15:35:48.459182: train_loss 0.6874
2025-12-09 15:35:48.472162: val_loss 0.6907
2025-12-09 15:35:48.476334: val classification accuracy 0.549
2025-12-09 15:35:48.487489: val auc 0.575
2025-12-09 15:35:48.490967: Epoch time: 48.98 s
2025-12-09 15:35:49.345136: 
2025-12-09 15:35:49.348770: Epoch 53
2025-12-09 15:35:49.351613: Current learning rate: 8e-05
2025-12-09 15:36:39.018809: train_loss 0.6664
2025-12-09 15:36:39.023206: val_loss 0.7233
2025-12-09 15:36:39.030515: val classification accuracy 0.5
2025-12-09 15:36:39.042797: val auc 0.4685
2025-12-09 15:36:39.046906: Epoch time: 49.67 s
2025-12-09 15:36:40.479993: 
2025-12-09 15:36:40.483721: Epoch 54
2025-12-09 15:36:40.486316: Current learning rate: 8e-05
2025-12-09 15:37:31.188169: train_loss 0.6756
2025-12-09 15:37:31.192016: val_loss 0.7407
2025-12-09 15:37:31.194608: val classification accuracy 0.5294
2025-12-09 15:37:31.197222: val auc 0.4304
2025-12-09 15:37:31.199728: Epoch time: 50.71 s
2025-12-09 15:37:31.973107: 
2025-12-09 15:37:31.976424: Epoch 55
2025-12-09 15:37:31.979000: Current learning rate: 8e-05
2025-12-09 15:38:22.207267: train_loss 0.6947
2025-12-09 15:38:22.211746: val_loss 0.6606
2025-12-09 15:38:22.220859: val classification accuracy 0.5588
2025-12-09 15:38:22.224165: val auc 0.6473
2025-12-09 15:38:22.227197: Epoch time: 50.24 s
2025-12-09 15:38:22.229817: Yayy! New best EMA pseudo Dice: 0.6473
2025-12-09 15:38:28.235305: 
2025-12-09 15:38:28.238591: Epoch 56
2025-12-09 15:38:28.241464: Current learning rate: 8e-05
2025-12-09 15:39:17.657159: train_loss 0.6682
2025-12-09 15:39:17.662064: val_loss 0.6841
2025-12-09 15:39:17.664841: val classification accuracy 0.5686
2025-12-09 15:39:17.668502: val auc 0.5308
2025-12-09 15:39:17.671191: Epoch time: 49.42 s
2025-12-09 15:39:18.513678: 
2025-12-09 15:39:18.517086: Epoch 57
2025-12-09 15:39:18.519420: Current learning rate: 8e-05
2025-12-09 15:40:08.867729: train_loss 0.6608
2025-12-09 15:40:08.891487: val_loss 0.7032
2025-12-09 15:40:08.894868: val classification accuracy 0.5196
2025-12-09 15:40:08.900852: val auc 0.5098
2025-12-09 15:40:08.907638: Epoch time: 50.36 s
2025-12-09 15:40:09.690568: 
2025-12-09 15:40:09.694347: Epoch 58
2025-12-09 15:40:09.697243: Current learning rate: 8e-05
2025-12-09 15:41:00.411228: train_loss 0.6611
2025-12-09 15:41:00.415269: val_loss 0.6692
2025-12-09 15:41:00.423291: val classification accuracy 0.5588
2025-12-09 15:41:00.427096: val auc 0.6907
2025-12-09 15:41:00.430287: Epoch time: 50.72 s
2025-12-09 15:41:00.435853: Yayy! New best EMA pseudo Dice: 0.6907
2025-12-09 15:41:06.754121: 
2025-12-09 15:41:06.757698: Epoch 59
2025-12-09 15:41:06.763783: Current learning rate: 8e-05
2025-12-09 15:42:00.991276: train_loss 0.6497
2025-12-09 15:42:01.014602: val_loss 0.7238
2025-12-09 15:42:01.023460: val classification accuracy 0.5588
2025-12-09 15:42:01.028670: val auc 0.6332
2025-12-09 15:42:01.039782: Epoch time: 54.24 s
2025-12-09 15:42:02.037292: 
2025-12-09 15:42:02.041592: Epoch 60
2025-12-09 15:42:02.044557: Current learning rate: 8e-05
2025-12-09 15:42:56.014317: train_loss 0.6765
2025-12-09 15:42:56.018998: val_loss 0.724
2025-12-09 15:42:56.024841: val classification accuracy 0.4608
2025-12-09 15:42:56.027911: val auc 0.4304
2025-12-09 15:42:56.031391: Epoch time: 53.98 s
2025-12-09 15:42:56.824850: 
2025-12-09 15:42:56.828790: Epoch 61
2025-12-09 15:42:56.832458: Current learning rate: 8e-05
2025-12-09 15:43:47.864909: train_loss 0.6824
2025-12-09 15:43:47.897428: val_loss 0.698
2025-12-09 15:43:47.901740: val classification accuracy 0.5294
2025-12-09 15:43:47.905083: val auc 0.5161
2025-12-09 15:43:47.908418: Epoch time: 51.04 s
2025-12-09 15:43:48.771754: 
2025-12-09 15:43:48.775255: Epoch 62
2025-12-09 15:43:48.777756: Current learning rate: 8e-05
2025-12-09 15:44:41.424548: train_loss 0.6673
2025-12-09 15:44:41.445405: val_loss 0.7036
2025-12-09 15:44:41.478170: val classification accuracy 0.4902
2025-12-09 15:44:41.482901: val auc 0.491
2025-12-09 15:44:41.486273: Epoch time: 52.65 s
2025-12-09 15:44:42.285831: 
2025-12-09 15:44:42.289321: Epoch 63
2025-12-09 15:44:42.291894: Current learning rate: 8e-05
2025-12-09 15:45:32.516267: train_loss 0.6716
2025-12-09 15:45:32.530448: val_loss 0.6931
2025-12-09 15:45:32.534211: val classification accuracy 0.5196
2025-12-09 15:45:32.537539: val auc 0.5709
2025-12-09 15:45:32.541443: Epoch time: 50.23 s
2025-12-09 15:45:33.376609: 
2025-12-09 15:45:33.380111: Epoch 64
2025-12-09 15:45:33.382651: Current learning rate: 8e-05
2025-12-09 15:46:24.345139: train_loss 0.6979
2025-12-09 15:46:24.349260: val_loss 0.6777
2025-12-09 15:46:24.352503: val classification accuracy 0.5784
2025-12-09 15:46:24.355477: val auc 0.6674
2025-12-09 15:46:24.358262: Epoch time: 50.97 s
2025-12-09 15:46:25.125555: 
2025-12-09 15:46:25.128986: Epoch 65
2025-12-09 15:46:25.131622: Current learning rate: 8e-05
2025-12-09 15:47:14.646615: train_loss 0.6577
2025-12-09 15:47:14.650734: val_loss 0.7254
2025-12-09 15:47:14.653395: val classification accuracy 0.4706
2025-12-09 15:47:14.655914: val auc 0.5925
2025-12-09 15:47:14.658743: Epoch time: 49.52 s
2025-12-09 15:47:15.454063: 
2025-12-09 15:47:15.457611: Epoch 66
2025-12-09 15:47:15.460271: Current learning rate: 8e-05
2025-12-09 15:48:04.312182: train_loss 0.6852
2025-12-09 15:48:04.330582: val_loss 0.7008
2025-12-09 15:48:04.334585: val classification accuracy 0.4804
2025-12-09 15:48:04.337519: val auc 0.5905
2025-12-09 15:48:04.340513: Epoch time: 48.86 s
2025-12-09 15:48:05.118370: 
2025-12-09 15:48:05.121965: Epoch 67
2025-12-09 15:48:05.124849: Current learning rate: 8e-05
2025-12-09 15:48:55.208125: train_loss 0.6684
2025-12-09 15:48:55.224221: val_loss 0.6835
2025-12-09 15:48:55.227805: val classification accuracy 0.5588
2025-12-09 15:48:55.231131: val auc 0.5865
2025-12-09 15:48:55.234327: Epoch time: 50.09 s
2025-12-09 15:48:56.702972: 
2025-12-09 15:48:56.706447: Epoch 68
2025-12-09 15:48:56.710903: Current learning rate: 8e-05
2025-12-09 15:49:44.528162: train_loss 0.65
2025-12-09 15:49:44.532518: val_loss 0.7157
2025-12-09 15:49:44.537359: val classification accuracy 0.4804
2025-12-09 15:49:44.540367: val auc 0.5313
2025-12-09 15:49:44.543353: Epoch time: 47.83 s
2025-12-09 15:49:45.383769: 
2025-12-09 15:49:45.387156: Epoch 69
2025-12-09 15:49:45.389583: Current learning rate: 8e-05
2025-12-09 15:50:31.421416: train_loss 0.667
2025-12-09 15:50:31.425297: val_loss 0.6812
2025-12-09 15:50:31.428433: val classification accuracy 0.5392
2025-12-09 15:50:31.430945: val auc 0.5796
2025-12-09 15:50:31.433466: Epoch time: 46.04 s
2025-12-09 15:50:32.157959: 
2025-12-09 15:50:32.160959: Epoch 70
2025-12-09 15:50:32.163478: Current learning rate: 8e-05
2025-12-09 15:51:21.821337: train_loss 0.6608
2025-12-09 15:51:21.842291: val_loss 0.6955
2025-12-09 15:51:21.868346: val classification accuracy 0.5098
2025-12-09 15:51:21.891863: val auc 0.5502
2025-12-09 15:51:21.896315: Epoch time: 49.66 s
2025-12-09 15:51:22.766921: 
2025-12-09 15:51:22.770977: Epoch 71
2025-12-09 15:51:22.773575: Current learning rate: 8e-05
2025-12-09 15:52:14.943866: train_loss 0.6739
2025-12-09 15:52:14.953059: val_loss 0.7436
2025-12-09 15:52:14.961277: val classification accuracy 0.4902
2025-12-09 15:52:14.964410: val auc 0.4591
2025-12-09 15:52:14.968623: Epoch time: 52.18 s
2025-12-09 15:52:15.713695: 
2025-12-09 15:52:15.716970: Epoch 72
2025-12-09 15:52:15.719122: Current learning rate: 8e-05
2025-12-09 15:53:04.545414: train_loss 0.661
2025-12-09 15:53:04.599056: val_loss 0.739
2025-12-09 15:53:04.602391: val classification accuracy 0.4314
2025-12-09 15:53:04.605650: val auc 0.4691
2025-12-09 15:53:04.609477: Epoch time: 48.83 s
2025-12-09 15:53:05.525523: 
2025-12-09 15:53:05.528827: Epoch 73
2025-12-09 15:53:05.531484: Current learning rate: 8e-05
2025-12-09 15:53:56.299937: train_loss 0.6683
2025-12-09 15:53:56.308203: val_loss 0.6922
2025-12-09 15:53:56.311515: val classification accuracy 0.5392
2025-12-09 15:53:56.327137: val auc 0.5627
2025-12-09 15:53:56.332820: Epoch time: 50.78 s
2025-12-09 15:53:57.123271: 
2025-12-09 15:53:57.126338: Epoch 74
2025-12-09 15:53:57.128750: Current learning rate: 8e-05
2025-12-09 15:54:51.316734: train_loss 0.6831
2025-12-09 15:54:51.332979: val_loss 0.7142
2025-12-09 15:54:51.345695: val classification accuracy 0.4608
2025-12-09 15:54:51.356158: val auc 0.5356
2025-12-09 15:54:51.362362: Epoch time: 54.19 s
2025-12-09 15:54:52.132669: 
2025-12-09 15:54:52.136783: Epoch 75
2025-12-09 15:54:52.139761: Current learning rate: 8e-05
2025-12-09 15:55:43.268740: train_loss 0.6583
2025-12-09 15:55:43.296566: val_loss 0.6111
2025-12-09 15:55:43.300837: val classification accuracy 0.6471
2025-12-09 15:55:43.304085: val auc 0.7334
2025-12-09 15:55:43.307456: Epoch time: 51.14 s
2025-12-09 15:55:43.310240: Yayy! New best EMA pseudo Dice: 0.7334
2025-12-09 15:55:48.535795: Yayy! New best classification accuracy: 0.6471
2025-12-09 15:55:52.958962: 
2025-12-09 15:55:52.964932: Epoch 76
2025-12-09 15:55:52.968441: Current learning rate: 8e-05
2025-12-09 15:56:45.622597: train_loss 0.6751
2025-12-09 15:56:45.635889: val_loss 0.6805
2025-12-09 15:56:45.639395: val classification accuracy 0.5588
2025-12-09 15:56:45.643028: val auc 0.6136
2025-12-09 15:56:45.646870: Epoch time: 52.67 s
2025-12-09 15:56:46.423108: 
2025-12-09 15:56:46.426481: Epoch 77
2025-12-09 15:56:46.428904: Current learning rate: 8e-05
2025-12-09 15:57:40.485103: train_loss 0.6756
2025-12-09 15:57:40.491356: val_loss 0.6486
2025-12-09 15:57:40.494689: val classification accuracy 0.5784
2025-12-09 15:57:40.497861: val auc 0.6482
2025-12-09 15:57:40.500895: Epoch time: 54.06 s
2025-12-09 15:57:41.267350: 
2025-12-09 15:57:41.271714: Epoch 78
2025-12-09 15:57:41.274942: Current learning rate: 8e-05
2025-12-09 15:58:33.060322: train_loss 0.661
2025-12-09 15:58:33.065186: val_loss 0.6613
2025-12-09 15:58:33.072155: val classification accuracy 0.5686
2025-12-09 15:58:33.077058: val auc 0.6503
2025-12-09 15:58:33.079843: Epoch time: 51.79 s
2025-12-09 15:58:33.856971: 
2025-12-09 15:58:33.864447: Epoch 79
2025-12-09 15:58:33.870123: Current learning rate: 8e-05
2025-12-09 15:59:22.479887: train_loss 0.6855
2025-12-09 15:59:22.492496: val_loss 0.6813
2025-12-09 15:59:22.495188: val classification accuracy 0.5098
2025-12-09 15:59:22.497896: val auc 0.564
2025-12-09 15:59:22.501183: Epoch time: 48.62 s
2025-12-09 15:59:23.342355: 
2025-12-09 15:59:23.345967: Epoch 80
2025-12-09 15:59:23.348413: Current learning rate: 8e-05
2025-12-09 16:00:16.430203: train_loss 0.6736
2025-12-09 16:00:16.435728: val_loss 0.7053
2025-12-09 16:00:16.439369: val classification accuracy 0.5098
2025-12-09 16:00:16.444473: val auc 0.5179
2025-12-09 16:00:16.447912: Epoch time: 53.09 s
2025-12-09 16:00:18.004167: 
2025-12-09 16:00:18.007581: Epoch 81
2025-12-09 16:00:18.010099: Current learning rate: 8e-05
2025-12-09 16:01:08.993238: train_loss 0.6589
2025-12-09 16:01:08.998791: val_loss 0.6745
2025-12-09 16:01:09.001825: val classification accuracy 0.5686
2025-12-09 16:01:09.004806: val auc 0.6201
2025-12-09 16:01:09.007887: Epoch time: 50.99 s
2025-12-09 16:01:09.791048: 
2025-12-09 16:01:09.794504: Epoch 82
2025-12-09 16:01:09.797117: Current learning rate: 8e-05
2025-12-09 16:02:04.388948: train_loss 0.6569
2025-12-09 16:02:04.394640: val_loss 0.717
2025-12-09 16:02:04.397821: val classification accuracy 0.4902
2025-12-09 16:02:04.400822: val auc 0.5206
2025-12-09 16:02:04.403573: Epoch time: 54.6 s
2025-12-09 16:02:05.272938: 
2025-12-09 16:02:05.276293: Epoch 83
2025-12-09 16:02:05.278976: Current learning rate: 7e-05
2025-12-09 16:02:59.328301: train_loss 0.6714
2025-12-09 16:02:59.334319: val_loss 0.7373
2025-12-09 16:02:59.337326: val classification accuracy 0.4608
2025-12-09 16:02:59.340050: val auc 0.4175
2025-12-09 16:02:59.342851: Epoch time: 54.06 s
2025-12-09 16:03:00.164972: 
2025-12-09 16:03:00.169044: Epoch 84
2025-12-09 16:03:00.171746: Current learning rate: 7e-05
2025-12-09 16:03:56.147156: train_loss 0.679
2025-12-09 16:03:56.165330: val_loss 0.7075
2025-12-09 16:03:56.176399: val classification accuracy 0.549
2025-12-09 16:03:56.179627: val auc 0.4996
2025-12-09 16:03:56.183336: Epoch time: 55.98 s
2025-12-09 16:03:56.988613: 
2025-12-09 16:03:56.992435: Epoch 85
2025-12-09 16:03:56.994985: Current learning rate: 7e-05
2025-12-09 16:04:49.637473: train_loss 0.676
2025-12-09 16:04:49.648058: val_loss 0.6659
2025-12-09 16:04:49.657916: val classification accuracy 0.5882
2025-12-09 16:04:49.661557: val auc 0.6159
2025-12-09 16:04:49.664935: Epoch time: 52.65 s
2025-12-09 16:04:50.503021: 
2025-12-09 16:04:50.506754: Epoch 86
2025-12-09 16:04:50.511930: Current learning rate: 7e-05
2025-12-09 16:05:42.301394: train_loss 0.6766
2025-12-09 16:05:42.308626: val_loss 0.7108
2025-12-09 16:05:42.311974: val classification accuracy 0.4902
2025-12-09 16:05:42.320610: val auc 0.4806
2025-12-09 16:05:42.324230: Epoch time: 51.8 s
2025-12-09 16:05:43.118706: 
2025-12-09 16:05:43.122358: Epoch 87
2025-12-09 16:05:43.125094: Current learning rate: 7e-05
2025-12-09 16:06:31.839115: train_loss 0.6592
2025-12-09 16:06:31.844046: val_loss 0.6924
2025-12-09 16:06:31.850045: val classification accuracy 0.5294
2025-12-09 16:06:31.853093: val auc 0.5554
2025-12-09 16:06:31.856217: Epoch time: 48.72 s
2025-12-09 16:06:32.633995: 
2025-12-09 16:06:32.637611: Epoch 88
2025-12-09 16:06:32.640196: Current learning rate: 7e-05
2025-12-09 16:07:24.399102: train_loss 0.6639
2025-12-09 16:07:24.406017: val_loss 0.7376
2025-12-09 16:07:24.409163: val classification accuracy 0.5098
2025-12-09 16:07:24.412014: val auc 0.565
2025-12-09 16:07:24.415266: Epoch time: 51.77 s
2025-12-09 16:07:25.200344: 
2025-12-09 16:07:25.204581: Epoch 89
2025-12-09 16:07:25.207295: Current learning rate: 7e-05
2025-12-09 16:08:14.768322: train_loss 0.6913
2025-12-09 16:08:14.772685: val_loss 0.6502
2025-12-09 16:08:14.776697: val classification accuracy 0.6078
2025-12-09 16:08:14.780597: val auc 0.658
2025-12-09 16:08:14.784528: Epoch time: 49.57 s
2025-12-09 16:08:15.671121: 
2025-12-09 16:08:15.674729: Epoch 90
2025-12-09 16:08:15.677272: Current learning rate: 7e-05
2025-12-09 16:09:08.269040: train_loss 0.672
2025-12-09 16:09:08.273515: val_loss 0.6316
2025-12-09 16:09:08.276421: val classification accuracy 0.6275
2025-12-09 16:09:08.279166: val auc 0.6918
2025-12-09 16:09:08.281952: Epoch time: 52.6 s
2025-12-09 16:09:09.188032: 
2025-12-09 16:09:09.191492: Epoch 91
2025-12-09 16:09:09.194241: Current learning rate: 7e-05
2025-12-09 16:10:00.751965: train_loss 0.6695
2025-12-09 16:10:00.757014: val_loss 0.6874
2025-12-09 16:10:00.764759: val classification accuracy 0.5882
2025-12-09 16:10:00.767912: val auc 0.5871
2025-12-09 16:10:00.770959: Epoch time: 51.56 s
2025-12-09 16:10:01.625684: 
2025-12-09 16:10:01.629037: Epoch 92
2025-12-09 16:10:01.631733: Current learning rate: 7e-05
2025-12-09 16:10:54.015671: train_loss 0.6616
2025-12-09 16:10:54.020029: val_loss 0.6837
2025-12-09 16:10:54.022695: val classification accuracy 0.5
2025-12-09 16:10:54.025137: val auc 0.5767
2025-12-09 16:10:54.034743: Epoch time: 52.39 s
2025-12-09 16:10:54.905038: 
2025-12-09 16:10:54.908369: Epoch 93
2025-12-09 16:10:54.910889: Current learning rate: 7e-05
2025-12-09 16:11:46.812311: train_loss 0.6323
2025-12-09 16:11:46.818702: val_loss 0.7706
2025-12-09 16:11:46.822380: val classification accuracy 0.4314
2025-12-09 16:11:46.825563: val auc 0.5584
2025-12-09 16:11:46.829649: Epoch time: 51.91 s
2025-12-09 16:11:48.343244: 
2025-12-09 16:11:48.346707: Epoch 94
2025-12-09 16:11:48.349237: Current learning rate: 7e-05
2025-12-09 16:12:45.817226: train_loss 0.6643
2025-12-09 16:12:45.840681: val_loss 0.6815
2025-12-09 16:12:45.858472: val classification accuracy 0.5392
2025-12-09 16:12:45.863164: val auc 0.5671
2025-12-09 16:12:45.867490: Epoch time: 57.47 s
2025-12-09 16:12:46.768341: 
2025-12-09 16:12:46.772322: Epoch 95
2025-12-09 16:12:46.775255: Current learning rate: 7e-05
2025-12-09 16:13:42.232542: train_loss 0.6546
2025-12-09 16:13:42.259991: val_loss 0.721
2025-12-09 16:13:42.264396: val classification accuracy 0.4706
2025-12-09 16:13:42.267397: val auc 0.4721
2025-12-09 16:13:42.270808: Epoch time: 55.47 s
2025-12-09 16:13:43.026079: 
2025-12-09 16:13:43.031664: Epoch 96
2025-12-09 16:13:43.035040: Current learning rate: 7e-05
2025-12-09 16:14:35.073063: train_loss 0.6815
2025-12-09 16:14:35.095342: val_loss 0.6818
2025-12-09 16:14:35.098943: val classification accuracy 0.5098
2025-12-09 16:14:35.102121: val auc 0.5911
2025-12-09 16:14:35.105448: Epoch time: 52.05 s
2025-12-09 16:14:35.947670: 
2025-12-09 16:14:35.951547: Epoch 97
2025-12-09 16:14:35.954339: Current learning rate: 7e-05
2025-12-09 16:15:28.640688: train_loss 0.6598
2025-12-09 16:15:28.645125: val_loss 0.6974
2025-12-09 16:15:28.648911: val classification accuracy 0.5392
2025-12-09 16:15:28.651764: val auc 0.5571
2025-12-09 16:15:28.654366: Epoch time: 52.69 s
2025-12-09 16:15:29.520703: 
2025-12-09 16:15:29.524622: Epoch 98
2025-12-09 16:15:29.527446: Current learning rate: 7e-05
2025-12-09 16:16:20.249244: train_loss 0.6625
2025-12-09 16:16:20.253579: val_loss 0.7233
2025-12-09 16:16:20.256431: val classification accuracy 0.5098
2025-12-09 16:16:20.259260: val auc 0.5229
2025-12-09 16:16:20.272511: Epoch time: 50.73 s
2025-12-09 16:16:21.057050: 
2025-12-09 16:16:21.060840: Epoch 99
2025-12-09 16:16:21.063925: Current learning rate: 7e-05
2025-12-09 16:17:13.450167: train_loss 0.6649
2025-12-09 16:17:13.454775: val_loss 0.7321
2025-12-09 16:17:13.457609: val classification accuracy 0.5
2025-12-09 16:17:13.460181: val auc 0.4717
2025-12-09 16:17:13.462758: Epoch time: 52.39 s
2025-12-09 16:17:14.223837: 
2025-12-09 16:17:14.227199: Epoch 100
2025-12-09 16:17:14.229723: Current learning rate: 7e-05
2025-12-09 16:18:11.160665: train_loss 0.662
2025-12-09 16:18:11.165335: val_loss 0.6577
2025-12-09 16:18:11.168123: val classification accuracy 0.5588
2025-12-09 16:18:11.190794: val auc 0.6232
2025-12-09 16:18:11.193967: Epoch time: 56.94 s
2025-12-09 16:18:11.998772: 
2025-12-09 16:18:12.002545: Epoch 101
2025-12-09 16:18:12.005339: Current learning rate: 7e-05
2025-12-09 16:19:02.333128: train_loss 0.6577
2025-12-09 16:19:02.338076: val_loss 0.6579
2025-12-09 16:19:02.341601: val classification accuracy 0.5882
2025-12-09 16:19:02.344805: val auc 0.6359
2025-12-09 16:19:02.348650: Epoch time: 50.34 s
2025-12-09 16:19:03.190431: 
2025-12-09 16:19:03.194098: Epoch 102
2025-12-09 16:19:03.196872: Current learning rate: 7e-05
2025-12-09 16:19:55.708265: train_loss 0.66
2025-12-09 16:19:55.720448: val_loss 0.675
2025-12-09 16:19:55.723638: val classification accuracy 0.5686
2025-12-09 16:19:55.726608: val auc 0.6092
2025-12-09 16:19:55.729299: Epoch time: 52.52 s
2025-12-09 16:19:56.523073: 
2025-12-09 16:19:56.526728: Epoch 103
2025-12-09 16:19:56.530316: Current learning rate: 7e-05
2025-12-09 16:20:50.532894: train_loss 0.6711
2025-12-09 16:20:50.539680: val_loss 0.667
2025-12-09 16:20:50.542800: val classification accuracy 0.5392
2025-12-09 16:20:50.545816: val auc 0.5882
2025-12-09 16:20:50.549709: Epoch time: 54.01 s
2025-12-09 16:20:51.318395: 
2025-12-09 16:20:51.322046: Epoch 104
2025-12-09 16:20:51.324551: Current learning rate: 7e-05
2025-12-09 16:21:43.951255: train_loss 0.6699
2025-12-09 16:21:43.955806: val_loss 0.6473
2025-12-09 16:21:43.958693: val classification accuracy 0.6176
2025-12-09 16:21:43.961370: val auc 0.6597
2025-12-09 16:21:43.963991: Epoch time: 52.63 s
2025-12-09 16:21:44.722286: 
2025-12-09 16:21:44.726394: Epoch 105
2025-12-09 16:21:44.729213: Current learning rate: 7e-05
2025-12-09 16:22:36.065552: train_loss 0.6872
2025-12-09 16:22:36.070976: val_loss 0.6936
2025-12-09 16:22:36.074184: val classification accuracy 0.4804
2025-12-09 16:22:36.077505: val auc 0.5106
2025-12-09 16:22:36.081088: Epoch time: 51.34 s
2025-12-09 16:22:36.923408: 
2025-12-09 16:22:36.927674: Epoch 106
2025-12-09 16:22:36.930839: Current learning rate: 7e-05
2025-12-09 16:23:28.894199: train_loss 0.6596
2025-12-09 16:23:28.922064: val_loss 0.685
2025-12-09 16:23:28.966838: val classification accuracy 0.5294
2025-12-09 16:23:28.975154: val auc 0.6123
2025-12-09 16:23:28.992070: Epoch time: 51.97 s
2025-12-09 16:23:30.547013: 
2025-12-09 16:23:30.550625: Epoch 107
2025-12-09 16:23:30.553118: Current learning rate: 7e-05
2025-12-09 16:24:25.403271: train_loss 0.669
2025-12-09 16:24:25.408296: val_loss 0.6839
2025-12-09 16:24:25.411181: val classification accuracy 0.5
2025-12-09 16:24:25.413959: val auc 0.5419
2025-12-09 16:24:25.416664: Epoch time: 54.86 s
2025-12-09 16:24:26.163709: 
2025-12-09 16:24:26.166970: Epoch 108
2025-12-09 16:24:26.169325: Current learning rate: 7e-05
2025-12-09 16:25:15.994533: train_loss 0.6606
2025-12-09 16:25:16.012955: val_loss 0.7015
2025-12-09 16:25:16.016369: val classification accuracy 0.5392
2025-12-09 16:25:16.053102: val auc 0.5235
2025-12-09 16:25:16.056449: Epoch time: 49.83 s
2025-12-09 16:25:16.842564: 
2025-12-09 16:25:16.845970: Epoch 109
2025-12-09 16:25:16.849021: Current learning rate: 7e-05
2025-12-09 16:26:08.537421: train_loss 0.6734
2025-12-09 16:26:08.542819: val_loss 0.681
2025-12-09 16:26:08.546138: val classification accuracy 0.5392
2025-12-09 16:26:08.549380: val auc 0.5444
2025-12-09 16:26:08.552137: Epoch time: 51.7 s
2025-12-09 16:26:09.387035: 
2025-12-09 16:26:09.393174: Epoch 110
2025-12-09 16:26:09.398104: Current learning rate: 7e-05
2025-12-09 16:27:00.803121: train_loss 0.6775
2025-12-09 16:27:00.807429: val_loss 0.6631
2025-12-09 16:27:00.813345: val classification accuracy 0.6275
2025-12-09 16:27:00.816145: val auc 0.613
2025-12-09 16:27:00.819019: Epoch time: 51.42 s
2025-12-09 16:27:01.672807: 
2025-12-09 16:27:01.676434: Epoch 111
2025-12-09 16:27:01.679105: Current learning rate: 7e-05
2025-12-09 16:27:53.751575: train_loss 0.6778
2025-12-09 16:27:53.757451: val_loss 0.6629
2025-12-09 16:27:53.761225: val classification accuracy 0.549
2025-12-09 16:27:53.764222: val auc 0.6457
2025-12-09 16:27:53.767240: Epoch time: 52.08 s
2025-12-09 16:27:54.634178: 
2025-12-09 16:27:54.637806: Epoch 112
2025-12-09 16:27:54.640304: Current learning rate: 7e-05
2025-12-09 16:28:47.344807: train_loss 0.6527
2025-12-09 16:28:47.359024: val_loss 0.7205
2025-12-09 16:28:47.378768: val classification accuracy 0.5
2025-12-09 16:28:47.390043: val auc 0.511
2025-12-09 16:28:47.399450: Epoch time: 52.71 s
2025-12-09 16:28:48.330545: 
2025-12-09 16:28:48.339270: Epoch 113
2025-12-09 16:28:48.733850: Current learning rate: 7e-05
2025-12-09 16:29:39.973106: train_loss 0.6367
2025-12-09 16:29:39.977642: val_loss 0.7101
2025-12-09 16:29:39.980769: val classification accuracy 0.549
2025-12-09 16:29:39.983941: val auc 0.5621
2025-12-09 16:29:39.986975: Epoch time: 51.64 s
2025-12-09 16:29:40.807303: 
2025-12-09 16:29:40.811283: Epoch 114
2025-12-09 16:29:40.814413: Current learning rate: 7e-05
2025-12-09 16:30:33.778223: train_loss 0.6642
2025-12-09 16:30:33.791502: val_loss 0.6814
2025-12-09 16:30:33.804812: val classification accuracy 0.5392
2025-12-09 16:30:33.808104: val auc 0.6469
2025-12-09 16:30:33.811360: Epoch time: 52.97 s
2025-12-09 16:30:34.659376: 
2025-12-09 16:30:34.663552: Epoch 115
2025-12-09 16:30:34.666375: Current learning rate: 6e-05
2025-12-09 16:31:23.239276: train_loss 0.6571
2025-12-09 16:31:23.243531: val_loss 0.7286
2025-12-09 16:31:23.246239: val classification accuracy 0.5
2025-12-09 16:31:23.248970: val auc 0.4737
2025-12-09 16:31:23.251665: Epoch time: 48.58 s
2025-12-09 16:31:24.084901: 
2025-12-09 16:31:24.088866: Epoch 116
2025-12-09 16:31:24.091428: Current learning rate: 6e-05
2025-12-09 16:32:16.158250: train_loss 0.6768
2025-12-09 16:32:16.166976: val_loss 0.6922
2025-12-09 16:32:16.170829: val classification accuracy 0.5294
2025-12-09 16:32:16.174374: val auc 0.5365
2025-12-09 16:32:16.177932: Epoch time: 52.07 s
2025-12-09 16:32:17.051037: 
2025-12-09 16:32:17.054706: Epoch 117
2025-12-09 16:32:17.057407: Current learning rate: 6e-05
2025-12-09 16:33:07.935960: train_loss 0.6709
2025-12-09 16:33:07.975687: val_loss 0.6938
2025-12-09 16:33:07.979136: val classification accuracy 0.5294
2025-12-09 16:33:07.983588: val auc 0.5442
2025-12-09 16:33:07.986816: Epoch time: 50.89 s
2025-12-09 16:33:08.767380: 
2025-12-09 16:33:08.770739: Epoch 118
2025-12-09 16:33:08.773440: Current learning rate: 6e-05
2025-12-09 16:34:01.156121: train_loss 0.6524
2025-12-09 16:34:01.160520: val_loss 0.6777
2025-12-09 16:34:01.164021: val classification accuracy 0.5686
2025-12-09 16:34:01.178952: val auc 0.6123
2025-12-09 16:34:01.197204: Epoch time: 52.39 s
2025-12-09 16:34:01.955043: 
2025-12-09 16:34:01.958416: Epoch 119
2025-12-09 16:34:01.961223: Current learning rate: 6e-05
2025-12-09 16:34:52.635219: train_loss 0.6818
2025-12-09 16:34:52.646408: val_loss 0.6376
2025-12-09 16:34:52.650334: val classification accuracy 0.6078
2025-12-09 16:34:52.654521: val auc 0.6626
2025-12-09 16:34:52.659001: Epoch time: 50.68 s
2025-12-09 16:34:53.497457: 
2025-12-09 16:34:53.501096: Epoch 120
2025-12-09 16:34:53.504571: Current learning rate: 6e-05
2025-12-09 16:35:42.349010: train_loss 0.6516
2025-12-09 16:35:42.354415: val_loss 0.6852
2025-12-09 16:35:42.357591: val classification accuracy 0.5882
2025-12-09 16:35:42.360428: val auc 0.6046
2025-12-09 16:35:42.363482: Epoch time: 48.85 s
2025-12-09 16:35:43.194284: 
2025-12-09 16:35:43.198140: Epoch 121
2025-12-09 16:35:43.201149: Current learning rate: 6e-05
2025-12-09 16:36:37.614113: train_loss 0.6638
2025-12-09 16:36:37.638509: val_loss 0.6471
2025-12-09 16:36:37.664952: val classification accuracy 0.5686
2025-12-09 16:36:37.667961: val auc 0.6505
2025-12-09 16:36:37.671119: Epoch time: 54.42 s
2025-12-09 16:36:38.458670: 
2025-12-09 16:36:38.462129: Epoch 122
2025-12-09 16:36:38.465003: Current learning rate: 6e-05
2025-12-09 16:37:30.582860: train_loss 0.6583
2025-12-09 16:37:30.588683: val_loss 0.6438
2025-12-09 16:37:30.592953: val classification accuracy 0.6275
2025-12-09 16:37:30.596252: val auc 0.6988
2025-12-09 16:37:30.599745: Epoch time: 52.13 s
2025-12-09 16:37:31.406832: 
2025-12-09 16:37:31.410782: Epoch 123
2025-12-09 16:37:31.413419: Current learning rate: 6e-05
2025-12-09 16:38:21.535400: train_loss 0.6677
2025-12-09 16:38:21.550663: val_loss 0.6893
2025-12-09 16:38:21.563192: val classification accuracy 0.5098
2025-12-09 16:38:21.567029: val auc 0.6763
2025-12-09 16:38:21.570868: Epoch time: 50.13 s
2025-12-09 16:38:22.514464: 
2025-12-09 16:38:22.522653: Epoch 124
2025-12-09 16:38:22.526645: Current learning rate: 6e-05
2025-12-09 16:39:15.551681: train_loss 0.6544
2025-12-09 16:39:15.562290: val_loss 0.7135
2025-12-09 16:39:15.569775: val classification accuracy 0.5
2025-12-09 16:39:15.575436: val auc 0.5506
2025-12-09 16:39:15.582074: Epoch time: 53.04 s
2025-12-09 16:39:16.383759: 
2025-12-09 16:39:16.387448: Epoch 125
2025-12-09 16:39:16.394302: Current learning rate: 6e-05
2025-12-09 16:40:11.342089: train_loss 0.6686
2025-12-09 16:40:11.355791: val_loss 0.6947
2025-12-09 16:40:11.358923: val classification accuracy 0.549
2025-12-09 16:40:11.362449: val auc 0.6048
2025-12-09 16:40:11.365927: Epoch time: 54.96 s
2025-12-09 16:40:12.101989: 
2025-12-09 16:40:12.105592: Epoch 126
2025-12-09 16:40:12.108248: Current learning rate: 6e-05
2025-12-09 16:41:04.346112: train_loss 0.649
2025-12-09 16:41:04.360102: val_loss 0.722
2025-12-09 16:41:04.363564: val classification accuracy 0.549
2025-12-09 16:41:04.366788: val auc 0.5302
2025-12-09 16:41:04.369891: Epoch time: 52.25 s
2025-12-09 16:41:05.197446: 
2025-12-09 16:41:05.200761: Epoch 127
2025-12-09 16:41:05.203280: Current learning rate: 6e-05
2025-12-09 16:42:00.115484: train_loss 0.6454
2025-12-09 16:42:00.121808: val_loss 0.654
2025-12-09 16:42:00.125274: val classification accuracy 0.5882
2025-12-09 16:42:00.128592: val auc 0.6482
2025-12-09 16:42:00.132070: Epoch time: 54.92 s
2025-12-09 16:42:01.086630: 
2025-12-09 16:42:01.090037: Epoch 128
2025-12-09 16:42:01.093028: Current learning rate: 6e-05
2025-12-09 16:42:55.926311: train_loss 0.6739
2025-12-09 16:42:55.933311: val_loss 0.6479
2025-12-09 16:42:55.939414: val classification accuracy 0.6275
2025-12-09 16:42:55.942870: val auc 0.7015
2025-12-09 16:42:55.946342: Epoch time: 54.84 s
2025-12-09 16:42:56.807197: 
2025-12-09 16:42:56.811229: Epoch 129
2025-12-09 16:42:56.814832: Current learning rate: 6e-05
2025-12-09 16:43:50.740274: train_loss 0.6517
2025-12-09 16:43:50.745696: val_loss 0.7304
2025-12-09 16:43:50.748893: val classification accuracy 0.451
2025-12-09 16:43:50.751841: val auc 0.4925
2025-12-09 16:43:50.754984: Epoch time: 53.93 s
2025-12-09 16:43:51.511158: 
2025-12-09 16:43:51.514415: Epoch 130
2025-12-09 16:43:51.517156: Current learning rate: 6e-05
2025-12-09 16:44:40.962194: train_loss 0.6759
2025-12-09 16:44:40.973547: val_loss 0.6986
2025-12-09 16:44:40.977385: val classification accuracy 0.5196
2025-12-09 16:44:40.980526: val auc 0.5183
2025-12-09 16:44:40.984179: Epoch time: 49.45 s
2025-12-09 16:44:41.833627: 
2025-12-09 16:44:41.837393: Epoch 131
2025-12-09 16:44:41.840003: Current learning rate: 6e-05
2025-12-09 16:45:34.650402: train_loss 0.6548
2025-12-09 16:45:34.696481: val_loss 0.6899
2025-12-09 16:45:34.699484: val classification accuracy 0.5392
2025-12-09 16:45:34.702706: val auc 0.5886
2025-12-09 16:45:34.705573: Epoch time: 52.82 s
2025-12-09 16:45:35.546899: 
2025-12-09 16:45:35.550764: Epoch 132
2025-12-09 16:45:35.553555: Current learning rate: 6e-05
2025-12-09 16:46:25.718663: train_loss 0.6782
2025-12-09 16:46:25.724031: val_loss 0.6605
2025-12-09 16:46:25.727449: val classification accuracy 0.5784
2025-12-09 16:46:25.731128: val auc 0.6498
2025-12-09 16:46:25.734976: Epoch time: 50.17 s
2025-12-09 16:46:27.154832: 
2025-12-09 16:46:27.158188: Epoch 133
2025-12-09 16:46:27.161042: Current learning rate: 6e-05
2025-12-09 16:47:18.613896: train_loss 0.6635
2025-12-09 16:47:18.618356: val_loss 0.7511
2025-12-09 16:47:18.621633: val classification accuracy 0.5
2025-12-09 16:47:18.624748: val auc 0.5673
2025-12-09 16:47:18.627917: Epoch time: 51.46 s
2025-12-09 16:47:19.452437: 
2025-12-09 16:47:19.456418: Epoch 134
2025-12-09 16:47:19.459337: Current learning rate: 6e-05
2025-12-09 16:48:10.305234: train_loss 0.6593
2025-12-09 16:48:10.309545: val_loss 0.7075
2025-12-09 16:48:10.314952: val classification accuracy 0.5098
2025-12-09 16:48:10.318019: val auc 0.5008
2025-12-09 16:48:10.323009: Epoch time: 50.85 s
2025-12-09 16:48:11.093626: 
2025-12-09 16:48:11.097090: Epoch 135
2025-12-09 16:48:11.099734: Current learning rate: 6e-05
2025-12-09 16:49:03.671949: train_loss 0.6492
2025-12-09 16:49:03.677064: val_loss 0.6565
2025-12-09 16:49:03.679983: val classification accuracy 0.5882
2025-12-09 16:49:03.683081: val auc 0.6638
2025-12-09 16:49:03.685974: Epoch time: 52.58 s
2025-12-09 16:49:04.488619: 
2025-12-09 16:49:04.492687: Epoch 136
2025-12-09 16:49:04.495733: Current learning rate: 6e-05
2025-12-09 16:49:54.299099: train_loss 0.6643
2025-12-09 16:49:54.311594: val_loss 0.7155
2025-12-09 16:49:54.318933: val classification accuracy 0.4902
2025-12-09 16:49:54.326446: val auc 0.5365
2025-12-09 16:49:54.335237: Epoch time: 49.81 s
2025-12-09 16:49:55.121950: 
2025-12-09 16:49:55.127487: Epoch 137
2025-12-09 16:49:55.134433: Current learning rate: 6e-05
2025-12-09 16:50:46.454553: train_loss 0.6665
2025-12-09 16:50:46.459091: val_loss 0.729
2025-12-09 16:50:46.462145: val classification accuracy 0.5294
2025-12-09 16:50:46.465089: val auc 0.5033
2025-12-09 16:50:46.468172: Epoch time: 51.33 s
2025-12-09 16:50:47.266711: 
2025-12-09 16:50:47.270477: Epoch 138
2025-12-09 16:50:47.273868: Current learning rate: 6e-05
2025-12-09 16:51:38.520035: train_loss 0.6681
2025-12-09 16:51:38.537561: val_loss 0.6986
2025-12-09 16:51:38.541497: val classification accuracy 0.5
2025-12-09 16:51:38.544697: val auc 0.4973
2025-12-09 16:51:38.548388: Epoch time: 51.25 s
2025-12-09 16:51:39.379777: 
2025-12-09 16:51:39.383170: Epoch 139
2025-12-09 16:51:39.386164: Current learning rate: 6e-05
2025-12-09 16:52:27.652716: train_loss 0.6524
2025-12-09 16:52:27.660389: val_loss 0.6707
2025-12-09 16:52:27.663855: val classification accuracy 0.5882
2025-12-09 16:52:27.667181: val auc 0.5865
2025-12-09 16:52:27.723240: Epoch time: 48.27 s
2025-12-09 16:52:28.587464: 
2025-12-09 16:52:28.590831: Epoch 140
2025-12-09 16:52:28.593301: Current learning rate: 6e-05
2025-12-09 16:53:18.905718: train_loss 0.6464
2025-12-09 16:53:18.910779: val_loss 0.6826
2025-12-09 16:53:18.915142: val classification accuracy 0.5588
2025-12-09 16:53:18.918688: val auc 0.6073
2025-12-09 16:53:18.921883: Epoch time: 50.32 s
2025-12-09 16:53:19.761977: 
2025-12-09 16:53:19.765952: Epoch 141
2025-12-09 16:53:19.768670: Current learning rate: 6e-05
2025-12-09 16:54:08.899644: train_loss 0.6442
2025-12-09 16:54:08.910512: val_loss 0.6976
2025-12-09 16:54:08.921556: val classification accuracy 0.5294
2025-12-09 16:54:08.932528: val auc 0.589
2025-12-09 16:54:08.938938: Epoch time: 49.14 s
2025-12-09 16:54:09.776506: 
2025-12-09 16:54:09.780866: Epoch 142
2025-12-09 16:54:09.783843: Current learning rate: 6e-05
2025-12-09 16:54:58.402246: train_loss 0.6549
2025-12-09 16:54:58.406898: val_loss 0.6589
2025-12-09 16:54:58.412388: val classification accuracy 0.598
2025-12-09 16:54:58.417150: val auc 0.629
2025-12-09 16:54:58.420310: Epoch time: 48.63 s
2025-12-09 16:54:59.267094: 
2025-12-09 16:54:59.271136: Epoch 143
2025-12-09 16:54:59.275890: Current learning rate: 6e-05
2025-12-09 16:55:49.307725: train_loss 0.6596
2025-12-09 16:55:49.314155: val_loss 0.7224
2025-12-09 16:55:49.318046: val classification accuracy 0.5098
2025-12-09 16:55:49.321320: val auc 0.5469
2025-12-09 16:55:49.324491: Epoch time: 50.04 s
2025-12-09 16:55:50.239716: 
2025-12-09 16:55:50.243407: Epoch 144
2025-12-09 16:55:50.246300: Current learning rate: 6e-05
2025-12-09 16:56:42.459609: train_loss 0.6497
2025-12-09 16:56:42.465966: val_loss 0.6797
2025-12-09 16:56:42.470377: val classification accuracy 0.5588
2025-12-09 16:56:42.473743: val auc 0.5948
2025-12-09 16:56:42.477457: Epoch time: 52.22 s
2025-12-09 16:56:43.296799: 
2025-12-09 16:56:43.300539: Epoch 145
2025-12-09 16:56:43.303541: Current learning rate: 6e-05
2025-12-09 16:57:35.091330: train_loss 0.6657
2025-12-09 16:57:35.095268: val_loss 0.6562
2025-12-09 16:57:35.098800: val classification accuracy 0.6373
2025-12-09 16:57:35.101907: val auc 0.6486
2025-12-09 16:57:35.105257: Epoch time: 51.8 s
2025-12-09 16:57:35.862599: 
2025-12-09 16:57:35.866120: Epoch 146
2025-12-09 16:57:35.868761: Current learning rate: 5e-05
2025-12-09 16:58:29.183142: train_loss 0.6534
2025-12-09 16:58:29.217626: val_loss 0.6925
2025-12-09 16:58:29.221472: val classification accuracy 0.5196
2025-12-09 16:58:29.224382: val auc 0.573
2025-12-09 16:58:29.227394: Epoch time: 53.32 s
2025-12-09 16:58:30.859129: 
2025-12-09 16:58:30.869119: Epoch 147
2025-12-09 16:58:30.874447: Current learning rate: 5e-05
2025-12-09 16:59:25.181528: train_loss 0.67
2025-12-09 16:59:25.186331: val_loss 0.7159
2025-12-09 16:59:25.206850: val classification accuracy 0.4706
2025-12-09 16:59:25.210361: val auc 0.496
2025-12-09 16:59:25.213545: Epoch time: 54.33 s
2025-12-09 16:59:26.074221: 
2025-12-09 16:59:26.078008: Epoch 148
2025-12-09 16:59:26.081328: Current learning rate: 5e-05
2025-12-09 17:00:19.715948: train_loss 0.6443
2025-12-09 17:00:19.721277: val_loss 0.7187
2025-12-09 17:00:19.724674: val classification accuracy 0.4902
2025-12-09 17:00:19.728024: val auc 0.5286
2025-12-09 17:00:19.731227: Epoch time: 53.64 s
2025-12-09 17:00:20.484385: 
2025-12-09 17:00:20.488638: Epoch 149
2025-12-09 17:00:20.491570: Current learning rate: 5e-05
2025-12-09 17:01:15.999917: train_loss 0.667
2025-12-09 17:01:16.004826: val_loss 0.6974
2025-12-09 17:01:16.007802: val classification accuracy 0.5392
2025-12-09 17:01:16.010834: val auc 0.5577
2025-12-09 17:01:16.013844: Epoch time: 55.52 s
2025-12-09 17:01:16.860479: 
2025-12-09 17:01:16.863714: Epoch 150
2025-12-09 17:01:16.866177: Current learning rate: 5e-05
2025-12-09 17:02:07.830536: train_loss 0.6484
2025-12-09 17:02:07.835272: val_loss 0.7419
2025-12-09 17:02:07.838361: val classification accuracy 0.4804
2025-12-09 17:02:07.841340: val auc 0.4489
2025-12-09 17:02:07.844080: Epoch time: 50.97 s
2025-12-09 17:02:08.604424: 
2025-12-09 17:02:08.608959: Epoch 151
2025-12-09 17:02:08.611682: Current learning rate: 5e-05
2025-12-09 17:03:01.321755: train_loss 0.66
2025-12-09 17:03:01.374939: val_loss 0.7135
2025-12-09 17:03:01.387311: val classification accuracy 0.5392
2025-12-09 17:03:01.394898: val auc 0.5285
2025-12-09 17:03:01.398628: Epoch time: 52.72 s
2025-12-09 17:03:02.195431: 
2025-12-09 17:03:02.199288: Epoch 152
2025-12-09 17:03:02.202021: Current learning rate: 5e-05
2025-12-09 17:03:54.807086: train_loss 0.6588
2025-12-09 17:03:54.822092: val_loss 0.7172
2025-12-09 17:03:54.846428: val classification accuracy 0.5098
2025-12-09 17:03:54.852516: val auc 0.5465
2025-12-09 17:03:54.856077: Epoch time: 52.61 s
2025-12-09 17:03:55.687563: 
2025-12-09 17:03:55.691606: Epoch 153
2025-12-09 17:03:55.694389: Current learning rate: 5e-05
2025-12-09 17:04:51.458841: train_loss 0.6649
2025-12-09 17:04:51.464221: val_loss 0.6714
2025-12-09 17:04:51.467573: val classification accuracy 0.6078
2025-12-09 17:04:51.470707: val auc 0.5986
2025-12-09 17:04:51.473799: Epoch time: 55.77 s
2025-12-09 17:04:52.250169: 
2025-12-09 17:04:52.254101: Epoch 154
2025-12-09 17:04:52.257202: Current learning rate: 5e-05
2025-12-09 17:05:43.993417: train_loss 0.6653
2025-12-09 17:05:44.001110: val_loss 0.6745
2025-12-09 17:05:44.005548: val classification accuracy 0.5686
2025-12-09 17:05:44.009572: val auc 0.6474
2025-12-09 17:05:44.013229: Epoch time: 51.74 s
2025-12-09 17:05:44.826160: 
2025-12-09 17:05:44.830418: Epoch 155
2025-12-09 17:05:44.833809: Current learning rate: 5e-05
2025-12-09 17:06:39.491543: train_loss 0.6673
2025-12-09 17:06:39.496956: val_loss 0.6417
2025-12-09 17:06:39.500689: val classification accuracy 0.6373
2025-12-09 17:06:39.504127: val auc 0.6649
2025-12-09 17:06:39.507746: Epoch time: 54.67 s
2025-12-09 17:06:40.315761: 
2025-12-09 17:06:40.320526: Epoch 156
2025-12-09 17:06:40.323830: Current learning rate: 5e-05
2025-12-09 17:07:27.438891: train_loss 0.6325
2025-12-09 17:07:27.456525: val_loss 0.6878
2025-12-09 17:07:27.463130: val classification accuracy 0.5588
2025-12-09 17:07:27.470124: val auc 0.5928
2025-12-09 17:07:27.473942: Epoch time: 47.12 s
2025-12-09 17:07:28.232504: 
2025-12-09 17:07:28.243282: Epoch 157
2025-12-09 17:07:28.246418: Current learning rate: 5e-05
2025-12-09 17:08:10.702080: train_loss 0.6498
2025-12-09 17:08:10.706456: val_loss 0.6999
2025-12-09 17:08:10.710087: val classification accuracy 0.6078
2025-12-09 17:08:10.713389: val auc 0.5813
2025-12-09 17:08:10.716316: Epoch time: 42.47 s
2025-12-09 17:08:11.463317: 
2025-12-09 17:08:11.466944: Epoch 158
2025-12-09 17:08:11.469464: Current learning rate: 5e-05
2025-12-09 17:08:55.434439: train_loss 0.669
2025-12-09 17:08:55.442502: val_loss 0.6967
2025-12-09 17:08:55.449438: val classification accuracy 0.5098
2025-12-09 17:08:55.452979: val auc 0.5373
2025-12-09 17:08:55.456896: Epoch time: 43.97 s
2025-12-09 17:08:56.247785: 
2025-12-09 17:08:56.251292: Epoch 159
2025-12-09 17:08:56.255199: Current learning rate: 5e-05
2025-12-09 17:09:40.398959: train_loss 0.6458
2025-12-09 17:09:40.405523: val_loss 0.7732
2025-12-09 17:09:40.410004: val classification accuracy 0.5294
2025-12-09 17:09:40.415071: val auc 0.4764
2025-12-09 17:09:40.419261: Epoch time: 44.15 s
2025-12-09 17:09:41.746208: 
2025-12-09 17:09:41.750216: Epoch 160
2025-12-09 17:09:41.754261: Current learning rate: 5e-05
2025-12-09 17:10:28.267149: train_loss 0.6673
2025-12-09 17:10:28.271353: val_loss 0.7049
2025-12-09 17:10:28.274315: val classification accuracy 0.5098
2025-12-09 17:10:28.276993: val auc 0.6398
2025-12-09 17:10:28.279679: Epoch time: 46.52 s
2025-12-09 17:10:29.028075: 
2025-12-09 17:10:29.031301: Epoch 161
2025-12-09 17:10:29.033828: Current learning rate: 5e-05
2025-12-09 17:11:22.777353: train_loss 0.6539
2025-12-09 17:11:22.782415: val_loss 0.7028
2025-12-09 17:11:22.786018: val classification accuracy 0.5
2025-12-09 17:11:22.791112: val auc 0.5238
2025-12-09 17:11:22.794309: Epoch time: 53.75 s
2025-12-09 17:11:23.548197: 
2025-12-09 17:11:23.551841: Epoch 162
2025-12-09 17:11:23.554427: Current learning rate: 5e-05
2025-12-09 17:12:17.043006: train_loss 0.6449
2025-12-09 17:12:17.049797: val_loss 0.7333
2025-12-09 17:12:17.053559: val classification accuracy 0.4706
2025-12-09 17:12:17.056784: val auc 0.5254
2025-12-09 17:12:17.075943: Epoch time: 53.5 s
2025-12-09 17:12:17.847939: 
2025-12-09 17:12:17.851887: Epoch 163
2025-12-09 17:12:17.855214: Current learning rate: 5e-05
2025-12-09 17:13:10.190964: train_loss 0.6565
2025-12-09 17:13:10.212086: val_loss 0.7493
2025-12-09 17:13:10.215585: val classification accuracy 0.5196
2025-12-09 17:13:10.219070: val auc 0.5479
2025-12-09 17:13:10.222139: Epoch time: 52.34 s
2025-12-09 17:13:11.082885: 
2025-12-09 17:13:11.092628: Epoch 164
2025-12-09 17:13:11.101658: Current learning rate: 5e-05
2025-12-09 17:14:04.033329: train_loss 0.6376
2025-12-09 17:14:04.043131: val_loss 0.6867
2025-12-09 17:14:04.047005: val classification accuracy 0.5196
2025-12-09 17:14:04.050563: val auc 0.5992
2025-12-09 17:14:04.056755: Epoch time: 52.95 s
2025-12-09 17:14:04.916464: 
2025-12-09 17:14:04.919741: Epoch 165
2025-12-09 17:14:04.922218: Current learning rate: 5e-05
2025-12-09 17:14:57.482799: train_loss 0.6671
2025-12-09 17:14:57.488152: val_loss 0.7086
2025-12-09 17:14:57.491773: val classification accuracy 0.5686
2025-12-09 17:14:57.495033: val auc 0.5346
2025-12-09 17:14:57.507446: Epoch time: 52.57 s
2025-12-09 17:14:58.520475: 
2025-12-09 17:14:58.524076: Epoch 166
2025-12-09 17:14:58.526653: Current learning rate: 5e-05
2025-12-09 17:15:50.274227: train_loss 0.6535
2025-12-09 17:15:50.282596: val_loss 0.6896
2025-12-09 17:15:50.288953: val classification accuracy 0.5784
2025-12-09 17:15:50.333728: val auc 0.5936
2025-12-09 17:15:50.337101: Epoch time: 51.75 s
2025-12-09 17:15:51.087837: 
2025-12-09 17:15:51.094000: Epoch 167
2025-12-09 17:15:51.097398: Current learning rate: 5e-05
2025-12-09 17:16:41.975154: train_loss 0.6369
2025-12-09 17:16:41.979172: val_loss 0.7096
2025-12-09 17:16:41.982258: val classification accuracy 0.549
2025-12-09 17:16:41.986635: val auc 0.5582
2025-12-09 17:16:42.007905: Epoch time: 50.89 s
2025-12-09 17:16:42.838188: 
2025-12-09 17:16:42.842033: Epoch 168
2025-12-09 17:16:42.844749: Current learning rate: 5e-05
2025-12-09 17:17:35.021813: train_loss 0.663
2025-12-09 17:17:35.027669: val_loss 0.667
2025-12-09 17:17:35.030632: val classification accuracy 0.549
2025-12-09 17:17:35.034308: val auc 0.6173
2025-12-09 17:17:35.037704: Epoch time: 52.18 s
2025-12-09 17:17:35.864512: 
2025-12-09 17:17:35.870556: Epoch 169
2025-12-09 17:17:35.873283: Current learning rate: 5e-05
2025-12-09 17:18:26.437029: train_loss 0.6597
2025-12-09 17:18:26.469478: val_loss 0.6787
2025-12-09 17:18:26.474792: val classification accuracy 0.5588
2025-12-09 17:18:26.479894: val auc 0.5798
2025-12-09 17:18:26.486750: Epoch time: 50.57 s
2025-12-09 17:18:27.287064: 
2025-12-09 17:18:27.290618: Epoch 170
2025-12-09 17:18:27.293414: Current learning rate: 5e-05
2025-12-09 17:19:19.254779: train_loss 0.6715
2025-12-09 17:19:19.260379: val_loss 0.7074
2025-12-09 17:19:19.268448: val classification accuracy 0.4706
2025-12-09 17:19:19.272708: val auc 0.4473
2025-12-09 17:19:19.278166: Epoch time: 51.97 s
2025-12-09 17:19:20.113798: 
2025-12-09 17:19:20.117949: Epoch 171
2025-12-09 17:19:20.121102: Current learning rate: 5e-05
2025-12-09 17:20:14.156908: train_loss 0.6378
2025-12-09 17:20:14.161988: val_loss 0.6564
2025-12-09 17:20:14.165146: val classification accuracy 0.549
2025-12-09 17:20:14.168473: val auc 0.6067
2025-12-09 17:20:14.171628: Epoch time: 54.04 s
2025-12-09 17:20:14.926624: 
2025-12-09 17:20:14.930706: Epoch 172
2025-12-09 17:20:14.933624: Current learning rate: 5e-05
2025-12-09 17:21:06.156915: train_loss 0.6533
2025-12-09 17:21:06.164710: val_loss 0.7395
2025-12-09 17:21:06.167988: val classification accuracy 0.4902
2025-12-09 17:21:06.171306: val auc 0.5373
2025-12-09 17:21:06.174552: Epoch time: 51.23 s
2025-12-09 17:21:07.636494: 
2025-12-09 17:21:07.640136: Epoch 173
2025-12-09 17:21:07.642851: Current learning rate: 5e-05
2025-12-09 17:21:59.646404: train_loss 0.6755
2025-12-09 17:21:59.651732: val_loss 0.6758
2025-12-09 17:21:59.655346: val classification accuracy 0.5686
2025-12-09 17:21:59.658741: val auc 0.5934
2025-12-09 17:21:59.662043: Epoch time: 52.01 s
2025-12-09 17:22:00.485030: 
2025-12-09 17:22:00.495283: Epoch 174
2025-12-09 17:22:00.501031: Current learning rate: 5e-05
2025-12-09 17:22:55.846322: train_loss 0.6502
2025-12-09 17:22:55.850592: val_loss 0.6933
2025-12-09 17:22:55.853760: val classification accuracy 0.5686
2025-12-09 17:22:55.857148: val auc 0.5681
2025-12-09 17:22:55.860849: Epoch time: 55.37 s
2025-12-09 17:22:56.616953: 
2025-12-09 17:22:56.620431: Epoch 175
2025-12-09 17:22:56.623111: Current learning rate: 5e-05
2025-12-09 17:23:49.637691: train_loss 0.6696
2025-12-09 17:23:49.643229: val_loss 0.6571
2025-12-09 17:23:49.646769: val classification accuracy 0.549
2025-12-09 17:23:49.650355: val auc 0.6027
2025-12-09 17:23:49.668805: Epoch time: 53.02 s
2025-12-09 17:23:49.680518: Early stopping triggered at epoch 175. Best val_losses=0.6111
2025-12-09 17:23:50.509322: Stopping training early due to early stopping criterion.
2025-12-09 17:23:55.919382: Training done.
2025-12-09 17:23:55.947221: Skipping perform_actual_validation for classification trainer (segmentation-style sliding window is not applicable).
[1;34mwandb[0m: 
[1;34mwandb[0m:  View run [33mViTTrainer_ep300_NoMirroring_fold1[0m at: [34m[0m
[1;34mwandb[0m: Find logs at: [1;35m../../tmp/wandb/wandb/run-20251209_144938-n7yo8ppj/logs[0m
