Using device: cuda:0

#######################################################################
Please cite the following paper when using nnU-Net:
Isensee, F., Jaeger, P. F., Kohl, S. A., Petersen, J., & Maier-Hein, K. H. (2021). nnU-Net: a self-configuring method for deep learning-based biomedical image segmentation. Nature methods, 18(2), 203-211.
#######################################################################

2025-12-09 15:50:39.860468: Using torch.compile...
2025-12-09 15:50:45.206180: do_dummy_2d_data_aug: False
2025-12-09 15:50:45.209886: Using splits from existing split file: /hpf/projects/jquon/sumin/nnUNet_data/nnUNet_preprocessed/Dataset003_AVM_T1+C/splits_final.json
2025-12-09 15:50:45.213081: The split file contains 5 splits.
2025-12-09 15:50:45.214794: Desired fold for training: 3
2025-12-09 15:50:45.216508: This split has 406 training and 106 validation cases.
using pin_memory on device 0
using pin_memory on device 0

This is the configuration used by this training:
Configuration name: 3d_fullres
 {'data_identifier': 'nnUNetPlans_3d_fullres', 'preprocessor_name': 'DefaultPreprocessor', 'batch_size': 2, 'patch_size': [160, 224, 192], 'median_image_size_in_voxels': [344.0, 448.0, 429.0], 'spacing': [0.500000923871994, 0.4910714328289032, 0.4910714328289032], 'normalization_schemes': ['ZScoreNormalization'], 'use_mask_for_norm': [False], 'resampling_fn_data': 'resample_data_or_seg_to_shape', 'resampling_fn_seg': 'resample_data_or_seg_to_shape', 'resampling_fn_data_kwargs': {'is_seg': False, 'order': 3, 'order_z': 0, 'force_separate_z': None}, 'resampling_fn_seg_kwargs': {'is_seg': True, 'order': 1, 'order_z': 0, 'force_separate_z': None}, 'resampling_fn_probabilities': 'resample_data_or_seg_to_shape', 'resampling_fn_probabilities_kwargs': {'is_seg': False, 'order': 1, 'order_z': 0, 'force_separate_z': None}, 'architecture': {'network_class_name': 'dynamic_network_architectures.architectures.unet.ResidualEncoderUNet', 'arch_kwargs': {'n_stages': 6, 'features_per_stage': [32, 64, 128, 256, 320, 320], 'conv_op': 'torch.nn.modules.conv.Conv3d', 'kernel_sizes': [[3, 3, 3], [3, 3, 3], [3, 3, 3], [3, 3, 3], [3, 3, 3], [3, 3, 3]], 'strides': [[1, 1, 1], [2, 2, 2], [2, 2, 2], [2, 2, 2], [2, 2, 2], [2, 2, 2]], 'n_blocks_per_stage': [1, 3, 4, 6, 6, 6], 'n_conv_per_stage_decoder': [1, 1, 1, 1, 1], 'conv_bias': True, 'norm_op': 'torch.nn.modules.instancenorm.InstanceNorm3d', 'norm_op_kwargs': {'eps': 1e-05, 'affine': True}, 'dropout_op': None, 'dropout_op_kwargs': None, 'nonlin': 'torch.nn.LeakyReLU', 'nonlin_kwargs': {'inplace': True}}, '_kw_requires_import': ['conv_op', 'norm_op', 'dropout_op', 'nonlin']}, 'batch_dice': True} 

These are the global plan.json settings:
 {'dataset_name': 'Dataset003_AVM_T1+C', 'plans_name': 'nnUNetResEncUNetLPlans', 'original_median_spacing_after_transp': [0.500000923871994, 0.4910714328289032, 0.4910714328289032], 'original_median_shape_after_transp': [330, 448, 424], 'image_reader_writer': 'SimpleITKIO', 'transpose_forward': [0, 1, 2], 'transpose_backward': [0, 1, 2], 'experiment_planner_used': 'nnUNetPlannerResEncL', 'label_manager': 'LabelManager', 'foreground_intensity_properties_per_channel': {'0': {'max': 12113.0, 'mean': 449.843505859375, 'median': 311.0, 'min': 0.0, 'percentile_00_5': 34.0, 'percentile_99_5': 3202.0, 'std': 471.56329345703125}}} 

2025-12-09 15:50:47.791848: Unable to plot network architecture: nnUNet_compile is enabled!
2025-12-09 15:50:47.829755: 
2025-12-09 15:50:47.848111: Epoch 0
2025-12-09 15:50:47.851302: Current learning rate: 0.0001
2025-12-09 15:52:10.017514: train_loss 0.7488
2025-12-09 15:52:10.021792: val_loss 0.6913
2025-12-09 15:52:10.024189: val classification accuracy 0.5566
2025-12-09 15:52:10.026417: val auc 0.5587
2025-12-09 15:52:10.028655: Epoch time: 82.19 s
2025-12-09 15:52:10.030777: Yayy! New best EMA pseudo Dice: 0.5587
2025-12-09 15:52:15.293368: Yayy! New best classification accuracy: 0.5566
2025-12-09 15:52:19.428471: 
2025-12-09 15:52:19.431697: Epoch 1
2025-12-09 15:52:19.433758: Current learning rate: 0.0001
2025-12-09 15:53:15.318026: train_loss 0.7142
2025-12-09 15:53:15.334816: val_loss 0.6733
2025-12-09 15:53:15.346188: val classification accuracy 0.5849
2025-12-09 15:53:15.349041: val auc 0.6331
2025-12-09 15:53:15.355389: Epoch time: 55.89 s
2025-12-09 15:53:15.357471: Yayy! New best EMA pseudo Dice: 0.6331
2025-12-09 15:53:20.960593: Yayy! New best classification accuracy: 0.5849
2025-12-09 15:53:25.485721: 
2025-12-09 15:53:25.488708: Epoch 2
2025-12-09 15:53:25.490683: Current learning rate: 0.0001
2025-12-09 15:54:17.533020: train_loss 0.709
2025-12-09 15:54:17.554896: val_loss 0.7201
2025-12-09 15:54:17.557586: val classification accuracy 0.4528
2025-12-09 15:54:17.559979: val auc 0.4678
2025-12-09 15:54:17.562359: Epoch time: 52.05 s
2025-12-09 15:54:18.360911: 
2025-12-09 15:54:18.364201: Epoch 3
2025-12-09 15:54:18.366704: Current learning rate: 0.0001
2025-12-09 15:55:12.395870: train_loss 0.6933
2025-12-09 15:55:12.399986: val_loss 0.6813
2025-12-09 15:55:12.402412: val classification accuracy 0.5377
2025-12-09 15:55:12.404699: val auc 0.647
2025-12-09 15:55:12.407076: Epoch time: 54.04 s
2025-12-09 15:55:12.409191: Yayy! New best EMA pseudo Dice: 0.647
2025-12-09 15:55:18.754463: 
2025-12-09 15:55:18.758355: Epoch 4
2025-12-09 15:55:18.769529: Current learning rate: 0.0001
2025-12-09 15:56:05.145418: train_loss 0.7002
2025-12-09 15:56:05.149187: val_loss 0.6715
2025-12-09 15:56:05.151568: val classification accuracy 0.5566
2025-12-09 15:56:05.154130: val auc 0.6994
2025-12-09 15:56:05.156548: Epoch time: 46.39 s
2025-12-09 15:56:05.158540: Yayy! New best EMA pseudo Dice: 0.6994
2025-12-09 15:56:11.356335: 
2025-12-09 15:56:11.359013: Epoch 5
2025-12-09 15:56:11.361065: Current learning rate: 0.0001
2025-12-09 15:57:04.555614: train_loss 0.6816
2025-12-09 15:57:04.559794: val_loss 0.7075
2025-12-09 15:57:04.562034: val classification accuracy 0.4811
2025-12-09 15:57:04.564595: val auc 0.5867
2025-12-09 15:57:04.566932: Epoch time: 53.2 s
2025-12-09 15:57:05.429755: 
2025-12-09 15:57:05.433115: Epoch 6
2025-12-09 15:57:05.436035: Current learning rate: 0.0001
2025-12-09 15:57:57.476198: train_loss 0.6985
2025-12-09 15:57:57.486424: val_loss 0.669
2025-12-09 15:57:57.489345: val classification accuracy 0.5849
2025-12-09 15:57:57.491862: val auc 0.6712
2025-12-09 15:57:57.494287: Epoch time: 52.05 s
2025-12-09 15:57:58.287579: 
2025-12-09 15:57:58.295545: Epoch 7
2025-12-09 15:57:58.299514: Current learning rate: 0.0001
2025-12-09 15:58:59.454655: train_loss 0.6985
2025-12-09 15:58:59.459805: val_loss 0.6879
2025-12-09 15:58:59.462968: val classification accuracy 0.6038
2025-12-09 15:58:59.465656: val auc 0.6015
2025-12-09 15:58:59.468624: Epoch time: 61.17 s
2025-12-09 15:58:59.493216: Yayy! New best classification accuracy: 0.6038
2025-12-09 15:59:05.282664: 
2025-12-09 15:59:05.285622: Epoch 8
2025-12-09 15:59:05.287654: Current learning rate: 0.0001
2025-12-09 15:59:57.701276: train_loss 0.6967
2025-12-09 15:59:57.706009: val_loss 0.6563
2025-12-09 15:59:57.709105: val classification accuracy 0.6509
2025-12-09 15:59:57.711697: val auc 0.6871
2025-12-09 15:59:57.714174: Epoch time: 52.42 s
2025-12-09 15:59:57.716252: Yayy! New best classification accuracy: 0.6509
2025-12-09 16:00:03.935970: 
2025-12-09 16:00:03.939256: Epoch 9
2025-12-09 16:00:03.941658: Current learning rate: 0.0001
2025-12-09 16:01:01.037197: train_loss 0.6944
2025-12-09 16:01:01.040685: val_loss 0.664
2025-12-09 16:01:01.043284: val classification accuracy 0.6415
2025-12-09 16:01:01.045631: val auc 0.6776
2025-12-09 16:01:01.047788: Epoch time: 57.1 s
2025-12-09 16:01:01.924507: 
2025-12-09 16:01:01.928577: Epoch 10
2025-12-09 16:01:01.931444: Current learning rate: 0.0001
2025-12-09 16:01:57.534353: train_loss 0.7009
2025-12-09 16:01:57.539464: val_loss 0.7063
2025-12-09 16:01:57.543401: val classification accuracy 0.5
2025-12-09 16:01:57.546746: val auc 0.5545
2025-12-09 16:01:57.563383: Epoch time: 55.61 s
2025-12-09 16:01:58.332946: 
2025-12-09 16:01:58.336225: Epoch 11
2025-12-09 16:01:58.338581: Current learning rate: 0.0001
2025-12-09 16:02:54.754928: train_loss 0.6987
2025-12-09 16:02:54.759569: val_loss 0.676
2025-12-09 16:02:54.762596: val classification accuracy 0.6038
2025-12-09 16:02:54.767509: val auc 0.6356
2025-12-09 16:02:54.770755: Epoch time: 56.42 s
2025-12-09 16:02:55.551378: 
2025-12-09 16:02:55.555038: Epoch 12
2025-12-09 16:02:55.557604: Current learning rate: 0.0001
2025-12-09 16:03:50.029117: train_loss 0.6889
2025-12-09 16:03:50.043346: val_loss 0.6716
2025-12-09 16:03:50.046460: val classification accuracy 0.5943
2025-12-09 16:03:50.050411: val auc 0.6748
2025-12-09 16:03:50.058669: Epoch time: 54.48 s
2025-12-09 16:03:50.923933: 
2025-12-09 16:03:50.927474: Epoch 13
2025-12-09 16:03:50.930221: Current learning rate: 0.0001
2025-12-09 16:04:45.921637: train_loss 0.696
2025-12-09 16:04:45.925870: val_loss 0.6824
2025-12-09 16:04:45.928613: val classification accuracy 0.5283
2025-12-09 16:04:45.931195: val auc 0.5854
2025-12-09 16:04:45.933863: Epoch time: 55.0 s
2025-12-09 16:04:47.316315: 
2025-12-09 16:04:47.319618: Epoch 14
2025-12-09 16:04:47.322361: Current learning rate: 0.0001
2025-12-09 16:05:39.777762: train_loss 0.6987
2025-12-09 16:05:39.872483: val_loss 0.6683
2025-12-09 16:05:39.877812: val classification accuracy 0.6321
2025-12-09 16:05:39.882575: val auc 0.6978
2025-12-09 16:05:39.891863: Epoch time: 52.46 s
2025-12-09 16:05:40.840076: 
2025-12-09 16:05:40.844692: Epoch 15
2025-12-09 16:05:40.847638: Current learning rate: 0.0001
2025-12-09 16:06:35.051905: train_loss 0.6897
2025-12-09 16:06:35.060196: val_loss 0.6823
2025-12-09 16:06:35.069390: val classification accuracy 0.5377
2025-12-09 16:06:35.079009: val auc 0.607
2025-12-09 16:06:35.082866: Epoch time: 54.21 s
2025-12-09 16:06:35.868047: 
2025-12-09 16:06:35.873781: Epoch 16
2025-12-09 16:06:35.876919: Current learning rate: 0.0001
2025-12-09 16:07:27.675316: train_loss 0.6887
2025-12-09 16:07:27.680900: val_loss 0.6903
2025-12-09 16:07:27.684336: val classification accuracy 0.566
2025-12-09 16:07:27.687465: val auc 0.5545
2025-12-09 16:07:27.690350: Epoch time: 51.81 s
2025-12-09 16:07:28.608274: 
2025-12-09 16:07:28.612229: Epoch 17
2025-12-09 16:07:28.615114: Current learning rate: 9e-05
2025-12-09 16:08:21.673769: train_loss 0.6954
2025-12-09 16:08:21.698904: val_loss 0.6816
2025-12-09 16:08:21.702899: val classification accuracy 0.5094
2025-12-09 16:08:21.706351: val auc 0.5755
2025-12-09 16:08:21.709513: Epoch time: 53.07 s
2025-12-09 16:08:22.551522: 
2025-12-09 16:08:22.554798: Epoch 18
2025-12-09 16:08:22.557012: Current learning rate: 9e-05
2025-12-09 16:09:16.045379: train_loss 0.692
2025-12-09 16:09:16.049847: val_loss 0.6781
2025-12-09 16:09:16.052729: val classification accuracy 0.566
2025-12-09 16:09:16.055503: val auc 0.6045
2025-12-09 16:09:16.058000: Epoch time: 53.49 s
2025-12-09 16:09:16.820076: 
2025-12-09 16:09:16.823088: Epoch 19
2025-12-09 16:09:16.825528: Current learning rate: 9e-05
2025-12-09 16:10:13.697307: train_loss 0.6848
2025-12-09 16:10:13.716409: val_loss 0.6698
2025-12-09 16:10:13.720194: val classification accuracy 0.5377
2025-12-09 16:10:13.723932: val auc 0.6826
2025-12-09 16:10:13.737082: Epoch time: 56.88 s
2025-12-09 16:10:18.884468: Saved periodic checkpoint /hpf/projects/jquon/sumin/nnUNet_data/nnUNet_results/Dataset003_AVM_T1+C/ViTTrainer_ep300_NoMirroring__nnUNetResEncUNetLPlans__3d_fullres/fold_3/checkpoint_every20_best_balacc.pth at epoch 19 with val_balanced_accuracy=0.5377
2025-12-09 16:10:19.629958: 
2025-12-09 16:10:19.633597: Epoch 20
2025-12-09 16:10:19.636418: Current learning rate: 9e-05
2025-12-09 16:11:12.460029: train_loss 0.687
2025-12-09 16:11:12.467211: val_loss 0.6811
2025-12-09 16:11:12.470449: val classification accuracy 0.5472
2025-12-09 16:11:12.473153: val auc 0.5765
2025-12-09 16:11:12.479600: Epoch time: 52.83 s
2025-12-09 16:11:13.315947: 
2025-12-09 16:11:13.319491: Epoch 21
2025-12-09 16:11:13.321950: Current learning rate: 9e-05
2025-12-09 16:12:06.125730: train_loss 0.6749
2025-12-09 16:12:06.135314: val_loss 0.6692
2025-12-09 16:12:06.138536: val classification accuracy 0.6132
2025-12-09 16:12:06.141158: val auc 0.6447
2025-12-09 16:12:06.143985: Epoch time: 52.81 s
2025-12-09 16:12:06.949270: 
2025-12-09 16:12:06.952558: Epoch 22
2025-12-09 16:12:06.955312: Current learning rate: 9e-05
2025-12-09 16:13:03.371410: train_loss 0.6738
2025-12-09 16:13:03.388788: val_loss 0.6929
2025-12-09 16:13:03.393255: val classification accuracy 0.5755
2025-12-09 16:13:03.398661: val auc 0.5445
2025-12-09 16:13:03.405030: Epoch time: 56.42 s
2025-12-09 16:13:04.244804: 
2025-12-09 16:13:04.249237: Epoch 23
2025-12-09 16:13:04.252702: Current learning rate: 9e-05
2025-12-09 16:14:01.829723: train_loss 0.6939
2025-12-09 16:14:01.834754: val_loss 0.6597
2025-12-09 16:14:01.847755: val classification accuracy 0.5472
2025-12-09 16:14:01.851084: val auc 0.6844
2025-12-09 16:14:01.854225: Epoch time: 57.59 s
2025-12-09 16:14:02.646169: 
2025-12-09 16:14:02.651792: Epoch 24
2025-12-09 16:14:02.664182: Current learning rate: 9e-05
2025-12-09 16:14:55.871969: train_loss 0.6913
2025-12-09 16:14:55.876506: val_loss 0.6622
2025-12-09 16:14:55.879325: val classification accuracy 0.5849
2025-12-09 16:14:55.882089: val auc 0.657
2025-12-09 16:14:55.884329: Epoch time: 53.23 s
2025-12-09 16:14:56.628889: 
2025-12-09 16:14:56.632124: Epoch 25
2025-12-09 16:14:56.634327: Current learning rate: 9e-05
2025-12-09 16:15:50.642536: train_loss 0.6839
2025-12-09 16:15:50.655568: val_loss 0.6617
2025-12-09 16:15:50.664057: val classification accuracy 0.5755
2025-12-09 16:15:50.667527: val auc 0.7675
2025-12-09 16:15:50.672422: Epoch time: 54.01 s
2025-12-09 16:15:50.676627: Yayy! New best EMA pseudo Dice: 0.7675
2025-12-09 16:15:56.470038: 
2025-12-09 16:15:56.473392: Epoch 26
2025-12-09 16:15:56.476052: Current learning rate: 9e-05
2025-12-09 16:16:51.641129: train_loss 0.6753
2025-12-09 16:16:51.670830: val_loss 0.662
2025-12-09 16:16:51.676389: val classification accuracy 0.566
2025-12-09 16:16:51.680400: val auc 0.6557
2025-12-09 16:16:51.683453: Epoch time: 55.17 s
2025-12-09 16:16:53.241487: 
2025-12-09 16:16:53.245124: Epoch 27
2025-12-09 16:16:53.247537: Current learning rate: 9e-05
2025-12-09 16:17:45.277213: train_loss 0.6772
2025-12-09 16:17:45.281689: val_loss 0.6727
2025-12-09 16:17:45.284468: val classification accuracy 0.6038
2025-12-09 16:17:45.287944: val auc 0.6029
2025-12-09 16:17:45.291155: Epoch time: 52.04 s
2025-12-09 16:17:46.091091: 
2025-12-09 16:17:46.095086: Epoch 28
2025-12-09 16:17:46.097580: Current learning rate: 9e-05
2025-12-09 16:18:37.253101: train_loss 0.6912
2025-12-09 16:18:37.270440: val_loss 0.6051
2025-12-09 16:18:37.273497: val classification accuracy 0.7264
2025-12-09 16:18:37.276448: val auc 0.7747
2025-12-09 16:18:37.317166: Epoch time: 51.16 s
2025-12-09 16:18:37.335666: Yayy! New best EMA pseudo Dice: 0.7747
2025-12-09 16:18:42.949182: Yayy! New best classification accuracy: 0.7264
2025-12-09 16:18:47.200882: 
2025-12-09 16:18:47.204084: Epoch 29
2025-12-09 16:18:47.206687: Current learning rate: 9e-05
2025-12-09 16:19:39.498809: train_loss 0.6828
2025-12-09 16:19:39.503847: val_loss 0.6654
2025-12-09 16:19:39.506823: val classification accuracy 0.5943
2025-12-09 16:19:39.509643: val auc 0.6378
2025-12-09 16:19:39.512363: Epoch time: 52.3 s
2025-12-09 16:19:40.279251: 
2025-12-09 16:19:40.282478: Epoch 30
2025-12-09 16:19:40.284909: Current learning rate: 9e-05
2025-12-09 16:20:32.801096: train_loss 0.6874
2025-12-09 16:20:32.823534: val_loss 0.6641
2025-12-09 16:20:32.852165: val classification accuracy 0.5849
2025-12-09 16:20:32.855998: val auc 0.6308
2025-12-09 16:20:32.859424: Epoch time: 52.52 s
2025-12-09 16:20:33.632649: 
2025-12-09 16:20:33.635779: Epoch 31
2025-12-09 16:20:33.638188: Current learning rate: 9e-05
2025-12-09 16:21:24.389615: train_loss 0.6829
2025-12-09 16:21:24.394642: val_loss 0.647
2025-12-09 16:21:24.397733: val classification accuracy 0.6415
2025-12-09 16:21:24.400727: val auc 0.7241
2025-12-09 16:21:24.403685: Epoch time: 50.76 s
2025-12-09 16:21:25.181257: 
2025-12-09 16:21:25.184864: Epoch 32
2025-12-09 16:21:25.187401: Current learning rate: 9e-05
2025-12-09 16:22:18.709131: train_loss 0.6802
2025-12-09 16:22:18.713103: val_loss 0.6486
2025-12-09 16:22:18.715941: val classification accuracy 0.6132
2025-12-09 16:22:18.718962: val auc 0.6712
2025-12-09 16:22:18.721502: Epoch time: 53.53 s
2025-12-09 16:22:19.515824: 
2025-12-09 16:22:19.519303: Epoch 33
2025-12-09 16:22:19.521812: Current learning rate: 9e-05
2025-12-09 16:23:15.595111: train_loss 0.677
2025-12-09 16:23:15.601192: val_loss 0.68
2025-12-09 16:23:15.604443: val classification accuracy 0.5377
2025-12-09 16:23:15.607672: val auc 0.5995
2025-12-09 16:23:15.610801: Epoch time: 56.08 s
2025-12-09 16:23:16.371718: 
2025-12-09 16:23:16.375175: Epoch 34
2025-12-09 16:23:16.377615: Current learning rate: 9e-05
2025-12-09 16:24:06.111558: train_loss 0.6701
2025-12-09 16:24:06.116738: val_loss 0.6439
2025-12-09 16:24:06.120042: val classification accuracy 0.6226
2025-12-09 16:24:06.123352: val auc 0.7022
2025-12-09 16:24:06.126624: Epoch time: 49.74 s
2025-12-09 16:24:06.991785: 
2025-12-09 16:24:06.995540: Epoch 35
2025-12-09 16:24:06.999654: Current learning rate: 9e-05
2025-12-09 16:25:00.963344: train_loss 0.6854
2025-12-09 16:25:01.007099: val_loss 0.6518
2025-12-09 16:25:01.023722: val classification accuracy 0.6698
2025-12-09 16:25:01.026675: val auc 0.6695
2025-12-09 16:25:01.029720: Epoch time: 53.97 s
2025-12-09 16:25:01.828759: 
2025-12-09 16:25:01.832233: Epoch 36
2025-12-09 16:25:01.834921: Current learning rate: 9e-05
2025-12-09 16:25:58.266015: train_loss 0.6819
2025-12-09 16:25:58.278693: val_loss 0.6809
2025-12-09 16:25:58.288990: val classification accuracy 0.5566
2025-12-09 16:25:58.291769: val auc 0.5796
2025-12-09 16:25:58.295114: Epoch time: 56.44 s
2025-12-09 16:25:59.081001: 
2025-12-09 16:25:59.085062: Epoch 37
2025-12-09 16:25:59.092776: Current learning rate: 9e-05
2025-12-09 16:26:49.488565: train_loss 0.6704
2025-12-09 16:26:49.493317: val_loss 0.6168
2025-12-09 16:26:49.496392: val classification accuracy 0.6792
2025-12-09 16:26:49.499540: val auc 0.7925
2025-12-09 16:26:49.502161: Epoch time: 50.41 s
2025-12-09 16:26:49.504756: Yayy! New best EMA pseudo Dice: 0.7925
2025-12-09 16:26:55.440732: 
2025-12-09 16:26:55.444003: Epoch 38
2025-12-09 16:26:55.446626: Current learning rate: 9e-05
2025-12-09 16:27:49.765207: train_loss 0.6813
2025-12-09 16:27:49.799897: val_loss 0.6509
2025-12-09 16:27:49.802867: val classification accuracy 0.6132
2025-12-09 16:27:49.805443: val auc 0.6801
2025-12-09 16:27:49.807983: Epoch time: 54.33 s
2025-12-09 16:27:50.736635: 
2025-12-09 16:27:50.741063: Epoch 39
2025-12-09 16:27:50.744097: Current learning rate: 9e-05
2025-12-09 16:28:46.037059: train_loss 0.6836
2025-12-09 16:28:46.045627: val_loss 0.6634
2025-12-09 16:28:46.048706: val classification accuracy 0.6038
2025-12-09 16:28:46.051764: val auc 0.6671
2025-12-09 16:28:46.054987: Epoch time: 55.3 s
2025-12-09 16:28:51.493387: Saved periodic checkpoint /hpf/projects/jquon/sumin/nnUNet_data/nnUNet_results/Dataset003_AVM_T1+C/ViTTrainer_ep300_NoMirroring__nnUNetResEncUNetLPlans__3d_fullres/fold_3/checkpoint_every20_best_balacc.pth at epoch 39 with val_balanced_accuracy=0.6038
2025-12-09 16:28:52.215470: 
2025-12-09 16:28:52.218607: Epoch 40
2025-12-09 16:28:52.221010: Current learning rate: 9e-05
2025-12-09 16:29:51.353018: train_loss 0.6801
2025-12-09 16:29:51.388734: val_loss 0.653
2025-12-09 16:29:51.392277: val classification accuracy 0.5849
2025-12-09 16:29:51.395217: val auc 0.683
2025-12-09 16:29:51.398094: Epoch time: 59.14 s
2025-12-09 16:29:52.258772: 
2025-12-09 16:29:52.261976: Epoch 41
2025-12-09 16:29:52.264278: Current learning rate: 9e-05
2025-12-09 16:30:48.713075: train_loss 0.6828
2025-12-09 16:30:48.716973: val_loss 0.6654
2025-12-09 16:30:48.719989: val classification accuracy 0.5472
2025-12-09 16:30:48.722741: val auc 0.7485
2025-12-09 16:30:48.725569: Epoch time: 56.46 s
2025-12-09 16:30:49.486091: 
2025-12-09 16:30:49.489200: Epoch 42
2025-12-09 16:30:49.491872: Current learning rate: 9e-05
2025-12-09 16:31:42.458671: train_loss 0.6889
2025-12-09 16:31:42.480772: val_loss 0.6763
2025-12-09 16:31:42.495205: val classification accuracy 0.566
2025-12-09 16:31:42.523079: val auc 0.5954
2025-12-09 16:31:42.526143: Epoch time: 52.97 s
2025-12-09 16:31:43.440245: 
2025-12-09 16:31:43.443743: Epoch 43
2025-12-09 16:31:43.446346: Current learning rate: 9e-05
2025-12-09 16:32:40.043080: train_loss 0.6796
2025-12-09 16:32:40.051245: val_loss 0.6745
2025-12-09 16:32:40.055378: val classification accuracy 0.5943
2025-12-09 16:32:40.059389: val auc 0.6488
2025-12-09 16:32:40.062629: Epoch time: 56.6 s
2025-12-09 16:32:40.877116: 
2025-12-09 16:32:40.882872: Epoch 44
2025-12-09 16:32:40.892442: Current learning rate: 9e-05
2025-12-09 16:33:38.067766: train_loss 0.674
2025-12-09 16:33:38.073420: val_loss 0.6543
2025-12-09 16:33:38.085056: val classification accuracy 0.6038
2025-12-09 16:33:38.088559: val auc 0.6737
2025-12-09 16:33:38.092165: Epoch time: 57.19 s
2025-12-09 16:33:38.878232: 
2025-12-09 16:33:38.883595: Epoch 45
2025-12-09 16:33:38.887059: Current learning rate: 9e-05
2025-12-09 16:34:32.167017: train_loss 0.7078
2025-12-09 16:34:32.180194: val_loss 0.6924
2025-12-09 16:34:32.183184: val classification accuracy 0.5189
2025-12-09 16:34:32.186233: val auc 0.5749
2025-12-09 16:34:32.189943: Epoch time: 53.29 s
2025-12-09 16:34:32.980213: 
2025-12-09 16:34:32.986060: Epoch 46
2025-12-09 16:34:32.989612: Current learning rate: 9e-05
2025-12-09 16:35:30.195271: train_loss 0.6792
2025-12-09 16:35:30.225940: val_loss 0.6764
2025-12-09 16:35:30.229148: val classification accuracy 0.5755
2025-12-09 16:35:30.232425: val auc 0.587
2025-12-09 16:35:30.235679: Epoch time: 57.22 s
2025-12-09 16:35:31.019600: 
2025-12-09 16:35:31.023517: Epoch 47
2025-12-09 16:35:31.026332: Current learning rate: 9e-05
2025-12-09 16:36:24.023084: train_loss 0.6837
2025-12-09 16:36:24.028103: val_loss 0.697
2025-12-09 16:36:24.031238: val classification accuracy 0.5377
2025-12-09 16:36:24.034337: val auc 0.6063
2025-12-09 16:36:24.050997: Epoch time: 53.0 s
2025-12-09 16:36:24.956480: 
2025-12-09 16:36:24.959917: Epoch 48
2025-12-09 16:36:24.962627: Current learning rate: 9e-05
2025-12-09 16:37:19.529690: train_loss 0.684
2025-12-09 16:37:19.534910: val_loss 0.6611
2025-12-09 16:37:19.538007: val classification accuracy 0.6226
2025-12-09 16:37:19.541021: val auc 0.6714
2025-12-09 16:37:19.544237: Epoch time: 54.57 s
2025-12-09 16:37:20.326764: 
2025-12-09 16:37:20.330378: Epoch 49
2025-12-09 16:37:20.332982: Current learning rate: 9e-05
2025-12-09 16:38:15.844594: train_loss 0.6744
2025-12-09 16:38:15.853997: val_loss 0.6845
2025-12-09 16:38:15.863074: val classification accuracy 0.5283
2025-12-09 16:38:15.872929: val auc 0.5479
2025-12-09 16:38:15.898253: Epoch time: 55.52 s
2025-12-09 16:38:16.718885: 
2025-12-09 16:38:16.722653: Epoch 50
2025-12-09 16:38:16.725443: Current learning rate: 8e-05
2025-12-09 16:39:11.549426: train_loss 0.6754
2025-12-09 16:39:11.561894: val_loss 0.6324
2025-12-09 16:39:11.564903: val classification accuracy 0.6604
2025-12-09 16:39:11.567685: val auc 0.7086
2025-12-09 16:39:11.570533: Epoch time: 54.83 s
2025-12-09 16:39:12.361436: 
2025-12-09 16:39:12.364900: Epoch 51
2025-12-09 16:39:12.367464: Current learning rate: 8e-05
2025-12-09 16:40:08.771310: train_loss 0.6787
2025-12-09 16:40:08.776422: val_loss 0.6354
2025-12-09 16:40:08.780423: val classification accuracy 0.6321
2025-12-09 16:40:08.794523: val auc 0.7987
2025-12-09 16:40:08.797487: Epoch time: 56.41 s
2025-12-09 16:40:08.800213: Yayy! New best EMA pseudo Dice: 0.7987
2025-12-09 16:40:14.761445: 
2025-12-09 16:40:14.765238: Epoch 52
2025-12-09 16:40:14.767864: Current learning rate: 8e-05
2025-12-09 16:41:08.857744: train_loss 0.6762
2025-12-09 16:41:08.862977: val_loss 0.6838
2025-12-09 16:41:08.866092: val classification accuracy 0.5849
2025-12-09 16:41:08.891166: val auc 0.5808
2025-12-09 16:41:08.896592: Epoch time: 54.1 s
2025-12-09 16:41:10.299416: 
2025-12-09 16:41:10.302985: Epoch 53
2025-12-09 16:41:10.305566: Current learning rate: 8e-05
2025-12-09 16:41:59.223980: train_loss 0.6799
2025-12-09 16:41:59.236860: val_loss 0.6471
2025-12-09 16:41:59.240124: val classification accuracy 0.6698
2025-12-09 16:41:59.243114: val auc 0.7056
2025-12-09 16:41:59.245805: Epoch time: 48.93 s
2025-12-09 16:42:00.078940: 
2025-12-09 16:42:00.082568: Epoch 54
2025-12-09 16:42:00.087871: Current learning rate: 8e-05
2025-12-09 16:42:54.690168: train_loss 0.6765
2025-12-09 16:42:54.696571: val_loss 0.6761
2025-12-09 16:42:54.699548: val classification accuracy 0.5849
2025-12-09 16:42:54.702616: val auc 0.6476
2025-12-09 16:42:54.706012: Epoch time: 54.61 s
2025-12-09 16:42:55.540103: 
2025-12-09 16:42:55.544271: Epoch 55
2025-12-09 16:42:55.547166: Current learning rate: 8e-05
2025-12-09 16:43:48.802098: train_loss 0.6591
2025-12-09 16:43:48.818330: val_loss 0.663
2025-12-09 16:43:48.821856: val classification accuracy 0.566
2025-12-09 16:43:48.825355: val auc 0.641
2025-12-09 16:43:48.829278: Epoch time: 53.26 s
2025-12-09 16:43:49.686265: 
2025-12-09 16:43:49.689842: Epoch 56
2025-12-09 16:43:49.692637: Current learning rate: 8e-05
2025-12-09 16:44:41.717762: train_loss 0.668
2025-12-09 16:44:41.721949: val_loss 0.6264
2025-12-09 16:44:41.724863: val classification accuracy 0.6226
2025-12-09 16:44:41.727599: val auc 0.7394
2025-12-09 16:44:41.730864: Epoch time: 52.03 s
2025-12-09 16:44:42.591590: 
2025-12-09 16:44:42.595270: Epoch 57
2025-12-09 16:44:42.598155: Current learning rate: 8e-05
2025-12-09 16:45:35.381599: train_loss 0.6773
2025-12-09 16:45:35.388586: val_loss 0.656
2025-12-09 16:45:35.392678: val classification accuracy 0.5755
2025-12-09 16:45:35.395957: val auc 0.6944
2025-12-09 16:45:35.399059: Epoch time: 52.79 s
2025-12-09 16:45:36.280013: 
2025-12-09 16:45:36.283776: Epoch 58
2025-12-09 16:45:36.286989: Current learning rate: 8e-05
2025-12-09 16:46:29.617982: train_loss 0.6853
2025-12-09 16:46:29.644242: val_loss 0.7082
2025-12-09 16:46:29.651113: val classification accuracy 0.5472
2025-12-09 16:46:29.657151: val auc 0.5096
2025-12-09 16:46:29.663792: Epoch time: 53.34 s
2025-12-09 16:46:30.483432: 
2025-12-09 16:46:30.488454: Epoch 59
2025-12-09 16:46:30.491266: Current learning rate: 8e-05
2025-12-09 16:47:24.201319: train_loss 0.6728
2025-12-09 16:47:24.208842: val_loss 0.6904
2025-12-09 16:47:24.213923: val classification accuracy 0.566
2025-12-09 16:47:24.218364: val auc 0.5769
2025-12-09 16:47:24.234346: Epoch time: 53.72 s
2025-12-09 16:47:25.092642: 
2025-12-09 16:47:25.096406: Epoch 60
2025-12-09 16:47:25.099012: Current learning rate: 8e-05
2025-12-09 16:48:21.417828: train_loss 0.6843
2025-12-09 16:48:21.423437: val_loss 0.6878
2025-12-09 16:48:21.426488: val classification accuracy 0.5094
2025-12-09 16:48:21.429863: val auc 0.558
2025-12-09 16:48:21.433025: Epoch time: 56.33 s
2025-12-09 16:48:22.225328: 
2025-12-09 16:48:22.229359: Epoch 61
2025-12-09 16:48:22.233058: Current learning rate: 8e-05
2025-12-09 16:49:15.278162: train_loss 0.6712
2025-12-09 16:49:15.332973: val_loss 0.6336
2025-12-09 16:49:15.337178: val classification accuracy 0.6698
2025-12-09 16:49:15.343084: val auc 0.6986
2025-12-09 16:49:15.347024: Epoch time: 53.05 s
2025-12-09 16:49:16.120752: 
2025-12-09 16:49:16.124831: Epoch 62
2025-12-09 16:49:16.127652: Current learning rate: 8e-05
2025-12-09 16:50:08.209657: train_loss 0.6849
2025-12-09 16:50:08.224990: val_loss 0.6514
2025-12-09 16:50:08.228377: val classification accuracy 0.5943
2025-12-09 16:50:08.231506: val auc 0.6785
2025-12-09 16:50:08.234684: Epoch time: 52.09 s
2025-12-09 16:50:09.019482: 
2025-12-09 16:50:09.023710: Epoch 63
2025-12-09 16:50:09.026872: Current learning rate: 8e-05
2025-12-09 16:51:01.722052: train_loss 0.6813
2025-12-09 16:51:01.728269: val_loss 0.6588
2025-12-09 16:51:01.732472: val classification accuracy 0.5849
2025-12-09 16:51:01.736177: val auc 0.6501
2025-12-09 16:51:01.739043: Epoch time: 52.7 s
2025-12-09 16:51:02.553476: 
2025-12-09 16:51:02.557098: Epoch 64
2025-12-09 16:51:02.559686: Current learning rate: 8e-05
2025-12-09 16:52:00.143600: train_loss 0.675
2025-12-09 16:52:00.176311: val_loss 0.6389
2025-12-09 16:52:00.191700: val classification accuracy 0.6509
2025-12-09 16:52:00.195669: val auc 0.725
2025-12-09 16:52:00.201114: Epoch time: 57.59 s
2025-12-09 16:52:00.993865: 
2025-12-09 16:52:00.997536: Epoch 65
2025-12-09 16:52:01.000401: Current learning rate: 8e-05
2025-12-09 16:52:58.619313: train_loss 0.6761
2025-12-09 16:52:58.630948: val_loss 0.6649
2025-12-09 16:52:58.679014: val classification accuracy 0.5755
2025-12-09 16:52:58.682256: val auc 0.6467
2025-12-09 16:52:58.685442: Epoch time: 57.63 s
2025-12-09 16:52:59.425970: 
2025-12-09 16:52:59.429710: Epoch 66
2025-12-09 16:52:59.432259: Current learning rate: 8e-05
2025-12-09 16:53:50.793919: train_loss 0.6809
2025-12-09 16:53:50.797698: val_loss 0.69
2025-12-09 16:53:50.801047: val classification accuracy 0.6132
2025-12-09 16:53:50.804663: val auc 0.574
2025-12-09 16:53:50.808095: Epoch time: 51.37 s
2025-12-09 16:53:51.626208: 
2025-12-09 16:53:51.629494: Epoch 67
2025-12-09 16:53:51.632073: Current learning rate: 8e-05
2025-12-09 16:54:47.938330: train_loss 0.6652
2025-12-09 16:54:47.944921: val_loss 0.6618
2025-12-09 16:54:47.948844: val classification accuracy 0.5943
2025-12-09 16:54:47.954066: val auc 0.6429
2025-12-09 16:54:47.957325: Epoch time: 56.31 s
2025-12-09 16:54:48.834266: 
2025-12-09 16:54:48.843490: Epoch 68
2025-12-09 16:54:48.853633: Current learning rate: 8e-05
2025-12-09 16:55:41.511451: train_loss 0.6712
2025-12-09 16:55:41.516365: val_loss 0.6226
2025-12-09 16:55:41.519555: val classification accuracy 0.6321
2025-12-09 16:55:41.522773: val auc 0.73
2025-12-09 16:55:41.525759: Epoch time: 52.68 s
2025-12-09 16:55:42.364466: 
2025-12-09 16:55:42.368473: Epoch 69
2025-12-09 16:55:42.371637: Current learning rate: 8e-05
2025-12-09 16:56:38.530213: train_loss 0.663
2025-12-09 16:56:38.536331: val_loss 0.6424
2025-12-09 16:56:38.539663: val classification accuracy 0.6509
2025-12-09 16:56:38.542626: val auc 0.7067
2025-12-09 16:56:38.545432: Epoch time: 56.17 s
2025-12-09 16:56:39.405308: 
2025-12-09 16:56:39.409649: Epoch 70
2025-12-09 16:56:39.412443: Current learning rate: 8e-05
2025-12-09 16:57:35.036572: train_loss 0.6671
2025-12-09 16:57:35.040785: val_loss 0.6865
2025-12-09 16:57:35.044513: val classification accuracy 0.5377
2025-12-09 16:57:35.051425: val auc 0.5336
2025-12-09 16:57:35.054152: Epoch time: 55.63 s
2025-12-09 16:57:35.831775: 
2025-12-09 16:57:35.835039: Epoch 71
2025-12-09 16:57:35.837579: Current learning rate: 8e-05
2025-12-09 16:58:26.911776: train_loss 0.6911
2025-12-09 16:58:26.919191: val_loss 0.6821
2025-12-09 16:58:26.929269: val classification accuracy 0.5566
2025-12-09 16:58:26.934078: val auc 0.6205
2025-12-09 16:58:26.940585: Epoch time: 51.08 s
2025-12-09 16:58:27.829417: 
2025-12-09 16:58:27.833093: Epoch 72
2025-12-09 16:58:27.836509: Current learning rate: 8e-05
2025-12-09 16:59:19.107557: train_loss 0.6852
2025-12-09 16:59:19.112979: val_loss 0.6495
2025-12-09 16:59:19.115772: val classification accuracy 0.5943
2025-12-09 16:59:19.118357: val auc 0.6524
2025-12-09 16:59:19.122434: Epoch time: 51.28 s
2025-12-09 16:59:20.042967: 
2025-12-09 16:59:20.046891: Epoch 73
2025-12-09 16:59:20.049616: Current learning rate: 8e-05
2025-12-09 17:00:11.568129: train_loss 0.6775
2025-12-09 17:00:11.573126: val_loss 0.6918
2025-12-09 17:00:11.576359: val classification accuracy 0.5283
2025-12-09 17:00:11.579832: val auc 0.5808
2025-12-09 17:00:11.582916: Epoch time: 51.53 s
2025-12-09 17:00:12.383960: 
2025-12-09 17:00:12.388044: Epoch 74
2025-12-09 17:00:12.391481: Current learning rate: 8e-05
2025-12-09 17:01:06.658354: train_loss 0.6818
2025-12-09 17:01:06.662537: val_loss 0.643
2025-12-09 17:01:06.666500: val classification accuracy 0.6604
2025-12-09 17:01:06.670100: val auc 0.693
2025-12-09 17:01:06.673445: Epoch time: 54.28 s
2025-12-09 17:01:07.502075: 
2025-12-09 17:01:07.505984: Epoch 75
2025-12-09 17:01:07.509441: Current learning rate: 8e-05
2025-12-09 17:02:00.709564: train_loss 0.676
2025-12-09 17:02:00.714597: val_loss 0.6702
2025-12-09 17:02:00.719104: val classification accuracy 0.5566
2025-12-09 17:02:00.744617: val auc 0.6921
2025-12-09 17:02:00.750564: Epoch time: 53.21 s
2025-12-09 17:02:01.500603: 
2025-12-09 17:02:01.504202: Epoch 76
2025-12-09 17:02:01.507627: Current learning rate: 8e-05
2025-12-09 17:02:55.861397: train_loss 0.672
2025-12-09 17:02:55.872616: val_loss 0.6723
2025-12-09 17:02:55.876180: val classification accuracy 0.566
2025-12-09 17:02:55.879332: val auc 0.6118
2025-12-09 17:02:55.882422: Epoch time: 54.36 s
2025-12-09 17:02:56.654897: 
2025-12-09 17:02:56.658468: Epoch 77
2025-12-09 17:02:56.661174: Current learning rate: 8e-05
2025-12-09 17:03:52.629364: train_loss 0.6792
2025-12-09 17:03:52.635270: val_loss 0.658
2025-12-09 17:03:52.639109: val classification accuracy 0.6509
2025-12-09 17:03:52.642431: val auc 0.6645
2025-12-09 17:03:52.646227: Epoch time: 55.98 s
2025-12-09 17:03:53.495651: 
2025-12-09 17:03:53.499454: Epoch 78
2025-12-09 17:03:53.502034: Current learning rate: 8e-05
2025-12-09 17:04:49.128201: train_loss 0.6711
2025-12-09 17:04:49.133171: val_loss 0.6544
2025-12-09 17:04:49.136478: val classification accuracy 0.6226
2025-12-09 17:04:49.139811: val auc 0.6606
2025-12-09 17:04:49.143066: Epoch time: 55.63 s
2025-12-09 17:04:50.729634: 
2025-12-09 17:04:50.734008: Epoch 79
2025-12-09 17:04:50.737190: Current learning rate: 8e-05
2025-12-09 17:05:43.295125: train_loss 0.6606
2025-12-09 17:05:43.325442: val_loss 0.6705
2025-12-09 17:05:43.342391: val classification accuracy 0.566
2025-12-09 17:05:43.345422: val auc 0.5958
2025-12-09 17:05:43.348269: Epoch time: 52.57 s
2025-12-09 17:05:44.142330: 
2025-12-09 17:05:44.146223: Epoch 80
2025-12-09 17:05:44.148909: Current learning rate: 8e-05
2025-12-09 17:06:39.520528: train_loss 0.6832
2025-12-09 17:06:39.524453: val_loss 0.6477
2025-12-09 17:06:39.527730: val classification accuracy 0.6226
2025-12-09 17:06:39.530734: val auc 0.6661
2025-12-09 17:06:39.534533: Epoch time: 55.38 s
2025-12-09 17:06:40.391092: 
2025-12-09 17:06:40.395122: Epoch 81
2025-12-09 17:06:40.397890: Current learning rate: 8e-05
2025-12-09 17:07:26.537073: train_loss 0.657
2025-12-09 17:07:26.553427: val_loss 0.6805
2025-12-09 17:07:26.556678: val classification accuracy 0.5189
2025-12-09 17:07:26.559492: val auc 0.6273
2025-12-09 17:07:26.562173: Epoch time: 46.15 s
2025-12-09 17:07:27.325464: 
2025-12-09 17:07:27.328960: Epoch 82
2025-12-09 17:07:27.332527: Current learning rate: 8e-05
2025-12-09 17:08:12.747681: train_loss 0.6734
2025-12-09 17:08:12.768142: val_loss 0.6665
2025-12-09 17:08:12.776708: val classification accuracy 0.5566
2025-12-09 17:08:12.783024: val auc 0.6123
2025-12-09 17:08:12.793284: Epoch time: 45.42 s
2025-12-09 17:08:13.571075: 
2025-12-09 17:08:13.575669: Epoch 83
2025-12-09 17:08:13.581721: Current learning rate: 7e-05
2025-12-09 17:08:57.494984: train_loss 0.6706
2025-12-09 17:08:57.499656: val_loss 0.6577
2025-12-09 17:08:57.502618: val classification accuracy 0.566
2025-12-09 17:08:57.505534: val auc 0.6579
2025-12-09 17:08:57.508351: Epoch time: 43.92 s
2025-12-09 17:08:58.249913: 
2025-12-09 17:08:58.253060: Epoch 84
2025-12-09 17:08:58.255553: Current learning rate: 7e-05
2025-12-09 17:09:42.079356: train_loss 0.6729
2025-12-09 17:09:42.096040: val_loss 0.6634
2025-12-09 17:09:42.099285: val classification accuracy 0.5849
2025-12-09 17:09:42.101972: val auc 0.6196
2025-12-09 17:09:42.105491: Epoch time: 43.83 s
2025-12-09 17:09:42.825462: 
2025-12-09 17:09:42.829160: Epoch 85
2025-12-09 17:09:42.832296: Current learning rate: 7e-05
2025-12-09 17:10:34.084320: train_loss 0.6884
2025-12-09 17:10:34.097663: val_loss 0.6785
2025-12-09 17:10:34.103886: val classification accuracy 0.5566
2025-12-09 17:10:34.106806: val auc 0.5963
2025-12-09 17:10:34.110264: Epoch time: 51.26 s
2025-12-09 17:10:34.973530: 
2025-12-09 17:10:34.977046: Epoch 86
2025-12-09 17:10:34.979832: Current learning rate: 7e-05
2025-12-09 17:11:26.838196: train_loss 0.675
2025-12-09 17:11:26.866237: val_loss 0.6829
2025-12-09 17:11:26.890840: val classification accuracy 0.5189
2025-12-09 17:11:26.895229: val auc 0.5691
2025-12-09 17:11:26.898530: Epoch time: 51.87 s
2025-12-09 17:11:27.754266: 
2025-12-09 17:11:27.758308: Epoch 87
2025-12-09 17:11:27.764754: Current learning rate: 7e-05
2025-12-09 17:12:21.898922: train_loss 0.6641
2025-12-09 17:12:21.913418: val_loss 0.6944
2025-12-09 17:12:21.942298: val classification accuracy 0.5189
2025-12-09 17:12:21.946559: val auc 0.5472
2025-12-09 17:12:21.950281: Epoch time: 54.15 s
2025-12-09 17:12:22.745085: 
2025-12-09 17:12:22.748959: Epoch 88
2025-12-09 17:12:22.751770: Current learning rate: 7e-05
2025-12-09 17:13:18.977687: train_loss 0.6738
2025-12-09 17:13:18.982260: val_loss 0.6757
2025-12-09 17:13:18.985299: val classification accuracy 0.5566
2025-12-09 17:13:18.992967: val auc 0.608
2025-12-09 17:13:18.995773: Epoch time: 56.23 s
2025-12-09 17:13:19.967581: 
2025-12-09 17:13:19.972580: Epoch 89
2025-12-09 17:13:19.978538: Current learning rate: 7e-05
2025-12-09 17:14:14.952982: train_loss 0.6846
2025-12-09 17:14:14.958676: val_loss 0.6382
2025-12-09 17:14:14.963003: val classification accuracy 0.6981
2025-12-09 17:14:14.967547: val auc 0.7177
2025-12-09 17:14:14.970867: Epoch time: 54.99 s
2025-12-09 17:14:15.858766: 
2025-12-09 17:14:15.863514: Epoch 90
2025-12-09 17:14:15.866546: Current learning rate: 7e-05
2025-12-09 17:15:08.371334: train_loss 0.6653
2025-12-09 17:15:08.390311: val_loss 0.6866
2025-12-09 17:15:08.394190: val classification accuracy 0.5755
2025-12-09 17:15:08.397598: val auc 0.5803
2025-12-09 17:15:08.402271: Epoch time: 52.51 s
2025-12-09 17:15:09.248374: 
2025-12-09 17:15:09.252915: Epoch 91
2025-12-09 17:15:09.259919: Current learning rate: 7e-05
2025-12-09 17:16:04.675959: train_loss 0.6745
2025-12-09 17:16:04.694303: val_loss 0.6765
2025-12-09 17:16:04.704866: val classification accuracy 0.5566
2025-12-09 17:16:04.708128: val auc 0.7236
2025-12-09 17:16:04.712164: Epoch time: 55.43 s
2025-12-09 17:16:05.498036: 
2025-12-09 17:16:05.501596: Epoch 92
2025-12-09 17:16:05.504306: Current learning rate: 7e-05
2025-12-09 17:16:55.749692: train_loss 0.6771
2025-12-09 17:16:55.754078: val_loss 0.6695
2025-12-09 17:16:55.757425: val classification accuracy 0.5377
2025-12-09 17:16:55.760610: val auc 0.6025
2025-12-09 17:16:55.763568: Epoch time: 50.25 s
2025-12-09 17:16:56.519278: 
2025-12-09 17:16:56.523109: Epoch 93
2025-12-09 17:16:56.525797: Current learning rate: 7e-05
2025-12-09 17:17:50.805366: train_loss 0.6724
2025-12-09 17:17:50.812359: val_loss 0.7339
2025-12-09 17:17:50.816717: val classification accuracy 0.4623
2025-12-09 17:17:50.821458: val auc 0.4849
2025-12-09 17:17:50.827062: Epoch time: 54.29 s
2025-12-09 17:17:51.640558: 
2025-12-09 17:17:51.645514: Epoch 94
2025-12-09 17:17:51.650587: Current learning rate: 7e-05
2025-12-09 17:18:45.655253: train_loss 0.6734
2025-12-09 17:18:45.768098: val_loss 0.6653
2025-12-09 17:18:45.771855: val classification accuracy 0.566
2025-12-09 17:18:45.775578: val auc 0.5988
2025-12-09 17:18:45.779484: Epoch time: 54.02 s
2025-12-09 17:18:46.652109: 
2025-12-09 17:18:46.657692: Epoch 95
2025-12-09 17:18:46.661419: Current learning rate: 7e-05
2025-12-09 17:19:39.235762: train_loss 0.6687
2025-12-09 17:19:39.240399: val_loss 0.7729
2025-12-09 17:19:39.243639: val classification accuracy 0.5
2025-12-09 17:19:39.247462: val auc 0.5251
2025-12-09 17:19:39.286489: Epoch time: 52.58 s
2025-12-09 17:19:40.032822: 
2025-12-09 17:19:40.036369: Epoch 96
2025-12-09 17:19:40.039011: Current learning rate: 7e-05
2025-12-09 17:20:36.549899: train_loss 0.664
2025-12-09 17:20:36.554351: val_loss 0.708
2025-12-09 17:20:36.557494: val classification accuracy 0.4811
2025-12-09 17:20:36.560575: val auc 0.5486
2025-12-09 17:20:36.563571: Epoch time: 56.52 s
2025-12-09 17:20:37.363616: 
2025-12-09 17:20:37.367407: Epoch 97
2025-12-09 17:20:37.370533: Current learning rate: 7e-05
2025-12-09 17:21:29.100974: train_loss 0.6682
2025-12-09 17:21:29.121888: val_loss 0.7052
2025-12-09 17:21:29.126238: val classification accuracy 0.5566
2025-12-09 17:21:29.130021: val auc 0.5326
2025-12-09 17:21:29.133492: Epoch time: 51.74 s
2025-12-09 17:21:29.948680: 
2025-12-09 17:21:29.952979: Epoch 98
2025-12-09 17:21:29.956039: Current learning rate: 7e-05
2025-12-09 17:22:23.722067: train_loss 0.6682
2025-12-09 17:22:23.727582: val_loss 0.6613
2025-12-09 17:22:23.731151: val classification accuracy 0.5566
2025-12-09 17:22:23.734623: val auc 0.6323
2025-12-09 17:22:23.738770: Epoch time: 53.77 s
2025-12-09 17:22:24.595098: 
2025-12-09 17:22:24.598579: Epoch 99
2025-12-09 17:22:24.601116: Current learning rate: 7e-05
2025-12-09 17:23:18.328851: train_loss 0.662
2025-12-09 17:23:18.354752: val_loss 0.6742
2025-12-09 17:23:18.358186: val classification accuracy 0.5755
2025-12-09 17:23:18.361058: val auc 0.6086
2025-12-09 17:23:18.364489: Epoch time: 53.73 s
2025-12-09 17:23:19.138182: 
2025-12-09 17:23:19.145545: Epoch 100
2025-12-09 17:23:19.152850: Current learning rate: 7e-05
2025-12-09 17:24:10.778903: train_loss 0.6753
2025-12-09 17:24:10.783654: val_loss 0.6444
2025-12-09 17:24:10.786517: val classification accuracy 0.5755
2025-12-09 17:24:10.789435: val auc 0.6712
2025-12-09 17:24:10.792261: Epoch time: 51.64 s
2025-12-09 17:24:11.503430: 
2025-12-09 17:24:11.506965: Epoch 101
2025-12-09 17:24:11.509450: Current learning rate: 7e-05
2025-12-09 17:24:55.707905: train_loss 0.6418
2025-12-09 17:24:55.712595: val_loss 0.6596
2025-12-09 17:24:55.715845: val classification accuracy 0.5755
2025-12-09 17:24:55.719439: val auc 0.6727
2025-12-09 17:24:55.722302: Epoch time: 44.21 s
2025-12-09 17:24:56.459512: 
2025-12-09 17:24:56.462929: Epoch 102
2025-12-09 17:24:56.465374: Current learning rate: 7e-05
2025-12-09 17:25:40.415787: train_loss 0.6699
2025-12-09 17:25:40.419718: val_loss 0.7399
2025-12-09 17:25:40.422379: val classification accuracy 0.5094
2025-12-09 17:25:40.424871: val auc 0.5005
2025-12-09 17:25:40.428556: Epoch time: 43.96 s
2025-12-09 17:25:41.137138: 
2025-12-09 17:25:41.140202: Epoch 103
2025-12-09 17:25:41.142440: Current learning rate: 7e-05
2025-12-09 17:26:26.002722: train_loss 0.681
2025-12-09 17:26:26.008697: val_loss 0.6598
2025-12-09 17:26:26.015514: val classification accuracy 0.6132
2025-12-09 17:26:26.022663: val auc 0.6903
2025-12-09 17:26:26.027496: Epoch time: 44.87 s
2025-12-09 17:26:26.791862: 
2025-12-09 17:26:26.795486: Epoch 104
2025-12-09 17:26:26.798478: Current learning rate: 7e-05
2025-12-09 17:27:10.670639: train_loss 0.6618
2025-12-09 17:27:10.679010: val_loss 0.6798
2025-12-09 17:27:10.682002: val classification accuracy 0.5943
2025-12-09 17:27:10.684963: val auc 0.602
2025-12-09 17:27:10.688039: Epoch time: 43.88 s
2025-12-09 17:27:11.960774: 
2025-12-09 17:27:11.964028: Epoch 105
2025-12-09 17:27:11.966736: Current learning rate: 7e-05
2025-12-09 17:27:56.361920: train_loss 0.6762
2025-12-09 17:27:56.368032: val_loss 0.669
2025-12-09 17:27:56.372317: val classification accuracy 0.5755
2025-12-09 17:27:56.375582: val auc 0.6161
2025-12-09 17:27:56.399061: Epoch time: 44.4 s
2025-12-09 17:27:57.146763: 
2025-12-09 17:27:57.150337: Epoch 106
2025-12-09 17:27:57.154919: Current learning rate: 7e-05
2025-12-09 17:28:43.597323: train_loss 0.6876
2025-12-09 17:28:43.602857: val_loss 0.6726
2025-12-09 17:28:43.606818: val classification accuracy 0.6038
2025-12-09 17:28:43.612905: val auc 0.663
2025-12-09 17:28:43.616772: Epoch time: 46.45 s
2025-12-09 17:28:44.343579: 
2025-12-09 17:28:44.347434: Epoch 107
2025-12-09 17:28:44.350386: Current learning rate: 7e-05
2025-12-09 17:29:27.979674: train_loss 0.663
2025-12-09 17:29:27.985152: val_loss 0.6614
2025-12-09 17:29:27.988375: val classification accuracy 0.566
2025-12-09 17:29:27.991251: val auc 0.6652
2025-12-09 17:29:27.994172: Epoch time: 43.64 s
2025-12-09 17:29:28.714674: 
2025-12-09 17:29:28.718106: Epoch 108
2025-12-09 17:29:28.720589: Current learning rate: 7e-05
2025-12-09 17:30:10.500578: train_loss 0.6675
2025-12-09 17:30:10.504954: val_loss 0.6483
2025-12-09 17:30:10.507951: val classification accuracy 0.5755
2025-12-09 17:30:10.511809: val auc 0.6623
2025-12-09 17:30:10.514767: Epoch time: 41.79 s
2025-12-09 17:30:11.275943: 
2025-12-09 17:30:11.279378: Epoch 109
2025-12-09 17:30:11.282071: Current learning rate: 7e-05
2025-12-09 17:30:55.116937: train_loss 0.6594
2025-12-09 17:30:55.121812: val_loss 0.6939
2025-12-09 17:30:55.124963: val classification accuracy 0.5094
2025-12-09 17:30:55.128411: val auc 0.5719
2025-12-09 17:30:55.135114: Epoch time: 43.84 s
2025-12-09 17:30:55.878103: 
2025-12-09 17:30:55.882241: Epoch 110
2025-12-09 17:30:55.885183: Current learning rate: 7e-05
2025-12-09 17:31:41.733361: train_loss 0.6543
2025-12-09 17:31:41.739581: val_loss 0.6957
2025-12-09 17:31:41.744366: val classification accuracy 0.5472
2025-12-09 17:31:41.748914: val auc 0.5498
2025-12-09 17:31:41.752535: Epoch time: 45.86 s
2025-12-09 17:31:42.470445: 
2025-12-09 17:31:42.473862: Epoch 111
2025-12-09 17:31:42.476376: Current learning rate: 7e-05
2025-12-09 17:32:24.654132: train_loss 0.6644
2025-12-09 17:32:24.658801: val_loss 0.6445
2025-12-09 17:32:24.661646: val classification accuracy 0.6132
2025-12-09 17:32:24.664491: val auc 0.7074
2025-12-09 17:32:24.668088: Epoch time: 42.18 s
2025-12-09 17:32:25.385149: 
2025-12-09 17:32:25.390933: Epoch 112
2025-12-09 17:32:25.395501: Current learning rate: 7e-05
2025-12-09 17:33:10.059628: train_loss 0.6664
2025-12-09 17:33:10.063689: val_loss 0.6754
2025-12-09 17:33:10.067035: val classification accuracy 0.5943
2025-12-09 17:33:10.069782: val auc 0.6185
2025-12-09 17:33:10.072567: Epoch time: 44.68 s
2025-12-09 17:33:10.805677: 
2025-12-09 17:33:10.809359: Epoch 113
2025-12-09 17:33:10.811838: Current learning rate: 7e-05
2025-12-09 17:33:58.679137: train_loss 0.6812
2025-12-09 17:33:58.683349: val_loss 0.6579
2025-12-09 17:33:58.686396: val classification accuracy 0.5755
2025-12-09 17:33:58.689386: val auc 0.6412
2025-12-09 17:33:58.692332: Epoch time: 47.87 s
2025-12-09 17:33:59.410465: 
2025-12-09 17:33:59.413956: Epoch 114
2025-12-09 17:33:59.416516: Current learning rate: 7e-05
2025-12-09 17:34:44.180683: train_loss 0.654
2025-12-09 17:34:44.185143: val_loss 0.6551
2025-12-09 17:34:44.188184: val classification accuracy 0.6132
2025-12-09 17:34:44.191411: val auc 0.6502
2025-12-09 17:34:44.194168: Epoch time: 44.77 s
2025-12-09 17:34:44.914948: 
2025-12-09 17:34:44.918205: Epoch 115
2025-12-09 17:34:44.920660: Current learning rate: 6e-05
2025-12-09 17:35:31.022396: train_loss 0.6878
2025-12-09 17:35:31.042412: val_loss 0.7002
2025-12-09 17:35:31.048591: val classification accuracy 0.5094
2025-12-09 17:35:31.051456: val auc 0.5392
2025-12-09 17:35:31.054312: Epoch time: 46.11 s
2025-12-09 17:35:31.814521: 
2025-12-09 17:35:31.817884: Epoch 116
2025-12-09 17:35:31.820385: Current learning rate: 6e-05
2025-12-09 17:36:16.932027: train_loss 0.6581
2025-12-09 17:36:16.938510: val_loss 0.6458
2025-12-09 17:36:16.944100: val classification accuracy 0.5849
2025-12-09 17:36:16.947107: val auc 0.6668
2025-12-09 17:36:16.949762: Epoch time: 45.12 s
2025-12-09 17:36:17.723409: 
2025-12-09 17:36:17.727177: Epoch 117
2025-12-09 17:36:17.731887: Current learning rate: 6e-05
2025-12-09 17:37:04.095231: train_loss 0.6626
2025-12-09 17:37:04.099741: val_loss 0.6249
2025-12-09 17:37:04.102560: val classification accuracy 0.6509
2025-12-09 17:37:04.105340: val auc 0.7113
2025-12-09 17:37:04.108219: Epoch time: 46.37 s
2025-12-09 17:37:04.840815: 
2025-12-09 17:37:04.844190: Epoch 118
2025-12-09 17:37:04.846610: Current learning rate: 6e-05
2025-12-09 17:37:49.697918: train_loss 0.6677
2025-12-09 17:37:49.715061: val_loss 0.6744
2025-12-09 17:37:49.718209: val classification accuracy 0.6038
2025-12-09 17:37:49.721235: val auc 0.6543
2025-12-09 17:37:49.723831: Epoch time: 44.86 s
2025-12-09 17:37:50.980468: 
2025-12-09 17:37:50.983547: Epoch 119
2025-12-09 17:37:50.986341: Current learning rate: 6e-05
2025-12-09 17:38:35.019711: train_loss 0.6472
2025-12-09 17:38:35.024895: val_loss 0.6595
2025-12-09 17:38:35.027927: val classification accuracy 0.5943
2025-12-09 17:38:35.030936: val auc 0.6347
2025-12-09 17:38:35.034089: Epoch time: 44.04 s
2025-12-09 17:38:35.809142: 
2025-12-09 17:38:35.813166: Epoch 120
2025-12-09 17:38:35.815988: Current learning rate: 6e-05
2025-12-09 17:39:19.799062: train_loss 0.6585
2025-12-09 17:39:19.812166: val_loss 0.6438
2025-12-09 17:39:19.815544: val classification accuracy 0.6132
2025-12-09 17:39:19.818337: val auc 0.6858
2025-12-09 17:39:19.821156: Epoch time: 43.99 s
2025-12-09 17:39:20.549917: 
2025-12-09 17:39:20.553260: Epoch 121
2025-12-09 17:39:20.555754: Current learning rate: 6e-05
2025-12-09 17:40:03.998948: train_loss 0.6635
2025-12-09 17:40:04.041935: val_loss 0.6695
2025-12-09 17:40:04.045494: val classification accuracy 0.5566
2025-12-09 17:40:04.048737: val auc 0.6497
2025-12-09 17:40:04.051944: Epoch time: 43.45 s
2025-12-09 17:40:04.770303: 
2025-12-09 17:40:04.773495: Epoch 122
2025-12-09 17:40:04.776045: Current learning rate: 6e-05
2025-12-09 17:40:48.891168: train_loss 0.6626
2025-12-09 17:40:48.914498: val_loss 0.6586
2025-12-09 17:40:48.917731: val classification accuracy 0.5755
2025-12-09 17:40:48.921120: val auc 0.6428
2025-12-09 17:40:48.925138: Epoch time: 44.12 s
2025-12-09 17:40:49.677490: 
2025-12-09 17:40:49.681637: Epoch 123
2025-12-09 17:40:49.686896: Current learning rate: 6e-05
2025-12-09 17:41:33.771782: train_loss 0.6558
2025-12-09 17:41:33.776025: val_loss 0.637
2025-12-09 17:41:33.778714: val classification accuracy 0.5943
2025-12-09 17:41:33.781323: val auc 0.6531
2025-12-09 17:41:33.783837: Epoch time: 44.1 s
2025-12-09 17:41:34.494839: 
2025-12-09 17:41:34.497995: Epoch 124
2025-12-09 17:41:34.500315: Current learning rate: 6e-05
2025-12-09 17:42:17.387270: train_loss 0.6606
2025-12-09 17:42:17.391386: val_loss 0.6615
2025-12-09 17:42:17.394387: val classification accuracy 0.5849
2025-12-09 17:42:17.397593: val auc 0.6396
2025-12-09 17:42:17.400373: Epoch time: 42.89 s
2025-12-09 17:42:18.130643: 
2025-12-09 17:42:18.133894: Epoch 125
2025-12-09 17:42:18.136494: Current learning rate: 6e-05
2025-12-09 17:43:01.437633: train_loss 0.6433
2025-12-09 17:43:01.483436: val_loss 0.6758
2025-12-09 17:43:01.498246: val classification accuracy 0.6604
2025-12-09 17:43:01.501331: val auc 0.6095
2025-12-09 17:43:01.504606: Epoch time: 43.31 s
2025-12-09 17:43:02.256275: 
2025-12-09 17:43:02.259970: Epoch 126
2025-12-09 17:43:02.262434: Current learning rate: 6e-05
2025-12-09 17:43:48.444557: train_loss 0.6372
2025-12-09 17:43:48.449092: val_loss 0.6408
2025-12-09 17:43:48.452146: val classification accuracy 0.6226
2025-12-09 17:43:48.454891: val auc 0.6949
2025-12-09 17:43:48.457723: Epoch time: 46.19 s
2025-12-09 17:43:49.200074: 
2025-12-09 17:43:49.203717: Epoch 127
2025-12-09 17:43:49.206264: Current learning rate: 6e-05
2025-12-09 17:44:33.914046: train_loss 0.6328
2025-12-09 17:44:33.917916: val_loss 0.6417
2025-12-09 17:44:33.920695: val classification accuracy 0.6415
2025-12-09 17:44:33.923594: val auc 0.6853
2025-12-09 17:44:33.927254: Epoch time: 44.71 s
2025-12-09 17:44:34.674535: 
2025-12-09 17:44:34.677858: Epoch 128
2025-12-09 17:44:34.680251: Current learning rate: 6e-05
2025-12-09 17:45:20.569043: train_loss 0.6926
2025-12-09 17:45:20.574475: val_loss 0.692
2025-12-09 17:45:20.577447: val classification accuracy 0.5189
2025-12-09 17:45:20.580130: val auc 0.547
2025-12-09 17:45:20.583377: Epoch time: 45.9 s
2025-12-09 17:45:20.585660: Early stopping triggered at epoch 128. Best val_losses=0.6051
2025-12-09 17:45:21.400132: Stopping training early due to early stopping criterion.
2025-12-09 17:45:26.533572: Training done.
2025-12-09 17:45:26.582491: Skipping perform_actual_validation for classification trainer (segmentation-style sliding window is not applicable).
[1;34mwandb[0m: 
[1;34mwandb[0m:  View run [33mViTTrainer_ep300_NoMirroring_fold3[0m at: [34m[0m
[1;34mwandb[0m: Find logs at: [1;35m../../tmp/wandb/wandb/run-20251209_155044-le0hdhio/logs[0m
