Thu Oct  2 10:40:55 2025       
+-----------------------------------------------------------------------------------------+
| NVIDIA-SMI 570.86.15              Driver Version: 570.86.15      CUDA Version: 12.8     |
|-----------------------------------------+------------------------+----------------------+
| GPU  Name                 Persistence-M | Bus-Id          Disp.A | Volatile Uncorr. ECC |
| Fan  Temp   Perf          Pwr:Usage/Cap |           Memory-Usage | GPU-Util  Compute M. |
|                                         |                        |               MIG M. |
|=========================================+========================+======================|
|   0  NVIDIA H100 80GB HBM3          Off |   00000000:00:09.0 Off |                    0 |
| N/A   30C    P0             69W /  700W |       1MiB /  81559MiB |      0%      Default |
|                                         |                        |             Disabled |
+-----------------------------------------+------------------------+----------------------+
                                                                                         
+-----------------------------------------------------------------------------------------+
| Processes:                                                                              |
|  GPU   GI   CI              PID   Type   Process name                        GPU Memory |
|        ID   ID                                                               Usage      |
|=========================================================================================|
|  No running processes found                                                             |
+-----------------------------------------------------------------------------------------+
Using device: cuda:0

#######################################################################
Please cite the following paper when using nnU-Net:
Isensee, F., Jaeger, P. F., Kohl, S. A., Petersen, J., & Maier-Hein, K. H. (2021). nnU-Net: a self-configuring method for deep learning-based biomedical image segmentation. Nature methods, 18(2), 203-211.
#######################################################################

2025-10-02 10:41:09.637281: Using torch.compile...
2025-10-02 10:41:16.258628: do_dummy_2d_data_aug: True
2025-10-02 10:41:16.262498: Using splits from existing split file: /hpf/projects/jquon/sumin/nnUNet_data/nnUNet_preprocessed/Dataset004_AVM_TOFMRA/splits_final.json
2025-10-02 10:41:16.266445: The split file contains 5 splits.
2025-10-02 10:41:16.268125: Desired fold for training: 2
2025-10-02 10:41:16.269762: This split has 449 training and 128 validation cases.
using pin_memory on device 0
using pin_memory on device 0

This is the configuration used by this training:
Configuration name: 3d_fullres
 {'data_identifier': 'nnUNetPlans_3d_fullres', 'preprocessor_name': 'DefaultPreprocessor', 'batch_size': 2, 'patch_size': [96, 320, 256], 'median_image_size_in_voxels': [214.0, 631.0, 585.0], 'spacing': [0.5000002384185791, 0.2916666567325592, 0.2916666567325592], 'normalization_schemes': ['ZScoreNormalization'], 'use_mask_for_norm': [False], 'resampling_fn_data': 'resample_data_or_seg_to_shape', 'resampling_fn_seg': 'resample_data_or_seg_to_shape', 'resampling_fn_data_kwargs': {'is_seg': False, 'order': 3, 'order_z': 0, 'force_separate_z': None}, 'resampling_fn_seg_kwargs': {'is_seg': True, 'order': 1, 'order_z': 0, 'force_separate_z': None}, 'resampling_fn_probabilities': 'resample_data_or_seg_to_shape', 'resampling_fn_probabilities_kwargs': {'is_seg': False, 'order': 1, 'order_z': 0, 'force_separate_z': None}, 'architecture': {'network_class_name': 'dynamic_network_architectures.architectures.unet.ResidualEncoderUNet', 'arch_kwargs': {'n_stages': 7, 'features_per_stage': [32, 64, 128, 256, 320, 320, 320], 'conv_op': 'torch.nn.modules.conv.Conv3d', 'kernel_sizes': [[3, 3, 3], [3, 3, 3], [3, 3, 3], [3, 3, 3], [3, 3, 3], [3, 3, 3], [3, 3, 3]], 'strides': [[1, 1, 1], [2, 2, 2], [2, 2, 2], [2, 2, 2], [2, 2, 2], [1, 2, 2], [1, 2, 2]], 'n_blocks_per_stage': [1, 3, 4, 6, 6, 6, 6], 'n_conv_per_stage_decoder': [1, 1, 1, 1, 1, 1], 'conv_bias': True, 'norm_op': 'torch.nn.modules.instancenorm.InstanceNorm3d', 'norm_op_kwargs': {'eps': 1e-05, 'affine': True}, 'dropout_op': None, 'dropout_op_kwargs': None, 'nonlin': 'torch.nn.LeakyReLU', 'nonlin_kwargs': {'inplace': True}}, '_kw_requires_import': ['conv_op', 'norm_op', 'dropout_op', 'nonlin']}, 'batch_dice': True} 

These are the global plan.json settings:
 {'dataset_name': 'Dataset004_AVM_TOFMRA', 'plans_name': 'nnUNetResEncUNetLPlans', 'original_median_spacing_after_transp': [0.5000002384185791, 0.2916666567325592, 0.2916666567325592], 'original_median_shape_after_transp': [204, 528, 526], 'image_reader_writer': 'SimpleITKIO', 'transpose_forward': [0, 1, 2], 'transpose_backward': [0, 1, 2], 'experiment_planner_used': 'nnUNetPlannerResEncL', 'label_manager': 'LabelManager', 'foreground_intensity_properties_per_channel': {'0': {'max': 65535.0, 'mean': 282.5630187988281, 'median': 121.0, 'min': -1.0, 'percentile_00_5': 19.0, 'percentile_99_5': 1086.5472412109375, 'std': 2724.4130859375}}} 

2025-10-02 10:41:18.985695: Unable to plot network architecture: nnUNet_compile is enabled!
2025-10-02 10:41:19.001340: 
2025-10-02 10:41:19.004040: Epoch 0
2025-10-02 10:41:19.006399: Current learning rate: 0.0001
2025-10-02 10:43:16.840920: train_loss 0.7484
2025-10-02 10:43:16.845116: val_loss 0.6874
2025-10-02 10:43:16.847185: val classification accuracy 0.5469
2025-10-02 10:43:16.849652: val auc 0.5889
2025-10-02 10:43:16.851760: Epoch time: 117.84 s
2025-10-02 10:43:16.853642: Yayy! New best EMA pseudo Dice: 0.5889
2025-10-02 10:43:18.790137: Yayy! New best classification accuracy: 0.5469
2025-10-02 10:43:20.740223: 
2025-10-02 10:43:20.743616: Epoch 1
2025-10-02 10:43:20.746332: Current learning rate: 0.0001
2025-10-02 10:44:36.827949: train_loss 0.7148
2025-10-02 10:44:36.831926: val_loss 0.6897
2025-10-02 10:44:36.834046: val classification accuracy 0.5469
2025-10-02 10:44:36.835946: val auc 0.5559
2025-10-02 10:44:36.837985: Epoch time: 76.09 s
2025-10-02 10:44:37.524445: 
2025-10-02 10:44:37.526978: Epoch 2
2025-10-02 10:44:37.528815: Current learning rate: 0.0001
2025-10-02 10:45:53.561318: train_loss 0.7308
2025-10-02 10:45:53.565047: val_loss 0.6992
2025-10-02 10:45:53.566885: val classification accuracy 0.5
2025-10-02 10:45:53.568726: val auc 0.379
2025-10-02 10:45:53.570567: Epoch time: 76.04 s
2025-10-02 10:45:54.250273: 
2025-10-02 10:45:54.252925: Epoch 3
2025-10-02 10:45:54.254926: Current learning rate: 0.0001
2025-10-02 10:47:10.546281: train_loss 0.7159
2025-10-02 10:47:10.550342: val_loss 0.6886
2025-10-02 10:47:10.552591: val classification accuracy 0.6172
2025-10-02 10:47:10.554825: val auc 0.6416
2025-10-02 10:47:10.556787: Epoch time: 76.3 s
2025-10-02 10:47:10.558528: Yayy! New best EMA pseudo Dice: 0.6416
2025-10-02 10:47:12.620121: Yayy! New best classification accuracy: 0.6172
2025-10-02 10:47:15.088730: 
2025-10-02 10:47:15.091849: Epoch 4
2025-10-02 10:47:15.093695: Current learning rate: 0.0001
2025-10-02 10:48:31.150226: train_loss 0.7331
2025-10-02 10:48:31.165600: val_loss 0.6887
2025-10-02 10:48:31.167818: val classification accuracy 0.5156
2025-10-02 10:48:31.169744: val auc 0.5914
2025-10-02 10:48:31.171944: Epoch time: 76.06 s
2025-10-02 10:48:31.843321: 
2025-10-02 10:48:31.845356: Epoch 5
2025-10-02 10:48:31.847162: Current learning rate: 0.0001
2025-10-02 10:49:47.919961: train_loss 0.7201
2025-10-02 10:49:47.923895: val_loss 0.6931
2025-10-02 10:49:47.925722: val classification accuracy 0.5
2025-10-02 10:49:47.927493: val auc 0.6039
2025-10-02 10:49:47.929403: Epoch time: 76.08 s
2025-10-02 10:49:49.175353: 
2025-10-02 10:49:49.178110: Epoch 6
2025-10-02 10:49:49.180166: Current learning rate: 0.0001
2025-10-02 10:51:05.268354: train_loss 0.7455
2025-10-02 10:51:05.272045: val_loss 0.7134
2025-10-02 10:51:05.275119: val classification accuracy 0.5
2025-10-02 10:51:05.277305: val auc 0.587
2025-10-02 10:51:05.279408: Epoch time: 76.09 s
2025-10-02 10:51:06.006154: 
2025-10-02 10:51:06.009173: Epoch 7
2025-10-02 10:51:06.010909: Current learning rate: 0.0001
2025-10-02 10:52:22.108767: train_loss 0.7242
2025-10-02 10:52:22.113058: val_loss 0.7013
2025-10-02 10:52:22.115311: val classification accuracy 0.5
2025-10-02 10:52:22.117564: val auc 0.6188
2025-10-02 10:52:22.119808: Epoch time: 76.1 s
2025-10-02 10:52:22.809817: 
2025-10-02 10:52:22.812350: Epoch 8
2025-10-02 10:52:22.814209: Current learning rate: 0.0001
2025-10-02 10:53:38.927658: train_loss 0.7288
2025-10-02 10:53:38.932314: val_loss 0.6933
2025-10-02 10:53:38.934637: val classification accuracy 0.5
2025-10-02 10:53:38.936614: val auc 0.5867
2025-10-02 10:53:38.938455: Epoch time: 76.12 s
2025-10-02 10:53:39.623720: 
2025-10-02 10:53:39.626385: Epoch 9
2025-10-02 10:53:39.628161: Current learning rate: 0.0001
2025-10-02 10:54:55.702822: train_loss 0.7144
2025-10-02 10:54:55.706849: val_loss 0.6927
2025-10-02 10:54:55.708805: val classification accuracy 0.5
2025-10-02 10:54:55.710655: val auc 0.619
2025-10-02 10:54:55.712440: Epoch time: 76.08 s
2025-10-02 10:54:56.392267: 
2025-10-02 10:54:56.394668: Epoch 10
2025-10-02 10:54:56.396354: Current learning rate: 0.0001
2025-10-02 10:56:12.476721: train_loss 0.7172
2025-10-02 10:56:12.480809: val_loss 0.694
2025-10-02 10:56:12.483011: val classification accuracy 0.5
2025-10-02 10:56:12.485480: val auc 0.6172
2025-10-02 10:56:12.488122: Epoch time: 76.09 s
2025-10-02 10:56:13.175050: 
2025-10-02 10:56:13.177908: Epoch 11
2025-10-02 10:56:13.180078: Current learning rate: 0.0001
2025-10-02 10:57:29.308695: train_loss 0.7217
2025-10-02 10:57:29.313025: val_loss 0.6951
2025-10-02 10:57:29.315310: val classification accuracy 0.5
2025-10-02 10:57:29.317358: val auc 0.3632
2025-10-02 10:57:29.319539: Epoch time: 76.13 s
2025-10-02 10:57:30.007988: 
2025-10-02 10:57:30.010805: Epoch 12
2025-10-02 10:57:30.013206: Current learning rate: 0.0001
2025-10-02 10:58:46.100659: train_loss 0.7101
2025-10-02 10:58:46.105106: val_loss 0.6925
2025-10-02 10:58:46.107510: val classification accuracy 0.5
2025-10-02 10:58:46.109914: val auc 0.6322
2025-10-02 10:58:46.112728: Epoch time: 76.09 s
2025-10-02 10:58:46.802275: 
2025-10-02 10:58:46.805094: Epoch 13
2025-10-02 10:58:46.807368: Current learning rate: 0.0001
2025-10-02 11:00:02.900093: train_loss 0.7293
2025-10-02 11:00:02.904573: val_loss 0.6914
2025-10-02 11:00:02.907935: val classification accuracy 0.5
2025-10-02 11:00:02.910739: val auc 0.6069
2025-10-02 11:00:02.913464: Epoch time: 76.1 s
2025-10-02 11:00:03.595658: 
2025-10-02 11:00:03.598987: Epoch 14
2025-10-02 11:00:03.601918: Current learning rate: 0.0001
2025-10-02 11:01:19.701860: train_loss 0.7134
2025-10-02 11:01:19.708174: val_loss 0.6932
2025-10-02 11:01:19.710782: val classification accuracy 0.5
2025-10-02 11:01:19.713999: val auc 0.5494
2025-10-02 11:01:19.717171: Epoch time: 76.11 s
2025-10-02 11:01:20.403618: 
2025-10-02 11:01:20.406844: Epoch 15
2025-10-02 11:01:20.409634: Current learning rate: 0.0001
2025-10-02 11:02:36.551350: train_loss 0.7357
2025-10-02 11:02:36.555446: val_loss 0.6958
2025-10-02 11:02:36.557998: val classification accuracy 0.5
2025-10-02 11:02:36.560580: val auc 0.5203
2025-10-02 11:02:36.563051: Epoch time: 76.15 s
2025-10-02 11:02:37.245952: 
2025-10-02 11:02:37.248918: Epoch 16
2025-10-02 11:02:37.251168: Current learning rate: 0.0001
2025-10-02 11:03:53.344093: train_loss 0.7434
2025-10-02 11:03:53.348993: val_loss 0.6937
2025-10-02 11:03:53.351805: val classification accuracy 0.5
2025-10-02 11:03:53.354549: val auc 0.5428
2025-10-02 11:03:53.357601: Epoch time: 76.1 s
2025-10-02 11:03:54.043525: 
2025-10-02 11:03:54.046747: Epoch 17
2025-10-02 11:03:54.049063: Current learning rate: 9e-05
2025-10-02 11:05:10.197006: train_loss 0.7174
2025-10-02 11:05:10.201398: val_loss 0.6913
2025-10-02 11:05:10.204147: val classification accuracy 0.5
2025-10-02 11:05:10.207161: val auc 0.6113
2025-10-02 11:05:10.210077: Epoch time: 76.15 s
2025-10-02 11:05:10.898136: 
2025-10-02 11:05:10.901476: Epoch 18
2025-10-02 11:05:10.903782: Current learning rate: 9e-05
2025-10-02 11:06:27.051778: train_loss 0.7282
2025-10-02 11:06:27.055815: val_loss 0.6918
2025-10-02 11:06:27.058274: val classification accuracy 0.5
2025-10-02 11:06:27.060557: val auc 0.6227
2025-10-02 11:06:27.062793: Epoch time: 76.15 s
2025-10-02 11:06:27.740059: 
2025-10-02 11:06:27.743173: Epoch 19
2025-10-02 11:06:27.745547: Current learning rate: 9e-05
2025-10-02 11:07:43.879277: train_loss 0.7117
2025-10-02 11:07:43.883359: val_loss 0.6923
2025-10-02 11:07:43.885885: val classification accuracy 0.5391
2025-10-02 11:07:43.888342: val auc 0.5835
2025-10-02 11:07:43.890784: Epoch time: 76.14 s
2025-10-02 11:07:44.569921: 
2025-10-02 11:07:44.572880: Epoch 20
2025-10-02 11:07:44.575259: Current learning rate: 9e-05
2025-10-02 11:09:00.629807: train_loss 0.7309
2025-10-02 11:09:00.634163: val_loss 0.6919
2025-10-02 11:09:00.636658: val classification accuracy 0.5
2025-10-02 11:09:00.639401: val auc 0.6012
2025-10-02 11:09:00.642205: Epoch time: 76.06 s
2025-10-02 11:09:01.872868: 
2025-10-02 11:09:01.875966: Epoch 21
2025-10-02 11:09:01.878372: Current learning rate: 9e-05
2025-10-02 11:10:17.982378: train_loss 0.7281
2025-10-02 11:10:17.986771: val_loss 0.6961
2025-10-02 11:10:17.989500: val classification accuracy 0.5
2025-10-02 11:10:17.992314: val auc 0.6146
2025-10-02 11:10:17.995257: Epoch time: 76.11 s
2025-10-02 11:10:18.680705: 
2025-10-02 11:10:18.683721: Epoch 22
2025-10-02 11:10:18.686157: Current learning rate: 9e-05
2025-10-02 11:11:34.750551: train_loss 0.7216
2025-10-02 11:11:34.755368: val_loss 0.6919
2025-10-02 11:11:34.758347: val classification accuracy 0.5
2025-10-02 11:11:34.761193: val auc 0.5884
2025-10-02 11:11:34.764226: Epoch time: 76.07 s
2025-10-02 11:11:35.451057: 
2025-10-02 11:11:35.454085: Epoch 23
2025-10-02 11:11:35.456398: Current learning rate: 9e-05
2025-10-02 11:12:51.529114: train_loss 0.7268
2025-10-02 11:12:51.534029: val_loss 0.6959
2025-10-02 11:12:51.537060: val classification accuracy 0.5
2025-10-02 11:12:51.539607: val auc 0.6095
2025-10-02 11:12:51.542363: Epoch time: 76.08 s
2025-10-02 11:12:52.227656: 
2025-10-02 11:12:52.231128: Epoch 24
2025-10-02 11:12:52.235629: Current learning rate: 9e-05
2025-10-02 11:14:08.358268: train_loss 0.719
2025-10-02 11:14:08.362822: val_loss 0.6884
2025-10-02 11:14:08.365525: val classification accuracy 0.5469
2025-10-02 11:14:08.368497: val auc 0.723
2025-10-02 11:14:08.371600: Epoch time: 76.13 s
2025-10-02 11:14:08.373842: Yayy! New best EMA pseudo Dice: 0.723
2025-10-02 11:14:11.180774: 
2025-10-02 11:14:11.184211: Epoch 25
2025-10-02 11:14:11.186768: Current learning rate: 9e-05
2025-10-02 11:15:27.303272: train_loss 0.731
2025-10-02 11:15:27.307243: val_loss 0.6908
2025-10-02 11:15:27.310265: val classification accuracy 0.5312
2025-10-02 11:15:27.312953: val auc 0.5815
2025-10-02 11:15:27.315514: Epoch time: 76.12 s
2025-10-02 11:15:27.998471: 
2025-10-02 11:15:28.001642: Epoch 26
2025-10-02 11:15:28.003981: Current learning rate: 9e-05
2025-10-02 11:16:44.164969: train_loss 0.7219
2025-10-02 11:16:44.168355: val_loss 0.6875
2025-10-02 11:16:44.171262: val classification accuracy 0.5625
2025-10-02 11:16:44.173848: val auc 0.6078
2025-10-02 11:16:44.176349: Epoch time: 76.17 s
2025-10-02 11:16:44.867251: 
2025-10-02 11:16:44.870161: Epoch 27
2025-10-02 11:16:44.872521: Current learning rate: 9e-05
2025-10-02 11:18:01.044189: train_loss 0.7206
2025-10-02 11:18:01.047831: val_loss 0.6887
2025-10-02 11:18:01.050619: val classification accuracy 0.5625
2025-10-02 11:18:01.053451: val auc 0.671
2025-10-02 11:18:01.056227: Epoch time: 76.18 s
2025-10-02 11:18:01.740006: 
2025-10-02 11:18:01.743094: Epoch 28
2025-10-02 11:18:01.745426: Current learning rate: 9e-05
2025-10-02 11:19:17.905352: train_loss 0.7047
2025-10-02 11:19:17.910097: val_loss 0.6985
2025-10-02 11:19:17.912604: val classification accuracy 0.5
2025-10-02 11:19:17.915425: val auc 0.5221
2025-10-02 11:19:17.918048: Epoch time: 76.17 s
2025-10-02 11:19:18.601488: 
2025-10-02 11:19:18.604937: Epoch 29
2025-10-02 11:19:18.607589: Current learning rate: 9e-05
2025-10-02 11:20:34.789722: train_loss 0.7125
2025-10-02 11:20:34.794379: val_loss 0.6887
2025-10-02 11:20:34.796993: val classification accuracy 0.6328
2025-10-02 11:20:34.799614: val auc 0.6063
2025-10-02 11:20:34.802170: Epoch time: 76.19 s
2025-10-02 11:20:34.804462: Yayy! New best classification accuracy: 0.6328
2025-10-02 11:20:37.581927: 
2025-10-02 11:20:37.584747: Epoch 30
2025-10-02 11:20:37.587073: Current learning rate: 9e-05
2025-10-02 11:21:53.765845: train_loss 0.7287
2025-10-02 11:21:53.769941: val_loss 0.693
2025-10-02 11:21:53.772796: val classification accuracy 0.5
2025-10-02 11:21:53.775425: val auc 0.6511
2025-10-02 11:21:53.778032: Epoch time: 76.19 s
2025-10-02 11:21:54.467033: 
2025-10-02 11:21:54.470419: Epoch 31
2025-10-02 11:21:54.472733: Current learning rate: 9e-05
2025-10-02 11:23:10.606029: train_loss 0.7298
2025-10-02 11:23:10.609591: val_loss 0.6989
2025-10-02 11:23:10.612243: val classification accuracy 0.5
2025-10-02 11:23:10.614748: val auc 0.5428
2025-10-02 11:23:10.617076: Epoch time: 76.14 s
2025-10-02 11:23:11.294255: 
2025-10-02 11:23:11.297063: Epoch 32
2025-10-02 11:23:11.299355: Current learning rate: 9e-05
2025-10-02 11:24:27.400546: train_loss 0.7275
2025-10-02 11:24:27.404191: val_loss 0.6864
2025-10-02 11:24:27.408794: val classification accuracy 0.5625
2025-10-02 11:24:27.411518: val auc 0.6074
2025-10-02 11:24:27.414138: Epoch time: 76.11 s
2025-10-02 11:24:28.099821: 
2025-10-02 11:24:28.102994: Epoch 33
2025-10-02 11:24:28.105288: Current learning rate: 9e-05
2025-10-02 11:25:44.177790: train_loss 0.7382
2025-10-02 11:25:44.181844: val_loss 0.6933
2025-10-02 11:25:44.184629: val classification accuracy 0.5
2025-10-02 11:25:44.187239: val auc 0.5807
2025-10-02 11:25:44.189794: Epoch time: 76.08 s
2025-10-02 11:25:44.861762: 
2025-10-02 11:25:44.864766: Epoch 34
2025-10-02 11:25:44.867201: Current learning rate: 9e-05
2025-10-02 11:27:00.976591: train_loss 0.7221
2025-10-02 11:27:00.980527: val_loss 0.6932
2025-10-02 11:27:00.983258: val classification accuracy 0.5
2025-10-02 11:27:00.986010: val auc 0.702
2025-10-02 11:27:00.988714: Epoch time: 76.12 s
2025-10-02 11:27:01.662314: 
2025-10-02 11:27:01.665261: Epoch 35
2025-10-02 11:27:01.667701: Current learning rate: 9e-05
2025-10-02 11:28:18.211232: train_loss 0.7104
2025-10-02 11:28:18.214730: val_loss 0.6844
2025-10-02 11:28:18.217390: val classification accuracy 0.5625
2025-10-02 11:28:18.220019: val auc 0.6017
2025-10-02 11:28:18.222458: Epoch time: 76.55 s
2025-10-02 11:28:18.899203: 
2025-10-02 11:28:18.902306: Epoch 36
2025-10-02 11:28:18.904841: Current learning rate: 9e-05
2025-10-02 11:29:34.973147: train_loss 0.7034
2025-10-02 11:29:34.977353: val_loss 0.688
2025-10-02 11:29:34.980313: val classification accuracy 0.5234
2025-10-02 11:29:34.983086: val auc 0.6464
2025-10-02 11:29:34.985908: Epoch time: 76.08 s
2025-10-02 11:29:35.662620: 
2025-10-02 11:29:35.665994: Epoch 37
2025-10-02 11:29:35.668591: Current learning rate: 9e-05
2025-10-02 11:30:51.743818: train_loss 0.7306
2025-10-02 11:30:51.752656: val_loss 0.6884
2025-10-02 11:30:51.761095: val classification accuracy 0.5547
2025-10-02 11:30:51.767575: val auc 0.6497
2025-10-02 11:30:51.774530: Epoch time: 76.08 s
2025-10-02 11:30:52.455168: 
2025-10-02 11:30:52.458198: Epoch 38
2025-10-02 11:30:52.460637: Current learning rate: 9e-05
2025-10-02 11:32:08.595928: train_loss 0.7177
2025-10-02 11:32:08.601038: val_loss 0.692
2025-10-02 11:32:08.603831: val classification accuracy 0.4453
2025-10-02 11:32:08.606544: val auc 0.515
2025-10-02 11:32:08.609296: Epoch time: 76.14 s
2025-10-02 11:32:09.302504: 
2025-10-02 11:32:09.305840: Epoch 39
2025-10-02 11:32:09.308299: Current learning rate: 9e-05
2025-10-02 11:33:25.448321: train_loss 0.7225
2025-10-02 11:33:25.452734: val_loss 0.6902
2025-10-02 11:33:25.455293: val classification accuracy 0.5859
2025-10-02 11:33:25.457762: val auc 0.5522
2025-10-02 11:33:25.460318: Epoch time: 76.15 s
2025-10-02 11:33:26.142725: 
2025-10-02 11:33:26.145721: Epoch 40
2025-10-02 11:33:26.148000: Current learning rate: 9e-05
2025-10-02 11:34:42.300195: train_loss 0.7156
2025-10-02 11:34:42.304864: val_loss 0.6964
2025-10-02 11:34:42.307505: val classification accuracy 0.5
2025-10-02 11:34:42.310060: val auc 0.6542
2025-10-02 11:34:42.312584: Epoch time: 76.16 s
2025-10-02 11:34:43.007674: 
2025-10-02 11:34:43.010592: Epoch 41
2025-10-02 11:34:43.012948: Current learning rate: 9e-05
2025-10-02 11:35:59.125100: train_loss 0.7092
2025-10-02 11:35:59.129699: val_loss 0.721
2025-10-02 11:35:59.132426: val classification accuracy 0.5
2025-10-02 11:35:59.135010: val auc 0.54
2025-10-02 11:35:59.137727: Epoch time: 76.12 s
2025-10-02 11:35:59.831093: 
2025-10-02 11:35:59.834166: Epoch 42
2025-10-02 11:35:59.836593: Current learning rate: 9e-05
2025-10-02 11:37:15.968534: train_loss 0.7266
2025-10-02 11:37:15.972761: val_loss 0.6901
2025-10-02 11:37:15.975039: val classification accuracy 0.5391
2025-10-02 11:37:15.977642: val auc 0.6007
2025-10-02 11:37:15.980084: Epoch time: 76.14 s
2025-10-02 11:37:16.662662: 
2025-10-02 11:37:16.665440: Epoch 43
2025-10-02 11:37:16.667815: Current learning rate: 9e-05
2025-10-02 11:38:32.748531: train_loss 0.7128
2025-10-02 11:38:32.779597: val_loss 0.6923
2025-10-02 11:38:32.827693: val classification accuracy 0.4922
2025-10-02 11:38:32.860302: val auc 0.5256
2025-10-02 11:38:32.866029: Epoch time: 76.09 s
2025-10-02 11:38:33.582033: 
2025-10-02 11:38:33.588932: Epoch 44
2025-10-02 11:38:33.593714: Current learning rate: 9e-05
2025-10-02 11:39:49.720993: train_loss 0.7156
2025-10-02 11:39:49.726109: val_loss 0.6943
2025-10-02 11:39:49.729419: val classification accuracy 0.4922
2025-10-02 11:39:49.732597: val auc 0.5696
2025-10-02 11:39:49.735991: Epoch time: 76.14 s
2025-10-02 11:39:50.424928: 
2025-10-02 11:39:50.428406: Epoch 45
2025-10-02 11:39:50.430905: Current learning rate: 9e-05
2025-10-02 11:41:06.528284: train_loss 0.6962
2025-10-02 11:41:06.535520: val_loss 0.7363
2025-10-02 11:41:06.539021: val classification accuracy 0.5156
2025-10-02 11:41:06.542585: val auc 0.5071
2025-10-02 11:41:06.547205: Epoch time: 76.1 s
2025-10-02 11:41:07.243842: 
2025-10-02 11:41:07.247656: Epoch 46
2025-10-02 11:41:07.250604: Current learning rate: 9e-05
2025-10-02 11:42:23.353865: train_loss 0.7156
2025-10-02 11:42:23.358716: val_loss 0.6792
2025-10-02 11:42:23.361533: val classification accuracy 0.6328
2025-10-02 11:42:23.364496: val auc 0.6761
2025-10-02 11:42:23.367647: Epoch time: 76.11 s
2025-10-02 11:42:24.051220: 
2025-10-02 11:42:24.054862: Epoch 47
2025-10-02 11:42:24.058279: Current learning rate: 9e-05
2025-10-02 11:43:40.147052: train_loss 0.7046
2025-10-02 11:43:40.151357: val_loss 0.6922
2025-10-02 11:43:40.153991: val classification accuracy 0.5
2025-10-02 11:43:40.156771: val auc 0.5529
2025-10-02 11:43:40.159678: Epoch time: 76.1 s
2025-10-02 11:43:40.845902: 
2025-10-02 11:43:40.849240: Epoch 48
2025-10-02 11:43:40.851527: Current learning rate: 9e-05
2025-10-02 11:44:56.960510: train_loss 0.7015
2025-10-02 11:44:56.964952: val_loss 0.6759
2025-10-02 11:44:56.967680: val classification accuracy 0.5938
2025-10-02 11:44:56.970472: val auc 0.6556
2025-10-02 11:44:56.972997: Epoch time: 76.12 s
2025-10-02 11:44:57.663655: 
2025-10-02 11:44:57.666760: Epoch 49
2025-10-02 11:44:57.669648: Current learning rate: 9e-05
2025-10-02 11:46:13.841270: train_loss 0.7367
2025-10-02 11:46:13.845644: val_loss 0.6786
2025-10-02 11:46:13.848442: val classification accuracy 0.5234
2025-10-02 11:46:13.851300: val auc 0.6873
2025-10-02 11:46:13.854242: Epoch time: 76.18 s
2025-10-02 11:46:16.595841: 
2025-10-02 11:46:16.598634: Epoch 50
2025-10-02 11:46:16.601068: Current learning rate: 8e-05
2025-10-02 11:47:33.456310: train_loss 0.7237
2025-10-02 11:47:33.460728: val_loss 0.6662
2025-10-02 11:47:33.463415: val classification accuracy 0.6328
2025-10-02 11:47:33.466098: val auc 0.6763
2025-10-02 11:47:33.468916: Epoch time: 76.86 s
2025-10-02 11:47:34.152041: 
2025-10-02 11:47:34.155206: Epoch 51
2025-10-02 11:47:34.157659: Current learning rate: 8e-05
2025-10-02 11:48:50.374481: train_loss 0.7196
2025-10-02 11:48:50.378665: val_loss 0.6699
2025-10-02 11:48:50.381525: val classification accuracy 0.6094
2025-10-02 11:48:50.383792: val auc 0.6744
2025-10-02 11:48:50.386131: Epoch time: 76.22 s
2025-10-02 11:48:51.077980: 
2025-10-02 11:48:51.080994: Epoch 52
2025-10-02 11:48:51.083275: Current learning rate: 8e-05
2025-10-02 11:50:07.222857: train_loss 0.7141
2025-10-02 11:50:07.239350: val_loss 0.6906
2025-10-02 11:50:07.242159: val classification accuracy 0.5469
2025-10-02 11:50:07.244998: val auc 0.5414
2025-10-02 11:50:07.247729: Epoch time: 76.15 s
2025-10-02 11:50:07.926217: 
2025-10-02 11:50:07.929218: Epoch 53
2025-10-02 11:50:07.931670: Current learning rate: 8e-05
2025-10-02 11:51:24.077600: train_loss 0.7084
2025-10-02 11:51:24.081663: val_loss 0.6876
2025-10-02 11:51:24.084084: val classification accuracy 0.5547
2025-10-02 11:51:24.086379: val auc 0.5862
2025-10-02 11:51:24.088651: Epoch time: 76.15 s
2025-10-02 11:51:24.777628: 
2025-10-02 11:51:24.782411: Epoch 54
2025-10-02 11:51:24.784870: Current learning rate: 8e-05
2025-10-02 11:52:40.907008: train_loss 0.6989
2025-10-02 11:52:40.910925: val_loss 0.6898
2025-10-02 11:52:40.913162: val classification accuracy 0.5234
2025-10-02 11:52:40.915476: val auc 0.5562
2025-10-02 11:52:40.917720: Epoch time: 76.13 s
2025-10-02 11:52:41.599586: 
2025-10-02 11:52:41.603964: Epoch 55
2025-10-02 11:52:41.606160: Current learning rate: 8e-05
2025-10-02 11:53:57.710122: train_loss 0.7325
2025-10-02 11:53:57.714258: val_loss 0.6813
2025-10-02 11:53:57.716795: val classification accuracy 0.5547
2025-10-02 11:53:57.719210: val auc 0.6338
2025-10-02 11:53:57.721402: Epoch time: 76.11 s
2025-10-02 11:53:58.406090: 
2025-10-02 11:53:58.408943: Epoch 56
2025-10-02 11:53:58.411261: Current learning rate: 8e-05
2025-10-02 11:55:14.496270: train_loss 0.7114
2025-10-02 11:55:14.500677: val_loss 0.6821
2025-10-02 11:55:14.503361: val classification accuracy 0.6719
2025-10-02 11:55:14.506155: val auc 0.7416
2025-10-02 11:55:14.508772: Epoch time: 76.09 s
2025-10-02 11:55:14.510901: Yayy! New best EMA pseudo Dice: 0.7416
2025-10-02 11:55:16.594239: Yayy! New best classification accuracy: 0.6719
2025-10-02 11:55:18.508836: 
2025-10-02 11:55:18.511780: Epoch 57
2025-10-02 11:55:18.514365: Current learning rate: 8e-05
2025-10-02 11:56:34.683567: train_loss 0.7082
2025-10-02 11:56:34.687485: val_loss 0.6842
2025-10-02 11:56:34.689995: val classification accuracy 0.5078
2025-10-02 11:56:34.692370: val auc 0.6729
2025-10-02 11:56:34.694718: Epoch time: 76.18 s
2025-10-02 11:56:35.386506: 
2025-10-02 11:56:35.389471: Epoch 58
2025-10-02 11:56:35.391797: Current learning rate: 8e-05
2025-10-02 11:57:51.489603: train_loss 0.707
2025-10-02 11:57:51.493273: val_loss 0.6783
2025-10-02 11:57:51.495755: val classification accuracy 0.6094
2025-10-02 11:57:51.497993: val auc 0.6219
2025-10-02 11:57:51.500285: Epoch time: 76.1 s
2025-10-02 11:57:52.179389: 
2025-10-02 11:57:52.182456: Epoch 59
2025-10-02 11:57:52.184810: Current learning rate: 8e-05
2025-10-02 11:59:08.260458: train_loss 0.7223
2025-10-02 11:59:08.264981: val_loss 0.6938
2025-10-02 11:59:08.269844: val classification accuracy 0.5391
2025-10-02 11:59:08.272236: val auc 0.5389
2025-10-02 11:59:08.274908: Epoch time: 76.08 s
2025-10-02 11:59:08.954832: 
2025-10-02 11:59:08.957937: Epoch 60
2025-10-02 11:59:08.960269: Current learning rate: 8e-05
2025-10-02 12:00:25.041551: train_loss 0.7247
2025-10-02 12:00:25.045469: val_loss 0.6876
2025-10-02 12:00:25.048129: val classification accuracy 0.6016
2025-10-02 12:00:25.050693: val auc 0.5812
2025-10-02 12:00:25.053223: Epoch time: 76.09 s
2025-10-02 12:00:25.738715: 
2025-10-02 12:00:25.741594: Epoch 61
2025-10-02 12:00:25.743942: Current learning rate: 8e-05
2025-10-02 12:01:41.881938: train_loss 0.6977
2025-10-02 12:01:41.885989: val_loss 0.6724
2025-10-02 12:01:41.888705: val classification accuracy 0.5938
2025-10-02 12:01:41.891326: val auc 0.632
2025-10-02 12:01:41.894082: Epoch time: 76.14 s
2025-10-02 12:01:42.588137: 
2025-10-02 12:01:42.591272: Epoch 62
2025-10-02 12:01:42.593739: Current learning rate: 8e-05
2025-10-02 12:02:58.754738: train_loss 0.7107
2025-10-02 12:02:58.759093: val_loss 0.6863
2025-10-02 12:02:58.761941: val classification accuracy 0.5078
2025-10-02 12:02:58.764708: val auc 0.5488
2025-10-02 12:02:58.767411: Epoch time: 76.17 s
2025-10-02 12:02:59.456815: 
2025-10-02 12:02:59.459842: Epoch 63
2025-10-02 12:02:59.462436: Current learning rate: 8e-05
2025-10-02 12:04:15.518815: train_loss 0.7162
2025-10-02 12:04:15.522433: val_loss 0.6884
2025-10-02 12:04:15.524912: val classification accuracy 0.4766
2025-10-02 12:04:15.527476: val auc 0.5682
2025-10-02 12:04:15.529837: Epoch time: 76.06 s
2025-10-02 12:04:16.214134: 
2025-10-02 12:04:16.217213: Epoch 64
2025-10-02 12:04:16.219517: Current learning rate: 8e-05
2025-10-02 12:05:32.325341: train_loss 0.6925
2025-10-02 12:05:32.329025: val_loss 0.677
2025-10-02 12:05:32.331706: val classification accuracy 0.6094
2025-10-02 12:05:32.334204: val auc 0.6263
2025-10-02 12:05:32.336572: Epoch time: 76.11 s
2025-10-02 12:05:33.015465: 
2025-10-02 12:05:33.018420: Epoch 65
2025-10-02 12:05:33.020943: Current learning rate: 8e-05
2025-10-02 12:06:49.620314: train_loss 0.7132
2025-10-02 12:06:49.624342: val_loss 0.6855
2025-10-02 12:06:49.627229: val classification accuracy 0.5312
2025-10-02 12:06:49.629864: val auc 0.6539
2025-10-02 12:06:49.632358: Epoch time: 76.61 s
2025-10-02 12:06:50.327310: 
2025-10-02 12:06:50.330611: Epoch 66
2025-10-02 12:06:50.333034: Current learning rate: 8e-05
2025-10-02 12:08:06.442357: train_loss 0.7214
2025-10-02 12:08:06.446309: val_loss 0.6639
2025-10-02 12:08:06.449118: val classification accuracy 0.6484
2025-10-02 12:08:06.451982: val auc 0.7069
2025-10-02 12:08:06.454740: Epoch time: 76.12 s
2025-10-02 12:08:07.141822: 
2025-10-02 12:08:07.144811: Epoch 67
2025-10-02 12:08:07.147354: Current learning rate: 8e-05
2025-10-02 12:09:23.214347: train_loss 0.7201
2025-10-02 12:09:23.218416: val_loss 0.688
2025-10-02 12:09:23.221070: val classification accuracy 0.5078
2025-10-02 12:09:23.223756: val auc 0.5356
2025-10-02 12:09:23.226543: Epoch time: 76.07 s
2025-10-02 12:09:23.910915: 
2025-10-02 12:09:23.913862: Epoch 68
2025-10-02 12:09:23.916353: Current learning rate: 8e-05
2025-10-02 12:10:39.991179: train_loss 0.71
2025-10-02 12:10:39.994971: val_loss 0.6848
2025-10-02 12:10:39.997694: val classification accuracy 0.5938
2025-10-02 12:10:40.000347: val auc 0.5933
2025-10-02 12:10:40.002820: Epoch time: 76.08 s
2025-10-02 12:10:40.693100: 
2025-10-02 12:10:40.696163: Epoch 69
2025-10-02 12:10:40.698521: Current learning rate: 8e-05
2025-10-02 12:11:56.783068: train_loss 0.7121
2025-10-02 12:11:56.786951: val_loss 0.67
2025-10-02 12:11:56.789649: val classification accuracy 0.6016
2025-10-02 12:11:56.792262: val auc 0.6207
2025-10-02 12:11:56.795013: Epoch time: 76.09 s
2025-10-02 12:11:57.480601: 
2025-10-02 12:11:57.484078: Epoch 70
2025-10-02 12:11:57.486569: Current learning rate: 8e-05
2025-10-02 12:13:13.600728: train_loss 0.7161
2025-10-02 12:13:13.604471: val_loss 0.6939
2025-10-02 12:13:13.607048: val classification accuracy 0.5078
2025-10-02 12:13:13.609652: val auc 0.5731
2025-10-02 12:13:13.612232: Epoch time: 76.12 s
2025-10-02 12:13:14.301231: 
2025-10-02 12:13:14.304165: Epoch 71
2025-10-02 12:13:14.306479: Current learning rate: 8e-05
2025-10-02 12:14:30.367544: train_loss 0.7243
2025-10-02 12:14:30.371195: val_loss 0.6993
2025-10-02 12:14:30.373702: val classification accuracy 0.5234
2025-10-02 12:14:30.376331: val auc 0.5618
2025-10-02 12:14:30.378806: Epoch time: 76.07 s
2025-10-02 12:14:31.059532: 
2025-10-02 12:14:31.062608: Epoch 72
2025-10-02 12:14:31.065360: Current learning rate: 8e-05
2025-10-02 12:15:47.138243: train_loss 0.6957
2025-10-02 12:15:47.151595: val_loss 0.6777
2025-10-02 12:15:47.154829: val classification accuracy 0.5469
2025-10-02 12:15:47.158061: val auc 0.5881
2025-10-02 12:15:47.160778: Epoch time: 76.08 s
2025-10-02 12:15:47.842985: 
2025-10-02 12:15:47.846291: Epoch 73
2025-10-02 12:15:47.848709: Current learning rate: 8e-05
2025-10-02 12:17:03.925278: train_loss 0.6884
2025-10-02 12:17:03.928618: val_loss 0.6677
2025-10-02 12:17:03.931221: val classification accuracy 0.5156
2025-10-02 12:17:03.933777: val auc 0.6641
2025-10-02 12:17:03.936204: Epoch time: 76.08 s
2025-10-02 12:17:04.619467: 
2025-10-02 12:17:04.622252: Epoch 74
2025-10-02 12:17:04.624562: Current learning rate: 8e-05
2025-10-02 12:18:20.720807: train_loss 0.6964
2025-10-02 12:18:20.724752: val_loss 0.6815
2025-10-02 12:18:20.727645: val classification accuracy 0.5469
2025-10-02 12:18:20.730284: val auc 0.6161
2025-10-02 12:18:20.732971: Epoch time: 76.1 s
2025-10-02 12:18:21.421237: 
2025-10-02 12:18:21.424738: Epoch 75
2025-10-02 12:18:21.427346: Current learning rate: 8e-05
2025-10-02 12:19:37.513330: train_loss 0.7206
2025-10-02 12:19:37.516648: val_loss 0.6805
2025-10-02 12:19:37.519213: val classification accuracy 0.625
2025-10-02 12:19:37.523463: val auc 0.6488
2025-10-02 12:19:37.525967: Epoch time: 76.09 s
2025-10-02 12:19:38.207043: 
2025-10-02 12:19:38.209835: Epoch 76
2025-10-02 12:19:38.212377: Current learning rate: 8e-05
2025-10-02 12:20:54.267192: train_loss 0.6957
2025-10-02 12:20:54.271243: val_loss 0.6444
2025-10-02 12:20:54.273836: val classification accuracy 0.6484
2025-10-02 12:20:54.276664: val auc 0.6953
2025-10-02 12:20:54.279516: Epoch time: 76.06 s
2025-10-02 12:20:54.964643: 
2025-10-02 12:20:54.967837: Epoch 77
2025-10-02 12:20:54.970219: Current learning rate: 8e-05
2025-10-02 12:22:11.062838: train_loss 0.7258
2025-10-02 12:22:11.066375: val_loss 0.6739
2025-10-02 12:22:11.069121: val classification accuracy 0.6484
2025-10-02 12:22:11.071735: val auc 0.692
2025-10-02 12:22:11.074089: Epoch time: 76.1 s
2025-10-02 12:22:11.751421: 
2025-10-02 12:22:11.754526: Epoch 78
2025-10-02 12:22:11.756940: Current learning rate: 8e-05
2025-10-02 12:23:27.828121: train_loss 0.7088
2025-10-02 12:23:27.832435: val_loss 0.6726
2025-10-02 12:23:27.835224: val classification accuracy 0.625
2025-10-02 12:23:27.837821: val auc 0.6506
2025-10-02 12:23:27.840615: Epoch time: 76.08 s
2025-10-02 12:23:28.525432: 
2025-10-02 12:23:28.528387: Epoch 79
2025-10-02 12:23:28.530849: Current learning rate: 8e-05
2025-10-02 12:24:44.627399: train_loss 0.7061
2025-10-02 12:24:44.631405: val_loss 0.6827
2025-10-02 12:24:44.634164: val classification accuracy 0.5938
2025-10-02 12:24:44.637307: val auc 0.6005
2025-10-02 12:24:44.639772: Epoch time: 76.1 s
2025-10-02 12:24:45.851159: 
2025-10-02 12:24:45.854280: Epoch 80
2025-10-02 12:24:45.856832: Current learning rate: 8e-05
2025-10-02 12:26:01.975487: train_loss 0.7052
2025-10-02 12:26:01.978920: val_loss 0.6703
2025-10-02 12:26:01.981926: val classification accuracy 0.6641
2025-10-02 12:26:01.984644: val auc 0.6792
2025-10-02 12:26:01.987320: Epoch time: 76.13 s
2025-10-02 12:26:02.664845: 
2025-10-02 12:26:02.667872: Epoch 81
2025-10-02 12:26:02.670175: Current learning rate: 8e-05
2025-10-02 12:27:18.788661: train_loss 0.7009
2025-10-02 12:27:18.792729: val_loss 0.6888
2025-10-02 12:27:18.795532: val classification accuracy 0.4844
2025-10-02 12:27:18.798179: val auc 0.5608
2025-10-02 12:27:18.800944: Epoch time: 76.12 s
2025-10-02 12:27:19.477772: 
2025-10-02 12:27:19.481300: Epoch 82
2025-10-02 12:27:19.483679: Current learning rate: 8e-05
2025-10-02 12:28:35.637305: train_loss 0.7101
2025-10-02 12:28:35.646611: val_loss 0.673
2025-10-02 12:28:35.649329: val classification accuracy 0.6484
2025-10-02 12:28:35.651753: val auc 0.7156
2025-10-02 12:28:35.654151: Epoch time: 76.16 s
2025-10-02 12:28:36.339661: 
2025-10-02 12:28:36.343017: Epoch 83
2025-10-02 12:28:36.345457: Current learning rate: 7e-05
2025-10-02 12:29:52.472797: train_loss 0.7018
2025-10-02 12:29:52.476801: val_loss 0.6489
2025-10-02 12:29:52.479341: val classification accuracy 0.6641
2025-10-02 12:29:52.482158: val auc 0.7257
2025-10-02 12:29:52.484948: Epoch time: 76.13 s
2025-10-02 12:29:53.165148: 
2025-10-02 12:29:53.168417: Epoch 84
2025-10-02 12:29:53.171144: Current learning rate: 7e-05
2025-10-02 12:31:09.299211: train_loss 0.7201
2025-10-02 12:31:09.303801: val_loss 0.6712
2025-10-02 12:31:09.306903: val classification accuracy 0.6406
2025-10-02 12:31:09.309958: val auc 0.7367
2025-10-02 12:31:09.313157: Epoch time: 76.14 s
2025-10-02 12:31:09.991088: 
2025-10-02 12:31:09.994427: Epoch 85
2025-10-02 12:31:09.996733: Current learning rate: 7e-05
2025-10-02 12:32:26.154659: train_loss 0.7313
2025-10-02 12:32:26.158601: val_loss 0.6681
2025-10-02 12:32:26.161577: val classification accuracy 0.6484
2025-10-02 12:32:26.164324: val auc 0.717
2025-10-02 12:32:26.167034: Epoch time: 76.16 s
2025-10-02 12:32:26.856544: 
2025-10-02 12:32:26.859827: Epoch 86
2025-10-02 12:32:26.862297: Current learning rate: 7e-05
2025-10-02 12:33:42.951201: train_loss 0.6994
2025-10-02 12:33:42.955344: val_loss 0.6743
2025-10-02 12:33:42.958551: val classification accuracy 0.5469
2025-10-02 12:33:42.961401: val auc 0.6034
2025-10-02 12:33:42.964139: Epoch time: 76.1 s
2025-10-02 12:33:43.662530: 
2025-10-02 12:33:43.666101: Epoch 87
2025-10-02 12:33:43.668648: Current learning rate: 7e-05
2025-10-02 12:34:59.772253: train_loss 0.7202
2025-10-02 12:34:59.775920: val_loss 0.6775
2025-10-02 12:34:59.778448: val classification accuracy 0.5703
2025-10-02 12:34:59.780941: val auc 0.634
2025-10-02 12:34:59.783369: Epoch time: 76.11 s
2025-10-02 12:35:00.462851: 
2025-10-02 12:35:00.466312: Epoch 88
2025-10-02 12:35:00.468752: Current learning rate: 7e-05
2025-10-02 12:36:16.653614: train_loss 0.6949
2025-10-02 12:36:16.657359: val_loss 0.708
2025-10-02 12:36:16.659921: val classification accuracy 0.5312
2025-10-02 12:36:16.662354: val auc 0.6062
2025-10-02 12:36:16.664799: Epoch time: 76.19 s
2025-10-02 12:36:17.344613: 
2025-10-02 12:36:17.347808: Epoch 89
2025-10-02 12:36:17.350357: Current learning rate: 7e-05
2025-10-02 12:37:33.520422: train_loss 0.7008
2025-10-02 12:37:33.524481: val_loss 0.6527
2025-10-02 12:37:33.527214: val classification accuracy 0.6406
2025-10-02 12:37:33.529720: val auc 0.6713
2025-10-02 12:37:33.532553: Epoch time: 76.18 s
2025-10-02 12:37:34.217236: 
2025-10-02 12:37:34.220386: Epoch 90
2025-10-02 12:37:34.222769: Current learning rate: 7e-05
2025-10-02 12:38:50.330180: train_loss 0.7119
2025-10-02 12:38:50.341041: val_loss 0.6782
2025-10-02 12:38:50.344172: val classification accuracy 0.5156
2025-10-02 12:38:50.346936: val auc 0.575
2025-10-02 12:38:50.349730: Epoch time: 76.11 s
2025-10-02 12:38:51.036401: 
2025-10-02 12:38:51.039945: Epoch 91
2025-10-02 12:38:51.042272: Current learning rate: 7e-05
2025-10-02 12:40:07.184343: train_loss 0.701
2025-10-02 12:40:07.188277: val_loss 0.6769
2025-10-02 12:40:07.190988: val classification accuracy 0.625
2025-10-02 12:40:07.196387: val auc 0.6284
2025-10-02 12:40:07.199205: Epoch time: 76.15 s
2025-10-02 12:40:07.890653: 
2025-10-02 12:40:07.894094: Epoch 92
2025-10-02 12:40:07.896583: Current learning rate: 7e-05
2025-10-02 12:41:24.044096: train_loss 0.7059
2025-10-02 12:41:24.048702: val_loss 0.6672
2025-10-02 12:41:24.051425: val classification accuracy 0.5781
2025-10-02 12:41:24.053953: val auc 0.7018
2025-10-02 12:41:24.056847: Epoch time: 76.15 s
2025-10-02 12:41:24.738064: 
2025-10-02 12:41:24.741848: Epoch 93
2025-10-02 12:41:24.744564: Current learning rate: 7e-05
2025-10-02 12:42:40.953461: train_loss 0.7029
2025-10-02 12:42:40.957147: val_loss 0.6855
2025-10-02 12:42:40.959716: val classification accuracy 0.4688
2025-10-02 12:42:40.962232: val auc 0.577
2025-10-02 12:42:40.964809: Epoch time: 76.22 s
2025-10-02 12:42:41.641665: 
2025-10-02 12:42:41.644852: Epoch 94
2025-10-02 12:42:41.647482: Current learning rate: 7e-05
2025-10-02 12:43:57.772215: train_loss 0.6999
2025-10-02 12:43:57.776465: val_loss 0.6671
2025-10-02 12:43:57.779357: val classification accuracy 0.5859
2025-10-02 12:43:57.781769: val auc 0.6748
2025-10-02 12:43:57.784083: Epoch time: 76.13 s
2025-10-02 12:43:58.461445: 
2025-10-02 12:43:58.464317: Epoch 95
2025-10-02 12:43:58.466887: Current learning rate: 7e-05
2025-10-02 12:45:15.104454: train_loss 0.7071
2025-10-02 12:45:15.108236: val_loss 0.663
2025-10-02 12:45:15.110883: val classification accuracy 0.5859
2025-10-02 12:45:15.113427: val auc 0.6593
2025-10-02 12:45:15.116141: Epoch time: 76.64 s
2025-10-02 12:45:15.793412: 
2025-10-02 12:45:15.796385: Epoch 96
2025-10-02 12:45:15.798776: Current learning rate: 7e-05
2025-10-02 12:46:31.894967: train_loss 0.7055
2025-10-02 12:46:31.898741: val_loss 0.6937
2025-10-02 12:46:31.901339: val classification accuracy 0.4688
2025-10-02 12:46:31.903747: val auc 0.5555
2025-10-02 12:46:31.906291: Epoch time: 76.1 s
2025-10-02 12:46:32.586630: 
2025-10-02 12:46:32.589732: Epoch 97
2025-10-02 12:46:32.592128: Current learning rate: 7e-05
2025-10-02 12:47:48.746205: train_loss 0.7018
2025-10-02 12:47:48.750244: val_loss 0.6853
2025-10-02 12:47:48.752759: val classification accuracy 0.5391
2025-10-02 12:47:48.755240: val auc 0.5605
2025-10-02 12:47:48.757636: Epoch time: 76.16 s
2025-10-02 12:47:49.444732: 
2025-10-02 12:47:49.447759: Epoch 98
2025-10-02 12:47:49.450173: Current learning rate: 7e-05
2025-10-02 12:49:05.551371: train_loss 0.7093
2025-10-02 12:49:05.555367: val_loss 0.6946
2025-10-02 12:49:05.558226: val classification accuracy 0.5312
2025-10-02 12:49:05.561128: val auc 0.5688
2025-10-02 12:49:05.564275: Epoch time: 76.11 s
2025-10-02 12:49:06.244551: 
2025-10-02 12:49:06.247571: Epoch 99
2025-10-02 12:49:06.249954: Current learning rate: 7e-05
2025-10-02 12:50:22.383508: train_loss 0.6888
2025-10-02 12:50:22.387804: val_loss 0.6728
2025-10-02 12:50:22.390766: val classification accuracy 0.5781
2025-10-02 12:50:22.393867: val auc 0.6122
2025-10-02 12:50:22.396898: Epoch time: 76.14 s
2025-10-02 12:50:25.002366: 
2025-10-02 12:50:25.018739: Epoch 100
2025-10-02 12:50:25.021212: Current learning rate: 7e-05
2025-10-02 12:51:41.214489: train_loss 0.7103
2025-10-02 12:51:41.218433: val_loss 0.7135
2025-10-02 12:51:41.220840: val classification accuracy 0.4922
2025-10-02 12:51:41.223274: val auc 0.6165
2025-10-02 12:51:41.225532: Epoch time: 76.21 s
2025-10-02 12:51:41.902943: 
2025-10-02 12:51:41.906110: Epoch 101
2025-10-02 12:51:41.908616: Current learning rate: 7e-05
2025-10-02 12:52:58.038795: train_loss 0.6887
2025-10-02 12:52:58.042720: val_loss 0.6911
2025-10-02 12:52:58.047562: val classification accuracy 0.5781
2025-10-02 12:52:58.050606: val auc 0.6079
2025-10-02 12:52:58.053399: Epoch time: 76.14 s
2025-10-02 12:52:58.745831: 
2025-10-02 12:52:58.749131: Epoch 102
2025-10-02 12:52:58.751512: Current learning rate: 7e-05
2025-10-02 12:54:14.894429: train_loss 0.7109
2025-10-02 12:54:14.898286: val_loss 0.6715
2025-10-02 12:54:14.901126: val classification accuracy 0.6016
2025-10-02 12:54:14.903932: val auc 0.66
2025-10-02 12:54:14.906726: Epoch time: 76.15 s
2025-10-02 12:54:15.596366: 
2025-10-02 12:54:15.599722: Epoch 103
2025-10-02 12:54:15.602261: Current learning rate: 7e-05
2025-10-02 12:55:31.727583: train_loss 0.7221
2025-10-02 12:55:31.731273: val_loss 0.6962
2025-10-02 12:55:31.733789: val classification accuracy 0.5469
2025-10-02 12:55:31.736329: val auc 0.5481
2025-10-02 12:55:31.739021: Epoch time: 76.13 s
2025-10-02 12:55:32.434938: 
2025-10-02 12:55:32.438378: Epoch 104
2025-10-02 12:55:32.440731: Current learning rate: 7e-05
2025-10-02 12:56:48.622035: train_loss 0.6979
2025-10-02 12:56:48.626062: val_loss 0.6703
2025-10-02 12:56:48.628860: val classification accuracy 0.625
2025-10-02 12:56:48.631687: val auc 0.6366
2025-10-02 12:56:48.634676: Epoch time: 76.19 s
2025-10-02 12:56:49.321807: 
2025-10-02 12:56:49.324982: Epoch 105
2025-10-02 12:56:49.327452: Current learning rate: 7e-05
2025-10-02 12:58:05.469695: train_loss 0.71
2025-10-02 12:58:05.473749: val_loss 0.6725
2025-10-02 12:58:05.476671: val classification accuracy 0.5625
2025-10-02 12:58:05.479307: val auc 0.6472
2025-10-02 12:58:05.481768: Epoch time: 76.15 s
2025-10-02 12:58:06.167169: 
2025-10-02 12:58:06.170223: Epoch 106
2025-10-02 12:58:06.172839: Current learning rate: 7e-05
2025-10-02 12:59:22.334237: train_loss 0.7036
2025-10-02 12:59:22.338219: val_loss 0.6939
2025-10-02 12:59:22.341020: val classification accuracy 0.5547
2025-10-02 12:59:22.343688: val auc 0.598
2025-10-02 12:59:22.346190: Epoch time: 76.17 s
2025-10-02 12:59:23.031772: 
2025-10-02 12:59:23.034787: Epoch 107
2025-10-02 12:59:23.037257: Current learning rate: 7e-05
2025-10-02 13:00:39.189826: train_loss 0.6952
2025-10-02 13:00:39.194388: val_loss 0.6793
2025-10-02 13:00:39.197211: val classification accuracy 0.5
2025-10-02 13:00:39.200083: val auc 0.574
2025-10-02 13:00:39.202984: Epoch time: 76.16 s
2025-10-02 13:00:39.879872: 
2025-10-02 13:00:39.883401: Epoch 108
2025-10-02 13:00:39.885959: Current learning rate: 7e-05
2025-10-02 13:01:56.002561: train_loss 0.6901
2025-10-02 13:01:56.006512: val_loss 0.6914
2025-10-02 13:01:56.009539: val classification accuracy 0.4922
2025-10-02 13:01:56.012461: val auc 0.5427
2025-10-02 13:01:56.015213: Epoch time: 76.12 s
2025-10-02 13:01:56.691043: 
2025-10-02 13:01:56.694267: Epoch 109
2025-10-02 13:01:56.696689: Current learning rate: 7e-05
2025-10-02 13:03:12.830990: train_loss 0.7131
2025-10-02 13:03:12.835400: val_loss 0.6828
2025-10-02 13:03:12.838257: val classification accuracy 0.5859
2025-10-02 13:03:12.840824: val auc 0.6268
2025-10-02 13:03:12.843887: Epoch time: 76.14 s
2025-10-02 13:03:13.525669: 
2025-10-02 13:03:13.528852: Epoch 110
2025-10-02 13:03:13.531288: Current learning rate: 7e-05
2025-10-02 13:04:30.252136: train_loss 0.7
2025-10-02 13:04:30.256325: val_loss 0.6862
2025-10-02 13:04:30.258912: val classification accuracy 0.5547
2025-10-02 13:04:30.261415: val auc 0.5808
2025-10-02 13:04:30.263910: Epoch time: 76.73 s
2025-10-02 13:04:30.945852: 
2025-10-02 13:04:30.948907: Epoch 111
2025-10-02 13:04:30.951361: Current learning rate: 7e-05
2025-10-02 13:05:47.127954: train_loss 0.6948
2025-10-02 13:05:47.132197: val_loss 0.6582
2025-10-02 13:05:47.135454: val classification accuracy 0.5859
2025-10-02 13:05:47.138199: val auc 0.6857
2025-10-02 13:05:47.140909: Epoch time: 76.18 s
2025-10-02 13:05:47.821964: 
2025-10-02 13:05:47.825596: Epoch 112
2025-10-02 13:05:47.828121: Current learning rate: 7e-05
2025-10-02 13:07:04.029238: train_loss 0.7203
2025-10-02 13:07:04.033301: val_loss 0.6711
2025-10-02 13:07:04.036144: val classification accuracy 0.5391
2025-10-02 13:07:04.039119: val auc 0.6434
2025-10-02 13:07:04.042058: Epoch time: 76.21 s
2025-10-02 13:07:04.724828: 
2025-10-02 13:07:04.728237: Epoch 113
2025-10-02 13:07:04.730810: Current learning rate: 7e-05
2025-10-02 13:08:20.910603: train_loss 0.6725
2025-10-02 13:08:20.915137: val_loss 0.6759
2025-10-02 13:08:20.917991: val classification accuracy 0.625
2025-10-02 13:08:20.920732: val auc 0.6317
2025-10-02 13:08:20.923764: Epoch time: 76.19 s
2025-10-02 13:08:21.613024: 
2025-10-02 13:08:21.616371: Epoch 114
2025-10-02 13:08:21.618937: Current learning rate: 7e-05
2025-10-02 13:09:37.775937: train_loss 0.7194
2025-10-02 13:09:37.779925: val_loss 0.6922
2025-10-02 13:09:37.783124: val classification accuracy 0.5312
2025-10-02 13:09:37.786084: val auc 0.569
2025-10-02 13:09:37.789082: Epoch time: 76.16 s
2025-10-02 13:09:38.470540: 
2025-10-02 13:09:38.473929: Epoch 115
2025-10-02 13:09:38.476586: Current learning rate: 6e-05
2025-10-02 13:10:54.679841: train_loss 0.7055
2025-10-02 13:10:54.684043: val_loss 0.6781
2025-10-02 13:10:54.687049: val classification accuracy 0.5078
2025-10-02 13:10:54.690142: val auc 0.6121
2025-10-02 13:10:54.693025: Epoch time: 76.21 s
2025-10-02 13:10:55.370340: 
2025-10-02 13:10:55.373882: Epoch 116
2025-10-02 13:10:55.376793: Current learning rate: 6e-05
2025-10-02 13:12:11.536647: train_loss 0.713
2025-10-02 13:12:11.540954: val_loss 0.6784
2025-10-02 13:12:11.543701: val classification accuracy 0.4844
2025-10-02 13:12:11.546249: val auc 0.6699
2025-10-02 13:12:11.548978: Epoch time: 76.17 s
2025-10-02 13:12:12.239129: 
2025-10-02 13:12:12.242341: Epoch 117
2025-10-02 13:12:12.244776: Current learning rate: 6e-05
2025-10-02 13:13:28.500720: train_loss 0.6909
2025-10-02 13:13:28.504705: val_loss 0.6911
2025-10-02 13:13:28.507273: val classification accuracy 0.5
2025-10-02 13:13:28.509940: val auc 0.553
2025-10-02 13:13:28.512470: Epoch time: 76.26 s
2025-10-02 13:13:29.195950: 
2025-10-02 13:13:29.199230: Epoch 118
2025-10-02 13:13:29.201600: Current learning rate: 6e-05
2025-10-02 13:14:45.373448: train_loss 0.7163
2025-10-02 13:14:45.377720: val_loss 0.6687
2025-10-02 13:14:45.380388: val classification accuracy 0.5703
2025-10-02 13:14:45.383266: val auc 0.6235
2025-10-02 13:14:45.386158: Epoch time: 76.18 s
2025-10-02 13:14:46.063763: 
2025-10-02 13:14:46.066844: Epoch 119
2025-10-02 13:14:46.069345: Current learning rate: 6e-05
2025-10-02 13:16:02.256735: train_loss 0.6917
2025-10-02 13:16:02.260899: val_loss 0.6644
2025-10-02 13:16:02.263714: val classification accuracy 0.6172
2025-10-02 13:16:02.266395: val auc 0.6238
2025-10-02 13:16:02.268986: Epoch time: 76.19 s
2025-10-02 13:16:02.958897: 
2025-10-02 13:16:02.962393: Epoch 120
2025-10-02 13:16:02.964741: Current learning rate: 6e-05
2025-10-02 13:17:19.174907: train_loss 0.6912
2025-10-02 13:17:19.178971: val_loss 0.696
2025-10-02 13:17:19.181655: val classification accuracy 0.4766
2025-10-02 13:17:19.184391: val auc 0.4923
2025-10-02 13:17:19.187221: Epoch time: 76.22 s
2025-10-02 13:17:19.871911: 
2025-10-02 13:17:19.875144: Epoch 121
2025-10-02 13:17:19.877399: Current learning rate: 6e-05
2025-10-02 13:18:36.033789: train_loss 0.687
2025-10-02 13:18:36.037924: val_loss 0.6511
2025-10-02 13:18:36.040902: val classification accuracy 0.625
2025-10-02 13:18:36.043864: val auc 0.6472
2025-10-02 13:18:36.046837: Epoch time: 76.16 s
2025-10-02 13:18:36.733624: 
2025-10-02 13:18:36.737224: Epoch 122
2025-10-02 13:18:36.740247: Current learning rate: 6e-05
2025-10-02 13:19:53.089227: train_loss 0.6902
2025-10-02 13:19:53.107049: val_loss 0.6969
2025-10-02 13:19:53.128017: val classification accuracy 0.5078
2025-10-02 13:19:53.131066: val auc 0.5955
2025-10-02 13:19:53.134066: Epoch time: 76.36 s
2025-10-02 13:19:53.817049: 
2025-10-02 13:19:53.820917: Epoch 123
2025-10-02 13:19:53.823439: Current learning rate: 6e-05
2025-10-02 13:21:09.940208: train_loss 0.6984
2025-10-02 13:21:09.944301: val_loss 0.6805
2025-10-02 13:21:09.946839: val classification accuracy 0.5547
2025-10-02 13:21:09.949399: val auc 0.5696
2025-10-02 13:21:09.951930: Epoch time: 76.12 s
2025-10-02 13:21:10.631860: 
2025-10-02 13:21:10.634859: Epoch 124
2025-10-02 13:21:10.637414: Current learning rate: 6e-05
2025-10-02 13:22:26.742872: train_loss 0.7014
2025-10-02 13:22:26.746885: val_loss 0.6847
2025-10-02 13:22:26.749420: val classification accuracy 0.5078
2025-10-02 13:22:26.752018: val auc 0.6011
2025-10-02 13:22:26.754452: Epoch time: 76.11 s
2025-10-02 13:22:27.429777: 
2025-10-02 13:22:27.432985: Epoch 125
2025-10-02 13:22:27.435418: Current learning rate: 6e-05
2025-10-02 13:23:44.136037: failed to log:  (<class 'FileNotFoundError'>, FileNotFoundError(2, 'No such file or directory'), <traceback object at 0x151302eecbc0>)
2025-10-02 13:23:44.136037: failed to log:  (<class 'FileNotFoundError'>, FileNotFoundError(2, 'No such file or directory'), <traceback object at 0x151302eecbc0>)
2025-10-02 13:23:44.136037: failed to log:  (<class 'FileNotFoundError'>, FileNotFoundError(2, 'No such file or directory'), <traceback object at 0x151302eecbc0>)
2025-10-02 13:23:44.136037: failed to log:  (<class 'FileNotFoundError'>, FileNotFoundError(2, 'No such file or directory'), <traceback object at 0x151302eecbc0>)
2025-10-02 13:23:44.136037: failed to log:  (<class 'FileNotFoundError'>, FileNotFoundError(2, 'No such file or directory'), <traceback object at 0x151302eecbc0>)
2025-10-02 13:23:44.136037: train_loss 0.7095
2025-10-02 13:23:46.644174: failed to log:  (<class 'FileNotFoundError'>, FileNotFoundError(2, 'No such file or directory'), <traceback object at 0x151302dacf00>)
2025-10-02 13:23:46.644174: failed to log:  (<class 'FileNotFoundError'>, FileNotFoundError(2, 'No such file or directory'), <traceback object at 0x151302dacf00>)
2025-10-02 13:23:46.644174: failed to log:  (<class 'FileNotFoundError'>, FileNotFoundError(2, 'No such file or directory'), <traceback object at 0x151302dacf00>)
2025-10-02 13:23:46.644174: failed to log:  (<class 'FileNotFoundError'>, FileNotFoundError(2, 'No such file or directory'), <traceback object at 0x151302dacf00>)
2025-10-02 13:23:46.644174: failed to log:  (<class 'FileNotFoundError'>, FileNotFoundError(2, 'No such file or directory'), <traceback object at 0x151302dacf00>)
2025-10-02 13:23:46.644174: val_loss 0.6907
2025-10-02 13:23:49.151856: failed to log:  (<class 'FileNotFoundError'>, FileNotFoundError(2, 'No such file or directory'), <traceback object at 0x1512f3d38c40>)
2025-10-02 13:23:49.151856: failed to log:  (<class 'FileNotFoundError'>, FileNotFoundError(2, 'No such file or directory'), <traceback object at 0x1512f3d38c40>)
2025-10-02 13:23:49.151856: failed to log:  (<class 'FileNotFoundError'>, FileNotFoundError(2, 'No such file or directory'), <traceback object at 0x1512f3d38c40>)
2025-10-02 13:23:49.151856: failed to log:  (<class 'FileNotFoundError'>, FileNotFoundError(2, 'No such file or directory'), <traceback object at 0x1512f3d38c40>)
2025-10-02 13:23:49.151856: failed to log:  (<class 'FileNotFoundError'>, FileNotFoundError(2, 'No such file or directory'), <traceback object at 0x151302dae740>)
2025-10-02 13:23:49.151856: val classification accuracy 0.5078
2025-10-02 13:23:51.659821: failed to log:  (<class 'FileNotFoundError'>, FileNotFoundError(2, 'No such file or directory'), <traceback object at 0x1512e78e4ec0>)
2025-10-02 13:23:51.659821: failed to log:  (<class 'FileNotFoundError'>, FileNotFoundError(2, 'No such file or directory'), <traceback object at 0x1512e78e4ec0>)
2025-10-02 13:23:51.659821: failed to log:  (<class 'FileNotFoundError'>, FileNotFoundError(2, 'No such file or directory'), <traceback object at 0x1512e78e4ec0>)
2025-10-02 13:23:51.659821: failed to log:  (<class 'FileNotFoundError'>, FileNotFoundError(2, 'No such file or directory'), <traceback object at 0x1512e78e4ec0>)
2025-10-02 13:23:51.659821: failed to log:  (<class 'FileNotFoundError'>, FileNotFoundError(2, 'No such file or directory'), <traceback object at 0x1512e78e4ec0>)
2025-10-02 13:23:51.659821: val auc 0.53
2025-10-02 13:23:54.167241: failed to log:  (<class 'FileNotFoundError'>, FileNotFoundError(2, 'No such file or directory'), <traceback object at 0x1512f39a1640>)
2025-10-02 13:23:54.167241: failed to log:  (<class 'FileNotFoundError'>, FileNotFoundError(2, 'No such file or directory'), <traceback object at 0x1512f39a1640>)
2025-10-02 13:23:54.167241: failed to log:  (<class 'FileNotFoundError'>, FileNotFoundError(2, 'No such file or directory'), <traceback object at 0x1512f39a1640>)
2025-10-02 13:23:54.167241: failed to log:  (<class 'FileNotFoundError'>, FileNotFoundError(2, 'No such file or directory'), <traceback object at 0x1512f39a1640>)
2025-10-02 13:23:54.167241: failed to log:  (<class 'FileNotFoundError'>, FileNotFoundError(2, 'No such file or directory'), <traceback object at 0x1512f39a1640>)
2025-10-02 13:23:54.167241: Epoch time: 76.71 s
[1;34mwandb[0m: 
[1;34mwandb[0m:  View run [33mSwinViTTrainer_ep300_NoMirroring_fold2[0m at: [34m[0m
[1;34mwandb[0m: Find logs at: [1;35m../../tmp/wandb/wandb/run-20251002_104115-9ec4ruv8/logs[0m
