wandb: Currently logged in as: hassan9000 (hassan9000-m31-biomedical-ai) to https://api.wandb.ai. Use `wandb login --relogin` to force relogin
wandb: Tracking run with wandb version 0.22.1
wandb: Run data is saved locally in /hpf/projects/jquon/tmp/wandb/wandb/run-20251002_102955-lmp0qhd6
wandb: Run `wandb offline` to turn off syncing.
wandb: Syncing run SwinViTTrainer_ep300_NoMirroring_fold1
wandb: ⭐️ View project at https://wandb.ai/hassan9000-m31-biomedical-ai/SickKids_Dataset004_AVM_TOFMRA
wandb: 🚀 View run at https://wandb.ai/hassan9000-m31-biomedical-ai/SickKids_Dataset004_AVM_TOFMRA/runs/lmp0qhd6
/hpf/projects/jquon/micromamba/envs/cyy_clone/lib/python3.10/site-packages/fft_conv_pytorch/fft_conv.py:139: UserWarning: Using a non-tuple sequence for multidimensional indexing is deprecated and will be changed in pytorch 2.9; use x[tuple(seq)] instead of x[seq]. In pytorch 2.9 this will be interpreted as tensor index, x[torch.tensor(seq)], which will result either in an error or a different result (Triggered internally at /pytorch/torch/csrc/autograd/python_variable_indexing.cpp:306.)
  output = output[crop_slices].contiguous()
/hpf/projects/jquon/micromamba/envs/cyy_clone/lib/python3.10/site-packages/fft_conv_pytorch/fft_conv.py:139: UserWarning: Using a non-tuple sequence for multidimensional indexing is deprecated and will be changed in pytorch 2.9; use x[tuple(seq)] instead of x[seq]. In pytorch 2.9 this will be interpreted as tensor index, x[torch.tensor(seq)], which will result either in an error or a different result (Triggered internally at /pytorch/torch/csrc/autograd/python_variable_indexing.cpp:306.)
  output = output[crop_slices].contiguous()
/hpf/projects/jquon/micromamba/envs/cyy_clone/lib/python3.10/site-packages/fft_conv_pytorch/fft_conv.py:139: UserWarning: Using a non-tuple sequence for multidimensional indexing is deprecated and will be changed in pytorch 2.9; use x[tuple(seq)] instead of x[seq]. In pytorch 2.9 this will be interpreted as tensor index, x[torch.tensor(seq)], which will result either in an error or a different result (Triggered internally at /pytorch/torch/csrc/autograd/python_variable_indexing.cpp:306.)
  output = output[crop_slices].contiguous()
/hpf/projects/jquon/micromamba/envs/cyy_clone/lib/python3.10/site-packages/fft_conv_pytorch/fft_conv.py:139: UserWarning: Using a non-tuple sequence for multidimensional indexing is deprecated and will be changed in pytorch 2.9; use x[tuple(seq)] instead of x[seq]. In pytorch 2.9 this will be interpreted as tensor index, x[torch.tensor(seq)], which will result either in an error or a different result (Triggered internally at /pytorch/torch/csrc/autograd/python_variable_indexing.cpp:306.)
  output = output[crop_slices].contiguous()
/hpf/projects/jquon/micromamba/envs/cyy_clone/lib/python3.10/site-packages/fft_conv_pytorch/fft_conv.py:139: UserWarning: Using a non-tuple sequence for multidimensional indexing is deprecated and will be changed in pytorch 2.9; use x[tuple(seq)] instead of x[seq]. In pytorch 2.9 this will be interpreted as tensor index, x[torch.tensor(seq)], which will result either in an error or a different result (Triggered internally at /pytorch/torch/csrc/autograd/python_variable_indexing.cpp:306.)
  output = output[crop_slices].contiguous()
/hpf/projects/jquon/micromamba/envs/cyy_clone/lib/python3.10/site-packages/fft_conv_pytorch/fft_conv.py:139: UserWarning: Using a non-tuple sequence for multidimensional indexing is deprecated and will be changed in pytorch 2.9; use x[tuple(seq)] instead of x[seq]. In pytorch 2.9 this will be interpreted as tensor index, x[torch.tensor(seq)], which will result either in an error or a different result (Triggered internally at /pytorch/torch/csrc/autograd/python_variable_indexing.cpp:306.)
  output = output[crop_slices].contiguous()
/hpf/projects/jquon/micromamba/envs/cyy_clone/lib/python3.10/site-packages/fft_conv_pytorch/fft_conv.py:139: UserWarning: Using a non-tuple sequence for multidimensional indexing is deprecated and will be changed in pytorch 2.9; use x[tuple(seq)] instead of x[seq]. In pytorch 2.9 this will be interpreted as tensor index, x[torch.tensor(seq)], which will result either in an error or a different result (Triggered internally at /pytorch/torch/csrc/autograd/python_variable_indexing.cpp:306.)
  output = output[crop_slices].contiguous()
/hpf/projects/jquon/micromamba/envs/cyy_clone/lib/python3.10/site-packages/fft_conv_pytorch/fft_conv.py:139: UserWarning: Using a non-tuple sequence for multidimensional indexing is deprecated and will be changed in pytorch 2.9; use x[tuple(seq)] instead of x[seq]. In pytorch 2.9 this will be interpreted as tensor index, x[torch.tensor(seq)], which will result either in an error or a different result (Triggered internally at /pytorch/torch/csrc/autograd/python_variable_indexing.cpp:306.)
  output = output[crop_slices].contiguous()
/hpf/projects/jquon/micromamba/envs/cyy_clone/lib/python3.10/site-packages/fft_conv_pytorch/fft_conv.py:139: UserWarning: Using a non-tuple sequence for multidimensional indexing is deprecated and will be changed in pytorch 2.9; use x[tuple(seq)] instead of x[seq]. In pytorch 2.9 this will be interpreted as tensor index, x[torch.tensor(seq)], which will result either in an error or a different result (Triggered internally at /pytorch/torch/csrc/autograd/python_variable_indexing.cpp:306.)
  output = output[crop_slices].contiguous()
/hpf/projects/jquon/micromamba/envs/cyy_clone/lib/python3.10/site-packages/fft_conv_pytorch/fft_conv.py:139: UserWarning: Using a non-tuple sequence for multidimensional indexing is deprecated and will be changed in pytorch 2.9; use x[tuple(seq)] instead of x[seq]. In pytorch 2.9 this will be interpreted as tensor index, x[torch.tensor(seq)], which will result either in an error or a different result (Triggered internally at /pytorch/torch/csrc/autograd/python_variable_indexing.cpp:306.)
  output = output[crop_slices].contiguous()
/hpf/projects/jquon/micromamba/envs/cyy_clone/lib/python3.10/site-packages/fft_conv_pytorch/fft_conv.py:139: UserWarning: Using a non-tuple sequence for multidimensional indexing is deprecated and will be changed in pytorch 2.9; use x[tuple(seq)] instead of x[seq]. In pytorch 2.9 this will be interpreted as tensor index, x[torch.tensor(seq)], which will result either in an error or a different result (Triggered internally at /pytorch/torch/csrc/autograd/python_variable_indexing.cpp:306.)
  output = output[crop_slices].contiguous()
/hpf/projects/jquon/micromamba/envs/cyy_clone/lib/python3.10/site-packages/fft_conv_pytorch/fft_conv.py:139: UserWarning: Using a non-tuple sequence for multidimensional indexing is deprecated and will be changed in pytorch 2.9; use x[tuple(seq)] instead of x[seq]. In pytorch 2.9 this will be interpreted as tensor index, x[torch.tensor(seq)], which will result either in an error or a different result (Triggered internally at /pytorch/torch/csrc/autograd/python_variable_indexing.cpp:306.)
  output = output[crop_slices].contiguous()
Traceback (most recent call last):
  File "/hpf/projects/jquon/micromamba/envs/cyy_clone/bin/nnUNetv2_train", line 7, in <module>
    sys.exit(run_training_entry())
  File "/hpf/projects/jquon/models/nnunetcls_baseline/nnunetv2/run/run_training.py", line 266, in run_training_entry
    run_training(args.dataset_name_or_id, args.configuration, args.fold, args.tr, args.p, args.pretrained_weights,
  File "/hpf/projects/jquon/models/nnunetcls_baseline/nnunetv2/run/run_training.py", line 207, in run_training
    nnunet_trainer.run_training()
  File "/hpf/projects/jquon/models/nnunetcls_baseline/nnunetv2/training/nnUNetTrainer/nnUNetTrainer.py", line 1381, in run_training
    self.on_epoch_end()
  File "/hpf/projects/jquon/models/nnunetcls_baseline/nnunetv2/training/nnUNetTrainer/nnUNetCLSTrainer.py", line 806, in on_epoch_end
    self.logger.plot_progress_png(self.output_folder)
  File "/hpf/projects/jquon/models/nnunetcls_baseline/nnunetv2/training/logging/nnunet_logger.py", line 101, in plot_progress_png
    fig.savefig(join(output_folder, "progress.png"))
  File "/hpf/projects/jquon/micromamba/envs/cyy_clone/lib/python3.10/site-packages/matplotlib/figure.py", line 3490, in savefig
    self.canvas.print_figure(fname, **kwargs)
  File "/hpf/projects/jquon/micromamba/envs/cyy_clone/lib/python3.10/site-packages/matplotlib/backend_bases.py", line 2186, in print_figure
    result = print_method(
  File "/hpf/projects/jquon/micromamba/envs/cyy_clone/lib/python3.10/site-packages/matplotlib/backend_bases.py", line 2042, in <lambda>
    print_method = functools.wraps(meth)(lambda *args, **kwargs: meth(
  File "/hpf/projects/jquon/micromamba/envs/cyy_clone/lib/python3.10/site-packages/matplotlib/backends/backend_agg.py", line 481, in print_png
    self._print_pil(filename_or_obj, "png", pil_kwargs, metadata)
  File "/hpf/projects/jquon/micromamba/envs/cyy_clone/lib/python3.10/site-packages/matplotlib/backends/backend_agg.py", line 430, in _print_pil
    mpl.image.imsave(
  File "/hpf/projects/jquon/micromamba/envs/cyy_clone/lib/python3.10/site-packages/matplotlib/image.py", line 1657, in imsave
    image.save(fname, **pil_kwargs)
  File "/hpf/projects/jquon/micromamba/envs/cyy_clone/lib/python3.10/site-packages/PIL/Image.py", line 2583, in save
    fp = builtins.open(filename, "w+b")
FileNotFoundError: [Errno 2] No such file or directory: '/hpf/projects/jquon/sumin/nnUNet_data/nnUNet_results/Dataset004_AVM_TOFMRA/SwinViTTrainer_ep300_NoMirroring__nnUNetResEncUNetLPlans__3d_fullres/fold_1/progress.png'
Exception in thread Exception in thread Thread-3 (results_loop)Thread-4 (results_loop)WARNING:asyncio:socket.send() raised exception.
slurmstepd: error: *** JOB 21255336 ON cn532 CANCELLED AT 2025-10-02T14:13:15 ***
