Thu Oct  2 10:29:32 2025       
+-----------------------------------------------------------------------------------------+
| NVIDIA-SMI 570.86.15              Driver Version: 570.86.15      CUDA Version: 12.8     |
|-----------------------------------------+------------------------+----------------------+
| GPU  Name                 Persistence-M | Bus-Id          Disp.A | Volatile Uncorr. ECC |
| Fan  Temp   Perf          Pwr:Usage/Cap |           Memory-Usage | GPU-Util  Compute M. |
|                                         |                        |               MIG M. |
|=========================================+========================+======================|
|   0  NVIDIA H100 80GB HBM3          Off |   00000000:00:08.0 Off |                    0 |
| N/A   24C    P0             68W /  700W |       1MiB /  81559MiB |      0%      Default |
|                                         |                        |             Disabled |
+-----------------------------------------+------------------------+----------------------+
                                                                                         
+-----------------------------------------------------------------------------------------+
| Processes:                                                                              |
|  GPU   GI   CI              PID   Type   Process name                        GPU Memory |
|        ID   ID                                                               Usage      |
|=========================================================================================|
|  No running processes found                                                             |
+-----------------------------------------------------------------------------------------+
Using device: cuda:0

#######################################################################
Please cite the following paper when using nnU-Net:
Isensee, F., Jaeger, P. F., Kohl, S. A., Petersen, J., & Maier-Hein, K. H. (2021). nnU-Net: a self-configuring method for deep learning-based biomedical image segmentation. Nature methods, 18(2), 203-211.
#######################################################################

2025-10-02 10:29:49.356905: Using torch.compile...
2025-10-02 10:29:56.703562: do_dummy_2d_data_aug: True
2025-10-02 10:29:56.707853: Using splits from existing split file: /hpf/projects/jquon/sumin/nnUNet_data/nnUNet_preprocessed/Dataset004_AVM_TOFMRA/splits_final.json
2025-10-02 10:29:56.712804: The split file contains 5 splits.
2025-10-02 10:29:56.714166: Desired fold for training: 1
2025-10-02 10:29:56.715864: This split has 451 training and 126 validation cases.
using pin_memory on device 0
using pin_memory on device 0

This is the configuration used by this training:
Configuration name: 3d_fullres
 {'data_identifier': 'nnUNetPlans_3d_fullres', 'preprocessor_name': 'DefaultPreprocessor', 'batch_size': 2, 'patch_size': [96, 320, 256], 'median_image_size_in_voxels': [214.0, 631.0, 585.0], 'spacing': [0.5000002384185791, 0.2916666567325592, 0.2916666567325592], 'normalization_schemes': ['ZScoreNormalization'], 'use_mask_for_norm': [False], 'resampling_fn_data': 'resample_data_or_seg_to_shape', 'resampling_fn_seg': 'resample_data_or_seg_to_shape', 'resampling_fn_data_kwargs': {'is_seg': False, 'order': 3, 'order_z': 0, 'force_separate_z': None}, 'resampling_fn_seg_kwargs': {'is_seg': True, 'order': 1, 'order_z': 0, 'force_separate_z': None}, 'resampling_fn_probabilities': 'resample_data_or_seg_to_shape', 'resampling_fn_probabilities_kwargs': {'is_seg': False, 'order': 1, 'order_z': 0, 'force_separate_z': None}, 'architecture': {'network_class_name': 'dynamic_network_architectures.architectures.unet.ResidualEncoderUNet', 'arch_kwargs': {'n_stages': 7, 'features_per_stage': [32, 64, 128, 256, 320, 320, 320], 'conv_op': 'torch.nn.modules.conv.Conv3d', 'kernel_sizes': [[3, 3, 3], [3, 3, 3], [3, 3, 3], [3, 3, 3], [3, 3, 3], [3, 3, 3], [3, 3, 3]], 'strides': [[1, 1, 1], [2, 2, 2], [2, 2, 2], [2, 2, 2], [2, 2, 2], [1, 2, 2], [1, 2, 2]], 'n_blocks_per_stage': [1, 3, 4, 6, 6, 6, 6], 'n_conv_per_stage_decoder': [1, 1, 1, 1, 1, 1], 'conv_bias': True, 'norm_op': 'torch.nn.modules.instancenorm.InstanceNorm3d', 'norm_op_kwargs': {'eps': 1e-05, 'affine': True}, 'dropout_op': None, 'dropout_op_kwargs': None, 'nonlin': 'torch.nn.LeakyReLU', 'nonlin_kwargs': {'inplace': True}}, '_kw_requires_import': ['conv_op', 'norm_op', 'dropout_op', 'nonlin']}, 'batch_dice': True} 

These are the global plan.json settings:
 {'dataset_name': 'Dataset004_AVM_TOFMRA', 'plans_name': 'nnUNetResEncUNetLPlans', 'original_median_spacing_after_transp': [0.5000002384185791, 0.2916666567325592, 0.2916666567325592], 'original_median_shape_after_transp': [204, 528, 526], 'image_reader_writer': 'SimpleITKIO', 'transpose_forward': [0, 1, 2], 'transpose_backward': [0, 1, 2], 'experiment_planner_used': 'nnUNetPlannerResEncL', 'label_manager': 'LabelManager', 'foreground_intensity_properties_per_channel': {'0': {'max': 65535.0, 'mean': 282.5630187988281, 'median': 121.0, 'min': -1.0, 'percentile_00_5': 19.0, 'percentile_99_5': 1086.5472412109375, 'std': 2724.4130859375}}} 

2025-10-02 10:30:00.780666: Unable to plot network architecture: nnUNet_compile is enabled!
2025-10-02 10:30:00.816459: 
2025-10-02 10:30:00.819179: Epoch 0
2025-10-02 10:30:00.821548: Current learning rate: 0.0001
2025-10-02 10:34:12.779732: train_loss 0.7522
2025-10-02 10:34:12.783469: val_loss 0.6975
2025-10-02 10:34:12.785455: val classification accuracy 0.4841
2025-10-02 10:34:12.787315: val auc 0.4613
2025-10-02 10:34:12.789003: Epoch time: 251.97 s
2025-10-02 10:34:12.790827: Yayy! New best EMA pseudo Dice: 0.4613
2025-10-02 10:34:14.705519: Yayy! New best classification accuracy: 0.4841
2025-10-02 10:34:16.839758: 
2025-10-02 10:34:16.842061: Epoch 1
2025-10-02 10:34:16.843592: Current learning rate: 0.0001
2025-10-02 10:35:34.383315: train_loss 0.7065
2025-10-02 10:35:34.387053: val_loss 0.6939
2025-10-02 10:35:34.389027: val classification accuracy 0.5
2025-10-02 10:35:34.391076: val auc 0.4536
2025-10-02 10:35:34.393062: Epoch time: 77.54 s
2025-10-02 10:35:34.394931: Yayy! New best classification accuracy: 0.5
2025-10-02 10:35:36.908675: 
2025-10-02 10:35:36.910774: Epoch 2
2025-10-02 10:35:36.912504: Current learning rate: 0.0001
2025-10-02 10:36:54.111308: train_loss 0.718
2025-10-02 10:36:54.115272: val_loss 0.696
2025-10-02 10:36:54.117722: val classification accuracy 0.5
2025-10-02 10:36:54.119944: val auc 0.4448
2025-10-02 10:36:54.122043: Epoch time: 77.2 s
2025-10-02 10:36:54.826287: 
2025-10-02 10:36:54.828272: Epoch 3
2025-10-02 10:36:54.829902: Current learning rate: 0.0001
2025-10-02 10:38:11.744251: train_loss 0.7196
2025-10-02 10:38:11.748444: val_loss 0.6964
2025-10-02 10:38:11.750393: val classification accuracy 0.5
2025-10-02 10:38:11.752244: val auc 0.6115
2025-10-02 10:38:11.754011: Epoch time: 76.92 s
2025-10-02 10:38:11.755512: Yayy! New best EMA pseudo Dice: 0.6115
2025-10-02 10:38:14.346540: 
2025-10-02 10:38:14.348689: Epoch 4
2025-10-02 10:38:14.350270: Current learning rate: 0.0001
2025-10-02 10:39:30.512515: train_loss 0.7167
2025-10-02 10:39:30.516485: val_loss 0.6947
2025-10-02 10:39:30.518603: val classification accuracy 0.5
2025-10-02 10:39:30.521357: val auc 0.6115
2025-10-02 10:39:30.523411: Epoch time: 76.17 s
2025-10-02 10:39:31.202761: 
2025-10-02 10:39:31.205124: Epoch 5
2025-10-02 10:39:31.206810: Current learning rate: 0.0001
2025-10-02 10:40:48.454220: train_loss 0.7285
2025-10-02 10:40:48.458055: val_loss 0.6923
2025-10-02 10:40:48.460002: val classification accuracy 0.5
2025-10-02 10:40:48.461897: val auc 0.5927
2025-10-02 10:40:48.464045: Epoch time: 77.25 s
2025-10-02 10:40:49.181552: 
2025-10-02 10:40:49.183910: Epoch 6
2025-10-02 10:40:49.185537: Current learning rate: 0.0001
2025-10-02 10:42:05.300407: train_loss 0.7224
2025-10-02 10:42:05.308861: val_loss 0.6969
2025-10-02 10:42:05.311217: val classification accuracy 0.5
2025-10-02 10:42:05.313433: val auc 0.4516
2025-10-02 10:42:05.315845: Epoch time: 76.12 s
2025-10-02 10:42:06.028514: 
2025-10-02 10:42:06.031404: Epoch 7
2025-10-02 10:42:06.033732: Current learning rate: 0.0001
2025-10-02 10:43:22.086648: train_loss 0.7131
2025-10-02 10:43:22.090661: val_loss 0.6962
2025-10-02 10:43:22.092712: val classification accuracy 0.5
2025-10-02 10:43:22.095080: val auc 0.2908
2025-10-02 10:43:22.097199: Epoch time: 76.06 s
2025-10-02 10:43:22.827909: 
2025-10-02 10:43:22.830672: Epoch 8
2025-10-02 10:43:22.832545: Current learning rate: 0.0001
2025-10-02 10:44:39.040749: train_loss 0.7177
2025-10-02 10:44:39.043718: val_loss 0.6987
2025-10-02 10:44:39.045561: val classification accuracy 0.5
2025-10-02 10:44:39.047332: val auc 0.3477
2025-10-02 10:44:39.049228: Epoch time: 76.21 s
2025-10-02 10:44:39.728932: 
2025-10-02 10:44:39.731602: Epoch 9
2025-10-02 10:44:39.733257: Current learning rate: 0.0001
2025-10-02 10:45:55.773846: train_loss 0.7254
2025-10-02 10:45:55.777148: val_loss 0.7183
2025-10-02 10:45:55.779188: val classification accuracy 0.5
2025-10-02 10:45:55.781129: val auc 0.5849
2025-10-02 10:45:55.783319: Epoch time: 76.05 s
2025-10-02 10:45:56.495057: 
2025-10-02 10:45:56.497715: Epoch 10
2025-10-02 10:45:56.499962: Current learning rate: 0.0001
2025-10-02 10:47:12.654306: train_loss 0.7299
2025-10-02 10:47:12.657703: val_loss 0.7132
2025-10-02 10:47:12.660223: val classification accuracy 0.5
2025-10-02 10:47:12.663346: val auc 0.5317
2025-10-02 10:47:12.666331: Epoch time: 76.16 s
2025-10-02 10:47:13.457830: 
2025-10-02 10:47:13.487812: Epoch 11
2025-10-02 10:47:13.490496: Current learning rate: 0.0001
2025-10-02 10:48:29.500379: train_loss 0.7395
2025-10-02 10:48:29.504776: val_loss 0.6919
2025-10-02 10:48:29.507140: val classification accuracy 0.5556
2025-10-02 10:48:29.509370: val auc 0.6783
2025-10-02 10:48:29.511698: Epoch time: 76.04 s
2025-10-02 10:48:29.513757: Yayy! New best EMA pseudo Dice: 0.6783
2025-10-02 10:48:31.729044: Yayy! New best classification accuracy: 0.5556
2025-10-02 10:48:33.895149: 
2025-10-02 10:48:33.898213: Epoch 12
2025-10-02 10:48:33.900409: Current learning rate: 0.0001
2025-10-02 10:49:49.906741: train_loss 0.7127
2025-10-02 10:49:49.910587: val_loss 0.6944
2025-10-02 10:49:49.913004: val classification accuracy 0.5
2025-10-02 10:49:49.915421: val auc 0.643
2025-10-02 10:49:49.917712: Epoch time: 76.01 s
2025-10-02 10:49:50.606266: 
2025-10-02 10:49:50.609086: Epoch 13
2025-10-02 10:49:50.611216: Current learning rate: 0.0001
2025-10-02 10:51:06.617650: train_loss 0.7285
2025-10-02 10:51:06.622567: val_loss 0.693
2025-10-02 10:51:06.624852: val classification accuracy 0.5
2025-10-02 10:51:06.627055: val auc 0.6364
2025-10-02 10:51:06.629811: Epoch time: 76.01 s
2025-10-02 10:51:07.348927: 
2025-10-02 10:51:07.352138: Epoch 14
2025-10-02 10:51:07.354340: Current learning rate: 0.0001
2025-10-02 10:52:23.415445: train_loss 0.7255
2025-10-02 10:52:23.420056: val_loss 0.693
2025-10-02 10:52:23.422774: val classification accuracy 0.5
2025-10-02 10:52:23.425399: val auc 0.6682
2025-10-02 10:52:23.428225: Epoch time: 76.07 s
2025-10-02 10:52:24.113554: 
2025-10-02 10:52:24.116730: Epoch 15
2025-10-02 10:52:24.119043: Current learning rate: 0.0001
2025-10-02 10:53:40.135927: train_loss 0.7235
2025-10-02 10:53:40.139588: val_loss 0.6929
2025-10-02 10:53:40.142335: val classification accuracy 0.5
2025-10-02 10:53:40.145041: val auc 0.5639
2025-10-02 10:53:40.147962: Epoch time: 76.02 s
2025-10-02 10:53:40.821841: 
2025-10-02 10:53:40.824956: Epoch 16
2025-10-02 10:53:40.827410: Current learning rate: 0.0001
2025-10-02 10:54:56.812318: train_loss 0.7233
2025-10-02 10:54:56.817277: val_loss 0.6963
2025-10-02 10:54:56.820450: val classification accuracy 0.5
2025-10-02 10:54:56.823165: val auc 0.544
2025-10-02 10:54:56.826058: Epoch time: 75.99 s
2025-10-02 10:54:57.502544: 
2025-10-02 10:54:57.505402: Epoch 17
2025-10-02 10:54:57.507842: Current learning rate: 9e-05
2025-10-02 10:56:14.730314: train_loss 0.7358
2025-10-02 10:56:14.734071: val_loss 0.6997
2025-10-02 10:56:14.736451: val classification accuracy 0.5
2025-10-02 10:56:14.738992: val auc 0.6139
2025-10-02 10:56:14.741394: Epoch time: 77.23 s
2025-10-02 10:56:15.449209: 
2025-10-02 10:56:15.452209: Epoch 18
2025-10-02 10:56:15.454461: Current learning rate: 9e-05
2025-10-02 10:57:31.464478: train_loss 0.7005
2025-10-02 10:57:31.469444: val_loss 0.6914
2025-10-02 10:57:31.472073: val classification accuracy 0.5
2025-10-02 10:57:31.474741: val auc 0.6521
2025-10-02 10:57:31.477379: Epoch time: 76.02 s
2025-10-02 10:57:32.151032: 
2025-10-02 10:57:32.154166: Epoch 19
2025-10-02 10:57:32.156453: Current learning rate: 9e-05
2025-10-02 10:58:48.229413: train_loss 0.7189
2025-10-02 10:58:48.232996: val_loss 0.7066
2025-10-02 10:58:48.235620: val classification accuracy 0.5
2025-10-02 10:58:48.238131: val auc 0.6187
2025-10-02 10:58:48.240690: Epoch time: 76.08 s
2025-10-02 10:58:48.930714: 
2025-10-02 10:58:48.933745: Epoch 20
2025-10-02 10:58:48.936040: Current learning rate: 9e-05
2025-10-02 11:00:04.982591: train_loss 0.7216
2025-10-02 11:00:04.987283: val_loss 0.6925
2025-10-02 11:00:04.989789: val classification accuracy 0.5159
2025-10-02 11:00:04.992547: val auc 0.5441
2025-10-02 11:00:04.995020: Epoch time: 76.05 s
2025-10-02 11:00:05.691457: 
2025-10-02 11:00:05.694600: Epoch 21
2025-10-02 11:00:05.696944: Current learning rate: 9e-05
2025-10-02 11:01:21.789844: train_loss 0.7249
2025-10-02 11:01:21.794235: val_loss 0.704
2025-10-02 11:01:21.796662: val classification accuracy 0.4365
2025-10-02 11:01:21.799068: val auc 0.4699
2025-10-02 11:01:21.801524: Epoch time: 76.1 s
2025-10-02 11:01:22.483093: 
2025-10-02 11:01:22.486248: Epoch 22
2025-10-02 11:01:22.488732: Current learning rate: 9e-05
2025-10-02 11:02:38.585014: train_loss 0.723
2025-10-02 11:02:38.589338: val_loss 0.7151
2025-10-02 11:02:38.592174: val classification accuracy 0.4206
2025-10-02 11:02:38.594706: val auc 0.4332
2025-10-02 11:02:38.597558: Epoch time: 76.1 s
2025-10-02 11:02:39.283278: 
2025-10-02 11:02:39.286238: Epoch 23
2025-10-02 11:02:39.288609: Current learning rate: 9e-05
2025-10-02 11:03:55.340066: train_loss 0.7182
2025-10-02 11:03:55.343565: val_loss 0.7796
2025-10-02 11:03:55.345872: val classification accuracy 0.4683
2025-10-02 11:03:55.348177: val auc 0.4101
2025-10-02 11:03:55.350685: Epoch time: 76.06 s
2025-10-02 11:03:56.028520: 
2025-10-02 11:03:56.031745: Epoch 24
2025-10-02 11:03:56.034152: Current learning rate: 9e-05
2025-10-02 11:05:12.110107: train_loss 0.7284
2025-10-02 11:05:12.114944: val_loss 0.7206
2025-10-02 11:05:12.117659: val classification accuracy 0.5079
2025-10-02 11:05:12.120160: val auc 0.5156
2025-10-02 11:05:12.122404: Epoch time: 76.08 s
2025-10-02 11:05:12.806290: 
2025-10-02 11:05:12.809159: Epoch 25
2025-10-02 11:05:12.811760: Current learning rate: 9e-05
2025-10-02 11:06:29.022562: train_loss 0.7167
2025-10-02 11:06:29.026918: val_loss 0.7206
2025-10-02 11:06:29.029560: val classification accuracy 0.5238
2025-10-02 11:06:29.031910: val auc 0.5912
2025-10-02 11:06:29.034348: Epoch time: 76.22 s
2025-10-02 11:06:29.728316: 
2025-10-02 11:06:29.731447: Epoch 26
2025-10-02 11:06:29.733838: Current learning rate: 9e-05
2025-10-02 11:07:45.784536: train_loss 0.7294
2025-10-02 11:07:45.789274: val_loss 0.7089
2025-10-02 11:07:45.792094: val classification accuracy 0.4206
2025-10-02 11:07:45.795068: val auc 0.4315
2025-10-02 11:07:45.797750: Epoch time: 76.06 s
2025-10-02 11:07:46.492194: 
2025-10-02 11:07:46.495696: Epoch 27
2025-10-02 11:07:46.498063: Current learning rate: 9e-05
2025-10-02 11:09:02.627259: train_loss 0.7277
2025-10-02 11:09:02.632098: val_loss 0.746
2025-10-02 11:09:02.634866: val classification accuracy 0.5079
2025-10-02 11:09:02.637837: val auc 0.4951
2025-10-02 11:09:02.640565: Epoch time: 76.14 s
2025-10-02 11:09:03.338824: 
2025-10-02 11:09:03.342130: Epoch 28
2025-10-02 11:09:03.344676: Current learning rate: 9e-05
2025-10-02 11:10:19.365727: train_loss 0.71
2025-10-02 11:10:19.370011: val_loss 0.7521
2025-10-02 11:10:19.372579: val classification accuracy 0.4921
2025-10-02 11:10:19.375594: val auc 0.5995
2025-10-02 11:10:19.378628: Epoch time: 76.03 s
2025-10-02 11:10:20.065259: 
2025-10-02 11:10:20.069679: Epoch 29
2025-10-02 11:10:20.072508: Current learning rate: 9e-05
2025-10-02 11:11:36.166820: train_loss 0.722
2025-10-02 11:11:36.181396: val_loss 0.8006
2025-10-02 11:11:36.183795: val classification accuracy 0.4444
2025-10-02 11:11:36.186445: val auc 0.3755
2025-10-02 11:11:36.189022: Epoch time: 76.1 s
2025-10-02 11:11:36.870872: 
2025-10-02 11:11:36.873986: Epoch 30
2025-10-02 11:11:36.876256: Current learning rate: 9e-05
2025-10-02 11:12:52.921641: train_loss 0.7461
2025-10-02 11:12:52.925869: val_loss 0.7009
2025-10-02 11:12:52.928612: val classification accuracy 0.4048
2025-10-02 11:12:52.931411: val auc 0.4313
2025-10-02 11:12:52.934234: Epoch time: 76.05 s
2025-10-02 11:12:53.620972: 
2025-10-02 11:12:53.624105: Epoch 31
2025-10-02 11:12:53.626307: Current learning rate: 9e-05
2025-10-02 11:14:09.686212: train_loss 0.7503
2025-10-02 11:14:09.690470: val_loss 0.9108
2025-10-02 11:14:09.693095: val classification accuracy 0.4048
2025-10-02 11:14:09.695584: val auc 0.3934
2025-10-02 11:14:09.698445: Epoch time: 76.07 s
2025-10-02 11:14:10.373496: 
2025-10-02 11:14:10.376622: Epoch 32
2025-10-02 11:14:10.379208: Current learning rate: 9e-05
2025-10-02 11:15:26.471566: train_loss 0.7494
2025-10-02 11:15:26.476258: val_loss 0.774
2025-10-02 11:15:26.479831: val classification accuracy 0.381
2025-10-02 11:15:26.482745: val auc 0.3923
2025-10-02 11:15:26.486074: Epoch time: 76.1 s
2025-10-02 11:15:27.166170: 
2025-10-02 11:15:27.169062: Epoch 33
2025-10-02 11:15:27.171503: Current learning rate: 9e-05
2025-10-02 11:16:43.234373: train_loss 0.7336
2025-10-02 11:16:43.239303: val_loss 0.7124
2025-10-02 11:16:43.246075: val classification accuracy 0.5476
2025-10-02 11:16:43.248690: val auc 0.5833
2025-10-02 11:16:43.251107: Epoch time: 76.07 s
2025-10-02 11:16:43.930270: 
2025-10-02 11:16:43.933508: Epoch 34
2025-10-02 11:16:43.935867: Current learning rate: 9e-05
2025-10-02 11:18:00.041435: train_loss 0.7938
2025-10-02 11:18:00.046071: val_loss 0.7363
2025-10-02 11:18:00.048785: val classification accuracy 0.4206
2025-10-02 11:18:00.051518: val auc 0.3723
2025-10-02 11:18:00.054187: Epoch time: 76.11 s
2025-10-02 11:18:00.745555: 
2025-10-02 11:18:00.749013: Epoch 35
2025-10-02 11:18:00.751173: Current learning rate: 9e-05
2025-10-02 11:19:16.914196: train_loss 0.7681
2025-10-02 11:19:16.918732: val_loss 0.666
2025-10-02 11:19:16.921458: val classification accuracy 0.5714
2025-10-02 11:19:16.924216: val auc 0.642
2025-10-02 11:19:16.926842: Epoch time: 76.17 s
2025-10-02 11:19:16.929204: Yayy! New best classification accuracy: 0.5714
2025-10-02 11:19:19.678188: 
2025-10-02 11:19:19.681204: Epoch 36
2025-10-02 11:19:19.683566: Current learning rate: 9e-05
2025-10-02 11:20:35.762147: train_loss 0.7237
2025-10-02 11:20:35.766523: val_loss 0.8104
2025-10-02 11:20:35.768842: val classification accuracy 0.5238
2025-10-02 11:20:35.771199: val auc 0.4708
2025-10-02 11:20:35.773470: Epoch time: 76.09 s
2025-10-02 11:20:36.445249: 
2025-10-02 11:20:36.448092: Epoch 37
2025-10-02 11:20:36.450196: Current learning rate: 9e-05
2025-10-02 11:21:52.461234: train_loss 0.7228
2025-10-02 11:21:52.466774: val_loss 0.683
2025-10-02 11:21:52.469331: val classification accuracy 0.5714
2025-10-02 11:21:52.472039: val auc 0.5907
2025-10-02 11:21:52.474612: Epoch time: 76.02 s
2025-10-02 11:21:53.161079: 
2025-10-02 11:21:53.164154: Epoch 38
2025-10-02 11:21:53.166566: Current learning rate: 9e-05
2025-10-02 11:23:09.181548: train_loss 0.7176
2025-10-02 11:23:09.186393: val_loss 0.73
2025-10-02 11:23:09.188817: val classification accuracy 0.4286
2025-10-02 11:23:09.191343: val auc 0.4063
2025-10-02 11:23:09.193800: Epoch time: 76.02 s
2025-10-02 11:23:09.874529: 
2025-10-02 11:23:09.877283: Epoch 39
2025-10-02 11:23:09.879635: Current learning rate: 9e-05
2025-10-02 11:24:25.977112: train_loss 0.7354
2025-10-02 11:24:25.981174: val_loss 0.7548
2025-10-02 11:24:25.983627: val classification accuracy 0.5317
2025-10-02 11:24:25.985952: val auc 0.5126
2025-10-02 11:24:25.988462: Epoch time: 76.1 s
2025-10-02 11:24:26.674106: 
2025-10-02 11:24:26.677025: Epoch 40
2025-10-02 11:24:26.679242: Current learning rate: 9e-05
2025-10-02 11:25:42.731235: train_loss 0.7233
2025-10-02 11:25:42.735646: val_loss 0.7364
2025-10-02 11:25:42.738097: val classification accuracy 0.4365
2025-10-02 11:25:42.740371: val auc 0.4509
2025-10-02 11:25:42.743026: Epoch time: 76.06 s
2025-10-02 11:25:44.698174: 
2025-10-02 11:25:44.701232: Epoch 41
2025-10-02 11:25:44.703442: Current learning rate: 9e-05
2025-10-02 11:27:00.791386: train_loss 0.7062
2025-10-02 11:27:00.795495: val_loss 0.844
2025-10-02 11:27:00.798114: val classification accuracy 0.373
2025-10-02 11:27:00.800639: val auc 0.3205
2025-10-02 11:27:00.803042: Epoch time: 76.09 s
2025-10-02 11:27:01.487209: 
2025-10-02 11:27:01.490311: Epoch 42
2025-10-02 11:27:01.492777: Current learning rate: 9e-05
2025-10-02 11:28:17.593014: train_loss 0.7229
2025-10-02 11:28:17.597276: val_loss 0.7097
2025-10-02 11:28:17.599685: val classification accuracy 0.4683
2025-10-02 11:28:17.602117: val auc 0.5268
2025-10-02 11:28:17.604344: Epoch time: 76.11 s
2025-10-02 11:28:18.285141: 
2025-10-02 11:28:18.287948: Epoch 43
2025-10-02 11:28:18.290300: Current learning rate: 9e-05
2025-10-02 11:29:34.402021: train_loss 0.7825
2025-10-02 11:29:34.406522: val_loss 0.6733
2025-10-02 11:29:34.409333: val classification accuracy 0.5317
2025-10-02 11:29:34.412080: val auc 0.6107
2025-10-02 11:29:34.414697: Epoch time: 76.12 s
2025-10-02 11:29:35.103351: 
2025-10-02 11:29:35.106994: Epoch 44
2025-10-02 11:29:35.109850: Current learning rate: 9e-05
2025-10-02 11:30:51.291404: train_loss 0.717
2025-10-02 11:30:51.295842: val_loss 0.6949
2025-10-02 11:30:51.298229: val classification accuracy 0.5794
2025-10-02 11:30:51.300770: val auc 0.57
2025-10-02 11:30:51.303124: Epoch time: 76.19 s
2025-10-02 11:30:51.305508: Yayy! New best classification accuracy: 0.5794
2025-10-02 11:30:54.171999: 
2025-10-02 11:30:54.175534: Epoch 45
2025-10-02 11:30:54.178072: Current learning rate: 9e-05
2025-10-02 11:32:10.298397: train_loss 0.727
2025-10-02 11:32:10.302224: val_loss 0.6946
2025-10-02 11:32:10.305047: val classification accuracy 0.5159
2025-10-02 11:32:10.307690: val auc 0.5222
2025-10-02 11:32:10.310070: Epoch time: 76.13 s
2025-10-02 11:32:11.004165: 
2025-10-02 11:32:11.007176: Epoch 46
2025-10-02 11:32:11.009399: Current learning rate: 9e-05
2025-10-02 11:33:27.126489: train_loss 0.7212
2025-10-02 11:33:27.131049: val_loss 0.7011
2025-10-02 11:33:27.133968: val classification accuracy 0.5397
2025-10-02 11:33:27.136806: val auc 0.5515
2025-10-02 11:33:27.139511: Epoch time: 76.12 s
2025-10-02 11:33:27.821795: 
2025-10-02 11:33:27.824891: Epoch 47
2025-10-02 11:33:27.827160: Current learning rate: 9e-05
2025-10-02 11:34:43.927921: train_loss 0.7136
2025-10-02 11:34:43.931843: val_loss 0.6576
2025-10-02 11:34:43.934293: val classification accuracy 0.627
2025-10-02 11:34:43.936971: val auc 0.6504
2025-10-02 11:34:43.939468: Epoch time: 76.11 s
2025-10-02 11:34:43.941608: Yayy! New best classification accuracy: 0.627
2025-10-02 11:34:46.691690: 
2025-10-02 11:34:46.695306: Epoch 48
2025-10-02 11:34:46.697577: Current learning rate: 9e-05
2025-10-02 11:36:02.754734: train_loss 0.7569
2025-10-02 11:36:02.758995: val_loss 0.708
2025-10-02 11:36:02.761465: val classification accuracy 0.4603
2025-10-02 11:36:02.763811: val auc 0.4417
2025-10-02 11:36:02.766375: Epoch time: 76.06 s
2025-10-02 11:36:03.457416: 
2025-10-02 11:36:03.460461: Epoch 49
2025-10-02 11:36:03.462634: Current learning rate: 9e-05
2025-10-02 11:37:19.539409: train_loss 0.7498
2025-10-02 11:37:19.544015: val_loss 0.672
2025-10-02 11:37:19.546670: val classification accuracy 0.619
2025-10-02 11:37:19.549391: val auc 0.6614
2025-10-02 11:37:19.552086: Epoch time: 76.08 s
2025-10-02 11:37:22.355628: 
2025-10-02 11:37:22.359019: Epoch 50
2025-10-02 11:37:22.361458: Current learning rate: 8e-05
2025-10-02 11:38:38.459712: train_loss 0.7375
2025-10-02 11:38:38.463945: val_loss 0.7653
2025-10-02 11:38:38.466969: val classification accuracy 0.4127
2025-10-02 11:38:38.469919: val auc 0.375
2025-10-02 11:38:38.472762: Epoch time: 76.11 s
2025-10-02 11:38:39.171853: 
2025-10-02 11:38:39.175167: Epoch 51
2025-10-02 11:38:39.177690: Current learning rate: 8e-05
2025-10-02 11:39:55.317131: train_loss 0.7127
2025-10-02 11:39:55.321431: val_loss 0.7237
2025-10-02 11:39:55.323858: val classification accuracy 0.4841
2025-10-02 11:39:55.326389: val auc 0.4291
2025-10-02 11:39:55.328817: Epoch time: 76.15 s
2025-10-02 11:39:56.014282: 
2025-10-02 11:39:56.017781: Epoch 52
2025-10-02 11:39:56.020177: Current learning rate: 8e-05
2025-10-02 11:41:12.077480: train_loss 0.7088
2025-10-02 11:41:12.081293: val_loss 0.7207
2025-10-02 11:41:12.084133: val classification accuracy 0.4444
2025-10-02 11:41:12.086980: val auc 0.4763
2025-10-02 11:41:12.089711: Epoch time: 76.06 s
2025-10-02 11:41:12.764288: 
2025-10-02 11:41:12.767624: Epoch 53
2025-10-02 11:41:12.770374: Current learning rate: 8e-05
2025-10-02 11:42:28.810697: train_loss 0.7151
2025-10-02 11:42:28.814409: val_loss 0.7054
2025-10-02 11:42:28.816763: val classification accuracy 0.5317
2025-10-02 11:42:28.819485: val auc 0.5716
2025-10-02 11:42:28.822158: Epoch time: 76.05 s
2025-10-02 11:42:29.501648: 
2025-10-02 11:42:29.504837: Epoch 54
2025-10-02 11:42:29.507167: Current learning rate: 8e-05
2025-10-02 11:43:45.553232: train_loss 0.6928
2025-10-02 11:43:45.558162: val_loss 0.6901
2025-10-02 11:43:45.560939: val classification accuracy 0.5476
2025-10-02 11:43:45.563697: val auc 0.5708
2025-10-02 11:43:45.566332: Epoch time: 76.05 s
2025-10-02 11:43:46.241711: 
2025-10-02 11:43:46.245046: Epoch 55
2025-10-02 11:43:46.247853: Current learning rate: 8e-05
2025-10-02 11:45:02.229917: train_loss 0.7128
2025-10-02 11:45:02.234062: val_loss 0.6868
2025-10-02 11:45:02.236807: val classification accuracy 0.5397
2025-10-02 11:45:02.239543: val auc 0.5913
2025-10-02 11:45:02.242309: Epoch time: 75.99 s
2025-10-02 11:45:02.912755: 
2025-10-02 11:45:02.915936: Epoch 56
2025-10-02 11:45:02.918466: Current learning rate: 8e-05
2025-10-02 11:46:18.899283: train_loss 0.7111
2025-10-02 11:46:18.903390: val_loss 0.7191
2025-10-02 11:46:18.906054: val classification accuracy 0.4444
2025-10-02 11:46:18.909413: val auc 0.366
2025-10-02 11:46:18.912229: Epoch time: 75.99 s
2025-10-02 11:46:19.584442: 
2025-10-02 11:46:19.587438: Epoch 57
2025-10-02 11:46:19.589845: Current learning rate: 8e-05
2025-10-02 11:47:35.552914: train_loss 0.7033
2025-10-02 11:47:35.558358: val_loss 0.7024
2025-10-02 11:47:35.561591: val classification accuracy 0.4127
2025-10-02 11:47:35.564617: val auc 0.4403
2025-10-02 11:47:35.568095: Epoch time: 75.97 s
2025-10-02 11:47:36.242988: 
2025-10-02 11:47:36.246124: Epoch 58
2025-10-02 11:47:36.248502: Current learning rate: 8e-05
2025-10-02 11:48:52.235939: train_loss 0.7201
2025-10-02 11:48:52.239992: val_loss 0.7457
2025-10-02 11:48:52.242955: val classification accuracy 0.4444
2025-10-02 11:48:52.245909: val auc 0.3988
2025-10-02 11:48:52.248494: Epoch time: 75.99 s
2025-10-02 11:48:52.918160: 
2025-10-02 11:48:52.921382: Epoch 59
2025-10-02 11:48:52.923657: Current learning rate: 8e-05
2025-10-02 11:50:08.896496: train_loss 0.7126
2025-10-02 11:50:08.901324: val_loss 0.6952
2025-10-02 11:50:08.904178: val classification accuracy 0.5317
2025-10-02 11:50:08.906677: val auc 0.5446
2025-10-02 11:50:08.909168: Epoch time: 75.98 s
2025-10-02 11:50:09.584224: 
2025-10-02 11:50:09.587361: Epoch 60
2025-10-02 11:50:09.589954: Current learning rate: 8e-05
2025-10-02 11:51:25.535464: train_loss 0.6966
2025-10-02 11:51:25.539560: val_loss 0.709
2025-10-02 11:51:25.541869: val classification accuracy 0.4921
2025-10-02 11:51:25.544266: val auc 0.5333
2025-10-02 11:51:25.546517: Epoch time: 75.95 s
2025-10-02 11:51:26.214695: 
2025-10-02 11:51:26.217452: Epoch 61
2025-10-02 11:51:26.219778: Current learning rate: 8e-05
2025-10-02 11:52:42.159144: train_loss 0.7507
2025-10-02 11:52:42.163884: val_loss 0.6807
2025-10-02 11:52:42.166523: val classification accuracy 0.5476
2025-10-02 11:52:42.168979: val auc 0.6303
2025-10-02 11:52:42.172450: Epoch time: 75.95 s
2025-10-02 11:52:42.833464: 
2025-10-02 11:52:42.836533: Epoch 62
2025-10-02 11:52:42.838788: Current learning rate: 8e-05
2025-10-02 11:53:58.873450: train_loss 0.6977
2025-10-02 11:53:58.877343: val_loss 0.6986
2025-10-02 11:53:58.880469: val classification accuracy 0.5079
2025-10-02 11:53:58.883418: val auc 0.5048
2025-10-02 11:53:58.886497: Epoch time: 76.04 s
2025-10-02 11:53:59.548096: 
2025-10-02 11:53:59.551252: Epoch 63
2025-10-02 11:53:59.553618: Current learning rate: 8e-05
2025-10-02 11:55:15.544706: train_loss 0.7235
2025-10-02 11:55:15.564548: val_loss 0.9225
2025-10-02 11:55:15.567042: val classification accuracy 0.4365
2025-10-02 11:55:15.569345: val auc 0.3758
2025-10-02 11:55:15.571588: Epoch time: 76.0 s
2025-10-02 11:55:17.168277: 
2025-10-02 11:55:17.170895: Epoch 64
2025-10-02 11:55:17.173284: Current learning rate: 8e-05
2025-10-02 11:56:33.115778: train_loss 0.7148
2025-10-02 11:56:33.120180: val_loss 0.6778
2025-10-02 11:56:33.122638: val classification accuracy 0.5397
2025-10-02 11:56:33.125026: val auc 0.5966
2025-10-02 11:56:33.127456: Epoch time: 75.95 s
2025-10-02 11:56:33.792570: 
2025-10-02 11:56:33.795462: Epoch 65
2025-10-02 11:56:33.797748: Current learning rate: 8e-05
2025-10-02 11:57:49.749140: train_loss 0.7358
2025-10-02 11:57:49.753779: val_loss 0.6731
2025-10-02 11:57:49.756480: val classification accuracy 0.5238
2025-10-02 11:57:49.759439: val auc 0.6127
2025-10-02 11:57:49.762322: Epoch time: 75.96 s
2025-10-02 11:57:50.428701: 
2025-10-02 11:57:50.431987: Epoch 66
2025-10-02 11:57:50.434421: Current learning rate: 8e-05
2025-10-02 11:59:06.424671: train_loss 0.7247
2025-10-02 11:59:06.428592: val_loss 0.7471
2025-10-02 11:59:06.431131: val classification accuracy 0.4683
2025-10-02 11:59:06.433640: val auc 0.4462
2025-10-02 11:59:06.436022: Epoch time: 76.0 s
2025-10-02 11:59:07.109602: 
2025-10-02 11:59:07.112301: Epoch 67
2025-10-02 11:59:07.114569: Current learning rate: 8e-05
2025-10-02 12:00:23.106967: train_loss 0.7092
2025-10-02 12:00:23.111136: val_loss 0.686
2025-10-02 12:00:23.113960: val classification accuracy 0.5317
2025-10-02 12:00:23.116455: val auc 0.5872
2025-10-02 12:00:23.119058: Epoch time: 76.0 s
2025-10-02 12:00:23.787527: 
2025-10-02 12:00:23.790336: Epoch 68
2025-10-02 12:00:23.792740: Current learning rate: 8e-05
2025-10-02 12:01:39.794004: train_loss 0.7017
2025-10-02 12:01:39.798285: val_loss 0.6649
2025-10-02 12:01:39.800634: val classification accuracy 0.5397
2025-10-02 12:01:39.803090: val auc 0.6311
2025-10-02 12:01:39.805339: Epoch time: 76.01 s
2025-10-02 12:01:40.475091: 
2025-10-02 12:01:40.477890: Epoch 69
2025-10-02 12:01:40.480176: Current learning rate: 8e-05
2025-10-02 12:02:56.451838: train_loss 0.6948
2025-10-02 12:02:56.456008: val_loss 0.7095
2025-10-02 12:02:56.458338: val classification accuracy 0.4603
2025-10-02 12:02:56.460743: val auc 0.5038
2025-10-02 12:02:56.463146: Epoch time: 75.98 s
2025-10-02 12:02:57.134196: 
2025-10-02 12:02:57.136963: Epoch 70
2025-10-02 12:02:57.139359: Current learning rate: 8e-05
2025-10-02 12:04:13.151843: train_loss 0.7072
2025-10-02 12:04:13.157125: val_loss 0.7313
2025-10-02 12:04:13.159891: val classification accuracy 0.4921
2025-10-02 12:04:13.162573: val auc 0.4703
2025-10-02 12:04:13.165292: Epoch time: 76.02 s
2025-10-02 12:04:13.846691: 
2025-10-02 12:04:13.849766: Epoch 71
2025-10-02 12:04:13.852232: Current learning rate: 8e-05
2025-10-02 12:05:29.884618: train_loss 0.7324
2025-10-02 12:05:29.889433: val_loss 0.686
2025-10-02 12:05:29.891936: val classification accuracy 0.5556
2025-10-02 12:05:29.894567: val auc 0.6431
2025-10-02 12:05:29.896966: Epoch time: 76.04 s
2025-10-02 12:05:30.569922: 
2025-10-02 12:05:30.572921: Epoch 72
2025-10-02 12:05:30.575219: Current learning rate: 8e-05
2025-10-02 12:06:46.540481: train_loss 0.731
2025-10-02 12:06:46.544676: val_loss 0.6937
2025-10-02 12:06:46.547146: val classification accuracy 0.5079
2025-10-02 12:06:46.549430: val auc 0.5891
2025-10-02 12:06:46.551840: Epoch time: 75.97 s
2025-10-02 12:06:47.221836: 
2025-10-02 12:06:47.224559: Epoch 73
2025-10-02 12:06:47.226762: Current learning rate: 8e-05
2025-10-02 12:08:03.224065: train_loss 0.7282
2025-10-02 12:08:03.228436: val_loss 0.7817
2025-10-02 12:08:03.230927: val classification accuracy 0.4286
2025-10-02 12:08:03.233365: val auc 0.4171
2025-10-02 12:08:03.235908: Epoch time: 76.0 s
2025-10-02 12:08:03.908929: 
2025-10-02 12:08:03.911850: Epoch 74
2025-10-02 12:08:03.914283: Current learning rate: 8e-05
2025-10-02 12:09:19.872703: train_loss 0.7494
2025-10-02 12:09:19.877030: val_loss 0.9463
2025-10-02 12:09:19.879534: val classification accuracy 0.4365
2025-10-02 12:09:19.881800: val auc 0.371
2025-10-02 12:09:19.884450: Epoch time: 75.96 s
2025-10-02 12:09:20.544199: 
2025-10-02 12:09:20.547175: Epoch 75
2025-10-02 12:09:20.555121: Current learning rate: 8e-05
2025-10-02 12:10:36.496015: train_loss 0.7606
2025-10-02 12:10:36.504148: val_loss 0.6666
2025-10-02 12:10:36.507082: val classification accuracy 0.619
2025-10-02 12:10:36.510416: val auc 0.6575
2025-10-02 12:10:36.513057: Epoch time: 75.95 s
2025-10-02 12:10:37.180562: 
2025-10-02 12:10:37.183244: Epoch 76
2025-10-02 12:10:37.185336: Current learning rate: 8e-05
2025-10-02 12:11:53.146870: train_loss 0.7402
2025-10-02 12:11:53.151137: val_loss 0.7341
2025-10-02 12:11:53.153759: val classification accuracy 0.4603
2025-10-02 12:11:53.156605: val auc 0.4084
2025-10-02 12:11:53.159192: Epoch time: 75.97 s
2025-10-02 12:11:53.826144: 
2025-10-02 12:11:53.828991: Epoch 77
2025-10-02 12:11:53.831196: Current learning rate: 8e-05
2025-10-02 12:13:09.823148: train_loss 0.7065
2025-10-02 12:13:09.827590: val_loss 0.7394
2025-10-02 12:13:09.830131: val classification accuracy 0.4365
2025-10-02 12:13:09.832786: val auc 0.4757
2025-10-02 12:13:09.835223: Epoch time: 76.0 s
2025-10-02 12:13:10.503908: 
2025-10-02 12:13:10.507133: Epoch 78
2025-10-02 12:13:10.509492: Current learning rate: 8e-05
2025-10-02 12:14:26.511539: train_loss 0.709
2025-10-02 12:14:26.516491: val_loss 0.9227
2025-10-02 12:14:26.518986: val classification accuracy 0.381
2025-10-02 12:14:26.521431: val auc 0.3317
2025-10-02 12:14:26.523818: Epoch time: 76.01 s
2025-10-02 12:14:27.193753: 
2025-10-02 12:14:27.196664: Epoch 79
2025-10-02 12:14:27.199775: Current learning rate: 8e-05
2025-10-02 12:15:43.199366: train_loss 0.7274
2025-10-02 12:15:43.203597: val_loss 0.7004
2025-10-02 12:15:43.205926: val classification accuracy 0.4524
2025-10-02 12:15:43.208189: val auc 0.4992
2025-10-02 12:15:43.210463: Epoch time: 76.01 s
2025-10-02 12:15:43.879270: 
2025-10-02 12:15:43.882241: Epoch 80
2025-10-02 12:15:43.884454: Current learning rate: 8e-05
2025-10-02 12:16:59.869434: train_loss 0.6948
2025-10-02 12:16:59.874167: val_loss 0.6515
2025-10-02 12:16:59.876465: val classification accuracy 0.619
2025-10-02 12:16:59.880165: val auc 0.6912
2025-10-02 12:16:59.882555: Epoch time: 75.99 s
2025-10-02 12:16:59.884849: Yayy! New best EMA pseudo Dice: 0.6912
2025-10-02 12:17:02.529717: 
2025-10-02 12:17:02.532713: Epoch 81
2025-10-02 12:17:02.535007: Current learning rate: 8e-05
2025-10-02 12:18:18.470777: train_loss 0.7474
2025-10-02 12:18:18.487900: val_loss 0.6568
2025-10-02 12:18:18.490432: val classification accuracy 0.619
2025-10-02 12:18:18.493121: val auc 0.6847
2025-10-02 12:18:18.495754: Epoch time: 75.94 s
2025-10-02 12:18:19.160675: 
2025-10-02 12:18:19.163504: Epoch 82
2025-10-02 12:18:19.165841: Current learning rate: 8e-05
2025-10-02 12:19:35.138047: train_loss 0.7399
2025-10-02 12:19:35.142697: val_loss 0.8966
2025-10-02 12:19:35.145344: val classification accuracy 0.4841
2025-10-02 12:19:35.148079: val auc 0.3632
2025-10-02 12:19:35.150928: Epoch time: 75.98 s
2025-10-02 12:19:35.816675: 
2025-10-02 12:19:35.819721: Epoch 83
2025-10-02 12:19:35.822441: Current learning rate: 7e-05
2025-10-02 12:20:51.751346: train_loss 0.7236
2025-10-02 12:20:51.755583: val_loss 0.8812
2025-10-02 12:20:51.758182: val classification accuracy 0.3889
2025-10-02 12:20:51.765516: val auc 0.3442
2025-10-02 12:20:51.768130: Epoch time: 75.94 s
2025-10-02 12:20:52.434861: 
2025-10-02 12:20:52.437700: Epoch 84
2025-10-02 12:20:52.440153: Current learning rate: 7e-05
2025-10-02 12:22:08.395334: train_loss 0.7027
2025-10-02 12:22:08.401283: val_loss 0.6818
2025-10-02 12:22:08.404121: val classification accuracy 0.5714
2025-10-02 12:22:08.406824: val auc 0.5925
2025-10-02 12:22:08.409344: Epoch time: 75.96 s
2025-10-02 12:22:09.080686: 
2025-10-02 12:22:09.084270: Epoch 85
2025-10-02 12:22:09.086999: Current learning rate: 7e-05
2025-10-02 12:23:25.060734: train_loss 0.6948
2025-10-02 12:23:25.065666: val_loss 0.8154
2025-10-02 12:23:25.068238: val classification accuracy 0.4206
2025-10-02 12:23:25.071002: val auc 0.3633
2025-10-02 12:23:25.073729: Epoch time: 75.98 s
2025-10-02 12:23:25.742438: 
2025-10-02 12:23:25.745190: Epoch 86
2025-10-02 12:23:25.747532: Current learning rate: 7e-05
2025-10-02 12:24:41.712503: train_loss 0.72
2025-10-02 12:24:41.718528: val_loss 0.7712
2025-10-02 12:24:41.721400: val classification accuracy 0.4048
2025-10-02 12:24:41.724089: val auc 0.3602
2025-10-02 12:24:41.727060: Epoch time: 75.97 s
2025-10-02 12:24:42.400763: 
2025-10-02 12:24:42.404292: Epoch 87
2025-10-02 12:24:42.406970: Current learning rate: 7e-05
2025-10-02 12:25:59.351208: train_loss 0.7241
2025-10-02 12:25:59.355437: val_loss 0.6685
2025-10-02 12:25:59.358225: val classification accuracy 0.5794
2025-10-02 12:25:59.360833: val auc 0.6293
2025-10-02 12:25:59.363581: Epoch time: 76.95 s
2025-10-02 12:26:00.026223: 
2025-10-02 12:26:00.029266: Epoch 88
2025-10-02 12:26:00.031653: Current learning rate: 7e-05
2025-10-02 12:27:15.954008: train_loss 0.6991
2025-10-02 12:27:15.959387: val_loss 0.7397
2025-10-02 12:27:15.962195: val classification accuracy 0.381
2025-10-02 12:27:15.964872: val auc 0.3568
2025-10-02 12:27:15.967699: Epoch time: 75.93 s
2025-10-02 12:27:16.633232: 
2025-10-02 12:27:16.636600: Epoch 89
2025-10-02 12:27:16.639114: Current learning rate: 7e-05
2025-10-02 12:28:32.601642: train_loss 0.6996
2025-10-02 12:28:32.606137: val_loss 0.6679
2025-10-02 12:28:32.608715: val classification accuracy 0.6111
2025-10-02 12:28:32.611087: val auc 0.6416
2025-10-02 12:28:32.613703: Epoch time: 75.97 s
2025-10-02 12:28:33.306530: 
2025-10-02 12:28:33.309719: Epoch 90
2025-10-02 12:28:33.311977: Current learning rate: 7e-05
2025-10-02 12:29:49.292219: train_loss 0.6888
2025-10-02 12:29:49.296341: val_loss 0.6859
2025-10-02 12:29:49.298768: val classification accuracy 0.5556
2025-10-02 12:29:49.301331: val auc 0.5616
2025-10-02 12:29:49.303937: Epoch time: 75.99 s
2025-10-02 12:29:49.977763: 
2025-10-02 12:29:49.980726: Epoch 91
2025-10-02 12:29:49.982929: Current learning rate: 7e-05
2025-10-02 12:31:05.940733: train_loss 0.6884
2025-10-02 12:31:05.947682: val_loss 0.6762
2025-10-02 12:31:05.950841: val classification accuracy 0.6032
2025-10-02 12:31:05.953906: val auc 0.6253
2025-10-02 12:31:05.957165: Epoch time: 75.96 s
2025-10-02 12:31:06.628048: 
2025-10-02 12:31:06.631433: Epoch 92
2025-10-02 12:31:06.633708: Current learning rate: 7e-05
2025-10-02 12:32:22.565449: train_loss 0.6935
2025-10-02 12:32:22.569968: val_loss 0.7169
2025-10-02 12:32:22.572671: val classification accuracy 0.4127
2025-10-02 12:32:22.575200: val auc 0.4157
2025-10-02 12:32:22.577691: Epoch time: 75.94 s
2025-10-02 12:32:23.236909: 
2025-10-02 12:32:23.239860: Epoch 93
2025-10-02 12:32:23.242239: Current learning rate: 7e-05
2025-10-02 12:33:39.153703: train_loss 0.6972
2025-10-02 12:33:39.158127: val_loss 0.6806
2025-10-02 12:33:39.160566: val classification accuracy 0.5794
2025-10-02 12:33:39.163185: val auc 0.5917
2025-10-02 12:33:39.165793: Epoch time: 75.92 s
2025-10-02 12:33:39.827740: 
2025-10-02 12:33:39.830751: Epoch 94
2025-10-02 12:33:39.833163: Current learning rate: 7e-05
2025-10-02 12:34:55.802923: train_loss 0.6865
2025-10-02 12:34:55.807783: val_loss 0.6907
2025-10-02 12:34:55.811082: val classification accuracy 0.5317
2025-10-02 12:34:55.813742: val auc 0.5387
2025-10-02 12:34:55.816236: Epoch time: 75.98 s
2025-10-02 12:34:56.489945: 
2025-10-02 12:34:56.492773: Epoch 95
2025-10-02 12:34:56.495218: Current learning rate: 7e-05
2025-10-02 12:36:12.431072: train_loss 0.6991
2025-10-02 12:36:12.434955: val_loss 0.6958
2025-10-02 12:36:12.437370: val classification accuracy 0.5159
2025-10-02 12:36:12.439809: val auc 0.4958
2025-10-02 12:36:12.442382: Epoch time: 75.94 s
2025-10-02 12:36:13.106357: 
2025-10-02 12:36:13.109243: Epoch 96
2025-10-02 12:36:13.111463: Current learning rate: 7e-05
2025-10-02 12:37:29.039026: train_loss 0.6926
2025-10-02 12:37:29.043108: val_loss 0.6889
2025-10-02 12:37:29.045481: val classification accuracy 0.5635
2025-10-02 12:37:29.047731: val auc 0.5433
2025-10-02 12:37:29.050049: Epoch time: 75.93 s
2025-10-02 12:37:29.717868: 
2025-10-02 12:37:29.720816: Epoch 97
2025-10-02 12:37:29.723254: Current learning rate: 7e-05
2025-10-02 12:38:45.669180: train_loss 0.6808
2025-10-02 12:38:45.673471: val_loss 0.7074
2025-10-02 12:38:45.676657: val classification accuracy 0.4524
2025-10-02 12:38:45.679519: val auc 0.4462
2025-10-02 12:38:45.682374: Epoch time: 75.95 s
2025-10-02 12:38:46.348383: 
2025-10-02 12:38:46.352693: Epoch 98
2025-10-02 12:38:46.355040: Current learning rate: 7e-05
2025-10-02 12:40:02.290306: train_loss 0.683
2025-10-02 12:40:02.295002: val_loss 0.7048
2025-10-02 12:40:02.297647: val classification accuracy 0.4603
2025-10-02 12:40:02.300456: val auc 0.4932
2025-10-02 12:40:02.303231: Epoch time: 75.94 s
2025-10-02 12:40:02.975205: 
2025-10-02 12:40:02.978514: Epoch 99
2025-10-02 12:40:02.980871: Current learning rate: 7e-05
2025-10-02 12:41:18.940918: train_loss 0.687
2025-10-02 12:41:18.945652: val_loss 0.6795
2025-10-02 12:41:18.948548: val classification accuracy 0.5317
2025-10-02 12:41:18.951411: val auc 0.598
2025-10-02 12:41:18.954189: Epoch time: 75.97 s
2025-10-02 12:41:21.354676: 
2025-10-02 12:41:21.357648: Epoch 100
2025-10-02 12:41:21.360217: Current learning rate: 7e-05
2025-10-02 12:42:37.332085: train_loss 0.6841
2025-10-02 12:42:37.336976: val_loss 0.6953
2025-10-02 12:42:37.339206: val classification accuracy 0.5159
2025-10-02 12:42:37.341722: val auc 0.5157
2025-10-02 12:42:37.344103: Epoch time: 75.98 s
2025-10-02 12:42:38.010868: 
2025-10-02 12:42:38.018030: Epoch 101
2025-10-02 12:42:38.020569: Current learning rate: 7e-05
2025-10-02 12:43:54.028121: train_loss 0.6977
2025-10-02 12:43:54.044290: val_loss 0.6771
2025-10-02 12:43:54.046800: val classification accuracy 0.5794
2025-10-02 12:43:54.049948: val auc 0.607
2025-10-02 12:43:54.052495: Epoch time: 76.02 s
2025-10-02 12:43:54.721039: 
2025-10-02 12:43:54.724024: Epoch 102
2025-10-02 12:43:54.726254: Current learning rate: 7e-05
2025-10-02 12:45:10.687551: train_loss 0.6757
2025-10-02 12:45:10.692278: val_loss 0.6782
2025-10-02 12:45:10.695030: val classification accuracy 0.5794
2025-10-02 12:45:10.697664: val auc 0.5995
2025-10-02 12:45:10.700622: Epoch time: 75.97 s
2025-10-02 12:45:11.372982: 
2025-10-02 12:45:11.375791: Epoch 103
2025-10-02 12:45:11.378139: Current learning rate: 7e-05
2025-10-02 12:46:27.288343: train_loss 0.6931
2025-10-02 12:46:27.292647: val_loss 0.7451
2025-10-02 12:46:27.295160: val classification accuracy 0.4286
2025-10-02 12:46:27.297688: val auc 0.4512
2025-10-02 12:46:27.300440: Epoch time: 75.92 s
2025-10-02 12:46:27.965435: 
2025-10-02 12:46:27.968540: Epoch 104
2025-10-02 12:46:27.971066: Current learning rate: 7e-05
2025-10-02 12:47:43.930552: train_loss 0.6949
2025-10-02 12:47:43.936306: val_loss 0.7016
2025-10-02 12:47:43.939023: val classification accuracy 0.5238
2025-10-02 12:47:43.941667: val auc 0.5009
2025-10-02 12:47:43.944274: Epoch time: 75.97 s
2025-10-02 12:47:44.606437: 
2025-10-02 12:47:44.609406: Epoch 105
2025-10-02 12:47:44.612057: Current learning rate: 7e-05
2025-10-02 12:49:00.596925: train_loss 0.7027
2025-10-02 12:49:00.601244: val_loss 0.6548
2025-10-02 12:49:00.604168: val classification accuracy 0.627
2025-10-02 12:49:00.607000: val auc 0.6848
2025-10-02 12:49:00.609800: Epoch time: 75.99 s
2025-10-02 12:49:01.269523: 
2025-10-02 12:49:01.272639: Epoch 106
2025-10-02 12:49:01.275275: Current learning rate: 7e-05
2025-10-02 12:50:17.227939: train_loss 0.6849
2025-10-02 12:50:17.239605: val_loss 0.6631
2025-10-02 12:50:17.242003: val classification accuracy 0.6032
2025-10-02 12:50:17.244445: val auc 0.6189
2025-10-02 12:50:17.247284: Epoch time: 75.96 s
2025-10-02 12:50:17.918781: 
2025-10-02 12:50:17.921613: Epoch 107
2025-10-02 12:50:17.923910: Current learning rate: 7e-05
2025-10-02 12:51:33.949416: train_loss 0.6895
2025-10-02 12:51:33.953409: val_loss 0.7097
2025-10-02 12:51:33.956055: val classification accuracy 0.5238
2025-10-02 12:51:33.958499: val auc 0.5179
2025-10-02 12:51:33.960995: Epoch time: 76.03 s
2025-10-02 12:51:34.628247: 
2025-10-02 12:51:34.631233: Epoch 108
2025-10-02 12:51:34.633658: Current learning rate: 7e-05
2025-10-02 12:52:50.689786: train_loss 0.6734
2025-10-02 12:52:50.694827: val_loss 0.7022
2025-10-02 12:52:50.697635: val classification accuracy 0.5079
2025-10-02 12:52:50.700216: val auc 0.5155
2025-10-02 12:52:50.702849: Epoch time: 76.06 s
2025-10-02 12:52:51.381248: 
2025-10-02 12:52:51.384136: Epoch 109
2025-10-02 12:52:51.386658: Current learning rate: 7e-05
2025-10-02 12:54:07.404410: train_loss 0.6766
2025-10-02 12:54:07.409296: val_loss 0.6843
2025-10-02 12:54:07.411754: val classification accuracy 0.5556
2025-10-02 12:54:07.414054: val auc 0.5642
2025-10-02 12:54:07.416389: Epoch time: 76.02 s
2025-10-02 12:54:08.085970: 
2025-10-02 12:54:08.088952: Epoch 110
2025-10-02 12:54:08.091358: Current learning rate: 7e-05
2025-10-02 12:55:24.064525: train_loss 0.6831
2025-10-02 12:55:24.068826: val_loss 0.6686
2025-10-02 12:55:24.071283: val classification accuracy 0.5794
2025-10-02 12:55:24.073805: val auc 0.6043
2025-10-02 12:55:24.076258: Epoch time: 75.98 s
2025-10-02 12:55:26.003522: 
2025-10-02 12:55:26.006489: Epoch 111
2025-10-02 12:55:26.008713: Current learning rate: 7e-05
2025-10-02 12:56:41.977324: train_loss 0.6963
2025-10-02 12:56:41.981452: val_loss 0.6785
2025-10-02 12:56:41.983963: val classification accuracy 0.5476
2025-10-02 12:56:41.986246: val auc 0.6008
2025-10-02 12:56:41.988688: Epoch time: 75.97 s
2025-10-02 12:56:42.652166: 
2025-10-02 12:56:42.655100: Epoch 112
2025-10-02 12:56:42.657212: Current learning rate: 7e-05
2025-10-02 12:57:58.639627: train_loss 0.6743
2025-10-02 12:57:58.644208: val_loss 0.6744
2025-10-02 12:57:58.646810: val classification accuracy 0.5635
2025-10-02 12:57:58.649514: val auc 0.6008
2025-10-02 12:57:58.652355: Epoch time: 75.99 s
2025-10-02 12:57:59.318466: 
2025-10-02 12:57:59.321649: Epoch 113
2025-10-02 12:57:59.324021: Current learning rate: 7e-05
2025-10-02 12:59:15.380679: train_loss 0.6848
2025-10-02 12:59:15.385710: val_loss 0.633
2025-10-02 12:59:15.389053: val classification accuracy 0.6746
2025-10-02 12:59:15.391922: val auc 0.7293
2025-10-02 12:59:15.395124: Epoch time: 76.06 s
2025-10-02 12:59:15.397476: Yayy! New best EMA pseudo Dice: 0.7293
2025-10-02 12:59:17.418186: Yayy! New best classification accuracy: 0.6746
2025-10-02 12:59:19.346370: 
2025-10-02 12:59:19.349946: Epoch 114
2025-10-02 12:59:19.352478: Current learning rate: 7e-05
2025-10-02 13:00:35.352184: train_loss 0.679
2025-10-02 13:00:35.357220: val_loss 0.6871
2025-10-02 13:00:35.359649: val classification accuracy 0.4841
2025-10-02 13:00:35.362195: val auc 0.5209
2025-10-02 13:00:35.364679: Epoch time: 76.01 s
2025-10-02 13:00:36.033313: 
2025-10-02 13:00:36.036614: Epoch 115
2025-10-02 13:00:36.038930: Current learning rate: 6e-05
2025-10-02 13:01:51.981540: train_loss 0.6886
2025-10-02 13:01:51.986204: val_loss 0.694
2025-10-02 13:01:51.989146: val classification accuracy 0.5159
2025-10-02 13:01:51.991927: val auc 0.5645
2025-10-02 13:01:51.994595: Epoch time: 75.95 s
2025-10-02 13:01:52.666929: 
2025-10-02 13:01:52.669682: Epoch 116
2025-10-02 13:01:52.672099: Current learning rate: 6e-05
2025-10-02 13:03:08.672505: train_loss 0.6742
2025-10-02 13:03:08.677448: val_loss 0.6525
2025-10-02 13:03:08.679937: val classification accuracy 0.6032
2025-10-02 13:03:08.682457: val auc 0.6664
2025-10-02 13:03:08.684937: Epoch time: 76.01 s
2025-10-02 13:03:09.354793: 
2025-10-02 13:03:09.357755: Epoch 117
2025-10-02 13:03:09.360080: Current learning rate: 6e-05
2025-10-02 13:04:25.375564: train_loss 0.6782
2025-10-02 13:04:25.380057: val_loss 0.6956
2025-10-02 13:04:25.382595: val classification accuracy 0.5317
2025-10-02 13:04:25.385034: val auc 0.5459
2025-10-02 13:04:25.387588: Epoch time: 76.02 s
2025-10-02 13:04:26.057575: 
2025-10-02 13:04:26.060575: Epoch 118
2025-10-02 13:04:26.063544: Current learning rate: 6e-05
2025-10-02 13:05:42.079946: train_loss 0.6679
2025-10-02 13:05:42.084114: val_loss 0.6798
2025-10-02 13:05:42.086949: val classification accuracy 0.5238
2025-10-02 13:05:42.089660: val auc 0.5785
2025-10-02 13:05:42.092228: Epoch time: 76.02 s
2025-10-02 13:05:42.766819: 
2025-10-02 13:05:42.769948: Epoch 119
2025-10-02 13:05:42.772296: Current learning rate: 6e-05
2025-10-02 13:06:58.775921: train_loss 0.6663
2025-10-02 13:06:58.807613: val_loss 0.6583
2025-10-02 13:06:58.810312: val classification accuracy 0.5794
2025-10-02 13:06:58.812987: val auc 0.6308
2025-10-02 13:06:58.815464: Epoch time: 76.01 s
2025-10-02 13:06:59.491783: 
2025-10-02 13:06:59.494870: Epoch 120
2025-10-02 13:06:59.497161: Current learning rate: 6e-05
2025-10-02 13:08:15.564045: train_loss 0.6713
2025-10-02 13:08:15.575146: val_loss 0.6646
2025-10-02 13:08:15.577891: val classification accuracy 0.5714
2025-10-02 13:08:15.580361: val auc 0.616
2025-10-02 13:08:15.582842: Epoch time: 76.07 s
2025-10-02 13:08:16.256983: 
2025-10-02 13:08:16.259847: Epoch 121
2025-10-02 13:08:16.262252: Current learning rate: 6e-05
2025-10-02 13:09:32.263803: train_loss 0.6863
2025-10-02 13:09:32.268630: val_loss 0.6903
2025-10-02 13:09:32.271513: val classification accuracy 0.4921
2025-10-02 13:09:32.274544: val auc 0.5428
2025-10-02 13:09:32.277411: Epoch time: 76.01 s
2025-10-02 13:09:32.960483: 
2025-10-02 13:09:32.963606: Epoch 122
2025-10-02 13:09:32.966115: Current learning rate: 6e-05
2025-10-02 13:10:48.994858: train_loss 0.6803
2025-10-02 13:10:49.000145: val_loss 0.6929
2025-10-02 13:10:49.003092: val classification accuracy 0.5317
2025-10-02 13:10:49.005864: val auc 0.5569
2025-10-02 13:10:49.008923: Epoch time: 76.04 s
2025-10-02 13:10:49.679852: 
2025-10-02 13:10:49.682822: Epoch 123
2025-10-02 13:10:49.685380: Current learning rate: 6e-05
2025-10-02 13:12:05.656821: train_loss 0.6802
2025-10-02 13:12:05.661519: val_loss 0.6747
2025-10-02 13:12:05.664418: val classification accuracy 0.5159
2025-10-02 13:12:05.667121: val auc 0.576
2025-10-02 13:12:05.669669: Epoch time: 75.98 s
2025-10-02 13:12:06.357940: 
2025-10-02 13:12:06.361105: Epoch 124
2025-10-02 13:12:06.363539: Current learning rate: 6e-05
2025-10-02 13:13:22.313111: train_loss 0.677
2025-10-02 13:13:22.317465: val_loss 0.6912
2025-10-02 13:13:22.319835: val classification accuracy 0.5397
2025-10-02 13:13:22.322322: val auc 0.5561
2025-10-02 13:13:22.324833: Epoch time: 75.96 s
2025-10-02 13:13:22.996391: 
2025-10-02 13:13:22.999372: Epoch 125
2025-10-02 13:13:23.001860: Current learning rate: 6e-05
2025-10-02 13:14:38.984649: train_loss 0.6866
2025-10-02 13:14:38.990235: val_loss 0.7272
2025-10-02 13:14:38.993240: val classification accuracy 0.5159
2025-10-02 13:14:38.996042: val auc 0.4557
2025-10-02 13:14:38.998652: Epoch time: 75.99 s
2025-10-02 13:14:39.677727: 
2025-10-02 13:14:39.681018: Epoch 126
2025-10-02 13:14:39.683771: Current learning rate: 6e-05
2025-10-02 13:15:55.686110: train_loss 0.688
2025-10-02 13:15:55.691425: val_loss 0.637
2025-10-02 13:15:55.694399: val classification accuracy 0.619
2025-10-02 13:15:55.697382: val auc 0.6834
2025-10-02 13:15:55.703523: Epoch time: 76.01 s
2025-10-02 13:15:56.374798: 
2025-10-02 13:15:56.378139: Epoch 127
2025-10-02 13:15:56.380685: Current learning rate: 6e-05
2025-10-02 13:17:12.415276: train_loss 0.6764
2025-10-02 13:17:12.419931: val_loss 0.6453
2025-10-02 13:17:12.422547: val classification accuracy 0.7143
2025-10-02 13:17:12.425403: val auc 0.6901
2025-10-02 13:17:12.428180: Epoch time: 76.04 s
2025-10-02 13:17:12.430551: Yayy! New best classification accuracy: 0.7143
2025-10-02 13:17:15.097554: 
2025-10-02 13:17:15.100418: Epoch 128
2025-10-02 13:17:15.102998: Current learning rate: 6e-05
2025-10-02 13:18:31.116952: train_loss 0.6723
2025-10-02 13:18:31.121904: val_loss 0.665
2025-10-02 13:18:31.124559: val classification accuracy 0.5714
2025-10-02 13:18:31.127450: val auc 0.5905
2025-10-02 13:18:31.130198: Epoch time: 76.02 s
2025-10-02 13:18:31.803404: 
2025-10-02 13:18:31.807550: Epoch 129
2025-10-02 13:18:31.810181: Current learning rate: 6e-05
2025-10-02 13:19:47.831070: train_loss 0.6854
2025-10-02 13:19:47.835686: val_loss 0.6762
2025-10-02 13:19:47.838475: val classification accuracy 0.6032
2025-10-02 13:19:47.841167: val auc 0.6077
2025-10-02 13:19:47.843922: Epoch time: 76.03 s
2025-10-02 13:19:48.515404: 
2025-10-02 13:19:48.518680: Epoch 130
2025-10-02 13:19:48.521454: Current learning rate: 6e-05
2025-10-02 13:21:04.513745: train_loss 0.699
2025-10-02 13:21:04.517818: val_loss 0.691
2025-10-02 13:21:04.521125: val classification accuracy 0.5476
2025-10-02 13:21:04.523577: val auc 0.5251
2025-10-02 13:21:04.525929: Epoch time: 76.0 s
2025-10-02 13:21:05.199556: 
2025-10-02 13:21:05.202413: Epoch 131
2025-10-02 13:21:05.204871: Current learning rate: 6e-05
2025-10-02 13:22:21.231564: train_loss 0.6732
2025-10-02 13:22:21.236279: val_loss 0.7182
2025-10-02 13:22:21.238951: val classification accuracy 0.4365
2025-10-02 13:22:21.241768: val auc 0.4899
2025-10-02 13:22:21.244467: Epoch time: 76.03 s
2025-10-02 13:22:21.918753: 
2025-10-02 13:22:21.922153: Epoch 132
2025-10-02 13:22:21.924721: Current learning rate: 6e-05
2025-10-02 13:23:37.928917: failed to log:  (<class 'FileNotFoundError'>, FileNotFoundError(2, 'No such file or directory'), <traceback object at 0x14d25ab1cc40>)
2025-10-02 13:23:37.928917: failed to log:  (<class 'FileNotFoundError'>, FileNotFoundError(2, 'No such file or directory'), <traceback object at 0x14d25ab1cc40>)
2025-10-02 13:23:37.928917: failed to log:  (<class 'FileNotFoundError'>, FileNotFoundError(2, 'No such file or directory'), <traceback object at 0x14d25ab1cc40>)
2025-10-02 13:23:37.928917: failed to log:  (<class 'FileNotFoundError'>, FileNotFoundError(2, 'No such file or directory'), <traceback object at 0x14d25ab1cc40>)
2025-10-02 13:23:37.928917: failed to log:  (<class 'FileNotFoundError'>, FileNotFoundError(2, 'No such file or directory'), <traceback object at 0x14d25ab1cc40>)
2025-10-02 13:23:37.928917: train_loss 0.7029
2025-10-02 13:23:40.440073: failed to log:  (<class 'FileNotFoundError'>, FileNotFoundError(2, 'No such file or directory'), <traceback object at 0x14d24ac69d40>)
2025-10-02 13:23:40.440073: failed to log:  (<class 'FileNotFoundError'>, FileNotFoundError(2, 'No such file or directory'), <traceback object at 0x14d24ac69d40>)
2025-10-02 13:23:40.440073: failed to log:  (<class 'FileNotFoundError'>, FileNotFoundError(2, 'No such file or directory'), <traceback object at 0x14d24ac69d40>)
2025-10-02 13:23:40.440073: failed to log:  (<class 'FileNotFoundError'>, FileNotFoundError(2, 'No such file or directory'), <traceback object at 0x14d24ac69d40>)
2025-10-02 13:23:40.440073: failed to log:  (<class 'FileNotFoundError'>, FileNotFoundError(2, 'No such file or directory'), <traceback object at 0x14d24ac69d40>)
2025-10-02 13:23:40.440073: val_loss 0.73
2025-10-02 13:23:42.948683: failed to log:  (<class 'FileNotFoundError'>, FileNotFoundError(2, 'No such file or directory'), <traceback object at 0x14d259620900>)
2025-10-02 13:23:42.948683: failed to log:  (<class 'FileNotFoundError'>, FileNotFoundError(2, 'No such file or directory'), <traceback object at 0x14d259620900>)
2025-10-02 13:23:42.948683: failed to log:  (<class 'FileNotFoundError'>, FileNotFoundError(2, 'No such file or directory'), <traceback object at 0x14d259620900>)
2025-10-02 13:23:42.948683: failed to log:  (<class 'FileNotFoundError'>, FileNotFoundError(2, 'No such file or directory'), <traceback object at 0x14d259620900>)
2025-10-02 13:23:42.948683: failed to log:  (<class 'FileNotFoundError'>, FileNotFoundError(2, 'No such file or directory'), <traceback object at 0x14d259620900>)
2025-10-02 13:23:42.948683: val classification accuracy 0.4841
2025-10-02 13:23:45.456364: failed to log:  (<class 'FileNotFoundError'>, FileNotFoundError(2, 'No such file or directory'), <traceback object at 0x14d25a6a3700>)
2025-10-02 13:23:45.456364: failed to log:  (<class 'FileNotFoundError'>, FileNotFoundError(2, 'No such file or directory'), <traceback object at 0x14d25a6a3700>)
2025-10-02 13:23:45.456364: failed to log:  (<class 'FileNotFoundError'>, FileNotFoundError(2, 'No such file or directory'), <traceback object at 0x14d25a6a3700>)
2025-10-02 13:23:45.456364: failed to log:  (<class 'FileNotFoundError'>, FileNotFoundError(2, 'No such file or directory'), <traceback object at 0x14d25a6a3700>)
2025-10-02 13:23:45.456364: failed to log:  (<class 'FileNotFoundError'>, FileNotFoundError(2, 'No such file or directory'), <traceback object at 0x14d25a6a3700>)
2025-10-02 13:23:45.456364: val auc 0.4014
2025-10-02 13:23:47.964180: failed to log:  (<class 'FileNotFoundError'>, FileNotFoundError(2, 'No such file or directory'), <traceback object at 0x14d25a6c6900>)
2025-10-02 13:23:47.964180: failed to log:  (<class 'FileNotFoundError'>, FileNotFoundError(2, 'No such file or directory'), <traceback object at 0x14d25a6c6900>)
2025-10-02 13:23:47.964180: failed to log:  (<class 'FileNotFoundError'>, FileNotFoundError(2, 'No such file or directory'), <traceback object at 0x14d25a6c6900>)
2025-10-02 13:23:47.964180: failed to log:  (<class 'FileNotFoundError'>, FileNotFoundError(2, 'No such file or directory'), <traceback object at 0x14d25a6c6900>)
2025-10-02 13:23:47.964180: failed to log:  (<class 'FileNotFoundError'>, FileNotFoundError(2, 'No such file or directory'), <traceback object at 0x14d25a6c6900>)
2025-10-02 13:23:47.964180: Epoch time: 76.01 s
[1;34mwandb[0m: 
[1;34mwandb[0m:  View run [33mSwinViTTrainer_ep300_NoMirroring_fold1[0m at: [34m[0m
[1;34mwandb[0m: Find logs at: [1;35m../../tmp/wandb/wandb/run-20251002_102955-lmp0qhd6/logs[0m
