Sat Nov 29 02:57:55 2025       
+-----------------------------------------------------------------------------------------+
| NVIDIA-SMI 570.86.15              Driver Version: 570.86.15      CUDA Version: 12.8     |
|-----------------------------------------+------------------------+----------------------+
| GPU  Name                 Persistence-M | Bus-Id          Disp.A | Volatile Uncorr. ECC |
| Fan  Temp   Perf          Pwr:Usage/Cap |           Memory-Usage | GPU-Util  Compute M. |
|                                         |                        |               MIG M. |
|=========================================+========================+======================|
|   0  NVIDIA H100 80GB HBM3          Off |   00000000:00:08.0 Off |                    0 |
| N/A   26C    P0             69W /  700W |       1MiB /  81559MiB |      0%      Default |
|                                         |                        |             Disabled |
+-----------------------------------------+------------------------+----------------------+
                                                                                         
+-----------------------------------------------------------------------------------------+
| Processes:                                                                              |
|  GPU   GI   CI              PID   Type   Process name                        GPU Memory |
|        ID   ID                                                               Usage      |
|=========================================================================================|
|  No running processes found                                                             |
+-----------------------------------------------------------------------------------------+
Using device: cuda:0

#######################################################################
Please cite the following paper when using nnU-Net:
Isensee, F., Jaeger, P. F., Kohl, S. A., Petersen, J., & Maier-Hein, K. H. (2021). nnU-Net: a self-configuring method for deep learning-based biomedical image segmentation. Nature methods, 18(2), 203-211.
#######################################################################

2025-11-29 02:58:13.242866: Using torch.compile...
2025-11-29 02:58:19.120999: do_dummy_2d_data_aug: False
2025-11-29 02:58:19.125042: Using splits from existing split file: /hpf/projects/jquon/sumin/nnUNet_data/nnUNet_preprocessed/Dataset033_AVM_T1+C/splits_final.json
2025-11-29 02:58:19.128211: The split file contains 11 splits.
2025-11-29 02:58:19.129794: Desired fold for training: 2
2025-11-29 02:58:19.131251: This split has 465 training and 47 validation cases.
using pin_memory on device 0
using pin_memory on device 0

This is the configuration used by this training:
Configuration name: 3d_fullres
 {'data_identifier': 'nnUNetPlans_3d_fullres', 'preprocessor_name': 'DefaultPreprocessor', 'batch_size': 2, 'patch_size': [160, 224, 192], 'median_image_size_in_voxels': [344.0, 448.0, 429.0], 'spacing': [0.500000923871994, 0.4910714328289032, 0.4910714328289032], 'normalization_schemes': ['ZScoreNormalization'], 'use_mask_for_norm': [False], 'resampling_fn_data': 'resample_data_or_seg_to_shape', 'resampling_fn_seg': 'resample_data_or_seg_to_shape', 'resampling_fn_data_kwargs': {'is_seg': False, 'order': 3, 'order_z': 0, 'force_separate_z': None}, 'resampling_fn_seg_kwargs': {'is_seg': True, 'order': 1, 'order_z': 0, 'force_separate_z': None}, 'resampling_fn_probabilities': 'resample_data_or_seg_to_shape', 'resampling_fn_probabilities_kwargs': {'is_seg': False, 'order': 1, 'order_z': 0, 'force_separate_z': None}, 'architecture': {'network_class_name': 'dynamic_network_architectures.architectures.unet.ResidualEncoderUNet', 'arch_kwargs': {'n_stages': 6, 'features_per_stage': [32, 64, 128, 256, 320, 320], 'conv_op': 'torch.nn.modules.conv.Conv3d', 'kernel_sizes': [[3, 3, 3], [3, 3, 3], [3, 3, 3], [3, 3, 3], [3, 3, 3], [3, 3, 3]], 'strides': [[1, 1, 1], [2, 2, 2], [2, 2, 2], [2, 2, 2], [2, 2, 2], [2, 2, 2]], 'n_blocks_per_stage': [1, 3, 4, 6, 6, 6], 'n_conv_per_stage_decoder': [1, 1, 1, 1, 1], 'conv_bias': True, 'norm_op': 'torch.nn.modules.instancenorm.InstanceNorm3d', 'norm_op_kwargs': {'eps': 1e-05, 'affine': True}, 'dropout_op': None, 'dropout_op_kwargs': None, 'nonlin': 'torch.nn.LeakyReLU', 'nonlin_kwargs': {'inplace': True}}, '_kw_requires_import': ['conv_op', 'norm_op', 'dropout_op', 'nonlin']}, 'batch_dice': True} 

These are the global plan.json settings:
 {'dataset_name': 'Dataset033_AVM_T1+C', 'plans_name': 'nnUNetResEncUNetLPlans', 'original_median_spacing_after_transp': [0.500000923871994, 0.4910714328289032, 0.4910714328289032], 'original_median_shape_after_transp': [330, 448, 424], 'image_reader_writer': 'SimpleITKIO', 'transpose_forward': [0, 1, 2], 'transpose_backward': [0, 1, 2], 'experiment_planner_used': 'nnUNetPlannerResEncL', 'label_manager': 'LabelManager', 'foreground_intensity_properties_per_channel': {'0': {'max': 12113.0, 'mean': 449.843505859375, 'median': 311.0, 'min': 0.0, 'percentile_00_5': 34.0, 'percentile_99_5': 3202.0, 'std': 471.56329345703125}}} 

2025-11-29 02:58:22.017534: Unable to plot network architecture: nnUNet_compile is enabled!
2025-11-29 02:58:22.044441: 
2025-11-29 02:58:22.047050: Epoch 0
2025-11-29 02:58:22.050690: Current learning rate: 0.01
2025-11-29 02:59:39.278435: train_loss 1.4296
2025-11-29 02:59:39.282516: val_loss 225.8799
2025-11-29 02:59:39.284826: val classification accuracy 0.5435
2025-11-29 02:59:39.287097: val auc 0.6068
2025-11-29 02:59:39.289430: Epoch time: 77.24 s
2025-11-29 02:59:39.291281: Yayy! New best EMA pseudo Dice: 0.6068
2025-11-29 02:59:39.909226: Yayy! New best classification accuracy: 0.5435
2025-11-29 02:59:41.366005: 
2025-11-29 02:59:41.368941: Epoch 1
2025-11-29 02:59:41.371055: Current learning rate: 0.00997
2025-11-29 03:00:21.543152: train_loss 2.4906
2025-11-29 03:00:21.547528: val_loss 15.533
2025-11-29 03:00:21.549898: val classification accuracy 0.5217
2025-11-29 03:00:21.552035: val auc 0.4953
2025-11-29 03:00:21.554364: Epoch time: 40.18 s
2025-11-29 03:00:22.311654: 
2025-11-29 03:00:22.314414: Epoch 2
2025-11-29 03:00:22.316412: Current learning rate: 0.00994
2025-11-29 03:01:04.323030: train_loss 1.1581
2025-11-29 03:01:04.326691: val_loss 2.3015
2025-11-29 03:01:04.328761: val classification accuracy 0.3478
2025-11-29 03:01:04.330785: val auc 0.3686
2025-11-29 03:01:04.332918: Epoch time: 42.01 s
2025-11-29 03:01:05.105946: 
2025-11-29 03:01:05.108746: Epoch 3
2025-11-29 03:01:05.110593: Current learning rate: 0.00991
2025-11-29 03:01:48.040582: train_loss 0.9323
2025-11-29 03:01:48.081185: val_loss 3.3672
2025-11-29 03:01:48.083616: val classification accuracy 0.4348
2025-11-29 03:01:48.085949: val auc 0.4669
2025-11-29 03:01:48.094432: Epoch time: 42.94 s
2025-11-29 03:01:48.866570: 
2025-11-29 03:01:48.868847: Epoch 4
2025-11-29 03:01:48.870525: Current learning rate: 0.00988
2025-11-29 03:02:28.301429: train_loss 0.7383
2025-11-29 03:02:28.305321: val_loss 0.915
2025-11-29 03:02:28.307692: val classification accuracy 0.5217
2025-11-29 03:02:28.309892: val auc 0.6163
2025-11-29 03:02:28.312073: Epoch time: 39.44 s
2025-11-29 03:02:28.313944: Yayy! New best EMA pseudo Dice: 0.6163
2025-11-29 03:02:29.767957: 
2025-11-29 03:02:29.770573: Epoch 5
2025-11-29 03:02:29.772480: Current learning rate: 0.00985
2025-11-29 03:03:11.192742: train_loss 0.7291
2025-11-29 03:03:11.220501: val_loss 15.769
2025-11-29 03:03:11.222717: val classification accuracy 0.4783
2025-11-29 03:03:11.224569: val auc 0.5123
2025-11-29 03:03:11.226278: Epoch time: 41.43 s
2025-11-29 03:03:12.018305: 
2025-11-29 03:03:12.021202: Epoch 6
2025-11-29 03:03:12.023309: Current learning rate: 0.00982
2025-11-29 03:03:53.136104: train_loss 0.7114
2025-11-29 03:03:53.141951: val_loss 2.9033
2025-11-29 03:03:53.144407: val classification accuracy 0.4783
2025-11-29 03:03:53.146727: val auc 0.3894
2025-11-29 03:03:53.149096: Epoch time: 41.12 s
2025-11-29 03:03:53.920881: 
2025-11-29 03:03:53.926452: Epoch 7
2025-11-29 03:03:53.928461: Current learning rate: 0.00979
2025-11-29 03:04:36.342095: train_loss 0.7189
2025-11-29 03:04:36.346332: val_loss 1.0809
2025-11-29 03:04:36.348720: val classification accuracy 0.413
2025-11-29 03:04:36.350816: val auc 0.5359
2025-11-29 03:04:36.352913: Epoch time: 42.42 s
2025-11-29 03:04:37.108351: 
2025-11-29 03:04:37.112124: Epoch 8
2025-11-29 03:04:37.113941: Current learning rate: 0.00976
2025-11-29 03:05:16.933553: train_loss 0.7037
2025-11-29 03:05:16.937581: val_loss 1.2536
2025-11-29 03:05:16.939504: val classification accuracy 0.4783
2025-11-29 03:05:16.941372: val auc 0.5558
2025-11-29 03:05:16.943745: Epoch time: 39.83 s
2025-11-29 03:05:17.719548: 
2025-11-29 03:05:17.722286: Epoch 9
2025-11-29 03:05:17.723964: Current learning rate: 0.00973
2025-11-29 03:05:59.963253: train_loss 0.6756
2025-11-29 03:05:59.999508: val_loss 3.0812
2025-11-29 03:06:00.010526: val classification accuracy 0.3913
2025-11-29 03:06:00.013243: val auc 0.4168
2025-11-29 03:06:00.025172: Epoch time: 42.25 s
2025-11-29 03:06:00.769446: 
2025-11-29 03:06:00.772306: Epoch 10
2025-11-29 03:06:00.774348: Current learning rate: 0.0097
2025-11-29 03:06:44.907450: train_loss 0.6419
2025-11-29 03:06:44.943956: val_loss 3.1498
2025-11-29 03:06:44.946825: val classification accuracy 0.4783
2025-11-29 03:06:44.949472: val auc 0.5737
2025-11-29 03:06:44.952431: Epoch time: 44.14 s
2025-11-29 03:06:45.714554: 
2025-11-29 03:06:45.717969: Epoch 11
2025-11-29 03:06:45.720508: Current learning rate: 0.00967
2025-11-29 03:07:26.421185: train_loss 0.6818
2025-11-29 03:07:26.425345: val_loss 3.6108
2025-11-29 03:07:26.428113: val classification accuracy 0.3696
2025-11-29 03:07:26.430829: val auc 0.4187
2025-11-29 03:07:26.434024: Epoch time: 40.71 s
2025-11-29 03:07:27.196318: 
2025-11-29 03:07:27.199910: Epoch 12
2025-11-29 03:07:27.202339: Current learning rate: 0.00964
2025-11-29 03:08:06.028890: train_loss 0.7042
2025-11-29 03:08:06.044195: val_loss 5.5267
2025-11-29 03:08:06.047231: val classification accuracy 0.4565
2025-11-29 03:08:06.054965: val auc 0.4187
2025-11-29 03:08:06.057725: Epoch time: 38.83 s
2025-11-29 03:08:07.468313: 
2025-11-29 03:08:07.471419: Epoch 13
2025-11-29 03:08:07.473868: Current learning rate: 0.00961
2025-11-29 03:08:48.109454: train_loss 0.6887
2025-11-29 03:08:48.114271: val_loss 1.0661
2025-11-29 03:08:48.117277: val classification accuracy 0.4348
2025-11-29 03:08:48.120260: val auc 0.5614
2025-11-29 03:08:48.122910: Epoch time: 40.64 s
2025-11-29 03:08:48.866821: 
2025-11-29 03:08:48.870729: Epoch 14
2025-11-29 03:08:48.873510: Current learning rate: 0.00958
2025-11-29 03:09:28.856129: train_loss 0.6832
2025-11-29 03:09:28.885602: val_loss 0.8819
2025-11-29 03:09:28.888347: val classification accuracy 0.5435
2025-11-29 03:09:28.892148: val auc 0.6238
2025-11-29 03:09:28.895398: Epoch time: 39.99 s
2025-11-29 03:09:28.897849: Yayy! New best EMA pseudo Dice: 0.6238
2025-11-29 03:09:30.242725: 
2025-11-29 03:09:30.245968: Epoch 15
2025-11-29 03:09:30.248385: Current learning rate: 0.00955
2025-11-29 03:10:10.579963: train_loss 0.6905
2025-11-29 03:10:10.593493: val_loss 2.3958
2025-11-29 03:10:10.620447: val classification accuracy 0.5217
2025-11-29 03:10:10.623929: val auc 0.5312
2025-11-29 03:10:10.626807: Epoch time: 40.34 s
2025-11-29 03:10:11.375799: 
2025-11-29 03:10:11.379294: Epoch 16
2025-11-29 03:10:11.381592: Current learning rate: 0.00952
2025-11-29 03:10:51.448587: train_loss 0.6663
2025-11-29 03:10:51.453037: val_loss 2.0923
2025-11-29 03:10:51.455735: val classification accuracy 0.5435
2025-11-29 03:10:51.458598: val auc 0.4858
2025-11-29 03:10:51.461385: Epoch time: 40.07 s
2025-11-29 03:10:52.243145: 
2025-11-29 03:10:52.246245: Epoch 17
2025-11-29 03:10:52.248637: Current learning rate: 0.00949
2025-11-29 03:11:30.957734: train_loss 0.6763
2025-11-29 03:11:30.962088: val_loss 0.8743
2025-11-29 03:11:30.964823: val classification accuracy 0.413
2025-11-29 03:11:30.967410: val auc 0.4291
2025-11-29 03:11:30.970319: Epoch time: 38.72 s
2025-11-29 03:11:32.333909: 
2025-11-29 03:11:32.337315: Epoch 18
2025-11-29 03:11:32.339944: Current learning rate: 0.00946
2025-11-29 03:12:12.895842: train_loss 0.7009
2025-11-29 03:12:12.920270: val_loss 0.8831
2025-11-29 03:12:12.930499: val classification accuracy 0.3696
2025-11-29 03:12:12.934102: val auc 0.4735
2025-11-29 03:12:12.937044: Epoch time: 40.56 s
2025-11-29 03:12:13.738282: 
2025-11-29 03:12:13.741426: Epoch 19
2025-11-29 03:12:13.743858: Current learning rate: 0.00943
2025-11-29 03:12:57.523298: train_loss 0.6796
2025-11-29 03:12:57.527540: val_loss 1.0529
2025-11-29 03:12:57.540278: val classification accuracy 0.3696
2025-11-29 03:12:57.564314: val auc 0.4499
2025-11-29 03:12:57.566905: Epoch time: 43.79 s
2025-11-29 03:12:58.201701: Saved periodic checkpoint /hpf/projects/jquon/sumin/nnUNet_data/nnUNet_results/Dataset033_AVM_T1+C/DenseNetTrainer_ep300__nnUNetResEncUNetLPlans__3d_fullres/fold_2/checkpoint_every20_best_balacc.pth at epoch 19 with val_balanced_accuracy=0.3696
2025-11-29 03:12:58.941129: 
2025-11-29 03:12:58.944294: Epoch 20
2025-11-29 03:12:58.946543: Current learning rate: 0.0094
2025-11-29 03:13:38.781120: train_loss 0.6854
2025-11-29 03:13:38.786399: val_loss 4.1573
2025-11-29 03:13:38.789872: val classification accuracy 0.3913
2025-11-29 03:13:38.792340: val auc 0.4093
2025-11-29 03:13:38.794680: Epoch time: 39.84 s
2025-11-29 03:13:39.556867: 
2025-11-29 03:13:39.559809: Epoch 21
2025-11-29 03:13:39.562313: Current learning rate: 0.00937
2025-11-29 03:14:20.596384: train_loss 0.6604
2025-11-29 03:14:20.601758: val_loss 1.2434
2025-11-29 03:14:20.604817: val classification accuracy 0.4783
2025-11-29 03:14:20.607329: val auc 0.4216
2025-11-29 03:14:20.609597: Epoch time: 41.04 s
2025-11-29 03:14:21.369871: 
2025-11-29 03:14:21.373502: Epoch 22
2025-11-29 03:14:21.375914: Current learning rate: 0.00934
2025-11-29 03:15:04.164153: train_loss 0.6697
2025-11-29 03:15:04.169465: val_loss 0.9465
2025-11-29 03:15:04.172073: val classification accuracy 0.5652
2025-11-29 03:15:04.174872: val auc 0.6626
2025-11-29 03:15:04.177705: Epoch time: 42.8 s
2025-11-29 03:15:04.183607: Yayy! New best EMA pseudo Dice: 0.6626
2025-11-29 03:15:04.860736: Yayy! New best classification accuracy: 0.5652
2025-11-29 03:15:07.024348: 
2025-11-29 03:15:07.027991: Epoch 23
2025-11-29 03:15:07.030309: Current learning rate: 0.00931
2025-11-29 03:15:45.461809: train_loss 0.678
2025-11-29 03:15:45.466224: val_loss 2.7806
2025-11-29 03:15:45.469477: val classification accuracy 0.3043
2025-11-29 03:15:45.476631: val auc 0.3043
2025-11-29 03:15:45.479360: Epoch time: 38.44 s
2025-11-29 03:15:46.318726: 
2025-11-29 03:15:46.321815: Epoch 24
2025-11-29 03:15:46.324353: Current learning rate: 0.00928
2025-11-29 03:16:25.522980: train_loss 0.6466
2025-11-29 03:16:25.527897: val_loss 2.7497
2025-11-29 03:16:25.530994: val classification accuracy 0.413
2025-11-29 03:16:25.533758: val auc 0.4792
2025-11-29 03:16:25.536417: Epoch time: 39.21 s
2025-11-29 03:16:26.327604: 
2025-11-29 03:16:26.330943: Epoch 25
2025-11-29 03:16:26.333252: Current learning rate: 0.00925
2025-11-29 03:17:04.049940: train_loss 0.6762
2025-11-29 03:17:04.055997: val_loss 0.8228
2025-11-29 03:17:04.058574: val classification accuracy 0.5435
2025-11-29 03:17:04.061269: val auc 0.5803
2025-11-29 03:17:04.063824: Epoch time: 37.72 s
2025-11-29 03:17:04.841926: 
2025-11-29 03:17:04.845163: Epoch 26
2025-11-29 03:17:04.847275: Current learning rate: 0.00922
2025-11-29 03:17:46.213636: train_loss 0.6621
2025-11-29 03:17:46.217994: val_loss 1.8846
2025-11-29 03:17:46.220717: val classification accuracy 0.3478
2025-11-29 03:17:46.223305: val auc 0.5397
2025-11-29 03:17:46.225761: Epoch time: 41.37 s
2025-11-29 03:17:46.999629: 
2025-11-29 03:17:47.002888: Epoch 27
2025-11-29 03:17:47.005434: Current learning rate: 0.00919
2025-11-29 03:18:30.306921: train_loss 0.6513
2025-11-29 03:18:30.312143: val_loss 1.014
2025-11-29 03:18:30.314813: val classification accuracy 0.4783
2025-11-29 03:18:30.317382: val auc 0.586
2025-11-29 03:18:30.319818: Epoch time: 43.31 s
2025-11-29 03:18:31.077327: 
2025-11-29 03:18:31.082594: Epoch 28
2025-11-29 03:18:31.089200: Current learning rate: 0.00916
2025-11-29 03:19:10.493067: train_loss 0.6204
2025-11-29 03:19:10.535171: val_loss 5.2091
2025-11-29 03:19:10.538157: val classification accuracy 0.4565
2025-11-29 03:19:10.540847: val auc 0.4754
2025-11-29 03:19:10.543408: Epoch time: 39.42 s
2025-11-29 03:19:11.302468: 
2025-11-29 03:19:11.305936: Epoch 29
2025-11-29 03:19:11.308335: Current learning rate: 0.00913
2025-11-29 03:19:50.910702: train_loss 0.6877
2025-11-29 03:19:50.919281: val_loss 1.7162
2025-11-29 03:19:50.922349: val classification accuracy 0.5
2025-11-29 03:19:50.926900: val auc 0.5501
2025-11-29 03:19:50.929700: Epoch time: 39.61 s
2025-11-29 03:19:51.689625: 
2025-11-29 03:19:51.693137: Epoch 30
2025-11-29 03:19:51.695540: Current learning rate: 0.0091
2025-11-29 03:20:29.124524: train_loss 0.7109
2025-11-29 03:20:29.132053: val_loss 1.1989
2025-11-29 03:20:29.134777: val classification accuracy 0.3913
2025-11-29 03:20:29.137306: val auc 0.4972
2025-11-29 03:20:29.140117: Epoch time: 37.44 s
2025-11-29 03:20:29.907087: 
2025-11-29 03:20:29.911110: Epoch 31
2025-11-29 03:20:29.913553: Current learning rate: 0.00907
2025-11-29 03:21:10.707906: train_loss 0.6876
2025-11-29 03:21:10.726442: val_loss 0.6536
2025-11-29 03:21:10.729398: val classification accuracy 0.587
2025-11-29 03:21:10.732013: val auc 0.7268
2025-11-29 03:21:10.734540: Epoch time: 40.8 s
2025-11-29 03:21:10.736762: Yayy! New best EMA pseudo Dice: 0.7268
2025-11-29 03:21:11.446252: Yayy! New best classification accuracy: 0.587
2025-11-29 03:21:13.017383: 
2025-11-29 03:21:13.020593: Epoch 32
2025-11-29 03:21:13.022982: Current learning rate: 0.00903
2025-11-29 03:21:54.727916: train_loss 0.6787
2025-11-29 03:21:54.747044: val_loss 0.8515
2025-11-29 03:21:54.750301: val classification accuracy 0.6087
2025-11-29 03:21:54.753348: val auc 0.6181
2025-11-29 03:21:54.762115: Epoch time: 41.71 s
2025-11-29 03:21:54.764752: Yayy! New best classification accuracy: 0.6087
2025-11-29 03:21:56.279400: 
2025-11-29 03:21:56.282604: Epoch 33
2025-11-29 03:21:56.284952: Current learning rate: 0.009
2025-11-29 03:22:38.010937: train_loss 0.6886
2025-11-29 03:22:38.017167: val_loss 0.7917
2025-11-29 03:22:38.019934: val classification accuracy 0.413
2025-11-29 03:22:38.022661: val auc 0.3639
2025-11-29 03:22:38.025442: Epoch time: 41.73 s
2025-11-29 03:22:38.784392: 
2025-11-29 03:22:38.787528: Epoch 34
2025-11-29 03:22:38.789711: Current learning rate: 0.00897
2025-11-29 03:23:18.795676: train_loss 0.6774
2025-11-29 03:23:18.805766: val_loss 0.8265
2025-11-29 03:23:18.809051: val classification accuracy 0.3913
2025-11-29 03:23:18.811871: val auc 0.397
2025-11-29 03:23:18.818465: Epoch time: 40.01 s
2025-11-29 03:23:19.591310: 
2025-11-29 03:23:19.594680: Epoch 35
2025-11-29 03:23:19.596920: Current learning rate: 0.00894
2025-11-29 03:24:00.565604: train_loss 0.668
2025-11-29 03:24:00.583864: val_loss 1.3497
2025-11-29 03:24:00.587081: val classification accuracy 0.4565
2025-11-29 03:24:00.589736: val auc 0.4225
2025-11-29 03:24:00.607569: Epoch time: 40.98 s
2025-11-29 03:24:01.433005: 
2025-11-29 03:24:01.436230: Epoch 36
2025-11-29 03:24:01.438561: Current learning rate: 0.00891
2025-11-29 03:24:43.969370: train_loss 0.6885
2025-11-29 03:24:44.020146: val_loss 0.5863
2025-11-29 03:24:44.023204: val classification accuracy 0.6957
2025-11-29 03:24:44.026332: val auc 0.7883
2025-11-29 03:24:44.029440: Epoch time: 42.54 s
2025-11-29 03:24:44.031857: Yayy! New best EMA pseudo Dice: 0.7883
2025-11-29 03:24:44.737654: Yayy! New best classification accuracy: 0.6957
2025-11-29 03:24:46.224552: 
2025-11-29 03:24:46.227524: Epoch 37
2025-11-29 03:24:46.229831: Current learning rate: 0.00888
2025-11-29 03:25:26.451905: train_loss 0.6803
2025-11-29 03:25:26.465725: val_loss 0.6965
2025-11-29 03:25:26.472639: val classification accuracy 0.6739
2025-11-29 03:25:26.481667: val auc 0.6163
2025-11-29 03:25:26.484285: Epoch time: 40.23 s
2025-11-29 03:25:27.279589: 
2025-11-29 03:25:27.283069: Epoch 38
2025-11-29 03:25:27.285482: Current learning rate: 0.00885
2025-11-29 03:26:06.254768: train_loss 0.6747
2025-11-29 03:26:06.258189: val_loss 1.4053
2025-11-29 03:26:06.260535: val classification accuracy 0.5652
2025-11-29 03:26:06.262832: val auc 0.5803
2025-11-29 03:26:06.265723: Epoch time: 38.98 s
2025-11-29 03:26:07.025198: 
2025-11-29 03:26:07.028235: Epoch 39
2025-11-29 03:26:07.030448: Current learning rate: 0.00882
2025-11-29 03:26:41.274955: train_loss 0.6677
2025-11-29 03:26:41.286714: val_loss 0.7887
2025-11-29 03:26:41.289629: val classification accuracy 0.5435
2025-11-29 03:26:41.292645: val auc 0.4811
2025-11-29 03:26:41.295423: Epoch time: 34.25 s
2025-11-29 03:26:42.085847: Saved periodic checkpoint /hpf/projects/jquon/sumin/nnUNet_data/nnUNet_results/Dataset033_AVM_T1+C/DenseNetTrainer_ep300__nnUNetResEncUNetLPlans__3d_fullres/fold_2/checkpoint_every20_best_balacc.pth at epoch 39 with val_balanced_accuracy=0.5435
2025-11-29 03:26:42.776226: 
2025-11-29 03:26:42.779528: Epoch 40
2025-11-29 03:26:42.782215: Current learning rate: 0.00879
2025-11-29 03:27:18.762486: train_loss 0.6809
2025-11-29 03:27:18.791581: val_loss 0.7588
2025-11-29 03:27:18.803978: val classification accuracy 0.5
2025-11-29 03:27:18.806971: val auc 0.5123
2025-11-29 03:27:18.809872: Epoch time: 35.99 s
2025-11-29 03:27:19.563381: 
2025-11-29 03:27:19.566435: Epoch 41
2025-11-29 03:27:19.568778: Current learning rate: 0.00876
2025-11-29 03:27:57.937235: train_loss 0.6628
2025-11-29 03:27:57.954724: val_loss 0.7537
2025-11-29 03:27:57.958146: val classification accuracy 0.587
2025-11-29 03:27:57.960743: val auc 0.6446
2025-11-29 03:27:57.963424: Epoch time: 38.38 s
2025-11-29 03:27:59.132798: 
2025-11-29 03:27:59.136117: Epoch 42
2025-11-29 03:27:59.138410: Current learning rate: 0.00873
2025-11-29 03:28:34.420752: train_loss 0.6858
2025-11-29 03:28:34.457007: val_loss 0.6866
2025-11-29 03:28:34.460226: val classification accuracy 0.5652
2025-11-29 03:28:34.463377: val auc 0.6352
2025-11-29 03:28:34.466153: Epoch time: 35.29 s
2025-11-29 03:28:35.194683: 
2025-11-29 03:28:35.197638: Epoch 43
2025-11-29 03:28:35.199960: Current learning rate: 0.0087
2025-11-29 03:29:12.890082: train_loss 0.6813
2025-11-29 03:29:12.894297: val_loss 0.6738
2025-11-29 03:29:12.896791: val classification accuracy 0.6522
2025-11-29 03:29:12.899495: val auc 0.5652
2025-11-29 03:29:12.921776: Epoch time: 37.7 s
2025-11-29 03:29:13.625425: 
2025-11-29 03:29:13.628334: Epoch 44
2025-11-29 03:29:13.630546: Current learning rate: 0.00867
2025-11-29 03:29:51.248270: train_loss 0.6725
2025-11-29 03:29:51.252212: val_loss 0.7396
2025-11-29 03:29:51.254975: val classification accuracy 0.6739
2025-11-29 03:29:51.257755: val auc 0.6144
2025-11-29 03:29:51.260287: Epoch time: 37.62 s
2025-11-29 03:29:51.988691: 
2025-11-29 03:29:51.991938: Epoch 45
2025-11-29 03:29:51.994344: Current learning rate: 0.00864
2025-11-29 03:30:29.572375: train_loss 0.656
2025-11-29 03:30:29.577107: val_loss 0.8314
2025-11-29 03:30:29.579629: val classification accuracy 0.5217
2025-11-29 03:30:29.582108: val auc 0.6692
2025-11-29 03:30:29.584465: Epoch time: 37.59 s
2025-11-29 03:30:30.324678: 
2025-11-29 03:30:30.327885: Epoch 46
2025-11-29 03:30:30.330224: Current learning rate: 0.00861
2025-11-29 03:31:07.000667: train_loss 0.6812
2025-11-29 03:31:07.004568: val_loss 0.8403
2025-11-29 03:31:07.007163: val classification accuracy 0.5217
2025-11-29 03:31:07.009765: val auc 0.4282
2025-11-29 03:31:07.012163: Epoch time: 36.68 s
2025-11-29 03:31:08.277547: 
2025-11-29 03:31:08.280483: Epoch 47
2025-11-29 03:31:08.282738: Current learning rate: 0.00858
2025-11-29 03:31:45.802617: train_loss 0.6834
2025-11-29 03:31:45.817690: val_loss 0.7027
2025-11-29 03:31:45.845371: val classification accuracy 0.4565
2025-11-29 03:31:45.865791: val auc 0.4915
2025-11-29 03:31:45.885452: Epoch time: 37.53 s
2025-11-29 03:31:46.604049: 
2025-11-29 03:31:46.607308: Epoch 48
2025-11-29 03:31:46.609733: Current learning rate: 0.00855
2025-11-29 03:32:23.104227: train_loss 0.6901
2025-11-29 03:32:23.126439: val_loss 0.7313
2025-11-29 03:32:23.139199: val classification accuracy 0.413
2025-11-29 03:32:23.142175: val auc 0.4565
2025-11-29 03:32:23.159560: Epoch time: 36.5 s
2025-11-29 03:32:23.893836: 
2025-11-29 03:32:23.897192: Epoch 49
2025-11-29 03:32:23.899652: Current learning rate: 0.00852
2025-11-29 03:33:03.821654: train_loss 0.6787
2025-11-29 03:33:03.826516: val_loss 0.719
2025-11-29 03:33:03.829553: val classification accuracy 0.4565
2025-11-29 03:33:03.832411: val auc 0.5539
2025-11-29 03:33:03.838027: Epoch time: 39.93 s
2025-11-29 03:33:04.543487: 
2025-11-29 03:33:04.546926: Epoch 50
2025-11-29 03:33:04.550034: Current learning rate: 0.00849
2025-11-29 03:33:43.951749: train_loss 0.6643
2025-11-29 03:33:43.956310: val_loss 0.7597
2025-11-29 03:33:43.959265: val classification accuracy 0.5652
2025-11-29 03:33:43.962010: val auc 0.5803
2025-11-29 03:33:43.964663: Epoch time: 39.41 s
2025-11-29 03:33:44.684483: 
2025-11-29 03:33:44.688130: Epoch 51
2025-11-29 03:33:44.690540: Current learning rate: 0.00846
2025-11-29 03:34:22.718552: train_loss 0.6797
2025-11-29 03:34:22.742259: val_loss 0.7392
2025-11-29 03:34:22.745162: val classification accuracy 0.4565
2025-11-29 03:34:22.747622: val auc 0.5066
2025-11-29 03:34:22.750338: Epoch time: 38.04 s
2025-11-29 03:34:23.952519: 
2025-11-29 03:34:23.955821: Epoch 52
2025-11-29 03:34:23.957904: Current learning rate: 0.00843
2025-11-29 03:35:00.921953: train_loss 0.6687
2025-11-29 03:35:00.926361: val_loss 0.8077
2025-11-29 03:35:00.930055: val classification accuracy 0.4565
2025-11-29 03:35:00.933057: val auc 0.5501
2025-11-29 03:35:00.936172: Epoch time: 36.97 s
2025-11-29 03:35:01.642938: 
2025-11-29 03:35:01.646024: Epoch 53
2025-11-29 03:35:01.648517: Current learning rate: 0.00839
2025-11-29 03:35:39.963157: train_loss 0.6801
2025-11-29 03:35:39.968570: val_loss 0.9019
2025-11-29 03:35:39.971264: val classification accuracy 0.3478
2025-11-29 03:35:39.973801: val auc 0.3138
2025-11-29 03:35:39.976273: Epoch time: 38.32 s
2025-11-29 03:35:40.703756: 
2025-11-29 03:35:40.707014: Epoch 54
2025-11-29 03:35:40.709385: Current learning rate: 0.00836
2025-11-29 03:36:18.571748: train_loss 0.6349
2025-11-29 03:36:18.575900: val_loss 0.8844
2025-11-29 03:36:18.578292: val classification accuracy 0.587
2025-11-29 03:36:18.580382: val auc 0.6786
2025-11-29 03:36:18.582550: Epoch time: 37.87 s
2025-11-29 03:36:19.281299: 
2025-11-29 03:36:19.284299: Epoch 55
2025-11-29 03:36:19.286715: Current learning rate: 0.00833
2025-11-29 03:36:59.167225: train_loss 0.7014
2025-11-29 03:36:59.171391: val_loss 0.8614
2025-11-29 03:36:59.174274: val classification accuracy 0.587
2025-11-29 03:36:59.197615: val auc 0.5595
2025-11-29 03:36:59.218543: Epoch time: 39.89 s
2025-11-29 03:36:59.988327: 
2025-11-29 03:36:59.991425: Epoch 56
2025-11-29 03:36:59.993765: Current learning rate: 0.0083
2025-11-29 03:37:36.728899: train_loss 0.692
2025-11-29 03:37:36.735114: val_loss 0.6999
2025-11-29 03:37:36.743421: val classification accuracy 0.4348
2025-11-29 03:37:36.746053: val auc 0.5312
2025-11-29 03:37:36.748759: Epoch time: 36.74 s
2025-11-29 03:37:37.465703: 
2025-11-29 03:37:37.469650: Epoch 57
2025-11-29 03:37:37.471925: Current learning rate: 0.00827
2025-11-29 03:38:15.991255: train_loss 0.6652
2025-11-29 03:38:16.002195: val_loss 0.731
2025-11-29 03:38:16.005647: val classification accuracy 0.4565
2025-11-29 03:38:16.009106: val auc 0.5331
2025-11-29 03:38:16.012022: Epoch time: 38.53 s
2025-11-29 03:38:16.746731: 
2025-11-29 03:38:16.750204: Epoch 58
2025-11-29 03:38:16.752558: Current learning rate: 0.00824
2025-11-29 03:38:51.768624: train_loss 0.656
2025-11-29 03:38:51.772594: val_loss 0.7899
2025-11-29 03:38:51.775262: val classification accuracy 0.4783
2025-11-29 03:38:51.777528: val auc 0.5463
2025-11-29 03:38:51.779725: Epoch time: 35.02 s
2025-11-29 03:38:52.507333: 
2025-11-29 03:38:52.510117: Epoch 59
2025-11-29 03:38:52.512348: Current learning rate: 0.00821
2025-11-29 03:39:30.963549: train_loss 0.6629
2025-11-29 03:39:30.978173: val_loss 0.6619
2025-11-29 03:39:30.981237: val classification accuracy 0.6304
2025-11-29 03:39:30.984625: val auc 0.5463
2025-11-29 03:39:30.987250: Epoch time: 38.46 s
2025-11-29 03:39:31.689198: Saved periodic checkpoint /hpf/projects/jquon/sumin/nnUNet_data/nnUNet_results/Dataset033_AVM_T1+C/DenseNetTrainer_ep300__nnUNetResEncUNetLPlans__3d_fullres/fold_2/checkpoint_every20_best_balacc.pth at epoch 59 with val_balanced_accuracy=0.6304
2025-11-29 03:39:32.385819: 
2025-11-29 03:39:32.388821: Epoch 60
2025-11-29 03:39:32.391173: Current learning rate: 0.00818
2025-11-29 03:40:12.847289: train_loss 0.6347
2025-11-29 03:40:12.850737: val_loss 0.8005
2025-11-29 03:40:12.853028: val classification accuracy 0.5652
2025-11-29 03:40:12.855415: val auc 0.6172
2025-11-29 03:40:12.857687: Epoch time: 40.46 s
2025-11-29 03:40:13.563636: 
2025-11-29 03:40:13.566521: Epoch 61
2025-11-29 03:40:13.568507: Current learning rate: 0.00815
2025-11-29 03:40:49.996915: train_loss 0.6708
2025-11-29 03:40:50.214009: val_loss 0.7269
2025-11-29 03:40:50.364925: val classification accuracy 0.413
2025-11-29 03:40:50.513435: val auc 0.4839
2025-11-29 03:40:50.550176: Epoch time: 36.43 s
2025-11-29 03:40:53.258742: 
2025-11-29 03:40:53.365614: Epoch 62
2025-11-29 03:40:53.500786: Current learning rate: 0.00812
2025-11-29 03:41:31.693095: train_loss 0.6931
2025-11-29 03:41:31.700602: val_loss 0.6817
2025-11-29 03:41:31.703157: val classification accuracy 0.6739
2025-11-29 03:41:31.705900: val auc 0.706
2025-11-29 03:41:31.708565: Epoch time: 38.44 s
2025-11-29 03:41:32.417062: 
2025-11-29 03:41:32.419959: Epoch 63
2025-11-29 03:41:32.422494: Current learning rate: 0.00809
2025-11-29 03:42:09.520669: train_loss 0.6788
2025-11-29 03:42:09.525628: val_loss 0.7237
2025-11-29 03:42:09.527952: val classification accuracy 0.4783
2025-11-29 03:42:09.530190: val auc 0.5113
2025-11-29 03:42:09.532419: Epoch time: 37.11 s
2025-11-29 03:42:10.283301: 
2025-11-29 03:42:10.286777: Epoch 64
2025-11-29 03:42:10.289130: Current learning rate: 0.00806
2025-11-29 03:42:47.635665: train_loss 0.6727
2025-11-29 03:42:47.639726: val_loss 0.6835
2025-11-29 03:42:47.642429: val classification accuracy 0.5652
2025-11-29 03:42:47.645034: val auc 0.5491
2025-11-29 03:42:47.652652: Epoch time: 37.35 s
2025-11-29 03:42:48.348340: 
2025-11-29 03:42:48.352005: Epoch 65
2025-11-29 03:42:48.354365: Current learning rate: 0.00803
2025-11-29 03:43:25.073838: train_loss 0.6699
2025-11-29 03:43:25.097340: val_loss 1.1734
2025-11-29 03:43:25.100254: val classification accuracy 0.2826
2025-11-29 03:43:25.103464: val auc 0.2609
2025-11-29 03:43:25.121816: Epoch time: 36.73 s
2025-11-29 03:43:25.827973: 
2025-11-29 03:43:25.831270: Epoch 66
2025-11-29 03:43:25.833732: Current learning rate: 0.008
2025-11-29 03:44:06.634071: train_loss 0.6744
2025-11-29 03:44:06.637845: val_loss 0.773
2025-11-29 03:44:06.640360: val classification accuracy 0.5
2025-11-29 03:44:06.643101: val auc 0.5236
2025-11-29 03:44:06.645577: Epoch time: 40.81 s
2025-11-29 03:44:07.356786: 
2025-11-29 03:44:07.359911: Epoch 67
2025-11-29 03:44:07.362356: Current learning rate: 0.00797
2025-11-29 03:44:45.157224: train_loss 0.6391
2025-11-29 03:44:45.161406: val_loss 0.7201
2025-11-29 03:44:45.163692: val classification accuracy 0.5435
2025-11-29 03:44:45.165953: val auc 0.6163
2025-11-29 03:44:45.168424: Epoch time: 37.8 s
2025-11-29 03:44:45.879565: 
2025-11-29 03:44:45.883090: Epoch 68
2025-11-29 03:44:45.885381: Current learning rate: 0.00793
2025-11-29 03:45:23.983628: train_loss 0.6636
2025-11-29 03:45:23.988200: val_loss 0.9131
2025-11-29 03:45:23.990571: val classification accuracy 0.4783
2025-11-29 03:45:23.992975: val auc 0.3998
2025-11-29 03:45:23.998929: Epoch time: 38.11 s
2025-11-29 03:45:24.723121: 
2025-11-29 03:45:24.726401: Epoch 69
2025-11-29 03:45:24.728807: Current learning rate: 0.0079
2025-11-29 03:46:03.340770: train_loss 0.6655
2025-11-29 03:46:03.353968: val_loss 0.8508
2025-11-29 03:46:03.356552: val classification accuracy 0.3478
2025-11-29 03:46:03.359099: val auc 0.3346
2025-11-29 03:46:03.361413: Epoch time: 38.62 s
2025-11-29 03:46:04.075931: 
2025-11-29 03:46:04.078736: Epoch 70
2025-11-29 03:46:04.080922: Current learning rate: 0.00787
2025-11-29 03:46:42.755865: train_loss 0.6465
2025-11-29 03:46:42.770603: val_loss 0.8434
2025-11-29 03:46:42.773813: val classification accuracy 0.5
2025-11-29 03:46:42.776726: val auc 0.4575
2025-11-29 03:46:42.779658: Epoch time: 38.68 s
2025-11-29 03:46:43.505803: 
2025-11-29 03:46:43.509056: Epoch 71
2025-11-29 03:46:43.511470: Current learning rate: 0.00784
2025-11-29 03:47:21.004863: train_loss 0.6682
2025-11-29 03:47:21.012645: val_loss 0.7396
2025-11-29 03:47:21.015227: val classification accuracy 0.5435
2025-11-29 03:47:21.017806: val auc 0.5142
2025-11-29 03:47:21.020302: Epoch time: 37.5 s
2025-11-29 03:47:21.735718: 
2025-11-29 03:47:21.738720: Epoch 72
2025-11-29 03:47:21.741299: Current learning rate: 0.00781
2025-11-29 03:48:00.267206: train_loss 0.6504
2025-11-29 03:48:00.271290: val_loss 0.6997
2025-11-29 03:48:00.274043: val classification accuracy 0.5217
2025-11-29 03:48:00.276760: val auc 0.5709
2025-11-29 03:48:00.279286: Epoch time: 38.53 s
2025-11-29 03:48:00.985657: 
2025-11-29 03:48:00.988952: Epoch 73
2025-11-29 03:48:00.991431: Current learning rate: 0.00778
2025-11-29 03:48:39.710479: train_loss 0.6184
2025-11-29 03:48:39.726611: val_loss 0.72
2025-11-29 03:48:39.729524: val classification accuracy 0.5652
2025-11-29 03:48:39.732434: val auc 0.6389
2025-11-29 03:48:39.735265: Epoch time: 38.73 s
2025-11-29 03:48:40.497797: 
2025-11-29 03:48:40.500934: Epoch 74
2025-11-29 03:48:40.503465: Current learning rate: 0.00775
2025-11-29 03:49:19.030863: train_loss 0.6745
2025-11-29 03:49:19.039607: val_loss 0.9158
2025-11-29 03:49:19.042537: val classification accuracy 0.3043
2025-11-29 03:49:19.045304: val auc 0.2212
2025-11-29 03:49:19.047981: Epoch time: 38.53 s
2025-11-29 03:49:19.764679: 
2025-11-29 03:49:19.767855: Epoch 75
2025-11-29 03:49:19.770411: Current learning rate: 0.00772
2025-11-29 03:49:57.923137: train_loss 0.6516
2025-11-29 03:49:57.928319: val_loss 0.9778
2025-11-29 03:49:57.930821: val classification accuracy 0.3478
2025-11-29 03:49:57.933490: val auc 0.3006
2025-11-29 03:49:57.936049: Epoch time: 38.16 s
2025-11-29 03:49:58.700946: 
2025-11-29 03:49:58.704206: Epoch 76
2025-11-29 03:49:58.706343: Current learning rate: 0.00769
2025-11-29 03:50:40.530953: train_loss 0.6641
2025-11-29 03:50:40.555028: val_loss 0.7308
2025-11-29 03:50:40.557423: val classification accuracy 0.5652
2025-11-29 03:50:40.560805: val auc 0.5331
2025-11-29 03:50:40.563179: Epoch time: 41.83 s
2025-11-29 03:50:41.269655: 
2025-11-29 03:50:41.273226: Epoch 77
2025-11-29 03:50:41.275687: Current learning rate: 0.00766
2025-11-29 03:51:19.898249: train_loss 0.64
2025-11-29 03:51:19.902190: val_loss 0.8898
2025-11-29 03:51:19.904548: val classification accuracy 0.5217
2025-11-29 03:51:19.907056: val auc 0.4839
2025-11-29 03:51:19.909461: Epoch time: 38.63 s
2025-11-29 03:51:20.635231: 
2025-11-29 03:51:20.638602: Epoch 78
2025-11-29 03:51:20.641056: Current learning rate: 0.00763
2025-11-29 03:51:58.672967: train_loss 0.6709
2025-11-29 03:51:58.679864: val_loss 0.7492
2025-11-29 03:51:58.683054: val classification accuracy 0.4348
2025-11-29 03:51:58.686006: val auc 0.4376
2025-11-29 03:51:58.688615: Epoch time: 38.04 s
2025-11-29 03:51:59.404255: 
2025-11-29 03:51:59.407846: Epoch 79
2025-11-29 03:51:59.410382: Current learning rate: 0.0076
2025-11-29 03:52:36.183490: train_loss 0.6524
2025-11-29 03:52:36.214807: val_loss 0.7415
2025-11-29 03:52:36.217855: val classification accuracy 0.5
2025-11-29 03:52:36.220439: val auc 0.5274
2025-11-29 03:52:36.222923: Epoch time: 36.78 s
2025-11-29 03:52:36.932843: 
2025-11-29 03:52:36.935861: Epoch 80
2025-11-29 03:52:36.938235: Current learning rate: 0.00756
2025-11-29 03:53:15.845600: train_loss 0.6748
2025-11-29 03:53:15.857701: val_loss 0.7114
2025-11-29 03:53:15.860527: val classification accuracy 0.4783
2025-11-29 03:53:15.863283: val auc 0.5198
2025-11-29 03:53:15.869906: Epoch time: 38.91 s
2025-11-29 03:53:16.604787: 
2025-11-29 03:53:16.608325: Epoch 81
2025-11-29 03:53:16.610809: Current learning rate: 0.00753
2025-11-29 03:53:54.190836: train_loss 0.665
2025-11-29 03:53:54.226491: val_loss 0.7937
2025-11-29 03:53:54.240940: val classification accuracy 0.5435
2025-11-29 03:53:54.243591: val auc 0.4329
2025-11-29 03:53:54.246198: Epoch time: 37.59 s
2025-11-29 03:53:54.991772: 
2025-11-29 03:53:54.994869: Epoch 82
2025-11-29 03:53:54.997112: Current learning rate: 0.0075
2025-11-29 03:54:31.443179: train_loss 0.653
2025-11-29 03:54:31.446865: val_loss 0.6957
2025-11-29 03:54:31.449935: val classification accuracy 0.5652
2025-11-29 03:54:31.484763: val auc 0.6144
2025-11-29 03:54:31.488661: Epoch time: 36.45 s
2025-11-29 03:54:32.208295: 
2025-11-29 03:54:32.211271: Epoch 83
2025-11-29 03:54:32.213437: Current learning rate: 0.00747
2025-11-29 03:55:11.583728: train_loss 0.6542
2025-11-29 03:55:11.588540: val_loss 0.7862
2025-11-29 03:55:11.591427: val classification accuracy 0.5
2025-11-29 03:55:11.594295: val auc 0.4877
2025-11-29 03:55:11.597022: Epoch time: 39.38 s
2025-11-29 03:55:12.300896: 
2025-11-29 03:55:12.304125: Epoch 84
2025-11-29 03:55:12.306464: Current learning rate: 0.00744
2025-11-29 03:55:52.305629: train_loss 0.6361
2025-11-29 03:55:52.328727: val_loss 0.7861
2025-11-29 03:55:52.337303: val classification accuracy 0.6522
2025-11-29 03:55:52.341230: val auc 0.5378
2025-11-29 03:55:52.344599: Epoch time: 40.01 s
2025-11-29 03:55:53.076527: 
2025-11-29 03:55:53.079865: Epoch 85
2025-11-29 03:55:53.082087: Current learning rate: 0.00741
2025-11-29 03:56:30.908706: train_loss 0.6656
2025-11-29 03:56:30.915569: val_loss 0.759
2025-11-29 03:56:30.918289: val classification accuracy 0.413
2025-11-29 03:56:30.920928: val auc 0.3819
2025-11-29 03:56:30.923680: Epoch time: 37.83 s
2025-11-29 03:56:32.155437: 
2025-11-29 03:56:32.158676: Epoch 86
2025-11-29 03:56:32.160941: Current learning rate: 0.00738
2025-11-29 03:57:06.809974: train_loss 0.6272
2025-11-29 03:57:06.813483: val_loss 1.0503
2025-11-29 03:57:06.816773: val classification accuracy 0.3913
2025-11-29 03:57:06.819607: val auc 0.31
2025-11-29 03:57:06.837944: Epoch time: 34.66 s
2025-11-29 03:57:07.590726: 
2025-11-29 03:57:07.593946: Epoch 87
2025-11-29 03:57:07.596169: Current learning rate: 0.00735
2025-11-29 03:57:43.492568: train_loss 0.6828
2025-11-29 03:57:43.505059: val_loss 0.8209
2025-11-29 03:57:43.508183: val classification accuracy 0.3696
2025-11-29 03:57:43.512452: val auc 0.2892
2025-11-29 03:57:43.525092: Epoch time: 35.9 s
2025-11-29 03:57:44.279930: 
2025-11-29 03:57:44.283196: Epoch 88
2025-11-29 03:57:44.285538: Current learning rate: 0.00732
2025-11-29 03:58:20.850961: train_loss 0.6335
2025-11-29 03:58:20.856390: val_loss 0.7856
2025-11-29 03:58:20.859531: val classification accuracy 0.4565
2025-11-29 03:58:20.862970: val auc 0.5425
2025-11-29 03:58:20.866209: Epoch time: 36.57 s
2025-11-29 03:58:21.591228: 
2025-11-29 03:58:21.595396: Epoch 89
2025-11-29 03:58:21.597854: Current learning rate: 0.00729
2025-11-29 03:59:00.969661: train_loss 0.6548
2025-11-29 03:59:01.012551: val_loss 0.8902
2025-11-29 03:59:01.015561: val classification accuracy 0.3913
2025-11-29 03:59:01.019717: val auc 0.3346
2025-11-29 03:59:01.027994: Epoch time: 39.38 s
2025-11-29 03:59:01.749250: 
2025-11-29 03:59:01.752510: Epoch 90
2025-11-29 03:59:01.754943: Current learning rate: 0.00725
2025-11-29 03:59:38.441817: train_loss 0.6515
2025-11-29 03:59:38.445598: val_loss 0.8959
2025-11-29 03:59:38.448231: val classification accuracy 0.3261
2025-11-29 03:59:38.450963: val auc 0.31
2025-11-29 03:59:38.454187: Epoch time: 36.69 s
2025-11-29 03:59:39.670520: 
2025-11-29 03:59:39.674055: Epoch 91
2025-11-29 03:59:39.676370: Current learning rate: 0.00722
2025-11-29 04:00:16.131509: train_loss 0.6549
2025-11-29 04:00:16.136173: val_loss 0.6402
2025-11-29 04:00:16.139633: val classification accuracy 0.6087
2025-11-29 04:00:16.142421: val auc 0.6578
2025-11-29 04:00:16.145427: Epoch time: 36.46 s
2025-11-29 04:00:16.868126: 
2025-11-29 04:00:16.871811: Epoch 92
2025-11-29 04:00:16.874216: Current learning rate: 0.00719
2025-11-29 04:00:54.876357: train_loss 0.6223
2025-11-29 04:00:54.880590: val_loss 0.8297
2025-11-29 04:00:54.883426: val classification accuracy 0.5217
2025-11-29 04:00:54.886086: val auc 0.552
2025-11-29 04:00:54.904045: Epoch time: 38.01 s
2025-11-29 04:00:55.632084: 
2025-11-29 04:00:55.635325: Epoch 93
2025-11-29 04:00:55.637596: Current learning rate: 0.00716
2025-11-29 04:01:36.742915: train_loss 0.6793
2025-11-29 04:01:36.747819: val_loss 0.7432
2025-11-29 04:01:36.750742: val classification accuracy 0.413
2025-11-29 04:01:36.753545: val auc 0.3875
2025-11-29 04:01:36.756352: Epoch time: 41.11 s
2025-11-29 04:01:37.459245: 
2025-11-29 04:01:37.462669: Epoch 94
2025-11-29 04:01:37.465313: Current learning rate: 0.00713
2025-11-29 04:02:17.800907: train_loss 0.6426
2025-11-29 04:02:17.806459: val_loss 0.8057
2025-11-29 04:02:17.820016: val classification accuracy 0.5435
2025-11-29 04:02:17.836202: val auc 0.5123
2025-11-29 04:02:17.839099: Epoch time: 40.34 s
2025-11-29 04:02:18.556152: 
2025-11-29 04:02:18.559156: Epoch 95
2025-11-29 04:02:18.561776: Current learning rate: 0.0071
2025-11-29 04:02:55.122918: train_loss 0.6495
2025-11-29 04:02:55.127778: val_loss 0.7049
2025-11-29 04:02:55.135328: val classification accuracy 0.6304
2025-11-29 04:02:55.138159: val auc 0.6484
2025-11-29 04:02:55.140933: Epoch time: 36.57 s
2025-11-29 04:02:56.345330: 
2025-11-29 04:02:56.348502: Epoch 96
2025-11-29 04:02:56.350953: Current learning rate: 0.00707
2025-11-29 04:03:34.810984: train_loss 0.673
2025-11-29 04:03:34.835108: val_loss 0.675
2025-11-29 04:03:34.853409: val classification accuracy 0.6087
2025-11-29 04:03:34.863319: val auc 0.6843
2025-11-29 04:03:34.877137: Epoch time: 38.47 s
2025-11-29 04:03:35.598725: 
2025-11-29 04:03:35.601988: Epoch 97
2025-11-29 04:03:35.604284: Current learning rate: 0.00704
2025-11-29 04:04:11.627130: train_loss 0.6625
2025-11-29 04:04:11.632038: val_loss 0.7914
2025-11-29 04:04:11.681910: val classification accuracy 0.5435
2025-11-29 04:04:11.688498: val auc 0.4083
2025-11-29 04:04:11.691396: Epoch time: 36.03 s
2025-11-29 04:04:12.409873: 
2025-11-29 04:04:12.413220: Epoch 98
2025-11-29 04:04:12.415457: Current learning rate: 0.007
2025-11-29 04:04:51.419807: train_loss 0.5902
2025-11-29 04:04:51.431153: val_loss 0.9696
2025-11-29 04:04:51.433961: val classification accuracy 0.5217
2025-11-29 04:04:51.436558: val auc 0.465
2025-11-29 04:04:51.438943: Epoch time: 39.01 s
2025-11-29 04:04:52.149045: 
2025-11-29 04:04:52.152042: Epoch 99
2025-11-29 04:04:52.154292: Current learning rate: 0.00697
2025-11-29 04:05:31.643652: train_loss 0.665
2025-11-29 04:05:31.651199: val_loss 0.8364
2025-11-29 04:05:31.654036: val classification accuracy 0.5
2025-11-29 04:05:31.656647: val auc 0.4291
2025-11-29 04:05:31.659231: Epoch time: 39.5 s
2025-11-29 04:05:32.378175: 
2025-11-29 04:05:32.383551: Epoch 100
2025-11-29 04:05:32.386112: Current learning rate: 0.00694
2025-11-29 04:06:12.258626: train_loss 0.6626
2025-11-29 04:06:12.262466: val_loss 0.648
2025-11-29 04:06:12.265528: val classification accuracy 0.587
2025-11-29 04:06:12.268261: val auc 0.6758
2025-11-29 04:06:12.271476: Epoch time: 39.88 s
2025-11-29 04:06:13.513855: 
2025-11-29 04:06:13.517200: Epoch 101
2025-11-29 04:06:13.519473: Current learning rate: 0.00691
2025-11-29 04:06:51.059147: train_loss 0.6186
2025-11-29 04:06:51.066326: val_loss 0.8817
2025-11-29 04:06:51.069457: val classification accuracy 0.587
2025-11-29 04:06:51.072281: val auc 0.586
2025-11-29 04:06:51.075010: Epoch time: 37.55 s
2025-11-29 04:06:51.823283: 
2025-11-29 04:06:51.826431: Epoch 102
2025-11-29 04:06:51.828672: Current learning rate: 0.00688
2025-11-29 04:07:28.598803: train_loss 0.6597
2025-11-29 04:07:28.605532: val_loss 0.7666
2025-11-29 04:07:28.608017: val classification accuracy 0.3696
2025-11-29 04:07:28.610513: val auc 0.3658
2025-11-29 04:07:28.612827: Epoch time: 36.78 s
2025-11-29 04:07:29.394407: 
2025-11-29 04:07:29.397739: Epoch 103
2025-11-29 04:07:29.400134: Current learning rate: 0.00685
2025-11-29 04:08:08.349717: train_loss 0.6521
2025-11-29 04:08:08.367394: val_loss 0.8714
2025-11-29 04:08:08.370384: val classification accuracy 0.4348
2025-11-29 04:08:08.389104: val auc 0.4953
2025-11-29 04:08:08.392139: Epoch time: 38.96 s
2025-11-29 04:08:09.110379: 
2025-11-29 04:08:09.113660: Epoch 104
2025-11-29 04:08:09.116461: Current learning rate: 0.00682
2025-11-29 04:08:43.817253: train_loss 0.6487
2025-11-29 04:08:43.820953: val_loss 0.7238
2025-11-29 04:08:43.823547: val classification accuracy 0.4783
2025-11-29 04:08:43.826409: val auc 0.535
2025-11-29 04:08:43.829040: Epoch time: 34.71 s
2025-11-29 04:08:44.623925: 
2025-11-29 04:08:44.626863: Epoch 105
2025-11-29 04:08:44.629059: Current learning rate: 0.00679
2025-11-29 04:09:22.525658: train_loss 0.6726
2025-11-29 04:09:22.529794: val_loss 0.7486
2025-11-29 04:09:22.532231: val classification accuracy 0.4783
2025-11-29 04:09:22.534458: val auc 0.5151
2025-11-29 04:09:22.536711: Epoch time: 37.9 s
2025-11-29 04:09:23.774852: 
2025-11-29 04:09:23.777860: Epoch 106
2025-11-29 04:09:23.779968: Current learning rate: 0.00675
2025-11-29 04:10:00.663608: train_loss 0.6792
2025-11-29 04:10:00.675779: val_loss 0.7007
2025-11-29 04:10:00.678381: val classification accuracy 0.6304
2025-11-29 04:10:00.681503: val auc 0.5898
2025-11-29 04:10:00.684013: Epoch time: 36.89 s
2025-11-29 04:10:01.460936: 
2025-11-29 04:10:01.464407: Epoch 107
2025-11-29 04:10:01.467233: Current learning rate: 0.00672
2025-11-29 04:10:41.047166: train_loss 0.6574
2025-11-29 04:10:41.051777: val_loss 0.8417
2025-11-29 04:10:41.055333: val classification accuracy 0.3913
2025-11-29 04:10:41.078256: val auc 0.4442
2025-11-29 04:10:41.097442: Epoch time: 39.59 s
2025-11-29 04:10:41.809365: 
2025-11-29 04:10:41.812354: Epoch 108
2025-11-29 04:10:41.814542: Current learning rate: 0.00669
2025-11-29 04:11:17.287029: train_loss 0.6456
2025-11-29 04:11:17.301039: val_loss 1.0421
2025-11-29 04:11:17.304142: val classification accuracy 0.3913
2025-11-29 04:11:17.306863: val auc 0.3025
2025-11-29 04:11:17.309595: Epoch time: 35.48 s
2025-11-29 04:11:18.045113: 
2025-11-29 04:11:18.048299: Epoch 109
2025-11-29 04:11:18.050553: Current learning rate: 0.00666
2025-11-29 04:11:54.666472: train_loss 0.6444
2025-11-29 04:11:54.681431: val_loss 0.8228
2025-11-29 04:11:54.684350: val classification accuracy 0.4783
2025-11-29 04:11:54.687073: val auc 0.4858
2025-11-29 04:11:54.689781: Epoch time: 36.62 s
2025-11-29 04:11:55.412426: 
2025-11-29 04:11:55.415748: Epoch 110
2025-11-29 04:11:55.418154: Current learning rate: 0.00663
2025-11-29 04:12:36.561453: train_loss 0.6379
2025-11-29 04:12:36.565843: val_loss 0.9109
2025-11-29 04:12:36.568771: val classification accuracy 0.4348
2025-11-29 04:12:36.571528: val auc 0.3327
2025-11-29 04:12:36.574453: Epoch time: 41.15 s
2025-11-29 04:12:37.788612: 
2025-11-29 04:12:37.791835: Epoch 111
2025-11-29 04:12:37.794382: Current learning rate: 0.0066
2025-11-29 04:13:18.076410: train_loss 0.6335
2025-11-29 04:13:18.082709: val_loss 0.7825
2025-11-29 04:13:18.085766: val classification accuracy 0.5435
2025-11-29 04:13:18.088733: val auc 0.5151
2025-11-29 04:13:18.091694: Epoch time: 40.29 s
2025-11-29 04:13:18.800648: 
2025-11-29 04:13:18.803599: Epoch 112
2025-11-29 04:13:18.806012: Current learning rate: 0.00657
2025-11-29 04:13:56.919592: train_loss 0.651
2025-11-29 04:13:56.932464: val_loss 0.7417
2025-11-29 04:13:56.935151: val classification accuracy 0.4783
2025-11-29 04:13:56.937626: val auc 0.5019
2025-11-29 04:13:56.940086: Epoch time: 38.12 s
2025-11-29 04:13:57.662884: 
2025-11-29 04:13:57.665979: Epoch 113
2025-11-29 04:13:57.668424: Current learning rate: 0.00654
2025-11-29 04:14:37.266889: train_loss 0.6719
2025-11-29 04:14:37.271506: val_loss 0.7584
2025-11-29 04:14:37.273948: val classification accuracy 0.3913
2025-11-29 04:14:37.276331: val auc 0.4064
2025-11-29 04:14:37.278936: Epoch time: 39.61 s
2025-11-29 04:14:37.987340: 
2025-11-29 04:14:37.992820: Epoch 114
2025-11-29 04:14:37.997602: Current learning rate: 0.0065
2025-11-29 04:15:13.291002: train_loss 0.6764
2025-11-29 04:15:13.341590: val_loss 0.7198
2025-11-29 04:15:13.354869: val classification accuracy 0.5217
2025-11-29 04:15:13.357956: val auc 0.5605
2025-11-29 04:15:13.361591: Epoch time: 35.31 s
2025-11-29 04:15:14.086219: 
2025-11-29 04:15:14.089122: Epoch 115
2025-11-29 04:15:14.091305: Current learning rate: 0.00647
2025-11-29 04:15:54.223639: train_loss 0.6424
2025-11-29 04:15:54.227913: val_loss 0.7486
2025-11-29 04:15:54.230480: val classification accuracy 0.5652
2025-11-29 04:15:54.233514: val auc 0.5463
2025-11-29 04:15:54.236541: Epoch time: 40.14 s
2025-11-29 04:15:54.999687: 
2025-11-29 04:15:55.002651: Epoch 116
2025-11-29 04:15:55.004983: Current learning rate: 0.00644
2025-11-29 04:16:31.725472: train_loss 0.6847
2025-11-29 04:16:31.767091: val_loss 0.8099
2025-11-29 04:16:31.770428: val classification accuracy 0.587
2025-11-29 04:16:31.782660: val auc 0.535
2025-11-29 04:16:31.785873: Epoch time: 36.73 s
2025-11-29 04:16:32.509591: 
2025-11-29 04:16:32.512680: Epoch 117
2025-11-29 04:16:32.515043: Current learning rate: 0.00641
2025-11-29 04:17:09.531927: train_loss 0.6308
2025-11-29 04:17:09.548213: val_loss 0.5837
2025-11-29 04:17:09.551371: val classification accuracy 0.6522
2025-11-29 04:17:09.554456: val auc 0.7486
2025-11-29 04:17:09.557258: Epoch time: 37.02 s
2025-11-29 04:17:10.313061: 
2025-11-29 04:17:10.316468: Epoch 118
2025-11-29 04:17:10.318963: Current learning rate: 0.00638
2025-11-29 04:17:47.327046: train_loss 0.6583
2025-11-29 04:17:47.330681: val_loss 0.7507
2025-11-29 04:17:47.333309: val classification accuracy 0.4348
2025-11-29 04:17:47.335753: val auc 0.5369
2025-11-29 04:17:47.338443: Epoch time: 37.02 s
2025-11-29 04:17:48.071345: 
2025-11-29 04:17:48.074453: Epoch 119
2025-11-29 04:17:48.077030: Current learning rate: 0.00635
2025-11-29 04:18:26.836032: train_loss 0.6576
2025-11-29 04:18:26.847817: val_loss 0.9812
2025-11-29 04:18:26.850505: val classification accuracy 0.5
2025-11-29 04:18:26.853125: val auc 0.5227
2025-11-29 04:18:26.856588: Epoch time: 38.77 s
2025-11-29 04:18:27.590596: 
2025-11-29 04:18:27.607049: Epoch 120
2025-11-29 04:18:27.609398: Current learning rate: 0.00631
2025-11-29 04:19:06.636182: train_loss 0.6258
2025-11-29 04:19:06.640687: val_loss 0.9383
2025-11-29 04:19:06.643904: val classification accuracy 0.3913
2025-11-29 04:19:06.647054: val auc 0.3951
2025-11-29 04:19:06.684146: Epoch time: 39.05 s
2025-11-29 04:19:07.398513: 
2025-11-29 04:19:07.402123: Epoch 121
2025-11-29 04:19:07.404495: Current learning rate: 0.00628
2025-11-29 04:19:45.100177: train_loss 0.6667
2025-11-29 04:19:45.104730: val_loss 1.2496
2025-11-29 04:19:45.107417: val classification accuracy 0.5652
2025-11-29 04:19:45.110029: val auc 0.7656
2025-11-29 04:19:45.112866: Epoch time: 37.7 s
2025-11-29 04:19:45.826976: 
2025-11-29 04:19:45.830392: Epoch 122
2025-11-29 04:19:45.833174: Current learning rate: 0.00625
2025-11-29 04:20:25.321647: train_loss 0.6421
2025-11-29 04:20:25.336275: val_loss 0.5997
2025-11-29 04:20:25.339114: val classification accuracy 0.6739
2025-11-29 04:20:25.341515: val auc 0.7278
2025-11-29 04:20:25.344088: Epoch time: 39.5 s
2025-11-29 04:20:26.067252: 
2025-11-29 04:20:26.070333: Epoch 123
2025-11-29 04:20:26.072778: Current learning rate: 0.00622
2025-11-29 04:21:03.140187: train_loss 0.6358
2025-11-29 04:21:03.197212: val_loss 0.8339
2025-11-29 04:21:03.200462: val classification accuracy 0.5217
2025-11-29 04:21:03.203308: val auc 0.5208
2025-11-29 04:21:03.205902: Epoch time: 37.07 s
2025-11-29 04:21:03.897738: 
2025-11-29 04:21:03.901264: Epoch 124
2025-11-29 04:21:03.903914: Current learning rate: 0.00619
2025-11-29 04:21:42.966664: train_loss 0.6281
2025-11-29 04:21:42.970322: val_loss 0.7959
2025-11-29 04:21:42.972680: val classification accuracy 0.5435
2025-11-29 04:21:42.975449: val auc 0.5161
2025-11-29 04:21:42.978312: Epoch time: 39.07 s
2025-11-29 04:21:43.731910: 
2025-11-29 04:21:43.734974: Epoch 125
2025-11-29 04:21:43.737505: Current learning rate: 0.00616
2025-11-29 04:22:23.071454: train_loss 0.6628
2025-11-29 04:22:23.076017: val_loss 0.8222
2025-11-29 04:22:23.079214: val classification accuracy 0.3478
2025-11-29 04:22:23.081969: val auc 0.3724
2025-11-29 04:22:23.084713: Epoch time: 39.34 s
2025-11-29 04:22:23.812404: 
2025-11-29 04:22:23.834155: Epoch 126
2025-11-29 04:22:23.836890: Current learning rate: 0.00612
2025-11-29 04:23:00.030107: train_loss 0.6241
2025-11-29 04:23:00.034087: val_loss 0.9699
2025-11-29 04:23:00.044629: val classification accuracy 0.3696
2025-11-29 04:23:00.050351: val auc 0.4074
2025-11-29 04:23:00.053203: Epoch time: 36.22 s
2025-11-29 04:23:00.772731: 
2025-11-29 04:23:00.776132: Epoch 127
2025-11-29 04:23:00.778735: Current learning rate: 0.00609
2025-11-29 04:23:37.384613: train_loss 0.5918
2025-11-29 04:23:37.402856: val_loss 0.9879
2025-11-29 04:23:37.406066: val classification accuracy 0.5
2025-11-29 04:23:37.428601: val auc 0.4991
2025-11-29 04:23:37.431742: Epoch time: 36.61 s
2025-11-29 04:23:38.159066: 
2025-11-29 04:23:38.162310: Epoch 128
2025-11-29 04:23:38.164660: Current learning rate: 0.00606
2025-11-29 04:24:17.854302: train_loss 0.6713
2025-11-29 04:24:17.858870: val_loss 0.6361
2025-11-29 04:24:17.861706: val classification accuracy 0.587
2025-11-29 04:24:17.864336: val auc 0.7231
2025-11-29 04:24:17.866769: Epoch time: 39.7 s
2025-11-29 04:24:18.596580: 
2025-11-29 04:24:18.599842: Epoch 129
2025-11-29 04:24:18.602568: Current learning rate: 0.00603
2025-11-29 04:24:56.361739: train_loss 0.6464
2025-11-29 04:24:56.366352: val_loss 0.8915
2025-11-29 04:24:56.368705: val classification accuracy 0.3696
2025-11-29 04:24:56.394758: val auc 0.4594
2025-11-29 04:24:56.397663: Epoch time: 37.77 s
2025-11-29 04:24:57.105727: 
2025-11-29 04:24:57.109159: Epoch 130
2025-11-29 04:24:57.111724: Current learning rate: 0.006
2025-11-29 04:25:35.371506: train_loss 0.6049
2025-11-29 04:25:35.375952: val_loss 1.0647
2025-11-29 04:25:35.379953: val classification accuracy 0.3043
2025-11-29 04:25:35.382863: val auc 0.2325
2025-11-29 04:25:35.385666: Epoch time: 38.27 s
2025-11-29 04:25:36.100357: 
2025-11-29 04:25:36.103611: Epoch 131
2025-11-29 04:25:36.105982: Current learning rate: 0.00597
2025-11-29 04:26:14.699738: train_loss 0.6593
2025-11-29 04:26:14.717385: val_loss 0.8364
2025-11-29 04:26:14.720445: val classification accuracy 0.3696
2025-11-29 04:26:14.723052: val auc 0.3781
2025-11-29 04:26:14.725860: Epoch time: 38.6 s
2025-11-29 04:26:15.423793: 
2025-11-29 04:26:15.429472: Epoch 132
2025-11-29 04:26:15.431786: Current learning rate: 0.00593
2025-11-29 04:26:55.770336: train_loss 0.6203
2025-11-29 04:26:55.774237: val_loss 0.9361
2025-11-29 04:26:55.776830: val classification accuracy 0.4565
2025-11-29 04:26:55.779611: val auc 0.4102
2025-11-29 04:26:55.782092: Epoch time: 40.35 s
2025-11-29 04:26:56.518728: 
2025-11-29 04:26:56.522104: Epoch 133
2025-11-29 04:26:56.524624: Current learning rate: 0.0059
2025-11-29 04:27:37.317858: train_loss 0.6473
2025-11-29 04:27:37.329405: val_loss 0.8174
2025-11-29 04:27:37.332349: val classification accuracy 0.3913
2025-11-29 04:27:37.335159: val auc 0.4008
2025-11-29 04:27:37.338012: Epoch time: 40.8 s
2025-11-29 04:27:38.053350: 
2025-11-29 04:27:38.056715: Epoch 134
2025-11-29 04:27:38.059127: Current learning rate: 0.00587
2025-11-29 04:28:18.115917: train_loss 0.63
2025-11-29 04:28:18.123999: val_loss 1.0612
2025-11-29 04:28:18.126729: val classification accuracy 0.3478
2025-11-29 04:28:18.129169: val auc 0.2495
2025-11-29 04:28:18.132548: Epoch time: 40.06 s
2025-11-29 04:28:18.865189: 
2025-11-29 04:28:18.868735: Epoch 135
2025-11-29 04:28:18.871170: Current learning rate: 0.00584
2025-11-29 04:28:55.875892: train_loss 0.6128
2025-11-29 04:28:55.883505: val_loss 1.0236
2025-11-29 04:28:55.886475: val classification accuracy 0.3478
2025-11-29 04:28:55.889524: val auc 0.2647
2025-11-29 04:28:55.892366: Epoch time: 37.01 s
2025-11-29 04:28:56.612231: 
2025-11-29 04:28:56.615705: Epoch 136
2025-11-29 04:28:56.618167: Current learning rate: 0.00581
2025-11-29 04:29:34.224232: train_loss 0.6256
2025-11-29 04:29:34.251329: val_loss 0.7713
2025-11-29 04:29:34.256657: val classification accuracy 0.4783
2025-11-29 04:29:34.260291: val auc 0.5728
2025-11-29 04:29:34.265568: Epoch time: 37.61 s
2025-11-29 04:29:35.035786: 
2025-11-29 04:29:35.039223: Epoch 137
2025-11-29 04:29:35.041574: Current learning rate: 0.00578
2025-11-29 04:30:13.351157: train_loss 0.6165
2025-11-29 04:30:13.363970: val_loss 6.1755
2025-11-29 04:30:13.367199: val classification accuracy 0.5652
2025-11-29 04:30:13.369727: val auc 0.4707
2025-11-29 04:30:13.372150: Epoch time: 38.32 s
2025-11-29 04:30:14.102995: 
2025-11-29 04:30:14.106649: Epoch 138
2025-11-29 04:30:14.109196: Current learning rate: 0.00574
2025-11-29 04:30:50.305363: train_loss 0.5997
2025-11-29 04:30:50.318554: val_loss 0.912
2025-11-29 04:30:50.324069: val classification accuracy 0.4783
2025-11-29 04:30:50.335454: val auc 0.5482
2025-11-29 04:30:50.349375: Epoch time: 36.2 s
2025-11-29 04:30:51.076014: 
2025-11-29 04:30:51.079210: Epoch 139
2025-11-29 04:30:51.081656: Current learning rate: 0.00571
2025-11-29 04:31:26.696175: train_loss 0.6503
2025-11-29 04:31:26.709904: val_loss 0.8439
2025-11-29 04:31:26.713227: val classification accuracy 0.3043
2025-11-29 04:31:26.731558: val auc 0.414
2025-11-29 04:31:26.751202: Epoch time: 35.62 s
2025-11-29 04:31:27.456166: 
2025-11-29 04:31:27.459493: Epoch 140
2025-11-29 04:31:27.461810: Current learning rate: 0.00568
2025-11-29 04:32:04.536615: train_loss 0.607
2025-11-29 04:32:04.540230: val_loss 0.8619
2025-11-29 04:32:04.542964: val classification accuracy 0.4783
2025-11-29 04:32:04.545710: val auc 0.5406
2025-11-29 04:32:04.574015: Epoch time: 37.08 s
2025-11-29 04:32:05.300282: 
2025-11-29 04:32:05.303613: Epoch 141
2025-11-29 04:32:05.306079: Current learning rate: 0.00565
2025-11-29 04:32:45.223240: train_loss 0.6445
2025-11-29 04:32:45.234840: val_loss 0.8797
2025-11-29 04:32:45.237627: val classification accuracy 0.4348
2025-11-29 04:32:45.240786: val auc 0.4168
2025-11-29 04:32:45.243629: Epoch time: 39.92 s
2025-11-29 04:32:45.987247: 
2025-11-29 04:32:45.990498: Epoch 142
2025-11-29 04:32:45.993116: Current learning rate: 0.00562
2025-11-29 04:33:26.079343: train_loss 0.6108
2025-11-29 04:33:26.083704: val_loss 0.8814
2025-11-29 04:33:26.086829: val classification accuracy 0.413
2025-11-29 04:33:26.090364: val auc 0.4594
2025-11-29 04:33:26.092869: Epoch time: 40.09 s
2025-11-29 04:33:26.846735: 
2025-11-29 04:33:26.849724: Epoch 143
2025-11-29 04:33:26.852146: Current learning rate: 0.00558
2025-11-29 04:34:07.199100: train_loss 0.6443
2025-11-29 04:34:07.214556: val_loss 0.897
2025-11-29 04:34:07.217712: val classification accuracy 0.3913
2025-11-29 04:34:07.220693: val auc 0.3233
2025-11-29 04:34:07.224028: Epoch time: 40.35 s
2025-11-29 04:34:07.933309: 
2025-11-29 04:34:07.937114: Epoch 144
2025-11-29 04:34:07.939600: Current learning rate: 0.00555
2025-11-29 04:34:46.009342: train_loss 0.6
2025-11-29 04:34:46.015557: val_loss 1.4257
2025-11-29 04:34:46.018251: val classification accuracy 0.3478
2025-11-29 04:34:46.020843: val auc 0.2741
2025-11-29 04:34:46.023296: Epoch time: 38.08 s
2025-11-29 04:34:46.740021: 
2025-11-29 04:34:46.743597: Epoch 145
2025-11-29 04:34:46.747145: Current learning rate: 0.00552
2025-11-29 04:35:25.278750: train_loss 0.5764
2025-11-29 04:35:25.284807: val_loss 0.9552
2025-11-29 04:35:25.287194: val classification accuracy 0.5217
2025-11-29 04:35:25.289587: val auc 0.5217
2025-11-29 04:35:25.291841: Epoch time: 38.54 s
2025-11-29 04:35:26.006831: 
2025-11-29 04:35:26.009855: Epoch 146
2025-11-29 04:35:26.012167: Current learning rate: 0.00549
2025-11-29 04:36:04.419889: train_loss 0.6602
2025-11-29 04:36:04.425822: val_loss 0.9776
2025-11-29 04:36:04.428452: val classification accuracy 0.3261
2025-11-29 04:36:04.431039: val auc 0.3138
2025-11-29 04:36:04.434109: Epoch time: 38.41 s
2025-11-29 04:36:05.153314: 
2025-11-29 04:36:05.157978: Epoch 147
2025-11-29 04:36:05.160320: Current learning rate: 0.00546
2025-11-29 04:36:46.060497: train_loss 0.6319
2025-11-29 04:36:46.069084: val_loss 0.9966
2025-11-29 04:36:46.081897: val classification accuracy 0.3261
2025-11-29 04:36:46.108412: val auc 0.2892
2025-11-29 04:36:46.111375: Epoch time: 40.91 s
2025-11-29 04:36:46.835135: 
2025-11-29 04:36:46.838630: Epoch 148
2025-11-29 04:36:46.841151: Current learning rate: 0.00542
2025-11-29 04:37:24.927778: train_loss 0.6452
2025-11-29 04:37:24.951624: val_loss 0.8746
2025-11-29 04:37:25.024542: val classification accuracy 0.4783
2025-11-29 04:37:25.050114: val auc 0.4216
2025-11-29 04:37:25.056925: Epoch time: 38.09 s
2025-11-29 04:37:25.768716: 
2025-11-29 04:37:25.771839: Epoch 149
2025-11-29 04:37:25.774133: Current learning rate: 0.00539
2025-11-29 04:38:05.005457: train_loss 0.6262
2025-11-29 04:38:05.012832: val_loss 1.1503
2025-11-29 04:38:05.015406: val classification accuracy 0.3913
2025-11-29 04:38:05.017982: val auc 0.4272
2025-11-29 04:38:05.020564: Epoch time: 39.24 s
2025-11-29 04:38:06.212084: 
2025-11-29 04:38:06.215513: Epoch 150
2025-11-29 04:38:06.217929: Current learning rate: 0.00536
2025-11-29 04:38:46.157054: train_loss 0.588
2025-11-29 04:38:46.161107: val_loss 0.9745
2025-11-29 04:38:46.166190: val classification accuracy 0.413
2025-11-29 04:38:46.175364: val auc 0.3922
2025-11-29 04:38:46.188404: Epoch time: 39.95 s
2025-11-29 04:38:46.916592: 
2025-11-29 04:38:46.920215: Epoch 151
2025-11-29 04:38:46.922708: Current learning rate: 0.00533
2025-11-29 04:39:24.520885: train_loss 0.6153
2025-11-29 04:39:24.528522: val_loss 0.8466
2025-11-29 04:39:24.556543: val classification accuracy 0.3043
2025-11-29 04:39:24.559715: val auc 0.2769
2025-11-29 04:39:24.565636: Epoch time: 37.61 s
2025-11-29 04:39:25.319479: 
2025-11-29 04:39:25.322646: Epoch 152
2025-11-29 04:39:25.326715: Current learning rate: 0.00529
2025-11-29 04:40:04.460321: train_loss 0.6109
2025-11-29 04:40:04.484760: val_loss 1.0334
2025-11-29 04:40:04.487567: val classification accuracy 0.3696
2025-11-29 04:40:04.490293: val auc 0.3478
2025-11-29 04:40:04.493009: Epoch time: 39.14 s
2025-11-29 04:40:05.229566: 
2025-11-29 04:40:05.232758: Epoch 153
2025-11-29 04:40:05.235346: Current learning rate: 0.00526
2025-11-29 04:40:45.349209: train_loss 0.6163
2025-11-29 04:40:45.353691: val_loss 0.8862
2025-11-29 04:40:45.358096: val classification accuracy 0.3913
2025-11-29 04:40:45.361316: val auc 0.3157
2025-11-29 04:40:45.386596: Epoch time: 40.12 s
2025-11-29 04:40:46.118476: 
2025-11-29 04:40:46.129060: Epoch 154
2025-11-29 04:40:46.131919: Current learning rate: 0.00523
2025-11-29 04:41:22.516618: train_loss 0.6103
2025-11-29 04:41:22.522634: val_loss 1.0064
2025-11-29 04:41:22.525868: val classification accuracy 0.413
2025-11-29 04:41:22.532639: val auc 0.3913
2025-11-29 04:41:22.535351: Epoch time: 36.4 s
2025-11-29 04:41:23.767050: 
2025-11-29 04:41:23.770012: Epoch 155
2025-11-29 04:41:23.772206: Current learning rate: 0.0052
2025-11-29 04:42:02.068813: train_loss 0.6023
2025-11-29 04:42:02.113854: val_loss 1.2631
2025-11-29 04:42:02.117199: val classification accuracy 0.3696
2025-11-29 04:42:02.121736: val auc 0.3894
2025-11-29 04:42:02.124680: Epoch time: 38.3 s
2025-11-29 04:42:02.826735: 
2025-11-29 04:42:02.830450: Epoch 156
2025-11-29 04:42:02.833059: Current learning rate: 0.00517
2025-11-29 04:42:44.291968: train_loss 0.6574
2025-11-29 04:42:44.295805: val_loss 0.8665
2025-11-29 04:42:44.298799: val classification accuracy 0.3043
2025-11-29 04:42:44.301355: val auc 0.2457
2025-11-29 04:42:44.303852: Epoch time: 41.47 s
2025-11-29 04:42:45.033114: 
2025-11-29 04:42:45.036474: Epoch 157
2025-11-29 04:42:45.038857: Current learning rate: 0.00513
2025-11-29 04:43:23.331685: train_loss 0.6098
2025-11-29 04:43:23.339920: val_loss 1.0522
2025-11-29 04:43:23.342873: val classification accuracy 0.3261
2025-11-29 04:43:23.346007: val auc 0.2741
2025-11-29 04:43:23.348543: Epoch time: 38.3 s
2025-11-29 04:43:24.080739: 
2025-11-29 04:43:24.083911: Epoch 158
2025-11-29 04:43:24.086196: Current learning rate: 0.0051
2025-11-29 04:44:02.825584: train_loss 0.5829
2025-11-29 04:44:02.850640: val_loss 1.5308
2025-11-29 04:44:02.853713: val classification accuracy 0.413
2025-11-29 04:44:02.860623: val auc 0.3299
2025-11-29 04:44:02.863428: Epoch time: 38.75 s
2025-11-29 04:44:03.620687: 
2025-11-29 04:44:03.624544: Epoch 159
2025-11-29 04:44:03.627155: Current learning rate: 0.00507
2025-11-29 04:44:41.395725: train_loss 0.6076
2025-11-29 04:44:41.400012: val_loss 1.2585
2025-11-29 04:44:41.403031: val classification accuracy 0.1957
2025-11-29 04:44:41.405602: val auc 0.1512
2025-11-29 04:44:41.407994: Epoch time: 37.78 s
2025-11-29 04:44:42.662582: 
2025-11-29 04:44:42.665827: Epoch 160
2025-11-29 04:44:42.668200: Current learning rate: 0.00504
2025-11-29 04:45:22.552146: train_loss 0.5952
2025-11-29 04:45:22.556805: val_loss 1.0272
2025-11-29 04:45:22.559747: val classification accuracy 0.4565
2025-11-29 04:45:22.576403: val auc 0.3856
2025-11-29 04:45:22.588196: Epoch time: 39.89 s
2025-11-29 04:45:23.305606: 
2025-11-29 04:45:23.310966: Epoch 161
2025-11-29 04:45:23.313383: Current learning rate: 0.005
2025-11-29 04:46:02.070664: train_loss 0.5997
2025-11-29 04:46:02.074849: val_loss 1.1057
2025-11-29 04:46:02.079467: val classification accuracy 0.3261
2025-11-29 04:46:02.082692: val auc 0.2628
2025-11-29 04:46:02.085200: Epoch time: 38.77 s
2025-11-29 04:46:02.779514: 
2025-11-29 04:46:02.782743: Epoch 162
2025-11-29 04:46:02.784930: Current learning rate: 0.00497
2025-11-29 04:46:42.156034: train_loss 0.6226
2025-11-29 04:46:42.165834: val_loss 0.8191
2025-11-29 04:46:42.168557: val classification accuracy 0.5217
2025-11-29 04:46:42.171213: val auc 0.4915
2025-11-29 04:46:42.173914: Epoch time: 39.38 s
2025-11-29 04:46:42.905046: 
2025-11-29 04:46:42.910637: Epoch 163
2025-11-29 04:46:42.913064: Current learning rate: 0.00494
2025-11-29 04:47:21.678871: train_loss 0.5631
2025-11-29 04:47:21.683489: val_loss 1.2599
2025-11-29 04:47:21.704093: val classification accuracy 0.3261
2025-11-29 04:47:21.707086: val auc 0.4008
2025-11-29 04:47:21.709717: Epoch time: 38.78 s
2025-11-29 04:47:22.402035: 
2025-11-29 04:47:22.405180: Epoch 164
2025-11-29 04:47:22.407674: Current learning rate: 0.00491
2025-11-29 04:48:01.299907: train_loss 0.6265
2025-11-29 04:48:01.303233: val_loss 0.8414
2025-11-29 04:48:01.305564: val classification accuracy 0.4565
2025-11-29 04:48:01.308572: val auc 0.5057
2025-11-29 04:48:01.311045: Epoch time: 38.9 s
2025-11-29 04:48:02.034506: 
2025-11-29 04:48:02.037606: Epoch 165
2025-11-29 04:48:02.040071: Current learning rate: 0.00487
2025-11-29 04:48:39.505291: train_loss 0.5869
2025-11-29 04:48:39.515201: val_loss 0.9413
2025-11-29 04:48:39.518236: val classification accuracy 0.3696
2025-11-29 04:48:39.539820: val auc 0.414
2025-11-29 04:48:39.548459: Epoch time: 37.47 s
2025-11-29 04:48:40.277316: 
2025-11-29 04:48:40.280626: Epoch 166
2025-11-29 04:48:40.283199: Current learning rate: 0.00484
2025-11-29 04:49:19.215154: train_loss 0.5907
2025-11-29 04:49:19.240423: val_loss 1.0513
2025-11-29 04:49:19.245528: val classification accuracy 0.4565
2025-11-29 04:49:19.248494: val auc 0.4301
2025-11-29 04:49:19.251640: Epoch time: 38.94 s
2025-11-29 04:49:19.969023: 
2025-11-29 04:49:19.972824: Epoch 167
2025-11-29 04:49:19.975544: Current learning rate: 0.00481
2025-11-29 04:49:58.148306: train_loss 0.5818
2025-11-29 04:49:58.179834: val_loss 1.1072
2025-11-29 04:49:58.199479: val classification accuracy 0.3478
2025-11-29 04:49:58.220313: val auc 0.3705
2025-11-29 04:49:58.223470: Epoch time: 38.18 s
2025-11-29 04:49:58.921661: 
2025-11-29 04:49:58.925362: Epoch 168
2025-11-29 04:49:58.927886: Current learning rate: 0.00478
2025-11-29 04:50:37.559681: train_loss 0.5676
2025-11-29 04:50:37.581692: val_loss 1.0521
2025-11-29 04:50:37.584726: val classification accuracy 0.3913
2025-11-29 04:50:37.587431: val auc 0.3119
2025-11-29 04:50:37.590650: Epoch time: 38.64 s
2025-11-29 04:50:38.309257: 
2025-11-29 04:50:38.312719: Epoch 169
2025-11-29 04:50:38.315381: Current learning rate: 0.00474
2025-11-29 04:51:17.078128: train_loss 0.5786
2025-11-29 04:51:17.082998: val_loss 1.5137
2025-11-29 04:51:17.086136: val classification accuracy 0.2391
2025-11-29 04:51:17.090466: val auc 0.1682
2025-11-29 04:51:17.107554: Epoch time: 38.77 s
2025-11-29 04:51:17.851341: 
2025-11-29 04:51:17.854703: Epoch 170
2025-11-29 04:51:17.857415: Current learning rate: 0.00471
2025-11-29 04:51:58.082241: train_loss 0.5882
2025-11-29 04:51:58.101604: val_loss 1.7161
2025-11-29 04:51:58.104562: val classification accuracy 0.2609
2025-11-29 04:51:58.107591: val auc 0.0775
2025-11-29 04:51:58.110429: Epoch time: 40.23 s
2025-11-29 04:51:58.828472: 
2025-11-29 04:51:58.831675: Epoch 171
2025-11-29 04:51:58.834089: Current learning rate: 0.00468
2025-11-29 04:52:34.958445: train_loss 0.5818
2025-11-29 04:52:34.962883: val_loss 1.2051
2025-11-29 04:52:34.965741: val classification accuracy 0.3261
2025-11-29 04:52:34.968824: val auc 0.2382
2025-11-29 04:52:34.974033: Epoch time: 36.13 s
2025-11-29 04:52:35.714812: 
2025-11-29 04:52:35.717998: Epoch 172
2025-11-29 04:52:35.720567: Current learning rate: 0.00465
2025-11-29 04:53:12.627810: train_loss 0.6073
2025-11-29 04:53:12.631418: val_loss 1.022
2025-11-29 04:53:12.634108: val classification accuracy 0.3478
2025-11-29 04:53:12.636939: val auc 0.3006
2025-11-29 04:53:12.642218: Epoch time: 36.91 s
2025-11-29 04:53:13.383677: 
2025-11-29 04:53:13.387020: Epoch 173
2025-11-29 04:53:13.389607: Current learning rate: 0.00461
2025-11-29 04:53:51.298872: train_loss 0.5647
2025-11-29 04:53:51.322913: val_loss 1.4268
2025-11-29 04:53:51.325887: val classification accuracy 0.3043
2025-11-29 04:53:51.328960: val auc 0.2467
2025-11-29 04:53:51.332261: Epoch time: 37.92 s
2025-11-29 04:53:52.051525: 
2025-11-29 04:53:52.054888: Epoch 174
2025-11-29 04:53:52.057557: Current learning rate: 0.00458
2025-11-29 04:54:30.558509: train_loss 0.6206
2025-11-29 04:54:30.562440: val_loss 0.9229
2025-11-29 04:54:30.565179: val classification accuracy 0.4348
2025-11-29 04:54:30.567820: val auc 0.4348
2025-11-29 04:54:30.584228: Epoch time: 38.51 s
2025-11-29 04:54:31.311833: 
2025-11-29 04:54:31.315459: Epoch 175
2025-11-29 04:54:31.318056: Current learning rate: 0.00455
2025-11-29 04:55:10.707111: train_loss 0.6067
2025-11-29 04:55:10.712229: val_loss 1.4736
2025-11-29 04:55:10.715672: val classification accuracy 0.2391
2025-11-29 04:55:10.742418: val auc 0.1682
2025-11-29 04:55:10.763834: Epoch time: 39.4 s
2025-11-29 04:55:11.497732: 
2025-11-29 04:55:11.501199: Epoch 176
2025-11-29 04:55:11.503832: Current learning rate: 0.00452
2025-11-29 04:55:48.780940: train_loss 0.5918
2025-11-29 04:55:48.785300: val_loss 1.1411
2025-11-29 04:55:48.788115: val classification accuracy 0.3261
2025-11-29 04:55:48.790974: val auc 0.3289
2025-11-29 04:55:48.793983: Epoch time: 37.28 s
2025-11-29 04:55:49.505338: 
2025-11-29 04:55:49.508994: Epoch 177
2025-11-29 04:55:49.511628: Current learning rate: 0.00448
2025-11-29 04:56:28.934767: train_loss 0.5723
2025-11-29 04:56:28.943122: val_loss 0.8909
2025-11-29 04:56:28.945932: val classification accuracy 0.4565
2025-11-29 04:56:28.948804: val auc 0.4679
2025-11-29 04:56:28.951528: Epoch time: 39.43 s
2025-11-29 04:56:29.680387: 
2025-11-29 04:56:29.683724: Epoch 178
2025-11-29 04:56:29.686444: Current learning rate: 0.00445
2025-11-29 04:57:06.004632: train_loss 0.6121
2025-11-29 04:57:06.017598: val_loss 1.0931
2025-11-29 04:57:06.020494: val classification accuracy 0.3261
2025-11-29 04:57:06.023108: val auc 0.2325
2025-11-29 04:57:06.025448: Epoch time: 36.33 s
2025-11-29 04:57:06.725889: 
2025-11-29 04:57:06.729273: Epoch 179
2025-11-29 04:57:06.731695: Current learning rate: 0.00442
2025-11-29 04:57:46.858949: train_loss 0.629
2025-11-29 04:57:46.866434: val_loss 1.0004
2025-11-29 04:57:46.870450: val classification accuracy 0.3261
2025-11-29 04:57:46.875358: val auc 0.2429
2025-11-29 04:57:46.881913: Epoch time: 40.13 s
2025-11-29 04:57:48.066934: 
2025-11-29 04:57:48.070467: Epoch 180
2025-11-29 04:57:48.073235: Current learning rate: 0.00438
2025-11-29 04:58:25.000965: train_loss 0.6268
2025-11-29 04:58:25.004831: val_loss 1.1887
2025-11-29 04:58:25.007614: val classification accuracy 0.413
2025-11-29 04:58:25.010191: val auc 0.3403
2025-11-29 04:58:25.013297: Epoch time: 36.94 s
2025-11-29 04:58:25.775666: 
2025-11-29 04:58:25.778885: Epoch 181
2025-11-29 04:58:25.781509: Current learning rate: 0.00435
2025-11-29 04:59:02.496976: train_loss 0.6359
2025-11-29 04:59:02.503523: val_loss 0.9561
2025-11-29 04:59:02.511640: val classification accuracy 0.3043
2025-11-29 04:59:02.516685: val auc 0.2457
2025-11-29 04:59:02.519892: Epoch time: 36.72 s
2025-11-29 04:59:03.246664: 
2025-11-29 04:59:03.250412: Epoch 182
2025-11-29 04:59:03.253605: Current learning rate: 0.00432
2025-11-29 04:59:41.811511: train_loss 0.5874
2025-11-29 04:59:41.850101: val_loss 1.3651
2025-11-29 04:59:41.863977: val classification accuracy 0.1087
2025-11-29 04:59:41.866947: val auc 0.0964
2025-11-29 04:59:41.869804: Epoch time: 38.57 s
2025-11-29 04:59:42.580260: 
2025-11-29 04:59:42.583869: Epoch 183
2025-11-29 04:59:42.586663: Current learning rate: 0.00429
2025-11-29 05:00:18.687826: train_loss 0.5625
2025-11-29 05:00:18.692519: val_loss 1.3698
2025-11-29 05:00:18.695446: val classification accuracy 0.2826
2025-11-29 05:00:18.698622: val auc 0.2325
2025-11-29 05:00:18.701522: Epoch time: 36.11 s
2025-11-29 05:00:19.429142: 
2025-11-29 05:00:19.432407: Epoch 184
2025-11-29 05:00:19.435110: Current learning rate: 0.00425
2025-11-29 05:00:59.031809: train_loss 0.5704
2025-11-29 05:00:59.036002: val_loss 1.0738
2025-11-29 05:00:59.039732: val classification accuracy 0.3261
2025-11-29 05:00:59.042698: val auc 0.2344
2025-11-29 05:00:59.045447: Epoch time: 39.6 s
2025-11-29 05:00:59.776808: 
2025-11-29 05:00:59.780211: Epoch 185
2025-11-29 05:00:59.782788: Current learning rate: 0.00422
2025-11-29 05:01:37.300550: train_loss 0.6046
2025-11-29 05:01:37.305409: val_loss 1.4396
2025-11-29 05:01:37.308024: val classification accuracy 0.3913
2025-11-29 05:01:37.310713: val auc 0.3119
2025-11-29 05:01:37.313750: Epoch time: 37.53 s
2025-11-29 05:01:38.085701: 
2025-11-29 05:01:38.089230: Epoch 186
2025-11-29 05:01:38.091806: Current learning rate: 0.00419
2025-11-29 05:02:16.537499: train_loss 0.5607
2025-11-29 05:02:16.550765: val_loss 1.1671
2025-11-29 05:02:16.553951: val classification accuracy 0.1957
2025-11-29 05:02:16.557031: val auc 0.1531
2025-11-29 05:02:16.559836: Epoch time: 38.45 s
2025-11-29 05:02:17.327325: 
2025-11-29 05:02:17.330528: Epoch 187
2025-11-29 05:02:17.332810: Current learning rate: 0.00415
2025-11-29 05:02:57.887421: train_loss 0.5602
2025-11-29 05:02:57.892135: val_loss 1.5581
2025-11-29 05:02:57.895104: val classification accuracy 0.2391
2025-11-29 05:02:57.897784: val auc 0.1664
2025-11-29 05:02:57.900640: Epoch time: 40.56 s
2025-11-29 05:02:58.647452: 
2025-11-29 05:02:58.650898: Epoch 188
2025-11-29 05:02:58.653512: Current learning rate: 0.00412
2025-11-29 05:03:36.266244: train_loss 0.5622
2025-11-29 05:03:36.270011: val_loss 1.2555
2025-11-29 05:03:36.272911: val classification accuracy 0.3478
2025-11-29 05:03:36.276212: val auc 0.3062
2025-11-29 05:03:36.279112: Epoch time: 37.62 s
2025-11-29 05:03:37.055910: 
2025-11-29 05:03:37.059485: Epoch 189
2025-11-29 05:03:37.062002: Current learning rate: 0.00409
2025-11-29 05:04:16.311227: train_loss 0.581
2025-11-29 05:04:16.349056: val_loss 1.4175
2025-11-29 05:04:16.353844: val classification accuracy 0.3043
2025-11-29 05:04:16.356903: val auc 0.2476
2025-11-29 05:04:16.359576: Epoch time: 39.26 s
2025-11-29 05:04:17.085700: 
2025-11-29 05:04:17.089124: Epoch 190
2025-11-29 05:04:17.092014: Current learning rate: 0.00405
2025-11-29 05:04:53.336405: train_loss 0.5904
2025-11-29 05:04:53.339701: val_loss 1.1294
2025-11-29 05:04:53.342397: val classification accuracy 0.3261
2025-11-29 05:04:53.344903: val auc 0.2098
2025-11-29 05:04:53.347281: Epoch time: 36.25 s
2025-11-29 05:04:54.107446: 
2025-11-29 05:04:54.110955: Epoch 191
2025-11-29 05:04:54.113499: Current learning rate: 0.00402
2025-11-29 05:05:32.520746: train_loss 0.5843
2025-11-29 05:05:32.534950: val_loss 1.3399
2025-11-29 05:05:32.543845: val classification accuracy 0.2391
2025-11-29 05:05:32.546776: val auc 0.1285
2025-11-29 05:05:32.549619: Epoch time: 38.41 s
2025-11-29 05:05:33.291830: 
2025-11-29 05:05:33.295463: Epoch 192
2025-11-29 05:05:33.298181: Current learning rate: 0.00399
2025-11-29 05:06:08.672840: train_loss 0.5711
2025-11-29 05:06:08.680196: val_loss 1.4519
2025-11-29 05:06:08.683264: val classification accuracy 0.413
2025-11-29 05:06:08.686096: val auc 0.242
2025-11-29 05:06:08.689189: Epoch time: 35.38 s
2025-11-29 05:06:09.435106: 
2025-11-29 05:06:09.439013: Epoch 193
2025-11-29 05:06:09.441684: Current learning rate: 0.00395
2025-11-29 05:06:46.227379: train_loss 0.6148
2025-11-29 05:06:46.241497: val_loss 1.5131
2025-11-29 05:06:46.246040: val classification accuracy 0.2826
2025-11-29 05:06:46.252161: val auc 0.1361
2025-11-29 05:06:46.255175: Epoch time: 36.79 s
2025-11-29 05:06:46.975310: 
2025-11-29 05:06:46.978730: Epoch 194
2025-11-29 05:06:46.981424: Current learning rate: 0.00392
2025-11-29 05:07:23.542341: train_loss 0.58
2025-11-29 05:07:23.568957: val_loss 1.1455
2025-11-29 05:07:23.572337: val classification accuracy 0.3478
2025-11-29 05:07:23.574989: val auc 0.3176
2025-11-29 05:07:23.577735: Epoch time: 36.57 s
2025-11-29 05:07:24.285716: 
2025-11-29 05:07:24.289040: Epoch 195
2025-11-29 05:07:24.291748: Current learning rate: 0.00389
2025-11-29 05:08:02.900224: train_loss 0.5315
2025-11-29 05:08:02.922302: val_loss 1.659
2025-11-29 05:08:02.925424: val classification accuracy 0.3478
2025-11-29 05:08:02.983984: val auc 0.2391
2025-11-29 05:08:02.987366: Epoch time: 38.62 s
2025-11-29 05:08:03.718256: 
2025-11-29 05:08:03.721431: Epoch 196
2025-11-29 05:08:03.724324: Current learning rate: 0.00385
2025-11-29 05:08:42.424651: train_loss 0.6107
2025-11-29 05:08:42.434030: val_loss 1.0617
2025-11-29 05:08:42.437183: val classification accuracy 0.2609
2025-11-29 05:08:42.440391: val auc 0.2306
2025-11-29 05:08:42.443661: Epoch time: 38.71 s
2025-11-29 05:08:43.173549: 
2025-11-29 05:08:43.176516: Epoch 197
2025-11-29 05:08:43.178940: Current learning rate: 0.00382
2025-11-29 05:09:22.149591: train_loss 0.635
2025-11-29 05:09:22.162121: val_loss 1.1444
2025-11-29 05:09:22.173640: val classification accuracy 0.3913
2025-11-29 05:09:22.179797: val auc 0.225
2025-11-29 05:09:22.182626: Epoch time: 38.98 s
2025-11-29 05:09:22.977420: 
2025-11-29 05:09:22.980657: Epoch 198
2025-11-29 05:09:22.983076: Current learning rate: 0.00379
2025-11-29 05:10:00.472046: train_loss 0.5828
2025-11-29 05:10:00.475881: val_loss 1.1512
2025-11-29 05:10:00.478717: val classification accuracy 0.413
2025-11-29 05:10:00.481298: val auc 0.4442
2025-11-29 05:10:00.484056: Epoch time: 37.5 s
2025-11-29 05:10:01.184329: 
2025-11-29 05:10:01.187638: Epoch 199
2025-11-29 05:10:01.190080: Current learning rate: 0.00375
2025-11-29 05:10:40.465785: train_loss 0.5844
2025-11-29 05:10:40.472104: val_loss 1.1675
2025-11-29 05:10:40.474756: val classification accuracy 0.3478
2025-11-29 05:10:40.479447: val auc 0.2873
2025-11-29 05:10:40.482118: Epoch time: 39.28 s
2025-11-29 05:10:41.247303: 
2025-11-29 05:10:41.250827: Epoch 200
2025-11-29 05:10:41.253319: Current learning rate: 0.00372
2025-11-29 05:11:21.602086: train_loss 0.5939
2025-11-29 05:11:21.605997: val_loss 1.381
2025-11-29 05:11:21.609735: val classification accuracy 0.2826
2025-11-29 05:11:21.612710: val auc 0.293
2025-11-29 05:11:21.635338: Epoch time: 40.36 s
2025-11-29 05:11:22.403961: 
2025-11-29 05:11:22.407160: Epoch 201
2025-11-29 05:11:22.409564: Current learning rate: 0.00369
2025-11-29 05:12:00.968913: train_loss 0.602
2025-11-29 05:12:01.012972: val_loss 1.416
2025-11-29 05:12:01.038125: val classification accuracy 0.3043
2025-11-29 05:12:01.041193: val auc 0.2703
2025-11-29 05:12:01.044286: Epoch time: 38.57 s
2025-11-29 05:12:01.739743: 
2025-11-29 05:12:01.743370: Epoch 202
2025-11-29 05:12:01.745975: Current learning rate: 0.00365
2025-11-29 05:12:39.545897: train_loss 0.5774
2025-11-29 05:12:39.552926: val_loss 1.9775
2025-11-29 05:12:39.555902: val classification accuracy 0.2609
2025-11-29 05:12:39.559142: val auc 0.103
2025-11-29 05:12:39.562456: Epoch time: 37.81 s
2025-11-29 05:12:40.271861: 
2025-11-29 05:12:40.275758: Epoch 203
2025-11-29 05:12:40.278145: Current learning rate: 0.00362
2025-11-29 05:13:17.036833: train_loss 0.5769
2025-11-29 05:13:17.064718: val_loss 1.4405
2025-11-29 05:13:17.092336: val classification accuracy 0.2391
2025-11-29 05:13:17.095418: val auc 0.1664
2025-11-29 05:13:17.098470: Epoch time: 36.77 s
2025-11-29 05:13:17.826657: 
2025-11-29 05:13:17.830330: Epoch 204
2025-11-29 05:13:17.833066: Current learning rate: 0.00359
2025-11-29 05:13:55.285670: train_loss 0.5858
2025-11-29 05:13:55.307501: val_loss 1.4362
2025-11-29 05:13:55.310656: val classification accuracy 0.1957
2025-11-29 05:13:55.315421: val auc 0.1758
2025-11-29 05:13:55.318722: Epoch time: 37.46 s
2025-11-29 05:13:56.508795: 
2025-11-29 05:13:56.512963: Epoch 205
2025-11-29 05:13:56.516031: Current learning rate: 0.00355
2025-11-29 05:14:37.705165: train_loss 0.5916
2025-11-29 05:14:37.709509: val_loss 1.1515
2025-11-29 05:14:37.712184: val classification accuracy 0.3043
2025-11-29 05:14:37.714710: val auc 0.2098
2025-11-29 05:14:37.717559: Epoch time: 41.2 s
2025-11-29 05:14:38.437637: 
2025-11-29 05:14:38.441265: Epoch 206
2025-11-29 05:14:38.443956: Current learning rate: 0.00352
2025-11-29 05:15:17.601447: train_loss 0.5417
2025-11-29 05:15:17.606004: val_loss 1.4567
2025-11-29 05:15:17.608799: val classification accuracy 0.2826
2025-11-29 05:15:17.611717: val auc 0.2268
2025-11-29 05:15:17.615175: Epoch time: 39.17 s
2025-11-29 05:15:18.375901: 
2025-11-29 05:15:18.379359: Epoch 207
2025-11-29 05:15:18.381572: Current learning rate: 0.00349
2025-11-29 05:15:58.013115: train_loss 0.4929
2025-11-29 05:15:58.077722: val_loss 2.6958
2025-11-29 05:15:58.085621: val classification accuracy 0.3261
2025-11-29 05:15:58.088942: val auc 0.206
2025-11-29 05:15:58.092215: Epoch time: 39.64 s
2025-11-29 05:15:58.799818: 
2025-11-29 05:15:58.803283: Epoch 208
2025-11-29 05:15:58.805798: Current learning rate: 0.00345
2025-11-29 05:16:36.306116: train_loss 0.6256
2025-11-29 05:16:36.350055: val_loss 1.2354
2025-11-29 05:16:36.353504: val classification accuracy 0.3696
2025-11-29 05:16:36.356972: val auc 0.259
2025-11-29 05:16:36.395217: Epoch time: 37.51 s
2025-11-29 05:16:37.098741: 
2025-11-29 05:16:37.102463: Epoch 209
2025-11-29 05:16:37.105377: Current learning rate: 0.00342
2025-11-29 05:17:14.769013: train_loss 0.5761
2025-11-29 05:17:14.784071: val_loss 2.3606
2025-11-29 05:17:14.803327: val classification accuracy 0.3478
2025-11-29 05:17:14.806823: val auc 0.3176
2025-11-29 05:17:14.809862: Epoch time: 37.67 s
2025-11-29 05:17:15.532849: 
2025-11-29 05:17:15.536952: Epoch 210
2025-11-29 05:17:15.539713: Current learning rate: 0.00338
2025-11-29 05:17:51.709867: train_loss 0.5643
2025-11-29 05:17:51.717448: val_loss 1.3985
2025-11-29 05:17:51.738583: val classification accuracy 0.3913
2025-11-29 05:17:51.743570: val auc 0.3526
2025-11-29 05:17:51.746834: Epoch time: 36.18 s
2025-11-29 05:17:52.444422: 
2025-11-29 05:17:52.447703: Epoch 211
2025-11-29 05:17:52.450360: Current learning rate: 0.00335
2025-11-29 05:18:31.624065: train_loss 0.5687
2025-11-29 05:18:31.635237: val_loss 1.6975
2025-11-29 05:18:31.647297: val classification accuracy 0.3043
2025-11-29 05:18:31.651698: val auc 0.2741
2025-11-29 05:18:31.654728: Epoch time: 39.18 s
2025-11-29 05:18:32.350838: 
2025-11-29 05:18:32.354201: Epoch 212
2025-11-29 05:18:32.356819: Current learning rate: 0.00332
2025-11-29 05:19:12.950180: train_loss 0.5292
2025-11-29 05:19:12.955365: val_loss 2.6428
2025-11-29 05:19:12.958398: val classification accuracy 0.3261
2025-11-29 05:19:12.961553: val auc 0.1418
2025-11-29 05:19:12.964347: Epoch time: 40.6 s
2025-11-29 05:19:13.690018: 
2025-11-29 05:19:13.693405: Epoch 213
2025-11-29 05:19:13.696157: Current learning rate: 0.00328
2025-11-29 05:19:48.213044: train_loss 0.5079
2025-11-29 05:19:48.241663: val_loss 1.4898
2025-11-29 05:19:48.248737: val classification accuracy 0.2826
2025-11-29 05:19:48.251845: val auc 0.2004
2025-11-29 05:19:48.254782: Epoch time: 34.52 s
2025-11-29 05:19:48.974422: 
2025-11-29 05:19:48.977933: Epoch 214
2025-11-29 05:19:48.980845: Current learning rate: 0.00325
2025-11-29 05:20:29.177522: train_loss 0.549
2025-11-29 05:20:29.196307: val_loss 1.2323
2025-11-29 05:20:29.199593: val classification accuracy 0.2391
2025-11-29 05:20:29.202656: val auc 0.1909
2025-11-29 05:20:29.205729: Epoch time: 40.2 s
2025-11-29 05:20:29.917763: 
2025-11-29 05:20:29.921396: Epoch 215
2025-11-29 05:20:29.923808: Current learning rate: 0.00321
2025-11-29 05:21:08.345954: train_loss 0.5799
2025-11-29 05:21:08.351121: val_loss 1.3585
2025-11-29 05:21:08.353869: val classification accuracy 0.2174
2025-11-29 05:21:08.356604: val auc 0.1248
2025-11-29 05:21:08.359420: Epoch time: 38.43 s
2025-11-29 05:21:09.071069: 
2025-11-29 05:21:09.074705: Epoch 216
2025-11-29 05:21:09.077457: Current learning rate: 0.00318
2025-11-29 05:21:46.622432: train_loss 0.5697
2025-11-29 05:21:46.626395: val_loss 1.3613
2025-11-29 05:21:46.630461: val classification accuracy 0.3043
2025-11-29 05:21:46.633377: val auc 0.225
2025-11-29 05:21:46.636276: Epoch time: 37.55 s
2025-11-29 05:21:47.398079: 
2025-11-29 05:21:47.401248: Epoch 217
2025-11-29 05:21:47.403717: Current learning rate: 0.00315
2025-11-29 05:22:25.470053: train_loss 0.5656
2025-11-29 05:22:25.477417: val_loss 1.9895
2025-11-29 05:22:25.480933: val classification accuracy 0.2609
2025-11-29 05:22:25.484180: val auc 0.1985
2025-11-29 05:22:25.487810: Epoch time: 38.07 s
2025-11-29 05:22:25.490666: Early stopping triggered at epoch 217. Best val_losses=0.5837
2025-11-29 05:22:26.216872: Stopping training early due to early stopping criterion.
2025-11-29 05:22:26.918299: Training done.
2025-11-29 05:22:26.979511: Using splits from existing split file: /hpf/projects/jquon/sumin/nnUNet_data/nnUNet_preprocessed/Dataset033_AVM_T1+C/splits_final.json
2025-11-29 05:22:26.993116: The split file contains 11 splits.
2025-11-29 05:22:26.996807: Desired fold for training: 2
2025-11-29 05:22:26.999382: This split has 465 training and 47 validation cases.
2025-11-29 05:22:27.003582: predicting 446_MRI_19990403_T1+C
2025-11-29 05:22:27.462873: 446_MRI_19990403_T1+C, shape torch.Size([1, 360, 448, 434]), rank 0
