Fri Nov 28 16:01:53 2025       
+-----------------------------------------------------------------------------------------+
| NVIDIA-SMI 570.86.15              Driver Version: 570.86.15      CUDA Version: 12.8     |
|-----------------------------------------+------------------------+----------------------+
| GPU  Name                 Persistence-M | Bus-Id          Disp.A | Volatile Uncorr. ECC |
| Fan  Temp   Perf          Pwr:Usage/Cap |           Memory-Usage | GPU-Util  Compute M. |
|                                         |                        |               MIG M. |
|=========================================+========================+======================|
|   0  NVIDIA H100 80GB HBM3          Off |   00000000:00:09.0 Off |                    0 |
| N/A   28C    P0             69W /  700W |       1MiB /  81559MiB |      0%      Default |
|                                         |                        |             Disabled |
+-----------------------------------------+------------------------+----------------------+
                                                                                         
+-----------------------------------------------------------------------------------------+
| Processes:                                                                              |
|  GPU   GI   CI              PID   Type   Process name                        GPU Memory |
|        ID   ID                                                               Usage      |
|=========================================================================================|
|  No running processes found                                                             |
+-----------------------------------------------------------------------------------------+
Using device: cuda:0

#######################################################################
Please cite the following paper when using nnU-Net:
Isensee, F., Jaeger, P. F., Kohl, S. A., Petersen, J., & Maier-Hein, K. H. (2021). nnU-Net: a self-configuring method for deep learning-based biomedical image segmentation. Nature methods, 18(2), 203-211.
#######################################################################

2025-11-28 16:02:04.104618: Using torch.compile...
2025-11-28 16:02:08.649452: do_dummy_2d_data_aug: False
2025-11-28 16:02:08.652721: Using splits from existing split file: /hpf/projects/jquon/sumin/nnUNet_data/nnUNet_preprocessed/Dataset033_AVM_T1+C/splits_final.json
2025-11-28 16:02:08.655829: The split file contains 11 splits.
2025-11-28 16:02:08.657342: Desired fold for training: 0
2025-11-28 16:02:08.658762: This split has 462 training and 50 validation cases.
using pin_memory on device 0
using pin_memory on device 0

This is the configuration used by this training:
Configuration name: 3d_fullres
 {'data_identifier': 'nnUNetPlans_3d_fullres', 'preprocessor_name': 'DefaultPreprocessor', 'batch_size': 2, 'patch_size': [160, 224, 192], 'median_image_size_in_voxels': [344.0, 448.0, 429.0], 'spacing': [0.500000923871994, 0.4910714328289032, 0.4910714328289032], 'normalization_schemes': ['ZScoreNormalization'], 'use_mask_for_norm': [False], 'resampling_fn_data': 'resample_data_or_seg_to_shape', 'resampling_fn_seg': 'resample_data_or_seg_to_shape', 'resampling_fn_data_kwargs': {'is_seg': False, 'order': 3, 'order_z': 0, 'force_separate_z': None}, 'resampling_fn_seg_kwargs': {'is_seg': True, 'order': 1, 'order_z': 0, 'force_separate_z': None}, 'resampling_fn_probabilities': 'resample_data_or_seg_to_shape', 'resampling_fn_probabilities_kwargs': {'is_seg': False, 'order': 1, 'order_z': 0, 'force_separate_z': None}, 'architecture': {'network_class_name': 'dynamic_network_architectures.architectures.unet.ResidualEncoderUNet', 'arch_kwargs': {'n_stages': 6, 'features_per_stage': [32, 64, 128, 256, 320, 320], 'conv_op': 'torch.nn.modules.conv.Conv3d', 'kernel_sizes': [[3, 3, 3], [3, 3, 3], [3, 3, 3], [3, 3, 3], [3, 3, 3], [3, 3, 3]], 'strides': [[1, 1, 1], [2, 2, 2], [2, 2, 2], [2, 2, 2], [2, 2, 2], [2, 2, 2]], 'n_blocks_per_stage': [1, 3, 4, 6, 6, 6], 'n_conv_per_stage_decoder': [1, 1, 1, 1, 1], 'conv_bias': True, 'norm_op': 'torch.nn.modules.instancenorm.InstanceNorm3d', 'norm_op_kwargs': {'eps': 1e-05, 'affine': True}, 'dropout_op': None, 'dropout_op_kwargs': None, 'nonlin': 'torch.nn.LeakyReLU', 'nonlin_kwargs': {'inplace': True}}, '_kw_requires_import': ['conv_op', 'norm_op', 'dropout_op', 'nonlin']}, 'batch_dice': True} 

These are the global plan.json settings:
 {'dataset_name': 'Dataset033_AVM_T1+C', 'plans_name': 'nnUNetResEncUNetLPlans', 'original_median_spacing_after_transp': [0.500000923871994, 0.4910714328289032, 0.4910714328289032], 'original_median_shape_after_transp': [330, 448, 424], 'image_reader_writer': 'SimpleITKIO', 'transpose_forward': [0, 1, 2], 'transpose_backward': [0, 1, 2], 'experiment_planner_used': 'nnUNetPlannerResEncL', 'label_manager': 'LabelManager', 'foreground_intensity_properties_per_channel': {'0': {'max': 12113.0, 'mean': 449.843505859375, 'median': 311.0, 'min': 0.0, 'percentile_00_5': 34.0, 'percentile_99_5': 3202.0, 'std': 471.56329345703125}}} 

2025-11-28 16:02:19.381213: Unable to plot network architecture: nnUNet_compile is enabled!
2025-11-28 16:02:19.397572: 
2025-11-28 16:02:19.400528: Epoch 0
2025-11-28 16:02:19.403212: Current learning rate: 0.01
2025-11-28 16:03:19.567118: train_loss 1.5896
2025-11-28 16:03:19.571417: val_loss 153.5434
2025-11-28 16:03:19.573824: val classification accuracy 0.5
2025-11-28 16:03:19.576465: val auc 0.46
2025-11-28 16:03:19.578594: Epoch time: 60.17 s
2025-11-28 16:03:19.580619: Yayy! New best EMA pseudo Dice: 0.46
2025-11-28 16:03:20.284305: Yayy! New best classification accuracy: 0.5
2025-11-28 16:03:21.717081: 
2025-11-28 16:03:21.719643: Epoch 1
2025-11-28 16:03:21.721579: Current learning rate: 0.00997
2025-11-28 16:04:03.307894: train_loss 3.2872
2025-11-28 16:04:03.312043: val_loss 243.2019
2025-11-28 16:04:03.314227: val classification accuracy 0.6
2025-11-28 16:04:03.316339: val auc 0.6032
2025-11-28 16:04:03.318397: Epoch time: 41.59 s
2025-11-28 16:04:03.320142: Yayy! New best EMA pseudo Dice: 0.6032
2025-11-28 16:04:03.984810: Yayy! New best classification accuracy: 0.6
2025-11-28 16:04:05.421112: 
2025-11-28 16:04:05.423686: Epoch 2
2025-11-28 16:04:05.425334: Current learning rate: 0.00994
2025-11-28 16:04:45.138012: train_loss 1.7838
2025-11-28 16:04:45.142053: val_loss 34.4023
2025-11-28 16:04:45.144362: val classification accuracy 0.5
2025-11-28 16:04:45.146773: val auc 0.5784
2025-11-28 16:04:45.148952: Epoch time: 39.72 s
2025-11-28 16:04:45.839023: 
2025-11-28 16:04:45.841661: Epoch 3
2025-11-28 16:04:45.843563: Current learning rate: 0.00991
2025-11-28 16:05:27.255248: train_loss 1.003
2025-11-28 16:05:27.259248: val_loss 7.6581
2025-11-28 16:05:27.261773: val classification accuracy 0.6
2025-11-28 16:05:27.263958: val auc 0.5952
2025-11-28 16:05:27.266290: Epoch time: 41.42 s
2025-11-28 16:05:27.990179: 
2025-11-28 16:05:27.992193: Epoch 4
2025-11-28 16:05:27.994014: Current learning rate: 0.00988
2025-11-28 16:06:04.799343: train_loss 0.8229
2025-11-28 16:06:04.803151: val_loss 1.042
2025-11-28 16:06:04.805364: val classification accuracy 0.56
2025-11-28 16:06:04.807246: val auc 0.5688
2025-11-28 16:06:04.809136: Epoch time: 36.81 s
2025-11-28 16:06:05.545065: 
2025-11-28 16:06:05.547634: Epoch 5
2025-11-28 16:06:05.549418: Current learning rate: 0.00985
2025-11-28 16:06:47.129803: train_loss 0.6977
2025-11-28 16:06:47.155495: val_loss 0.9175
2025-11-28 16:06:47.162757: val classification accuracy 0.48
2025-11-28 16:06:47.164813: val auc 0.552
2025-11-28 16:06:47.167336: Epoch time: 41.59 s
2025-11-28 16:06:47.909805: 
2025-11-28 16:06:47.912694: Epoch 6
2025-11-28 16:06:47.914911: Current learning rate: 0.00982
2025-11-28 16:07:24.908053: train_loss 0.6873
2025-11-28 16:07:24.911872: val_loss 1.0388
2025-11-28 16:07:24.914268: val classification accuracy 0.54
2025-11-28 16:07:24.916692: val auc 0.5216
2025-11-28 16:07:24.919171: Epoch time: 37.0 s
2025-11-28 16:07:25.617788: 
2025-11-28 16:07:25.620389: Epoch 7
2025-11-28 16:07:25.622211: Current learning rate: 0.00979
2025-11-28 16:08:03.098097: train_loss 0.6973
2025-11-28 16:08:03.108673: val_loss 1.4143
2025-11-28 16:08:03.111307: val classification accuracy 0.54
2025-11-28 16:08:03.113304: val auc 0.4568
2025-11-28 16:08:03.115406: Epoch time: 37.48 s
2025-11-28 16:08:03.822145: 
2025-11-28 16:08:03.824536: Epoch 8
2025-11-28 16:08:03.826154: Current learning rate: 0.00976
2025-11-28 16:08:39.632830: train_loss 0.6777
2025-11-28 16:08:39.654567: val_loss 0.8969
2025-11-28 16:08:39.668745: val classification accuracy 0.38
2025-11-28 16:08:39.671243: val auc 0.36
2025-11-28 16:08:39.673044: Epoch time: 35.81 s
2025-11-28 16:08:40.425209: 
2025-11-28 16:08:40.427370: Epoch 9
2025-11-28 16:08:40.429002: Current learning rate: 0.00973
2025-11-28 16:09:21.067204: train_loss 0.6633
2025-11-28 16:09:21.083974: val_loss 1.8978
2025-11-28 16:09:21.086074: val classification accuracy 0.42
2025-11-28 16:09:21.087901: val auc 0.4712
2025-11-28 16:09:21.089731: Epoch time: 40.64 s
2025-11-28 16:09:21.813368: 
2025-11-28 16:09:21.815601: Epoch 10
2025-11-28 16:09:21.817230: Current learning rate: 0.0097
2025-11-28 16:09:58.894676: train_loss 0.7
2025-11-28 16:09:58.899472: val_loss 1.5413
2025-11-28 16:09:58.901883: val classification accuracy 0.42
2025-11-28 16:09:58.904708: val auc 0.4752
2025-11-28 16:09:58.907630: Epoch time: 37.08 s
2025-11-28 16:09:59.672912: 
2025-11-28 16:09:59.676447: Epoch 11
2025-11-28 16:09:59.678834: Current learning rate: 0.00967
2025-11-28 16:10:39.244870: train_loss 0.6746
2025-11-28 16:10:39.248699: val_loss 0.7172
2025-11-28 16:10:39.270026: val classification accuracy 0.66
2025-11-28 16:10:39.278725: val auc 0.5848
2025-11-28 16:10:39.286536: Epoch time: 39.57 s
2025-11-28 16:10:39.302117: Yayy! New best classification accuracy: 0.66
2025-11-28 16:10:40.665958: 
2025-11-28 16:10:40.669421: Epoch 12
2025-11-28 16:10:40.671790: Current learning rate: 0.00964
2025-11-28 16:11:15.845408: train_loss 0.6443
2025-11-28 16:11:15.849711: val_loss 1.8271
2025-11-28 16:11:15.852042: val classification accuracy 0.54
2025-11-28 16:11:15.854179: val auc 0.4656
2025-11-28 16:11:15.856479: Epoch time: 35.18 s
2025-11-28 16:11:16.599672: 
2025-11-28 16:11:16.602673: Epoch 13
2025-11-28 16:11:16.604959: Current learning rate: 0.00961
2025-11-28 16:11:55.383336: train_loss 0.704
2025-11-28 16:11:55.387292: val_loss 0.7427
2025-11-28 16:11:55.396416: val classification accuracy 0.4
2025-11-28 16:11:55.399432: val auc 0.3224
2025-11-28 16:11:55.406487: Epoch time: 38.79 s
2025-11-28 16:11:56.156701: 
2025-11-28 16:11:56.159924: Epoch 14
2025-11-28 16:11:56.162334: Current learning rate: 0.00958
2025-11-28 16:12:31.666962: train_loss 0.6932
2025-11-28 16:12:31.672330: val_loss 0.8556
2025-11-28 16:12:31.676193: val classification accuracy 0.46
2025-11-28 16:12:31.679996: val auc 0.3056
2025-11-28 16:12:31.683999: Epoch time: 35.51 s
2025-11-28 16:12:32.402403: 
2025-11-28 16:12:32.418260: Epoch 15
2025-11-28 16:12:32.422789: Current learning rate: 0.00955
2025-11-28 16:13:10.221658: train_loss 0.6952
2025-11-28 16:13:10.230159: val_loss 1.7128
2025-11-28 16:13:10.233496: val classification accuracy 0.56
2025-11-28 16:13:10.236233: val auc 0.504
2025-11-28 16:13:10.239042: Epoch time: 37.82 s
2025-11-28 16:13:10.965954: 
2025-11-28 16:13:10.969309: Epoch 16
2025-11-28 16:13:10.971655: Current learning rate: 0.00952
2025-11-28 16:13:48.432714: train_loss 0.6962
2025-11-28 16:13:48.454215: val_loss 0.8751
2025-11-28 16:13:48.456948: val classification accuracy 0.54
2025-11-28 16:13:48.459686: val auc 0.5144
2025-11-28 16:13:48.462624: Epoch time: 37.47 s
2025-11-28 16:13:49.191442: 
2025-11-28 16:13:49.194381: Epoch 17
2025-11-28 16:13:49.196756: Current learning rate: 0.00949
2025-11-28 16:14:26.089925: train_loss 0.6713
2025-11-28 16:14:26.103264: val_loss 0.7478
2025-11-28 16:14:26.106311: val classification accuracy 0.56
2025-11-28 16:14:26.110357: val auc 0.5616
2025-11-28 16:14:26.113135: Epoch time: 36.9 s
2025-11-28 16:14:27.235419: 
2025-11-28 16:14:27.238774: Epoch 18
2025-11-28 16:14:27.241256: Current learning rate: 0.00946
2025-11-28 16:15:06.029063: train_loss 0.6843
2025-11-28 16:15:06.033391: val_loss 0.8724
2025-11-28 16:15:06.036007: val classification accuracy 0.66
2025-11-28 16:15:06.038574: val auc 0.684
2025-11-28 16:15:06.041172: Epoch time: 38.8 s
2025-11-28 16:15:06.043280: Yayy! New best EMA pseudo Dice: 0.684
2025-11-28 16:15:07.460831: 
2025-11-28 16:15:07.463803: Epoch 19
2025-11-28 16:15:07.465911: Current learning rate: 0.00943
2025-11-28 16:15:44.666477: train_loss 0.6657
2025-11-28 16:15:44.671680: val_loss 1.0446
2025-11-28 16:15:44.675063: val classification accuracy 0.5
2025-11-28 16:15:44.678003: val auc 0.3568
2025-11-28 16:15:44.680987: Epoch time: 37.21 s
2025-11-28 16:15:45.370777: Saved periodic checkpoint /hpf/projects/jquon/sumin/nnUNet_data/nnUNet_results/Dataset033_AVM_T1+C/DenseNetTrainer_ep300__nnUNetResEncUNetLPlans__3d_fullres/fold_0/checkpoint_every20_best_balacc.pth at epoch 19 with val_balanced_accuracy=0.5000
2025-11-28 16:15:46.072376: 
2025-11-28 16:15:46.075277: Epoch 20
2025-11-28 16:15:46.077637: Current learning rate: 0.0094
2025-11-28 16:16:22.330549: train_loss 0.6652
2025-11-28 16:16:22.334718: val_loss 0.8171
2025-11-28 16:16:22.336900: val classification accuracy 0.58
2025-11-28 16:16:22.339137: val auc 0.5848
2025-11-28 16:16:22.341460: Epoch time: 36.26 s
2025-11-28 16:16:23.092191: 
2025-11-28 16:16:23.095113: Epoch 21
2025-11-28 16:16:23.097217: Current learning rate: 0.00937
2025-11-28 16:17:03.634901: train_loss 0.6799
2025-11-28 16:17:03.639042: val_loss 0.8871
2025-11-28 16:17:03.641937: val classification accuracy 0.5
2025-11-28 16:17:03.644788: val auc 0.4528
2025-11-28 16:17:03.647755: Epoch time: 40.54 s
2025-11-28 16:17:04.362291: 
2025-11-28 16:17:04.366090: Epoch 22
2025-11-28 16:17:04.369010: Current learning rate: 0.00934
2025-11-28 16:17:41.858233: train_loss 0.6752
2025-11-28 16:17:41.878743: val_loss 0.7273
2025-11-28 16:17:41.882169: val classification accuracy 0.54
2025-11-28 16:17:41.885046: val auc 0.4064
2025-11-28 16:17:41.887578: Epoch time: 37.5 s
2025-11-28 16:17:43.046804: 
2025-11-28 16:17:43.049852: Epoch 23
2025-11-28 16:17:43.052149: Current learning rate: 0.00931
2025-11-28 16:18:19.838449: train_loss 0.6616
2025-11-28 16:18:19.842863: val_loss 0.7519
2025-11-28 16:18:19.846189: val classification accuracy 0.54
2025-11-28 16:18:19.849204: val auc 0.5464
2025-11-28 16:18:19.852116: Epoch time: 36.79 s
2025-11-28 16:18:20.574284: 
2025-11-28 16:18:20.577946: Epoch 24
2025-11-28 16:18:20.580327: Current learning rate: 0.00928
2025-11-28 16:18:59.653904: train_loss 0.6651
2025-11-28 16:18:59.680578: val_loss 0.7128
2025-11-28 16:18:59.685133: val classification accuracy 0.56
2025-11-28 16:18:59.687826: val auc 0.6104
2025-11-28 16:18:59.690368: Epoch time: 39.08 s
2025-11-28 16:19:00.417487: 
2025-11-28 16:19:00.420656: Epoch 25
2025-11-28 16:19:00.423003: Current learning rate: 0.00925
2025-11-28 16:19:36.026864: train_loss 0.6872
2025-11-28 16:19:36.043361: val_loss 1.0549
2025-11-28 16:19:36.068164: val classification accuracy 0.44
2025-11-28 16:19:36.071187: val auc 0.48
2025-11-28 16:19:36.073954: Epoch time: 35.61 s
2025-11-28 16:19:36.811130: 
2025-11-28 16:19:36.814647: Epoch 26
2025-11-28 16:19:36.817263: Current learning rate: 0.00922
2025-11-28 16:20:16.236716: train_loss 0.6891
2025-11-28 16:20:16.241140: val_loss 0.6985
2025-11-28 16:20:16.244295: val classification accuracy 0.5
2025-11-28 16:20:16.247370: val auc 0.5336
2025-11-28 16:20:16.250391: Epoch time: 39.43 s
2025-11-28 16:20:16.978312: 
2025-11-28 16:20:16.990113: Epoch 27
2025-11-28 16:20:16.992821: Current learning rate: 0.00919
2025-11-28 16:20:55.543065: train_loss 0.6597
2025-11-28 16:20:55.547025: val_loss 0.8087
2025-11-28 16:20:55.549802: val classification accuracy 0.56
2025-11-28 16:20:55.552178: val auc 0.5376
2025-11-28 16:20:55.554704: Epoch time: 38.57 s
2025-11-28 16:20:56.287042: 
2025-11-28 16:20:56.290266: Epoch 28
2025-11-28 16:20:56.292591: Current learning rate: 0.00916
2025-11-28 16:21:36.350058: train_loss 0.6455
2025-11-28 16:21:36.355265: val_loss 0.9488
2025-11-28 16:21:36.357763: val classification accuracy 0.5
2025-11-28 16:21:36.360107: val auc 0.4824
2025-11-28 16:21:36.362690: Epoch time: 40.06 s
2025-11-28 16:21:37.097518: 
2025-11-28 16:21:37.100714: Epoch 29
2025-11-28 16:21:37.103044: Current learning rate: 0.00913
2025-11-28 16:22:16.807963: train_loss 0.6756
2025-11-28 16:22:16.822627: val_loss 0.853
2025-11-28 16:22:16.825353: val classification accuracy 0.52
2025-11-28 16:22:16.827834: val auc 0.5712
2025-11-28 16:22:16.830357: Epoch time: 39.71 s
2025-11-28 16:22:17.610186: 
2025-11-28 16:22:17.613256: Epoch 30
2025-11-28 16:22:17.615745: Current learning rate: 0.0091
2025-11-28 16:22:57.825501: train_loss 0.6853
2025-11-28 16:22:57.839968: val_loss 0.7568
2025-11-28 16:22:57.843197: val classification accuracy 0.44
2025-11-28 16:22:57.850595: val auc 0.4336
2025-11-28 16:22:57.880004: Epoch time: 40.22 s
2025-11-28 16:22:58.622271: 
2025-11-28 16:22:58.625270: Epoch 31
2025-11-28 16:22:58.627624: Current learning rate: 0.00907
2025-11-28 16:23:36.855752: train_loss 0.6589
2025-11-28 16:23:36.876495: val_loss 0.8829
2025-11-28 16:23:36.879797: val classification accuracy 0.54
2025-11-28 16:23:36.885111: val auc 0.5088
2025-11-28 16:23:36.887483: Epoch time: 38.24 s
2025-11-28 16:23:37.623916: 
2025-11-28 16:23:37.627066: Epoch 32
2025-11-28 16:23:37.629228: Current learning rate: 0.00903
2025-11-28 16:24:13.938626: train_loss 0.6768
2025-11-28 16:24:13.950011: val_loss 0.799
2025-11-28 16:24:13.952930: val classification accuracy 0.42
2025-11-28 16:24:13.956611: val auc 0.4272
2025-11-28 16:24:13.960123: Epoch time: 36.32 s
2025-11-28 16:24:14.747124: 
2025-11-28 16:24:14.750036: Epoch 33
2025-11-28 16:24:14.752388: Current learning rate: 0.009
2025-11-28 16:24:51.192866: train_loss 0.699
2025-11-28 16:24:51.200104: val_loss 0.7619
2025-11-28 16:24:51.202655: val classification accuracy 0.6
2025-11-28 16:24:51.205379: val auc 0.5656
2025-11-28 16:24:51.238976: Epoch time: 36.45 s
2025-11-28 16:24:51.988102: 
2025-11-28 16:24:51.991355: Epoch 34
2025-11-28 16:24:51.993866: Current learning rate: 0.00897
2025-11-28 16:25:30.162189: train_loss 0.6736
2025-11-28 16:25:30.172513: val_loss 0.7698
2025-11-28 16:25:30.199476: val classification accuracy 0.52
2025-11-28 16:25:30.202413: val auc 0.4208
2025-11-28 16:25:30.205022: Epoch time: 38.18 s
2025-11-28 16:25:30.927553: 
2025-11-28 16:25:30.930677: Epoch 35
2025-11-28 16:25:30.933102: Current learning rate: 0.00894
2025-11-28 16:26:07.920687: train_loss 0.669
2025-11-28 16:26:07.934418: val_loss 0.7075
2025-11-28 16:26:07.942989: val classification accuracy 0.46
2025-11-28 16:26:07.949659: val auc 0.496
2025-11-28 16:26:07.952282: Epoch time: 36.99 s
2025-11-28 16:26:08.674703: 
2025-11-28 16:26:08.677613: Epoch 36
2025-11-28 16:26:08.680097: Current learning rate: 0.00891
2025-11-28 16:26:45.140916: train_loss 0.6451
2025-11-28 16:26:45.146362: val_loss 0.9519
2025-11-28 16:26:45.149013: val classification accuracy 0.42
2025-11-28 16:26:45.151710: val auc 0.468
2025-11-28 16:26:45.154493: Epoch time: 36.47 s
2025-11-28 16:26:45.877840: 
2025-11-28 16:26:45.881056: Epoch 37
2025-11-28 16:26:45.883397: Current learning rate: 0.00888
2025-11-28 16:27:22.780964: train_loss 0.6937
2025-11-28 16:27:22.791016: val_loss 0.808
2025-11-28 16:27:22.794698: val classification accuracy 0.42
2025-11-28 16:27:22.797241: val auc 0.3664
2025-11-28 16:27:22.799822: Epoch time: 36.9 s
2025-11-28 16:27:23.531921: 
2025-11-28 16:27:23.535254: Epoch 38
2025-11-28 16:27:23.537364: Current learning rate: 0.00885
2025-11-28 16:28:00.369035: train_loss 0.6849
2025-11-28 16:28:00.380840: val_loss 0.751
2025-11-28 16:28:00.406977: val classification accuracy 0.5
2025-11-28 16:28:00.409689: val auc 0.3712
2025-11-28 16:28:00.412243: Epoch time: 36.84 s
2025-11-28 16:28:01.127486: 
2025-11-28 16:28:01.130649: Epoch 39
2025-11-28 16:28:01.133084: Current learning rate: 0.00882
2025-11-28 16:28:39.072782: train_loss 0.6561
2025-11-28 16:28:39.103666: val_loss 0.786
2025-11-28 16:28:39.107054: val classification accuracy 0.5
2025-11-28 16:28:39.110497: val auc 0.5376
2025-11-28 16:28:39.115367: Epoch time: 37.95 s
2025-11-28 16:28:39.859870: 
2025-11-28 16:28:39.862973: Epoch 40
2025-11-28 16:28:39.865332: Current learning rate: 0.00879
2025-11-28 16:29:19.185071: train_loss 0.6829
2025-11-28 16:29:19.189516: val_loss 0.7653
2025-11-28 16:29:19.192083: val classification accuracy 0.46
2025-11-28 16:29:19.194586: val auc 0.4176
2025-11-28 16:29:19.197220: Epoch time: 39.33 s
2025-11-28 16:29:19.929341: 
2025-11-28 16:29:19.932323: Epoch 41
2025-11-28 16:29:19.934806: Current learning rate: 0.00876
2025-11-28 16:29:59.020837: train_loss 0.6633
2025-11-28 16:29:59.036171: val_loss 0.7849
2025-11-28 16:29:59.038687: val classification accuracy 0.48
2025-11-28 16:29:59.050108: val auc 0.5072
2025-11-28 16:29:59.053226: Epoch time: 39.09 s
2025-11-28 16:29:59.768099: 
2025-11-28 16:29:59.771358: Epoch 42
2025-11-28 16:29:59.773631: Current learning rate: 0.00873
2025-11-28 16:30:37.134023: train_loss 0.6621
2025-11-28 16:30:37.177616: val_loss 0.7684
2025-11-28 16:30:37.180903: val classification accuracy 0.48
2025-11-28 16:30:37.183584: val auc 0.4232
2025-11-28 16:30:37.186555: Epoch time: 37.37 s
2025-11-28 16:30:37.885133: 
2025-11-28 16:30:37.887986: Epoch 43
2025-11-28 16:30:37.890111: Current learning rate: 0.0087
2025-11-28 16:31:15.350321: train_loss 0.6765
2025-11-28 16:31:15.363631: val_loss 1.2473
2025-11-28 16:31:15.389323: val classification accuracy 0.46
2025-11-28 16:31:15.392098: val auc 0.4944
2025-11-28 16:31:15.394665: Epoch time: 37.47 s
2025-11-28 16:31:16.120188: 
2025-11-28 16:31:16.123374: Epoch 44
2025-11-28 16:31:16.125660: Current learning rate: 0.00867
2025-11-28 16:31:55.511233: train_loss 0.664
2025-11-28 16:31:55.516018: val_loss 1.0275
2025-11-28 16:31:55.518786: val classification accuracy 0.5
2025-11-28 16:31:55.521493: val auc 0.4952
2025-11-28 16:31:55.531630: Epoch time: 39.39 s
2025-11-28 16:31:56.276989: 
2025-11-28 16:31:56.280502: Epoch 45
2025-11-28 16:31:56.282718: Current learning rate: 0.00864
2025-11-28 16:32:34.475809: train_loss 0.673
2025-11-28 16:32:34.522135: val_loss 0.6851
2025-11-28 16:32:34.534255: val classification accuracy 0.54
2025-11-28 16:32:34.536769: val auc 0.5424
2025-11-28 16:32:34.539056: Epoch time: 38.2 s
2025-11-28 16:32:35.243148: 
2025-11-28 16:32:35.246307: Epoch 46
2025-11-28 16:32:35.248485: Current learning rate: 0.00861
2025-11-28 16:33:13.083628: train_loss 0.6617
2025-11-28 16:33:13.087908: val_loss 0.7306
2025-11-28 16:33:13.131852: val classification accuracy 0.5
2025-11-28 16:33:13.139120: val auc 0.4672
2025-11-28 16:33:13.144055: Epoch time: 37.84 s
2025-11-28 16:33:13.859281: 
2025-11-28 16:33:13.862497: Epoch 47
2025-11-28 16:33:13.864661: Current learning rate: 0.00858
2025-11-28 16:33:51.578958: train_loss 0.6514
2025-11-28 16:33:51.582597: val_loss 0.8248
2025-11-28 16:33:51.586054: val classification accuracy 0.46
2025-11-28 16:33:51.588688: val auc 0.4864
2025-11-28 16:33:51.591513: Epoch time: 37.72 s
2025-11-28 16:33:52.335578: 
2025-11-28 16:33:52.338630: Epoch 48
2025-11-28 16:33:52.340821: Current learning rate: 0.00855
2025-11-28 16:34:31.362908: train_loss 0.652
2025-11-28 16:34:31.372681: val_loss 0.7721
2025-11-28 16:34:31.375379: val classification accuracy 0.42
2025-11-28 16:34:31.379910: val auc 0.504
2025-11-28 16:34:31.391226: Epoch time: 39.03 s
2025-11-28 16:34:32.153530: 
2025-11-28 16:34:32.156582: Epoch 49
2025-11-28 16:34:32.158872: Current learning rate: 0.00852
2025-11-28 16:35:07.539345: train_loss 0.661
2025-11-28 16:35:07.544000: val_loss 0.7984
2025-11-28 16:35:07.547243: val classification accuracy 0.42
2025-11-28 16:35:07.549799: val auc 0.3936
2025-11-28 16:35:07.552417: Epoch time: 35.39 s
2025-11-28 16:35:08.307914: 
2025-11-28 16:35:08.311245: Epoch 50
2025-11-28 16:35:08.313698: Current learning rate: 0.00849
2025-11-28 16:35:45.885016: train_loss 0.6722
2025-11-28 16:35:45.891165: val_loss 0.7488
2025-11-28 16:35:45.900983: val classification accuracy 0.54
2025-11-28 16:35:45.904041: val auc 0.4848
2025-11-28 16:35:45.906658: Epoch time: 37.58 s
2025-11-28 16:35:46.637174: 
2025-11-28 16:35:46.640147: Epoch 51
2025-11-28 16:35:46.642398: Current learning rate: 0.00846
2025-11-28 16:36:25.266333: train_loss 0.6617
2025-11-28 16:36:25.285223: val_loss 0.8185
2025-11-28 16:36:25.288368: val classification accuracy 0.44
2025-11-28 16:36:25.296700: val auc 0.5072
2025-11-28 16:36:25.299895: Epoch time: 38.63 s
2025-11-28 16:36:26.038317: 
2025-11-28 16:36:26.041516: Epoch 52
2025-11-28 16:36:26.043897: Current learning rate: 0.00843
2025-11-28 16:37:03.069708: train_loss 0.6395
2025-11-28 16:37:03.074767: val_loss 1.3869
2025-11-28 16:37:03.077781: val classification accuracy 0.34
2025-11-28 16:37:03.080473: val auc 0.32
2025-11-28 16:37:03.083005: Epoch time: 37.03 s
2025-11-28 16:37:03.822615: 
2025-11-28 16:37:03.826031: Epoch 53
2025-11-28 16:37:03.828541: Current learning rate: 0.00839
2025-11-28 16:37:43.033914: train_loss 0.6599
2025-11-28 16:37:43.040637: val_loss 0.7638
2025-11-28 16:37:43.043596: val classification accuracy 0.54
2025-11-28 16:37:43.047150: val auc 0.4984
2025-11-28 16:37:43.063320: Epoch time: 39.21 s
2025-11-28 16:37:43.829388: 
2025-11-28 16:37:43.832435: Epoch 54
2025-11-28 16:37:43.834754: Current learning rate: 0.00836
2025-11-28 16:38:24.000925: train_loss 0.644
2025-11-28 16:38:24.016414: val_loss 0.7763
2025-11-28 16:38:24.019331: val classification accuracy 0.4
2025-11-28 16:38:24.022094: val auc 0.4576
2025-11-28 16:38:24.024964: Epoch time: 40.17 s
2025-11-28 16:38:24.798797: 
2025-11-28 16:38:24.802280: Epoch 55
2025-11-28 16:38:24.805100: Current learning rate: 0.00833
2025-11-28 16:39:03.795287: train_loss 0.664
2025-11-28 16:39:03.800692: val_loss 0.711
2025-11-28 16:39:03.812698: val classification accuracy 0.54
2025-11-28 16:39:03.816000: val auc 0.5856
2025-11-28 16:39:03.818785: Epoch time: 39.0 s
2025-11-28 16:39:04.518306: 
2025-11-28 16:39:04.521288: Epoch 56
2025-11-28 16:39:04.523457: Current learning rate: 0.0083
2025-11-28 16:39:40.135116: train_loss 0.6484
2025-11-28 16:39:40.160679: val_loss 0.9183
2025-11-28 16:39:40.183629: val classification accuracy 0.44
2025-11-28 16:39:40.203467: val auc 0.3896
2025-11-28 16:39:40.206055: Epoch time: 35.62 s
2025-11-28 16:39:41.351182: 
2025-11-28 16:39:41.354280: Epoch 57
2025-11-28 16:39:41.356615: Current learning rate: 0.00827
2025-11-28 16:40:21.005650: train_loss 0.6615
2025-11-28 16:40:21.009407: val_loss 0.7486
2025-11-28 16:40:21.011919: val classification accuracy 0.52
2025-11-28 16:40:21.014555: val auc 0.5008
2025-11-28 16:40:21.017133: Epoch time: 39.66 s
2025-11-28 16:40:21.758233: 
2025-11-28 16:40:21.761813: Epoch 58
2025-11-28 16:40:21.764273: Current learning rate: 0.00824
2025-11-28 16:40:59.868149: train_loss 0.6627
2025-11-28 16:40:59.907399: val_loss 0.7175
2025-11-28 16:40:59.910592: val classification accuracy 0.56
2025-11-28 16:40:59.913181: val auc 0.4992
2025-11-28 16:40:59.916161: Epoch time: 38.11 s
2025-11-28 16:41:00.645188: 
2025-11-28 16:41:00.648696: Epoch 59
2025-11-28 16:41:00.651122: Current learning rate: 0.00821
2025-11-28 16:41:37.229840: train_loss 0.6592
2025-11-28 16:41:37.235214: val_loss 0.6
2025-11-28 16:41:37.244766: val classification accuracy 0.68
2025-11-28 16:41:37.247378: val auc 0.7376
2025-11-28 16:41:37.249874: Epoch time: 36.59 s
2025-11-28 16:41:38.004998: Saved periodic checkpoint /hpf/projects/jquon/sumin/nnUNet_data/nnUNet_results/Dataset033_AVM_T1+C/DenseNetTrainer_ep300__nnUNetResEncUNetLPlans__3d_fullres/fold_0/checkpoint_every20_best_balacc.pth at epoch 59 with val_balanced_accuracy=0.6800
2025-11-28 16:41:38.008859: Yayy! New best EMA pseudo Dice: 0.7376
2025-11-28 16:41:38.674173: Yayy! New best classification accuracy: 0.68
2025-11-28 16:41:40.247583: 
2025-11-28 16:41:40.250674: Epoch 60
2025-11-28 16:41:40.253062: Current learning rate: 0.00818
2025-11-28 16:42:17.368619: train_loss 0.642
2025-11-28 16:42:17.373013: val_loss 0.6968
2025-11-28 16:42:17.376182: val classification accuracy 0.58
2025-11-28 16:42:17.379169: val auc 0.6336
2025-11-28 16:42:17.381829: Epoch time: 37.12 s
2025-11-28 16:42:18.097651: 
2025-11-28 16:42:18.101090: Epoch 61
2025-11-28 16:42:18.103579: Current learning rate: 0.00815
2025-11-28 16:42:58.893672: train_loss 0.6475
2025-11-28 16:42:58.907126: val_loss 0.7741
2025-11-28 16:42:58.909811: val classification accuracy 0.54
2025-11-28 16:42:58.912433: val auc 0.576
2025-11-28 16:42:58.914869: Epoch time: 40.8 s
2025-11-28 16:42:59.652381: 
2025-11-28 16:42:59.655448: Epoch 62
2025-11-28 16:42:59.657885: Current learning rate: 0.00812
2025-11-28 16:43:36.226315: train_loss 0.6478
2025-11-28 16:43:36.231376: val_loss 0.6365
2025-11-28 16:43:36.234052: val classification accuracy 0.7
2025-11-28 16:43:36.236715: val auc 0.716
2025-11-28 16:43:36.239457: Epoch time: 36.58 s
2025-11-28 16:43:36.241701: Yayy! New best classification accuracy: 0.7
2025-11-28 16:43:37.605422: 
2025-11-28 16:43:37.608527: Epoch 63
2025-11-28 16:43:37.610666: Current learning rate: 0.00809
2025-11-28 16:44:14.655378: train_loss 0.6432
2025-11-28 16:44:14.659636: val_loss 0.6566
2025-11-28 16:44:14.662394: val classification accuracy 0.62
2025-11-28 16:44:14.664950: val auc 0.7296
2025-11-28 16:44:14.667621: Epoch time: 37.05 s
2025-11-28 16:44:15.398078: 
2025-11-28 16:44:15.401339: Epoch 64
2025-11-28 16:44:15.403830: Current learning rate: 0.00806
2025-11-28 16:44:52.356967: train_loss 0.6751
2025-11-28 16:44:52.384608: val_loss 0.6533
2025-11-28 16:44:52.387784: val classification accuracy 0.6
2025-11-28 16:44:52.390666: val auc 0.68
2025-11-28 16:44:52.393067: Epoch time: 36.96 s
2025-11-28 16:44:53.108490: 
2025-11-28 16:44:53.111774: Epoch 65
2025-11-28 16:44:53.114532: Current learning rate: 0.00803
2025-11-28 16:45:32.350917: train_loss 0.6436
2025-11-28 16:45:32.369525: val_loss 1.0268
2025-11-28 16:45:32.372333: val classification accuracy 0.58
2025-11-28 16:45:32.374797: val auc 0.5712
2025-11-28 16:45:32.377363: Epoch time: 39.24 s
2025-11-28 16:45:33.092011: 
2025-11-28 16:45:33.095719: Epoch 66
2025-11-28 16:45:33.098240: Current learning rate: 0.008
2025-11-28 16:46:14.543107: train_loss 0.6482
2025-11-28 16:46:14.576368: val_loss 0.7448
2025-11-28 16:46:14.579644: val classification accuracy 0.48
2025-11-28 16:46:14.582789: val auc 0.5056
2025-11-28 16:46:14.593813: Epoch time: 41.45 s
2025-11-28 16:46:15.313289: 
2025-11-28 16:46:15.316929: Epoch 67
2025-11-28 16:46:15.319654: Current learning rate: 0.00797
2025-11-28 16:46:56.102576: train_loss 0.6379
2025-11-28 16:46:56.106768: val_loss 0.9367
2025-11-28 16:46:56.109445: val classification accuracy 0.44
2025-11-28 16:46:56.111901: val auc 0.4992
2025-11-28 16:46:56.114465: Epoch time: 40.79 s
2025-11-28 16:46:56.846203: 
2025-11-28 16:46:56.849552: Epoch 68
2025-11-28 16:46:56.851894: Current learning rate: 0.00793
2025-11-28 16:47:35.778888: train_loss 0.6752
2025-11-28 16:47:35.788001: val_loss 0.7185
2025-11-28 16:47:35.794167: val classification accuracy 0.48
2025-11-28 16:47:35.797044: val auc 0.5792
2025-11-28 16:47:35.799729: Epoch time: 38.93 s
2025-11-28 16:47:36.524048: 
2025-11-28 16:47:36.527262: Epoch 69
2025-11-28 16:47:36.529619: Current learning rate: 0.0079
2025-11-28 16:48:14.771276: train_loss 0.662
2025-11-28 16:48:14.775037: val_loss 0.6903
2025-11-28 16:48:14.777975: val classification accuracy 0.6
2025-11-28 16:48:14.780742: val auc 0.664
2025-11-28 16:48:14.783379: Epoch time: 38.25 s
2025-11-28 16:48:15.495760: 
2025-11-28 16:48:15.498996: Epoch 70
2025-11-28 16:48:15.501559: Current learning rate: 0.00787
2025-11-28 16:48:52.493978: train_loss 0.6498
2025-11-28 16:48:52.501246: val_loss 0.9665
2025-11-28 16:48:52.504121: val classification accuracy 0.5
2025-11-28 16:48:52.509937: val auc 0.5072
2025-11-28 16:48:52.512852: Epoch time: 37.0 s
2025-11-28 16:48:53.240962: 
2025-11-28 16:48:53.244624: Epoch 71
2025-11-28 16:48:53.247079: Current learning rate: 0.00784
2025-11-28 16:49:33.344166: train_loss 0.6591
2025-11-28 16:49:33.347701: val_loss 1.1006
2025-11-28 16:49:33.350152: val classification accuracy 0.42
2025-11-28 16:49:33.352512: val auc 0.388
2025-11-28 16:49:33.355413: Epoch time: 40.1 s
2025-11-28 16:49:34.066745: 
2025-11-28 16:49:34.069578: Epoch 72
2025-11-28 16:49:34.071798: Current learning rate: 0.00781
2025-11-28 16:50:12.677540: train_loss 0.6346
2025-11-28 16:50:12.681779: val_loss 0.9627
2025-11-28 16:50:12.684162: val classification accuracy 0.54
2025-11-28 16:50:12.686600: val auc 0.4512
2025-11-28 16:50:12.688977: Epoch time: 38.61 s
2025-11-28 16:50:13.399345: 
2025-11-28 16:50:13.402598: Epoch 73
2025-11-28 16:50:13.404957: Current learning rate: 0.00778
2025-11-28 16:50:49.065424: train_loss 0.6276
2025-11-28 16:50:49.075859: val_loss 1.1799
2025-11-28 16:50:49.078703: val classification accuracy 0.56
2025-11-28 16:50:49.081424: val auc 0.5248
2025-11-28 16:50:49.083846: Epoch time: 35.67 s
2025-11-28 16:50:49.802581: 
2025-11-28 16:50:49.805579: Epoch 74
2025-11-28 16:50:49.808018: Current learning rate: 0.00775
2025-11-28 16:51:25.971571: train_loss 0.6027
2025-11-28 16:51:25.976153: val_loss 1.5814
2025-11-28 16:51:25.989949: val classification accuracy 0.44
2025-11-28 16:51:25.993090: val auc 0.3912
2025-11-28 16:51:26.002441: Epoch time: 36.17 s
2025-11-28 16:51:26.715872: 
2025-11-28 16:51:26.719569: Epoch 75
2025-11-28 16:51:26.721969: Current learning rate: 0.00772
2025-11-28 16:52:04.275038: train_loss 0.6739
2025-11-28 16:52:04.279178: val_loss 0.5887
2025-11-28 16:52:04.282061: val classification accuracy 0.68
2025-11-28 16:52:04.286446: val auc 0.7488
2025-11-28 16:52:04.289222: Epoch time: 37.56 s
2025-11-28 16:52:04.291756: Yayy! New best EMA pseudo Dice: 0.7488
2025-11-28 16:52:05.669169: 
2025-11-28 16:52:05.672286: Epoch 76
2025-11-28 16:52:05.674483: Current learning rate: 0.00769
2025-11-28 16:52:43.631943: train_loss 0.6149
2025-11-28 16:52:43.647735: val_loss 2.4542
2025-11-28 16:52:43.653647: val classification accuracy 0.42
2025-11-28 16:52:43.656512: val auc 0.3984
2025-11-28 16:52:43.659279: Epoch time: 37.96 s
2025-11-28 16:52:44.392465: 
2025-11-28 16:52:44.395752: Epoch 77
2025-11-28 16:52:44.398298: Current learning rate: 0.00766
2025-11-28 16:53:22.833555: train_loss 0.6934
2025-11-28 16:53:22.849100: val_loss 0.6736
2025-11-28 16:53:22.852232: val classification accuracy 0.56
2025-11-28 16:53:22.855151: val auc 0.616
2025-11-28 16:53:22.858222: Epoch time: 38.44 s
2025-11-28 16:53:23.592743: 
2025-11-28 16:53:23.596196: Epoch 78
2025-11-28 16:53:23.598567: Current learning rate: 0.00763
2025-11-28 16:54:03.519653: train_loss 0.6244
2025-11-28 16:54:03.523790: val_loss 0.8373
2025-11-28 16:54:03.526503: val classification accuracy 0.54
2025-11-28 16:54:03.529140: val auc 0.5568
2025-11-28 16:54:03.536329: Epoch time: 39.93 s
2025-11-28 16:54:04.268827: 
2025-11-28 16:54:04.272157: Epoch 79
2025-11-28 16:54:04.274688: Current learning rate: 0.0076
2025-11-28 16:54:43.098548: train_loss 0.633
2025-11-28 16:54:43.110917: val_loss 0.9388
2025-11-28 16:54:43.113781: val classification accuracy 0.42
2025-11-28 16:54:43.124668: val auc 0.3568
2025-11-28 16:54:43.128091: Epoch time: 38.83 s
2025-11-28 16:54:43.852625: 
2025-11-28 16:54:43.856318: Epoch 80
2025-11-28 16:54:43.858806: Current learning rate: 0.00756
2025-11-28 16:55:23.643062: train_loss 0.6392
2025-11-28 16:55:23.665193: val_loss 0.7565
2025-11-28 16:55:23.667610: val classification accuracy 0.52
2025-11-28 16:55:23.670094: val auc 0.5456
2025-11-28 16:55:23.672392: Epoch time: 39.79 s
2025-11-28 16:55:24.388359: 
2025-11-28 16:55:24.391963: Epoch 81
2025-11-28 16:55:24.394450: Current learning rate: 0.00753
2025-11-28 16:56:04.850142: train_loss 0.6403
2025-11-28 16:56:04.874923: val_loss 0.7779
2025-11-28 16:56:04.878435: val classification accuracy 0.52
2025-11-28 16:56:04.935367: val auc 0.576
2025-11-28 16:56:04.971888: Epoch time: 40.46 s
2025-11-28 16:56:05.689166: 
2025-11-28 16:56:05.692450: Epoch 82
2025-11-28 16:56:05.696565: Current learning rate: 0.0075
2025-11-28 16:56:43.761437: train_loss 0.623
2025-11-28 16:56:43.780121: val_loss 0.9419
2025-11-28 16:56:43.791899: val classification accuracy 0.46
2025-11-28 16:56:43.801520: val auc 0.4208
2025-11-28 16:56:43.804466: Epoch time: 38.07 s
2025-11-28 16:56:44.527695: 
2025-11-28 16:56:44.531425: Epoch 83
2025-11-28 16:56:44.533970: Current learning rate: 0.00747
2025-11-28 16:57:21.866488: train_loss 0.6482
2025-11-28 16:57:21.888259: val_loss 0.7856
2025-11-28 16:57:21.894359: val classification accuracy 0.54
2025-11-28 16:57:21.897493: val auc 0.5368
2025-11-28 16:57:21.901299: Epoch time: 37.34 s
2025-11-28 16:57:22.640097: 
2025-11-28 16:57:22.643722: Epoch 84
2025-11-28 16:57:22.646485: Current learning rate: 0.00744
2025-11-28 16:58:03.172894: train_loss 0.664
2025-11-28 16:58:03.177520: val_loss 0.8869
2025-11-28 16:58:03.200687: val classification accuracy 0.42
2025-11-28 16:58:03.203520: val auc 0.3488
2025-11-28 16:58:03.222170: Epoch time: 40.53 s
2025-11-28 16:58:03.981543: 
2025-11-28 16:58:03.984773: Epoch 85
2025-11-28 16:58:03.987278: Current learning rate: 0.00741
2025-11-28 16:58:43.990230: train_loss 0.6251
2025-11-28 16:58:43.994793: val_loss 0.884
2025-11-28 16:58:43.997707: val classification accuracy 0.5
2025-11-28 16:58:44.000765: val auc 0.456
2025-11-28 16:58:44.003852: Epoch time: 40.01 s
2025-11-28 16:58:45.251227: 
2025-11-28 16:58:45.255031: Epoch 86
2025-11-28 16:58:45.257674: Current learning rate: 0.00738
2025-11-28 16:59:24.418797: train_loss 0.6629
2025-11-28 16:59:24.424188: val_loss 0.8494
2025-11-28 16:59:24.427322: val classification accuracy 0.54
2025-11-28 16:59:24.430123: val auc 0.5072
2025-11-28 16:59:24.432954: Epoch time: 39.17 s
2025-11-28 16:59:25.177041: 
2025-11-28 16:59:25.180517: Epoch 87
2025-11-28 16:59:25.182884: Current learning rate: 0.00735
2025-11-28 17:00:03.881860: train_loss 0.5979
2025-11-28 17:00:03.896170: val_loss 1.1117
2025-11-28 17:00:03.898916: val classification accuracy 0.48
2025-11-28 17:00:03.901549: val auc 0.4592
2025-11-28 17:00:03.904338: Epoch time: 38.71 s
2025-11-28 17:00:04.638644: 
2025-11-28 17:00:04.641957: Epoch 88
2025-11-28 17:00:04.644341: Current learning rate: 0.00732
2025-11-28 17:00:43.166179: train_loss 0.6029
2025-11-28 17:00:43.226174: val_loss 1.0664
2025-11-28 17:00:43.243264: val classification accuracy 0.42
2025-11-28 17:00:43.255800: val auc 0.4192
2025-11-28 17:00:43.261588: Epoch time: 38.53 s
2025-11-28 17:00:43.977380: 
2025-11-28 17:00:43.980642: Epoch 89
2025-11-28 17:00:43.983261: Current learning rate: 0.00729
2025-11-28 17:01:21.435657: train_loss 0.6789
2025-11-28 17:01:21.440160: val_loss 0.7544
2025-11-28 17:01:21.444797: val classification accuracy 0.54
2025-11-28 17:01:21.448151: val auc 0.5112
2025-11-28 17:01:21.450843: Epoch time: 37.46 s
2025-11-28 17:01:22.177319: 
2025-11-28 17:01:22.180493: Epoch 90
2025-11-28 17:01:22.183162: Current learning rate: 0.00725
2025-11-28 17:02:00.119667: train_loss 0.6404
2025-11-28 17:02:00.124337: val_loss 0.6481
2025-11-28 17:02:00.127032: val classification accuracy 0.66
2025-11-28 17:02:00.129636: val auc 0.7264
2025-11-28 17:02:00.132148: Epoch time: 37.94 s
2025-11-28 17:02:01.358666: 
2025-11-28 17:02:01.361950: Epoch 91
2025-11-28 17:02:01.364389: Current learning rate: 0.00722
2025-11-28 17:02:37.691809: train_loss 0.632
2025-11-28 17:02:37.695696: val_loss 0.6271
2025-11-28 17:02:37.698763: val classification accuracy 0.66
2025-11-28 17:02:37.701504: val auc 0.7488
2025-11-28 17:02:37.704169: Epoch time: 36.33 s
2025-11-28 17:02:38.421888: 
2025-11-28 17:02:38.424736: Epoch 92
2025-11-28 17:02:38.426824: Current learning rate: 0.00719
2025-11-28 17:03:16.129786: train_loss 0.6212
2025-11-28 17:03:16.134700: val_loss 0.7177
2025-11-28 17:03:16.137997: val classification accuracy 0.6
2025-11-28 17:03:16.140707: val auc 0.6208
2025-11-28 17:03:16.143529: Epoch time: 37.71 s
2025-11-28 17:03:16.869883: 
2025-11-28 17:03:16.873534: Epoch 93
2025-11-28 17:03:16.875988: Current learning rate: 0.00716
2025-11-28 17:03:56.250559: train_loss 0.646
2025-11-28 17:03:56.254835: val_loss 0.7277
2025-11-28 17:03:56.257784: val classification accuracy 0.54
2025-11-28 17:03:56.260550: val auc 0.6368
2025-11-28 17:03:56.263375: Epoch time: 39.38 s
2025-11-28 17:03:57.000948: 
2025-11-28 17:03:57.004600: Epoch 94
2025-11-28 17:03:57.007197: Current learning rate: 0.00713
2025-11-28 17:04:35.492679: train_loss 0.5931
2025-11-28 17:04:35.529721: val_loss 0.7166
2025-11-28 17:04:35.532259: val classification accuracy 0.62
2025-11-28 17:04:35.534698: val auc 0.6848
2025-11-28 17:04:35.537633: Epoch time: 38.49 s
2025-11-28 17:04:36.259842: 
2025-11-28 17:04:36.263385: Epoch 95
2025-11-28 17:04:36.265784: Current learning rate: 0.0071
2025-11-28 17:05:14.931581: train_loss 0.6714
2025-11-28 17:05:14.935353: val_loss 0.7275
2025-11-28 17:05:14.937991: val classification accuracy 0.4
2025-11-28 17:05:14.940673: val auc 0.5136
2025-11-28 17:05:14.957321: Epoch time: 38.67 s
2025-11-28 17:05:16.262028: 
2025-11-28 17:05:16.265568: Epoch 96
2025-11-28 17:05:16.267889: Current learning rate: 0.00707
2025-11-28 17:05:51.779582: train_loss 0.6464
2025-11-28 17:05:51.795830: val_loss 0.687
2025-11-28 17:05:51.798448: val classification accuracy 0.58
2025-11-28 17:05:51.801003: val auc 0.6448
2025-11-28 17:05:51.803499: Epoch time: 35.52 s
2025-11-28 17:05:52.546643: 
2025-11-28 17:05:52.550031: Epoch 97
2025-11-28 17:05:52.552493: Current learning rate: 0.00704
2025-11-28 17:06:28.492608: train_loss 0.6287
2025-11-28 17:06:28.496953: val_loss 0.9113
2025-11-28 17:06:28.499714: val classification accuracy 0.4
2025-11-28 17:06:28.539097: val auc 0.4208
2025-11-28 17:06:28.542830: Epoch time: 35.95 s
2025-11-28 17:06:29.306033: 
2025-11-28 17:06:29.309238: Epoch 98
2025-11-28 17:06:29.311762: Current learning rate: 0.007
2025-11-28 17:07:09.513011: train_loss 0.6122
2025-11-28 17:07:09.519909: val_loss 0.8315
2025-11-28 17:07:09.544342: val classification accuracy 0.52
2025-11-28 17:07:09.547412: val auc 0.608
2025-11-28 17:07:09.555317: Epoch time: 40.21 s
2025-11-28 17:07:10.270895: 
2025-11-28 17:07:10.274067: Epoch 99
2025-11-28 17:07:10.276448: Current learning rate: 0.00697
2025-11-28 17:07:48.077283: train_loss 0.6858
2025-11-28 17:07:48.089188: val_loss 0.7587
2025-11-28 17:07:48.092153: val classification accuracy 0.48
2025-11-28 17:07:48.096284: val auc 0.5344
2025-11-28 17:07:48.099159: Epoch time: 37.81 s
2025-11-28 17:07:48.860332: 
2025-11-28 17:07:48.863790: Epoch 100
2025-11-28 17:07:48.866336: Current learning rate: 0.00694
2025-11-28 17:08:25.924833: train_loss 0.6305
2025-11-28 17:08:25.939480: val_loss 0.7669
2025-11-28 17:08:25.942799: val classification accuracy 0.52
2025-11-28 17:08:25.945902: val auc 0.5784
2025-11-28 17:08:25.948905: Epoch time: 37.07 s
2025-11-28 17:08:27.120359: 
2025-11-28 17:08:27.123506: Epoch 101
2025-11-28 17:08:27.125959: Current learning rate: 0.00691
2025-11-28 17:09:05.333749: train_loss 0.5868
2025-11-28 17:09:05.337959: val_loss 0.8411
2025-11-28 17:09:05.340729: val classification accuracy 0.62
2025-11-28 17:09:05.343417: val auc 0.672
2025-11-28 17:09:05.346016: Epoch time: 38.22 s
2025-11-28 17:09:06.074391: 
2025-11-28 17:09:06.077832: Epoch 102
2025-11-28 17:09:06.080303: Current learning rate: 0.00688
2025-11-28 17:09:44.625957: train_loss 0.6303
2025-11-28 17:09:44.630641: val_loss 0.7645
2025-11-28 17:09:44.633764: val classification accuracy 0.54
2025-11-28 17:09:44.636646: val auc 0.6544
2025-11-28 17:09:44.652022: Epoch time: 38.55 s
2025-11-28 17:09:45.403226: 
2025-11-28 17:09:45.406768: Epoch 103
2025-11-28 17:09:45.409468: Current learning rate: 0.00685
2025-11-28 17:10:28.157939: train_loss 0.6413
2025-11-28 17:10:28.175260: val_loss 0.7361
2025-11-28 17:10:28.178100: val classification accuracy 0.52
2025-11-28 17:10:28.180658: val auc 0.5744
2025-11-28 17:10:28.183069: Epoch time: 42.76 s
2025-11-28 17:10:28.914502: 
2025-11-28 17:10:28.917561: Epoch 104
2025-11-28 17:10:28.920122: Current learning rate: 0.00682
2025-11-28 17:11:07.737541: train_loss 0.6015
2025-11-28 17:11:07.742672: val_loss 1.172
2025-11-28 17:11:07.745570: val classification accuracy 0.46
2025-11-28 17:11:07.748283: val auc 0.4544
2025-11-28 17:11:07.751235: Epoch time: 38.82 s
2025-11-28 17:11:08.490016: 
2025-11-28 17:11:08.493343: Epoch 105
2025-11-28 17:11:08.496147: Current learning rate: 0.00679
2025-11-28 17:11:44.049725: train_loss 0.6529
2025-11-28 17:11:44.057482: val_loss 0.784
2025-11-28 17:11:44.063107: val classification accuracy 0.58
2025-11-28 17:11:44.065979: val auc 0.5936
2025-11-28 17:11:44.068826: Epoch time: 35.56 s
2025-11-28 17:11:44.782889: 
2025-11-28 17:11:44.786257: Epoch 106
2025-11-28 17:11:44.788864: Current learning rate: 0.00675
2025-11-28 17:12:25.683348: train_loss 0.6386
2025-11-28 17:12:25.687477: val_loss 0.9155
2025-11-28 17:12:25.690069: val classification accuracy 0.44
2025-11-28 17:12:25.692683: val auc 0.4512
2025-11-28 17:12:25.695223: Epoch time: 40.9 s
2025-11-28 17:12:26.449533: 
2025-11-28 17:12:26.453009: Epoch 107
2025-11-28 17:12:26.455482: Current learning rate: 0.00672
2025-11-28 17:13:03.065442: train_loss 0.5915
2025-11-28 17:13:03.069004: val_loss 0.8982
2025-11-28 17:13:03.071940: val classification accuracy 0.46
2025-11-28 17:13:03.074364: val auc 0.6
2025-11-28 17:13:03.076718: Epoch time: 36.62 s
2025-11-28 17:13:03.837762: 
2025-11-28 17:13:03.841169: Epoch 108
2025-11-28 17:13:03.843433: Current learning rate: 0.00669
2025-11-28 17:13:42.957529: train_loss 0.6503
2025-11-28 17:13:42.964831: val_loss 0.7566
2025-11-28 17:13:42.967909: val classification accuracy 0.48
2025-11-28 17:13:42.970908: val auc 0.6304
2025-11-28 17:13:42.975030: Epoch time: 39.12 s
2025-11-28 17:13:43.713583: 
2025-11-28 17:13:43.717001: Epoch 109
2025-11-28 17:13:43.719347: Current learning rate: 0.00666
2025-11-28 17:14:22.028747: train_loss 0.6287
2025-11-28 17:14:22.036687: val_loss 0.7938
2025-11-28 17:14:22.039752: val classification accuracy 0.52
2025-11-28 17:14:22.045352: val auc 0.5536
2025-11-28 17:14:22.048443: Epoch time: 38.32 s
2025-11-28 17:14:22.771272: 
2025-11-28 17:14:22.774697: Epoch 110
2025-11-28 17:14:22.777388: Current learning rate: 0.00663
2025-11-28 17:14:58.943610: train_loss 0.6336
2025-11-28 17:14:58.948182: val_loss 0.8401
2025-11-28 17:14:58.950965: val classification accuracy 0.5
2025-11-28 17:14:58.953936: val auc 0.5664
2025-11-28 17:14:58.960210: Epoch time: 36.17 s
2025-11-28 17:14:59.710075: 
2025-11-28 17:14:59.713308: Epoch 111
2025-11-28 17:14:59.716019: Current learning rate: 0.0066
2025-11-28 17:15:38.287408: train_loss 0.6583
2025-11-28 17:15:38.312535: val_loss 0.7244
2025-11-28 17:15:38.315248: val classification accuracy 0.58
2025-11-28 17:15:38.317910: val auc 0.6016
2025-11-28 17:15:38.320649: Epoch time: 38.58 s
2025-11-28 17:15:39.046918: 
2025-11-28 17:15:39.050301: Epoch 112
2025-11-28 17:15:39.052885: Current learning rate: 0.00657
2025-11-28 17:16:16.780921: train_loss 0.6332
2025-11-28 17:16:16.804848: val_loss 0.8203
2025-11-28 17:16:16.818692: val classification accuracy 0.5
2025-11-28 17:16:16.821731: val auc 0.5688
2025-11-28 17:16:16.824530: Epoch time: 37.74 s
2025-11-28 17:16:17.525664: 
2025-11-28 17:16:17.528974: Epoch 113
2025-11-28 17:16:17.531492: Current learning rate: 0.00654
2025-11-28 17:16:53.424853: train_loss 0.6334
2025-11-28 17:16:53.473358: val_loss 1.0446
2025-11-28 17:16:53.476007: val classification accuracy 0.42
2025-11-28 17:16:53.478923: val auc 0.3904
2025-11-28 17:16:53.485590: Epoch time: 35.9 s
2025-11-28 17:16:54.227494: 
2025-11-28 17:16:54.230909: Epoch 114
2025-11-28 17:16:54.233200: Current learning rate: 0.0065
2025-11-28 17:17:31.748503: train_loss 0.652
2025-11-28 17:17:31.769316: val_loss 0.7584
2025-11-28 17:17:31.847444: val classification accuracy 0.56
2025-11-28 17:17:31.854295: val auc 0.552
2025-11-28 17:17:31.857219: Epoch time: 37.52 s
2025-11-28 17:17:32.565037: 
2025-11-28 17:17:32.568089: Epoch 115
2025-11-28 17:17:32.570584: Current learning rate: 0.00647
2025-11-28 17:18:11.229412: train_loss 0.6058
2025-11-28 17:18:11.233820: val_loss 0.8246
2025-11-28 17:18:11.236691: val classification accuracy 0.62
2025-11-28 17:18:11.242095: val auc 0.6304
2025-11-28 17:18:11.245077: Epoch time: 38.67 s
2025-11-28 17:18:11.953410: 
2025-11-28 17:18:11.956581: Epoch 116
2025-11-28 17:18:11.959039: Current learning rate: 0.00644
2025-11-28 17:18:49.529376: train_loss 0.5989
2025-11-28 17:18:49.534691: val_loss 0.9179
2025-11-28 17:18:49.537871: val classification accuracy 0.52
2025-11-28 17:18:49.540892: val auc 0.5456
2025-11-28 17:18:49.543982: Epoch time: 37.58 s
2025-11-28 17:18:50.317847: 
2025-11-28 17:18:50.321391: Epoch 117
2025-11-28 17:18:50.324039: Current learning rate: 0.00641
2025-11-28 17:19:25.608045: train_loss 0.66
2025-11-28 17:19:25.614898: val_loss 0.8948
2025-11-28 17:19:25.618633: val classification accuracy 0.54
2025-11-28 17:19:25.622093: val auc 0.5248
2025-11-28 17:19:25.638806: Epoch time: 35.29 s
2025-11-28 17:19:26.374834: 
2025-11-28 17:19:26.378290: Epoch 118
2025-11-28 17:19:26.380806: Current learning rate: 0.00638
2025-11-28 17:20:05.754910: train_loss 0.6315
2025-11-28 17:20:05.764075: val_loss 0.8352
2025-11-28 17:20:05.767483: val classification accuracy 0.56
2025-11-28 17:20:05.770274: val auc 0.5216
2025-11-28 17:20:05.799543: Epoch time: 39.38 s
2025-11-28 17:20:06.528480: 
2025-11-28 17:20:06.532042: Epoch 119
2025-11-28 17:20:06.534629: Current learning rate: 0.00635
2025-11-28 17:20:47.297823: train_loss 0.6451
2025-11-28 17:20:47.309227: val_loss 0.9936
2025-11-28 17:20:47.337682: val classification accuracy 0.48
2025-11-28 17:20:47.349042: val auc 0.328
2025-11-28 17:20:47.351691: Epoch time: 40.77 s
2025-11-28 17:20:48.084365: 
2025-11-28 17:20:48.087560: Epoch 120
2025-11-28 17:20:48.090034: Current learning rate: 0.00631
2025-11-28 17:21:26.844429: train_loss 0.6664
2025-11-28 17:21:26.851434: val_loss 0.8146
2025-11-28 17:21:26.854197: val classification accuracy 0.54
2025-11-28 17:21:26.856658: val auc 0.5672
2025-11-28 17:21:26.858991: Epoch time: 38.76 s
2025-11-28 17:21:27.597500: 
2025-11-28 17:21:27.600868: Epoch 121
2025-11-28 17:21:27.603348: Current learning rate: 0.00628
2025-11-28 17:22:04.631092: train_loss 0.6076
2025-11-28 17:22:04.638249: val_loss 1.245
2025-11-28 17:22:04.641515: val classification accuracy 0.48
2025-11-28 17:22:04.644576: val auc 0.4192
2025-11-28 17:22:04.647941: Epoch time: 37.04 s
2025-11-28 17:22:05.353695: 
2025-11-28 17:22:05.357115: Epoch 122
2025-11-28 17:22:05.359956: Current learning rate: 0.00625
2025-11-28 17:22:44.500355: train_loss 0.615
2025-11-28 17:22:44.507609: val_loss 0.8397
2025-11-28 17:22:44.510888: val classification accuracy 0.52
2025-11-28 17:22:44.520233: val auc 0.564
2025-11-28 17:22:44.523712: Epoch time: 39.15 s
2025-11-28 17:22:45.284884: 
2025-11-28 17:22:45.288094: Epoch 123
2025-11-28 17:22:45.290340: Current learning rate: 0.00622
2025-11-28 17:23:23.410901: train_loss 0.6331
2025-11-28 17:23:23.427097: val_loss 0.7741
2025-11-28 17:23:23.442313: val classification accuracy 0.54
2025-11-28 17:23:23.447086: val auc 0.564
2025-11-28 17:23:23.450716: Epoch time: 38.13 s
2025-11-28 17:23:24.188481: 
2025-11-28 17:23:24.192032: Epoch 124
2025-11-28 17:23:24.194737: Current learning rate: 0.00619
2025-11-28 17:24:02.553872: train_loss 0.6453
2025-11-28 17:24:02.564308: val_loss 0.7021
2025-11-28 17:24:02.596340: val classification accuracy 0.52
2025-11-28 17:24:02.599296: val auc 0.636
2025-11-28 17:24:02.602290: Epoch time: 38.37 s
2025-11-28 17:24:03.323196: 
2025-11-28 17:24:03.326264: Epoch 125
2025-11-28 17:24:03.328509: Current learning rate: 0.00616
2025-11-28 17:24:42.697864: train_loss 0.6258
2025-11-28 17:24:42.712600: val_loss 0.956
2025-11-28 17:24:42.715498: val classification accuracy 0.44
2025-11-28 17:24:42.718985: val auc 0.5416
2025-11-28 17:24:42.721806: Epoch time: 39.38 s
2025-11-28 17:24:43.435261: 
2025-11-28 17:24:43.438733: Epoch 126
2025-11-28 17:24:43.441256: Current learning rate: 0.00612
2025-11-28 17:25:23.705813: train_loss 0.5708
2025-11-28 17:25:23.721510: val_loss 1.0563
2025-11-28 17:25:23.724640: val classification accuracy 0.52
2025-11-28 17:25:23.727978: val auc 0.48
2025-11-28 17:25:23.731559: Epoch time: 40.27 s
2025-11-28 17:25:24.496475: 
2025-11-28 17:25:24.500147: Epoch 127
2025-11-28 17:25:24.502628: Current learning rate: 0.00609
2025-11-28 17:26:03.446455: train_loss 0.6196
2025-11-28 17:26:03.451429: val_loss 0.9328
2025-11-28 17:26:03.454962: val classification accuracy 0.48
2025-11-28 17:26:03.490115: val auc 0.5392
2025-11-28 17:26:03.510288: Epoch time: 38.95 s
2025-11-28 17:26:04.224601: 
2025-11-28 17:26:04.228037: Epoch 128
2025-11-28 17:26:04.230856: Current learning rate: 0.00606
2025-11-28 17:26:42.489774: train_loss 0.6129
2025-11-28 17:26:42.499719: val_loss 1.0217
2025-11-28 17:26:42.502971: val classification accuracy 0.5
2025-11-28 17:26:42.506025: val auc 0.5488
2025-11-28 17:26:42.508978: Epoch time: 38.27 s
2025-11-28 17:26:43.266145: 
2025-11-28 17:26:43.269371: Epoch 129
2025-11-28 17:26:43.271892: Current learning rate: 0.00603
2025-11-28 17:27:24.723264: train_loss 0.6269
2025-11-28 17:27:24.728365: val_loss 1.0033
2025-11-28 17:27:24.736293: val classification accuracy 0.58
2025-11-28 17:27:24.746753: val auc 0.6096
2025-11-28 17:27:24.749739: Epoch time: 41.46 s
2025-11-28 17:27:25.458686: 
2025-11-28 17:27:25.462133: Epoch 130
2025-11-28 17:27:25.464658: Current learning rate: 0.006
2025-11-28 17:28:04.840517: train_loss 0.6155
2025-11-28 17:28:04.847636: val_loss 0.781
2025-11-28 17:28:04.850781: val classification accuracy 0.62
2025-11-28 17:28:04.853307: val auc 0.6512
2025-11-28 17:28:04.855754: Epoch time: 39.38 s
2025-11-28 17:28:05.577590: 
2025-11-28 17:28:05.580842: Epoch 131
2025-11-28 17:28:05.583310: Current learning rate: 0.00597
2025-11-28 17:28:43.165598: train_loss 0.6213
2025-11-28 17:28:43.170181: val_loss 1.0171
2025-11-28 17:28:43.182995: val classification accuracy 0.44
2025-11-28 17:28:43.193086: val auc 0.5296
2025-11-28 17:28:43.195701: Epoch time: 37.59 s
2025-11-28 17:28:43.917375: 
2025-11-28 17:28:43.920674: Epoch 132
2025-11-28 17:28:43.923280: Current learning rate: 0.00593
2025-11-28 17:29:22.041509: train_loss 0.6536
2025-11-28 17:29:22.052431: val_loss 0.8631
2025-11-28 17:29:22.055845: val classification accuracy 0.6
2025-11-28 17:29:22.059204: val auc 0.5376
2025-11-28 17:29:22.072242: Epoch time: 38.13 s
2025-11-28 17:29:22.846027: 
2025-11-28 17:29:22.849760: Epoch 133
2025-11-28 17:29:22.852422: Current learning rate: 0.0059
2025-11-28 17:29:58.527126: train_loss 0.6271
2025-11-28 17:29:58.531101: val_loss 0.7473
2025-11-28 17:29:58.534237: val classification accuracy 0.56
2025-11-28 17:29:58.537219: val auc 0.7056
2025-11-28 17:29:58.539928: Epoch time: 35.68 s
2025-11-28 17:29:59.256090: 
2025-11-28 17:29:59.259462: Epoch 134
2025-11-28 17:29:59.262253: Current learning rate: 0.00587
2025-11-28 17:30:35.742036: train_loss 0.6095
2025-11-28 17:30:35.759076: val_loss 1.5665
2025-11-28 17:30:35.762047: val classification accuracy 0.44
2025-11-28 17:30:35.764967: val auc 0.3496
2025-11-28 17:30:35.770756: Epoch time: 36.49 s
2025-11-28 17:30:36.489685: 
2025-11-28 17:30:36.493236: Epoch 135
2025-11-28 17:30:36.495708: Current learning rate: 0.00584
2025-11-28 17:31:14.109166: train_loss 0.6072
2025-11-28 17:31:14.134341: val_loss 1.0048
2025-11-28 17:31:14.144579: val classification accuracy 0.56
2025-11-28 17:31:14.147587: val auc 0.5728
2025-11-28 17:31:14.150444: Epoch time: 37.62 s
2025-11-28 17:31:14.917255: 
2025-11-28 17:31:14.920656: Epoch 136
2025-11-28 17:31:14.923498: Current learning rate: 0.00581
2025-11-28 17:31:54.361014: train_loss 0.5864
2025-11-28 17:31:54.365438: val_loss 0.9864
2025-11-28 17:31:54.368806: val classification accuracy 0.54
2025-11-28 17:31:54.371709: val auc 0.5936
2025-11-28 17:31:54.375009: Epoch time: 39.45 s
2025-11-28 17:31:55.119429: 
2025-11-28 17:31:55.122715: Epoch 137
2025-11-28 17:31:55.125361: Current learning rate: 0.00578
2025-11-28 17:32:35.585007: train_loss 0.5765
2025-11-28 17:32:35.602588: val_loss 1.1925
2025-11-28 17:32:35.606692: val classification accuracy 0.5
2025-11-28 17:32:35.609720: val auc 0.4912
2025-11-28 17:32:35.612641: Epoch time: 40.47 s
2025-11-28 17:32:36.368966: 
2025-11-28 17:32:36.373158: Epoch 138
2025-11-28 17:32:36.375906: Current learning rate: 0.00574
2025-11-28 17:33:16.082827: train_loss 0.6384
2025-11-28 17:33:16.089283: val_loss 0.8412
2025-11-28 17:33:16.092419: val classification accuracy 0.48
2025-11-28 17:33:16.095440: val auc 0.5248
2025-11-28 17:33:16.098236: Epoch time: 39.72 s
2025-11-28 17:33:16.819209: 
2025-11-28 17:33:16.822960: Epoch 139
2025-11-28 17:33:16.825513: Current learning rate: 0.00571
2025-11-28 17:33:59.951080: train_loss 0.6554
2025-11-28 17:33:59.955887: val_loss 0.8364
2025-11-28 17:33:59.958437: val classification accuracy 0.48
2025-11-28 17:33:59.960861: val auc 0.5072
2025-11-28 17:33:59.963320: Epoch time: 43.13 s
2025-11-28 17:34:01.189999: 
2025-11-28 17:34:01.193394: Epoch 140
2025-11-28 17:34:01.195904: Current learning rate: 0.00568
2025-11-28 17:34:40.214008: train_loss 0.6079
2025-11-28 17:34:40.218656: val_loss 0.7982
2025-11-28 17:34:40.221627: val classification accuracy 0.58
2025-11-28 17:34:40.224703: val auc 0.5904
2025-11-28 17:34:40.227736: Epoch time: 39.03 s
2025-11-28 17:34:40.945213: 
2025-11-28 17:34:40.949117: Epoch 141
2025-11-28 17:34:40.951839: Current learning rate: 0.00565
2025-11-28 17:35:19.413146: train_loss 0.6255
2025-11-28 17:35:19.427177: val_loss 0.9243
2025-11-28 17:35:19.430226: val classification accuracy 0.46
2025-11-28 17:35:19.433707: val auc 0.5024
2025-11-28 17:35:19.436689: Epoch time: 38.47 s
2025-11-28 17:35:20.175903: 
2025-11-28 17:35:20.179429: Epoch 142
2025-11-28 17:35:20.182028: Current learning rate: 0.00562
2025-11-28 17:35:59.678939: train_loss 0.639
2025-11-28 17:35:59.688102: val_loss 0.818
2025-11-28 17:35:59.692553: val classification accuracy 0.5
2025-11-28 17:35:59.707917: val auc 0.5592
2025-11-28 17:35:59.712175: Epoch time: 39.5 s
2025-11-28 17:36:00.431658: 
2025-11-28 17:36:00.435419: Epoch 143
2025-11-28 17:36:00.438636: Current learning rate: 0.00558
2025-11-28 17:36:38.564595: train_loss 0.6609
2025-11-28 17:36:38.576316: val_loss 0.7692
2025-11-28 17:36:38.579095: val classification accuracy 0.62
2025-11-28 17:36:38.581891: val auc 0.6304
2025-11-28 17:36:38.593787: Epoch time: 38.13 s
2025-11-28 17:36:39.355978: 
2025-11-28 17:36:39.359115: Epoch 144
2025-11-28 17:36:39.361465: Current learning rate: 0.00555
2025-11-28 17:37:16.032719: train_loss 0.6492
2025-11-28 17:37:16.037867: val_loss 0.8711
2025-11-28 17:37:16.040850: val classification accuracy 0.56
2025-11-28 17:37:16.043673: val auc 0.5544
2025-11-28 17:37:16.077462: Epoch time: 36.68 s
2025-11-28 17:37:17.236369: 
2025-11-28 17:37:17.239931: Epoch 145
2025-11-28 17:37:17.242455: Current learning rate: 0.00552
2025-11-28 17:37:56.571037: train_loss 0.6116
2025-11-28 17:37:56.588046: val_loss 0.8656
2025-11-28 17:37:56.591829: val classification accuracy 0.58
2025-11-28 17:37:56.595121: val auc 0.584
2025-11-28 17:37:56.598481: Epoch time: 39.34 s
2025-11-28 17:37:57.340476: 
2025-11-28 17:37:57.343994: Epoch 146
2025-11-28 17:37:57.346785: Current learning rate: 0.00549
2025-11-28 17:38:35.934971: train_loss 0.6007
2025-11-28 17:38:35.945735: val_loss 0.8487
2025-11-28 17:38:35.948890: val classification accuracy 0.58
2025-11-28 17:38:35.958353: val auc 0.608
2025-11-28 17:38:35.961789: Epoch time: 38.6 s
2025-11-28 17:38:36.676707: 
2025-11-28 17:38:36.680512: Epoch 147
2025-11-28 17:38:36.683378: Current learning rate: 0.00546
2025-11-28 17:39:17.733456: train_loss 0.5968
2025-11-28 17:39:17.750635: val_loss 0.961
2025-11-28 17:39:17.755844: val classification accuracy 0.44
2025-11-28 17:39:17.758666: val auc 0.5376
2025-11-28 17:39:17.761314: Epoch time: 41.06 s
2025-11-28 17:39:18.498057: 
2025-11-28 17:39:18.501951: Epoch 148
2025-11-28 17:39:18.504343: Current learning rate: 0.00542
2025-11-28 17:39:56.183236: train_loss 0.6599
2025-11-28 17:39:56.188052: val_loss 0.6826
2025-11-28 17:39:56.191090: val classification accuracy 0.64
2025-11-28 17:39:56.194060: val auc 0.6784
2025-11-28 17:39:56.204170: Epoch time: 37.69 s
2025-11-28 17:39:56.973274: 
2025-11-28 17:39:56.977042: Epoch 149
2025-11-28 17:39:56.979784: Current learning rate: 0.00539
2025-11-28 17:40:34.421702: train_loss 0.5774
2025-11-28 17:40:34.450832: val_loss 1.3578
2025-11-28 17:40:34.454855: val classification accuracy 0.44
2025-11-28 17:40:34.458524: val auc 0.3488
2025-11-28 17:40:34.463362: Epoch time: 37.45 s
2025-11-28 17:40:35.774682: 
2025-11-28 17:40:35.778176: Epoch 150
2025-11-28 17:40:35.781210: Current learning rate: 0.00536
2025-11-28 17:41:15.261940: train_loss 0.6242
2025-11-28 17:41:15.315630: val_loss 0.6914
2025-11-28 17:41:15.339663: val classification accuracy 0.62
2025-11-28 17:41:15.342686: val auc 0.7008
2025-11-28 17:41:15.359442: Epoch time: 39.49 s
2025-11-28 17:41:16.115226: 
2025-11-28 17:41:16.118882: Epoch 151
2025-11-28 17:41:16.121436: Current learning rate: 0.00533
2025-11-28 17:41:55.327669: train_loss 0.6103
2025-11-28 17:41:55.335125: val_loss 1.0298
2025-11-28 17:41:55.338044: val classification accuracy 0.52
2025-11-28 17:41:55.341106: val auc 0.4784
2025-11-28 17:41:55.344029: Epoch time: 39.21 s
2025-11-28 17:41:56.052358: 
2025-11-28 17:41:56.055999: Epoch 152
2025-11-28 17:41:56.058572: Current learning rate: 0.00529
2025-11-28 17:42:35.535955: train_loss 0.5829
2025-11-28 17:42:35.540912: val_loss 0.8555
2025-11-28 17:42:35.544067: val classification accuracy 0.58
2025-11-28 17:42:35.547064: val auc 0.624
2025-11-28 17:42:35.550141: Epoch time: 39.49 s
2025-11-28 17:42:36.262723: 
2025-11-28 17:42:36.266496: Epoch 153
2025-11-28 17:42:36.269126: Current learning rate: 0.00526
2025-11-28 17:43:13.838070: train_loss 0.5939
2025-11-28 17:43:13.843335: val_loss 1.2294
2025-11-28 17:43:13.846853: val classification accuracy 0.38
2025-11-28 17:43:13.849992: val auc 0.3968
2025-11-28 17:43:13.853285: Epoch time: 37.58 s
2025-11-28 17:43:14.591536: 
2025-11-28 17:43:14.595300: Epoch 154
2025-11-28 17:43:14.597804: Current learning rate: 0.00523
2025-11-28 17:43:54.061894: train_loss 0.6148
2025-11-28 17:43:54.066459: val_loss 0.8962
2025-11-28 17:43:54.072029: val classification accuracy 0.58
2025-11-28 17:43:54.074541: val auc 0.5688
2025-11-28 17:43:54.077059: Epoch time: 39.47 s
2025-11-28 17:43:55.309619: 
2025-11-28 17:43:55.313018: Epoch 155
2025-11-28 17:43:55.315761: Current learning rate: 0.0052
2025-11-28 17:44:32.663826: train_loss 0.5706
2025-11-28 17:44:32.700702: val_loss 1.3917
2025-11-28 17:44:32.704040: val classification accuracy 0.58
2025-11-28 17:44:32.706584: val auc 0.6344
2025-11-28 17:44:32.709193: Epoch time: 37.36 s
2025-11-28 17:44:33.410431: 
2025-11-28 17:44:33.413729: Epoch 156
2025-11-28 17:44:33.416105: Current learning rate: 0.00517
2025-11-28 17:45:11.614320: train_loss 0.5894
2025-11-28 17:45:11.619060: val_loss 0.9659
2025-11-28 17:45:11.621797: val classification accuracy 0.56
2025-11-28 17:45:11.624845: val auc 0.6408
2025-11-28 17:45:11.628332: Epoch time: 38.21 s
2025-11-28 17:45:12.360386: 
2025-11-28 17:45:12.363810: Epoch 157
2025-11-28 17:45:12.366529: Current learning rate: 0.00513
2025-11-28 17:45:52.169824: train_loss 0.6676
2025-11-28 17:45:52.174459: val_loss 0.8476
2025-11-28 17:45:52.177377: val classification accuracy 0.52
2025-11-28 17:45:52.180602: val auc 0.504
2025-11-28 17:45:52.183493: Epoch time: 39.81 s
2025-11-28 17:45:52.892546: 
2025-11-28 17:45:52.896044: Epoch 158
2025-11-28 17:45:52.898956: Current learning rate: 0.0051
2025-11-28 17:46:31.771114: train_loss 0.6384
2025-11-28 17:46:31.775784: val_loss 0.9437
2025-11-28 17:46:31.809062: val classification accuracy 0.48
2025-11-28 17:46:31.814728: val auc 0.4528
2025-11-28 17:46:31.818217: Epoch time: 38.88 s
2025-11-28 17:46:32.546726: 
2025-11-28 17:46:32.550693: Epoch 159
2025-11-28 17:46:32.553519: Current learning rate: 0.00507
2025-11-28 17:47:10.099483: train_loss 0.5539
2025-11-28 17:47:10.112288: val_loss 1.0381
2025-11-28 17:47:10.115702: val classification accuracy 0.5
2025-11-28 17:47:10.132616: val auc 0.5584
2025-11-28 17:47:10.154685: Epoch time: 37.55 s
2025-11-28 17:47:11.448127: 
2025-11-28 17:47:11.451829: Epoch 160
2025-11-28 17:47:11.454390: Current learning rate: 0.00504
2025-11-28 17:47:50.564245: train_loss 0.6336
2025-11-28 17:47:50.571025: val_loss 0.9842
2025-11-28 17:47:50.586432: val classification accuracy 0.4
2025-11-28 17:47:50.602627: val auc 0.3864
2025-11-28 17:47:50.608014: Epoch time: 39.12 s
2025-11-28 17:47:51.327037: 
2025-11-28 17:47:51.330614: Epoch 161
2025-11-28 17:47:51.333530: Current learning rate: 0.005
2025-11-28 17:48:27.182588: train_loss 0.6299
2025-11-28 17:48:27.186405: val_loss 0.9075
2025-11-28 17:48:27.190461: val classification accuracy 0.44
2025-11-28 17:48:27.193537: val auc 0.4944
2025-11-28 17:48:27.196926: Epoch time: 35.86 s
2025-11-28 17:48:27.974613: 
2025-11-28 17:48:27.978354: Epoch 162
2025-11-28 17:48:27.981065: Current learning rate: 0.00497
2025-11-28 17:49:07.234081: train_loss 0.613
2025-11-28 17:49:07.240121: val_loss 0.8944
2025-11-28 17:49:07.243369: val classification accuracy 0.56
2025-11-28 17:49:07.246377: val auc 0.592
2025-11-28 17:49:07.249609: Epoch time: 39.26 s
2025-11-28 17:49:07.984255: 
2025-11-28 17:49:07.987576: Epoch 163
2025-11-28 17:49:07.990201: Current learning rate: 0.00494
2025-11-28 17:49:46.147115: train_loss 0.6255
2025-11-28 17:49:46.178488: val_loss 0.9695
2025-11-28 17:49:46.185804: val classification accuracy 0.46
2025-11-28 17:49:46.188289: val auc 0.5584
2025-11-28 17:49:46.190990: Epoch time: 38.16 s
2025-11-28 17:49:46.918381: 
2025-11-28 17:49:46.921727: Epoch 164
2025-11-28 17:49:46.924406: Current learning rate: 0.00491
2025-11-28 17:50:26.278432: train_loss 0.6368
2025-11-28 17:50:26.283174: val_loss 1.089
2025-11-28 17:50:26.286238: val classification accuracy 0.5
2025-11-28 17:50:26.289281: val auc 0.3728
2025-11-28 17:50:26.292287: Epoch time: 39.36 s
2025-11-28 17:50:27.523076: 
2025-11-28 17:50:27.526626: Epoch 165
2025-11-28 17:50:27.529433: Current learning rate: 0.00487
2025-11-28 17:51:06.374742: train_loss 0.607
2025-11-28 17:51:06.383411: val_loss 0.7639
2025-11-28 17:51:06.418086: val classification accuracy 0.54
2025-11-28 17:51:06.420953: val auc 0.5968
2025-11-28 17:51:06.423596: Epoch time: 38.85 s
2025-11-28 17:51:07.135307: 
2025-11-28 17:51:07.138386: Epoch 166
2025-11-28 17:51:07.141035: Current learning rate: 0.00484
2025-11-28 17:51:44.698405: train_loss 0.6064
2025-11-28 17:51:44.703372: val_loss 0.9852
2025-11-28 17:51:44.706382: val classification accuracy 0.46
2025-11-28 17:51:44.709231: val auc 0.5296
2025-11-28 17:51:44.712029: Epoch time: 37.56 s
2025-11-28 17:51:45.430968: 
2025-11-28 17:51:45.434197: Epoch 167
2025-11-28 17:51:45.436553: Current learning rate: 0.00481
2025-11-28 17:52:23.516551: train_loss 0.5316
2025-11-28 17:52:23.520721: val_loss 1.322
2025-11-28 17:52:23.523909: val classification accuracy 0.46
2025-11-28 17:52:23.526928: val auc 0.5328
2025-11-28 17:52:23.529918: Epoch time: 38.09 s
2025-11-28 17:52:24.245167: 
2025-11-28 17:52:24.248451: Epoch 168
2025-11-28 17:52:24.251003: Current learning rate: 0.00478
2025-11-28 17:53:02.094150: train_loss 0.6328
2025-11-28 17:53:02.109159: val_loss 0.8888
2025-11-28 17:53:02.112485: val classification accuracy 0.46
2025-11-28 17:53:02.115631: val auc 0.5568
2025-11-28 17:53:02.123255: Epoch time: 37.85 s
2025-11-28 17:53:02.833910: 
2025-11-28 17:53:02.837120: Epoch 169
2025-11-28 17:53:02.839679: Current learning rate: 0.00474
2025-11-28 17:53:40.035917: train_loss 0.6085
2025-11-28 17:53:40.049454: val_loss 0.9768
2025-11-28 17:53:40.052508: val classification accuracy 0.58
2025-11-28 17:53:40.067248: val auc 0.6688
2025-11-28 17:53:40.070250: Epoch time: 37.2 s
2025-11-28 17:53:40.784985: 
2025-11-28 17:53:40.788415: Epoch 170
2025-11-28 17:53:40.790934: Current learning rate: 0.00471
2025-11-28 17:54:19.189645: train_loss 0.6079
2025-11-28 17:54:19.201881: val_loss 0.9441
2025-11-28 17:54:19.209195: val classification accuracy 0.54
2025-11-28 17:54:19.212234: val auc 0.5648
2025-11-28 17:54:19.215295: Epoch time: 38.41 s
2025-11-28 17:54:19.922435: 
2025-11-28 17:54:19.925795: Epoch 171
2025-11-28 17:54:19.928746: Current learning rate: 0.00468
2025-11-28 17:54:56.082080: train_loss 0.6363
2025-11-28 17:54:56.086738: val_loss 0.8024
2025-11-28 17:54:56.089908: val classification accuracy 0.5
2025-11-28 17:54:56.092850: val auc 0.6224
2025-11-28 17:54:56.095708: Epoch time: 36.16 s
2025-11-28 17:54:56.816893: 
2025-11-28 17:54:56.820472: Epoch 172
2025-11-28 17:54:56.823031: Current learning rate: 0.00465
2025-11-28 17:55:35.643285: train_loss 0.607
2025-11-28 17:55:35.648455: val_loss 1.0768
2025-11-28 17:55:35.651337: val classification accuracy 0.46
2025-11-28 17:55:35.654498: val auc 0.5648
2025-11-28 17:55:35.657306: Epoch time: 38.83 s
2025-11-28 17:55:36.393975: 
2025-11-28 17:55:36.397311: Epoch 173
2025-11-28 17:55:36.399929: Current learning rate: 0.00461
2025-11-28 17:56:13.821594: train_loss 0.6036
2025-11-28 17:56:13.870058: val_loss 0.8185
2025-11-28 17:56:13.873030: val classification accuracy 0.62
2025-11-28 17:56:13.875889: val auc 0.6256
2025-11-28 17:56:13.881047: Epoch time: 37.43 s
2025-11-28 17:56:14.587314: 
2025-11-28 17:56:14.590831: Epoch 174
2025-11-28 17:56:14.593590: Current learning rate: 0.00458
2025-11-28 17:56:51.902663: train_loss 0.6113
2025-11-28 17:56:51.919110: val_loss 0.8121
2025-11-28 17:56:51.922241: val classification accuracy 0.5
2025-11-28 17:56:51.925034: val auc 0.548
2025-11-28 17:56:51.927513: Epoch time: 37.32 s
2025-11-28 17:56:52.636075: 
2025-11-28 17:56:52.639405: Epoch 175
2025-11-28 17:56:52.641899: Current learning rate: 0.00455
2025-11-28 17:57:33.089813: train_loss 0.5656
2025-11-28 17:57:33.093910: val_loss 1.4729
2025-11-28 17:57:33.115881: val classification accuracy 0.44
2025-11-28 17:57:33.118539: val auc 0.4064
2025-11-28 17:57:33.120886: Epoch time: 40.46 s
2025-11-28 17:57:33.124546: Early stopping triggered at epoch 175. Best val_losses=0.5887
2025-11-28 17:57:33.848917: Stopping training early due to early stopping criterion.
2025-11-28 17:57:34.499602: Training done.
2025-11-28 17:57:34.617123: Using splits from existing split file: /hpf/projects/jquon/sumin/nnUNet_data/nnUNet_preprocessed/Dataset033_AVM_T1+C/splits_final.json
2025-11-28 17:57:34.621420: The split file contains 11 splits.
2025-11-28 17:57:34.624167: Desired fold for training: 0
2025-11-28 17:57:34.626556: This split has 462 training and 50 validation cases.
2025-11-28 17:57:34.634854: predicting 402_MRI_19971106_T1+C
2025-11-28 17:57:34.780438: 402_MRI_19971106_T1+C, shape torch.Size([1, 136, 406, 367]), rank 0
