Using device: cuda:0

#######################################################################
Please cite the following paper when using nnU-Net:
Isensee, F., Jaeger, P. F., Kohl, S. A., Petersen, J., & Maier-Hein, K. H. (2021). nnU-Net: a self-configuring method for deep learning-based biomedical image segmentation. Nature methods, 18(2), 203-211.
#######################################################################

2025-10-01 20:56:12.743511: Using torch.compile...
2025-10-01 20:56:25.455386: do_dummy_2d_data_aug: True
2025-10-01 20:56:25.460339: Using splits from existing split file: /hpf/projects/jquon/sumin/nnUNet_data/nnUNet_preprocessed/Dataset004_AVM_TOFMRA/splits_final.json
2025-10-01 20:56:25.466597: The split file contains 5 splits.
2025-10-01 20:56:25.468349: Desired fold for training: 1
2025-10-01 20:56:25.469935: This split has 451 training and 126 validation cases.
using pin_memory on device 0
using pin_memory on device 0

This is the configuration used by this training:
Configuration name: 3d_fullres
 {'data_identifier': 'nnUNetPlans_3d_fullres', 'preprocessor_name': 'DefaultPreprocessor', 'batch_size': 2, 'patch_size': [96, 320, 256], 'median_image_size_in_voxels': [214.0, 631.0, 585.0], 'spacing': [0.5000002384185791, 0.2916666567325592, 0.2916666567325592], 'normalization_schemes': ['ZScoreNormalization'], 'use_mask_for_norm': [False], 'resampling_fn_data': 'resample_data_or_seg_to_shape', 'resampling_fn_seg': 'resample_data_or_seg_to_shape', 'resampling_fn_data_kwargs': {'is_seg': False, 'order': 3, 'order_z': 0, 'force_separate_z': None}, 'resampling_fn_seg_kwargs': {'is_seg': True, 'order': 1, 'order_z': 0, 'force_separate_z': None}, 'resampling_fn_probabilities': 'resample_data_or_seg_to_shape', 'resampling_fn_probabilities_kwargs': {'is_seg': False, 'order': 1, 'order_z': 0, 'force_separate_z': None}, 'architecture': {'network_class_name': 'dynamic_network_architectures.architectures.unet.ResidualEncoderUNet', 'arch_kwargs': {'n_stages': 7, 'features_per_stage': [32, 64, 128, 256, 320, 320, 320], 'conv_op': 'torch.nn.modules.conv.Conv3d', 'kernel_sizes': [[3, 3, 3], [3, 3, 3], [3, 3, 3], [3, 3, 3], [3, 3, 3], [3, 3, 3], [3, 3, 3]], 'strides': [[1, 1, 1], [2, 2, 2], [2, 2, 2], [2, 2, 2], [2, 2, 2], [1, 2, 2], [1, 2, 2]], 'n_blocks_per_stage': [1, 3, 4, 6, 6, 6, 6], 'n_conv_per_stage_decoder': [1, 1, 1, 1, 1, 1], 'conv_bias': True, 'norm_op': 'torch.nn.modules.instancenorm.InstanceNorm3d', 'norm_op_kwargs': {'eps': 1e-05, 'affine': True}, 'dropout_op': None, 'dropout_op_kwargs': None, 'nonlin': 'torch.nn.LeakyReLU', 'nonlin_kwargs': {'inplace': True}}, '_kw_requires_import': ['conv_op', 'norm_op', 'dropout_op', 'nonlin']}, 'batch_dice': True} 

These are the global plan.json settings:
 {'dataset_name': 'Dataset004_AVM_TOFMRA', 'plans_name': 'nnUNetResEncUNetLPlans', 'original_median_spacing_after_transp': [0.5000002384185791, 0.2916666567325592, 0.2916666567325592], 'original_median_shape_after_transp': [204, 528, 526], 'image_reader_writer': 'SimpleITKIO', 'transpose_forward': [0, 1, 2], 'transpose_backward': [0, 1, 2], 'experiment_planner_used': 'nnUNetPlannerResEncL', 'label_manager': 'LabelManager', 'foreground_intensity_properties_per_channel': {'0': {'max': 65535.0, 'mean': 282.5630187988281, 'median': 121.0, 'min': -1.0, 'percentile_00_5': 19.0, 'percentile_99_5': 1086.5472412109375, 'std': 2724.4130859375}}} 

2025-10-01 20:56:29.978963: Unable to plot network architecture: nnUNet_compile is enabled!
2025-10-01 20:56:30.017579: 
2025-10-01 20:56:30.020908: Epoch 0
2025-10-01 20:56:30.023549: Current learning rate: 0.0001
[1;34mwandb[0m: 
[1;34mwandb[0m: 🚀 View run [33mSwinViTTrainer_ep300_fold1[0m at: [34m[0m
[1;34mwandb[0m: Find logs at: [1;35mtmp/wandb/wandb/run-20251001_205624-nexziq6f/logs[0m
